Using worker: worker-linux-docker-f3ba5be5.prod.travis-ci.org:travis-linux-13

travis_fold:start:system_info[0K[33;1mBuild system information[0m
Build language: python
Build group: stable
Build dist: precise
Build id: 163073097
Job id: 163073098
travis-build version: fd1e9a5e3
[34m[1mBuild image provisioning date and time[0m
Thu Feb  5 15:09:33 UTC 2015
[34m[1mOperating System Details[0m
Distributor ID:	Ubuntu
Description:	Ubuntu 12.04.5 LTS
Release:	12.04
Codename:	precise
[34m[1mLinux Version[0m
3.13.0-29-generic
[34m[1mCookbooks Version[0m
a68419e https://github.com/travis-ci/travis-cookbooks/tree/a68419e
[34m[1mGCC version[0m
gcc (Ubuntu/Linaro 4.6.3-1ubuntu5) 4.6.3
Copyright (C) 2011 Free Software Foundation, Inc.
This is free software; see the source for copying conditions.  There is NO
warranty; not even for MERCHANTABILITY or FITNESS FOR A PARTICULAR PURPOSE.

[34m[1mLLVM version[0m
clang version 3.4 (tags/RELEASE_34/final)
Target: x86_64-unknown-linux-gnu
Thread model: posix
[34m[1mPre-installed Ruby versions[0m
ruby-1.9.3-p551
[34m[1mPre-installed Node.js versions[0m
v0.10.36
[34m[1mPre-installed Go versions[0m
1.4.1
[34m[1mRedis version[0m
redis-server 2.8.19
[34m[1mriak version[0m
2.0.2
[34m[1mMongoDB version[0m
MongoDB 2.4.12
[34m[1mCouchDB version[0m
couchdb 1.6.1
[34m[1mNeo4j version[0m
1.9.4
[34m[1mRabbitMQ Version[0m
3.4.3
[34m[1mElasticSearch version[0m
1.4.0
[34m[1mInstalled Sphinx versions[0m
2.0.10
2.1.9
2.2.6
[34m[1mDefault Sphinx version[0m
2.2.6
[34m[1mInstalled Firefox version[0m
firefox 31.0esr
[34m[1mPhantomJS version[0m
1.9.8
[34m[1mant -version[0m
Apache Ant(TM) version 1.8.2 compiled on December 3 2011
[34m[1mmvn -version[0m
Apache Maven 3.2.5 (12a6b3acb947671f09b81f49094c53f426d8cea1; 2014-12-14T17:29:23+00:00)
Maven home: /usr/local/maven
Java version: 1.7.0_76, vendor: Oracle Corporation
Java home: /usr/lib/jvm/java-7-oracle/jre
Default locale: en_US, platform encoding: ANSI_X3.4-1968
OS name: "linux", version: "3.13.0-29-generic", arch: "amd64", family: "unix"
travis_fold:end:system_info[0K
travis_fold:start:fix.CVE-2015-7547[0K$ export DEBIAN_FRONTEND=noninteractive
W: Size of file /var/lib/apt/lists/us.archive.ubuntu.com_ubuntu_dists_precise-backports_multiverse_source_Sources.gz is not what the server reported 5886 5888
W: Size of file /var/lib/apt/lists/ppa.launchpad.net_ubuntugis_ppa_ubuntu_dists_precise_main_binary-amd64_Packages.gz is not what the server reported 33653 36677
W: Size of file /var/lib/apt/lists/ppa.launchpad.net_ubuntugis_ppa_ubuntu_dists_precise_main_binary-i386_Packages.gz is not what the server reported 33699 36733
Reading package lists...
Building dependency tree...
Reading state information...
The following extra packages will be installed:
  libc-bin libc-dev-bin libc6-dev
Suggested packages:
  glibc-doc
The following packages will be upgraded:
  libc-bin libc-dev-bin libc6 libc6-dev
4 upgraded, 0 newly installed, 0 to remove and 245 not upgraded.
Need to get 8,840 kB of archives.
After this operation, 14.3 kB disk space will be freed.
Get:1 http://us.archive.ubuntu.com/ubuntu/ precise-updates/main libc6-dev amd64 2.15-0ubuntu10.15 [2,943 kB]
Get:2 http://us.archive.ubuntu.com/ubuntu/ precise-updates/main libc-dev-bin amd64 2.15-0ubuntu10.15 [84.7 kB]
Get:3 http://us.archive.ubuntu.com/ubuntu/ precise-updates/main libc-bin amd64 2.15-0ubuntu10.15 [1,177 kB]
Get:4 http://us.archive.ubuntu.com/ubuntu/ precise-updates/main libc6 amd64 2.15-0ubuntu10.15 [4,636 kB]
Fetched 8,840 kB in 0s (33.0 MB/s)
Preconfiguring packages ...
(Reading database ... (Reading database ... 5%(Reading database ... 10%(Reading database ... 15%(Reading database ... 20%(Reading database ... 25%(Reading database ... 30%(Reading database ... 35%(Reading database ... 40%(Reading database ... 45%(Reading database ... 50%(Reading database ... 55%(Reading database ... 60%(Reading database ... 65%(Reading database ... 70%(Reading database ... 75%(Reading database ... 80%(Reading database ... 85%(Reading database ... 90%(Reading database ... 95%(Reading database ... 100%(Reading database ... 72431 files and directories currently installed.)
Preparing to replace libc6-dev 2.15-0ubuntu10.10 (using .../libc6-dev_2.15-0ubuntu10.15_amd64.deb) ...
Unpacking replacement libc6-dev ...
Preparing to replace libc-dev-bin 2.15-0ubuntu10.10 (using .../libc-dev-bin_2.15-0ubuntu10.15_amd64.deb) ...
Unpacking replacement libc-dev-bin ...
Preparing to replace libc-bin 2.15-0ubuntu10.10 (using .../libc-bin_2.15-0ubuntu10.15_amd64.deb) ...
Unpacking replacement libc-bin ...
Processing triggers for man-db ...
Setting up libc-bin (2.15-0ubuntu10.15) ...
(Reading database ... (Reading database ... 5%(Reading database ... 10%(Reading database ... 15%(Reading database ... 20%(Reading database ... 25%(Reading database ... 30%(Reading database ... 35%(Reading database ... 40%(Reading database ... 45%(Reading database ... 50%(Reading database ... 55%(Reading database ... 60%(Reading database ... 65%(Reading database ... 70%(Reading database ... 75%(Reading database ... 80%(Reading database ... 85%(Reading database ... 90%(Reading database ... 95%(Reading database ... 100%(Reading database ... 72430 files and directories currently installed.)
Preparing to replace libc6 2.15-0ubuntu10.10 (using .../libc6_2.15-0ubuntu10.15_amd64.deb) ...
Unpacking replacement libc6 ...
Setting up libc6 (2.15-0ubuntu10.15) ...
Setting up libc-dev-bin (2.15-0ubuntu10.15) ...
Setting up libc6-dev (2.15-0ubuntu10.15) ...
Processing triggers for libc-bin ...
ldconfig deferred processing now taking place
travis_fold:end:fix.CVE-2015-7547[0Ktravis_fold:start:git.checkout[0Ktravis_time:start:10baeae4[0K$ git clone --depth=50 --branch=9.0-workflow-task-sbi https://github.com/acsone/acsone-addons.git acsone/acsone-addons
Cloning into 'acsone/acsone-addons'...
remote: Counting objects: 801, done.[K
remote: Compressing objects:   0% (1/458)   [Kremote: Compressing objects:   1% (5/458)   [Kremote: Compressing objects:   2% (10/458)   [Kremote: Compressing objects:   3% (14/458)   [Kremote: Compressing objects:   4% (19/458)   [Kremote: Compressing objects:   5% (23/458)   [Kremote: Compressing objects:   6% (28/458)   [Kremote: Compressing objects:   7% (33/458)   [Kremote: Compressing objects:   8% (37/458)   [Kremote: Compressing objects:   9% (42/458)   [Kremote: Compressing objects:  10% (46/458)   [Kremote: Compressing objects:  11% (51/458)   [Kremote: Compressing objects:  12% (55/458)   [Kremote: Compressing objects:  13% (60/458)   [Kremote: Compressing objects:  14% (65/458)   [Kremote: Compressing objects:  15% (69/458)   [Kremote: Compressing objects:  16% (74/458)   [Kremote: Compressing objects:  17% (78/458)   [Kremote: Compressing objects:  18% (83/458)   [Kremote: Compressing objects:  19% (88/458)   [Kremote: Compressing objects:  20% (92/458)   [Kremote: Compressing objects:  21% (97/458)   [Kremote: Compressing objects:  22% (101/458)   [Kremote: Compressing objects:  23% (106/458)   [Kremote: Compressing objects:  24% (110/458)   [Kremote: Compressing objects:  25% (115/458)   [Kremote: Compressing objects:  26% (120/458)   [Kremote: Compressing objects:  27% (124/458)   [Kremote: Compressing objects:  28% (129/458)   [Kremote: Compressing objects:  29% (133/458)   [Kremote: Compressing objects:  30% (138/458)   [Kremote: Compressing objects:  31% (142/458)   [Kremote: Compressing objects:  32% (147/458)   [Kremote: Compressing objects:  33% (152/458)   [Kremote: Compressing objects:  34% (156/458)   [Kremote: Compressing objects:  35% (161/458)   [Kremote: Compressing objects:  36% (165/458)   [Kremote: Compressing objects:  37% (170/458)   [Kremote: Compressing objects:  38% (175/458)   [Kremote: Compressing objects:  39% (179/458)   [Kremote: Compressing objects:  40% (184/458)   [Kremote: Compressing objects:  41% (188/458)   [Kremote: Compressing objects:  42% (193/458)   [Kremote: Compressing objects:  43% (197/458)   [Kremote: Compressing objects:  44% (202/458)   [Kremote: Compressing objects:  45% (207/458)   [Kremote: Compressing objects:  46% (211/458)   [Kremote: Compressing objects:  47% (216/458)   [Kremote: Compressing objects:  48% (220/458)   [Kremote: Compressing objects:  49% (225/458)   [Kremote: Compressing objects:  50% (229/458)   [Kremote: Compressing objects:  51% (234/458)   [Kremote: Compressing objects:  52% (239/458)   [Kremote: Compressing objects:  53% (243/458)   [Kremote: Compressing objects:  54% (248/458)   [Kremote: Compressing objects:  55% (252/458)   [Kremote: Compressing objects:  56% (257/458)   [Kremote: Compressing objects:  57% (262/458)   [Kremote: Compressing objects:  58% (266/458)   [Kremote: Compressing objects:  59% (271/458)   [Kremote: Compressing objects:  60% (275/458)   [Kremote: Compressing objects:  61% (280/458)   [Kremote: Compressing objects:  62% (284/458)   [Kremote: Compressing objects:  63% (289/458)   [Kremote: Compressing objects:  64% (294/458)   [Kremote: Compressing objects:  65% (298/458)   [Kremote: Compressing objects:  66% (303/458)   [Kremote: Compressing objects:  67% (307/458)   [Kremote: Compressing objects:  68% (312/458)   [Kremote: Compressing objects:  69% (317/458)   [Kremote: Compressing objects:  70% (321/458)   [Kremote: Compressing objects:  71% (326/458)   [Kremote: Compressing objects:  72% (330/458)   [Kremote: Compressing objects:  73% (335/458)   [Kremote: Compressing objects:  74% (339/458)   [Kremote: Compressing objects:  75% (344/458)   [Kremote: Compressing objects:  76% (349/458)   [Kremote: Compressing objects:  77% (353/458)   [Kremote: Compressing objects:  78% (358/458)   [Kremote: Compressing objects:  79% (362/458)   [Kremote: Compressing objects:  80% (367/458)   [Kremote: Compressing objects:  81% (371/458)   [Kremote: Compressing objects:  82% (376/458)   [Kremote: Compressing objects:  83% (381/458)   [Kremote: Compressing objects:  84% (385/458)   [Kremote: Compressing objects:  85% (390/458)   [Kremote: Compressing objects:  86% (394/458)   [Kremote: Compressing objects:  87% (399/458)   [Kremote: Compressing objects:  88% (404/458)   [Kremote: Compressing objects:  89% (408/458)   [Kremote: Compressing objects:  90% (413/458)   [Kremote: Compressing objects:  91% (417/458)   [Kremote: Compressing objects:  92% (422/458)   [Kremote: Compressing objects:  93% (426/458)   [Kremote: Compressing objects:  94% (431/458)   [Kremote: Compressing objects:  95% (436/458)   [Kremote: Compressing objects:  96% (440/458)   [Kremote: Compressing objects:  97% (445/458)   [Kremote: Compressing objects:  98% (449/458)   [Kremote: Compressing objects:  99% (454/458)   [Kremote: Compressing objects: 100% (458/458)   [Kremote: Compressing objects: 100% (458/458), done.[K
Receiving objects:   0% (1/801)   Receiving objects:   1% (9/801)   Receiving objects:   2% (17/801)   Receiving objects:   3% (25/801)   Receiving objects:   4% (33/801)   Receiving objects:   5% (41/801)   Receiving objects:   6% (49/801)   Receiving objects:   7% (57/801)   Receiving objects:   8% (65/801)   Receiving objects:   9% (73/801)   Receiving objects:  10% (81/801)   Receiving objects:  11% (89/801)   Receiving objects:  12% (97/801)   Receiving objects:  13% (105/801)   Receiving objects:  14% (113/801)   Receiving objects:  15% (121/801)   Receiving objects:  16% (129/801)   Receiving objects:  17% (137/801)   Receiving objects:  18% (145/801)   Receiving objects:  19% (153/801)   Receiving objects:  20% (161/801)   Receiving objects:  21% (169/801)   Receiving objects:  22% (177/801)   Receiving objects:  23% (185/801)   Receiving objects:  24% (193/801)   Receiving objects:  25% (201/801)   Receiving objects:  26% (209/801)   Receiving objects:  27% (217/801)   Receiving objects:  28% (225/801)   Receiving objects:  29% (233/801)   Receiving objects:  30% (241/801)   Receiving objects:  31% (249/801)   Receiving objects:  32% (257/801)   Receiving objects:  33% (265/801)   Receiving objects:  34% (273/801)   Receiving objects:  35% (281/801)   Receiving objects:  36% (289/801)   Receiving objects:  37% (297/801)   Receiving objects:  38% (305/801)   Receiving objects:  39% (313/801)   Receiving objects:  40% (321/801)   Receiving objects:  41% (329/801)   Receiving objects:  42% (337/801)   Receiving objects:  43% (345/801)   Receiving objects:  44% (353/801)   Receiving objects:  45% (361/801)   Receiving objects:  46% (369/801)   Receiving objects:  47% (377/801)   Receiving objects:  48% (385/801)   Receiving objects:  49% (393/801)   Receiving objects:  50% (401/801)   Receiving objects:  51% (409/801)   Receiving objects:  52% (417/801)   Receiving objects:  53% (425/801)   Receiving objects:  54% (433/801)   Receiving objects:  55% (441/801)   Receiving objects:  56% (449/801)   Receiving objects:  57% (457/801)   Receiving objects:  58% (465/801)   Receiving objects:  59% (473/801)   Receiving objects:  60% (481/801)   Receiving objects:  61% (489/801)   Receiving objects:  62% (497/801)   Receiving objects:  63% (505/801)   Receiving objects:  64% (513/801)   Receiving objects:  65% (521/801)   Receiving objects:  66% (529/801)   Receiving objects:  67% (537/801)   Receiving objects:  68% (545/801)   Receiving objects:  69% (553/801)   Receiving objects:  70% (561/801)   Receiving objects:  71% (569/801)   Receiving objects:  72% (577/801)   Receiving objects:  73% (585/801)   Receiving objects:  74% (593/801)   Receiving objects:  75% (601/801)   Receiving objects:  76% (609/801)   Receiving objects:  77% (617/801)   Receiving objects:  78% (625/801)   Receiving objects:  79% (633/801)   Receiving objects:  80% (641/801)   Receiving objects:  81% (649/801)   Receiving objects:  82% (657/801)   Receiving objects:  83% (665/801)   Receiving objects:  84% (673/801)   Receiving objects:  85% (681/801)   Receiving objects:  86% (689/801)   Receiving objects:  87% (697/801)   Receiving objects:  88% (705/801)   Receiving objects:  89% (713/801)   Receiving objects:  90% (721/801)   Receiving objects:  91% (729/801)   Receiving objects:  92% (737/801)   remote: Total 801 (delta 346), reused 605 (delta 274), pack-reused 0[K
Receiving objects:  93% (745/801)   Receiving objects:  94% (753/801)   Receiving objects:  95% (761/801)   Receiving objects:  96% (769/801)   Receiving objects:  97% (777/801)   Receiving objects:  98% (785/801)   Receiving objects:  99% (793/801)   Receiving objects: 100% (801/801)   Receiving objects: 100% (801/801), 970.04 KiB | 0 bytes/s, done.
Resolving deltas:   0% (0/346)   Resolving deltas:   1% (6/346)   Resolving deltas:   3% (12/346)   Resolving deltas:  17% (61/346)   Resolving deltas:  20% (71/346)   Resolving deltas:  23% (82/346)   Resolving deltas:  25% (87/346)   Resolving deltas:  26% (91/346)   Resolving deltas:  27% (95/346)   Resolving deltas:  28% (98/346)   Resolving deltas:  30% (107/346)   Resolving deltas:  31% (108/346)   Resolving deltas:  32% (111/346)   Resolving deltas:  33% (115/346)   Resolving deltas:  35% (124/346)   Resolving deltas:  36% (125/346)   Resolving deltas:  38% (132/346)   Resolving deltas:  48% (169/346)   Resolving deltas:  50% (176/346)   Resolving deltas:  51% (178/346)   Resolving deltas:  54% (187/346)   Resolving deltas:  57% (198/346)   Resolving deltas:  58% (201/346)   Resolving deltas:  59% (205/346)   Resolving deltas:  60% (208/346)   Resolving deltas:  63% (221/346)   Resolving deltas:  65% (226/346)   Resolving deltas:  66% (231/346)   Resolving deltas:  69% (240/346)   Resolving deltas:  70% (244/346)   Resolving deltas:  71% (248/346)   Resolving deltas:  72% (250/346)   Resolving deltas:  73% (253/346)   Resolving deltas:  74% (258/346)   Resolving deltas:  75% (260/346)   Resolving deltas:  76% (263/346)   Resolving deltas:  77% (267/346)   Resolving deltas:  78% (271/346)   Resolving deltas:  79% (276/346)   Resolving deltas:  80% (277/346)   Resolving deltas:  81% (281/346)   Resolving deltas:  82% (284/346)   Resolving deltas:  84% (291/346)   Resolving deltas:  87% (302/346)   Resolving deltas:  89% (310/346)   Resolving deltas:  94% (328/346)   Resolving deltas:  97% (337/346)   Resolving deltas:  99% (345/346)   Resolving deltas: 100% (346/346)   Resolving deltas: 100% (346/346), done.
Checking connectivity... done.

travis_time:end:10baeae4:start=1474976644753463822,finish=1474976645262318369,duration=508854547[0K$ cd acsone/acsone-addons
$ git checkout -qf 121001ae5c15682ce6c3aeaae34cb88a93122423
travis_fold:end:git.checkout[0Ktravis_fold:start:apt[0K[33;1mInstalling APT Packages (BETA)[0m
$ export DEBIAN_FRONTEND=noninteractive
travis_time:start:27bb1b0c[0K$ sudo -E apt-get -yq update &>> ~/apt-get-update.log

travis_time:end:27bb1b0c:start=1474976645285801722,finish=1474976650135927757,duration=4850126035[0Ktravis_time:start:17f37214[0K$ sudo -E apt-get -yq --no-install-suggests --no-install-recommends --force-yes install expect-dev python-lxml
Reading package lists...
Building dependency tree...
Reading state information...
The following extra packages will be installed:
  expect
Suggested packages:
  python-lxml-dbg
The following NEW packages will be installed:
  expect expect-dev python-lxml
0 upgraded, 3 newly installed, 0 to remove and 245 not upgraded.
Need to get 904 kB of archives.
After this operation, 2,814 kB of additional disk space will be used.
Get:1 http://us.archive.ubuntu.com/ubuntu/ precise/main expect amd64 5.45-2 [163 kB]
Get:2 http://us.archive.ubuntu.com/ubuntu/ precise/main expect-dev amd64 5.45-2 [80.0 kB]
Get:3 http://us.archive.ubuntu.com/ubuntu/ precise-updates/main python-lxml amd64 2.3.2-1ubuntu0.2 [661 kB]
Fetched 904 kB in 0s (8,333 kB/s)
Selecting previously unselected package expect.
(Reading database ... (Reading database ... 5%(Reading database ... 10%(Reading database ... 15%(Reading database ... 20%(Reading database ... 25%(Reading database ... 30%(Reading database ... 35%(Reading database ... 40%(Reading database ... 45%(Reading database ... 50%(Reading database ... 55%(Reading database ... 60%(Reading database ... 65%(Reading database ... 70%(Reading database ... 75%(Reading database ... 80%(Reading database ... 85%(Reading database ... 90%(Reading database ... 95%(Reading database ... 100%(Reading database ... 72430 files and directories currently installed.)
Unpacking expect (from .../expect_5.45-2_amd64.deb) ...
Selecting previously unselected package expect-dev.
Unpacking expect-dev (from .../expect-dev_5.45-2_amd64.deb) ...
Selecting previously unselected package python-lxml.
Unpacking python-lxml (from .../python-lxml_2.3.2-1ubuntu0.2_amd64.deb) ...
Processing triggers for man-db ...
Setting up expect (5.45-2) ...
Setting up expect-dev (5.45-2) ...
Setting up python-lxml (2.3.2-1ubuntu0.2) ...
Processing triggers for libc-bin ...
ldconfig deferred processing now taking place

travis_time:end:17f37214:start=1474976650139616395,finish=1474976658371608348,duration=8231991953[0Ktravis_fold:end:apt[0K
[33;1mThis job is running on container-based infrastructure, which does not allow use of 'sudo', setuid and setguid executables.[0m
[33;1mIf you require sudo, add 'sudo: required' to your .travis.yml[0m
[33;1mSee https://docs.travis-ci.com/user/workers/container-based-infrastructure/ for details.[0m

[33;1mSetting environment variables from .travis.yml[0m
$ export VERSION="8.0"
$ export TESTS="0"
$ export LINT_CHECK="0"
$ export TRANSIFEX="0"
$ export LINT_CHECK="1"

travis_time:start:049f73e8[0K$ source ~/virtualenv/python2.7_with_system_site_packages/bin/activate

travis_time:end:049f73e8:start=1474976663172030432,finish=1474976663176338995,duration=4308563[0Ktravis_fold:start:cache.1[0KSetting up build cache
$ export CASHER_DIR=$HOME/.casher
travis_time:start:08597a90[0K$ Installing caching utilities

travis_time:end:08597a90:start=1474976663365493417,finish=1474976663412837872,duration=47344455[0Ktravis_time:start:00653cb0[0K
travis_time:end:00653cb0:start=1474976663417785150,finish=1474976663421245060,duration=3459910[0Ktravis_time:start:0afce540[0K[32;1mattempting to download cache archive[0m
[32;1mfetching 9.0-workflow-task-sbi/cache-linux-precise-5768c26aeb1ff64627d1a144eef03dd7199759b61a6ebc365c9be522612bc508--python-2.7.tgz[0m
[32;1mfound cache[0m

travis_time:end:0afce540:start=1474976663425247425,finish=1474976663933678820,duration=508431395[0Ktravis_fold:end:cache.1[0Ktravis_fold:start:cache.pip[0K
travis_time:start:205f2de0[0K
travis_time:end:205f2de0:start=1474976663937898521,finish=1474976663941421275,duration=3522754[0Ktravis_time:start:2ce2e54e[0K[32;1madding /home/travis/.cache/pip to cache[0m

travis_time:end:2ce2e54e:start=1474976663945798258,finish=1474976665396686324,duration=1450888066[0Ktravis_fold:end:cache.pip[0K$ python --version
Python 2.7.3
$ pip --version
pip 6.0.7 from /home/travis/virtualenv/python2.7_with_system_site_packages/local/lib/python2.7/site-packages (python 2.7)
travis_fold:start:install.1[0Ktravis_time:start:0015a2cc[0K$ pip install anybox.testing.openerp
Collecting anybox.testing.openerp
  Using cached anybox.testing.openerp-1.3.1.tar.gz
Requirement already satisfied (use --upgrade to upgrade): setuptools in /home/travis/virtualenv/python2.7_with_system_site_packages/lib/python2.7/site-packages (from anybox.testing.openerp)
Installing collected packages: anybox.testing.openerp
  Running setup.py install for anybox.testing.openerp
Successfully installed anybox.testing.openerp-1.3.1

travis_time:end:0015a2cc:start=1474976665967715961,finish=1474976667117905446,duration=1150189485[0Ktravis_fold:end:install.1[0Ktravis_fold:start:install.2[0Ktravis_time:start:15335362[0K$ git clone --depth=1 https://github.com/OCA/maintainer-quality-tools.git ${HOME}/maintainer-quality-tools
Cloning into '/home/travis/maintainer-quality-tools'...
remote: Counting objects: 107, done.[K
remote: Compressing objects:   1% (1/82)   [Kremote: Compressing objects:   2% (2/82)   [Kremote: Compressing objects:   3% (3/82)   [Kremote: Compressing objects:   4% (4/82)   [Kremote: Compressing objects:   6% (5/82)   [Kremote: Compressing objects:   7% (6/82)   [Kremote: Compressing objects:   8% (7/82)   [Kremote: Compressing objects:   9% (8/82)   [Kremote: Compressing objects:  10% (9/82)   [Kremote: Compressing objects:  12% (10/82)   [Kremote: Compressing objects:  13% (11/82)   [Kremote: Compressing objects:  14% (12/82)   [Kremote: Compressing objects:  15% (13/82)   [Kremote: Compressing objects:  17% (14/82)   [Kremote: Compressing objects:  18% (15/82)   [Kremote: Compressing objects:  19% (16/82)   [Kremote: Compressing objects:  20% (17/82)   [Kremote: Compressing objects:  21% (18/82)   [Kremote: Compressing objects:  23% (19/82)   [Kremote: Compressing objects:  24% (20/82)   [Kremote: Compressing objects:  25% (21/82)   [Kremote: Compressing objects:  26% (22/82)   [Kremote: Compressing objects:  28% (23/82)   [Kremote: Compressing objects:  29% (24/82)   [Kremote: Compressing objects:  30% (25/82)   [Kremote: Compressing objects:  31% (26/82)   [Kremote: Compressing objects:  32% (27/82)   [Kremote: Compressing objects:  34% (28/82)   [Kremote: Compressing objects:  35% (29/82)   [Kremote: Compressing objects:  36% (30/82)   [Kremote: Compressing objects:  37% (31/82)   [Kremote: Compressing objects:  39% (32/82)   [Kremote: Compressing objects:  40% (33/82)   [Kremote: Compressing objects:  41% (34/82)   [Kremote: Compressing objects:  42% (35/82)   [Kremote: Compressing objects:  43% (36/82)   [Kremote: Compressing objects:  45% (37/82)   [Kremote: Compressing objects:  46% (38/82)   [Kremote: Compressing objects:  47% (39/82)   [Kremote: Compressing objects:  48% (40/82)   [Kremote: Compressing objects:  50% (41/82)   [Kremote: Compressing objects:  51% (42/82)   [Kremote: Compressing objects:  52% (43/82)   [Kremote: Compressing objects:  53% (44/82)   [Kremote: Compressing objects:  54% (45/82)   [Kremote: Compressing objects:  56% (46/82)   [Kremote: Compressing objects:  57% (47/82)   [Kremote: Compressing objects:  58% (48/82)   [Kremote: Compressing objects:  59% (49/82)   [Kremote: Compressing objects:  60% (50/82)   [Kremote: Compressing objects:  62% (51/82)   [Kremote: Compressing objects:  63% (52/82)   [Kremote: Compressing objects:  64% (53/82)   [Kremote: Compressing objects:  65% (54/82)   [Kremote: Compressing objects:  67% (55/82)   [Kremote: Compressing objects:  68% (56/82)   [Kremote: Compressing objects:  69% (57/82)   [Kremote: Compressing objects:  70% (58/82)   [Kremote: Compressing objects:  71% (59/82)   [Kremote: Compressing objects:  73% (60/82)   [Kremote: Compressing objects:  74% (61/82)   [Kremote: Compressing objects:  75% (62/82)   [Kremote: Compressing objects:  76% (63/82)   [Kremote: Compressing objects:  78% (64/82)   [Kremote: Compressing objects:  79% (65/82)   [Kremote: Compressing objects:  80% (66/82)   [Kremote: Compressing objects:  81% (67/82)   [Kremote: Compressing objects:  82% (68/82)   [Kremote: Compressing objects:  84% (69/82)   [Kremote: Compressing objects:  85% (70/82)   [Kremote: Compressing objects:  86% (71/82)   [Kremote: Compressing objects:  87% (72/82)   [Kremote: Compressing objects:  89% (73/82)   [Kremote: Compressing objects:  90% (74/82)   [Kremote: Compressing objects:  91% (75/82)   [Kremote: Compressing objects:  92% (76/82)   [Kremote: Compressing objects:  93% (77/82)   [Kremote: Compressing objects:  95% (78/82)   [Kremote: Compressing objects:  96% (79/82)   [Kremote: Compressing objects:  97% (80/82)   [Kremote: Compressing objects:  98% (81/82)   [Kremote: Compressing objects: 100% (82/82)   [Kremote: Compressing objects: 100% (82/82), done.[K
Receiving objects:   0% (1/107)   Receiving objects:   1% (2/107)   Receiving objects:   2% (3/107)   Receiving objects:   3% (4/107)   Receiving objects:   4% (5/107)   Receiving objects:   5% (6/107)   Receiving objects:   6% (7/107)   Receiving objects:   7% (8/107)   Receiving objects:   8% (9/107)   Receiving objects:   9% (10/107)   Receiving objects:  10% (11/107)   Receiving objects:  11% (12/107)   Receiving objects:  12% (13/107)   Receiving objects:  13% (14/107)   Receiving objects:  14% (15/107)   Receiving objects:  15% (17/107)   Receiving objects:  16% (18/107)   Receiving objects:  17% (19/107)   Receiving objects:  18% (20/107)   Receiving objects:  19% (21/107)   Receiving objects:  20% (22/107)   Receiving objects:  21% (23/107)   Receiving objects:  22% (24/107)   Receiving objects:  23% (25/107)   Receiving objects:  24% (26/107)   Receiving objects:  25% (27/107)   Receiving objects:  26% (28/107)   Receiving objects:  27% (29/107)   Receiving objects:  28% (30/107)   Receiving objects:  29% (32/107)   Receiving objects:  30% (33/107)   Receiving objects:  31% (34/107)   Receiving objects:  32% (35/107)   Receiving objects:  33% (36/107)   Receiving objects:  34% (37/107)   Receiving objects:  35% (38/107)   Receiving objects:  36% (39/107)   Receiving objects:  37% (40/107)   Receiving objects:  38% (41/107)   Receiving objects:  39% (42/107)   Receiving objects:  40% (43/107)   Receiving objects:  41% (44/107)   Receiving objects:  42% (45/107)   Receiving objects:  43% (47/107)   Receiving objects:  44% (48/107)   Receiving objects:  45% (49/107)   Receiving objects:  46% (50/107)   Receiving objects:  47% (51/107)   Receiving objects:  48% (52/107)   Receiving objects:  49% (53/107)   Receiving objects:  50% (54/107)   Receiving objects:  51% (55/107)   Receiving objects:  52% (56/107)   Receiving objects:  53% (57/107)   Receiving objects:  54% (58/107)   Receiving objects:  55% (59/107)   Receiving objects:  56% (60/107)   Receiving objects:  57% (61/107)   Receiving objects:  58% (63/107)   Receiving objects:  59% (64/107)   Receiving objects:  60% (65/107)   Receiving objects:  61% (66/107)   Receiving objects:  62% (67/107)   Receiving objects:  63% (68/107)   Receiving objects:  64% (69/107)   Receiving objects:  65% (70/107)   Receiving objects:  66% (71/107)   Receiving objects:  67% (72/107)   Receiving objects:  68% (73/107)   Receiving objects:  69% (74/107)   Receiving objects:  70% (75/107)   Receiving objects:  71% (76/107)   remote: Total 107 (delta 8), reused 64 (delta 3), pack-reused 0[K
Receiving objects:  72% (78/107)   Receiving objects:  73% (79/107)   Receiving objects:  74% (80/107)   Receiving objects:  75% (81/107)   Receiving objects:  76% (82/107)   Receiving objects:  77% (83/107)   Receiving objects:  78% (84/107)   Receiving objects:  79% (85/107)   Receiving objects:  80% (86/107)   Receiving objects:  81% (87/107)   Receiving objects:  82% (88/107)   Receiving objects:  83% (89/107)   Receiving objects:  84% (90/107)   Receiving objects:  85% (91/107)   Receiving objects:  86% (93/107)   Receiving objects:  87% (94/107)   Receiving objects:  88% (95/107)   Receiving objects:  89% (96/107)   Receiving objects:  90% (97/107)   Receiving objects:  91% (98/107)   Receiving objects:  92% (99/107)   Receiving objects:  93% (100/107)   Receiving objects:  94% (101/107)   Receiving objects:  95% (102/107)   Receiving objects:  96% (103/107)   Receiving objects:  97% (104/107)   Receiving objects:  98% (105/107)   Receiving objects:  99% (106/107)   Receiving objects: 100% (107/107)   Receiving objects: 100% (107/107), 59.34 KiB | 0 bytes/s, done.
Resolving deltas:   0% (0/8)   Resolving deltas:  12% (1/8)   Resolving deltas:  50% (4/8)   Resolving deltas:  62% (5/8)   Resolving deltas:  75% (6/8)   Resolving deltas:  87% (7/8)   Resolving deltas: 100% (8/8)   Resolving deltas: 100% (8/8), done.
Checking connectivity... done.

travis_time:end:15335362:start=1474976667122261868,finish=1474976667750513248,duration=628251380[0Ktravis_fold:end:install.2[0Ktravis_fold:start:install.3[0Ktravis_time:start:00976b98[0K$ export PATH=${HOME}/maintainer-quality-tools/travis:${PATH}

travis_time:end:00976b98:start=1474976667754485281,finish=1474976667757599646,duration=3114365[0Ktravis_fold:end:install.3[0Ktravis_fold:start:install.4[0Ktravis_time:start:2aad0d11[0K$ travis_install_nightly
/tmp/pip-build-qxVuqU/pylint/pylint/test/functional/assert_on_tuple.py:4: SyntaxWarning: assertion is always true, perhaps remove parentheses?
  assert (1 == 1, 2 == 2), "no error"
/tmp/pip-build-qxVuqU/pylint/pylint/test/functional/assert_on_tuple.py:5: SyntaxWarning: assertion is always true, perhaps remove parentheses?
  assert (1 == 1, 2 == 2) # [assert-on-tuple]
/tmp/pip-build-qxVuqU/pylint/pylint/test/functional/assert_on_tuple.py:7: SyntaxWarning: assertion is always true, perhaps remove parentheses?
  assert (1 == 1, ), "no error"
/tmp/pip-build-qxVuqU/pylint/pylint/test/functional/assert_on_tuple.py:8: SyntaxWarning: assertion is always true, perhaps remove parentheses?
  assert (1 == 1, )
/tmp/pip-build-qxVuqU/pylint/pylint/test/functional/assert_on_tuple.py:9: SyntaxWarning: assertion is always true, perhaps remove parentheses?
  assert (1 == 1, 2 == 2, 3 == 5), "no error"
/tmp/pip-build-qxVuqU/pylint/pylint/test/functional/assert_on_tuple.py:11: SyntaxWarning: assertion is always true, perhaps remove parentheses?
  assert (True, 'error msg') # [assert-on-tuple]
Collecting pylint==1.4.4 (from -r /home/travis/maintainer-quality-tools/travis/pylint_odoo_requirements.txt (line 1))
  Using cached pylint-1.4.4-py2.py3-none-any.whl
Collecting pylint-plugin-utils==0.2.3 (from -r /home/travis/maintainer-quality-tools/travis/pylint_odoo_requirements.txt (line 2))
  Using cached pylint-plugin-utils-0.2.3.tar.gz
Collecting astroid==1.3.8 (from -r /home/travis/maintainer-quality-tools/travis/pylint_odoo_requirements.txt (line 3))
  Using cached astroid-1.3.8-py2.py3-none-any.whl
Collecting docutils==0.12 (from -r /home/travis/maintainer-quality-tools/travis/pylint_odoo_requirements.txt (line 4))
  Using cached docutils-0.12.tar.gz
Collecting Pygments==2.0.2 (from -r /home/travis/maintainer-quality-tools/travis/pylint_odoo_requirements.txt (line 5))
  Using cached Pygments-2.0.2-py2-none-any.whl
Collecting restructuredtext-lint==0.12.2 (from -r /home/travis/maintainer-quality-tools/travis/pylint_odoo_requirements.txt (line 6))
  Using cached restructuredtext_lint-0.12.2.zip
Collecting logilab-common>=0.53.0 (from pylint==1.4.4->-r /home/travis/maintainer-quality-tools/travis/pylint_odoo_requirements.txt (line 1))
  Using cached logilab-common-1.2.2.tar.gz
Requirement already up-to-date: six in /home/travis/virtualenv/python2.7_with_system_site_packages/lib/python2.7/site-packages (from pylint==1.4.4->-r /home/travis/maintainer-quality-tools/travis/pylint_odoo_requirements.txt (line 1))
Collecting setuptools from https://pypi.python.org/packages/8d/ae/766f375fc05b3d345b7082333da9f8b49af02d9c5680ff4eb15655fc5ae1/setuptools-27.3.0-py2.py3-none-any.whl#md5=53f779309b8d04422b4f65cd09af4a28 (from logilab-common>=0.53.0->pylint==1.4.4->-r /home/travis/maintainer-quality-tools/travis/pylint_odoo_requirements.txt (line 1))
  Using cached setuptools-27.3.0-py2.py3-none-any.whl
Installing collected packages: setuptools, logilab-common, restructuredtext-lint, Pygments, docutils, astroid, pylint-plugin-utils, pylint
  Found existing installation: setuptools 12.0.5
    Uninstalling setuptools-12.0.5:
      Successfully uninstalled setuptools-12.0.5

  Running setup.py install for logilab-common
    changing mode of build/scripts-2.7/pytest from 664 to 775
    Skipping installation of /home/travis/virtualenv/python2.7_with_system_site_packages/lib/python2.7/site-packages/logilab/__init__.py (namespace package)
    Installing /home/travis/virtualenv/python2.7_with_system_site_packages/lib/python2.7/site-packages/logilab_common-1.2.2-py2.7-nspkg.pth
    changing mode of /home/travis/virtualenv/python2.7_with_system_site_packages/bin/pytest to 775
  Running setup.py install for restructuredtext-lint
    Installing rst-lint script to /home/travis/virtualenv/python2.7_with_system_site_packages/bin
    Installing restructuredtext-lint script to /home/travis/virtualenv/python2.7_with_system_site_packages/bin

  Running setup.py install for docutils
    changing mode of build/scripts-2.7/rst2html.py from 664 to 775
    changing mode of build/scripts-2.7/rst2s5.py from 664 to 775
    changing mode of build/scripts-2.7/rst2latex.py from 664 to 775
    changing mode of build/scripts-2.7/rst2xetex.py from 664 to 775
    changing mode of build/scripts-2.7/rst2man.py from 664 to 775
    changing mode of build/scripts-2.7/rst2xml.py from 664 to 775
    changing mode of build/scripts-2.7/rst2pseudoxml.py from 664 to 775
    changing mode of build/scripts-2.7/rstpep2html.py from 664 to 775
    changing mode of build/scripts-2.7/rst2odt.py from 664 to 775
    changing mode of build/scripts-2.7/rst2odt_prepstyles.py from 664 to 775
    changing mode of /home/travis/virtualenv/python2.7_with_system_site_packages/bin/rst2html.py to 775
    changing mode of /home/travis/virtualenv/python2.7_with_system_site_packages/bin/rst2s5.py to 775
    changing mode of /home/travis/virtualenv/python2.7_with_system_site_packages/bin/rst2latex.py to 775
    changing mode of /home/travis/virtualenv/python2.7_with_system_site_packages/bin/rst2xetex.py to 775
    changing mode of /home/travis/virtualenv/python2.7_with_system_site_packages/bin/rst2man.py to 775
    changing mode of /home/travis/virtualenv/python2.7_with_system_site_packages/bin/rst2xml.py to 775
    changing mode of /home/travis/virtualenv/python2.7_with_system_site_packages/bin/rst2pseudoxml.py to 775
    changing mode of /home/travis/virtualenv/python2.7_with_system_site_packages/bin/rstpep2html.py to 775
    changing mode of /home/travis/virtualenv/python2.7_with_system_site_packages/bin/rst2odt.py to 775
    changing mode of /home/travis/virtualenv/python2.7_with_system_site_packages/bin/rst2odt_prepstyles.py to 775
  Found existing installation: astroid 1.4.8
    Uninstalling astroid-1.4.8:
      Successfully uninstalled astroid-1.4.8
  Compiling /tmp/pip-build-FXVg65/astroid/astroid/tests/testdata/python3/data/module.py ...
  
  
  Compiling /tmp/pip-build-FXVg65/astroid/astroid/tests/testdata/python3/data/module2.py ...
  
  

  Running setup.py install for pylint-plugin-utils
  Found existing installation: pylint 1.6.4
    Uninstalling pylint-1.6.4:
      Successfully uninstalled pylint-1.6.4
/tmp/pip-build-FXVg65/pylint/pylint/test/input/func_assert_2uple.py:4: SyntaxWarning: assertion is always true, perhaps remove parentheses?
  assert (1 == 1, 2 == 2), "no error"
/tmp/pip-build-FXVg65/pylint/pylint/test/input/func_assert_2uple.py:5: SyntaxWarning: assertion is always true, perhaps remove parentheses?
  assert (1 == 1, 2 == 2) #this should generate a warning
/tmp/pip-build-FXVg65/pylint/pylint/test/input/func_assert_2uple.py:7: SyntaxWarning: assertion is always true, perhaps remove parentheses?
  assert (1 == 1, ), "no error"
/tmp/pip-build-FXVg65/pylint/pylint/test/input/func_assert_2uple.py:8: SyntaxWarning: assertion is always true, perhaps remove parentheses?
  assert (1 == 1, )
/tmp/pip-build-FXVg65/pylint/pylint/test/input/func_assert_2uple.py:9: SyntaxWarning: assertion is always true, perhaps remove parentheses?
  assert (1 == 1, 2 == 2, 3 == 5), "no error"
/tmp/pip-build-FXVg65/pylint/pylint/test/input/func_assert_2uple.py:11: SyntaxWarning: assertion is always true, perhaps remove parentheses?
  assert (True, 'error msg') #this should generate a warning
  Compiling /tmp/pip-build-FXVg65/pylint/pylint/test/functional/abstract_abc_methods.py ...
  
  
  Compiling /tmp/pip-build-FXVg65/pylint/pylint/test/functional/abstract_class_instantiated_py2.py ...
  
  
  Compiling /tmp/pip-build-FXVg65/pylint/pylint/test/functional/abstract_class_instantiated_py3.py ...
  
  
  Compiling /tmp/pip-build-FXVg65/pylint/pylint/test/functional/abstract_method_py2.py ...
  
  
  Compiling /tmp/pip-build-FXVg65/pylint/pylint/test/functional/abstract_method_py3.py ...
  
  
  Compiling /tmp/pip-build-FXVg65/pylint/pylint/test/functional/class_members_py27.py ...
  
  
  Compiling /tmp/pip-build-FXVg65/pylint/pylint/test/functional/class_members_py30.py ...
  
  
  Compiling /tmp/pip-build-FXVg65/pylint/pylint/test/functional/no_name_in_module.py ...
  
  
  Compiling /tmp/pip-build-FXVg65/pylint/pylint/test/functional/old_style_class_py27.py ...
  
  
  Compiling /tmp/pip-build-FXVg65/pylint/pylint/test/functional/raising_non_exception_py3.py ...
  
  
  Compiling /tmp/pip-build-FXVg65/pylint/pylint/test/functional/unbalanced_tuple_unpacking_py30.py ...
  
  
  Compiling /tmp/pip-build-FXVg65/pylint/pylint/test/functional/undefined_variable_py30.py ...
  
  
  Compiling /tmp/pip-build-FXVg65/pylint/pylint/test/functional/yield_outside_func.py ...
  
  
  Compiling /tmp/pip-build-FXVg65/pylint/pylint/test/input/func_bad_exception_context_py30.py ...
  
  
  Compiling /tmp/pip-build-FXVg65/pylint/pylint/test/input/func_continue_not_in_loop.py ...
  
  
  Compiling /tmp/pip-build-FXVg65/pylint/pylint/test/input/func_e0108.py ...
  
  
  Compiling /tmp/pip-build-FXVg65/pylint/pylint/test/input/func_exec_used_py30.py ...
  
  
  Compiling /tmp/pip-build-FXVg65/pylint/pylint/test/input/func_keyword_repeat.py ...
  
  
  Compiling /tmp/pip-build-FXVg65/pylint/pylint/test/input/func_kwoa_py30.py ...
  
  
  Compiling /tmp/pip-build-FXVg65/pylint/pylint/test/input/func_noerror_mcs_attr_access.py ...
  
  
  Compiling /tmp/pip-build-FXVg65/pylint/pylint/test/input/func_noerror_unused_variable_py30.py ...
  
  
  Compiling /tmp/pip-build-FXVg65/pylint/pylint/test/input/func_return_outside_func.py ...
  
  
  Compiling /tmp/pip-build-FXVg65/pylint/pylint/test/input/func_return_yield_mix_py_33.py ...
  
  
  Compiling /tmp/pip-build-FXVg65/pylint/pylint/test/input/func_syntax_error.py ...
  
  
  Compiling /tmp/pip-build-FXVg65/pylint/pylint/test/input/func_undefined_metaclass_var_py30.py ...
  
  
  Compiling /tmp/pip-build-FXVg65/pylint/pylint/test/input/func_unused_import_py30.py ...
  
  
  Compiling /tmp/pip-build-FXVg65/pylint/pylint/test/input/func_used_before_assignment_py30.py ...
  
  
  Compiling /tmp/pip-build-FXVg65/pylint/pylint/test/input/func_w0705.py ...
  
  
  Compiling /tmp/pip-build-FXVg65/pylint/pylint/test/input/syntax_error.py ...
  Sorry: IndentationError: ('expected an indented block', ('/tmp/pip-build-FXVg65/pylint/pylint/test/input/syntax_error.py', 2, 5, "print('hop')\n"))

Successfully installed Pygments-2.0.2 astroid-1.3.8 docutils-0.12 logilab-common-1.2.2 pylint-1.4.4 pylint-plugin-utils-0.2.3 restructuredtext-lint-0.12.2 setuptools-27.3.0
Collecting git+https://github.com/OCA/pylint-odoo.git
  Cloning https://github.com/OCA/pylint-odoo.git to /tmp/pip-SZbv_T-build
    Installed /tmp/pip-SZbv_T-build/.eggs/pbr-1.10.0-py2.7.egg
    [pbr] Generating ChangeLog
    [pbr] Processing SOURCES.txt
    warning: LocalManifestMaker: standard file '-c' not found
    [pbr] In git context, generating filelist from git
    Error in atexit._run_exitfuncs:
    Traceback (most recent call last):
      File "/usr/lib/python2.7/atexit.py", line 24, in _run_exitfuncs
        func(*targs, **kargs)
      File "/usr/lib/python2.7/multiprocessing/util.py", line 284, in _exit_function
        info('process shutting down')
    TypeError: 'NoneType' object is not callable
    Error in sys.exitfunc:
    Traceback (most recent call last):
      File "/usr/lib/python2.7/atexit.py", line 24, in _run_exitfuncs
        func(*targs, **kargs)
      File "/usr/lib/python2.7/multiprocessing/util.py", line 284, in _exit_function
        info('process shutting down')
    TypeError: 'NoneType' object is not callable
Installing collected packages: pylint-odoo
  Running setup.py install for pylint-odoo
    [pbr] Writing ChangeLog
    [pbr] Generating ChangeLog
    [pbr] ChangeLog complete (0.0s)
    [pbr] Generating AUTHORS
    [pbr] AUTHORS complete (0.0s)
    [pbr] Processing SOURCES.txt
    warning: LocalManifestMaker: standard file '-c' not found
    [pbr] In git context, generating filelist from git
Successfully installed pylint-odoo-1.3.4
-[0G\[0G-[0G\[0G|[0G/[0G-[0G-[0G\[0G|[0G/[0G-[0G\[0G|[0G-[0G\[0G|[0G/[0G/home/travis/.nvm/v0.10.36/bin/jshint -> /home/travis/.nvm/v0.10.36/lib/node_modules/jshint/bin/jshint
jshint@2.9.3 /home/travis/.nvm/v0.10.36/lib/node_modules/jshint
â”œâ”€â”€ strip-json-comments@1.0.4
â”œâ”€â”€ exit@0.1.2
â”œâ”€â”€ shelljs@0.3.0
â”œâ”€â”€ console-browserify@1.1.0 (date-now@0.1.4)
â”œâ”€â”€ minimatch@3.0.3 (brace-expansion@1.1.6)
â”œâ”€â”€ cli@1.0.0 (glob@7.1.0)
â”œâ”€â”€ htmlparser2@3.8.3 (domelementtype@1.3.0, entities@1.0.0, domhandler@2.3.0, readable-stream@1.1.14, domutils@1.5.1)
â””â”€â”€ lodash@3.7.0
[2K
travis_time:end:2aad0d11:start=1474976667761549510,finish=1474976686275904945,duration=18514355435[0Ktravis_fold:end:install.4[0Ktravis_time:start:01b3d18e[0K$ travis_run_tests
======== Testing test_flake8 ========
======== Testing test_pylint ========
[1;32m[0;m
[1;32mNext checks are still in beta they won't affect your build status for now: [0;m
[1;32mapi-one-deprecated, api-one-multi-together, attribute-deprecated, class-camelcase, consider-merging-classes-inherited, copy-wo-api-one, create-user-wo-reset-password, dangerous-filter-wo-user, dangerous-view-replace-wo-priority, deprecated-module, duplicate-id-csv, duplicate-xml-fields, duplicate-xml-record-id, file-not-used, incoherent-interpreter-exec-perm, invalid-commit, javascript-lint, manifest-author-string, manifest-deprecated-key, manifest-required-author, manifest-required-key, method-compute, method-inverse, method-required-super, method-search, missing-newline-extrafiles, missing-readme, no-utf8-coding-comment, odoo-addons-relative-import, old-api7-method-defined, openerp-exception-warning, redundant-modulename-xml, rst-syntax-error, sql-injection, too-complex, translation-field, translation-required, use-vim-comment, wrong-tabs-instead-of-spaces, xml-syntax-error[0;m

+=======================================
|  Tests summary:
|---------------------------------------
| test_flake8                 [1;32mSuccess[0;m
| test_pylint                 [1;32mSuccess[0;m
+=======================================

travis_time:end:01b3d18e:start=1474976686280061316,finish=1474976688249599716,duration=1969538400[0K
[32;1mThe command "travis_run_tests" exited with 0.[0m
travis_fold:start:cache.2[0Kstore build cache
travis_time:start:0dd9e821[0K
travis_time:end:0dd9e821:start=1474976688254561579,finish=1474976688258469389,duration=3907810[0Ktravis_time:start:09d249ee[0K[32;1mchange detected (content changed, file is created, or file is deleted):
/home/travis/.cache/pip/log/debug.log

[0m
[32;1mchanges detected, packing new archive[0m
[32;1muploading archive[0m

travis_time:end:09d249ee:start=1474976688262696282,finish=1474976690126517905,duration=1863821623[0Ktravis_fold:end:cache.2[0Ktravis_fold:start:after_success[0Ktravis_time:start:1d9526f8[0K$ travis_after_tests_success
Traceback (most recent call last):
  File "/home/travis/maintainer-quality-tools/travis/travis_after_tests_success", line 5, in <module>
    from coverage.cmdline import main as coverage_main
ImportError: No module named coverage.cmdline

travis_time:end:1d9526f8:start=1474976690130420833,finish=1474976690147168028,duration=16747195[0Ktravis_fold:end:after_success[0K
Done. Your build exited with 0.
