Using worker: worker-linux-docker-b45c5532.prod.travis-ci.org:travis-linux-12

travis_fold:start:system_info[0K[33;1mBuild system information[0m
Build language: python
Build group: stable
Build dist: precise
Build id: 148018987
Job id: 148018988
travis-build version: b60e2713d
[34m[1mBuild image provisioning date and time[0m
Thu Feb  5 15:09:33 UTC 2015
[34m[1mOperating System Details[0m
Distributor ID:	Ubuntu
Description:	Ubuntu 12.04.5 LTS
Release:	12.04
Codename:	precise
[34m[1mLinux Version[0m
3.13.0-29-generic
[34m[1mCookbooks Version[0m
a68419e https://github.com/travis-ci/travis-cookbooks/tree/a68419e
[34m[1mGCC version[0m
gcc (Ubuntu/Linaro 4.6.3-1ubuntu5) 4.6.3
Copyright (C) 2011 Free Software Foundation, Inc.
This is free software; see the source for copying conditions.  There is NO
warranty; not even for MERCHANTABILITY or FITNESS FOR A PARTICULAR PURPOSE.

[34m[1mLLVM version[0m
clang version 3.4 (tags/RELEASE_34/final)
Target: x86_64-unknown-linux-gnu
Thread model: posix
[34m[1mPre-installed Ruby versions[0m
ruby-1.9.3-p551
[34m[1mPre-installed Node.js versions[0m
v0.10.36
[34m[1mPre-installed Go versions[0m
1.4.1
[34m[1mRedis version[0m
redis-server 2.8.19
[34m[1mriak version[0m
2.0.2
[34m[1mMongoDB version[0m
MongoDB 2.4.12
[34m[1mCouchDB version[0m
couchdb 1.6.1
[34m[1mNeo4j version[0m
1.9.4
[34m[1mRabbitMQ Version[0m
3.4.3
[34m[1mElasticSearch version[0m
1.4.0
[34m[1mInstalled Sphinx versions[0m
2.0.10
2.1.9
2.2.6
[34m[1mDefault Sphinx version[0m
2.2.6
[34m[1mInstalled Firefox version[0m
firefox 31.0esr
[34m[1mPhantomJS version[0m
1.9.8
[34m[1mant -version[0m
Apache Ant(TM) version 1.8.2 compiled on December 3 2011
[34m[1mmvn -version[0m
Apache Maven 3.2.5 (12a6b3acb947671f09b81f49094c53f426d8cea1; 2014-12-14T17:29:23+00:00)
Maven home: /usr/local/maven
Java version: 1.7.0_76, vendor: Oracle Corporation
Java home: /usr/lib/jvm/java-7-oracle/jre
Default locale: en_US, platform encoding: ANSI_X3.4-1968
OS name: "linux", version: "3.13.0-29-generic", arch: "amd64", family: "unix"
travis_fold:end:system_info[0K
travis_fold:start:fix.CVE-2015-7547[0K$ export DEBIAN_FRONTEND=noninteractive
W: Size of file /var/lib/apt/lists/us.archive.ubuntu.com_ubuntu_dists_precise-backports_multiverse_source_Sources.gz is not what the server reported 5886 5888
W: Size of file /var/lib/apt/lists/ppa.launchpad.net_ubuntugis_ppa_ubuntu_dists_precise_main_binary-amd64_Packages.gz is not what the server reported 36669 36677
W: Size of file /var/lib/apt/lists/ppa.launchpad.net_ubuntugis_ppa_ubuntu_dists_precise_main_binary-i386_Packages.gz is not what the server reported 36729 36733
Reading package lists...
Building dependency tree...
Reading state information...
The following extra packages will be installed:
  libc-bin libc-dev-bin libc6-dev
Suggested packages:
  glibc-doc
The following packages will be upgraded:
  libc-bin libc-dev-bin libc6 libc6-dev
4 upgraded, 0 newly installed, 0 to remove and 239 not upgraded.
Need to get 8,840 kB of archives.
After this operation, 14.3 kB disk space will be freed.
Get:1 http://us.archive.ubuntu.com/ubuntu/ precise-updates/main libc6-dev amd64 2.15-0ubuntu10.15 [2,943 kB]
Get:2 http://us.archive.ubuntu.com/ubuntu/ precise-updates/main libc-dev-bin amd64 2.15-0ubuntu10.15 [84.7 kB]
Get:3 http://us.archive.ubuntu.com/ubuntu/ precise-updates/main libc-bin amd64 2.15-0ubuntu10.15 [1,177 kB]
Get:4 http://us.archive.ubuntu.com/ubuntu/ precise-updates/main libc6 amd64 2.15-0ubuntu10.15 [4,636 kB]
Fetched 8,840 kB in 1s (7,348 kB/s)
Preconfiguring packages ...
(Reading database ... (Reading database ... 5%(Reading database ... 10%(Reading database ... 15%(Reading database ... 20%(Reading database ... 25%(Reading database ... 30%(Reading database ... 35%(Reading database ... 40%(Reading database ... 45%(Reading database ... 50%(Reading database ... 55%(Reading database ... 60%(Reading database ... 65%(Reading database ... 70%(Reading database ... 75%(Reading database ... 80%(Reading database ... 85%(Reading database ... 90%(Reading database ... 95%(Reading database ... 100%(Reading database ... 72431 files and directories currently installed.)
Preparing to replace libc6-dev 2.15-0ubuntu10.10 (using .../libc6-dev_2.15-0ubuntu10.15_amd64.deb) ...
Unpacking replacement libc6-dev ...
Preparing to replace libc-dev-bin 2.15-0ubuntu10.10 (using .../libc-dev-bin_2.15-0ubuntu10.15_amd64.deb) ...
Unpacking replacement libc-dev-bin ...
Preparing to replace libc-bin 2.15-0ubuntu10.10 (using .../libc-bin_2.15-0ubuntu10.15_amd64.deb) ...
Unpacking replacement libc-bin ...
Processing triggers for man-db ...
Setting up libc-bin (2.15-0ubuntu10.15) ...
(Reading database ... (Reading database ... 5%(Reading database ... 10%(Reading database ... 15%(Reading database ... 20%(Reading database ... 25%(Reading database ... 30%(Reading database ... 35%(Reading database ... 40%(Reading database ... 45%(Reading database ... 50%(Reading database ... 55%(Reading database ... 60%(Reading database ... 65%(Reading database ... 70%(Reading database ... 75%(Reading database ... 80%(Reading database ... 85%(Reading database ... 90%(Reading database ... 95%(Reading database ... 100%(Reading database ... 72430 files and directories currently installed.)
Preparing to replace libc6 2.15-0ubuntu10.10 (using .../libc6_2.15-0ubuntu10.15_amd64.deb) ...
Unpacking replacement libc6 ...
Setting up libc6 (2.15-0ubuntu10.15) ...
Setting up libc-dev-bin (2.15-0ubuntu10.15) ...
Setting up libc6-dev (2.15-0ubuntu10.15) ...
Processing triggers for libc-bin ...
ldconfig deferred processing now taking place
travis_fold:end:fix.CVE-2015-7547[0Ktravis_fold:start:git.checkout[0Ktravis_time:start:05fe1448[0K$ git clone --depth=50 --branch=9.0-brb_master https://github.com/acsone/acsone-addons.git acsone/acsone-addons
Cloning into 'acsone/acsone-addons'...
remote: Counting objects: 790, done.[K
remote: Compressing objects:   0% (1/452)   [Kremote: Compressing objects:   1% (5/452)   [Kremote: Compressing objects:   2% (10/452)   [Kremote: Compressing objects:   3% (14/452)   [Kremote: Compressing objects:   4% (19/452)   [Kremote: Compressing objects:   5% (23/452)   [Kremote: Compressing objects:   6% (28/452)   [Kremote: Compressing objects:   7% (32/452)   [Kremote: Compressing objects:   8% (37/452)   [Kremote: Compressing objects:   9% (41/452)   [Kremote: Compressing objects:  10% (46/452)   [Kremote: Compressing objects:  11% (50/452)   [Kremote: Compressing objects:  12% (55/452)   [Kremote: Compressing objects:  13% (59/452)   [Kremote: Compressing objects:  14% (64/452)   [Kremote: Compressing objects:  15% (68/452)   [Kremote: Compressing objects:  16% (73/452)   [Kremote: Compressing objects:  17% (77/452)   [Kremote: Compressing objects:  18% (82/452)   [Kremote: Compressing objects:  19% (86/452)   [Kremote: Compressing objects:  20% (91/452)   [Kremote: Compressing objects:  21% (95/452)   [Kremote: Compressing objects:  22% (100/452)   [Kremote: Compressing objects:  23% (104/452)   [Kremote: Compressing objects:  24% (109/452)   [Kremote: Compressing objects:  25% (113/452)   [Kremote: Compressing objects:  26% (118/452)   [Kremote: Compressing objects:  27% (123/452)   [Kremote: Compressing objects:  28% (127/452)   [Kremote: Compressing objects:  29% (132/452)   [Kremote: Compressing objects:  30% (136/452)   [Kremote: Compressing objects:  31% (141/452)   [Kremote: Compressing objects:  32% (145/452)   [Kremote: Compressing objects:  33% (150/452)   [Kremote: Compressing objects:  34% (154/452)   [Kremote: Compressing objects:  35% (159/452)   [Kremote: Compressing objects:  36% (163/452)   [Kremote: Compressing objects:  37% (168/452)   [Kremote: Compressing objects:  38% (172/452)   [Kremote: Compressing objects:  39% (177/452)   [Kremote: Compressing objects:  40% (181/452)   [Kremote: Compressing objects:  41% (186/452)   [Kremote: Compressing objects:  42% (190/452)   [Kremote: Compressing objects:  43% (195/452)   [Kremote: Compressing objects:  44% (199/452)   [Kremote: Compressing objects:  45% (204/452)   [Kremote: Compressing objects:  46% (208/452)   [Kremote: Compressing objects:  47% (213/452)   [Kremote: Compressing objects:  48% (217/452)   [Kremote: Compressing objects:  49% (222/452)   [Kremote: Compressing objects:  50% (226/452)   [Kremote: Compressing objects:  51% (231/452)   [Kremote: Compressing objects:  52% (236/452)   [Kremote: Compressing objects:  53% (240/452)   [Kremote: Compressing objects:  54% (245/452)   [Kremote: Compressing objects:  55% (249/452)   [Kremote: Compressing objects:  56% (254/452)   [Kremote: Compressing objects:  57% (258/452)   [Kremote: Compressing objects:  58% (263/452)   [Kremote: Compressing objects:  59% (267/452)   [Kremote: Compressing objects:  60% (272/452)   [Kremote: Compressing objects:  61% (276/452)   [Kremote: Compressing objects:  62% (281/452)   [Kremote: Compressing objects:  63% (285/452)   [Kremote: Compressing objects:  64% (290/452)   [Kremote: Compressing objects:  65% (294/452)   [Kremote: Compressing objects:  66% (299/452)   [Kremote: Compressing objects:  67% (303/452)   [Kremote: Compressing objects:  68% (308/452)   [Kremote: Compressing objects:  69% (312/452)   [Kremote: Compressing objects:  70% (317/452)   [Kremote: Compressing objects:  71% (321/452)   [Kremote: Compressing objects:  72% (326/452)   [Kremote: Compressing objects:  73% (330/452)   [Kremote: Compressing objects:  74% (335/452)   [Kremote: Compressing objects:  75% (339/452)   [Kremote: Compressing objects:  76% (344/452)   [Kremote: Compressing objects:  77% (349/452)   [Kremote: Compressing objects:  78% (353/452)   [Kremote: Compressing objects:  79% (358/452)   [Kremote: Compressing objects:  80% (362/452)   [Kremote: Compressing objects:  81% (367/452)   [Kremote: Compressing objects:  82% (371/452)   [Kremote: Compressing objects:  83% (376/452)   [Kremote: Compressing objects:  84% (380/452)   [Kremote: Compressing objects:  85% (385/452)   [Kremote: Compressing objects:  86% (389/452)   [Kremote: Compressing objects:  87% (394/452)   [Kremote: Compressing objects:  88% (398/452)   [Kremote: Compressing objects:  89% (403/452)   [Kremote: Compressing objects:  90% (407/452)   [Kremote: Compressing objects:  91% (412/452)   [Kremote: Compressing objects:  92% (416/452)   [Kremote: Compressing objects:  93% (421/452)   [Kremote: Compressing objects:  94% (425/452)   [Kremote: Compressing objects:  95% (430/452)   [Kremote: Compressing objects:  96% (434/452)   [Kremote: Compressing objects:  97% (439/452)   [Kremote: Compressing objects:  98% (443/452)   [Kremote: Compressing objects:  99% (448/452)   [Kremote: Compressing objects: 100% (452/452)   [Kremote: Compressing objects: 100% (452/452), done.[K
Receiving objects:   0% (1/790)   Receiving objects:   1% (8/790)   Receiving objects:   2% (16/790)   Receiving objects:   3% (24/790)   Receiving objects:   4% (32/790)   Receiving objects:   5% (40/790)   Receiving objects:   6% (48/790)   Receiving objects:   7% (56/790)   Receiving objects:   8% (64/790)   Receiving objects:   9% (72/790)   Receiving objects:  10% (79/790)   Receiving objects:  11% (87/790)   Receiving objects:  12% (95/790)   Receiving objects:  13% (103/790)   Receiving objects:  14% (111/790)   Receiving objects:  15% (119/790)   Receiving objects:  16% (127/790)   Receiving objects:  17% (135/790)   Receiving objects:  18% (143/790)   Receiving objects:  19% (151/790)   Receiving objects:  20% (158/790)   Receiving objects:  21% (166/790)   Receiving objects:  22% (174/790)   Receiving objects:  23% (182/790)   Receiving objects:  24% (190/790)   Receiving objects:  25% (198/790)   Receiving objects:  26% (206/790)   Receiving objects:  27% (214/790)   Receiving objects:  28% (222/790)   Receiving objects:  29% (230/790)   Receiving objects:  30% (237/790)   Receiving objects:  31% (245/790)   Receiving objects:  32% (253/790)   Receiving objects:  33% (261/790)   Receiving objects:  34% (269/790)   Receiving objects:  35% (277/790)   Receiving objects:  36% (285/790)   Receiving objects:  37% (293/790)   Receiving objects:  38% (301/790)   Receiving objects:  39% (309/790)   Receiving objects:  40% (316/790)   Receiving objects:  41% (324/790)   Receiving objects:  42% (332/790)   Receiving objects:  43% (340/790)   Receiving objects:  44% (348/790)   Receiving objects:  45% (356/790)   Receiving objects:  46% (364/790)   Receiving objects:  47% (372/790)   Receiving objects:  48% (380/790)   Receiving objects:  49% (388/790)   Receiving objects:  50% (395/790)   Receiving objects:  51% (403/790)   Receiving objects:  52% (411/790)   Receiving objects:  53% (419/790)   Receiving objects:  54% (427/790)   Receiving objects:  55% (435/790)   Receiving objects:  56% (443/790)   Receiving objects:  57% (451/790)   Receiving objects:  58% (459/790)   Receiving objects:  59% (467/790)   Receiving objects:  60% (474/790)   Receiving objects:  61% (482/790)   Receiving objects:  62% (490/790)   Receiving objects:  63% (498/790)   Receiving objects:  64% (506/790)   Receiving objects:  65% (514/790)   Receiving objects:  66% (522/790)   Receiving objects:  67% (530/790)   Receiving objects:  68% (538/790)   Receiving objects:  69% (546/790)   Receiving objects:  70% (553/790)   Receiving objects:  71% (561/790)   Receiving objects:  72% (569/790)   Receiving objects:  73% (577/790)   Receiving objects:  74% (585/790)   Receiving objects:  75% (593/790)   Receiving objects:  76% (601/790)   Receiving objects:  77% (609/790)   Receiving objects:  78% (617/790)   Receiving objects:  79% (625/790)   Receiving objects:  80% (632/790)   Receiving objects:  81% (640/790)   Receiving objects:  82% (648/790)   Receiving objects:  83% (656/790)   Receiving objects:  84% (664/790)   Receiving objects:  85% (672/790)   remote: Total 790 (delta 348), reused 591 (delta 269), pack-reused 0[K
Receiving objects:  86% (680/790)   Receiving objects:  87% (688/790)   Receiving objects:  88% (696/790)   Receiving objects:  89% (704/790)   Receiving objects:  90% (711/790)   Receiving objects:  91% (719/790)   Receiving objects:  92% (727/790)   Receiving objects:  93% (735/790)   Receiving objects:  94% (743/790)   Receiving objects:  95% (751/790)   Receiving objects:  96% (759/790)   Receiving objects:  97% (767/790)   Receiving objects:  98% (775/790)   Receiving objects:  99% (783/790)   Receiving objects: 100% (790/790)   Receiving objects: 100% (790/790), 969.56 KiB | 0 bytes/s, done.
Resolving deltas:   0% (0/348)   Resolving deltas:  14% (49/348)   Resolving deltas:  16% (59/348)   Resolving deltas:  17% (60/348)   Resolving deltas:  23% (82/348)   Resolving deltas:  24% (84/348)   Resolving deltas:  25% (90/348)   Resolving deltas:  26% (91/348)   Resolving deltas:  35% (123/348)   Resolving deltas:  38% (134/348)   Resolving deltas:  39% (136/348)   Resolving deltas:  41% (145/348)   Resolving deltas:  42% (148/348)   Resolving deltas:  43% (152/348)   Resolving deltas:  44% (155/348)   Resolving deltas:  48% (168/348)   Resolving deltas:  49% (173/348)   Resolving deltas:  51% (178/348)   Resolving deltas:  53% (187/348)   Resolving deltas:  54% (188/348)   Resolving deltas:  56% (195/348)   Resolving deltas:  57% (200/348)   Resolving deltas:  58% (202/348)   Resolving deltas:  59% (206/348)   Resolving deltas:  60% (209/348)   Resolving deltas:  61% (213/348)   Resolving deltas:  62% (218/348)   Resolving deltas:  63% (220/348)   Resolving deltas:  64% (223/348)   Resolving deltas:  65% (227/348)   Resolving deltas:  66% (231/348)   Resolving deltas:  67% (236/348)   Resolving deltas:  68% (239/348)   Resolving deltas:  69% (241/348)   Resolving deltas:  70% (246/348)   Resolving deltas:  73% (256/348)   Resolving deltas:  76% (266/348)   Resolving deltas:  78% (274/348)   Resolving deltas:  80% (280/348)   Resolving deltas:  82% (288/348)   Resolving deltas:  88% (309/348)   Resolving deltas:  90% (316/348)   Resolving deltas:  92% (321/348)   Resolving deltas:  93% (325/348)   Resolving deltas:  94% (329/348)   Resolving deltas:  95% (331/348)   Resolving deltas:  97% (339/348)   Resolving deltas:  98% (343/348)   Resolving deltas:  99% (346/348)   Resolving deltas: 100% (348/348)   Resolving deltas: 100% (348/348), done.
Checking connectivity... done.

travis_time:end:05fe1448:start=1469708587397873394,finish=1469708588635300297,duration=1237426903[0K$ cd acsone/acsone-addons
$ git checkout -qf b8bf03a7ec3be325ad587bab8d71bdcf37508e4f
travis_fold:end:git.checkout[0Ktravis_fold:start:apt[0K[33;1mInstalling APT Packages (BETA)[0m
$ export DEBIAN_FRONTEND=noninteractive
travis_time:start:216d37c0[0K$ sudo -E apt-get -yq update &>> ~/apt-get-update.log

travis_time:end:216d37c0:start=1469708588659503385,finish=1469708593434770201,duration=4775266816[0Ktravis_time:start:19c80bc4[0K$ sudo -E apt-get -yq --no-install-suggests --no-install-recommends --force-yes install expect-dev python-lxml
Reading package lists...
Building dependency tree...
Reading state information...
The following extra packages will be installed:
  expect
Suggested packages:
  python-lxml-dbg
The following NEW packages will be installed:
  expect expect-dev python-lxml
0 upgraded, 3 newly installed, 0 to remove and 239 not upgraded.
Need to get 904 kB of archives.
After this operation, 2,814 kB of additional disk space will be used.
Get:1 http://us.archive.ubuntu.com/ubuntu/ precise/main expect amd64 5.45-2 [163 kB]
Get:2 http://us.archive.ubuntu.com/ubuntu/ precise/main expect-dev amd64 5.45-2 [80.0 kB]
Get:3 http://us.archive.ubuntu.com/ubuntu/ precise-updates/main python-lxml amd64 2.3.2-1ubuntu0.2 [661 kB]
Fetched 904 kB in 0s (8,039 kB/s)
Selecting previously unselected package expect.
(Reading database ... (Reading database ... 5%(Reading database ... 10%(Reading database ... 15%(Reading database ... 20%(Reading database ... 25%(Reading database ... 30%(Reading database ... 35%(Reading database ... 40%(Reading database ... 45%(Reading database ... 50%(Reading database ... 55%(Reading database ... 60%(Reading database ... 65%(Reading database ... 70%(Reading database ... 75%(Reading database ... 80%(Reading database ... 85%(Reading database ... 90%(Reading database ... 95%(Reading database ... 100%(Reading database ... 72430 files and directories currently installed.)
Unpacking expect (from .../expect_5.45-2_amd64.deb) ...
Selecting previously unselected package expect-dev.
Unpacking expect-dev (from .../expect-dev_5.45-2_amd64.deb) ...
Selecting previously unselected package python-lxml.
Unpacking python-lxml (from .../python-lxml_2.3.2-1ubuntu0.2_amd64.deb) ...
Processing triggers for man-db ...
Setting up expect (5.45-2) ...
Setting up expect-dev (5.45-2) ...
Setting up python-lxml (2.3.2-1ubuntu0.2) ...
Processing triggers for libc-bin ...
ldconfig deferred processing now taking place

travis_time:end:19c80bc4:start=1469708593439018075,finish=1469708601415463425,duration=7976445350[0Ktravis_fold:end:apt[0K
[33;1mThis job is running on container-based infrastructure, which does not allow use of 'sudo', setuid and setguid executables.[0m
[33;1mIf you require sudo, add 'sudo: required' to your .travis.yml[0m
[33;1mSee https://docs.travis-ci.com/user/workers/container-based-infrastructure/ for details.[0m

[33;1mSetting environment variables from .travis.yml[0m
$ export VERSION="8.0"
$ export TESTS="0"
$ export LINT_CHECK="0"
$ export TRANSIFEX="0"
$ export LINT_CHECK="1"

travis_time:start:0daf66a0[0K$ source ~/virtualenv/python2.7_with_system_site_packages/bin/activate

travis_time:end:0daf66a0:start=1469708603844204978,finish=1469708603848058799,duration=3853821[0Ktravis_fold:start:cache.1[0KSetting up build cache
$ export CASHER_DIR=$HOME/.casher
travis_time:start:019d8c20[0K$ Installing caching utilities

travis_time:end:019d8c20:start=1469708604045290301,finish=1469708604098602055,duration=53311754[0Ktravis_time:start:097c7640[0K
travis_time:end:097c7640:start=1469708604103717616,finish=1469708604107301891,duration=3584275[0Ktravis_time:start:0379f788[0K[32;1mattempting to download cache archive[0m
[32;1mfetching 9.0-brb_master/cache-linux-precise-5768c26aeb1ff64627d1a144eef03dd7199759b61a6ebc365c9be522612bc508--python-2.7.tgz[0m
[32;1mfound cache[0m

travis_time:end:0379f788:start=1469708604111567171,finish=1469708604731056657,duration=619489486[0Ktravis_fold:end:cache.1[0Ktravis_fold:start:cache.pip[0K
travis_time:start:39fa1991[0K
travis_time:end:39fa1991:start=1469708604735810365,finish=1469708604739410252,duration=3599887[0Ktravis_time:start:01fd1348[0K[32;1madding /home/travis/.cache/pip to cache[0m

travis_time:end:01fd1348:start=1469708604743968124,finish=1469708606071866160,duration=1327898036[0Ktravis_fold:end:cache.pip[0K$ python --version
Python 2.7.3
$ pip --version
pip 6.0.7 from /home/travis/virtualenv/python2.7_with_system_site_packages/local/lib/python2.7/site-packages (python 2.7)
travis_fold:start:install.1[0Ktravis_time:start:0d76e93a[0K$ pip install anybox.testing.openerp
Collecting anybox.testing.openerp
  Using cached anybox.testing.openerp-1.3.1.tar.gz
Requirement already satisfied (use --upgrade to upgrade): setuptools in /home/travis/virtualenv/python2.7_with_system_site_packages/lib/python2.7/site-packages (from anybox.testing.openerp)
Installing collected packages: anybox.testing.openerp
  Running setup.py install for anybox.testing.openerp
Successfully installed anybox.testing.openerp-1.3.1

travis_time:end:0d76e93a:start=1469708606544831438,finish=1469708607482238073,duration=937406635[0Ktravis_fold:end:install.1[0Ktravis_fold:start:install.2[0Ktravis_time:start:27c5b3e9[0K$ git clone --depth=1 https://github.com/OCA/maintainer-quality-tools.git ${HOME}/maintainer-quality-tools
Cloning into '/home/travis/maintainer-quality-tools'...
remote: Counting objects: 107, done.[K
remote: Compressing objects:   1% (1/81)   [Kremote: Compressing objects:   2% (2/81)   [Kremote: Compressing objects:   3% (3/81)   [Kremote: Compressing objects:   4% (4/81)   [Kremote: Compressing objects:   6% (5/81)   [Kremote: Compressing objects:   7% (6/81)   [Kremote: Compressing objects:   8% (7/81)   [Kremote: Compressing objects:   9% (8/81)   [Kremote: Compressing objects:  11% (9/81)   [Kremote: Compressing objects:  12% (10/81)   [Kremote: Compressing objects:  13% (11/81)   [Kremote: Compressing objects:  14% (12/81)   [Kremote: Compressing objects:  16% (13/81)   [Kremote: Compressing objects:  17% (14/81)   [Kremote: Compressing objects:  18% (15/81)   [Kremote: Compressing objects:  19% (16/81)   [Kremote: Compressing objects:  20% (17/81)   [Kremote: Compressing objects:  22% (18/81)   [Kremote: Compressing objects:  23% (19/81)   [Kremote: Compressing objects:  24% (20/81)   [Kremote: Compressing objects:  25% (21/81)   [Kremote: Compressing objects:  27% (22/81)   [Kremote: Compressing objects:  28% (23/81)   [Kremote: Compressing objects:  29% (24/81)   [Kremote: Compressing objects:  30% (25/81)   [Kremote: Compressing objects:  32% (26/81)   [Kremote: Compressing objects:  33% (27/81)   [Kremote: Compressing objects:  34% (28/81)   [Kremote: Compressing objects:  35% (29/81)   [Kremote: Compressing objects:  37% (30/81)   [Kremote: Compressing objects:  38% (31/81)   [Kremote: Compressing objects:  39% (32/81)   [Kremote: Compressing objects:  40% (33/81)   [Kremote: Compressing objects:  41% (34/81)   [Kremote: Compressing objects:  43% (35/81)   [Kremote: Compressing objects:  44% (36/81)   [Kremote: Compressing objects:  45% (37/81)   [Kremote: Compressing objects:  46% (38/81)   [Kremote: Compressing objects:  48% (39/81)   [Kremote: Compressing objects:  49% (40/81)   [Kremote: Compressing objects:  50% (41/81)   [Kremote: Compressing objects:  51% (42/81)   [Kremote: Compressing objects:  53% (43/81)   [Kremote: Compressing objects:  54% (44/81)   [Kremote: Compressing objects:  55% (45/81)   [Kremote: Compressing objects:  56% (46/81)   [Kremote: Compressing objects:  58% (47/81)   [Kremote: Compressing objects:  59% (48/81)   [Kremote: Compressing objects:  60% (49/81)   [Kremote: Compressing objects:  61% (50/81)   [Kremote: Compressing objects:  62% (51/81)   [Kremote: Compressing objects:  64% (52/81)   [Kremote: Compressing objects:  65% (53/81)   [Kremote: Compressing objects:  66% (54/81)   [Kremote: Compressing objects:  67% (55/81)   [Kremote: Compressing objects:  69% (56/81)   [Kremote: Compressing objects:  70% (57/81)   [Kremote: Compressing objects:  71% (58/81)   [Kremote: Compressing objects:  72% (59/81)   [Kremote: Compressing objects:  74% (60/81)   [Kremote: Compressing objects:  75% (61/81)   [Kremote: Compressing objects:  76% (62/81)   [Kremote: Compressing objects:  77% (63/81)   [Kremote: Compressing objects:  79% (64/81)   [Kremote: Compressing objects:  80% (65/81)   [Kremote: Compressing objects:  81% (66/81)   [Kremote: Compressing objects:  82% (67/81)   [Kremote: Compressing objects:  83% (68/81)   [Kremote: Compressing objects:  85% (69/81)   [Kremote: Compressing objects:  86% (70/81)   [Kremote: Compressing objects:  87% (71/81)   [Kremote: Compressing objects:  88% (72/81)   [Kremote: Compressing objects:  90% (73/81)   [Kremote: Compressing objects:  91% (74/81)   [Kremote: Compressing objects:  92% (75/81)   [Kremote: Compressing objects:  93% (76/81)   [Kremote: Compressing objects:  95% (77/81)   [Kremote: Compressing objects:  96% (78/81)   [Kremote: Compressing objects:  97% (79/81)   [Kremote: Compressing objects:  98% (80/81)   [Kremote: Compressing objects: 100% (81/81)   [Kremote: Compressing objects: 100% (81/81), done.[K
Receiving objects:   0% (1/107)   Receiving objects:   1% (2/107)   Receiving objects:   2% (3/107)   Receiving objects:   3% (4/107)   Receiving objects:   4% (5/107)   Receiving objects:   5% (6/107)   Receiving objects:   6% (7/107)   Receiving objects:   7% (8/107)   Receiving objects:   8% (9/107)   Receiving objects:   9% (10/107)   Receiving objects:  10% (11/107)   Receiving objects:  11% (12/107)   Receiving objects:  12% (13/107)   Receiving objects:  13% (14/107)   Receiving objects:  14% (15/107)   Receiving objects:  15% (17/107)   Receiving objects:  16% (18/107)   Receiving objects:  17% (19/107)   Receiving objects:  18% (20/107)   Receiving objects:  19% (21/107)   Receiving objects:  20% (22/107)   Receiving objects:  21% (23/107)   Receiving objects:  22% (24/107)   Receiving objects:  23% (25/107)   Receiving objects:  24% (26/107)   Receiving objects:  25% (27/107)   Receiving objects:  26% (28/107)   Receiving objects:  27% (29/107)   Receiving objects:  28% (30/107)   Receiving objects:  29% (32/107)   Receiving objects:  30% (33/107)   Receiving objects:  31% (34/107)   Receiving objects:  32% (35/107)   Receiving objects:  33% (36/107)   Receiving objects:  34% (37/107)   Receiving objects:  35% (38/107)   Receiving objects:  36% (39/107)   Receiving objects:  37% (40/107)   Receiving objects:  38% (41/107)   Receiving objects:  39% (42/107)   Receiving objects:  40% (43/107)   Receiving objects:  41% (44/107)   Receiving objects:  42% (45/107)   Receiving objects:  43% (47/107)   Receiving objects:  44% (48/107)   Receiving objects:  45% (49/107)   Receiving objects:  46% (50/107)   Receiving objects:  47% (51/107)   Receiving objects:  48% (52/107)   Receiving objects:  49% (53/107)   Receiving objects:  50% (54/107)   Receiving objects:  51% (55/107)   Receiving objects:  52% (56/107)   Receiving objects:  53% (57/107)   Receiving objects:  54% (58/107)   Receiving objects:  55% (59/107)   Receiving objects:  56% (60/107)   Receiving objects:  57% (61/107)   Receiving objects:  58% (63/107)   Receiving objects:  59% (64/107)   Receiving objects:  60% (65/107)   Receiving objects:  61% (66/107)   Receiving objects:  62% (67/107)   Receiving objects:  63% (68/107)   Receiving objects:  64% (69/107)   Receiving objects:  65% (70/107)   Receiving objects:  66% (71/107)   Receiving objects:  67% (72/107)   Receiving objects:  68% (73/107)   Receiving objects:  69% (74/107)   Receiving objects:  70% (75/107)   Receiving objects:  71% (76/107)   remote: Total 107 (delta 8), reused 71 (delta 4), pack-reused 0[K
Receiving objects:  72% (78/107)   Receiving objects:  73% (79/107)   Receiving objects:  74% (80/107)   Receiving objects:  75% (81/107)   Receiving objects:  76% (82/107)   Receiving objects:  77% (83/107)   Receiving objects:  78% (84/107)   Receiving objects:  79% (85/107)   Receiving objects:  80% (86/107)   Receiving objects:  81% (87/107)   Receiving objects:  82% (88/107)   Receiving objects:  83% (89/107)   Receiving objects:  84% (90/107)   Receiving objects:  85% (91/107)   Receiving objects:  86% (93/107)   Receiving objects:  87% (94/107)   Receiving objects:  88% (95/107)   Receiving objects:  89% (96/107)   Receiving objects:  90% (97/107)   Receiving objects:  91% (98/107)   Receiving objects:  92% (99/107)   Receiving objects:  93% (100/107)   Receiving objects:  94% (101/107)   Receiving objects:  95% (102/107)   Receiving objects:  96% (103/107)   Receiving objects:  97% (104/107)   Receiving objects:  98% (105/107)   Receiving objects:  99% (106/107)   Receiving objects: 100% (107/107)   Receiving objects: 100% (107/107), 59.89 KiB | 0 bytes/s, done.
Resolving deltas:   0% (0/8)   Resolving deltas:  25% (2/8)   Resolving deltas:  50% (4/8)   Resolving deltas:  62% (5/8)   Resolving deltas:  75% (6/8)   Resolving deltas:  87% (7/8)   Resolving deltas: 100% (8/8)   Resolving deltas: 100% (8/8), done.
Checking connectivity... done.

travis_time:end:27c5b3e9:start=1469708607486861782,finish=1469708607952387531,duration=465525749[0Ktravis_fold:end:install.2[0Ktravis_fold:start:install.3[0Ktravis_time:start:0176be44[0K$ export PATH=${HOME}/maintainer-quality-tools/travis:${PATH}

travis_time:end:0176be44:start=1469708607956833674,finish=1469708607960535410,duration=3701736[0Ktravis_fold:end:install.3[0Ktravis_fold:start:install.4[0Ktravis_time:start:128f0448[0K$ travis_install_nightly
/tmp/pip-build-GlhVMU/pylint/pylint/test/functional/assert_on_tuple.py:4: SyntaxWarning: assertion is always true, perhaps remove parentheses?
  assert (1 == 1, 2 == 2), "no error"
/tmp/pip-build-GlhVMU/pylint/pylint/test/functional/assert_on_tuple.py:5: SyntaxWarning: assertion is always true, perhaps remove parentheses?
  assert (1 == 1, 2 == 2) # [assert-on-tuple]
/tmp/pip-build-GlhVMU/pylint/pylint/test/functional/assert_on_tuple.py:7: SyntaxWarning: assertion is always true, perhaps remove parentheses?
  assert (1 == 1, ), "no error"
/tmp/pip-build-GlhVMU/pylint/pylint/test/functional/assert_on_tuple.py:8: SyntaxWarning: assertion is always true, perhaps remove parentheses?
  assert (1 == 1, )
/tmp/pip-build-GlhVMU/pylint/pylint/test/functional/assert_on_tuple.py:9: SyntaxWarning: assertion is always true, perhaps remove parentheses?
  assert (1 == 1, 2 == 2, 3 == 5), "no error"
/tmp/pip-build-GlhVMU/pylint/pylint/test/functional/assert_on_tuple.py:11: SyntaxWarning: assertion is always true, perhaps remove parentheses?
  assert (True, 'error msg') # [assert-on-tuple]
Collecting pylint==1.4.4 (from -r /home/travis/maintainer-quality-tools/travis/pylint_odoo_requirements.txt (line 1))
  Using cached pylint-1.4.4-py2.py3-none-any.whl
Collecting pylint-plugin-utils==0.2.3 (from -r /home/travis/maintainer-quality-tools/travis/pylint_odoo_requirements.txt (line 2))
  Using cached pylint-plugin-utils-0.2.3.tar.gz
Collecting astroid==1.3.8 (from -r /home/travis/maintainer-quality-tools/travis/pylint_odoo_requirements.txt (line 3))
  Using cached astroid-1.3.8-py2.py3-none-any.whl
Collecting docutils==0.12 (from -r /home/travis/maintainer-quality-tools/travis/pylint_odoo_requirements.txt (line 4))
  Using cached docutils-0.12.tar.gz
Collecting Pygments==2.0.2 (from -r /home/travis/maintainer-quality-tools/travis/pylint_odoo_requirements.txt (line 5))
  Using cached Pygments-2.0.2-py2-none-any.whl
Collecting restructuredtext-lint==0.12.2 (from -r /home/travis/maintainer-quality-tools/travis/pylint_odoo_requirements.txt (line 6))
  Using cached restructuredtext_lint-0.12.2.zip
Collecting logilab-common>=0.53.0 (from pylint==1.4.4->-r /home/travis/maintainer-quality-tools/travis/pylint_odoo_requirements.txt (line 1))
  Using cached logilab-common-1.2.2.tar.gz
Requirement already up-to-date: six in /home/travis/virtualenv/python2.7_with_system_site_packages/lib/python2.7/site-packages (from pylint==1.4.4->-r /home/travis/maintainer-quality-tools/travis/pylint_odoo_requirements.txt (line 1))
Collecting setuptools from https://pypi.python.org/packages/48/c6/3a30a886ea43ca7aef2c0d9a642d7ecdaa319579454ca340adea5aba89e8/setuptools-25.1.0-py2.py3-none-any.whl#md5=ab557ef6a3a3bec4ff1e5651ace2437b (from logilab-common>=0.53.0->pylint==1.4.4->-r /home/travis/maintainer-quality-tools/travis/pylint_odoo_requirements.txt (line 1))
  Using cached setuptools-25.1.0-py2.py3-none-any.whl
Installing collected packages: setuptools, logilab-common, restructuredtext-lint, Pygments, docutils, astroid, pylint-plugin-utils, pylint
  Found existing installation: setuptools 12.0.5
    Uninstalling setuptools-12.0.5:
      Successfully uninstalled setuptools-12.0.5

  Running setup.py install for logilab-common
    changing mode of build/scripts-2.7/pytest from 664 to 775
    Skipping installation of /home/travis/virtualenv/python2.7_with_system_site_packages/lib/python2.7/site-packages/logilab/__init__.py (namespace package)
    Installing /home/travis/virtualenv/python2.7_with_system_site_packages/lib/python2.7/site-packages/logilab_common-1.2.2-py2.7-nspkg.pth
    changing mode of /home/travis/virtualenv/python2.7_with_system_site_packages/bin/pytest to 775
  Running setup.py install for restructuredtext-lint
    Installing rst-lint script to /home/travis/virtualenv/python2.7_with_system_site_packages/bin
    Installing restructuredtext-lint script to /home/travis/virtualenv/python2.7_with_system_site_packages/bin

  Running setup.py install for docutils
    changing mode of build/scripts-2.7/rst2html.py from 664 to 775
    changing mode of build/scripts-2.7/rst2s5.py from 664 to 775
    changing mode of build/scripts-2.7/rst2latex.py from 664 to 775
    changing mode of build/scripts-2.7/rst2xetex.py from 664 to 775
    changing mode of build/scripts-2.7/rst2man.py from 664 to 775
    changing mode of build/scripts-2.7/rst2xml.py from 664 to 775
    changing mode of build/scripts-2.7/rst2pseudoxml.py from 664 to 775
    changing mode of build/scripts-2.7/rstpep2html.py from 664 to 775
    changing mode of build/scripts-2.7/rst2odt.py from 664 to 775
    changing mode of build/scripts-2.7/rst2odt_prepstyles.py from 664 to 775
    changing mode of /home/travis/virtualenv/python2.7_with_system_site_packages/bin/rst2html.py to 775
    changing mode of /home/travis/virtualenv/python2.7_with_system_site_packages/bin/rst2s5.py to 775
    changing mode of /home/travis/virtualenv/python2.7_with_system_site_packages/bin/rst2latex.py to 775
    changing mode of /home/travis/virtualenv/python2.7_with_system_site_packages/bin/rst2xetex.py to 775
    changing mode of /home/travis/virtualenv/python2.7_with_system_site_packages/bin/rst2man.py to 775
    changing mode of /home/travis/virtualenv/python2.7_with_system_site_packages/bin/rst2xml.py to 775
    changing mode of /home/travis/virtualenv/python2.7_with_system_site_packages/bin/rst2pseudoxml.py to 775
    changing mode of /home/travis/virtualenv/python2.7_with_system_site_packages/bin/rstpep2html.py to 775
    changing mode of /home/travis/virtualenv/python2.7_with_system_site_packages/bin/rst2odt.py to 775
    changing mode of /home/travis/virtualenv/python2.7_with_system_site_packages/bin/rst2odt_prepstyles.py to 775
  Found existing installation: astroid 1.4.8
    Uninstalling astroid-1.4.8:
      Successfully uninstalled astroid-1.4.8
  Compiling /tmp/pip-build-F0lLtU/astroid/astroid/tests/testdata/python3/data/module.py ...
  
  
  Compiling /tmp/pip-build-F0lLtU/astroid/astroid/tests/testdata/python3/data/module2.py ...
  
  

  Running setup.py install for pylint-plugin-utils
  Found existing installation: pylint 1.6.4
    Uninstalling pylint-1.6.4:
      Successfully uninstalled pylint-1.6.4
/tmp/pip-build-F0lLtU/pylint/pylint/test/input/func_assert_2uple.py:4: SyntaxWarning: assertion is always true, perhaps remove parentheses?
  assert (1 == 1, 2 == 2), "no error"
/tmp/pip-build-F0lLtU/pylint/pylint/test/input/func_assert_2uple.py:5: SyntaxWarning: assertion is always true, perhaps remove parentheses?
  assert (1 == 1, 2 == 2) #this should generate a warning
/tmp/pip-build-F0lLtU/pylint/pylint/test/input/func_assert_2uple.py:7: SyntaxWarning: assertion is always true, perhaps remove parentheses?
  assert (1 == 1, ), "no error"
/tmp/pip-build-F0lLtU/pylint/pylint/test/input/func_assert_2uple.py:8: SyntaxWarning: assertion is always true, perhaps remove parentheses?
  assert (1 == 1, )
/tmp/pip-build-F0lLtU/pylint/pylint/test/input/func_assert_2uple.py:9: SyntaxWarning: assertion is always true, perhaps remove parentheses?
  assert (1 == 1, 2 == 2, 3 == 5), "no error"
/tmp/pip-build-F0lLtU/pylint/pylint/test/input/func_assert_2uple.py:11: SyntaxWarning: assertion is always true, perhaps remove parentheses?
  assert (True, 'error msg') #this should generate a warning
  Compiling /tmp/pip-build-F0lLtU/pylint/pylint/test/functional/abstract_abc_methods.py ...
  
  
  Compiling /tmp/pip-build-F0lLtU/pylint/pylint/test/functional/abstract_class_instantiated_py2.py ...
  
  
  Compiling /tmp/pip-build-F0lLtU/pylint/pylint/test/functional/abstract_class_instantiated_py3.py ...
  
  
  Compiling /tmp/pip-build-F0lLtU/pylint/pylint/test/functional/abstract_method_py2.py ...
  
  
  Compiling /tmp/pip-build-F0lLtU/pylint/pylint/test/functional/abstract_method_py3.py ...
  
  
  Compiling /tmp/pip-build-F0lLtU/pylint/pylint/test/functional/class_members_py27.py ...
  
  
  Compiling /tmp/pip-build-F0lLtU/pylint/pylint/test/functional/class_members_py30.py ...
  
  
  Compiling /tmp/pip-build-F0lLtU/pylint/pylint/test/functional/no_name_in_module.py ...
  
  
  Compiling /tmp/pip-build-F0lLtU/pylint/pylint/test/functional/old_style_class_py27.py ...
  
  
  Compiling /tmp/pip-build-F0lLtU/pylint/pylint/test/functional/raising_non_exception_py3.py ...
  
  
  Compiling /tmp/pip-build-F0lLtU/pylint/pylint/test/functional/unbalanced_tuple_unpacking_py30.py ...
  
  
  Compiling /tmp/pip-build-F0lLtU/pylint/pylint/test/functional/undefined_variable_py30.py ...
  
  
  Compiling /tmp/pip-build-F0lLtU/pylint/pylint/test/functional/yield_outside_func.py ...
  
  
  Compiling /tmp/pip-build-F0lLtU/pylint/pylint/test/input/func_bad_exception_context_py30.py ...
  
  
  Compiling /tmp/pip-build-F0lLtU/pylint/pylint/test/input/func_continue_not_in_loop.py ...
  
  
  Compiling /tmp/pip-build-F0lLtU/pylint/pylint/test/input/func_e0108.py ...
  
  
  Compiling /tmp/pip-build-F0lLtU/pylint/pylint/test/input/func_exec_used_py30.py ...
  
  
  Compiling /tmp/pip-build-F0lLtU/pylint/pylint/test/input/func_keyword_repeat.py ...
  
  
  Compiling /tmp/pip-build-F0lLtU/pylint/pylint/test/input/func_kwoa_py30.py ...
  
  
  Compiling /tmp/pip-build-F0lLtU/pylint/pylint/test/input/func_noerror_mcs_attr_access.py ...
  
  
  Compiling /tmp/pip-build-F0lLtU/pylint/pylint/test/input/func_noerror_unused_variable_py30.py ...
  
  
  Compiling /tmp/pip-build-F0lLtU/pylint/pylint/test/input/func_return_outside_func.py ...
  
  
  Compiling /tmp/pip-build-F0lLtU/pylint/pylint/test/input/func_return_yield_mix_py_33.py ...
  
  
  Compiling /tmp/pip-build-F0lLtU/pylint/pylint/test/input/func_syntax_error.py ...
  
  
  Compiling /tmp/pip-build-F0lLtU/pylint/pylint/test/input/func_undefined_metaclass_var_py30.py ...
  
  
  Compiling /tmp/pip-build-F0lLtU/pylint/pylint/test/input/func_unused_import_py30.py ...
  
  
  Compiling /tmp/pip-build-F0lLtU/pylint/pylint/test/input/func_used_before_assignment_py30.py ...
  
  
  Compiling /tmp/pip-build-F0lLtU/pylint/pylint/test/input/func_w0705.py ...
  
  
  Compiling /tmp/pip-build-F0lLtU/pylint/pylint/test/input/syntax_error.py ...
  Sorry: IndentationError: ('expected an indented block', ('/tmp/pip-build-F0lLtU/pylint/pylint/test/input/syntax_error.py', 2, 5, "print('hop')\n"))

Successfully installed Pygments-2.0.2 astroid-1.3.8 docutils-0.12 logilab-common-1.2.2 pylint-1.4.4 pylint-plugin-utils-0.2.3 restructuredtext-lint-0.12.2 setuptools-25.1.0
Collecting git+https://github.com/OCA/pylint-odoo.git
  Cloning https://github.com/OCA/pylint-odoo.git to /tmp/pip-T93u1w-build
    Installed /tmp/pip-T93u1w-build/.eggs/pbr-1.10.0-py2.7.egg
    [pbr] Generating ChangeLog
    [pbr] Processing SOURCES.txt
    warning: LocalManifestMaker: standard file '-c' not found
    [pbr] In git context, generating filelist from git
    Error in atexit._run_exitfuncs:
    Traceback (most recent call last):
      File "/usr/lib/python2.7/atexit.py", line 24, in _run_exitfuncs
        func(*targs, **kargs)
      File "/usr/lib/python2.7/multiprocessing/util.py", line 284, in _exit_function
        info('process shutting down')
    TypeError: 'NoneType' object is not callable
    Error in sys.exitfunc:
    Traceback (most recent call last):
      File "/usr/lib/python2.7/atexit.py", line 24, in _run_exitfuncs
        func(*targs, **kargs)
      File "/usr/lib/python2.7/multiprocessing/util.py", line 284, in _exit_function
        info('process shutting down')
    TypeError: 'NoneType' object is not callable
Installing collected packages: pylint-odoo
  Running setup.py install for pylint-odoo
    [pbr] Writing ChangeLog
    [pbr] Generating ChangeLog
    [pbr] ChangeLog complete (0.0s)
    [pbr] Generating AUTHORS
    [pbr] AUTHORS complete (0.0s)
    [pbr] Processing SOURCES.txt
    warning: LocalManifestMaker: standard file '-c' not found
    [pbr] In git context, generating filelist from git
Successfully installed pylint-odoo-1.3.1.dev14
-[0G[37m[40mnpm[0m [0m[30m[43mWARN[0m [0m[35mdeprecated[0m minimatch@2.0.10: Please update to minimatch 3.0.2 or higher to avoid a RegExp DoS issue
[0m-[0G\[0G[37m[40mnpm[0m [0m[30m[43mWARN[0m [0m[35mdeprecated[0m minimatch@0.3.0: Please update to minimatch 3.0.2 or higher to avoid a RegExp DoS issue
[0m-[0G\[0G|[0G-[0G\[0G|[0G/home/travis/.nvm/v0.10.36/bin/jshint -> /home/travis/.nvm/v0.10.36/lib/node_modules/jshint/bin/jshint
jshint@2.9.2 /home/travis/.nvm/v0.10.36/lib/node_modules/jshint
â”œâ”€â”€ strip-json-comments@1.0.4
â”œâ”€â”€ exit@0.1.2
â”œâ”€â”€ shelljs@0.3.0
â”œâ”€â”€ console-browserify@1.1.0 (date-now@0.1.4)
â”œâ”€â”€ minimatch@2.0.10 (brace-expansion@1.1.6)
â”œâ”€â”€ cli@0.6.6 (glob@3.2.11)
â”œâ”€â”€ htmlparser2@3.8.3 (domelementtype@1.3.0, entities@1.0.0, domhandler@2.3.0, readable-stream@1.1.14, domutils@1.5.1)
â””â”€â”€ lodash@3.7.0
[2K
travis_time:end:128f0448:start=1469708607965328934,finish=1469708626310835648,duration=18345506714[0Ktravis_fold:end:install.4[0Ktravis_time:start:09474cfe[0K$ travis_run_tests
======== Testing test_flake8 ========
======== Testing test_pylint ========
[1;32m[0;m
[1;32mNext checks are still in beta they won't affect your build status for now: [0;m
[1;32mapi-one-deprecated, api-one-multi-together, attribute-deprecated, class-camelcase, copy-wo-api-one, create-user-wo-reset-password, dangerous-filter-wo-user, deprecated-module, duplicate-id-csv, duplicate-xml-fields, duplicate-xml-record-id, incoherent-interpreter-exec-perm, invalid-commit, javascript-lint, manifest-author-string, manifest-deprecated-key, manifest-required-author, manifest-required-key, method-compute, method-inverse, method-required-super, method-search, missing-newline-extrafiles, missing-readme, no-utf8-coding-comment, openerp-exception-warning, redundant-modulename-xml, rst-syntax-error, sql-injection, too-complex, translation-field, translation-required, use-vim-comment, wrong-tabs-instead-of-spaces, xml-syntax-error[0;m

+=======================================
|  Tests summary:
|---------------------------------------
| test_flake8                 [1;32mSuccess[0;m
| test_pylint                 [1;32mSuccess[0;m
+=======================================

travis_time:end:09474cfe:start=1469708626315078197,finish=1469708628154366839,duration=1839288642[0K
[32;1mThe command "travis_run_tests" exited with 0.[0m
travis_fold:start:cache.2[0Kstore build cache
travis_time:start:0be16ad5[0K
travis_time:end:0be16ad5:start=1469708628160721767,finish=1469708628165531844,duration=4810077[0Ktravis_time:start:0278df9c[0K[32;1mchange detected (content changed, file is created, or file is deleted):
/home/travis/.cache/pip/http/0/2/0/f/3/020f39aecb829036585d12486cc6318b82f8243c3dc0f63f3ee92520
/home/travis/.cache/pip/http/0/c/7/8/c/0c78cc5ddccddcf3238359feeac7e1cddd59216d6ded4659cf5965cd
/home/travis/.cache/pip/http/2/3/9/9/c/2399ce14e5d071a00b24636db2a7d8f9ef4a63fbd2d60206408e2290
/home/travis/.cache/pip/http/2/6/b/b/f/26bbf25688b3206233a8f9c2683a78f2f32caf0f7d1f4e4147816656
/home/travis/.cache/pip/http/2/8/6/c/5/286c54cdc5b4148a51195597f569a332ef7fea34f79b203fcfd498bf
/home/travis/.cache/pip/http/2/f/6/0/e/2f60ee2e6b2f8d9d74debb0760385405e98f6d110bddba8ef79ec89c
/home/travis/.cache/pip/http/3/a/f/3/a/3af3addf06e983a6c02f46e7bea70c221d3ff95bf1418fa6da354e14
/home/travis/.cache/pip/http/3/e/9/4/c/3e94cb3abf7f2fdd8c8f3196ceab18c07a6f736a41e6b781841705b8
/home/travis/.cache/pip/http/4/0/6/e/9/406e9b27a390d51d6f5ba6446b20eddf170d46e00b171bdfa0fbde6b
/home/travis/.cache/pip/http/4/2/9/9/0/42990b2f3616b8ef5fda764cbd36aae86f1ce1931ab0051923acbdc2
/home/travis/.cache/pip/http/4/b/b/8/4/4b
[0m
[32;1m...
[0m
[32;1mchanges detected, packing new archive[0m
[32;1muploading archive[0m

travis_time:end:0278df9c:start=1469708628170555048,finish=1469708630660264660,duration=2489709612[0Ktravis_fold:end:cache.2[0Ktravis_fold:start:after_success[0Ktravis_time:start:0626788b[0K$ travis_after_tests_success
Traceback (most recent call last):
  File "/home/travis/maintainer-quality-tools/travis/travis_after_tests_success", line 5, in <module>
    from coverage.cmdline import main as coverage_main
ImportError: No module named coverage.cmdline

travis_time:end:0626788b:start=1469708630664878855,finish=1469708630683190017,duration=18311162[0Ktravis_fold:end:after_success[0K
Done. Your build exited with 0.
