travis_fold:start:worker_info[0K[33;1mWorker information[0m
hostname: i-088b6b6-precise-production-2-worker-org-docker.travisci.net:3a5711df-bf92-4af3-8f72-c2799c5f82b2
version: v2.5.0 https://github.com/travis-ci/worker/tree/da3a43228dffc0fcca5a46569ca786b22991979f
instance: bb7fec1:travis:java
startup: 470.481557ms
travis_fold:end:worker_info[0Ktravis_fold:start:system_info[0K[33;1mBuild system information[0m
Build language: java
Build group: stable
Build dist: precise
Build id: 262650256
Job id: 262650259
travis-build version: 9af302805
[34m[1mBuild image provisioning date and time[0m
Thu Feb  5 15:09:33 UTC 2015
[34m[1mOperating System Details[0m
Distributor ID:	Ubuntu
Description:	Ubuntu 12.04.5 LTS
Release:	12.04
Codename:	precise
[34m[1mLinux Version[0m
3.13.0-29-generic
[34m[1mCookbooks Version[0m
a68419e https://github.com/travis-ci/travis-cookbooks/tree/a68419e
[34m[1mGCC version[0m
gcc (Ubuntu/Linaro 4.6.3-1ubuntu5) 4.6.3
Copyright (C) 2011 Free Software Foundation, Inc.
This is free software; see the source for copying conditions.  There is NO
warranty; not even for MERCHANTABILITY or FITNESS FOR A PARTICULAR PURPOSE.

[34m[1mLLVM version[0m
clang version 3.4 (tags/RELEASE_34/final)
Target: x86_64-unknown-linux-gnu
Thread model: posix
[34m[1mPre-installed Ruby versions[0m
ruby-1.9.3-p551
[34m[1mPre-installed Node.js versions[0m
v0.10.36
[34m[1mPre-installed Go versions[0m
1.4.1
[34m[1mRedis version[0m
redis-server 2.8.19
[34m[1mriak version[0m
2.0.2
[34m[1mMongoDB version[0m
MongoDB 2.4.12
[34m[1mCouchDB version[0m
couchdb 1.6.1
[34m[1mNeo4j version[0m
1.9.4
[34m[1mRabbitMQ Version[0m
3.4.3
[34m[1mElasticSearch version[0m
1.4.0
[34m[1mInstalled Sphinx versions[0m
2.0.10
2.1.9
2.2.6
[34m[1mDefault Sphinx version[0m
2.2.6
[34m[1mInstalled Firefox version[0m
firefox 31.0esr
[34m[1mPhantomJS version[0m
1.9.8
[34m[1mant -version[0m
Apache Ant(TM) version 1.8.2 compiled on December 3 2011
[34m[1mmvn -version[0m
Apache Maven 3.2.5 (12a6b3acb947671f09b81f49094c53f426d8cea1; 2014-12-14T17:29:23+00:00)
Maven home: /usr/local/maven
Java version: 1.7.0_76, vendor: Oracle Corporation
Java home: /usr/lib/jvm/java-7-oracle/jre
Default locale: en_US, platform encoding: ANSI_X3.4-1968
OS name: "linux", version: "3.13.0-29-generic", arch: "amd64", family: "unix"
travis_fold:end:system_info[0K
travis_fold:start:fix.CVE-2015-7547[0K$ export DEBIAN_FRONTEND=noninteractive
Reading package lists...
Building dependency tree...
Reading state information...
The following extra packages will be installed:
  libc-bin libc-dev-bin libc6-dev
Suggested packages:
  glibc-doc
The following packages will be upgraded:
  libc-bin libc-dev-bin libc6 libc6-dev
4 upgraded, 0 newly installed, 0 to remove and 278 not upgraded.
Need to get 8,856 kB of archives.
After this operation, 13.3 kB of additional disk space will be used.
Get:1 http://us.archive.ubuntu.com/ubuntu/ precise-updates/main libc6-dev amd64 2.15-0ubuntu10.18 [2,948 kB]
Get:2 http://us.archive.ubuntu.com/ubuntu/ precise-updates/main libc-dev-bin amd64 2.15-0ubuntu10.18 [84.5 kB]
Get:3 http://us.archive.ubuntu.com/ubuntu/ precise-updates/main libc-bin amd64 2.15-0ubuntu10.18 [1,178 kB]
Get:4 http://us.archive.ubuntu.com/ubuntu/ precise-updates/main libc6 amd64 2.15-0ubuntu10.18 [4,646 kB]
Fetched 8,856 kB in 0s (36.0 MB/s)
Preconfiguring packages ...
(Reading database ... (Reading database ... 5%(Reading database ... 10%(Reading database ... 15%(Reading database ... 20%(Reading database ... 25%(Reading database ... 30%(Reading database ... 35%(Reading database ... 40%(Reading database ... 45%(Reading database ... 50%(Reading database ... 55%(Reading database ... 60%(Reading database ... 65%(Reading database ... 70%(Reading database ... 75%(Reading database ... 80%(Reading database ... 85%(Reading database ... 90%(Reading database ... 95%(Reading database ... 100%(Reading database ... 72019 files and directories currently installed.)
Preparing to replace libc6-dev 2.15-0ubuntu10.10 (using .../libc6-dev_2.15-0ubuntu10.18_amd64.deb) ...
Unpacking replacement libc6-dev ...
Preparing to replace libc-dev-bin 2.15-0ubuntu10.10 (using .../libc-dev-bin_2.15-0ubuntu10.18_amd64.deb) ...
Unpacking replacement libc-dev-bin ...
Preparing to replace libc-bin 2.15-0ubuntu10.10 (using .../libc-bin_2.15-0ubuntu10.18_amd64.deb) ...
Unpacking replacement libc-bin ...
Processing triggers for man-db ...
Setting up libc-bin (2.15-0ubuntu10.18) ...
(Reading database ... (Reading database ... 5%(Reading database ... 10%(Reading database ... 15%(Reading database ... 20%(Reading database ... 25%(Reading database ... 30%(Reading database ... 35%(Reading database ... 40%(Reading database ... 45%(Reading database ... 50%(Reading database ... 55%(Reading database ... 60%(Reading database ... 65%(Reading database ... 70%(Reading database ... 75%(Reading database ... 80%(Reading database ... 85%(Reading database ... 90%(Reading database ... 95%(Reading database ... 100%(Reading database ... 72018 files and directories currently installed.)
Preparing to replace libc6 2.15-0ubuntu10.10 (using .../libc6_2.15-0ubuntu10.18_amd64.deb) ...
Unpacking replacement libc6 ...
Setting up libc6 (2.15-0ubuntu10.18) ...
Setting up libc-dev-bin (2.15-0ubuntu10.18) ...
Setting up libc6-dev (2.15-0ubuntu10.18) ...
Processing triggers for libc-bin ...
ldconfig deferred processing now taking place
travis_fold:end:fix.CVE-2015-7547[0Ktravis_fold:start:update_libssl1.0.0[0K$ sudo apt-get install ca-certificates libssl1.0.0
Reading package lists... 0%Reading package lists... 0%Reading package lists... 1%Reading package lists... 10%Reading package lists... 10%Reading package lists... 11%Reading package lists... 11%Reading package lists... 46%Reading package lists... 46%Reading package lists... 47%Reading package lists... 47%Reading package lists... 51%Reading package lists... 58%Reading package lists... 58%Reading package lists... 58%Reading package lists... 58%Reading package lists... 94%Reading package lists... 94%Reading package lists... 95%Reading package lists... 95%Reading package lists... 95%Reading package lists... 95%Reading package lists... 95%Reading package lists... 95%Reading package lists... 95%Reading package lists... 95%Reading package lists... 95%Reading package lists... 95%Reading package lists... 95%Reading package lists... 95%Reading package lists... 95%Reading package lists... 95%Reading package lists... 95%Reading package lists... 95%Reading package lists... 95%Reading package lists... 95%Reading package lists... 95%Reading package lists... 95%Reading package lists... 95%Reading package lists... 95%Reading package lists... 95%Reading package lists... 95%Reading package lists... 95%Reading package lists... 95%Reading package lists... 95%Reading package lists... 95%Reading package lists... 95%Reading package lists... 95%Reading package lists... 95%Reading package lists... 95%Reading package lists... 95%Reading package lists... 95%Reading package lists... 95%Reading package lists... 95%Reading package lists... 95%Reading package lists... 95%Reading package lists... 95%Reading package lists... 95%Reading package lists... 95%Reading package lists... 95%Reading package lists... 95%Reading package lists... 95%Reading package lists... 95%Reading package lists... 95%Reading package lists... 95%Reading package lists... 95%Reading package lists... 95%Reading package lists... 95%Reading package lists... 95%Reading package lists... 95%Reading package lists... 95%Reading package lists... 95%Reading package lists... 95%Reading package lists... 95%Reading package lists... 95%Reading package lists... 95%Reading package lists... 95%Reading package lists... 96%Reading package lists... 96%Reading package lists... 96%Reading package lists... 96%Reading package lists... 97%Reading package lists... 97%Reading package lists... 98%Reading package lists... 98%Reading package lists... 98%Reading package lists... 98%Reading package lists... 98%Reading package lists... 98%Reading package lists... 98%Reading package lists... 98%Reading package lists... 98%Reading package lists... 98%Reading package lists... 98%Reading package lists... 98%Reading package lists... 98%Reading package lists... 98%Reading package lists... 98%Reading package lists... 98%Reading package lists... 98%Reading package lists... 98%Reading package lists... Done
Building dependency tree... 0%Building dependency tree... 0%Building dependency tree... 50%Building dependency tree... 50%Building dependency tree       
Reading state information... 0%Reading state information... 0%Reading state information... Done
The following extra packages will be installed:
  libssl-dev
The following packages will be upgraded:
  ca-certificates libssl-dev libssl1.0.0
3 upgraded, 0 newly installed, 0 to remove and 275 not upgraded.
Need to get 2,842 kB of archives.
After this operation, 41.0 kB of additional disk space will be used.
0% [Working]            Get:1 http://us.archive.ubuntu.com/ubuntu/ precise-updates/main libssl-dev amd64 1.0.1-4ubuntu5.39 [1,580 kB]
            0% [1 libssl-dev 14.1 kB/1,580 kB 1%]                                     56% [Working]             Get:2 http://us.archive.ubuntu.com/ubuntu/ precise-updates/main libssl1.0.0 amd64 1.0.1-4ubuntu5.39 [1,054 kB]
             58% [2 libssl1.0.0 57.7 kB/1,054 kB 5%]                                       93% [Working]             Get:3 http://us.archive.ubuntu.com/ubuntu/ precise-updates/main ca-certificates all 20160104ubuntu0.12.04.1 [208 kB]
             94% [3 ca-certificates 32.8 kB/208 kB 16%]                                          100% [Working]              Fetched 2,842 kB in 0s (19.3 MB/s)
Preconfiguring packages ...
(Reading database ... (Reading database ... 5%(Reading database ... 10%(Reading database ... 15%(Reading database ... 20%(Reading database ... 25%(Reading database ... 30%(Reading database ... 35%(Reading database ... 40%(Reading database ... 45%(Reading database ... 50%(Reading database ... 55%(Reading database ... 60%(Reading database ... 65%(Reading database ... 70%(Reading database ... 75%(Reading database ... 80%(Reading database ... 85%(Reading database ... 90%(Reading database ... 95%(Reading database ... 100%(Reading database ... 72018 files and directories currently installed.)
Preparing to replace libssl-dev 1.0.1-4ubuntu5.21 (using .../libssl-dev_1.0.1-4ubuntu5.39_amd64.deb) ...
Unpacking replacement libssl-dev ...
Preparing to replace libssl1.0.0 1.0.1-4ubuntu5.21 (using .../libssl1.0.0_1.0.1-4ubuntu5.39_amd64.deb) ...
Unpacking replacement libssl1.0.0 ...
Setting up libssl1.0.0 (1.0.1-4ubuntu5.39) ...
Processing triggers for libc-bin ...
ldconfig deferred processing now taking place
(Reading database ... (Reading database ... 5%(Reading database ... 10%(Reading database ... 15%(Reading database ... 20%(Reading database ... 25%(Reading database ... 30%(Reading database ... 35%(Reading database ... 40%(Reading database ... 45%(Reading database ... 50%(Reading database ... 55%(Reading database ... 60%(Reading database ... 65%(Reading database ... 70%(Reading database ... 75%(Reading database ... 80%(Reading database ... 85%(Reading database ... 90%(Reading database ... 95%(Reading database ... 100%(Reading database ... 72018 files and directories currently installed.)
Preparing to replace ca-certificates 20130906ubuntu0.12.04.1 (using .../ca-certificates_20160104ubuntu0.12.04.1_all.deb) ...
Unpacking replacement ca-certificates ...
Processing triggers for man-db ...
Setting up libssl-dev (1.0.1-4ubuntu5.39) ...
Setting up ca-certificates (20160104ubuntu0.12.04.1) ...
Updating certificates in /etc/ssl/certs... 35 added, 26 removed; done.
Running hooks in /etc/ca-certificates/update.d....
Adding debian:ACCVRAIZ1.pem
Adding debian:Atos_TrustedRoot_2011.pem
Adding debian:CA_WoSign_ECC_Root.pem
Adding debian:Certification_Authority_of_WoSign_G2.pem
Adding debian:Certinomis_-_Root_CA.pem
Adding debian:CFCA_EV_ROOT.pem
Adding debian:COMODO_RSA_Certification_Authority.pem
Adding debian:DigiCert_Assured_ID_Root_G2.pem
Adding debian:DigiCert_Assured_ID_Root_G3.pem
Adding debian:DigiCert_Global_Root_G2.pem
Adding debian:DigiCert_Global_Root_G3.pem
Adding debian:DigiCert_Trusted_Root_G4.pem
Adding debian:Entrust_Root_Certification_Authority_-_EC1.pem
Adding debian:Entrust_Root_Certification_Authority_-_G2.pem
Adding debian:E-Tugra_Certification_Authority.pem
Adding debian:GlobalSign_ECC_Root_CA_-_R4.pem
Adding debian:GlobalSign_ECC_Root_CA_-_R5.pem
Adding debian:IdenTrust_Commercial_Root_CA_1.pem
Adding debian:IdenTrust_Public_Sector_Root_CA_1.pem
Adding debian:OISTE_WISeKey_Global_Root_GB_CA.pem
Adding debian:QuoVadis_Root_CA_1_G3.pem
Adding debian:QuoVadis_Root_CA_2_G3.pem
Adding debian:QuoVadis_Root_CA_3_G3.pem
Adding debian:Staat_der_Nederlanden_EV_Root_CA.pem
Adding debian:Staat_der_Nederlanden_Root_CA_-_G3.pem
Adding debian:S-TRUST_Universal_Root_CA.pem
Adding debian:TeliaSonera_Root_CA_v1.pem
Adding debian:T-TeleSec_GlobalRoot_Class_2.pem
Adding debian:TÃœRKTRUST_Elektronik_Sertifika_Hizmet_SaÄŸlayÄ±cÄ±sÄ±_H5.pem
Adding debian:TÃœRKTRUST_Elektronik_Sertifika_Hizmet_SaÄŸlayÄ±cÄ±sÄ±_H6.pem
Adding debian:TWCA_Global_Root_CA.pem
Adding debian:USERTrust_ECC_Certification_Authority.pem
Adding debian:USERTrust_RSA_Certification_Authority.pem
Adding debian:WoSign_China.pem
Adding debian:WoSign.pem
Removing debian:A-Trust-nQual-03.pem
Removing debian:America_Online_Root_Certification_Authority_1.pem
Removing debian:America_Online_Root_Certification_Authority_2.pem
Removing debian:Buypass_Class_3_CA_1.pem
Removing debian:ComSign_Secured_CA.pem
Removing debian:Digital_Signature_Trust_Co._Global_CA_1.pem
Removing debian:Digital_Signature_Trust_Co._Global_CA_3.pem
Removing debian:E-Guven_Kok_Elektronik_Sertifika_Hizmet_Saglayicisi.pem
Removing debian:Entrust.net_Secure_Server_CA.pem
Removing debian:Firmaprofesional_Root_CA.pem
Removing debian:GTE_CyberTrust_Global_Root.pem
Removing debian:RSA_Root_Certificate_1.pem
Removing debian:TC_TrustCenter_Class_2_CA_II.pem
Removing debian:TC_TrustCenter_Universal_CA_I.pem
Removing debian:TDC_Internet_Root_CA.pem
Removing debian:TDC_OCES_Root_CA.pem
Removing debian:TURKTRUST_Certificate_Services_Provider_Root_1.pem
Removing debian:TURKTRUST_Certificate_Services_Provider_Root_2.pem
Removing debian:Thawte_Premium_Server_CA.pem
Removing debian:Thawte_Server_CA.pem
Removing debian:UTN_DATACorp_SGC_Root_CA.pem
Removing debian:ValiCert_Class_1_VA.pem
Removing debian:ValiCert_Class_2_VA.pem
Removing debian:Verisign_Class_4_Public_Primary_Certification_Authority_-_G3.pem
Removing debian:Wells_Fargo_Root_CA.pem
Removing debian:spi-cacert-2008.pem
done.
done.
travis_fold:end:update_libssl1.0.0[0K$ jdk_switcher use oraclejdk8
Switching to Oracle JDK8 (java-8-oracle), JAVA_HOME will be set to /usr/lib/jvm/java-8-oracle
travis_fold:start:git.checkout[0Ktravis_time:start:0175ba32[0K$ git clone --depth=50 --branch=trunk https://github.com/apache/jackrabbit-oak.git apache/jackrabbit-oak
Cloning into 'apache/jackrabbit-oak'...
remote: Counting objects: 6154, done.[K
remote: Compressing objects:   0% (1/4490)   [Kremote: Compressing objects:   1% (45/4490)   [Kremote: Compressing objects:   2% (90/4490)   [Kremote: Compressing objects:   3% (135/4490)   [Kremote: Compressing objects:   4% (180/4490)   [Kremote: Compressing objects:   5% (225/4490)   [Kremote: Compressing objects:   6% (270/4490)   [Kremote: Compressing objects:   7% (315/4490)   [Kremote: Compressing objects:   8% (360/4490)   [Kremote: Compressing objects:   9% (405/4490)   [Kremote: Compressing objects:  10% (449/4490)   [Kremote: Compressing objects:  11% (494/4490)   [Kremote: Compressing objects:  12% (539/4490)   [Kremote: Compressing objects:  13% (584/4490)   [Kremote: Compressing objects:  14% (629/4490)   [Kremote: Compressing objects:  15% (674/4490)   [Kremote: Compressing objects:  16% (719/4490)   [Kremote: Compressing objects:  17% (764/4490)   [Kremote: Compressing objects:  18% (809/4490)   [Kremote: Compressing objects:  19% (854/4490)   [Kremote: Compressing objects:  20% (898/4490)   [Kremote: Compressing objects:  21% (943/4490)   [Kremote: Compressing objects:  22% (988/4490)   [Kremote: Compressing objects:  23% (1033/4490)   [Kremote: Compressing objects:  24% (1078/4490)   [Kremote: Compressing objects:  25% (1123/4490)   [Kremote: Compressing objects:  26% (1168/4490)   [Kremote: Compressing objects:  27% (1213/4490)   [Kremote: Compressing objects:  28% (1258/4490)   [Kremote: Compressing objects:  29% (1303/4490)   [Kremote: Compressing objects:  30% (1347/4490)   [Kremote: Compressing objects:  31% (1392/4490)   [Kremote: Compressing objects:  32% (1437/4490)   [Kremote: Compressing objects:  33% (1482/4490)   [Kremote: Compressing objects:  34% (1527/4490)   [Kremote: Compressing objects:  35% (1572/4490)   [Kremote: Compressing objects:  36% (1617/4490)   [Kremote: Compressing objects:  37% (1662/4490)   [Kremote: Compressing objects:  38% (1707/4490)   [Kremote: Compressing objects:  39% (1752/4490)   [Kremote: Compressing objects:  40% (1796/4490)   [Kremote: Compressing objects:  41% (1841/4490)   [Kremote: Compressing objects:  42% (1886/4490)   [Kremote: Compressing objects:  43% (1931/4490)   [Kremote: Compressing objects:  44% (1976/4490)   [Kremote: Compressing objects:  45% (2021/4490)   [Kremote: Compressing objects:  46% (2066/4490)   [Kremote: Compressing objects:  47% (2111/4490)   [Kremote: Compressing objects:  48% (2156/4490)   [Kremote: Compressing objects:  49% (2201/4490)   [Kremote: Compressing objects:  50% (2245/4490)   [Kremote: Compressing objects:  51% (2290/4490)   [Kremote: Compressing objects:  52% (2335/4490)   [Kremote: Compressing objects:  53% (2380/4490)   [Kremote: Compressing objects:  54% (2425/4490)   [Kremote: Compressing objects:  55% (2470/4490)   [Kremote: Compressing objects:  56% (2515/4490)   [Kremote: Compressing objects:  57% (2560/4490)   [Kremote: Compressing objects:  58% (2605/4490)   [Kremote: Compressing objects:  59% (2650/4490)   [Kremote: Compressing objects:  60% (2694/4490)   [Kremote: Compressing objects:  61% (2739/4490)   [Kremote: Compressing objects:  62% (2784/4490)   [Kremote: Compressing objects:  63% (2829/4490)   [Kremote: Compressing objects:  64% (2874/4490)   [Kremote: Compressing objects:  65% (2919/4490)   [Kremote: Compressing objects:  66% (2964/4490)   [Kremote: Compressing objects:  67% (3009/4490)   [Kremote: Compressing objects:  68% (3054/4490)   [Kremote: Compressing objects:  69% (3099/4490)   [Kremote: Compressing objects:  70% (3143/4490)   [Kremote: Compressing objects:  71% (3188/4490)   [Kremote: Compressing objects:  72% (3233/4490)   [Kremote: Compressing objects:  73% (3278/4490)   [Kremote: Compressing objects:  74% (3323/4490)   [Kremote: Compressing objects:  75% (3368/4490)   [Kremote: Compressing objects:  76% (3413/4490)   [Kremote: Compressing objects:  77% (3458/4490)   [Kremote: Compressing objects:  78% (3503/4490)   [Kremote: Compressing objects:  79% (3548/4490)   [Kremote: Compressing objects:  80% (3592/4490)   [Kremote: Compressing objects:  81% (3637/4490)   [Kremote: Compressing objects:  82% (3682/4490)   [Kremote: Compressing objects:  83% (3727/4490)   [Kremote: Compressing objects:  84% (3772/4490)   [Kremote: Compressing objects:  85% (3817/4490)   [Kremote: Compressing objects:  86% (3862/4490)   [Kremote: Compressing objects:  87% (3907/4490)   [Kremote: Compressing objects:  88% (3952/4490)   [Kremote: Compressing objects:  89% (3997/4490)   [Kremote: Compressing objects:  90% (4041/4490)   [Kremote: Compressing objects:  91% (4086/4490)   [Kremote: Compressing objects:  92% (4131/4490)   [Kremote: Compressing objects:  93% (4176/4490)   [Kremote: Compressing objects:  94% (4221/4490)   [Kremote: Compressing objects:  95% (4266/4490)   [Kremote: Compressing objects:  96% (4311/4490)   [Kremote: Compressing objects:  97% (4356/4490)   [Kremote: Compressing objects:  98% (4401/4490)   [Kremote: Compressing objects:  99% (4446/4490)   [Kremote: Compressing objects: 100% (4490/4490)   [Kremote: Compressing objects: 100% (4490/4490), done.[K
Receiving objects:   0% (1/6154)   Receiving objects:   1% (62/6154)   Receiving objects:   2% (124/6154)   Receiving objects:   3% (185/6154)   Receiving objects:   4% (247/6154)   Receiving objects:   5% (308/6154)   Receiving objects:   6% (370/6154)   Receiving objects:   7% (431/6154)   Receiving objects:   8% (493/6154)   Receiving objects:   9% (554/6154)   Receiving objects:  10% (616/6154)   Receiving objects:  11% (677/6154)   Receiving objects:  12% (739/6154)   Receiving objects:  13% (801/6154)   Receiving objects:  14% (862/6154)   Receiving objects:  15% (924/6154)   Receiving objects:  16% (985/6154)   Receiving objects:  17% (1047/6154)   Receiving objects:  18% (1108/6154)   Receiving objects:  19% (1170/6154)   Receiving objects:  20% (1231/6154)   Receiving objects:  21% (1293/6154)   Receiving objects:  22% (1354/6154)   Receiving objects:  23% (1416/6154)   Receiving objects:  24% (1477/6154)   Receiving objects:  25% (1539/6154)   Receiving objects:  26% (1601/6154)   Receiving objects:  27% (1662/6154)   Receiving objects:  28% (1724/6154)   Receiving objects:  29% (1785/6154)   Receiving objects:  30% (1847/6154)   Receiving objects:  31% (1908/6154)   Receiving objects:  32% (1970/6154)   Receiving objects:  33% (2031/6154)   Receiving objects:  34% (2093/6154)   Receiving objects:  35% (2154/6154)   Receiving objects:  36% (2216/6154)   Receiving objects:  37% (2277/6154)   Receiving objects:  38% (2339/6154)   Receiving objects:  39% (2401/6154)   Receiving objects:  40% (2462/6154)   Receiving objects:  41% (2524/6154)   Receiving objects:  42% (2585/6154)   Receiving objects:  43% (2647/6154)   Receiving objects:  44% (2708/6154)   Receiving objects:  45% (2770/6154)   Receiving objects:  46% (2831/6154)   Receiving objects:  47% (2893/6154)   Receiving objects:  48% (2954/6154)   Receiving objects:  49% (3016/6154)   Receiving objects:  50% (3077/6154)   Receiving objects:  51% (3139/6154)   Receiving objects:  52% (3201/6154)   Receiving objects:  53% (3262/6154)   Receiving objects:  54% (3324/6154)   Receiving objects:  55% (3385/6154)   Receiving objects:  56% (3447/6154)   Receiving objects:  57% (3508/6154)   Receiving objects:  58% (3570/6154)   Receiving objects:  59% (3631/6154)   Receiving objects:  60% (3693/6154)   Receiving objects:  61% (3754/6154)   Receiving objects:  62% (3816/6154)   Receiving objects:  63% (3878/6154), 7.15 MiB | 14.27 MiB/s   Receiving objects:  64% (3939/6154), 7.15 MiB | 14.27 MiB/s   Receiving objects:  65% (4001/6154), 7.15 MiB | 14.27 MiB/s   Receiving objects:  66% (4062/6154), 7.15 MiB | 14.27 MiB/s   Receiving objects:  67% (4124/6154), 7.15 MiB | 14.27 MiB/s   Receiving objects:  68% (4185/6154), 7.15 MiB | 14.27 MiB/s   Receiving objects:  69% (4247/6154), 7.15 MiB | 14.27 MiB/s   Receiving objects:  70% (4308/6154), 7.15 MiB | 14.27 MiB/s   Receiving objects:  71% (4370/6154), 7.15 MiB | 14.27 MiB/s   Receiving objects:  72% (4431/6154), 7.15 MiB | 14.27 MiB/s   Receiving objects:  73% (4493/6154), 7.15 MiB | 14.27 MiB/s   Receiving objects:  74% (4554/6154), 7.15 MiB | 14.27 MiB/s   Receiving objects:  75% (4616/6154), 7.15 MiB | 14.27 MiB/s   Receiving objects:  76% (4678/6154), 7.15 MiB | 14.27 MiB/s   Receiving objects:  77% (4739/6154), 7.15 MiB | 14.27 MiB/s   Receiving objects:  78% (4801/6154), 7.15 MiB | 14.27 MiB/s   Receiving objects:  79% (4862/6154), 7.15 MiB | 14.27 MiB/s   Receiving objects:  80% (4924/6154), 7.15 MiB | 14.27 MiB/s   Receiving objects:  81% (4985/6154), 7.15 MiB | 14.27 MiB/s   Receiving objects:  82% (5047/6154), 7.15 MiB | 14.27 MiB/s   Receiving objects:  83% (5108/6154), 7.15 MiB | 14.27 MiB/s   Receiving objects:  84% (5170/6154), 7.15 MiB | 14.27 MiB/s   Receiving objects:  85% (5231/6154), 7.15 MiB | 14.27 MiB/s   Receiving objects:  86% (5293/6154), 7.15 MiB | 14.27 MiB/s   Receiving objects:  87% (5354/6154), 7.15 MiB | 14.27 MiB/s   Receiving objects:  88% (5416/6154), 7.15 MiB | 14.27 MiB/s   Receiving objects:  89% (5478/6154), 7.15 MiB | 14.27 MiB/s   Receiving objects:  90% (5539/6154), 7.15 MiB | 14.27 MiB/s   Receiving objects:  91% (5601/6154), 7.15 MiB | 14.27 MiB/s   Receiving objects:  92% (5662/6154), 7.15 MiB | 14.27 MiB/s   remote: Total 6154 (delta 2062), reused 2908 (delta 922), pack-reused 0[K
Receiving objects:  93% (5724/6154), 7.15 MiB | 14.27 MiB/s   Receiving objects:  94% (5785/6154), 7.15 MiB | 14.27 MiB/s   Receiving objects:  95% (5847/6154), 7.15 MiB | 14.27 MiB/s   Receiving objects:  96% (5908/6154), 7.15 MiB | 14.27 MiB/s   Receiving objects:  97% (5970/6154), 7.15 MiB | 14.27 MiB/s   Receiving objects:  98% (6031/6154), 7.15 MiB | 14.27 MiB/s   Receiving objects:  99% (6093/6154), 7.15 MiB | 14.27 MiB/s   Receiving objects: 100% (6154/6154), 7.15 MiB | 14.27 MiB/s   Receiving objects: 100% (6154/6154), 9.02 MiB | 14.27 MiB/s, done.
Resolving deltas:   0% (0/2062)   Resolving deltas:   1% (36/2062)   Resolving deltas:   2% (51/2062)   Resolving deltas:   3% (70/2062)   Resolving deltas:   4% (89/2062)   Resolving deltas:   5% (105/2062)   Resolving deltas:   6% (133/2062)   Resolving deltas:   7% (145/2062)   Resolving deltas:   8% (166/2062)   Resolving deltas:   9% (186/2062)   Resolving deltas:  10% (208/2062)   Resolving deltas:  11% (227/2062)   Resolving deltas:  12% (248/2062)   Resolving deltas:  13% (270/2062)   Resolving deltas:  14% (290/2062)   Resolving deltas:  15% (311/2062)   Resolving deltas:  16% (331/2062)   Resolving deltas:  17% (353/2062)   Resolving deltas:  18% (372/2062)   Resolving deltas:  19% (398/2062)   Resolving deltas:  20% (413/2062)   Resolving deltas:  21% (435/2062)   Resolving deltas:  22% (456/2062)   Resolving deltas:  23% (475/2062)   Resolving deltas:  24% (495/2062)   Resolving deltas:  25% (516/2062)   Resolving deltas:  26% (537/2062)   Resolving deltas:  27% (557/2062)   Resolving deltas:  28% (581/2062)   Resolving deltas:  29% (599/2062)   Resolving deltas:  30% (622/2062)   Resolving deltas:  31% (640/2062)   Resolving deltas:  32% (660/2062)   Resolving deltas:  33% (683/2062)   Resolving deltas:  34% (703/2062)   Resolving deltas:  35% (723/2062)   Resolving deltas:  36% (746/2062)   Resolving deltas:  37% (763/2062)   Resolving deltas:  38% (787/2062)   Resolving deltas:  39% (805/2062)   Resolving deltas:  40% (827/2062)   Resolving deltas:  41% (849/2062)   Resolving deltas:  42% (876/2062)   Resolving deltas:  43% (888/2062)   Resolving deltas:  44% (911/2062)   Resolving deltas:  45% (928/2062)   Resolving deltas:  46% (951/2062)   Resolving deltas:  47% (973/2062)   Resolving deltas:  48% (990/2062)   Resolving deltas:  49% (1011/2062)   Resolving deltas:  50% (1033/2062)   Resolving deltas:  51% (1054/2062)   Resolving deltas:  52% (1074/2062)   Resolving deltas:  53% (1093/2062)   Resolving deltas:  54% (1114/2062)   Resolving deltas:  55% (1135/2062)   Resolving deltas:  56% (1156/2062)   Resolving deltas:  57% (1178/2062)   Resolving deltas:  58% (1196/2062)   Resolving deltas:  59% (1218/2062)   Resolving deltas:  60% (1240/2062)   Resolving deltas:  61% (1258/2062)   Resolving deltas:  62% (1279/2062)   Resolving deltas:  63% (1301/2062)   Resolving deltas:  64% (1321/2062)   Resolving deltas:  65% (1344/2062)   Resolving deltas:  66% (1365/2062)   Resolving deltas:  67% (1382/2062)   Resolving deltas:  68% (1404/2062)   Resolving deltas:  69% (1424/2062)   Resolving deltas:  70% (1444/2062)   Resolving deltas:  71% (1466/2062)   Resolving deltas:  72% (1487/2062)   Resolving deltas:  73% (1511/2062)   Resolving deltas:  74% (1528/2062)   Resolving deltas:  75% (1547/2062)   Resolving deltas:  76% (1570/2062)   Resolving deltas:  77% (1588/2062)   Resolving deltas:  79% (1641/2062)   Resolving deltas:  80% (1650/2062)   Resolving deltas:  81% (1672/2062)   Resolving deltas:  82% (1691/2062)   Resolving deltas:  83% (1713/2062)   Resolving deltas:  84% (1734/2062)   Resolving deltas:  85% (1767/2062)   Resolving deltas:  86% (1776/2062)   Resolving deltas:  87% (1800/2062)   Resolving deltas:  88% (1815/2062)   Resolving deltas:  89% (1838/2062)   Resolving deltas:  90% (1862/2062)   Resolving deltas:  91% (1878/2062)   Resolving deltas:  92% (1899/2062)   Resolving deltas:  93% (1919/2062)   Resolving deltas:  94% (1940/2062)   Resolving deltas:  95% (1961/2062)   Resolving deltas:  96% (1981/2062)   Resolving deltas:  97% (2001/2062)   Resolving deltas:  98% (2027/2062)   Resolving deltas:  99% (2053/2062)   Resolving deltas: 100% (2062/2062)   Resolving deltas: 100% (2062/2062), done.
Checking connectivity... done.

travis_time:end:0175ba32:start=1502282924200221567,finish=1502282927252722459,duration=3052500892[0K$ cd apache/jackrabbit-oak
$ git checkout -qf 8d85317d3babe236b443d824d19b7dee0682ef26
travis_fold:end:git.checkout[0Ktravis_fold:start:apt[0K[33;1mAdding APT Sources (BETA)[0m
$ export DEBIAN_FRONTEND=noninteractive
travis_time:start:03676e20[0K$ curl -sSL "http://keyserver.ubuntu.com/pks/lookup?op=get&fingerprint=on&search=0x9ECBEC467F0CEB10" | sudo -E apt-key add -
OK

travis_time:end:03676e20:start=1502282927444326650,finish=1502282927620127742,duration=175801092[0Ktravis_time:start:0ca0d718[0K$ echo "deb http://downloads-distro.mongodb.org/repo/ubuntu-upstart dist 10gen" | sudo tee -a /etc/apt/sources.list > /dev/null

travis_time:end:0ca0d718:start=1502282927624992969,finish=1502282927635186778,duration=10193809[0K[33;1mInstalling APT Packages (BETA)[0m
$ export DEBIAN_FRONTEND=noninteractive
travis_time:start:20df595e[0K$ sudo -E apt-get -yq update &>> ~/apt-get-update.log

travis_time:end:20df595e:start=1502282927640199319,finish=1502282932090022017,duration=4449822698[0Ktravis_time:start:01a81e05[0K$ sudo -E apt-get -yq --no-install-suggests --no-install-recommends --force-yes install mongodb-org-server oracle-java8-installer
Reading package lists...
Building dependency tree...
Reading state information...
Suggested packages:
  binfmt-support visualvm ttf-baekmuk ttf-unfonts ttf-unfonts-core
  ttf-kochi-gothic ttf-sazanami-gothic ttf-kochi-mincho ttf-sazanami-mincho
  ttf-arphic-uming
Recommended packages:
  oracle-java8-set-default
The following packages will be REMOVED:
  mongodb-10gen
The following NEW packages will be installed:
  mongodb-org-server
The following packages will be upgraded:
  oracle-java8-installer
1 upgraded, 1 newly installed, 1 to remove and 273 not upgraded.
Need to get 9,574 kB of archives.
After this operation, 201 MB disk space will be freed.
Get:1 http://downloads-distro.mongodb.org/repo/ubuntu-upstart/ dist/10gen mongodb-org-server amd64 2.6.12 [9,541 kB]
Get:2 http://ppa.launchpad.net/webupd8team/java/ubuntu/ precise/main oracle-java8-installer all 8u144-1~webupd8~0 [32.9 kB]
Fetched 9,574 kB in 0s (31.5 MB/s)
Preconfiguring packages ...
(Reading database ... (Reading database ... 5%(Reading database ... 10%(Reading database ... 15%(Reading database ... 20%(Reading database ... 25%(Reading database ... 30%(Reading database ... 35%(Reading database ... 40%(Reading database ... 45%(Reading database ... 50%(Reading database ... 55%(Reading database ... 60%(Reading database ... 65%(Reading database ... 70%(Reading database ... 75%(Reading database ... 80%(Reading database ... 85%(Reading database ... 90%(Reading database ... 95%(Reading database ... 100%(Reading database ... 72026 files and directories currently installed.)
Removing mongodb-10gen ...
arg: remove
 * Stopping database mongodb       [80G [74G[ OK ]
Processing triggers for man-db ...
(Reading database ... (Reading database ... 5%(Reading database ... 10%(Reading database ... 15%(Reading database ... 20%(Reading database ... 25%(Reading database ... 30%(Reading database ... 35%(Reading database ... 40%(Reading database ... 45%(Reading database ... 50%(Reading database ... 55%(Reading database ... 60%(Reading database ... 65%(Reading database ... 70%(Reading database ... 75%(Reading database ... 80%(Reading database ... 85%(Reading database ... 90%(Reading database ... 95%(Reading database ... 100%(Reading database ... 71995 files and directories currently installed.)
Preparing to replace oracle-java8-installer 8u31+8u33arm-1~webupd8~1 (using .../oracle-java8-installer_8u144-1~webupd8~0_all.deb) ...
oracle-license-v1-1 license has already been accepted
Unpacking replacement oracle-java8-installer ...
Selecting previously unselected package mongodb-org-server.
Unpacking mongodb-org-server (from .../mongodb-org-server_2.6.12_amd64.deb) ...
Processing triggers for shared-mime-info ...
Processing triggers for hicolor-icon-theme ...
Processing triggers for man-db ...
Setting up oracle-java8-installer (8u144-1~webupd8~0) ...
No /var/cache/oracle-jdk8-installer/wgetrc file found.
Creating /var/cache/oracle-jdk8-installer/wgetrc and
using default oracle-java8-installer wgetrc settings for it.
Downloading Oracle Java 8...
--2017-08-09 12:49:00--  http://download.oracle.com/otn-pub/java/jdk/8u144-b01/090f390dda5b47b9b721c7dfaa008135/jdk-8u144-linux-x64.tar.gz
Resolving download.oracle.com (download.oracle.com)... 23.215.130.99, 23.215.130.114
Connecting to download.oracle.com (download.oracle.com)|23.215.130.99|:80... connected.
HTTP request sent, awaiting response... 302 Moved Temporarily
Location: https://edelivery.oracle.com/otn-pub/java/jdk/8u144-b01/090f390dda5b47b9b721c7dfaa008135/jdk-8u144-linux-x64.tar.gz [following]
--2017-08-09 12:49:00--  https://edelivery.oracle.com/otn-pub/java/jdk/8u144-b01/090f390dda5b47b9b721c7dfaa008135/jdk-8u144-linux-x64.tar.gz
Resolving edelivery.oracle.com (edelivery.oracle.com)... 23.55.20.245, 2600:1408:10:29b::2d3e, 2600:1408:10:297::2d3e
Connecting to edelivery.oracle.com (edelivery.oracle.com)|23.55.20.245|:443... connected.
HTTP request sent, awaiting response... 302 Moved Temporarily
Location: http://download.oracle.com/otn-pub/java/jdk/8u144-b01/090f390dda5b47b9b721c7dfaa008135/jdk-8u144-linux-x64.tar.gz?AuthParam=1502283060_fa482825b25d7998c74029e2097cf270 [following]
--2017-08-09 12:49:00--  http://download.oracle.com/otn-pub/java/jdk/8u144-b01/090f390dda5b47b9b721c7dfaa008135/jdk-8u144-linux-x64.tar.gz?AuthParam=1502283060_fa482825b25d7998c74029e2097cf270
Connecting to download.oracle.com (download.oracle.com)|23.215.130.99|:80... connected.
HTTP request sent, awaiting response... 200 OK
Length: 185515842 (177M) [application/x-gzip]
Saving to: `jdk-8u144-linux-x64.tar.gz'

     0K ........ ........ ........ ........ ........ ........  1% 58.6M 3s
  3072K ........ ........ ........ ........ ........ ........  3%  105M 2s
  6144K ........ ........ ........ ........ ........ ........  5%  135M 2s
  9216K ........ ........ ........ ........ ........ ........  6%  128M 2s
 12288K ........ ........ ........ ........ ........ ........  8%  131M 2s
 15360K ........ ........ ........ ........ ........ ........ 10%  130M 2s
 18432K ........ ........ ........ ........ ........ ........ 11%  129M 1s
 21504K ........ ........ ........ ........ ........ ........ 13%  104M 1s
 24576K ........ ........ ........ ........ ........ ........ 15% 99.4M 1s
 27648K ........ ........ ........ ........ ........ ........ 16% 79.5M 1s
 30720K ........ ........ ........ ........ ........ ........ 18% 71.1M 1s
 33792K ........ ........ ........ ........ ........ ........ 20% 71.8M 1s
 36864K ........ ........ ........ ........ ........ ........ 22% 74.7M 1s
 39936K ........ ........ ........ ........ ........ ........ 23% 80.5M 1s
 43008K ........ ........ ........ ........ ........ ........ 25% 77.6M 1s
 46080K ........ ........ ........ ........ ........ ........ 27% 78.8M 1s
 49152K ........ ........ ........ ........ ........ ........ 28% 75.7M 1s
 52224K ........ ........ ........ ........ ........ ........ 30% 82.6M 1s
 55296K ........ ........ ........ ........ ........ ........ 32% 83.5M 1s
 58368K ........ ........ ........ ........ ........ ........ 33% 80.6M 1s
 61440K ........ ........ ........ ........ ........ ........ 35% 83.5M 1s
 64512K ........ ........ ........ ........ ........ ........ 37% 87.9M 1s
 67584K ........ ........ ........ ........ ........ ........ 39% 86.0M 1s
 70656K ........ ........ ........ ........ ........ ........ 40% 86.3M 1s
 73728K ........ ........ ........ ........ ........ ........ 42% 90.7M 1s
 76800K ........ ........ ........ ........ ........ ........ 44% 90.7M 1s
 79872K ........ ........ ........ ........ ........ ........ 45% 83.2M 1s
 82944K ........ ........ ........ ........ ........ ........ 47%  100M 1s
 86016K ........ ........ ........ ........ ........ ........ 49% 88.2M 1s
 89088K ........ ........ ........ ........ ........ ........ 50% 90.7M 1s
 92160K ........ ........ ........ ........ ........ ........ 52% 90.5M 1s
 95232K ........ ........ ........ ........ ........ ........ 54%  101M 1s
 98304K ........ ........ ........ ........ ........ ........ 55% 91.0M 1s
101376K ........ ........ ........ ........ ........ ........ 57% 98.3M 1s
104448K ........ ........ ........ ........ ........ ........ 59% 98.4M 1s
107520K ........ ........ ........ ........ ........ ........ 61% 92.7M 1s
110592K ........ ........ ........ ........ ........ ........ 62%  103M 1s
113664K ........ ........ ........ ........ ........ ........ 64%  103M 1s
116736K ........ ........ ........ ........ ........ ........ 66% 99.9M 1s
119808K ........ ........ ........ ........ ........ ........ 67% 97.4M 1s
122880K ........ ........ ........ ........ ........ ........ 69%  105M 1s
125952K ........ ........ ........ ........ ........ ........ 71% 99.6M 1s
129024K ........ ........ ........ ........ ........ ........ 72%  105M 1s
132096K ........ ........ ........ ........ ........ ........ 74% 96.9M 0s
135168K ........ ........ ........ ........ ........ ........ 76%  105M 0s
138240K ........ ........ ........ ........ ........ ........ 78%  106M 0s
141312K ........ ........ ........ ........ ........ ........ 79%  103M 0s
144384K ........ ........ ........ ........ ........ ........ 81%  108M 0s
147456K ........ ........ ........ ........ ........ ........ 83%  106M 0s
150528K ........ ........ ........ ........ ........ ........ 84%  109M 0s
153600K ........ ........ ........ ........ ........ ........ 86%  117M 0s
156672K ........ ........ ........ ........ ........ ........ 88%  110M 0s
159744K ........ ........ ........ ........ ........ ........ 89%  108M 0s
162816K ........ ........ ........ ........ ........ ........ 91%  109M 0s
165888K ........ ........ ........ ........ ........ ........ 93%  121M 0s
168960K ........ ........ ........ ........ ........ ........ 94%  109M 0s
172032K ........ ........ ........ ........ ........ ........ 96%  110M 0s
175104K ........ ........ ........ ........ ........ ........ 98%  123M 0s
178176K ........ ........ ........ ........ ........ ......  100%  108M=1.9s

2017-08-09 12:49:02 (95.4 MB/s) - `jdk-8u144-linux-x64.tar.gz' saved [185515842/185515842]

Download done.
Removing outdated cached downloads...
Oracle JDK 8 installed

#####Important########
To set Oracle JDK8 as default, install the "oracle-java8-set-default" package.
E.g.: sudo apt install oracle-java8-set-default
On Ubuntu systems, oracle-java8-set-default is most probably installed
automatically with this package.
######################

Setting up mongodb-org-server (2.6.12) ...
mongod start/running, process 8470

travis_time:end:01a81e05:start=1502282932094760167,finish=1502282948364862922,duration=16270102755[0Ktravis_fold:end:apt[0K
[33;1mSetting environment variables from .travis.yml[0m
$ export MODULE=oak-it

travis_fold:start:cache.1[0KSetting up build cache
$ export CASHER_DIR=$HOME/.casher
travis_time:start:0a286354[0K$ Installing caching utilities

travis_time:end:0a286354:start=1502282951695602129,finish=1502282951742311575,duration=46709446[0Ktravis_time:start:00b9cc88[0K
travis_time:end:00b9cc88:start=1502282951748655461,finish=1502282951752858499,duration=4203038[0Ktravis_time:start:09c4f374[0K[32;1mattempting to download cache archive[0m
[32;1mfetching trunk/cache-linux-precise-846db94262b002fb5f34d4aed450e00d2ad32ef9b68a4816887d74d41dcffd1c--jdk-oraclejdk8.tgz[0m
[32;1mfound cache[0m

travis_time:end:09c4f374:start=1502282951757716716,finish=1502282953292309073,duration=1534592357[0Ktravis_time:start:06a425b7[0K
travis_time:end:06a425b7:start=1502282953297536315,finish=1502282953301795815,duration=4259500[0Ktravis_time:start:06edcc34[0K[32;1madding /home/travis/.m2 to cache[0m

travis_time:end:06edcc34:start=1502282953306936100,finish=1502282955123124617,duration=1816188517[0Ktravis_fold:end:cache.1[0K$ java -Xmx32m -version
java version "1.8.0_144"
Java(TM) SE Runtime Environment (build 1.8.0_144-b01)
Java HotSpot(TM) 64-Bit Server VM (build 25.144-b01, mixed mode)
$ javac -J-Xmx32m -version
javac 1.8.0_144
travis_fold:start:install[0Ktravis_time:start:1977442b[0K$ mvn --batch-mode -DskipTests -Dbaseline.skip=true install -pl :${MODULE} -am -nsu
Java HotSpot(TM) 64-Bit Server VM warning: ignoring option MaxPermSize=192m; support was removed in 8.0
[INFO] Scanning for projects...
[INFO] ------------------------------------------------------------------------
[INFO] Reactor Build Order:
[INFO] 
[INFO] Oak Parent POM
[INFO] Oak Commons
[INFO] Oak API
[INFO] Oak Core SPI
[INFO] Oak NodeStore and Commit SPI
[INFO] Oak Blob Store
[INFO] Oak Blob Plugins
[INFO] Oak Core
[INFO] Oak Composite Store
[INFO] Oak Cloud Blob Store
[INFO] Oak Azure Cloud Blob Store
[INFO] Oak Segment Tar
[INFO] Oak Integration Tests
[INFO]                                                                         
[INFO] ------------------------------------------------------------------------
[INFO] Building Oak Parent POM 1.8-SNAPSHOT
[INFO] ------------------------------------------------------------------------
[INFO] 
[INFO] --- jacoco-maven-plugin:0.7.9:prepare-agent (pre-unit-test) @ oak-parent ---
[INFO] Skipping JaCoCo execution because property jacoco.skip is set.
[INFO] test.opts.coverage set to empty
[INFO] 
[INFO] --- maven-remote-resources-plugin:1.5:process (process-resource-bundles) @ oak-parent ---
[INFO] 
[INFO] --- animal-sniffer-maven-plugin:1.15:check (animal-sniffer) @ oak-parent ---
[INFO] Checking unresolved references to org.codehaus.mojo.signature:java18:1.0
[INFO] 
[INFO] --- jacoco-maven-plugin:0.7.9:report (post-unit-test) @ oak-parent ---
[INFO] Skipping JaCoCo execution because property jacoco.skip is set.
[INFO] 
[INFO] --- maven-site-plugin:3.6:attach-descriptor (attach-descriptor) @ oak-parent ---
[INFO] No site descriptor found: nothing to attach.
[INFO] 
[INFO] --- maven-jar-plugin:3.0.2:test-jar (default) @ oak-parent ---
[WARNING] JAR will be empty - no content was marked for inclusion!
[INFO] Building jar: /home/travis/build/apache/jackrabbit-oak/oak-parent/target/oak-parent-1.8-SNAPSHOT-tests.jar
[INFO] 
[INFO] --- jacoco-maven-plugin:0.7.9:check (default-check) @ oak-parent ---
[INFO] Skipping JaCoCo execution due to missing execution data file:/home/travis/build/apache/jackrabbit-oak/oak-parent/target/coverage-reports/jacoco-ut.exec
[INFO] 
[INFO] --- maven-install-plugin:2.5.2:install (default-install) @ oak-parent ---
[INFO] Installing /home/travis/build/apache/jackrabbit-oak/oak-parent/pom.xml to /home/travis/.m2/repository/org/apache/jackrabbit/oak-parent/1.8-SNAPSHOT/oak-parent-1.8-SNAPSHOT.pom
[INFO] Installing /home/travis/build/apache/jackrabbit-oak/oak-parent/target/oak-parent-1.8-SNAPSHOT-tests.jar to /home/travis/.m2/repository/org/apache/jackrabbit/oak-parent/1.8-SNAPSHOT/oak-parent-1.8-SNAPSHOT-tests.jar
[INFO]                                                                         
[INFO] ------------------------------------------------------------------------
[INFO] Building Oak Commons 1.8-SNAPSHOT
[INFO] ------------------------------------------------------------------------
[INFO] 
[INFO] --- jacoco-maven-plugin:0.7.9:prepare-agent (pre-unit-test) @ oak-commons ---
[INFO] Skipping JaCoCo execution because property jacoco.skip is set.
[INFO] test.opts.coverage set to empty
[INFO] 
[INFO] --- maven-remote-resources-plugin:1.5:process (process-resource-bundles) @ oak-commons ---
[INFO] 
[INFO] --- maven-resources-plugin:2.7:resources (default-resources) @ oak-commons ---
[INFO] Using 'UTF-8' encoding to copy filtered resources.
[INFO] skip non existing resourceDirectory /home/travis/build/apache/jackrabbit-oak/oak-commons/src/main/resources
[INFO] Copying 3 resources
[INFO] 
[INFO] --- maven-compiler-plugin:3.5.1:compile (default-compile) @ oak-commons ---
[INFO] Changes detected - recompiling the module!
[INFO] Compiling 27 source files to /home/travis/build/apache/jackrabbit-oak/oak-commons/target/classes
[INFO] /home/travis/build/apache/jackrabbit-oak/oak-commons/src/main/java/org/apache/jackrabbit/oak/commons/FileIOUtils.java: /home/travis/build/apache/jackrabbit-oak/oak-commons/src/main/java/org/apache/jackrabbit/oak/commons/FileIOUtils.java uses unchecked or unsafe operations.
[INFO] /home/travis/build/apache/jackrabbit-oak/oak-commons/src/main/java/org/apache/jackrabbit/oak/commons/FileIOUtils.java: Recompile with -Xlint:unchecked for details.
[INFO] 
[INFO] --- animal-sniffer-maven-plugin:1.15:check (animal-sniffer) @ oak-commons ---
[INFO] Checking unresolved references to org.codehaus.mojo.signature:java18:1.0
[INFO] 
[INFO] --- maven-bundle-plugin:3.3.0:manifest (scr-metadata) @ oak-commons ---
[INFO] 
[INFO] --- maven-resources-plugin:2.7:testResources (default-testResources) @ oak-commons ---
[INFO] Using 'UTF-8' encoding to copy filtered resources.
[INFO] Copying 4 resources
[INFO] Copying 3 resources
[INFO] 
[INFO] --- maven-compiler-plugin:3.5.1:testCompile (default-testCompile) @ oak-commons ---
[INFO] Changes detected - recompiling the module!
[INFO] Compiling 27 source files to /home/travis/build/apache/jackrabbit-oak/oak-commons/target/test-classes
[INFO] /home/travis/build/apache/jackrabbit-oak/oak-commons/src/test/java/org/apache/jackrabbit/oak/commons/cache/ConcurrentCacheTest.java: Some input files use or override a deprecated API.
[INFO] /home/travis/build/apache/jackrabbit-oak/oak-commons/src/test/java/org/apache/jackrabbit/oak/commons/cache/ConcurrentCacheTest.java: Recompile with -Xlint:deprecation for details.
[INFO] /home/travis/build/apache/jackrabbit-oak/oak-commons/src/test/java/org/apache/jackrabbit/oak/commons/FileIOUtilsTest.java: /home/travis/build/apache/jackrabbit-oak/oak-commons/src/test/java/org/apache/jackrabbit/oak/commons/FileIOUtilsTest.java uses unchecked or unsafe operations.
[INFO] /home/travis/build/apache/jackrabbit-oak/oak-commons/src/test/java/org/apache/jackrabbit/oak/commons/FileIOUtilsTest.java: Recompile with -Xlint:unchecked for details.
[INFO] 
[INFO] --- maven-surefire-plugin:2.20:test (default-test) @ oak-commons ---
[INFO] Tests are skipped.
[INFO] 
[INFO] --- jacoco-maven-plugin:0.7.9:report (post-unit-test) @ oak-commons ---
[INFO] Skipping JaCoCo execution because property jacoco.skip is set.
[INFO] 
[INFO] --- maven-bundle-plugin:3.3.0:bundle (default-bundle) @ oak-commons ---
[INFO] 
[INFO] --- maven-site-plugin:3.6:attach-descriptor (attach-descriptor) @ oak-commons ---
[INFO] Skipping because packaging 'bundle' is not pom.
[INFO] 
[INFO] --- maven-jar-plugin:3.0.2:test-jar (default) @ oak-commons ---
[INFO] Building jar: /home/travis/build/apache/jackrabbit-oak/oak-commons/target/oak-commons-1.8-SNAPSHOT-tests.jar
[INFO] 
[INFO] --- maven-bundle-plugin:3.3.0:baseline (baseline) @ oak-commons ---
[INFO] Skipping Baseline execution
[INFO] 
[INFO] --- jacoco-maven-plugin:0.7.9:check (default-check) @ oak-commons ---
[INFO] Skipping JaCoCo execution due to missing execution data file:/home/travis/build/apache/jackrabbit-oak/oak-commons/target/coverage-reports/jacoco-ut.exec
[INFO] 
[INFO] --- maven-install-plugin:2.5.2:install (default-install) @ oak-commons ---
[INFO] Installing /home/travis/build/apache/jackrabbit-oak/oak-commons/target/oak-commons-1.8-SNAPSHOT.jar to /home/travis/.m2/repository/org/apache/jackrabbit/oak-commons/1.8-SNAPSHOT/oak-commons-1.8-SNAPSHOT.jar
[INFO] Installing /home/travis/build/apache/jackrabbit-oak/oak-commons/pom.xml to /home/travis/.m2/repository/org/apache/jackrabbit/oak-commons/1.8-SNAPSHOT/oak-commons-1.8-SNAPSHOT.pom
[INFO] Installing /home/travis/build/apache/jackrabbit-oak/oak-commons/target/oak-commons-1.8-SNAPSHOT-tests.jar to /home/travis/.m2/repository/org/apache/jackrabbit/oak-commons/1.8-SNAPSHOT/oak-commons-1.8-SNAPSHOT-tests.jar
[INFO] 
[INFO] --- maven-bundle-plugin:3.3.0:install (default-install) @ oak-commons ---
[INFO] Local OBR update disabled (enable with -DobrRepository)
[INFO]                                                                         
[INFO] ------------------------------------------------------------------------
[INFO] Building Oak API 1.8-SNAPSHOT
[INFO] ------------------------------------------------------------------------
[INFO] 
[INFO] --- jacoco-maven-plugin:0.7.9:prepare-agent (pre-unit-test) @ oak-api ---
[INFO] Skipping JaCoCo execution because property jacoco.skip is set.
[INFO] test.opts.coverage set to empty
[INFO] 
[INFO] --- maven-remote-resources-plugin:1.5:process (process-resource-bundles) @ oak-api ---
[INFO] 
[INFO] --- maven-resources-plugin:2.7:resources (default-resources) @ oak-api ---
[INFO] Using 'UTF-8' encoding to copy filtered resources.
[INFO] skip non existing resourceDirectory /home/travis/build/apache/jackrabbit-oak/oak-api/src/main/resources
[INFO] Copying 3 resources
[INFO] 
[INFO] --- maven-compiler-plugin:3.5.1:compile (default-compile) @ oak-api ---
[INFO] Changes detected - recompiling the module!
[INFO] Compiling 34 source files to /home/travis/build/apache/jackrabbit-oak/oak-api/target/classes
[INFO] 
[INFO] --- animal-sniffer-maven-plugin:1.15:check (animal-sniffer) @ oak-api ---
[INFO] Checking unresolved references to org.codehaus.mojo.signature:java18:1.0
[INFO] 
[INFO] --- maven-bundle-plugin:3.3.0:manifest (scr-metadata) @ oak-api ---
[INFO] 
[INFO] --- maven-resources-plugin:2.7:testResources (default-testResources) @ oak-api ---
[INFO] Using 'UTF-8' encoding to copy filtered resources.
[INFO] skip non existing resourceDirectory /home/travis/build/apache/jackrabbit-oak/oak-api/src/test/resources
[INFO] Copying 3 resources
[INFO] 
[INFO] --- maven-compiler-plugin:3.5.1:testCompile (default-testCompile) @ oak-api ---
[INFO] Changes detected - recompiling the module!
[INFO] Compiling 2 source files to /home/travis/build/apache/jackrabbit-oak/oak-api/target/test-classes
[INFO] 
[INFO] --- maven-surefire-plugin:2.20:test (default-test) @ oak-api ---
[INFO] Tests are skipped.
[INFO] 
[INFO] --- jacoco-maven-plugin:0.7.9:report (post-unit-test) @ oak-api ---
[INFO] Skipping JaCoCo execution because property jacoco.skip is set.
[INFO] 
[INFO] --- maven-bundle-plugin:3.3.0:bundle (default-bundle) @ oak-api ---
[INFO] 
[INFO] --- maven-site-plugin:3.6:attach-descriptor (attach-descriptor) @ oak-api ---
[INFO] Skipping because packaging 'bundle' is not pom.
[INFO] 
[INFO] --- maven-jar-plugin:3.0.2:test-jar (default) @ oak-api ---
[INFO] Building jar: /home/travis/build/apache/jackrabbit-oak/oak-api/target/oak-api-1.8-SNAPSHOT-tests.jar
[INFO] 
[INFO] --- maven-bundle-plugin:3.3.0:baseline (baseline) @ oak-api ---
[INFO] Skipping Baseline execution
[INFO] 
[INFO] --- jacoco-maven-plugin:0.7.9:check (default-check) @ oak-api ---
[INFO] Skipping JaCoCo execution due to missing execution data file:/home/travis/build/apache/jackrabbit-oak/oak-api/target/coverage-reports/jacoco-ut.exec
[INFO] 
[INFO] --- maven-install-plugin:2.5.2:install (default-install) @ oak-api ---
[INFO] Installing /home/travis/build/apache/jackrabbit-oak/oak-api/target/oak-api-1.8-SNAPSHOT.jar to /home/travis/.m2/repository/org/apache/jackrabbit/oak-api/1.8-SNAPSHOT/oak-api-1.8-SNAPSHOT.jar
[INFO] Installing /home/travis/build/apache/jackrabbit-oak/oak-api/pom.xml to /home/travis/.m2/repository/org/apache/jackrabbit/oak-api/1.8-SNAPSHOT/oak-api-1.8-SNAPSHOT.pom
[INFO] Installing /home/travis/build/apache/jackrabbit-oak/oak-api/target/oak-api-1.8-SNAPSHOT-tests.jar to /home/travis/.m2/repository/org/apache/jackrabbit/oak-api/1.8-SNAPSHOT/oak-api-1.8-SNAPSHOT-tests.jar
[INFO] 
[INFO] --- maven-bundle-plugin:3.3.0:install (default-install) @ oak-api ---
[INFO] Local OBR update disabled (enable with -DobrRepository)
[INFO]                                                                         
[INFO] ------------------------------------------------------------------------
[INFO] Building Oak Core SPI 1.8-SNAPSHOT
[INFO] ------------------------------------------------------------------------
[INFO] 
[INFO] --- jacoco-maven-plugin:0.7.9:prepare-agent (pre-unit-test) @ oak-core-spi ---
[INFO] Skipping JaCoCo execution because property jacoco.skip is set.
[INFO] test.opts.coverage set to empty
[INFO] 
[INFO] --- maven-remote-resources-plugin:1.5:process (process-resource-bundles) @ oak-core-spi ---
[INFO] 
[INFO] --- maven-resources-plugin:2.7:resources (default-resources) @ oak-core-spi ---
[INFO] Using 'UTF-8' encoding to copy filtered resources.
[INFO] skip non existing resourceDirectory /home/travis/build/apache/jackrabbit-oak/oak-core-spi/src/main/resources
[INFO] Copying 3 resources
[INFO] 
[INFO] --- maven-compiler-plugin:3.5.1:compile (default-compile) @ oak-core-spi ---
[INFO] Changes detected - recompiling the module!
[INFO] Compiling 48 source files to /home/travis/build/apache/jackrabbit-oak/oak-core-spi/target/classes
[INFO] /home/travis/build/apache/jackrabbit-oak/oak-core-spi/src/main/java/org/apache/jackrabbit/oak/spi/whiteboard/WhiteboardUtils.java: /home/travis/build/apache/jackrabbit-oak/oak-core-spi/src/main/java/org/apache/jackrabbit/oak/spi/whiteboard/WhiteboardUtils.java uses unchecked or unsafe operations.
[INFO] /home/travis/build/apache/jackrabbit-oak/oak-core-spi/src/main/java/org/apache/jackrabbit/oak/spi/whiteboard/WhiteboardUtils.java: Recompile with -Xlint:unchecked for details.
[INFO] 
[INFO] --- animal-sniffer-maven-plugin:1.15:check (animal-sniffer) @ oak-core-spi ---
[INFO] Checking unresolved references to org.codehaus.mojo.signature:java18:1.0
[INFO] 
[INFO] --- maven-bundle-plugin:3.3.0:manifest (scr-metadata) @ oak-core-spi ---
[INFO] 
[INFO] --- maven-resources-plugin:2.7:testResources (default-testResources) @ oak-core-spi ---
[INFO] Using 'UTF-8' encoding to copy filtered resources.
[INFO] skip non existing resourceDirectory /home/travis/build/apache/jackrabbit-oak/oak-core-spi/src/test/resources
[INFO] Copying 3 resources
[INFO] 
[INFO] --- maven-compiler-plugin:3.5.1:testCompile (default-testCompile) @ oak-core-spi ---
[INFO] Changes detected - recompiling the module!
[INFO] Compiling 17 source files to /home/travis/build/apache/jackrabbit-oak/oak-core-spi/target/test-classes
[INFO] /home/travis/build/apache/jackrabbit-oak/oak-core-spi/src/test/java/org/apache/jackrabbit/oak/commons/jmx/AnnotatedStandardMBeanTest.java: Some input files use or override a deprecated API.
[INFO] /home/travis/build/apache/jackrabbit-oak/oak-core-spi/src/test/java/org/apache/jackrabbit/oak/commons/jmx/AnnotatedStandardMBeanTest.java: Recompile with -Xlint:deprecation for details.
[INFO] 
[INFO] --- maven-surefire-plugin:2.20:test (default-test) @ oak-core-spi ---
[INFO] Tests are skipped.
[INFO] 
[INFO] --- jacoco-maven-plugin:0.7.9:report (post-unit-test) @ oak-core-spi ---
[INFO] Skipping JaCoCo execution because property jacoco.skip is set.
[INFO] 
[INFO] --- maven-bundle-plugin:3.3.0:bundle (default-bundle) @ oak-core-spi ---
[INFO] 
[INFO] --- maven-site-plugin:3.6:attach-descriptor (attach-descriptor) @ oak-core-spi ---
[INFO] Skipping because packaging 'bundle' is not pom.
[INFO] 
[INFO] --- maven-jar-plugin:3.0.2:test-jar (default) @ oak-core-spi ---
[INFO] Building jar: /home/travis/build/apache/jackrabbit-oak/oak-core-spi/target/oak-core-spi-1.8-SNAPSHOT-tests.jar
[INFO] 
[INFO] --- maven-bundle-plugin:3.3.0:baseline (baseline) @ oak-core-spi ---
[INFO] Skipping Baseline execution
[INFO] 
[INFO] --- jacoco-maven-plugin:0.7.9:check (default-check) @ oak-core-spi ---
[INFO] Skipping JaCoCo execution due to missing execution data file:/home/travis/build/apache/jackrabbit-oak/oak-core-spi/target/coverage-reports/jacoco-ut.exec
[INFO] 
[INFO] --- maven-install-plugin:2.5.2:install (default-install) @ oak-core-spi ---
[INFO] Installing /home/travis/build/apache/jackrabbit-oak/oak-core-spi/target/oak-core-spi-1.8-SNAPSHOT.jar to /home/travis/.m2/repository/org/apache/jackrabbit/oak-core-spi/1.8-SNAPSHOT/oak-core-spi-1.8-SNAPSHOT.jar
[INFO] Installing /home/travis/build/apache/jackrabbit-oak/oak-core-spi/pom.xml to /home/travis/.m2/repository/org/apache/jackrabbit/oak-core-spi/1.8-SNAPSHOT/oak-core-spi-1.8-SNAPSHOT.pom
[INFO] Installing /home/travis/build/apache/jackrabbit-oak/oak-core-spi/target/oak-core-spi-1.8-SNAPSHOT-tests.jar to /home/travis/.m2/repository/org/apache/jackrabbit/oak-core-spi/1.8-SNAPSHOT/oak-core-spi-1.8-SNAPSHOT-tests.jar
[INFO] 
[INFO] --- maven-bundle-plugin:3.3.0:install (default-install) @ oak-core-spi ---
[INFO] Local OBR update disabled (enable with -DobrRepository)
[INFO]                                                                         
[INFO] ------------------------------------------------------------------------
[INFO] Building Oak NodeStore and Commit SPI 1.8-SNAPSHOT
[INFO] ------------------------------------------------------------------------
[INFO] 
[INFO] --- jacoco-maven-plugin:0.7.9:prepare-agent (pre-unit-test) @ oak-store-spi ---
[INFO] Skipping JaCoCo execution because property jacoco.skip is set.
[INFO] test.opts.coverage set to empty
[INFO] 
[INFO] --- maven-remote-resources-plugin:1.5:process (process-resource-bundles) @ oak-store-spi ---
[INFO] 
[INFO] --- maven-resources-plugin:2.7:resources (default-resources) @ oak-store-spi ---
[INFO] Using 'UTF-8' encoding to copy filtered resources.
[INFO] skip non existing resourceDirectory /home/travis/build/apache/jackrabbit-oak/oak-store-spi/src/main/resources
[INFO] Copying 3 resources
[INFO] 
[INFO] --- maven-compiler-plugin:3.5.1:compile (default-compile) @ oak-store-spi ---
[INFO] Changes detected - recompiling the module!
[INFO] Compiling 111 source files to /home/travis/build/apache/jackrabbit-oak/oak-store-spi/target/classes
[INFO] /home/travis/build/apache/jackrabbit-oak/oak-store-spi/src/main/java/org/apache/jackrabbit/oak/plugins/value/ErrorValue.java: /home/travis/build/apache/jackrabbit-oak/oak-store-spi/src/main/java/org/apache/jackrabbit/oak/plugins/value/ErrorValue.java uses or overrides a deprecated API.
[INFO] /home/travis/build/apache/jackrabbit-oak/oak-store-spi/src/main/java/org/apache/jackrabbit/oak/plugins/value/ErrorValue.java: Recompile with -Xlint:deprecation for details.
[INFO] 
[INFO] --- animal-sniffer-maven-plugin:1.15:check (animal-sniffer) @ oak-store-spi ---
[INFO] Checking unresolved references to org.codehaus.mojo.signature:java18:1.0
[INFO] 
[INFO] --- maven-bundle-plugin:3.3.0:manifest (scr-metadata) @ oak-store-spi ---
[INFO] 
[INFO] --- maven-resources-plugin:2.7:testResources (default-testResources) @ oak-store-spi ---
[INFO] Using 'UTF-8' encoding to copy filtered resources.
[INFO] skip non existing resourceDirectory /home/travis/build/apache/jackrabbit-oak/oak-store-spi/src/test/resources
[INFO] Copying 3 resources
[INFO] 
[INFO] --- maven-compiler-plugin:3.5.1:testCompile (default-testCompile) @ oak-store-spi ---
[INFO] Changes detected - recompiling the module!
[INFO] Compiling 17 source files to /home/travis/build/apache/jackrabbit-oak/oak-store-spi/target/test-classes
[INFO] /home/travis/build/apache/jackrabbit-oak/oak-store-spi/src/test/java/org/apache/jackrabbit/oak/spi/commit/SubtreeValidatorTest.java: Some input files use or override a deprecated API.
[INFO] /home/travis/build/apache/jackrabbit-oak/oak-store-spi/src/test/java/org/apache/jackrabbit/oak/spi/commit/SubtreeValidatorTest.java: Recompile with -Xlint:deprecation for details.
[INFO] /home/travis/build/apache/jackrabbit-oak/oak-store-spi/src/test/java/org/apache/jackrabbit/oak/plugins/memory/PropertyBuilderTest.java: /home/travis/build/apache/jackrabbit-oak/oak-store-spi/src/test/java/org/apache/jackrabbit/oak/plugins/memory/PropertyBuilderTest.java uses unchecked or unsafe operations.
[INFO] /home/travis/build/apache/jackrabbit-oak/oak-store-spi/src/test/java/org/apache/jackrabbit/oak/plugins/memory/PropertyBuilderTest.java: Recompile with -Xlint:unchecked for details.
[INFO] 
[INFO] --- maven-surefire-plugin:2.20:test (default-test) @ oak-store-spi ---
[INFO] Tests are skipped.
[INFO] 
[INFO] --- jacoco-maven-plugin:0.7.9:report (post-unit-test) @ oak-store-spi ---
[INFO] Skipping JaCoCo execution because property jacoco.skip is set.
[INFO] 
[INFO] --- maven-bundle-plugin:3.3.0:bundle (default-bundle) @ oak-store-spi ---
[INFO] 
[INFO] --- maven-site-plugin:3.6:attach-descriptor (attach-descriptor) @ oak-store-spi ---
[INFO] Skipping because packaging 'bundle' is not pom.
[INFO] 
[INFO] --- maven-jar-plugin:3.0.2:test-jar (default) @ oak-store-spi ---
[INFO] Building jar: /home/travis/build/apache/jackrabbit-oak/oak-store-spi/target/oak-store-spi-1.8-SNAPSHOT-tests.jar
[INFO] 
[INFO] --- maven-bundle-plugin:3.3.0:baseline (baseline) @ oak-store-spi ---
[INFO] Skipping Baseline execution
[INFO] 
[INFO] --- jacoco-maven-plugin:0.7.9:check (default-check) @ oak-store-spi ---
[INFO] Skipping JaCoCo execution due to missing execution data file:/home/travis/build/apache/jackrabbit-oak/oak-store-spi/target/coverage-reports/jacoco-ut.exec
[INFO] 
[INFO] --- maven-install-plugin:2.5.2:install (default-install) @ oak-store-spi ---
[INFO] Installing /home/travis/build/apache/jackrabbit-oak/oak-store-spi/target/oak-store-spi-1.8-SNAPSHOT.jar to /home/travis/.m2/repository/org/apache/jackrabbit/oak-store-spi/1.8-SNAPSHOT/oak-store-spi-1.8-SNAPSHOT.jar
[INFO] Installing /home/travis/build/apache/jackrabbit-oak/oak-store-spi/pom.xml to /home/travis/.m2/repository/org/apache/jackrabbit/oak-store-spi/1.8-SNAPSHOT/oak-store-spi-1.8-SNAPSHOT.pom
[INFO] Installing /home/travis/build/apache/jackrabbit-oak/oak-store-spi/target/oak-store-spi-1.8-SNAPSHOT-tests.jar to /home/travis/.m2/repository/org/apache/jackrabbit/oak-store-spi/1.8-SNAPSHOT/oak-store-spi-1.8-SNAPSHOT-tests.jar
[INFO] 
[INFO] --- maven-bundle-plugin:3.3.0:install (default-install) @ oak-store-spi ---
[INFO] Local OBR update disabled (enable with -DobrRepository)
[INFO]                                                                         
[INFO] ------------------------------------------------------------------------
[INFO] Building Oak Blob Store 1.8-SNAPSHOT
[INFO] ------------------------------------------------------------------------
[INFO] 
[INFO] --- jacoco-maven-plugin:0.7.9:prepare-agent (pre-unit-test) @ oak-blob ---
[INFO] Skipping JaCoCo execution because property jacoco.skip is set.
[INFO] test.opts.coverage set to empty
[INFO] 
[INFO] --- maven-remote-resources-plugin:1.5:process (process-resource-bundles) @ oak-blob ---
[INFO] 
[INFO] --- maven-resources-plugin:2.7:resources (default-resources) @ oak-blob ---
[INFO] Using 'UTF-8' encoding to copy filtered resources.
[INFO] skip non existing resourceDirectory /home/travis/build/apache/jackrabbit-oak/oak-blob/src/main/resources
[INFO] Copying 3 resources
[INFO] 
[INFO] --- maven-compiler-plugin:3.5.1:compile (default-compile) @ oak-blob ---
[INFO] Changes detected - recompiling the module!
[INFO] Compiling 20 source files to /home/travis/build/apache/jackrabbit-oak/oak-blob/target/classes
[INFO] /home/travis/build/apache/jackrabbit-oak/oak-blob/src/main/java/org/apache/jackrabbit/oak/spi/blob/AbstractBlobStore.java: /home/travis/build/apache/jackrabbit-oak/oak-blob/src/main/java/org/apache/jackrabbit/oak/spi/blob/AbstractBlobStore.java uses or overrides a deprecated API.
[INFO] /home/travis/build/apache/jackrabbit-oak/oak-blob/src/main/java/org/apache/jackrabbit/oak/spi/blob/AbstractBlobStore.java: Recompile with -Xlint:deprecation for details.
[INFO] 
[INFO] --- animal-sniffer-maven-plugin:1.15:check (animal-sniffer) @ oak-blob ---
[INFO] Checking unresolved references to org.codehaus.mojo.signature:java18:1.0
[INFO] 
[INFO] --- maven-bundle-plugin:3.3.0:manifest (scr-metadata) @ oak-blob ---
[INFO] 
[INFO] --- maven-resources-plugin:2.7:testResources (default-testResources) @ oak-blob ---
[INFO] Using 'UTF-8' encoding to copy filtered resources.
[INFO] Copying 1 resource
[INFO] Copying 3 resources
[INFO] 
[INFO] --- maven-compiler-plugin:3.5.1:testCompile (default-testCompile) @ oak-blob ---
[INFO] Changes detected - recompiling the module!
[INFO] Compiling 6 source files to /home/travis/build/apache/jackrabbit-oak/oak-blob/target/test-classes
[INFO] /home/travis/build/apache/jackrabbit-oak/oak-blob/src/test/java/org/apache/jackrabbit/oak/spi/blob/split/SplitBlobStoreTest.java: Some input files use or override a deprecated API.
[INFO] /home/travis/build/apache/jackrabbit-oak/oak-blob/src/test/java/org/apache/jackrabbit/oak/spi/blob/split/SplitBlobStoreTest.java: Recompile with -Xlint:deprecation for details.
[INFO] 
[INFO] --- maven-surefire-plugin:2.20:test (default-test) @ oak-blob ---
[INFO] Tests are skipped.
[INFO] 
[INFO] --- jacoco-maven-plugin:0.7.9:report (post-unit-test) @ oak-blob ---
[INFO] Skipping JaCoCo execution because property jacoco.skip is set.
[INFO] 
[INFO] --- maven-bundle-plugin:3.3.0:bundle (default-bundle) @ oak-blob ---
[INFO] 
[INFO] --- maven-site-plugin:3.6:attach-descriptor (attach-descriptor) @ oak-blob ---
[INFO] Skipping because packaging 'bundle' is not pom.
[INFO] 
[INFO] --- maven-jar-plugin:3.0.2:test-jar (default) @ oak-blob ---
[INFO] Building jar: /home/travis/build/apache/jackrabbit-oak/oak-blob/target/oak-blob-1.8-SNAPSHOT-tests.jar
[INFO] 
[INFO] --- maven-bundle-plugin:3.3.0:baseline (baseline) @ oak-blob ---
[INFO] Skipping Baseline execution
[INFO] 
[INFO] --- jacoco-maven-plugin:0.7.9:check (default-check) @ oak-blob ---
[INFO] Skipping JaCoCo execution due to missing execution data file:/home/travis/build/apache/jackrabbit-oak/oak-blob/target/coverage-reports/jacoco-ut.exec
[INFO] 
[INFO] --- maven-install-plugin:2.5.2:install (default-install) @ oak-blob ---
[INFO] Installing /home/travis/build/apache/jackrabbit-oak/oak-blob/target/oak-blob-1.8-SNAPSHOT.jar to /home/travis/.m2/repository/org/apache/jackrabbit/oak-blob/1.8-SNAPSHOT/oak-blob-1.8-SNAPSHOT.jar
[INFO] Installing /home/travis/build/apache/jackrabbit-oak/oak-blob/pom.xml to /home/travis/.m2/repository/org/apache/jackrabbit/oak-blob/1.8-SNAPSHOT/oak-blob-1.8-SNAPSHOT.pom
[INFO] Installing /home/travis/build/apache/jackrabbit-oak/oak-blob/target/oak-blob-1.8-SNAPSHOT-tests.jar to /home/travis/.m2/repository/org/apache/jackrabbit/oak-blob/1.8-SNAPSHOT/oak-blob-1.8-SNAPSHOT-tests.jar
[INFO] 
[INFO] --- maven-bundle-plugin:3.3.0:install (default-install) @ oak-blob ---
[INFO] Local OBR update disabled (enable with -DobrRepository)
[INFO]                                                                         
[INFO] ------------------------------------------------------------------------
[INFO] Building Oak Blob Plugins 1.8-SNAPSHOT
[INFO] ------------------------------------------------------------------------
[INFO] 
[INFO] --- jacoco-maven-plugin:0.7.9:prepare-agent (pre-unit-test) @ oak-blob-plugins ---
[INFO] Skipping JaCoCo execution because property jacoco.skip is set.
[INFO] test.opts.coverage set to empty
[INFO] 
[INFO] --- maven-remote-resources-plugin:1.5:process (process-resource-bundles) @ oak-blob-plugins ---
[INFO] 
[INFO] --- maven-resources-plugin:2.7:resources (default-resources) @ oak-blob-plugins ---
[INFO] Using 'UTF-8' encoding to copy filtered resources.
[INFO] Copying 1 resource
[INFO] Copying 3 resources
[INFO] 
[INFO] --- maven-compiler-plugin:3.5.1:compile (default-compile) @ oak-blob-plugins ---
[INFO] Changes detected - recompiling the module!
[INFO] Compiling 41 source files to /home/travis/build/apache/jackrabbit-oak/oak-blob-plugins/target/classes
[INFO] /home/travis/build/apache/jackrabbit-oak/oak-blob-plugins/src/main/java/org/apache/jackrabbit/oak/plugins/blob/datastore/DataStoreBlobStore.java: Some input files use or override a deprecated API.
[INFO] /home/travis/build/apache/jackrabbit-oak/oak-blob-plugins/src/main/java/org/apache/jackrabbit/oak/plugins/blob/datastore/DataStoreBlobStore.java: Recompile with -Xlint:deprecation for details.
[INFO] /home/travis/build/apache/jackrabbit-oak/oak-blob-plugins/src/main/java/org/apache/jackrabbit/oak/plugins/blob/FileCache.java: Some input files use unchecked or unsafe operations.
[INFO] /home/travis/build/apache/jackrabbit-oak/oak-blob-plugins/src/main/java/org/apache/jackrabbit/oak/plugins/blob/FileCache.java: Recompile with -Xlint:unchecked for details.
[INFO] 
[INFO] --- animal-sniffer-maven-plugin:1.15:check (animal-sniffer) @ oak-blob-plugins ---
[INFO] Checking unresolved references to org.codehaus.mojo.signature:java18:1.0
[INFO] 
[INFO] --- maven-bundle-plugin:3.3.0:manifest (scr-metadata) @ oak-blob-plugins ---
[WARNING] Manifest org.apache.jackrabbit:oak-blob-plugins:bundle:1.8-SNAPSHOT :  Component org.apache.jackrabbit.oak.plugins.blob.datastore.DbDataStore is using the deprecated inheritance feature and inherits from org.apache.jackrabbit.oak.plugins.blob.datastore.AbstractDataStoreService. This feature will be removed in future versions. [org/apache/jackrabbit/oak/plugins/blob/datastore/DbDataStoreService.class,1:1]
[WARNING] Manifest org.apache.jackrabbit:oak-blob-plugins:bundle:1.8-SNAPSHOT :  Component org.apache.jackrabbit.oak.plugins.blob.datastore.FileDataStore is using the deprecated inheritance feature and inherits from org.apache.jackrabbit.oak.plugins.blob.datastore.AbstractDataStoreService. This feature will be removed in future versions. [org/apache/jackrabbit/oak/plugins/blob/datastore/FileDataStoreService.class,1:1]
[INFO] 
[INFO] --- maven-resources-plugin:2.7:testResources (default-testResources) @ oak-blob-plugins ---
[INFO] Using 'UTF-8' encoding to copy filtered resources.
[INFO] Copying 1 resource
[INFO] Copying 3 resources
[INFO] 
[INFO] --- maven-compiler-plugin:3.5.1:testCompile (default-testCompile) @ oak-blob-plugins ---
[INFO] Changes detected - recompiling the module!
[INFO] Compiling 22 source files to /home/travis/build/apache/jackrabbit-oak/oak-blob-plugins/target/test-classes
[INFO] /home/travis/build/apache/jackrabbit-oak/oak-blob-plugins/src/test/java/org/apache/jackrabbit/oak/plugins/blob/SharedDataStoreUtilsTest.java: /home/travis/build/apache/jackrabbit-oak/oak-blob-plugins/src/test/java/org/apache/jackrabbit/oak/plugins/blob/SharedDataStoreUtilsTest.java uses or overrides a deprecated API.
[INFO] /home/travis/build/apache/jackrabbit-oak/oak-blob-plugins/src/test/java/org/apache/jackrabbit/oak/plugins/blob/SharedDataStoreUtilsTest.java: Recompile with -Xlint:deprecation for details.
[INFO] /home/travis/build/apache/jackrabbit-oak/oak-blob-plugins/src/test/java/org/apache/jackrabbit/oak/plugins/blob/AbstractDataStoreCacheTest.java: Some input files use unchecked or unsafe operations.
[INFO] /home/travis/build/apache/jackrabbit-oak/oak-blob-plugins/src/test/java/org/apache/jackrabbit/oak/plugins/blob/AbstractDataStoreCacheTest.java: Recompile with -Xlint:unchecked for details.
[INFO] 
[INFO] --- maven-surefire-plugin:2.20:test (default-test) @ oak-blob-plugins ---
[INFO] Tests are skipped.
[INFO] 
[INFO] --- jacoco-maven-plugin:0.7.9:report (post-unit-test) @ oak-blob-plugins ---
[INFO] Skipping JaCoCo execution because property jacoco.skip is set.
[INFO] 
[INFO] --- maven-bundle-plugin:3.3.0:bundle (default-bundle) @ oak-blob-plugins ---
[WARNING] Bundle org.apache.jackrabbit:oak-blob-plugins:bundle:1.8-SNAPSHOT :  Component org.apache.jackrabbit.oak.plugins.blob.datastore.DbDataStore is using the deprecated inheritance feature and inherits from org.apache.jackrabbit.oak.plugins.blob.datastore.AbstractDataStoreService. This feature will be removed in future versions. [org/apache/jackrabbit/oak/plugins/blob/datastore/DbDataStoreService.class,1:1]
[WARNING] Bundle org.apache.jackrabbit:oak-blob-plugins:bundle:1.8-SNAPSHOT :  Component org.apache.jackrabbit.oak.plugins.blob.datastore.FileDataStore is using the deprecated inheritance feature and inherits from org.apache.jackrabbit.oak.plugins.blob.datastore.AbstractDataStoreService. This feature will be removed in future versions. [org/apache/jackrabbit/oak/plugins/blob/datastore/FileDataStoreService.class,1:1]
[INFO] 
[INFO] --- maven-site-plugin:3.6:attach-descriptor (attach-descriptor) @ oak-blob-plugins ---
[INFO] Skipping because packaging 'bundle' is not pom.
[INFO] 
[INFO] --- maven-jar-plugin:3.0.2:test-jar (default) @ oak-blob-plugins ---
[INFO] Building jar: /home/travis/build/apache/jackrabbit-oak/oak-blob-plugins/target/oak-blob-plugins-1.8-SNAPSHOT-tests.jar
[INFO] 
[INFO] --- maven-bundle-plugin:3.3.0:baseline (baseline) @ oak-blob-plugins ---
[INFO] Skipping Baseline execution
[INFO] 
[INFO] --- jacoco-maven-plugin:0.7.9:check (default-check) @ oak-blob-plugins ---
[INFO] Skipping JaCoCo execution due to missing execution data file:/home/travis/build/apache/jackrabbit-oak/oak-blob-plugins/target/coverage-reports/jacoco-ut.exec
[INFO] 
[INFO] --- maven-install-plugin:2.5.2:install (default-install) @ oak-blob-plugins ---
[INFO] Installing /home/travis/build/apache/jackrabbit-oak/oak-blob-plugins/target/oak-blob-plugins-1.8-SNAPSHOT.jar to /home/travis/.m2/repository/org/apache/jackrabbit/oak-blob-plugins/1.8-SNAPSHOT/oak-blob-plugins-1.8-SNAPSHOT.jar
[INFO] Installing /home/travis/build/apache/jackrabbit-oak/oak-blob-plugins/pom.xml to /home/travis/.m2/repository/org/apache/jackrabbit/oak-blob-plugins/1.8-SNAPSHOT/oak-blob-plugins-1.8-SNAPSHOT.pom
[INFO] Installing /home/travis/build/apache/jackrabbit-oak/oak-blob-plugins/target/oak-blob-plugins-1.8-SNAPSHOT-tests.jar to /home/travis/.m2/repository/org/apache/jackrabbit/oak-blob-plugins/1.8-SNAPSHOT/oak-blob-plugins-1.8-SNAPSHOT-tests.jar
[INFO] 
[INFO] --- maven-bundle-plugin:3.3.0:install (default-install) @ oak-blob-plugins ---
[INFO] Local OBR update disabled (enable with -DobrRepository)
[INFO]                                                                         
[INFO] ------------------------------------------------------------------------
[INFO] Building Oak Core 1.8-SNAPSHOT
[INFO] ------------------------------------------------------------------------
[INFO] 
[INFO] --- jacoco-maven-plugin:0.7.9:prepare-agent (pre-unit-test) @ oak-core ---
[INFO] Skipping JaCoCo execution because property jacoco.skip is set.
[INFO] test.opts.coverage set to empty
[INFO] 
[INFO] --- maven-remote-resources-plugin:1.5:process (process-resource-bundles) @ oak-core ---
[INFO] 
[INFO] --- maven-resources-plugin:2.7:resources (default-resources) @ oak-core ---
[INFO] Using 'UTF-8' encoding to copy filtered resources.
[INFO] Copying 2 resources
[INFO] Copying 3 resources
[INFO] 
[INFO] --- maven-compiler-plugin:3.5.1:compile (default-compile) @ oak-core ---
[INFO] Changes detected - recompiling the module!
[INFO] Compiling 803 source files to /home/travis/build/apache/jackrabbit-oak/oak-core/target/classes
[INFO] /home/travis/build/apache/jackrabbit-oak/oak-core/src/main/java/org/apache/jackrabbit/oak/plugins/tree/RootFactory.java: Some input files use or override a deprecated API.
[INFO] /home/travis/build/apache/jackrabbit-oak/oak-core/src/main/java/org/apache/jackrabbit/oak/plugins/tree/RootFactory.java: Recompile with -Xlint:deprecation for details.
[INFO] /home/travis/build/apache/jackrabbit-oak/oak-core/src/main/java/org/apache/jackrabbit/oak/plugins/document/JournalPropertyHandler.java: Some input files use unchecked or unsafe operations.
[INFO] /home/travis/build/apache/jackrabbit-oak/oak-core/src/main/java/org/apache/jackrabbit/oak/plugins/document/JournalPropertyHandler.java: Recompile with -Xlint:unchecked for details.
[INFO] 
[INFO] --- animal-sniffer-maven-plugin:1.15:check (animal-sniffer) @ oak-core ---
[INFO] Checking unresolved references to org.codehaus.mojo.signature:java18:1.0
[INFO] 
[INFO] --- maven-bundle-plugin:3.3.0:manifest (scr-metadata) @ oak-core ---
[WARNING] Manifest org.apache.jackrabbit:oak-core:bundle:1.8-SNAPSHOT : Property type in class org.apache.jackrabbit.oak.plugins.atomic.AtomicCounterEditorProvider is set as private. This is redundant as no metatype will be generated. [org/apache/jackrabbit/oak/plugins/atomic/AtomicCounterEditorProvider.class,1:1]
[WARNING] Manifest org.apache.jackrabbit:oak-core:bundle:1.8-SNAPSHOT : Property type in class org.apache.jackrabbit.oak.plugins.index.property.PropertyIndexEditorProvider is set as private. This is redundant as no metatype will be generated. [org/apache/jackrabbit/oak/plugins/index/property/PropertyIndexEditorProvider.class,1:1]
[WARNING] Manifest org.apache.jackrabbit:oak-core:bundle:1.8-SNAPSHOT : Property type in class org.apache.jackrabbit.oak.plugins.index.reference.ReferenceEditorProvider is set as private. This is redundant as no metatype will be generated. [org/apache/jackrabbit/oak/plugins/index/reference/ReferenceEditorProvider.class,1:1]
[WARNING] Manifest org.apache.jackrabbit:oak-core:bundle:1.8-SNAPSHOT : aQute.bnd.annotation.ProviderType annotation used in class org.apache.jackrabbit.api.security.user.UserManager. Bnd versioning annotations are deprecated as of Bnd 3.2 and support will be removed in Bnd 4.0. Please change to use OSGi versioning annotations.
[WARNING] Manifest org.apache.jackrabbit:oak-core:bundle:1.8-SNAPSHOT : aQute.bnd.annotation.ProviderType annotation used in class org.apache.jackrabbit.api.security.JackrabbitAccessControlEntry. Bnd versioning annotations are deprecated as of Bnd 3.2 and support will be removed in Bnd 4.0. Please change to use OSGi versioning annotations.
[WARNING] Manifest org.apache.jackrabbit:oak-core:bundle:1.8-SNAPSHOT : aQute.bnd.annotation.ProviderType annotation used in class org.apache.jackrabbit.api.security.JackrabbitAccessControlList. Bnd versioning annotations are deprecated as of Bnd 3.2 and support will be removed in Bnd 4.0. Please change to use OSGi versioning annotations.
[WARNING] Manifest org.apache.jackrabbit:oak-core:bundle:1.8-SNAPSHOT : aQute.bnd.annotation.ProviderType annotation used in class org.apache.jackrabbit.api.security.JackrabbitAccessControlManager. Bnd versioning annotations are deprecated as of Bnd 3.2 and support will be removed in Bnd 4.0. Please change to use OSGi versioning annotations.
[WARNING] Manifest org.apache.jackrabbit:oak-core:bundle:1.8-SNAPSHOT : Export org.apache.jackrabbit.oak.plugins.index,  has 1,  private references [org.apache.jackrabbit.oak.plugins.index.progress], 
[WARNING] Manifest org.apache.jackrabbit:oak-core:bundle:1.8-SNAPSHOT : Export org.apache.jackrabbit.oak.plugins.tree,  has 1,  private references [org.apache.jackrabbit.oak.query], 
[INFO] 
[INFO] --- maven-resources-plugin:2.7:testResources (default-testResources) @ oak-core ---
[INFO] Using 'UTF-8' encoding to copy filtered resources.
[INFO] Copying 17 resources
[INFO] Copying 3 resources
[INFO] 
[INFO] --- maven-compiler-plugin:3.5.1:testCompile (default-testCompile) @ oak-core ---
[INFO] Changes detected - recompiling the module!
[INFO] Compiling 637 source files to /home/travis/build/apache/jackrabbit-oak/oak-core/target/test-classes
[INFO] /home/travis/build/apache/jackrabbit-oak/oak-core/src/test/java/org/apache/jackrabbit/oak/security/user/UserImporterBaseTest.java: Some input files use or override a deprecated API.
[INFO] /home/travis/build/apache/jackrabbit-oak/oak-core/src/test/java/org/apache/jackrabbit/oak/security/user/UserImporterBaseTest.java: Recompile with -Xlint:deprecation for details.
[INFO] /home/travis/build/apache/jackrabbit-oak/oak-core/src/test/java/org/apache/jackrabbit/oak/security/user/UserImporterBaseTest.java: Some input files use unchecked or unsafe operations.
[INFO] /home/travis/build/apache/jackrabbit-oak/oak-core/src/test/java/org/apache/jackrabbit/oak/security/user/UserImporterBaseTest.java: Recompile with -Xlint:unchecked for details.
[INFO] 
[INFO] --- maven-surefire-plugin:2.20:test (default-test) @ oak-core ---
[INFO] Tests are skipped.
[INFO] 
[INFO] --- jacoco-maven-plugin:0.7.9:report (post-unit-test) @ oak-core ---
[INFO] Skipping JaCoCo execution because property jacoco.skip is set.
[INFO] 
[INFO] --- maven-bundle-plugin:3.3.0:bundle (default-bundle) @ oak-core ---
[WARNING] Bundle org.apache.jackrabbit:oak-core:bundle:1.8-SNAPSHOT : Property type in class org.apache.jackrabbit.oak.plugins.atomic.AtomicCounterEditorProvider is set as private. This is redundant as no metatype will be generated. [org/apache/jackrabbit/oak/plugins/atomic/AtomicCounterEditorProvider.class,1:1]
[WARNING] Bundle org.apache.jackrabbit:oak-core:bundle:1.8-SNAPSHOT : Property type in class org.apache.jackrabbit.oak.plugins.index.property.PropertyIndexEditorProvider is set as private. This is redundant as no metatype will be generated. [org/apache/jackrabbit/oak/plugins/index/property/PropertyIndexEditorProvider.class,1:1]
[WARNING] Bundle org.apache.jackrabbit:oak-core:bundle:1.8-SNAPSHOT : Property type in class org.apache.jackrabbit.oak.plugins.index.reference.ReferenceEditorProvider is set as private. This is redundant as no metatype will be generated. [org/apache/jackrabbit/oak/plugins/index/reference/ReferenceEditorProvider.class,1:1]
[WARNING] Bundle org.apache.jackrabbit:oak-core:bundle:1.8-SNAPSHOT : aQute.bnd.annotation.ProviderType annotation used in class org.apache.jackrabbit.api.security.user.UserManager. Bnd versioning annotations are deprecated as of Bnd 3.2 and support will be removed in Bnd 4.0. Please change to use OSGi versioning annotations.
[WARNING] Bundle org.apache.jackrabbit:oak-core:bundle:1.8-SNAPSHOT : aQute.bnd.annotation.ProviderType annotation used in class org.apache.jackrabbit.api.security.JackrabbitAccessControlEntry. Bnd versioning annotations are deprecated as of Bnd 3.2 and support will be removed in Bnd 4.0. Please change to use OSGi versioning annotations.
[WARNING] Bundle org.apache.jackrabbit:oak-core:bundle:1.8-SNAPSHOT : aQute.bnd.annotation.ProviderType annotation used in class org.apache.jackrabbit.api.security.JackrabbitAccessControlList. Bnd versioning annotations are deprecated as of Bnd 3.2 and support will be removed in Bnd 4.0. Please change to use OSGi versioning annotations.
[WARNING] Bundle org.apache.jackrabbit:oak-core:bundle:1.8-SNAPSHOT : aQute.bnd.annotation.ProviderType annotation used in class org.apache.jackrabbit.api.security.JackrabbitAccessControlManager. Bnd versioning annotations are deprecated as of Bnd 3.2 and support will be removed in Bnd 4.0. Please change to use OSGi versioning annotations.
[WARNING] Bundle org.apache.jackrabbit:oak-core:bundle:1.8-SNAPSHOT : Export org.apache.jackrabbit.oak.plugins.index,  has 1,  private references [org.apache.jackrabbit.oak.plugins.index.progress], 
[WARNING] Bundle org.apache.jackrabbit:oak-core:bundle:1.8-SNAPSHOT : Export org.apache.jackrabbit.oak.plugins.tree,  has 1,  private references [org.apache.jackrabbit.oak.query], 
[INFO] 
[INFO] --- maven-site-plugin:3.6:attach-descriptor (attach-descriptor) @ oak-core ---
[INFO] Skipping because packaging 'bundle' is not pom.
[INFO] 
[INFO] --- maven-jar-plugin:3.0.2:test-jar (default) @ oak-core ---
[INFO] Building jar: /home/travis/build/apache/jackrabbit-oak/oak-core/target/oak-core-1.8-SNAPSHOT-tests.jar
[INFO] 
[INFO] --- maven-bundle-plugin:3.3.0:baseline (baseline) @ oak-core ---
[INFO] Skipping Baseline execution
[INFO] 
[INFO] --- jacoco-maven-plugin:0.7.9:check (default-check) @ oak-core ---
[INFO] Skipping JaCoCo execution due to missing execution data file:/home/travis/build/apache/jackrabbit-oak/oak-core/target/coverage-reports/jacoco-ut.exec
[INFO] 
[INFO] --- maven-install-plugin:2.5.2:install (default-install) @ oak-core ---
[INFO] Installing /home/travis/build/apache/jackrabbit-oak/oak-core/target/oak-core-1.8-SNAPSHOT.jar to /home/travis/.m2/repository/org/apache/jackrabbit/oak-core/1.8-SNAPSHOT/oak-core-1.8-SNAPSHOT.jar
[INFO] Installing /home/travis/build/apache/jackrabbit-oak/oak-core/pom.xml to /home/travis/.m2/repository/org/apache/jackrabbit/oak-core/1.8-SNAPSHOT/oak-core-1.8-SNAPSHOT.pom
[INFO] Installing /home/travis/build/apache/jackrabbit-oak/oak-core/target/oak-core-1.8-SNAPSHOT-tests.jar to /home/travis/.m2/repository/org/apache/jackrabbit/oak-core/1.8-SNAPSHOT/oak-core-1.8-SNAPSHOT-tests.jar
[INFO] 
[INFO] --- maven-bundle-plugin:3.3.0:install (default-install) @ oak-core ---
[INFO] Local OBR update disabled (enable with -DobrRepository)
[INFO]                                                                         
[INFO] ------------------------------------------------------------------------
[INFO] Building Oak Composite Store 1.8-SNAPSHOT
[INFO] ------------------------------------------------------------------------
[INFO] 
[INFO] --- jacoco-maven-plugin:0.7.9:prepare-agent (pre-unit-test) @ oak-store-composite ---
[INFO] Skipping JaCoCo execution because property jacoco.skip is set.
[INFO] test.opts.coverage set to empty
[INFO] 
[INFO] --- maven-remote-resources-plugin:1.5:process (process-resource-bundles) @ oak-store-composite ---
[INFO] 
[INFO] --- maven-resources-plugin:2.7:resources (default-resources) @ oak-store-composite ---
[INFO] Using 'UTF-8' encoding to copy filtered resources.
[INFO] skip non existing resourceDirectory /home/travis/build/apache/jackrabbit-oak/oak-store-composite/src/main/resources
[INFO] Copying 3 resources
[INFO] 
[INFO] --- maven-compiler-plugin:3.5.1:compile (default-compile) @ oak-store-composite ---
[INFO] Changes detected - recompiling the module!
[INFO] Compiling 20 source files to /home/travis/build/apache/jackrabbit-oak/oak-store-composite/target/classes
[INFO] 
[INFO] --- animal-sniffer-maven-plugin:1.15:check (animal-sniffer) @ oak-store-composite ---
[INFO] Checking unresolved references to org.codehaus.mojo.signature:java18:1.0
[INFO] 
[INFO] --- maven-bundle-plugin:3.3.0:manifest (scr-metadata) @ oak-store-composite ---
[WARNING] Manifest org.apache.jackrabbit:oak-store-composite:bundle:1.8-SNAPSHOT :  Component org.apache.jackrabbit.oak.composite.CrossMountReferenceValidatorProvider has set a label. However metatype is set to false. This label is ignored. [org/apache/jackrabbit/oak/composite/CrossMountReferenceValidatorProvider.class,1:1]
[WARNING] Manifest org.apache.jackrabbit:oak-store-composite:bundle:1.8-SNAPSHOT : Property type in class org.apache.jackrabbit.oak.composite.CrossMountReferenceValidatorProvider is set as private. This is redundant as no metatype will be generated. [org/apache/jackrabbit/oak/composite/CrossMountReferenceValidatorProvider.class,1:1]
[WARNING] Manifest org.apache.jackrabbit:oak-store-composite:bundle:1.8-SNAPSHOT :  Component org.apache.jackrabbit.oak.composite.PrivateStoreValidatorProvider has set a label. However metatype is set to false. This label is ignored. [org/apache/jackrabbit/oak/composite/PrivateStoreValidatorProvider.class,1:1]
[INFO] 
[INFO] --- maven-resources-plugin:2.7:testResources (default-testResources) @ oak-store-composite ---
[INFO] Using 'UTF-8' encoding to copy filtered resources.
[INFO] skip non existing resourceDirectory /home/travis/build/apache/jackrabbit-oak/oak-store-composite/src/test/resources
[INFO] Copying 3 resources
[INFO] 
[INFO] --- maven-compiler-plugin:3.5.1:testCompile (default-testCompile) @ oak-store-composite ---
[INFO] Changes detected - recompiling the module!
[INFO] Compiling 8 source files to /home/travis/build/apache/jackrabbit-oak/oak-store-composite/target/test-classes
[INFO] 
[INFO] --- maven-surefire-plugin:2.20:test (default-test) @ oak-store-composite ---
[INFO] Tests are skipped.
[INFO] 
[INFO] --- jacoco-maven-plugin:0.7.9:report (post-unit-test) @ oak-store-composite ---
[INFO] Skipping JaCoCo execution because property jacoco.skip is set.
[INFO] 
[INFO] --- maven-bundle-plugin:3.3.0:bundle (default-bundle) @ oak-store-composite ---
[WARNING] Bundle org.apache.jackrabbit:oak-store-composite:bundle:1.8-SNAPSHOT :  Component org.apache.jackrabbit.oak.composite.CrossMountReferenceValidatorProvider has set a label. However metatype is set to false. This label is ignored. [org/apache/jackrabbit/oak/composite/CrossMountReferenceValidatorProvider.class,1:1]
[WARNING] Bundle org.apache.jackrabbit:oak-store-composite:bundle:1.8-SNAPSHOT : Property type in class org.apache.jackrabbit.oak.composite.CrossMountReferenceValidatorProvider is set as private. This is redundant as no metatype will be generated. [org/apache/jackrabbit/oak/composite/CrossMountReferenceValidatorProvider.class,1:1]
[WARNING] Bundle org.apache.jackrabbit:oak-store-composite:bundle:1.8-SNAPSHOT :  Component org.apache.jackrabbit.oak.composite.PrivateStoreValidatorProvider has set a label. However metatype is set to false. This label is ignored. [org/apache/jackrabbit/oak/composite/PrivateStoreValidatorProvider.class,1:1]
[INFO] 
[INFO] --- maven-site-plugin:3.6:attach-descriptor (attach-descriptor) @ oak-store-composite ---
[INFO] Skipping because packaging 'bundle' is not pom.
[INFO] 
[INFO] --- maven-jar-plugin:3.0.2:test-jar (default) @ oak-store-composite ---
[INFO] Building jar: /home/travis/build/apache/jackrabbit-oak/oak-store-composite/target/oak-store-composite-1.8-SNAPSHOT-tests.jar
[INFO] 
[INFO] --- maven-bundle-plugin:3.3.0:baseline (baseline) @ oak-store-composite ---
[INFO] Skipping Baseline execution
[INFO] 
[INFO] --- jacoco-maven-plugin:0.7.9:check (default-check) @ oak-store-composite ---
[INFO] Skipping JaCoCo execution due to missing execution data file:/home/travis/build/apache/jackrabbit-oak/oak-store-composite/target/coverage-reports/jacoco-ut.exec
[INFO] 
[INFO] --- maven-install-plugin:2.5.2:install (default-install) @ oak-store-composite ---
[INFO] Installing /home/travis/build/apache/jackrabbit-oak/oak-store-composite/target/oak-store-composite-1.8-SNAPSHOT.jar to /home/travis/.m2/repository/org/apache/jackrabbit/oak-store-composite/1.8-SNAPSHOT/oak-store-composite-1.8-SNAPSHOT.jar
[INFO] Installing /home/travis/build/apache/jackrabbit-oak/oak-store-composite/pom.xml to /home/travis/.m2/repository/org/apache/jackrabbit/oak-store-composite/1.8-SNAPSHOT/oak-store-composite-1.8-SNAPSHOT.pom
[INFO] Installing /home/travis/build/apache/jackrabbit-oak/oak-store-composite/target/oak-store-composite-1.8-SNAPSHOT-tests.jar to /home/travis/.m2/repository/org/apache/jackrabbit/oak-store-composite/1.8-SNAPSHOT/oak-store-composite-1.8-SNAPSHOT-tests.jar
[INFO] 
[INFO] --- maven-bundle-plugin:3.3.0:install (default-install) @ oak-store-composite ---
[INFO] Local OBR update disabled (enable with -DobrRepository)
[INFO]                                                                         
[INFO] ------------------------------------------------------------------------
[INFO] Building Oak Cloud Blob Store 1.8-SNAPSHOT
[INFO] ------------------------------------------------------------------------
[INFO] 
[INFO] --- jacoco-maven-plugin:0.7.9:prepare-agent (pre-unit-test) @ oak-blob-cloud ---
[INFO] Skipping JaCoCo execution because property jacoco.skip is set.
[INFO] test.opts.coverage set to empty
[INFO] 
[INFO] --- maven-remote-resources-plugin:1.5:process (process-resource-bundles) @ oak-blob-cloud ---
[INFO] 
[INFO] --- maven-resources-plugin:2.7:resources (default-resources) @ oak-blob-cloud ---
[INFO] Using 'UTF-8' encoding to copy filtered resources.
[INFO] skip non existing resourceDirectory /home/travis/build/apache/jackrabbit-oak/oak-blob-cloud/src/main/resources
[INFO] Copying 3 resources
[INFO] 
[INFO] --- maven-compiler-plugin:3.5.1:compile (default-compile) @ oak-blob-cloud ---
[INFO] Changes detected - recompiling the module!
[INFO] Compiling 14 source files to /home/travis/build/apache/jackrabbit-oak/oak-blob-cloud/target/classes
[INFO] /home/travis/build/apache/jackrabbit-oak/oak-blob-cloud/src/main/java/org/apache/jackrabbit/oak/blob/cloud/aws/s3/S3Backend.java: /home/travis/build/apache/jackrabbit-oak/oak-blob-cloud/src/main/java/org/apache/jackrabbit/oak/blob/cloud/aws/s3/S3Backend.java uses or overrides a deprecated API.
[INFO] /home/travis/build/apache/jackrabbit-oak/oak-blob-cloud/src/main/java/org/apache/jackrabbit/oak/blob/cloud/aws/s3/S3Backend.java: Recompile with -Xlint:deprecation for details.
[INFO] /home/travis/build/apache/jackrabbit-oak/oak-blob-cloud/src/main/java/org/apache/jackrabbit/oak/blob/cloud/aws/s3/S3DataStoreStats.java: /home/travis/build/apache/jackrabbit-oak/oak-blob-cloud/src/main/java/org/apache/jackrabbit/oak/blob/cloud/aws/s3/S3DataStoreStats.java uses unchecked or unsafe operations.
[INFO] /home/travis/build/apache/jackrabbit-oak/oak-blob-cloud/src/main/java/org/apache/jackrabbit/oak/blob/cloud/aws/s3/S3DataStoreStats.java: Recompile with -Xlint:unchecked for details.
[INFO] 
[INFO] --- animal-sniffer-maven-plugin:1.15:check (animal-sniffer) @ oak-blob-cloud ---
[INFO] Checking unresolved references to org.codehaus.mojo.signature:java18:1.0
[INFO] 
[INFO] --- maven-bundle-plugin:3.3.0:manifest (scr-metadata) @ oak-blob-cloud ---
[WARNING] Manifest org.apache.jackrabbit:oak-blob-cloud:bundle:1.8-SNAPSHOT :  Component org.apache.jackrabbit.oak.blob.cloud.s3.AbstractS3DataStoreService is using the deprecated inheritance feature and inherits from org.apache.jackrabbit.oak.plugins.blob.datastore.AbstractDataStoreService. This feature will be removed in future versions. [org/apache/jackrabbit/oak/blob/cloud/s3/AbstractS3DataStoreService.class,1:1]
[WARNING] Manifest org.apache.jackrabbit:oak-blob-cloud:bundle:1.8-SNAPSHOT :  Component org.apache.jackrabbit.oak.plugins.blob.datastore.S3DataStore is using the deprecated inheritance feature and inherits from org.apache.jackrabbit.oak.blob.cloud.s3.AbstractS3DataStoreService. This feature will be removed in future versions. [org/apache/jackrabbit/oak/blob/cloud/s3/S3DataStoreService.class,1:1]
[WARNING] Manifest org.apache.jackrabbit:oak-blob-cloud:bundle:1.8-SNAPSHOT :  Component org.apache.jackrabbit.oak.plugins.blob.datastore.S3DataStore is using the deprecated inheritance feature and inherits from org.apache.jackrabbit.oak.plugins.blob.datastore.AbstractDataStoreService. This feature will be removed in future versions. [org/apache/jackrabbit/oak/blob/cloud/s3/S3DataStoreService.class,1:1]
[WARNING] Manifest org.apache.jackrabbit:oak-blob-cloud:bundle:1.8-SNAPSHOT :  Component org.apache.jackrabbit.oak.plugins.blob.datastore.SharedS3DataStore is using the deprecated inheritance feature and inherits from org.apache.jackrabbit.oak.blob.cloud.s3.AbstractS3DataStoreService. This feature will be removed in future versions. [org/apache/jackrabbit/oak/blob/cloud/s3/SharedS3DataStoreService.class,1:1]
[WARNING] Manifest org.apache.jackrabbit:oak-blob-cloud:bundle:1.8-SNAPSHOT :  Component org.apache.jackrabbit.oak.plugins.blob.datastore.SharedS3DataStore is using the deprecated inheritance feature and inherits from org.apache.jackrabbit.oak.plugins.blob.datastore.AbstractDataStoreService. This feature will be removed in future versions. [org/apache/jackrabbit/oak/blob/cloud/s3/SharedS3DataStoreService.class,1:1]
[INFO] 
[INFO] --- maven-resources-plugin:2.7:testResources (default-testResources) @ oak-blob-cloud ---
[INFO] Using 'UTF-8' encoding to copy filtered resources.
[INFO] Copying 2 resources
[INFO] Copying 3 resources
[INFO] 
[INFO] --- maven-compiler-plugin:3.5.1:testCompile (default-testCompile) @ oak-blob-cloud ---
[INFO] Changes detected - recompiling the module!
[INFO] Compiling 9 source files to /home/travis/build/apache/jackrabbit-oak/oak-blob-cloud/target/test-classes
[INFO] /home/travis/build/apache/jackrabbit-oak/oak-blob-cloud/src/test/java/org/apache/jackrabbit/oak/blob/cloud/s3/S3DataStoreUtils.java: /home/travis/build/apache/jackrabbit-oak/oak-blob-cloud/src/test/java/org/apache/jackrabbit/oak/blob/cloud/s3/S3DataStoreUtils.java uses unchecked or unsafe operations.
[INFO] /home/travis/build/apache/jackrabbit-oak/oak-blob-cloud/src/test/java/org/apache/jackrabbit/oak/blob/cloud/s3/S3DataStoreUtils.java: Recompile with -Xlint:unchecked for details.
[INFO] 
[INFO] --- maven-surefire-plugin:2.20:test (default-test) @ oak-blob-cloud ---
[INFO] Tests are skipped.
[INFO] 
[INFO] --- jacoco-maven-plugin:0.7.9:report (post-unit-test) @ oak-blob-cloud ---
[INFO] Skipping JaCoCo execution because property jacoco.skip is set.
[INFO] 
[INFO] --- maven-bundle-plugin:3.3.0:bundle (default-bundle) @ oak-blob-cloud ---
[WARNING] Bundle org.apache.jackrabbit:oak-blob-cloud:bundle:1.8-SNAPSHOT :  Component org.apache.jackrabbit.oak.blob.cloud.s3.AbstractS3DataStoreService is using the deprecated inheritance feature and inherits from org.apache.jackrabbit.oak.plugins.blob.datastore.AbstractDataStoreService. This feature will be removed in future versions. [org/apache/jackrabbit/oak/blob/cloud/s3/AbstractS3DataStoreService.class,1:1]
[WARNING] Bundle org.apache.jackrabbit:oak-blob-cloud:bundle:1.8-SNAPSHOT :  Component org.apache.jackrabbit.oak.plugins.blob.datastore.S3DataStore is using the deprecated inheritance feature and inherits from org.apache.jackrabbit.oak.blob.cloud.s3.AbstractS3DataStoreService. This feature will be removed in future versions. [org/apache/jackrabbit/oak/blob/cloud/s3/S3DataStoreService.class,1:1]
[WARNING] Bundle org.apache.jackrabbit:oak-blob-cloud:bundle:1.8-SNAPSHOT :  Component org.apache.jackrabbit.oak.plugins.blob.datastore.S3DataStore is using the deprecated inheritance feature and inherits from org.apache.jackrabbit.oak.plugins.blob.datastore.AbstractDataStoreService. This feature will be removed in future versions. [org/apache/jackrabbit/oak/blob/cloud/s3/S3DataStoreService.class,1:1]
[WARNING] Bundle org.apache.jackrabbit:oak-blob-cloud:bundle:1.8-SNAPSHOT :  Component org.apache.jackrabbit.oak.plugins.blob.datastore.SharedS3DataStore is using the deprecated inheritance feature and inherits from org.apache.jackrabbit.oak.blob.cloud.s3.AbstractS3DataStoreService. This feature will be removed in future versions. [org/apache/jackrabbit/oak/blob/cloud/s3/SharedS3DataStoreService.class,1:1]
[WARNING] Bundle org.apache.jackrabbit:oak-blob-cloud:bundle:1.8-SNAPSHOT :  Component org.apache.jackrabbit.oak.plugins.blob.datastore.SharedS3DataStore is using the deprecated inheritance feature and inherits from org.apache.jackrabbit.oak.plugins.blob.datastore.AbstractDataStoreService. This feature will be removed in future versions. [org/apache/jackrabbit/oak/blob/cloud/s3/SharedS3DataStoreService.class,1:1]
[INFO] 
[INFO] --- maven-site-plugin:3.6:attach-descriptor (attach-descriptor) @ oak-blob-cloud ---
[INFO] Skipping because packaging 'bundle' is not pom.
[INFO] 
[INFO] --- maven-jar-plugin:3.0.2:test-jar (default) @ oak-blob-cloud ---
[INFO] Building jar: /home/travis/build/apache/jackrabbit-oak/oak-blob-cloud/target/oak-blob-cloud-1.8-SNAPSHOT-tests.jar
[INFO] 
[INFO] --- maven-bundle-plugin:3.3.0:baseline (baseline) @ oak-blob-cloud ---
[INFO] Skipping Baseline execution
[INFO] 
[INFO] --- jacoco-maven-plugin:0.7.9:check (default-check) @ oak-blob-cloud ---
[INFO] Skipping JaCoCo execution due to missing execution data file:/home/travis/build/apache/jackrabbit-oak/oak-blob-cloud/target/coverage-reports/jacoco-ut.exec
[INFO] 
[INFO] --- maven-install-plugin:2.5.2:install (default-install) @ oak-blob-cloud ---
[INFO] Installing /home/travis/build/apache/jackrabbit-oak/oak-blob-cloud/target/oak-blob-cloud-1.8-SNAPSHOT.jar to /home/travis/.m2/repository/org/apache/jackrabbit/oak-blob-cloud/1.8-SNAPSHOT/oak-blob-cloud-1.8-SNAPSHOT.jar
[INFO] Installing /home/travis/build/apache/jackrabbit-oak/oak-blob-cloud/pom.xml to /home/travis/.m2/repository/org/apache/jackrabbit/oak-blob-cloud/1.8-SNAPSHOT/oak-blob-cloud-1.8-SNAPSHOT.pom
[INFO] Installing /home/travis/build/apache/jackrabbit-oak/oak-blob-cloud/target/oak-blob-cloud-1.8-SNAPSHOT-tests.jar to /home/travis/.m2/repository/org/apache/jackrabbit/oak-blob-cloud/1.8-SNAPSHOT/oak-blob-cloud-1.8-SNAPSHOT-tests.jar
[INFO] 
[INFO] --- maven-bundle-plugin:3.3.0:install (default-install) @ oak-blob-cloud ---
[INFO] Local OBR update disabled (enable with -DobrRepository)
[INFO]                                                                         
[INFO] ------------------------------------------------------------------------
[INFO] Building Oak Azure Cloud Blob Store 1.8-SNAPSHOT
[INFO] ------------------------------------------------------------------------
[INFO] 
[INFO] --- jacoco-maven-plugin:0.7.9:prepare-agent (pre-unit-test) @ oak-blob-cloud-azure ---
[INFO] Skipping JaCoCo execution because property jacoco.skip is set.
[INFO] test.opts.coverage set to empty
[INFO] 
[INFO] --- maven-remote-resources-plugin:1.5:process (process-resource-bundles) @ oak-blob-cloud-azure ---
[INFO] 
[INFO] --- maven-resources-plugin:2.7:resources (default-resources) @ oak-blob-cloud-azure ---
[INFO] Using 'UTF-8' encoding to copy filtered resources.
[INFO] skip non existing resourceDirectory /home/travis/build/apache/jackrabbit-oak/oak-blob-cloud-azure/src/main/resources
[INFO] Copying 3 resources
[INFO] 
[INFO] --- maven-compiler-plugin:3.5.1:compile (default-compile) @ oak-blob-cloud-azure ---
[INFO] Changes detected - recompiling the module!
[INFO] Compiling 6 source files to /home/travis/build/apache/jackrabbit-oak/oak-blob-cloud-azure/target/classes
[INFO] 
[INFO] --- animal-sniffer-maven-plugin:1.15:check (animal-sniffer) @ oak-blob-cloud-azure ---
[INFO] Checking unresolved references to org.codehaus.mojo.signature:java18:1.0
[INFO] 
[INFO] --- maven-bundle-plugin:3.3.0:manifest (scr-metadata) @ oak-blob-cloud-azure ---
[WARNING] Manifest org.apache.jackrabbit:oak-blob-cloud-azure:bundle:1.8-SNAPSHOT :  Component org.apache.jackrabbit.oak.plugins.blob.datastore.AzureDataStore is using the deprecated inheritance feature and inherits from org.apache.jackrabbit.oak.plugins.blob.datastore.AbstractDataStoreService. This feature will be removed in future versions. [org/apache/jackrabbit/oak/blob/cloud/azure/blobstorage/AzureDataStoreService.class,1:1]
[WARNING] Manifest org.apache.jackrabbit:oak-blob-cloud-azure:bundle:1.8-SNAPSHOT : Export org.apache.jackrabbit.oak.blob.cloud.azure.blobstorage,  has 2,  private references [com.microsoft.azure.storage, com.microsoft.azure.storage.blob], 
[INFO] 
[INFO] --- maven-resources-plugin:2.7:testResources (default-testResources) @ oak-blob-cloud-azure ---
[INFO] Using 'UTF-8' encoding to copy filtered resources.
[INFO] Copying 2 resources
[INFO] Copying 3 resources
[INFO] 
[INFO] --- maven-compiler-plugin:3.5.1:testCompile (default-testCompile) @ oak-blob-cloud-azure ---
[INFO] Changes detected - recompiling the module!
[INFO] Compiling 6 source files to /home/travis/build/apache/jackrabbit-oak/oak-blob-cloud-azure/target/test-classes
[INFO] /home/travis/build/apache/jackrabbit-oak/oak-blob-cloud-azure/src/test/java/org/apache/jackrabbit/oak/blob/cloud/azure/blobstorage/AzureDataStoreTest.java: /home/travis/build/apache/jackrabbit-oak/oak-blob-cloud-azure/src/test/java/org/apache/jackrabbit/oak/blob/cloud/azure/blobstorage/AzureDataStoreTest.java uses or overrides a deprecated API.
[INFO] /home/travis/build/apache/jackrabbit-oak/oak-blob-cloud-azure/src/test/java/org/apache/jackrabbit/oak/blob/cloud/azure/blobstorage/AzureDataStoreTest.java: Recompile with -Xlint:deprecation for details.
[INFO] /home/travis/build/apache/jackrabbit-oak/oak-blob-cloud-azure/src/test/java/org/apache/jackrabbit/oak/blob/cloud/azure/blobstorage/AzureDataStoreUtils.java: /home/travis/build/apache/jackrabbit-oak/oak-blob-cloud-azure/src/test/java/org/apache/jackrabbit/oak/blob/cloud/azure/blobstorage/AzureDataStoreUtils.java uses unchecked or unsafe operations.
[INFO] /home/travis/build/apache/jackrabbit-oak/oak-blob-cloud-azure/src/test/java/org/apache/jackrabbit/oak/blob/cloud/azure/blobstorage/AzureDataStoreUtils.java: Recompile with -Xlint:unchecked for details.
[INFO] 
[INFO] --- maven-surefire-plugin:2.20:test (default-test) @ oak-blob-cloud-azure ---
[INFO] Tests are skipped.
[INFO] 
[INFO] --- jacoco-maven-plugin:0.7.9:report (post-unit-test) @ oak-blob-cloud-azure ---
[INFO] Skipping JaCoCo execution because property jacoco.skip is set.
[INFO] 
[INFO] --- maven-bundle-plugin:3.3.0:bundle (default-bundle) @ oak-blob-cloud-azure ---
[WARNING] Bundle org.apache.jackrabbit:oak-blob-cloud-azure:bundle:1.8-SNAPSHOT :  Component org.apache.jackrabbit.oak.plugins.blob.datastore.AzureDataStore is using the deprecated inheritance feature and inherits from org.apache.jackrabbit.oak.plugins.blob.datastore.AbstractDataStoreService. This feature will be removed in future versions. [org/apache/jackrabbit/oak/blob/cloud/azure/blobstorage/AzureDataStoreService.class,1:1]
[WARNING] Bundle org.apache.jackrabbit:oak-blob-cloud-azure:bundle:1.8-SNAPSHOT : Export org.apache.jackrabbit.oak.blob.cloud.azure.blobstorage,  has 2,  private references [com.microsoft.azure.storage, com.microsoft.azure.storage.blob], 
[INFO] 
[INFO] --- maven-site-plugin:3.6:attach-descriptor (attach-descriptor) @ oak-blob-cloud-azure ---
[INFO] Skipping because packaging 'bundle' is not pom.
[INFO] 
[INFO] --- maven-jar-plugin:3.0.2:test-jar (default) @ oak-blob-cloud-azure ---
[INFO] Building jar: /home/travis/build/apache/jackrabbit-oak/oak-blob-cloud-azure/target/oak-blob-cloud-azure-1.8-SNAPSHOT-tests.jar
[INFO] 
[INFO] --- maven-bundle-plugin:3.3.0:baseline (baseline) @ oak-blob-cloud-azure ---
[INFO] Skipping Baseline execution
[INFO] 
[INFO] --- jacoco-maven-plugin:0.7.9:check (default-check) @ oak-blob-cloud-azure ---
[INFO] Skipping JaCoCo execution due to missing execution data file:/home/travis/build/apache/jackrabbit-oak/oak-blob-cloud-azure/target/coverage-reports/jacoco-ut.exec
[INFO] 
[INFO] --- maven-install-plugin:2.5.2:install (default-install) @ oak-blob-cloud-azure ---
[INFO] Installing /home/travis/build/apache/jackrabbit-oak/oak-blob-cloud-azure/target/oak-blob-cloud-azure-1.8-SNAPSHOT.jar to /home/travis/.m2/repository/org/apache/jackrabbit/oak-blob-cloud-azure/1.8-SNAPSHOT/oak-blob-cloud-azure-1.8-SNAPSHOT.jar
[INFO] Installing /home/travis/build/apache/jackrabbit-oak/oak-blob-cloud-azure/pom.xml to /home/travis/.m2/repository/org/apache/jackrabbit/oak-blob-cloud-azure/1.8-SNAPSHOT/oak-blob-cloud-azure-1.8-SNAPSHOT.pom
[INFO] Installing /home/travis/build/apache/jackrabbit-oak/oak-blob-cloud-azure/target/oak-blob-cloud-azure-1.8-SNAPSHOT-tests.jar to /home/travis/.m2/repository/org/apache/jackrabbit/oak-blob-cloud-azure/1.8-SNAPSHOT/oak-blob-cloud-azure-1.8-SNAPSHOT-tests.jar
[INFO] 
[INFO] --- maven-bundle-plugin:3.3.0:install (default-install) @ oak-blob-cloud-azure ---
[INFO] Local OBR update disabled (enable with -DobrRepository)
[INFO]                                                                         
[INFO] ------------------------------------------------------------------------
[INFO] Building Oak Segment Tar 1.8-SNAPSHOT
[INFO] ------------------------------------------------------------------------
[INFO] 
[INFO] --- jacoco-maven-plugin:0.7.9:prepare-agent (pre-unit-test) @ oak-segment-tar ---
[INFO] Skipping JaCoCo execution because property jacoco.skip is set.
[INFO] test.opts.coverage set to empty
[INFO] 
[INFO] --- maven-remote-resources-plugin:1.5:process (process-resource-bundles) @ oak-segment-tar ---
[INFO] 
[INFO] --- maven-resources-plugin:2.7:resources (default-resources) @ oak-segment-tar ---
[INFO] Using 'UTF-8' encoding to copy filtered resources.
[INFO] Copying 1 resource
[INFO] Copying 3 resources
[INFO] 
[INFO] --- maven-compiler-plugin:3.5.1:compile (default-compile) @ oak-segment-tar ---
[INFO] Changes detected - recompiling the module!
[INFO] Compiling 226 source files to /home/travis/build/apache/jackrabbit-oak/oak-segment-tar/target/classes
[INFO] /home/travis/build/apache/jackrabbit-oak/oak-segment-tar/src/main/java/org/apache/jackrabbit/oak/backup/impl/FileStoreBackupRestoreImpl.java: /home/travis/build/apache/jackrabbit-oak/oak-segment-tar/src/main/java/org/apache/jackrabbit/oak/backup/impl/FileStoreBackupRestoreImpl.java uses or overrides a deprecated API.
[INFO] /home/travis/build/apache/jackrabbit-oak/oak-segment-tar/src/main/java/org/apache/jackrabbit/oak/backup/impl/FileStoreBackupRestoreImpl.java: Recompile with -Xlint:deprecation for details.
[INFO] 
[INFO] --- animal-sniffer-maven-plugin:1.15:check (animal-sniffer) @ oak-segment-tar ---
[INFO] Checking unresolved references to org.codehaus.mojo.signature:java18:1.0
[INFO] 
[INFO] --- maven-bundle-plugin:3.3.0:manifest (scr-metadata) @ oak-segment-tar ---
[WARNING] Manifest org.apache.jackrabbit:oak-segment-tar:bundle:1.8-SNAPSHOT : NoClassDefFoundError: org/jboss/marshalling/ByteInput
[WARNING] Manifest org.apache.jackrabbit:oak-segment-tar:bundle:1.8-SNAPSHOT : NoClassDefFoundError: org/jboss/marshalling/ByteOutput
[WARNING] Manifest org.apache.jackrabbit:oak-segment-tar:bundle:1.8-SNAPSHOT : NoClassDefFoundError: org/eclipse/jetty/alpn/ALPN$ServerProvider
[WARNING] Manifest org.apache.jackrabbit:oak-segment-tar:bundle:1.8-SNAPSHOT : NoClassDefFoundError: org/eclipse/jetty/alpn/ALPN$ClientProvider
[WARNING] Manifest org.apache.jackrabbit:oak-segment-tar:bundle:1.8-SNAPSHOT : NoClassDefFoundError: org/eclipse/jetty/npn/NextProtoNego$ServerProvider
[WARNING] Manifest org.apache.jackrabbit:oak-segment-tar:bundle:1.8-SNAPSHOT : NoClassDefFoundError: org/eclipse/jetty/npn/NextProtoNego$ClientProvider
[WARNING] Manifest org.apache.jackrabbit:oak-segment-tar:bundle:1.8-SNAPSHOT : NoClassDefFoundError: org/apache/tomcat/jni/CertificateRequestedCallback
[WARNING] Manifest org.apache.jackrabbit:oak-segment-tar:bundle:1.8-SNAPSHOT : NoClassDefFoundError: org/apache/tomcat/jni/CertificateVerifier
[WARNING] Manifest org.apache.jackrabbit:oak-segment-tar:bundle:1.8-SNAPSHOT : Unused Import-Package instructions: [sun.nio.ch.*] 
[INFO] 
[INFO] --- maven-resources-plugin:2.7:testResources (default-testResources) @ oak-segment-tar ---
[INFO] Using 'UTF-8' encoding to copy filtered resources.
[INFO] Copying 3 resources
[INFO] Copying 3 resources
[INFO] 
[INFO] --- maven-compiler-plugin:3.5.1:testCompile (default-testCompile) @ oak-segment-tar ---
[INFO] Changes detected - recompiling the module!
[INFO] Compiling 128 source files to /home/travis/build/apache/jackrabbit-oak/oak-segment-tar/target/test-classes
[INFO] /home/travis/build/apache/jackrabbit-oak/oak-segment-tar/src/test/java/org/apache/jackrabbit/oak/segment/SegmentIdFactoryTest.java: Some input files use or override a deprecated API.
[INFO] /home/travis/build/apache/jackrabbit-oak/oak-segment-tar/src/test/java/org/apache/jackrabbit/oak/segment/SegmentIdFactoryTest.java: Recompile with -Xlint:deprecation for details.
[INFO] Some messages have been simplified; recompile with -Xdiags:verbose to get full output
[INFO] -------------------------------------------------------------
[ERROR] COMPILATION ERROR : 
[INFO] -------------------------------------------------------------
[ERROR] /home/travis/build/apache/jackrabbit-oak/oak-segment-tar/src/test/java/org/apache/jackrabbit/oak/segment/standby/server/GetBlobRequestHandlerTest.java:[38,40] no suitable method found for thenReturn(byte[])
    method org.mockito.stubbing.OngoingStubbing.thenReturn(java.io.InputStream) is not applicable
      (argument mismatch; byte[] cannot be converted to java.io.InputStream)
    method org.mockito.stubbing.OngoingStubbing.thenReturn(java.io.InputStream,java.io.InputStream...) is not applicable
      (argument mismatch; byte[] cannot be converted to java.io.InputStream)
[ERROR] /home/travis/build/apache/jackrabbit-oak/oak-segment-tar/src/test/java/org/apache/jackrabbit/oak/segment/standby/server/GetBlobRequestHandlerTest.java:[45,45] cannot find symbol
  symbol:   method getBlobData()
  location: variable response of type org.apache.jackrabbit.oak.segment.standby.codec.GetBlobResponse
[ERROR] /home/travis/build/apache/jackrabbit-oak/oak-segment-tar/src/test/java/org/apache/jackrabbit/oak/segment/standby/codec/GetBlobResponseEncoderTest.java:[38,55] constructor GetBlobResponseEncoder in class org.apache.jackrabbit.oak.segment.standby.codec.GetBlobResponseEncoder cannot be applied to given types;
  required: int
  found: no arguments
  reason: actual and formal argument lists differ in length
[ERROR] /home/travis/build/apache/jackrabbit-oak/oak-segment-tar/src/test/java/org/apache/jackrabbit/oak/segment/standby/codec/GetBlobResponseEncoderTest.java:[39,31] constructor GetBlobResponse in class org.apache.jackrabbit.oak.segment.standby.codec.GetBlobResponse cannot be applied to given types;
  required: java.lang.String,java.lang.String,java.io.InputStream,long
  found: java.lang.String,java.lang.String,byte[]
  reason: actual and formal argument lists differ in length
[ERROR] /home/travis/build/apache/jackrabbit-oak/oak-segment-tar/src/test/java/org/apache/jackrabbit/oak/segment/standby/server/DefaultStandbyBlobReaderTest.java:[72,9] no suitable method found for assertArrayEquals(byte[],java.io.InputStream)
    method org.junit.Assert.assertArrayEquals(long[],long[]) is not applicable
      (argument mismatch; byte[] cannot be converted to long[])
    method org.junit.Assert.assertArrayEquals(int[],int[]) is not applicable
      (argument mismatch; byte[] cannot be converted to int[])
    method org.junit.Assert.assertArrayEquals(short[],short[]) is not applicable
      (argument mismatch; byte[] cannot be converted to short[])
    method org.junit.Assert.assertArrayEquals(char[],char[]) is not applicable
      (argument mismatch; byte[] cannot be converted to char[])
    method org.junit.Assert.assertArrayEquals(byte[],byte[]) is not applicable
      (argument mismatch; java.io.InputStream cannot be converted to byte[])
    method org.junit.Assert.assertArrayEquals(boolean[],boolean[]) is not applicable
      (argument mismatch; byte[] cannot be converted to boolean[])
    method org.junit.Assert.assertArrayEquals(java.lang.Object[],java.lang.Object[]) is not applicable
      (argument mismatch; byte[] cannot be converted to java.lang.Object[])
[ERROR] /home/travis/build/apache/jackrabbit-oak/oak-segment-tar/src/test/java/org/apache/jackrabbit/oak/segment/standby/codec/ResponseDecoderTest.java:[71,45] cannot find symbol
  symbol:   method getBlobData()
  location: variable response of type org.apache.jackrabbit.oak.segment.standby.codec.GetBlobResponse
[INFO] 6 errors 
[INFO] -------------------------------------------------------------
[INFO] ------------------------------------------------------------------------
[INFO] Reactor Summary:
[INFO] 
[INFO] Oak Parent POM ..................................... SUCCESS [  2.745 s]
[INFO] Oak Commons ........................................ SUCCESS [  5.688 s]
[INFO] Oak API ............................................ SUCCESS [  1.159 s]
[INFO] Oak Core SPI ....................................... SUCCESS [  2.824 s]
[INFO] Oak NodeStore and Commit SPI ....................... SUCCESS [  3.178 s]
[INFO] Oak Blob Store ..................................... SUCCESS [  1.718 s]
[INFO] Oak Blob Plugins ................................... SUCCESS [  3.390 s]
[INFO] Oak Core ........................................... SUCCESS [ 25.104 s]
[INFO] Oak Composite Store ................................ SUCCESS [  2.488 s]
[INFO] Oak Cloud Blob Store ............................... SUCCESS [  1.954 s]
[INFO] Oak Azure Cloud Blob Store ......................... SUCCESS [  3.015 s]
[INFO] Oak Segment Tar .................................... FAILURE [  5.131 s]
[INFO] Oak Integration Tests .............................. SKIPPED
[INFO] ------------------------------------------------------------------------
[INFO] BUILD FAILURE
[INFO] ------------------------------------------------------------------------
[INFO] Total time: 59.596 s
[INFO] Finished at: 2017-08-09T12:50:16+00:00
[INFO] Final Memory: 78M/479M
[INFO] ------------------------------------------------------------------------
[ERROR] Failed to execute goal org.apache.maven.plugins:maven-compiler-plugin:3.5.1:testCompile (default-testCompile) on project oak-segment-tar: Compilation failure: Compilation failure:
[ERROR] /home/travis/build/apache/jackrabbit-oak/oak-segment-tar/src/test/java/org/apache/jackrabbit/oak/segment/standby/server/GetBlobRequestHandlerTest.java:[38,40] no suitable method found for thenReturn(byte[])
[ERROR] method org.mockito.stubbing.OngoingStubbing.thenReturn(java.io.InputStream) is not applicable
[ERROR] (argument mismatch; byte[] cannot be converted to java.io.InputStream)
[ERROR] method org.mockito.stubbing.OngoingStubbing.thenReturn(java.io.InputStream,java.io.InputStream...) is not applicable
[ERROR] (argument mismatch; byte[] cannot be converted to java.io.InputStream)
[ERROR] /home/travis/build/apache/jackrabbit-oak/oak-segment-tar/src/test/java/org/apache/jackrabbit/oak/segment/standby/server/GetBlobRequestHandlerTest.java:[45,45] cannot find symbol
[ERROR] symbol:   method getBlobData()
[ERROR] location: variable response of type org.apache.jackrabbit.oak.segment.standby.codec.GetBlobResponse
[ERROR] /home/travis/build/apache/jackrabbit-oak/oak-segment-tar/src/test/java/org/apache/jackrabbit/oak/segment/standby/codec/GetBlobResponseEncoderTest.java:[38,55] constructor GetBlobResponseEncoder in class org.apache.jackrabbit.oak.segment.standby.codec.GetBlobResponseEncoder cannot be applied to given types;
[ERROR] required: int
[ERROR] found: no arguments
[ERROR] reason: actual and formal argument lists differ in length
[ERROR] /home/travis/build/apache/jackrabbit-oak/oak-segment-tar/src/test/java/org/apache/jackrabbit/oak/segment/standby/codec/GetBlobResponseEncoderTest.java:[39,31] constructor GetBlobResponse in class org.apache.jackrabbit.oak.segment.standby.codec.GetBlobResponse cannot be applied to given types;
[ERROR] required: java.lang.String,java.lang.String,java.io.InputStream,long
[ERROR] found: java.lang.String,java.lang.String,byte[]
[ERROR] reason: actual and formal argument lists differ in length
[ERROR] /home/travis/build/apache/jackrabbit-oak/oak-segment-tar/src/test/java/org/apache/jackrabbit/oak/segment/standby/server/DefaultStandbyBlobReaderTest.java:[72,9] no suitable method found for assertArrayEquals(byte[],java.io.InputStream)
[ERROR] method org.junit.Assert.assertArrayEquals(long[],long[]) is not applicable
[ERROR] (argument mismatch; byte[] cannot be converted to long[])
[ERROR] method org.junit.Assert.assertArrayEquals(int[],int[]) is not applicable
[ERROR] (argument mismatch; byte[] cannot be converted to int[])
[ERROR] method org.junit.Assert.assertArrayEquals(short[],short[]) is not applicable
[ERROR] (argument mismatch; byte[] cannot be converted to short[])
[ERROR] method org.junit.Assert.assertArrayEquals(char[],char[]) is not applicable
[ERROR] (argument mismatch; byte[] cannot be converted to char[])
[ERROR] method org.junit.Assert.assertArrayEquals(byte[],byte[]) is not applicable
[ERROR] (argument mismatch; java.io.InputStream cannot be converted to byte[])
[ERROR] method org.junit.Assert.assertArrayEquals(boolean[],boolean[]) is not applicable
[ERROR] (argument mismatch; byte[] cannot be converted to boolean[])
[ERROR] method org.junit.Assert.assertArrayEquals(java.lang.Object[],java.lang.Object[]) is not applicable
[ERROR] (argument mismatch; byte[] cannot be converted to java.lang.Object[])
[ERROR] /home/travis/build/apache/jackrabbit-oak/oak-segment-tar/src/test/java/org/apache/jackrabbit/oak/segment/standby/codec/ResponseDecoderTest.java:[71,45] cannot find symbol
[ERROR] symbol:   method getBlobData()
[ERROR] location: variable response of type org.apache.jackrabbit.oak.segment.standby.codec.GetBlobResponse
[ERROR] -> [Help 1]
[ERROR] 
[ERROR] To see the full stack trace of the errors, re-run Maven with the -e switch.
[ERROR] Re-run Maven using the -X switch to enable full debug logging.
[ERROR] 
[ERROR] For more information about the errors and possible solutions, please read the following articles:
[ERROR] [Help 1] http://cwiki.apache.org/confluence/display/MAVEN/MojoFailureException
[ERROR] 
[ERROR] After correcting the problems, you can resume the build with the command
[ERROR]   mvn <goals> -rf :oak-segment-tar

travis_time:end:1977442b:start=1502282955461230466,finish=1502283016872026903,duration=61410796437[0K
[31;1mThe command "mvn --batch-mode -DskipTests -Dbaseline.skip=true install -pl :${MODULE} -am -nsu" failed and exited with 1 during .[0m

Your build has been stopped.
