travis_fold:start:worker_info[0K[33;1mWorker information[0m
hostname: 20d4950a-a8d3-43ed-9dd0-45d597964634@1.production-2-worker-org-03-packet
version: v4.0.0 https://github.com/travis-ci/worker/tree/e5cb567e10c0eefe380e81c9a2229ac8fb6a16ce
instance: 2a4f2f2 travisci/ci-garnet:packer-1512502276-986baf0 (via amqp)
startup: 874.81167ms
travis_fold:end:worker_info[0Ktravis_fold:start:system_info[0K[33;1mBuild system information[0m
Build language: python
Build group: stable
Build dist: trusty
Build id: 413186996
Job id: 413186999
Runtime kernel version: 4.4.0-112-generic
travis-build version: d69205321
[34m[1mBuild image provisioning date and time[0m
Tue Dec  5 20:11:19 UTC 2017
[34m[1mOperating System Details[0m
Distributor ID:	Ubuntu
Description:	Ubuntu 14.04.5 LTS
Release:	14.04
Codename:	trusty
[34m[1mCookbooks Version[0m
7c2c6a6 https://github.com/travis-ci/travis-cookbooks/tree/7c2c6a6
[34m[1mgit version[0m
git version 2.15.1
[34m[1mbash version[0m
GNU bash, version 4.3.11(1)-release (x86_64-pc-linux-gnu)
[34m[1mgcc version[0m
gcc (Ubuntu 4.8.4-2ubuntu1~14.04.3) 4.8.4
Copyright (C) 2013 Free Software Foundation, Inc.
This is free software; see the source for copying conditions.  There is NO
warranty; not even for MERCHANTABILITY or FITNESS FOR A PARTICULAR PURPOSE.

[34m[1mdocker version[0m
Client:
 Version:      17.09.0-ce
 API version:  1.32
 Go version:   go1.8.3
 Git commit:   afdb6d4
 Built:        Tue Sep 26 22:39:28 2017
 OS/Arch:      linux/amd64
[34m[1mclang version[0m
clang version 5.0.0 (tags/RELEASE_500/final)
Target: x86_64-unknown-linux-gnu
Thread model: posix
InstalledDir: /usr/local/clang-5.0.0/bin
[34m[1mjq version[0m
jq-1.5
[34m[1mbats version[0m
Bats 0.4.0
[34m[1mshellcheck version[0m
0.4.6
[34m[1mshfmt version[0m
v2.0.0
[34m[1mccache version[0m
ccache version 3.1.9

Copyright (C) 2002-2007 Andrew Tridgell
Copyright (C) 2009-2011 Joel Rosdahl

This program is free software; you can redistribute it and/or modify it under
the terms of the GNU General Public License as published by the Free Software
Foundation; either version 3 of the License, or (at your option) any later
version.
[34m[1mcmake version[0m
cmake version 3.9.2

CMake suite maintained and supported by Kitware (kitware.com/cmake).
[34m[1mheroku version[0m
heroku-cli/6.14.39-addc925 (linux-x64) node-v9.2.0
[34m[1mimagemagick version[0m
Version: ImageMagick 6.7.7-10 2017-07-31 Q16 http://www.imagemagick.org
[34m[1mmd5deep version[0m
4.2
[34m[1mmercurial version[0m
Mercurial Distributed SCM (version 4.2.2)
(see https://mercurial-scm.org for more information)

Copyright (C) 2005-2017 Matt Mackall and others
This is free software; see the source for copying conditions. There is NO
warranty; not even for MERCHANTABILITY or FITNESS FOR A PARTICULAR PURPOSE.
[34m[1mmysql version[0m
mysql  Ver 14.14 Distrib 5.6.33, for debian-linux-gnu (x86_64) using  EditLine wrapper
[34m[1mopenssl version[0m
OpenSSL 1.0.1f 6 Jan 2014
[34m[1mpacker version[0m
Packer v1.0.2

Your version of Packer is out of date! The latest version
is 1.1.2. You can update by downloading from www.packer.io
[34m[1mpostgresql client version[0m
psql (PostgreSQL) 9.6.6
[34m[1mragel version[0m
Ragel State Machine Compiler version 6.8 Feb 2013
Copyright (c) 2001-2009 by Adrian Thurston
[34m[1msubversion version[0m
svn, version 1.8.8 (r1568071)
   compiled Aug 10 2017, 17:20:39 on x86_64-pc-linux-gnu

Copyright (C) 2013 The Apache Software Foundation.
This software consists of contributions made by many people;
see the NOTICE file for more information.
Subversion is open source software, see http://subversion.apache.org/

The following repository access (RA) modules are available:

* ra_svn : Module for accessing a repository using the svn network protocol.
  - with Cyrus SASL authentication
  - handles 'svn' scheme
* ra_local : Module for accessing a repository on local disk.
  - handles 'file' scheme
* ra_serf : Module for accessing a repository via WebDAV protocol using serf.
  - using serf 1.3.3
  - handles 'http' scheme
  - handles 'https' scheme

[34m[1msudo version[0m
Sudo version 1.8.9p5
Configure options: --prefix=/usr -v --with-all-insults --with-pam --with-fqdn --with-logging=syslog --with-logfac=authpriv --with-env-editor --with-editor=/usr/bin/editor --with-timeout=15 --with-password-timeout=0 --with-passprompt=[sudo] password for %p:  --without-lecture --with-tty-tickets --disable-root-mailer --enable-admin-flag --with-sendmail=/usr/sbin/sendmail --with-timedir=/var/lib/sudo --mandir=/usr/share/man --libexecdir=/usr/lib/sudo --with-sssd --with-sssd-lib=/usr/lib/x86_64-linux-gnu --with-selinux
Sudoers policy plugin version 1.8.9p5
Sudoers file grammar version 43

Sudoers path: /etc/sudoers
Authentication methods: 'pam'
Syslog facility if syslog is being used for logging: authpriv
Syslog priority to use when user authenticates successfully: notice
Syslog priority to use when user authenticates unsuccessfully: alert
Send mail if the user is not in sudoers
Use a separate timestamp for each user/tty combo
Lecture user the first time they run sudo
Root may run sudo
Allow some information gathering to give useful error messages
Require fully-qualified hostnames in the sudoers file
Visudo will honor the EDITOR environment variable
Set the LOGNAME and USER environment variables
Length at which to wrap log file lines (0 for no wrap): 80
Authentication timestamp timeout: 15.0 minutes
Password prompt timeout: 0.0 minutes
Number of tries to enter a password: 3
Umask to use or 0777 to use user's: 022
Path to mail program: /usr/sbin/sendmail
Flags for mail program: -t
Address to send mail to: root
Subject line for mail messages: *** SECURITY information for %h ***
Incorrect password message: Sorry, try again.
Path to authentication timestamp dir: /var/lib/sudo
Default password prompt: [sudo] password for %p: 
Default user to run commands as: root
Value to override user's $PATH with: /usr/local/sbin:/usr/local/bin:/usr/sbin:/usr/bin:/sbin:/bin:/snap/bin
Path to the editor for use by visudo: /usr/bin/editor
When to require a password for 'list' pseudocommand: any
When to require a password for 'verify' pseudocommand: all
File descriptors >= 3 will be closed before executing a command
Environment variables to check for sanity:
	TZ
	TERM
	LINGUAS
	LC_*
	LANGUAGE
	LANG
	COLORTERM
Environment variables to remove:
	RUBYOPT
	RUBYLIB
	PYTHONUSERBASE
	PYTHONINSPECT
	PYTHONPATH
	PYTHONHOME
	TMPPREFIX
	ZDOTDIR
	READNULLCMD
	NULLCMD
	FPATH
	PERL5DB
	PERL5OPT
	PERL5LIB
	PERLLIB
	PERLIO_DEBUG 
	JAVA_TOOL_OPTIONS
	SHELLOPTS
	GLOBIGNORE
	PS4
	BASH_ENV
	ENV
	TERMCAP
	TERMPATH
	TERMINFO_DIRS
	TERMINFO
	_RLD*
	LD_*
	PATH_LOCALE
	NLSPATH
	HOSTALIASES
	RES_OPTIONS
	LOCALDOMAIN
	CDPATH
	IFS
Environment variables to preserve:
	JAVA_HOME
	TRAVIS
	CI
	DEBIAN_FRONTEND
	XAUTHORIZATION
	XAUTHORITY
	PS2
	PS1
	PATH
	LS_COLORS
	KRB5CCNAME
	HOSTNAME
	HOME
	DISPLAY
	COLORS
Locale to use while parsing sudoers: C
Directory in which to store input/output logs: /var/log/sudo-io
File in which to store the input/output log: %{seq}
Add an entry to the utmp/utmpx file when allocating a pty
PAM service name to use
PAM service name to use for login shells
Create a new PAM session for the command to run in
Maximum I/O log sequence number: 0

Local IP address and netmask pairs:
	172.17.0.2/255.255.0.0

Sudoers I/O plugin version 1.8.9p5
[34m[1mgzip version[0m
gzip 1.6
Copyright (C) 2007, 2010, 2011 Free Software Foundation, Inc.
Copyright (C) 1993 Jean-loup Gailly.
This is free software.  You may redistribute copies of it under the terms of
the GNU General Public License <http://www.gnu.org/licenses/gpl.html>.
There is NO WARRANTY, to the extent permitted by law.

Written by Jean-loup Gailly.
[34m[1mzip version[0m
Copyright (c) 1990-2008 Info-ZIP - Type 'zip "-L"' for software license.
This is Zip 3.0 (July 5th 2008), by Info-ZIP.
Currently maintained by E. Gordon.  Please send bug reports to
the authors using the web page at www.info-zip.org; see README for details.

Latest sources and executables are at ftp://ftp.info-zip.org/pub/infozip,
as of above date; see http://www.info-zip.org/ for other sites.

Compiled with gcc 4.8.2 for Unix (Linux ELF) on Oct 21 2013.

Zip special compilation options:
	USE_EF_UT_TIME       (store Universal Time)
	BZIP2_SUPPORT        (bzip2 library version 1.0.6, 6-Sept-2010)
	    bzip2 code and library copyright (c) Julian R Seward
	    (See the bzip2 license for terms of use)
	SYMLINK_SUPPORT      (symbolic links supported)
	LARGE_FILE_SUPPORT   (can read and write large files on file system)
	ZIP64_SUPPORT        (use Zip64 to store large files in archives)
	UNICODE_SUPPORT      (store and read UTF-8 Unicode paths)
	STORE_UNIX_UIDs_GIDs (store UID/GID sizes/values using new extra field)
	UIDGID_NOT_16BIT     (old Unix 16-bit UID/GID extra field not used)
	[encryption, version 2.91 of 05 Jan 2007] (modified for Zip 3)

Encryption notice:
	The encryption code of this program is not copyrighted and is
	put in the public domain.  It was originally written in Europe
	and, to the best of our knowledge, can be freely distributed
	in both source and object forms from any country, including
	the USA under License Exception TSU of the U.S. Export
	Administration Regulations (section 740.13(e)) of 6 June 2002.

Zip environment options:
             ZIP:  [none]
          ZIPOPT:  [none]
[34m[1mvim version[0m
VIM - Vi IMproved 7.4 (2013 Aug 10, compiled Nov 24 2016 16:43:18)
Included patches: 1-52
Extra patches: 8.0.0056
Modified by pkg-vim-maintainers@lists.alioth.debian.org
Compiled by buildd@
Huge version without GUI.  Features included (+) or not (-):
+acl             +farsi           +mouse_netterm   +syntax
+arabic          +file_in_path    +mouse_sgr       +tag_binary
+autocmd         +find_in_path    -mouse_sysmouse  +tag_old_static
-balloon_eval    +float           +mouse_urxvt     -tag_any_white
-browse          +folding         +mouse_xterm     -tcl
++builtin_terms  -footer          +multi_byte      +terminfo
+byte_offset     +fork()          +multi_lang      +termresponse
+cindent         +gettext         -mzscheme        +textobjects
-clientserver    -hangul_input    +netbeans_intg   +title
-clipboard       +iconv           +path_extra      -toolbar
+cmdline_compl   +insert_expand   -perl            +user_commands
+cmdline_hist    +jumplist        +persistent_undo +vertsplit
+cmdline_info    +keymap          +postscript      +virtualedit
+comments        +langmap         +printer         +visual
+conceal         +libcall         +profile         +visualextra
+cryptv          +linebreak       +python          +viminfo
+cscope          +lispindent      -python3         +vreplace
+cursorbind      +listcmds        +quickfix        +wildignore
+cursorshape     +localmap        +reltime         +wildmenu
+dialog_con      -lua             +rightleft       +windows
+diff            +menu            -ruby            +writebackup
+digraphs        +mksession       +scrollbind      -X11
-dnd             +modify_fname    +signs           -xfontset
-ebcdic          +mouse           +smartindent     -xim
+emacs_tags      -mouseshape      -sniff           -xsmp
+eval            +mouse_dec       +startuptime     -xterm_clipboard
+ex_extra        +mouse_gpm       +statusline      -xterm_save
+extra_search    -mouse_jsbterm   -sun_workshop    -xpm
   system vimrc file: "$VIM/vimrc"
     user vimrc file: "$HOME/.vimrc"
 2nd user vimrc file: "~/.vim/vimrc"
      user exrc file: "$HOME/.exrc"
  fall-back for $VIM: "/usr/share/vim"
Compilation: gcc -c -I. -Iproto -DHAVE_CONFIG_H     -g -O2 -fstack-protector --param=ssp-buffer-size=4 -Wformat -Werror=format-security -U_FORTIFY_SOURCE -D_FORTIFY_SOURCE=1      
Linking: gcc   -Wl,-Bsymbolic-functions -Wl,-z,relro -Wl,--as-needed -o vim        -lm -ltinfo -lnsl  -lselinux  -lacl -lattr -lgpm -ldl    -L/usr/lib/python2.7/config-x86_64-linux-gnu -lpython2.7 -lpthread -ldl -lutil -lm -Xlinker -export-dynamic -Wl,-O1 -Wl,-Bsymbolic-functions      
[34m[1miptables version[0m
iptables v1.4.21
[34m[1mcurl version[0m
curl 7.35.0 (x86_64-pc-linux-gnu) libcurl/7.35.0 OpenSSL/1.0.1f zlib/1.2.8 libidn/1.28 librtmp/2.3
[34m[1mwget version[0m
GNU Wget 1.15 built on linux-gnu.
[34m[1mrsync version[0m
rsync  version 3.1.0  protocol version 31
[34m[1mgimme version[0m
v1.2.0
[34m[1mnvm version[0m
0.33.6
[34m[1mperlbrew version[0m
/home/travis/perl5/perlbrew/bin/perlbrew  - App::perlbrew/0.80
[34m[1mphpenv version[0m
rbenv 1.1.1-25-g6aa70b6
[34m[1mrvm version[0m
rvm 1.29.3 (latest) by Michal Papis, Piotr Kuczynski, Wayne E. Seguin [https://rvm.io]
[34m[1mdefault ruby version[0m
ruby 2.4.1p111 (2017-03-22 revision 58053) [x86_64-linux]
[34m[1mCouchDB version[0m
couchdb 1.6.1
[34m[1mElasticSearch version[0m
5.5.0
[34m[1mInstalled Firefox version[0m
firefox 56.0.2
[34m[1mMongoDB version[0m
MongoDB 3.4.10
[34m[1mPhantomJS version[0m
2.1.1
[34m[1mPre-installed PostgreSQL versions[0m
9.2.24
9.3.20
9.4.15
9.5.10
9.6.6
[34m[1mRabbitMQ Version[0m
3.6.14
[34m[1mRedis version[0m
redis-server 4.0.6
[34m[1mriak version[0m
2.2.3
[34m[1mPre-installed Go versions[0m
1.7.4
[34m[1mant version[0m
Apache Ant(TM) version 1.9.3 compiled on April 8 2014
[34m[1mmvn version[0m
Apache Maven 3.5.2 (138edd61fd100ec658bfa2d307c43b76940a5d7d; 2017-10-18T07:58:13Z)
Maven home: /usr/local/maven-3.5.2
Java version: 1.8.0_151, vendor: Oracle Corporation
Java home: /usr/lib/jvm/java-8-oracle/jre
Default locale: en_US, platform encoding: UTF-8
OS name: "linux", version: "4.4.0-101-generic", arch: "amd64", family: "unix"
[34m[1mgradle version[0m

------------------------------------------------------------
Gradle 4.0.1
------------------------------------------------------------

Build time:   2017-07-07 14:02:41 UTC
Revision:     38e5dc0f772daecca1d2681885d3d85414eb6826

Groovy:       2.4.11
Ant:          Apache Ant(TM) version 1.9.6 compiled on June 29 2015
JVM:          1.8.0_151 (Oracle Corporation 25.151-b12)
OS:           Linux 4.4.0-101-generic amd64

[34m[1mlein version[0m
Leiningen 2.8.1 on Java 1.8.0_151 Java HotSpot(TM) 64-Bit Server VM
[34m[1mPre-installed Node.js versions[0m
v4.8.6
v6.12.0
v6.12.1
v8.9
v8.9.1
[34m[1mphpenv versions[0m
  system
  5.6
* 5.6.32 (set by /home/travis/.phpenv/version)
  7.0
  7.0.25
  7.1
  7.1.11
  hhvm
  hhvm-stable
[34m[1mcomposer --version[0m
Composer version 1.5.2 2017-09-11 16:59:25
[34m[1mPre-installed Ruby versions[0m
ruby-2.2.7
ruby-2.3.4
ruby-2.4.1
travis_fold:end:system_info[0K
[32;1mNetwork availability confirmed.[0m

travis_fold:start:install_firefox[0K$ export FIREFOX_SOURCE_URL='https://download.mozilla.org/?product=firefox-latest&lang=en-US&os=linux64'
[33;1mInstalling Firefox latest[0m
travis_time:start:001c4b0c[0K$ wget --no-verbose -O /tmp/firefox-latest.tar.bz2 $FIREFOX_SOURCE_URL
2018-08-07 15:59:12 URL:https://download-installer.cdn.mozilla.net/pub/firefox/releases/61.0.1/linux-x86_64/en-US/firefox-61.0.1.tar.bz2 [52545822/52545822] -> "/tmp/firefox-latest.tar.bz2" [1]

travis_time:end:001c4b0c:start=1533657552347399074,finish=1533657552941023526,duration=593624452[0K$ export PATH=$HOME/firefox-latest/firefox:$PATH
travis_fold:end:install_firefox[0K$ firefox --version
Mozilla Firefox 61.0.1

travis_fold:start:git.checkout[0Ktravis_time:start:1a311a14[0K$ git clone --depth=50 https://github.com/asciimoo/searx.git asciimoo/searx
Cloning into 'asciimoo/searx'...
remote: Counting objects: 1684, done.[K
remote: Compressing objects:   0% (1/1033)   [Kremote: Compressing objects:   1% (11/1033)   [Kremote: Compressing objects:   2% (21/1033)   [Kremote: Compressing objects:   3% (31/1033)   [Kremote: Compressing objects:   4% (42/1033)   [Kremote: Compressing objects:   5% (52/1033)   [Kremote: Compressing objects:   6% (62/1033)   [Kremote: Compressing objects:   7% (73/1033)   [Kremote: Compressing objects:   8% (83/1033)   [Kremote: Compressing objects:   9% (93/1033)   [Kremote: Compressing objects:  10% (104/1033)   [Kremote: Compressing objects:  11% (114/1033)   [Kremote: Compressing objects:  12% (124/1033)   [Kremote: Compressing objects:  13% (135/1033)   [Kremote: Compressing objects:  14% (145/1033)   [Kremote: Compressing objects:  15% (155/1033)   [Kremote: Compressing objects:  16% (166/1033)   [Kremote: Compressing objects:  17% (176/1033)   [Kremote: Compressing objects:  18% (186/1033)   [Kremote: Compressing objects:  19% (197/1033)   [Kremote: Compressing objects:  20% (207/1033)   [Kremote: Compressing objects:  21% (217/1033)   [Kremote: Compressing objects:  22% (228/1033)   [Kremote: Compressing objects:  23% (238/1033)   [Kremote: Compressing objects:  24% (248/1033)   [Kremote: Compressing objects:  25% (259/1033)   [Kremote: Compressing objects:  26% (269/1033)   [Kremote: Compressing objects:  27% (279/1033)   [Kremote: Compressing objects:  28% (290/1033)   [Kremote: Compressing objects:  29% (300/1033)   [Kremote: Compressing objects:  30% (310/1033)   [Kremote: Compressing objects:  31% (321/1033)   [Kremote: Compressing objects:  32% (331/1033)   [Kremote: Compressing objects:  33% (341/1033)   [Kremote: Compressing objects:  34% (352/1033)   [Kremote: Compressing objects:  35% (362/1033)   [Kremote: Compressing objects:  36% (372/1033)   [Kremote: Compressing objects:  37% (383/1033)   [Kremote: Compressing objects:  38% (393/1033)   [Kremote: Compressing objects:  39% (403/1033)   [Kremote: Compressing objects:  40% (414/1033)   [Kremote: Compressing objects:  41% (424/1033)   [Kremote: Compressing objects:  42% (434/1033)   [Kremote: Compressing objects:  43% (445/1033)   [Kremote: Compressing objects:  44% (455/1033)   [Kremote: Compressing objects:  45% (465/1033)   [Kremote: Compressing objects:  46% (476/1033)   [Kremote: Compressing objects:  47% (486/1033)   [Kremote: Compressing objects:  48% (496/1033)   [Kremote: Compressing objects:  49% (507/1033)   [Kremote: Compressing objects:  50% (517/1033)   [Kremote: Compressing objects:  51% (527/1033)   [Kremote: Compressing objects:  52% (538/1033)   [Kremote: Compressing objects:  53% (548/1033)   [Kremote: Compressing objects:  54% (558/1033)   [Kremote: Compressing objects:  55% (569/1033)   [Kremote: Compressing objects:  56% (579/1033)   [Kremote: Compressing objects:  57% (589/1033)   [Kremote: Compressing objects:  58% (600/1033)   [Kremote: Compressing objects:  59% (610/1033)   [Kremote: Compressing objects:  60% (620/1033)   [Kremote: Compressing objects:  61% (631/1033)   [Kremote: Compressing objects:  62% (641/1033)   [Kremote: Compressing objects:  63% (651/1033)   [Kremote: Compressing objects:  64% (662/1033)   [Kremote: Compressing objects:  65% (672/1033)   [Kremote: Compressing objects:  66% (682/1033)   [Kremote: Compressing objects:  67% (693/1033)   [Kremote: Compressing objects:  68% (703/1033)   [Kremote: Compressing objects:  69% (713/1033)   [Kremote: Compressing objects:  70% (724/1033)   [Kremote: Compressing objects:  71% (734/1033)   [Kremote: Compressing objects:  72% (744/1033)   [Kremote: Compressing objects:  73% (755/1033)   [Kremote: Compressing objects:  74% (765/1033)   [Kremote: Compressing objects:  75% (775/1033)   [Kremote: Compressing objects:  76% (786/1033)   [Kremote: Compressing objects:  77% (796/1033)   [Kremote: Compressing objects:  78% (806/1033)   [Kremote: Compressing objects:  79% (817/1033)   [Kremote: Compressing objects:  80% (827/1033)   [Kremote: Compressing objects:  81% (837/1033)   [Kremote: Compressing objects:  82% (848/1033)   [Kremote: Compressing objects:  83% (858/1033)   [Kremote: Compressing objects:  84% (868/1033)   [Kremote: Compressing objects:  85% (879/1033)   [Kremote: Compressing objects:  86% (889/1033)   [Kremote: Compressing objects:  87% (899/1033)   [Kremote: Compressing objects:  88% (910/1033)   [Kremote: Compressing objects:  89% (920/1033)   [Kremote: Compressing objects:  90% (930/1033)   [Kremote: Compressing objects:  91% (941/1033)   [Kremote: Compressing objects:  92% (951/1033)   [Kremote: Compressing objects:  93% (961/1033)   [Kremote: Compressing objects:  94% (972/1033)   [Kremote: Compressing objects:  95% (982/1033)   [Kremote: Compressing objects:  96% (992/1033)   [Kremote: Compressing objects:  97% (1003/1033)   [Kremote: Compressing objects:  98% (1013/1033)   [Kremote: Compressing objects:  99% (1023/1033)   [Kremote: Compressing objects: 100% (1033/1033)   [Kremote: Compressing objects: 100% (1033/1033), done.[K
Receiving objects:   0% (1/1684)   Receiving objects:   1% (17/1684)   Receiving objects:   2% (34/1684)   Receiving objects:   3% (51/1684)   Receiving objects:   4% (68/1684)   Receiving objects:   5% (85/1684)   Receiving objects:   6% (102/1684)   Receiving objects:   7% (118/1684)   Receiving objects:   8% (135/1684)   Receiving objects:   9% (152/1684)   Receiving objects:  10% (169/1684)   Receiving objects:  11% (186/1684)   Receiving objects:  12% (203/1684)   Receiving objects:  13% (219/1684)   Receiving objects:  14% (236/1684)   Receiving objects:  15% (253/1684)   Receiving objects:  16% (270/1684)   Receiving objects:  17% (287/1684)   Receiving objects:  18% (304/1684)   Receiving objects:  19% (320/1684)   Receiving objects:  20% (337/1684)   Receiving objects:  21% (354/1684)   Receiving objects:  22% (371/1684)   Receiving objects:  23% (388/1684)   Receiving objects:  24% (405/1684)   Receiving objects:  25% (421/1684)   Receiving objects:  26% (438/1684)   Receiving objects:  27% (455/1684)   Receiving objects:  28% (472/1684)   Receiving objects:  29% (489/1684)   Receiving objects:  30% (506/1684)   Receiving objects:  31% (523/1684)   Receiving objects:  32% (539/1684)   Receiving objects:  33% (556/1684)   Receiving objects:  34% (573/1684)   Receiving objects:  35% (590/1684)   Receiving objects:  36% (607/1684)   Receiving objects:  37% (624/1684)   Receiving objects:  38% (640/1684)   Receiving objects:  39% (657/1684)   Receiving objects:  40% (674/1684)   Receiving objects:  41% (691/1684)   Receiving objects:  42% (708/1684)   Receiving objects:  43% (725/1684)   Receiving objects:  44% (741/1684)   Receiving objects:  45% (758/1684)   Receiving objects:  46% (775/1684)   Receiving objects:  47% (792/1684)   Receiving objects:  48% (809/1684)   Receiving objects:  49% (826/1684)   Receiving objects:  50% (842/1684)   Receiving objects:  51% (859/1684)   Receiving objects:  52% (876/1684)   Receiving objects:  53% (893/1684)   Receiving objects:  54% (910/1684)   Receiving objects:  55% (927/1684)   Receiving objects:  56% (944/1684)   Receiving objects:  57% (960/1684)   Receiving objects:  58% (977/1684)   Receiving objects:  59% (994/1684)   Receiving objects:  60% (1011/1684)   Receiving objects:  61% (1028/1684)   Receiving objects:  62% (1045/1684)   Receiving objects:  63% (1061/1684)   Receiving objects:  64% (1078/1684)   Receiving objects:  65% (1095/1684)   Receiving objects:  66% (1112/1684)   Receiving objects:  67% (1129/1684)   Receiving objects:  68% (1146/1684)   Receiving objects:  69% (1162/1684)   Receiving objects:  70% (1179/1684)   Receiving objects:  71% (1196/1684)   Receiving objects:  72% (1213/1684)   Receiving objects:  73% (1230/1684)   Receiving objects:  74% (1247/1684)   Receiving objects:  75% (1263/1684)   Receiving objects:  76% (1280/1684)   Receiving objects:  77% (1297/1684)   Receiving objects:  78% (1314/1684)   Receiving objects:  79% (1331/1684)   Receiving objects:  80% (1348/1684)   Receiving objects:  81% (1365/1684)   Receiving objects:  82% (1381/1684)   Receiving objects:  83% (1398/1684)   Receiving objects:  84% (1415/1684)   Receiving objects:  85% (1432/1684)   Receiving objects:  86% (1449/1684)   Receiving objects:  87% (1466/1684)   Receiving objects:  88% (1482/1684)   Receiving objects:  89% (1499/1684)   Receiving objects:  90% (1516/1684)   Receiving objects:  91% (1533/1684)   Receiving objects:  92% (1550/1684)   remote: Total 1684 (delta 763), reused 1240 (delta 568), pack-reused 0[K
Receiving objects:  93% (1567/1684)   Receiving objects:  94% (1583/1684)   Receiving objects:  95% (1600/1684)   Receiving objects:  96% (1617/1684)   Receiving objects:  97% (1634/1684)   Receiving objects:  98% (1651/1684)   Receiving objects:  99% (1668/1684)   Receiving objects: 100% (1684/1684)   Receiving objects: 100% (1684/1684), 1.87 MiB | 17.52 MiB/s, done.
Resolving deltas:   0% (0/763)   Resolving deltas:   1% (11/763)   Resolving deltas:   2% (20/763)   Resolving deltas:   3% (24/763)   Resolving deltas:   5% (40/763)   Resolving deltas:   7% (56/763)   Resolving deltas:  21% (164/763)   Resolving deltas:  26% (206/763)   Resolving deltas:  29% (222/763)   Resolving deltas:  35% (270/763)   Resolving deltas:  36% (276/763)   Resolving deltas:  37% (289/763)   Resolving deltas:  38% (291/763)   Resolving deltas:  41% (314/763)   Resolving deltas:  42% (323/763)   Resolving deltas:  44% (340/763)   Resolving deltas:  45% (345/763)   Resolving deltas:  46% (351/763)   Resolving deltas:  47% (361/763)   Resolving deltas:  48% (367/763)   Resolving deltas:  49% (374/763)   Resolving deltas:  50% (384/763)   Resolving deltas:  51% (390/763)   Resolving deltas:  52% (399/763)   Resolving deltas:  53% (407/763)   Resolving deltas:  54% (413/763)   Resolving deltas:  55% (420/763)   Resolving deltas:  56% (428/763)   Resolving deltas:  57% (435/763)   Resolving deltas:  58% (445/763)   Resolving deltas:  59% (451/763)   Resolving deltas:  60% (463/763)   Resolving deltas:  61% (466/763)   Resolving deltas:  62% (475/763)   Resolving deltas:  63% (487/763)   Resolving deltas:  64% (495/763)   Resolving deltas:  65% (498/763)   Resolving deltas:  66% (509/763)   Resolving deltas:  67% (512/763)   Resolving deltas:  68% (519/763)   Resolving deltas:  69% (527/763)   Resolving deltas:  70% (536/763)   Resolving deltas:  72% (551/763)   Resolving deltas:  73% (559/763)   Resolving deltas:  74% (565/763)   Resolving deltas:  75% (573/763)   Resolving deltas:  76% (580/763)   Resolving deltas:  78% (599/763)   Resolving deltas:  79% (607/763)   Resolving deltas:  80% (613/763)   Resolving deltas:  81% (619/763)   Resolving deltas:  82% (633/763)   Resolving deltas:  83% (634/763)   Resolving deltas:  84% (641/763)   Resolving deltas:  85% (652/763)   Resolving deltas:  86% (659/763)   Resolving deltas:  87% (665/763)   Resolving deltas:  88% (673/763)   Resolving deltas:  89% (680/763)   Resolving deltas:  90% (687/763)   Resolving deltas:  91% (696/763)   Resolving deltas:  92% (702/763)   Resolving deltas:  93% (711/763)   Resolving deltas:  94% (724/763)   Resolving deltas:  95% (727/763)   Resolving deltas:  99% (760/763)   Resolving deltas: 100% (763/763)   Resolving deltas: 100% (763/763), done.

travis_time:end:1a311a14:start=1533657574659780913,finish=1533657576357937752,duration=1698156839[0K$ cd asciimoo/searx
travis_time:start:26777358[0K$ git fetch origin +refs/pull/1360/merge:
remote: Counting objects: 18, done.[K
remote: Compressing objects:   9% (1/11)   [Kremote: Compressing objects:  18% (2/11)   [Kremote: Compressing objects:  27% (3/11)   [Kremote: Compressing objects:  36% (4/11)   [Kremote: Compressing objects:  45% (5/11)   [Kremote: Compressing objects:  54% (6/11)   [Kremote: Compressing objects:  63% (7/11)   [Kremote: Compressing objects:  72% (8/11)   [Kremote: Compressing objects:  81% (9/11)   [Kremote: Compressing objects:  90% (10/11)   [Kremote: Compressing objects: 100% (11/11)   [Kremote: Compressing objects: 100% (11/11), done.[K
remote: Total 18 (delta 13), reused 11 (delta 7), pack-reused 0[K
Unpacking objects:   5% (1/18)   Unpacking objects:  11% (2/18)   Unpacking objects:  16% (3/18)   Unpacking objects:  22% (4/18)   Unpacking objects:  27% (5/18)   Unpacking objects:  33% (6/18)   Unpacking objects:  38% (7/18)   Unpacking objects:  44% (8/18)   Unpacking objects:  50% (9/18)   Unpacking objects:  55% (10/18)   Unpacking objects:  61% (11/18)   Unpacking objects:  66% (12/18)   Unpacking objects:  72% (13/18)   Unpacking objects:  77% (14/18)   Unpacking objects:  83% (15/18)   Unpacking objects:  88% (16/18)   Unpacking objects:  94% (17/18)   Unpacking objects: 100% (18/18)   Unpacking objects: 100% (18/18), done.
From https://github.com/asciimoo/searx
 * branch            refs/pull/1360/merge -> FETCH_HEAD

travis_time:end:26777358:start=1533657576361477703,finish=1533657576730998811,duration=369521108[0K$ git checkout -qf FETCH_HEAD
travis_fold:end:git.checkout[0Ktravis_time:start:2f814dff[0K$ source ~/virtualenv/python3.6/bin/activate

travis_time:end:2f814dff:start=1533657576780722088,finish=1533657576800190433,duration=19468345[0Ktravis_fold:start:cache.1[0KSetting up build cache
$ export CASHER_DIR=$HOME/.casher
travis_time:start:21f07a00[0K$ Installing caching utilities

travis_time:end:21f07a00:start=1533657581195338813,finish=1533657581272335395,duration=76996582[0Ktravis_time:start:37962e06[0K
travis_time:end:37962e06:start=1533657581278568947,finish=1533657581282149273,duration=3580326[0Ktravis_time:start:1aed9e40[0K[32;1mattempting to download cache archive[0m
[32;1mfetching PR.1360/cache-linux-trusty-e3b0c44298fc1c149afbf4c8996fb92427ae41e4649b934ca495991b7852b855--python-3.6.tgz[0m
[32;1mfound cache[0m

travis_time:end:1aed9e40:start=1533657581286344983,finish=1533657597274335650,duration=15987990667[0Ktravis_time:start:0d522056[0K
travis_time:end:0d522056:start=1533657597280140682,finish=1533657597285140391,duration=4999709[0Ktravis_time:start:01fc97c4[0K[32;1madding /home/travis/.cache/pip to cache[0m

travis_time:end:01fc97c4:start=1533657597290490031,finish=1533657601271140577,duration=3980650546[0Ktravis_fold:end:cache.1[0Ktravis_fold:start:cache.pip[0K
travis_time:start:01848ebd[0K
travis_time:end:01848ebd:start=1533657601277439913,finish=1533657601283657574,duration=6217661[0Ktravis_time:start:06aa3cf0[0K[32;1madding /home/travis/.cache/pip to cache[0m

travis_time:end:06aa3cf0:start=1533657601290918798,finish=1533657605026273919,duration=3735355121[0Ktravis_fold:end:cache.pip[0K$ python --version
Python 3.6.3
$ pip --version
pip 9.0.1 from /home/travis/virtualenv/python3.6.3/lib/python3.6/site-packages (python 3.6)
travis_fold:start:before_install.1[0Ktravis_time:start:1914594c[0K$ export DISPLAY=:99.0

travis_time:end:1914594c:start=1533657605741857270,finish=1533657605748158920,duration=6301650[0Ktravis_fold:end:before_install.1[0Ktravis_fold:start:before_install.2[0Ktravis_time:start:05debe80[0K$ sh -e /etc/init.d/xvfb start
Starting virtual X frame buffer: Xvfb.

travis_time:end:05debe80:start=1533657605755915791,finish=1533657605773237588,duration=17321797[0Ktravis_fold:end:before_install.2[0Ktravis_fold:start:install.1[0Ktravis_time:start:152972e8[0K$ ./manage.sh install_geckodriver ~/drivers
[!] Checking geckodriver
Installing /home/travis/drivers/geckodriver from
  https://github.com/mozilla/geckodriver/releases/download/v0.19.1/geckodriver-v0.19.1-linux64.tar.gz
travis_time:end:152972e8:start=1533657605779547474,finish=1533657606357877809,duration=578330335[0Ktravis_fold:end:install.1[0Ktravis_fold:start:install.2[0Ktravis_time:start:1345efbd[0K$ export PATH=~/drivers:$PATH

travis_time:end:1345efbd:start=1533657606362743816,finish=1533657606368249001,duration=5505185[0Ktravis_fold:end:install.2[0Ktravis_fold:start:install.3[0Ktravis_time:start:04430ffa[0K$ ./manage.sh npm_packages
[!] install NPM packages
7[r[999;999H[6n[37;40mnpm[0m [0m[30;43mWARN[0m [0m[35mnotice[0m [SECURITY] hoek has the following vulnerability: 1 moderate. Go here for more details: https://nodesecurity.io/advisories?search=hoek&version=2.16.3 - Run `npm i npm@latest -g` to upgrade your npm version, and then `npm audit` to get more info.
[0m[37;40mnpm[0m [0m[30;43mWARN[0m [0m[35msaveError[0m ENOENT: no such file or directory, open '/home/travis/build/asciimoo/searx/package.json'
[0m[37;40mnpm[0m [0m[34;40mnotice[0m[35m[0m created a lockfile as package-lock.json. You should commit this file.
[0m[37;40mnpm[0m [0m[30;43mWARN[0m [0m[35menoent[0m ENOENT: no such file or directory, open '/home/travis/build/asciimoo/searx/package.json'
[0m[37;40mnpm[0m [0m[30;43mWARN[0m[35m[0m searx No description
[0m[37;40mnpm[0m [0m[30;43mWARN[0m[35m[0m searx No repository field.
[0m[37;40mnpm[0m [0m[30;43mWARN[0m[35m[0m searx No README data
[0m[37;40mnpm[0m [0m[30;43mWARN[0m[35m[0m searx No license field.
[0m
+ grunt-cli@1.2.0
+ less@2.7.3
+ less-plugin-clean-css@1.5.1
added 89 packages in 4.219s

[33m
   â•­â”€â”€â”€â”€â”€â”€â”€â”€â”€â”€â”€â”€â”€â”€â”€â”€â”€â”€â”€â”€â”€â”€â”€â”€â”€â”€â”€â”€â”€â”€â”€â”€â”€â”€â”€â”€â”€â•®[39m
   [33mâ”‚[39m                                     [33mâ”‚[39m
   [33mâ”‚[39m   Update available [2m5.5.1[22m[0m â†’ [0m[32m6.3.0[39m    [33mâ”‚[39m
   [33mâ”‚[39m     Run [36mnpm i -g npm[39m to update      [33mâ”‚[39m
   [33mâ”‚[39m                                     [33mâ”‚[39m
[33m   â•°â”€â”€â”€â”€â”€â”€â”€â”€â”€â”€â”€â”€â”€â”€â”€â”€â”€â”€â”€â”€â”€â”€â”€â”€â”€â”€â”€â”€â”€â”€â”€â”€â”€â”€â”€â”€â”€â•¯
[39m
[!] install NPM packages for oscar theme
[37;40mnpm[0m [0m[30;43mWARN[0m [0m[35mdeprecated[0m minimatch@0.2.14: Please update to minimatch 3.0.2 or higher to avoid a RegExp DoS issue
[0m[37;40mnpm[0m [0m[30;43mWARN[0m [0m[35mdeprecated[0m coffee-script@1.3.3: CoffeeScript on NPM has moved to "coffeescript" (no hyphen)
[0m[37;40mnpm[0m [0m[30;43mWARN[0m [0m[35mdeprecated[0m graceful-fs@1.2.3: please upgrade to graceful-fs 4 for compatibility with current and future versions of Node.js
[0m[37;40mnpm[0m [0m[30;43mWARN[0m [0m[35mdeprecated[0m minimatch@1.0.0: Please update to minimatch 3.0.2 or higher to avoid a RegExp DoS issue
[0m[37;40mnpm[0m [0m[30;43mWARN[0m [0m[35mdeprecated[0m graceful-fs@3.0.11: please upgrade to graceful-fs 4 for compatibility with current and future versions of Node.js
[0m[37;40mnpm[0m [0m[30;43mWARN[0m [0m[35mdeprecated[0m minimatch@0.3.0: Please update to minimatch 3.0.2 or higher to avoid a RegExp DoS issue
[0m[37;40mnpm[0m [0m[30;43mWARN[0m [0m[35mdeprecated[0m node-uuid@1.4.8: Use uuid module instead
[0m[37;40mnpm[0m [0m[30;43mWARN[0m [0m[35mnotice[0m [SECURITY] lodash has the following vulnerability: 1 low. Go here for more details: https://nodesecurity.io/advisories?search=lodash&version=2.4.2 - Run `npm i npm@latest -g` to upgrade your npm version, and then `npm audit` to get more info.
[0m[37;40mnpm[0m [0m[30;43mWARN[0m [0m[35mnotice[0m [SECURITY] debug has the following vulnerability: 1 low. Go here for more details: https://nodesecurity.io/advisories?search=debug&version=0.7.4 - Run `npm i npm@latest -g` to upgrade your npm version, and then `npm audit` to get more info.
[0m[37;40mnpm[0m [0m[30;43mWARN[0m [0m[35mnotice[0m [SECURITY] lodash has the following vulnerability: 1 low. Go here for more details: https://nodesecurity.io/advisories?search=lodash&version=1.0.2 - Run `npm i npm@latest -g` to upgrade your npm version, and then `npm audit` to get more info.
[0m[37;40mnpm[0m [0m[30;43mWARN[0m [0m[35mnotice[0m [SECURITY] request has the following vulnerability: 1 moderate. Go here for more details: https://nodesecurity.io/advisories?search=request&version=2.40.0 - Run `npm i npm@latest -g` to upgrade your npm version, and then `npm audit` to get more info.
[0m[37;40mnpm[0m [0m[30;43mWARN[0m [0m[35mnotice[0m [SECURITY] tunnel-agent has the following vulnerability: 1 moderate. Go here for more details: https://nodesecurity.io/advisories?search=tunnel-agent&version=0.4.3 - Run `npm i npm@latest -g` to upgrade your npm version, and then `npm audit` to get more info.
[0m[37;40mnpm[0m [0m[30;43mWARN[0m [0m[35mnotice[0m [SECURITY] qs has the following vulnerability: 2 high. Go here for more details: https://nodesecurity.io/advisories?search=qs&version=0.5.6 - Run `npm i npm@latest -g` to upgrade your npm version, and then `npm audit` to get more info.
[0m[37;40mnpm[0m [0m[30;43mWARN[0m [0m[35mnotice[0m [SECURITY] hawk has the following vulnerability: 1 moderate. Go here for more details: https://nodesecurity.io/advisories?search=hawk&version=1.1.1 - Run `npm i npm@latest -g` to upgrade your npm version, and then `npm audit` to get more info.
[0m[37;40mnpm[0m [0m[30;43mWARN[0m [0m[35mnotice[0m [SECURITY] minimatch has the following vulnerability: 1 high. Go here for more details: https://nodesecurity.io/advisories?search=minimatch&version=0.2.14 - Run `npm i npm@latest -g` to upgrade your npm version, and then `npm audit` to get more info.
[0m[37;40mnpm[0m [0m[30;43mWARN[0m [0m[35mnotice[0m [SECURITY] minimatch has the following vulnerability: 1 high. Go here for more details: https://nodesecurity.io/advisories?search=minimatch&version=1.0.0 - Run `npm i npm@latest -g` to upgrade your npm version, and then `npm audit` to get more info.
[0m[37;40mnpm[0m [0m[30;43mWARN[0m [0m[35mnotice[0m [SECURITY] minimatch has the following vulnerability: 1 high. Go here for more details: https://nodesecurity.io/advisories?search=minimatch&version=0.3.0 - Run `npm i npm@latest -g` to upgrade your npm version, and then `npm audit` to get more info.
[0m[37;40mnpm[0m [0m[30;43mWARN[0m [0m[35mnotice[0m [SECURITY] cli has the following vulnerability: 1 low. Go here for more details: https://nodesecurity.io/advisories?search=cli&version=0.6.6 - Run `npm i npm@latest -g` to upgrade your npm version, and then `npm audit` to get more info.
[0m[37;40mnpm[0m [0m[30;43mWARN[0m [0m[35mnotice[0m [SECURITY] minimatch has the following vulnerability: 1 high. Go here for more details: https://nodesecurity.io/advisories?search=minimatch&version=0.3.0 - Run `npm i npm@latest -g` to upgrade your npm version, and then `npm audit` to get more info.
[0m[37;40mnpm[0m [0m[30;43mWARN[0m [0m[35mnotice[0m [SECURITY] lodash has the following vulnerability: 1 low. Go here for more details: https://nodesecurity.io/advisories?search=lodash&version=0.9.2 - Run `npm i npm@latest -g` to upgrade your npm version, and then `npm audit` to get more info.
[0m[37;40mnpm[0m [0m[30;43mWARN[0m [0m[35mnotice[0m [SECURITY] mime has the following vulnerability: 1 moderate. Go here for more details: https://nodesecurity.io/advisories?search=mime&version=1.2.11 - Run `npm i npm@latest -g` to upgrade your npm version, and then `npm audit` to get more info.
[0m[37;40mnpm[0m [0m[30;43mWARN[0m [0m[35mnotice[0m [SECURITY] hoek has the following vulnerability: 1 moderate. Go here for more details: https://nodesecurity.io/advisories?search=hoek&version=0.9.1 - Run `npm i npm@latest -g` to upgrade your npm version, and then `npm audit` to get more info.
[0m[37;40mnpm[0m [0m[34;40mnotice[0m[35m[0m created a lockfile as package-lock.json. You should commit this file.
[0m[37;40mnpm[0m [0m[30;43mWARN[0m[35m[0m oscar No repository field.
[0m[37;40mnpm[0m [0m[30;43mWARN[0m[35m[0m oscar No license field.
[0m
added 219 packages in 7.585s
[!] install NPM packages for simple theme
[37;40mnpm[0m [0m[30;43mWARN[0m [0m[35mnotice[0m [SECURITY] debug has the following vulnerability: 1 low. Go here for more details: https://nodesecurity.io/advisories?search=debug&version=2.2.0 - Run `npm i npm@latest -g` to upgrade your npm version, and then `npm audit` to get more info.
[0m[37;40mnpm[0m [0m[30;43mWARN[0m [0m[35mnotice[0m [SECURITY] lodash has the following vulnerability: 1 low. Go here for more details: https://nodesecurity.io/advisories?search=lodash&version=3.10.1 - Run `npm i npm@latest -g` to upgrade your npm version, and then `npm audit` to get more info.
[0m[37;40mnpm[0m [0m[30;43mWARN[0m [0m[35mnotice[0m [SECURITY] lodash has the following vulnerability: 1 low. Go here for more details: https://nodesecurity.io/advisories?search=lodash&version=4.3.0 - Run `npm i npm@latest -g` to upgrade your npm version, and then `npm audit` to get more info.
[0m
> ttf2woff2@2.0.3 install /home/travis/build/asciimoo/searx/searx/static/themes/simple/node_modules/ttf2woff2
> (node-gyp rebuild > builderror.log) || (exit 0)


> phantomjs-prebuilt@2.1.16 install /home/travis/build/asciimoo/searx/searx/static/themes/simple/node_modules/phantomjs-prebuilt
> node install.js

Considering PhantomJS found at /usr/local/phantomjs/bin/phantomjs
Found PhantomJS at /usr/local/phantomjs/bin/phantomjs ...verifying
Writing location.js file
PhantomJS is already installed on PATH at /usr/local/phantomjs/bin/phantomjs
[37;40mnpm[0m [0m[34;40mnotice[0m[35m[0m created a lockfile as package-lock.json. You should commit this file.
[0m[37;40mnpm[0m [0m[30;43mWARN[0m[35m[0m simple No description
[0m[37;40mnpm[0m [0m[30;43mWARN[0m[35m[0m simple No repository field.
[0m[37;40mnpm[0m [0m[30;43mWARN[0m[35m[0m simple No license field.
[0m
added 385 packages in 42.272s

travis_time:end:04430ffa:start=1533657606376500816,finish=1533657672362937751,duration=65986436935[0Ktravis_fold:end:install.3[0Ktravis_fold:start:install.4[0Ktravis_time:start:02e33480[0K$ ./manage.sh update_dev_packages
Collecting pip
  Using cached https://files.pythonhosted.org/packages/5f/25/e52d3f31441505a5f3af41213346e5b6c221c9e086a166f3703d2ddaf940/pip-18.0-py2.py3-none-any.whl
Installing collected packages: pip
  Found existing installation: pip 9.0.1
    Uninstalling pip-9.0.1:
      Successfully uninstalled pip-9.0.1
Successfully installed pip-18.0
Collecting setuptools
  Using cached https://files.pythonhosted.org/packages/ff/f4/385715ccc461885f3cedf57a41ae3c12b5fec3f35cce4c8706b1a112a133/setuptools-40.0.0-py2.py3-none-any.whl
Installing collected packages: setuptools
  Found existing installation: setuptools 38.2.4
    Uninstalling setuptools-38.2.4:
      Successfully uninstalled setuptools-38.2.4
Successfully installed setuptools-40.0.0
Collecting certifi==2017.11.5 (from -r /home/travis/build/asciimoo/searx/requirements.txt (line 1))
  Using cached https://files.pythonhosted.org/packages/29/9b/25ef61e948321296f029f53c9f67cc2b54e224db509eb67ce17e0df6044a/certifi-2017.11.5-py2.py3-none-any.whl
Collecting flask==1.0.2 (from -r /home/travis/build/asciimoo/searx/requirements.txt (line 2))
  Using cached https://files.pythonhosted.org/packages/7f/e7/08578774ed4536d3242b14dacb4696386634607af824ea997202cd0edb4b/Flask-1.0.2-py2.py3-none-any.whl
Collecting flask-babel==0.11.2 (from -r /home/travis/build/asciimoo/searx/requirements.txt (line 3))
  Using cached https://files.pythonhosted.org/packages/c6/1b/ce9253dc6a71ede1d7b19cd280f7a21219b47ac75005dd97bcfbdbe8eab9/Flask_Babel-0.11.2-py2.py3-none-any.whl
Collecting lxml==4.2.1 (from -r /home/travis/build/asciimoo/searx/requirements.txt (line 4))
  Using cached https://files.pythonhosted.org/packages/a7/b9/ccf46cea0f698b40bca2a9c1a44039c336fe1988b82de4f7353be7a8396a/lxml-4.2.1-cp36-cp36m-manylinux1_x86_64.whl
Collecting idna==2.6 (from -r /home/travis/build/asciimoo/searx/requirements.txt (line 5))
  Using cached https://files.pythonhosted.org/packages/27/cc/6dd9a3869f15c2edfab863b992838277279ce92663d334df9ecf5106f5c6/idna-2.6-py2.py3-none-any.whl
Collecting pygments==2.1.3 (from -r /home/travis/build/asciimoo/searx/requirements.txt (line 6))
  Using cached https://files.pythonhosted.org/packages/9e/d0/d692085518c6a2dc875fe421c866fb6a08e0d9796ca507803c1e545fa116/Pygments-2.1.3-py2.py3-none-any.whl
Collecting pyopenssl==18.0.0 (from -r /home/travis/build/asciimoo/searx/requirements.txt (line 7))
  Using cached https://files.pythonhosted.org/packages/96/af/9d29e6bd40823061aea2e0574ccb2fcf72bfd6130ce53d32773ec375458c/pyOpenSSL-18.0.0-py2.py3-none-any.whl
Collecting python-dateutil==2.7.3 (from -r /home/travis/build/asciimoo/searx/requirements.txt (line 8))
  Using cached https://files.pythonhosted.org/packages/cf/f5/af2b09c957ace60dcfac112b669c45c8c97e32f94aa8b56da4c6d1682825/python_dateutil-2.7.3-py2.py3-none-any.whl
Collecting pyyaml==3.12 (from -r /home/travis/build/asciimoo/searx/requirements.txt (line 9))
Collecting requests[socks]==2.18.4 (from -r /home/travis/build/asciimoo/searx/requirements.txt (line 10))
  Using cached https://files.pythonhosted.org/packages/49/df/50aa1999ab9bde74656c2919d9c0c085fd2b3775fd3eca826012bef76d8c/requests-2.18.4-py2.py3-none-any.whl
Collecting click>=5.1 (from flask==1.0.2->-r /home/travis/build/asciimoo/searx/requirements.txt (line 2))
  Using cached https://files.pythonhosted.org/packages/34/c1/8806f99713ddb993c5366c362b2f908f18269f8d792aff1abfd700775a77/click-6.7-py2.py3-none-any.whl
Collecting Jinja2>=2.10 (from flask==1.0.2->-r /home/travis/build/asciimoo/searx/requirements.txt (line 2))
  Using cached https://files.pythonhosted.org/packages/7f/ff/ae64bacdfc95f27a016a7bed8e8686763ba4d277a78ca76f32659220a731/Jinja2-2.10-py2.py3-none-any.whl
Collecting Werkzeug>=0.14 (from flask==1.0.2->-r /home/travis/build/asciimoo/searx/requirements.txt (line 2))
  Using cached https://files.pythonhosted.org/packages/20/c4/12e3e56473e52375aa29c4764e70d1b8f3efa6682bef8d0aae04fe335243/Werkzeug-0.14.1-py2.py3-none-any.whl
Collecting itsdangerous>=0.24 (from flask==1.0.2->-r /home/travis/build/asciimoo/searx/requirements.txt (line 2))
Collecting Babel>=2.3 (from flask-babel==0.11.2->-r /home/travis/build/asciimoo/searx/requirements.txt (line 3))
  Using cached https://files.pythonhosted.org/packages/b8/ad/c6f60602d3ee3d92fbed87675b6fb6a6f9a38c223343ababdb44ba201f10/Babel-2.6.0-py2.py3-none-any.whl
Collecting cryptography>=2.2.1 (from pyopenssl==18.0.0->-r /home/travis/build/asciimoo/searx/requirements.txt (line 7))
  Using cached https://files.pythonhosted.org/packages/c2/fa/fa9a8933c285895935d1392922fe721e9cb1b2c1881d14f149213a227ee3/cryptography-2.3-cp34-abi3-manylinux1_x86_64.whl
Requirement already satisfied: six>=1.5.2 in /home/travis/virtualenv/python3.6.3/lib/python3.6/site-packages (from pyopenssl==18.0.0->-r /home/travis/build/asciimoo/searx/requirements.txt (line 7)) (1.11.0)
Collecting urllib3<1.23,>=1.21.1 (from requests[socks]==2.18.4->-r /home/travis/build/asciimoo/searx/requirements.txt (line 10))
  Using cached https://files.pythonhosted.org/packages/63/cb/6965947c13a94236f6d4b8223e21beb4d576dc72e8130bd7880f600839b8/urllib3-1.22-py2.py3-none-any.whl
Collecting chardet<3.1.0,>=3.0.2 (from requests[socks]==2.18.4->-r /home/travis/build/asciimoo/searx/requirements.txt (line 10))
  Using cached https://files.pythonhosted.org/packages/bc/a9/01ffebfb562e4274b6487b4bb1ddec7ca55ec7510b22e4c51f14098443b8/chardet-3.0.4-py2.py3-none-any.whl
Collecting PySocks!=1.5.7,>=1.5.6; extra == "socks" (from requests[socks]==2.18.4->-r /home/travis/build/asciimoo/searx/requirements.txt (line 10))
Collecting MarkupSafe>=0.23 (from Jinja2>=2.10->flask==1.0.2->-r /home/travis/build/asciimoo/searx/requirements.txt (line 2))
Collecting pytz>=0a (from Babel>=2.3->flask-babel==0.11.2->-r /home/travis/build/asciimoo/searx/requirements.txt (line 3))
  Using cached https://files.pythonhosted.org/packages/30/4e/27c34b62430286c6d59177a0842ed90dc789ce5d1ed740887653b898779a/pytz-2018.5-py2.py3-none-any.whl
Collecting cffi!=1.11.3,>=1.7 (from cryptography>=2.2.1->pyopenssl==18.0.0->-r /home/travis/build/asciimoo/searx/requirements.txt (line 7))
  Using cached https://files.pythonhosted.org/packages/6d/c0/47db8f624f3e4e2f3f27be03a93379d1ba16a1450a7b1aacfa0366e2c0dd/cffi-1.11.5-cp36-cp36m-manylinux1_x86_64.whl
Collecting asn1crypto>=0.21.0 (from cryptography>=2.2.1->pyopenssl==18.0.0->-r /home/travis/build/asciimoo/searx/requirements.txt (line 7))
  Using cached https://files.pythonhosted.org/packages/ea/cd/35485615f45f30a510576f1a56d1e0a7ad7bd8ab5ed7cdc600ef7cd06222/asn1crypto-0.24.0-py2.py3-none-any.whl
Collecting pycparser (from cffi!=1.11.3,>=1.7->cryptography>=2.2.1->pyopenssl==18.0.0->-r /home/travis/build/asciimoo/searx/requirements.txt (line 7))
Installing collected packages: certifi, click, MarkupSafe, Jinja2, Werkzeug, itsdangerous, flask, pytz, Babel, flask-babel, lxml, idna, pygments, pycparser, cffi, asn1crypto, cryptography, pyopenssl, python-dateutil, pyyaml, urllib3, chardet, PySocks, requests
Successfully installed Babel-2.6.0 Jinja2-2.10 MarkupSafe-1.0 PySocks-1.6.8 Werkzeug-0.14.1 asn1crypto-0.24.0 certifi-2017.11.5 cffi-1.11.5 chardet-3.0.4 click-6.7 cryptography-2.3 flask-1.0.2 flask-babel-0.11.2 idna-2.6 itsdangerous-0.24 lxml-4.2.1 pycparser-2.18 pygments-2.1.3 pyopenssl-18.0.0 python-dateutil-2.7.3 pytz-2018.5 pyyaml-3.12 requests-2.18.4 urllib3-1.22
Collecting babel==2.3.4 (from -r /home/travis/build/asciimoo/searx/requirements-dev.txt (line 1))
  Using cached https://files.pythonhosted.org/packages/b4/ec/acd307eac2e23f9cab1c8bdbe29b3b1d43215e31c32f8aa91b3a97925b5b/Babel-2.3.4-py2.py3-none-any.whl
Requirement already satisfied: mock==2.0.0 in /home/travis/virtualenv/python3.6.3/lib/python3.6/site-packages (from -r /home/travis/build/asciimoo/searx/requirements-dev.txt (line 2)) (2.0.0)
Collecting nose2[coverage-plugin] (from -r /home/travis/build/asciimoo/searx/requirements-dev.txt (line 3))
[33m  nose2 0.8.0 does not provide the extra 'coverage-plugin'[0m
Collecting cov-core==1.15.0 (from -r /home/travis/build/asciimoo/searx/requirements-dev.txt (line 4))
Collecting pep8==1.7.0 (from -r /home/travis/build/asciimoo/searx/requirements-dev.txt (line 5))
  Using cached https://files.pythonhosted.org/packages/8a/cb/7d0fdca7e03f997945fb1bd60a8ddfea5c51229b865c470b4f7a64619d20/pep8-1.7.0-py2.py3-none-any.whl
Collecting plone.testing==5.0.0 (from -r /home/travis/build/asciimoo/searx/requirements-dev.txt (line 6))
Collecting splinter==0.7.5 (from -r /home/travis/build/asciimoo/searx/requirements-dev.txt (line 7))
Collecting transifex-client==0.12.2 (from -r /home/travis/build/asciimoo/searx/requirements-dev.txt (line 8))
Collecting unittest2==1.1.0 (from -r /home/travis/build/asciimoo/searx/requirements-dev.txt (line 9))
  Using cached https://files.pythonhosted.org/packages/72/20/7f0f433060a962200b7272b8c12ba90ef5b903e218174301d0abfd523813/unittest2-1.1.0-py2.py3-none-any.whl
Collecting zope.testrunner==4.5.1 (from -r /home/travis/build/asciimoo/searx/requirements-dev.txt (line 10))
Collecting selenium==3.5.0 (from -r /home/travis/build/asciimoo/searx/requirements-dev.txt (line 11))
  Using cached https://files.pythonhosted.org/packages/42/29/36ca3fc503bebcf9daefe7dbda1a058dcabe4d1f1156fce2153a3dd3fd1c/selenium-3.5.0-py2.py3-none-any.whl
Requirement already satisfied: pytz>=0a in /home/travis/virtualenv/python3.6.3/lib/python3.6/site-packages (from babel==2.3.4->-r /home/travis/build/asciimoo/searx/requirements-dev.txt (line 1)) (2018.5)
Requirement already satisfied: six>=1.9 in /home/travis/virtualenv/python3.6.3/lib/python3.6/site-packages (from mock==2.0.0->-r /home/travis/build/asciimoo/searx/requirements-dev.txt (line 2)) (1.11.0)
Requirement already satisfied: pbr>=0.11 in /home/travis/virtualenv/python3.6.3/lib/python3.6/site-packages (from mock==2.0.0->-r /home/travis/build/asciimoo/searx/requirements-dev.txt (line 2)) (3.1.1)
Collecting coverage>=4.4.1 (from nose2[coverage-plugin]->-r /home/travis/build/asciimoo/searx/requirements-dev.txt (line 3))
  Using cached https://files.pythonhosted.org/packages/3d/a0/b12090c40e0b8196b973962ec71c1c541a6c04af58ba5ad85683b3de251a/coverage-4.5.1-cp36-cp36m-manylinux1_x86_64.whl
Requirement already satisfied: setuptools in /home/travis/virtualenv/python3.6.3/lib/python3.6/site-packages (from plone.testing==5.0.0->-r /home/travis/build/asciimoo/searx/requirements-dev.txt (line 6)) (40.0.0)
Collecting zope.testing (from plone.testing==5.0.0->-r /home/travis/build/asciimoo/searx/requirements-dev.txt (line 6))
  Using cached https://files.pythonhosted.org/packages/fc/b7/93e6a116a4e88a4879a310a7cb0e99328f88366068806a6e47c3db68e163/zope.testing-4.6.2-py2.py3-none-any.whl
Requirement already satisfied: urllib3 in /home/travis/virtualenv/python3.6.3/lib/python3.6/site-packages (from transifex-client==0.12.2->-r /home/travis/build/asciimoo/searx/requirements-dev.txt (line 8)) (1.22)
Collecting argparse (from unittest2==1.1.0->-r /home/travis/build/asciimoo/searx/requirements-dev.txt (line 9))
  Using cached https://files.pythonhosted.org/packages/f2/94/3af39d34be01a24a6e65433d19e107099374224905f1e0cc6bbe1fd22a2f/argparse-1.4.0-py2.py3-none-any.whl
Collecting traceback2 (from unittest2==1.1.0->-r /home/travis/build/asciimoo/searx/requirements-dev.txt (line 9))
  Using cached https://files.pythonhosted.org/packages/17/0a/6ac05a3723017a967193456a2efa0aa9ac4b51456891af1e2353bb9de21e/traceback2-1.4.0-py2.py3-none-any.whl
Collecting zope.exceptions (from zope.testrunner==4.5.1->-r /home/travis/build/asciimoo/searx/requirements-dev.txt (line 10))
  Using cached https://files.pythonhosted.org/packages/ad/9e/301f4fc746d291e4fbbb471cd751e1fca68182ee01e6a07b7b1b29d5a285/zope.exceptions-4.2.0-py2.py3-none-any.whl
Collecting zope.interface (from zope.testrunner==4.5.1->-r /home/travis/build/asciimoo/searx/requirements-dev.txt (line 10))
Collecting linecache2 (from traceback2->unittest2==1.1.0->-r /home/travis/build/asciimoo/searx/requirements-dev.txt (line 9))
  Using cached https://files.pythonhosted.org/packages/c7/a3/c5da2a44c85bfbb6eebcfc1dde24933f8704441b98fdde6528f4831757a6/linecache2-1.0.0-py2.py3-none-any.whl
Installing collected packages: babel, coverage, nose2, cov-core, pep8, zope.testing, plone.testing, selenium, splinter, transifex-client, argparse, linecache2, traceback2, unittest2, zope.interface, zope.exceptions, zope.testrunner
  Found existing installation: Babel 2.6.0
    Uninstalling Babel-2.6.0:
      Successfully uninstalled Babel-2.6.0
Successfully installed argparse-1.4.0 babel-2.3.4 cov-core-1.15.0 coverage-4.5.1 linecache2-1.0.0 nose2-0.8.0 pep8-1.7.0 plone.testing-5.0.0 selenium-3.5.0 splinter-0.7.5 traceback2-1.4.0 transifex-client-0.12.2 unittest2-1.1.0 zope.exceptions-4.2.0 zope.interface-4.5.0 zope.testing-4.6.2 zope.testrunner-4.5.1

travis_time:end:02e33480:start=1533657672369232047,finish=1533657693715517395,duration=21346285348[0Ktravis_fold:end:install.4[0Ktravis_fold:start:install.5[0Ktravis_time:start:03afc442[0K$ pip install codecov
Collecting codecov
  Using cached https://files.pythonhosted.org/packages/8b/28/4c1950a61c3c5786f0f34d643d0d28ec832433c9a7c0bd157690d4eb1d5f/codecov-2.0.15-py2.py3-none-any.whl
Requirement already satisfied: coverage in /home/travis/virtualenv/python3.6.3/lib/python3.6/site-packages (from codecov) (4.5.1)
Requirement already satisfied: requests>=2.7.9 in /home/travis/virtualenv/python3.6.3/lib/python3.6/site-packages (from codecov) (2.18.4)
Requirement already satisfied: idna<2.7,>=2.5 in /home/travis/virtualenv/python3.6.3/lib/python3.6/site-packages (from requests>=2.7.9->codecov) (2.6)
Requirement already satisfied: certifi>=2017.4.17 in /home/travis/virtualenv/python3.6.3/lib/python3.6/site-packages (from requests>=2.7.9->codecov) (2017.11.5)
Requirement already satisfied: urllib3<1.23,>=1.21.1 in /home/travis/virtualenv/python3.6.3/lib/python3.6/site-packages (from requests>=2.7.9->codecov) (1.22)
Requirement already satisfied: chardet<3.1.0,>=3.0.2 in /home/travis/virtualenv/python3.6.3/lib/python3.6/site-packages (from requests>=2.7.9->codecov) (3.0.4)
Installing collected packages: codecov
Successfully installed codecov-2.0.15

travis_time:end:03afc442:start=1533657693724585374,finish=1533657695614268674,duration=1889683300[0Ktravis_fold:end:install.5[0Ktravis_time:start:038d46ce[0K$ ./manage.sh styles
[!] Building legacy style
[!] Building courgette style
[!] Building pix-art style
[!] Building bootstrap style

travis_time:end:038d46ce:start=1533657695621401615,finish=1533657699799707614,duration=4178305999[0K
[32;1mThe command "./manage.sh styles" exited with 0.[0m
travis_time:start:2eaf4e00[0K$ ./manage.sh grunt_build
[!] Grunt build : oscar theme
[4mRunning "jshint:files" (jshint) task[24m
[32m>> [39m5 files lint free.

[4mRunning "concat:dist" (concat) task[24m
File [36mjs/searx.js[39m created.

[4mRunning "uglify:dist" (uglify) task[24m
[32m>> [39m1 file created.

[4mRunning "less:development" (less) task[24m
File [36mcss/pointhi.css[39m created: [32m0 B[39m â†’ [32m10.12 kB[39m
File [36mcss/logicodev.css[39m created: [32m0 B[39m â†’ [32m17.62 kB[39m
File [36mcss/logicodev-dark.css[39m created: [32m0 B[39m â†’ [32m13.41 kB[39m

[4mRunning "less:production" (less) task[24m
File [36mcss/pointhi.min.css[39m created: [32m10.12 kB[39m â†’ [32m6.92 kB[39m
File [36mcss/logicodev.min.css[39m created: [32m13.41 kB[39m â†’ [32m9.74 kB[39m
File [36mcss/logicodev-dark.min.css[39m created: [32m17.62 kB[39m â†’ [32m13.15 kB[39m

[32mDone, without errors.[39m
[!] Grunt build : simple theme
[4mRunning "jshint:files" (jshint) task[24m
[32m>> [39m6 files lint free.

[4mRunning "concat:dist" (concat) task[24m

[4mRunning "uglify:dist" (uglify) task[24m
[32m>> [39m1 sourcemap created.
[32m>> [39m1 file created [2m[32m50.75 kB[39m â†’ [32m22.56 kB[39m[22m

[4mRunning "less:development" (less) task[24m
[32m>> [39m2 stylesheets created.

[4mRunning "less:production" (less) task[24m
[32m>> [39m2 stylesheets created.

[32mDone.[39m

travis_time:end:2eaf4e00:start=1533657699806377009,finish=1533657704142502745,duration=4336125736[0K
[32;1mThe command "./manage.sh grunt_build" exited with 0.[0m
travis_time:start:0a60f01a[0K$ ./manage.sh tests
[!] Running pep8 check
[!] Running unit tests
WARNING:searx:You are using an old openssl version(OpenSSL 1.0.1f 6 Jan 2014), please upgrade above 1.0.2!
....................................................................................................................................................................................................................................
----------------------------------------------------------------------
Ran 228 tests in 2.003s

OK
[!] Checking geckodriver
[!] Running robot tests
Running 7 tests
Error occured: Traceback (most recent call last):
  File "/home/travis/build/asciimoo/searx/searx/testing.py", line 93, in <module>
    run_robot_tests([getattr(robot, x) for x in dir(robot) if x.startswith('test_')])
  File "/home/travis/build/asciimoo/searx/searx/testing.py", line 73, in run_robot_tests
    test(browser)
  File "/home/travis/build/asciimoo/searx/tests/robot/__init__.py", line 16, in test_404
    browser.visit(url + 'missing_link')
  File "/home/travis/virtualenv/python3.6.3/lib/python3.6/site-packages/splinter/driver/webdriver/__init__.py", line 184, in visit
    self.driver.get(url)
  File "/home/travis/virtualenv/python3.6.3/lib/python3.6/site-packages/selenium/webdriver/remote/webdriver.py", line 309, in get
    self.execute(Command.GET, {'url': url})
  File "/home/travis/virtualenv/python3.6.3/lib/python3.6/site-packages/selenium/webdriver/remote/webdriver.py", line 297, in execute
    self.error_handler.check_response(response)
  File "/home/travis/virtualenv/python3.6.3/lib/python3.6/site-packages/selenium/webdriver/remote/errorhandler.py", line 194, in check_response
    raise exception_class(message, screen, stacktrace)
selenium.common.exceptions.WebDriverException: Message: Reached error page: about:neterror?e=connectionFailure&u=http%3A//localhost%3A11111/missing_link&c=UTF-8&f=regular&d=Firefox%20can%E2%80%99t%20establish%20a%20connection%20to%20the%20server%20at%20localhost%3A11111.



travis_time:end:0a60f01a:start=1533657704149008000,finish=1533657729851644986,duration=25702636986[0K
[32;1mThe command "./manage.sh tests" exited with 0.[0m
travis_fold:start:cache.2[0Kstore build cache
travis_time:start:14938d34[0K
travis_time:end:14938d34:start=1533657729856965673,finish=1533657729861176251,duration=4210578[0Ktravis_time:start:162e7d08[0K[32;1mnothing changed, not updating cache[0m

travis_time:end:162e7d08:start=1533657729866698528,finish=1533657732571774846,duration=2705076318[0Ktravis_fold:end:cache.2[0Ktravis_fold:start:after_success.1[0Ktravis_time:start:1aacf4ef[0K$ ./manage.sh py_test_coverage
[!] Running python test coverage
WARNING:searx:You are using an old openssl version(OpenSSL 1.0.1f 6 Jan 2014), please upgrade above 1.0.2!
........................................................DEBUG:searx.engines.flickr-noapi:cannot find valid image size: {'_flickrModelRegistry': 'photo-lite-models', 'title': 'This is the title', 'username': 'Owner', 'pathAlias': 'klink692', 'realname': 'Owner', 'license': 0, 'ownerNsid': '59729010@N00', 'canComment': False, 'commentCount': 14, 'faveCount': 21, 'id': '14001294434', 'sizes': {}}
...............DEBUG:searx.google engine:result parse error in:
b'<div class="g">\n            <h3 class="r">\n                <a href="&#8364;">\n                    <b>This</b> is <b>the</b>\n                </a>\n            </h3>\n        </div>\n        \n'
.DEBUG:urllib3.connectionpool:https://soundcloud.com:443 "GET / HTTP/1.1" 200 None
...DEBUG:urllib3.connectionpool:Starting new HTTPS connection (1): a-v2.sndcdn.com
.........................................................................DEBUG:urllib3.connectionpool:Starting new HTTPS connection (2): www.wolframalpha.com
DEBUG:urllib3.connectionpool:https://www.wolframalpha.com:443 "GET /input/api/v1/code?ts=9999999999999999999 HTTP/1.1" 200 None
DEBUG:searx.engines:1337x engine initialized
DEBUG:urllib3.connectionpool:https://www.wolframalpha.com:443 "GET /input/api/v1/code?ts=9999999999999999999 HTTP/1.1" 200 None
.....................................................................DEBUG:urllib3.connectionpool:https://a-v2.sndcdn.com:443 "GET /assets/app-019d3fb-dfa9048-3.js HTTP/1.1" 200 None
...........
----------------------------------------------------------------------
Ran 228 tests in 1.824s

OK
Name                                         Stmts   Miss Branch BrPart  Cover   Missing
----------------------------------------------------------------------------------------
searx/__init__.py                               43     11     18      9    67%   26-29, 39, 45, 51, 70, 72, 77, 93, 36->39, 42->45, 50->51, 69->70, 71->72, 76->77, 85->90, 86->88, 92->93
searx/answerers/__init__.py                     37     10     20      2    68%   21, 36-46, 7->11, 20->21
searx/answerers/random/answerer.py              26      7     10      2    64%   13, 20, 25, 29, 44-47, 12->13, 41->44
searx/answerers/statistics/answerer.py          32     16     16      2    38%   23, 30-47, 7->10, 22->23
searx/autocomplete.py                           98     82     54      0    11%   31-34, 40-110, 115-126, 131-136, 141-151, 156-161, 166-178, 183-188
searx/engines/1337x.py                          24     14      2      0    38%   13-15, 19-39
searx/engines/__init__.py                      137     14     67     11    88%   62-63, 69-71, 78, 93, 95-97, 139-140, 173, 178, 186, 61->62, 77->78, 92->93, 94->95, 104->120, 121->exit, 138->139, 172->173, 177->178, 182->186, 245->243
searx/engines/acgsou.py                         43      4      2      0    91%   49-50, 63-64
searx/engines/archlinux.py                      42      1      8      1    96%   108, 107->108
searx/engines/arxiv.py                          32      2      4      1    92%   59, 64, 63->64
searx/engines/asksteem.py                       18      8      2      0    50%   29-31, 36-44
searx/engines/base.py                           50      2     22      3    93%   98, 115, 97->98, 102->109, 109->115
searx/engines/bing.py                           49      1      8      1    96%   100, 99->100
searx/engines/bing_images.py                    51      1      8      1    97%   68, 67->68
searx/engines/bing_news.py                      60      2     16      2    95%   56, 101, 55->56, 100->101
searx/engines/bing_videos.py                    38      1      6      1    95%   86, 85->86
searx/engines/btdigg.py                         39      0      8      0   100%
searx/engines/currency_convert.py               56      0      4      1    98%   10->13
searx/engines/dailymotion.py                    41      0     10      1    98%   92->85
searx/engines/deezer.py                         24      1      6      1    93%   51, 50->51
searx/engines/deviantart.py                     36      1      8      1    95%   45, 44->45
searx/engines/dictzone.py                       35     24     10      0    24%   26-42, 46-68
searx/engines/digbt.py                          31      0      6      1    97%   19->22
searx/engines/digg.py                           37      0      6      0   100%
searx/engines/doku.py                           37      6     12      3    82%   51-52, 55, 77-78, 81, 54->55, 70->80, 80->81
searx/engines/duckduckgo.py                     53      4     10      2    90%   76, 91-92, 95, 75->76, 94->95
searx/engines/duckduckgo_definitions.py         77      0     40      0   100%
searx/engines/duckduckgo_images.py              40      6      4      1    84%   39-43, 50, 49->50
searx/engines/dummy.py                           4      0      0      0   100%
searx/engines/faroo.py                          37      0     12      0   100%
searx/engines/fdroid.py                         22      0      2      0   100%
searx/engines/filecrop.py                       57     57     32      0     0%   1-88
searx/engines/findx.py                          52     34     18      0    26%   36-43, 47-60, 64-71, 75-85, 89-108, 112-115
searx/engines/flickr.py                         37      1     14      1    96%   68, 65->68
searx/engines/flickr_noapi.py                   59      2     22      2    95%   47, 78, 46->47, 77->78
searx/engines/framalibre.py                     32      1      6      2    92%   59, 56->60, 58->59
searx/engines/frinkiac.py                       19      0      2      0   100%
searx/engines/genius.py                         46      6      8      2    85%   38-39, 68-69, 85-86, 46->48, 71->73
searx/engines/gigablast.py                      47      1     12      2    95%   58, 54->57, 57->58
searx/engines/github.py                         22      0      6      0   100%
searx/engines/google.py                        177     47     50      8    70%   145, 176, 183, 193, 213, 224, 228, 271, 287, 311-324, 328-361, 365-366, 370-377, 144->145, 173->176, 180->183, 192->193, 212->213, 223->224, 270->271, 286->287
searx/engines/google_images.py                  39     15      8      2    60%   47, 49-53, 71-86, 46->47, 48->49
searx/engines/google_news.py                    37      4     10      3    85%   46, 49, 75-76, 45->46, 48->49, 55->58
searx/engines/google_videos.py                  37      6      8      2    82%   46, 48-52, 45->46, 47->48
searx/engines/ina.py                            44      1      6      1    96%   70, 69->70
searx/engines/json_engine.py                    88     65     42      1    18%   28-34, 38-42, 46-52, 56-76, 80-82, 86-95, 99-136, 7->10
searx/engines/kickass.py                        42      0      6      0   100%
searx/engines/mediawiki.py                      32      1      9      1    95%   77, 76->77
searx/engines/microsoft_academic.py             38     26      8      0    26%   25-42, 46-59, 63-65, 69-75
searx/engines/mixcloud.py                       23      0      2      0   100%
searx/engines/nyaa.py                           52      4      6      0    93%   58-59, 91-92
searx/engines/openstreetmap.py                  33      0     12      0   100%
searx/engines/pdbe.py                           49     10     10      3    78%   56, 60-62, 67-68, 82, 84, 90-91, 50->56, 81->82, 83->84
searx/engines/photon.py                         47      1     18      1    97%   73, 69->73
searx/engines/piratebay.py                      41      0     10      0   100%
searx/engines/pubmed.py                         50     38      6      0    21%   33-41, 45-101
searx/engines/qwant.py                          60      2     22      2    95%   104, 128, 103->104, 127->128
searx/engines/reddit.py                         36      1      8      1    95%   70, 69->70
searx/engines/scanr_structures.py               31      1     12      4    88%   55, 54->55, 59->64, 61->64, 65->69
searx/engines/searchcode_code.py                23      0      4      0   100%
searx/engines/searchcode_doc.py                 17      0      2      0   100%
searx/engines/searx_engine.py                   19     19      4      0     0%   13-57
searx/engines/seedpeer.py                       43      5      6      1    88%   46-50, 45->46
searx/engines/soundcloud.py                     50      4     14      3    86%   61-64, 50->63, 56->63, 59->56
searx/engines/spotify.py                        22      0      4      0   100%
searx/engines/stackoverflow.py                  23      0      2      0   100%
searx/engines/startpage.py                      52     11     18      5    77%   74, 78, 91-96, 100-107, 111, 73->74, 77->78, 90->91, 99->100, 109->111
searx/engines/subtitleseeker.py                 39      1     14      2    94%   48, 47->48, 64->67
searx/engines/swisscows.py                      52      1     14      1    97%   118, 117->118
searx/engines/tokyotoshokan.py                  53      0     18      1    99%   66->71
searx/engines/torrentz.py                       50      3      6      1    93%   52, 62-63, 51->52
searx/engines/translated.py                     32     19      8      1    35%   28-52, 56-68, 15->18
searx/engines/twitter.py                        38      2      4      0    95%   58-59
searx/engines/vimeo.py                          26      0      2      0   100%
searx/engines/wikidata.py                      268     19     96     13    90%   75-79, 328, 384, 387, 394, 418-425, 432, 466, 484, 74->75, 121->130, 327->328, 356->343, 383->384, 386->387, 392->391, 393->394, 411->exit, 416->418, 431->432, 463->466, 483->484
searx/engines/wikipedia.py                      61      0     22      2    98%   55->68, 127->120
searx/engines/wolframalpha_api.py               64      2     22      4    93%   89, 115, 88->89, 98->103, 109->92, 114->115
searx/engines/wolframalpha_noapi.py             56      4     24      6    88%   53-54, 92, 111, 65->67, 91->92, 100->103, 103->97, 107->97, 110->111
searx/engines/www1x.py                          34      0      8      0   100%
searx/engines/www500px.py                       20      0      2      0   100%
searx/engines/xpath.py                          71     28     33      2    57%   55-56, 79-82, 88-97, 101-122, 53->55, 77->79
searx/engines/yacy.py                           37      3     12      1    88%   81-84, 79->81
searx/engines/yahoo.py                          79      2     22      1    97%   66, 105, 65->66
searx/engines/yahoo_news.py                     54      3     14      1    94%   85, 94-95, 84->85
searx/engines/yandex.py                         31     14      2      0    52%   41-45, 50-64
searx/engines/youtube_api.py                    33      0      4      0   100%
searx/engines/youtube_noapi.py                  41      0      8      1    98%   71->69
searx/exceptions.py                             10      6      2      0    33%   26-32
searx/languages.py                               1      0      0      0   100%
searx/plugins/__init__.py                       46      3     20      3    91%   61-62, 75, 20->23, 60->61, 74->75
searx/plugins/https_rewrite.py                 106     34     54     11    64%   37, 60-62, 70, 78, 90, 104, 113, 122-124, 130, 141-142, 152-153, 183-223, 28->31, 36->37, 69->70, 77->78, 89->90, 102->104, 112->113, 129->130, 151->152, 181->183, 228->230
searx/plugins/infinite_scroll.py                 7      0      0      0   100%
searx/plugins/oa_doi_rewrite.py                 35     17     14      1    39%   18-25, 32, 38-45, 31->32
searx/plugins/open_results_on_new_tab.py         5      0      0      0   100%
searx/plugins/search_on_category_select.py       6      0      0      0   100%
searx/plugins/self_info.py                      21      1      8      1    93%   37, 36->37
searx/plugins/tracker_url_remover.py            18      6      6      1    54%   38-45, 35->38
searx/plugins/vim_hotkeys.py                     6      0      0      0   100%
searx/poolrequests.py                           87     23     20      5    68%   19, 35-41, 49-52, 78-79, 83, 87, 106, 120, 126, 137-138, 142-143, 147, 151, 155, 159, 16->19, 48->49, 105->106, 119->120, 125->126
searx/preferences.py                           227     62    107      9    67%   40, 43, 49, 89-90, 97-100, 103, 139-140, 150, 153, 159-162, 165-175, 178-179, 210, 214, 235, 290-291, 296, 298, 301, 312-328, 334-335, 338-344, 9->13, 88->89, 149->150, 213->214, 295->296, 297->298, 300->301, 303->294, 332->334
searx/query.py                                  90     21     50      4    69%   109-135, 141, 147-150, 156, 176, 27->30, 108->109, 140->141, 153->156
searx/results.py                               211    106    126     21    43%   21, 27, 31, 51-109, 113-121, 147-148, 150-151, 153-154, 156-157, 170, 174, 180, 182, 187-196, 203-204, 225, 230, 240-241, 251-255, 265-300, 315-318, 321, 9->12, 18->21, 26->27, 30->31, 146->147, 149->150, 152->153, 155->156, 159->164, 169->170, 173->174, 179->180, 181->182, 202->203, 209->213, 223->225, 229->230, 239->240, 250->251, 263->265, 307->309
searx/search.py                                214    129    108     19    35%   53-67, 73-87, 92-155, 159-176, 181, 194, 210, 217, 219, 225, 229, 233-237, 243, 250, 261-267, 276, 278-283, 285-296, 299-300, 315, 344-416, 42->45, 193->194, 209->210, 216->217, 218->219, 224->225, 228->229, 232->233, 242->243, 249->250, 260->261, 275->276, 277->278, 284->285, 298->299, 306->314, 309->308, 314->315, 429->432
searx/testing.py                                38     15      2      0    58%   22, 26, 30, 34, 42-56, 63-65, 70-73
searx/url_utils.py                               6      2      2      1    62%   4-5, 3->4
searx/utils.py                                 272     46    134     13    78%   40, 101, 104, 113, 118, 127, 159, 164, 171, 186, 222-234, 238-242, 298, 304-314, 387-390, 394-401, 34->40, 100->101, 103->104, 112->113, 117->118, 126->127, 158->159, 163->164, 170->171, 183->185, 185->186, 193->195, 297->298
searx/version.py                                 5      0      0      0   100%
searx/webapp.py                                439    183    201     31    54%   40-43, 79-80, 93, 158, 162, 166, 169, 177-220, 226, 231, 235, 248-253, 257-260, 273-286, 292-303, 330-333, 341, 347, 394, 408-409, 415-416, 419, 423-425, 438-460, 476, 485, 495-503, 509, 530-544, 617-660, 670-676, 704, 730-773, 802, 806, 833-836, 841, 873, 877-878, 913-916, 920, 89->93, 128->133, 157->158, 160->162, 164->166, 168->169, 230->231, 234->235, 267->269, 314->321, 321->327, 329->330, 340->341, 343->346, 346->347, 393->394, 414->415, 418->419, 475->476, 480->485, 508->509, 517->519, 521->524, 529->530, 547->exit, 669->670, 703->704, 801->802, 805->806, 912->913, 919->920
----------------------------------------------------------------------------------------
TOTAL                                         5914   1336   2017    251    73%

DEBUG:chardet.charsetprober:utf-8  confidence = 0.99
DEBUG:chardet.charsetprober:SHIFT_JIS Japanese confidence = 0.01
DEBUG:chardet.charsetprober:EUC-JP Japanese confidence = 0.01
DEBUG:chardet.charsetprober:GB2312 Chinese confidence = 0.01
DEBUG:chardet.charsetprober:EUC-KR Korean confidence = 0.01
DEBUG:chardet.charsetprober:CP949 Korean confidence = 0.01
DEBUG:chardet.charsetprober:Big5 Chinese confidence = 0.01
DEBUG:chardet.charsetprober:EUC-TW Taiwan confidence = 0.01
DEBUG:chardet.charsetprober:windows-1251 Russian confidence = 0.01
DEBUG:chardet.charsetprober:KOI8-R Russian confidence = 0.01
DEBUG:chardet.charsetprober:ISO-8859-5 Russian confidence = 0.0
DEBUG:chardet.charsetprober:MacCyrillic Russian confidence = 0.0
DEBUG:chardet.charsetprober:IBM866 Russian confidence = 0.00442870576545242
DEBUG:chardet.charsetprober:IBM855 Russian confidence = 0.0
DEBUG:chardet.charsetprober:ISO-8859-7 Greek confidence = 0.0
DEBUG:chardet.charsetprober:windows-1253 Greek confidence = 0.0
DEBUG:chardet.charsetprober:ISO-8859-5 Bulgairan confidence = 0.0
DEBUG:chardet.charsetprober:windows-1251 Bulgarian confidence = 0.0
DEBUG:chardet.charsetprober:TIS-620 Thai confidence = 0.11300239937716515
DEBUG:chardet.charsetprober:ISO-8859-9 Turkish confidence = 0.4850304169639571
DEBUG:chardet.charsetprober:windows-1255 Hebrew confidence = 0.0
DEBUG:chardet.charsetprober:windows-1255 Hebrew confidence = 0.0
DEBUG:chardet.charsetprober:windows-1255 Hebrew confidence = 0.0
DEBUG:chardet.charsetprober:utf-8  confidence = 0.99
DEBUG:chardet.charsetprober:SHIFT_JIS Japanese confidence = 0.01
DEBUG:chardet.charsetprober:EUC-JP Japanese confidence = 0.01
DEBUG:chardet.charsetprober:GB2312 Chinese confidence = 0.01
DEBUG:chardet.charsetprober:EUC-KR Korean confidence = 0.01
DEBUG:chardet.charsetprober:CP949 Korean confidence = 0.01
DEBUG:chardet.charsetprober:Big5 Chinese confidence = 0.01
DEBUG:chardet.charsetprober:EUC-TW Taiwan confidence = 0.01
DEBUG:searx.engines:1337x engine initialized
Name                                         Stmts   Miss Branch BrPart  Cover   Missing
----------------------------------------------------------------------------------------
searx/__init__.py                               43     11     18      9    67%   26-29, 39, 45, 51, 70, 72, 77, 93, 36->39, 42->45, 50->51, 69->70, 71->72, 76->77, 85->90, 86->88, 92->93
searx/answerers/__init__.py                     37     10     20      2    68%   21, 36-46, 7->11, 20->21
searx/answerers/random/answerer.py              26      7     10      2    64%   13, 20, 25, 29, 44-47, 12->13, 41->44
searx/answerers/statistics/answerer.py          32     16     16      2    38%   23, 30-47, 7->10, 22->23
searx/autocomplete.py                           98     82     54      0    11%   31-34, 40-110, 115-126, 131-136, 141-151, 156-161, 166-178, 183-188
searx/engines/1337x.py                          24     14      2      0    38%   13-15, 19-39
searx/engines/__init__.py                      137     14     67     11    88%   62-63, 69-71, 78, 93, 95-97, 139-140, 173, 178, 186, 61->62, 77->78, 92->93, 94->95, 104->120, 121->exit, 138->139, 172->173, 177->178, 182->186, 245->243
searx/engines/acgsou.py                         43      4      2      0    91%   49-50, 63-64
searx/engines/archlinux.py                      42      1      8      1    96%   108, 107->108
searx/engines/arxiv.py                          32      2      4      1    92%   59, 64, 63->64
searx/engines/asksteem.py                       18      8      2      0    50%   29-31, 36-44
searx/engines/base.py                           50      2     22      3    93%   98, 115, 97->98, 102->109, 109->115
searx/engines/bing.py                           49      1      8      1    96%   100, 99->100
searx/engines/bing_images.py                    51      1      8      1    97%   68, 67->68
searx/engines/bing_news.py                      60      2     16      2    95%   56, 101, 55->56, 100->101
searx/engines/bing_videos.py                    38      1      6      1    95%   86, 85->86
searx/engines/btdigg.py                         39      0      8      0   100%
searx/engines/currency_convert.py               56      0      4      1    98%   10->13
searx/engines/dailymotion.py                    41      0     10      1    98%   92->85
searx/engines/deezer.py                         24      1      6      1    93%   51, 50->51
searx/engines/deviantart.py                     36      1      8      1    95%   45, 44->45
searx/engines/dictzone.py                       35     24     10      0    24%   26-42, 46-68
searx/engines/digbt.py                          31      0      6      1    97%   19->22
searx/engines/digg.py                           37      0      6      0   100%
searx/engines/doku.py                           37      6     12      3    82%   51-52, 55, 77-78, 81, 54->55, 70->80, 80->81
searx/engines/duckduckgo.py                     53      4     10      2    90%   76, 91-92, 95, 75->76, 94->95
searx/engines/duckduckgo_definitions.py         77      0     40      0   100%
searx/engines/duckduckgo_images.py              40      6      4      1    84%   39-43, 50, 49->50
searx/engines/dummy.py                           4      0      0      0   100%
searx/engines/faroo.py                          37      0     12      0   100%
searx/engines/fdroid.py                         22      0      2      0   100%
searx/engines/filecrop.py                       57     57     32      0     0%   1-88
searx/engines/findx.py                          52     34     18      0    26%   36-43, 47-60, 64-71, 75-85, 89-108, 112-115
searx/engines/flickr.py                         37      1     14      1    96%   68, 65->68
searx/engines/flickr_noapi.py                   59      2     22      2    95%   47, 78, 46->47, 77->78
searx/engines/framalibre.py                     32      1      6      2    92%   59, 56->60, 58->59
searx/engines/frinkiac.py                       19      0      2      0   100%
searx/engines/genius.py                         46      6      8      2    85%   38-39, 68-69, 85-86, 46->48, 71->73
searx/engines/gigablast.py                      47      1     12      2    95%   58, 54->57, 57->58
searx/engines/github.py                         22      0      6      0   100%
searx/engines/google.py                        177     47     50      8    70%   145, 176, 183, 193, 213, 224, 228, 271, 287, 311-324, 328-361, 365-366, 370-377, 144->145, 173->176, 180->183, 192->193, 212->213, 223->224, 270->271, 286->287
searx/engines/google_images.py                  39     15      8      2    60%   47, 49-53, 71-86, 46->47, 48->49
searx/engines/google_news.py                    37      4     10      3    85%   46, 49, 75-76, 45->46, 48->49, 55->58
searx/engines/google_videos.py                  37      6      8      2    82%   46, 48-52, 45->46, 47->48
searx/engines/ina.py                            44      1      6      1    96%   70, 69->70
searx/engines/json_engine.py                    88     65     42      1    18%   28-34, 38-42, 46-52, 56-76, 80-82, 86-95, 99-136, 7->10
searx/engines/kickass.py                        42      0      6      0   100%
searx/engines/mediawiki.py                      32      1      9      1    95%   77, 76->77
searx/engines/microsoft_academic.py             38     26      8      0    26%   25-42, 46-59, 63-65, 69-75
searx/engines/mixcloud.py                       23      0      2      0   100%
searx/engines/nyaa.py                           52      4      6      0    93%   58-59, 91-92
searx/engines/openstreetmap.py                  33      0     12      0   100%
searx/engines/pdbe.py                           49     10     10      3    78%   56, 60-62, 67-68, 82, 84, 90-91, 50->56, 81->82, 83->84
searx/engines/photon.py                         47      1     18      1    97%   73, 69->73
searx/engines/piratebay.py                      41      0     10      0   100%
searx/engines/pubmed.py                         50     38      6      0    21%   33-41, 45-101
searx/engines/qwant.py                          60      2     22      2    95%   104, 128, 103->104, 127->128
searx/engines/reddit.py                         36      1      8      1    95%   70, 69->70
searx/engines/scanr_structures.py               31      1     12      4    88%   55, 54->55, 59->64, 61->64, 65->69
searx/engines/searchcode_code.py                23      0      4      0   100%
searx/engines/searchcode_doc.py                 17      0      2      0   100%
searx/engines/searx_engine.py                   19     19      4      0     0%   13-57
searx/engines/seedpeer.py                       43      5      6      1    88%   46-50, 45->46
searx/engines/soundcloud.py                     50      4     14      3    86%   61-64, 50->63, 56->63, 59->56
searx/engines/spotify.py                        22      0      4      0   100%
searx/engines/stackoverflow.py                  23      0      2      0   100%
searx/engines/startpage.py                      52     11     18      5    77%   74, 78, 91-96, 100-107, 111, 73->74, 77->78, 90->91, 99->100, 109->111
searx/engines/subtitleseeker.py                 39      1     14      2    94%   48, 47->48, 64->67
searx/engines/swisscows.py                      52      1     14      1    97%   118, 117->118
searx/engines/tokyotoshokan.py                  53      0     18      1    99%   66->71
searx/engines/torrentz.py                       50      3      6      1    93%   52, 62-63, 51->52
searx/engines/translated.py                     32     19      8      1    35%   28-52, 56-68, 15->18
searx/engines/twitter.py                        38      2      4      0    95%   58-59
searx/engines/vimeo.py                          26      0      2      0   100%
searx/engines/wikidata.py                      268     19     96     13    90%   75-79, 328, 384, 387, 394, 418-425, 432, 466, 484, 74->75, 121->130, 327->328, 356->343, 383->384, 386->387, 392->391, 393->394, 411->exit, 416->418, 431->432, 463->466, 483->484
searx/engines/wikipedia.py                      61      0     22      2    98%   55->68, 127->120
searx/engines/wolframalpha_api.py               64      2     22      4    93%   89, 115, 88->89, 98->103, 109->92, 114->115
searx/engines/wolframalpha_noapi.py             56      4     24      6    88%   53-54, 92, 111, 65->67, 91->92, 100->103, 103->97, 107->97, 110->111
searx/engines/www1x.py                          34      0      8      0   100%
searx/engines/www500px.py                       20      0      2      0   100%
searx/engines/xpath.py                          71     28     33      2    57%   55-56, 79-82, 88-97, 101-122, 53->55, 77->79
searx/engines/yacy.py                           37      3     12      1    88%   81-84, 79->81
searx/engines/yahoo.py                          79      2     22      1    97%   66, 105, 65->66
searx/engines/yahoo_news.py                     54      3     14      1    94%   85, 94-95, 84->85
searx/engines/yandex.py                         31     14      2      0    52%   41-45, 50-64
searx/engines/youtube_api.py                    33      0      4      0   100%
searx/engines/youtube_noapi.py                  41      0      8      1    98%   71->69
searx/exceptions.py                             10      6      2      0    33%   26-32
searx/languages.py                               1      0      0      0   100%
searx/plugins/__init__.py                       46      3     20      3    91%   61-62, 75, 20->23, 60->61, 74->75
searx/plugins/https_rewrite.py                 106     34     54     11    64%   37, 60-62, 70, 78, 90, 104, 113, 122-124, 130, 141-142, 152-153, 183-223, 28->31, 36->37, 69->70, 77->78, 89->90, 102->104, 112->113, 129->130, 151->152, 181->183, 228->230
searx/plugins/infinite_scroll.py                 7      0      0      0   100%
searx/plugins/oa_doi_rewrite.py                 35     17     14      1    39%   18-25, 32, 38-45, 31->32
searx/plugins/open_results_on_new_tab.py         5      0      0      0   100%
searx/plugins/search_on_category_select.py       6      0      0      0   100%
searx/plugins/self_info.py                      21      1      8      1    93%   37, 36->37
searx/plugins/tracker_url_remover.py            18      6      6      1    54%   38-45, 35->38
searx/plugins/vim_hotkeys.py                     6      0      0      0   100%
searx/poolrequests.py                           87     23     20      5    68%   19, 35-41, 49-52, 78-79, 83, 87, 106, 120, 126, 137-138, 142-143, 147, 151, 155, 159, 16->19, 48->49, 105->106, 119->120, 125->126
searx/preferences.py                           227     62    107      9    67%   40, 43, 49, 89-90, 97-100, 103, 139-140, 150, 153, 159-162, 165-175, 178-179, 210, 214, 235, 290-291, 296, 298, 301, 312-328, 334-335, 338-344, 9->13, 88->89, 149->150, 213->214, 295->296, 297->298, 300->301, 303->294, 332->334
searx/query.py                                  90     21     50      4    69%   109-135, 141, 147-150, 156, 176, 27->30, 108->109, 140->141, 153->156
searx/results.py                               211    106    126     21    43%   21, 27, 31, 51-109, 113-121, 147-148, 150-151, 153-154, 156-157, 170, 174, 180, 182, 187-196, 203-204, 225, 230, 240-241, 251-255, 265-300, 315-318, 321, 9->12, 18->21, 26->27, 30->31, 146->147, 149->150, 152->153, 155->156, 159->164, 169->170, 173->174, 179->180, 181->182, 202->203, 209->213, 223->225, 229->230, 239->240, 250->251, 263->265, 307->309
searx/search.py                                214    129    108     19    35%   53-67, 73-87, 92-155, 159-176, 181, 194, 210, 217, 219, 225, 229, 233-237, 243, 250, 261-267, 276, 278-283, 285-296, 299-300, 315, 344-416, 42->45, 193->194, 209->210, 216->217, 218->219, 224->225, 228->229, 232->233, 242->243, 249->250, 260->261, 275->276, 277->278, 284->285, 298->299, 306->314, 309->308, 314->315, 429->432
searx/testing.py                                38     15      2      0    58%   22, 26, 30, 34, 42-56, 63-65, 70-73
searx/url_utils.py                               6      2      2      1    62%   4-5, 3->4
searx/utils.py                                 272     46    134     13    78%   40, 101, 104, 113, 118, 127, 159, 164, 171, 186, 222-234, 238-242, 298, 304-314, 387-390, 394-401, 34->40, 100->101, 103->104, 112->113, 117->118, 126->127, 158->159, 163->164, 170->171, 183->185, 185->186, 193->195, 297->298
searx/version.py                                 5      0      0      0   100%
searx/webapp.py                                439    183    201     31    54%   40-43, 79-80, 93, 158, 162, 166, 169, 177-220, 226, 231, 235, 248-253, 257-260, 273-286, 292-303, 330-333, 341, 347, 394, 408-409, 415-416, 419, 423-425, 438-460, 476, 485, 495-503, 509, 530-544, 617-660, 670-676, 704, 730-773, 802, 806, 833-836, 841, 873, 877-878, 913-916, 920, 89->93, 128->133, 157->158, 160->162, 164->166, 168->169, 230->231, 234->235, 267->269, 314->321, 321->327, 329->330, 340->341, 343->346, 346->347, 393->394, 414->415, 418->419, 475->476, 480->485, 508->509, 517->519, 521->524, 529->530, 547->exit, 669->670, 703->704, 801->802, 805->806, 912->913, 919->920
----------------------------------------------------------------------------------------
TOTAL                                         5914   1336   2017    251    73%

travis_time:end:1aacf4ef:start=1533657732578510097,finish=1533657765615337466,duration=33036827369[0Ktravis_fold:end:after_success.1[0Ktravis_fold:start:after_success.2[0Ktravis_time:start:2e876f3a[0K$ codecov

      _____          _
     / ____|        | |
    | |     ___   __| | ___  ___ _____   __
    | |    / _ \ / _  |/ _ \/ __/ _ \ \ / /
    | |___| (_) | (_| |  __/ (_| (_) \ V /
     \_____\___/ \____|\___|\___\___/ \_/
                                    v2.0.15

[90m==>[0m Detecting CI provider
    Travis Detected
    Fixing merge commit SHA
[90m==>[0m Preparing upload
[90m==>[0m Processing gcov (disable by -X gcov)
    Executing gcov (find /home/travis/build/asciimoo/searx -not -path './bower_components/**' -not -path './node_modules/**' -not -path './vendor/**' -type f -name '*.gcno'  -exec gcov -pb  {} +)
[90m==>[0m Collecting reports
    Generating coverage xml reports for Python
    [32m+[0m /home/travis/build/asciimoo/searx/coverage.xml bytes=288413
[90m==>[0m Appending environment variables
    [32m+[0m TRAVIS_PYTHON_VERSION
    [32m+[0m TRAVIS_OS_NAME
[90m==>[0m Uploading
    .url https://codecov.io
    .query commit=00b8aa113f874b531daed90c5bccbf4308153b03&branch=master&job=413186999&pr=1360&service=travis&build=2126.3&slug=asciimoo%2Fsearx&yaml=.codecov.yml&package=py2.0.15
    Pinging Codecov...
    Uploading to S3...
[92m    https://codecov.io/github/asciimoo/searx/commit/00b8aa113f874b531daed90c5bccbf4308153b03[0m

travis_time:end:2e876f3a:start=1533657765622478913,finish=1533657770078501431,duration=4456022518[0Ktravis_fold:end:after_success.2[0K
Done. Your build exited with 0.
