travis_fold:start:worker_info[0K[33;1mWorker information[0m
hostname: 68b1cafc-9368-4e64-90d4-e2302346a5a8@1.i-033de2d-production-2-worker-org-ec2.travisci.net
version: v3.6.0 https://github.com/travis-ci/worker/tree/170b2a0bb43234479fd1911ba9e4dbcc36dadfad
instance: 53748bd travisci/ci-garnet:packer-1512502276-986baf0 (via amqp)
startup: 495.323382ms
travis_fold:end:worker_info[0Ktravis_fold:start:system_info[0K[33;1mBuild system information[0m
Build language: python
Build group: stable
Build dist: trusty
Build id: 381724078
Job id: 381724080
Runtime kernel version: 4.14.12-041412-generic
travis-build version: 4957953b8
[34m[1mBuild image provisioning date and time[0m
Tue Dec  5 20:11:19 UTC 2017
[34m[1mOperating System Details[0m
Distributor ID:	Ubuntu
Description:	Ubuntu 14.04.5 LTS
Release:	14.04
Codename:	trusty
[34m[1mCookbooks Version[0m
7c2c6a6 https://github.com/travis-ci/travis-cookbooks/tree/7c2c6a6
[34m[1mgit version[0m
git version 2.15.1
[34m[1mbash version[0m
GNU bash, version 4.3.11(1)-release (x86_64-pc-linux-gnu)
[34m[1mgcc version[0m
gcc (Ubuntu 4.8.4-2ubuntu1~14.04.3) 4.8.4
Copyright (C) 2013 Free Software Foundation, Inc.
This is free software; see the source for copying conditions.  There is NO
warranty; not even for MERCHANTABILITY or FITNESS FOR A PARTICULAR PURPOSE.

[34m[1mdocker version[0m
Client:
 Version:      17.09.0-ce
 API version:  1.32
 Go version:   go1.8.3
 Git commit:   afdb6d4
 Built:        Tue Sep 26 22:39:28 2017
 OS/Arch:      linux/amd64
[34m[1mclang version[0m
clang version 5.0.0 (tags/RELEASE_500/final)
Target: x86_64-unknown-linux-gnu
Thread model: posix
InstalledDir: /usr/local/clang-5.0.0/bin
[34m[1mjq version[0m
jq-1.5
[34m[1mbats version[0m
Bats 0.4.0
[34m[1mshellcheck version[0m
0.4.6
[34m[1mshfmt version[0m
v2.0.0
[34m[1mccache version[0m
ccache version 3.1.9

Copyright (C) 2002-2007 Andrew Tridgell
Copyright (C) 2009-2011 Joel Rosdahl

This program is free software; you can redistribute it and/or modify it under
the terms of the GNU General Public License as published by the Free Software
Foundation; either version 3 of the License, or (at your option) any later
version.
[34m[1mcmake version[0m
cmake version 3.9.2

CMake suite maintained and supported by Kitware (kitware.com/cmake).
[34m[1mheroku version[0m
heroku-cli/6.14.39-addc925 (linux-x64) node-v9.2.0
[34m[1mimagemagick version[0m
Version: ImageMagick 6.7.7-10 2017-07-31 Q16 http://www.imagemagick.org
[34m[1mmd5deep version[0m
4.2
[34m[1mmercurial version[0m
Mercurial Distributed SCM (version 4.2.2)
(see https://mercurial-scm.org for more information)

Copyright (C) 2005-2017 Matt Mackall and others
This is free software; see the source for copying conditions. There is NO
warranty; not even for MERCHANTABILITY or FITNESS FOR A PARTICULAR PURPOSE.
[34m[1mmysql version[0m
mysql  Ver 14.14 Distrib 5.6.33, for debian-linux-gnu (x86_64) using  EditLine wrapper
[34m[1mopenssl version[0m
OpenSSL 1.0.1f 6 Jan 2014
[34m[1mpacker version[0m
Packer v1.0.2

Your version of Packer is out of date! The latest version
is 1.1.2. You can update by downloading from www.packer.io
[34m[1mpostgresql client version[0m
psql (PostgreSQL) 9.6.6
[34m[1mragel version[0m
Ragel State Machine Compiler version 6.8 Feb 2013
Copyright (c) 2001-2009 by Adrian Thurston
[34m[1msubversion version[0m
svn, version 1.8.8 (r1568071)
   compiled Aug 10 2017, 17:20:39 on x86_64-pc-linux-gnu

Copyright (C) 2013 The Apache Software Foundation.
This software consists of contributions made by many people;
see the NOTICE file for more information.
Subversion is open source software, see http://subversion.apache.org/

The following repository access (RA) modules are available:

* ra_svn : Module for accessing a repository using the svn network protocol.
  - with Cyrus SASL authentication
  - handles 'svn' scheme
* ra_local : Module for accessing a repository on local disk.
  - handles 'file' scheme
* ra_serf : Module for accessing a repository via WebDAV protocol using serf.
  - using serf 1.3.3
  - handles 'http' scheme
  - handles 'https' scheme

[34m[1msudo version[0m
Sudo version 1.8.9p5
Configure options: --prefix=/usr -v --with-all-insults --with-pam --with-fqdn --with-logging=syslog --with-logfac=authpriv --with-env-editor --with-editor=/usr/bin/editor --with-timeout=15 --with-password-timeout=0 --with-passprompt=[sudo] password for %p:  --without-lecture --with-tty-tickets --disable-root-mailer --enable-admin-flag --with-sendmail=/usr/sbin/sendmail --with-timedir=/var/lib/sudo --mandir=/usr/share/man --libexecdir=/usr/lib/sudo --with-sssd --with-sssd-lib=/usr/lib/x86_64-linux-gnu --with-selinux
Sudoers policy plugin version 1.8.9p5
Sudoers file grammar version 43

Sudoers path: /etc/sudoers
Authentication methods: 'pam'
Syslog facility if syslog is being used for logging: authpriv
Syslog priority to use when user authenticates successfully: notice
Syslog priority to use when user authenticates unsuccessfully: alert
Send mail if the user is not in sudoers
Use a separate timestamp for each user/tty combo
Lecture user the first time they run sudo
Root may run sudo
Allow some information gathering to give useful error messages
Require fully-qualified hostnames in the sudoers file
Visudo will honor the EDITOR environment variable
Set the LOGNAME and USER environment variables
Length at which to wrap log file lines (0 for no wrap): 80
Authentication timestamp timeout: 15.0 minutes
Password prompt timeout: 0.0 minutes
Number of tries to enter a password: 3
Umask to use or 0777 to use user's: 022
Path to mail program: /usr/sbin/sendmail
Flags for mail program: -t
Address to send mail to: root
Subject line for mail messages: *** SECURITY information for %h ***
Incorrect password message: Sorry, try again.
Path to authentication timestamp dir: /var/lib/sudo
Default password prompt: [sudo] password for %p: 
Default user to run commands as: root
Value to override user's $PATH with: /usr/local/sbin:/usr/local/bin:/usr/sbin:/usr/bin:/sbin:/bin:/snap/bin
Path to the editor for use by visudo: /usr/bin/editor
When to require a password for 'list' pseudocommand: any
When to require a password for 'verify' pseudocommand: all
File descriptors >= 3 will be closed before executing a command
Environment variables to check for sanity:
	TZ
	TERM
	LINGUAS
	LC_*
	LANGUAGE
	LANG
	COLORTERM
Environment variables to remove:
	RUBYOPT
	RUBYLIB
	PYTHONUSERBASE
	PYTHONINSPECT
	PYTHONPATH
	PYTHONHOME
	TMPPREFIX
	ZDOTDIR
	READNULLCMD
	NULLCMD
	FPATH
	PERL5DB
	PERL5OPT
	PERL5LIB
	PERLLIB
	PERLIO_DEBUG 
	JAVA_TOOL_OPTIONS
	SHELLOPTS
	GLOBIGNORE
	PS4
	BASH_ENV
	ENV
	TERMCAP
	TERMPATH
	TERMINFO_DIRS
	TERMINFO
	_RLD*
	LD_*
	PATH_LOCALE
	NLSPATH
	HOSTALIASES
	RES_OPTIONS
	LOCALDOMAIN
	CDPATH
	IFS
Environment variables to preserve:
	JAVA_HOME
	TRAVIS
	CI
	DEBIAN_FRONTEND
	XAUTHORIZATION
	XAUTHORITY
	PS2
	PS1
	PATH
	LS_COLORS
	KRB5CCNAME
	HOSTNAME
	HOME
	DISPLAY
	COLORS
Locale to use while parsing sudoers: C
Directory in which to store input/output logs: /var/log/sudo-io
File in which to store the input/output log: %{seq}
Add an entry to the utmp/utmpx file when allocating a pty
PAM service name to use
PAM service name to use for login shells
Create a new PAM session for the command to run in
Maximum I/O log sequence number: 0

Local IP address and netmask pairs:
	172.17.0.2/255.255.0.0

Sudoers I/O plugin version 1.8.9p5
[34m[1mgzip version[0m
gzip 1.6
Copyright (C) 2007, 2010, 2011 Free Software Foundation, Inc.
Copyright (C) 1993 Jean-loup Gailly.
This is free software.  You may redistribute copies of it under the terms of
the GNU General Public License <http://www.gnu.org/licenses/gpl.html>.
There is NO WARRANTY, to the extent permitted by law.

Written by Jean-loup Gailly.
[34m[1mzip version[0m
Copyright (c) 1990-2008 Info-ZIP - Type 'zip "-L"' for software license.
This is Zip 3.0 (July 5th 2008), by Info-ZIP.
Currently maintained by E. Gordon.  Please send bug reports to
the authors using the web page at www.info-zip.org; see README for details.

Latest sources and executables are at ftp://ftp.info-zip.org/pub/infozip,
as of above date; see http://www.info-zip.org/ for other sites.

Compiled with gcc 4.8.2 for Unix (Linux ELF) on Oct 21 2013.

Zip special compilation options:
	USE_EF_UT_TIME       (store Universal Time)
	BZIP2_SUPPORT        (bzip2 library version 1.0.6, 6-Sept-2010)
	    bzip2 code and library copyright (c) Julian R Seward
	    (See the bzip2 license for terms of use)
	SYMLINK_SUPPORT      (symbolic links supported)
	LARGE_FILE_SUPPORT   (can read and write large files on file system)
	ZIP64_SUPPORT        (use Zip64 to store large files in archives)
	UNICODE_SUPPORT      (store and read UTF-8 Unicode paths)
	STORE_UNIX_UIDs_GIDs (store UID/GID sizes/values using new extra field)
	UIDGID_NOT_16BIT     (old Unix 16-bit UID/GID extra field not used)
	[encryption, version 2.91 of 05 Jan 2007] (modified for Zip 3)

Encryption notice:
	The encryption code of this program is not copyrighted and is
	put in the public domain.  It was originally written in Europe
	and, to the best of our knowledge, can be freely distributed
	in both source and object forms from any country, including
	the USA under License Exception TSU of the U.S. Export
	Administration Regulations (section 740.13(e)) of 6 June 2002.

Zip environment options:
             ZIP:  [none]
          ZIPOPT:  [none]
[34m[1mvim version[0m
VIM - Vi IMproved 7.4 (2013 Aug 10, compiled Nov 24 2016 16:43:18)
Included patches: 1-52
Extra patches: 8.0.0056
Modified by pkg-vim-maintainers@lists.alioth.debian.org
Compiled by buildd@
Huge version without GUI.  Features included (+) or not (-):
+acl             +farsi           +mouse_netterm   +syntax
+arabic          +file_in_path    +mouse_sgr       +tag_binary
+autocmd         +find_in_path    -mouse_sysmouse  +tag_old_static
-balloon_eval    +float           +mouse_urxvt     -tag_any_white
-browse          +folding         +mouse_xterm     -tcl
++builtin_terms  -footer          +multi_byte      +terminfo
+byte_offset     +fork()          +multi_lang      +termresponse
+cindent         +gettext         -mzscheme        +textobjects
-clientserver    -hangul_input    +netbeans_intg   +title
-clipboard       +iconv           +path_extra      -toolbar
+cmdline_compl   +insert_expand   -perl            +user_commands
+cmdline_hist    +jumplist        +persistent_undo +vertsplit
+cmdline_info    +keymap          +postscript      +virtualedit
+comments        +langmap         +printer         +visual
+conceal         +libcall         +profile         +visualextra
+cryptv          +linebreak       +python          +viminfo
+cscope          +lispindent      -python3         +vreplace
+cursorbind      +listcmds        +quickfix        +wildignore
+cursorshape     +localmap        +reltime         +wildmenu
+dialog_con      -lua             +rightleft       +windows
+diff            +menu            -ruby            +writebackup
+digraphs        +mksession       +scrollbind      -X11
-dnd             +modify_fname    +signs           -xfontset
-ebcdic          +mouse           +smartindent     -xim
+emacs_tags      -mouseshape      -sniff           -xsmp
+eval            +mouse_dec       +startuptime     -xterm_clipboard
+ex_extra        +mouse_gpm       +statusline      -xterm_save
+extra_search    -mouse_jsbterm   -sun_workshop    -xpm
   system vimrc file: "$VIM/vimrc"
     user vimrc file: "$HOME/.vimrc"
 2nd user vimrc file: "~/.vim/vimrc"
      user exrc file: "$HOME/.exrc"
  fall-back for $VIM: "/usr/share/vim"
Compilation: gcc -c -I. -Iproto -DHAVE_CONFIG_H     -g -O2 -fstack-protector --param=ssp-buffer-size=4 -Wformat -Werror=format-security -U_FORTIFY_SOURCE -D_FORTIFY_SOURCE=1      
Linking: gcc   -Wl,-Bsymbolic-functions -Wl,-z,relro -Wl,--as-needed -o vim        -lm -ltinfo -lnsl  -lselinux  -lacl -lattr -lgpm -ldl    -L/usr/lib/python2.7/config-x86_64-linux-gnu -lpython2.7 -lpthread -ldl -lutil -lm -Xlinker -export-dynamic -Wl,-O1 -Wl,-Bsymbolic-functions      
[34m[1miptables version[0m
iptables v1.4.21
[34m[1mcurl version[0m
curl 7.35.0 (x86_64-pc-linux-gnu) libcurl/7.35.0 OpenSSL/1.0.1f zlib/1.2.8 libidn/1.28 librtmp/2.3
[34m[1mwget version[0m
GNU Wget 1.15 built on linux-gnu.
[34m[1mrsync version[0m
rsync  version 3.1.0  protocol version 31
[34m[1mgimme version[0m
v1.2.0
[34m[1mnvm version[0m
0.33.6
[34m[1mperlbrew version[0m
/home/travis/perl5/perlbrew/bin/perlbrew  - App::perlbrew/0.80
[34m[1mphpenv version[0m
rbenv 1.1.1-25-g6aa70b6
[34m[1mrvm version[0m
rvm 1.29.3 (latest) by Michal Papis, Piotr Kuczynski, Wayne E. Seguin [https://rvm.io]
[34m[1mdefault ruby version[0m
ruby 2.4.1p111 (2017-03-22 revision 58053) [x86_64-linux]
[34m[1mCouchDB version[0m
couchdb 1.6.1
[34m[1mElasticSearch version[0m
5.5.0
[34m[1mInstalled Firefox version[0m
firefox 56.0.2
[34m[1mMongoDB version[0m
MongoDB 3.4.10
[34m[1mPhantomJS version[0m
2.1.1
[34m[1mPre-installed PostgreSQL versions[0m
9.2.24
9.3.20
9.4.15
9.5.10
9.6.6
[34m[1mRabbitMQ Version[0m
3.6.14
[34m[1mRedis version[0m
redis-server 4.0.6
[34m[1mriak version[0m
2.2.3
[34m[1mPre-installed Go versions[0m
1.7.4
[34m[1mant version[0m
Apache Ant(TM) version 1.9.3 compiled on April 8 2014
[34m[1mmvn version[0m
Apache Maven 3.5.2 (138edd61fd100ec658bfa2d307c43b76940a5d7d; 2017-10-18T07:58:13Z)
Maven home: /usr/local/maven-3.5.2
Java version: 1.8.0_151, vendor: Oracle Corporation
Java home: /usr/lib/jvm/java-8-oracle/jre
Default locale: en_US, platform encoding: UTF-8
OS name: "linux", version: "4.4.0-101-generic", arch: "amd64", family: "unix"
[34m[1mgradle version[0m

------------------------------------------------------------
Gradle 4.0.1
------------------------------------------------------------

Build time:   2017-07-07 14:02:41 UTC
Revision:     38e5dc0f772daecca1d2681885d3d85414eb6826

Groovy:       2.4.11
Ant:          Apache Ant(TM) version 1.9.6 compiled on June 29 2015
JVM:          1.8.0_151 (Oracle Corporation 25.151-b12)
OS:           Linux 4.4.0-101-generic amd64

[34m[1mlein version[0m
Leiningen 2.8.1 on Java 1.8.0_151 Java HotSpot(TM) 64-Bit Server VM
[34m[1mPre-installed Node.js versions[0m
v4.8.6
v6.12.0
v6.12.1
v8.9
v8.9.1
[34m[1mphpenv versions[0m
  system
  5.6
* 5.6.32 (set by /home/travis/.phpenv/version)
  7.0
  7.0.25
  7.1
  7.1.11
  hhvm
  hhvm-stable
[34m[1mcomposer --version[0m
Composer version 1.5.2 2017-09-11 16:59:25
[34m[1mPre-installed Ruby versions[0m
ruby-2.2.7
ruby-2.3.4
ruby-2.4.1
travis_fold:end:system_info[0K
[32;1mNetwork availability confirmed.[0m

[33;1mRunning apt-get update by default has been disabled.[0m
You can opt into running apt-get update by setting this in your .travis.yml file:

  addons:
    apt:
      update: true
[33;1m3.5 is not installed; attempting download[0m
[33;1mDownloading archive: https://s3.amazonaws.com/travis-python-archives/binaries/ubuntu/14.04/x86_64/python-3.5.tar.bz2[0m
$ curl -sSf -o python-3.5.tar.bz2 ${archive_url}
$ sudo tar xjf python-3.5.tar.bz2 --directory /

travis_fold:start:git.checkout[0Ktravis_time:start:0645362f[0K$ git clone --depth=50 https://github.com/asciimoo/searx.git asciimoo/searx
Cloning into 'asciimoo/searx'...
remote: Counting objects: 1608, done.[K
remote: Compressing objects:   0% (1/982)   [Kremote: Compressing objects:   1% (10/982)   [Kremote: Compressing objects:   2% (20/982)   [Kremote: Compressing objects:   3% (30/982)   [Kremote: Compressing objects:   4% (40/982)   [Kremote: Compressing objects:   5% (50/982)   [Kremote: Compressing objects:   6% (59/982)   [Kremote: Compressing objects:   7% (69/982)   [Kremote: Compressing objects:   8% (79/982)   [Kremote: Compressing objects:   9% (89/982)   [Kremote: Compressing objects:  10% (99/982)   [Kremote: Compressing objects:  11% (109/982)   [Kremote: Compressing objects:  12% (118/982)   [Kremote: Compressing objects:  13% (128/982)   [Kremote: Compressing objects:  14% (138/982)   [Kremote: Compressing objects:  15% (148/982)   [Kremote: Compressing objects:  16% (158/982)   [Kremote: Compressing objects:  17% (167/982)   [Kremote: Compressing objects:  18% (177/982)   [Kremote: Compressing objects:  19% (187/982)   [Kremote: Compressing objects:  20% (197/982)   [Kremote: Compressing objects:  21% (207/982)   [Kremote: Compressing objects:  22% (217/982)   [Kremote: Compressing objects:  23% (226/982)   [Kremote: Compressing objects:  24% (236/982)   [Kremote: Compressing objects:  25% (246/982)   [Kremote: Compressing objects:  26% (256/982)   [Kremote: Compressing objects:  27% (266/982)   [Kremote: Compressing objects:  28% (275/982)   [Kremote: Compressing objects:  29% (285/982)   [Kremote: Compressing objects:  30% (295/982)   [Kremote: Compressing objects:  31% (305/982)   [Kremote: Compressing objects:  32% (315/982)   [Kremote: Compressing objects:  33% (325/982)   [Kremote: Compressing objects:  34% (334/982)   [Kremote: Compressing objects:  35% (344/982)   [Kremote: Compressing objects:  36% (354/982)   [Kremote: Compressing objects:  37% (364/982)   [Kremote: Compressing objects:  38% (374/982)   [Kremote: Compressing objects:  39% (383/982)   [Kremote: Compressing objects:  40% (393/982)   [Kremote: Compressing objects:  41% (403/982)   [Kremote: Compressing objects:  42% (413/982)   [Kremote: Compressing objects:  43% (423/982)   [Kremote: Compressing objects:  44% (433/982)   [Kremote: Compressing objects:  45% (442/982)   [Kremote: Compressing objects:  46% (452/982)   [Kremote: Compressing objects:  47% (462/982)   [Kremote: Compressing objects:  48% (472/982)   [Kremote: Compressing objects:  49% (482/982)   [Kremote: Compressing objects:  50% (491/982)   [Kremote: Compressing objects:  51% (501/982)   [Kremote: Compressing objects:  52% (511/982)   [Kremote: Compressing objects:  53% (521/982)   [Kremote: Compressing objects:  54% (531/982)   [Kremote: Compressing objects:  55% (541/982)   [Kremote: Compressing objects:  56% (550/982)   [Kremote: Compressing objects:  57% (560/982)   [Kremote: Compressing objects:  58% (570/982)   [Kremote: Compressing objects:  59% (580/982)   [Kremote: Compressing objects:  60% (590/982)   [Kremote: Compressing objects:  61% (600/982)   [Kremote: Compressing objects:  62% (609/982)   [Kremote: Compressing objects:  63% (619/982)   [Kremote: Compressing objects:  64% (629/982)   [Kremote: Compressing objects:  65% (639/982)   [Kremote: Compressing objects:  66% (649/982)   [Kremote: Compressing objects:  67% (658/982)   [Kremote: Compressing objects:  68% (668/982)   [Kremote: Compressing objects:  69% (678/982)   [Kremote: Compressing objects:  70% (688/982)   [Kremote: Compressing objects:  71% (698/982)   [Kremote: Compressing objects:  72% (708/982)   [Kremote: Compressing objects:  73% (717/982)   [Kremote: Compressing objects:  74% (727/982)   [Kremote: Compressing objects:  75% (737/982)   [Kremote: Compressing objects:  76% (747/982)   [Kremote: Compressing objects:  77% (757/982)   [Kremote: Compressing objects:  78% (766/982)   [Kremote: Compressing objects:  79% (776/982)   [Kremote: Compressing objects:  80% (786/982)   [Kremote: Compressing objects:  81% (796/982)   [Kremote: Compressing objects:  82% (806/982)   [Kremote: Compressing objects:  83% (816/982)   [Kremote: Compressing objects:  84% (825/982)   [Kremote: Compressing objects:  85% (835/982)   [Kremote: Compressing objects:  86% (845/982)   [Kremote: Compressing objects:  87% (855/982)   [Kremote: Compressing objects:  88% (865/982)   [Kremote: Compressing objects:  89% (874/982)   [Kremote: Compressing objects:  90% (884/982)   [Kremote: Compressing objects:  91% (894/982)   [Kremote: Compressing objects:  92% (904/982)   [Kremote: Compressing objects:  93% (914/982)   [Kremote: Compressing objects:  94% (924/982)   [Kremote: Compressing objects:  95% (933/982)   [Kremote: Compressing objects:  96% (943/982)   [Kremote: Compressing objects:  97% (953/982)   [Kremote: Compressing objects:  98% (963/982)   [Kremote: Compressing objects:  99% (973/982)   [Kremote: Compressing objects: 100% (982/982)   [Kremote: Compressing objects: 100% (982/982), done.[K
Receiving objects:   0% (1/1608)   Receiving objects:   1% (17/1608)   Receiving objects:   2% (33/1608)   Receiving objects:   3% (49/1608)   Receiving objects:   4% (65/1608)   Receiving objects:   5% (81/1608)   Receiving objects:   6% (97/1608)   Receiving objects:   7% (113/1608)   Receiving objects:   8% (129/1608)   Receiving objects:   9% (145/1608)   Receiving objects:  10% (161/1608)   Receiving objects:  11% (177/1608)   Receiving objects:  12% (193/1608)   Receiving objects:  13% (210/1608)   Receiving objects:  14% (226/1608)   Receiving objects:  15% (242/1608)   Receiving objects:  16% (258/1608)   Receiving objects:  17% (274/1608)   Receiving objects:  18% (290/1608)   Receiving objects:  19% (306/1608)   Receiving objects:  20% (322/1608)   Receiving objects:  21% (338/1608)   Receiving objects:  22% (354/1608)   Receiving objects:  23% (370/1608)   Receiving objects:  24% (386/1608)   Receiving objects:  25% (402/1608)   Receiving objects:  26% (419/1608)   Receiving objects:  27% (435/1608)   Receiving objects:  28% (451/1608)   Receiving objects:  29% (467/1608)   Receiving objects:  30% (483/1608)   Receiving objects:  31% (499/1608)   Receiving objects:  32% (515/1608)   Receiving objects:  33% (531/1608)   Receiving objects:  34% (547/1608)   Receiving objects:  35% (563/1608)   Receiving objects:  36% (579/1608)   Receiving objects:  37% (595/1608)   Receiving objects:  38% (612/1608)   Receiving objects:  39% (628/1608)   Receiving objects:  40% (644/1608)   Receiving objects:  41% (660/1608)   Receiving objects:  42% (676/1608)   Receiving objects:  43% (692/1608)   Receiving objects:  44% (708/1608)   Receiving objects:  45% (724/1608)   Receiving objects:  46% (740/1608)   Receiving objects:  47% (756/1608)   Receiving objects:  48% (772/1608)   Receiving objects:  49% (788/1608)   Receiving objects:  50% (804/1608)   Receiving objects:  51% (821/1608)   Receiving objects:  52% (837/1608)   Receiving objects:  53% (853/1608)   Receiving objects:  54% (869/1608)   Receiving objects:  55% (885/1608)   Receiving objects:  56% (901/1608)   Receiving objects:  57% (917/1608)   Receiving objects:  58% (933/1608)   Receiving objects:  59% (949/1608)   Receiving objects:  60% (965/1608)   Receiving objects:  61% (981/1608)   Receiving objects:  62% (997/1608)   Receiving objects:  63% (1014/1608)   Receiving objects:  64% (1030/1608)   Receiving objects:  65% (1046/1608)   Receiving objects:  66% (1062/1608)   Receiving objects:  67% (1078/1608)   Receiving objects:  68% (1094/1608)   Receiving objects:  69% (1110/1608)   Receiving objects:  70% (1126/1608)   Receiving objects:  71% (1142/1608)   Receiving objects:  72% (1158/1608)   Receiving objects:  73% (1174/1608)   Receiving objects:  74% (1190/1608)   Receiving objects:  75% (1206/1608)   Receiving objects:  76% (1223/1608)   Receiving objects:  77% (1239/1608)   Receiving objects:  78% (1255/1608)   Receiving objects:  79% (1271/1608)   Receiving objects:  80% (1287/1608)   Receiving objects:  81% (1303/1608)   Receiving objects:  82% (1319/1608)   Receiving objects:  83% (1335/1608)   Receiving objects:  84% (1351/1608)   Receiving objects:  85% (1367/1608)   Receiving objects:  86% (1383/1608)   Receiving objects:  87% (1399/1608)   Receiving objects:  88% (1416/1608)   Receiving objects:  89% (1432/1608)   Receiving objects:  90% (1448/1608)   Receiving objects:  91% (1464/1608)   Receiving objects:  92% (1480/1608)   Receiving objects:  93% (1496/1608)   Receiving objects:  94% (1512/1608)   Receiving objects:  95% (1528/1608)   Receiving objects:  96% (1544/1608)   Receiving objects:  97% (1560/1608)   Receiving objects:  98% (1576/1608)   Receiving objects:  99% (1592/1608)   remote: Total 1608 (delta 709), reused 1198 (delta 543), pack-reused 0[K
Receiving objects: 100% (1608/1608)   Receiving objects: 100% (1608/1608), 1.86 MiB | 8.35 MiB/s, done.
Resolving deltas:   0% (0/709)   Resolving deltas:   1% (8/709)   Resolving deltas:   2% (19/709)   Resolving deltas:   4% (32/709)   Resolving deltas:   6% (45/709)   Resolving deltas:  12% (86/709)   Resolving deltas:  16% (118/709)   Resolving deltas:  24% (171/709)   Resolving deltas:  25% (178/709)   Resolving deltas:  30% (217/709)   Resolving deltas:  31% (220/709)   Resolving deltas:  33% (240/709)   Resolving deltas:  34% (242/709)   Resolving deltas:  35% (251/709)   Resolving deltas:  36% (257/709)   Resolving deltas:  37% (269/709)   Resolving deltas:  38% (272/709)   Resolving deltas:  39% (282/709)   Resolving deltas:  40% (285/709)   Resolving deltas:  42% (298/709)   Resolving deltas:  43% (307/709)   Resolving deltas:  44% (315/709)   Resolving deltas:  45% (321/709)   Resolving deltas:  46% (329/709)   Resolving deltas:  47% (334/709)   Resolving deltas:  48% (344/709)   Resolving deltas:  49% (350/709)   Resolving deltas:  50% (356/709)   Resolving deltas:  51% (366/709)   Resolving deltas:  52% (369/709)   Resolving deltas:  53% (376/709)   Resolving deltas:  54% (384/709)   Resolving deltas:  55% (391/709)   Resolving deltas:  56% (398/709)   Resolving deltas:  57% (407/709)   Resolving deltas:  58% (412/709)   Resolving deltas:  59% (419/709)   Resolving deltas:  60% (427/709)   Resolving deltas:  61% (435/709)   Resolving deltas:  62% (445/709)   Resolving deltas:  63% (449/709)   Resolving deltas:  64% (454/709)   Resolving deltas:  65% (463/709)   Resolving deltas:  66% (472/709)   Resolving deltas:  67% (476/709)   Resolving deltas:  68% (483/709)   Resolving deltas:  69% (490/709)   Resolving deltas:  70% (499/709)   Resolving deltas:  71% (504/709)   Resolving deltas:  72% (513/709)   Resolving deltas:  73% (519/709)   Resolving deltas:  74% (525/709)   Resolving deltas:  75% (533/709)   Resolving deltas:  76% (539/709)   Resolving deltas:  77% (548/709)   Resolving deltas:  79% (561/709)   Resolving deltas:  80% (571/709)   Resolving deltas:  81% (580/709)   Resolving deltas:  84% (602/709)   Resolving deltas:  85% (604/709)   Resolving deltas:  86% (610/709)   Resolving deltas:  87% (617/709)   Resolving deltas:  88% (625/709)   Resolving deltas:  89% (637/709)   Resolving deltas:  90% (642/709)   Resolving deltas:  91% (646/709)   Resolving deltas:  92% (654/709)   Resolving deltas:  93% (661/709)   Resolving deltas:  94% (668/709)   Resolving deltas:  95% (674/709)   Resolving deltas:  96% (682/709)   Resolving deltas:  97% (688/709)   Resolving deltas:  98% (695/709)   Resolving deltas: 100% (709/709)   Resolving deltas: 100% (709/709), done.

travis_time:end:0645362f:start=1526916455853479576,finish=1526916457465442337,duration=1611962761[0K$ cd asciimoo/searx
travis_time:start:05bc04a8[0K$ git fetch origin +refs/pull/1304/merge:
remote: Counting objects: 6, done.[K
remote: Compressing objects:  50% (1/2)   [Kremote: Compressing objects: 100% (2/2)   [Kremote: Compressing objects: 100% (2/2), done.[K
remote: Total 6 (delta 4), reused 5 (delta 4), pack-reused 0[K
Unpacking objects:  16% (1/6)   Unpacking objects:  33% (2/6)   Unpacking objects:  50% (3/6)   Unpacking objects:  66% (4/6)   Unpacking objects:  83% (5/6)   Unpacking objects: 100% (6/6)   Unpacking objects: 100% (6/6), done.
From https://github.com/asciimoo/searx
 * branch            refs/pull/1304/merge -> FETCH_HEAD

travis_time:end:05bc04a8:start=1526916457470984014,finish=1526916457790457351,duration=319473337[0K$ git checkout -qf FETCH_HEAD
travis_fold:end:git.checkout[0Ktravis_fold:start:install_firefox[0K$ export FIREFOX_SOURCE_URL='https://download.mozilla.org/?product=firefox-latest&lang=en-US&os=linux64'
[33;1mInstalling Firefox latest[0m
travis_time:start:28032a73[0K$ wget --no-verbose -O /tmp/firefox-latest.tar.bz2 $FIREFOX_SOURCE_URL
2018-05-21 15:27:38 URL:https://download-installer.cdn.mozilla.net/pub/firefox/releases/60.0.1/linux-x86_64/en-US/firefox-60.0.1.tar.bz2 [53256909/53256909] -> "/tmp/firefox-latest.tar.bz2" [1]

travis_time:end:28032a73:start=1526916457902451490,finish=1526916458482518022,duration=580066532[0K$ export PATH=$HOME/firefox-latest/firefox:$PATH
travis_fold:end:install_firefox[0K$ firefox --version
Mozilla Firefox 60.0.1
travis_time:start:0f6c78de[0K$ source ~/virtualenv/python3.5/bin/activate

travis_time:end:0f6c78de:start=1526916472719562080,finish=1526916472727274732,duration=7712652[0Ktravis_fold:start:cache.1[0KSetting up build cache
$ export CASHER_DIR=$HOME/.casher
travis_time:start:05072700[0K$ Installing caching utilities

travis_time:end:05072700:start=1526916477238660984,finish=1526916477279437879,duration=40776895[0Ktravis_time:start:0034a828[0K
travis_time:end:0034a828:start=1526916477286840911,finish=1526916477292435672,duration=5594761[0Ktravis_time:start:1b831fe0[0K[32;1mattempting to download cache archive[0m
[32;1mfetching PR.1304/cache-linux-trusty-e3b0c44298fc1c149afbf4c8996fb92427ae41e4649b934ca495991b7852b855--python-3.5.tgz[0m
[32;1mfetching PR.1304/cache--python-3.5.tgz[0m
[32;1mfetching master/cache-linux-trusty-e3b0c44298fc1c149afbf4c8996fb92427ae41e4649b934ca495991b7852b855--python-3.5.tgz[0m
[32;1mfound cache[0m

travis_time:end:1b831fe0:start=1526916477298653706,finish=1526916483829244902,duration=6530591196[0Ktravis_time:start:2c3339bb[0K
travis_time:end:2c3339bb:start=1526916483835318988,finish=1526916483840497221,duration=5178233[0Ktravis_time:start:06b7c9d2[0K[32;1madding /home/travis/.cache/pip to cache[0m

travis_time:end:06b7c9d2:start=1526916483846366747,finish=1526916486254842849,duration=2408476102[0Ktravis_fold:end:cache.1[0Ktravis_fold:start:cache.pip[0K
travis_time:start:0654d30e[0K
travis_time:end:0654d30e:start=1526916486261078167,finish=1526916486266112920,duration=5034753[0Ktravis_time:start:3553afd8[0K[32;1madding /home/travis/.cache/pip to cache[0m

travis_time:end:3553afd8:start=1526916486272454291,finish=1526916488655963054,duration=2383508763[0Ktravis_fold:end:cache.pip[0K$ python --version
Python 3.5.5
$ pip --version
pip 9.0.1 from /home/travis/virtualenv/python3.5.5/lib/python3.5/site-packages (python 3.5)
travis_fold:start:before_install.1[0Ktravis_time:start:27f4ec04[0K$ export DISPLAY=:99.0

travis_time:end:27f4ec04:start=1526916489082221964,finish=1526916489087304667,duration=5082703[0Ktravis_fold:end:before_install.1[0Ktravis_fold:start:before_install.2[0Ktravis_time:start:1752a68b[0K$ sh -e /etc/init.d/xvfb start
Starting virtual X frame buffer: Xvfb.

travis_time:end:1752a68b:start=1526916489093543600,finish=1526916489112355190,duration=18811590[0Ktravis_fold:end:before_install.2[0Ktravis_fold:start:install.1[0Ktravis_time:start:3397bfa2[0K$ ./manage.sh install_geckodriver ~/drivers
[!] Checking geckodriver
Installing /home/travis/drivers/geckodriver from
  https://github.com/mozilla/geckodriver/releases/download/v0.19.1/geckodriver-v0.19.1-linux64.tar.gz
travis_time:end:3397bfa2:start=1526916489119207178,finish=1526916489473566217,duration=354359039[0Ktravis_fold:end:install.1[0Ktravis_fold:start:install.2[0Ktravis_time:start:0907b15c[0K$ export PATH=~/drivers:$PATH

travis_time:end:0907b15c:start=1526916489480198777,finish=1526916489485524993,duration=5326216[0Ktravis_fold:end:install.2[0Ktravis_fold:start:install.3[0Ktravis_time:start:0466ebf4[0K$ ./manage.sh npm_packages
[!] install NPM packages
7[r[999;999H[6n[37;40mnpm[0m [0m[30;43mWARN[0m [0m[35mnotice[0m [SECURITY] stringstream has 1 moderate vulnerability. Go here for more details: https://nodesecurity.io/advisories?search=stringstream&version=0.0.6 - Run `npm i npm@latest -g` to upgrade your npm version, and then `npm audit` to get more info.
[0m[37;40mnpm[0m [0m[30;43mWARN[0m [0m[35mnotice[0m [SECURITY] hoek has 1 moderate vulnerability. Go here for more details: https://nodesecurity.io/advisories?search=hoek&version=2.16.3 - Run `npm i npm@latest -g` to upgrade your npm version, and then `npm audit` to get more info.
[0m[37;40mnpm[0m [0m[30;43mWARN[0m [0m[35msaveError[0m ENOENT: no such file or directory, open '/home/travis/build/asciimoo/searx/package.json'
[0m[37;40mnpm[0m [0m[34;40mnotice[0m[35m[0m created a lockfile as package-lock.json. You should commit this file.
[0m[37;40mnpm[0m [0m[30;43mWARN[0m [0m[35menoent[0m ENOENT: no such file or directory, open '/home/travis/build/asciimoo/searx/package.json'
[0m[37;40mnpm[0m [0m[30;43mWARN[0m[35m[0m searx No description
[0m[37;40mnpm[0m [0m[30;43mWARN[0m[35m[0m searx No repository field.
[0m[37;40mnpm[0m [0m[30;43mWARN[0m[35m[0m searx No README data
[0m[37;40mnpm[0m [0m[30;43mWARN[0m[35m[0m searx No license field.
[0m
+ grunt-cli@1.2.0
+ less-plugin-clean-css@1.5.1
+ less@2.7.3
added 88 packages in 3.093s

[33m
   ‚ï≠‚îÄ‚îÄ‚îÄ‚îÄ‚îÄ‚îÄ‚îÄ‚îÄ‚îÄ‚îÄ‚îÄ‚îÄ‚îÄ‚îÄ‚îÄ‚îÄ‚îÄ‚îÄ‚îÄ‚îÄ‚îÄ‚îÄ‚îÄ‚îÄ‚îÄ‚îÄ‚îÄ‚îÄ‚îÄ‚îÄ‚îÄ‚îÄ‚îÄ‚îÄ‚îÄ‚îÄ‚îÄ‚ïÆ[39m
   [33m‚îÇ[39m                                     [33m‚îÇ[39m
   [33m‚îÇ[39m   Update available [2m5.5.1[22m[0m ‚Üí [0m[32m6.0.1[39m    [33m‚îÇ[39m
   [33m‚îÇ[39m     Run [36mnpm i -g npm[39m to update      [33m‚îÇ[39m
   [33m‚îÇ[39m                                     [33m‚îÇ[39m
[33m   ‚ï∞‚îÄ‚îÄ‚îÄ‚îÄ‚îÄ‚îÄ‚îÄ‚îÄ‚îÄ‚îÄ‚îÄ‚îÄ‚îÄ‚îÄ‚îÄ‚îÄ‚îÄ‚îÄ‚îÄ‚îÄ‚îÄ‚îÄ‚îÄ‚îÄ‚îÄ‚îÄ‚îÄ‚îÄ‚îÄ‚îÄ‚îÄ‚îÄ‚îÄ‚îÄ‚îÄ‚îÄ‚îÄ‚ïØ
[39m
[!] install NPM packages for oscar theme
[37;40mnpm[0m [0m[30;43mWARN[0m [0m[35mdeprecated[0m coffee-script@1.3.3: CoffeeScript on NPM has moved to "coffeescript" (no hyphen)
[0m[37;40mnpm[0m [0m[30;43mWARN[0m [0m[35mdeprecated[0m minimatch@0.2.14: Please update to minimatch 3.0.2 or higher to avoid a RegExp DoS issue
[0m[37;40mnpm[0m [0m[30;43mWARN[0m [0m[35mdeprecated[0m minimatch@1.0.0: Please update to minimatch 3.0.2 or higher to avoid a RegExp DoS issue
[0m[37;40mnpm[0m [0m[30;43mWARN[0m [0m[35mdeprecated[0m graceful-fs@3.0.11: please upgrade to graceful-fs 4 for compatibility with current and future versions of Node.js
[0m[37;40mnpm[0m [0m[30;43mWARN[0m [0m[35mdeprecated[0m graceful-fs@1.2.3: please upgrade to graceful-fs 4 for compatibility with current and future versions of Node.js
[0m[37;40mnpm[0m [0m[30;43mWARN[0m [0m[35mdeprecated[0m minimatch@0.3.0: Please update to minimatch 3.0.2 or higher to avoid a RegExp DoS issue
[0m[37;40mnpm[0m [0m[30;43mWARN[0m [0m[35mdeprecated[0m natives@1.1.3: This module relies on Node.js's internals and will break at some point. Do not use it, and update to graceful-fs@4.x.
[0m[37;40mnpm[0m [0m[30;43mWARN[0m [0m[35mdeprecated[0m node-uuid@1.4.8: Use uuid module instead
[0m[37;40mnpm[0m [0m[30;43mWARN[0m [0m[35mnotice[0m [SECURITY] debug has 1 low vulnerability. Go here for more details: https://nodesecurity.io/advisories?search=debug&version=0.7.4 - Run `npm i npm@latest -g` to upgrade your npm version, and then `npm audit` to get more info.
[0m[37;40mnpm[0m [0m[30;43mWARN[0m [0m[35mnotice[0m [SECURITY] lodash has 1 low vulnerability. Go here for more details: https://nodesecurity.io/advisories?search=lodash&version=2.4.2 - Run `npm i npm@latest -g` to upgrade your npm version, and then `npm audit` to get more info.
[0m[37;40mnpm[0m [0m[30;43mWARN[0m [0m[35mnotice[0m [SECURITY] lodash has 1 low vulnerability. Go here for more details: https://nodesecurity.io/advisories?search=lodash&version=1.0.2 - Run `npm i npm@latest -g` to upgrade your npm version, and then `npm audit` to get more info.
[0m[37;40mnpm[0m [0m[30;43mWARN[0m [0m[35mnotice[0m [SECURITY] request has 1 moderate vulnerability. Go here for more details: https://nodesecurity.io/advisories?search=request&version=2.40.0 - Run `npm i npm@latest -g` to upgrade your npm version, and then `npm audit` to get more info.
[0m[37;40mnpm[0m [0m[30;43mWARN[0m [0m[35mnotice[0m [SECURITY] tunnel-agent has 1 moderate vulnerability. Go here for more details: https://nodesecurity.io/advisories?search=tunnel-agent&version=0.4.3 - Run `npm i npm@latest -g` to upgrade your npm version, and then `npm audit` to get more info.
[0m[37;40mnpm[0m [0m[30;43mWARN[0m [0m[35mnotice[0m [SECURITY] qs has 2 high vulnerabilities. Go here for more details: https://nodesecurity.io/advisories?search=qs&version=0.5.6 - Run `npm i npm@latest -g` to upgrade your npm version, and then `npm audit` to get more info.
[0m[37;40mnpm[0m [0m[30;43mWARN[0m [0m[35mnotice[0m [SECURITY] hawk has 1 moderate vulnerability. Go here for more details: https://nodesecurity.io/advisories?search=hawk&version=1.1.1 - Run `npm i npm@latest -g` to upgrade your npm version, and then `npm audit` to get more info.
[0m[37;40mnpm[0m [0m[30;43mWARN[0m [0m[35mnotice[0m [SECURITY] minimatch has 1 high vulnerability. Go here for more details: https://nodesecurity.io/advisories?search=minimatch&version=0.2.14 - Run `npm i npm@latest -g` to upgrade your npm version, and then `npm audit` to get more info.
[0m[37;40mnpm[0m [0m[30;43mWARN[0m [0m[35mnotice[0m [SECURITY] minimatch has 1 high vulnerability. Go here for more details: https://nodesecurity.io/advisories?search=minimatch&version=1.0.0 - Run `npm i npm@latest -g` to upgrade your npm version, and then `npm audit` to get more info.
[0m[37;40mnpm[0m [0m[30;43mWARN[0m [0m[35mnotice[0m [SECURITY] minimatch has 1 high vulnerability. Go here for more details: https://nodesecurity.io/advisories?search=minimatch&version=0.3.0 - Run `npm i npm@latest -g` to upgrade your npm version, and then `npm audit` to get more info.
[0m[37;40mnpm[0m [0m[30;43mWARN[0m [0m[35mnotice[0m [SECURITY] cli has 1 low vulnerability. Go here for more details: https://nodesecurity.io/advisories?search=cli&version=0.6.6 - Run `npm i npm@latest -g` to upgrade your npm version, and then `npm audit` to get more info.
[0m[37;40mnpm[0m [0m[30;43mWARN[0m [0m[35mnotice[0m [SECURITY] minimatch has 1 high vulnerability. Go here for more details: https://nodesecurity.io/advisories?search=minimatch&version=0.3.0 - Run `npm i npm@latest -g` to upgrade your npm version, and then `npm audit` to get more info.
[0m[37;40mnpm[0m [0m[30;43mWARN[0m [0m[35mnotice[0m [SECURITY] mime has 1 moderate vulnerability. Go here for more details: https://nodesecurity.io/advisories?search=mime&version=1.2.11 - Run `npm i npm@latest -g` to upgrade your npm version, and then `npm audit` to get more info.
[0m[37;40mnpm[0m [0m[30;43mWARN[0m [0m[35mnotice[0m [SECURITY] lodash has 1 low vulnerability. Go here for more details: https://nodesecurity.io/advisories?search=lodash&version=0.9.2 - Run `npm i npm@latest -g` to upgrade your npm version, and then `npm audit` to get more info.
[0m[37;40mnpm[0m [0m[30;43mWARN[0m [0m[35mnotice[0m [SECURITY] hoek has 1 moderate vulnerability. Go here for more details: https://nodesecurity.io/advisories?search=hoek&version=0.9.1 - Run `npm i npm@latest -g` to upgrade your npm version, and then `npm audit` to get more info.
[0m[37;40mnpm[0m [0m[34;40mnotice[0m[35m[0m created a lockfile as package-lock.json. You should commit this file.
[0m[37;40mnpm[0m [0m[30;43mWARN[0m[35m[0m oscar No repository field.
[0m[37;40mnpm[0m [0m[30;43mWARN[0m[35m[0m oscar No license field.
[0m
added 218 packages in 5.599s
[!] install NPM packages for simple theme
[37;40mnpm[0m [0m[30;43mWARN[0m [0m[35mnotice[0m [SECURITY] lodash has 1 low vulnerability. Go here for more details: https://nodesecurity.io/advisories?search=lodash&version=3.10.1 - Run `npm i npm@latest -g` to upgrade your npm version, and then `npm audit` to get more info.
[0m[37;40mnpm[0m [0m[30;43mWARN[0m [0m[35mnotice[0m [SECURITY] debug has 1 low vulnerability. Go here for more details: https://nodesecurity.io/advisories?search=debug&version=2.2.0 - Run `npm i npm@latest -g` to upgrade your npm version, and then `npm audit` to get more info.
[0m[37;40mnpm[0m [0m[30;43mWARN[0m [0m[35mnotice[0m [SECURITY] lodash has 1 low vulnerability. Go here for more details: https://nodesecurity.io/advisories?search=lodash&version=3.7.0 - Run `npm i npm@latest -g` to upgrade your npm version, and then `npm audit` to get more info.
[0m[37;40mnpm[0m [0m[30;43mWARN[0m [0m[35mnotice[0m [SECURITY] lodash has 1 low vulnerability. Go here for more details: https://nodesecurity.io/advisories?search=lodash&version=4.3.0 - Run `npm i npm@latest -g` to upgrade your npm version, and then `npm audit` to get more info.
[0m[37;40mnpm[0m [0m[30;43mWARN[0m [0m[35mnotice[0m [SECURITY] lodash has 1 low vulnerability. Go here for more details: https://nodesecurity.io/advisories?search=lodash&version=4.3.0 - Run `npm i npm@latest -g` to upgrade your npm version, and then `npm audit` to get more info.
[0m[37;40mnpm[0m [0m[30;43mWARN[0m [0m[35mnotice[0m [SECURITY] lodash has 1 low vulnerability. Go here for more details: https://nodesecurity.io/advisories?search=lodash&version=4.3.0 - Run `npm i npm@latest -g` to upgrade your npm version, and then `npm audit` to get more info.
[0m
> ttf2woff2@2.0.3 install /home/travis/build/asciimoo/searx/searx/static/themes/simple/node_modules/ttf2woff2
> (node-gyp rebuild > builderror.log) || (exit 0)

[37;40mnpm[0m [0m[34;40mnotice[0m[35m[0m created a lockfile as package-lock.json. You should commit this file.
[0m[37;40mnpm[0m [0m[30;43mWARN[0m[35m[0m simple No description
[0m[37;40mnpm[0m [0m[30;43mWARN[0m[35m[0m simple No repository field.
[0m[37;40mnpm[0m [0m[30;43mWARN[0m[35m[0m simple No license field.
[0m
added 314 packages in 33.158s

travis_time:end:0466ebf4:start=1526916489492424265,finish=1526916543046985999,duration=53554561734[0Ktravis_fold:end:install.3[0Ktravis_fold:start:install.4[0Ktravis_time:start:01720e40[0K$ ./manage.sh update_dev_packages
Collecting pip
  Using cached https://files.pythonhosted.org/packages/0f/74/ecd13431bcc456ed390b44c8a6e917c1820365cbebcb6a8974d1cd045ab4/pip-10.0.1-py2.py3-none-any.whl
Installing collected packages: pip
  Found existing installation: pip 9.0.1
    Uninstalling pip-9.0.1:
      Successfully uninstalled pip-9.0.1
Successfully installed pip-10.0.1
Collecting setuptools
[?25l  Downloading https://files.pythonhosted.org/packages/7f/e1/820d941153923aac1d49d7fc37e17b6e73bfbd2904959fffbad77900cf92/setuptools-39.2.0-py2.py3-none-any.whl (567kB)
[K    1% |‚ñã                               | 10kB 21.7MB/s eta 0:00:01[K    3% |‚ñà‚ñè                              | 20kB 18.1MB/s eta 0:00:01[K    5% |‚ñà‚ñä                              | 30kB 19.0MB/s eta 0:00:01[K    7% |‚ñà‚ñà‚ñé                             | 40kB 9.5MB/s eta 0:00:01[K    9% |‚ñà‚ñà‚ñâ                             | 51kB 9.2MB/s eta 0:00:01[K    10% |‚ñà‚ñà‚ñà‚ñå                            | 61kB 10.7MB/s eta 0:00:01[K    12% |‚ñà‚ñà‚ñà‚ñà                            | 71kB 9.8MB/s eta 0:00:01[K    14% |‚ñà‚ñà‚ñà‚ñà‚ñã                           | 81kB 9.8MB/s eta 0:00:01[K    16% |‚ñà‚ñà‚ñà‚ñà‚ñà‚ñè                          | 92kB 10.8MB/s eta 0:00:01[K    18% |‚ñà‚ñà‚ñà‚ñà‚ñà‚ñä                          | 102kB 10.4MB/s eta 0:00:01[K    19% |‚ñà‚ñà‚ñà‚ñà‚ñà‚ñà‚ñç                         | 112kB 10.7MB/s eta 0:00:01[K    21% |‚ñà‚ñà‚ñà‚ñà‚ñà‚ñà‚ñà                         | 122kB 11.2MB/s eta 0:00:01[K    23% |‚ñà‚ñà‚ñà‚ñà‚ñà‚ñà‚ñà‚ñå                        | 133kB 9.8MB/s eta 0:00:01[K    25% |‚ñà‚ñà‚ñà‚ñà‚ñà‚ñà‚ñà‚ñà                        | 143kB 12.9MB/s eta 0:00:01[K    27% |‚ñà‚ñà‚ñà‚ñà‚ñà‚ñà‚ñà‚ñà‚ñã                       | 153kB 13.8MB/s eta 0:00:01[K    28% |‚ñà‚ñà‚ñà‚ñà‚ñà‚ñà‚ñà‚ñà‚ñà‚ñé                      | 163kB 12.3MB/s eta 0:00:01[K    30% |‚ñà‚ñà‚ñà‚ñà‚ñà‚ñà‚ñà‚ñà‚ñà‚ñâ                      | 174kB 14.6MB/s eta 0:00:01[K    32% |‚ñà‚ñà‚ñà‚ñà‚ñà‚ñà‚ñà‚ñà‚ñà‚ñà‚ñç                     | 184kB 15.2MB/s eta 0:00:01[K    34% |‚ñà‚ñà‚ñà‚ñà‚ñà‚ñà‚ñà‚ñà‚ñà‚ñà‚ñà                     | 194kB 15.1MB/s eta 0:00:01[K    36% |‚ñà‚ñà‚ñà‚ñà‚ñà‚ñà‚ñà‚ñà‚ñà‚ñà‚ñà‚ñå                    | 204kB 16.5MB/s eta 0:00:01[K    37% |‚ñà‚ñà‚ñà‚ñà‚ñà‚ñà‚ñà‚ñà‚ñà‚ñà‚ñà‚ñà‚ñè                   | 215kB 14.8MB/s eta 0:00:01[K    39% |‚ñà‚ñà‚ñà‚ñà‚ñà‚ñà‚ñà‚ñà‚ñà‚ñà‚ñà‚ñà‚ñä                   | 225kB 14.9MB/s eta 0:00:01[K    41% |‚ñà‚ñà‚ñà‚ñà‚ñà‚ñà‚ñà‚ñà‚ñà‚ñà‚ñà‚ñà‚ñà‚ñé                  | 235kB 19.0MB/s eta 0:00:01[K    43% |‚ñà‚ñà‚ñà‚ñà‚ñà‚ñà‚ñà‚ñà‚ñà‚ñà‚ñà‚ñà‚ñà‚ñâ                  | 245kB 16.1MB/s eta 0:00:01[K    45% |‚ñà‚ñà‚ñà‚ñà‚ñà‚ñà‚ñà‚ñà‚ñà‚ñà‚ñà‚ñà‚ñà‚ñà‚ñç                 | 256kB 17.5MB/s eta 0:00:01[K    46% |‚ñà‚ñà‚ñà‚ñà‚ñà‚ñà‚ñà‚ñà‚ñà‚ñà‚ñà‚ñà‚ñà‚ñà‚ñà                 | 266kB 20.8MB/s eta 0:00:01[K    48% |‚ñà‚ñà‚ñà‚ñà‚ñà‚ñà‚ñà‚ñà‚ñà‚ñà‚ñà‚ñà‚ñà‚ñà‚ñà‚ñã                | 276kB 21.0MB/s eta 0:00:01[K    50% |‚ñà‚ñà‚ñà‚ñà‚ñà‚ñà‚ñà‚ñà‚ñà‚ñà‚ñà‚ñà‚ñà‚ñà‚ñà‚ñà‚ñè               | 286kB 21.7MB/s eta 0:00:01[K    52% |‚ñà‚ñà‚ñà‚ñà‚ñà‚ñà‚ñà‚ñà‚ñà‚ñà‚ñà‚ñà‚ñà‚ñà‚ñà‚ñà‚ñä               | 296kB 19.2MB/s eta 0:00:01[K    54% |‚ñà‚ñà‚ñà‚ñà‚ñà‚ñà‚ñà‚ñà‚ñà‚ñà‚ñà‚ñà‚ñà‚ñà‚ñà‚ñà‚ñà‚ñé              | 307kB 21.0MB/s eta 0:00:01[K    55% |‚ñà‚ñà‚ñà‚ñà‚ñà‚ñà‚ñà‚ñà‚ñà‚ñà‚ñà‚ñà‚ñà‚ñà‚ñà‚ñà‚ñà‚ñà              | 317kB 22.0MB/s eta 0:00:01[K    57% |‚ñà‚ñà‚ñà‚ñà‚ñà‚ñà‚ñà‚ñà‚ñà‚ñà‚ñà‚ñà‚ñà‚ñà‚ñà‚ñà‚ñà‚ñà‚ñå             | 327kB 21.9MB/s eta 0:00:01[K    59% |‚ñà‚ñà‚ñà‚ñà‚ñà‚ñà‚ñà‚ñà‚ñà‚ñà‚ñà‚ñà‚ñà‚ñà‚ñà‚ñà‚ñà‚ñà‚ñà             | 337kB 22.2MB/s eta 0:00:01[K    61% |‚ñà‚ñà‚ñà‚ñà‚ñà‚ñà‚ñà‚ñà‚ñà‚ñà‚ñà‚ñà‚ñà‚ñà‚ñà‚ñà‚ñà‚ñà‚ñà‚ñã            | 348kB 25.7MB/s eta 0:00:01[K    63% |‚ñà‚ñà‚ñà‚ñà‚ñà‚ñà‚ñà‚ñà‚ñà‚ñà‚ñà‚ñà‚ñà‚ñà‚ñà‚ñà‚ñà‚ñà‚ñà‚ñà‚ñè           | 358kB 25.7MB/s eta 0:00:01[K    64% |‚ñà‚ñà‚ñà‚ñà‚ñà‚ñà‚ñà‚ñà‚ñà‚ñà‚ñà‚ñà‚ñà‚ñà‚ñà‚ñà‚ñà‚ñà‚ñà‚ñà‚ñâ           | 368kB 24.8MB/s eta 0:00:01[K    66% |‚ñà‚ñà‚ñà‚ñà‚ñà‚ñà‚ñà‚ñà‚ñà‚ñà‚ñà‚ñà‚ñà‚ñà‚ñà‚ñà‚ñà‚ñà‚ñà‚ñà‚ñà‚ñç          | 378kB 19.9MB/s eta 0:00:01[K    68% |‚ñà‚ñà‚ñà‚ñà‚ñà‚ñà‚ñà‚ñà‚ñà‚ñà‚ñà‚ñà‚ñà‚ñà‚ñà‚ñà‚ñà‚ñà‚ñà‚ñà‚ñà‚ñà          | 389kB 21.3MB/s eta 0:00:01[K    70% |‚ñà‚ñà‚ñà‚ñà‚ñà‚ñà‚ñà‚ñà‚ñà‚ñà‚ñà‚ñà‚ñà‚ñà‚ñà‚ñà‚ñà‚ñà‚ñà‚ñà‚ñà‚ñà‚ñå         | 399kB 24.6MB/s eta 0:00:01[K    72% |‚ñà‚ñà‚ñà‚ñà‚ñà‚ñà‚ñà‚ñà‚ñà‚ñà‚ñà‚ñà‚ñà‚ñà‚ñà‚ñà‚ñà‚ñà‚ñà‚ñà‚ñà‚ñà‚ñà         | 409kB 21.6MB/s eta 0:00:01[K    73% |‚ñà‚ñà‚ñà‚ñà‚ñà‚ñà‚ñà‚ñà‚ñà‚ñà‚ñà‚ñà‚ñà‚ñà‚ñà‚ñà‚ñà‚ñà‚ñà‚ñà‚ñà‚ñà‚ñà‚ñä        | 419kB 23.6MB/s eta 0:00:01[K    75% |‚ñà‚ñà‚ñà‚ñà‚ñà‚ñà‚ñà‚ñà‚ñà‚ñà‚ñà‚ñà‚ñà‚ñà‚ñà‚ñà‚ñà‚ñà‚ñà‚ñà‚ñà‚ñà‚ñà‚ñà‚ñé       | 430kB 23.3MB/s eta 0:00:01[K    77% |‚ñà‚ñà‚ñà‚ñà‚ñà‚ñà‚ñà‚ñà‚ñà‚ñà‚ñà‚ñà‚ñà‚ñà‚ñà‚ñà‚ñà‚ñà‚ñà‚ñà‚ñà‚ñà‚ñà‚ñà‚ñâ       | 440kB 23.0MB/s eta 0:00:01[K    79% |‚ñà‚ñà‚ñà‚ñà‚ñà‚ñà‚ñà‚ñà‚ñà‚ñà‚ñà‚ñà‚ñà‚ñà‚ñà‚ñà‚ñà‚ñà‚ñà‚ñà‚ñà‚ñà‚ñà‚ñà‚ñà‚ñç      | 450kB 24.6MB/s eta 0:00:01[K    81% |‚ñà‚ñà‚ñà‚ñà‚ñà‚ñà‚ñà‚ñà‚ñà‚ñà‚ñà‚ñà‚ñà‚ñà‚ñà‚ñà‚ñà‚ñà‚ñà‚ñà‚ñà‚ñà‚ñà‚ñà‚ñà‚ñà      | 460kB 24.2MB/s eta 0:00:01[K    82% |‚ñà‚ñà‚ñà‚ñà‚ñà‚ñà‚ñà‚ñà‚ñà‚ñà‚ñà‚ñà‚ñà‚ñà‚ñà‚ñà‚ñà‚ñà‚ñà‚ñà‚ñà‚ñà‚ñà‚ñà‚ñà‚ñà‚ñã     | 471kB 25.2MB/s eta 0:00:01[K    84% |‚ñà‚ñà‚ñà‚ñà‚ñà‚ñà‚ñà‚ñà‚ñà‚ñà‚ñà‚ñà‚ñà‚ñà‚ñà‚ñà‚ñà‚ñà‚ñà‚ñà‚ñà‚ñà‚ñà‚ñà‚ñà‚ñà‚ñà‚ñè    | 481kB 30.8MB/s eta 0:00:01[K    86% |‚ñà‚ñà‚ñà‚ñà‚ñà‚ñàÔøΩÔøΩÔøΩ‚ñà‚ñà‚ñà‚ñà‚ñà‚ñà‚ñà‚ñà‚ñà‚ñà‚ñà‚ñà‚ñà‚ñà‚ñà‚ñà‚ñà‚ñà‚ñà‚ñà‚ñä    | 491kB 30.5MB/s eta 0:00:01[K    88% |‚ñà‚ñà‚ñà‚ñà‚ñà‚ñà‚ñà‚ñà‚ñà‚ñà‚ñà‚ñà‚ñà‚ñà‚ñà‚ñà‚ñà‚ñà‚ñà‚ñà‚ñà‚ñà‚ñà‚ñà‚ñà‚ñà‚ñà‚ñà‚ñé   | 501kB 30.7MB/s eta 0:00:01[K    90% |‚ñà‚ñà‚ñà‚ñà‚ñà‚ñà‚ñà‚ñà‚ñà‚ñà‚ñà‚ñà‚ñà‚ñà‚ñà‚ñà‚ñà‚ñà‚ñà‚ñà‚ñà‚ñà‚ñà‚ñà‚ñà‚ñà‚ñà‚ñà‚ñâ   | 512kB 36.7MB/s eta 0:00:01[K    92% |‚ñà‚ñà‚ñà‚ñà‚ñà‚ñà‚ñà‚ñà‚ñà‚ñà‚ñà‚ñà‚ñà‚ñà‚ñà‚ñà‚ñà‚ñà‚ñà‚ñà‚ñà‚ñà‚ñà‚ñà‚ñà‚ñà‚ñà‚ñà‚ñà‚ñå  | 522kB 37.9MB/s eta 0:00:01[K    93% |‚ñà‚ñà‚ñà‚ñà‚ñà‚ñà‚ñà‚ñà‚ñà‚ñà‚ñà‚ñà‚ñà‚ñà‚ñà‚ñà‚ñà‚ñà‚ñà‚ñà‚ñà‚ñà‚ñà‚ñà‚ñà‚ñà‚ñà‚ñà‚ñà‚ñà  | 532kB 38.5MB/s eta 0:00:01[K    95% |‚ñà‚ñà‚ñà‚ñà‚ñà‚ñà‚ñà‚ñà‚ñà‚ñà‚ñà‚ñà‚ñà‚ñà‚ñà‚ñà‚ñà‚ñà‚ñà‚ñà‚ñà‚ñà‚ñà‚ñà‚ñà‚ñà‚ñà‚ñà‚ñà‚ñà‚ñã | 542kB 39.0MB/s eta 0:00:01[K    97% |‚ñà‚ñà‚ñà‚ñà‚ñà‚ñà‚ñà‚ñà‚ñà‚ñà‚ñà‚ñà‚ñà‚ñà‚ñà‚ñà‚ñà‚ñà‚ñà‚ñà‚ñà‚ñà‚ñà‚ñà‚ñà‚ñà‚ñà‚ñà‚ñà‚ñà‚ñà‚ñè| 552kB 40.0MB/s eta 0:00:01[K    99% |‚ñà‚ñà‚ñà‚ñà‚ñà‚ñà‚ñà‚ñà‚ñà‚ñà‚ñà‚ñà‚ñà‚ñà‚ñà‚ñà‚ñà‚ñà‚ñà‚ñà‚ñà‚ñà‚ñà‚ñà‚ñà‚ñà‚ñà‚ñà‚ñà‚ñà‚ñà‚ñä| 563kB 40.7MB/s eta 0:00:01[K    100% |‚ñà‚ñà‚ñà‚ñà‚ñà‚ñà‚ñà‚ñà‚ñà‚ñà‚ñà‚ñà‚ñà‚ñà‚ñà‚ñà‚ñà‚ñà‚ñà‚ñà‚ñà‚ñà‚ñà‚ñà‚ñà‚ñà‚ñà‚ñà‚ñà‚ñà‚ñà‚ñà| 573kB 23.4MB/s 
[?25hInstalling collected packages: setuptools
  Found existing installation: setuptools 38.5.1
    Uninstalling setuptools-38.5.1:
      Successfully uninstalled setuptools-38.5.1
Successfully installed setuptools-39.2.0
Collecting certifi==2017.11.5 (from -r /home/travis/build/asciimoo/searx/requirements.txt (line 1))
  Using cached https://files.pythonhosted.org/packages/29/9b/25ef61e948321296f029f53c9f67cc2b54e224db509eb67ce17e0df6044a/certifi-2017.11.5-py2.py3-none-any.whl
Collecting flask==0.12.2 (from -r /home/travis/build/asciimoo/searx/requirements.txt (line 2))
  Using cached https://files.pythonhosted.org/packages/77/32/e3597cb19ffffe724ad4bf0beca4153419918e7fa4ba6a34b04ee4da3371/Flask-0.12.2-py2.py3-none-any.whl
Collecting flask-babel==0.11.2 (from -r /home/travis/build/asciimoo/searx/requirements.txt (line 3))
  Using cached https://files.pythonhosted.org/packages/c6/1b/ce9253dc6a71ede1d7b19cd280f7a21219b47ac75005dd97bcfbdbe8eab9/Flask_Babel-0.11.2-py2.py3-none-any.whl
Collecting lxml==4.1.1 (from -r /home/travis/build/asciimoo/searx/requirements.txt (line 4))
  Using cached https://files.pythonhosted.org/packages/66/ed/01d1d2c9b318eb71d2eebfb77e80232ddae2389f13b52d4754fd3b16a7df/lxml-4.1.1-cp35-cp35m-manylinux1_x86_64.whl
Collecting idna==2.5 (from -r /home/travis/build/asciimoo/searx/requirements.txt (line 5))
  Using cached https://files.pythonhosted.org/packages/11/7d/9bbbd7bb35f34b0169542487d2a8859e44306bb2e6a4455d491800a5621f/idna-2.5-py2.py3-none-any.whl
Collecting pygments==2.1.3 (from -r /home/travis/build/asciimoo/searx/requirements.txt (line 6))
  Using cached https://files.pythonhosted.org/packages/9e/d0/d692085518c6a2dc875fe421c866fb6a08e0d9796ca507803c1e545fa116/Pygments-2.1.3-py2.py3-none-any.whl
Collecting pyopenssl==17.4.0 (from -r /home/travis/build/asciimoo/searx/requirements.txt (line 7))
  Using cached https://files.pythonhosted.org/packages/b7/45/0b83f445994da6ff803d7c3a5fa016afda3c965d0c48dafa8e0264a554e7/pyOpenSSL-17.4.0-py2.py3-none-any.whl
Collecting python-dateutil==2.6.1 (from -r /home/travis/build/asciimoo/searx/requirements.txt (line 8))
  Using cached https://files.pythonhosted.org/packages/4b/0d/7ed381ab4fe80b8ebf34411d14f253e1cf3e56e2820ffa1d8844b23859a2/python_dateutil-2.6.1-py2.py3-none-any.whl
Collecting pyyaml==3.12 (from -r /home/travis/build/asciimoo/searx/requirements.txt (line 9))
Collecting requests[socks]==2.18.4 (from -r /home/travis/build/asciimoo/searx/requirements.txt (line 10))
  Using cached https://files.pythonhosted.org/packages/49/df/50aa1999ab9bde74656c2919d9c0c085fd2b3775fd3eca826012bef76d8c/requests-2.18.4-py2.py3-none-any.whl
Collecting Jinja2>=2.4 (from flask==0.12.2->-r /home/travis/build/asciimoo/searx/requirements.txt (line 2))
  Using cached https://files.pythonhosted.org/packages/7f/ff/ae64bacdfc95f27a016a7bed8e8686763ba4d277a78ca76f32659220a731/Jinja2-2.10-py2.py3-none-any.whl
Collecting click>=2.0 (from flask==0.12.2->-r /home/travis/build/asciimoo/searx/requirements.txt (line 2))
  Using cached https://files.pythonhosted.org/packages/34/c1/8806f99713ddb993c5366c362b2f908f18269f8d792aff1abfd700775a77/click-6.7-py2.py3-none-any.whl
Collecting itsdangerous>=0.21 (from flask==0.12.2->-r /home/travis/build/asciimoo/searx/requirements.txt (line 2))
Collecting Werkzeug>=0.7 (from flask==0.12.2->-r /home/travis/build/asciimoo/searx/requirements.txt (line 2))
  Using cached https://files.pythonhosted.org/packages/20/c4/12e3e56473e52375aa29c4764e70d1b8f3efa6682bef8d0aae04fe335243/Werkzeug-0.14.1-py2.py3-none-any.whl
Collecting Babel>=2.3 (from flask-babel==0.11.2->-r /home/travis/build/asciimoo/searx/requirements.txt (line 3))
  Using cached https://files.pythonhosted.org/packages/94/03/14e68ad12e771a79cf96792f7158d68a7b3d8c7b2badf39e9ef1f65b57d6/Babel-2.5.3-py2.py3-none-any.whl
Requirement already satisfied: six>=1.5.2 in /home/travis/virtualenv/python3.5.5/lib/python3.5/site-packages (from pyopenssl==17.4.0->-r /home/travis/build/asciimoo/searx/requirements.txt (line 7)) (1.11.0)
Collecting cryptography>=1.9 (from pyopenssl==17.4.0->-r /home/travis/build/asciimoo/searx/requirements.txt (line 7))
  Using cached https://files.pythonhosted.org/packages/fa/f4/3cde3604972dfa2b0fea85b9711948bb4fb70ab64095322aef35071bd254/cryptography-2.2.2-cp34-abi3-manylinux1_x86_64.whl
Collecting urllib3<1.23,>=1.21.1 (from requests[socks]==2.18.4->-r /home/travis/build/asciimoo/searx/requirements.txt (line 10))
  Using cached https://files.pythonhosted.org/packages/63/cb/6965947c13a94236f6d4b8223e21beb4d576dc72e8130bd7880f600839b8/urllib3-1.22-py2.py3-none-any.whl
Collecting chardet<3.1.0,>=3.0.2 (from requests[socks]==2.18.4->-r /home/travis/build/asciimoo/searx/requirements.txt (line 10))
  Using cached https://files.pythonhosted.org/packages/bc/a9/01ffebfb562e4274b6487b4bb1ddec7ca55ec7510b22e4c51f14098443b8/chardet-3.0.4-py2.py3-none-any.whl
Collecting PySocks!=1.5.7,>=1.5.6; extra == "socks" (from requests[socks]==2.18.4->-r /home/travis/build/asciimoo/searx/requirements.txt (line 10))
Collecting MarkupSafe>=0.23 (from Jinja2>=2.4->flask==0.12.2->-r /home/travis/build/asciimoo/searx/requirements.txt (line 2))
Collecting pytz>=0a (from Babel>=2.3->flask-babel==0.11.2->-r /home/travis/build/asciimoo/searx/requirements.txt (line 3))
  Using cached https://files.pythonhosted.org/packages/dc/83/15f7833b70d3e067ca91467ca245bae0f6fe56ddc7451aa0dc5606b120f2/pytz-2018.4-py2.py3-none-any.whl
Collecting asn1crypto>=0.21.0 (from cryptography>=1.9->pyopenssl==17.4.0->-r /home/travis/build/asciimoo/searx/requirements.txt (line 7))
  Using cached https://files.pythonhosted.org/packages/ea/cd/35485615f45f30a510576f1a56d1e0a7ad7bd8ab5ed7cdc600ef7cd06222/asn1crypto-0.24.0-py2.py3-none-any.whl
Collecting cffi>=1.7; platform_python_implementation != "PyPy" (from cryptography>=1.9->pyopenssl==17.4.0->-r /home/travis/build/asciimoo/searx/requirements.txt (line 7))
  Using cached https://files.pythonhosted.org/packages/59/cc/0e1635b4951021ef35f5c92b32c865ae605fac2a19d724fb6ff99d745c81/cffi-1.11.5-cp35-cp35m-manylinux1_x86_64.whl
Collecting pycparser (from cffi>=1.7; platform_python_implementation != "PyPy"->cryptography>=1.9->pyopenssl==17.4.0->-r /home/travis/build/asciimoo/searx/requirements.txt (line 7))
Installing collected packages: certifi, MarkupSafe, Jinja2, click, itsdangerous, Werkzeug, flask, pytz, Babel, flask-babel, lxml, idna, pygments, asn1crypto, pycparser, cffi, cryptography, pyopenssl, python-dateutil, pyyaml, urllib3, chardet, PySocks, requests
Successfully installed Babel-2.5.3 Jinja2-2.10 MarkupSafe-1.0 PySocks-1.6.8 Werkzeug-0.14.1 asn1crypto-0.24.0 certifi-2017.11.5 cffi-1.11.5 chardet-3.0.4 click-6.7 cryptography-2.2.2 flask-0.12.2 flask-babel-0.11.2 idna-2.5 itsdangerous-0.24 lxml-4.1.1 pycparser-2.18 pygments-2.1.3 pyopenssl-17.4.0 python-dateutil-2.6.1 pytz-2018.4 pyyaml-3.12 requests-2.18.4 urllib3-1.22
Collecting babel==2.3.4 (from -r /home/travis/build/asciimoo/searx/requirements-dev.txt (line 1))
  Using cached https://files.pythonhosted.org/packages/b4/ec/acd307eac2e23f9cab1c8bdbe29b3b1d43215e31c32f8aa91b3a97925b5b/Babel-2.3.4-py2.py3-none-any.whl
Requirement already satisfied: mock==2.0.0 in /home/travis/virtualenv/python3.5.5/lib/python3.5/site-packages (from -r /home/travis/build/asciimoo/searx/requirements-dev.txt (line 2)) (2.0.0)
Collecting nose2[coverage-plugin] (from -r /home/travis/build/asciimoo/searx/requirements-dev.txt (line 3))
[33m  nose2 0.7.4 does not provide the extra 'coverage-plugin'[0m
Collecting cov-core==1.15.0 (from -r /home/travis/build/asciimoo/searx/requirements-dev.txt (line 4))
Collecting pep8==1.7.0 (from -r /home/travis/build/asciimoo/searx/requirements-dev.txt (line 5))
  Using cached https://files.pythonhosted.org/packages/8a/cb/7d0fdca7e03f997945fb1bd60a8ddfea5c51229b865c470b4f7a64619d20/pep8-1.7.0-py2.py3-none-any.whl
Collecting plone.testing==5.0.0 (from -r /home/travis/build/asciimoo/searx/requirements-dev.txt (line 6))
Collecting splinter==0.7.5 (from -r /home/travis/build/asciimoo/searx/requirements-dev.txt (line 7))
Collecting transifex-client==0.12.2 (from -r /home/travis/build/asciimoo/searx/requirements-dev.txt (line 8))
Collecting unittest2==1.1.0 (from -r /home/travis/build/asciimoo/searx/requirements-dev.txt (line 9))
  Using cached https://files.pythonhosted.org/packages/72/20/7f0f433060a962200b7272b8c12ba90ef5b903e218174301d0abfd523813/unittest2-1.1.0-py2.py3-none-any.whl
Collecting zope.testrunner==4.5.1 (from -r /home/travis/build/asciimoo/searx/requirements-dev.txt (line 10))
Collecting selenium==3.5.0 (from -r /home/travis/build/asciimoo/searx/requirements-dev.txt (line 11))
  Using cached https://files.pythonhosted.org/packages/42/29/36ca3fc503bebcf9daefe7dbda1a058dcabe4d1f1156fce2153a3dd3fd1c/selenium-3.5.0-py2.py3-none-any.whl
Requirement already satisfied: pytz>=0a in /home/travis/virtualenv/python3.5.5/lib/python3.5/site-packages (from babel==2.3.4->-r /home/travis/build/asciimoo/searx/requirements-dev.txt (line 1)) (2018.4)
Requirement already satisfied: six>=1.9 in /home/travis/virtualenv/python3.5.5/lib/python3.5/site-packages (from mock==2.0.0->-r /home/travis/build/asciimoo/searx/requirements-dev.txt (line 2)) (1.11.0)
Requirement already satisfied: pbr>=0.11 in /home/travis/virtualenv/python3.5.5/lib/python3.5/site-packages (from mock==2.0.0->-r /home/travis/build/asciimoo/searx/requirements-dev.txt (line 2)) (3.1.1)
Collecting coverage>=4.4.1 (from nose2[coverage-plugin]->-r /home/travis/build/asciimoo/searx/requirements-dev.txt (line 3))
  Using cached https://files.pythonhosted.org/packages/2c/c0/8047b7cbbcdbd7d21f8d68126196b7915da892c5af3d1a99dba082d33ec0/coverage-4.5.1-cp35-cp35m-manylinux1_x86_64.whl
Requirement already satisfied: setuptools in /home/travis/virtualenv/python3.5.5/lib/python3.5/site-packages (from plone.testing==5.0.0->-r /home/travis/build/asciimoo/searx/requirements-dev.txt (line 6)) (39.2.0)
Collecting zope.testing (from plone.testing==5.0.0->-r /home/travis/build/asciimoo/searx/requirements-dev.txt (line 6))
  Using cached https://files.pythonhosted.org/packages/fc/b7/93e6a116a4e88a4879a310a7cb0e99328f88366068806a6e47c3db68e163/zope.testing-4.6.2-py2.py3-none-any.whl
Requirement already satisfied: urllib3 in /home/travis/virtualenv/python3.5.5/lib/python3.5/site-packages (from transifex-client==0.12.2->-r /home/travis/build/asciimoo/searx/requirements-dev.txt (line 8)) (1.22)
Collecting traceback2 (from unittest2==1.1.0->-r /home/travis/build/asciimoo/searx/requirements-dev.txt (line 9))
  Using cached https://files.pythonhosted.org/packages/17/0a/6ac05a3723017a967193456a2efa0aa9ac4b51456891af1e2353bb9de21e/traceback2-1.4.0-py2.py3-none-any.whl
Collecting argparse (from unittest2==1.1.0->-r /home/travis/build/asciimoo/searx/requirements-dev.txt (line 9))
  Using cached https://files.pythonhosted.org/packages/f2/94/3af39d34be01a24a6e65433d19e107099374224905f1e0cc6bbe1fd22a2f/argparse-1.4.0-py2.py3-none-any.whl
Collecting zope.exceptions (from zope.testrunner==4.5.1->-r /home/travis/build/asciimoo/searx/requirements-dev.txt (line 10))
  Using cached https://files.pythonhosted.org/packages/ad/9e/301f4fc746d291e4fbbb471cd751e1fca68182ee01e6a07b7b1b29d5a285/zope.exceptions-4.2.0-py2.py3-none-any.whl
Collecting zope.interface (from zope.testrunner==4.5.1->-r /home/travis/build/asciimoo/searx/requirements-dev.txt (line 10))
Collecting linecache2 (from traceback2->unittest2==1.1.0->-r /home/travis/build/asciimoo/searx/requirements-dev.txt (line 9))
  Using cached https://files.pythonhosted.org/packages/c7/a3/c5da2a44c85bfbb6eebcfc1dde24933f8704441b98fdde6528f4831757a6/linecache2-1.0.0-py2.py3-none-any.whl
Installing collected packages: babel, coverage, nose2, cov-core, pep8, zope.testing, plone.testing, selenium, splinter, transifex-client, linecache2, traceback2, argparse, unittest2, zope.interface, zope.exceptions, zope.testrunner
  Found existing installation: Babel 2.5.3
    Uninstalling Babel-2.5.3:
      Successfully uninstalled Babel-2.5.3
Successfully installed argparse-1.4.0 babel-2.3.4 cov-core-1.15.0 coverage-4.5.1 linecache2-1.0.0 nose2-0.7.4 pep8-1.7.0 plone.testing-5.0.0 selenium-3.5.0 splinter-0.7.5 traceback2-1.4.0 transifex-client-0.12.2 unittest2-1.1.0 zope.exceptions-4.2.0 zope.interface-4.5.0 zope.testing-4.6.2 zope.testrunner-4.5.1

travis_time:end:01720e40:start=1526916543053777223,finish=1526916559991277035,duration=16937499812[0Ktravis_fold:end:install.4[0Ktravis_fold:start:install.5[0Ktravis_time:start:1eb00ade[0K$ pip install codecov
Collecting codecov
  Using cached https://files.pythonhosted.org/packages/8b/28/4c1950a61c3c5786f0f34d643d0d28ec832433c9a7c0bd157690d4eb1d5f/codecov-2.0.15-py2.py3-none-any.whl
Requirement already satisfied: requests>=2.7.9 in /home/travis/virtualenv/python3.5.5/lib/python3.5/site-packages (from codecov) (2.18.4)
Requirement already satisfied: coverage in /home/travis/virtualenv/python3.5.5/lib/python3.5/site-packages (from codecov) (4.5.1)
Requirement already satisfied: idna<2.7,>=2.5 in /home/travis/virtualenv/python3.5.5/lib/python3.5/site-packages (from requests>=2.7.9->codecov) (2.5)
Requirement already satisfied: certifi>=2017.4.17 in /home/travis/virtualenv/python3.5.5/lib/python3.5/site-packages (from requests>=2.7.9->codecov) (2017.11.5)
Requirement already satisfied: chardet<3.1.0,>=3.0.2 in /home/travis/virtualenv/python3.5.5/lib/python3.5/site-packages (from requests>=2.7.9->codecov) (3.0.4)
Requirement already satisfied: urllib3<1.23,>=1.21.1 in /home/travis/virtualenv/python3.5.5/lib/python3.5/site-packages (from requests>=2.7.9->codecov) (1.22)
Installing collected packages: codecov
Successfully installed codecov-2.0.15

travis_time:end:1eb00ade:start=1526916559997490277,finish=1526916561088465461,duration=1090975184[0Ktravis_fold:end:install.5[0Ktravis_time:start:080f332f[0K$ ./manage.sh styles
[!] Building legacy style
[!] Building courgette style
[!] Building pix-art style
[!] Building bootstrap style

travis_time:end:080f332f:start=1526916561094683260,finish=1526916564148093625,duration=3053410365[0K
[32;1mThe command "./manage.sh styles" exited with 0.[0m
travis_time:start:02e51ab2[0K$ ./manage.sh grunt_build
[!] Grunt build : oscar theme
[4mRunning "jshint:files" (jshint) task[24m
[32m>> [39m5 files lint free.

[4mRunning "concat:dist" (concat) task[24m
File [36mjs/searx.js[39m created.

[4mRunning "uglify:dist" (uglify) task[24m
[32m>> [39m1 file created.

[4mRunning "less:development" (less) task[24m
File [36mcss/pointhi.css[39m created: [32m0 B[39m ‚Üí [32m10.1 kB[39m
File [36mcss/logicodev.css[39m created: [32m0 B[39m ‚Üí [32m17.6 kB[39m
File [36mcss/logicodev-dark.css[39m created: [32m0 B[39m ‚Üí [32m13.39 kB[39m

[4mRunning "less:production" (less) task[24m
File [36mcss/pointhi.min.css[39m created: [32m10.1 kB[39m ‚Üí [32m6.9 kB[39m
File [36mcss/logicodev.min.css[39m created: [32m13.39 kB[39m ‚Üí [32m9.73 kB[39m
File [36mcss/logicodev-dark.min.css[39m created: [32m17.6 kB[39m ‚Üí [32m13.14 kB[39m

[32mDone, without errors.[39m
[!] Grunt build : simple theme
[4mRunning "jshint:files" (jshint) task[24m
[32m>> [39m6 files lint free.

[4mRunning "concat:dist" (concat) task[24m

[4mRunning "uglify:dist" (uglify) task[24m
[32m>> [39m1 sourcemap created.
[32m>> [39m1 file created [2m[32m50.75 kB[39m ‚Üí [32m22.56 kB[39m[22m

[4mRunning "less:development" (less) task[24m
[32m>> [39m2 stylesheets created.

[4mRunning "less:production" (less) task[24m
[32m>> [39m2 stylesheets created.

[32mDone.[39m

travis_time:end:02e51ab2:start=1526916564154695772,finish=1526916567636137708,duration=3481441936[0K
[32;1mThe command "./manage.sh grunt_build" exited with 0.[0m
travis_time:start:0f6c9728[0K$ ./manage.sh tests
[!] Running pep8 check
[!] Running unit tests
WARNING:searx:You are using an old openssl version(OpenSSL 1.0.1f 6 Jan 2014), please upgrade above 1.0.2!
..............................................................................................FF....................................................................................................................................
======================================================================
FAIL: test_request (tests.unit.engines.test_piratebay.TestPiratebayEngine)
----------------------------------------------------------------------
Traceback (most recent call last):
  File "/home/travis/build/asciimoo/searx/tests/unit/engines/test_piratebay.py", line 18, in test_request
    self.assertIn('piratebay.se', params['url'])
AssertionError: 'piratebay.se' not found in 'https://thepiratebay.org/search/test_query/0/99/0'

======================================================================
FAIL: test_response (tests.unit.engines.test_piratebay.TestPiratebayEngine)
----------------------------------------------------------------------
Traceback (most recent call last):
  File "/home/travis/build/asciimoo/searx/tests/unit/engines/test_piratebay.py", line 102, in test_response
    self.assertEqual(results[0]['url'], 'https://thepiratebay.se/this.is.the.link')
AssertionError: 'https://thepiratebay.org/this.is.the.link' != 'https://thepiratebay.se/this.is.the.link'
- https://thepiratebay.org/this.is.the.link
?                      ^^^
+ https://thepiratebay.se/this.is.the.link
?                      ^^


----------------------------------------------------------------------
Ran 228 tests in 3.242s

FAILED (failures=2)

travis_time:end:0f6c9728:start=1526916567643244891,finish=1526916579595673261,duration=11952428370[0K
[31;1mThe command "./manage.sh tests" exited with 1.[0m
travis_fold:start:cache.2[0Kstore build cache
travis_time:start:0517632c[0K
travis_time:end:0517632c:start=1526916579602507370,finish=1526916579607731651,duration=5224281[0Ktravis_time:start:0546448e[0K[32;1mchange detected (content changed, file is created, or file is deleted):
/home/travis/.cache/pip/http/0/4/1/8/c/0418c83b80f7f7bfaec2738bfbbee53d2c1562196c0781702f6eddc8
/home/travis/.cache/pip/http/0/5/7/9/b/0579bdc4095f4accdfbac001728db3ddc4c08beb834d905f4f7427b9
/home/travis/.cache/pip/http/0/c/f/1/b/0cf1b278affade27d9639cce08c4fa9502baa854c6301881f7127f9c
/home/travis/.cache/pip/http/1/e/6/f/2/1e6f2fa1119d47b853219feb91c3867d411e0c8c02476d1e769171e8
/home/travis/.cache/pip/http/2/9/e/8/9/29e896b889b2362e73d17e9c78d72d774b46b80ebfa3c644d4087f84
/home/travis/.cache/pip/http/3/1/9/1/9/3191936b1ef9631f7f6c2df2dea4465fc7e3affac49bc59f146eed3d
/home/travis/.cache/pip/http/3/6/1/b/f/361bf053ab706a1212f013301d35a0c4b0af9cd8cc559d24c73d6a6f
/home/travis/.cache/pip/http/4/5/9/7/6/45976c194ebb9180bf7410d422bcad653ce13bcb64dda0d07d72b09d
/home/travis/.cache/pip/http/4/8/0/d/6/480d6f7ef777fd4fe0178a90255bde2c80a7d6807db13d9efb77f8d8
/home/travis/.cache/pip/http/4/b/e/0/7/4be07d3ac353e38d2c9e3a257cad36ee2a758fc88b4cd5f0d479a5a9
/home/travis/.cache/pip/http/5/5/1/1/e/55
[0m
[32;1m...
[0m
[32;1mchanges detected, packing new archive[0m
[32;1muploading archive[0m

travis_time:end:0546448e:start=1526916579613838675,finish=1526916587545363734,duration=7931525059[0Ktravis_fold:end:cache.2[0K
Done. Your build exited with 1.
