Using worker: worker-linux-docker-d8ecc821.prod.travis-ci.org:travis-linux-6

travis_fold:start:system_info[0K[33;1mBuild system information[0m
Build language: python
Build group: stable
Build dist: precise
[34m[1mBuild image provisioning date and time[0m
Thu Feb  5 15:09:33 UTC 2015
[34m[1mOperating System Details[0m
Distributor ID:	Ubuntu
Description:	Ubuntu 12.04.5 LTS
Release:	12.04
Codename:	precise
[34m[1mLinux Version[0m
3.13.0-29-generic
[34m[1mCookbooks Version[0m
a68419e https://github.com/travis-ci/travis-cookbooks/tree/a68419e
[34m[1mGCC version[0m
gcc (Ubuntu/Linaro 4.6.3-1ubuntu5) 4.6.3
Copyright (C) 2011 Free Software Foundation, Inc.
This is free software; see the source for copying conditions.  There is NO
warranty; not even for MERCHANTABILITY or FITNESS FOR A PARTICULAR PURPOSE.

[34m[1mLLVM version[0m
clang version 3.4 (tags/RELEASE_34/final)
Target: x86_64-unknown-linux-gnu
Thread model: posix
[34m[1mPre-installed Ruby versions[0m
ruby-1.9.3-p551
[34m[1mPre-installed Node.js versions[0m
v0.10.36
[34m[1mPre-installed Go versions[0m
1.4.1
[34m[1mRedis version[0m
redis-server 2.8.19
[34m[1mriak version[0m
2.0.2
[34m[1mMongoDB version[0m
MongoDB 2.4.12
[34m[1mCouchDB version[0m
couchdb 1.6.1
[34m[1mNeo4j version[0m
1.9.4
[34m[1mRabbitMQ Version[0m
3.4.3
[34m[1mElasticSearch version[0m
1.4.0
[34m[1mInstalled Sphinx versions[0m
2.0.10
2.1.9
2.2.6
[34m[1mDefault Sphinx version[0m
2.2.6
[34m[1mInstalled Firefox version[0m
firefox 31.0esr
[34m[1mPhantomJS version[0m
1.9.8
[34m[1mant -version[0m
Apache Ant(TM) version 1.8.2 compiled on December 3 2011
[34m[1mmvn -version[0m
Apache Maven 3.2.5 (12a6b3acb947671f09b81f49094c53f426d8cea1; 2014-12-14T17:29:23+00:00)
Maven home: /usr/local/maven
Java version: 1.7.0_76, vendor: Oracle Corporation
Java home: /usr/lib/jvm/java-7-oracle/jre
Default locale: en_US, platform encoding: ANSI_X3.4-1968
OS name: "linux", version: "3.13.0-29-generic", arch: "amd64", family: "unix"
travis_fold:end:system_info[0K
travis_fold:start:fix.CVE-2015-7547[0K$ export DEBIAN_FRONTEND=noninteractive
W: Size of file /var/lib/apt/lists/us.archive.ubuntu.com_ubuntu_dists_precise-backports_multiverse_source_Sources.gz is not what the server reported 5886 5888
W: Size of file /var/lib/apt/lists/ppa.launchpad.net_ubuntugis_ppa_ubuntu_dists_precise_main_binary-amd64_Packages.gz is not what the server reported 36669 36677
W: Size of file /var/lib/apt/lists/ppa.launchpad.net_ubuntugis_ppa_ubuntu_dists_precise_main_binary-i386_Packages.gz is not what the server reported 36729 36733
Reading package lists...
Building dependency tree...
Reading state information...
The following extra packages will be installed:
  libc-bin libc-dev-bin libc6-dev
Suggested packages:
  glibc-doc
The following packages will be upgraded:
  libc-bin libc-dev-bin libc6 libc6-dev
4 upgraded, 0 newly installed, 0 to remove and 209 not upgraded.
Need to get 8,844 kB of archives.
After this operation, 9,216 B disk space will be freed.
Get:1 http://us.archive.ubuntu.com/ubuntu/ precise-updates/main libc6-dev amd64 2.15-0ubuntu10.13 [2,943 kB]
Get:2 http://us.archive.ubuntu.com/ubuntu/ precise-updates/main libc-dev-bin amd64 2.15-0ubuntu10.13 [84.7 kB]
Get:3 http://us.archive.ubuntu.com/ubuntu/ precise-updates/main libc-bin amd64 2.15-0ubuntu10.13 [1,179 kB]
Get:4 http://us.archive.ubuntu.com/ubuntu/ precise-updates/main libc6 amd64 2.15-0ubuntu10.13 [4,637 kB]
Fetched 8,844 kB in 0s (30.0 MB/s)
Preconfiguring packages ...
(Reading database ... (Reading database ... 5%(Reading database ... 10%(Reading database ... 15%(Reading database ... 20%(Reading database ... 25%(Reading database ... 30%(Reading database ... 35%(Reading database ... 40%(Reading database ... 45%(Reading database ... 50%(Reading database ... 55%(Reading database ... 60%(Reading database ... 65%(Reading database ... 70%(Reading database ... 75%(Reading database ... 80%(Reading database ... 85%(Reading database ... 90%(Reading database ... 95%(Reading database ... 100%(Reading database ... 72431 files and directories currently installed.)
Preparing to replace libc6-dev 2.15-0ubuntu10.10 (using .../libc6-dev_2.15-0ubuntu10.13_amd64.deb) ...
Unpacking replacement libc6-dev ...
Preparing to replace libc-dev-bin 2.15-0ubuntu10.10 (using .../libc-dev-bin_2.15-0ubuntu10.13_amd64.deb) ...
Unpacking replacement libc-dev-bin ...
Preparing to replace libc-bin 2.15-0ubuntu10.10 (using .../libc-bin_2.15-0ubuntu10.13_amd64.deb) ...
Unpacking replacement libc-bin ...
Processing triggers for man-db ...
Setting up libc-bin (2.15-0ubuntu10.13) ...
(Reading database ... (Reading database ... 5%(Reading database ... 10%(Reading database ... 15%(Reading database ... 20%(Reading database ... 25%(Reading database ... 30%(Reading database ... 35%(Reading database ... 40%(Reading database ... 45%(Reading database ... 50%(Reading database ... 55%(Reading database ... 60%(Reading database ... 65%(Reading database ... 70%(Reading database ... 75%(Reading database ... 80%(Reading database ... 85%(Reading database ... 90%(Reading database ... 95%(Reading database ... 100%(Reading database ... 72431 files and directories currently installed.)
Preparing to replace libc6 2.15-0ubuntu10.10 (using .../libc6_2.15-0ubuntu10.13_amd64.deb) ...
Unpacking replacement libc6 ...
Setting up libc6 (2.15-0ubuntu10.13) ...
Setting up libc-dev-bin (2.15-0ubuntu10.13) ...
Setting up libc6-dev (2.15-0ubuntu10.13) ...
Processing triggers for libc-bin ...
ldconfig deferred processing now taking place
travis_fold:end:fix.CVE-2015-7547[0Ktravis_fold:start:git.checkout[0Ktravis_time:start:03537450[0K$ git clone --depth=50 --branch=develop https://github.com/bwhmather/verktyg.git bwhmather/verktyg
Cloning into 'bwhmather/verktyg'...
remote: Counting objects: 333, done.[K
remote: Compressing objects:   0% (1/178)   [Kremote: Compressing objects:   1% (2/178)   [Kremote: Compressing objects:   2% (4/178)   [Kremote: Compressing objects:   3% (6/178)   [Kremote: Compressing objects:   4% (8/178)   [Kremote: Compressing objects:   5% (9/178)   [Kremote: Compressing objects:   6% (11/178)   [Kremote: Compressing objects:   7% (13/178)   [Kremote: Compressing objects:   8% (15/178)   [Kremote: Compressing objects:   9% (17/178)   [Kremote: Compressing objects:  10% (18/178)   [Kremote: Compressing objects:  11% (20/178)   [Kremote: Compressing objects:  12% (22/178)   [Kremote: Compressing objects:  13% (24/178)   [Kremote: Compressing objects:  14% (25/178)   [Kremote: Compressing objects:  15% (27/178)   [Kremote: Compressing objects:  16% (29/178)   [Kremote: Compressing objects:  17% (31/178)   [Kremote: Compressing objects:  18% (33/178)   [Kremote: Compressing objects:  19% (34/178)   [Kremote: Compressing objects:  20% (36/178)   [Kremote: Compressing objects:  21% (38/178)   [Kremote: Compressing objects:  22% (40/178)   [Kremote: Compressing objects:  23% (41/178)   [Kremote: Compressing objects:  24% (43/178)   [Kremote: Compressing objects:  25% (45/178)   [Kremote: Compressing objects:  26% (47/178)   [Kremote: Compressing objects:  27% (49/178)   [Kremote: Compressing objects:  28% (50/178)   [Kremote: Compressing objects:  29% (52/178)   [Kremote: Compressing objects:  30% (54/178)   [Kremote: Compressing objects:  31% (56/178)   [Kremote: Compressing objects:  32% (57/178)   [Kremote: Compressing objects:  33% (59/178)   [Kremote: Compressing objects:  34% (61/178)   [Kremote: Compressing objects:  35% (63/178)   [Kremote: Compressing objects:  36% (65/178)   [Kremote: Compressing objects:  37% (66/178)   [Kremote: Compressing objects:  38% (68/178)   [Kremote: Compressing objects:  39% (70/178)   [Kremote: Compressing objects:  40% (72/178)   [Kremote: Compressing objects:  41% (73/178)   [Kremote: Compressing objects:  42% (75/178)   [Kremote: Compressing objects:  43% (77/178)   [Kremote: Compressing objects:  44% (79/178)   [Kremote: Compressing objects:  45% (81/178)   [Kremote: Compressing objects:  46% (82/178)   [Kremote: Compressing objects:  47% (84/178)   [Kremote: Compressing objects:  48% (86/178)   [Kremote: Compressing objects:  49% (88/178)   [Kremote: Compressing objects:  50% (89/178)   [Kremote: Compressing objects:  51% (91/178)   [Kremote: Compressing objects:  52% (93/178)   [Kremote: Compressing objects:  53% (95/178)   [Kremote: Compressing objects:  54% (97/178)   [Kremote: Compressing objects:  55% (98/178)   [Kremote: Compressing objects:  56% (100/178)   [Kremote: Compressing objects:  57% (102/178)   [Kremote: Compressing objects:  58% (104/178)   [Kremote: Compressing objects:  59% (106/178)   [Kremote: Compressing objects:  60% (107/178)   [Kremote: Compressing objects:  61% (109/178)   [Kremote: Compressing objects:  62% (111/178)   [Kremote: Compressing objects:  63% (113/178)   [Kremote: Compressing objects:  64% (114/178)   [Kremote: Compressing objects:  65% (116/178)   [Kremote: Compressing objects:  66% (118/178)   [Kremote: Compressing objects:  67% (120/178)   [Kremote: Compressing objects:  68% (122/178)   [Kremote: Compressing objects:  69% (123/178)   [Kremote: Compressing objects:  70% (125/178)   [Kremote: Compressing objects:  71% (127/178)   [Kremote: Compressing objects:  72% (129/178)   [Kremote: Compressing objects:  73% (130/178)   [Kremote: Compressing objects:  74% (132/178)   [Kremote: Compressing objects:  75% (134/178)   [Kremote: Compressing objects:  76% (136/178)   [Kremote: Compressing objects:  77% (138/178)   [Kremote: Compressing objects:  78% (139/178)   [Kremote: Compressing objects:  79% (141/178)   [Kremote: Compressing objects:  80% (143/178)   [Kremote: Compressing objects:  81% (145/178)   [Kremote: Compressing objects:  82% (146/178)   [Kremote: Compressing objects:  83% (148/178)   [Kremote: Compressing objects:  84% (150/178)   [Kremote: Compressing objects:  85% (152/178)   [Kremote: Compressing objects:  86% (154/178)   [Kremote: Compressing objects:  87% (155/178)   [Kremote: Compressing objects:  88% (157/178)   [Kremote: Compressing objects:  89% (159/178)   [Kremote: Compressing objects:  90% (161/178)   [Kremote: Compressing objects:  91% (162/178)   [Kremote: Compressing objects:  92% (164/178)   [Kremote: Compressing objects:  93% (166/178)   [Kremote: Compressing objects:  94% (168/178)   [Kremote: Compressing objects:  95% (170/178)   [Kremote: Compressing objects:  96% (171/178)   [Kremote: Compressing objects:  97% (173/178)   [Kremote: Compressing objects:  98% (175/178)   [Kremote: Compressing objects:  99% (177/178)   [Kremote: Compressing objects: 100% (178/178)   [Kremote: Compressing objects: 100% (178/178), done.[K
Receiving objects:   0% (1/333)   Receiving objects:   1% (4/333)   Receiving objects:   2% (7/333)   Receiving objects:   3% (10/333)   Receiving objects:   4% (14/333)   Receiving objects:   5% (17/333)   Receiving objects:   6% (20/333)   Receiving objects:   7% (24/333)   Receiving objects:   8% (27/333)   Receiving objects:   9% (30/333)   Receiving objects:  10% (34/333)   Receiving objects:  11% (37/333)   Receiving objects:  12% (40/333)   Receiving objects:  13% (44/333)   Receiving objects:  14% (47/333)   Receiving objects:  15% (50/333)   Receiving objects:  16% (54/333)   Receiving objects:  17% (57/333)   Receiving objects:  18% (60/333)   Receiving objects:  19% (64/333)   Receiving objects:  20% (67/333)   Receiving objects:  21% (70/333)   Receiving objects:  22% (74/333)   Receiving objects:  23% (77/333)   Receiving objects:  24% (80/333)   Receiving objects:  25% (84/333)   Receiving objects:  26% (87/333)   Receiving objects:  27% (90/333)   Receiving objects:  28% (94/333)   Receiving objects:  29% (97/333)   Receiving objects:  30% (100/333)   Receiving objects:  31% (104/333)   Receiving objects:  32% (107/333)   Receiving objects:  33% (110/333)   Receiving objects:  34% (114/333)   Receiving objects:  35% (117/333)   Receiving objects:  36% (120/333)   Receiving objects:  37% (124/333)   Receiving objects:  38% (127/333)   Receiving objects:  39% (130/333)   Receiving objects:  40% (134/333)   remote: Total 333 (delta 221), reused 249 (delta 153), pack-reused 0[K
Receiving objects:  41% (137/333)   Receiving objects:  42% (140/333)   Receiving objects:  43% (144/333)   Receiving objects:  44% (147/333)   Receiving objects:  45% (150/333)   Receiving objects:  46% (154/333)   Receiving objects:  47% (157/333)   Receiving objects:  48% (160/333)   Receiving objects:  49% (164/333)   Receiving objects:  50% (167/333)   Receiving objects:  51% (170/333)   Receiving objects:  52% (174/333)   Receiving objects:  53% (177/333)   Receiving objects:  54% (180/333)   Receiving objects:  55% (184/333)   Receiving objects:  56% (187/333)   Receiving objects:  57% (190/333)   Receiving objects:  58% (194/333)   Receiving objects:  59% (197/333)   Receiving objects:  60% (200/333)   Receiving objects:  61% (204/333)   Receiving objects:  62% (207/333)   Receiving objects:  63% (210/333)   Receiving objects:  64% (214/333)   Receiving objects:  65% (217/333)   Receiving objects:  66% (220/333)   Receiving objects:  67% (224/333)   Receiving objects:  68% (227/333)   Receiving objects:  69% (230/333)   Receiving objects:  70% (234/333)   Receiving objects:  71% (237/333)   Receiving objects:  72% (240/333)   Receiving objects:  73% (244/333)   Receiving objects:  74% (247/333)   Receiving objects:  75% (250/333)   Receiving objects:  76% (254/333)   Receiving objects:  77% (257/333)   Receiving objects:  78% (260/333)   Receiving objects:  79% (264/333)   Receiving objects:  80% (267/333)   Receiving objects:  81% (270/333)   Receiving objects:  82% (274/333)   Receiving objects:  83% (277/333)   Receiving objects:  84% (280/333)   Receiving objects:  85% (284/333)   Receiving objects:  86% (287/333)   Receiving objects:  87% (290/333)   Receiving objects:  88% (294/333)   Receiving objects:  89% (297/333)   Receiving objects:  90% (300/333)   Receiving objects:  91% (304/333)   Receiving objects:  92% (307/333)   Receiving objects:  93% (310/333)   Receiving objects:  94% (314/333)   Receiving objects:  95% (317/333)   Receiving objects:  96% (320/333)   Receiving objects:  97% (324/333)   Receiving objects:  98% (327/333)   Receiving objects:  99% (330/333)   Receiving objects: 100% (333/333)   Receiving objects: 100% (333/333), 198.90 KiB | 0 bytes/s, done.
Resolving deltas:   0% (0/221)   Resolving deltas:   1% (3/221)   Resolving deltas:  23% (53/221)   Resolving deltas:  24% (54/221)   Resolving deltas:  26% (59/221)   Resolving deltas:  27% (61/221)   Resolving deltas:  33% (73/221)   Resolving deltas:  34% (77/221)   Resolving deltas:  35% (79/221)   Resolving deltas:  36% (81/221)   Resolving deltas:  38% (84/221)   Resolving deltas:  39% (88/221)   Resolving deltas:  42% (94/221)   Resolving deltas:  44% (98/221)   Resolving deltas:  47% (104/221)   Resolving deltas:  51% (113/221)   Resolving deltas:  59% (132/221)   Resolving deltas:  60% (134/221)   Resolving deltas:  62% (138/221)   Resolving deltas:  64% (143/221)   Resolving deltas:  65% (144/221)   Resolving deltas:  66% (146/221)   Resolving deltas:  67% (149/221)   Resolving deltas:  68% (151/221)   Resolving deltas:  69% (153/221)   Resolving deltas:  71% (158/221)   Resolving deltas:  75% (166/221)   Resolving deltas:  78% (173/221)   Resolving deltas:  91% (203/221)   Resolving deltas:  96% (213/221)   Resolving deltas:  97% (215/221)   Resolving deltas:  99% (219/221)   Resolving deltas: 100% (221/221)   Resolving deltas: 100% (221/221), done.
Checking connectivity... done.

travis_time:end:03537450:start=1456064828667063393,finish=1456064829055719753,duration=388656360[0K$ cd bwhmather/verktyg
$ git checkout -qf d257173553985279fee5f4768fb3d36c81ab2562
travis_fold:end:git.checkout[0K
[33;1mThis job is running on container-based infrastructure, which does not allow use of 'sudo', setuid and setguid executables.[0m
[33;1mIf you require sudo, add 'sudo: required' to your .travis.yml[0m
[33;1mSee https://docs.travis-ci.com/user/workers/container-based-infrastructure/ for details.[0m
travis_time:start:15f58bba[0K$ source ~/virtualenv/python3.4/bin/activate

travis_time:end:15f58bba:start=1456064831509761980,finish=1456064831513612280,duration=3850300[0K$ python --version
Python 3.4.2
$ pip --version
pip 6.0.7 from /home/travis/virtualenv/python3.4.2/lib/python3.4/site-packages (python 3.4)
travis_fold:start:install.1[0Ktravis_time:start:38a5cf20[0K$ pip install -e .
Obtaining file:///home/travis/build/bwhmather/verktyg
Collecting werkzeug<0.11,>=0.10 (from verktyg==0.8.6)
  Downloading Werkzeug-0.10.4-py2.py3-none-any.whl (293kB)
[?25l[K    1% |                                | 4.1kB 47.6MB/s eta 0:00:01[K    2% |                                | 8.2kB 28.7MB/s eta 0:00:01[K    4% |#                               | 12kB 28.9MB/s eta 0:00:01[K    5% |#                               | 16kB 26.5MB/s eta 0:00:01[K    6% |##                              | 20kB 27.2MB/s eta 0:00:01[K    8% |##                              | 24kB 27.4MB/s eta 0:00:01[K    9% |###                             | 28kB 28.0MB/s eta 0:00:01[K    11% |###                             | 32kB 4.3MB/s eta 0:00:01[K    12% |####                            | 36kB 4.8MB/s eta 0:00:01[K    13% |####                            | 40kB 5.2MB/s eta 0:00:01[K    15% |####                            | 45kB 5.2MB/s eta 0:00:01[K    16% |#####                           | 49kB 5.2MB/s eta 0:00:01[K    18% |#####                           | 53kB 5.2MB/s eta 0:00:01[K    19% |######                          | 57kB 5.2MB/s eta 0:00:01[K    20% |######                          | 61kB 5.2MB/s eta 0:00:01[K    22% |#######                         | 65kB 5.2MB/s eta 0:00:01[K    23% |#######                         | 69kB 5.2MB/s eta 0:00:01[K    25% |########                        | 73kB 28.4MB/s eta 0:00:01[K    26% |########                        | 77kB 28.9MB/s eta 0:00:01[K    27% |########                        | 81kB 5.0MB/s eta 0:00:01[K    29% |#########                       | 86kB 5.0MB/s eta 0:00:01[K    30% |#########                       | 90kB 5.0MB/s eta 0:00:01[K    32% |##########                      | 94kB 5.0MB/s eta 0:00:01[K    33% |##########                      | 98kB 5.0MB/s eta 0:00:01[K    34% |###########                     | 102kB 5.0MB/s eta 0:00:01[K    36% |###########                     | 106kB 5.0MB/s eta 0:00:01[K    37% |############                    | 110kB 5.0MB/s eta 0:00:01[K    39% |############                    | 114kB 5.0MB/s eta 0:00:01[K    40% |############                    | 118kB 5.0MB/s eta 0:00:01[K    41% |#############                   | 122kB 28.6MB/s eta 0:00:01[K    43% |#############                   | 126kB 28.7MB/s eta 0:00:01[K    44% |##############                  | 131kB 27.9MB/s eta 0:00:01[K    46% |##############                  | 135kB 27.9MB/s eta 0:00:01[K    47% |###############                 | 139kB 29.1MB/s eta 0:00:01[K    48% |###############                 | 143kB 29.1MB/s eta 0:00:01[K    50% |################                | 147kB 28.2MB/s eta 0:00:01[K    51% |################                | 151kB 28.2MB/s eta 0:00:01[K    53% |################                | 155kB 29.6MB/s eta 0:00:01[K    54% |#################               | 159kB 29.0MB/s eta 0:00:01[K    55% |#################               | 163kB 28.1MB/s eta 0:00:01[K    57% |##################              | 167kB 28.0MB/s eta 0:00:01[K    58% |##################              | 172kB 28.8MB/s eta 0:00:01[K    60% |###################             | 176kB 28.8MB/s eta 0:00:01[K    61% |###################             | 180kB 28.1MB/s eta 0:00:01[K    62% |####################            | 184kB 28.1MB/s eta 0:00:01[K    64% |####################            | 188kB 29.1MB/s eta 0:00:01[K    65% |#####################           | 192kB 29.2MB/s eta 0:00:01[K    67% |#####################           | 196kB 6.4MB/s eta 0:00:01[K    68% |#####################           | 200kB 6.4MB/s eta 0:00:01[K    69% |######################          | 204kB 6.5MB/s eta 0:00:01[K    71% |######################          | 208kB 6.5MB/s eta 0:00:01[K    72% |#######################         | 212kB 6.4MB/s eta 0:00:01[K    74% |#######################         | 217kB 6.4MB/s eta 0:00:01[K    75% |########################        | 221kB 6.5MB/s eta 0:00:01[K    76% |########################        | 225kB 6.5MB/s eta 0:00:01[K    78% |#########################       | 229kB 6.4MB/s eta 0:00:01[K    79% |#########################       | 233kB 6.4MB/s eta 0:00:01[K    81% |#########################       | 237kB 29.2MB/s eta 0:00:01[K    82% |##########################      | 241kB 29.4MB/s eta 0:00:01[K    83% |##########################      | 245kB 28.2MB/s eta 0:00:01[K    85% |###########################     | 249kB 28.2MB/s eta 0:00:01[K    86% |###########################     | 253kB 29.2MB/s eta 0:00:01[K    88% |############################    | 258kB 29.2MB/s eta 0:00:01[K    89% |############################    | 262kB 28.3MB/s eta 0:00:01[K    90% |#############################   | 266kB 28.3MB/s eta 0:00:01[K    92% |#############################   | 270kB 29.2MB/s eta 0:00:01[K    93% |#############################   | 274kB 29.3MB/s eta 0:00:01[K    95% |##############################  | 278kB 28.3MB/s eta 0:00:01[K    96% |##############################  | 282kB 28.3MB/s eta 0:00:01[K    97% |############################### | 286kB 29.7MB/s eta 0:00:01[K    99% |############################### | 290kB 29.8MB/s eta 0:00:01[K    100% |################################| 294kB 2.0MB/s 
[?25hInstalling collected packages: verktyg, werkzeug
  Running setup.py develop for verktyg
    Creating /home/travis/virtualenv/python3.4.2/lib/python3.4/site-packages/verktyg.egg-link (link to .)
    Adding verktyg 0.8.6 to easy-install.pth file
    Installed /home/travis/build/bwhmather/verktyg

Successfully installed verktyg werkzeug-0.10.4

travis_time:end:38a5cf20:start=1456064832105983817,finish=1456064833302934362,duration=1196950545[0Ktravis_fold:end:install.1[0Ktravis_fold:start:install.2[0Ktravis_time:start:22361059[0K$ pip install coveralls
Collecting coveralls
  Downloading coveralls-1.1-py2.py3-none-any.whl
Collecting coverage>=3.6 (from coveralls)
  Downloading coverage-4.0.3.tar.gz (354kB)
[?25l[K    1% |                                | 4.1kB 47.6MB/s eta 0:00:01[K    2% |                                | 8.2kB 29.8MB/s eta 0:00:01[K    3% |#                               | 12kB 29.8MB/s eta 0:00:01[K    4% |#                               | 16kB 2.8MB/s eta 0:00:01[K    5% |#                               | 20kB 3.4MB/s eta 0:00:01[K    6% |##                              | 24kB 4.0MB/s eta 0:00:01[K    8% |##                              | 28kB 4.6MB/s eta 0:00:01[K    9% |##                              | 32kB 5.1MB/s eta 0:00:01[K    10% |###                             | 36kB 5.6MB/s eta 0:00:01[K    11% |###                             | 40kB 6.1MB/s eta 0:00:01[K    12% |####                            | 45kB 6.0MB/s eta 0:00:01[K    13% |####                            | 49kB 6.1MB/s eta 0:00:01[K    15% |####                            | 53kB 6.1MB/s eta 0:00:01[K    16% |#####                           | 57kB 27.7MB/s eta 0:00:01[K    17% |#####                           | 61kB 27.9MB/s eta 0:00:01[K    18% |#####                           | 65kB 5.9MB/s eta 0:00:01[K    19% |######                          | 69kB 5.9MB/s eta 0:00:01[K    20% |######                          | 73kB 6.0MB/s eta 0:00:01[K    21% |#######                         | 77kB 6.0MB/s eta 0:00:01[K    23% |#######                         | 81kB 5.9MB/s eta 0:00:01[K    24% |#######                         | 86kB 5.9MB/s eta 0:00:01[K    25% |########                        | 90kB 6.0MB/s eta 0:00:01[K    26% |########                        | 94kB 6.0MB/s eta 0:00:01[K    27% |########                        | 98kB 5.9MB/s eta 0:00:01[K    28% |#########                       | 102kB 5.9MB/s eta 0:00:01[K    30% |#########                       | 106kB 28.0MB/s eta 0:00:01[K    31% |#########                       | 110kB 28.1MB/s eta 0:00:01[K    32% |##########                      | 114kB 27.4MB/s eta 0:00:01[K    33% |##########                      | 118kB 27.4MB/s eta 0:00:01[K    34% |###########                     | 122kB 28.7MB/s eta 0:00:01[K    35% |###########                     | 126kB 28.8MB/s eta 0:00:01[K    36% |###########                     | 131kB 27.9MB/s eta 0:00:01[K    38% |############                    | 135kB 28.0MB/s eta 0:00:01[K    39% |############                    | 139kB 28.9MB/s eta 0:00:01[K    40% |############                    | 143kB 29.5MB/s eta 0:00:01[K    41% |#############                   | 147kB 7.3MB/s eta 0:00:01[K    42% |#############                   | 151kB 7.3MB/s eta 0:00:01[K    43% |##############                  | 155kB 7.3MB/s eta 0:00:01[K    45% |##############                  | 159kB 7.3MB/s eta 0:00:01[K    46% |##############                  | 163kB 7.2MB/s eta 0:00:01[K    47% |###############                 | 167kB 7.2MB/s eta 0:00:01[K    48% |###############                 | 172kB 7.3MB/s eta 0:00:01[K    49% |###############                 | 176kB 7.3MB/s eta 0:00:01[K    50% |################                | 180kB 7.2MB/s eta 0:00:01[K    51% |################                | 184kB 7.2MB/s eta 0:00:01[K    53% |#################               | 188kB 28.5MB/s eta 0:00:01[K    54% |#################               | 192kB 28.7MB/s eta 0:00:01[K    55% |#################               | 196kB 27.5MB/s eta 0:00:01[K    56% |##################              | 200kB 27.5MB/s eta 0:00:01[K    57% |##################              | 204kB 28.6MB/s eta 0:00:01[K    58% |##################              | 208kB 28.6MB/s eta 0:00:01[K    60% |###################             | 212kB 27.0MB/s eta 0:00:01[K    61% |###################             | 217kB 27.0MB/s eta 0:00:01[K    62% |###################             | 221kB 28.6MB/s eta 0:00:01[K    63% |####################            | 225kB 28.7MB/s eta 0:00:01[K    64% |####################            | 229kB 27.8MB/s eta 0:00:01[K    65% |#####################           | 233kB 27.7MB/s eta 0:00:01[K    67% |#####################           | 237kB 28.9MB/s eta 0:00:01[K    68% |#####################           | 241kB 28.9MB/s eta 0:00:01[K    69% |######################          | 245kB 28.2MB/s eta 0:00:01[K    70% |######################          | 249kB 28.2MB/s eta 0:00:01[K    71% |######################          | 253kB 29.9MB/s eta 0:00:01[K    72% |#######################         | 258kB 29.9MB/s eta 0:00:01[K    73% |#######################         | 262kB 28.9MB/s eta 0:00:01[K    75% |########################        | 266kB 28.8MB/s eta 0:00:01[K    76% |########################        | 270kB 29.8MB/s eta 0:00:01[K    77% |########################        | 274kB 29.8MB/s eta 0:00:01[K    78% |#########################       | 278kB 28.9MB/s eta 0:00:01[K    79% |#########################       | 282kB 28.8MB/s eta 0:00:01[K    80% |#########################       | 286kB 29.7MB/s eta 0:00:01[K    82% |##########################      | 290kB 29.7MB/s eta 0:00:01[K    83% |##########################      | 294kB 28.8MB/s eta 0:00:01[K    84% |##########################      | 299kB 28.8MB/s eta 0:00:01[K    85% |###########################     | 303kB 29.5MB/s eta 0:00:01[K    86% |###########################     | 307kB 29.6MB/s eta 0:00:01[K    87% |############################    | 311kB 14.4MB/s eta 0:00:01[K    88% |############################    | 315kB 14.3MB/s eta 0:00:01[K    90% |############################    | 319kB 14.6MB/s eta 0:00:01[K    91% |#############################   | 323kB 14.6MB/s eta 0:00:01[K    92% |#############################   | 327kB 14.4MB/s eta 0:00:01[K    93% |#############################   | 331kB 14.4MB/s eta 0:00:01[K    94% |##############################  | 335kB 14.6MB/s eta 0:00:01[K    95% |##############################  | 339kB 14.6MB/s eta 0:00:01[K    97% |############################### | 344kB 14.5MB/s eta 0:00:01[K    98% |############################### | 348kB 14.5MB/s eta 0:00:01[K    99% |############################### | 352kB 29.8MB/s eta 0:00:01[K    100% |################################| 356kB 1.6MB/s 
[?25hCollecting requests>=1.0.0 (from coveralls)
  Downloading requests-2.9.1-py2.py3-none-any.whl (501kB)
[?25l[K    0% |                                | 4.1kB 49.2MB/s eta 0:00:01[K    1% |                                | 8.2kB 29.8MB/s eta 0:00:01[K    2% |                                | 12kB 29.5MB/s eta 0:00:01[K    3% |#                               | 16kB 26.1MB/s eta 0:00:01[K    4% |#                               | 20kB 26.8MB/s eta 0:00:01[K    4% |#                               | 24kB 27.3MB/s eta 0:00:01[K    5% |#                               | 28kB 27.9MB/s eta 0:00:01[K    6% |##                              | 32kB 27.1MB/s eta 0:00:01[K    7% |##                              | 36kB 27.5MB/s eta 0:00:01[K    8% |##                              | 40kB 27.8MB/s eta 0:00:01[K    8% |##                              | 45kB 27.0MB/s eta 0:00:01[K    9% |###                             | 49kB 27.3MB/s eta 0:00:01[K    10% |###                             | 53kB 27.5MB/s eta 0:00:01[K    11% |###                             | 57kB 29.1MB/s eta 0:00:01[K    12% |###                             | 61kB 29.2MB/s eta 0:00:01[K    13% |####                            | 65kB 28.4MB/s eta 0:00:01[K    13% |####                            | 69kB 28.4MB/s eta 0:00:01[K    14% |####                            | 73kB 29.3MB/s eta 0:00:01[K    15% |####                            | 77kB 29.5MB/s eta 0:00:01[K    16% |#####                           | 81kB 28.4MB/s eta 0:00:01[K    17% |#####                           | 86kB 28.5MB/s eta 0:00:01[K    17% |#####                           | 90kB 29.3MB/s eta 0:00:01[K    18% |######                          | 94kB 29.4MB/s eta 0:00:01[K    19% |######                          | 98kB 28.5MB/s eta 0:00:01[K    20% |######                          | 102kB 28.6MB/s eta 0:00:01[K    21% |######                          | 106kB 29.0MB/s eta 0:00:01[K    22% |#######                         | 110kB 29.0MB/s eta 0:00:01[K    22% |#######                         | 114kB 28.2MB/s eta 0:00:01[K    23% |#######                         | 118kB 28.2MB/s eta 0:00:01[K    24% |#######                         | 122kB 29.2MB/s eta 0:00:01[K    25% |########                        | 126kB 29.2MB/s eta 0:00:01[K    26% |########                        | 131kB 28.3MB/s eta 0:00:01[K    26% |########                        | 135kB 28.3MB/s eta 0:00:01[K    27% |########                        | 139kB 29.2MB/s eta 0:00:01[K    28% |#########                       | 143kB 29.2MB/s eta 0:00:01[K    29% |#########                       | 147kB 28.9MB/s eta 0:00:01[K    30% |#########                       | 151kB 28.9MB/s eta 0:00:01[K    31% |#########                       | 155kB 30.0MB/s eta 0:00:01[K    31% |##########                      | 159kB 30.0MB/s eta 0:00:01[K    32% |##########                      | 163kB 29.1MB/s eta 0:00:01[K    33% |##########                      | 167kB 29.1MB/s eta 0:00:01[K    34% |##########                      | 172kB 30.2MB/s eta 0:00:01[K    35% |###########                     | 176kB 30.3MB/s eta 0:00:01[K    35% |###########                     | 180kB 27.0MB/s eta 0:00:01[K    36% |###########                     | 184kB 26.9MB/s eta 0:00:01[K    37% |############                    | 188kB 27.6MB/s eta 0:00:01[K    38% |############                    | 192kB 27.6MB/s eta 0:00:01[K    39% |############                    | 196kB 26.4MB/s eta 0:00:01[K    40% |############                    | 200kB 26.4MB/s eta 0:00:01[K    40% |#############                   | 204kB 27.1MB/s eta 0:00:01[K    41% |#############                   | 208kB 27.1MB/s eta 0:00:01[K    42% |#############                   | 212kB 26.2MB/s eta 0:00:01[K    43% |#############                   | 217kB 26.2MB/s eta 0:00:01[K    44% |##############                  | 221kB 28.6MB/s eta 0:00:01[K    44% |##############                  | 225kB 28.6MB/s eta 0:00:01[K    45% |##############                  | 229kB 27.5MB/s eta 0:00:01[K    46% |##############                  | 233kB 27.4MB/s eta 0:00:01[K    47% |###############                 | 237kB 28.6MB/s eta 0:00:01[K    48% |###############                 | 241kB 28.7MB/s eta 0:00:01[K    49% |###############                 | 245kB 27.5MB/s eta 0:00:01[K    49% |###############                 | 249kB 27.5MB/s eta 0:00:01[K    50% |################                | 253kB 28.4MB/s eta 0:00:01[K    51% |################                | 258kB 28.4MB/s eta 0:00:01[K    52% |################                | 262kB 28.2MB/s eta 0:00:01[K    53% |################                | 266kB 28.2MB/s eta 0:00:01[K    53% |#################               | 270kB 29.4MB/s eta 0:00:01[K    54% |#################               | 274kB 29.5MB/s eta 0:00:01[K    55% |#################               | 278kB 28.6MB/s eta 0:00:01[K    56% |##################              | 282kB 28.6MB/s eta 0:00:01[K    57% |##################              | 286kB 29.9MB/s eta 0:00:01[K    58% |##################              | 290kB 29.9MB/s eta 0:00:01[K    58% |##################              | 294kB 28.9MB/s eta 0:00:01[K    59% |###################             | 299kB 28.9MB/s eta 0:00:01[K    60% |###################             | 303kB 29.6MB/s eta 0:00:01[K    61% |###################             | 307kB 29.7MB/s eta 0:00:01[K    62% |###################             | 311kB 28.7MB/s eta 0:00:01[K    62% |####################            | 315kB 28.7MB/s eta 0:00:01[K    63% |####################            | 319kB 29.6MB/s eta 0:00:01[K    64% |####################            | 323kB 29.6MB/s eta 0:00:01[K    65% |####################            | 327kB 28.6MB/s eta 0:00:01[K    66% |#####################           | 331kB 28.6MB/s eta 0:00:01[K    67% |#####################           | 335kB 28.9MB/s eta 0:00:01[K    67% |#####################           | 339kB 28.9MB/s eta 0:00:01[K    68% |#####################           | 344kB 28.2MB/s eta 0:00:01[K    69% |######################          | 348kB 28.1MB/s eta 0:00:01[K    70% |######################          | 352kB 29.1MB/s eta 0:00:01[K    71% |######################          | 356kB 29.1MB/s eta 0:00:01[K    71% |#######################         | 360kB 28.2MB/s eta 0:00:01[K    72% |#######################         | 364kB 28.2MB/s eta 0:00:01[K    73% |#######################         | 368kB 29.1MB/s eta 0:00:01[K    74% |#######################         | 372kB 29.2MB/s eta 0:00:01[K    75% |########################        | 376kB 28.9MB/s eta 0:00:01[K    76% |########################        | 380kB 28.9MB/s eta 0:00:01[K    76% |########################        | 385kB 29.8MB/s eta 0:00:01[K    77% |########################        | 389kB 29.9MB/s eta 0:00:01[K    78% |#########################       | 393kB 28.9MB/s eta 0:00:01[K    79% |#########################       | 397kB 28.9MB/s eta 0:00:01[K    80% |#########################       | 401kB 29.9MB/s eta 0:00:01[K    80% |#########################       | 405kB 29.9MB/s eta 0:00:01[K    81% |##########################      | 409kB 28.9MB/s eta 0:00:01[K    82% |##########################      | 413kB 28.8MB/s eta 0:00:01[K    83% |##########################      | 417kB 29.8MB/s eta 0:00:01[K    84% |##########################      | 421kB 29.8MB/s eta 0:00:01[K    84% |###########################     | 425kB 28.2MB/s eta 0:00:01[K    85% |###########################     | 430kB 28.1MB/s eta 0:00:01[K    86% |###########################     | 434kB 29.0MB/s eta 0:00:01[K    87% |###########################     | 438kB 29.0MB/s eta 0:00:01[K    88% |############################    | 442kB 28.0MB/s eta 0:00:01[K    89% |############################    | 446kB 28.0MB/s eta 0:00:01[K    89% |############################    | 450kB 28.3MB/s eta 0:00:01[K    90% |#############################   | 454kB 28.3MB/s eta 0:00:01[K    91% |#############################   | 458kB 27.5MB/s eta 0:00:01[K    92% |#############################   | 462kB 27.5MB/s eta 0:00:01[K    93% |#############################   | 466kB 29.0MB/s eta 0:00:01[K    93% |##############################  | 471kB 29.0MB/s eta 0:00:01[K    94% |##############################  | 475kB 28.1MB/s eta 0:00:01[K    95% |##############################  | 479kB 28.1MB/s eta 0:00:01[K    96% |##############################  | 483kB 29.1MB/s eta 0:00:01[K    97% |############################### | 487kB 29.2MB/s eta 0:00:01[K    98% |############################### | 491kB 29.1MB/s eta 0:00:01[K    98% |############################### | 495kB 29.2MB/s eta 0:00:01[K    99% |############################### | 499kB 30.1MB/s eta 0:00:01[K    100% |################################| 503kB 1.2MB/s 
[?25hCollecting docopt>=0.6.1 (from coveralls)
  Downloading docopt-0.6.2.tar.gz
Installing collected packages: docopt, requests, coverage, coveralls
  Running setup.py install for docopt

  Running setup.py install for coverage
    building 'coverage.tracer' extension
    gcc -pthread -Wno-unused-result -DNDEBUG -g -fwrapv -O3 -Wall -Wstrict-prototypes -g -fstack-protector --param=ssp-buffer-size=4 -Wformat -Werror=format-security -fPIC -I/opt/python/3.4.2/include/python3.4m -c coverage/ctracer/datastack.c -o build/temp.linux-x86_64-3.4/coverage/ctracer/datastack.o
    gcc -pthread -Wno-unused-result -DNDEBUG -g -fwrapv -O3 -Wall -Wstrict-prototypes -g -fstack-protector --param=ssp-buffer-size=4 -Wformat -Werror=format-security -fPIC -I/opt/python/3.4.2/include/python3.4m -c coverage/ctracer/filedisp.c -o build/temp.linux-x86_64-3.4/coverage/ctracer/filedisp.o
    gcc -pthread -Wno-unused-result -DNDEBUG -g -fwrapv -O3 -Wall -Wstrict-prototypes -g -fstack-protector --param=ssp-buffer-size=4 -Wformat -Werror=format-security -fPIC -I/opt/python/3.4.2/include/python3.4m -c coverage/ctracer/module.c -o build/temp.linux-x86_64-3.4/coverage/ctracer/module.o
    gcc -pthread -Wno-unused-result -DNDEBUG -g -fwrapv -O3 -Wall -Wstrict-prototypes -g -fstack-protector --param=ssp-buffer-size=4 -Wformat -Werror=format-security -fPIC -I/opt/python/3.4.2/include/python3.4m -c coverage/ctracer/tracer.c -o build/temp.linux-x86_64-3.4/coverage/ctracer/tracer.o
    gcc -pthread -shared -L/opt/python/3.4.2/lib -Wl,-rpath=/opt/python/3.4.2/lib build/temp.linux-x86_64-3.4/coverage/ctracer/datastack.o build/temp.linux-x86_64-3.4/coverage/ctracer/filedisp.o build/temp.linux-x86_64-3.4/coverage/ctracer/module.o build/temp.linux-x86_64-3.4/coverage/ctracer/tracer.o -L/opt/python/3.4.2/lib -lpython3.4m -o build/lib.linux-x86_64-3.4/coverage/tracer.cpython-34m.so
    Installing coverage-3.4 script to /home/travis/virtualenv/python3.4.2/bin
    Installing coverage script to /home/travis/virtualenv/python3.4.2/bin
    Installing coverage3 script to /home/travis/virtualenv/python3.4.2/bin

Successfully installed coverage-4.0.3 coveralls-1.1 docopt-0.6.2 requests-2.9.1

travis_time:end:22361059:start=1456064833306607015,finish=1456064836562465413,duration=3255858398[0Ktravis_fold:end:install.2[0Ktravis_fold:start:install.3[0Ktravis_time:start:01221c85[0K$ pip install pyflakes
Collecting pyflakes
  Downloading pyflakes-1.0.0-py2.py3-none-any.whl (152kB)
[?25l[K    2% |                                | 4.1kB 47.2MB/s eta 0:00:01[K    5% |#                               | 8.2kB 28.8MB/s eta 0:00:01[K    8% |##                              | 12kB 29.1MB/s eta 0:00:01[K    10% |###                             | 16kB 26.8MB/s eta 0:00:01[K    13% |####                            | 20kB 27.6MB/s eta 0:00:01[K    16% |#####                           | 24kB 27.9MB/s eta 0:00:01[K    18% |######                          | 28kB 28.4MB/s eta 0:00:01[K    21% |######                          | 32kB 5.4MB/s eta 0:00:01[K    24% |#######                         | 36kB 5.9MB/s eta 0:00:01[K    26% |########                        | 40kB 6.4MB/s eta 0:00:01[K    29% |#########                       | 45kB 6.4MB/s eta 0:00:01[K    32% |##########                      | 49kB 6.4MB/s eta 0:00:01[K    34% |###########                     | 53kB 6.4MB/s eta 0:00:01[K    37% |############                    | 57kB 6.4MB/s eta 0:00:01[K    40% |############                    | 61kB 6.4MB/s eta 0:00:01[K    42% |#############                   | 65kB 6.4MB/s eta 0:00:01[K    45% |##############                  | 69kB 6.4MB/s eta 0:00:01[K    48% |###############                 | 73kB 28.5MB/s eta 0:00:01[K    50% |################                | 77kB 28.8MB/s eta 0:00:01[K    53% |#################               | 81kB 26.7MB/s eta 0:00:01[K    56% |##################              | 86kB 26.8MB/s eta 0:00:01[K    59% |##################              | 90kB 28.0MB/s eta 0:00:01[K    61% |###################             | 94kB 28.1MB/s eta 0:00:01[K    64% |####################            | 98kB 6.4MB/s eta 0:00:01[K    67% |#####################           | 102kB 6.4MB/s eta 0:00:01[K    69% |######################          | 106kB 6.4MB/s eta 0:00:01[K    72% |#######################         | 110kB 6.4MB/s eta 0:00:01[K    75% |########################        | 114kB 6.3MB/s eta 0:00:01[K    77% |########################        | 118kB 6.3MB/s eta 0:00:01[K    80% |#########################       | 122kB 6.4MB/s eta 0:00:01[K    83% |##########################      | 126kB 6.4MB/s eta 0:00:01[K    85% |###########################     | 131kB 6.4MB/s eta 0:00:01[K    88% |############################    | 135kB 6.4MB/s eta 0:00:01[K    91% |#############################   | 139kB 28.0MB/s eta 0:00:01[K    93% |##############################  | 143kB 28.2MB/s eta 0:00:01[K    96% |##############################  | 147kB 27.8MB/s eta 0:00:01[K    99% |############################### | 151kB 27.8MB/s eta 0:00:01[K    100% |################################| 155kB 4.4MB/s 
[?25hInstalling collected packages: pyflakes

Successfully installed pyflakes-1.0.0

travis_time:end:01221c85:start=1456064836566439629,finish=1456064837079714838,duration=513275209[0Ktravis_fold:end:install.3[0Ktravis_fold:start:install.4[0Ktravis_time:start:3a035454[0K$ pip install pep8
Collecting pep8
  Downloading pep8-1.7.0-py2.py3-none-any.whl (41kB)
[?25l[K    9% |###                             | 4.1kB 45.3MB/s eta 0:00:01[K    19% |######                          | 8.2kB 27.9MB/s eta 0:00:01[K    29% |#########                       | 12kB 28.3MB/s eta 0:00:01[K    39% |############                    | 16kB 24.9MB/s eta 0:00:01[K    49% |###############                 | 20kB 25.8MB/s eta 0:00:01[K    59% |###################             | 24kB 26.3MB/s eta 0:00:01[K    69% |######################          | 28kB 26.9MB/s eta 0:00:01[K    79% |#########################       | 32kB 26.3MB/s eta 0:00:01[K    89% |############################    | 36kB 26.7MB/s eta 0:00:01[K    99% |############################### | 40kB 27.1MB/s eta 0:00:01[K    100% |################################| 45kB 8.3MB/s 
[?25hInstalling collected packages: pep8

Successfully installed pep8-1.7.0

travis_time:end:3a035454:start=1456064837083571614,finish=1456064837704272087,duration=620700473[0Ktravis_fold:end:install.4[0Ktravis_time:start:0267b0e0[0K$ coverage run --source=verktyg setup.py test
running test
running egg_info
writing verktyg.egg-info/PKG-INFO
writing top-level names to verktyg.egg-info/top_level.txt
writing requirements to verktyg.egg-info/requires.txt
writing dependency_links to verktyg.egg-info/dependency_links.txt
reading manifest file 'verktyg.egg-info/SOURCES.txt'
reading manifest template 'MANIFEST.in'
writing manifest file 'verktyg.egg-info/SOURCES.txt'
running build_ext
test_append_slash_redirect (verktyg.testsuite.test_utils.UtilsTestCase) ... ok
test_cached_property (verktyg.testsuite.test_utils.UtilsTestCase) ... ok
test_cached_property_doc (verktyg.testsuite.test_utils.UtilsTestCase) ... ok
test_can_set_cached_property (verktyg.testsuite.test_utils.UtilsTestCase) ... ok
test_environ_property (verktyg.testsuite.test_utils.UtilsTestCase) ... ERROR
test_inspect_treats_cached_property_as_property (verktyg.testsuite.test_utils.UtilsTestCase) ... ok
test_redirect (verktyg.testsuite.test_utils.UtilsTestCase) ... ok
test_redirect_no_unicode_header_keys (verktyg.testsuite.test_utils.UtilsTestCase) ... ok
test_redirect_with_custom_response_class (verktyg.testsuite.test_utils.UtilsTestCase) ... ok
test_redirect_xss (verktyg.testsuite.test_utils.UtilsTestCase) ... ok
test_secure_filename (verktyg.testsuite.test_utils.UtilsTestCase) ... ok
test_callback_dict_reads (verktyg.testsuite.test_datastructures.CallbackDictTestCase) ... ok
test_callback_dict_writes (verktyg.testsuite.test_datastructures.CallbackDictTestCase) ... ok
test_basic_interface (verktyg.testsuite.test_datastructures.CombinedMultiDictTestCase) ... ok
test_length (verktyg.testsuite.test_datastructures.CombinedMultiDictTestCase) ... ok
test_copies_are_mutable (verktyg.testsuite.test_datastructures.ImmutableDictTestCase) ... ok
test_dict_is_hashable (verktyg.testsuite.test_datastructures.ImmutableDictTestCase) ... ok
test_follows_dict_interface (verktyg.testsuite.test_datastructures.ImmutableDictTestCase) ... ok
test_list_hashable (verktyg.testsuite.test_datastructures.ImmutableListTestCase) ... ok
test_copies_are_mutable (verktyg.testsuite.test_datastructures.ImmutableMultiDictTestCase) ... ok
test_dict_is_hashable (verktyg.testsuite.test_datastructures.ImmutableMultiDictTestCase) ... ok
test_follows_dict_interface (verktyg.testsuite.test_datastructures.ImmutableMultiDictTestCase) ... ok
test_multidict_is_hashable (verktyg.testsuite.test_datastructures.ImmutableMultiDictTestCase) ... ok
test_copies_are_mutable (verktyg.testsuite.test_datastructures.ImmutableOrderedMultiDictTestCase) ... ok
test_dict_is_hashable (verktyg.testsuite.test_datastructures.ImmutableOrderedMultiDictTestCase) ... ok
test_follows_dict_interface (verktyg.testsuite.test_datastructures.ImmutableOrderedMultiDictTestCase) ... ok
test_ordered_multidict_is_hashable (verktyg.testsuite.test_datastructures.ImmutableOrderedMultiDictTestCase) ... ok
test_copies_are_mutable (verktyg.testsuite.test_datastructures.ImmutableTypeConversionDictTestCase) ... ok
test_dict_is_hashable (verktyg.testsuite.test_datastructures.ImmutableTypeConversionDictTestCase) ... ok
test_follows_dict_interface (verktyg.testsuite.test_datastructures.ImmutableTypeConversionDictTestCase) ... ok
test_basic_interface (verktyg.testsuite.test_datastructures.MultiDictTestCase) ... ok
test_iter_interfaces (verktyg.testsuite.test_datastructures.MultiDictTestCase) ... ok
test_multidict_pop (verktyg.testsuite.test_datastructures.MultiDictTestCase) ... ok
test_pickle (verktyg.testsuite.test_datastructures.MultiDictTestCase) ... ok
test_setlistdefault (verktyg.testsuite.test_datastructures.MultiDictTestCase) ... ok
test_basic (verktyg.testsuite.test_datastructures.NativeItermethodsTestCase) ... ok
test_basic_interface (verktyg.testsuite.test_datastructures.OrderedMultiDictTestCase) ... ok
test_iterables (verktyg.testsuite.test_datastructures.OrderedMultiDictTestCase) ... ok
test_ordered_interface (verktyg.testsuite.test_datastructures.OrderedMultiDictTestCase) ... ok
test_pickle (verktyg.testsuite.test_datastructures.OrderedMultiDictTestCase) ... ok
test_aborter_custom (verktyg.testsuite.test_exceptions.ExceptionsTestCase) ... ok
test_aborter_general (verktyg.testsuite.test_exceptions.ExceptionsTestCase) ... ok
test_exception_repr (verktyg.testsuite.test_exceptions.ExceptionsTestCase) ... ok
test_parse_authorization_header (verktyg.testsuite.test_http.AuthorizationTestCase) ... ok
test_cache_control_header (verktyg.testsuite.test_http.CacheControlTestCase) ... ok
test_repr (verktyg.testsuite.test_http.CacheControlTestCase) ... ok
test_parse_content_range (verktyg.testsuite.test_http.ContentRangeTestCase) ... ok
test_parse_etags (verktyg.testsuite.test_http.ETagsTestCase) ... ok
test_cookie_domain_encoding (verktyg.testsuite.test_http.HTTPUtilityTestCase) ... ok
test_cookie_domain_resolving (verktyg.testsuite.test_http.HTTPUtilityTestCase) ... ok
test_cookie_quoting (verktyg.testsuite.test_http.HTTPUtilityTestCase) ... ok
test_cookie_unicode_dumping (verktyg.testsuite.test_http.HTTPUtilityTestCase) ... ok
test_cookie_unicode_keys (verktyg.testsuite.test_http.HTTPUtilityTestCase) ... ok
test_cookie_unicode_parsing (verktyg.testsuite.test_http.HTTPUtilityTestCase) ... ok
test_cookies (verktyg.testsuite.test_http.HTTPUtilityTestCase) ... ok
test_date_formatting (verktyg.testsuite.test_http.HTTPUtilityTestCase) ... ok
test_dict_header (verktyg.testsuite.test_http.HTTPUtilityTestCase) ... ok
test_dump_header (verktyg.testsuite.test_http.HTTPUtilityTestCase) ... ok
test_dump_options_header (verktyg.testsuite.test_http.HTTPUtilityTestCase) ... ok
test_etags_nonzero (verktyg.testsuite.test_http.HTTPUtilityTestCase) ... ok
test_is_resource_modified (verktyg.testsuite.test_http.HTTPUtilityTestCase) ... ok
test_list_header (verktyg.testsuite.test_http.HTTPUtilityTestCase) ... ok
test_parse_date (verktyg.testsuite.test_http.HTTPUtilityTestCase) ... ok
test_parse_date_overflows (verktyg.testsuite.test_http.HTTPUtilityTestCase) ... ok
test_parse_options_header (verktyg.testsuite.test_http.HTTPUtilityTestCase) ... ok
test_remove_entity_headers (verktyg.testsuite.test_http.HTTPUtilityTestCase) ... ok
test_remove_hop_by_hop_headers (verktyg.testsuite.test_http.HTTPUtilityTestCase) ... ok
test_basic_interface (verktyg.testsuite.test_http.HeaderSetTestCase) ... ok
test_parse_set_header (verktyg.testsuite.test_http.HeaderSetTestCase) ... ok
test_basic_interface (verktyg.testsuite.test_http.HeadersTestCase) ... ok
test_bytes_operations (verktyg.testsuite.test_http.HeadersTestCase) ... ok
test_copying (verktyg.testsuite.test_http.HeadersTestCase) ... ok
test_defaults_and_conversion (verktyg.testsuite.test_http.HeadersTestCase) ... ok
test_header_set_duplication_bug (verktyg.testsuite.test_http.HeadersTestCase) ... ok
test_popping (verktyg.testsuite.test_http.HeadersTestCase) ... ok
test_reject_newlines (verktyg.testsuite.test_http.HeadersTestCase) ... ok
test_set_arguments (verktyg.testsuite.test_http.HeadersTestCase) ... ok
test_slicing (verktyg.testsuite.test_http.HeadersTestCase) ... ok
test_to_wsgi_list (verktyg.testsuite.test_http.HeadersTestCase) ... ok
test_parse_if_range_header (verktyg.testsuite.test_http.IfRangeTestCase) ... ok
test_parse_range (verktyg.testsuite.test_http.RangeTestCase) ... ok
test_parse_www_authenticate_header (verktyg.testsuite.test_http.WWWAuthenticateTestCase) ... ok
test_basic_interface (verktyg.testsuite.test_wsgi.EnvironHeadersTestCase) ... ok
test_bytes_operations (verktyg.testsuite.test_wsgi.EnvironHeadersTestCase) ... ok
test_return_type_is_unicode (verktyg.testsuite.test_wsgi.EnvironHeadersTestCase) ... ok
test_dispatchermiddleware (verktyg.testsuite.test_wsgi.WsgiTestCase) ... ok
test_get_current_url_unicode (verktyg.testsuite.test_wsgi.WsgiTestCase) ... ok
test_get_host (verktyg.testsuite.test_wsgi.WsgiTestCase) ... ok
test_get_host_fallback (verktyg.testsuite.test_wsgi.WsgiTestCase) ... ok
test_get_host_multiple_forwarded (verktyg.testsuite.test_wsgi.WsgiTestCase) ... ok
test_get_host_validation (verktyg.testsuite.test_wsgi.WsgiTestCase) ... ok
test_iter_functions_support_iterators (verktyg.testsuite.test_wsgi.WsgiTestCase) ... ok
test_limited_stream (verktyg.testsuite.test_wsgi.WsgiTestCase) ... ok
test_limited_stream_disconnection (verktyg.testsuite.test_wsgi.WsgiTestCase) ... ok
test_lines_longer_buffer_size (verktyg.testsuite.test_wsgi.WsgiTestCase) ... ok
test_make_chunk_iter (verktyg.testsuite.test_wsgi.WsgiTestCase) ... ok
test_make_chunk_iter_bytes (verktyg.testsuite.test_wsgi.WsgiTestCase) ... ok
test_multi_part_line_breaks (verktyg.testsuite.test_wsgi.WsgiTestCase) ... ok
test_multi_part_line_breaks_bytes (verktyg.testsuite.test_wsgi.WsgiTestCase) ... ok
test_multi_part_line_breaks_problematic (verktyg.testsuite.test_wsgi.WsgiTestCase) ... ok
test_path_info_and_script_name_fetching (verktyg.testsuite.test_wsgi.WsgiTestCase) ... ok
test_query_string_fetching (verktyg.testsuite.test_wsgi.WsgiTestCase) ... ok
test_shared_data_middleware (verktyg.testsuite.test_wsgi.WsgiTestCase) ... ok
test_shareddatamiddleware_get_file_loader (verktyg.testsuite.test_wsgi.WsgiTestCase) ... ok
test_access_route (verktyg.testsuite.test_requests.RequestsTestCase) ... ok
test_authorization_mixin (verktyg.testsuite.test_requests.RequestsTestCase) ... ok
test_base_request (verktyg.testsuite.test_requests.RequestsTestCase) ... ok
test_common_request_descriptors_mixin (verktyg.testsuite.test_requests.RequestsTestCase) ... ok
test_data_descriptor_triggers_parsing (verktyg.testsuite.test_requests.RequestsTestCase) ... ok
test_etag_request_mixin (verktyg.testsuite.test_requests.RequestsTestCase) ... ok
test_file_closing (verktyg.testsuite.test_requests.RequestsTestCase) ... ok
test_file_closing_with (verktyg.testsuite.test_requests.RequestsTestCase) ... ok
test_form_data_ordering (verktyg.testsuite.test_requests.RequestsTestCase) ... ok
test_form_parsing_failed (verktyg.testsuite.test_requests.RequestsTestCase) ... ok
test_get_data_method_parsing_caching_behavior (verktyg.testsuite.test_requests.RequestsTestCase) ... ok
test_other_method_payload (verktyg.testsuite.test_requests.RequestsTestCase) ... ok
test_query_string_is_bytes (verktyg.testsuite.test_requests.RequestsTestCase) ... ok
test_request_method_case_sensitivity (verktyg.testsuite.test_requests.RequestsTestCase) ... ok
test_request_mimetype_always_lowercase (verktyg.testsuite.test_requests.RequestsTestCase) ... ok
test_request_repr (verktyg.testsuite.test_requests.RequestsTestCase) ... ok
test_shallow_mode (verktyg.testsuite.test_requests.RequestsTestCase) ... ok
test_storage_classes (verktyg.testsuite.test_requests.RequestsTestCase) ... ok
test_stream_only_mixing (verktyg.testsuite.test_requests.RequestsTestCase) ... ok
test_stream_wrapping (verktyg.testsuite.test_requests.RequestsTestCase) ... ok
test_url_request_descriptors (verktyg.testsuite.test_requests.RequestsTestCase) ... ok
test_url_request_descriptors_hosts (verktyg.testsuite.test_requests.RequestsTestCase) ... ok
test_url_request_descriptors_query_quoting (verktyg.testsuite.test_requests.RequestsTestCase) ... ok
test_user_agent_mixin (verktyg.testsuite.test_requests.RequestsTestCase) ... ok
test_authenticate_mixin (verktyg.testsuite.test_responses.ResponsesTestCase) ... ok
test_authenticate_mixin_quoted_qop (verktyg.testsuite.test_responses.ResponsesTestCase) ... ok
test_auto_content_length (verktyg.testsuite.test_responses.ResponsesTestCase) ... ok
test_base_response (verktyg.testsuite.test_responses.ResponsesTestCase) ... ok
test_common_response_descriptors_mixin (verktyg.testsuite.test_responses.ResponsesTestCase) ... ok
test_disabled_auto_content_length (verktyg.testsuite.test_responses.ResponsesTestCase) ... ok
test_etag_response_mixin (verktyg.testsuite.test_responses.ResponsesTestCase) ... ok
test_etag_response_mixin_freezing (verktyg.testsuite.test_responses.ResponsesTestCase) ... ok
test_location_header_autocorrect (verktyg.testsuite.test_responses.ResponsesTestCase) ... ok
test_new_response_iterator_behavior (verktyg.testsuite.test_responses.ResponsesTestCase) ... ok
test_ranges (verktyg.testsuite.test_responses.ResponsesTestCase) ... ok
test_response_304_no_content_length (verktyg.testsuite.test_responses.ResponsesTestCase) ... ok
test_response_freeze (verktyg.testsuite.test_responses.ResponsesTestCase) ... ok
test_response_headers_passthrough (verktyg.testsuite.test_responses.ResponsesTestCase) ... ok
test_response_iter_wrapping (verktyg.testsuite.test_responses.ResponsesTestCase) ... ok
test_response_status_codes (verktyg.testsuite.test_responses.ResponsesTestCase) ... ok
test_response_stream_mixin (verktyg.testsuite.test_responses.ResponsesTestCase) ... ok
test_response_streamed (verktyg.testsuite.test_responses.ResponsesTestCase) ... ok
test_stream_content_length (verktyg.testsuite.test_responses.ResponsesTestCase) ... ok
test_type_forcing (verktyg.testsuite.test_responses.ResponsesTestCase) ... ok
test_urlfication (verktyg.testsuite.test_responses.ResponsesTestCase) ... ok
test_adapter_match_return_route (verktyg.testsuite.test_routing.RoutingTestCase) ... ok
test_adapter_url_parameter_sorting (verktyg.testsuite.test_routing.RoutingTestCase) ... ok
test_alias_redirects (verktyg.testsuite.test_routing.RoutingTestCase) ... ok
test_basic_building (verktyg.testsuite.test_routing.RoutingTestCase) ... ok
test_basic_routing (verktyg.testsuite.test_routing.RoutingTestCase) ... ok
test_build_append_unknown (verktyg.testsuite.test_routing.RoutingTestCase) ... ok
test_complex_routing_routes (verktyg.testsuite.test_routing.RoutingTestCase) ... ok
test_converter_parser (verktyg.testsuite.test_routing.RoutingTestCase) ... ok
test_default_converters (verktyg.testsuite.test_routing.RoutingTestCase) ... ok
test_defaults (verktyg.testsuite.test_routing.RoutingTestCase) ... ok
test_double_defaults (verktyg.testsuite.test_routing.RoutingTestCase) ... ok
test_environ_defaults (verktyg.testsuite.test_routing.RoutingTestCase) ... ok
test_environ_nonascii_pathinfo (verktyg.testsuite.test_routing.RoutingTestCase) ... ok
test_external_building_with_port (verktyg.testsuite.test_routing.RoutingTestCase) ... ok
test_external_building_with_port_bind_to_environ (verktyg.testsuite.test_routing.RoutingTestCase) ... ok
test_external_building_with_port_bind_to_environ_bad_servername (verktyg.testsuite.test_routing.RoutingTestCase) ... ok
test_greedy (verktyg.testsuite.test_routing.RoutingTestCase) ... ok
test_host_matching (verktyg.testsuite.test_routing.RoutingTestCase) ... ok
test_http_host_before_server_name (verktyg.testsuite.test_routing.RoutingTestCase) ... ok
test_map_repr (verktyg.testsuite.test_routing.RoutingTestCase) ... ok
test_non_string_parts (verktyg.testsuite.test_routing.RoutingTestCase) ... ok
test_path (verktyg.testsuite.test_routing.RoutingTestCase) ... ok
test_protocol_joining_bug (verktyg.testsuite.test_routing.RoutingTestCase) ... ok
test_redirect_path_quoting (verktyg.testsuite.test_routing.RoutingTestCase) ... ok
test_request_direct_charset_bug (verktyg.testsuite.test_routing.RoutingTestCase) ... ok
test_request_redirect_default (verktyg.testsuite.test_routing.RoutingTestCase) ... ok
test_request_redirect_default_subdomain (verktyg.testsuite.test_routing.RoutingTestCase) ... ok
test_route_templates (verktyg.testsuite.test_routing.RoutingTestCase) ... ok
test_server_name_casing (verktyg.testsuite.test_routing.RoutingTestCase) ... ok
test_server_name_interpolation (verktyg.testsuite.test_routing.RoutingTestCase) ... ok
test_unicode_routes (verktyg.testsuite.test_routing.RoutingTestCase) ... ok
test_uuid_converter (verktyg.testsuite.test_routing.RoutingTestCase) ... ok
test_accept_dispatch (verktyg.testsuite.test_dispatch.DispatchTestCase) ... ok
test_head_fallback (verktyg.testsuite.test_dispatch.DispatchTestCase) ... ok
test_method_dispatch (verktyg.testsuite.test_dispatch.DispatchTestCase) ... ok
test_method_override (verktyg.testsuite.test_dispatch.DispatchTestCase) ... ok
test_name_dispatch (verktyg.testsuite.test_dispatch.DispatchTestCase) ... ok
test_nested (verktyg.testsuite.test_dispatch.DispatchTestCase) ... ok
test_match (verktyg.testsuite.test_accept_content_type.ContentTypeTestCase) ... ok
test_match_basic (verktyg.testsuite.test_accept_content_type.ContentTypeTestCase) ... ok
test_match_quality (verktyg.testsuite.test_accept_content_type.ContentTypeTestCase) ... ok
test_match_subtype_wildcard (verktyg.testsuite.test_accept_content_type.ContentTypeTestCase) ... ok
test_match_wildcard (verktyg.testsuite.test_accept_content_type.ContentTypeTestCase) ... ok
test_parse (verktyg.testsuite.test_accept_content_type.ContentTypeTestCase) ... ok
test_parse_accept_basic (verktyg.testsuite.test_accept_content_type.ContentTypeTestCase) ... ok
test_parse_accept_case (verktyg.testsuite.test_accept_content_type.ContentTypeTestCase) ... ok
test_parse_accept_invalid_params (verktyg.testsuite.test_accept_content_type.ContentTypeTestCase) ... ok
test_parse_accept_multiple (verktyg.testsuite.test_accept_content_type.ContentTypeTestCase) ... ok
test_parse_accept_params (verktyg.testsuite.test_accept_content_type.ContentTypeTestCase) ... ok
test_serialize (verktyg.testsuite.test_accept_content_type.ContentTypeTestCase) ... ok
test_serialize_accept (verktyg.testsuite.test_accept_content_type.ContentTypeTestCase) ... ok
test_serialize_accept_multiple (verktyg.testsuite.test_accept_content_type.ContentTypeTestCase) ... ok
test_serialize_accept_q_before_params (verktyg.testsuite.test_accept_content_type.ContentTypeTestCase) ... ok
test_serialize_accept_redundant_q (verktyg.testsuite.test_accept_content_type.ContentTypeTestCase) ... ok
test_match (verktyg.testsuite.test_accept_language.LanguageTestCase) ... ok
test_match_basic (verktyg.testsuite.test_accept_language.LanguageTestCase) ... ok
test_match_partial (verktyg.testsuite.test_accept_language.LanguageTestCase) ... ok
test_match_quality (verktyg.testsuite.test_accept_language.LanguageTestCase) ... ok
test_match_wildcard (verktyg.testsuite.test_accept_language.LanguageTestCase) ... ok
test_parse (verktyg.testsuite.test_accept_language.LanguageTestCase) ... ok
test_parse_accept_basic (verktyg.testsuite.test_accept_language.LanguageTestCase) ... ok
test_parse_accept_multiple (verktyg.testsuite.test_accept_language.LanguageTestCase) ... ok
test_parse_accept_params (verktyg.testsuite.test_accept_language.LanguageTestCase) ... ok
test_parse_accept_q (verktyg.testsuite.test_accept_language.LanguageTestCase) ... ok
test_serialize (verktyg.testsuite.test_accept_language.LanguageTestCase) ... ok
test_serialize_accept_multiple (verktyg.testsuite.test_accept_language.LanguageTestCase) ... ok
test_serialize_accept_redundant_q (verktyg.testsuite.test_accept_language.LanguageTestCase) ... ok
test_match (verktyg.testsuite.test_accept_charset.CharsetTestCase) ... ok
test_match_basic (verktyg.testsuite.test_accept_charset.CharsetTestCase) ... ok
test_match_quality (verktyg.testsuite.test_accept_charset.CharsetTestCase) ... ok
test_match_wildcard (verktyg.testsuite.test_accept_charset.CharsetTestCase) ... ok
test_parse (verktyg.testsuite.test_accept_charset.CharsetTestCase) ... ok
test_parse_accept_basic (verktyg.testsuite.test_accept_charset.CharsetTestCase) ... ok
test_parse_accept_multiple (verktyg.testsuite.test_accept_charset.CharsetTestCase) ... ok
test_parse_accept_params (verktyg.testsuite.test_accept_charset.CharsetTestCase) ... ok
test_parse_accept_q (verktyg.testsuite.test_accept_charset.CharsetTestCase) ... ok
test_serialize (verktyg.testsuite.test_accept_charset.CharsetTestCase) ... ok
test_serialize_accept (verktyg.testsuite.test_accept_charset.CharsetTestCase) ... ok
test_serialize_accept_multiple (verktyg.testsuite.test_accept_charset.CharsetTestCase) ... ok
test_serialize_accept_redundant_q (verktyg.testsuite.test_accept_charset.CharsetTestCase) ... ok
test_serialize_accept_with_q (verktyg.testsuite.test_accept_charset.CharsetTestCase) ... ok
test_content_type_dispatch (verktyg.testsuite.test_accept.RepresentationTestCase) ... ok
test_not_acceptable (verktyg.testsuite.test_accept.RepresentationTestCase) ... ok
test_select_representation (verktyg.testsuite.test_accept.RepresentationTestCase) ... ok
test_class_view (verktyg.testsuite.test_views.ViewsTestCase) ... ok
test_decorators (verktyg.testsuite.test_views.ViewsTestCase) ... ok
test_basic (verktyg.testsuite.test_application.ApplicationTestCase) ... ok
test_close_request (verktyg.testsuite.test_application.ApplicationTestCase) ... ok
test_exception_content_type (verktyg.testsuite.test_application.ApplicationTestCase) ... ok
test_exception_handlers (verktyg.testsuite.test_application.ApplicationTestCase) ... ok
test_middleware (verktyg.testsuite.test_application.ApplicationTestCase) ... ok
test_iri_safe_quoting (verktyg.testsuite.test_urls.UrlsTestCase) ... ok
test_iri_support (verktyg.testsuite.test_urls.UrlsTestCase) ... ok
test_iri_to_uri_idempotence_ascii_only (verktyg.testsuite.test_urls.UrlsTestCase) ... ok
test_iri_to_uri_idempotence_non_ascii (verktyg.testsuite.test_urls.UrlsTestCase) ... ok
test_iri_to_uri_to_iri (verktyg.testsuite.test_urls.UrlsTestCase) ... ok
test_uri_iri_normalization (verktyg.testsuite.test_urls.UrlsTestCase) ... ok
test_uri_to_iri_idempotence_ascii_only (verktyg.testsuite.test_urls.UrlsTestCase) ... ok
test_uri_to_iri_idempotence_non_ascii (verktyg.testsuite.test_urls.UrlsTestCase) ... ok
test_uri_to_iri_to_uri (verktyg.testsuite.test_urls.UrlsTestCase) ... ok
test_url_fixing (verktyg.testsuite.test_urls.UrlsTestCase) ... ok
test_url_fixing_filepaths (verktyg.testsuite.test_urls.UrlsTestCase) ... ok
test_url_fixing_qs (verktyg.testsuite.test_urls.UrlsTestCase) ... ok

======================================================================
ERROR: test_environ_property (verktyg.testsuite.test_utils.UtilsTestCase)
----------------------------------------------------------------------
Traceback (most recent call last):
  File "/home/travis/build/bwhmather/verktyg/verktyg/testsuite/test_utils.py", line 128, in test_environ_property
    class A(object):
  File "/home/travis/build/bwhmather/verktyg/verktyg/testsuite/test_utils.py", line 131, in A
    string = utils.environ_property(
AttributeError: 'module' object has no attribute 'environ_property'

----------------------------------------------------------------------
Ran 252 tests in 0.191s

FAILED (errors=1)

travis_time:end:0267b0e0:start=1456064837707926717,finish=1456064838709387855,duration=1001461138[0K
[31;1mThe command "coverage run --source=verktyg setup.py test" exited with 1.[0m
travis_time:start:289afd78[0K$ pep8 verktyg setup.py

travis_time:end:289afd78:start=1456064838713357555,finish=1456064841232338541,duration=2518980986[0K
[32;1mThe command "pep8 verktyg setup.py" exited with 0.[0m
travis_time:start:24ce2240[0K$ pyflakes verktyg setup.py

travis_time:end:24ce2240:start=1456064841236554843,finish=1456064841727558591,duration=491003748[0K
[32;1mThe command "pyflakes verktyg setup.py" exited with 0.[0m

Done. Your build exited with 1.
