Using worker: worker-linux-docker-f0a51f19.prod.travis-ci.org:travis-linux-7

travis_fold:start:system_info[0K[33;1mBuild system information[0m
Build language: python
[34m[1mBuild image provisioning date and time[0m
Thu Feb  5 15:09:33 UTC 2015
[34m[1mOperating System Details[0m
Distributor ID:	Ubuntu
Description:	Ubuntu 12.04.5 LTS
Release:	12.04
Codename:	precise
[34m[1mLinux Version[0m
3.13.0-29-generic
[34m[1mCookbooks Version[0m
a68419e https://github.com/travis-ci/travis-cookbooks/tree/a68419e
[34m[1mGCC version[0m
gcc (Ubuntu/Linaro 4.6.3-1ubuntu5) 4.6.3
Copyright (C) 2011 Free Software Foundation, Inc.
This is free software; see the source for copying conditions.  There is NO
warranty; not even for MERCHANTABILITY or FITNESS FOR A PARTICULAR PURPOSE.

[34m[1mLLVM version[0m
clang version 3.4 (tags/RELEASE_34/final)
Target: x86_64-unknown-linux-gnu
Thread model: posix
[34m[1mPre-installed Ruby versions[0m
ruby-1.9.3-p551
[34m[1mPre-installed Node.js versions[0m
v0.10.36
[34m[1mPre-installed Go versions[0m
1.4.1
[34m[1mRedis version[0m
redis-server 2.8.19
[34m[1mriak version[0m
2.0.2
[34m[1mMongoDB version[0m
MongoDB 2.4.12
[34m[1mCouchDB version[0m
couchdb 1.6.1
[34m[1mNeo4j version[0m
1.9.4
[34m[1mRabbitMQ Version[0m
3.4.3
[34m[1mElasticSearch version[0m
1.4.0
[34m[1mInstalled Sphinx versions[0m
2.0.10
2.1.9
2.2.6
[34m[1mDefault Sphinx version[0m
2.2.6
[34m[1mInstalled Firefox version[0m
firefox 31.0esr
[34m[1mPhantomJS version[0m
1.9.8
[34m[1mant -version[0m
Apache Ant(TM) version 1.8.2 compiled on December 3 2011
[34m[1mmvn -version[0m
Apache Maven 3.2.5 (12a6b3acb947671f09b81f49094c53f426d8cea1; 2014-12-14T17:29:23+00:00)
Maven home: /usr/local/maven
Java version: 1.7.0_76, vendor: Oracle Corporation
Java home: /usr/lib/jvm/java-7-oracle/jre
Default locale: en_US, platform encoding: ANSI_X3.4-1968
OS name: "linux", version: "3.13.0-29-generic", arch: "amd64", family: "unix"
travis_fold:end:system_info[0K
travis_fold:start:git.checkout[0Ktravis_time:start:1c2b60bc[0K$ git clone --depth=50 --branch=master git://github.com/Cal-CS-61A-Staff/ok.git Cal-CS-61A-Staff/ok
Cloning into 'Cal-CS-61A-Staff/ok'...
remote: Counting objects: 2156, done.[K
remote: Compressing objects:   0% (1/871)   [Kremote: Compressing objects:   1% (9/871)   [Kremote: Compressing objects:   2% (18/871)   [Kremote: Compressing objects:   3% (27/871)   [Kremote: Compressing objects:   4% (35/871)   [Kremote: Compressing objects:   5% (44/871)   [Kremote: Compressing objects:   6% (53/871)   [Kremote: Compressing objects:   7% (61/871)   [Kremote: Compressing objects:   8% (70/871)   [Kremote: Compressing objects:   9% (79/871)   [Kremote: Compressing objects:  10% (88/871)   [Kremote: Compressing objects:  11% (96/871)   [Kremote: Compressing objects:  12% (105/871)   [Kremote: Compressing objects:  13% (114/871)   [Kremote: Compressing objects:  14% (122/871)   [Kremote: Compressing objects:  15% (131/871)   [Kremote: Compressing objects:  16% (140/871)   [Kremote: Compressing objects:  17% (149/871)   [Kremote: Compressing objects:  18% (157/871)   [Kremote: Compressing objects:  19% (166/871)   [Kremote: Compressing objects:  20% (175/871)   [Kremote: Compressing objects:  21% (183/871)   [Kremote: Compressing objects:  22% (192/871)   [Kremote: Compressing objects:  23% (201/871)   [Kremote: Compressing objects:  24% (210/871)   [Kremote: Compressing objects:  25% (218/871)   [Kremote: Compressing objects:  26% (227/871)   [Kremote: Compressing objects:  27% (236/871)   [Kremote: Compressing objects:  28% (244/871)   [Kremote: Compressing objects:  29% (253/871)   [Kremote: Compressing objects:  30% (262/871)   [Kremote: Compressing objects:  31% (271/871)   [Kremote: Compressing objects:  32% (279/871)   [Kremote: Compressing objects:  33% (288/871)   [Kremote: Compressing objects:  34% (297/871)   [Kremote: Compressing objects:  35% (305/871)   [Kremote: Compressing objects:  36% (314/871)   [Kremote: Compressing objects:  37% (323/871)   [Kremote: Compressing objects:  38% (331/871)   [Kremote: Compressing objects:  39% (340/871)   [Kremote: Compressing objects:  40% (349/871)   [Kremote: Compressing objects:  41% (358/871)   [Kremote: Compressing objects:  42% (366/871)   [Kremote: Compressing objects:  43% (375/871)   [Kremote: Compressing objects:  44% (384/871)   [Kremote: Compressing objects:  45% (392/871)   [Kremote: Compressing objects:  46% (401/871)   [Kremote: Compressing objects:  47% (410/871)   [Kremote: Compressing objects:  48% (419/871)   [Kremote: Compressing objects:  49% (427/871)   [Kremote: Compressing objects:  50% (436/871)   [Kremote: Compressing objects:  51% (445/871)   [Kremote: Compressing objects:  52% (453/871)   [Kremote: Compressing objects:  53% (462/871)   [Kremote: Compressing objects:  54% (471/871)   [Kremote: Compressing objects:  55% (480/871)   [Kremote: Compressing objects:  56% (488/871)   [Kremote: Compressing objects:  57% (497/871)   [Kremote: Compressing objects:  58% (506/871)   [Kremote: Compressing objects:  59% (514/871)   [Kremote: Compressing objects:  60% (523/871)   [Kremote: Compressing objects:  61% (532/871)   [Kremote: Compressing objects:  62% (541/871)   [Kremote: Compressing objects:  63% (549/871)   [Kremote: Compressing objects:  64% (558/871)   [Kremote: Compressing objects:  65% (567/871)   [Kremote: Compressing objects:  66% (575/871)   [Kremote: Compressing objects:  67% (584/871)   [Kremote: Compressing objects:  68% (593/871)   [Kremote: Compressing objects:  69% (601/871)   [Kremote: Compressing objects:  70% (610/871)   [Kremote: Compressing objects:  71% (619/871)   [Kremote: Compressing objects:  72% (628/871)   [Kremote: Compressing objects:  73% (636/871)   [Kremote: Compressing objects:  74% (645/871)   [Kremote: Compressing objects:  75% (654/871)   [Kremote: Compressing objects:  76% (662/871)   [Kremote: Compressing objects:  77% (671/871)   [Kremote: Compressing objects:  78% (680/871)   [Kremote: Compressing objects:  79% (689/871)   [Kremote: Compressing objects:  80% (697/871)   [Kremote: Compressing objects:  81% (706/871)   [Kremote: Compressing objects:  82% (715/871)   [Kremote: Compressing objects:  83% (723/871)   [Kremote: Compressing objects:  84% (732/871)   [Kremote: Compressing objects:  85% (741/871)   [Kremote: Compressing objects:  86% (750/871)   [Kremote: Compressing objects:  87% (758/871)   [Kremote: Compressing objects:  88% (767/871)   [Kremote: Compressing objects:  89% (776/871)   [Kremote: Compressing objects:  90% (784/871)   [Kremote: Compressing objects:  91% (793/871)   [Kremote: Compressing objects:  92% (802/871)   [Kremote: Compressing objects:  93% (811/871)   [Kremote: Compressing objects:  94% (819/871)   [Kremote: Compressing objects:  95% (828/871)   [Kremote: Compressing objects:  96% (837/871)   [Kremote: Compressing objects:  97% (845/871)   [Kremote: Compressing objects:  98% (854/871)   [Kremote: Compressing objects:  99% (863/871)   [Kremote: Compressing objects: 100% (871/871)   [Kremote: Compressing objects: 100% (871/871), done.[K
Receiving objects:   0% (1/2156)   Receiving objects:   1% (22/2156)   Receiving objects:   2% (44/2156)   Receiving objects:   3% (65/2156)   Receiving objects:   4% (87/2156)   Receiving objects:   5% (108/2156)   Receiving objects:   6% (130/2156)   Receiving objects:   7% (151/2156)   Receiving objects:   8% (173/2156)   Receiving objects:   9% (195/2156)   Receiving objects:  10% (216/2156)   Receiving objects:  11% (238/2156)   Receiving objects:  12% (259/2156)   Receiving objects:  13% (281/2156)   Receiving objects:  14% (302/2156)   Receiving objects:  15% (324/2156)   Receiving objects:  16% (345/2156)   Receiving objects:  17% (367/2156)   Receiving objects:  18% (389/2156)   Receiving objects:  19% (410/2156)   Receiving objects:  20% (432/2156)   Receiving objects:  21% (453/2156)   Receiving objects:  22% (475/2156)   Receiving objects:  23% (496/2156)   Receiving objects:  24% (518/2156)   Receiving objects:  25% (539/2156)   Receiving objects:  26% (561/2156)   Receiving objects:  27% (583/2156)   Receiving objects:  28% (604/2156)   Receiving objects:  29% (626/2156)   Receiving objects:  30% (647/2156)   Receiving objects:  31% (669/2156)   Receiving objects:  32% (690/2156)   Receiving objects:  33% (712/2156)   Receiving objects:  34% (734/2156)   Receiving objects:  35% (755/2156)   Receiving objects:  36% (777/2156)   Receiving objects:  37% (798/2156)   Receiving objects:  38% (820/2156)   Receiving objects:  39% (841/2156)   Receiving objects:  40% (863/2156)   Receiving objects:  41% (884/2156)   Receiving objects:  42% (906/2156)   Receiving objects:  43% (928/2156)   Receiving objects:  44% (949/2156)   Receiving objects:  45% (971/2156)   Receiving objects:  46% (992/2156)   Receiving objects:  47% (1014/2156)   Receiving objects:  48% (1035/2156)   Receiving objects:  49% (1057/2156)   Receiving objects:  50% (1078/2156)   Receiving objects:  51% (1100/2156)   Receiving objects:  52% (1122/2156)   Receiving objects:  53% (1143/2156)   Receiving objects:  54% (1165/2156)   Receiving objects:  55% (1186/2156)   Receiving objects:  56% (1208/2156)   Receiving objects:  57% (1229/2156)   Receiving objects:  58% (1251/2156)   Receiving objects:  59% (1273/2156)   Receiving objects:  60% (1294/2156)   Receiving objects:  61% (1316/2156)   remote: Total 2156 (delta 1498), reused 1814 (delta 1246), pack-reused 0[K
Receiving objects:  62% (1337/2156)   Receiving objects:  63% (1359/2156)   Receiving objects:  64% (1380/2156)   Receiving objects:  65% (1402/2156)   Receiving objects:  66% (1423/2156)   Receiving objects:  67% (1445/2156)   Receiving objects:  68% (1467/2156)   Receiving objects:  69% (1488/2156)   Receiving objects:  70% (1510/2156)   Receiving objects:  71% (1531/2156)   Receiving objects:  72% (1553/2156)   Receiving objects:  73% (1574/2156)   Receiving objects:  74% (1596/2156)   Receiving objects:  75% (1617/2156)   Receiving objects:  76% (1639/2156)   Receiving objects:  77% (1661/2156)   Receiving objects:  78% (1682/2156)   Receiving objects:  79% (1704/2156)   Receiving objects:  80% (1725/2156)   Receiving objects:  81% (1747/2156)   Receiving objects:  82% (1768/2156)   Receiving objects:  83% (1790/2156)   Receiving objects:  84% (1812/2156)   Receiving objects:  85% (1833/2156)   Receiving objects:  86% (1855/2156)   Receiving objects:  87% (1876/2156)   Receiving objects:  88% (1898/2156)   Receiving objects:  89% (1919/2156)   Receiving objects:  90% (1941/2156)   Receiving objects:  91% (1962/2156)   Receiving objects:  92% (1984/2156)   Receiving objects:  93% (2006/2156)   Receiving objects:  94% (2027/2156)   Receiving objects:  95% (2049/2156)   Receiving objects:  96% (2070/2156)   Receiving objects:  97% (2092/2156)   Receiving objects:  98% (2113/2156)   Receiving objects:  99% (2135/2156)   Receiving objects: 100% (2156/2156)   Receiving objects: 100% (2156/2156), 1.28 MiB | 0 bytes/s, done.
Resolving deltas:   0% (0/1498)   Resolving deltas:  17% (257/1498)   Resolving deltas:  18% (274/1498)   Resolving deltas:  33% (505/1498)   Resolving deltas:  43% (655/1498)   Resolving deltas:  45% (682/1498)   Resolving deltas:  48% (732/1498)   Resolving deltas:  49% (744/1498)   Resolving deltas:  50% (756/1498)   Resolving deltas:  51% (767/1498)   Resolving deltas:  52% (781/1498)   Resolving deltas:  53% (798/1498)   Resolving deltas:  54% (810/1498)   Resolving deltas:  59% (884/1498)   Resolving deltas:  60% (907/1498)   Resolving deltas:  66% (1001/1498)   Resolving deltas:  69% (1040/1498)   Resolving deltas:  71% (1077/1498)   Resolving deltas:  72% (1087/1498)   Resolving deltas:  75% (1133/1498)   Resolving deltas:  76% (1139/1498)   Resolving deltas:  77% (1164/1498)   Resolving deltas:  78% (1169/1498)   Resolving deltas:  79% (1184/1498)   Resolving deltas:  80% (1208/1498)   Resolving deltas:  81% (1214/1498)   Resolving deltas:  82% (1230/1498)   Resolving deltas:  83% (1247/1498)   Resolving deltas:  84% (1262/1498)   Resolving deltas:  85% (1274/1498)   Resolving deltas:  86% (1289/1498)   Resolving deltas:  88% (1319/1498)   Resolving deltas:  89% (1343/1498)   Resolving deltas:  91% (1372/1498)   Resolving deltas:  92% (1389/1498)   Resolving deltas:  94% (1416/1498)   Resolving deltas:  95% (1433/1498)   Resolving deltas:  96% (1443/1498)   Resolving deltas:  99% (1494/1498)   Resolving deltas: 100% (1498/1498)   Resolving deltas: 100% (1498/1498), done.
Checking connectivity... done.
travis_time:end:1c2b60bc:start=1437118916372310899,finish=1437118916741501405,duration=369190506[0K$ cd Cal-CS-61A-Staff/ok
$ git checkout -qf 603f35e38fe41c49cafc62ceedbceccaf3b40e15
travis_fold:end:git.checkout[0K
[33;1mThis job is running on container-based infrastructure, which does not allow use of 'sudo', setuid and setguid executables.[0m
[33;1mIf you require sudo, add 'sudo: required' to your .travis.yml[0m
[33;1mSee http://docs.travis-ci.com/user/workers/container-based-infrastructure/ for details.[0m

[33;1mSetting environment variables from .travis.yml[0m
$ export CMD=server/apptest.py
$ export GAE_VERSION=1.9.23

travis_fold:start:cache.1[0KSetting up build cache
$ export CASHER_DIR=$HOME/.casher
travis_time:start:0e129092[0K$ Installing caching utilities
travis_time:end:0e129092:start=1437118919756129456,finish=1437118919873380076,duration=117250620[0Ktravis_time:start:2230c04b[0Kattempting to download cache archive
fetching master/cache--python-2.7.tgz
found cache
travis_time:end:2230c04b:start=1437118919879068286,finish=1437118920877791448,duration=998723162[0Ktravis_time:start:20e7bee4[0Kadding /home/travis/virtualenv/python2.7.9 to cache
travis_time:end:20e7bee4:start=1437118920883069700,finish=1437118922850321433,duration=1967251733[0Ktravis_fold:end:cache.1[0Ktravis_time:start:21cdf854[0K$ source ~/virtualenv/python2.7/bin/activate
travis_time:end:21cdf854:start=1437118922856133749,finish=1437118922860534683,duration=4400934[0K$ python --version
Python 2.7.9
$ pip --version
pip 7.1.0 from /home/travis/virtualenv/python2.7.9/lib/python2.7/site-packages (python 2.7)
travis_fold:start:install[0Ktravis_time:start:11cb7862[0K$ pip install -r server_requirements.txt
Requirement already satisfied (use --upgrade to upgrade): Flask==0.10.1 in /home/travis/virtualenv/python2.7.9/lib/python2.7/site-packages (from -r server_requirements.txt (line 1))
Requirement already satisfied (use --upgrade to upgrade): Flask-Cache==0.13.1 in /home/travis/virtualenv/python2.7.9/lib/python2.7/site-packages (from -r server_requirements.txt (line 2))
Requirement already satisfied (use --upgrade to upgrade): Jinja2==2.7.3 in /home/travis/virtualenv/python2.7.9/lib/python2.7/site-packages (from -r server_requirements.txt (line 3))
Requirement already satisfied (use --upgrade to upgrade): MarkupSafe==0.23 in /home/travis/virtualenv/python2.7.9/lib/python2.7/site-packages (from -r server_requirements.txt (line 4))
Requirement already satisfied (use --upgrade to upgrade): PyYAML==3.11 in /home/travis/virtualenv/python2.7.9/lib/python2.7/site-packages (from -r server_requirements.txt (line 5))
Requirement already satisfied (use --upgrade to upgrade): Pygments==1.6 in /home/travis/virtualenv/python2.7.9/lib/python2.7/site-packages (from -r server_requirements.txt (line 6))
Requirement already satisfied (use --upgrade to upgrade): Sphinx==1.2.2 in /home/travis/virtualenv/python2.7.9/lib/python2.7/site-packages (from -r server_requirements.txt (line 7))
Requirement already satisfied (use --upgrade to upgrade): Werkzeug==0.9.6 in /home/travis/virtualenv/python2.7.9/lib/python2.7/site-packages (from -r server_requirements.txt (line 8))
Requirement already satisfied (use --upgrade to upgrade): argparse==1.2.1 in /home/travis/virtualenv/python2.7.9/lib/python2.7/site-packages (from -r server_requirements.txt (line 9))
Requirement already satisfied (use --upgrade to upgrade): astroid==1.1.1 in /home/travis/virtualenv/python2.7.9/lib/python2.7/site-packages (from -r server_requirements.txt (line 10))
Requirement already satisfied (use --upgrade to upgrade): docutils==0.11 in /home/travis/virtualenv/python2.7.9/lib/python2.7/site-packages (from -r server_requirements.txt (line 11))
Requirement already satisfied (use --upgrade to upgrade): git-pylint-commit-hook==2.0.5 in /home/travis/virtualenv/python2.7.9/lib/python2.7/site-packages (from -r server_requirements.txt (line 12))
Requirement already satisfied (use --upgrade to upgrade): itsdangerous==0.24 in /home/travis/virtualenv/python2.7.9/lib/python2.7/site-packages (from -r server_requirements.txt (line 13))
Obtaining linkenv-master from git+git://github.com/ze-phyr-us/linkenv.git@ae463b3211cb8dcc8868e88176a1101733c83b6d#egg=linkenv-master (from -r server_requirements.txt (line 14))
  Updating /home/travis/virtualenv/python2.7.9/src/linkenv-master clone (to ae463b3211cb8dcc8868e88176a1101733c83b6d)
[33m  Could not find a tag or branch 'ae463b3211cb8dcc8868e88176a1101733c83b6d', assuming commit.[0m
Requirement already satisfied (use --upgrade to upgrade): logilab-common==0.61.0 in /home/travis/virtualenv/python2.7.9/lib/python2.7/site-packages (from -r server_requirements.txt (line 15))
Requirement already satisfied (use --upgrade to upgrade): mimerender==0.5.4 in /home/travis/virtualenv/python2.7.9/lib/python2.7/site-packages (from -r server_requirements.txt (line 16))
Collecting nose==1.3.3 (from -r server_requirements.txt (line 17))
  Downloading nose-1.3.3.tar.gz (274kB)
[?25l[K    1% |â–Œ                               | 4.1kB 32.8MB/s eta 0:00:01[K    2% |â–ˆ                               | 8.2kB 26.4MB/s eta 0:00:01[K    4% |â–ˆâ–                              | 12kB 27.4MB/s eta 0:00:01[K    5% |â–ˆâ–ˆ                              | 16kB 26.4MB/s eta 0:00:01[K    7% |â–ˆâ–ˆâ–                             | 20kB 27.1MB/s eta 0:00:01[K    8% |â–ˆâ–ˆâ–‰                             | 24kB 28.1MB/s eta 0:00:01[K    10% |â–ˆâ–ˆâ–ˆâ–                            | 28kB 28.6MB/s eta 0:00:01[K    11% |â–ˆâ–ˆâ–ˆâ–‰                            | 32kB 2.5MB/s eta 0:00:01[K    13% |â–ˆâ–ˆâ–ˆâ–ˆâ–Ž                           | 36kB 2.8MB/s eta 0:00:01[K    14% |â–ˆâ–ˆâ–ˆâ–ˆâ–Š                           | 40kB 3.0MB/s eta 0:00:01[K    16% |â–ˆâ–ˆâ–ˆâ–ˆâ–ˆâ–Ž                          | 45kB 3.0MB/s eta 0:00:01[K    17% |â–ˆâ–ˆâ–ˆâ–ˆâ–ˆâ–Š                          | 49kB 3.0MB/s eta 0:00:01[K    19% |â–ˆâ–ˆâ–ˆâ–ˆâ–ˆâ–ˆâ–                         | 53kB 3.0MB/s eta 0:00:01[K    20% |â–ˆâ–ˆâ–ˆâ–ˆâ–ˆâ–ˆâ–Š                         | 57kB 3.0MB/s eta 0:00:01[K    22% |â–ˆâ–ˆâ–ˆâ–ˆâ–ˆâ–ˆâ–ˆâ–                        | 61kB 3.0MB/s eta 0:00:01[K    23% |â–ˆâ–ˆâ–ˆâ–ˆâ–ˆâ–ˆâ–ˆâ–‹                        | 65kB 2.6MB/s eta 0:00:01[K    25% |â–ˆâ–ˆâ–ˆâ–ˆâ–ˆâ–ˆâ–ˆâ–ˆ                        | 69kB 2.6MB/s eta 0:00:01[K    26% |â–ˆâ–ˆâ–ˆâ–ˆâ–ˆâ–ˆâ–ˆâ–ˆâ–‹                       | 73kB 9.7MB/s eta 0:00:01[K    28% |â–ˆâ–ˆâ–ˆâ–ˆâ–ˆâ–ˆâ–ˆâ–ˆâ–ˆ                       | 77kB 10.0MB/s eta 0:00:01[K    29% |â–ˆâ–ˆâ–ˆâ–ˆâ–ˆâ–ˆâ–ˆâ–ˆâ–ˆâ–Œ                      | 81kB 3.0MB/s eta 0:00:01[K    31% |â–ˆâ–ˆâ–ˆâ–ˆâ–ˆâ–ˆâ–ˆâ–ˆâ–ˆâ–ˆ                      | 86kB 3.0MB/s eta 0:00:01[K    32% |â–ˆâ–ˆâ–ˆâ–ˆâ–ˆâ–ˆâ–ˆâ–ˆâ–ˆâ–ˆâ–Œ                     | 90kB 3.0MB/s eta 0:00:01[K    34% |â–ˆâ–ˆâ–ˆâ–ˆâ–ˆâ–ˆâ–ˆâ–ˆâ–ˆâ–ˆâ–ˆ                     | 94kB 3.0MB/s eta 0:00:01[K    35% |â–ˆâ–ˆâ–ˆâ–ˆâ–ˆâ–ˆâ–ˆâ–ˆâ–ˆâ–ˆâ–ˆâ–                    | 98kB 3.0MB/s eta 0:00:01[K    37% |â–ˆâ–ˆâ–ˆâ–ˆâ–ˆâ–ˆâ–ˆâ–ˆâ–ˆâ–ˆâ–ˆâ–ˆ                    | 102kB 3.0MB/s eta 0:00:01[K    38% |â–ˆâ–ˆâ–ˆâ–ˆâ–ˆâ–ˆâ–ˆâ–ˆâ–ˆâ–ˆâ–ˆâ–ˆâ–                   | 106kB 3.5MB/s eta 0:00:01[K    40% |â–ˆâ–ˆâ–ˆâ–ˆâ–ˆâ–ˆâ–ˆâ–ˆâ–ˆâ–ˆâ–ˆâ–ˆâ–‰                   | 110kB 3.5MB/s eta 0:00:01[K    41% |â–ˆâ–ˆâ–ˆâ–ˆâ–ˆâ–ˆâ–ˆâ–ˆâ–ˆâ–ˆâ–ˆâ–ˆâ–ˆâ–                  | 114kB 3.5MB/s eta 0:00:01[K    43% |â–ˆâ–ˆâ–ˆâ–ˆâ–ˆâ–ˆâ–ˆâ–ˆâ–ˆâ–ˆâ–ˆâ–ˆâ–ˆâ–‰                  | 118kB 3.5MB/s eta 0:00:01[K    44% |â–ˆâ–ˆâ–ˆâ–ˆâ–ˆâ–ˆâ–ˆâ–ˆâ–ˆâ–ˆâ–ˆâ–ˆâ–ˆâ–ˆâ–Ž                 | 122kB 18.6MB/s eta 0:00:01[K    46% |â–ˆâ–ˆâ–ˆâ–ˆâ–ˆâ–ˆâ–ˆâ–ˆâ–ˆâ–ˆâ–ˆâ–ˆâ–ˆâ–ˆâ–Š                 | 126kB 20.2MB/s eta 0:00:01[K    47% |â–ˆâ–ˆâ–ˆâ–ˆâ–ˆâ–ˆâ–ˆâ–ˆâ–ˆâ–ˆâ–ˆâ–ˆâ–ˆâ–ˆâ–ˆâ–Ž                | 131kB 13.7MB/s eta 0:00:01[K    49% |â–ˆâ–ˆâ–ˆâ–ˆâ–ˆâ–ˆâ–ˆâ–ˆâ–ˆâ–ˆâ–ˆâ–ˆâ–ˆâ–ˆâ–ˆâ–Š                | 135kB 13.7MB/s eta 0:00:01[K    50% |â–ˆâ–ˆâ–ˆâ–ˆâ–ˆâ–ˆâ–ˆâ–ˆâ–ˆâ–ˆâ–ˆâ–ˆâ–ˆâ–ˆâ–ˆâ–ˆâ–               | 139kB 14.2MB/s eta 0:00:01[K    52% |â–ˆâ–ˆâ–ˆâ–ˆâ–ˆâ–ˆâ–ˆâ–ˆâ–ˆâ–ˆâ–ˆâ–ˆâ–ˆâ–ˆâ–ˆâ–ˆâ–Š               | 143kB 14.2MB/s eta 0:00:01[K    53% |â–ˆâ–ˆâ–ˆâ–ˆâ–ˆâ–ˆâ–ˆâ–ˆâ–ˆâ–ˆâ–ˆâ–ˆâ–ˆâ–ˆâ–ˆâ–ˆâ–ˆâ–              | 147kB 13.6MB/s eta 0:00:01[K    55% |â–ˆâ–ˆâ–ˆâ–ˆâ–ˆâ–ˆâ–ˆâ–ˆâ–ˆâ–ˆâ–ˆâ–ˆâ–ˆâ–ˆâ–ˆâ–ˆâ–ˆâ–‹              | 151kB 13.6MB/s eta 0:00:01[K    56% |â–ˆâ–ˆâ–ˆâ–ˆâ–ˆâ–ˆâ–ˆâ–ˆâ–ˆâ–ˆâ–ˆâ–ˆâ–ˆâ–ˆâ–ˆâ–ˆâ–ˆâ–ˆâ–             | 155kB 14.0MB/s eta 0:00:01[K    58% |â–ˆâ–ˆâ–ˆâ–ˆâ–ˆâ–ˆâ–ˆâ–ˆâ–ˆâ–ˆâ–ˆâ–ˆâ–ˆâ–ˆâ–ˆâ–ˆâ–ˆâ–ˆâ–‹             | 159kB 14.0MB/s eta 0:00:01[K    59% |â–ˆâ–ˆâ–ˆâ–ˆâ–ˆâ–ˆâ–ˆâ–ˆâ–ˆâ–ˆâ–ˆâ–ˆâ–ˆâ–ˆâ–ˆâ–ˆâ–ˆâ–ˆâ–ˆ             | 163kB 13.6MB/s eta 0:00:01[K    61% |â–ˆâ–ˆâ–ˆâ–ˆâ–ˆâ–ˆâ–ˆâ–ˆâ–ˆâ–ˆâ–ˆâ–ˆâ–ˆâ–ˆâ–ˆâ–ˆâ–ˆâ–ˆâ–ˆâ–Œ            | 167kB 13.6MB/s eta 0:00:01[K    62% |â–ˆâ–ˆâ–ˆâ–ˆâ–ˆâ–ˆâ–ˆâ–ˆâ–ˆâ–ˆâ–ˆâ–ˆâ–ˆâ–ˆâ–ˆâ–ˆâ–ˆâ–ˆâ–ˆâ–ˆ            | 172kB 19.8MB/s eta 0:00:01[K    64% |â–ˆâ–ˆâ–ˆâ–ˆâ–ˆâ–ˆâ–ˆâ–ˆâ–ˆâ–ˆâ–ˆâ–ˆâ–ˆâ–ˆâ–ˆâ–ˆâ–ˆâ–ˆâ–ˆâ–ˆâ–Œ           | 176kB 19.8MB/s eta 0:00:01[K    65% |â–ˆâ–ˆâ–ˆâ–ˆâ–ˆâ–ˆâ–ˆâ–ˆâ–ˆâ–ˆâ–ˆâ–ˆâ–ˆâ–ˆâ–ˆâ–ˆâ–ˆâ–ˆâ–ˆâ–ˆâ–ˆ           | 180kB 4.2MB/s eta 0:00:01[K    67% |â–ˆâ–ˆâ–ˆâ–ˆâ–ˆâ–ˆâ–ˆâ–ˆâ–ˆâ–ˆâ–ˆâ–ˆâ–ˆâ–ˆâ–ˆâ–ˆâ–ˆâ–ˆâ–ˆâ–ˆâ–ˆâ–Œ          | 184kB 4.1MB/s eta 0:00:01[K    68% |â–ˆâ–ˆâ–ˆâ–ˆâ–ˆâ–ˆâ–ˆâ–ˆâ–ˆâ–ˆâ–ˆâ–ˆâ–ˆâ–ˆâ–ˆâ–ˆâ–ˆâ–ˆâ–ˆâ–ˆâ–ˆâ–ˆ          | 188kB 4.2MB/s eta 0:00:01[K    70% |â–ˆâ–ˆâ–ˆâ–ˆâ–ˆâ–ˆâ–ˆâ–ˆâ–ˆâ–ˆâ–ˆâ–ˆâ–ˆâ–ˆâ–ˆâ–ˆâ–ˆâ–ˆâ–ˆâ–ˆâ–ˆâ–ˆâ–         | 192kB 4.2MB/s eta 0:00:01[K    71% |â–ˆâ–ˆâ–ˆâ–ˆâ–ˆâ–ˆâ–ˆâ–ˆâ–ˆâ–ˆâ–ˆâ–ˆâ–ˆâ–ˆâ–ˆâ–ˆâ–ˆâ–ˆâ–ˆâ–ˆâ–ˆâ–ˆâ–‰         | 196kB 4.2MB/s eta 0:00:01[K    72% |â–ˆâ–ˆâ–ˆâ–ˆâ–ˆâ–ˆâ–ˆâ–ˆâ–ˆâ–ˆâ–ˆâ–ˆâ–ˆâ–ˆâ–ˆâ–ˆâ–ˆâ–ˆâ–ˆâ–ˆâ–ˆâ–ˆâ–ˆâ–        | 200kB 4.2MB/s eta 0:00:01[K    74% |â–ˆâ–ˆâ–ˆâ–ˆâ–ˆâ–ˆâ–ˆâ–ˆâ–ˆâ–ˆâ–ˆâ–ˆâ–ˆâ–ˆâ–ˆâ–ˆâ–ˆâ–ˆâ–ˆâ–ˆâ–ˆâ–ˆâ–ˆâ–‰        | 204kB 4.2MB/s eta 0:00:01[K    75% |â–ˆâ–ˆâ–ˆâ–ˆâ–ˆâ–ˆâ–ˆâ–ˆâ–ˆâ–ˆâ–ˆâ–ˆâ–ˆâ–ˆâ–ˆâ–ˆâ–ˆâ–ˆâ–ˆâ–ˆâ–ˆâ–ˆâ–ˆâ–ˆâ–Ž       | 208kB 4.2MB/s eta 0:00:01[K    77% |â–ˆâ–ˆâ–ˆâ–ˆâ–ˆâ–ˆâ–ˆâ–ˆâ–ˆâ–ˆâ–ˆâ–ˆâ–ˆâ–ˆâ–ˆï¿½ï¿½ï¿½â–ˆâ–ˆâ–ˆâ–ˆâ–ˆâ–ˆâ–ˆâ–ˆâ–‰       | 212kB 4.2MB/s eta 0:00:01[K    78% |â–ˆâ–ˆâ–ˆâ–ˆâ–ˆâ–ˆâ–ˆâ–ˆâ–ˆâ–ˆâ–ˆâ–ˆâ–ˆâ–ˆâ–ˆâ–ˆâ–ˆâ–ˆâ–ˆâ–ˆâ–ˆâ–ˆâ–ˆâ–ˆâ–ˆâ–Ž      | 217kB 4.2MB/s eta 0:00:01[K    80% |â–ˆâ–ˆâ–ˆâ–ˆâ–ˆâ–ˆâ–ˆâ–ˆâ–ˆâ–ˆâ–ˆâ–ˆâ–ˆâ–ˆâ–ˆâ–ˆâ–ˆâ–ˆâ–ˆâ–ˆâ–ˆâ–ˆâ–ˆâ–ˆâ–ˆâ–Š      | 221kB 21.2MB/s eta 0:00:01[K    81% |â–ˆâ–ˆâ–ˆâ–ˆâ–ˆâ–ˆâ–ˆâ–ˆâ–ˆâ–ˆâ–ˆâ–ˆâ–ˆâ–ˆâ–ˆâ–ˆâ–ˆâ–ˆâ–ˆâ–ˆâ–ˆâ–ˆâ–ˆâ–ˆâ–ˆâ–ˆâ–     | 225kB 22.5MB/s eta 0:00:01[K    83% |â–ˆâ–ˆâ–ˆâ–ˆâ–ˆâ–ˆâ–ˆâ–ˆâ–ˆâ–ˆâ–ˆâ–ˆâ–ˆâ–ˆâ–ˆâ–ˆâ–ˆâ–ˆâ–ˆâ–ˆâ–ˆâ–ˆâ–ˆâ–ˆâ–ˆâ–ˆâ–Š     | 229kB 21.8MB/s eta 0:00:01[K    84% |â–ˆâ–ˆâ–ˆâ–ˆâ–ˆâ–ˆâ–ˆâ–ˆâ–ˆâ–ˆâ–ˆâ–ˆâ–ˆâ–ˆâ–ˆâ–ˆâ–ˆâ–ˆâ–ˆâ–ˆâ–ˆâ–ˆâ–ˆâ–ˆâ–ˆâ–ˆâ–ˆâ–    | 233kB 21.8MB/s eta 0:00:01[K    86% |â–ˆâ–ˆâ–ˆâ–ˆâ–ˆâ–ˆâ–ˆâ–ˆâ–ˆâ–ˆâ–ˆâ–ˆâ–ˆâ–ˆâ–ˆâ–ˆâ–ˆâ–ˆâ–ˆâ–ˆâ–ˆâ–ˆâ–ˆâ–ˆâ–ˆâ–ˆâ–ˆâ–‹    | 237kB 22.8MB/s eta 0:00:01[K    87% |â–ˆâ–ˆâ–ˆâ–ˆâ–ˆâ–ˆâ–ˆâ–ˆâ–ˆâ–ˆâ–ˆâ–ˆâ–ˆâ–ˆâ–ˆâ–ˆâ–ˆâ–ˆâ–ˆâ–ˆâ–ˆâ–ˆâ–ˆâ–ˆâ–ˆâ–ˆâ–ˆâ–ˆâ–   | 241kB 22.9MB/s eta 0:00:01[K    89% |â–ˆâ–ˆâ–ˆâ–ˆâ–ˆâ–ˆâ–ˆâ–ˆâ–ˆâ–ˆâ–ˆâ–ˆâ–ˆâ–ˆâ–ˆâ–ˆâ–ˆâ–ˆâ–ˆâ–ˆâ–ˆâ–ˆâ–ˆâ–ˆâ–ˆâ–ˆâ–ˆâ–ˆâ–‹   | 245kB 21.9MB/s eta 0:00:01[K    90% |â–ˆâ–ˆâ–ˆâ–ˆâ–ˆâ–ˆâ–ˆâ–ˆâ–ˆâ–ˆâ–ˆâ–ˆâ–ˆâ–ˆâ–ˆâ–ˆâ–ˆâ–ˆâ–ˆâ–ˆâ–ˆâ–ˆâ–ˆâ–ˆâ–ˆâ–ˆâ–ˆâ–ˆâ–ˆ   | 249kB 21.9MB/s eta 0:00:01[K    92% |â–ˆâ–ˆâ–ˆâ–ˆâ–ˆâ–ˆâ–ˆâ–ˆâ–ˆâ–ˆâ–ˆâ–ˆâ–ˆâ–ˆâ–ˆâ–ˆâ–ˆâ–ˆâ–ˆâ–ˆâ–ˆâ–ˆâ–ˆâ–ˆâ–ˆâ–ˆâ–ˆâ–ˆâ–ˆâ–Œ  | 253kB 23.2MB/s eta 0:00:01[K    93% |â–ˆâ–ˆâ–ˆâ–ˆâ–ˆâ–ˆâ–ˆâ–ˆâ–ˆâ–ˆâ–ˆâ–ˆâ–ˆâ–ˆâ–ˆâ–ˆâ–ˆâ–ˆâ–ˆâ–ˆâ–ˆâ–ˆâ–ˆâ–ˆâ–ˆâ–ˆâ–ˆâ–ˆâ–ˆâ–ˆ  | 258kB 23.3MB/s eta 0:00:01[K    95% |â–ˆâ–ˆâ–ˆâ–ˆâ–ˆâ–ˆâ–ˆâ–ˆâ–ˆâ–ˆâ–ˆâ–ˆâ–ˆâ–ˆâ–ˆâ–ˆâ–ˆâ–ˆâ–ˆâ–ˆâ–ˆâ–ˆâ–ˆâ–ˆâ–ˆâ–ˆâ–ˆâ–ˆâ–ˆâ–ˆâ–Œ | 262kB 22.5MB/s eta 0:00:01[K    96% |â–ˆâ–ˆâ–ˆâ–ˆâ–ˆâ–ˆâ–ˆâ–ˆâ–ˆâ–ˆâ–ˆâ–ˆâ–ˆâ–ˆâ–ˆâ–ˆâ–ˆâ–ˆâ–ˆâ–ˆâ–ˆâ–ˆâ–ˆâ–ˆâ–ˆâ–ˆâ–ˆâ–ˆâ–ˆâ–ˆâ–ˆ | 266kB 22.4MB/s eta 0:00:01[K    98% |â–ˆâ–ˆâ–ˆâ–ˆâ–ˆâ–ˆâ–ˆâ–ˆâ–ˆâ–ˆâ–ˆâ–ˆâ–ˆâ–ˆâ–ˆâ–ˆâ–ˆâ–ˆâ–ˆâ–ˆâ–ˆâ–ˆâ–ˆâ–ˆâ–ˆâ–ˆâ–ˆâ–ˆâ–ˆâ–ˆâ–ˆâ–Œ| 270kB 23.3MB/s eta 0:00:01[K    99% |â–ˆâ–ˆâ–ˆâ–ˆâ–ˆâ–ˆâ–ˆâ–ˆâ–ˆâ–ˆâ–ˆâ–ˆâ–ˆâ–ˆâ–ˆâ–ˆâ–ˆâ–ˆâ–ˆâ–ˆâ–ˆâ–ˆâ–ˆâ–ˆâ–ˆâ–ˆâ–ˆâ–ˆâ–ˆâ–ˆâ–ˆâ–ˆ| 274kB 23.3MB/s eta 0:00:01[K    100% |â–ˆâ–ˆâ–ˆâ–ˆâ–ˆâ–ˆâ–ˆâ–ˆâ–ˆâ–ˆâ–ˆâ–ˆâ–ˆâ–ˆâ–ˆâ–ˆâ–ˆâ–ˆâ–ˆâ–ˆâ–ˆâ–ˆâ–ˆâ–ˆâ–ˆâ–ˆâ–ˆâ–ˆâ–ˆâ–ˆâ–ˆâ–ˆ| 278kB 1.5MB/s 
[?25hRequirement already satisfied (use --upgrade to upgrade): pylint==1.2.1 in /home/travis/virtualenv/python2.7.9/lib/python2.7/site-packages (from -r server_requirements.txt (line 18))
Requirement already satisfied (use --upgrade to upgrade): python-dateutil==2.2 in /home/travis/virtualenv/python2.7.9/lib/python2.7/site-packages (from -r server_requirements.txt (line 19))
Requirement already satisfied (use --upgrade to upgrade): python-mimeparse==0.1.4 in /home/travis/virtualenv/python2.7.9/lib/python2.7/site-packages (from -r server_requirements.txt (line 20))
Requirement already satisfied (use --upgrade to upgrade): requests==2.3.0 in /home/travis/virtualenv/python2.7.9/lib/python2.7/site-packages (from -r server_requirements.txt (line 21))
Requirement already satisfied (use --upgrade to upgrade): six==1.6.1 in /home/travis/virtualenv/python2.7.9/lib/python2.7/site-packages (from -r server_requirements.txt (line 22))
Requirement already satisfied (use --upgrade to upgrade): sphinxcontrib-httpdomain==1.2.1 in /home/travis/virtualenv/python2.7.9/lib/python2.7/site-packages (from -r server_requirements.txt (line 23))
Requirement already satisfied (use --upgrade to upgrade): unittest2==0.5.1 in /home/travis/virtualenv/python2.7.9/lib/python2.7/site-packages (from -r server_requirements.txt (line 24))
Requirement already satisfied (use --upgrade to upgrade): wsgiref==0.1.2 in /opt/python/2.7.9/lib/python2.7 (from -r server_requirements.txt (line 25))
Requirement already satisfied (use --upgrade to upgrade): ddt==0.8.0 in /home/travis/virtualenv/python2.7.9/lib/python2.7/site-packages (from -r server_requirements.txt (line 26))
Requirement already satisfied (use --upgrade to upgrade): webargs==0.5.0 in /home/travis/virtualenv/python2.7.9/lib/python2.7/site-packages (from -r server_requirements.txt (line 27))
Requirement already satisfied (use --upgrade to upgrade): webob==1.1.1 in /home/travis/virtualenv/python2.7.9/lib/python2.7/site-packages (from -r server_requirements.txt (line 28))
Requirement already satisfied (use --upgrade to upgrade): pytz==2014.10 in /home/travis/virtualenv/python2.7.9/lib/python2.7/site-packages (from -r server_requirements.txt (line 29))
Requirement already satisfied (use --upgrade to upgrade): coverage==3.7.1 in /home/travis/virtualenv/python2.7.9/lib/python2.7/site-packages (from -r server_requirements.txt (line 30))
Requirement already satisfied (use --upgrade to upgrade): coveralls==0.5 in /home/travis/virtualenv/python2.7.9/lib/python2.7/site-packages (from -r server_requirements.txt (line 31))
Requirement already satisfied (use --upgrade to upgrade): docopt>=0.6.1 in /home/travis/virtualenv/python2.7.9/lib/python2.7/site-packages (from coveralls==0.5->-r server_requirements.txt (line 31))
Building wheels for collected packages: nose
  Running setup.py bdist_wheel for nose
  Stored in directory: /home/travis/.cache/pip/wheels/cd/20/a0/0d909cdb2cb8dd65e4b90483808cd1ca3bcc676550c3eb610f
Successfully built nose
Installing collected packages: linkenv-master, nose
  Running setup.py develop for linkenv-master
  Found existing installation: nose 1.3.4
    Uninstalling nose-1.3.4:
      Successfully uninstalled nose-1.3.4
Successfully installed linkenv-master nose-1.3.3
travis_time:end:11cb7862:start=1437118923267591793,finish=1437118925503895831,duration=2236304038[0Ktravis_fold:end:install[0Ktravis_fold:start:before_script.1[0Ktravis_time:start:049000ca[0K$ wget https://storage.googleapis.com/appengine-sdks/featured/google_appengine_$GAE_VERSION.zip -o gae_sdk.zip
travis_time:end:049000ca:start=1437118925508041604,finish=1437118926162389139,duration=654347535[0Ktravis_fold:end:before_script.1[0Ktravis_fold:start:before_script.2[0Ktravis_time:start:0ad70d22[0K$ unzip -q google_appengine_$GAE_VERSION.zip
travis_time:end:0ad70d22:start=1437118926168441726,finish=1437118928772809507,duration=2604367781[0Ktravis_fold:end:before_script.2[0Ktravis_fold:start:before_script.3[0Ktravis_time:start:0fe7bf38[0K$ mv google_appengine gae_sdk
travis_time:end:0fe7bf38:start=1437118928777966031,finish=1437118928787894603,duration=9928572[0Ktravis_fold:end:before_script.3[0Ktravis_fold:start:before_script.4[0Ktravis_time:start:0a4c6000[0K$ export GAE_SDK=$PWD/gae_sdk
travis_time:end:0a4c6000:start=1437118928793365995,finish=1437118928798062046,duration=4696051[0Ktravis_fold:end:before_script.4[0Ktravis_fold:start:before_script.5[0Ktravis_time:start:2742f030[0K$ export PATH=$PATH:$GAE_SDK
travis_time:end:2742f030:start=1437118928803558922,finish=1437118928806983715,duration=3424793[0Ktravis_fold:end:before_script.5[0Ktravis_fold:start:before_script.6[0Ktravis_time:start:09911406[0K$ export PYTHONPATH=$PYTHONPATH:$GAE_SDK
travis_time:end:09911406:start=1437118928811390780,finish=1437118928815124847,duration=3734067[0Ktravis_fold:end:before_script.6[0Ktravis_fold:start:before_script.7[0Ktravis_time:start:006e0922[0K$ python server/app/generate_keys.py
travis_time:end:006e0922:start=1437118928819659992,finish=1437118928849617281,duration=29957289[0Ktravis_fold:end:before_script.7[0Ktravis_time:start:020789b0[0K$ FLASK_CONF=TEST coverage run $CMD --sdk_location $GAE_SDK --quiet
============================================================
Doing integration testing
============================================================
..........................................EEE.................................................................E......
======================================================================
ERROR: test_ERROR_mark_as_final_backup (test_api_final_submissions.FinalSubmissionAPITest)
Tests that a missing backup raises the correct error.
----------------------------------------------------------------------
Traceback (most recent call last):
  File "/home/travis/build/Cal-CS-61A-Staff/ok/server/tests/integration/test_api_final_submissions.py", line 61, in test_ERROR_mark_as_final_backup
    self.API().mark_backup(self.user, dict(backup=key))
AttributeError: 'FinalSubmissionAPI' object has no attribute 'mark_backup'

======================================================================
ERROR: test_ERROR_mark_as_final_subm (test_api_final_submissions.FinalSubmissionAPITest)
Tests that a missing submission raises the correct error.
----------------------------------------------------------------------
Traceback (most recent call last):
  File "/home/travis/build/Cal-CS-61A-Staff/ok/server/tests/integration/test_api_final_submissions.py", line 69, in test_ERROR_mark_as_final_subm
    self.API().mark_backup(self.user, dict(backup=self._backup.key))
AttributeError: 'FinalSubmissionAPI' object has no attribute 'mark_backup'

======================================================================
ERROR: test_mark_as_final (test_api_final_submissions.FinalSubmissionAPITest)
Tests that marking works, at the basic level
----------------------------------------------------------------------
Traceback (most recent call last):
  File "/home/travis/build/Cal-CS-61A-Staff/ok/server/tests/integration/test_api_final_submissions.py", line 49, in test_mark_as_final
    self.API().mark_backup(self.user, dict(backup=self._backup.key))
AttributeError: 'FinalSubmissionAPI' object has no attribute 'mark_backup'

======================================================================
ERROR: test_set_different_backup_as_final_submission (test_final_submissions.FinalSubmissionTest)
----------------------------------------------------------------------
Traceback (most recent call last):
  File "/home/travis/build/Cal-CS-61A-Staff/ok/server/tests/integration/test_final_submissions.py", line 268, in test_set_different_backup_as_final_submission
    api.FinalSubmissionAPI().mark_backup(
AttributeError: 'FinalSubmissionAPI' object has no attribute 'mark_backup'

----------------------------------------------------------------------
Ran 117 tests in 14.199s

FAILED (errors=4)
============================================================
Doing unittests testing
============================================================
............................................................................................................
----------------------------------------------------------------------
Ran 108 tests in 22.123s

OK
SOME TESTS FAILED
travis_time:end:020789b0:start=1437118928854901572,finish=1437118967520288358,duration=38665386786[0K
[31;1mThe command "FLASK_CONF=TEST coverage run $CMD --sdk_location $GAE_SDK --quiet" exited with 1.[0m
travis_fold:start:cache.2[0Kstore build cache
travis_time:start:07308d4a[0Kchange detected:
/home/travis/virtualenv/python2.7.9/lib/python2.7/site-packages/nose-1.3.4.dist-info/DESCRIPTION.rst
/home/travis/virtualenv/python2.7.9/lib/python2.7/site-packages/nose-1.3.4.dist-info/entry_points.txt
/home/travis/virtualenv/python2.7.9/lib/python2.7/site-packages/nose-1.3.4.dist-info/METADATA
/home/travis/virtualenv/python2.7.9/lib/python2.7/site-packages/nose-1.3.4.dist-info/metadata.json
/home/travis/virtualenv/python2.7.9/lib/python2.7/site-packages/nose-1.3.4.dist-info/RECORD
/home/travis/virtualenv/python2.7.9/lib/python2.7/site-packages/nose-1.3.4.dist-info/top_level.txt
/home/travis/virtualenv/python2.7.9/lib/python2.7/site-packages/nose-1.3.4.dist-info/WHEEL
/home/travis/virtualenv/python2.7.9/lib/python2.7/site-packages/nose/case.pyc
/home/travis/virtualenv/python2.7.9/lib/python2.7/site-packages/nose/case.pyc
/home/travis/virtualenv/python2.7.9/lib/python2.7/site-packages/nose/commands.pyc
/home/travis/virtualenv/python2.7.9/lib/python2.7/site-packages/nose/commands.pyc
/ho
...
changes detected, packing new archive
uploading archive
travis_time:end:07308d4a:start=1437118967526480208,finish=1437118973432780730,duration=5906300522[0Ktravis_fold:end:cache.2[0K
Done. Your build exited with 1.
