Using worker: worker-linux-docker-67a71d8e.prod.travis-ci.org:travis-linux-7

travis_fold:start:system_info[0K[33;1mBuild system information[0m
Build language: python
[34m[1mBuild image provisioning date and time[0m
Thu Feb  5 15:09:33 UTC 2015
[34m[1mOperating System Details[0m
Distributor ID:	Ubuntu
Description:	Ubuntu 12.04.5 LTS
Release:	12.04
Codename:	precise
[34m[1mLinux Version[0m
3.13.0-29-generic
[34m[1mCookbooks Version[0m
a68419e https://github.com/travis-ci/travis-cookbooks/tree/a68419e
[34m[1mGCC version[0m
gcc (Ubuntu/Linaro 4.6.3-1ubuntu5) 4.6.3
Copyright (C) 2011 Free Software Foundation, Inc.
This is free software; see the source for copying conditions.  There is NO
warranty; not even for MERCHANTABILITY or FITNESS FOR A PARTICULAR PURPOSE.

[34m[1mLLVM version[0m
clang version 3.4 (tags/RELEASE_34/final)
Target: x86_64-unknown-linux-gnu
Thread model: posix
[34m[1mPre-installed Ruby versions[0m
ruby-1.9.3-p551
[34m[1mPre-installed Node.js versions[0m
v0.10.36
[34m[1mPre-installed Go versions[0m
1.4.1
[34m[1mRedis version[0m
redis-server 2.8.19
[34m[1mriak version[0m
2.0.2
[34m[1mMongoDB version[0m
MongoDB 2.4.12
[34m[1mCouchDB version[0m
couchdb 1.6.1
[34m[1mNeo4j version[0m
1.9.4
[34m[1mRabbitMQ Version[0m
3.4.3
[34m[1mElasticSearch version[0m
1.4.0
[34m[1mInstalled Sphinx versions[0m
2.0.10
2.1.9
2.2.6
[34m[1mDefault Sphinx version[0m
2.2.6
[34m[1mInstalled Firefox version[0m
firefox 31.0esr
[34m[1mPhantomJS version[0m
1.9.8
[34m[1mant -version[0m
Apache Ant(TM) version 1.8.2 compiled on December 3 2011
[34m[1mmvn -version[0m
Apache Maven 3.2.5 (12a6b3acb947671f09b81f49094c53f426d8cea1; 2014-12-14T17:29:23+00:00)
Maven home: /usr/local/maven
Java version: 1.7.0_76, vendor: Oracle Corporation
Java home: /usr/lib/jvm/java-7-oracle/jre
Default locale: en_US, platform encoding: ANSI_X3.4-1968
OS name: "linux", version: "3.13.0-29-generic", arch: "amd64", family: "unix"
travis_fold:end:system_info[0K
travis_fold:start:git.checkout[0Ktravis_time:start:14ed8560[0K$ git clone --depth=50 git://github.com/Cal-CS-61A-Staff/ok.git Cal-CS-61A-Staff/ok
Cloning into 'Cal-CS-61A-Staff/ok'...
remote: Counting objects: 1804, done.[K
remote: Compressing objects:   0% (1/755)   [Kremote: Compressing objects:   1% (8/755)   [Kremote: Compressing objects:   2% (16/755)   [Kremote: Compressing objects:   3% (23/755)   [Kremote: Compressing objects:   4% (31/755)   [Kremote: Compressing objects:   5% (38/755)   [Kremote: Compressing objects:   6% (46/755)   [Kremote: Compressing objects:   7% (53/755)   [Kremote: Compressing objects:   8% (61/755)   [Kremote: Compressing objects:   9% (68/755)   [Kremote: Compressing objects:  10% (76/755)   [Kremote: Compressing objects:  11% (84/755)   [Kremote: Compressing objects:  12% (91/755)   [Kremote: Compressing objects:  13% (99/755)   [Kremote: Compressing objects:  14% (106/755)   [Kremote: Compressing objects:  15% (114/755)   [Kremote: Compressing objects:  16% (121/755)   [Kremote: Compressing objects:  17% (129/755)   [Kremote: Compressing objects:  18% (136/755)   [Kremote: Compressing objects:  19% (144/755)   [Kremote: Compressing objects:  20% (151/755)   [Kremote: Compressing objects:  21% (159/755)   [Kremote: Compressing objects:  22% (167/755)   [Kremote: Compressing objects:  23% (174/755)   [Kremote: Compressing objects:  24% (182/755)   [Kremote: Compressing objects:  25% (189/755)   [Kremote: Compressing objects:  26% (197/755)   [Kremote: Compressing objects:  27% (204/755)   [Kremote: Compressing objects:  28% (212/755)   [Kremote: Compressing objects:  29% (219/755)   [Kremote: Compressing objects:  30% (227/755)   [Kremote: Compressing objects:  31% (235/755)   [Kremote: Compressing objects:  32% (242/755)   [Kremote: Compressing objects:  33% (250/755)   [Kremote: Compressing objects:  34% (257/755)   [Kremote: Compressing objects:  35% (265/755)   [Kremote: Compressing objects:  36% (272/755)   [Kremote: Compressing objects:  37% (280/755)   [Kremote: Compressing objects:  38% (287/755)   [Kremote: Compressing objects:  39% (295/755)   [Kremote: Compressing objects:  40% (302/755)   [Kremote: Compressing objects:  41% (310/755)   [Kremote: Compressing objects:  42% (318/755)   [Kremote: Compressing objects:  43% (325/755)   [Kremote: Compressing objects:  44% (333/755)   [Kremote: Compressing objects:  45% (340/755)   [Kremote: Compressing objects:  46% (348/755)   [Kremote: Compressing objects:  47% (355/755)   [Kremote: Compressing objects:  48% (363/755)   [Kremote: Compressing objects:  49% (370/755)   [Kremote: Compressing objects:  50% (378/755)   [Kremote: Compressing objects:  51% (386/755)   [Kremote: Compressing objects:  52% (393/755)   [Kremote: Compressing objects:  53% (401/755)   [Kremote: Compressing objects:  54% (408/755)   [Kremote: Compressing objects:  55% (416/755)   [Kremote: Compressing objects:  56% (423/755)   [Kremote: Compressing objects:  57% (431/755)   [Kremote: Compressing objects:  58% (438/755)   [Kremote: Compressing objects:  59% (446/755)   [Kremote: Compressing objects:  60% (453/755)   [Kremote: Compressing objects:  61% (461/755)   [Kremote: Compressing objects:  62% (469/755)   [Kremote: Compressing objects:  63% (476/755)   [Kremote: Compressing objects:  64% (484/755)   [Kremote: Compressing objects:  65% (491/755)   [Kremote: Compressing objects:  66% (499/755)   [Kremote: Compressing objects:  67% (506/755)   [Kremote: Compressing objects:  68% (514/755)   [Kremote: Compressing objects:  69% (521/755)   [Kremote: Compressing objects:  70% (529/755)   [Kremote: Compressing objects:  71% (537/755)   [Kremote: Compressing objects:  72% (544/755)   [Kremote: Compressing objects:  73% (552/755)   [Kremote: Compressing objects:  74% (559/755)   [Kremote: Compressing objects:  75% (567/755)   [Kremote: Compressing objects:  76% (574/755)   [Kremote: Compressing objects:  77% (582/755)   [Kremote: Compressing objects:  78% (589/755)   [Kremote: Compressing objects:  79% (597/755)   [Kremote: Compressing objects:  80% (604/755)   [Kremote: Compressing objects:  81% (612/755)   [Kremote: Compressing objects:  82% (620/755)   [Kremote: Compressing objects:  83% (627/755)   [Kremote: Compressing objects:  84% (635/755)   [Kremote: Compressing objects:  85% (642/755)   [Kremote: Compressing objects:  86% (650/755)   [Kremote: Compressing objects:  87% (657/755)   [Kremote: Compressing objects:  88% (665/755)   [Kremote: Compressing objects:  89% (672/755)   [Kremote: Compressing objects:  90% (680/755)   [Kremote: Compressing objects:  91% (688/755)   [Kremote: Compressing objects:  92% (695/755)   [Kremote: Compressing objects:  93% (703/755)   [Kremote: Compressing objects:  94% (710/755)   [Kremote: Compressing objects:  95% (718/755)   [Kremote: Compressing objects:  96% (725/755)   [Kremote: Compressing objects:  97% (733/755)   [Kremote: Compressing objects:  98% (740/755)   [Kremote: Compressing objects:  99% (748/755)   [Kremote: Compressing objects: 100% (755/755)   [Kremote: Compressing objects: 100% (755/755), done.[K
Receiving objects:   0% (1/1804)   Receiving objects:   1% (19/1804)   Receiving objects:   2% (37/1804)   Receiving objects:   3% (55/1804)   Receiving objects:   4% (73/1804)   Receiving objects:   5% (91/1804)   Receiving objects:   6% (109/1804)   Receiving objects:   7% (127/1804)   Receiving objects:   8% (145/1804)   Receiving objects:   9% (163/1804)   Receiving objects:  10% (181/1804)   Receiving objects:  11% (199/1804)   Receiving objects:  12% (217/1804)   Receiving objects:  13% (235/1804)   Receiving objects:  14% (253/1804)   Receiving objects:  15% (271/1804)   Receiving objects:  16% (289/1804)   Receiving objects:  17% (307/1804)   Receiving objects:  18% (325/1804)   Receiving objects:  19% (343/1804)   Receiving objects:  20% (361/1804)   Receiving objects:  21% (379/1804)   Receiving objects:  22% (397/1804)   Receiving objects:  23% (415/1804)   Receiving objects:  24% (433/1804)   Receiving objects:  25% (451/1804)   Receiving objects:  26% (470/1804)   Receiving objects:  27% (488/1804)   Receiving objects:  28% (506/1804)   Receiving objects:  29% (524/1804)   Receiving objects:  30% (542/1804)   Receiving objects:  31% (560/1804)   Receiving objects:  32% (578/1804)   Receiving objects:  33% (596/1804)   Receiving objects:  34% (614/1804)   Receiving objects:  35% (632/1804)   Receiving objects:  36% (650/1804)   Receiving objects:  37% (668/1804)   Receiving objects:  38% (686/1804)   Receiving objects:  39% (704/1804)   Receiving objects:  40% (722/1804)   Receiving objects:  41% (740/1804)   Receiving objects:  42% (758/1804)   Receiving objects:  43% (776/1804)   Receiving objects:  44% (794/1804)   Receiving objects:  45% (812/1804)   Receiving objects:  46% (830/1804)   Receiving objects:  47% (848/1804)   Receiving objects:  48% (866/1804)   Receiving objects:  49% (884/1804)   Receiving objects:  50% (902/1804)   Receiving objects:  51% (921/1804)   Receiving objects:  52% (939/1804)   remote: Total 1804 (delta 1212), reused 1507 (delta 1011), pack-reused 0[K
Receiving objects:  53% (957/1804)   Receiving objects:  54% (975/1804)   Receiving objects:  55% (993/1804)   Receiving objects:  56% (1011/1804)   Receiving objects:  57% (1029/1804)   Receiving objects:  58% (1047/1804)   Receiving objects:  59% (1065/1804)   Receiving objects:  60% (1083/1804)   Receiving objects:  61% (1101/1804)   Receiving objects:  62% (1119/1804)   Receiving objects:  63% (1137/1804)   Receiving objects:  64% (1155/1804)   Receiving objects:  65% (1173/1804)   Receiving objects:  66% (1191/1804)   Receiving objects:  67% (1209/1804)   Receiving objects:  68% (1227/1804)   Receiving objects:  69% (1245/1804)   Receiving objects:  70% (1263/1804)   Receiving objects:  71% (1281/1804)   Receiving objects:  72% (1299/1804)   Receiving objects:  73% (1317/1804)   Receiving objects:  74% (1335/1804)   Receiving objects:  75% (1353/1804)   Receiving objects:  76% (1372/1804)   Receiving objects:  77% (1390/1804)   Receiving objects:  78% (1408/1804)   Receiving objects:  79% (1426/1804)   Receiving objects:  80% (1444/1804)   Receiving objects:  81% (1462/1804)   Receiving objects:  82% (1480/1804)   Receiving objects:  83% (1498/1804)   Receiving objects:  84% (1516/1804)   Receiving objects:  85% (1534/1804)   Receiving objects:  86% (1552/1804)   Receiving objects:  87% (1570/1804)   Receiving objects:  88% (1588/1804)   Receiving objects:  89% (1606/1804)   Receiving objects:  90% (1624/1804)   Receiving objects:  91% (1642/1804)   Receiving objects:  92% (1660/1804)   Receiving objects:  93% (1678/1804)   Receiving objects:  94% (1696/1804)   Receiving objects:  95% (1714/1804)   Receiving objects:  96% (1732/1804)   Receiving objects:  97% (1750/1804)   Receiving objects:  98% (1768/1804)   Receiving objects:  99% (1786/1804)   Receiving objects: 100% (1804/1804)   Receiving objects: 100% (1804/1804), 1.22 MiB | 0 bytes/s, done.
Resolving deltas:   0% (0/1212)   Resolving deltas:  17% (212/1212)   Resolving deltas:  18% (223/1212)   Resolving deltas:  34% (416/1212)   Resolving deltas:  43% (531/1212)   Resolving deltas:  47% (574/1212)   Resolving deltas:  49% (604/1212)   Resolving deltas:  50% (611/1212)   Resolving deltas:  51% (619/1212)   Resolving deltas:  52% (631/1212)   Resolving deltas:  53% (643/1212)   Resolving deltas:  54% (655/1212)   Resolving deltas:  60% (728/1212)   Resolving deltas:  61% (743/1212)   Resolving deltas:  62% (753/1212)   Resolving deltas:  65% (793/1212)   Resolving deltas:  66% (812/1212)   Resolving deltas:  67% (815/1212)   Resolving deltas:  70% (851/1212)   Resolving deltas:  72% (882/1212)   Resolving deltas:  73% (887/1212)   Resolving deltas:  75% (921/1212)   Resolving deltas:  76% (923/1212)   Resolving deltas:  77% (935/1212)   Resolving deltas:  78% (946/1212)   Resolving deltas:  79% (960/1212)   Resolving deltas:  80% (981/1212)   Resolving deltas:  81% (982/1212)   Resolving deltas:  82% (995/1212)   Resolving deltas:  83% (1006/1212)   Resolving deltas:  84% (1022/1212)   Resolving deltas:  85% (1032/1212)   Resolving deltas:  86% (1043/1212)   Resolving deltas:  88% (1068/1212)   Resolving deltas:  89% (1081/1212)   Resolving deltas:  91% (1108/1212)   Resolving deltas:  92% (1123/1212)   Resolving deltas:  94% (1147/1212)   Resolving deltas:  95% (1161/1212)   Resolving deltas:  96% (1165/1212)   Resolving deltas:  98% (1195/1212)   Resolving deltas:  99% (1206/1212)   Resolving deltas: 100% (1212/1212)   Resolving deltas: 100% (1212/1212), done.
Checking connectivity... done.
travis_time:end:14ed8560:start=1436985055271795361,finish=1436985056156917682,duration=885122321[0K$ cd Cal-CS-61A-Staff/ok
travis_time:start:08a2339a[0K$ git fetch origin +refs/pull/546/merge:
remote: Counting objects: 18, done.[K
remote: Compressing objects:   9% (1/11)   [Kremote: Compressing objects:  18% (2/11)   [Kremote: Compressing objects:  27% (3/11)   [Kremote: Compressing objects:  36% (4/11)   [Kremote: Compressing objects:  45% (5/11)   [Kremote: Compressing objects:  54% (6/11)   [Kremote: Compressing objects:  63% (7/11)   [Kremote: Compressing objects:  72% (8/11)   [Kremote: Compressing objects:  81% (9/11)   [Kremote: Compressing objects:  90% (10/11)   [Kremote: Compressing objects: 100% (11/11)   [Kremote: Compressing objects: 100% (11/11), done.[K
remote: Total 18 (delta 12), reused 12 (delta 7), pack-reused 0[K
Unpacking objects:   5% (1/18)   Unpacking objects:  11% (2/18)   Unpacking objects:  16% (3/18)   Unpacking objects:  22% (4/18)   Unpacking objects:  27% (5/18)   Unpacking objects:  33% (6/18)   Unpacking objects:  38% (7/18)   Unpacking objects:  44% (8/18)   Unpacking objects:  50% (9/18)   Unpacking objects:  55% (10/18)   Unpacking objects:  61% (11/18)   Unpacking objects:  66% (12/18)   Unpacking objects:  72% (13/18)   Unpacking objects:  77% (14/18)   Unpacking objects:  83% (15/18)   Unpacking objects:  88% (16/18)   Unpacking objects:  94% (17/18)   Unpacking objects: 100% (18/18)   Unpacking objects: 100% (18/18), done.
From git://github.com/Cal-CS-61A-Staff/ok
 * branch            refs/pull/546/merge -> FETCH_HEAD
travis_time:end:08a2339a:start=1436985056160842709,finish=1436985056251322022,duration=90479313[0K$ git checkout -qf FETCH_HEAD
travis_fold:end:git.checkout[0K
[33;1mThis job is running on container-based infrastructure, which does not allow use of 'sudo', setuid and setguid executables.[0m
[33;1mIf you require sudo, add 'sudo: required' to your .travis.yml[0m
[33;1mSee http://docs.travis-ci.com/user/workers/container-based-infrastructure/ for details.[0m

[33;1mSetting environment variables from .travis.yml[0m
$ export CMD=server/apptest.py
$ export GAE_VERSION=1.9.23

travis_fold:start:cache.1[0KSetting up build cache
$ export CASHER_DIR=$HOME/.casher
travis_time:start:12beaa00[0K$ Installing caching utilities
travis_time:end:12beaa00:start=1436985060044874745,finish=1436985060075808503,duration=30933758[0Ktravis_time:start:18a2b2c8[0Kattempting to download cache archive
fetching PR.546/cache--python-2.7.tgz
found cache
travis_time:end:18a2b2c8:start=1436985060080776362,finish=1436985061278160415,duration=1197384053[0Ktravis_time:start:2bf0a0f1[0Kadding /home/travis/virtualenv/python2.7.9 to cache
travis_time:end:2bf0a0f1:start=1436985061281903048,finish=1436985064963383916,duration=3681480868[0Ktravis_fold:end:cache.1[0Ktravis_time:start:2c4c387f[0K$ source ~/virtualenv/python2.7/bin/activate
travis_time:end:2c4c387f:start=1436985064967675997,finish=1436985064971497115,duration=3821118[0K$ python --version
Python 2.7.9
$ pip --version
pip 7.1.0 from /home/travis/virtualenv/python2.7.9/lib/python2.7/site-packages (python 2.7)
travis_fold:start:install[0Ktravis_time:start:1a319795[0K$ pip install -r server_requirements.txt
Requirement already satisfied (use --upgrade to upgrade): Flask==0.10.1 in /home/travis/virtualenv/python2.7.9/lib/python2.7/site-packages (from -r server_requirements.txt (line 1))
Requirement already satisfied (use --upgrade to upgrade): Flask-Cache==0.13.1 in /home/travis/virtualenv/python2.7.9/lib/python2.7/site-packages (from -r server_requirements.txt (line 2))
Requirement already satisfied (use --upgrade to upgrade): Jinja2==2.7.3 in /home/travis/virtualenv/python2.7.9/lib/python2.7/site-packages (from -r server_requirements.txt (line 3))
Requirement already satisfied (use --upgrade to upgrade): MarkupSafe==0.23 in /home/travis/virtualenv/python2.7.9/lib/python2.7/site-packages (from -r server_requirements.txt (line 4))
Requirement already satisfied (use --upgrade to upgrade): PyYAML==3.11 in /home/travis/virtualenv/python2.7.9/lib/python2.7/site-packages (from -r server_requirements.txt (line 5))
Requirement already satisfied (use --upgrade to upgrade): Pygments==1.6 in /home/travis/virtualenv/python2.7.9/lib/python2.7/site-packages (from -r server_requirements.txt (line 6))
Requirement already satisfied (use --upgrade to upgrade): Sphinx==1.2.2 in /home/travis/virtualenv/python2.7.9/lib/python2.7/site-packages (from -r server_requirements.txt (line 7))
Requirement already satisfied (use --upgrade to upgrade): Werkzeug==0.9.6 in /home/travis/virtualenv/python2.7.9/lib/python2.7/site-packages (from -r server_requirements.txt (line 8))
Requirement already satisfied (use --upgrade to upgrade): argparse==1.2.1 in /home/travis/virtualenv/python2.7.9/lib/python2.7/site-packages (from -r server_requirements.txt (line 9))
Requirement already satisfied (use --upgrade to upgrade): astroid==1.1.1 in /home/travis/virtualenv/python2.7.9/lib/python2.7/site-packages (from -r server_requirements.txt (line 10))
Requirement already satisfied (use --upgrade to upgrade): docutils==0.11 in /home/travis/virtualenv/python2.7.9/lib/python2.7/site-packages (from -r server_requirements.txt (line 11))
Requirement already satisfied (use --upgrade to upgrade): git-pylint-commit-hook==2.0.5 in /home/travis/virtualenv/python2.7.9/lib/python2.7/site-packages (from -r server_requirements.txt (line 12))
Requirement already satisfied (use --upgrade to upgrade): itsdangerous==0.24 in /home/travis/virtualenv/python2.7.9/lib/python2.7/site-packages (from -r server_requirements.txt (line 13))
Obtaining linkenv-master from git+git://github.com/ze-phyr-us/linkenv.git@ae463b3211cb8dcc8868e88176a1101733c83b6d#egg=linkenv-master (from -r server_requirements.txt (line 14))
  Updating /home/travis/virtualenv/python2.7.9/src/linkenv-master clone (to ae463b3211cb8dcc8868e88176a1101733c83b6d)
[33m  Could not find a tag or branch 'ae463b3211cb8dcc8868e88176a1101733c83b6d', assuming commit.[0m
Requirement already satisfied (use --upgrade to upgrade): logilab-common==0.61.0 in /home/travis/virtualenv/python2.7.9/lib/python2.7/site-packages (from -r server_requirements.txt (line 15))
Requirement already satisfied (use --upgrade to upgrade): mimerender==0.5.4 in /home/travis/virtualenv/python2.7.9/lib/python2.7/site-packages (from -r server_requirements.txt (line 16))
Collecting nose==1.3.3 (from -r server_requirements.txt (line 17))
  Downloading nose-1.3.3.tar.gz (274kB)
[?25l[K    1% |â–Œ                               | 4.1kB 22.6MB/s eta 0:00:01[K    2% |â–ˆ                               | 8.2kB 18.3MB/s eta 0:00:01[K    4% |â–ˆâ–                              | 12kB 18.4MB/s eta 0:00:01[K    5% |â–ˆâ–ˆ                              | 16kB 16.4MB/s eta 0:00:01[K    7% |â–ˆâ–ˆâ–                             | 20kB 16.6MB/s eta 0:00:01[K    8% |â–ˆâ–ˆâ–‰                             | 24kB 17.1MB/s eta 0:00:01[K    10% |â–ˆâ–ˆâ–ˆâ–                            | 28kB 17.2MB/s eta 0:00:01[K    11% |â–ˆâ–ˆâ–ˆâ–‰                            | 32kB 16.4MB/s eta 0:00:01[K    13% |â–ˆâ–ˆâ–ˆâ–ˆâ–Ž                           | 36kB 16.7MB/s eta 0:00:01[K    14% |â–ˆâ–ˆâ–ˆâ–ˆâ–Š                           | 40kB 17.0MB/s eta 0:00:01[K    16% |â–ˆâ–ˆâ–ˆâ–ˆâ–ˆâ–Ž                          | 45kB 16.6MB/s eta 0:00:01[K    17% |â–ˆâ–ˆâ–ˆâ–ˆâ–ˆâ–Š                          | 49kB 16.2MB/s eta 0:00:01[K    19% |â–ˆâ–ˆâ–ˆâ–ˆâ–ˆâ–ˆâ–                         | 53kB 16.1MB/s eta 0:00:01[K    20% |â–ˆâ–ˆâ–ˆâ–ˆâ–ˆâ–ˆâ–Š                         | 57kB 16.9MB/s eta 0:00:01[K    22% |â–ˆâ–ˆâ–ˆâ–ˆâ–ˆâ–ˆâ–ˆâ–                        | 61kB 16.8MB/s eta 0:00:01[K    23% |â–ˆâ–ˆâ–ˆâ–ˆâ–ˆâ–ˆâ–ˆâ–‹                        | 65kB 16.1MB/s eta 0:00:01[K    25% |â–ˆâ–ˆâ–ˆâ–ˆâ–ˆâ–ˆâ–ˆâ–ˆ                        | 69kB 16.0MB/s eta 0:00:01[K    26% |â–ˆâ–ˆâ–ˆâ–ˆâ–ˆâ–ˆâ–ˆâ–ˆâ–‹                       | 73kB 16.7MB/s eta 0:00:01[K    28% |â–ˆâ–ˆâ–ˆâ–ˆâ–ˆâ–ˆâ–ˆâ–ˆâ–ˆ                       | 77kB 16.6MB/s eta 0:00:01[K    29% |â–ˆâ–ˆâ–ˆâ–ˆâ–ˆâ–ˆâ–ˆâ–ˆâ–ˆâ–Œ                      | 81kB 15.8MB/s eta 0:00:01[K    31% |â–ˆâ–ˆâ–ˆâ–ˆâ–ˆâ–ˆâ–ˆâ–ˆâ–ˆâ–ˆ                      | 86kB 15.9MB/s eta 0:00:01[K    32% |â–ˆâ–ˆâ–ˆâ–ˆâ–ˆâ–ˆâ–ˆâ–ˆâ–ˆâ–ˆâ–Œ                     | 90kB 16.6MB/s eta 0:00:01[K    34% |â–ˆâ–ˆâ–ˆâ–ˆâ–ˆâ–ˆâ–ˆâ–ˆâ–ˆâ–ˆâ–ˆ                     | 94kB 16.7MB/s eta 0:00:01[K    35% |â–ˆâ–ˆâ–ˆâ–ˆâ–ˆâ–ˆâ–ˆâ–ˆâ–ˆâ–ˆâ–ˆâ–                    | 98kB 16.1MB/s eta 0:00:01[K    37% |â–ˆâ–ˆâ–ˆâ–ˆâ–ˆâ–ˆâ–ˆâ–ˆâ–ˆâ–ˆâ–ˆâ–ˆ                    | 102kB 16.1MB/s eta 0:00:01[K    38% |â–ˆâ–ˆâ–ˆâ–ˆâ–ˆâ–ˆâ–ˆâ–ˆâ–ˆâ–ˆâ–ˆâ–ˆâ–                   | 106kB 16.8MB/s eta 0:00:01[K    40% |â–ˆâ–ˆâ–ˆâ–ˆâ–ˆâ–ˆâ–ˆâ–ˆâ–ˆâ–ˆâ–ˆâ–ˆâ–‰                   | 110kB 16.9MB/s eta 0:00:01[K    41% |â–ˆâ–ˆâ–ˆâ–ˆâ–ˆâ–ˆâ–ˆâ–ˆâ–ˆâ–ˆâ–ˆâ–ˆâ–ˆâ–                  | 114kB 16.2MB/s eta 0:00:01[K    43% |â–ˆâ–ˆâ–ˆâ–ˆâ–ˆâ–ˆâ–ˆâ–ˆâ–ˆâ–ˆâ–ˆâ–ˆâ–ˆâ–‰                  | 118kB 16.3MB/s eta 0:00:01[K    44% |â–ˆâ–ˆâ–ˆâ–ˆâ–ˆâ–ˆâ–ˆâ–ˆâ–ˆâ–ˆâ–ˆâ–ˆâ–ˆâ–ˆâ–Ž                 | 122kB 17.1MB/s eta 0:00:01[K    46% |â–ˆâ–ˆâ–ˆâ–ˆâ–ˆâ–ˆâ–ˆâ–ˆâ–ˆâ–ˆâ–ˆâ–ˆâ–ˆâ–ˆâ–Š                 | 126kB 17.0MB/s eta 0:00:01[K    47% |â–ˆâ–ˆâ–ˆâ–ˆâ–ˆâ–ˆâ–ˆâ–ˆâ–ˆâ–ˆâ–ˆâ–ˆâ–ˆâ–ˆâ–ˆâ–Ž                | 131kB 16.2MB/s eta 0:00:01[K    49% |â–ˆâ–ˆâ–ˆâ–ˆâ–ˆâ–ˆâ–ˆâ–ˆâ–ˆâ–ˆâ–ˆâ–ˆâ–ˆâ–ˆâ–ˆâ–Š                | 135kB 16.2MB/s eta 0:00:01[K    50% |â–ˆâ–ˆâ–ˆâ–ˆâ–ˆâ–ˆâ–ˆâ–ˆâ–ˆâ–ˆâ–ˆâ–ˆâ–ˆâ–ˆâ–ˆâ–ˆâ–               | 139kB 16.8MB/s eta 0:00:01[K    52% |â–ˆâ–ˆâ–ˆâ–ˆâ–ˆâ–ˆâ–ˆâ–ˆâ–ˆâ–ˆâ–ˆâ–ˆâ–ˆâ–ˆâ–ˆâ–ˆâ–Š               | 143kB 16.7MB/s eta 0:00:01[K    53% |â–ˆâ–ˆâ–ˆâ–ˆâ–ˆâ–ˆâ–ˆâ–ˆâ–ˆâ–ˆâ–ˆâ–ˆâ–ˆâ–ˆâ–ˆâ–ˆâ–ˆâ–              | 147kB 16.0MB/s eta 0:00:01[K    55% |â–ˆâ–ˆâ–ˆâ–ˆâ–ˆâ–ˆâ–ˆâ–ˆâ–ˆâ–ˆâ–ˆâ–ˆâ–ˆâ–ˆâ–ˆâ–ˆâ–ˆâ–‹              | 151kB 16.0MB/s eta 0:00:01[K    56% |â–ˆâ–ˆâ–ˆâ–ˆâ–ˆâ–ˆâ–ˆâ–ˆâ–ˆâ–ˆâ–ˆâ–ˆâ–ˆâ–ˆâ–ˆâ–ˆâ–ˆâ–ˆâ–             | 155kB 16.8MB/s eta 0:00:01[K    58% |â–ˆâ–ˆâ–ˆâ–ˆâ–ˆâ–ˆâ–ˆâ–ˆâ–ˆâ–ˆâ–ˆâ–ˆâ–ˆâ–ˆâ–ˆâ–ˆâ–ˆâ–ˆâ–‹             | 159kB 16.5MB/s eta 0:00:01[K    59% |â–ˆâ–ˆâ–ˆâ–ˆâ–ˆâ–ˆâ–ˆâ–ˆâ–ˆâ–ˆâ–ˆâ–ˆâ–ˆâ–ˆâ–ˆâ–ˆâ–ˆâ–ˆâ–ˆ             | 163kB 15.9MB/s eta 0:00:01[K    61% |â–ˆâ–ˆâ–ˆâ–ˆâ–ˆâ–ˆâ–ˆâ–ˆâ–ˆâ–ˆâ–ˆâ–ˆâ–ˆâ–ˆâ–ˆâ–ˆâ–ˆâ–ˆâ–ˆâ–Œ            | 167kB 15.9MB/s eta 0:00:01[K    62% |â–ˆâ–ˆâ–ˆâ–ˆâ–ˆâ–ˆâ–ˆâ–ˆâ–ˆâ–ˆâ–ˆâ–ˆâ–ˆâ–ˆâ–ˆâ–ˆâ–ˆâ–ˆâ–ˆâ–ˆ            | 172kB 16.6MB/s eta 0:00:01[K    64% |â–ˆâ–ˆâ–ˆâ–ˆâ–ˆâ–ˆâ–ˆâ–ˆâ–ˆâ–ˆâ–ˆâ–ˆâ–ˆâ–ˆâ–ˆâ–ˆâ–ˆâ–ˆâ–ˆâ–ˆâ–Œ           | 176kB 16.6MB/s eta 0:00:01[K    65% |â–ˆâ–ˆâ–ˆâ–ˆâ–ˆâ–ˆâ–ˆâ–ˆâ–ˆâ–ˆâ–ˆâ–ˆâ–ˆâ–ˆâ–ˆâ–ˆâ–ˆâ–ˆâ–ˆâ–ˆâ–ˆ           | 180kB 15.9MB/s eta 0:00:01[K    67% |â–ˆâ–ˆâ–ˆâ–ˆâ–ˆâ–ˆâ–ˆâ–ˆâ–ˆâ–ˆâ–ˆâ–ˆâ–ˆâ–ˆâ–ˆâ–ˆâ–ˆâ–ˆâ–ˆâ–ˆâ–ˆâ–Œ          | 184kB 15.9MB/s eta 0:00:01[K    68% |â–ˆâ–ˆâ–ˆâ–ˆâ–ˆâ–ˆâ–ˆâ–ˆâ–ˆâ–ˆâ–ˆâ–ˆâ–ˆâ–ˆâ–ˆâ–ˆâ–ˆâ–ˆâ–ˆâ–ˆâ–ˆâ–ˆ          | 188kB 16.7MB/s eta 0:00:01[K    70% |â–ˆâ–ˆâ–ˆâ–ˆâ–ˆâ–ˆâ–ˆâ–ˆâ–ˆâ–ˆâ–ˆâ–ˆâ–ˆâ–ˆâ–ˆâ–ˆâ–ˆâ–ˆâ–ˆâ–ˆâ–ˆâ–ˆâ–         | 192kB 16.7MB/s eta 0:00:01[K    71% |â–ˆâ–ˆâ–ˆâ–ˆâ–ˆâ–ˆâ–ˆâ–ˆâ–ˆâ–ˆâ–ˆâ–ˆâ–ˆâ–ˆâ–ˆâ–ˆâ–ˆâ–ˆâ–ˆâ–ˆâ–ˆâ–ˆâ–‰         | 196kB 16.1MB/s eta 0:00:01[K    72% |â–ˆâ–ˆâ–ˆâ–ˆâ–ˆâ–ˆâ–ˆâ–ˆâ–ˆâ–ˆâ–ˆâ–ˆâ–ˆâ–ˆâ–ˆâ–ˆâ–ˆâ–ˆâ–ˆâ–ˆâ–ˆâ–ˆâ–ˆâ–        | 200kB 15.9MB/s eta 0:00:01[K    74% |â–ˆâ–ˆâ–ˆâ–ˆâ–ˆâ–ˆâ–ˆâ–ˆâ–ˆâ–ˆâ–ˆâ–ˆâ–ˆâ–ˆâ–ˆâ–ˆâ–ˆâ–ˆâ–ˆâ–ˆâ–ˆâ–ˆâ–ˆâ–‰        | 204kB 16.6MB/s eta 0:00:01[K    75% |â–ˆâ–ˆâ–ˆâ–ˆâ–ˆâ–ˆâ–ˆâ–ˆâ–ˆâ–ˆâ–ˆâ–ˆâ–ˆâ–ˆâ–ˆâ–ˆâ–ˆâ–ˆâ–ˆâ–ˆâ–ˆâ–ˆâ–ˆâ–ˆâ–Ž       | 208kB 16.6MB/s eta 0:00:01[K    77% |â–ˆâ–ˆâ–ˆâ–ˆâ–ˆâ–ˆâ–ˆâ–ˆâ–ˆâ–ˆâ–ˆâ–ˆâ–ˆâ–ˆâ–ˆâ–ˆâ–ˆâ–ˆâ–ˆâ–ˆâ–ˆâ–ˆâ–ˆâ–ˆâ–‰       | 212kB 16.0MB/s eta 0:00:01[K    78% |â–ˆâ–ˆâ–ˆâ–ˆâ–ˆâ–ˆâ–ˆâ–ˆâ–ˆâ–ˆâ–ˆâ–ˆâ–ˆâ–ˆâ–ˆâ–ˆâ–ˆâ–ˆâ–ˆâ–ˆâ–ˆâ–ˆâ–ˆâ–ˆâ–ˆâ–Ž      | 217kB 16.1MB/s eta 0:00:01[K    80% |â–ˆâ–ˆâ–ˆâ–ˆâ–ˆâ–ˆâ–ˆâ–ˆâ–ˆâ–ˆâ–ˆâ–ˆâ–ˆâ–ˆâ–ˆâ–ˆâ–ˆâ–ˆâ–ˆâ–ˆâ–ˆâ–ˆâ–ˆâ–ˆâ–ˆâ–Š      | 221kB 16.9MB/s eta 0:00:01[K    81% |â–ˆâ–ˆâ–ˆâ–ˆâ–ˆâ–ˆâ–ˆâ–ˆâ–ˆâ–ˆâ–ˆâ–ˆâ–ˆâ–ˆâ–ˆâ–ˆâ–ˆâ–ˆâ–ˆâ–ˆâ–ˆâ–ˆâ–ˆâ–ˆâ–ˆâ–ˆâ–     | 225kB 16.9MB/s eta 0:00:01[K    83% |â–ˆâ–ˆâ–ˆâ–ˆâ–ˆâ–ˆâ–ˆâ–ˆâ–ˆâ–ˆâ–ˆâ–ˆâ–ˆâ–ˆâ–ˆâ–ˆâ–ˆâ–ˆâ–ˆâ–ˆâ–ˆâ–ˆâ–ˆâ–ˆâ–ˆâ–ˆâ–Š     | 229kB 16.3MB/s eta 0:00:01[K    84% |â–ˆâ–ˆâ–ˆâ–ˆâ–ˆâ–ˆâ–ˆâ–ˆâ–ˆâ–ˆâ–ˆâ–ˆâ–ˆâ–ˆâ–ˆâ–ˆâ–ˆâ–ˆâ–ˆâ–ˆâ–ˆâ–ˆâ–ˆâ–ˆâ–ˆâ–ˆâ–ˆâ–    | 233kB 16.3MB/s eta 0:00:01[K    86% |â–ˆâ–ˆâ–ˆâ–ˆâ–ˆâ–ˆâ–ˆâ–ˆâ–ˆâ–ˆâ–ˆâ–ˆâ–ˆâ–ˆâ–ˆâ–ˆâ–ˆâ–ˆâ–ˆâ–ˆâ–ˆâ–ˆâ–ˆâ–ˆâ–ˆâ–ˆâ–ˆâ–‹    | 237kB 16.9MB/s eta 0:00:01[K    87% |â–ˆâ–ˆâ–ˆâ–ˆâ–ˆâ–ˆâ–ˆâ–ˆâ–ˆâ–ˆâ–ˆâ–ˆâ–ˆâ–ˆâ–ˆâ–ˆâ–ˆâ–ˆâ–ˆâ–ˆâ–ˆâ–ˆâ–ˆâ–ˆâ–ˆâ–ˆâ–ˆâ–ˆâ–   | 241kB 17.1MB/s eta 0:00:01[K    89% |â–ˆâ–ˆâ–ˆâ–ˆâ–ˆâ–ˆâ–ˆâ–ˆâ–ˆâ–ˆâ–ˆâ–ˆâ–ˆâ–ˆâ–ˆâ–ˆâ–ˆâ–ˆâ–ˆâ–ˆâ–ˆâ–ˆâ–ˆâ–ˆâ–ˆâ–ˆâ–ˆâ–ˆâ–‹   | 245kB 16.5MB/s eta 0:00:01[K    90% |â–ˆâ–ˆâ–ˆâ–ˆâ–ˆâ–ˆâ–ˆâ–ˆâ–ˆâ–ˆâ–ˆâ–ˆâ–ˆâ–ˆâ–ˆâ–ˆâ–ˆâ–ˆâ–ˆâ–ˆâ–ˆâ–ˆâ–ˆâ–ˆâ–ˆâ–ˆâ–ˆâ–ˆâ–ˆ   | 249kB 16.6MB/s eta 0:00:01[K    92% |â–ˆâ–ˆâ–ˆâ–ˆâ–ˆâ–ˆâ–ˆâ–ˆâ–ˆâ–ˆâ–ˆâ–ˆâ–ˆâ–ˆâ–ˆâ–ˆâ–ˆâ–ˆâ–ˆâ–ˆâ–ˆâ–ˆâ–ˆâ–ˆâ–ˆâ–ˆâ–ˆâ–ˆâ–ˆâ–Œ  | 253kB 17.2MB/s eta 0:00:01[K    93% |â–ˆâ–ˆâ–ˆâ–ˆâ–ˆâ–ˆâ–ˆâ–ˆâ–ˆâ–ˆâ–ˆâ–ˆâ–ˆâ–ˆâ–ˆâ–ˆâ–ˆâ–ˆâ–ˆâ–ˆâ–ˆâ–ˆâ–ˆâ–ˆâ–ˆâ–ˆâ–ˆâ–ˆâ–ˆâ–ˆ  | 258kB 17.1MB/s eta 0:00:01[K    95% |â–ˆâ–ˆâ–ˆâ–ˆâ–ˆâ–ˆâ–ˆâ–ˆâ–ˆâ–ˆâ–ˆâ–ˆâ–ˆâ–ˆâ–ˆâ–ˆâ–ˆâ–ˆâ–ˆâ–ˆâ–ˆâ–ˆâ–ˆâ–ˆâ–ˆâ–ˆâ–ˆâ–ˆâ–ˆâ–ˆâ–Œ | 262kB 16.6MB/s eta 0:00:01[K    96% |â–ˆâ–ˆâ–ˆâ–ˆâ–ˆâ–ˆâ–ˆâ–ˆâ–ˆâ–ˆâ–ˆâ–ˆâ–ˆâ–ˆâ–ˆâ–ˆâ–ˆâ–ˆâ–ˆâ–ˆâ–ˆâ–ˆâ–ˆâ–ˆâ–ˆâ–ˆâ–ˆâ–ˆâ–ˆâ–ˆâ–ˆ | 266kB 16.7MB/s eta 0:00:01[K    98% |â–ˆâ–ˆâ–ˆâ–ˆâ–ˆâ–ˆâ–ˆâ–ˆâ–ˆâ–ˆâ–ˆâ–ˆâ–ˆâ–ˆâ–ˆâ–ˆâ–ˆâ–ˆâ–ˆâ–ˆâ–ˆâ–ˆâ–ˆâ–ˆâ–ˆâ–ˆâ–ˆâ–ˆâ–ˆâ–ˆâ–ˆâ–Œ| 270kB 17.1MB/s eta 0:00:01[K    99% |â–ˆâ–ˆâ–ˆâ–ˆâ–ˆâ–ˆâ–ˆâ–ˆâ–ˆâ–ˆâ–ˆâ–ˆâ–ˆâ–ˆâ–ˆâ–ˆâ–ˆâ–ˆâ–ˆâ–ˆâ–ˆâ–ˆâ–ˆâ–ˆâ–ˆâ–ˆâ–ˆâ–ˆâ–ˆâ–ˆâ–ˆâ–ˆ| 274kB 17.1MB/s eta 0:00:01[K    100% |â–ˆâ–ˆâ–ˆâ–ˆâ–ˆâ–ˆâ–ˆâ–ˆâ–ˆâ–ˆâ–ˆâ–ˆâ–ˆâ–ˆâ–ˆâ–ˆâ–ˆâ–ˆâ–ˆâ–ˆâ–ˆâ–ˆâ–ˆâ–ˆâ–ˆâ–ˆâ–ˆâ–ˆâ–ˆâ–ˆâ–ˆâ–ˆ| 278kB 1.8MB/s 
[?25hRequirement already satisfied (use --upgrade to upgrade): pylint==1.2.1 in /home/travis/virtualenv/python2.7.9/lib/python2.7/site-packages (from -r server_requirements.txt (line 18))
Requirement already satisfied (use --upgrade to upgrade): python-dateutil==2.2 in /home/travis/virtualenv/python2.7.9/lib/python2.7/site-packages (from -r server_requirements.txt (line 19))
Requirement already satisfied (use --upgrade to upgrade): python-mimeparse==0.1.4 in /home/travis/virtualenv/python2.7.9/lib/python2.7/site-packages (from -r server_requirements.txt (line 20))
Requirement already satisfied (use --upgrade to upgrade): requests==2.3.0 in /home/travis/virtualenv/python2.7.9/lib/python2.7/site-packages (from -r server_requirements.txt (line 21))
Requirement already satisfied (use --upgrade to upgrade): six==1.6.1 in /home/travis/virtualenv/python2.7.9/lib/python2.7/site-packages (from -r server_requirements.txt (line 22))
Requirement already satisfied (use --upgrade to upgrade): sphinxcontrib-httpdomain==1.2.1 in /home/travis/virtualenv/python2.7.9/lib/python2.7/site-packages (from -r server_requirements.txt (line 23))
Requirement already satisfied (use --upgrade to upgrade): unittest2==0.5.1 in /home/travis/virtualenv/python2.7.9/lib/python2.7/site-packages (from -r server_requirements.txt (line 24))
Requirement already satisfied (use --upgrade to upgrade): wsgiref==0.1.2 in /opt/python/2.7.9/lib/python2.7 (from -r server_requirements.txt (line 25))
Requirement already satisfied (use --upgrade to upgrade): ddt==0.8.0 in /home/travis/virtualenv/python2.7.9/lib/python2.7/site-packages (from -r server_requirements.txt (line 26))
Requirement already satisfied (use --upgrade to upgrade): webargs==0.5.0 in /home/travis/virtualenv/python2.7.9/lib/python2.7/site-packages (from -r server_requirements.txt (line 27))
Requirement already satisfied (use --upgrade to upgrade): webob==1.1.1 in /home/travis/virtualenv/python2.7.9/lib/python2.7/site-packages (from -r server_requirements.txt (line 28))
Requirement already satisfied (use --upgrade to upgrade): pytz==2014.10 in /home/travis/virtualenv/python2.7.9/lib/python2.7/site-packages (from -r server_requirements.txt (line 29))
Requirement already satisfied (use --upgrade to upgrade): coverage==3.7.1 in /home/travis/virtualenv/python2.7.9/lib/python2.7/site-packages (from -r server_requirements.txt (line 30))
Requirement already satisfied (use --upgrade to upgrade): coveralls==0.5 in /home/travis/virtualenv/python2.7.9/lib/python2.7/site-packages (from -r server_requirements.txt (line 31))
Requirement already satisfied (use --upgrade to upgrade): docopt>=0.6.1 in /home/travis/virtualenv/python2.7.9/lib/python2.7/site-packages (from coveralls==0.5->-r server_requirements.txt (line 31))
Building wheels for collected packages: nose
  Running setup.py bdist_wheel for nose
  Stored in directory: /home/travis/.cache/pip/wheels/cd/20/a0/0d909cdb2cb8dd65e4b90483808cd1ca3bcc676550c3eb610f
Successfully built nose
Installing collected packages: linkenv-master, nose
  Running setup.py develop for linkenv-master
  Found existing installation: nose 1.3.4
    Uninstalling nose-1.3.4:
      Successfully uninstalled nose-1.3.4
Successfully installed linkenv-master nose-1.3.3
travis_time:end:1a319795:start=1436985065431722419,finish=1436985067421675146,duration=1989952727[0Ktravis_fold:end:install[0Ktravis_fold:start:before_script.1[0Ktravis_time:start:0a4b7300[0K$ wget https://storage.googleapis.com/appengine-sdks/featured/google_appengine_$GAE_VERSION.zip -o gae_sdk.zip
travis_time:end:0a4b7300:start=1436985067425969643,finish=1436985067866860419,duration=440890776[0Ktravis_fold:end:before_script.1[0Ktravis_fold:start:before_script.2[0Ktravis_time:start:04fa0b2d[0K$ unzip -q google_appengine_$GAE_VERSION.zip
travis_time:end:04fa0b2d:start=1436985067871095529,finish=1436985069793794727,duration=1922699198[0Ktravis_fold:end:before_script.2[0Ktravis_fold:start:before_script.3[0Ktravis_time:start:0bef0b1d[0K$ mv google_appengine gae_sdk
travis_time:end:0bef0b1d:start=1436985069798031340,finish=1436985069810845420,duration=12814080[0Ktravis_fold:end:before_script.3[0Ktravis_fold:start:before_script.4[0Ktravis_time:start:002f6e20[0K$ export GAE_SDK=$PWD/gae_sdk
travis_time:end:002f6e20:start=1436985069815211152,finish=1436985069818660164,duration=3449012[0Ktravis_fold:end:before_script.4[0Ktravis_fold:start:before_script.5[0Ktravis_time:start:08c7397a[0K$ export PATH=$PATH:$GAE_SDK
travis_time:end:08c7397a:start=1436985069822819117,finish=1436985069826191966,duration=3372849[0Ktravis_fold:end:before_script.5[0Ktravis_fold:start:before_script.6[0Ktravis_time:start:1834c72e[0K$ export PYTHONPATH=$PYTHONPATH:$GAE_SDK
travis_time:end:1834c72e:start=1436985069830612854,finish=1436985069833943255,duration=3330401[0Ktravis_fold:end:before_script.6[0Ktravis_fold:start:before_script.7[0Ktravis_time:start:05182c11[0K$ python server/app/generate_keys.py
travis_time:end:05182c11:start=1436985069838450269,finish=1436985069865826455,duration=27376186[0Ktravis_fold:end:before_script.7[0Ktravis_time:start:00c6caa0[0K$ FLASK_CONF=TEST coverage run $CMD --sdk_location $GAE_SDK --quiet
============================================================
Doing integration testing
============================================================
..........................................................................................................E..........
======================================================================
ERROR: test_mark_as_final (test_api_final_submissions.FinalSubmissionAPITest)
Tests that marking works, at the basic level
----------------------------------------------------------------------
Traceback (most recent call last):
  File "/home/travis/build/Cal-CS-61A-Staff/ok/server/tests/integration/test_api_final_submissions.py", line 49, in test_mark_as_final
    self.API().post(self.user, dict(submission=self._submission.key))
  File "/home/travis/build/Cal-CS-61A-Staff/ok/server/app/api.py", line 306, in post
    raise need.exception()
PermissionError

----------------------------------------------------------------------
Ran 117 tests in 12.981s

FAILED (errors=1)
============================================================
Doing unittests testing
============================================================
............................................................................................................
----------------------------------------------------------------------
Ran 108 tests in 15.162s

OK
SOME TESTS FAILED
travis_time:end:00c6caa0:start=1436985069870053885,finish=1436985100162733640,duration=30292679755[0K
[31;1mThe command "FLASK_CONF=TEST coverage run $CMD --sdk_location $GAE_SDK --quiet" exited with 1.[0m
travis_fold:start:cache.2[0Kstore build cache
travis_time:start:184c3b20[0Kchange detected:
/home/travis/virtualenv/python2.7.9/lib/python2.7/site-packages/nose-1.3.4.dist-info/DESCRIPTION.rst
/home/travis/virtualenv/python2.7.9/lib/python2.7/site-packages/nose-1.3.4.dist-info/entry_points.txt
/home/travis/virtualenv/python2.7.9/lib/python2.7/site-packages/nose-1.3.4.dist-info/METADATA
/home/travis/virtualenv/python2.7.9/lib/python2.7/site-packages/nose-1.3.4.dist-info/metadata.json
/home/travis/virtualenv/python2.7.9/lib/python2.7/site-packages/nose-1.3.4.dist-info/RECORD
/home/travis/virtualenv/python2.7.9/lib/python2.7/site-packages/nose-1.3.4.dist-info/top_level.txt
/home/travis/virtualenv/python2.7.9/lib/python2.7/site-packages/nose-1.3.4.dist-info/WHEEL
/home/travis/virtualenv/python2.7.9/lib/python2.7/site-packages/nose/case.pyc
/home/travis/virtualenv/python2.7.9/lib/python2.7/site-packages/nose/case.pyc
/home/travis/virtualenv/python2.7.9/lib/python2.7/site-packages/nose/commands.pyc
/home/travis/virtualenv/python2.7.9/lib/python2.7/site-packages/nose/commands.pyc
/ho
...
changes detected, packing new archive
uploading archive
travis_time:end:184c3b20:start=1436985100167485614,finish=1436985105272578650,duration=5105093036[0Ktravis_fold:end:cache.2[0K
Done. Your build exited with 1.
