Using worker: worker-linux-docker-3ada8fd3.prod.travis-ci.org:travis-linux-3

travis_fold:start:system_info[0K[33;1mBuild system information[0m
Build language: python
[34m[1mBuild image provisioning date and time[0m
Thu Feb  5 15:09:33 UTC 2015
[34m[1mOperating System Details[0m
Distributor ID:	Ubuntu
Description:	Ubuntu 12.04.5 LTS
Release:	12.04
Codename:	precise
[34m[1mLinux Version[0m
3.13.0-29-generic
[34m[1mCookbooks Version[0m
a68419e https://github.com/travis-ci/travis-cookbooks/tree/a68419e
[34m[1mGCC version[0m
gcc (Ubuntu/Linaro 4.6.3-1ubuntu5) 4.6.3
Copyright (C) 2011 Free Software Foundation, Inc.
This is free software; see the source for copying conditions.  There is NO
warranty; not even for MERCHANTABILITY or FITNESS FOR A PARTICULAR PURPOSE.

[34m[1mLLVM version[0m
clang version 3.4 (tags/RELEASE_34/final)
Target: x86_64-unknown-linux-gnu
Thread model: posix
[34m[1mPre-installed Ruby versions[0m
ruby-1.9.3-p551
[34m[1mPre-installed Node.js versions[0m
v0.10.36
[34m[1mPre-installed Go versions[0m
1.4.1
[34m[1mRedis version[0m
redis-server 2.8.19
[34m[1mriak version[0m
2.0.2
[34m[1mMongoDB version[0m
MongoDB 2.4.12
[34m[1mCouchDB version[0m
couchdb 1.6.1
[34m[1mNeo4j version[0m
1.9.4
[34m[1mRabbitMQ Version[0m
3.4.3
[34m[1mElasticSearch version[0m
1.4.0
[34m[1mInstalled Sphinx versions[0m
2.0.10
2.1.9
2.2.6
[34m[1mDefault Sphinx version[0m
2.2.6
[34m[1mInstalled Firefox version[0m
firefox 31.0esr
[34m[1mPhantomJS version[0m
1.9.8
[34m[1mant -version[0m
Apache Ant(TM) version 1.8.2 compiled on December 3 2011
[34m[1mmvn -version[0m
Apache Maven 3.2.5 (12a6b3acb947671f09b81f49094c53f426d8cea1; 2014-12-14T17:29:23+00:00)
Maven home: /usr/local/maven
Java version: 1.7.0_76, vendor: Oracle Corporation
Java home: /usr/lib/jvm/java-7-oracle/jre
Default locale: en_US, platform encoding: ANSI_X3.4-1968
OS name: "linux", version: "3.13.0-29-generic", arch: "amd64", family: "unix"
travis_fold:end:system_info[0K
travis_fold:start:git.checkout[0Ktravis_time:start:14ac9a40[0K$ git clone --depth=50 https://github.com/Cal-CS-61A-Staff/ok.git Cal-CS-61A-Staff/ok
Cloning into 'Cal-CS-61A-Staff/ok'...
remote: Counting objects: 1589, done.[K
remote: Compressing objects:   0% (1/706)   [Kremote: Compressing objects:   1% (8/706)   [Kremote: Compressing objects:   2% (15/706)   [Kremote: Compressing objects:   3% (22/706)   [Kremote: Compressing objects:   4% (29/706)   [Kremote: Compressing objects:   5% (36/706)   [Kremote: Compressing objects:   6% (43/706)   [Kremote: Compressing objects:   7% (50/706)   [Kremote: Compressing objects:   8% (57/706)   [Kremote: Compressing objects:   9% (64/706)   [Kremote: Compressing objects:  10% (71/706)   [Kremote: Compressing objects:  11% (78/706)   [Kremote: Compressing objects:  12% (85/706)   [Kremote: Compressing objects:  13% (92/706)   [Kremote: Compressing objects:  14% (99/706)   [Kremote: Compressing objects:  15% (106/706)   [Kremote: Compressing objects:  16% (113/706)   [Kremote: Compressing objects:  17% (121/706)   [Kremote: Compressing objects:  18% (128/706)   [Kremote: Compressing objects:  19% (135/706)   [Kremote: Compressing objects:  20% (142/706)   [Kremote: Compressing objects:  21% (149/706)   [Kremote: Compressing objects:  22% (156/706)   [Kremote: Compressing objects:  23% (163/706)   [Kremote: Compressing objects:  24% (170/706)   [Kremote: Compressing objects:  25% (177/706)   [Kremote: Compressing objects:  26% (184/706)   [Kremote: Compressing objects:  27% (191/706)   [Kremote: Compressing objects:  28% (198/706)   [Kremote: Compressing objects:  29% (205/706)   [Kremote: Compressing objects:  30% (212/706)   [Kremote: Compressing objects:  31% (219/706)   [Kremote: Compressing objects:  32% (226/706)   [Kremote: Compressing objects:  33% (233/706)   [Kremote: Compressing objects:  34% (241/706)   [Kremote: Compressing objects:  35% (248/706)   [Kremote: Compressing objects:  36% (255/706)   [Kremote: Compressing objects:  37% (262/706)   [Kremote: Compressing objects:  38% (269/706)   [Kremote: Compressing objects:  39% (276/706)   [Kremote: Compressing objects:  40% (283/706)   [Kremote: Compressing objects:  41% (290/706)   [Kremote: Compressing objects:  42% (297/706)   [Kremote: Compressing objects:  43% (304/706)   [Kremote: Compressing objects:  44% (311/706)   [Kremote: Compressing objects:  45% (318/706)   [Kremote: Compressing objects:  46% (325/706)   [Kremote: Compressing objects:  47% (332/706)   [Kremote: Compressing objects:  48% (339/706)   [Kremote: Compressing objects:  49% (346/706)   [Kremote: Compressing objects:  50% (353/706)   [Kremote: Compressing objects:  51% (361/706)   [Kremote: Compressing objects:  52% (368/706)   [Kremote: Compressing objects:  53% (375/706)   [Kremote: Compressing objects:  54% (382/706)   [Kremote: Compressing objects:  55% (389/706)   [Kremote: Compressing objects:  56% (396/706)   [Kremote: Compressing objects:  57% (403/706)   [Kremote: Compressing objects:  58% (410/706)   [Kremote: Compressing objects:  59% (417/706)   [Kremote: Compressing objects:  60% (424/706)   [Kremote: Compressing objects:  61% (431/706)   [Kremote: Compressing objects:  62% (438/706)   [Kremote: Compressing objects:  63% (445/706)   [Kremote: Compressing objects:  64% (452/706)   [Kremote: Compressing objects:  65% (459/706)   [Kremote: Compressing objects:  66% (466/706)   [Kremote: Compressing objects:  67% (474/706)   [Kremote: Compressing objects:  68% (481/706)   [Kremote: Compressing objects:  69% (488/706)   [Kremote: Compressing objects:  70% (495/706)   [Kremote: Compressing objects:  71% (502/706)   [Kremote: Compressing objects:  72% (509/706)   [Kremote: Compressing objects:  73% (516/706)   [Kremote: Compressing objects:  74% (523/706)   [Kremote: Compressing objects:  75% (530/706)   [Kremote: Compressing objects:  76% (537/706)   [Kremote: Compressing objects:  77% (544/706)   [Kremote: Compressing objects:  78% (551/706)   [Kremote: Compressing objects:  79% (558/706)   [Kremote: Compressing objects:  80% (565/706)   [Kremote: Compressing objects:  81% (572/706)   [Kremote: Compressing objects:  82% (579/706)   [Kremote: Compressing objects:  83% (586/706)   [Kremote: Compressing objects:  84% (594/706)   [Kremote: Compressing objects:  85% (601/706)   [Kremote: Compressing objects:  86% (608/706)   [Kremote: Compressing objects:  87% (615/706)   [Kremote: Compressing objects:  88% (622/706)   [Kremote: Compressing objects:  89% (629/706)   [Kremote: Compressing objects:  90% (636/706)   [Kremote: Compressing objects:  91% (643/706)   [Kremote: Compressing objects:  92% (650/706)   [Kremote: Compressing objects:  93% (657/706)   [Kremote: Compressing objects:  94% (664/706)   [Kremote: Compressing objects:  95% (671/706)   [Kremote: Compressing objects:  96% (678/706)   [Kremote: Compressing objects:  97% (685/706)   [Kremote: Compressing objects:  98% (692/706)   [Kremote: Compressing objects:  99% (699/706)   [Kremote: Compressing objects: 100% (706/706)   [Kremote: Compressing objects: 100% (706/706), done.[K
Receiving objects:   0% (1/1589)   Receiving objects:   1% (16/1589)   Receiving objects:   2% (32/1589)   Receiving objects:   3% (48/1589)   Receiving objects:   4% (64/1589)   Receiving objects:   5% (80/1589)   Receiving objects:   6% (96/1589)   Receiving objects:   7% (112/1589)   Receiving objects:   8% (128/1589)   Receiving objects:   9% (144/1589)   Receiving objects:  10% (159/1589)   Receiving objects:  11% (175/1589)   Receiving objects:  12% (191/1589)   Receiving objects:  13% (207/1589)   Receiving objects:  14% (223/1589)   Receiving objects:  15% (239/1589)   Receiving objects:  16% (255/1589)   Receiving objects:  17% (271/1589)   Receiving objects:  18% (287/1589)   Receiving objects:  19% (302/1589)   Receiving objects:  20% (318/1589)   Receiving objects:  21% (334/1589)   Receiving objects:  22% (350/1589)   Receiving objects:  23% (366/1589)   Receiving objects:  24% (382/1589)   Receiving objects:  25% (398/1589)   Receiving objects:  26% (414/1589)   Receiving objects:  27% (430/1589)   Receiving objects:  28% (445/1589)   Receiving objects:  29% (461/1589)   Receiving objects:  30% (477/1589)   Receiving objects:  31% (493/1589)   Receiving objects:  32% (509/1589)   Receiving objects:  33% (525/1589)   Receiving objects:  34% (541/1589)   Receiving objects:  35% (557/1589)   Receiving objects:  36% (573/1589)   Receiving objects:  37% (588/1589)   Receiving objects:  38% (604/1589)   Receiving objects:  39% (620/1589)   Receiving objects:  40% (636/1589)   Receiving objects:  41% (652/1589)   Receiving objects:  42% (668/1589)   Receiving objects:  43% (684/1589)   Receiving objects:  44% (700/1589)   Receiving objects:  45% (716/1589)   Receiving objects:  46% (731/1589)   Receiving objects:  47% (747/1589)   Receiving objects:  48% (763/1589)   Receiving objects:  49% (779/1589)   Receiving objects:  50% (795/1589)   Receiving objects:  51% (811/1589)   Receiving objects:  52% (827/1589)   Receiving objects:  53% (843/1589)   Receiving objects:  54% (859/1589)   Receiving objects:  55% (874/1589)   Receiving objects:  56% (890/1589)   Receiving objects:  57% (906/1589)   Receiving objects:  58% (922/1589)   Receiving objects:  59% (938/1589)   Receiving objects:  60% (954/1589)   Receiving objects:  61% (970/1589)   Receiving objects:  62% (986/1589)   Receiving objects:  63% (1002/1589)   Receiving objects:  64% (1017/1589)   Receiving objects:  65% (1033/1589)   Receiving objects:  66% (1049/1589)   Receiving objects:  67% (1065/1589)   Receiving objects:  68% (1081/1589)   Receiving objects:  69% (1097/1589)   Receiving objects:  70% (1113/1589)   Receiving objects:  71% (1129/1589)   Receiving objects:  72% (1145/1589)   Receiving objects:  73% (1160/1589)   Receiving objects:  74% (1176/1589)   Receiving objects:  75% (1192/1589)   Receiving objects:  76% (1208/1589)   Receiving objects:  77% (1224/1589)   Receiving objects:  78% (1240/1589)   Receiving objects:  79% (1256/1589)   Receiving objects:  80% (1272/1589)   Receiving objects:  81% (1288/1589)   Receiving objects:  82% (1303/1589)   Receiving objects:  83% (1319/1589)   Receiving objects:  84% (1335/1589)   Receiving objects:  85% (1351/1589)   Receiving objects:  86% (1367/1589)   Receiving objects:  87% (1383/1589)   Receiving objects:  88% (1399/1589)   Receiving objects:  89% (1415/1589)   Receiving objects:  90% (1431/1589)   Receiving objects:  91% (1446/1589)   Receiving objects:  92% (1462/1589)   Receiving objects:  93% (1478/1589)   Receiving objects:  94% (1494/1589)   remote: Total 1589 (delta 1043), reused 1297 (delta 857), pack-reused 0[K
Receiving objects:  95% (1510/1589)   Receiving objects:  96% (1526/1589)   Receiving objects:  97% (1542/1589)   Receiving objects:  98% (1558/1589)   Receiving objects:  99% (1574/1589)   Receiving objects: 100% (1589/1589)   Receiving objects: 100% (1589/1589), 1.62 MiB | 0 bytes/s, done.
Resolving deltas:   0% (0/1043)   Resolving deltas:  16% (175/1043)   Resolving deltas:  17% (180/1043)   Resolving deltas:  18% (190/1043)   Resolving deltas:  33% (353/1043)   Resolving deltas:  39% (414/1043)   Resolving deltas:  40% (418/1043)   Resolving deltas:  43% (455/1043)   Resolving deltas:  44% (459/1043)   Resolving deltas:  47% (492/1043)   Resolving deltas:  48% (501/1043)   Resolving deltas:  53% (557/1043)   Resolving deltas:  54% (566/1043)   Resolving deltas:  55% (580/1043)   Resolving deltas:  56% (585/1043)   Resolving deltas:  57% (596/1043)   Resolving deltas:  59% (620/1043)   Resolving deltas:  60% (627/1043)   Resolving deltas:  61% (639/1043)   Resolving deltas:  62% (651/1043)   Resolving deltas:  63% (658/1043)   Resolving deltas:  64% (669/1043)   Resolving deltas:  65% (678/1043)   Resolving deltas:  66% (690/1043)   Resolving deltas:  67% (703/1043)   Resolving deltas:  68% (710/1043)   Resolving deltas:  69% (730/1043)   Resolving deltas:  70% (734/1043)   Resolving deltas:  71% (741/1043)   Resolving deltas:  72% (753/1043)   Resolving deltas:  74% (778/1043)   Resolving deltas:  75% (792/1043)   Resolving deltas:  76% (794/1043)   Resolving deltas:  77% (807/1043)   Resolving deltas:  78% (814/1043)   Resolving deltas:  79% (824/1043)   Resolving deltas:  80% (838/1043)   Resolving deltas:  81% (846/1043)   Resolving deltas:  83% (875/1043)   Resolving deltas:  84% (884/1043)   Resolving deltas:  85% (891/1043)   Resolving deltas:  87% (912/1043)   Resolving deltas:  88% (920/1043)   Resolving deltas:  91% (958/1043)   Resolving deltas:  92% (960/1043)   Resolving deltas:  95% (995/1043)   Resolving deltas:  96% (1006/1043)   Resolving deltas:  97% (1012/1043)   Resolving deltas:  98% (1025/1043)   Resolving deltas:  99% (1033/1043)   Resolving deltas: 100% (1043/1043)   Resolving deltas: 100% (1043/1043), done.
Checking connectivity... done.
travis_time:end:14ac9a40:start=1443647113379368814,finish=1443647117391064692,duration=4011695878[0K$ cd Cal-CS-61A-Staff/ok
travis_time:start:05101409[0K$ git fetch origin +refs/pull/601/merge:
remote: Counting objects: 67, done.[K
remote: Compressing objects:   6% (1/15)   [Kremote: Compressing objects:  13% (2/15)   [Kremote: Compressing objects:  20% (3/15)   [Kremote: Compressing objects:  26% (4/15)   [Kremote: Compressing objects:  33% (5/15)   [Kremote: Compressing objects:  40% (6/15)   [Kremote: Compressing objects:  46% (7/15)   [Kremote: Compressing objects:  53% (8/15)   [Kremote: Compressing objects:  60% (9/15)   [Kremote: Compressing objects:  66% (10/15)   [Kremote: Compressing objects:  73% (11/15)   [Kremote: Compressing objects:  80% (12/15)   [Kremote: Compressing objects:  86% (13/15)   [Kremote: Compressing objects:  93% (14/15)   [Kremote: Compressing objects: 100% (15/15)   [Kremote: Compressing objects: 100% (15/15), done.[K
remote: Total 67 (delta 55), reused 63 (delta 52), pack-reused 0[K
Unpacking objects:   1% (1/67)   Unpacking objects:   2% (2/67)   Unpacking objects:   4% (3/67)   Unpacking objects:   5% (4/67)   Unpacking objects:   7% (5/67)   Unpacking objects:   8% (6/67)   Unpacking objects:  10% (7/67)   Unpacking objects:  11% (8/67)   Unpacking objects:  13% (9/67)   Unpacking objects:  14% (10/67)   Unpacking objects:  16% (11/67)   Unpacking objects:  17% (12/67)   Unpacking objects:  19% (13/67)   Unpacking objects:  20% (14/67)   Unpacking objects:  22% (15/67)   Unpacking objects:  23% (16/67)   Unpacking objects:  25% (17/67)   Unpacking objects:  26% (18/67)   Unpacking objects:  28% (19/67)   Unpacking objects:  29% (20/67)   Unpacking objects:  31% (21/67)   Unpacking objects:  32% (22/67)   Unpacking objects:  34% (23/67)   Unpacking objects:  35% (24/67)   Unpacking objects:  37% (25/67)   Unpacking objects:  38% (26/67)   Unpacking objects:  40% (27/67)   Unpacking objects:  41% (28/67)   Unpacking objects:  43% (29/67)   Unpacking objects:  44% (30/67)   Unpacking objects:  46% (31/67)   Unpacking objects:  47% (32/67)   Unpacking objects:  49% (33/67)   Unpacking objects:  50% (34/67)   Unpacking objects:  52% (35/67)   Unpacking objects:  53% (36/67)   Unpacking objects:  55% (37/67)   Unpacking objects:  56% (38/67)   Unpacking objects:  58% (39/67)   Unpacking objects:  59% (40/67)   Unpacking objects:  61% (41/67)   Unpacking objects:  62% (42/67)   Unpacking objects:  64% (43/67)   Unpacking objects:  65% (44/67)   Unpacking objects:  67% (45/67)   Unpacking objects:  68% (46/67)   Unpacking objects:  70% (47/67)   Unpacking objects:  71% (48/67)   Unpacking objects:  73% (49/67)   Unpacking objects:  74% (50/67)   Unpacking objects:  76% (51/67)   Unpacking objects:  77% (52/67)   Unpacking objects:  79% (53/67)   Unpacking objects:  80% (54/67)   Unpacking objects:  82% (55/67)   Unpacking objects:  83% (56/67)   Unpacking objects:  85% (57/67)   Unpacking objects:  86% (58/67)   Unpacking objects:  88% (59/67)   Unpacking objects:  89% (60/67)   Unpacking objects:  91% (61/67)   Unpacking objects:  92% (62/67)   Unpacking objects:  94% (63/67)   Unpacking objects:  95% (64/67)   Unpacking objects:  97% (65/67)   Unpacking objects:  98% (66/67)   Unpacking objects: 100% (67/67)   Unpacking objects: 100% (67/67), done.
From https://github.com/Cal-CS-61A-Staff/ok
 * branch            refs/pull/601/merge -> FETCH_HEAD
travis_time:end:05101409:start=1443647117395028040,finish=1443647117739811504,duration=344783464[0K$ git checkout -qf FETCH_HEAD
travis_fold:end:git.checkout[0K
[33;1mThis job is running on container-based infrastructure, which does not allow use of 'sudo', setuid and setguid executables.[0m
[33;1mIf you require sudo, add 'sudo: required' to your .travis.yml[0m
[33;1mSee http://docs.travis-ci.com/user/workers/container-based-infrastructure/ for details.[0m

[33;1mSetting environment variables from .travis.yml[0m
$ export CMD=server/apptest.py
$ export GAE_VERSION=1.9.23

travis_fold:start:cache.1[0KSetting up build cache
$ export CASHER_DIR=$HOME/.casher
travis_time:start:06b42d54[0K$ Installing caching utilities
travis_time:end:06b42d54:start=1443647120457777948,finish=1443647120485800775,duration=28022827[0Ktravis_time:start:12105de0[0Kattempting to download cache archive
fetching PR.601/cache--python-2.7.tgz
found cache
travis_time:end:12105de0:start=1443647120490797319,finish=1443647121383892765,duration=893095446[0Ktravis_time:start:04d4e3be[0Kadding /home/travis/virtualenv/python2.7.9 to cache
travis_time:end:04d4e3be:start=1443647121387461378,finish=1443647123406452764,duration=2018991386[0Ktravis_fold:end:cache.1[0Ktravis_time:start:265c9f05[0K$ source ~/virtualenv/python2.7/bin/activate
travis_time:end:265c9f05:start=1443647123410555730,finish=1443647123414257186,duration=3701456[0K$ python --version
Python 2.7.9
$ pip --version
pip 7.1.2 from /home/travis/virtualenv/python2.7.9/lib/python2.7/site-packages (python 2.7)
travis_fold:start:install.1[0Ktravis_time:start:06242844[0K$ pip install pip --upgrade
Collecting pip
  Downloading pip-7.1.2-py2.py3-none-any.whl (1.1MB)
[?25l[K    0% |‚ñè                               | 4.1kB 23.5MB/s eta 0:00:01[K    0% |‚ñé                               | 8.2kB 18.8MB/s eta 0:00:01[K    1% |‚ñç                               | 12kB 21.0MB/s eta 0:00:01[K    1% |‚ñå                               | 16kB 19.1MB/s eta 0:00:01[K    1% |‚ñã                               | 20kB 19.9MB/s eta 0:00:01[K    2% |‚ñä                               | 24kB 21.1MB/s eta 0:00:01[K    2% |‚ñâ                               | 28kB 20.9MB/s eta 0:00:01[K    2% |‚ñà                               | 32kB 6.0MB/s eta 0:00:01[K    3% |‚ñà                               | 36kB 6.5MB/s eta 0:00:01[K    3% |‚ñà‚ñè                              | 40kB 7.0MB/s eta 0:00:01[K    4% |‚ñà‚ñé                              | 45kB 7.0MB/s eta 0:00:01[K    4% |‚ñà‚ñç                              | 49kB 7.0MB/s eta 0:00:01[K    4% |‚ñà‚ñå                              | 53kB 6.9MB/s eta 0:00:01[K    5% |‚ñà‚ñã                              | 57kB 7.0MB/s eta 0:00:01[K    5% |‚ñà‚ñä                              | 61kB 7.0MB/s eta 0:00:01[K    5% |‚ñà‚ñâ                              | 65kB 6.9MB/s eta 0:00:01[K    6% |‚ñà‚ñà                              | 69kB 7.0MB/s eta 0:00:01[K    6% |‚ñà‚ñà‚ñè                             | 73kB 21.0MB/s eta 0:00:01[K    7% |‚ñà‚ñà‚ñé                             | 77kB 20.9MB/s eta 0:00:01[K    7% |‚ñà‚ñà‚ñç                             | 81kB 6.2MB/s eta 0:00:01[K    7% |‚ñà‚ñà‚ñå                             | 86kB 6.2MB/s eta 0:00:01[K    8% |‚ñà‚ñà‚ñã                             | 90kB 6.3MB/s eta 0:00:01[K    8% |‚ñà‚ñà‚ñä                             | 94kB 6.3MB/s eta 0:00:01[K    8% |‚ñà‚ñà‚ñâ                             | 98kB 6.2MB/s eta 0:00:01[K    9% |‚ñà‚ñà‚ñà                             | 102kB 6.2MB/s eta 0:00:01[K    9% |‚ñà‚ñà‚ñà                             | 106kB 6.3MB/s eta 0:00:01[K    9% |‚ñà‚ñà‚ñà‚ñè                            | 110kB 6.3MB/s eta 0:00:01[K    10% |‚ñà‚ñà‚ñà‚ñé                            | 114kB 6.2MB/s eta 0:00:01[K    10% |‚ñà‚ñà‚ñà‚ñç                            | 118kB 6.2MB/s eta 0:00:01[K    11% |‚ñà‚ñà‚ñà‚ñå                            | 122kB 21.8MB/s eta 0:00:01[K    11% |‚ñà‚ñà‚ñà‚ñã                            | 126kB 21.6MB/s eta 0:00:01[K    11% |‚ñà‚ñà‚ñà‚ñä                            | 131kB 21.0MB/s eta 0:00:01[K    12% |‚ñà‚ñà‚ñà‚ñà                            | 135kB 20.8MB/s eta 0:00:01[K    12% |‚ñà‚ñà‚ñà‚ñà                            | 139kB 22.0MB/s eta 0:00:01[K    12% |‚ñà‚ñà‚ñà‚ñà‚ñè                           | 143kB 22.4MB/s eta 0:00:01[K    13% |‚ñà‚ñà‚ñà‚ñà‚ñé                           | 147kB 20.9MB/s eta 0:00:01[K    13% |‚ñà‚ñà‚ñà‚ñà‚ñç                           | 151kB 20.6MB/s eta 0:00:01[K    14% |‚ñà‚ñà‚ñà‚ñà‚ñå                           | 155kB 22.2MB/s eta 0:00:01[K    14% |‚ñà‚ñà‚ñà‚ñà‚ñã                           | 159kB 21.8MB/s eta 0:00:01[K    14% |‚ñà‚ñà‚ñà‚ñà‚ñä                           | 163kB 8.5MB/s eta 0:00:01[K    15% |‚ñà‚ñà‚ñà‚ñà‚ñâ                           | 167kB 8.5MB/s eta 0:00:01[K    15% |‚ñà‚ñà‚ñà‚ñà‚ñà                           | 172kB 8.6MB/s eta 0:00:01[K    15% |‚ñà‚ñà‚ñà‚ñà‚ñà                           | 176kB 8.7MB/s eta 0:00:01[K    16% |‚ñà‚ñà‚ñà‚ñà‚ñà‚ñè                          | 180kB 8.5MB/s eta 0:00:01[K    16% |‚ñà‚ñà‚ñà‚ñà‚ñà‚ñé                          | 184kB 8.5MB/s eta 0:00:01[K    16% |‚ñà‚ñà‚ñà‚ñà‚ñà‚ñç                          | 188kB 8.6MB/s eta 0:00:01[K    17% |‚ñà‚ñà‚ñà‚ñà‚ñà‚ñå                          | 192kB 8.8MB/s eta 0:00:01[K    17% |‚ñà‚ñà‚ñà‚ñà‚ñà‚ñã                          | 196kB 8.5MB/s eta 0:00:01[K    18% |‚ñà‚ñà‚ñà‚ñà‚ñà‚ñâ                          | 200kB 8.5MB/s eta 0:00:01[K    18% |‚ñà‚ñà‚ñà‚ñà‚ñà‚ñà                          | 204kB 22.2MB/s eta 0:00:01[K    18% |‚ñà‚ñà‚ñà‚ñà‚ñà‚ñà                          | 208kB 22.0MB/s eta 0:00:01[K    19% |‚ñà‚ñà‚ñà‚ñà‚ñà‚ñà‚ñè                         | 212kB 21.1MB/s eta 0:00:01[K    19% |‚ñà‚ñà‚ñà‚ñà‚ñà‚ñà‚ñé                         | 217kB 21.0MB/s eta 0:00:01[K    19% |‚ñà‚ñà‚ñà‚ñà‚ñà‚ñà‚ñç                         | 221kB 21.9MB/s eta 0:00:01[K    20% |‚ñà‚ñà‚ñà‚ñà‚ñà‚ñà‚ñå                         | 225kB 22.0MB/s eta 0:00:01[K    20% |‚ñà‚ñà‚ñà‚ñà‚ñà‚ñà‚ñã                         | 229kB 21.5MB/s eta 0:00:01[K    21% |‚ñà‚ñà‚ñà‚ñà‚ñà‚ñà‚ñä                         | 233kB 21.1MB/s eta 0:00:01[K    21% |‚ñà‚ñà‚ñà‚ñà‚ñà‚ñà‚ñâ                         | 237kB 22.1MB/s eta 0:00:01[K    21% |‚ñà‚ñà‚ñà‚ñà‚ñà‚ñà‚ñà                         | 241kB 22.5MB/s eta 0:00:01[K    22% |‚ñà‚ñà‚ñà‚ñà‚ñà‚ñà‚ñà                         | 245kB 21.1MB/s eta 0:00:01[K    22% |‚ñà‚ñà‚ñà‚ñà‚ñà‚ñà‚ñà‚ñè                        | 249kB 21.2MB/s eta 0:00:01[K    22% |‚ñà‚ñà‚ñà‚ñà‚ñà‚ñà‚ñà‚ñé                        | 253kB 23.0MB/s eta 0:00:01[K    23% |‚ñà‚ñà‚ñà‚ñà‚ñà‚ñà‚ñà‚ñç                        | 258kB 22.4MB/s eta 0:00:01[K    23% |‚ñà‚ñà‚ñà‚ñà‚ñà‚ñà‚ñà‚ñå                        | 262kB 21.4MB/s eta 0:00:01[K    23% |‚ñà‚ñà‚ñà‚ñà‚ñà‚ñà‚ñà‚ñã                        | 266kB 21.7MB/s eta 0:00:01[K    24% |‚ñà‚ñà‚ñà‚ñà‚ñà‚ñà‚ñà‚ñâ                        | 270kB 22.7MB/s eta 0:00:01[K    24% |‚ñà‚ñà‚ñà‚ñà‚ñà‚ñà‚ñà‚ñà                        | 274kB 22.4MB/s eta 0:00:01[K    25% |‚ñà‚ñà‚ñà‚ñà‚ñà‚ñà‚ñà‚ñà                        | 278kB 22.0MB/s eta 0:00:01[K    25% |‚ñà‚ñà‚ñà‚ñà‚ñà‚ñà‚ñà‚ñà‚ñè                       | 282kB 22.0MB/s eta 0:00:01[K    25% |‚ñà‚ñà‚ñà‚ñà‚ñà‚ñà‚ñà‚ñà‚ñé                       | 286kB 22.8MB/s eta 0:00:01[K    26% |‚ñà‚ñà‚ñà‚ñà‚ñà‚ñà‚ñà‚ñà‚ñç                       | 290kB 23.5MB/s eta 0:00:01[K    26% |‚ñà‚ñà‚ñà‚ñà‚ñà‚ñà‚ñà‚ñà‚ñå                       | 294kB 21.7MB/s eta 0:00:01[K    26% |‚ñà‚ñà‚ñà‚ñà‚ñà‚ñà‚ñà‚ñà‚ñã                       | 299kB 21.6MB/s eta 0:00:01[K    27% |‚ñà‚ñà‚ñà‚ñà‚ñà‚ñà‚ñà‚ñà‚ñä                       | 303kB 22.8MB/s eta 0:00:01[K    27% |‚ñà‚ñà‚ñà‚ñà‚ñà‚ñà‚ñà‚ñà‚ñâ                       | 307kB 23.0MB/s eta 0:00:01[K    28% |‚ñà‚ñà‚ñà‚ñà‚ñà‚ñà‚ñà‚ñà‚ñà                       | 311kB 21.6MB/s eta 0:00:01[K    28% |‚ñà‚ñà‚ñà‚ñà‚ñà‚ñà‚ñà‚ñà‚ñà                       | 315kB 22.1MB/s eta 0:00:01[K    28% |‚ñà‚ñà‚ñà‚ñà‚ñà‚ñà‚ñà‚ñà‚ñà‚ñè                      | 319kB 22.9MB/s eta 0:00:01[K    29% |‚ñà‚ñà‚ñà‚ñà‚ñà‚ñà‚ñà‚ñà‚ñà‚ñé                      | 323kB 22.5MB/s eta 0:00:01[K    29% |‚ñà‚ñà‚ñà‚ñà‚ñà‚ñà‚ñà‚ñà‚ñà‚ñç                      | 327kB 21.9MB/s eta 0:00:01[K    29% |‚ñà‚ñà‚ñà‚ñà‚ñà‚ñà‚ñà‚ñà‚ñà‚ñå                      | 331kB 21.2MB/s eta 0:00:01[K    30% |‚ñà‚ñà‚ñà‚ñà‚ñà‚ñà‚ñà‚ñà‚ñà‚ñä                      | 335kB 22.3MB/s eta 0:00:01[K    30% |‚ñà‚ñà‚ñà‚ñà‚ñà‚ñà‚ñà‚ñà‚ñà‚ñâ                      | 339kB 22.3MB/s eta 0:00:01[K    30% |‚ñà‚ñà‚ñà‚ñà‚ñà‚ñà‚ñà‚ñà‚ñà‚ñà                      | 344kB 21.4MB/s eta 0:00:01[K    31% |‚ñà‚ñà‚ñà‚ñà‚ñà‚ñà‚ñà‚ñà‚ñà‚ñà                      | 348kB 21.0MB/s eta 0:00:01[K    31% |‚ñà‚ñà‚ñà‚ñà‚ñà‚ñà‚ñà‚ñà‚ñà‚ñà‚ñè                     | 352kB 21.9MB/s eta 0:00:01[K    32% |‚ñà‚ñà‚ñà‚ñà‚ñà‚ñà‚ñà‚ñà‚ñà‚ñà‚ñé                     | 356kB 22.1MB/s eta 0:00:01[K    32% |‚ñà‚ñà‚ñà‚ñà‚ñà‚ñà‚ñà‚ñà‚ñà‚ñà‚ñç                     | 360kB 20.6MB/s eta 0:00:01[K    32% |‚ñà‚ñà‚ñà‚ñà‚ñà‚ñà‚ñà‚ñà‚ñà‚ñà‚ñå                     | 364kB 21.3MB/s eta 0:00:01[K    33% |‚ñà‚ñà‚ñà‚ñà‚ñà‚ñà‚ñà‚ñà‚ñà‚ñà‚ñã                     | 368kB 22.1MB/s eta 0:00:01[K    33% |‚ñà‚ñà‚ñà‚ñà‚ñà‚ñà‚ñà‚ñà‚ñà‚ñà‚ñä                     | 372kB 22.1MB/s eta 0:00:01[K    33% |‚ñà‚ñà‚ñà‚ñà‚ñà‚ñà‚ñà‚ñà‚ñà‚ñà‚ñâ                     | 376kB 20.8MB/s eta 0:00:01[K    34% |‚ñà‚ñà‚ñà‚ñà‚ñà‚ñà‚ñà‚ñà‚ñà‚ñà‚ñà                     | 380kB 21.4MB/s eta 0:00:01[K    34% |‚ñà‚ñà‚ñà‚ñà‚ñà‚ñà‚ñà‚ñà‚ñà‚ñà‚ñà                     | 385kB 22.1MB/s eta 0:00:01[K    35% |‚ñà‚ñà‚ñà‚ñà‚ñà‚ñà‚ñà‚ñà‚ñà‚ñà‚ñà‚ñè                    | 389kB 22.2MB/s eta 0:00:01[K    35% |‚ñà‚ñà‚ñà‚ñà‚ñà‚ñà‚ñà‚ñà‚ñà‚ñà‚ñà‚ñé                    | 393kB 22.2MB/s eta 0:00:01[K    35% |‚ñà‚ñà‚ñà‚ñà‚ñà‚ñà‚ñà‚ñà‚ñà‚ñà‚ñà‚ñç                    | 397kB 21.3MB/s eta 0:00:01[K    36% |‚ñà‚ñà‚ñà‚ñà‚ñà‚ñà‚ñà‚ñà‚ñà‚ñà‚ñà‚ñã                    | 401kB 22.9MB/s eta 0:00:01[K    36% |‚ñà‚ñà‚ñà‚ñà‚ñà‚ñà‚ñà‚ñà‚ñà‚ñà‚ñà‚ñä                    | 405kB 22.7MB/s eta 0:00:01[K    36% |‚ñà‚ñà‚ñà‚ñà‚ñà‚ñà‚ñà‚ñà‚ñà‚ñà‚ñà‚ñâ                    | 409kB 21.4MB/s eta 0:00:01[K    37% |‚ñà‚ñà‚ñà‚ñà‚ñà‚ñà‚ñà‚ñà‚ñà‚ñà‚ñà‚ñà                    | 413kB 21.1MB/s eta 0:00:01[K    37% |‚ñà‚ñà‚ñà‚ñà‚ñà‚ñà‚ñà‚ñà‚ñà‚ñà‚ñà‚ñà                    | 417kB 23.0MB/s eta 0:00:01[K    37% |‚ñà‚ñà‚ñà‚ñà‚ñà‚ñà‚ñà‚ñà‚ñà‚ñà‚ñà‚ñà‚ñè                   | 421kB 22.3MB/s eta 0:00:01[K    38% |‚ñà‚ñà‚ñà‚ñà‚ñà‚ñà‚ñà‚ñà‚ñà‚ñà‚ñà‚ñà‚ñé                   | 425kB 21.3MB/s eta 0:00:01[K    38% |‚ñà‚ñà‚ñà‚ñà‚ñà‚ñà‚ñà‚ñà‚ñà‚ñà‚ñà‚ñà‚ñç                   | 430kB 22.0MB/s eta 0:00:01[K    39% |‚ñà‚ñà‚ñà‚ñà‚ñà‚ñà‚ñà‚ñà‚ñà‚ñà‚ñà‚ñà‚ñå                   | 434kB 22.0MB/s eta 0:00:01[K    39% |‚ñà‚ñà‚ñà‚ñà‚ñà‚ñà‚ñà‚ñà‚ñà‚ñà‚ñà‚ñà‚ñã                   | 438kB 19.0MB/s eta 0:00:01[K    39% |‚ñà‚ñà‚ñà‚ñà‚ñà‚ñà‚ñà‚ñà‚ñà‚ñà‚ñà‚ñà‚ñä                   | 442kB 18.0MB/s eta 0:00:01[K    40% |‚ñà‚ñà‚ñà‚ñà‚ñà‚ñà‚ñà‚ñà‚ñà‚ñà‚ñà‚ñà‚ñâ                   | 446kB 17.6MB/s eta 0:00:01[K    40% |‚ñà‚ñà‚ñà‚ñà‚ñà‚ñà‚ñà‚ñà‚ñà‚ñà‚ñà‚ñà‚ñà                   | 450kB 18.8MB/s eta 0:00:01[K    40% |‚ñà‚ñà‚ñà‚ñà‚ñà‚ñà‚ñà‚ñà‚ñà‚ñà‚ñà‚ñà‚ñà                   | 454kB 19.0MB/s eta 0:00:01[K    41% |‚ñà‚ñà‚ñà‚ñà‚ñà‚ñà‚ñà‚ñà‚ñà‚ñà‚ñà‚ñà‚ñà‚ñè                  | 458kB 18.2MB/s eta 0:00:01[K    41% |‚ñà‚ñà‚ñà‚ñà‚ñà‚ñà‚ñà‚ñà‚ñà‚ñà‚ñà‚ñà‚ñà‚ñé                  | 462kB 18.5MB/s eta 0:00:01[K    42% |‚ñà‚ñà‚ñà‚ñà‚ñà‚ñà‚ñà‚ñà‚ñà‚ñà‚ñà‚ñà‚ñà‚ñå                  | 466kB 19.0MB/s eta 0:00:01[K    42% |‚ñà‚ñà‚ñà‚ñà‚ñà‚ñà‚ñà‚ñà‚ñà‚ñà‚ñà‚ñà‚ñà‚ñã                  | 471kB 18.8MB/s eta 0:00:01[K    42% |‚ñà‚ñà‚ñà‚ñà‚ñà‚ñà‚ñà‚ñà‚ñà‚ñà‚ñà‚ñà‚ñà‚ñä                  | 475kB 18.4MB/s eta 0:00:01[K    43% |‚ñà‚ñà‚ñà‚ñà‚ñà‚ñà‚ñà‚ñà‚ñà‚ñà‚ñà‚ñà‚ñà‚ñâ                  | 479kB 21.4MB/s eta 0:00:01[K    43% |‚ñà‚ñà‚ñà‚ñà‚ñà‚ñà‚ñà‚ñà‚ñà‚ñà‚ñà‚ñà‚ñà‚ñà                  | 483kB 22.2MB/s eta 0:00:01[K    43% |‚ñà‚ñà‚ñà‚ñà‚ñà‚ñà‚ñà‚ñà‚ñà‚ñà‚ñà‚ñà‚ñà‚ñà                  | 487kB 22.8MB/s eta 0:00:01[K    44% |‚ñà‚ñà‚ñà‚ñà‚ñà‚ñà‚ñà‚ñà‚ñà‚ñà‚ñà‚ñà‚ñà‚ñà‚ñè                 | 491kB 21.2MB/s eta 0:00:01[K    44% |‚ñà‚ñà‚ñà‚ñà‚ñà‚ñà‚ñà‚ñà‚ñà‚ñà‚ñà‚ñà‚ñà‚ñà‚ñé                 | 495kB 20.9MB/s eta 0:00:01[K    44% |‚ñà‚ñà‚ñà‚ñà‚ñà‚ñà‚ñà‚ñà‚ñà‚ñà‚ñà‚ñà‚ñà‚ñà‚ñç                 | 499kB 22.1MB/s eta 0:00:01[K    45% |‚ñà‚ñà‚ñà‚ñà‚ñà‚ñà‚ñà‚ñà‚ñà‚ñà‚ñà‚ñà‚ñà‚ñà‚ñå                 | 503kB 21.4MB/s eta 0:00:01[K    45% |‚ñà‚ñà‚ñà‚ñà‚ñà‚ñà‚ñà‚ñà‚ñà‚ñà‚ñà‚ñà‚ñà‚ñà‚ñã                 | 507kB 21.0MB/s eta 0:00:01[K    46% |‚ñà‚ñà‚ñà‚ñà‚ñà‚ñà‚ñà‚ñà‚ñà‚ñà‚ñà‚ñà‚ñà‚ñà‚ñä                 | 512kB 20.7MB/s eta 0:00:01[K    46% |‚ñà‚ñà‚ñà‚ñà‚ñà‚ñà‚ñà‚ñà‚ñà‚ñà‚ñà‚ñà‚ñà‚ñà‚ñâ                 | 516kB 21.3MB/s eta 0:00:01[K    46% |‚ñà‚ñà‚ñà‚ñà‚ñà‚ñà‚ñà‚ñà‚ñà‚ñà‚ñà‚ñà‚ñà‚ñà‚ñà                 | 520kB 21.0MB/s eta 0:00:01[K    47% |‚ñà‚ñà‚ñà‚ñà‚ñà‚ñà‚ñà‚ñà‚ñà‚ñà‚ñà‚ñà‚ñà‚ñà‚ñà                 | 524kB 20.9MB/s eta 0:00:01[K    47% |‚ñà‚ñà‚ñà‚ñà‚ñà‚ñà‚ñà‚ñà‚ñà‚ñà‚ñà‚ñà‚ñà‚ñà‚ñà‚ñè                | 528kB 20.5MB/s eta 0:00:01[K    47% |‚ñà‚ñà‚ñà‚ñà‚ñà‚ñà‚ñà‚ñà‚ñà‚ñà‚ñà‚ñà‚ñà‚ñà‚ñà‚ñé                | 532kB 21.4MB/s eta 0:00:01[K    48% |‚ñà‚ñà‚ñà‚ñà‚ñà‚ñà‚ñà‚ñà‚ñà‚ñà‚ñà‚ñà‚ñà‚ñà‚ñà‚ñå                | 536kB 21.9MB/s eta 0:00:01[K    48% |‚ñà‚ñà‚ñà‚ñà‚ñà‚ñà‚ñà‚ñà‚ñà‚ñà‚ñà‚ñà‚ñà‚ñà‚ñà‚ñã                | 540kB 20.7MB/s eta 0:00:01[K    49% |‚ñà‚ñà‚ñà‚ñà‚ñà‚ñà‚ñà‚ñà‚ñà‚ñà‚ñà‚ñà‚ñà‚ñà‚ñà‚ñä                | 544kB 21.2MB/s eta 0:00:01[K    49% |‚ñà‚ñà‚ñà‚ñà‚ñà‚ñà‚ñà‚ñà‚ñà‚ñà‚ñà‚ñà‚ñà‚ñà‚ñàÔøΩÔøΩÔøΩ                | 548kB 22.1MB/s eta 0:00:01[K    49% |‚ñà‚ñà‚ñà‚ñà‚ñà‚ñà‚ñà‚ñà‚ñà‚ñà‚ñà‚ñà‚ñà‚ñà‚ñà‚ñà                | 552kB 22.2MB/s eta 0:00:01[K    50% |‚ñà‚ñà‚ñà‚ñà‚ñà‚ñà‚ñà‚ñà‚ñà‚ñà‚ñà‚ñà‚ñà‚ñà‚ñà‚ñà                | 557kB 21.1MB/s eta 0:00:01[K    50% |‚ñà‚ñà‚ñà‚ñà‚ñà‚ñà‚ñà‚ñà‚ñà‚ñà‚ñà‚ñà‚ñà‚ñà‚ñà‚ñà‚ñè               | 561kB 21.6MB/s eta 0:00:01[K    50% |‚ñà‚ñà‚ñà‚ñà‚ñà‚ñà‚ñà‚ñà‚ñà‚ñà‚ñà‚ñà‚ñà‚ñà‚ñà‚ñà‚ñé               | 565kB 22.1MB/s eta 0:00:01[K    51% |‚ñà‚ñà‚ñà‚ñà‚ñà‚ñà‚ñà‚ñà‚ñà‚ñà‚ñà‚ñà‚ñà‚ñà‚ñà‚ñà‚ñç               | 569kB 22.1MB/s eta 0:00:01[K    51% |‚ñà‚ñà‚ñà‚ñà‚ñà‚ñà‚ñà‚ñà‚ñà‚ñà‚ñà‚ñà‚ñà‚ñà‚ñà‚ñà‚ñå               | 573kB 21.5MB/s eta 0:00:01[K    51% |‚ñà‚ñà‚ñà‚ñà‚ñà‚ñà‚ñà‚ñà‚ñà‚ñà‚ñà‚ñà‚ñà‚ñà‚ñà‚ñà‚ñã               | 577kB 21.1MB/s eta 0:00:01[K    52% |‚ñà‚ñà‚ñà‚ñà‚ñà‚ñà‚ñà‚ñà‚ñà‚ñà‚ñà‚ñà‚ñà‚ñà‚ñà‚ñà‚ñä               | 581kB 22.2MB/s eta 0:00:01[K    52% |‚ñà‚ñà‚ñà‚ñà‚ñà‚ñà‚ñà‚ñà‚ñà‚ñà‚ñà‚ñà‚ñà‚ñà‚ñà‚ñà‚ñâ               | 585kB 22.1MB/s eta 0:00:01[K    53% |‚ñà‚ñà‚ñà‚ñà‚ñà‚ñà‚ñà‚ñà‚ñà‚ñà‚ñà‚ñà‚ñà‚ñà‚ñà‚ñà‚ñà               | 589kB 20.4MB/s eta 0:00:01[K    53% |‚ñà‚ñà‚ñà‚ñà‚ñà‚ñà‚ñà‚ñà‚ñà‚ñà‚ñà‚ñà‚ñà‚ñà‚ñà‚ñà‚ñà               | 593kB 20.4MB/s eta 0:00:01[K    53% |‚ñà‚ñà‚ñà‚ñà‚ñà‚ñà‚ñà‚ñà‚ñà‚ñà‚ñà‚ñà‚ñà‚ñà‚ñà‚ñà‚ñà‚ñè              | 598kB 21.8MB/s eta 0:00:01[K    54% |‚ñà‚ñà‚ñà‚ñà‚ñà‚ñà‚ñà‚ñà‚ñà‚ñà‚ñà‚ñà‚ñà‚ñà‚ñà‚ñà‚ñà‚ñç              | 602kB 21.5MB/s eta 0:00:01[K    54% |‚ñà‚ñà‚ñà‚ñà‚ñà‚ñà‚ñà‚ñà‚ñà‚ñà‚ñà‚ñà‚ñà‚ñà‚ñà‚ñà‚ñà‚ñå              | 606kB 20.7MB/s eta 0:00:01[K    54% |‚ñà‚ñà‚ñà‚ñà‚ñà‚ñà‚ñà‚ñà‚ñà‚ñà‚ñà‚ñà‚ñà‚ñà‚ñà‚ñà‚ñà‚ñã              | 610kB 20.8MB/s eta 0:00:01[K    55% |‚ñà‚ñà‚ñà‚ñà‚ñà‚ñà‚ñà‚ñà‚ñà‚ñà‚ñà‚ñà‚ñà‚ñà‚ñà‚ñà‚ñà‚ñä              | 614kB 21.3MB/s eta 0:00:01[K    55% |‚ñà‚ñà‚ñà‚ñà‚ñà‚ñà‚ñà‚ñà‚ñà‚ñà‚ñà‚ñà‚ñà‚ñà‚ñà‚ñà‚ñà‚ñâ              | 618kB 22.1MB/s eta 0:00:01[K    56% |‚ñà‚ñà‚ñà‚ñà‚ñà‚ñà‚ñà‚ñà‚ñà‚ñà‚ñà‚ñà‚ñà‚ñà‚ñà‚ñà‚ñà‚ñà              | 622kB 20.6MB/s eta 0:00:01[K    56% |‚ñà‚ñà‚ñà‚ñà‚ñà‚ñà‚ñà‚ñà‚ñà‚ñà‚ñà‚ñà‚ñà‚ñà‚ñà‚ñà‚ñà‚ñà              | 626kB 20.3MB/s eta 0:00:01[K    56% |‚ñà‚ñà‚ñà‚ñà‚ñà‚ñà‚ñà‚ñà‚ñà‚ñà‚ñà‚ñà‚ñà‚ñà‚ñà‚ñà‚ñà‚ñà‚ñè             | 630kB 21.5MB/s eta 0:00:01[K    57% |‚ñà‚ñà‚ñà‚ñà‚ñà‚ñà‚ñà‚ñà‚ñà‚ñà‚ñà‚ñà‚ñà‚ñà‚ñà‚ñà‚ñà‚ñà‚ñé             | 634kB 22.1MB/s eta 0:00:01[K    57% |‚ñà‚ñà‚ñà‚ñà‚ñà‚ñà‚ñà‚ñà‚ñà‚ñà‚ñà‚ñà‚ñà‚ñà‚ñà‚ñà‚ñà‚ñà‚ñç             | 638kB 20.6MB/s eta 0:00:01[K    57% |‚ñà‚ñà‚ñà‚ñà‚ñà‚ñà‚ñà‚ñà‚ñà‚ñà‚ñà‚ñà‚ñà‚ñà‚ñà‚ñà‚ñà‚ñà‚ñå             | 643kB 20.9MB/s eta 0:00:01[K    58% |‚ñà‚ñà‚ñà‚ñà‚ñà‚ñà‚ñà‚ñà‚ñà‚ñà‚ñà‚ñà‚ñà‚ñà‚ñà‚ñà‚ñà‚ñà‚ñã             | 647kB 22.1MB/s eta 0:00:01[K    58% |‚ñà‚ñà‚ñà‚ñà‚ñà‚ñà‚ñà‚ñà‚ñà‚ñà‚ñà‚ñà‚ñà‚ñà‚ñà‚ñà‚ñà‚ñà‚ñä             | 651kB 21.8MB/s eta 0:00:01[K    58% |‚ñà‚ñà‚ñà‚ñà‚ñà‚ñà‚ñà‚ñà‚ñà‚ñà‚ñà‚ñà‚ñà‚ñà‚ñà‚ñà‚ñà‚ñà‚ñâ             | 655kB 21.4MB/s eta 0:00:01[K    59% |‚ñà‚ñà‚ñà‚ñà‚ñà‚ñà‚ñà‚ñà‚ñà‚ñà‚ñà‚ñà‚ñà‚ñà‚ñà‚ñà‚ñà‚ñà‚ñà             | 659kB 20.8MB/s eta 0:00:01[K    59% |‚ñà‚ñà‚ñà‚ñà‚ñà‚ñà‚ñà‚ñà‚ñà‚ñà‚ñà‚ñà‚ñà‚ñà‚ñà‚ñà‚ñà‚ñà‚ñà             | 663kB 21.9MB/s eta 0:00:01[K    60% |‚ñà‚ñà‚ñà‚ñà‚ñà‚ñà‚ñà‚ñà‚ñà‚ñà‚ñà‚ñà‚ñà‚ñà‚ñà‚ñà‚ñà‚ñà‚ñà‚ñé            | 667kB 22.4MB/s eta 0:00:01[K    60% |‚ñà‚ñà‚ñà‚ñà‚ñà‚ñà‚ñà‚ñà‚ñà‚ñà‚ñà‚ñà‚ñà‚ñà‚ñà‚ñà‚ñà‚ñà‚ñà‚ñç            | 671kB 21.7MB/s eta 0:00:01[K    60% |‚ñà‚ñà‚ñà‚ñà‚ñà‚ñà‚ñà‚ñà‚ñà‚ñà‚ñà‚ñà‚ñà‚ñà‚ñà‚ñà‚ñà‚ñà‚ñà‚ñå            | 675kB 21.2MB/s eta 0:00:01[K    61% |‚ñà‚ñà‚ñà‚ñà‚ñà‚ñà‚ñà‚ñà‚ñà‚ñà‚ñà‚ñà‚ñà‚ñà‚ñà‚ñà‚ñà‚ñà‚ñà‚ñã            | 679kB 22.6MB/s eta 0:00:01[K    61% |‚ñà‚ñà‚ñà‚ñà‚ñà‚ñà‚ñà‚ñà‚ñà‚ñà‚ñà‚ñà‚ñà‚ñà‚ñà‚ñà‚ñà‚ñà‚ñà‚ñä            | 684kB 22.6MB/s eta 0:00:01[K    61% |‚ñà‚ñà‚ñà‚ñà‚ñà‚ñà‚ñà‚ñà‚ñà‚ñà‚ñà‚ñà‚ñà‚ñà‚ñà‚ñà‚ñà‚ñà‚ñà‚ñâ            | 688kB 21.5MB/s eta 0:00:01[K    62% |‚ñà‚ñà‚ñà‚ñà‚ñà‚ñà‚ñà‚ñà‚ñà‚ñà‚ñà‚ñà‚ñà‚ñà‚ñà‚ñà‚ñà‚ñà‚ñà‚ñà            | 692kB 21.9MB/s eta 0:00:01[K    62% |‚ñà‚ñà‚ñà‚ñà‚ñà‚ñà‚ñà‚ñà‚ñà‚ñà‚ñà‚ñà‚ñà‚ñà‚ñà‚ñà‚ñà‚ñà‚ñà‚ñà            | 696kB 22.3MB/s eta 0:00:01[K    63% |‚ñà‚ñà‚ñà‚ñà‚ñà‚ñà‚ñà‚ñà‚ñà‚ñà‚ñà‚ñà‚ñà‚ñà‚ñà‚ñà‚ñà‚ñà‚ñà‚ñà‚ñè           | 700kB 22.2MB/s eta 0:00:01[K    63% |‚ñà‚ñà‚ñà‚ñà‚ñà‚ñà‚ñà‚ñà‚ñà‚ñà‚ñà‚ñà‚ñà‚ñà‚ñà‚ñà‚ñà‚ñà‚ñà‚ñà‚ñé           | 704kB 22.0MB/s eta 0:00:01[K    63% |‚ñà‚ñà‚ñà‚ñà‚ñà‚ñà‚ñà‚ñà‚ñà‚ñà‚ñà‚ñà‚ñà‚ñà‚ñà‚ñà‚ñà‚ñà‚ñà‚ñà‚ñç           | 708kB 21.6MB/s eta 0:00:01[K    64% |‚ñà‚ñà‚ñà‚ñà‚ñà‚ñà‚ñà‚ñà‚ñà‚ñà‚ñà‚ñà‚ñà‚ñà‚ñà‚ñà‚ñà‚ñà‚ñà‚ñà‚ñå           | 712kB 22.4MB/s eta 0:00:01[K    64% |‚ñà‚ñà‚ñà‚ñà‚ñà‚ñà‚ñà‚ñà‚ñà‚ñà‚ñà‚ñà‚ñà‚ñà‚ñà‚ñà‚ñà‚ñà‚ñà‚ñà‚ñã           | 716kB 23.1MB/s eta 0:00:01[K    64% |‚ñà‚ñà‚ñà‚ñà‚ñà‚ñà‚ñà‚ñà‚ñà‚ñà‚ñà‚ñà‚ñà‚ñà‚ñà‚ñà‚ñà‚ñà‚ñà‚ñà‚ñä           | 720kB 21.7MB/s eta 0:00:01[K    65% |‚ñà‚ñà‚ñà‚ñà‚ñà‚ñà‚ñà‚ñà‚ñà‚ñà‚ñà‚ñà‚ñà‚ñà‚ñà‚ñà‚ñà‚ñà‚ñà‚ñà‚ñâ           | 724kB 21.8MB/s eta 0:00:01[K    65% |‚ñà‚ñà‚ñà‚ñà‚ñà‚ñà‚ñà‚ñà‚ñà‚ñà‚ñà‚ñà‚ñà‚ñà‚ñà‚ñà‚ñà‚ñà‚ñà‚ñà‚ñà           | 729kB 22.9MB/s eta 0:00:01[K    65% |‚ñà‚ñà‚ñà‚ñà‚ñà‚ñà‚ñà‚ñà‚ñà‚ñà‚ñà‚ñà‚ñà‚ñà‚ñà‚ñà‚ñà‚ñà‚ñà‚ñà‚ñà           | 733kB 22.6MB/s eta 0:00:01[K    66% |‚ñà‚ñà‚ñà‚ñà‚ñà‚ñà‚ñà‚ñà‚ñà‚ñà‚ñà‚ñà‚ñà‚ñà‚ñà‚ñà‚ñà‚ñà‚ñà‚ñà‚ñà‚ñé          | 737kB 21.5MB/s eta 0:00:01[K    66% |‚ñà‚ñà‚ñà‚ñà‚ñà‚ñà‚ñà‚ñà‚ñà‚ñà‚ñà‚ñà‚ñà‚ñà‚ñà‚ñà‚ñà‚ñà‚ñà‚ñà‚ñà‚ñç          | 741kB 21.8MB/s eta 0:00:01[K    67% |‚ñà‚ñà‚ñà‚ñà‚ñà‚ñà‚ñà‚ñà‚ñà‚ñà‚ñà‚ñà‚ñà‚ñà‚ñà‚ñà‚ñà‚ñà‚ñà‚ñà‚ñà‚ñå          | 745kB 22.5MB/s eta 0:00:01[K    67% |‚ñà‚ñà‚ñà‚ñà‚ñà‚ñà‚ñà‚ñà‚ñà‚ñà‚ñà‚ñà‚ñà‚ñà‚ñà‚ñà‚ñà‚ñà‚ñà‚ñà‚ñà‚ñã          | 749kB 22.6MB/s eta 0:00:01[K    67% |‚ñà‚ñà‚ñà‚ñà‚ñàÔøΩÔøΩÔøΩ‚ñà‚ñà‚ñà‚ñà‚ñà‚ñà‚ñà‚ñà‚ñà‚ñà‚ñà‚ñà‚ñà‚ñà‚ñà‚ñä          | 753kB 22.1MB/s eta 0:00:01[K    68% |‚ñà‚ñà‚ñà‚ñà‚ñà‚ñà‚ñà‚ñà‚ñà‚ñà‚ñà‚ñà‚ñà‚ñà‚ñà‚ñà‚ñà‚ñà‚ñà‚ñà‚ñà‚ñâ          | 757kB 21.3MB/s eta 0:00:01[K    68% |‚ñà‚ñà‚ñà‚ñà‚ñà‚ñà‚ñà‚ñà‚ñà‚ñà‚ñà‚ñà‚ñà‚ñà‚ñà‚ñà‚ñà‚ñà‚ñà‚ñà‚ñà‚ñà          | 761kB 22.5MB/s eta 0:00:01[K    68% |‚ñà‚ñà‚ñà‚ñà‚ñà‚ñà‚ñà‚ñà‚ñà‚ñà‚ñà‚ñà‚ñà‚ñà‚ñà‚ñà‚ñà‚ñà‚ñà‚ñà‚ñà‚ñà          | 765kB 22.4MB/s eta 0:00:01[K    69% |‚ñà‚ñà‚ñà‚ñà‚ñà‚ñà‚ñà‚ñà‚ñà‚ñà‚ñà‚ñà‚ñà‚ñà‚ñà‚ñà‚ñà‚ñà‚ñà‚ñà‚ñà‚ñà‚ñè         | 770kB 21.2MB/s eta 0:00:01[K    69% |‚ñà‚ñà‚ñà‚ñà‚ñà‚ñà‚ñà‚ñà‚ñà‚ñà‚ñà‚ñà‚ñà‚ñà‚ñà‚ñà‚ñà‚ñà‚ñà‚ñà‚ñà‚ñà‚ñé         | 774kB 20.9MB/s eta 0:00:01[K    70% |‚ñà‚ñà‚ñà‚ñà‚ñà‚ñà‚ñà‚ñà‚ñà‚ñà‚ñà‚ñà‚ñà‚ñà‚ñà‚ñà‚ñà‚ñà‚ñà‚ñà‚ñà‚ñà‚ñç         | 778kB 22.6MB/s eta 0:00:01[K    70% |‚ñà‚ñà‚ñà‚ñà‚ñà‚ñà‚ñà‚ñà‚ñà‚ñà‚ñà‚ñà‚ñà‚ñà‚ñà‚ñà‚ñà‚ñà‚ñà‚ñà‚ñà‚ñà‚ñå         | 782kB 22.3MB/s eta 0:00:01[K    70% |‚ñà‚ñà‚ñà‚ñà‚ñà‚ñà‚ñà‚ñà‚ñà‚ñà‚ñà‚ñà‚ñà‚ñà‚ñà‚ñà‚ñà‚ñà‚ñà‚ñà‚ñà‚ñà‚ñã         | 786kB 21.2MB/s eta 0:00:01[K    71% |‚ñà‚ñà‚ñà‚ñà‚ñà‚ñà‚ñà‚ñà‚ñà‚ñà‚ñà‚ñà‚ñà‚ñà‚ñà‚ñà‚ñà‚ñà‚ñà‚ñà‚ñà‚ñà‚ñä         | 790kB 21.8MB/s eta 0:00:01[K    71% |‚ñà‚ñà‚ñà‚ñà‚ñà‚ñà‚ñà‚ñà‚ñà‚ñà‚ñà‚ñà‚ñà‚ñà‚ñà‚ñà‚ñà‚ñà‚ñà‚ñà‚ñà‚ñà‚ñâ         | 794kB 22.0MB/s eta 0:00:01[K    71% |‚ñà‚ñà‚ñà‚ñà‚ñà‚ñà‚ñà‚ñà‚ñà‚ñà‚ñà‚ñà‚ñà‚ñà‚ñà‚ñà‚ñà‚ñà‚ñà‚ñà‚ñà‚ñà‚ñà         | 798kB 22.7MB/s eta 0:00:01[K    72% |‚ñà‚ñà‚ñà‚ñà‚ñà‚ñà‚ñà‚ñà‚ñà‚ñà‚ñà‚ñà‚ñà‚ñà‚ñà‚ñà‚ñà‚ñà‚ñà‚ñà‚ñà‚ñà‚ñà‚ñè        | 802kB 21.9MB/s eta 0:00:01[K    72% |‚ñà‚ñà‚ñà‚ñà‚ñà‚ñà‚ñà‚ñà‚ñà‚ñà‚ñà‚ñà‚ñà‚ñà‚ñà‚ñà‚ñà‚ñà‚ñà‚ñà‚ñà‚ñà‚ñà‚ñé        | 806kB 21.4MB/s eta 0:00:01[K    72% |‚ñà‚ñà‚ñà‚ñà‚ñà‚ñà‚ñà‚ñà‚ñà‚ñà‚ñà‚ñà‚ñà‚ñà‚ñà‚ñà‚ñà‚ñà‚ñà‚ñà‚ñà‚ñà‚ñà‚ñç        | 811kB 22.2MB/s eta 0:00:01[K    73% |‚ñà‚ñà‚ñà‚ñà‚ñà‚ñà‚ñà‚ñà‚ñà‚ñà‚ñà‚ñà‚ñà‚ñà‚ñà‚ñà‚ñà‚ñà‚ñà‚ñà‚ñà‚ñà‚ñà‚ñå        | 815kB 23.0MB/s eta 0:00:01[K    73% |‚ñà‚ñà‚ñà‚ñà‚ñà‚ñà‚ñà‚ñà‚ñà‚ñà‚ñà‚ñà‚ñà‚ñà‚ñà‚ñà‚ñà‚ñà‚ñà‚ñà‚ñà‚ñà‚ñà‚ñã        | 819kB 21.3MB/s eta 0:00:01[K    74% |‚ñà‚ñà‚ñà‚ñà‚ñà‚ñà‚ñà‚ñà‚ñà‚ñà‚ñà‚ñà‚ñà‚ñà‚ñà‚ñà‚ñà‚ñà‚ñà‚ñà‚ñà‚ñà‚ñà‚ñä        | 823kB 21.5MB/s eta 0:00:01[K    74% |‚ñà‚ñà‚ñà‚ñà‚ñà‚ñà‚ñà‚ñà‚ñà‚ñà‚ñà‚ñà‚ñà‚ñà‚ñà‚ñà‚ñà‚ñà‚ñà‚ñà‚ñà‚ñà‚ñà‚ñâ        | 827kB 22.9MB/s eta 0:00:01[K    74% |‚ñà‚ñà‚ñà‚ñà‚ñà‚ñà‚ñà‚ñà‚ñà‚ñà‚ñà‚ñà‚ñà‚ñà‚ñà‚ñà‚ñà‚ñà‚ñà‚ñà‚ñà‚ñà‚ñà‚ñà        | 831kB 22.0MB/s eta 0:00:01[K    75% |‚ñà‚ñà‚ñà‚ñà‚ñà‚ñà‚ñà‚ñà‚ñà‚ñà‚ñà‚ñà‚ñà‚ñà‚ñà‚ñà‚ñà‚ñà‚ñà‚ñà‚ñà‚ñà‚ñà‚ñà        | 835kB 22.0MB/s eta 0:00:01[K    75% |‚ñà‚ñà‚ñà‚ñà‚ñà‚ñà‚ñà‚ñà‚ñà‚ñà‚ñà‚ñà‚ñà‚ñà‚ñà‚ñà‚ñà‚ñà‚ñà‚ñà‚ñà‚ñà‚ñà‚ñà‚ñè       | 839kB 21.7MB/s eta 0:00:01[K    75% |‚ñà‚ñà‚ñà‚ñà‚ñà‚ñà‚ñà‚ñà‚ñà‚ñà‚ñà‚ñà‚ñà‚ñà‚ñà‚ñà‚ñà‚ñà‚ñà‚ñà‚ñà‚ñà‚ñà‚ñà‚ñé       | 843kB 22.2MB/s eta 0:00:01[K    76% |‚ñà‚ñà‚ñà‚ñà‚ñà‚ñà‚ñà‚ñà‚ñà‚ñà‚ñà‚ñà‚ñà‚ñà‚ñà‚ñà‚ñà‚ñà‚ñà‚ñà‚ñà‚ñà‚ñà‚ñà‚ñç       | 847kB 21.8MB/s eta 0:00:01[K    76% |‚ñà‚ñà‚ñà‚ñà‚ñà‚ñà‚ñà‚ñà‚ñà‚ñà‚ñà‚ñà‚ñà‚ñà‚ñà‚ñà‚ñà‚ñà‚ñà‚ñà‚ñà‚ñà‚ñà‚ñà‚ñå       | 851kB 21.6MB/s eta 0:00:01[K    77% |‚ñà‚ñà‚ñà‚ñà‚ñà‚ñà‚ñà‚ñà‚ñà‚ñà‚ñà‚ñà‚ñà‚ñà‚ñà‚ñà‚ñà‚ñà‚ñà‚ñà‚ñà‚ñà‚ñà‚ñà‚ñã       | 856kB 21.1MB/s eta 0:00:01[K    77% |‚ñà‚ñà‚ñà‚ñà‚ñà‚ñà‚ñà‚ñà‚ñà‚ñà‚ñà‚ñà‚ñà‚ñà‚ñà‚ñà‚ñà‚ñà‚ñà‚ñà‚ñà‚ñà‚ñà‚ñà‚ñä       | 860kB 22.2MB/s eta 0:00:01[K    77% |‚ñà‚ñà‚ñà‚ñà‚ñà‚ñà‚ñà‚ñà‚ñà‚ñà‚ñà‚ñà‚ñà‚ñà‚ñà‚ñà‚ñà‚ñà‚ñà‚ñà‚ñà‚ñà‚ñà‚ñà‚ñâ       | 864kB 22.7MB/s eta 0:00:01[K    78% |‚ñà‚ñà‚ñà‚ñà‚ñà‚ñà‚ñà‚ñà‚ñà‚ñà‚ñà‚ñà‚ñà‚ñà‚ñà‚ñà‚ñà‚ñà‚ñà‚ñà‚ñà‚ñà‚ñà‚ñà‚ñà       | 868kB 21.4MB/s eta 0:00:01[K    78% |‚ñà‚ñà‚ñà‚ñà‚ñà‚ñà‚ñà‚ñà‚ñà‚ñà‚ñà‚ñà‚ñà‚ñà‚ñà‚ñà‚ñà‚ñà‚ñà‚ñà‚ñà‚ñà‚ñà‚ñà‚ñà‚ñè      | 872kB 22.0MB/s eta 0:00:01[K    78% |‚ñà‚ñà‚ñà‚ñà‚ñà‚ñà‚ñà‚ñà‚ñà‚ñà‚ñà‚ñà‚ñà‚ñà‚ñà‚ñà‚ñà‚ñà‚ñà‚ñà‚ñà‚ñà‚ñà‚ñà‚ñà‚ñé      | 876kB 22.4MB/s eta 0:00:01[K    79% |‚ñà‚ñà‚ñà‚ñà‚ñà‚ñà‚ñà‚ñà‚ñà‚ñà‚ñà‚ñà‚ñà‚ñà‚ñà‚ñà‚ñà‚ñà‚ñà‚ñà‚ñà‚ñà‚ñà‚ñà‚ñà‚ñç      | 880kB 22.5MB/s eta 0:00:01[K    79% |‚ñà‚ñà‚ñà‚ñà‚ñà‚ñà‚ñà‚ñà‚ñà‚ñà‚ñà‚ñà‚ñà‚ñà‚ñà‚ñà‚ñà‚ñà‚ñà‚ñà‚ñà‚ñà‚ñà‚ñà‚ñà‚ñå      | 884kB 21.4MB/s eta 0:00:01[K    79% |‚ñà‚ñà‚ñà‚ñà‚ñà‚ñà‚ñà‚ñà‚ñà‚ñà‚ñà‚ñà‚ñà‚ñà‚ñà‚ñà‚ñà‚ñà‚ñà‚ñà‚ñà‚ñà‚ñà‚ñà‚ñà‚ñã      | 888kB 22.4MB/s eta 0:00:01[K    80% |‚ñà‚ñà‚ñà‚ñà‚ñà‚ñà‚ñà‚ñà‚ñà‚ñà‚ñà‚ñà‚ñà‚ñà‚ñà‚ñà‚ñà‚ñà‚ñà‚ñà‚ñà‚ñà‚ñà‚ñà‚ñà‚ñä      | 892kB 22.9MB/s eta 0:00:01[K    80% |‚ñà‚ñà‚ñà‚ñà‚ñà‚ñà‚ñà‚ñà‚ñà‚ñà‚ñà‚ñà‚ñà‚ñà‚ñà‚ñà‚ñà‚ñà‚ñà‚ñà‚ñà‚ñà‚ñà‚ñà‚ñà‚ñâ      | 897kB 22.8MB/s eta 0:00:01[K    81% |‚ñà‚ñà‚ñà‚ñà‚ñà‚ñà‚ñà‚ñà‚ñà‚ñà‚ñà‚ñà‚ñà‚ñà‚ñà‚ñà‚ñà‚ñà‚ñà‚ñà‚ñà‚ñà‚ñà‚ñà‚ñà‚ñà      | 901kB 22.7MB/s eta 0:00:01[K    81% |‚ñà‚ñà‚ñà‚ñà‚ñà‚ñà‚ñà‚ñà‚ñà‚ñà‚ñà‚ñà‚ñà‚ñà‚ñà‚ñà‚ñà‚ñà‚ñà‚ñà‚ñà‚ñà‚ñà‚ñà‚ñà‚ñà      | 905kB 21.7MB/s eta 0:00:01[K    81% |‚ñà‚ñà‚ñà‚ñà‚ñà‚ñà‚ñà‚ñà‚ñà‚ñà‚ñà‚ñà‚ñà‚ñà‚ñà‚ñà‚ñà‚ñà‚ñà‚ñà‚ñà‚ñà‚ñà‚ñà‚ñà‚ñà‚ñè     | 909kB 23.2MB/s eta 0:00:01[K    82% |‚ñà‚ñà‚ñà‚ñà‚ñà‚ñà‚ñà‚ñà‚ñà‚ñà‚ñà‚ñà‚ñà‚ñà‚ñà‚ñà‚ñà‚ñà‚ñà‚ñà‚ñà‚ñà‚ñà‚ñà‚ñà‚ñà‚ñé     | 913kB 23.0MB/s eta 0:00:01[K    82% |‚ñà‚ñà‚ñà‚ñà‚ñà‚ñà‚ñà‚ñà‚ñà‚ñà‚ñà‚ñà‚ñà‚ñà‚ñà‚ñà‚ñà‚ñà‚ñà‚ñà‚ñà‚ñà‚ñà‚ñà‚ñà‚ñà‚ñç     | 917kB 21.6MB/s eta 0:00:01[K    82% |‚ñà‚ñà‚ñà‚ñà‚ñà‚ñà‚ñà‚ñà‚ñà‚ñà‚ñà‚ñà‚ñà‚ñà‚ñà‚ñà‚ñà‚ñà‚ñà‚ñà‚ñà‚ñà‚ñà‚ñà‚ñà‚ñà‚ñå     | 921kB 21.5MB/s eta 0:00:01[K    83% |‚ñà‚ñà‚ñà‚ñà‚ñà‚ñà‚ñà‚ñà‚ñà‚ñà‚ñà‚ñà‚ñà‚ñà‚ñà‚ñà‚ñà‚ñà‚ñà‚ñà‚ñà‚ñà‚ñà‚ñà‚ñà‚ñà‚ñã     | 925kB 23.2MB/s eta 0:00:01[K    83% |‚ñà‚ñà‚ñà‚ñà‚ñà‚ñà‚ñà‚ñà‚ñà‚ñà‚ñà‚ñà‚ñà‚ñà‚ñà‚ñà‚ñà‚ñà‚ñà‚ñà‚ñà‚ñà‚ñà‚ñà‚ñà‚ñà‚ñä     | 929kB 22.5MB/s eta 0:00:01[K    84% |‚ñà‚ñà‚ñà‚ñà‚ñà‚ñà‚ñà‚ñà‚ñà‚ñà‚ñà‚ñà‚ñà‚ñà‚ñà‚ñà‚ñà‚ñà‚ñà‚ñà‚ñà‚ñà‚ñà‚ñà‚ñà‚ñà‚ñà     | 933kB 21.8MB/s eta 0:00:01[K    84% |‚ñà‚ñà‚ñà‚ñà‚ñà‚ñà‚ñà‚ñà‚ñà‚ñà‚ñàÔøΩÔøΩÔøΩ‚ñà‚ñà‚ñà‚ñà‚ñà‚ñà‚ñà‚ñà‚ñà‚ñà‚ñà‚ñà‚ñà‚ñà‚ñà     | 937kB 22.1MB/s eta 0:00:01[K    84% |‚ñà‚ñà‚ñà‚ñà‚ñà‚ñà‚ñà‚ñà‚ñà‚ñà‚ñà‚ñà‚ñà‚ñà‚ñà‚ñà‚ñà‚ñà‚ñà‚ñà‚ñà‚ñà‚ñà‚ñà‚ñà‚ñà‚ñà‚ñè    | 942kB 22.0MB/s eta 0:00:01[K    85% |‚ñà‚ñà‚ñà‚ñà‚ñà‚ñà‚ñà‚ñà‚ñà‚ñà‚ñà‚ñà‚ñà‚ñà‚ñà‚ñà‚ñà‚ñà‚ñà‚ñà‚ñà‚ñà‚ñà‚ñà‚ñà‚ñà‚ñà‚ñé    | 946kB 23.0MB/s eta 0:00:01[K    85% |‚ñà‚ñà‚ñà‚ñà‚ñà‚ñà‚ñà‚ñà‚ñà‚ñà‚ñà‚ñà‚ñà‚ñà‚ñà‚ñà‚ñà‚ñà‚ñà‚ñà‚ñà‚ñà‚ñà‚ñà‚ñà‚ñà‚ñà‚ñç    | 950kB 21.4MB/s eta 0:00:01[K    85% |‚ñà‚ñà‚ñà‚ñà‚ñà‚ñà‚ñà‚ñà‚ñà‚ñà‚ñà‚ñà‚ñà‚ñà‚ñà‚ñà‚ñà‚ñà‚ñà‚ñà‚ñà‚ñà‚ñà‚ñà‚ñà‚ñà‚ñà‚ñå    | 954kB 21.1MB/s eta 0:00:01[K    86% |‚ñà‚ñà‚ñà‚ñà‚ñà‚ñà‚ñà‚ñà‚ñà‚ñà‚ñà‚ñà‚ñà‚ñà‚ñà‚ñà‚ñà‚ñà‚ñà‚ñà‚ñà‚ñà‚ñà‚ñà‚ñà‚ñà‚ñà‚ñã    | 958kB 21.9MB/s eta 0:00:01[K    86% |‚ñà‚ñà‚ñà‚ñà‚ñà‚ñà‚ñà‚ñà‚ñà‚ñà‚ñà‚ñà‚ñà‚ñà‚ñà‚ñà‚ñà‚ñà‚ñà‚ñà‚ñà‚ñà‚ñà‚ñà‚ñà‚ñà‚ñà‚ñä    | 962kB 22.4MB/s eta 0:00:01[K    86% |‚ñà‚ñà‚ñà‚ñà‚ñà‚ñà‚ñà‚ñà‚ñà‚ñà‚ñà‚ñà‚ñà‚ñà‚ñà‚ñà‚ñà‚ñà‚ñà‚ñà‚ñà‚ñà‚ñà‚ñà‚ñà‚ñà‚ñà‚ñâ    | 966kB 21.2MB/s eta 0:00:01[K    87% |‚ñà‚ñà‚ñà‚ñà‚ñà‚ñà‚ñà‚ñà‚ñà‚ñà‚ñà‚ñà‚ñà‚ñà‚ñà‚ñà‚ñà‚ñà‚ñà‚ñà‚ñà‚ñà‚ñà‚ñà‚ñà‚ñà‚ñà‚ñà    | 970kB 21.1MB/s eta 0:00:01[K    87% |‚ñà‚ñà‚ñà‚ñà‚ñà‚ñà‚ñà‚ñà‚ñà‚ñà‚ñà‚ñà‚ñà‚ñà‚ñà‚ñà‚ñà‚ñà‚ñà‚ñà‚ñà‚ñà‚ñà‚ñà‚ñà‚ñà‚ñà‚ñà    | 974kB 22.3MB/s eta 0:00:01[K    88% |‚ñà‚ñà‚ñà‚ñà‚ñà‚ñà‚ñà‚ñà‚ñà‚ñà‚ñà‚ñà‚ñà‚ñà‚ñà‚ñà‚ñà‚ñà‚ñà‚ñà‚ñà‚ñà‚ñà‚ñà‚ñà‚ñà‚ñà‚ñà‚ñè   | 978kB 22.4MB/s eta 0:00:01[K    88% |‚ñà‚ñà‚ñà‚ñà‚ñà‚ñà‚ñà‚ñà‚ñà‚ñà‚ñà‚ñà‚ñà‚ñà‚ñà‚ñà‚ñà‚ñà‚ñà‚ñà‚ñà‚ñà‚ñà‚ñà‚ñà‚ñà‚ñà‚ñà‚ñé   | 983kB 21.8MB/s eta 0:00:01[K    88% |‚ñà‚ñà‚ñà‚ñà‚ñà‚ñà‚ñà‚ñà‚ñà‚ñà‚ñà‚ñà‚ñà‚ñà‚ñà‚ñà‚ñà‚ñà‚ñà‚ñà‚ñà‚ñà‚ñà‚ñà‚ñà‚ñà‚ñà‚ñà‚ñç   | 987kB 21.6MB/s eta 0:00:01[K    89% |‚ñà‚ñà‚ñà‚ñà‚ñà‚ñà‚ñà‚ñà‚ñà‚ñà‚ñà‚ñà‚ñà‚ñà‚ñà‚ñà‚ñà‚ñà‚ñà‚ñà‚ñà‚ñà‚ñà‚ñà‚ñà‚ñà‚ñà‚ñà‚ñå   | 991kB 22.6MB/s eta 0:00:01[K    89% |‚ñà‚ñà‚ñà‚ñà‚ñà‚ñà‚ñà‚ñà‚ñà‚ñà‚ñà‚ñà‚ñà‚ñà‚ñà‚ñà‚ñà‚ñà‚ñà‚ñà‚ñà‚ñà‚ñà‚ñà‚ñà‚ñà‚ñà‚ñà‚ñã   | 995kB 22.7MB/s eta 0:00:01[K    89% |‚ñà‚ñà‚ñà‚ñà‚ñà‚ñà‚ñà‚ñà‚ñà‚ñà‚ñà‚ñà‚ñà‚ñà‚ñà‚ñà‚ñà‚ñà‚ñà‚ñà‚ñà‚ñà‚ñà‚ñà‚ñà‚ñà‚ñà‚ñà‚ñä   | 999kB 22.1MB/s eta 0:00:01[K    90% |‚ñà‚ñà‚ñà‚ñà‚ñà‚ñà‚ñà‚ñà‚ñà‚ñà‚ñà‚ñà‚ñà‚ñà‚ñà‚ñà‚ñà‚ñà‚ñà‚ñà‚ñà‚ñà‚ñà‚ñà‚ñà‚ñà‚ñà‚ñà‚ñà   | 1.0MB 22.1MB/s eta 0:00:01[K    90% |‚ñà‚ñà‚ñà‚ñà‚ñà‚ñà‚ñà‚ñà‚ñà‚ñà‚ñà‚ñà‚ñà‚ñà‚ñà‚ñà‚ñà‚ñà‚ñà‚ñà‚ñà‚ñà‚ñà‚ñà‚ñà‚ñà‚ñà‚ñà‚ñà   | 1.0MB 22.9MB/s eta 0:00:01[K    91% |‚ñà‚ñà‚ñà‚ñà‚ñà‚ñà‚ñà‚ñà‚ñà‚ñà‚ñà‚ñà‚ñà‚ñà‚ñà‚ñà‚ñà‚ñà‚ñà‚ñà‚ñà‚ñà‚ñà‚ñà‚ñà‚ñà‚ñà‚ñà‚ñà‚ñè  | 1.0MB 23.2MB/s eta 0:00:01[K    91% |‚ñà‚ñà‚ñà‚ñà‚ñà‚ñà‚ñà‚ñà‚ñà‚ñà‚ñà‚ñà‚ñà‚ñà‚ñà‚ñà‚ñà‚ñà‚ñà‚ñà‚ñà‚ñà‚ñà‚ñà‚ñà‚ñà‚ñà‚ñà‚ñà‚ñé  | 1.0MB 22.2MB/s eta 0:00:01[K    91% |‚ñà‚ñà‚ñà‚ñà‚ñà‚ñà‚ñà‚ñà‚ñà‚ñà‚ñà‚ñà‚ñà‚ñà‚ñà‚ñà‚ñà‚ñà‚ñà‚ñà‚ñà‚ñà‚ñà‚ñà‚ñà‚ñà‚ñà‚ñà‚ñà‚ñç  | 1.0MB 21.8MB/s eta 0:00:01[K    92% |‚ñà‚ñà‚ñà‚ñà‚ñà‚ñà‚ñà‚ñà‚ñà‚ñà‚ñà‚ñà‚ñà‚ñà‚ñà‚ñà‚ñà‚ñà‚ñà‚ñà‚ñà‚ñà‚ñà‚ñà‚ñà‚ñà‚ñà‚ñà‚ñà‚ñå  | 1.0MB 22.8MB/s eta 0:00:01[K    92% |‚ñà‚ñà‚ñà‚ñà‚ñà‚ñà‚ñà‚ñà‚ñà‚ñà‚ñà‚ñà‚ñà‚ñà‚ñà‚ñà‚ñà‚ñà‚ñà‚ñà‚ñà‚ñà‚ñà‚ñà‚ñà‚ñà‚ñà‚ñà‚ñà‚ñã  | 1.0MB 22.1MB/s eta 0:00:01[K    92% |‚ñà‚ñà‚ñà‚ñà‚ñà‚ñà‚ñà‚ñà‚ñà‚ñà‚ñà‚ñà‚ñà‚ñà‚ñà‚ñà‚ñà‚ñà‚ñà‚ñà‚ñà‚ñà‚ñà‚ñà‚ñà‚ñà‚ñà‚ñà‚ñà‚ñä  | 1.0MB 21.0MB/s eta 0:00:01[K    93% |‚ñà‚ñà‚ñà‚ñà‚ñà‚ñà‚ñà‚ñà‚ñà‚ñà‚ñà‚ñà‚ñà‚ñà‚ñà‚ñà‚ñà‚ñà‚ñà‚ñà‚ñà‚ñà‚ñà‚ñà‚ñà‚ñà‚ñà‚ñà‚ñà‚ñâ  | 1.0MB 21.6MB/s eta 0:00:01[K    93% |‚ñà‚ñà‚ñà‚ñà‚ñà‚ñà‚ñà‚ñà‚ñà‚ñà‚ñà‚ñà‚ñà‚ñà‚ñà‚ñà‚ñà‚ñà‚ñà‚ñà‚ñà‚ñà‚ñà‚ñà‚ñà‚ñà‚ñà‚ñà‚ñà‚ñà  | 1.0MB 22.3MB/s eta 0:00:01[K    93% |‚ñà‚ñà‚ñà‚ñà‚ñà‚ñà‚ñà‚ñà‚ñà‚ñà‚ñà‚ñà‚ñà‚ñà‚ñà‚ñà‚ñà‚ñà‚ñà‚ñà‚ñà‚ñà‚ñà‚ñà‚ñà‚ñà‚ñà‚ñà‚ñà‚ñà  | 1.0MB 22.0MB/s eta 0:00:01[K    94% |‚ñà‚ñà‚ñà‚ñà‚ñà‚ñà‚ñà‚ñà‚ñà‚ñà‚ñà‚ñà‚ñà‚ñà‚ñà‚ñà‚ñà‚ñà‚ñà‚ñà‚ñà‚ñà‚ñà‚ñà‚ñà‚ñà‚ñà‚ñà‚ñà‚ñà‚ñè | 1.0MB 21.9MB/s eta 0:00:01[K    94% |‚ñà‚ñà‚ñà‚ñà‚ñà‚ñà‚ñà‚ñà‚ñà‚ñà‚ñà‚ñà‚ñà‚ñà‚ñà‚ñà‚ñà‚ñà‚ñà‚ñà‚ñà‚ñà‚ñà‚ñà‚ñà‚ñà‚ñà‚ñà‚ñà‚ñà‚ñé | 1.1MB 21.6MB/s eta 0:00:01[K    95% |‚ñà‚ñà‚ñà‚ñà‚ñà‚ñà‚ñà‚ñà‚ñà‚ñà‚ñà‚ñà‚ñà‚ñà‚ñà‚ñà‚ñà‚ñà‚ñà‚ñà‚ñà‚ñà‚ñà‚ñà‚ñà‚ñà‚ñà‚ñà‚ñà‚ñà‚ñç | 1.1MB 22.3MB/s eta 0:00:01[K    95% |‚ñà‚ñà‚ñà‚ñà‚ñà‚ñà‚ñà‚ñà‚ñà‚ñà‚ñà‚ñà‚ñà‚ñà‚ñà‚ñà‚ñà‚ñà‚ñà‚ñà‚ñà‚ñà‚ñà‚ñà‚ñà‚ñà‚ñà‚ñà‚ñà‚ñà‚ñå | 1.1MB 22.9MB/s eta 0:00:01[K    95% |‚ñà‚ñà‚ñà‚ñà‚ñà‚ñà‚ñà‚ñà‚ñà‚ñà‚ñà‚ñà‚ñà‚ñà‚ñà‚ñà‚ñà‚ñà‚ñà‚ñà‚ñà‚ñà‚ñà‚ñà‚ñà‚ñà‚ñà‚ñà‚ñà‚ñà‚ñã | 1.1MB 21.7MB/s eta 0:00:01[K    96% |‚ñà‚ñà‚ñà‚ñà‚ñà‚ñà‚ñà‚ñà‚ñà‚ñà‚ñà‚ñà‚ñà‚ñà‚ñà‚ñà‚ñà‚ñà‚ñà‚ñà‚ñà‚ñà‚ñà‚ñà‚ñà‚ñà‚ñà‚ñà‚ñà‚ñà‚ñâ | 1.1MB 21.7MB/s eta 0:00:01[K    96% |‚ñà‚ñà‚ñà‚ñà‚ñà‚ñà‚ñà‚ñà‚ñà‚ñà‚ñà‚ñà‚ñà‚ñà‚ñà‚ñà‚ñà‚ñà‚ñà‚ñà‚ñà‚ñà‚ñà‚ñà‚ñà‚ñà‚ñà‚ñà‚ñà‚ñà‚ñà | 1.1MB 22.8MB/s eta 0:00:01[K    96% |‚ñà‚ñà‚ñà‚ñà‚ñà‚ñà‚ñà‚ñà‚ñà‚ñà‚ñà‚ñà‚ñà‚ñà‚ñà‚ñà‚ñà‚ñà‚ñà‚ñà‚ñà‚ñà‚ñà‚ñà‚ñà‚ñà‚ñà‚ñà‚ñà‚ñà‚ñà | 1.1MB 22.8MB/s eta 0:00:01[K    97% |‚ñà‚ñà‚ñà‚ñà‚ñà‚ñà‚ñà‚ñà‚ñà‚ñà‚ñà‚ñà‚ñà‚ñà‚ñà‚ñà‚ñà‚ñà‚ñà‚ñà‚ñà‚ñà‚ñà‚ñà‚ñà‚ñà‚ñà‚ñà‚ñà‚ñà‚ñà‚ñè| 1.1MB 21.7MB/s eta 0:00:01[K    97% |‚ñà‚ñà‚ñà‚ñà‚ñà‚ñà‚ñà‚ñà‚ñà‚ñà‚ñà‚ñà‚ñà‚ñà‚ñà‚ñà‚ñà‚ñà‚ñà‚ñà‚ñà‚ñà‚ñà‚ñà‚ñà‚ñà‚ñà‚ñà‚ñà‚ñà‚ñà‚ñé| 1.1MB 21.9MB/s eta 0:00:01[K    98% |‚ñà‚ñà‚ñà‚ñà‚ñà‚ñà‚ñà‚ñà‚ñà‚ñà‚ñà‚ñà‚ñà‚ñà‚ñà‚ñà‚ñà‚ñà‚ñà‚ñà‚ñà‚ñà‚ñà‚ñà‚ñà‚ñà‚ñà‚ñà‚ñà‚ñà‚ñà‚ñç| 1.1MB 22.5MB/s eta 0:00:01[K    98% |‚ñà‚ñà‚ñà‚ñà‚ñà‚ñà‚ñà‚ñà‚ñà‚ñà‚ñà‚ñà‚ñà‚ñà‚ñà‚ñà‚ñà‚ñà‚ñà‚ñà‚ñà‚ñà‚ñà‚ñà‚ñà‚ñà‚ñà‚ñà‚ñà‚ñà‚ñà‚ñå| 1.1MB 22.4MB/s eta 0:00:01[K    98% |‚ñà‚ñà‚ñà‚ñà‚ñà‚ñà‚ñà‚ñà‚ñà‚ñà‚ñà‚ñà‚ñà‚ñà‚ñà‚ñà‚ñà‚ñà‚ñà‚ñà‚ñà‚ñà‚ñà‚ñà‚ñà‚ñà‚ñà‚ñà‚ñà‚ñà‚ñà‚ñã| 1.1MB 22.1MB/s eta 0:00:01[K    99% |‚ñà‚ñà‚ñà‚ñà‚ñà‚ñà‚ñà‚ñà‚ñà‚ñà‚ñà‚ñà‚ñà‚ñà‚ñà‚ñà‚ñà‚ñà‚ñà‚ñà‚ñà‚ñà‚ñà‚ñà‚ñà‚ñà‚ñà‚ñà‚ñà‚ñà‚ñà‚ñä| 1.1MB 21.6MB/s eta 0:00:01[K    99% |‚ñà‚ñà‚ñà‚ñà‚ñà‚ñà‚ñà‚ñà‚ñà‚ñà‚ñà‚ñà‚ñà‚ñà‚ñà‚ñà‚ñà‚ñà‚ñà‚ñà‚ñà‚ñà‚ñà‚ñà‚ñà‚ñà‚ñà‚ñà‚ñà‚ñà‚ñà‚ñâ| 1.1MB 22.7MB/s eta 0:00:01[K    99% |‚ñà‚ñà‚ñà‚ñà‚ñà‚ñà‚ñà‚ñà‚ñà‚ñà‚ñà‚ñà‚ñà‚ñà‚ñà‚ñà‚ñà‚ñà‚ñà‚ñà‚ñà‚ñà‚ñà‚ñà‚ñà‚ñà‚ñà‚ñà‚ñà‚ñà‚ñà‚ñà| 1.1MB 22.3MB/s eta 0:00:01[K    100% |‚ñà‚ñà‚ñà‚ñà‚ñà‚ñà‚ñà‚ñà‚ñà‚ñà‚ñà‚ñà‚ñà‚ñà‚ñà‚ñà‚ñà‚ñà‚ñà‚ñà‚ñà‚ñà‚ñà‚ñà‚ñà‚ñà‚ñà‚ñà‚ñà‚ñà‚ñà‚ñà| 1.1MB 395kB/s 
[?25hInstalling collected packages: pip
  Found existing installation: pip 6.0.7
    Uninstalling pip-6.0.7:
      Successfully uninstalled pip-6.0.7
Successfully installed pip-7.1.2
travis_time:end:06242844:start=1443647123993763542,finish=1443647126027946508,duration=2034182966[0Ktravis_fold:end:install.1[0Ktravis_fold:start:install.2[0Ktravis_time:start:0ba334cc[0K$ pip install -r server_requirements.txt
Requirement already satisfied (use --upgrade to upgrade): Flask==0.10.1 in /home/travis/virtualenv/python2.7.9/lib/python2.7/site-packages (from -r server_requirements.txt (line 1))
Requirement already satisfied (use --upgrade to upgrade): Flask-Cache==0.13.1 in /home/travis/virtualenv/python2.7.9/lib/python2.7/site-packages (from -r server_requirements.txt (line 2))
Requirement already satisfied (use --upgrade to upgrade): Jinja2==2.7.3 in /home/travis/virtualenv/python2.7.9/lib/python2.7/site-packages (from -r server_requirements.txt (line 3))
Requirement already satisfied (use --upgrade to upgrade): MarkupSafe==0.23 in /home/travis/virtualenv/python2.7.9/lib/python2.7/site-packages (from -r server_requirements.txt (line 4))
Requirement already satisfied (use --upgrade to upgrade): PyYAML==3.11 in /home/travis/virtualenv/python2.7.9/lib/python2.7/site-packages (from -r server_requirements.txt (line 5))
Requirement already satisfied (use --upgrade to upgrade): Pygments==1.6 in /home/travis/virtualenv/python2.7.9/lib/python2.7/site-packages (from -r server_requirements.txt (line 6))
Requirement already satisfied (use --upgrade to upgrade): Sphinx==1.2.2 in /home/travis/virtualenv/python2.7.9/lib/python2.7/site-packages (from -r server_requirements.txt (line 7))
Requirement already satisfied (use --upgrade to upgrade): Werkzeug==0.9.6 in /home/travis/virtualenv/python2.7.9/lib/python2.7/site-packages (from -r server_requirements.txt (line 8))
Requirement already satisfied (use --upgrade to upgrade): argparse==1.2.1 in /home/travis/virtualenv/python2.7.9/lib/python2.7/site-packages (from -r server_requirements.txt (line 9))
Requirement already satisfied (use --upgrade to upgrade): astroid==1.1.1 in /home/travis/virtualenv/python2.7.9/lib/python2.7/site-packages (from -r server_requirements.txt (line 10))
Requirement already satisfied (use --upgrade to upgrade): docutils==0.11 in /home/travis/virtualenv/python2.7.9/lib/python2.7/site-packages (from -r server_requirements.txt (line 11))
Requirement already satisfied (use --upgrade to upgrade): git-pylint-commit-hook==2.0.5 in /home/travis/virtualenv/python2.7.9/lib/python2.7/site-packages (from -r server_requirements.txt (line 12))
Requirement already satisfied (use --upgrade to upgrade): itsdangerous==0.24 in /home/travis/virtualenv/python2.7.9/lib/python2.7/site-packages (from -r server_requirements.txt (line 13))
Obtaining linkenv-master from git+git://github.com/ze-phyr-us/linkenv.git@ae463b3211cb8dcc8868e88176a1101733c83b6d#egg=linkenv-master (from -r server_requirements.txt (line 14))
  Updating /home/travis/virtualenv/python2.7.9/src/linkenv-master clone (to ae463b3211cb8dcc8868e88176a1101733c83b6d)
[33m  Could not find a tag or branch 'ae463b3211cb8dcc8868e88176a1101733c83b6d', assuming commit.[0m
Requirement already satisfied (use --upgrade to upgrade): logilab-common==0.61.0 in /home/travis/virtualenv/python2.7.9/lib/python2.7/site-packages (from -r server_requirements.txt (line 15))
Requirement already satisfied (use --upgrade to upgrade): mimerender==0.5.4 in /home/travis/virtualenv/python2.7.9/lib/python2.7/site-packages (from -r server_requirements.txt (line 16))
Requirement already satisfied (use --upgrade to upgrade): nose==1.3.4 in /home/travis/virtualenv/python2.7.9/lib/python2.7/site-packages (from -r server_requirements.txt (line 17))
Requirement already satisfied (use --upgrade to upgrade): pylint==1.2.1 in /home/travis/virtualenv/python2.7.9/lib/python2.7/site-packages (from -r server_requirements.txt (line 18))
Requirement already satisfied (use --upgrade to upgrade): python-dateutil==2.2 in /home/travis/virtualenv/python2.7.9/lib/python2.7/site-packages (from -r server_requirements.txt (line 19))
Requirement already satisfied (use --upgrade to upgrade): python-mimeparse==0.1.4 in /home/travis/virtualenv/python2.7.9/lib/python2.7/site-packages (from -r server_requirements.txt (line 20))
Requirement already satisfied (use --upgrade to upgrade): requests==2.3.0 in /home/travis/virtualenv/python2.7.9/lib/python2.7/site-packages (from -r server_requirements.txt (line 21))
Requirement already satisfied (use --upgrade to upgrade): six==1.6.1 in /home/travis/virtualenv/python2.7.9/lib/python2.7/site-packages (from -r server_requirements.txt (line 22))
Requirement already satisfied (use --upgrade to upgrade): sphinxcontrib-httpdomain==1.2.1 in /home/travis/virtualenv/python2.7.9/lib/python2.7/site-packages (from -r server_requirements.txt (line 23))
Requirement already satisfied (use --upgrade to upgrade): unittest2==0.5.1 in /home/travis/virtualenv/python2.7.9/lib/python2.7/site-packages (from -r server_requirements.txt (line 24))
Requirement already satisfied (use --upgrade to upgrade): wsgiref==0.1.2 in /opt/python/2.7.9/lib/python2.7 (from -r server_requirements.txt (line 25))
Requirement already satisfied (use --upgrade to upgrade): ddt==0.8.0 in /home/travis/virtualenv/python2.7.9/lib/python2.7/site-packages (from -r server_requirements.txt (line 26))
Requirement already satisfied (use --upgrade to upgrade): webargs==0.5.0 in /home/travis/virtualenv/python2.7.9/lib/python2.7/site-packages (from -r server_requirements.txt (line 27))
Requirement already satisfied (use --upgrade to upgrade): webob==1.1.1 in /home/travis/virtualenv/python2.7.9/lib/python2.7/site-packages (from -r server_requirements.txt (line 28))
Requirement already satisfied (use --upgrade to upgrade): pytz==2014.10 in /home/travis/virtualenv/python2.7.9/lib/python2.7/site-packages (from -r server_requirements.txt (line 29))
Requirement already satisfied (use --upgrade to upgrade): coverage==3.7.1 in /home/travis/virtualenv/python2.7.9/lib/python2.7/site-packages (from -r server_requirements.txt (line 30))
Requirement already satisfied (use --upgrade to upgrade): coveralls==0.5 in /home/travis/virtualenv/python2.7.9/lib/python2.7/site-packages (from -r server_requirements.txt (line 31))
Collecting mock==1.3.0 (from -r server_requirements.txt (line 32))
  Downloading mock-1.3.0-py2.py3-none-any.whl (56kB)
[?25l[K    7% |‚ñà‚ñà‚ñé                             | 4.1kB 30.4MB/s eta 0:00:01[K    14% |‚ñà‚ñà‚ñà‚ñà‚ñã                           | 8.2kB 25.2MB/s eta 0:00:01[K    21% |‚ñà‚ñà‚ñà‚ñà‚ñà‚ñà‚ñà                         | 12kB 26.7MB/s eta 0:00:01[K    29% |‚ñà‚ñà‚ñà‚ñà‚ñà‚ñà‚ñà‚ñà‚ñà‚ñé                      | 16kB 25.8MB/s eta 0:00:01[K    36% |‚ñà‚ñà‚ñà‚ñà‚ñà‚ñà‚ñà‚ñà‚ñà‚ñà‚ñà‚ñã                    | 20kB 26.7MB/s eta 0:00:01[K    43% |‚ñà‚ñà‚ñà‚ñà‚ñà‚ñà‚ñà‚ñà‚ñà‚ñà‚ñà‚ñà‚ñà‚ñà                  | 24kB 27.7MB/s eta 0:00:01[K    50% |‚ñà‚ñà‚ñà‚ñà‚ñà‚ñà‚ñà‚ñà‚ñà‚ñà‚ñà‚ñà‚ñà‚ñà‚ñà‚ñà‚ñé               | 28kB 28.3MB/s eta 0:00:01[K    58% |‚ñà‚ñà‚ñà‚ñà‚ñà‚ñà‚ñà‚ñà‚ñà‚ñà‚ñà‚ñà‚ñà‚ñà‚ñà‚ñà‚ñà‚ñà‚ñã             | 32kB 5.6MB/s eta 0:00:01[K    65% |‚ñà‚ñà‚ñà‚ñà‚ñà‚ñà‚ñà‚ñà‚ñà‚ñà‚ñà‚ñà‚ñà‚ñà‚ñà‚ñà‚ñà‚ñà‚ñà‚ñà‚ñà           | 36kB 6.1MB/s eta 0:00:01[K    72% |‚ñà‚ñà‚ñà‚ñà‚ñà‚ñà‚ñà‚ñà‚ñà‚ñà‚ñà‚ñà‚ñà‚ñà‚ñà‚ñà‚ñà‚ñà‚ñà‚ñà‚ñà‚ñà‚ñà‚ñé        | 40kB 6.7MB/s eta 0:00:01[K    80% |‚ñà‚ñà‚ñà‚ñà‚ñà‚ñà‚ñà‚ñà‚ñà‚ñà‚ñà‚ñà‚ñà‚ñà‚ñà‚ñà‚ñà‚ñà‚ñà‚ñà‚ñà‚ñà‚ñà‚ñà‚ñà‚ñã      | 45kB 6.7MB/s eta 0:00:01[K    87% |‚ñà‚ñà‚ñà‚ñà‚ñà‚ñà‚ñà‚ñà‚ñà‚ñà‚ñà‚ñà‚ñà‚ñà‚ñà‚ñà‚ñà‚ñà‚ñà‚ñà‚ñà‚ñà‚ñà‚ñà‚ñà‚ñà‚ñà‚ñà    | 49kB 6.7MB/s eta 0:00:01[K    94% |‚ñà‚ñà‚ñà‚ñà‚ñà‚ñà‚ñà‚ñà‚ñà‚ñà‚ñà‚ñà‚ñà‚ñà‚ñà‚ñà‚ñà‚ñà‚ñà‚ñà‚ñà‚ñà‚ñà‚ñà‚ñà‚ñà‚ñà‚ñà‚ñà‚ñà‚ñé | 53kB 6.8MB/s eta 0:00:01[K    100% |‚ñà‚ñà‚ñà‚ñà‚ñà‚ñà‚ñà‚ñà‚ñà‚ñà‚ñà‚ñà‚ñà‚ñà‚ñà‚ñà‚ñà‚ñà‚ñà‚ñà‚ñà‚ñà‚ñà‚ñà‚ñà‚ñà‚ñà‚ñà‚ñà‚ñà‚ñà‚ñà| 57kB 3.8MB/s 
[?25hRequirement already satisfied (use --upgrade to upgrade): docopt>=0.6.1 in /home/travis/virtualenv/python2.7.9/lib/python2.7/site-packages (from coveralls==0.5->-r server_requirements.txt (line 31))
Requirement already satisfied (use --upgrade to upgrade): funcsigs in /home/travis/virtualenv/python2.7.9/lib/python2.7/site-packages (from mock==1.3.0->-r server_requirements.txt (line 32))
Requirement already satisfied (use --upgrade to upgrade): pbr>=0.11 in /home/travis/virtualenv/python2.7.9/lib/python2.7/site-packages (from mock==1.3.0->-r server_requirements.txt (line 32))
Installing collected packages: linkenv-master, mock
  Running setup.py develop for linkenv-master
  Found existing installation: mock 1.0.1
    Uninstalling mock-1.0.1:
      Successfully uninstalled mock-1.0.1
Successfully installed linkenv-master mock-1.3.0
travis_time:end:0ba334cc:start=1443647126032566742,finish=1443647127128952708,duration=1096385966[0Ktravis_fold:end:install.2[0Ktravis_fold:start:before_script.1[0Ktravis_time:start:0107e992[0K$ wget https://storage.googleapis.com/appengine-sdks/featured/google_appengine_$GAE_VERSION.zip -o gae_sdk.zip
travis_time:end:0107e992:start=1443647127133184505,finish=1443647128043439904,duration=910255399[0Ktravis_fold:end:before_script.1[0Ktravis_fold:start:before_script.2[0Ktravis_time:start:03d552d8[0K$ unzip -q google_appengine_$GAE_VERSION.zip
travis_time:end:03d552d8:start=1443647128048330074,finish=1443647130296854038,duration=2248523964[0Ktravis_fold:end:before_script.2[0Ktravis_fold:start:before_script.3[0Ktravis_time:start:01f105fa[0K$ mv google_appengine gae_sdk
travis_time:end:01f105fa:start=1443647130301620386,finish=1443647130307478212,duration=5857826[0Ktravis_fold:end:before_script.3[0Ktravis_fold:start:before_script.4[0Ktravis_time:start:289856e5[0K$ export GAE_SDK=$PWD/gae_sdk
travis_time:end:289856e5:start=1443647130312132981,finish=1443647130315464333,duration=3331352[0Ktravis_fold:end:before_script.4[0Ktravis_fold:start:before_script.5[0Ktravis_time:start:17c73f8c[0K$ export PATH=$PATH:$GAE_SDK
travis_time:end:17c73f8c:start=1443647130319911863,finish=1443647130323813709,duration=3901846[0Ktravis_fold:end:before_script.5[0Ktravis_fold:start:before_script.6[0Ktravis_time:start:0633fdc8[0K$ export PYTHONPATH=$PYTHONPATH:$GAE_SDK
travis_time:end:0633fdc8:start=1443647130328753116,finish=1443647130332370890,duration=3617774[0Ktravis_fold:end:before_script.6[0Ktravis_fold:start:before_script.7[0Ktravis_time:start:0594f3b0[0K$ python server/app/generate_keys.py
travis_time:end:0594f3b0:start=1443647130336915023,finish=1443647130363618248,duration=26703225[0Ktravis_fold:end:before_script.7[0Ktravis_time:start:01df30d0[0K$ FLASK_CONF=TEST coverage run $CMD --sdk_location $GAE_SDK --quiet
============================================================
Doing regression testing
============================================================
EEEEEE
======================================================================
ERROR: test_api (unittest2.loader.ModuleImportFailure)
----------------------------------------------------------------------
ImportError: Failed to import test module: test_api
Traceback (most recent call last):
  File "/home/travis/virtualenv/python2.7.9/lib/python2.7/site-packages/unittest2/loader.py", line 260, in _find_tests
    module = self._get_module_from_name(name)
  File "/home/travis/virtualenv/python2.7.9/lib/python2.7/site-packages/unittest2/loader.py", line 238, in _get_module_from_name
    __import__(name)
  File "/home/travis/build/Cal-CS-61A-Staff/ok/server/tests/regression/test_api.py", line 13, in <module>
    from app import api, models
  File "/home/travis/build/Cal-CS-61A-Staff/ok/server/app/__init__.py", line 16, in <module>
    from app import api
  File "/home/travis/build/Cal-CS-61A-Staff/ok/server/app/api.py", line 46, in <module>
    from app.utils import merge_user, backup_group_file, add_to_file_contents
ImportError: cannot import name add_to_file_contents


======================================================================
ERROR: test_auth (unittest2.loader.ModuleImportFailure)
----------------------------------------------------------------------
ImportError: Failed to import test module: test_auth
Traceback (most recent call last):
  File "/home/travis/virtualenv/python2.7.9/lib/python2.7/site-packages/unittest2/loader.py", line 260, in _find_tests
    module = self._get_module_from_name(name)
  File "/home/travis/virtualenv/python2.7.9/lib/python2.7/site-packages/unittest2/loader.py", line 238, in _get_module_from_name
    __import__(name)
  File "/home/travis/build/Cal-CS-61A-Staff/ok/server/tests/regression/test_auth.py", line 1, in <module>
    from test_base import auth, BaseTestCase, models
  File "/home/travis/build/Cal-CS-61A-Staff/ok/server/tests/test_base.py", line 34, in <module>
    import app
  File "/home/travis/build/Cal-CS-61A-Staff/ok/server/app/__init__.py", line 12, in <module>
    from app import constants
ImportError: cannot import name constants


======================================================================
ERROR: test_authenticator (unittest2.loader.ModuleImportFailure)
----------------------------------------------------------------------
ImportError: Failed to import test module: test_authenticator
Traceback (most recent call last):
  File "/home/travis/virtualenv/python2.7.9/lib/python2.7/site-packages/unittest2/loader.py", line 260, in _find_tests
    module = self._get_module_from_name(name)
  File "/home/travis/virtualenv/python2.7.9/lib/python2.7/site-packages/unittest2/loader.py", line 238, in _get_module_from_name
    __import__(name)
  File "/home/travis/build/Cal-CS-61A-Staff/ok/server/tests/regression/test_authenticator.py", line 1, in <module>
    from test_base import auth, BaseTestCase, models
  File "/home/travis/build/Cal-CS-61A-Staff/ok/server/tests/test_base.py", line 34, in <module>
    import app
  File "/home/travis/build/Cal-CS-61A-Staff/ok/server/app/__init__.py", line 12, in <module>
    from app import constants
ImportError: cannot import name constants


======================================================================
ERROR: test_exceptions (unittest2.loader.ModuleImportFailure)
----------------------------------------------------------------------
ImportError: Failed to import test module: test_exceptions
Traceback (most recent call last):
  File "/home/travis/virtualenv/python2.7.9/lib/python2.7/site-packages/unittest2/loader.py", line 260, in _find_tests
    module = self._get_module_from_name(name)
  File "/home/travis/virtualenv/python2.7.9/lib/python2.7/site-packages/unittest2/loader.py", line 238, in _get_module_from_name
    __import__(name)
  File "/home/travis/build/Cal-CS-61A-Staff/ok/server/tests/regression/test_exceptions.py", line 1, in <module>
    from test_base import auth, BaseTestCase, models
  File "/home/travis/build/Cal-CS-61A-Staff/ok/server/tests/test_base.py", line 34, in <module>
    import app
  File "/home/travis/build/Cal-CS-61A-Staff/ok/server/app/__init__.py", line 12, in <module>
    from app import constants
ImportError: cannot import name constants


======================================================================
ERROR: test_models (unittest2.loader.ModuleImportFailure)
----------------------------------------------------------------------
ImportError: Failed to import test module: test_models
Traceback (most recent call last):
  File "/home/travis/virtualenv/python2.7.9/lib/python2.7/site-packages/unittest2/loader.py", line 260, in _find_tests
    module = self._get_module_from_name(name)
  File "/home/travis/virtualenv/python2.7.9/lib/python2.7/site-packages/unittest2/loader.py", line 238, in _get_module_from_name
    __import__(name)
  File "/home/travis/build/Cal-CS-61A-Staff/ok/server/tests/regression/test_models.py", line 13, in <module>
    from app import models, constants
  File "/home/travis/build/Cal-CS-61A-Staff/ok/server/app/__init__.py", line 12, in <module>
    from app import constants
ImportError: cannot import name constants


======================================================================
ERROR: test_need (unittest2.loader.ModuleImportFailure)
----------------------------------------------------------------------
ImportError: Failed to import test module: test_need
Traceback (most recent call last):
  File "/home/travis/virtualenv/python2.7.9/lib/python2.7/site-packages/unittest2/loader.py", line 260, in _find_tests
    module = self._get_module_from_name(name)
  File "/home/travis/virtualenv/python2.7.9/lib/python2.7/site-packages/unittest2/loader.py", line 238, in _get_module_from_name
    __import__(name)
  File "/home/travis/build/Cal-CS-61A-Staff/ok/server/tests/regression/test_need.py", line 13, in <module>
    from app.needs import Need
  File "/home/travis/build/Cal-CS-61A-Staff/ok/server/app/__init__.py", line 12, in <module>
    from app import constants
ImportError: cannot import name constants


----------------------------------------------------------------------
Ran 6 tests in 0.002s

FAILED (errors=6)
============================================================
Doing permissions testing
============================================================
EEEEEEEEEEEEEE
======================================================================
ERROR: test_analytics (unittest2.loader.ModuleImportFailure)
----------------------------------------------------------------------
ImportError: Failed to import test module: test_analytics
Traceback (most recent call last):
  File "/home/travis/virtualenv/python2.7.9/lib/python2.7/site-packages/unittest2/loader.py", line 260, in _find_tests
    module = self._get_module_from_name(name)
  File "/home/travis/virtualenv/python2.7.9/lib/python2.7/site-packages/unittest2/loader.py", line 238, in _get_module_from_name
    __import__(name)
  File "/home/travis/build/Cal-CS-61A-Staff/ok/server/tests/permissions/test_analytics.py", line 12, in <module>
    from test_permissions import BaseUnitTest
  File "/home/travis/build/Cal-CS-61A-Staff/ok/server/tests/permissions/test_permissions.py", line 12, in <module>
    from test_base import BaseTestCase, unittest #pylint: disable=relative-import
  File "/home/travis/build/Cal-CS-61A-Staff/ok/server/tests/test_base.py", line 34, in <module>
    import app
  File "/home/travis/build/Cal-CS-61A-Staff/ok/server/app/__init__.py", line 12, in <module>
    from app import constants
ImportError: cannot import name constants


======================================================================
ERROR: test_api_fields (unittest2.loader.ModuleImportFailure)
----------------------------------------------------------------------
ImportError: Failed to import test module: test_api_fields
Traceback (most recent call last):
  File "/home/travis/virtualenv/python2.7.9/lib/python2.7/site-packages/unittest2/loader.py", line 260, in _find_tests
    module = self._get_module_from_name(name)
  File "/home/travis/virtualenv/python2.7.9/lib/python2.7/site-packages/unittest2/loader.py", line 238, in _get_module_from_name
    __import__(name)
  File "/home/travis/build/Cal-CS-61A-Staff/ok/server/tests/permissions/test_api_fields.py", line 8, in <module>
    from app.utils import coerce_to_json
  File "/home/travis/build/Cal-CS-61A-Staff/ok/server/app/__init__.py", line 12, in <module>
    from app import constants
ImportError: cannot import name constants


======================================================================
ERROR: test_assignment (unittest2.loader.ModuleImportFailure)
----------------------------------------------------------------------
ImportError: Failed to import test module: test_assignment
Traceback (most recent call last):
  File "/home/travis/virtualenv/python2.7.9/lib/python2.7/site-packages/unittest2/loader.py", line 260, in _find_tests
    module = self._get_module_from_name(name)
  File "/home/travis/virtualenv/python2.7.9/lib/python2.7/site-packages/unittest2/loader.py", line 238, in _get_module_from_name
    __import__(name)
  File "/home/travis/build/Cal-CS-61A-Staff/ok/server/tests/permissions/test_assignment.py", line 11, in <module>
    from test_permissions import PermissionsUnitTest
  File "/home/travis/build/Cal-CS-61A-Staff/ok/server/tests/permissions/test_permissions.py", line 12, in <module>
    from test_base import BaseTestCase, unittest #pylint: disable=relative-import
  File "/home/travis/build/Cal-CS-61A-Staff/ok/server/tests/test_base.py", line 34, in <module>
    import app
  File "/home/travis/build/Cal-CS-61A-Staff/ok/server/app/__init__.py", line 12, in <module>
    from app import constants
ImportError: cannot import name constants


======================================================================
ERROR: test_autoupdate (unittest2.loader.ModuleImportFailure)
----------------------------------------------------------------------
ImportError: Failed to import test module: test_autoupdate
Traceback (most recent call last):
  File "/home/travis/virtualenv/python2.7.9/lib/python2.7/site-packages/unittest2/loader.py", line 260, in _find_tests
    module = self._get_module_from_name(name)
  File "/home/travis/virtualenv/python2.7.9/lib/python2.7/site-packages/unittest2/loader.py", line 238, in _get_module_from_name
    __import__(name)
  File "/home/travis/build/Cal-CS-61A-Staff/ok/server/tests/permissions/test_autoupdate.py", line 10, in <module>
    from test_base import APIBaseTestCase, unittest
  File "/home/travis/build/Cal-CS-61A-Staff/ok/server/tests/test_base.py", line 34, in <module>
    import app
  File "/home/travis/build/Cal-CS-61A-Staff/ok/server/app/__init__.py", line 12, in <module>
    from app import constants
ImportError: cannot import name constants


======================================================================
ERROR: test_backup (unittest2.loader.ModuleImportFailure)
----------------------------------------------------------------------
ImportError: Failed to import test module: test_backup
Traceback (most recent call last):
  File "/home/travis/virtualenv/python2.7.9/lib/python2.7/site-packages/unittest2/loader.py", line 260, in _find_tests
    module = self._get_module_from_name(name)
  File "/home/travis/virtualenv/python2.7.9/lib/python2.7/site-packages/unittest2/loader.py", line 238, in _get_module_from_name
    __import__(name)
  File "/home/travis/build/Cal-CS-61A-Staff/ok/server/tests/permissions/test_backup.py", line 11, in <module>
    from test_permissions import PermissionsUnitTest
  File "/home/travis/build/Cal-CS-61A-Staff/ok/server/tests/permissions/test_permissions.py", line 12, in <module>
    from test_base import BaseTestCase, unittest #pylint: disable=relative-import
  File "/home/travis/build/Cal-CS-61A-Staff/ok/server/tests/test_base.py", line 34, in <module>
    import app
  File "/home/travis/build/Cal-CS-61A-Staff/ok/server/app/__init__.py", line 12, in <module>
    from app import constants
ImportError: cannot import name constants


======================================================================
ERROR: test_comment (unittest2.loader.ModuleImportFailure)
----------------------------------------------------------------------
ImportError: Failed to import test module: test_comment
Traceback (most recent call last):
  File "/home/travis/virtualenv/python2.7.9/lib/python2.7/site-packages/unittest2/loader.py", line 260, in _find_tests
    module = self._get_module_from_name(name)
  File "/home/travis/virtualenv/python2.7.9/lib/python2.7/site-packages/unittest2/loader.py", line 238, in _get_module_from_name
    __import__(name)
  File "/home/travis/build/Cal-CS-61A-Staff/ok/server/tests/permissions/test_comment.py", line 11, in <module>
    from test_permissions import PermissionsUnitTest
  File "/home/travis/build/Cal-CS-61A-Staff/ok/server/tests/permissions/test_permissions.py", line 12, in <module>
    from test_base import BaseTestCase, unittest #pylint: disable=relative-import
  File "/home/travis/build/Cal-CS-61A-Staff/ok/server/tests/test_base.py", line 34, in <module>
    import app
  File "/home/travis/build/Cal-CS-61A-Staff/ok/server/app/__init__.py", line 12, in <module>
    from app import constants
ImportError: cannot import name constants


======================================================================
ERROR: test_course (unittest2.loader.ModuleImportFailure)
----------------------------------------------------------------------
ImportError: Failed to import test module: test_course
Traceback (most recent call last):
  File "/home/travis/virtualenv/python2.7.9/lib/python2.7/site-packages/unittest2/loader.py", line 260, in _find_tests
    module = self._get_module_from_name(name)
  File "/home/travis/virtualenv/python2.7.9/lib/python2.7/site-packages/unittest2/loader.py", line 238, in _get_module_from_name
    __import__(name)
  File "/home/travis/build/Cal-CS-61A-Staff/ok/server/tests/permissions/test_course.py", line 11, in <module>
    from test_permissions import PermissionsUnitTest
  File "/home/travis/build/Cal-CS-61A-Staff/ok/server/tests/permissions/test_permissions.py", line 12, in <module>
    from test_base import BaseTestCase, unittest #pylint: disable=relative-import
  File "/home/travis/build/Cal-CS-61A-Staff/ok/server/tests/test_base.py", line 34, in <module>
    import app
  File "/home/travis/build/Cal-CS-61A-Staff/ok/server/app/__init__.py", line 12, in <module>
    from app import constants
ImportError: cannot import name constants


======================================================================
ERROR: test_final_submission (unittest2.loader.ModuleImportFailure)
----------------------------------------------------------------------
ImportError: Failed to import test module: test_final_submission
Traceback (most recent call last):
  File "/home/travis/virtualenv/python2.7.9/lib/python2.7/site-packages/unittest2/loader.py", line 260, in _find_tests
    module = self._get_module_from_name(name)
  File "/home/travis/virtualenv/python2.7.9/lib/python2.7/site-packages/unittest2/loader.py", line 238, in _get_module_from_name
    __import__(name)
  File "/home/travis/build/Cal-CS-61A-Staff/ok/server/tests/permissions/test_final_submission.py", line 11, in <module>
    from test_permissions import PermissionsUnitTest
  File "/home/travis/build/Cal-CS-61A-Staff/ok/server/tests/permissions/test_permissions.py", line 12, in <module>
    from test_base import BaseTestCase, unittest #pylint: disable=relative-import
  File "/home/travis/build/Cal-CS-61A-Staff/ok/server/tests/test_base.py", line 34, in <module>
    import app
  File "/home/travis/build/Cal-CS-61A-Staff/ok/server/app/__init__.py", line 12, in <module>
    from app import constants
ImportError: cannot import name constants


======================================================================
ERROR: test_group (unittest2.loader.ModuleImportFailure)
----------------------------------------------------------------------
ImportError: Failed to import test module: test_group
Traceback (most recent call last):
  File "/home/travis/virtualenv/python2.7.9/lib/python2.7/site-packages/unittest2/loader.py", line 260, in _find_tests
    module = self._get_module_from_name(name)
  File "/home/travis/virtualenv/python2.7.9/lib/python2.7/site-packages/unittest2/loader.py", line 238, in _get_module_from_name
    __import__(name)
  File "/home/travis/build/Cal-CS-61A-Staff/ok/server/tests/permissions/test_group.py", line 11, in <module>
    from test_permissions import PermissionsUnitTest
  File "/home/travis/build/Cal-CS-61A-Staff/ok/server/tests/permissions/test_permissions.py", line 12, in <module>
    from test_base import BaseTestCase, unittest #pylint: disable=relative-import
  File "/home/travis/build/Cal-CS-61A-Staff/ok/server/tests/test_base.py", line 34, in <module>
    import app
  File "/home/travis/build/Cal-CS-61A-Staff/ok/server/app/__init__.py", line 12, in <module>
    from app import constants
ImportError: cannot import name constants


======================================================================
ERROR: test_message (unittest2.loader.ModuleImportFailure)
----------------------------------------------------------------------
ImportError: Failed to import test module: test_message
Traceback (most recent call last):
  File "/home/travis/virtualenv/python2.7.9/lib/python2.7/site-packages/unittest2/loader.py", line 260, in _find_tests
    module = self._get_module_from_name(name)
  File "/home/travis/virtualenv/python2.7.9/lib/python2.7/site-packages/unittest2/loader.py", line 238, in _get_module_from_name
    __import__(name)
  File "/home/travis/build/Cal-CS-61A-Staff/ok/server/tests/permissions/test_message.py", line 11, in <module>
    from test_permissions import PermissionsUnitTest
  File "/home/travis/build/Cal-CS-61A-Staff/ok/server/tests/permissions/test_permissions.py", line 12, in <module>
    from test_base import BaseTestCase, unittest #pylint: disable=relative-import
  File "/home/travis/build/Cal-CS-61A-Staff/ok/server/tests/test_base.py", line 34, in <module>
    import app
  File "/home/travis/build/Cal-CS-61A-Staff/ok/server/app/__init__.py", line 12, in <module>
    from app import constants
ImportError: cannot import name constants


======================================================================
ERROR: test_permissions (unittest2.loader.ModuleImportFailure)
----------------------------------------------------------------------
ImportError: Failed to import test module: test_permissions
Traceback (most recent call last):
  File "/home/travis/virtualenv/python2.7.9/lib/python2.7/site-packages/unittest2/loader.py", line 260, in _find_tests
    module = self._get_module_from_name(name)
  File "/home/travis/virtualenv/python2.7.9/lib/python2.7/site-packages/unittest2/loader.py", line 238, in _get_module_from_name
    __import__(name)
  File "/home/travis/build/Cal-CS-61A-Staff/ok/server/tests/permissions/test_permissions.py", line 12, in <module>
    from test_base import BaseTestCase, unittest #pylint: disable=relative-import
  File "/home/travis/build/Cal-CS-61A-Staff/ok/server/tests/test_base.py", line 34, in <module>
    import app
  File "/home/travis/build/Cal-CS-61A-Staff/ok/server/app/__init__.py", line 12, in <module>
    from app import constants
ImportError: cannot import name constants


======================================================================
ERROR: test_queue (unittest2.loader.ModuleImportFailure)
----------------------------------------------------------------------
ImportError: Failed to import test module: test_queue
Traceback (most recent call last):
  File "/home/travis/virtualenv/python2.7.9/lib/python2.7/site-packages/unittest2/loader.py", line 260, in _find_tests
    module = self._get_module_from_name(name)
  File "/home/travis/virtualenv/python2.7.9/lib/python2.7/site-packages/unittest2/loader.py", line 238, in _get_module_from_name
    __import__(name)
  File "/home/travis/build/Cal-CS-61A-Staff/ok/server/tests/permissions/test_queue.py", line 11, in <module>
    from test_permissions import PermissionsUnitTest
  File "/home/travis/build/Cal-CS-61A-Staff/ok/server/tests/permissions/test_permissions.py", line 12, in <module>
    from test_base import BaseTestCase, unittest #pylint: disable=relative-import
  File "/home/travis/build/Cal-CS-61A-Staff/ok/server/tests/test_base.py", line 34, in <module>
    import app
  File "/home/travis/build/Cal-CS-61A-Staff/ok/server/app/__init__.py", line 12, in <module>
    from app import constants
ImportError: cannot import name constants


======================================================================
ERROR: test_submission (unittest2.loader.ModuleImportFailure)
----------------------------------------------------------------------
ImportError: Failed to import test module: test_submission
Traceback (most recent call last):
  File "/home/travis/virtualenv/python2.7.9/lib/python2.7/site-packages/unittest2/loader.py", line 260, in _find_tests
    module = self._get_module_from_name(name)
  File "/home/travis/virtualenv/python2.7.9/lib/python2.7/site-packages/unittest2/loader.py", line 238, in _get_module_from_name
    __import__(name)
  File "/home/travis/build/Cal-CS-61A-Staff/ok/server/tests/permissions/test_submission.py", line 11, in <module>
    from test_permissions import PermissionsUnitTest
  File "/home/travis/build/Cal-CS-61A-Staff/ok/server/tests/permissions/test_permissions.py", line 12, in <module>
    from test_base import BaseTestCase, unittest #pylint: disable=relative-import
  File "/home/travis/build/Cal-CS-61A-Staff/ok/server/tests/test_base.py", line 34, in <module>
    import app
  File "/home/travis/build/Cal-CS-61A-Staff/ok/server/app/__init__.py", line 12, in <module>
    from app import constants
ImportError: cannot import name constants


======================================================================
ERROR: test_user (unittest2.loader.ModuleImportFailure)
----------------------------------------------------------------------
ImportError: Failed to import test module: test_user
Traceback (most recent call last):
  File "/home/travis/virtualenv/python2.7.9/lib/python2.7/site-packages/unittest2/loader.py", line 260, in _find_tests
    module = self._get_module_from_name(name)
  File "/home/travis/virtualenv/python2.7.9/lib/python2.7/site-packages/unittest2/loader.py", line 238, in _get_module_from_name
    __import__(name)
  File "/home/travis/build/Cal-CS-61A-Staff/ok/server/tests/permissions/test_user.py", line 12, in <module>
    from test_permissions import PermissionsUnitTest, BaseUnitTest, BaseTestCase
  File "/home/travis/build/Cal-CS-61A-Staff/ok/server/tests/permissions/test_permissions.py", line 12, in <module>
    from test_base import BaseTestCase, unittest #pylint: disable=relative-import
  File "/home/travis/build/Cal-CS-61A-Staff/ok/server/tests/test_base.py", line 34, in <module>
    import app
  File "/home/travis/build/Cal-CS-61A-Staff/ok/server/app/__init__.py", line 12, in <module>
    from app import constants
ImportError: cannot import name constants


----------------------------------------------------------------------
Ran 14 tests in 0.005s

FAILED (errors=14)
============================================================
Doing integration testing
============================================================
EEEEEEEEEEEEEEEEEE
======================================================================
ERROR: test_api_analytics (unittest2.loader.ModuleImportFailure)
----------------------------------------------------------------------
ImportError: Failed to import test module: test_api_analytics
Traceback (most recent call last):
  File "/home/travis/virtualenv/python2.7.9/lib/python2.7/site-packages/unittest2/loader.py", line 260, in _find_tests
    module = self._get_module_from_name(name)
  File "/home/travis/virtualenv/python2.7.9/lib/python2.7/site-packages/unittest2/loader.py", line 238, in _get_module_from_name
    __import__(name)
  File "/home/travis/build/Cal-CS-61A-Staff/ok/server/tests/integration/test_api_analytics.py", line 15, in <module>
    from test_api_base import APITest
  File "/home/travis/build/Cal-CS-61A-Staff/ok/server/tests/integration/test_api_base.py", line 16, in <module>
    from test_base import APIBaseTestCase, unittest, api #pylint: disable=relative-import
  File "/home/travis/build/Cal-CS-61A-Staff/ok/server/tests/test_base.py", line 34, in <module>
    import app
  File "/home/travis/build/Cal-CS-61A-Staff/ok/server/app/__init__.py", line 12, in <module>
    from app import constants
ImportError: cannot import name constants


======================================================================
ERROR: test_api_assignment (unittest2.loader.ModuleImportFailure)
----------------------------------------------------------------------
ImportError: Failed to import test module: test_api_assignment
Traceback (most recent call last):
  File "/home/travis/virtualenv/python2.7.9/lib/python2.7/site-packages/unittest2/loader.py", line 260, in _find_tests
    module = self._get_module_from_name(name)
  File "/home/travis/virtualenv/python2.7.9/lib/python2.7/site-packages/unittest2/loader.py", line 238, in _get_module_from_name
    __import__(name)
  File "/home/travis/build/Cal-CS-61A-Staff/ok/server/tests/integration/test_api_assignment.py", line 14, in <module>
    from test_base import APIBaseTestCase, unittest, api #pylint: disable=relative-import
  File "/home/travis/build/Cal-CS-61A-Staff/ok/server/tests/test_base.py", line 34, in <module>
    import app
  File "/home/travis/build/Cal-CS-61A-Staff/ok/server/app/__init__.py", line 12, in <module>
    from app import constants
ImportError: cannot import name constants


======================================================================
ERROR: test_api_backup (unittest2.loader.ModuleImportFailure)
----------------------------------------------------------------------
ImportError: Failed to import test module: test_api_backup
Traceback (most recent call last):
  File "/home/travis/virtualenv/python2.7.9/lib/python2.7/site-packages/unittest2/loader.py", line 260, in _find_tests
    module = self._get_module_from_name(name)
  File "/home/travis/virtualenv/python2.7.9/lib/python2.7/site-packages/unittest2/loader.py", line 238, in _get_module_from_name
    __import__(name)
  File "/home/travis/build/Cal-CS-61A-Staff/ok/server/tests/integration/test_api_backup.py", line 14, in <module>
    from test_base import APIBaseTestCase, unittest, api #pylint: disable=relative-import
  File "/home/travis/build/Cal-CS-61A-Staff/ok/server/tests/test_base.py", line 34, in <module>
    import app
  File "/home/travis/build/Cal-CS-61A-Staff/ok/server/app/__init__.py", line 12, in <module>
    from app import constants
ImportError: cannot import name constants


======================================================================
ERROR: test_api_base (unittest2.loader.ModuleImportFailure)
----------------------------------------------------------------------
ImportError: Failed to import test module: test_api_base
Traceback (most recent call last):
  File "/home/travis/virtualenv/python2.7.9/lib/python2.7/site-packages/unittest2/loader.py", line 260, in _find_tests
    module = self._get_module_from_name(name)
  File "/home/travis/virtualenv/python2.7.9/lib/python2.7/site-packages/unittest2/loader.py", line 238, in _get_module_from_name
    __import__(name)
  File "/home/travis/build/Cal-CS-61A-Staff/ok/server/tests/integration/test_api_base.py", line 16, in <module>
    from test_base import APIBaseTestCase, unittest, api #pylint: disable=relative-import
  File "/home/travis/build/Cal-CS-61A-Staff/ok/server/tests/test_base.py", line 34, in <module>
    import app
  File "/home/travis/build/Cal-CS-61A-Staff/ok/server/app/__init__.py", line 12, in <module>
    from app import constants
ImportError: cannot import name constants


======================================================================
ERROR: test_api_course (unittest2.loader.ModuleImportFailure)
----------------------------------------------------------------------
ImportError: Failed to import test module: test_api_course
Traceback (most recent call last):
  File "/home/travis/virtualenv/python2.7.9/lib/python2.7/site-packages/unittest2/loader.py", line 260, in _find_tests
    module = self._get_module_from_name(name)
  File "/home/travis/virtualenv/python2.7.9/lib/python2.7/site-packages/unittest2/loader.py", line 238, in _get_module_from_name
    __import__(name)
  File "/home/travis/build/Cal-CS-61A-Staff/ok/server/tests/integration/test_api_course.py", line 14, in <module>
    from test_base import APIBaseTestCase, unittest, api #pylint: disable=relative-import
  File "/home/travis/build/Cal-CS-61A-Staff/ok/server/tests/test_base.py", line 34, in <module>
    import app
  File "/home/travis/build/Cal-CS-61A-Staff/ok/server/app/__init__.py", line 12, in <module>
    from app import constants
ImportError: cannot import name constants


======================================================================
ERROR: test_api_final_submissions (unittest2.loader.ModuleImportFailure)
----------------------------------------------------------------------
ImportError: Failed to import test module: test_api_final_submissions
Traceback (most recent call last):
  File "/home/travis/virtualenv/python2.7.9/lib/python2.7/site-packages/unittest2/loader.py", line 260, in _find_tests
    module = self._get_module_from_name(name)
  File "/home/travis/virtualenv/python2.7.9/lib/python2.7/site-packages/unittest2/loader.py", line 238, in _get_module_from_name
    __import__(name)
  File "/home/travis/build/Cal-CS-61A-Staff/ok/server/tests/integration/test_api_final_submissions.py", line 14, in <module>
    from test_base import APIBaseTestCase, unittest, api #pylint: disable=relative-import
  File "/home/travis/build/Cal-CS-61A-Staff/ok/server/tests/test_base.py", line 34, in <module>
    import app
  File "/home/travis/build/Cal-CS-61A-Staff/ok/server/app/__init__.py", line 12, in <module>
    from app import constants
ImportError: cannot import name constants


======================================================================
ERROR: test_api_group (unittest2.loader.ModuleImportFailure)
----------------------------------------------------------------------
ImportError: Failed to import test module: test_api_group
Traceback (most recent call last):
  File "/home/travis/virtualenv/python2.7.9/lib/python2.7/site-packages/unittest2/loader.py", line 260, in _find_tests
    module = self._get_module_from_name(name)
  File "/home/travis/virtualenv/python2.7.9/lib/python2.7/site-packages/unittest2/loader.py", line 238, in _get_module_from_name
    __import__(name)
  File "/home/travis/build/Cal-CS-61A-Staff/ok/server/tests/integration/test_api_group.py", line 14, in <module>
    from test_base import APIBaseTestCase, unittest, api, mock, BaseTestCase, TestingError #pylint: disable=relative-import
  File "/home/travis/build/Cal-CS-61A-Staff/ok/server/tests/test_base.py", line 34, in <module>
    import app
  File "/home/travis/build/Cal-CS-61A-Staff/ok/server/app/__init__.py", line 12, in <module>
    from app import constants
ImportError: cannot import name constants


======================================================================
ERROR: test_api_participant (unittest2.loader.ModuleImportFailure)
----------------------------------------------------------------------
ImportError: Failed to import test module: test_api_participant
Traceback (most recent call last):
  File "/home/travis/virtualenv/python2.7.9/lib/python2.7/site-packages/unittest2/loader.py", line 260, in _find_tests
    module = self._get_module_from_name(name)
  File "/home/travis/virtualenv/python2.7.9/lib/python2.7/site-packages/unittest2/loader.py", line 238, in _get_module_from_name
    __import__(name)
  File "/home/travis/build/Cal-CS-61A-Staff/ok/server/tests/integration/test_api_participant.py", line 15, in <module>
    from test_api_base import APITest
  File "/home/travis/build/Cal-CS-61A-Staff/ok/server/tests/integration/test_api_base.py", line 16, in <module>
    from test_base import APIBaseTestCase, unittest, api #pylint: disable=relative-import
  File "/home/travis/build/Cal-CS-61A-Staff/ok/server/tests/test_base.py", line 34, in <module>
    import app
  File "/home/travis/build/Cal-CS-61A-Staff/ok/server/app/__init__.py", line 12, in <module>
    from app import constants
ImportError: cannot import name constants


======================================================================
ERROR: test_api_queue (unittest2.loader.ModuleImportFailure)
----------------------------------------------------------------------
ImportError: Failed to import test module: test_api_queue
Traceback (most recent call last):
  File "/home/travis/virtualenv/python2.7.9/lib/python2.7/site-packages/unittest2/loader.py", line 260, in _find_tests
    module = self._get_module_from_name(name)
  File "/home/travis/virtualenv/python2.7.9/lib/python2.7/site-packages/unittest2/loader.py", line 238, in _get_module_from_name
    __import__(name)
  File "/home/travis/build/Cal-CS-61A-Staff/ok/server/tests/integration/test_api_queue.py", line 15, in <module>
    from test_api_base import APITest
  File "/home/travis/build/Cal-CS-61A-Staff/ok/server/tests/integration/test_api_base.py", line 16, in <module>
    from test_base import APIBaseTestCase, unittest, api #pylint: disable=relative-import
  File "/home/travis/build/Cal-CS-61A-Staff/ok/server/tests/test_base.py", line 34, in <module>
    import app
  File "/home/travis/build/Cal-CS-61A-Staff/ok/server/app/__init__.py", line 12, in <module>
    from app import constants
ImportError: cannot import name constants


======================================================================
ERROR: test_api_queues (unittest2.loader.ModuleImportFailure)
----------------------------------------------------------------------
ImportError: Failed to import test module: test_api_queues
Traceback (most recent call last):
  File "/home/travis/virtualenv/python2.7.9/lib/python2.7/site-packages/unittest2/loader.py", line 260, in _find_tests
    module = self._get_module_from_name(name)
  File "/home/travis/virtualenv/python2.7.9/lib/python2.7/site-packages/unittest2/loader.py", line 238, in _get_module_from_name
    __import__(name)
  File "/home/travis/build/Cal-CS-61A-Staff/ok/server/tests/integration/test_api_queues.py", line 15, in <module>
    from test_api_base import APITest
  File "/home/travis/build/Cal-CS-61A-Staff/ok/server/tests/integration/test_api_base.py", line 16, in <module>
    from test_base import APIBaseTestCase, unittest, api #pylint: disable=relative-import
  File "/home/travis/build/Cal-CS-61A-Staff/ok/server/tests/test_base.py", line 34, in <module>
    import app
  File "/home/travis/build/Cal-CS-61A-Staff/ok/server/app/__init__.py", line 12, in <module>
    from app import constants
ImportError: cannot import name constants


======================================================================
ERROR: test_api_search (unittest2.loader.ModuleImportFailure)
----------------------------------------------------------------------
ImportError: Failed to import test module: test_api_search
Traceback (most recent call last):
  File "/home/travis/virtualenv/python2.7.9/lib/python2.7/site-packages/unittest2/loader.py", line 260, in _find_tests
    module = self._get_module_from_name(name)
  File "/home/travis/virtualenv/python2.7.9/lib/python2.7/site-packages/unittest2/loader.py", line 238, in _get_module_from_name
    __import__(name)
  File "/home/travis/build/Cal-CS-61A-Staff/ok/server/tests/integration/test_api_search.py", line 14, in <module>
    from test_base import APIBaseTestCase, unittest, api, TestingError, BaseTestCase, mock #pylint: disable=relative-import
  File "/home/travis/build/Cal-CS-61A-Staff/ok/server/tests/test_base.py", line 34, in <module>
    import app
  File "/home/travis/build/Cal-CS-61A-Staff/ok/server/app/__init__.py", line 12, in <module>
    from app import constants
ImportError: cannot import name constants


======================================================================
ERROR: test_api_user (unittest2.loader.ModuleImportFailure)
----------------------------------------------------------------------
ImportError: Failed to import test module: test_api_user
Traceback (most recent call last):
  File "/home/travis/virtualenv/python2.7.9/lib/python2.7/site-packages/unittest2/loader.py", line 260, in _find_tests
    module = self._get_module_from_name(name)
  File "/home/travis/virtualenv/python2.7.9/lib/python2.7/site-packages/unittest2/loader.py", line 238, in _get_module_from_name
    __import__(name)
  File "/home/travis/build/Cal-CS-61A-Staff/ok/server/tests/integration/test_api_user.py", line 14, in <module>
    from test_base import APIBaseTestCase, unittest, TestingError #pylint: disable=relative-import
  File "/home/travis/build/Cal-CS-61A-Staff/ok/server/tests/test_base.py", line 34, in <module>
    import app
  File "/home/travis/build/Cal-CS-61A-Staff/ok/server/app/__init__.py", line 12, in <module>
    from app import constants
ImportError: cannot import name constants


======================================================================
ERROR: test_api_version (unittest2.loader.ModuleImportFailure)
----------------------------------------------------------------------
ImportError: Failed to import test module: test_api_version
Traceback (most recent call last):
  File "/home/travis/virtualenv/python2.7.9/lib/python2.7/site-packages/unittest2/loader.py", line 260, in _find_tests
    module = self._get_module_from_name(name)
  File "/home/travis/virtualenv/python2.7.9/lib/python2.7/site-packages/unittest2/loader.py", line 238, in _get_module_from_name
    __import__(name)
  File "/home/travis/build/Cal-CS-61A-Staff/ok/server/tests/integration/test_api_version.py", line 15, in <module>
    from test_base import APIBaseTestCase, unittest, api, mock #pylint: disable=relative-import
  File "/home/travis/build/Cal-CS-61A-Staff/ok/server/tests/test_base.py", line 34, in <module>
    import app
  File "/home/travis/build/Cal-CS-61A-Staff/ok/server/app/__init__.py", line 12, in <module>
    from app import constants
ImportError: cannot import name constants


======================================================================
ERROR: test_final_submissions (unittest2.loader.ModuleImportFailure)
----------------------------------------------------------------------
ImportError: Failed to import test module: test_final_submissions
Traceback (most recent call last):
  File "/home/travis/virtualenv/python2.7.9/lib/python2.7/site-packages/unittest2/loader.py", line 260, in _find_tests
    module = self._get_module_from_name(name)
  File "/home/travis/virtualenv/python2.7.9/lib/python2.7/site-packages/unittest2/loader.py", line 238, in _get_module_from_name
    __import__(name)
  File "/home/travis/build/Cal-CS-61A-Staff/ok/server/tests/integration/test_final_submissions.py", line 13, in <module>
    from test_base import APIBaseTestCase, unittest
  File "/home/travis/build/Cal-CS-61A-Staff/ok/server/tests/test_base.py", line 34, in <module>
    import app
  File "/home/travis/build/Cal-CS-61A-Staff/ok/server/app/__init__.py", line 12, in <module>
    from app import constants
ImportError: cannot import name constants


======================================================================
ERROR: test_sudo (unittest2.loader.ModuleImportFailure)
----------------------------------------------------------------------
ImportError: Failed to import test module: test_sudo
Traceback (most recent call last):
  File "/home/travis/virtualenv/python2.7.9/lib/python2.7/site-packages/unittest2/loader.py", line 260, in _find_tests
    module = self._get_module_from_name(name)
  File "/home/travis/virtualenv/python2.7.9/lib/python2.7/site-packages/unittest2/loader.py", line 238, in _get_module_from_name
    __import__(name)
  File "/home/travis/build/Cal-CS-61A-Staff/ok/server/tests/integration/test_sudo.py", line 14, in <module>
    from test_base import APIBaseTestCase, unittest #pylint: disable=relative-import
  File "/home/travis/build/Cal-CS-61A-Staff/ok/server/tests/test_base.py", line 34, in <module>
    import app
  File "/home/travis/build/Cal-CS-61A-Staff/ok/server/app/__init__.py", line 12, in <module>
    from app import constants
ImportError: cannot import name constants


======================================================================
ERROR: test_urls (unittest2.loader.ModuleImportFailure)
----------------------------------------------------------------------
ImportError: Failed to import test module: test_urls
Traceback (most recent call last):
  File "/home/travis/virtualenv/python2.7.9/lib/python2.7/site-packages/unittest2/loader.py", line 260, in _find_tests
    module = self._get_module_from_name(name)
  File "/home/travis/virtualenv/python2.7.9/lib/python2.7/site-packages/unittest2/loader.py", line 238, in _get_module_from_name
    __import__(name)
  File "/home/travis/build/Cal-CS-61A-Staff/ok/server/tests/integration/test_urls.py", line 18, in <module>
    from test_base import APIBaseTestCase, unittest, make_fake_course, Mock, mock #pylint: disable=relative-import
  File "/home/travis/build/Cal-CS-61A-Staff/ok/server/tests/test_base.py", line 34, in <module>
    import app
  File "/home/travis/build/Cal-CS-61A-Staff/ok/server/app/__init__.py", line 12, in <module>
    from app import constants
ImportError: cannot import name constants


======================================================================
ERROR: test_api_submission (unittest2.loader.ModuleImportFailure)
----------------------------------------------------------------------
ImportError: Failed to import test module: test_api_submission
Traceback (most recent call last):
  File "/home/travis/virtualenv/python2.7.9/lib/python2.7/site-packages/unittest2/loader.py", line 260, in _find_tests
    module = self._get_module_from_name(name)
  File "/home/travis/virtualenv/python2.7.9/lib/python2.7/site-packages/unittest2/loader.py", line 238, in _get_module_from_name
    __import__(name)
  File "/home/travis/build/Cal-CS-61A-Staff/ok/server/tests/integration/test_api_submission.py", line 14, in <module>
    from test_base import APIBaseTestCase, unittest, api #pylint: disable=relative-import
  File "/home/travis/build/Cal-CS-61A-Staff/ok/server/tests/test_base.py", line 34, in <module>
    import app
  File "/home/travis/build/Cal-CS-61A-Staff/ok/server/app/__init__.py", line 12, in <module>
    from app import constants
ImportError: cannot import name constants


======================================================================
ERROR: test_utils (unittest2.loader.ModuleImportFailure)
----------------------------------------------------------------------
ImportError: Failed to import test module: test_utils
Traceback (most recent call last):
  File "/home/travis/virtualenv/python2.7.9/lib/python2.7/site-packages/unittest2/loader.py", line 260, in _find_tests
    module = self._get_module_from_name(name)
  File "/home/travis/virtualenv/python2.7.9/lib/python2.7/site-packages/unittest2/loader.py", line 238, in _get_module_from_name
    __import__(name)
  File "/home/travis/build/Cal-CS-61A-Staff/ok/server/tests/integration/test_utils.py", line 13, in <module>
    from test_base import APIBaseTestCase
  File "/home/travis/build/Cal-CS-61A-Staff/ok/server/tests/test_base.py", line 34, in <module>
    import app
  File "/home/travis/build/Cal-CS-61A-Staff/ok/server/app/__init__.py", line 12, in <module>
    from app import constants
ImportError: cannot import name constants


----------------------------------------------------------------------
Ran 18 tests in 0.006s

FAILED (errors=18)
SOME TESTS FAILED
travis_time:end:01df30d0:start=1443647130367983804,finish=1443647132167318170,duration=1799334366[0K
[31;1mThe command "FLASK_CONF=TEST coverage run $CMD --sdk_location $GAE_SDK --quiet" exited with 1.[0m
travis_fold:start:cache.2[0Kstore build cache
travis_time:start:00005ca6[0Kchange detected:
/home/travis/virtualenv/python2.7.9/lib/python2.7/site-packages/mock-1.0.1-py2.7.egg-info/dependency_links.txt
/home/travis/virtualenv/python2.7.9/lib/python2.7/site-packages/mock-1.0.1-py2.7.egg-info/installed-files.txt
/home/travis/virtualenv/python2.7.9/lib/python2.7/site-packages/mock-1.0.1-py2.7.egg-info/PKG-INFO
/home/travis/virtualenv/python2.7.9/lib/python2.7/site-packages/mock-1.0.1-py2.7.egg-info/SOURCES.txt
/home/travis/virtualenv/python2.7.9/lib/python2.7/site-packages/mock-1.0.1-py2.7.egg-info/top_level.txt
/home/travis/virtualenv/python2.7.9/lib/python2.7/site-packages/mock/__init__.pyc
/home/travis/virtualenv/python2.7.9/lib/python2.7/site-packages/mock/__init__.pyc
/home/travis/virtualenv/python2.7.9/lib/python2.7/site-packages/mock/mock.pyc
/home/travis/virtualenv/python2.7.9/lib/python2.7/site-packages/mock/mock.pyc
/home/travis/virtualenv/python2.7.9/lib/python2.7/site-packages/mock.py
/home/travis/virtualenv/python2.7.9/lib/python2.7/site-packages/mock.pyc
/home/trav
...
changes detected, packing new archive
uploading archive
travis_time:end:00005ca6:start=1443647132171985133,finish=1443647138045594482,duration=5873609349[0Ktravis_fold:end:cache.2[0K
Done. Your build exited with 1.
