Using worker: worker-linux-docker-086ef8e1.prod.travis-ci.org:travis-linux-2

travis_fold:start:system_info[0K[33;1mBuild system information[0m
Build language: python
[34m[1mBuild image provisioning date and time[0m
Thu Feb  5 15:09:33 UTC 2015
[34m[1mOperating System Details[0m
Distributor ID:	Ubuntu
Description:	Ubuntu 12.04.5 LTS
Release:	12.04
Codename:	precise
[34m[1mLinux Version[0m
3.13.0-29-generic
[34m[1mCookbooks Version[0m
a68419e https://github.com/travis-ci/travis-cookbooks/tree/a68419e
[34m[1mGCC version[0m
gcc (Ubuntu/Linaro 4.6.3-1ubuntu5) 4.6.3
Copyright (C) 2011 Free Software Foundation, Inc.
This is free software; see the source for copying conditions.  There is NO
warranty; not even for MERCHANTABILITY or FITNESS FOR A PARTICULAR PURPOSE.

[34m[1mLLVM version[0m
clang version 3.4 (tags/RELEASE_34/final)
Target: x86_64-unknown-linux-gnu
Thread model: posix
[34m[1mPre-installed Ruby versions[0m
ruby-1.9.3-p551
[34m[1mPre-installed Node.js versions[0m
v0.10.36
[34m[1mPre-installed Go versions[0m
1.4.1
[34m[1mRedis version[0m
redis-server 2.8.19
[34m[1mriak version[0m
2.0.2
[34m[1mMongoDB version[0m
MongoDB 2.4.12
[34m[1mCouchDB version[0m
couchdb 1.6.1
[34m[1mNeo4j version[0m
1.9.4
[34m[1mRabbitMQ Version[0m
3.4.3
[34m[1mElasticSearch version[0m
1.4.0
[34m[1mInstalled Sphinx versions[0m
2.0.10
2.1.9
2.2.6
[34m[1mDefault Sphinx version[0m
2.2.6
[34m[1mInstalled Firefox version[0m
firefox 31.0esr
[34m[1mPhantomJS version[0m
1.9.8
[34m[1mant -version[0m
Apache Ant(TM) version 1.8.2 compiled on December 3 2011
[34m[1mmvn -version[0m
Apache Maven 3.2.5 (12a6b3acb947671f09b81f49094c53f426d8cea1; 2014-12-14T17:29:23+00:00)
Maven home: /usr/local/maven
Java version: 1.7.0_76, vendor: Oracle Corporation
Java home: /usr/lib/jvm/java-7-oracle/jre
Default locale: en_US, platform encoding: ANSI_X3.4-1968
OS name: "linux", version: "3.13.0-29-generic", arch: "amd64", family: "unix"
travis_fold:end:system_info[0K
travis_fold:start:git.checkout[0Ktravis_time:start:06996603[0K$ git clone --depth=50 --branch=bug/sumukh/fix_group_api git://github.com/Cal-CS-61A-Staff/ok.git Cal-CS-61A-Staff/ok
Cloning into 'Cal-CS-61A-Staff/ok'...
remote: Counting objects: 1787, done.[K
remote: Compressing objects:   0% (1/738)   [Kremote: Compressing objects:   1% (8/738)   [Kremote: Compressing objects:   2% (15/738)   [Kremote: Compressing objects:   3% (23/738)   [Kremote: Compressing objects:   4% (30/738)   [Kremote: Compressing objects:   5% (37/738)   [Kremote: Compressing objects:   6% (45/738)   [Kremote: Compressing objects:   7% (52/738)   [Kremote: Compressing objects:   8% (60/738)   [Kremote: Compressing objects:   9% (67/738)   [Kremote: Compressing objects:  10% (74/738)   [Kremote: Compressing objects:  11% (82/738)   [Kremote: Compressing objects:  12% (89/738)   [Kremote: Compressing objects:  13% (96/738)   [Kremote: Compressing objects:  14% (104/738)   [Kremote: Compressing objects:  15% (111/738)   [Kremote: Compressing objects:  16% (119/738)   [Kremote: Compressing objects:  17% (126/738)   [Kremote: Compressing objects:  18% (133/738)   [Kremote: Compressing objects:  19% (141/738)   [Kremote: Compressing objects:  20% (148/738)   [Kremote: Compressing objects:  21% (155/738)   [Kremote: Compressing objects:  22% (163/738)   [Kremote: Compressing objects:  23% (170/738)   [Kremote: Compressing objects:  24% (178/738)   [Kremote: Compressing objects:  25% (185/738)   [Kremote: Compressing objects:  26% (192/738)   [Kremote: Compressing objects:  27% (200/738)   [Kremote: Compressing objects:  28% (207/738)   [Kremote: Compressing objects:  29% (215/738)   [Kremote: Compressing objects:  30% (222/738)   [Kremote: Compressing objects:  31% (229/738)   [Kremote: Compressing objects:  32% (237/738)   [Kremote: Compressing objects:  33% (244/738)   [Kremote: Compressing objects:  34% (251/738)   [Kremote: Compressing objects:  35% (259/738)   [Kremote: Compressing objects:  36% (266/738)   [Kremote: Compressing objects:  37% (274/738)   [Kremote: Compressing objects:  38% (281/738)   [Kremote: Compressing objects:  39% (288/738)   [Kremote: Compressing objects:  40% (296/738)   [Kremote: Compressing objects:  41% (303/738)   [Kremote: Compressing objects:  42% (310/738)   [Kremote: Compressing objects:  43% (318/738)   [Kremote: Compressing objects:  44% (325/738)   [Kremote: Compressing objects:  45% (333/738)   [Kremote: Compressing objects:  46% (340/738)   [Kremote: Compressing objects:  47% (347/738)   [Kremote: Compressing objects:  48% (355/738)   [Kremote: Compressing objects:  49% (362/738)   [Kremote: Compressing objects:  50% (369/738)   [Kremote: Compressing objects:  51% (377/738)   [Kremote: Compressing objects:  52% (384/738)   [Kremote: Compressing objects:  53% (392/738)   [Kremote: Compressing objects:  54% (399/738)   [Kremote: Compressing objects:  55% (406/738)   [Kremote: Compressing objects:  56% (414/738)   [Kremote: Compressing objects:  57% (421/738)   [Kremote: Compressing objects:  58% (429/738)   [Kremote: Compressing objects:  59% (436/738)   [Kremote: Compressing objects:  60% (443/738)   [Kremote: Compressing objects:  61% (451/738)   [Kremote: Compressing objects:  62% (458/738)   [Kremote: Compressing objects:  63% (465/738)   [Kremote: Compressing objects:  64% (473/738)   [Kremote: Compressing objects:  65% (480/738)   [Kremote: Compressing objects:  66% (488/738)   [Kremote: Compressing objects:  67% (495/738)   [Kremote: Compressing objects:  68% (502/738)   [Kremote: Compressing objects:  69% (510/738)   [Kremote: Compressing objects:  70% (517/738)   [Kremote: Compressing objects:  71% (524/738)   [Kremote: Compressing objects:  72% (532/738)   [Kremote: Compressing objects:  73% (539/738)   [Kremote: Compressing objects:  74% (547/738)   [Kremote: Compressing objects:  75% (554/738)   [Kremote: Compressing objects:  76% (561/738)   [Kremote: Compressing objects:  77% (569/738)   [Kremote: Compressing objects:  78% (576/738)   [Kremote: Compressing objects:  79% (584/738)   [Kremote: Compressing objects:  80% (591/738)   [Kremote: Compressing objects:  81% (598/738)   [Kremote: Compressing objects:  82% (606/738)   [Kremote: Compressing objects:  83% (613/738)   [Kremote: Compressing objects:  84% (620/738)   [Kremote: Compressing objects:  85% (628/738)   [Kremote: Compressing objects:  86% (635/738)   [Kremote: Compressing objects:  87% (643/738)   [Kremote: Compressing objects:  88% (650/738)   [Kremote: Compressing objects:  89% (657/738)   [Kremote: Compressing objects:  90% (665/738)   [Kremote: Compressing objects:  91% (672/738)   [Kremote: Compressing objects:  92% (679/738)   [Kremote: Compressing objects:  93% (687/738)   [Kremote: Compressing objects:  94% (694/738)   [Kremote: Compressing objects:  95% (702/738)   [Kremote: Compressing objects:  96% (709/738)   [Kremote: Compressing objects:  97% (716/738)   [Kremote: Compressing objects:  98% (724/738)   [Kremote: Compressing objects:  99% (731/738)   [Kremote: Compressing objects: 100% (738/738)   [Kremote: Compressing objects: 100% (738/738), done.[K
Receiving objects:   0% (1/1787)   Receiving objects:   1% (18/1787)   Receiving objects:   2% (36/1787)   Receiving objects:   3% (54/1787)   Receiving objects:   4% (72/1787)   Receiving objects:   5% (90/1787)   Receiving objects:   6% (108/1787)   Receiving objects:   7% (126/1787)   Receiving objects:   8% (143/1787)   Receiving objects:   9% (161/1787)   Receiving objects:  10% (179/1787)   Receiving objects:  11% (197/1787)   Receiving objects:  12% (215/1787)   Receiving objects:  13% (233/1787)   Receiving objects:  14% (251/1787)   Receiving objects:  15% (269/1787)   Receiving objects:  16% (286/1787)   Receiving objects:  17% (304/1787)   Receiving objects:  18% (322/1787)   Receiving objects:  19% (340/1787)   Receiving objects:  20% (358/1787)   Receiving objects:  21% (376/1787)   Receiving objects:  22% (394/1787)   Receiving objects:  23% (412/1787)   Receiving objects:  24% (429/1787)   Receiving objects:  25% (447/1787)   Receiving objects:  26% (465/1787)   Receiving objects:  27% (483/1787)   Receiving objects:  28% (501/1787)   Receiving objects:  29% (519/1787)   Receiving objects:  30% (537/1787)   Receiving objects:  31% (554/1787)   Receiving objects:  32% (572/1787)   Receiving objects:  33% (590/1787)   Receiving objects:  34% (608/1787)   Receiving objects:  35% (626/1787)   Receiving objects:  36% (644/1787)   Receiving objects:  37% (662/1787)   Receiving objects:  38% (680/1787)   Receiving objects:  39% (697/1787)   Receiving objects:  40% (715/1787)   Receiving objects:  41% (733/1787)   Receiving objects:  42% (751/1787)   Receiving objects:  43% (769/1787)   Receiving objects:  44% (787/1787)   Receiving objects:  45% (805/1787)   Receiving objects:  46% (823/1787)   Receiving objects:  47% (840/1787)   Receiving objects:  48% (858/1787)   Receiving objects:  49% (876/1787)   Receiving objects:  50% (894/1787)   Receiving objects:  51% (912/1787)   Receiving objects:  52% (930/1787)   Receiving objects:  53% (948/1787)   Receiving objects:  54% (965/1787)   Receiving objects:  55% (983/1787)   Receiving objects:  56% (1001/1787)   Receiving objects:  57% (1019/1787)   Receiving objects:  58% (1037/1787)   Receiving objects:  59% (1055/1787)   Receiving objects:  60% (1073/1787)   remote: Total 1787 (delta 1172), reused 1533 (delta 1014), pack-reused 0[K
Receiving objects:  61% (1091/1787)   Receiving objects:  62% (1108/1787)   Receiving objects:  63% (1126/1787)   Receiving objects:  64% (1144/1787)   Receiving objects:  65% (1162/1787)   Receiving objects:  66% (1180/1787)   Receiving objects:  67% (1198/1787)   Receiving objects:  68% (1216/1787)   Receiving objects:  69% (1234/1787)   Receiving objects:  70% (1251/1787)   Receiving objects:  71% (1269/1787)   Receiving objects:  72% (1287/1787)   Receiving objects:  73% (1305/1787)   Receiving objects:  74% (1323/1787)   Receiving objects:  75% (1341/1787)   Receiving objects:  76% (1359/1787)   Receiving objects:  77% (1376/1787)   Receiving objects:  78% (1394/1787)   Receiving objects:  79% (1412/1787)   Receiving objects:  80% (1430/1787)   Receiving objects:  81% (1448/1787)   Receiving objects:  82% (1466/1787)   Receiving objects:  83% (1484/1787)   Receiving objects:  84% (1502/1787)   Receiving objects:  85% (1519/1787)   Receiving objects:  86% (1537/1787)   Receiving objects:  87% (1555/1787)   Receiving objects:  88% (1573/1787)   Receiving objects:  89% (1591/1787)   Receiving objects:  90% (1609/1787)   Receiving objects:  91% (1627/1787)   Receiving objects:  92% (1645/1787)   Receiving objects:  93% (1662/1787)   Receiving objects:  94% (1680/1787)   Receiving objects:  95% (1698/1787)   Receiving objects:  96% (1716/1787)   Receiving objects:  97% (1734/1787)   Receiving objects:  98% (1752/1787)   Receiving objects:  99% (1770/1787)   Receiving objects: 100% (1787/1787)   Receiving objects: 100% (1787/1787), 1.49 MiB | 0 bytes/s, done.
Resolving deltas:   0% (0/1172)   Resolving deltas:  18% (214/1172)   Resolving deltas:  19% (224/1172)   Resolving deltas:  35% (421/1172)   Resolving deltas:  46% (542/1172)   Resolving deltas:  51% (599/1172)   Resolving deltas:  54% (640/1172)   Resolving deltas:  55% (648/1172)   Resolving deltas:  56% (657/1172)   Resolving deltas:  57% (672/1172)   Resolving deltas:  59% (703/1172)   Resolving deltas:  60% (704/1172)   Resolving deltas:  67% (789/1172)   Resolving deltas:  68% (805/1172)   Resolving deltas:  71% (840/1172)   Resolving deltas:  73% (858/1172)   Resolving deltas:  74% (878/1172)   Resolving deltas:  75% (889/1172)   Resolving deltas:  77% (903/1172)   Resolving deltas:  79% (926/1172)   Resolving deltas:  80% (939/1172)   Resolving deltas:  81% (950/1172)   Resolving deltas:  82% (964/1172)   Resolving deltas:  83% (980/1172)   Resolving deltas:  84% (990/1172)   Resolving deltas:  85% (998/1172)   Resolving deltas:  86% (1013/1172)   Resolving deltas:  87% (1021/1172)   Resolving deltas:  88% (1033/1172)   Resolving deltas:  90% (1060/1172)   Resolving deltas:  91% (1068/1172)   Resolving deltas:  92% (1079/1172)   Resolving deltas:  93% (1092/1172)   Resolving deltas:  94% (1102/1172)   Resolving deltas:  95% (1116/1172)   Resolving deltas:  96% (1126/1172)   Resolving deltas:  99% (1161/1172)   Resolving deltas: 100% (1172/1172)   Resolving deltas: 100% (1172/1172), done.
Checking connectivity... done.
travis_time:end:06996603:start=1438675252621399618,finish=1438675252965148957,duration=343749339[0K$ cd Cal-CS-61A-Staff/ok
$ git checkout -qf edb4ed6a88dabb0a7eceddc497e83c25f8e5bb4d
travis_fold:end:git.checkout[0K
[33;1mThis job is running on container-based infrastructure, which does not allow use of 'sudo', setuid and setguid executables.[0m
[33;1mIf you require sudo, add 'sudo: required' to your .travis.yml[0m
[33;1mSee http://docs.travis-ci.com/user/workers/container-based-infrastructure/ for details.[0m

[33;1mSetting environment variables from .travis.yml[0m
$ export CMD=server/apptest.py
$ export GAE_VERSION=1.9.23

travis_fold:start:cache.1[0KSetting up build cache
$ export CASHER_DIR=$HOME/.casher
travis_time:start:080e2a62[0K$ Installing caching utilities
travis_time:end:080e2a62:start=1438675255623086234,finish=1438675255655997379,duration=32911145[0Ktravis_time:start:03091ba0[0Kattempting to download cache archive
fetching bugsumukhfix_group_api/cache--python-2.7.tgz
found cache
travis_time:end:03091ba0:start=1438675255661547651,finish=1438675256467719839,duration=806172188[0Ktravis_time:start:0097797c[0Kadding /home/travis/virtualenv/python2.7.9 to cache
travis_time:end:0097797c:start=1438675256471682036,finish=1438675258548580294,duration=2076898258[0Ktravis_fold:end:cache.1[0Ktravis_time:start:16929500[0K$ source ~/virtualenv/python2.7/bin/activate
travis_time:end:16929500:start=1438675258553123712,finish=1438675258557516490,duration=4392778[0K$ python --version
Python 2.7.9
$ pip --version
pip 7.1.0 from /home/travis/virtualenv/python2.7.9/lib/python2.7/site-packages (python 2.7)
travis_fold:start:install[0Ktravis_time:start:01ad879c[0K$ pip install -r server_requirements.txt
Requirement already satisfied (use --upgrade to upgrade): Flask==0.10.1 in /home/travis/virtualenv/python2.7.9/lib/python2.7/site-packages (from -r server_requirements.txt (line 1))
Requirement already satisfied (use --upgrade to upgrade): Flask-Cache==0.13.1 in /home/travis/virtualenv/python2.7.9/lib/python2.7/site-packages (from -r server_requirements.txt (line 2))
Requirement already satisfied (use --upgrade to upgrade): Jinja2==2.7.3 in /home/travis/virtualenv/python2.7.9/lib/python2.7/site-packages (from -r server_requirements.txt (line 3))
Requirement already satisfied (use --upgrade to upgrade): MarkupSafe==0.23 in /home/travis/virtualenv/python2.7.9/lib/python2.7/site-packages (from -r server_requirements.txt (line 4))
Requirement already satisfied (use --upgrade to upgrade): PyYAML==3.11 in /home/travis/virtualenv/python2.7.9/lib/python2.7/site-packages (from -r server_requirements.txt (line 5))
Requirement already satisfied (use --upgrade to upgrade): Pygments==1.6 in /home/travis/virtualenv/python2.7.9/lib/python2.7/site-packages (from -r server_requirements.txt (line 6))
Requirement already satisfied (use --upgrade to upgrade): Sphinx==1.2.2 in /home/travis/virtualenv/python2.7.9/lib/python2.7/site-packages (from -r server_requirements.txt (line 7))
Requirement already satisfied (use --upgrade to upgrade): Werkzeug==0.9.6 in /home/travis/virtualenv/python2.7.9/lib/python2.7/site-packages (from -r server_requirements.txt (line 8))
Requirement already satisfied (use --upgrade to upgrade): argparse==1.2.1 in /home/travis/virtualenv/python2.7.9/lib/python2.7/site-packages (from -r server_requirements.txt (line 9))
Requirement already satisfied (use --upgrade to upgrade): astroid==1.1.1 in /home/travis/virtualenv/python2.7.9/lib/python2.7/site-packages (from -r server_requirements.txt (line 10))
Requirement already satisfied (use --upgrade to upgrade): docutils==0.11 in /home/travis/virtualenv/python2.7.9/lib/python2.7/site-packages (from -r server_requirements.txt (line 11))
Requirement already satisfied (use --upgrade to upgrade): git-pylint-commit-hook==2.0.5 in /home/travis/virtualenv/python2.7.9/lib/python2.7/site-packages (from -r server_requirements.txt (line 12))
Requirement already satisfied (use --upgrade to upgrade): itsdangerous==0.24 in /home/travis/virtualenv/python2.7.9/lib/python2.7/site-packages (from -r server_requirements.txt (line 13))
Obtaining linkenv-master from git+git://github.com/ze-phyr-us/linkenv.git@ae463b3211cb8dcc8868e88176a1101733c83b6d#egg=linkenv-master (from -r server_requirements.txt (line 14))
  Updating /home/travis/virtualenv/python2.7.9/src/linkenv-master clone (to ae463b3211cb8dcc8868e88176a1101733c83b6d)
[33m  Could not find a tag or branch 'ae463b3211cb8dcc8868e88176a1101733c83b6d', assuming commit.[0m
Requirement already satisfied (use --upgrade to upgrade): logilab-common==0.61.0 in /home/travis/virtualenv/python2.7.9/lib/python2.7/site-packages (from -r server_requirements.txt (line 15))
Requirement already satisfied (use --upgrade to upgrade): mimerender==0.5.4 in /home/travis/virtualenv/python2.7.9/lib/python2.7/site-packages (from -r server_requirements.txt (line 16))
Collecting nose==1.3.3 (from -r server_requirements.txt (line 17))
  Downloading nose-1.3.3.tar.gz (274kB)
[?25l[K    1% |â–Œ                               | 4.1kB 20.6MB/s eta 0:00:01[K    2% |â–ˆ                               | 8.2kB 16.4MB/s eta 0:00:01[K    4% |â–ˆâ–                              | 12kB 12.8MB/s eta 0:00:01[K    5% |â–ˆâ–ˆ                              | 16kB 12.6MB/s eta 0:00:01[K    7% |â–ˆâ–ˆâ–                             | 20kB 13.3MB/s eta 0:00:01[K    8% |â–ˆâ–ˆâ–‰                             | 24kB 14.1MB/s eta 0:00:01[K    10% |â–ˆâ–ˆâ–ˆâ–                            | 28kB 14.6MB/s eta 0:00:01[K    11% |â–ˆâ–ˆâ–ˆâ–‰                            | 32kB 14.5MB/s eta 0:00:01[K    13% |â–ˆâ–ˆâ–ˆâ–ˆâ–Ž                           | 36kB 12.5MB/s eta 0:00:01[K    14% |â–ˆâ–ˆâ–ˆâ–ˆâ–Š                           | 40kB 12.9MB/s eta 0:00:01[K    16% |â–ˆâ–ˆâ–ˆâ–ˆâ–ˆâ–Ž                          | 45kB 13.1MB/s eta 0:00:01[K    17% |â–ˆâ–ˆâ–ˆâ–ˆâ–ˆâ–Š                          | 49kB 13.6MB/s eta 0:00:01[K    19% |â–ˆâ–ˆâ–ˆâ–ˆâ–ˆâ–ˆâ–                         | 53kB 14.9MB/s eta 0:00:01[K    20% |â–ˆâ–ˆâ–ˆâ–ˆâ–ˆâ–ˆâ–Š                         | 57kB 15.6MB/s eta 0:00:01[K    22% |â–ˆâ–ˆâ–ˆâ–ˆâ–ˆâ–ˆâ–ˆâ–                        | 61kB 15.4MB/s eta 0:00:01[K    23% |â–ˆâ–ˆâ–ˆâ–ˆâ–ˆâ–ˆâ–ˆâ–‹                        | 65kB 15.4MB/s eta 0:00:01[K    25% |â–ˆâ–ˆâ–ˆâ–ˆâ–ˆâ–ˆâ–ˆâ–ˆ                        | 69kB 15.8MB/s eta 0:00:01[K    26% |â–ˆâ–ˆâ–ˆâ–ˆâ–ˆâ–ˆâ–ˆâ–ˆâ–‹                       | 73kB 17.0MB/s eta 0:00:01[K    28% |â–ˆâ–ˆâ–ˆâ–ˆâ–ˆâ–ˆâ–ˆâ–ˆâ–ˆ                       | 77kB 21.5MB/s eta 0:00:01[K    29% |â–ˆâ–ˆâ–ˆâ–ˆâ–ˆâ–ˆâ–ˆâ–ˆâ–ˆâ–Œ                      | 81kB 21.0MB/s eta 0:00:01[K    31% |â–ˆâ–ˆâ–ˆâ–ˆâ–ˆâ–ˆâ–ˆâ–ˆâ–ˆâ–ˆ                      | 86kB 19.9MB/s eta 0:00:01[K    32% |â–ˆâ–ˆâ–ˆâ–ˆâ–ˆâ–ˆâ–ˆâ–ˆâ–ˆâ–ˆâ–Œ                     | 90kB 17.5MB/s eta 0:00:01[K    34% |â–ˆâ–ˆâ–ˆâ–ˆâ–ˆâ–ˆâ–ˆâ–ˆâ–ˆâ–ˆâ–ˆ                     | 94kB 17.1MB/s eta 0:00:01[K    35% |â–ˆâ–ˆâ–ˆâ–ˆâ–ˆâ–ˆâ–ˆâ–ˆâ–ˆâ–ˆâ–ˆâ–                    | 98kB 15.5MB/s eta 0:00:01[K    37% |â–ˆâ–ˆâ–ˆâ–ˆâ–ˆâ–ˆâ–ˆâ–ˆâ–ˆâ–ˆâ–ˆâ–ˆ                    | 102kB 15.7MB/s eta 0:00:01[K    38% |â–ˆâ–ˆâ–ˆâ–ˆâ–ˆâ–ˆâ–ˆâ–ˆâ–ˆâ–ˆâ–ˆâ–ˆâ–                   | 106kB 15.3MB/s eta 0:00:01[K    40% |â–ˆâ–ˆâ–ˆâ–ˆâ–ˆâ–ˆâ–ˆâ–ˆâ–ˆâ–ˆâ–ˆâ–ˆâ–‰                   | 110kB 14.9MB/s eta 0:00:01[K    41% |â–ˆâ–ˆâ–ˆâ–ˆâ–ˆâ–ˆâ–ˆâ–ˆâ–ˆâ–ˆâ–ˆâ–ˆâ–ˆâ–                  | 114kB 12.8MB/s eta 0:00:01[K    43% |â–ˆâ–ˆâ–ˆâ–ˆâ–ˆâ–ˆâ–ˆâ–ˆâ–ˆâ–ˆâ–ˆâ–ˆâ–ˆâ–‰                  | 118kB 12.6MB/s eta 0:00:01[K    44% |â–ˆâ–ˆâ–ˆâ–ˆâ–ˆâ–ˆâ–ˆâ–ˆâ–ˆâ–ˆâ–ˆâ–ˆâ–ˆâ–ˆâ–Ž                 | 122kB 12.9MB/s eta 0:00:01[K    46% |â–ˆâ–ˆâ–ˆâ–ˆâ–ˆâ–ˆâ–ˆâ–ˆâ–ˆâ–ˆâ–ˆâ–ˆâ–ˆâ–ˆâ–Š                 | 126kB 13.1MB/s eta 0:00:01[K    47% |â–ˆâ–ˆâ–ˆâ–ˆâ–ˆâ–ˆâ–ˆâ–ˆâ–ˆâ–ˆâ–ˆâ–ˆâ–ˆâ–ˆâ–ˆâ–Ž                | 131kB 13.0MB/s eta 0:00:01[K    49% |â–ˆâ–ˆâ–ˆâ–ˆâ–ˆâ–ˆâ–ˆâ–ˆâ–ˆâ–ˆâ–ˆâ–ˆâ–ˆâ–ˆâ–ˆâ–Š                | 135kB 13.1MB/s eta 0:00:01[K    50% |â–ˆâ–ˆâ–ˆâ–ˆâ–ˆâ–ˆâ–ˆâ–ˆâ–ˆâ–ˆâ–ˆâ–ˆâ–ˆâ–ˆâ–ˆâ–ˆâ–               | 139kB 14.4MB/s eta 0:00:01[K    52% |â–ˆâ–ˆâ–ˆâ–ˆâ–ˆâ–ˆâ–ˆâ–ˆâ–ˆâ–ˆâ–ˆâ–ˆâ–ˆâ–ˆâ–ˆâ–ˆâ–Š               | 143kB 14.4MB/s eta 0:00:01[K    53% |â–ˆâ–ˆâ–ˆâ–ˆâ–ˆâ–ˆâ–ˆâ–ˆâ–ˆâ–ˆâ–ˆâ–ˆâ–ˆâ–ˆâ–ˆâ–ˆâ–ˆâ–              | 147kB 14.4MB/s eta 0:00:01[K    55% |â–ˆâ–ˆâ–ˆâ–ˆâ–ˆâ–ˆâ–ˆâ–ˆâ–ˆâ–ˆâ–ˆâ–ˆâ–ˆâ–ˆâ–ˆâ–ˆâ–ˆâ–‹              | 151kB 13.2MB/s eta 0:00:01[K    56% |â–ˆâ–ˆâ–ˆâ–ˆâ–ˆâ–ˆâ–ˆâ–ˆâ–ˆâ–ˆâ–ˆâ–ˆâ–ˆâ–ˆâ–ˆâ–ˆâ–ˆâ–ˆâ–             | 155kB 15.0MB/s eta 0:00:01[K    58% |â–ˆâ–ˆâ–ˆâ–ˆâ–ˆâ–ˆâ–ˆâ–ˆâ–ˆâ–ˆâ–ˆâ–ˆâ–ˆâ–ˆâ–ˆâ–ˆâ–ˆâ–ˆâ–‹             | 159kB 15.0MB/s eta 0:00:01[K    59% |â–ˆâ–ˆâ–ˆâ–ˆâ–ˆâ–ˆâ–ˆâ–ˆâ–ˆâ–ˆâ–ˆâ–ˆâ–ˆâ–ˆâ–ˆâ–ˆâ–ˆâ–ˆâ–ˆ             | 163kB 14.3MB/s eta 0:00:01[K    61% |â–ˆâ–ˆâ–ˆâ–ˆâ–ˆâ–ˆâ–ˆâ–ˆâ–ˆâ–ˆâ–ˆâ–ˆâ–ˆâ–ˆâ–ˆâ–ˆâ–ˆâ–ˆâ–ˆâ–Œ            | 167kB 14.3MB/s eta 0:00:01[K    62% |â–ˆâ–ˆâ–ˆâ–ˆâ–ˆâ–ˆâ–ˆâ–ˆâ–ˆâ–ˆâ–ˆâ–ˆâ–ˆâ–ˆâ–ˆâ–ˆâ–ˆâ–ˆâ–ˆâ–ˆ            | 172kB 16.0MB/s eta 0:00:01[K    64% |â–ˆâ–ˆâ–ˆâ–ˆâ–ˆâ–ˆâ–ˆâ–ˆâ–ˆâ–ˆâ–ˆâ–ˆâ–ˆâ–ˆâ–ˆâ–ˆâ–ˆâ–ˆâ–ˆâ–ˆâ–Œ           | 176kB 15.9MB/s eta 0:00:01[K    65% |â–ˆâ–ˆâ–ˆâ–ˆâ–ˆâ–ˆâ–ˆâ–ˆâ–ˆâ–ˆâ–ˆâ–ˆâ–ˆâ–ˆâ–ˆâ–ˆâ–ˆâ–ˆâ–ˆâ–ˆâ–ˆ           | 180kB 15.4MB/s eta 0:00:01[K    67% |â–ˆâ–ˆâ–ˆâ–ˆâ–ˆâ–ˆâ–ˆâ–ˆâ–ˆâ–ˆâ–ˆâ–ˆâ–ˆâ–ˆâ–ˆâ–ˆâ–ˆâ–ˆâ–ˆâ–ˆâ–ˆâ–Œ          | 184kB 15.3MB/s eta 0:00:01[K    68% |â–ˆâ–ˆâ–ˆâ–ˆâ–ˆâ–ˆâ–ˆâ–ˆâ–ˆâ–ˆâ–ˆâ–ˆâ–ˆâ–ˆâ–ˆâ–ˆâ–ˆâ–ˆâ–ˆâ–ˆâ–ˆâ–ˆ          | 188kB 15.9MB/s eta 0:00:01[K    70% |â–ˆâ–ˆâ–ˆâ–ˆâ–ˆâ–ˆâ–ˆâ–ˆâ–ˆâ–ˆâ–ˆâ–ˆâ–ˆâ–ˆâ–ˆâ–ˆâ–ˆâ–ˆâ–ˆâ–ˆâ–ˆâ–ˆâ–         | 192kB 17.5MB/s eta 0:00:01[K    71% |â–ˆâ–ˆâ–ˆâ–ˆâ–ˆâ–ˆâ–ˆâ–ˆâ–ˆâ–ˆâ–ˆâ–ˆâ–ˆâ–ˆâ–ˆâ–ˆâ–ˆâ–ˆâ–ˆâ–ˆâ–ˆâ–ˆâ–‰         | 196kB 16.8MB/s eta 0:00:01[K    72% |â–ˆâ–ˆâ–ˆâ–ˆâ–ˆâ–ˆâ–ˆâ–ˆâ–ˆâ–ˆâ–ˆâ–ˆâ–ˆâ–ˆâ–ˆâ–ˆâ–ˆâ–ˆâ–ˆâ–ˆâ–ˆâ–ˆâ–ˆâ–        | 200kB 17.2MB/s eta 0:00:01[K    74% |â–ˆâ–ˆâ–ˆâ–ˆâ–ˆâ–ˆâ–ˆâ–ˆâ–ˆâ–ˆâ–ˆâ–ˆâ–ˆâ–ˆâ–ˆâ–ˆâ–ˆâ–ˆâ–ˆâ–ˆâ–ˆâ–ˆâ–ˆâ–‰        | 204kB 18.8MB/s eta 0:00:01[K    75% |â–ˆâ–ˆâ–ˆâ–ˆâ–ˆâ–ˆâ–ˆâ–ˆâ–ˆâ–ˆâ–ˆâ–ˆâ–ˆâ–ˆâ–ˆâ–ˆâ–ˆâ–ˆâ–ˆâ–ˆâ–ˆâ–ˆâ–ˆâ–ˆâ–Ž       | 208kB 19.7MB/s eta 0:00:01[K    77% |â–ˆâ–ˆâ–ˆâ–ˆâ–ˆâ–ˆâ–ˆâ–ˆâ–ˆâ–ˆâ–ˆâ–ˆâ–ˆâ–ˆâ–ˆâ–ˆâ–ˆâ–ˆâ–ˆâ–ˆâ–ˆâ–ˆâ–ˆâ–ˆâ–‰       | 212kB 19.8MB/s eta 0:00:01[K    78% |â–ˆâ–ˆâ–ˆâ–ˆâ–ˆâ–ˆâ–ˆâ–ˆâ–ˆâ–ˆâ–ˆâ–ˆâ–ˆâ–ˆâ–ˆâ–ˆâ–ˆâ–ˆâ–ˆâ–ˆâ–ˆâ–ˆâ–ˆâ–ˆâ–ˆâ–Ž      | 217kB 20.8MB/s eta 0:00:01[K    80% |â–ˆâ–ˆâ–ˆâ–ˆâ–ˆâ–ˆâ–ˆâ–ˆâ–ˆâ–ˆâ–ˆâ–ˆâ–ˆâ–ˆâ–ˆâ–ˆâ–ˆâ–ˆâ–ˆâ–ˆâ–ˆâ–ˆâ–ˆâ–ˆâ–ˆâ–Š      | 221kB 22.9MB/s eta 0:00:01[K    81% |â–ˆâ–ˆâ–ˆâ–ˆâ–ˆâ–ˆâ–ˆâ–ˆâ–ˆâ–ˆâ–ˆâ–ˆâ–ˆâ–ˆâ–ˆâ–ˆâ–ˆâ–ˆâ–ˆâ–ˆâ–ˆâ–ˆâ–ˆâ–ˆâ–ˆâ–ˆâ–     | 225kB 24.3MB/s eta 0:00:01[K    83% |â–ˆâ–ˆâ–ˆâ–ˆâ–ˆâ–ˆâ–ˆâ–ˆâ–ˆâ–ˆâ–ˆâ–ˆâ–ˆâ–ˆâ–ˆâ–ˆâ–ˆâ–ˆâ–ˆâ–ˆâ–ˆâ–ˆâ–ˆâ–ˆâ–ˆâ–ˆâ–Š     | 229kB 23.4MB/s eta 0:00:01[K    84% |â–ˆâ–ˆâ–ˆâ–ˆâ–ˆâ–ˆâ–ˆâ–ˆâ–ˆâ–ˆâ–ˆâ–ˆâ–ˆâ–ˆâ–ˆâ–ˆâ–ˆâ–ˆâ–ˆâ–ˆâ–ˆâ–ˆâ–ˆâ–ˆâ–ˆâ–ˆâ–ˆâ–    | 233kB 23.3MB/s eta 0:00:01[K    86% |â–ˆâ–ˆâ–ˆâ–ˆâ–ˆâ–ˆâ–ˆâ–ˆâ–ˆâ–ˆâ–ˆâ–ˆâ–ˆâ–ˆâ–ˆâ–ˆâ–ˆâ–ˆâ–ˆâ–ˆâ–ˆâ–ˆâ–ˆâ–ˆâ–ˆâ–ˆâ–ˆâ–‹    | 237kB 24.7MB/s eta 0:00:01[K    87% |â–ˆâ–ˆâ–ˆâ–ˆâ–ˆâ–ˆâ–ˆâ–ˆâ–ˆâ–ˆâ–ˆâ–ˆâ–ˆâ–ˆâ–ˆâ–ˆâ–ˆâ–ˆâ–ˆâ–ˆâ–ˆâ–ˆâ–ˆâ–ˆâ–ˆâ–ˆâ–ˆâ–ˆâ–   | 241kB 24.0MB/s eta 0:00:01[K    89% |â–ˆâ–ˆâ–ˆâ–ˆâ–ˆâ–ˆâ–ˆâ–ˆâ–ˆâ–ˆâ–ˆâ–ˆâ–ˆâ–ˆâ–ˆâ–ˆâ–ˆâ–ˆâ–ˆâ–ˆâ–ˆâ–ˆâ–ˆâ–ˆâ–ˆâ–ˆâ–ˆâ–ˆâ–‹   | 245kB 21.8MB/s eta 0:00:01[K    90% |â–ˆâ–ˆâ–ˆâ–ˆâ–ˆâ–ˆâ–ˆâ–ˆâ–ˆâ–ˆâ–ˆâ–ˆâ–ˆâ–ˆâ–ˆâ–ˆâ–ˆâ–ˆâ–ˆâ–ˆâ–ˆâ–ˆâ–ˆâ–ˆâ–ˆâ–ˆâ–ˆâ–ˆâ–ˆ   | 249kB 20.9MB/s eta 0:00:01[K    92% |â–ˆâ–ˆâ–ˆâ–ˆâ–ˆâ–ˆâ–ˆâ–ˆâ–ˆâ–ˆâ–ˆâ–ˆâ–ˆâ–ˆâ–ˆâ–ˆâ–ˆâ–ˆâ–ˆâ–ˆâ–ˆâ–ˆâ–ˆâ–ˆâ–ˆâ–ˆâ–ˆâ–ˆâ–ˆâ–Œ  | 253kB 21.4MB/s eta 0:00:01[K    93% |â–ˆâ–ˆâ–ˆâ–ˆâ–ˆâ–ˆâ–ˆâ–ˆâ–ˆâ–ˆâ–ˆâ–ˆâ–ˆâ–ˆâ–ˆâ–ˆâ–ˆâ–ˆâ–ˆâ–ˆâ–ˆâ–ˆâ–ˆâ–ˆâ–ˆâ–ˆâ–ˆâ–ˆâ–ˆâ–ˆ  | 258kB 21.4MB/s eta 0:00:01[K    95% |â–ˆâ–ˆâ–ˆâ–ˆâ–ˆâ–ˆâ–ˆâ–ˆâ–ˆâ–ˆâ–ˆâ–ˆâ–ˆâ–ˆâ–ˆâ–ˆâ–ˆâ–ˆâ–ˆâ–ˆâ–ˆâ–ˆâ–ˆâ–ˆâ–ˆâ–ˆâ–ˆâ–ˆâ–ˆâ–ˆâ–Œ | 262kB 20.7MB/s eta 0:00:01[K    96% |â–ˆâ–ˆâ–ˆâ–ˆâ–ˆâ–ˆâ–ˆâ–ˆâ–ˆâ–ˆâ–ˆâ–ˆâ–ˆâ–ˆâ–ˆâ–ˆâ–ˆâ–ˆâ–ˆâ–ˆâ–ˆâ–ˆâ–ˆâ–ˆâ–ˆâ–ˆâ–ˆâ–ˆâ–ˆâ–ˆâ–ˆ | 266kB 20.2MB/s eta 0:00:01[K    98% |â–ˆâ–ˆâ–ˆâ–ˆâ–ˆâ–ˆâ–ˆâ–ˆâ–ˆâ–ˆâ–ˆâ–ˆâ–ˆâ–ˆâ–ˆâ–ˆâ–ˆâ–ˆâ–ˆâ–ˆâ–ˆâ–ˆâ–ˆâ–ˆâ–ˆâ–ˆâ–ˆâ–ˆâ–ˆâ–ˆâ–ˆâ–Œ| 270kB 21.0MB/s eta 0:00:01[K    99% |â–ˆâ–ˆâ–ˆâ–ˆâ–ˆâ–ˆâ–ˆâ–ˆâ–ˆâ–ˆâ–ˆâ–ˆâ–ˆâ–ˆâ–ˆâ–ˆâ–ˆâ–ˆâ–ˆâ–ˆâ–ˆâ–ˆâ–ˆâ–ˆâ–ˆâ–ˆâ–ˆâ–ˆâ–ˆâ–ˆâ–ˆâ–ˆ| 274kB 21.0MB/s eta 0:00:01[K    100% |â–ˆâ–ˆâ–ˆâ–ˆâ–ˆâ–ˆâ–ˆâ–ˆâ–ˆâ–ˆâ–ˆâ–ˆâ–ˆâ–ˆâ–ˆâ–ˆâ–ˆâ–ˆâ–ˆâ–ˆâ–ˆâ–ˆâ–ˆâ–ˆâ–ˆâ–ˆâ–ˆâ–ˆâ–ˆâ–ˆâ–ˆâ–ˆ| 278kB 1.4MB/s 
[?25hRequirement already satisfied (use --upgrade to upgrade): pylint==1.2.1 in /home/travis/virtualenv/python2.7.9/lib/python2.7/site-packages (from -r server_requirements.txt (line 18))
Requirement already satisfied (use --upgrade to upgrade): python-dateutil==2.2 in /home/travis/virtualenv/python2.7.9/lib/python2.7/site-packages (from -r server_requirements.txt (line 19))
Requirement already satisfied (use --upgrade to upgrade): python-mimeparse==0.1.4 in /home/travis/virtualenv/python2.7.9/lib/python2.7/site-packages (from -r server_requirements.txt (line 20))
Requirement already satisfied (use --upgrade to upgrade): requests==2.3.0 in /home/travis/virtualenv/python2.7.9/lib/python2.7/site-packages (from -r server_requirements.txt (line 21))
Requirement already satisfied (use --upgrade to upgrade): six==1.6.1 in /home/travis/virtualenv/python2.7.9/lib/python2.7/site-packages (from -r server_requirements.txt (line 22))
Requirement already satisfied (use --upgrade to upgrade): sphinxcontrib-httpdomain==1.2.1 in /home/travis/virtualenv/python2.7.9/lib/python2.7/site-packages (from -r server_requirements.txt (line 23))
Requirement already satisfied (use --upgrade to upgrade): unittest2==0.5.1 in /home/travis/virtualenv/python2.7.9/lib/python2.7/site-packages (from -r server_requirements.txt (line 24))
Requirement already satisfied (use --upgrade to upgrade): wsgiref==0.1.2 in /opt/python/2.7.9/lib/python2.7 (from -r server_requirements.txt (line 25))
Requirement already satisfied (use --upgrade to upgrade): ddt==0.8.0 in /home/travis/virtualenv/python2.7.9/lib/python2.7/site-packages (from -r server_requirements.txt (line 26))
Requirement already satisfied (use --upgrade to upgrade): webargs==0.5.0 in /home/travis/virtualenv/python2.7.9/lib/python2.7/site-packages (from -r server_requirements.txt (line 27))
Requirement already satisfied (use --upgrade to upgrade): webob==1.1.1 in /home/travis/virtualenv/python2.7.9/lib/python2.7/site-packages (from -r server_requirements.txt (line 28))
Requirement already satisfied (use --upgrade to upgrade): pytz==2014.10 in /home/travis/virtualenv/python2.7.9/lib/python2.7/site-packages (from -r server_requirements.txt (line 29))
Requirement already satisfied (use --upgrade to upgrade): coverage==3.7.1 in /home/travis/virtualenv/python2.7.9/lib/python2.7/site-packages (from -r server_requirements.txt (line 30))
Requirement already satisfied (use --upgrade to upgrade): coveralls==0.5 in /home/travis/virtualenv/python2.7.9/lib/python2.7/site-packages (from -r server_requirements.txt (line 31))
Requirement already satisfied (use --upgrade to upgrade): docopt>=0.6.1 in /home/travis/virtualenv/python2.7.9/lib/python2.7/site-packages (from coveralls==0.5->-r server_requirements.txt (line 31))
Building wheels for collected packages: nose
  Running setup.py bdist_wheel for nose
  Stored in directory: /home/travis/.cache/pip/wheels/cd/20/a0/0d909cdb2cb8dd65e4b90483808cd1ca3bcc676550c3eb610f
Successfully built nose
Installing collected packages: linkenv-master, nose
  Running setup.py develop for linkenv-master
  Found existing installation: nose 1.3.4
    Uninstalling nose-1.3.4:
      Successfully uninstalled nose-1.3.4
Successfully installed linkenv-master nose-1.3.3
travis_time:end:01ad879c:start=1438675258927675420,finish=1438675261405563370,duration=2477887950[0Ktravis_fold:end:install[0Ktravis_fold:start:before_script.1[0Ktravis_time:start:0691e2b0[0K$ wget https://storage.googleapis.com/appengine-sdks/featured/google_appengine_$GAE_VERSION.zip -o gae_sdk.zip
travis_time:end:0691e2b0:start=1438675261409812765,finish=1438675261894081302,duration=484268537[0Ktravis_fold:end:before_script.1[0Ktravis_fold:start:before_script.2[0Ktravis_time:start:0a3ba77a[0K$ unzip -q google_appengine_$GAE_VERSION.zip
travis_time:end:0a3ba77a:start=1438675261898171798,finish=1438675264542282323,duration=2644110525[0Ktravis_fold:end:before_script.2[0Ktravis_fold:start:before_script.3[0Ktravis_time:start:12ce5380[0K$ mv google_appengine gae_sdk
travis_time:end:12ce5380:start=1438675264546768049,finish=1438675264554040971,duration=7272922[0Ktravis_fold:end:before_script.3[0Ktravis_fold:start:before_script.4[0Ktravis_time:start:148b676b[0K$ export GAE_SDK=$PWD/gae_sdk
travis_time:end:148b676b:start=1438675264558475116,finish=1438675264562138620,duration=3663504[0Ktravis_fold:end:before_script.4[0Ktravis_fold:start:before_script.5[0Ktravis_time:start:01b2776e[0K$ export PATH=$PATH:$GAE_SDK
travis_time:end:01b2776e:start=1438675264566925892,finish=1438675264570555560,duration=3629668[0Ktravis_fold:end:before_script.5[0Ktravis_fold:start:before_script.6[0Ktravis_time:start:0d46f404[0K$ export PYTHONPATH=$PYTHONPATH:$GAE_SDK
travis_time:end:0d46f404:start=1438675264575274582,finish=1438675264578938887,duration=3664305[0Ktravis_fold:end:before_script.6[0Ktravis_fold:start:before_script.7[0Ktravis_time:start:02ced940[0K$ python server/app/generate_keys.py
travis_time:end:02ced940:start=1438675264583611682,finish=1438675264619608942,duration=35997260[0Ktravis_fold:end:before_script.7[0Ktravis_time:start:029386a4[0K$ FLASK_CONF=TEST coverage run $CMD --sdk_location $GAE_SDK --quiet
============================================================
Doing integration testing
============================================================
.............................................E...........................................................
======================================================================
ERROR: test_api_group (unittest2.loader.ModuleImportFailure)
----------------------------------------------------------------------
ImportError: Failed to import test module: test_api_group
Traceback (most recent call last):
  File "/home/travis/virtualenv/python2.7.9/lib/python2.7/site-packages/unittest2/loader.py", line 260, in _find_tests
    module = self._get_module_from_name(name)
  File "/home/travis/virtualenv/python2.7.9/lib/python2.7/site-packages/unittest2/loader.py", line 238, in _get_module_from_name
    __import__(name)
  File "/home/travis/build/Cal-CS-61A-Staff/ok/server/tests/integration/test_api_group.py", line 54
    def test_index_arguments(self):
                                  ^
IndentationError: unindent does not match any outer indentation level


----------------------------------------------------------------------
Ran 105 tests in 10.687s

FAILED (errors=1)
============================================================
Doing unittests testing
============================================================
..............................................................................................................
----------------------------------------------------------------------
Ran 110 tests in 18.992s

OK
SOME TESTS FAILED
travis_time:end:029386a4:start=1438675264624477556,finish=1438675296600588818,duration=31976111262[0K
[31;1mThe command "FLASK_CONF=TEST coverage run $CMD --sdk_location $GAE_SDK --quiet" exited with 1.[0m
travis_fold:start:cache.2[0Kstore build cache
travis_time:start:2160f0b0[0Kchange detected:
/home/travis/virtualenv/python2.7.9/lib/python2.7/site-packages/nose-1.3.4.dist-info/DESCRIPTION.rst
/home/travis/virtualenv/python2.7.9/lib/python2.7/site-packages/nose-1.3.4.dist-info/entry_points.txt
/home/travis/virtualenv/python2.7.9/lib/python2.7/site-packages/nose-1.3.4.dist-info/METADATA
/home/travis/virtualenv/python2.7.9/lib/python2.7/site-packages/nose-1.3.4.dist-info/metadata.json
/home/travis/virtualenv/python2.7.9/lib/python2.7/site-packages/nose-1.3.4.dist-info/RECORD
/home/travis/virtualenv/python2.7.9/lib/python2.7/site-packages/nose-1.3.4.dist-info/top_level.txt
/home/travis/virtualenv/python2.7.9/lib/python2.7/site-packages/nose-1.3.4.dist-info/WHEEL
/home/travis/virtualenv/python2.7.9/lib/python2.7/site-packages/nose/case.pyc
/home/travis/virtualenv/python2.7.9/lib/python2.7/site-packages/nose/case.pyc
/home/travis/virtualenv/python2.7.9/lib/python2.7/site-packages/nose/commands.pyc
/home/travis/virtualenv/python2.7.9/lib/python2.7/site-packages/nose/commands.pyc
/ho
...
changes detected, packing new archive
uploading archive
travis_time:end:2160f0b0:start=1438675296605755631,finish=1438675304033502893,duration=7427747262[0Ktravis_fold:end:cache.2[0K
Done. Your build exited with 1.
