Using worker: worker-linux-docker-4e9312a7.prod.travis-ci.org:travis-linux-6

travis_fold:start:system_info[0K[33;1mBuild system information[0m
Build language: python
[34m[1mBuild image provisioning date and time[0m
Thu Feb  5 15:09:33 UTC 2015
[34m[1mOperating System Details[0m
Distributor ID:	Ubuntu
Description:	Ubuntu 12.04.5 LTS
Release:	12.04
Codename:	precise
[34m[1mLinux Version[0m
3.13.0-29-generic
[34m[1mCookbooks Version[0m
a68419e https://github.com/travis-ci/travis-cookbooks/tree/a68419e
[34m[1mGCC version[0m
gcc (Ubuntu/Linaro 4.6.3-1ubuntu5) 4.6.3
Copyright (C) 2011 Free Software Foundation, Inc.
This is free software; see the source for copying conditions.  There is NO
warranty; not even for MERCHANTABILITY or FITNESS FOR A PARTICULAR PURPOSE.

[34m[1mLLVM version[0m
clang version 3.4 (tags/RELEASE_34/final)
Target: x86_64-unknown-linux-gnu
Thread model: posix
[34m[1mPre-installed Ruby versions[0m
ruby-1.9.3-p551
[34m[1mPre-installed Node.js versions[0m
v0.10.36
[34m[1mPre-installed Go versions[0m
1.4.1
[34m[1mRedis version[0m
redis-server 2.8.19
[34m[1mriak version[0m
2.0.2
[34m[1mMongoDB version[0m
MongoDB 2.4.12
[34m[1mCouchDB version[0m
couchdb 1.6.1
[34m[1mNeo4j version[0m
1.9.4
[34m[1mRabbitMQ Version[0m
3.4.3
[34m[1mElasticSearch version[0m
1.4.0
[34m[1mInstalled Sphinx versions[0m
2.0.10
2.1.9
2.2.6
[34m[1mDefault Sphinx version[0m
2.2.6
[34m[1mInstalled Firefox version[0m
firefox 31.0esr
[34m[1mPhantomJS version[0m
1.9.8
[34m[1mant -version[0m
Apache Ant(TM) version 1.8.2 compiled on December 3 2011
[34m[1mmvn -version[0m
Apache Maven 3.2.5 (12a6b3acb947671f09b81f49094c53f426d8cea1; 2014-12-14T17:29:23+00:00)
Maven home: /usr/local/maven
Java version: 1.7.0_76, vendor: Oracle Corporation
Java home: /usr/lib/jvm/java-7-oracle/jre
Default locale: en_US, platform encoding: ANSI_X3.4-1968
OS name: "linux", version: "3.13.0-29-generic", arch: "amd64", family: "unix"
travis_fold:end:system_info[0K
travis_fold:start:git.checkout[0Ktravis_time:start:04bc5673[0K$ git clone --depth=50 --branch=bug/alvin/deferredtask git://github.com/Cal-CS-61A-Staff/ok.git Cal-CS-61A-Staff/ok
Cloning into 'Cal-CS-61A-Staff/ok'...
remote: Counting objects: 1551, done.[K
remote: Compressing objects:   0% (1/682)   [Kremote: Compressing objects:   1% (7/682)   [Kremote: Compressing objects:   2% (14/682)   [Kremote: Compressing objects:   3% (21/682)   [Kremote: Compressing objects:   4% (28/682)   [Kremote: Compressing objects:   5% (35/682)   [Kremote: Compressing objects:   6% (41/682)   [Kremote: Compressing objects:   7% (48/682)   [Kremote: Compressing objects:   8% (55/682)   [Kremote: Compressing objects:   9% (62/682)   [Kremote: Compressing objects:  10% (69/682)   [Kremote: Compressing objects:  11% (76/682)   [Kremote: Compressing objects:  12% (82/682)   [Kremote: Compressing objects:  13% (89/682)   [Kremote: Compressing objects:  14% (96/682)   [Kremote: Compressing objects:  15% (103/682)   [Kremote: Compressing objects:  16% (110/682)   [Kremote: Compressing objects:  17% (116/682)   [Kremote: Compressing objects:  18% (123/682)   [Kremote: Compressing objects:  19% (130/682)   [Kremote: Compressing objects:  20% (137/682)   [Kremote: Compressing objects:  21% (144/682)   [Kremote: Compressing objects:  22% (151/682)   [Kremote: Compressing objects:  23% (157/682)   [Kremote: Compressing objects:  24% (164/682)   [Kremote: Compressing objects:  25% (171/682)   [Kremote: Compressing objects:  26% (178/682)   [Kremote: Compressing objects:  27% (185/682)   [Kremote: Compressing objects:  28% (191/682)   [Kremote: Compressing objects:  29% (198/682)   [Kremote: Compressing objects:  30% (205/682)   [Kremote: Compressing objects:  31% (212/682)   [Kremote: Compressing objects:  32% (219/682)   [Kremote: Compressing objects:  33% (226/682)   [Kremote: Compressing objects:  34% (232/682)   [Kremote: Compressing objects:  35% (239/682)   [Kremote: Compressing objects:  36% (246/682)   [Kremote: Compressing objects:  37% (253/682)   [Kremote: Compressing objects:  38% (260/682)   [Kremote: Compressing objects:  39% (266/682)   [Kremote: Compressing objects:  40% (273/682)   [Kremote: Compressing objects:  41% (280/682)   [Kremote: Compressing objects:  42% (287/682)   [Kremote: Compressing objects:  43% (294/682)   [Kremote: Compressing objects:  44% (301/682)   [Kremote: Compressing objects:  45% (307/682)   [Kremote: Compressing objects:  46% (314/682)   [Kremote: Compressing objects:  47% (321/682)   [Kremote: Compressing objects:  48% (328/682)   [Kremote: Compressing objects:  49% (335/682)   [Kremote: Compressing objects:  50% (341/682)   [Kremote: Compressing objects:  51% (348/682)   [Kremote: Compressing objects:  52% (355/682)   [Kremote: Compressing objects:  53% (362/682)   [Kremote: Compressing objects:  54% (369/682)   [Kremote: Compressing objects:  55% (376/682)   [Kremote: Compressing objects:  56% (382/682)   [Kremote: Compressing objects:  57% (389/682)   [Kremote: Compressing objects:  58% (396/682)   [Kremote: Compressing objects:  59% (403/682)   [Kremote: Compressing objects:  60% (410/682)   [Kremote: Compressing objects:  61% (417/682)   [Kremote: Compressing objects:  62% (423/682)   [Kremote: Compressing objects:  63% (430/682)   [Kremote: Compressing objects:  64% (437/682)   [Kremote: Compressing objects:  65% (444/682)   [Kremote: Compressing objects:  66% (451/682)   [Kremote: Compressing objects:  67% (457/682)   [Kremote: Compressing objects:  68% (464/682)   [Kremote: Compressing objects:  69% (471/682)   [Kremote: Compressing objects:  70% (478/682)   [Kremote: Compressing objects:  71% (485/682)   [Kremote: Compressing objects:  72% (492/682)   [Kremote: Compressing objects:  73% (498/682)   [Kremote: Compressing objects:  74% (505/682)   [Kremote: Compressing objects:  75% (512/682)   [Kremote: Compressing objects:  76% (519/682)   [Kremote: Compressing objects:  77% (526/682)   [Kremote: Compressing objects:  78% (532/682)   [Kremote: Compressing objects:  79% (539/682)   [Kremote: Compressing objects:  80% (546/682)   [Kremote: Compressing objects:  81% (553/682)   [Kremote: Compressing objects:  82% (560/682)   [Kremote: Compressing objects:  83% (567/682)   [Kremote: Compressing objects:  84% (573/682)   [Kremote: Compressing objects:  85% (580/682)   [Kremote: Compressing objects:  86% (587/682)   [Kremote: Compressing objects:  87% (594/682)   [Kremote: Compressing objects:  88% (601/682)   [Kremote: Compressing objects:  89% (607/682)   [Kremote: Compressing objects:  90% (614/682)   [Kremote: Compressing objects:  91% (621/682)   [Kremote: Compressing objects:  92% (628/682)   [Kremote: Compressing objects:  93% (635/682)   [Kremote: Compressing objects:  94% (642/682)   [Kremote: Compressing objects:  95% (648/682)   [Kremote: Compressing objects:  96% (655/682)   [Kremote: Compressing objects:  97% (662/682)   [Kremote: Compressing objects:  98% (669/682)   [Kremote: Compressing objects:  99% (676/682)   [Kremote: Compressing objects: 100% (682/682)   [Kremote: Compressing objects: 100% (682/682), done.[K
Receiving objects:   0% (1/1551)   Receiving objects:   1% (16/1551)   Receiving objects:   2% (32/1551)   Receiving objects:   3% (47/1551)   Receiving objects:   4% (63/1551)   Receiving objects:   5% (78/1551)   Receiving objects:   6% (94/1551)   Receiving objects:   7% (109/1551)   Receiving objects:   8% (125/1551)   Receiving objects:   9% (140/1551)   Receiving objects:  10% (156/1551)   Receiving objects:  11% (171/1551)   Receiving objects:  12% (187/1551)   Receiving objects:  13% (202/1551)   Receiving objects:  14% (218/1551)   Receiving objects:  15% (233/1551)   Receiving objects:  16% (249/1551)   Receiving objects:  17% (264/1551)   Receiving objects:  18% (280/1551)   Receiving objects:  19% (295/1551)   Receiving objects:  20% (311/1551)   Receiving objects:  21% (326/1551)   Receiving objects:  22% (342/1551)   Receiving objects:  23% (357/1551)   Receiving objects:  24% (373/1551)   Receiving objects:  25% (388/1551)   Receiving objects:  26% (404/1551)   Receiving objects:  27% (419/1551)   Receiving objects:  28% (435/1551)   Receiving objects:  29% (450/1551)   Receiving objects:  30% (466/1551)   Receiving objects:  31% (481/1551)   Receiving objects:  32% (497/1551)   Receiving objects:  33% (512/1551)   Receiving objects:  34% (528/1551)   Receiving objects:  35% (543/1551)   Receiving objects:  36% (559/1551)   Receiving objects:  37% (574/1551)   Receiving objects:  38% (590/1551)   Receiving objects:  39% (605/1551)   Receiving objects:  40% (621/1551)   Receiving objects:  41% (636/1551)   Receiving objects:  42% (652/1551)   Receiving objects:  43% (667/1551)   Receiving objects:  44% (683/1551)   Receiving objects:  45% (698/1551)   Receiving objects:  46% (714/1551)   Receiving objects:  47% (729/1551)   Receiving objects:  48% (745/1551)   Receiving objects:  49% (760/1551)   Receiving objects:  50% (776/1551)   Receiving objects:  51% (792/1551)   Receiving objects:  52% (807/1551)   Receiving objects:  53% (823/1551)   Receiving objects:  54% (838/1551)   Receiving objects:  55% (854/1551)   Receiving objects:  56% (869/1551)   Receiving objects:  57% (885/1551)   Receiving objects:  58% (900/1551)   Receiving objects:  59% (916/1551)   remote: Total 1551 (delta 994), reused 1299 (delta 835), pack-reused 0[K
Receiving objects:  60% (931/1551)   Receiving objects:  61% (947/1551)   Receiving objects:  62% (962/1551)   Receiving objects:  63% (978/1551)   Receiving objects:  64% (993/1551)   Receiving objects:  65% (1009/1551)   Receiving objects:  66% (1024/1551)   Receiving objects:  67% (1040/1551)   Receiving objects:  68% (1055/1551)   Receiving objects:  69% (1071/1551)   Receiving objects:  70% (1086/1551)   Receiving objects:  71% (1102/1551)   Receiving objects:  72% (1117/1551)   Receiving objects:  73% (1133/1551)   Receiving objects:  74% (1148/1551)   Receiving objects:  75% (1164/1551)   Receiving objects:  76% (1179/1551)   Receiving objects:  77% (1195/1551)   Receiving objects:  78% (1210/1551)   Receiving objects:  79% (1226/1551)   Receiving objects:  80% (1241/1551)   Receiving objects:  81% (1257/1551)   Receiving objects:  82% (1272/1551)   Receiving objects:  83% (1288/1551)   Receiving objects:  84% (1303/1551)   Receiving objects:  85% (1319/1551)   Receiving objects:  86% (1334/1551)   Receiving objects:  87% (1350/1551)   Receiving objects:  88% (1365/1551)   Receiving objects:  89% (1381/1551)   Receiving objects:  90% (1396/1551)   Receiving objects:  91% (1412/1551)   Receiving objects:  92% (1427/1551)   Receiving objects:  93% (1443/1551)   Receiving objects:  94% (1458/1551)   Receiving objects:  95% (1474/1551)   Receiving objects:  96% (1489/1551)   Receiving objects:  97% (1505/1551)   Receiving objects:  98% (1520/1551)   Receiving objects:  99% (1536/1551)   Receiving objects: 100% (1551/1551)   Receiving objects: 100% (1551/1551), 1.41 MiB | 0 bytes/s, done.
Resolving deltas:   0% (0/994)   Resolving deltas:   1% (16/994)   Resolving deltas:  18% (180/994)   Resolving deltas:  33% (337/994)   Resolving deltas:  35% (350/994)   Resolving deltas:  44% (440/994)   Resolving deltas:  48% (479/994)   Resolving deltas:  49% (493/994)   Resolving deltas:  50% (497/994)   Resolving deltas:  51% (507/994)   Resolving deltas:  52% (524/994)   Resolving deltas:  53% (530/994)   Resolving deltas:  54% (537/994)   Resolving deltas:  56% (562/994)   Resolving deltas:  64% (645/994)   Resolving deltas:  71% (706/994)   Resolving deltas:  72% (717/994)   Resolving deltas:  74% (741/994)   Resolving deltas:  77% (773/994)   Resolving deltas:  78% (781/994)   Resolving deltas:  79% (786/994)   Resolving deltas:  80% (796/994)   Resolving deltas:  81% (809/994)   Resolving deltas:  82% (816/994)   Resolving deltas:  83% (827/994)   Resolving deltas:  84% (836/994)   Resolving deltas:  86% (856/994)   Resolving deltas:  87% (866/994)   Resolving deltas:  88% (875/994)   Resolving deltas:  89% (886/994)   Resolving deltas:  90% (895/994)   Resolving deltas:  91% (906/994)   Resolving deltas:  92% (915/994)   Resolving deltas:  93% (930/994)   Resolving deltas:  94% (940/994)   Resolving deltas:  95% (950/994)   Resolving deltas:  98% (978/994)   Resolving deltas:  99% (991/994)   Resolving deltas: 100% (994/994)   Resolving deltas: 100% (994/994), done.
Checking connectivity... done.
travis_time:end:04bc5673:start=1437518835202271501,finish=1437518835509060515,duration=306789014[0K$ cd Cal-CS-61A-Staff/ok
$ git checkout -qf d3a3b066924e75390b3d881ecb8b53a29441f889
travis_fold:end:git.checkout[0K
[33;1mThis job is running on container-based infrastructure, which does not allow use of 'sudo', setuid and setguid executables.[0m
[33;1mIf you require sudo, add 'sudo: required' to your .travis.yml[0m
[33;1mSee http://docs.travis-ci.com/user/workers/container-based-infrastructure/ for details.[0m

[33;1mSetting environment variables from .travis.yml[0m
$ export CMD=server/apptest.py
$ export GAE_VERSION=1.9.23

travis_fold:start:cache.1[0KSetting up build cache
$ export CASHER_DIR=$HOME/.casher
travis_time:start:0b0e01a0[0K$ Installing caching utilities
travis_time:end:0b0e01a0:start=1437518837964800484,finish=1437518838013898312,duration=49097828[0Ktravis_time:start:049f4e00[0Kattempting to download cache archive
fetching bugalvindeferredtask/cache--python-2.7.tgz
found cache
travis_time:end:049f4e00:start=1437518838018554973,finish=1437518838963168769,duration=944613796[0Ktravis_time:start:0e012463[0Kadding /home/travis/virtualenv/python2.7.9 to cache
travis_time:end:0e012463:start=1437518838966874026,finish=1437518840727368983,duration=1760494957[0Ktravis_fold:end:cache.1[0Ktravis_time:start:071b5340[0K$ source ~/virtualenv/python2.7/bin/activate
travis_time:end:071b5340:start=1437518840731449162,finish=1437518840735253939,duration=3804777[0K$ python --version
Python 2.7.9
$ pip --version
pip 7.1.0 from /home/travis/virtualenv/python2.7.9/lib/python2.7/site-packages (python 2.7)
travis_fold:start:install[0Ktravis_time:start:0122bec5[0K$ pip install -r server_requirements.txt
Requirement already satisfied (use --upgrade to upgrade): Flask==0.10.1 in /home/travis/virtualenv/python2.7.9/lib/python2.7/site-packages (from -r server_requirements.txt (line 1))
Requirement already satisfied (use --upgrade to upgrade): Flask-Cache==0.13.1 in /home/travis/virtualenv/python2.7.9/lib/python2.7/site-packages (from -r server_requirements.txt (line 2))
Requirement already satisfied (use --upgrade to upgrade): Jinja2==2.7.3 in /home/travis/virtualenv/python2.7.9/lib/python2.7/site-packages (from -r server_requirements.txt (line 3))
Requirement already satisfied (use --upgrade to upgrade): MarkupSafe==0.23 in /home/travis/virtualenv/python2.7.9/lib/python2.7/site-packages (from -r server_requirements.txt (line 4))
Requirement already satisfied (use --upgrade to upgrade): PyYAML==3.11 in /home/travis/virtualenv/python2.7.9/lib/python2.7/site-packages (from -r server_requirements.txt (line 5))
Requirement already satisfied (use --upgrade to upgrade): Pygments==1.6 in /home/travis/virtualenv/python2.7.9/lib/python2.7/site-packages (from -r server_requirements.txt (line 6))
Requirement already satisfied (use --upgrade to upgrade): Sphinx==1.2.2 in /home/travis/virtualenv/python2.7.9/lib/python2.7/site-packages (from -r server_requirements.txt (line 7))
Requirement already satisfied (use --upgrade to upgrade): Werkzeug==0.9.6 in /home/travis/virtualenv/python2.7.9/lib/python2.7/site-packages (from -r server_requirements.txt (line 8))
Requirement already satisfied (use --upgrade to upgrade): argparse==1.2.1 in /home/travis/virtualenv/python2.7.9/lib/python2.7/site-packages (from -r server_requirements.txt (line 9))
Requirement already satisfied (use --upgrade to upgrade): astroid==1.1.1 in /home/travis/virtualenv/python2.7.9/lib/python2.7/site-packages (from -r server_requirements.txt (line 10))
Requirement already satisfied (use --upgrade to upgrade): docutils==0.11 in /home/travis/virtualenv/python2.7.9/lib/python2.7/site-packages (from -r server_requirements.txt (line 11))
Requirement already satisfied (use --upgrade to upgrade): git-pylint-commit-hook==2.0.5 in /home/travis/virtualenv/python2.7.9/lib/python2.7/site-packages (from -r server_requirements.txt (line 12))
Requirement already satisfied (use --upgrade to upgrade): itsdangerous==0.24 in /home/travis/virtualenv/python2.7.9/lib/python2.7/site-packages (from -r server_requirements.txt (line 13))
Obtaining linkenv-master from git+git://github.com/ze-phyr-us/linkenv.git@ae463b3211cb8dcc8868e88176a1101733c83b6d#egg=linkenv-master (from -r server_requirements.txt (line 14))
  Updating /home/travis/virtualenv/python2.7.9/src/linkenv-master clone (to ae463b3211cb8dcc8868e88176a1101733c83b6d)
[33m  Could not find a tag or branch 'ae463b3211cb8dcc8868e88176a1101733c83b6d', assuming commit.[0m
Requirement already satisfied (use --upgrade to upgrade): logilab-common==0.61.0 in /home/travis/virtualenv/python2.7.9/lib/python2.7/site-packages (from -r server_requirements.txt (line 15))
Requirement already satisfied (use --upgrade to upgrade): mimerender==0.5.4 in /home/travis/virtualenv/python2.7.9/lib/python2.7/site-packages (from -r server_requirements.txt (line 16))
Collecting nose==1.3.3 (from -r server_requirements.txt (line 17))
  Downloading nose-1.3.3.tar.gz (274kB)
[?25l[K    1% |â–Œ                               | 4.1kB 21.6MB/s eta 0:00:01[K    2% |â–ˆ                               | 8.2kB 15.2MB/s eta 0:00:01[K    4% |â–ˆâ–                              | 12kB 14.4MB/s eta 0:00:01[K    5% |â–ˆâ–ˆ                              | 16kB 13.6MB/s eta 0:00:01[K    7% |â–ˆâ–ˆâ–                             | 20kB 13.8MB/s eta 0:00:01[K    8% |â–ˆâ–ˆâ–‰                             | 24kB 14.1MB/s eta 0:00:01[K    10% |â–ˆâ–ˆâ–ˆâ–                            | 28kB 14.2MB/s eta 0:00:01[K    11% |â–ˆâ–ˆâ–ˆâ–‰                            | 32kB 5.8MB/s eta 0:00:01[K    13% |â–ˆâ–ˆâ–ˆâ–ˆâ–Ž                           | 36kB 6.2MB/s eta 0:00:01[K    14% |â–ˆâ–ˆâ–ˆâ–ˆâ–Š                           | 40kB 6.6MB/s eta 0:00:01[K    16% |â–ˆâ–ˆâ–ˆâ–ˆâ–ˆâ–Ž                          | 45kB 6.5MB/s eta 0:00:01[K    17% |â–ˆâ–ˆâ–ˆâ–ˆâ–ˆâ–Š                          | 49kB 6.5MB/s eta 0:00:01[K    19% |â–ˆâ–ˆâ–ˆâ–ˆâ–ˆâ–ˆâ–                         | 53kB 6.6MB/s eta 0:00:01[K    20% |â–ˆâ–ˆâ–ˆâ–ˆâ–ˆâ–ˆâ–Š                         | 57kB 6.7MB/s eta 0:00:01[K    22% |â–ˆâ–ˆâ–ˆâ–ˆâ–ˆâ–ˆâ–ˆâ–                        | 61kB 6.7MB/s eta 0:00:01[K    23% |â–ˆâ–ˆâ–ˆâ–ˆâ–ˆâ–ˆâ–ˆâ–‹                        | 65kB 6.5MB/s eta 0:00:01[K    25% |â–ˆâ–ˆâ–ˆâ–ˆâ–ˆâ–ˆâ–ˆâ–ˆ                        | 69kB 6.5MB/s eta 0:00:01[K    26% |â–ˆâ–ˆâ–ˆâ–ˆâ–ˆâ–ˆâ–ˆâ–ˆâ–‹                       | 73kB 14.0MB/s eta 0:00:01[K    28% |â–ˆâ–ˆâ–ˆâ–ˆâ–ˆâ–ˆâ–ˆâ–ˆâ–ˆ                       | 77kB 13.9MB/s eta 0:00:01[K    29% |â–ˆâ–ˆâ–ˆâ–ˆâ–ˆâ–ˆâ–ˆâ–ˆâ–ˆâ–Œ                      | 81kB 13.4MB/s eta 0:00:01[K    31% |â–ˆâ–ˆâ–ˆâ–ˆâ–ˆâ–ˆâ–ˆâ–ˆâ–ˆâ–ˆ                      | 86kB 13.5MB/s eta 0:00:01[K    32% |â–ˆâ–ˆâ–ˆâ–ˆâ–ˆâ–ˆâ–ˆâ–ˆâ–ˆâ–ˆâ–Œ                     | 90kB 14.0MB/s eta 0:00:01[K    34% |â–ˆâ–ˆâ–ˆâ–ˆâ–ˆâ–ˆâ–ˆâ–ˆâ–ˆâ–ˆâ–ˆ                     | 94kB 13.9MB/s eta 0:00:01[K    35% |â–ˆâ–ˆâ–ˆâ–ˆâ–ˆâ–ˆâ–ˆâ–ˆâ–ˆâ–ˆâ–ˆâ–                    | 98kB 7.9MB/s eta 0:00:01[K    37% |â–ˆâ–ˆâ–ˆâ–ˆâ–ˆâ–ˆâ–ˆâ–ˆâ–ˆâ–ˆâ–ˆâ–ˆ                    | 102kB 8.0MB/s eta 0:00:01[K    38% |â–ˆâ–ˆâ–ˆâ–ˆâ–ˆâ–ˆâ–ˆâ–ˆâ–ˆâ–ˆâ–ˆâ–ˆâ–                   | 106kB 8.1MB/s eta 0:00:01[K    40% |â–ˆâ–ˆâ–ˆâ–ˆâ–ˆâ–ˆâ–ˆâ–ˆâ–ˆâ–ˆâ–ˆâ–ˆâ–‰                   | 110kB 8.1MB/s eta 0:00:01[K    41% |â–ˆâ–ˆâ–ˆâ–ˆâ–ˆâ–ˆâ–ˆâ–ˆâ–ˆâ–ˆâ–ˆâ–ˆâ–ˆâ–                  | 114kB 7.9MB/s eta 0:00:01[K    43% |â–ˆâ–ˆâ–ˆâ–ˆâ–ˆâ–ˆâ–ˆâ–ˆâ–ˆâ–ˆâ–ˆâ–ˆâ–ˆâ–‰                  | 118kB 8.0MB/s eta 0:00:01[K    44% |â–ˆâ–ˆâ–ˆâ–ˆâ–ˆâ–ˆâ–ˆâ–ˆâ–ˆâ–ˆâ–ˆâ–ˆâ–ˆâ–ˆâ–Ž                 | 122kB 8.1MB/s eta 0:00:01[K    46% |â–ˆâ–ˆâ–ˆâ–ˆâ–ˆâ–ˆâ–ˆâ–ˆâ–ˆâ–ˆâ–ˆâ–ˆâ–ˆâ–ˆâ–Š                 | 126kB 8.1MB/s eta 0:00:01[K    47% |â–ˆâ–ˆâ–ˆâ–ˆâ–ˆâ–ˆâ–ˆâ–ˆâ–ˆâ–ˆâ–ˆâ–ˆâ–ˆâ–ˆâ–ˆâ–Ž                | 131kB 7.9MB/s eta 0:00:01[K    49% |â–ˆâ–ˆâ–ˆâ–ˆâ–ˆâ–ˆâ–ˆâ–ˆâ–ˆâ–ˆâ–ˆâ–ˆâ–ˆâ–ˆâ–ˆâ–Š                | 135kB 8.0MB/s eta 0:00:01[K    50% |â–ˆâ–ˆâ–ˆâ–ˆâ–ˆâ–ˆâ–ˆâ–ˆâ–ˆâ–ˆâ–ˆâ–ˆâ–ˆâ–ˆâ–ˆâ–ˆâ–               | 139kB 14.0MB/s eta 0:00:01[K    52% |â–ˆâ–ˆâ–ˆâ–ˆâ–ˆâ–ˆâ–ˆâ–ˆâ–ˆâ–ˆâ–ˆâ–ˆâ–ˆâ–ˆâ–ˆâ–ˆâ–Š               | 143kB 13.8MB/s eta 0:00:01[K    53% |â–ˆâ–ˆâ–ˆâ–ˆâ–ˆâ–ˆâ–ˆâ–ˆâ–ˆâ–ˆâ–ˆâ–ˆâ–ˆâ–ˆâ–ˆâ–ˆâ–ˆâ–              | 147kB 13.6MB/s eta 0:00:01[K    55% |â–ˆâ–ˆâ–ˆâ–ˆâ–ˆâ–ˆâ–ˆâ–ˆâ–ˆâ–ˆâ–ˆâ–ˆâ–ˆâ–ˆâ–ˆâ–ˆâ–ˆâ–‹              | 151kB 13.6MB/s eta 0:00:01[K    56% |â–ˆâ–ˆâ–ˆâ–ˆâ–ˆâ–ˆâ–ˆâ–ˆâ–ˆâ–ˆâ–ˆâ–ˆâ–ˆâ–ˆâ–ˆâ–ˆâ–ˆâ–ˆâ–             | 155kB 14.1MB/s eta 0:00:01[K    58% |â–ˆâ–ˆâ–ˆâ–ˆâ–ˆâ–ˆâ–ˆâ–ˆâ–ˆâ–ˆâ–ˆâ–ˆâ–ˆâ–ˆâ–ˆâ–ˆâ–ˆâ–ˆâ–‹             | 159kB 13.9MB/s eta 0:00:01[K    59% |â–ˆâ–ˆâ–ˆâ–ˆâ–ˆâ–ˆâ–ˆâ–ˆâ–ˆâ–ˆâ–ˆâ–ˆâ–ˆâ–ˆâ–ˆâ–ˆâ–ˆâ–ˆâ–ˆ             | 163kB 13.4MB/s eta 0:00:01[K    61% |â–ˆâ–ˆâ–ˆâ–ˆâ–ˆâ–ˆâ–ˆâ–ˆâ–ˆâ–ˆâ–ˆâ–ˆâ–ˆâ–ˆâ–ˆâ–ˆâ–ˆâ–ˆâ–ˆâ–Œ            | 167kB 13.5MB/s eta 0:00:01[K    62% |â–ˆâ–ˆâ–ˆâ–ˆâ–ˆâ–ˆâ–ˆâ–ˆâ–ˆâ–ˆâ–ˆâ–ˆâ–ˆâ–ˆâ–ˆâ–ˆâ–ˆâ–ˆâ–ˆâ–ˆ            | 172kB 14.0MB/s eta 0:00:01[K    64% |â–ˆâ–ˆâ–ˆâ–ˆâ–ˆâ–ˆâ–ˆâ–ˆâ–ˆâ–ˆâ–ˆâ–ˆâ–ˆâ–ˆâ–ˆâ–ˆâ–ˆâ–ˆâ–ˆâ–ˆâ–Œ           | 176kB 13.9MB/s eta 0:00:01[K    65% |â–ˆâ–ˆâ–ˆâ–ˆâ–ˆâ–ˆâ–ˆâ–ˆâ–ˆâ–ˆâ–ˆâ–ˆâ–ˆâ–ˆâ–ˆâ–ˆâ–ˆâ–ˆâ–ˆâ–ˆâ–ˆ           | 180kB 13.5MB/s eta 0:00:01[K    67% |â–ˆâ–ˆâ–ˆâ–ˆâ–ˆâ–ˆâ–ˆâ–ˆâ–ˆâ–ˆâ–ˆâ–ˆâ–ˆâ–ˆâ–ˆâ–ˆâ–ˆâ–ˆâ–ˆâ–ˆâ–ˆâ–Œ          | 184kB 13.6MB/s eta 0:00:01[K    68% |â–ˆâ–ˆâ–ˆâ–ˆâ–ˆâ–ˆâ–ˆâ–ˆâ–ˆâ–ˆâ–ˆâ–ˆâ–ˆâ–ˆâ–ˆâ–ˆâ–ˆâ–ˆâ–ˆâ–ˆâ–ˆâ–ˆ          | 188kB 14.0MB/s eta 0:00:01[K    70% |â–ˆâ–ˆâ–ˆâ–ˆâ–ˆâ–ˆâ–ˆâ–ˆâ–ˆâ–ˆâ–ˆâ–ˆâ–ˆâ–ˆâ–ˆâ–ˆâ–ˆâ–ˆâ–ˆâ–ˆâ–ˆâ–ˆâ–         | 192kB 13.9MB/s eta 0:00:01[K    71% |â–ˆâ–ˆâ–ˆâ–ˆâ–ˆâ–ˆâ–ˆâ–ˆâ–ˆâ–ˆâ–ˆâ–ˆâ–ˆâ–ˆâ–ˆâ–ˆâ–ˆâ–ˆâ–ˆâ–ˆâ–ˆâ–ˆâ–‰         | 196kB 13.5MB/s eta 0:00:01[K    72% |â–ˆâ–ˆâ–ˆâ–ˆâ–ˆâ–ˆâ–ˆâ–ˆâ–ˆâ–ˆâ–ˆâ–ˆâ–ˆâ–ˆâ–ˆâ–ˆâ–ˆâ–ˆâ–ˆâ–ˆâ–ˆâ–ˆâ–ˆâ–        | 200kB 13.6MB/s eta 0:00:01[K    74% |â–ˆâ–ˆâ–ˆâ–ˆâ–ˆâ–ˆâ–ˆâ–ˆâ–ˆâ–ˆâ–ˆâ–ˆâ–ˆâ–ˆâ–ˆâ–ˆâ–ˆâ–ˆâ–ˆâ–ˆâ–ˆâ–ˆâ–ˆâ–‰        | 204kB 14.1MB/s eta 0:00:01[K    75% |â–ˆâ–ˆâ–ˆâ–ˆâ–ˆâ–ˆâ–ˆâ–ˆâ–ˆâ–ˆâ–ˆâ–ˆâ–ˆâ–ˆâ–ˆâ–ˆâ–ˆâ–ˆâ–ˆâ–ˆâ–ˆâ–ˆâ–ˆâ–ˆâ–Ž       | 208kB 14.0MB/s eta 0:00:01[K    77% |â–ˆâ–ˆâ–ˆâ–ˆâ–ˆâ–ˆâ–ˆâ–ˆâ–ˆâ–ˆâ–ˆâ–ˆï¿½ï¿½ï¿½â–ˆâ–ˆâ–ˆâ–ˆâ–ˆâ–ˆâ–ˆâ–ˆâ–ˆâ–ˆâ–ˆâ–‰       | 212kB 12.6MB/s eta 0:00:01[K    78% |â–ˆâ–ˆâ–ˆâ–ˆâ–ˆâ–ˆâ–ˆâ–ˆâ–ˆâ–ˆâ–ˆâ–ˆâ–ˆâ–ˆâ–ˆâ–ˆâ–ˆâ–ˆâ–ˆâ–ˆâ–ˆâ–ˆâ–ˆâ–ˆâ–ˆâ–Ž      | 217kB 12.6MB/s eta 0:00:01[K    80% |â–ˆâ–ˆâ–ˆâ–ˆâ–ˆâ–ˆâ–ˆâ–ˆâ–ˆâ–ˆâ–ˆâ–ˆâ–ˆâ–ˆâ–ˆâ–ˆâ–ˆâ–ˆâ–ˆâ–ˆâ–ˆâ–ˆâ–ˆâ–ˆâ–ˆâ–Š      | 221kB 13.0MB/s eta 0:00:01[K    81% |â–ˆâ–ˆâ–ˆâ–ˆâ–ˆâ–ˆâ–ˆâ–ˆâ–ˆâ–ˆâ–ˆâ–ˆâ–ˆâ–ˆâ–ˆâ–ˆâ–ˆâ–ˆâ–ˆâ–ˆâ–ˆâ–ˆâ–ˆâ–ˆâ–ˆâ–ˆâ–     | 225kB 13.0MB/s eta 0:00:01[K    83% |â–ˆâ–ˆâ–ˆâ–ˆâ–ˆâ–ˆâ–ˆâ–ˆâ–ˆâ–ˆâ–ˆâ–ˆâ–ˆâ–ˆâ–ˆâ–ˆâ–ˆâ–ˆâ–ˆâ–ˆâ–ˆâ–ˆâ–ˆâ–ˆâ–ˆâ–ˆâ–Š     | 229kB 12.6MB/s eta 0:00:01[K    84% |â–ˆâ–ˆâ–ˆâ–ˆâ–ˆâ–ˆâ–ˆâ–ˆâ–ˆâ–ˆâ–ˆâ–ˆâ–ˆâ–ˆâ–ˆâ–ˆâ–ˆâ–ˆâ–ˆâ–ˆâ–ˆâ–ˆâ–ˆâ–ˆâ–ˆâ–ˆâ–ˆâ–    | 233kB 12.6MB/s eta 0:00:01[K    86% |â–ˆâ–ˆâ–ˆâ–ˆâ–ˆâ–ˆâ–ˆâ–ˆâ–ˆâ–ˆâ–ˆâ–ˆâ–ˆâ–ˆâ–ˆâ–ˆâ–ˆâ–ˆâ–ˆâ–ˆâ–ˆâ–ˆâ–ˆâ–ˆâ–ˆâ–ˆâ–ˆâ–‹    | 237kB 13.0MB/s eta 0:00:01[K    87% |â–ˆâ–ˆâ–ˆâ–ˆâ–ˆâ–ˆâ–ˆâ–ˆâ–ˆâ–ˆâ–ˆâ–ˆâ–ˆâ–ˆâ–ˆâ–ˆâ–ˆâ–ˆâ–ˆâ–ˆâ–ˆâ–ˆâ–ˆâ–ˆâ–ˆâ–ˆâ–ˆâ–ˆâ–   | 241kB 13.0MB/s eta 0:00:01[K    89% |â–ˆâ–ˆâ–ˆâ–ˆâ–ˆâ–ˆâ–ˆâ–ˆâ–ˆâ–ˆâ–ˆâ–ˆâ–ˆâ–ˆâ–ˆâ–ˆâ–ˆâ–ˆâ–ˆâ–ˆâ–ˆâ–ˆâ–ˆâ–ˆâ–ˆâ–ˆâ–ˆâ–ˆâ–‹   | 245kB 12.7MB/s eta 0:00:01[K    90% |â–ˆâ–ˆâ–ˆâ–ˆâ–ˆâ–ˆâ–ˆâ–ˆâ–ˆâ–ˆâ–ˆâ–ˆâ–ˆâ–ˆâ–ˆâ–ˆâ–ˆâ–ˆâ–ˆâ–ˆâ–ˆâ–ˆâ–ˆâ–ˆâ–ˆâ–ˆâ–ˆâ–ˆâ–ˆ   | 249kB 12.7MB/s eta 0:00:01[K    92% |â–ˆâ–ˆâ–ˆâ–ˆâ–ˆâ–ˆâ–ˆâ–ˆâ–ˆâ–ˆâ–ˆâ–ˆâ–ˆâ–ˆâ–ˆâ–ˆâ–ˆâ–ˆâ–ˆâ–ˆâ–ˆâ–ˆâ–ˆâ–ˆâ–ˆâ–ˆâ–ˆâ–ˆâ–ˆâ–Œ  | 253kB 14.2MB/s eta 0:00:01[K    93% |â–ˆâ–ˆâ–ˆâ–ˆâ–ˆâ–ˆâ–ˆâ–ˆâ–ˆâ–ˆâ–ˆâ–ˆâ–ˆâ–ˆâ–ˆâ–ˆâ–ˆâ–ˆâ–ˆâ–ˆâ–ˆâ–ˆâ–ˆâ–ˆâ–ˆâ–ˆâ–ˆâ–ˆâ–ˆâ–ˆ  | 258kB 14.2MB/s eta 0:00:01[K    95% |â–ˆâ–ˆâ–ˆâ–ˆâ–ˆâ–ˆâ–ˆâ–ˆâ–ˆâ–ˆâ–ˆâ–ˆâ–ˆâ–ˆâ–ˆâ–ˆâ–ˆâ–ˆâ–ˆâ–ˆâ–ˆâ–ˆâ–ˆâ–ˆâ–ˆâ–ˆâ–ˆâ–ˆâ–ˆâ–ˆâ–Œ | 262kB 13.9MB/s eta 0:00:01[K    96% |â–ˆâ–ˆâ–ˆâ–ˆâ–ˆâ–ˆâ–ˆâ–ˆâ–ˆâ–ˆâ–ˆâ–ˆâ–ˆâ–ˆâ–ˆâ–ˆâ–ˆâ–ˆâ–ˆâ–ˆâ–ˆâ–ˆâ–ˆâ–ˆâ–ˆâ–ˆâ–ˆâ–ˆâ–ˆâ–ˆâ–ˆ | 266kB 13.7MB/s eta 0:00:01[K    98% |â–ˆâ–ˆâ–ˆâ–ˆâ–ˆâ–ˆâ–ˆâ–ˆâ–ˆâ–ˆâ–ˆâ–ˆâ–ˆâ–ˆâ–ˆâ–ˆâ–ˆâ–ˆâ–ˆâ–ˆâ–ˆâ–ˆâ–ˆâ–ˆâ–ˆâ–ˆâ–ˆâ–ˆâ–ˆâ–ˆâ–ˆâ–Œ| 270kB 14.3MB/s eta 0:00:01[K    99% |â–ˆâ–ˆâ–ˆâ–ˆâ–ˆâ–ˆâ–ˆâ–ˆâ–ˆâ–ˆâ–ˆâ–ˆâ–ˆâ–ˆâ–ˆâ–ˆâ–ˆâ–ˆâ–ˆâ–ˆâ–ˆâ–ˆâ–ˆâ–ˆâ–ˆâ–ˆâ–ˆâ–ˆâ–ˆâ–ˆâ–ˆâ–ˆ| 274kB 14.3MB/s eta 0:00:01[K    100% |â–ˆâ–ˆâ–ˆâ–ˆâ–ˆâ–ˆâ–ˆâ–ˆâ–ˆâ–ˆâ–ˆâ–ˆâ–ˆâ–ˆâ–ˆâ–ˆâ–ˆâ–ˆâ–ˆâ–ˆâ–ˆâ–ˆâ–ˆâ–ˆâ–ˆâ–ˆâ–ˆâ–ˆâ–ˆâ–ˆâ–ˆâ–ˆ| 278kB 1.7MB/s 
[?25hRequirement already satisfied (use --upgrade to upgrade): pylint==1.2.1 in /home/travis/virtualenv/python2.7.9/lib/python2.7/site-packages (from -r server_requirements.txt (line 18))
Requirement already satisfied (use --upgrade to upgrade): python-dateutil==2.2 in /home/travis/virtualenv/python2.7.9/lib/python2.7/site-packages (from -r server_requirements.txt (line 19))
Requirement already satisfied (use --upgrade to upgrade): python-mimeparse==0.1.4 in /home/travis/virtualenv/python2.7.9/lib/python2.7/site-packages (from -r server_requirements.txt (line 20))
Requirement already satisfied (use --upgrade to upgrade): requests==2.3.0 in /home/travis/virtualenv/python2.7.9/lib/python2.7/site-packages (from -r server_requirements.txt (line 21))
Requirement already satisfied (use --upgrade to upgrade): six==1.6.1 in /home/travis/virtualenv/python2.7.9/lib/python2.7/site-packages (from -r server_requirements.txt (line 22))
Requirement already satisfied (use --upgrade to upgrade): sphinxcontrib-httpdomain==1.2.1 in /home/travis/virtualenv/python2.7.9/lib/python2.7/site-packages (from -r server_requirements.txt (line 23))
Requirement already satisfied (use --upgrade to upgrade): unittest2==0.5.1 in /home/travis/virtualenv/python2.7.9/lib/python2.7/site-packages (from -r server_requirements.txt (line 24))
Requirement already satisfied (use --upgrade to upgrade): wsgiref==0.1.2 in /opt/python/2.7.9/lib/python2.7 (from -r server_requirements.txt (line 25))
Requirement already satisfied (use --upgrade to upgrade): ddt==0.8.0 in /home/travis/virtualenv/python2.7.9/lib/python2.7/site-packages (from -r server_requirements.txt (line 26))
Requirement already satisfied (use --upgrade to upgrade): webargs==0.5.0 in /home/travis/virtualenv/python2.7.9/lib/python2.7/site-packages (from -r server_requirements.txt (line 27))
Requirement already satisfied (use --upgrade to upgrade): webob==1.1.1 in /home/travis/virtualenv/python2.7.9/lib/python2.7/site-packages (from -r server_requirements.txt (line 28))
Requirement already satisfied (use --upgrade to upgrade): pytz==2014.10 in /home/travis/virtualenv/python2.7.9/lib/python2.7/site-packages (from -r server_requirements.txt (line 29))
Requirement already satisfied (use --upgrade to upgrade): coverage==3.7.1 in /home/travis/virtualenv/python2.7.9/lib/python2.7/site-packages (from -r server_requirements.txt (line 30))
Requirement already satisfied (use --upgrade to upgrade): coveralls==0.5 in /home/travis/virtualenv/python2.7.9/lib/python2.7/site-packages (from -r server_requirements.txt (line 31))
Requirement already satisfied (use --upgrade to upgrade): docopt>=0.6.1 in /home/travis/virtualenv/python2.7.9/lib/python2.7/site-packages (from coveralls==0.5->-r server_requirements.txt (line 31))
Building wheels for collected packages: nose
  Running setup.py bdist_wheel for nose
  Stored in directory: /home/travis/.cache/pip/wheels/cd/20/a0/0d909cdb2cb8dd65e4b90483808cd1ca3bcc676550c3eb610f
Successfully built nose
Installing collected packages: linkenv-master, nose
  Running setup.py develop for linkenv-master
  Found existing installation: nose 1.3.4
    Uninstalling nose-1.3.4:
      Successfully uninstalled nose-1.3.4
Successfully installed linkenv-master nose-1.3.3
travis_time:end:0122bec5:start=1437518841408887509,finish=1437518842951111294,duration=1542223785[0Ktravis_fold:end:install[0Ktravis_fold:start:before_script.1[0Ktravis_time:start:1fb0722b[0K$ wget https://storage.googleapis.com/appengine-sdks/featured/google_appengine_$GAE_VERSION.zip -o gae_sdk.zip
travis_time:end:1fb0722b:start=1437518842955630829,finish=1437518843430493018,duration=474862189[0Ktravis_fold:end:before_script.1[0Ktravis_fold:start:before_script.2[0Ktravis_time:start:05a92ba8[0K$ unzip -q google_appengine_$GAE_VERSION.zip
travis_time:end:05a92ba8:start=1437518843434803245,finish=1437518845332169938,duration=1897366693[0Ktravis_fold:end:before_script.2[0Ktravis_fold:start:before_script.3[0Ktravis_time:start:05c12800[0K$ mv google_appengine gae_sdk
travis_time:end:05c12800:start=1437518845337603811,finish=1437518845345422319,duration=7818508[0Ktravis_fold:end:before_script.3[0Ktravis_fold:start:before_script.4[0Ktravis_time:start:0118a1dc[0K$ export GAE_SDK=$PWD/gae_sdk
travis_time:end:0118a1dc:start=1437518845349662993,finish=1437518845352974060,duration=3311067[0Ktravis_fold:end:before_script.4[0Ktravis_fold:start:before_script.5[0Ktravis_time:start:023afc73[0K$ export PATH=$PATH:$GAE_SDK
travis_time:end:023afc73:start=1437518845357134884,finish=1437518845360455463,duration=3320579[0Ktravis_fold:end:before_script.5[0Ktravis_fold:start:before_script.6[0Ktravis_time:start:0586b1db[0K$ export PYTHONPATH=$PYTHONPATH:$GAE_SDK
travis_time:end:0586b1db:start=1437518845365112178,finish=1437518845368929790,duration=3817612[0Ktravis_fold:end:before_script.6[0Ktravis_fold:start:before_script.7[0Ktravis_time:start:2846dd34[0K$ python server/app/generate_keys.py
travis_time:end:2846dd34:start=1437518845373383742,finish=1437518845400606720,duration=27222978[0Ktravis_fold:end:before_script.7[0Ktravis_time:start:0cb4d494[0K$ FLASK_CONF=TEST coverage run $CMD --sdk_location $GAE_SDK --quiet
============================================================
Doing integration testing
============================================================
.............................................................................................................................E
======================================================================
ERROR: test_zip_filename_purified (test_utils.UtilsTestCase)
Test that filename doesn't contain weird chars
----------------------------------------------------------------------
Traceback (most recent call last):
  File "/home/travis/build/Cal-CS-61A-Staff/ok/server/tests/integration/test_utils.py", line 51, in test_zip_filename_purified
    fn = utils.make_zip_filename(user)
TypeError: make_zip_filename() takes exactly 2 arguments (1 given)

----------------------------------------------------------------------
Ran 126 tests in 12.645s

FAILED (errors=1)
============================================================
Doing unittests testing
============================================================
............................................................................................................
----------------------------------------------------------------------
Ran 108 tests in 14.277s

OK
SOME TESTS FAILED
travis_time:end:0cb4d494:start=1437518845405053013,finish=1437518874573798826,duration=29168745813[0K
[31;1mThe command "FLASK_CONF=TEST coverage run $CMD --sdk_location $GAE_SDK --quiet" exited with 1.[0m
travis_fold:start:cache.2[0Kstore build cache
travis_time:start:0cdd4b66[0Kchange detected:
/home/travis/virtualenv/python2.7.9/lib/python2.7/site-packages/nose-1.3.4.dist-info/DESCRIPTION.rst
/home/travis/virtualenv/python2.7.9/lib/python2.7/site-packages/nose-1.3.4.dist-info/entry_points.txt
/home/travis/virtualenv/python2.7.9/lib/python2.7/site-packages/nose-1.3.4.dist-info/METADATA
/home/travis/virtualenv/python2.7.9/lib/python2.7/site-packages/nose-1.3.4.dist-info/metadata.json
/home/travis/virtualenv/python2.7.9/lib/python2.7/site-packages/nose-1.3.4.dist-info/RECORD
/home/travis/virtualenv/python2.7.9/lib/python2.7/site-packages/nose-1.3.4.dist-info/top_level.txt
/home/travis/virtualenv/python2.7.9/lib/python2.7/site-packages/nose-1.3.4.dist-info/WHEEL
/home/travis/virtualenv/python2.7.9/lib/python2.7/site-packages/nose/case.pyc
/home/travis/virtualenv/python2.7.9/lib/python2.7/site-packages/nose/case.pyc
/home/travis/virtualenv/python2.7.9/lib/python2.7/site-packages/nose/commands.pyc
/home/travis/virtualenv/python2.7.9/lib/python2.7/site-packages/nose/commands.pyc
/ho
...
changes detected, packing new archive
uploading archive
travis_time:end:0cdd4b66:start=1437518874578036121,finish=1437518880162324917,duration=5584288796[0Ktravis_fold:end:cache.2[0K
Done. Your build exited with 1.
