Using worker: worker-linux-docker-6f64f286.prod.travis-ci.org:travis-linux-7

travis_fold:start:system_info[0K[33;1mBuild system information[0m
Build language: python
[34m[1mBuild image provisioning date and time[0m
Thu Feb  5 15:09:33 UTC 2015
[34m[1mOperating System Details[0m
Distributor ID:	Ubuntu
Description:	Ubuntu 12.04.5 LTS
Release:	12.04
Codename:	precise
[34m[1mLinux Version[0m
3.13.0-29-generic
[34m[1mCookbooks Version[0m
a68419e https://github.com/travis-ci/travis-cookbooks/tree/a68419e
[34m[1mGCC version[0m
gcc (Ubuntu/Linaro 4.6.3-1ubuntu5) 4.6.3
Copyright (C) 2011 Free Software Foundation, Inc.
This is free software; see the source for copying conditions.  There is NO
warranty; not even for MERCHANTABILITY or FITNESS FOR A PARTICULAR PURPOSE.

[34m[1mLLVM version[0m
clang version 3.4 (tags/RELEASE_34/final)
Target: x86_64-unknown-linux-gnu
Thread model: posix
[34m[1mPre-installed Ruby versions[0m
ruby-1.9.3-p551
[34m[1mPre-installed Node.js versions[0m
v0.10.36
[34m[1mPre-installed Go versions[0m
1.4.1
[34m[1mRedis version[0m
redis-server 2.8.19
[34m[1mriak version[0m
2.0.2
[34m[1mMongoDB version[0m
MongoDB 2.4.12
[34m[1mCouchDB version[0m
couchdb 1.6.1
[34m[1mNeo4j version[0m
1.9.4
[34m[1mRabbitMQ Version[0m
3.4.3
[34m[1mElasticSearch version[0m
1.4.0
[34m[1mInstalled Sphinx versions[0m
2.0.10
2.1.9
2.2.6
[34m[1mDefault Sphinx version[0m
2.2.6
[34m[1mInstalled Firefox version[0m
firefox 31.0esr
[34m[1mPhantomJS version[0m
1.9.8
[34m[1mant -version[0m
Apache Ant(TM) version 1.8.2 compiled on December 3 2011
[34m[1mmvn -version[0m
Apache Maven 3.2.5 (12a6b3acb947671f09b81f49094c53f426d8cea1; 2014-12-14T17:29:23+00:00)
Maven home: /usr/local/maven
Java version: 1.7.0_76, vendor: Oracle Corporation
Java home: /usr/lib/jvm/java-7-oracle/jre
Default locale: en_US, platform encoding: ANSI_X3.4-1968
OS name: "linux", version: "3.13.0-29-generic", arch: "amd64", family: "unix"
travis_fold:end:system_info[0K
travis_fold:start:git.checkout[0Ktravis_time:start:015b2114[0K$ git clone --depth=50 git://github.com/Cal-CS-61A-Staff/ok.git Cal-CS-61A-Staff/ok
Cloning into 'Cal-CS-61A-Staff/ok'...
remote: Counting objects: 1984, done.[K
remote: Compressing objects:   0% (1/809)   [Kremote: Compressing objects:   1% (9/809)   [Kremote: Compressing objects:   2% (17/809)   [Kremote: Compressing objects:   3% (25/809)   [Kremote: Compressing objects:   4% (33/809)   [Kremote: Compressing objects:   5% (41/809)   [Kremote: Compressing objects:   6% (49/809)   [Kremote: Compressing objects:   7% (57/809)   [Kremote: Compressing objects:   8% (65/809)   [Kremote: Compressing objects:   9% (73/809)   [Kremote: Compressing objects:  10% (81/809)   [Kremote: Compressing objects:  11% (89/809)   [Kremote: Compressing objects:  12% (98/809)   [Kremote: Compressing objects:  13% (106/809)   [Kremote: Compressing objects:  14% (114/809)   [Kremote: Compressing objects:  15% (122/809)   [Kremote: Compressing objects:  16% (130/809)   [Kremote: Compressing objects:  17% (138/809)   [Kremote: Compressing objects:  18% (146/809)   [Kremote: Compressing objects:  19% (154/809)   [Kremote: Compressing objects:  20% (162/809)   [Kremote: Compressing objects:  21% (170/809)   [Kremote: Compressing objects:  22% (178/809)   [Kremote: Compressing objects:  23% (187/809)   [Kremote: Compressing objects:  24% (195/809)   [Kremote: Compressing objects:  25% (203/809)   [Kremote: Compressing objects:  26% (211/809)   [Kremote: Compressing objects:  27% (219/809)   [Kremote: Compressing objects:  28% (227/809)   [Kremote: Compressing objects:  29% (235/809)   [Kremote: Compressing objects:  30% (243/809)   [Kremote: Compressing objects:  31% (251/809)   [Kremote: Compressing objects:  32% (259/809)   [Kremote: Compressing objects:  33% (267/809)   [Kremote: Compressing objects:  34% (276/809)   [Kremote: Compressing objects:  35% (284/809)   [Kremote: Compressing objects:  36% (292/809)   [Kremote: Compressing objects:  37% (300/809)   [Kremote: Compressing objects:  38% (308/809)   [Kremote: Compressing objects:  39% (316/809)   [Kremote: Compressing objects:  40% (324/809)   [Kremote: Compressing objects:  41% (332/809)   [Kremote: Compressing objects:  42% (340/809)   [Kremote: Compressing objects:  43% (348/809)   [Kremote: Compressing objects:  44% (356/809)   [Kremote: Compressing objects:  45% (365/809)   [Kremote: Compressing objects:  46% (373/809)   [Kremote: Compressing objects:  47% (381/809)   [Kremote: Compressing objects:  48% (389/809)   [Kremote: Compressing objects:  49% (397/809)   [Kremote: Compressing objects:  50% (405/809)   [Kremote: Compressing objects:  51% (413/809)   [Kremote: Compressing objects:  52% (421/809)   [Kremote: Compressing objects:  53% (429/809)   [Kremote: Compressing objects:  54% (437/809)   [Kremote: Compressing objects:  55% (445/809)   [Kremote: Compressing objects:  56% (454/809)   [Kremote: Compressing objects:  57% (462/809)   [Kremote: Compressing objects:  58% (470/809)   [Kremote: Compressing objects:  59% (478/809)   [Kremote: Compressing objects:  60% (486/809)   [Kremote: Compressing objects:  61% (494/809)   [Kremote: Compressing objects:  62% (502/809)   [Kremote: Compressing objects:  63% (510/809)   [Kremote: Compressing objects:  64% (518/809)   [Kremote: Compressing objects:  65% (526/809)   [Kremote: Compressing objects:  66% (534/809)   [Kremote: Compressing objects:  67% (543/809)   [Kremote: Compressing objects:  68% (551/809)   [Kremote: Compressing objects:  69% (559/809)   [Kremote: Compressing objects:  70% (567/809)   [Kremote: Compressing objects:  71% (575/809)   [Kremote: Compressing objects:  72% (583/809)   [Kremote: Compressing objects:  73% (591/809)   [Kremote: Compressing objects:  74% (599/809)   [Kremote: Compressing objects:  75% (607/809)   [Kremote: Compressing objects:  76% (615/809)   [Kremote: Compressing objects:  77% (623/809)   [Kremote: Compressing objects:  78% (632/809)   [Kremote: Compressing objects:  79% (640/809)   [Kremote: Compressing objects:  80% (648/809)   [Kremote: Compressing objects:  81% (656/809)   [Kremote: Compressing objects:  82% (664/809)   [Kremote: Compressing objects:  83% (672/809)   [Kremote: Compressing objects:  84% (680/809)   [Kremote: Compressing objects:  85% (688/809)   [Kremote: Compressing objects:  86% (696/809)   [Kremote: Compressing objects:  87% (704/809)   [Kremote: Compressing objects:  88% (712/809)   [Kremote: Compressing objects:  89% (721/809)   [Kremote: Compressing objects:  90% (729/809)   [Kremote: Compressing objects:  91% (737/809)   [Kremote: Compressing objects:  92% (745/809)   [Kremote: Compressing objects:  93% (753/809)   [Kremote: Compressing objects:  94% (761/809)   [Kremote: Compressing objects:  95% (769/809)   [Kremote: Compressing objects:  96% (777/809)   [Kremote: Compressing objects:  97% (785/809)   [Kremote: Compressing objects:  98% (793/809)   [Kremote: Compressing objects:  99% (801/809)   [Kremote: Compressing objects: 100% (809/809)   [Kremote: Compressing objects: 100% (809/809), done.[K
Receiving objects:   0% (1/1984)   Receiving objects:   1% (20/1984)   Receiving objects:   2% (40/1984)   Receiving objects:   3% (60/1984)   Receiving objects:   4% (80/1984)   Receiving objects:   5% (100/1984)   Receiving objects:   6% (120/1984)   Receiving objects:   7% (139/1984)   Receiving objects:   8% (159/1984)   Receiving objects:   9% (179/1984)   Receiving objects:  10% (199/1984)   Receiving objects:  11% (219/1984)   Receiving objects:  12% (239/1984)   Receiving objects:  13% (258/1984)   Receiving objects:  14% (278/1984)   Receiving objects:  15% (298/1984)   Receiving objects:  16% (318/1984)   Receiving objects:  17% (338/1984)   Receiving objects:  18% (358/1984)   Receiving objects:  19% (377/1984)   Receiving objects:  20% (397/1984)   Receiving objects:  21% (417/1984)   Receiving objects:  22% (437/1984)   Receiving objects:  23% (457/1984)   Receiving objects:  24% (477/1984)   Receiving objects:  25% (496/1984)   Receiving objects:  26% (516/1984)   Receiving objects:  27% (536/1984)   Receiving objects:  28% (556/1984)   Receiving objects:  29% (576/1984)   Receiving objects:  30% (596/1984)   Receiving objects:  31% (616/1984)   Receiving objects:  32% (635/1984)   Receiving objects:  33% (655/1984)   Receiving objects:  34% (675/1984)   Receiving objects:  35% (695/1984)   Receiving objects:  36% (715/1984)   Receiving objects:  37% (735/1984)   Receiving objects:  38% (754/1984)   Receiving objects:  39% (774/1984)   Receiving objects:  40% (794/1984)   Receiving objects:  41% (814/1984)   Receiving objects:  42% (834/1984)   Receiving objects:  43% (854/1984)   Receiving objects:  44% (873/1984)   Receiving objects:  45% (893/1984)   Receiving objects:  46% (913/1984)   Receiving objects:  47% (933/1984)   Receiving objects:  48% (953/1984)   Receiving objects:  49% (973/1984)   Receiving objects:  50% (992/1984)   Receiving objects:  51% (1012/1984)   Receiving objects:  52% (1032/1984)   Receiving objects:  53% (1052/1984)   Receiving objects:  54% (1072/1984)   Receiving objects:  55% (1092/1984)   Receiving objects:  56% (1112/1984)   Receiving objects:  57% (1131/1984)   Receiving objects:  58% (1151/1984)   remote: Total 1984 (delta 1327), reused 1698 (delta 1139), pack-reused 0[K
Receiving objects:  59% (1171/1984)   Receiving objects:  60% (1191/1984)   Receiving objects:  61% (1211/1984)   Receiving objects:  62% (1231/1984)   Receiving objects:  63% (1250/1984)   Receiving objects:  64% (1270/1984)   Receiving objects:  65% (1290/1984)   Receiving objects:  66% (1310/1984)   Receiving objects:  67% (1330/1984)   Receiving objects:  68% (1350/1984)   Receiving objects:  69% (1369/1984)   Receiving objects:  70% (1389/1984)   Receiving objects:  71% (1409/1984)   Receiving objects:  72% (1429/1984)   Receiving objects:  73% (1449/1984)   Receiving objects:  74% (1469/1984)   Receiving objects:  75% (1488/1984)   Receiving objects:  76% (1508/1984)   Receiving objects:  77% (1528/1984)   Receiving objects:  78% (1548/1984)   Receiving objects:  79% (1568/1984)   Receiving objects:  80% (1588/1984)   Receiving objects:  81% (1608/1984)   Receiving objects:  82% (1627/1984)   Receiving objects:  83% (1647/1984)   Receiving objects:  84% (1667/1984)   Receiving objects:  85% (1687/1984)   Receiving objects:  86% (1707/1984)   Receiving objects:  87% (1727/1984)   Receiving objects:  88% (1746/1984)   Receiving objects:  89% (1766/1984)   Receiving objects:  90% (1786/1984)   Receiving objects:  91% (1806/1984)   Receiving objects:  92% (1826/1984)   Receiving objects:  93% (1846/1984)   Receiving objects:  94% (1865/1984)   Receiving objects:  95% (1885/1984)   Receiving objects:  96% (1905/1984)   Receiving objects:  97% (1925/1984)   Receiving objects:  98% (1945/1984)   Receiving objects:  99% (1965/1984)   Receiving objects: 100% (1984/1984)   Receiving objects: 100% (1984/1984), 1.51 MiB | 0 bytes/s, done.
Resolving deltas:   0% (0/1327)   Resolving deltas:  17% (234/1327)   Resolving deltas:  19% (255/1327)   Resolving deltas:  29% (394/1327)   Resolving deltas:  37% (500/1327)   Resolving deltas:  38% (507/1327)   Resolving deltas:  39% (519/1327)   Resolving deltas:  40% (532/1327)   Resolving deltas:  41% (550/1327)   Resolving deltas:  42% (563/1327)   Resolving deltas:  57% (765/1327)   Resolving deltas:  58% (772/1327)   Resolving deltas:  59% (783/1327)   Resolving deltas:  60% (798/1327)   Resolving deltas:  61% (810/1327)   Resolving deltas:  64% (856/1327)   Resolving deltas:  66% (884/1327)   Resolving deltas:  67% (895/1327)   Resolving deltas:  68% (915/1327)   Resolving deltas:  69% (918/1327)   Resolving deltas:  70% (939/1327)   Resolving deltas:  71% (953/1327)   Resolving deltas:  74% (984/1327)   Resolving deltas:  75% (1002/1327)   Resolving deltas:  76% (1012/1327)   Resolving deltas:  77% (1034/1327)   Resolving deltas:  78% (1037/1327)   Resolving deltas:  79% (1050/1327)   Resolving deltas:  80% (1062/1327)   Resolving deltas:  81% (1087/1327)   Resolving deltas:  82% (1090/1327)   Resolving deltas:  83% (1102/1327)   Resolving deltas:  84% (1120/1327)   Resolving deltas:  85% (1132/1327)   Resolving deltas:  86% (1142/1327)   Resolving deltas:  88% (1173/1327)   Resolving deltas:  89% (1189/1327)   Resolving deltas:  90% (1197/1327)   Resolving deltas:  91% (1208/1327)   Resolving deltas:  92% (1223/1327)   Resolving deltas:  93% (1240/1327)   Resolving deltas:  94% (1256/1327)   Resolving deltas:  95% (1273/1327)   Resolving deltas:  96% (1283/1327)   Resolving deltas:  98% (1310/1327)   Resolving deltas:  99% (1323/1327)   Resolving deltas: 100% (1327/1327)   Resolving deltas: 100% (1327/1327), done.
Checking connectivity... done.
travis_time:end:015b2114:start=1438675309811880511,finish=1438675310124589136,duration=312708625[0K$ cd Cal-CS-61A-Staff/ok
travis_time:start:10667850[0K$ git fetch origin +refs/pull/564/merge:
remote: Counting objects: 20, done.[K
remote: Compressing objects:  10% (1/10)   [Kremote: Compressing objects:  20% (2/10)   [Kremote: Compressing objects:  30% (3/10)   [Kremote: Compressing objects:  40% (4/10)   [Kremote: Compressing objects:  50% (5/10)   [Kremote: Compressing objects:  60% (6/10)   [Kremote: Compressing objects:  70% (7/10)   [Kremote: Compressing objects:  80% (8/10)   [Kremote: Compressing objects:  90% (9/10)   [Kremote: Compressing objects: 100% (10/10)   [Kremote: Compressing objects: 100% (10/10), done.[K
remote: Total 20 (delta 16), reused 13 (delta 10), pack-reused 0[K
Unpacking objects:   5% (1/20)   Unpacking objects:  10% (2/20)   Unpacking objects:  15% (3/20)   Unpacking objects:  20% (4/20)   Unpacking objects:  25% (5/20)   Unpacking objects:  30% (6/20)   Unpacking objects:  35% (7/20)   Unpacking objects:  40% (8/20)   Unpacking objects:  45% (9/20)   Unpacking objects:  50% (10/20)   Unpacking objects:  55% (11/20)   Unpacking objects:  60% (12/20)   Unpacking objects:  65% (13/20)   Unpacking objects:  70% (14/20)   Unpacking objects:  75% (15/20)   Unpacking objects:  80% (16/20)   Unpacking objects:  85% (17/20)   Unpacking objects:  90% (18/20)   Unpacking objects:  95% (19/20)   Unpacking objects: 100% (20/20)   Unpacking objects: 100% (20/20), done.
From git://github.com/Cal-CS-61A-Staff/ok
 * branch            refs/pull/564/merge -> FETCH_HEAD
travis_time:end:10667850:start=1438675310128454150,finish=1438675310230402406,duration=101948256[0K$ git checkout -qf FETCH_HEAD
travis_fold:end:git.checkout[0K
[33;1mThis job is running on container-based infrastructure, which does not allow use of 'sudo', setuid and setguid executables.[0m
[33;1mIf you require sudo, add 'sudo: required' to your .travis.yml[0m
[33;1mSee http://docs.travis-ci.com/user/workers/container-based-infrastructure/ for details.[0m

[33;1mSetting environment variables from .travis.yml[0m
$ export CMD=server/apptest.py
$ export GAE_VERSION=1.9.23

travis_fold:start:cache.1[0KSetting up build cache
$ export CASHER_DIR=$HOME/.casher
travis_time:start:01d94df6[0K$ Installing caching utilities
travis_time:end:01d94df6:start=1438675312962305532,finish=1438675313039013882,duration=76708350[0Ktravis_time:start:2181ffcc[0Kattempting to download cache archive
fetching PR.564/cache--python-2.7.tgz
found cache
travis_time:end:2181ffcc:start=1438675313043471879,finish=1438675313740984728,duration=697512849[0Ktravis_time:start:1315ad06[0Kadding /home/travis/virtualenv/python2.7.9 to cache
travis_time:end:1315ad06:start=1438675313746354361,finish=1438675315913342075,duration=2166987714[0Ktravis_fold:end:cache.1[0Ktravis_time:start:03ad114d[0K$ source ~/virtualenv/python2.7/bin/activate
travis_time:end:03ad114d:start=1438675315918745129,finish=1438675315923777353,duration=5032224[0K$ python --version
Python 2.7.9
$ pip --version
pip 7.1.0 from /home/travis/virtualenv/python2.7.9/lib/python2.7/site-packages (python 2.7)
travis_fold:start:install[0Ktravis_time:start:000e8c24[0K$ pip install -r server_requirements.txt
Requirement already satisfied (use --upgrade to upgrade): Flask==0.10.1 in /home/travis/virtualenv/python2.7.9/lib/python2.7/site-packages (from -r server_requirements.txt (line 1))
Requirement already satisfied (use --upgrade to upgrade): Flask-Cache==0.13.1 in /home/travis/virtualenv/python2.7.9/lib/python2.7/site-packages (from -r server_requirements.txt (line 2))
Requirement already satisfied (use --upgrade to upgrade): Jinja2==2.7.3 in /home/travis/virtualenv/python2.7.9/lib/python2.7/site-packages (from -r server_requirements.txt (line 3))
Requirement already satisfied (use --upgrade to upgrade): MarkupSafe==0.23 in /home/travis/virtualenv/python2.7.9/lib/python2.7/site-packages (from -r server_requirements.txt (line 4))
Requirement already satisfied (use --upgrade to upgrade): PyYAML==3.11 in /home/travis/virtualenv/python2.7.9/lib/python2.7/site-packages (from -r server_requirements.txt (line 5))
Requirement already satisfied (use --upgrade to upgrade): Pygments==1.6 in /home/travis/virtualenv/python2.7.9/lib/python2.7/site-packages (from -r server_requirements.txt (line 6))
Requirement already satisfied (use --upgrade to upgrade): Sphinx==1.2.2 in /home/travis/virtualenv/python2.7.9/lib/python2.7/site-packages (from -r server_requirements.txt (line 7))
Requirement already satisfied (use --upgrade to upgrade): Werkzeug==0.9.6 in /home/travis/virtualenv/python2.7.9/lib/python2.7/site-packages (from -r server_requirements.txt (line 8))
Requirement already satisfied (use --upgrade to upgrade): argparse==1.2.1 in /home/travis/virtualenv/python2.7.9/lib/python2.7/site-packages (from -r server_requirements.txt (line 9))
Requirement already satisfied (use --upgrade to upgrade): astroid==1.1.1 in /home/travis/virtualenv/python2.7.9/lib/python2.7/site-packages (from -r server_requirements.txt (line 10))
Requirement already satisfied (use --upgrade to upgrade): docutils==0.11 in /home/travis/virtualenv/python2.7.9/lib/python2.7/site-packages (from -r server_requirements.txt (line 11))
Requirement already satisfied (use --upgrade to upgrade): git-pylint-commit-hook==2.0.5 in /home/travis/virtualenv/python2.7.9/lib/python2.7/site-packages (from -r server_requirements.txt (line 12))
Requirement already satisfied (use --upgrade to upgrade): itsdangerous==0.24 in /home/travis/virtualenv/python2.7.9/lib/python2.7/site-packages (from -r server_requirements.txt (line 13))
Obtaining linkenv-master from git+git://github.com/ze-phyr-us/linkenv.git@ae463b3211cb8dcc8868e88176a1101733c83b6d#egg=linkenv-master (from -r server_requirements.txt (line 14))
  Updating /home/travis/virtualenv/python2.7.9/src/linkenv-master clone (to ae463b3211cb8dcc8868e88176a1101733c83b6d)
[33m  Could not find a tag or branch 'ae463b3211cb8dcc8868e88176a1101733c83b6d', assuming commit.[0m
Requirement already satisfied (use --upgrade to upgrade): logilab-common==0.61.0 in /home/travis/virtualenv/python2.7.9/lib/python2.7/site-packages (from -r server_requirements.txt (line 15))
Requirement already satisfied (use --upgrade to upgrade): mimerender==0.5.4 in /home/travis/virtualenv/python2.7.9/lib/python2.7/site-packages (from -r server_requirements.txt (line 16))
Collecting nose==1.3.3 (from -r server_requirements.txt (line 17))
  Downloading nose-1.3.3.tar.gz (274kB)
[?25l[K    1% |â–Œ                               | 4.1kB 21.0MB/s eta 0:00:01[K    2% |â–ˆ                               | 8.2kB 16.2MB/s eta 0:00:01[K    4% |â–ˆâ–                              | 12kB 16.5MB/s eta 0:00:01[K    5% |â–ˆâ–ˆ                              | 16kB 15.7MB/s eta 0:00:01[K    7% |â–ˆâ–ˆâ–                             | 20kB 16.0MB/s eta 0:00:01[K    8% |â–ˆâ–ˆâ–‰                             | 24kB 16.5MB/s eta 0:00:01[K    10% |â–ˆâ–ˆâ–ˆâ–                            | 28kB 16.7MB/s eta 0:00:01[K    11% |â–ˆâ–ˆâ–ˆâ–‰                            | 32kB 2.5MB/s eta 0:00:01[K    13% |â–ˆâ–ˆâ–ˆâ–ˆâ–Ž                           | 36kB 2.7MB/s eta 0:00:01[K    14% |â–ˆâ–ˆâ–ˆâ–ˆâ–Š                           | 40kB 3.0MB/s eta 0:00:01[K    16% |â–ˆâ–ˆâ–ˆâ–ˆâ–ˆâ–Ž                          | 45kB 3.0MB/s eta 0:00:01[K    17% |â–ˆâ–ˆâ–ˆâ–ˆâ–ˆâ–Š                          | 49kB 3.0MB/s eta 0:00:01[K    19% |â–ˆâ–ˆâ–ˆâ–ˆâ–ˆâ–ˆâ–                         | 53kB 3.0MB/s eta 0:00:01[K    20% |â–ˆâ–ˆâ–ˆâ–ˆâ–ˆâ–ˆâ–Š                         | 57kB 3.0MB/s eta 0:00:01[K    22% |â–ˆâ–ˆâ–ˆâ–ˆâ–ˆâ–ˆâ–ˆâ–                        | 61kB 3.0MB/s eta 0:00:01[K    23% |â–ˆâ–ˆâ–ˆâ–ˆâ–ˆâ–ˆâ–ˆâ–‹                        | 65kB 3.0MB/s eta 0:00:01[K    25% |â–ˆâ–ˆâ–ˆâ–ˆâ–ˆâ–ˆâ–ˆâ–ˆ                        | 69kB 3.0MB/s eta 0:00:01[K    26% |â–ˆâ–ˆâ–ˆâ–ˆâ–ˆâ–ˆâ–ˆâ–ˆâ–‹                       | 73kB 15.9MB/s eta 0:00:01[K    28% |â–ˆâ–ˆâ–ˆâ–ˆâ–ˆâ–ˆâ–ˆâ–ˆâ–ˆ                       | 77kB 16.3MB/s eta 0:00:01[K    29% |â–ˆâ–ˆâ–ˆâ–ˆâ–ˆâ–ˆâ–ˆâ–ˆâ–ˆâ–Œ                      | 81kB 2.9MB/s eta 0:00:01[K    31% |â–ˆâ–ˆâ–ˆâ–ˆâ–ˆâ–ˆâ–ˆâ–ˆâ–ˆâ–ˆ                      | 86kB 2.9MB/s eta 0:00:01[K    32% |â–ˆâ–ˆâ–ˆâ–ˆâ–ˆâ–ˆâ–ˆâ–ˆâ–ˆâ–ˆâ–Œ                     | 90kB 2.9MB/s eta 0:00:01[K    34% |â–ˆâ–ˆâ–ˆâ–ˆâ–ˆâ–ˆâ–ˆâ–ˆâ–ˆâ–ˆâ–ˆ                     | 94kB 2.9MB/s eta 0:00:01[K    35% |â–ˆâ–ˆâ–ˆâ–ˆâ–ˆâ–ˆâ–ˆâ–ˆâ–ˆâ–ˆâ–ˆâ–                    | 98kB 2.9MB/s eta 0:00:01[K    37% |â–ˆâ–ˆâ–ˆâ–ˆâ–ˆâ–ˆâ–ˆâ–ˆâ–ˆâ–ˆâ–ˆâ–ˆ                    | 102kB 2.9MB/s eta 0:00:01[K    38% |â–ˆâ–ˆâ–ˆâ–ˆâ–ˆâ–ˆâ–ˆâ–ˆâ–ˆâ–ˆâ–ˆâ–ˆâ–                   | 106kB 2.9MB/s eta 0:00:01[K    40% |â–ˆâ–ˆâ–ˆâ–ˆâ–ˆâ–ˆâ–ˆâ–ˆâ–ˆâ–ˆâ–ˆâ–ˆâ–‰                   | 110kB 2.9MB/s eta 0:00:01[K    41% |â–ˆâ–ˆâ–ˆâ–ˆâ–ˆâ–ˆâ–ˆâ–ˆâ–ˆâ–ˆâ–ˆâ–ˆâ–ˆâ–                  | 114kB 2.9MB/s eta 0:00:01[K    43% |â–ˆâ–ˆâ–ˆâ–ˆâ–ˆâ–ˆâ–ˆâ–ˆâ–ˆâ–ˆâ–ˆâ–ˆâ–ˆâ–‰                  | 118kB 2.9MB/s eta 0:00:01[K    44% |â–ˆâ–ˆâ–ˆâ–ˆâ–ˆâ–ˆâ–ˆâ–ˆâ–ˆâ–ˆâ–ˆâ–ˆâ–ˆâ–ˆâ–Ž                 | 122kB 16.1MB/s eta 0:00:01[K    46% |â–ˆâ–ˆâ–ˆâ–ˆâ–ˆâ–ˆâ–ˆâ–ˆâ–ˆâ–ˆâ–ˆâ–ˆâ–ˆâ–ˆâ–Š                 | 126kB 16.6MB/s eta 0:00:01[K    47% |â–ˆâ–ˆâ–ˆâ–ˆâ–ˆâ–ˆâ–ˆâ–ˆâ–ˆâ–ˆâ–ˆâ–ˆâ–ˆâ–ˆâ–ˆâ–Ž                | 131kB 15.9MB/s eta 0:00:01[K    49% |â–ˆâ–ˆâ–ˆâ–ˆâ–ˆâ–ˆâ–ˆâ–ˆâ–ˆâ–ˆâ–ˆâ–ˆâ–ˆâ–ˆâ–ˆâ–Š                | 135kB 16.2MB/s eta 0:00:01[K    50% |â–ˆâ–ˆâ–ˆâ–ˆâ–ˆâ–ˆâ–ˆâ–ˆâ–ˆâ–ˆâ–ˆâ–ˆâ–ˆâ–ˆâ–ˆâ–ˆâ–               | 139kB 17.2MB/s eta 0:00:01[K    52% |â–ˆâ–ˆâ–ˆâ–ˆâ–ˆâ–ˆâ–ˆâ–ˆâ–ˆâ–ˆâ–ˆâ–ˆâ–ˆâ–ˆâ–ˆâ–ˆâ–Š               | 143kB 17.2MB/s eta 0:00:01[K    53% |â–ˆâ–ˆâ–ˆâ–ˆâ–ˆâ–ˆâ–ˆâ–ˆâ–ˆâ–ˆâ–ˆâ–ˆâ–ˆâ–ˆâ–ˆâ–ˆâ–ˆâ–              | 147kB 16.7MB/s eta 0:00:01[K    55% |â–ˆâ–ˆâ–ˆâ–ˆâ–ˆâ–ˆâ–ˆâ–ˆâ–ˆâ–ˆâ–ˆâ–ˆâ–ˆâ–ˆâ–ˆâ–ˆâ–ˆâ–‹              | 151kB 16.8MB/s eta 0:00:01[K    56% |â–ˆâ–ˆâ–ˆâ–ˆâ–ˆâ–ˆâ–ˆâ–ˆâ–ˆâ–ˆâ–ˆâ–ˆâ–ˆâ–ˆâ–ˆâ–ˆâ–ˆâ–ˆâ–             | 155kB 17.7MB/s eta 0:00:01[K    58% |â–ˆâ–ˆâ–ˆâ–ˆâ–ˆâ–ˆâ–ˆâ–ˆâ–ˆâ–ˆâ–ˆâ–ˆâ–ˆâ–ˆâ–ˆâ–ˆâ–ˆâ–ˆâ–‹             | 159kB 17.5MB/s eta 0:00:01[K    59% |â–ˆâ–ˆâ–ˆâ–ˆâ–ˆâ–ˆâ–ˆâ–ˆâ–ˆâ–ˆâ–ˆâ–ˆâ–ˆâ–ˆâ–ˆâ–ˆâ–ˆâ–ˆâ–ˆ             | 163kB 3.4MB/s eta 0:00:01[K    61% |â–ˆâ–ˆâ–ˆâ–ˆâ–ˆâ–ˆâ–ˆâ–ˆâ–ˆâ–ˆâ–ˆâ–ˆâ–ˆâ–ˆâ–ˆâ–ˆâ–ˆâ–ˆâ–ˆâ–Œ            | 167kB 3.4MB/s eta 0:00:01[K    62% |â–ˆâ–ˆâ–ˆâ–ˆâ–ˆâ–ˆâ–ˆâ–ˆâ–ˆâ–ˆâ–ˆâ–ˆâ–ˆâ–ˆâ–ˆâ–ˆâ–ˆâ–ˆâ–ˆâ–ˆ            | 172kB 3.4MB/s eta 0:00:01[K    64% |â–ˆâ–ˆâ–ˆâ–ˆâ–ˆâ–ˆâ–ˆâ–ˆâ–ˆâ–ˆâ–ˆâ–ˆâ–ˆâ–ˆâ–ˆâ–ˆâ–ˆâ–ˆâ–ˆâ–ˆâ–Œ           | 176kB 3.4MB/s eta 0:00:01[K    65% |â–ˆâ–ˆâ–ˆâ–ˆâ–ˆâ–ˆâ–ˆâ–ˆâ–ˆâ–ˆâ–ˆâ–ˆâ–ˆâ–ˆâ–ˆâ–ˆâ–ˆâ–ˆâ–ˆâ–ˆâ–ˆ           | 180kB 3.3MB/s eta 0:00:01[K    67% |â–ˆâ–ˆâ–ˆâ–ˆâ–ˆâ–ˆâ–ˆâ–ˆâ–ˆâ–ˆâ–ˆâ–ˆâ–ˆâ–ˆâ–ˆâ–ˆâ–ˆâ–ˆâ–ˆâ–ˆâ–ˆâ–Œ          | 184kB 3.3MB/s eta 0:00:01[K    68% |â–ˆâ–ˆâ–ˆâ–ˆâ–ˆâ–ˆâ–ˆâ–ˆâ–ˆâ–ˆâ–ˆâ–ˆâ–ˆâ–ˆâ–ˆâ–ˆâ–ˆâ–ˆâ–ˆâ–ˆâ–ˆâ–ˆ          | 188kB 3.3MB/s eta 0:00:01[K    70% |â–ˆâ–ˆâ–ˆâ–ˆâ–ˆâ–ˆâ–ˆâ–ˆâ–ˆâ–ˆâ–ˆâ–ˆâ–ˆâ–ˆâ–ˆâ–ˆâ–ˆâ–ˆâ–ˆâ–ˆâ–ˆâ–ˆâ–         | 192kB 3.4MB/s eta 0:00:01[K    71% |â–ˆâ–ˆâ–ˆâ–ˆâ–ˆâ–ˆâ–ˆâ–ˆâ–ˆâ–ˆâ–ˆâ–ˆâ–ˆâ–ˆâ–ˆâ–ˆâ–ˆâ–ˆâ–ˆâ–ˆâ–ˆâ–ˆâ–‰         | 196kB 3.3MB/s eta 0:00:01[K    72% |â–ˆâ–ˆâ–ˆâ–ˆâ–ˆâ–ˆâ–ˆâ–ˆâ–ˆâ–ˆâ–ˆâ–ˆâ–ˆâ–ˆâ–ˆâ–ˆâ–ˆâ–ˆâ–ˆâ–ˆâ–ˆâ–ˆâ–ˆâ–        | 200kB 3.3MB/s eta 0:00:01[K    74% |â–ˆâ–ˆâ–ˆâ–ˆâ–ˆâ–ˆâ–ˆâ–ˆâ–ˆâ–ˆâ–ˆâ–ˆâ–ˆâ–ˆâ–ˆâ–ˆâ–ˆâ–ˆâ–ˆâ–ˆâ–ˆâ–ˆâ–ˆâ–‰        | 204kB 16.3MB/s eta 0:00:01[K    75% |â–ˆâ–ˆâ–ˆâ–ˆâ–ˆâ–ˆâ–ˆâ–ˆâ–ˆâ–ˆâ–ˆâ–ˆâ–ˆâ–ˆâ–ˆâ–ˆâ–ˆâ–ˆâ–ˆâ–ˆâ–ˆâ–ˆâ–ˆâ–ˆâ–Ž       | 208kB 16.9MB/s eta 0:00:01[K    77% |â–ˆâ–ˆâ–ˆâ–ˆâ–ˆâ–ˆâ–ˆâ–ˆâ–ˆâ–ˆâ–ˆâ–ˆâ–ˆâ–ˆâ–ˆâ–ˆâ–ˆâ–ˆâ–ˆâ–ˆâ–ˆâ–ˆâ–ˆâ–ˆâ–‰       | 212kB 16.5MB/s eta 0:00:01[K    78% |â–ˆâ–ˆâ–ˆâ–ˆâ–ˆâ–ˆâ–ˆâ–ˆâ–ˆâ–ˆâ–ˆâ–ˆâ–ˆâ–ˆâ–ˆâ–ˆâ–ˆâ–ˆâ–ˆâ–ˆâ–ˆâ–ˆâ–ˆâ–ˆâ–ˆâ–Ž      | 217kB 16.5MB/s eta 0:00:01[K    80% |â–ˆâ–ˆâ–ˆâ–ˆâ–ˆâ–ˆâ–ˆâ–ˆâ–ˆâ–ˆâ–ˆâ–ˆâ–ˆâ–ˆâ–ˆâ–ˆâ–ˆâ–ˆâ–ˆâ–ˆâ–ˆâ–ˆâ–ˆâ–ˆâ–ˆâ–Š      | 221kB 18.2MB/s eta 0:00:01[K    81% |â–ˆâ–ˆâ–ˆâ–ˆâ–ˆâ–ˆâ–ˆâ–ˆâ–ˆâ–ˆâ–ˆâ–ˆâ–ˆâ–ˆâ–ˆâ–ˆâ–ˆâ–ˆâ–ˆâ–ˆâ–ˆâ–ˆâ–ˆâ–ˆâ–ˆâ–ˆâ–     | 225kB 18.4MB/s eta 0:00:01[K    83% |â–ˆâ–ˆâ–ˆâ–ˆâ–ˆâ–ˆâ–ˆâ–ˆâ–ˆâ–ˆâ–ˆâ–ˆâ–ˆâ–ˆâ–ˆâ–ˆâ–ˆâ–ˆâ–ˆâ–ˆâ–ˆâ–ˆâ–ˆâ–ˆâ–ˆâ–ˆâ–Š     | 229kB 17.8MB/s eta 0:00:01[K    84% |â–ˆâ–ˆâ–ˆâ–ˆâ–ˆâ–ˆâ–ˆâ–ˆâ–ˆâ–ˆâ–ˆâ–ˆâ–ˆâ–ˆâ–ˆâ–ˆâ–ˆâ–ˆâ–ˆâ–ˆâ–ˆâ–ˆâ–ˆâ–ˆâ–ˆâ–ˆâ–ˆâ–    | 233kB 17.7MB/s eta 0:00:01[K    86% |â–ˆâ–ˆâ–ˆâ–ˆâ–ˆâ–ˆâ–ˆâ–ˆâ–ˆâ–ˆâ–ˆâ–ˆâ–ˆâ–ˆâ–ˆâ–ˆâ–ˆâ–ˆâ–ˆâ–ˆâ–ˆâ–ˆâ–ˆâ–ˆâ–ˆâ–ˆâ–ˆâ–‹    | 237kB 18.9MB/s eta 0:00:01[K    87% |â–ˆâ–ˆâ–ˆâ–ˆâ–ˆâ–ˆâ–ˆâ–ˆâ–ˆâ–ˆâ–ˆâ–ˆâ–ˆâ–ˆâ–ˆâ–ˆâ–ˆâ–ˆâ–ˆâ–ˆâ–ˆâ–ˆâ–ˆâ–ˆâ–ˆâ–ˆâ–ˆâ–ˆâ–   | 241kB 19.0MB/s eta 0:00:01[K    89% |â–ˆâ–ˆâ–ˆâ–ˆâ–ˆâ–ˆâ–ˆâ–ˆâ–ˆâ–ˆâ–ˆâ–ˆâ–ˆâ–ˆâ–ˆâ–ˆâ–ˆâ–ˆâ–ˆâ–ˆâ–ˆâ–ˆâ–ˆâ–ˆâ–ˆâ–ˆâ–ˆâ–ˆâ–‹   | 245kB 18.1MB/s eta 0:00:01[K    90% |â–ˆâ–ˆâ–ˆâ–ˆâ–ˆâ–ˆâ–ˆâ–ˆâ–ˆâ–ˆâ–ˆâ–ˆâ–ˆâ–ˆâ–ˆâ–ˆâ–ˆâ–ˆâ–ˆâ–ˆâ–ˆâ–ˆâ–ˆâ–ˆâ–ˆâ–ˆâ–ˆâ–ˆâ–ˆ   | 249kB 18.0MB/s eta 0:00:01[K    92% |â–ˆâ–ˆâ–ˆâ–ˆâ–ˆâ–ˆâ–ˆâ–ˆâ–ˆâ–ˆâ–ˆâ–ˆâ–ˆâ–ˆâ–ˆâ–ˆâ–ˆâ–ˆâ–ˆâ–ˆâ–ˆâ–ˆâ–ˆâ–ˆâ–ˆâ–ˆâ–ˆâ–ˆâ–ˆâ–Œ  | 253kB 18.7MB/s eta 0:00:01[K    93% |â–ˆâ–ˆâ–ˆâ–ˆâ–ˆâ–ˆâ–ˆâ–ˆâ–ˆâ–ˆâ–ˆâ–ˆâ–ˆâ–ˆâ–ˆâ–ˆâ–ˆâ–ˆâ–ˆâ–ˆâ–ˆâ–ˆâ–ˆâ–ˆâ–ˆâ–ˆâ–ˆâ–ˆâ–ˆâ–ˆ  | 258kB 18.7MB/s eta 0:00:01[K    95% |â–ˆâ–ˆâ–ˆâ–ˆâ–ˆâ–ˆâ–ˆâ–ˆâ–ˆâ–ˆâ–ˆâ–ˆâ–ˆâ–ˆâ–ˆâ–ˆâ–ˆâ–ˆâ–ˆâ–ˆâ–ˆâ–ˆâ–ˆâ–ˆâ–ˆâ–ˆâ–ˆâ–ˆâ–ˆâ–ˆâ–Œ | 262kB 18.1MB/s eta 0:00:01[K    96% |â–ˆâ–ˆâ–ˆâ–ˆâ–ˆâ–ˆâ–ˆâ–ˆâ–ˆâ–ˆâ–ˆâ–ˆâ–ˆâ–ˆâ–ˆâ–ˆâ–ˆâ–ˆâ–ˆâ–ˆâ–ˆâ–ˆâ–ˆâ–ˆâ–ˆâ–ˆâ–ˆâ–ˆâ–ˆâ–ˆâ–ˆ | 266kB 17.8MB/s eta 0:00:01[K    98% |â–ˆâ–ˆâ–ˆâ–ˆâ–ˆâ–ˆâ–ˆâ–ˆâ–ˆâ–ˆâ–ˆâ–ˆâ–ˆâ–ˆâ–ˆâ–ˆâ–ˆâ–ˆâ–ˆâ–ˆâ–ˆâ–ˆâ–ˆâ–ˆâ–ˆâ–ˆâ–ˆâ–ˆâ–ˆâ–ˆâ–ˆâ–Œ| 270kB 18.3MB/s eta 0:00:01[K    99% |â–ˆâ–ˆâ–ˆâ–ˆâ–ˆâ–ˆâ–ˆâ–ˆâ–ˆâ–ˆâ–ˆâ–ˆâ–ˆâ–ˆâ–ˆâ–ˆâ–ˆâ–ˆâ–ˆâ–ˆâ–ˆâ–ˆâ–ˆâ–ˆâ–ˆâ–ˆâ–ˆâ–ˆâ–ˆâ–ˆâ–ˆâ–ˆ| 274kB 18.3MB/s eta 0:00:01[K    100% |â–ˆâ–ˆâ–ˆâ–ˆâ–ˆâ–ˆâ–ˆâ–ˆâ–ˆâ–ˆâ–ˆâ–ˆâ–ˆâ–ˆâ–ˆâ–ˆâ–ˆâ–ˆâ–ˆâ–ˆâ–ˆâ–ˆâ–ˆâ–ˆâ–ˆâ–ˆâ–ˆâ–ˆâ–ˆâ–ˆâ–ˆâ–ˆ| 278kB 1.2MB/s 
[?25hRequirement already satisfied (use --upgrade to upgrade): pylint==1.2.1 in /home/travis/virtualenv/python2.7.9/lib/python2.7/site-packages (from -r server_requirements.txt (line 18))
Requirement already satisfied (use --upgrade to upgrade): python-dateutil==2.2 in /home/travis/virtualenv/python2.7.9/lib/python2.7/site-packages (from -r server_requirements.txt (line 19))
Requirement already satisfied (use --upgrade to upgrade): python-mimeparse==0.1.4 in /home/travis/virtualenv/python2.7.9/lib/python2.7/site-packages (from -r server_requirements.txt (line 20))
Requirement already satisfied (use --upgrade to upgrade): requests==2.3.0 in /home/travis/virtualenv/python2.7.9/lib/python2.7/site-packages (from -r server_requirements.txt (line 21))
Requirement already satisfied (use --upgrade to upgrade): six==1.6.1 in /home/travis/virtualenv/python2.7.9/lib/python2.7/site-packages (from -r server_requirements.txt (line 22))
Requirement already satisfied (use --upgrade to upgrade): sphinxcontrib-httpdomain==1.2.1 in /home/travis/virtualenv/python2.7.9/lib/python2.7/site-packages (from -r server_requirements.txt (line 23))
Requirement already satisfied (use --upgrade to upgrade): unittest2==0.5.1 in /home/travis/virtualenv/python2.7.9/lib/python2.7/site-packages (from -r server_requirements.txt (line 24))
Requirement already satisfied (use --upgrade to upgrade): wsgiref==0.1.2 in /opt/python/2.7.9/lib/python2.7 (from -r server_requirements.txt (line 25))
Requirement already satisfied (use --upgrade to upgrade): ddt==0.8.0 in /home/travis/virtualenv/python2.7.9/lib/python2.7/site-packages (from -r server_requirements.txt (line 26))
Requirement already satisfied (use --upgrade to upgrade): webargs==0.5.0 in /home/travis/virtualenv/python2.7.9/lib/python2.7/site-packages (from -r server_requirements.txt (line 27))
Requirement already satisfied (use --upgrade to upgrade): webob==1.1.1 in /home/travis/virtualenv/python2.7.9/lib/python2.7/site-packages (from -r server_requirements.txt (line 28))
Requirement already satisfied (use --upgrade to upgrade): pytz==2014.10 in /home/travis/virtualenv/python2.7.9/lib/python2.7/site-packages (from -r server_requirements.txt (line 29))
Requirement already satisfied (use --upgrade to upgrade): coverage==3.7.1 in /home/travis/virtualenv/python2.7.9/lib/python2.7/site-packages (from -r server_requirements.txt (line 30))
Requirement already satisfied (use --upgrade to upgrade): coveralls==0.5 in /home/travis/virtualenv/python2.7.9/lib/python2.7/site-packages (from -r server_requirements.txt (line 31))
Requirement already satisfied (use --upgrade to upgrade): docopt>=0.6.1 in /home/travis/virtualenv/python2.7.9/lib/python2.7/site-packages (from coveralls==0.5->-r server_requirements.txt (line 31))
Building wheels for collected packages: nose
  Running setup.py bdist_wheel for nose
  Stored in directory: /home/travis/.cache/pip/wheels/cd/20/a0/0d909cdb2cb8dd65e4b90483808cd1ca3bcc676550c3eb610f
Successfully built nose
Installing collected packages: linkenv-master, nose
  Running setup.py develop for linkenv-master
  Found existing installation: nose 1.3.4
    Uninstalling nose-1.3.4:
      Successfully uninstalled nose-1.3.4
Successfully installed linkenv-master nose-1.3.3
travis_time:end:000e8c24:start=1438675316326990366,finish=1438675318914936564,duration=2587946198[0Ktravis_fold:end:install[0Ktravis_fold:start:before_script.1[0Ktravis_time:start:0220ff4d[0K$ wget https://storage.googleapis.com/appengine-sdks/featured/google_appengine_$GAE_VERSION.zip -o gae_sdk.zip
travis_time:end:0220ff4d:start=1438675318920654265,finish=1438675319409185836,duration=488531571[0Ktravis_fold:end:before_script.1[0Ktravis_fold:start:before_script.2[0Ktravis_time:start:0021b720[0K$ unzip -q google_appengine_$GAE_VERSION.zip
travis_time:end:0021b720:start=1438675319414859449,finish=1438675322607952089,duration=3193092640[0Ktravis_fold:end:before_script.2[0Ktravis_fold:start:before_script.3[0Ktravis_time:start:0b6646bd[0K$ mv google_appengine gae_sdk
travis_time:end:0b6646bd:start=1438675322613886397,finish=1438675322620940534,duration=7054137[0Ktravis_fold:end:before_script.3[0Ktravis_fold:start:before_script.4[0Ktravis_time:start:011a181c[0K$ export GAE_SDK=$PWD/gae_sdk
travis_time:end:011a181c:start=1438675322626768210,finish=1438675322631113925,duration=4345715[0Ktravis_fold:end:before_script.4[0Ktravis_fold:start:before_script.5[0Ktravis_time:start:01ad82f8[0K$ export PATH=$PATH:$GAE_SDK
travis_time:end:01ad82f8:start=1438675322636735270,finish=1438675322641120578,duration=4385308[0Ktravis_fold:end:before_script.5[0Ktravis_fold:start:before_script.6[0Ktravis_time:start:081c4ff2[0K$ export PYTHONPATH=$PYTHONPATH:$GAE_SDK
travis_time:end:081c4ff2:start=1438675322646666701,finish=1438675322650907698,duration=4240997[0Ktravis_fold:end:before_script.6[0Ktravis_fold:start:before_script.7[0Ktravis_time:start:02c3d91c[0K$ python server/app/generate_keys.py
travis_time:end:02c3d91c:start=1438675322656353869,finish=1438675322699797401,duration=43443532[0Ktravis_fold:end:before_script.7[0Ktravis_time:start:3b422281[0K$ FLASK_CONF=TEST coverage run $CMD --sdk_location $GAE_SDK --quiet
============================================================
Doing integration testing
============================================================
........................................................................................................E
======================================================================
ERROR: test_api_group (unittest2.loader.ModuleImportFailure)
----------------------------------------------------------------------
ImportError: Failed to import test module: test_api_group
Traceback (most recent call last):
  File "/home/travis/virtualenv/python2.7.9/lib/python2.7/site-packages/unittest2/loader.py", line 260, in _find_tests
    module = self._get_module_from_name(name)
  File "/home/travis/virtualenv/python2.7.9/lib/python2.7/site-packages/unittest2/loader.py", line 238, in _get_module_from_name
    __import__(name)
  File "/home/travis/build/Cal-CS-61A-Staff/ok/server/tests/integration/test_api_group.py", line 54
    def test_index_arguments(self):
                                  ^
IndentationError: unindent does not match any outer indentation level


----------------------------------------------------------------------
Ran 105 tests in 18.491s

FAILED (errors=1)
============================================================
Doing unittests testing
============================================================
..............................................................................................................
----------------------------------------------------------------------
Ran 110 tests in 25.006s

OK
SOME TESTS FAILED
travis_time:end:3b422281:start=1438675322705378351,finish=1438675369211691589,duration=46506313238[0K
[31;1mThe command "FLASK_CONF=TEST coverage run $CMD --sdk_location $GAE_SDK --quiet" exited with 1.[0m
travis_fold:start:cache.2[0Kstore build cache
travis_time:start:0ba43e2a[0Kchange detected:
/home/travis/virtualenv/python2.7.9/lib/python2.7/site-packages/nose-1.3.4.dist-info/DESCRIPTION.rst
/home/travis/virtualenv/python2.7.9/lib/python2.7/site-packages/nose-1.3.4.dist-info/entry_points.txt
/home/travis/virtualenv/python2.7.9/lib/python2.7/site-packages/nose-1.3.4.dist-info/METADATA
/home/travis/virtualenv/python2.7.9/lib/python2.7/site-packages/nose-1.3.4.dist-info/metadata.json
/home/travis/virtualenv/python2.7.9/lib/python2.7/site-packages/nose-1.3.4.dist-info/RECORD
/home/travis/virtualenv/python2.7.9/lib/python2.7/site-packages/nose-1.3.4.dist-info/top_level.txt
/home/travis/virtualenv/python2.7.9/lib/python2.7/site-packages/nose-1.3.4.dist-info/WHEEL
/home/travis/virtualenv/python2.7.9/lib/python2.7/site-packages/nose/case.pyc
/home/travis/virtualenv/python2.7.9/lib/python2.7/site-packages/nose/case.pyc
/home/travis/virtualenv/python2.7.9/lib/python2.7/site-packages/nose/commands.pyc
/home/travis/virtualenv/python2.7.9/lib/python2.7/site-packages/nose/commands.pyc
/ho
...
changes detected, packing new archive
uploading archive
travis_time:end:0ba43e2a:start=1438675369218188915,finish=1438675375031619606,duration=5813430691[0Ktravis_fold:end:cache.2[0K
Done. Your build exited with 1.
