Using worker: worker-linux-docker-d18f0e38.prod.travis-ci.org:travis-linux-8

travis_fold:start:system_info[0K[33;1mBuild system information[0m
Build language: python
[34m[1mBuild image provisioning date and time[0m
Thu Feb  5 15:09:33 UTC 2015
[34m[1mOperating System Details[0m
Distributor ID:	Ubuntu
Description:	Ubuntu 12.04.5 LTS
Release:	12.04
Codename:	precise
[34m[1mLinux Version[0m
3.13.0-29-generic
[34m[1mCookbooks Version[0m
a68419e https://github.com/travis-ci/travis-cookbooks/tree/a68419e
[34m[1mGCC version[0m
gcc (Ubuntu/Linaro 4.6.3-1ubuntu5) 4.6.3
Copyright (C) 2011 Free Software Foundation, Inc.
This is free software; see the source for copying conditions.  There is NO
warranty; not even for MERCHANTABILITY or FITNESS FOR A PARTICULAR PURPOSE.

[34m[1mLLVM version[0m
clang version 3.4 (tags/RELEASE_34/final)
Target: x86_64-unknown-linux-gnu
Thread model: posix
[34m[1mPre-installed Ruby versions[0m
ruby-1.9.3-p551
[34m[1mPre-installed Node.js versions[0m
v0.10.36
[34m[1mPre-installed Go versions[0m
1.4.1
[34m[1mRedis version[0m
redis-server 2.8.19
[34m[1mriak version[0m
2.0.2
[34m[1mMongoDB version[0m
MongoDB 2.4.12
[34m[1mCouchDB version[0m
couchdb 1.6.1
[34m[1mNeo4j version[0m
1.9.4
[34m[1mRabbitMQ Version[0m
3.4.3
[34m[1mElasticSearch version[0m
1.4.0
[34m[1mInstalled Sphinx versions[0m
2.0.10
2.1.9
2.2.6
[34m[1mDefault Sphinx version[0m
2.2.6
[34m[1mInstalled Firefox version[0m
firefox 31.0esr
[34m[1mPhantomJS version[0m
1.9.8
[34m[1mant -version[0m
Apache Ant(TM) version 1.8.2 compiled on December 3 2011
[34m[1mmvn -version[0m
Apache Maven 3.2.5 (12a6b3acb947671f09b81f49094c53f426d8cea1; 2014-12-14T17:29:23+00:00)
Maven home: /usr/local/maven
Java version: 1.7.0_76, vendor: Oracle Corporation
Java home: /usr/lib/jvm/java-7-oracle/jre
Default locale: en_US, platform encoding: ANSI_X3.4-1968
OS name: "linux", version: "3.13.0-29-generic", arch: "amd64", family: "unix"
travis_fold:end:system_info[0K
travis_fold:start:git.checkout[0Ktravis_time:start:012bb5f0[0K$ git clone --depth=50 --branch=cleanup/soumya/tests git://github.com/Cal-CS-61A-Staff/ok.git Cal-CS-61A-Staff/ok
Cloning into 'Cal-CS-61A-Staff/ok'...
remote: Counting objects: 1437, done.[K
remote: Compressing objects:   0% (1/676)   [Kremote: Compressing objects:   1% (7/676)   [Kremote: Compressing objects:   2% (14/676)   [Kremote: Compressing objects:   3% (21/676)   [Kremote: Compressing objects:   4% (28/676)   [Kremote: Compressing objects:   5% (34/676)   [Kremote: Compressing objects:   6% (41/676)   [Kremote: Compressing objects:   7% (48/676)   [Kremote: Compressing objects:   8% (55/676)   [Kremote: Compressing objects:   9% (61/676)   [Kremote: Compressing objects:  10% (68/676)   [Kremote: Compressing objects:  11% (75/676)   [Kremote: Compressing objects:  12% (82/676)   [Kremote: Compressing objects:  13% (88/676)   [Kremote: Compressing objects:  14% (95/676)   [Kremote: Compressing objects:  15% (102/676)   [Kremote: Compressing objects:  16% (109/676)   [Kremote: Compressing objects:  17% (115/676)   [Kremote: Compressing objects:  18% (122/676)   [Kremote: Compressing objects:  19% (129/676)   [Kremote: Compressing objects:  20% (136/676)   [Kremote: Compressing objects:  21% (142/676)   [Kremote: Compressing objects:  22% (149/676)   [Kremote: Compressing objects:  23% (156/676)   [Kremote: Compressing objects:  24% (163/676)   [Kremote: Compressing objects:  25% (169/676)   [Kremote: Compressing objects:  26% (176/676)   [Kremote: Compressing objects:  27% (183/676)   [Kremote: Compressing objects:  28% (190/676)   [Kremote: Compressing objects:  29% (197/676)   [Kremote: Compressing objects:  30% (203/676)   [Kremote: Compressing objects:  31% (210/676)   [Kremote: Compressing objects:  32% (217/676)   [Kremote: Compressing objects:  33% (224/676)   [Kremote: Compressing objects:  34% (230/676)   [Kremote: Compressing objects:  35% (237/676)   [Kremote: Compressing objects:  36% (244/676)   [Kremote: Compressing objects:  37% (251/676)   [Kremote: Compressing objects:  38% (257/676)   [Kremote: Compressing objects:  39% (264/676)   [Kremote: Compressing objects:  40% (271/676)   [Kremote: Compressing objects:  41% (278/676)   [Kremote: Compressing objects:  42% (284/676)   [Kremote: Compressing objects:  43% (291/676)   [Kremote: Compressing objects:  44% (298/676)   [Kremote: Compressing objects:  45% (305/676)   [Kremote: Compressing objects:  46% (311/676)   [Kremote: Compressing objects:  47% (318/676)   [Kremote: Compressing objects:  48% (325/676)   [Kremote: Compressing objects:  49% (332/676)   [Kremote: Compressing objects:  50% (338/676)   [Kremote: Compressing objects:  51% (345/676)   [Kremote: Compressing objects:  52% (352/676)   [Kremote: Compressing objects:  53% (359/676)   [Kremote: Compressing objects:  54% (366/676)   [Kremote: Compressing objects:  55% (372/676)   [Kremote: Compressing objects:  56% (379/676)   [Kremote: Compressing objects:  57% (386/676)   [Kremote: Compressing objects:  58% (393/676)   [Kremote: Compressing objects:  59% (399/676)   [Kremote: Compressing objects:  60% (406/676)   [Kremote: Compressing objects:  61% (413/676)   [Kremote: Compressing objects:  62% (420/676)   [Kremote: Compressing objects:  63% (426/676)   [Kremote: Compressing objects:  64% (433/676)   [Kremote: Compressing objects:  65% (440/676)   [Kremote: Compressing objects:  66% (447/676)   [Kremote: Compressing objects:  67% (453/676)   [Kremote: Compressing objects:  68% (460/676)   [Kremote: Compressing objects:  69% (467/676)   [Kremote: Compressing objects:  70% (474/676)   [Kremote: Compressing objects:  71% (480/676)   [Kremote: Compressing objects:  72% (487/676)   [Kremote: Compressing objects:  73% (494/676)   [Kremote: Compressing objects:  74% (501/676)   [Kremote: Compressing objects:  75% (507/676)   [Kremote: Compressing objects:  76% (514/676)   [Kremote: Compressing objects:  77% (521/676)   [Kremote: Compressing objects:  78% (528/676)   [Kremote: Compressing objects:  79% (535/676)   [Kremote: Compressing objects:  80% (541/676)   [Kremote: Compressing objects:  81% (548/676)   [Kremote: Compressing objects:  82% (555/676)   [Kremote: Compressing objects:  83% (562/676)   [Kremote: Compressing objects:  84% (568/676)   [Kremote: Compressing objects:  85% (575/676)   [Kremote: Compressing objects:  86% (582/676)   [Kremote: Compressing objects:  87% (589/676)   [Kremote: Compressing objects:  88% (595/676)   [Kremote: Compressing objects:  89% (602/676)   [Kremote: Compressing objects:  90% (609/676)   [Kremote: Compressing objects:  91% (616/676)   [Kremote: Compressing objects:  92% (622/676)   [Kremote: Compressing objects:  93% (629/676)   [Kremote: Compressing objects:  94% (636/676)   [Kremote: Compressing objects:  95% (643/676)   [Kremote: Compressing objects:  96% (649/676)   [Kremote: Compressing objects:  97% (656/676)   [Kremote: Compressing objects:  98% (663/676)   [Kremote: Compressing objects:  99% (670/676)   [Kremote: Compressing objects: 100% (676/676)   [Kremote: Compressing objects: 100% (676/676), done.[K
Receiving objects:   0% (1/1437)   Receiving objects:   1% (15/1437)   Receiving objects:   2% (29/1437)   Receiving objects:   3% (44/1437)   Receiving objects:   4% (58/1437)   Receiving objects:   5% (72/1437)   Receiving objects:   6% (87/1437)   Receiving objects:   7% (101/1437)   Receiving objects:   8% (115/1437)   Receiving objects:   9% (130/1437)   Receiving objects:  10% (144/1437)   Receiving objects:  11% (159/1437)   Receiving objects:  12% (173/1437)   Receiving objects:  13% (187/1437)   Receiving objects:  14% (202/1437)   Receiving objects:  15% (216/1437)   Receiving objects:  16% (230/1437)   Receiving objects:  17% (245/1437)   Receiving objects:  18% (259/1437)   Receiving objects:  19% (274/1437)   Receiving objects:  20% (288/1437)   Receiving objects:  21% (302/1437)   Receiving objects:  22% (317/1437)   Receiving objects:  23% (331/1437)   Receiving objects:  24% (345/1437)   Receiving objects:  25% (360/1437)   Receiving objects:  26% (374/1437)   Receiving objects:  27% (388/1437)   Receiving objects:  28% (403/1437)   Receiving objects:  29% (417/1437)   Receiving objects:  30% (432/1437)   Receiving objects:  31% (446/1437)   Receiving objects:  32% (460/1437)   Receiving objects:  33% (475/1437)   Receiving objects:  34% (489/1437)   Receiving objects:  35% (503/1437)   Receiving objects:  36% (518/1437)   Receiving objects:  37% (532/1437)   Receiving objects:  38% (547/1437)   Receiving objects:  39% (561/1437)   Receiving objects:  40% (575/1437)   Receiving objects:  41% (590/1437)   Receiving objects:  42% (604/1437)   Receiving objects:  43% (618/1437)   Receiving objects:  44% (633/1437)   Receiving objects:  45% (647/1437)   Receiving objects:  46% (662/1437)   Receiving objects:  47% (676/1437)   Receiving objects:  48% (690/1437)   Receiving objects:  49% (705/1437)   Receiving objects:  50% (719/1437)   Receiving objects:  51% (733/1437)   Receiving objects:  52% (748/1437)   Receiving objects:  53% (762/1437)   Receiving objects:  54% (776/1437)   Receiving objects:  55% (791/1437)   Receiving objects:  56% (805/1437)   Receiving objects:  57% (820/1437)   Receiving objects:  58% (834/1437)   Receiving objects:  59% (848/1437)   Receiving objects:  60% (863/1437)   Receiving objects:  61% (877/1437)   Receiving objects:  62% (891/1437)   Receiving objects:  63% (906/1437)   Receiving objects:  64% (920/1437)   Receiving objects:  65% (935/1437)   Receiving objects:  66% (949/1437)   Receiving objects:  67% (963/1437)   Receiving objects:  68% (978/1437)   Receiving objects:  69% (992/1437)   remote: Total 1437 (delta 894), reused 1178 (delta 729), pack-reused 0[K
Receiving objects:  70% (1006/1437)   Receiving objects:  71% (1021/1437)   Receiving objects:  72% (1035/1437)   Receiving objects:  73% (1050/1437)   Receiving objects:  74% (1064/1437)   Receiving objects:  75% (1078/1437)   Receiving objects:  76% (1093/1437)   Receiving objects:  77% (1107/1437)   Receiving objects:  78% (1121/1437)   Receiving objects:  79% (1136/1437)   Receiving objects:  80% (1150/1437)   Receiving objects:  81% (1164/1437)   Receiving objects:  82% (1179/1437)   Receiving objects:  83% (1193/1437)   Receiving objects:  84% (1208/1437)   Receiving objects:  85% (1222/1437)   Receiving objects:  86% (1236/1437)   Receiving objects:  87% (1251/1437)   Receiving objects:  88% (1265/1437)   Receiving objects:  89% (1279/1437)   Receiving objects:  90% (1294/1437)   Receiving objects:  91% (1308/1437)   Receiving objects:  92% (1323/1437)   Receiving objects:  93% (1337/1437)   Receiving objects:  94% (1351/1437)   Receiving objects:  95% (1366/1437)   Receiving objects:  96% (1380/1437)   Receiving objects:  97% (1394/1437)   Receiving objects:  98% (1409/1437)   Receiving objects:  99% (1423/1437)   Receiving objects: 100% (1437/1437)   Receiving objects: 100% (1437/1437), 1.51 MiB | 0 bytes/s, done.
Resolving deltas:   0% (0/894)   Resolving deltas:  11% (103/894)   Resolving deltas:  19% (173/894)   Resolving deltas:  21% (196/894)   Resolving deltas:  22% (203/894)   Resolving deltas:  37% (336/894)   Resolving deltas:  46% (416/894)   Resolving deltas:  47% (421/894)   Resolving deltas:  51% (460/894)   Resolving deltas:  52% (468/894)   Resolving deltas:  53% (476/894)   Resolving deltas:  55% (492/894)   Resolving deltas:  61% (548/894)   Resolving deltas:  63% (567/894)   Resolving deltas:  64% (576/894)   Resolving deltas:  70% (627/894)   Resolving deltas:  72% (651/894)   Resolving deltas:  73% (660/894)   Resolving deltas:  75% (676/894)   Resolving deltas:  77% (693/894)   Resolving deltas:  78% (702/894)   Resolving deltas:  79% (715/894)   Resolving deltas:  80% (716/894)   Resolving deltas:  81% (728/894)   Resolving deltas:  82% (735/894)   Resolving deltas:  83% (746/894)   Resolving deltas:  84% (751/894)   Resolving deltas:  85% (766/894)   Resolving deltas:  86% (769/894)   Resolving deltas:  87% (779/894)   Resolving deltas:  88% (789/894)   Resolving deltas:  89% (796/894)   Resolving deltas:  90% (805/894)   Resolving deltas:  91% (815/894)   Resolving deltas:  92% (824/894)   Resolving deltas:  93% (833/894)   Resolving deltas:  94% (841/894)   Resolving deltas:  95% (853/894)   Resolving deltas:  96% (860/894)   Resolving deltas:  97% (869/894)   Resolving deltas:  98% (884/894)   Resolving deltas:  99% (888/894)   Resolving deltas: 100% (894/894)   Resolving deltas: 100% (894/894), done.
Checking connectivity... done.
travis_time:end:012bb5f0:start=1437460172249834963,finish=1437460173376160087,duration=1126325124[0K$ cd Cal-CS-61A-Staff/ok
$ git checkout -qf 884c3a21795ebc605303e1fd60e0b9161e9c620a
travis_fold:end:git.checkout[0K
[33;1mThis job is running on container-based infrastructure, which does not allow use of 'sudo', setuid and setguid executables.[0m
[33;1mIf you require sudo, add 'sudo: required' to your .travis.yml[0m
[33;1mSee http://docs.travis-ci.com/user/workers/container-based-infrastructure/ for details.[0m

[33;1mSetting environment variables from .travis.yml[0m
$ export CMD=server/apptest.py
$ export GAE_VERSION=1.9.23

travis_fold:start:cache.1[0KSetting up build cache
$ export CASHER_DIR=$HOME/.casher
travis_time:start:04728dae[0K$ Installing caching utilities
travis_time:end:04728dae:start=1437460176765998147,finish=1437460176801874035,duration=35875888[0Ktravis_time:start:060ef67d[0Kattempting to download cache archive
fetching cleanupsoumyatests/cache--python-2.7.tgz
found cache
travis_time:end:060ef67d:start=1437460176808585632,finish=1437460177779960822,duration=971375190[0Ktravis_time:start:06315036[0Kadding /home/travis/virtualenv/python2.7.9 to cache
travis_time:end:06315036:start=1437460177785268529,finish=1437460179972813566,duration=2187545037[0Ktravis_fold:end:cache.1[0Ktravis_time:start:27626df0[0K$ source ~/virtualenv/python2.7/bin/activate
travis_time:end:27626df0:start=1437460179978377468,finish=1437460179983731852,duration=5354384[0K$ python --version
Python 2.7.9
$ pip --version
pip 7.1.0 from /home/travis/virtualenv/python2.7.9/lib/python2.7/site-packages (python 2.7)
travis_fold:start:install.1[0Ktravis_time:start:011a77df[0K$ pip install pip --upgrade
Collecting pip
  Downloading pip-7.1.0-py2.py3-none-any.whl (1.1MB)
[?25l[K    0% |‚ñè                               | 4.1kB 21.3MB/s eta 0:00:01[K    0% |‚ñé                               | 8.2kB 17.4MB/s eta 0:00:01[K    1% |‚ñç                               | 12kB 17.4MB/s eta 0:00:01[K    1% |‚ñå                               | 16kB 16.1MB/s eta 0:00:01[K    1% |‚ñã                               | 20kB 16.3MB/s eta 0:00:01[K    2% |‚ñä                               | 24kB 16.6MB/s eta 0:00:01[K    2% |‚ñâ                               | 28kB 16.8MB/s eta 0:00:01[K    2% |‚ñà                               | 32kB 15.9MB/s eta 0:00:01[K    3% |‚ñà                               | 36kB 16.0MB/s eta 0:00:01[K    3% |‚ñà‚ñè                              | 40kB 16.3MB/s eta 0:00:01[K    4% |‚ñà‚ñé                              | 45kB 16.0MB/s eta 0:00:01[K    4% |‚ñà‚ñç                              | 49kB 15.4MB/s eta 0:00:01[K    4% |‚ñà‚ñå                              | 53kB 15.3MB/s eta 0:00:01[K    5% |‚ñà‚ñã                              | 57kB 15.9MB/s eta 0:00:01[K    5% |‚ñà‚ñä                              | 61kB 15.9MB/s eta 0:00:01[K    5% |‚ñà‚ñâ                              | 65kB 15.2MB/s eta 0:00:01[K    6% |‚ñà‚ñà                              | 69kB 15.1MB/s eta 0:00:01[K    6% |‚ñà‚ñà‚ñè                             | 73kB 15.9MB/s eta 0:00:01[K    6% |‚ñà‚ñà‚ñé                             | 77kB 16.1MB/s eta 0:00:01[K    7% |‚ñà‚ñà‚ñç                             | 81kB 15.0MB/s eta 0:00:01[K    7% |‚ñà‚ñà‚ñå                             | 86kB 15.0MB/s eta 0:00:01[K    8% |‚ñà‚ñà‚ñã                             | 90kB 16.0MB/s eta 0:00:01[K    8% |‚ñà‚ñà‚ñä                             | 94kB 16.2MB/s eta 0:00:01[K    8% |‚ñà‚ñà‚ñâ                             | 98kB 15.5MB/s eta 0:00:01[K    9% |‚ñà‚ñà‚ñà                             | 102kB 15.5MB/s eta 0:00:01[K    9% |‚ñà‚ñà‚ñà                             | 106kB 16.3MB/s eta 0:00:01[K    9% |‚ñà‚ñà‚ñà‚ñè                            | 110kB 16.2MB/s eta 0:00:01[K    10% |‚ñà‚ñà‚ñà‚ñé                            | 114kB 15.4MB/s eta 0:00:01[K    10% |‚ñà‚ñà‚ñà‚ñç                            | 118kB 15.4MB/s eta 0:00:01[K    11% |‚ñà‚ñà‚ñà‚ñå                            | 122kB 16.4MB/s eta 0:00:01[K    11% |‚ñà‚ñà‚ñà‚ñã                            | 126kB 16.5MB/s eta 0:00:01[K    11% |‚ñà‚ñà‚ñà‚ñä                            | 131kB 15.9MB/s eta 0:00:01[K    12% |‚ñà‚ñà‚ñà‚ñà                            | 135kB 15.9MB/s eta 0:00:01[K    12% |‚ñà‚ñà‚ñà‚ñà                            | 139kB 16.6MB/s eta 0:00:01[K    12% |‚ñà‚ñà‚ñà‚ñà‚ñè                           | 143kB 16.6MB/s eta 0:00:01[K    13% |‚ñà‚ñà‚ñà‚ñà‚ñé                           | 147kB 15.8MB/s eta 0:00:01[K    13% |‚ñà‚ñà‚ñà‚ñà‚ñç                           | 151kB 16.0MB/s eta 0:00:01[K    13% |‚ñà‚ñà‚ñà‚ñà‚ñå                           | 155kB 16.8MB/s eta 0:00:01[K    14% |‚ñà‚ñà‚ñà‚ñà‚ñã                           | 159kB 16.7MB/s eta 0:00:01[K    14% |‚ñà‚ñà‚ñà‚ñà‚ñä                           | 163kB 15.9MB/s eta 0:00:01[K    15% |‚ñà‚ñà‚ñà‚ñà‚ñâ                           | 167kB 15.8MB/s eta 0:00:01[K    15% |‚ñà‚ñà‚ñà‚ñà‚ñà                           | 172kB 16.3MB/s eta 0:00:01[K    15% |‚ñà‚ñà‚ñà‚ñà‚ñà                           | 176kB 16.0MB/s eta 0:00:01[K    16% |‚ñà‚ñà‚ñà‚ñà‚ñà‚ñè                          | 180kB 15.5MB/s eta 0:00:01[K    16% |‚ñà‚ñà‚ñà‚ñà‚ñà‚ñé                          | 184kB 15.4MB/s eta 0:00:01[K    16% |‚ñà‚ñà‚ñà‚ñà‚ñà‚ñç                          | 188kB 16.2MB/s eta 0:00:01[K    17% |‚ñà‚ñà‚ñà‚ñà‚ñà‚ñå                          | 192kB 16.2MB/s eta 0:00:01[K    17% |‚ñà‚ñà‚ñà‚ñà‚ñà‚ñã                          | 196kB 15.6MB/s eta 0:00:01[K    18% |‚ñà‚ñà‚ñà‚ñà‚ñà‚ñä                          | 200kB 15.7MB/s eta 0:00:01[K    18% |‚ñà‚ñà‚ñà‚ñà‚ñà‚ñà                          | 204kB 15.6MB/s eta 0:00:01[K    18% |‚ñà‚ñà‚ñà‚ñà‚ñà‚ñà                          | 208kB 15.6MB/s eta 0:00:01[K    19% |‚ñà‚ñà‚ñà‚ñà‚ñà‚ñà‚ñè                         | 212kB 14.9MB/s eta 0:00:01[K    19% |‚ñà‚ñà‚ñà‚ñà‚ñà‚ñà‚ñé                         | 217kB 15.1MB/s eta 0:00:01[K    19% |‚ñà‚ñà‚ñà‚ñà‚ñà‚ñà‚ñç                         | 221kB 15.8MB/s eta 0:00:01[K    20% |‚ñà‚ñà‚ñà‚ñà‚ñà‚ñà‚ñå                         | 225kB 15.9MB/s eta 0:00:01[K    20% |‚ñà‚ñà‚ñà‚ñà‚ñà‚ñà‚ñã                         | 229kB 15.4MB/s eta 0:00:01[K    20% |‚ñà‚ñà‚ñà‚ñà‚ñà‚ñà‚ñä                         | 233kB 15.3MB/s eta 0:00:01[K    21% |‚ñà‚ñà‚ñà‚ñà‚ñà‚ñà‚ñâ                         | 237kB 15.7MB/s eta 0:00:01[K    21% |‚ñà‚ñà‚ñà‚ñà‚ñà‚ñà‚ñà                         | 241kB 15.7MB/s eta 0:00:01[K    22% |‚ñà‚ñà‚ñà‚ñà‚ñà‚ñà‚ñà                         | 245kB 15.9MB/s eta 0:00:01[K    22% |‚ñà‚ñà‚ñà‚ñà‚ñà‚ñà‚ñà‚ñè                        | 249kB 15.9MB/s eta 0:00:01[K    22% |‚ñà‚ñà‚ñà‚ñà‚ñà‚ñà‚ñà‚ñé                        | 253kB 16.8MB/s eta 0:00:01[K    23% |‚ñà‚ñà‚ñà‚ñà‚ñà‚ñà‚ñà‚ñç                        | 258kB 16.8MB/s eta 0:00:01[K    23% |‚ñà‚ñà‚ñà‚ñà‚ñà‚ñà‚ñà‚ñå                        | 262kB 16.1MB/s eta 0:00:01[K    23% |‚ñà‚ñà‚ñà‚ñà‚ñà‚ñà‚ñà‚ñã                        | 266kB 16.1MB/s eta 0:00:01[K    24% |‚ñà‚ñà‚ñà‚ñà‚ñà‚ñà‚ñà‚ñâ                        | 270kB 16.6MB/s eta 0:00:01[K    24% |‚ñà‚ñà‚ñà‚ñà‚ñà‚ñà‚ñà‚ñà                        | 274kB 16.7MB/s eta 0:00:01[K    25% |‚ñà‚ñà‚ñà‚ñà‚ñà‚ñà‚ñà‚ñà                        | 278kB 16.0MB/s eta 0:00:01[K    25% |‚ñà‚ñà‚ñà‚ñà‚ñà‚ñà‚ñà‚ñà‚ñè                       | 282kB 16.0MB/s eta 0:00:01[K    25% |‚ñà‚ñà‚ñà‚ñà‚ñà‚ñà‚ñà‚ñà‚ñé                       | 286kB 16.9MB/s eta 0:00:01[K    26% |‚ñà‚ñà‚ñà‚ñà‚ñà‚ñà‚ñà‚ñà‚ñç                       | 290kB 16.8MB/s eta 0:00:01[K    26% |‚ñà‚ñà‚ñà‚ñà‚ñà‚ñà‚ñà‚ñà‚ñå                       | 294kB 16.0MB/s eta 0:00:01[K    26% |‚ñà‚ñà‚ñà‚ñà‚ñà‚ñà‚ñà‚ñà‚ñã                       | 299kB 16.0MB/s eta 0:00:01[K    27% |‚ñà‚ñà‚ñà‚ñà‚ñà‚ñà‚ñà‚ñà‚ñä                       | 303kB 16.5MB/s eta 0:00:01[K    27% |‚ñà‚ñà‚ñà‚ñà‚ñà‚ñà‚ñà‚ñà‚ñâ                       | 307kB 16.5MB/s eta 0:00:01[K    27% |‚ñà‚ñà‚ñà‚ñà‚ñà‚ñà‚ñà‚ñà‚ñà                       | 311kB 15.8MB/s eta 0:00:01[K    28% |‚ñà‚ñà‚ñà‚ñà‚ñà‚ñà‚ñà‚ñà‚ñà                       | 315kB 15.8MB/s eta 0:00:01[K    28% |‚ñà‚ñà‚ñà‚ñà‚ñàÔøΩÔøΩÔøΩ‚ñà‚ñà‚ñà‚ñè                      | 319kB 16.6MB/s eta 0:00:01[K    29% |‚ñà‚ñà‚ñà‚ñà‚ñà‚ñà‚ñà‚ñà‚ñà‚ñé                      | 323kB 16.6MB/s eta 0:00:01[K    29% |‚ñà‚ñà‚ñà‚ñà‚ñà‚ñà‚ñà‚ñà‚ñà‚ñç                      | 327kB 16.0MB/s eta 0:00:01[K    29% |‚ñà‚ñà‚ñà‚ñà‚ñà‚ñà‚ñà‚ñà‚ñà‚ñå                      | 331kB 16.0MB/s eta 0:00:01[K    30% |‚ñà‚ñà‚ñà‚ñà‚ñà‚ñà‚ñà‚ñà‚ñà‚ñä                      | 335kB 16.8MB/s eta 0:00:01[K    30% |‚ñà‚ñà‚ñà‚ñà‚ñà‚ñà‚ñà‚ñà‚ñà‚ñâ                      | 339kB 16.8MB/s eta 0:00:01[K    30% |‚ñà‚ñà‚ñà‚ñà‚ñà‚ñà‚ñà‚ñà‚ñà‚ñà                      | 344kB 16.1MB/s eta 0:00:01[K    31% |‚ñà‚ñà‚ñà‚ñà‚ñà‚ñà‚ñà‚ñà‚ñà‚ñà                      | 348kB 16.1MB/s eta 0:00:01[K    31% |‚ñà‚ñà‚ñà‚ñà‚ñà‚ñà‚ñà‚ñà‚ñà‚ñà‚ñè                     | 352kB 16.9MB/s eta 0:00:01[K    32% |‚ñà‚ñà‚ñà‚ñà‚ñà‚ñà‚ñà‚ñà‚ñà‚ñà‚ñé                     | 356kB 16.9MB/s eta 0:00:01[K    32% |‚ñà‚ñà‚ñà‚ñà‚ñà‚ñà‚ñà‚ñà‚ñà‚ñà‚ñç                     | 360kB 16.2MB/s eta 0:00:01[K    32% |‚ñà‚ñà‚ñà‚ñà‚ñà‚ñà‚ñà‚ñà‚ñà‚ñà‚ñå                     | 364kB 16.2MB/s eta 0:00:01[K    33% |‚ñà‚ñà‚ñà‚ñà‚ñà‚ñà‚ñà‚ñà‚ñà‚ñà‚ñã                     | 368kB 16.6MB/s eta 0:00:01[K    33% |‚ñà‚ñà‚ñà‚ñà‚ñà‚ñà‚ñà‚ñà‚ñà‚ñà‚ñä                     | 372kB 16.5MB/s eta 0:00:01[K    33% |‚ñà‚ñà‚ñà‚ñà‚ñà‚ñà‚ñà‚ñà‚ñà‚ñà‚ñâ                     | 376kB 15.8MB/s eta 0:00:01[K    34% |‚ñà‚ñà‚ñà‚ñà‚ñà‚ñà‚ñà‚ñà‚ñà‚ñà‚ñà                     | 380kB 15.8MB/s eta 0:00:01[K    34% |‚ñà‚ñà‚ñà‚ñà‚ñà‚ñà‚ñà‚ñà‚ñà‚ñà‚ñà                     | 385kB 16.5MB/s eta 0:00:01[K    34% |‚ñà‚ñà‚ñà‚ñà‚ñà‚ñà‚ñà‚ñà‚ñà‚ñà‚ñà‚ñè                    | 389kB 16.5MB/s eta 0:00:01[K    35% |‚ñà‚ñà‚ñà‚ñà‚ñà‚ñà‚ñà‚ñà‚ñà‚ñà‚ñà‚ñé                    | 393kB 15.6MB/s eta 0:00:01[K    35% |‚ñà‚ñà‚ñà‚ñà‚ñà‚ñà‚ñà‚ñà‚ñà‚ñà‚ñà‚ñç                    | 397kB 15.7MB/s eta 0:00:01[K    36% |‚ñà‚ñà‚ñà‚ñà‚ñà‚ñà‚ñà‚ñà‚ñà‚ñà‚ñà‚ñå                    | 401kB 16.2MB/s eta 0:00:01[K    36% |‚ñà‚ñà‚ñà‚ñà‚ñà‚ñà‚ñà‚ñà‚ñà‚ñà‚ñà‚ñä                    | 405kB 16.2MB/s eta 0:00:01[K    36% |‚ñà‚ñà‚ñà‚ñà‚ñà‚ñà‚ñà‚ñà‚ñà‚ñà‚ñà‚ñâ                    | 409kB 15.6MB/s eta 0:00:01[K    37% |‚ñà‚ñà‚ñà‚ñà‚ñà‚ñà‚ñà‚ñà‚ñà‚ñà‚ñà‚ñà                    | 413kB 15.6MB/s eta 0:00:01[K    37% |‚ñà‚ñà‚ñà‚ñà‚ñà‚ñà‚ñà‚ñà‚ñà‚ñà‚ñà‚ñà                    | 417kB 16.4MB/s eta 0:00:01[K    37% |‚ñà‚ñà‚ñà‚ñà‚ñà‚ñà‚ñà‚ñà‚ñà‚ñà‚ñà‚ñà‚ñè                   | 421kB 16.4MB/s eta 0:00:01[K    38% |‚ñà‚ñà‚ñà‚ñà‚ñà‚ñà‚ñà‚ñà‚ñà‚ñà‚ñà‚ñà‚ñé                   | 425kB 15.7MB/s eta 0:00:01[K    38% |‚ñà‚ñà‚ñà‚ñà‚ñà‚ñà‚ñà‚ñà‚ñà‚ñà‚ñà‚ñà‚ñç                   | 430kB 15.5MB/s eta 0:00:01[K    39% |‚ñà‚ñà‚ñà‚ñà‚ñà‚ñà‚ñà‚ñà‚ñà‚ñà‚ñà‚ñà‚ñå                   | 434kB 16.2MB/s eta 0:00:01[K    39% |‚ñà‚ñà‚ñà‚ñà‚ñà‚ñà‚ñà‚ñà‚ñà‚ñà‚ñà‚ñà‚ñã                   | 438kB 16.1MB/s eta 0:00:01[K    39% |‚ñà‚ñà‚ñà‚ñà‚ñà‚ñà‚ñà‚ñà‚ñà‚ñà‚ñà‚ñà‚ñä                   | 442kB 15.4MB/s eta 0:00:01[K    40% |‚ñà‚ñà‚ñà‚ñà‚ñà‚ñà‚ñà‚ñà‚ñà‚ñà‚ñà‚ñà‚ñâ                   | 446kB 15.4MB/s eta 0:00:01[K    40% |‚ñà‚ñà‚ñà‚ñà‚ñà‚ñà‚ñà‚ñà‚ñà‚ñà‚ñà‚ñà‚ñà                   | 450kB 16.2MB/s eta 0:00:01[K    40% |‚ñà‚ñà‚ñà‚ñà‚ñà‚ñà‚ñà‚ñà‚ñà‚ñà‚ñà‚ñà‚ñà                   | 454kB 16.2MB/s eta 0:00:01[K    41% |‚ñà‚ñà‚ñà‚ñà‚ñà‚ñà‚ñà‚ñà‚ñà‚ñà‚ñà‚ñà‚ñà‚ñè                  | 458kB 15.4MB/s eta 0:00:01[K    41% |‚ñà‚ñà‚ñà‚ñà‚ñà‚ñà‚ñà‚ñà‚ñà‚ñà‚ñà‚ñà‚ñà‚ñé                  | 462kB 15.4MB/s eta 0:00:01[K    41% |‚ñà‚ñà‚ñà‚ñà‚ñà‚ñà‚ñà‚ñà‚ñà‚ñà‚ñà‚ñà‚ñà‚ñç                  | 466kB 16.1MB/s eta 0:00:01[K    42% |‚ñà‚ñà‚ñà‚ñà‚ñà‚ñà‚ñà‚ñà‚ñà‚ñà‚ñà‚ñà‚ñà‚ñã                  | 471kB 16.3MB/s eta 0:00:01[K    42% |‚ñà‚ñà‚ñà‚ñà‚ñà‚ñà‚ñà‚ñà‚ñà‚ñà‚ñà‚ñà‚ñà‚ñä                  | 475kB 15.7MB/s eta 0:00:01[K    43% |‚ñà‚ñà‚ñà‚ñà‚ñà‚ñà‚ñà‚ñà‚ñà‚ñà‚ñà‚ñà‚ñà‚ñâ                  | 479kB 15.7MB/s eta 0:00:01[K    43% |‚ñà‚ñà‚ñà‚ñà‚ñà‚ñà‚ñà‚ñà‚ñà‚ñà‚ñà‚ñà‚ñà‚ñà                  | 483kB 16.5MB/s eta 0:00:01[K    43% |‚ñà‚ñà‚ñà‚ñà‚ñà‚ñà‚ñà‚ñà‚ñà‚ñà‚ñà‚ñà‚ñà‚ñà                  | 487kB 16.5MB/s eta 0:00:01[K    44% |‚ñà‚ñà‚ñà‚ñà‚ñà‚ñà‚ñà‚ñà‚ñà‚ñà‚ñà‚ñà‚ñà‚ñà‚ñè                 | 491kB 15.7MB/s eta 0:00:01[K    44% |‚ñà‚ñà‚ñà‚ñà‚ñà‚ñà‚ñà‚ñà‚ñà‚ñà‚ñà‚ñà‚ñà‚ñà‚ñé                 | 495kB 15.5MB/s eta 0:00:01[K    44% |‚ñà‚ñà‚ñà‚ñà‚ñà‚ñà‚ñà‚ñà‚ñà‚ñà‚ñà‚ñà‚ñà‚ñà‚ñç                 | 499kB 16.2MB/s eta 0:00:01[K    45% |‚ñà‚ñà‚ñà‚ñà‚ñà‚ñà‚ñà‚ñà‚ñà‚ñà‚ñà‚ñà‚ñà‚ñà‚ñå                 | 503kB 16.3MB/s eta 0:00:01[K    45% |‚ñà‚ñà‚ñà‚ñà‚ñà‚ñà‚ñà‚ñà‚ñà‚ñà‚ñà‚ñà‚ñà‚ñà‚ñã                 | 507kB 15.5MB/s eta 0:00:01[K    46% |‚ñà‚ñà‚ñà‚ñà‚ñà‚ñà‚ñà‚ñà‚ñà‚ñà‚ñà‚ñà‚ñà‚ñà‚ñä                 | 512kB 15.6MB/s eta 0:00:01[K    46% |‚ñà‚ñà‚ñà‚ñà‚ñà‚ñà‚ñà‚ñà‚ñà‚ñà‚ñà‚ñà‚ñà‚ñà‚ñâ                 | 516kB 16.1MB/s eta 0:00:01[K    46% |‚ñà‚ñà‚ñà‚ñà‚ñà‚ñà‚ñà‚ñà‚ñà‚ñà‚ñà‚ñà‚ñà‚ñà‚ñà                 | 520kB 16.2MB/s eta 0:00:01[K    47% |‚ñà‚ñà‚ñà‚ñà‚ñà‚ñà‚ñà‚ñà‚ñà‚ñà‚ñà‚ñà‚ñà‚ñà‚ñà                 | 524kB 15.4MB/s eta 0:00:01[K    47% |‚ñà‚ñà‚ñà‚ñà‚ñà‚ñà‚ñà‚ñà‚ñà‚ñà‚ñà‚ñà‚ñà‚ñà‚ñà‚ñè                | 528kB 15.4MB/s eta 0:00:01[K    47% |‚ñà‚ñà‚ñà‚ñà‚ñà‚ñà‚ñà‚ñà‚ñà‚ñà‚ñà‚ñà‚ñà‚ñà‚ñà‚ñé                | 532kB 16.1MB/s eta 0:00:01[K    48% |‚ñà‚ñà‚ñà‚ñà‚ñà‚ñà‚ñà‚ñà‚ñà‚ñà‚ñà‚ñà‚ñà‚ñà‚ñà‚ñç                | 536kB 16.4MB/s eta 0:00:01[K    48% |‚ñà‚ñà‚ñà‚ñà‚ñà‚ñà‚ñà‚ñà‚ñà‚ñà‚ñà‚ñà‚ñà‚ñà‚ñà‚ñã                | 540kB 15.6MB/s eta 0:00:01[K    48% |‚ñà‚ñà‚ñà‚ñà‚ñà‚ñà‚ñà‚ñà‚ñà‚ñà‚ñà‚ñà‚ñà‚ñà‚ñà‚ñä                | 544kB 15.6MB/s eta 0:00:01[K    49% |‚ñà‚ñà‚ñà‚ñà‚ñàÔøΩÔøΩÔøΩ‚ñà‚ñà‚ñà‚ñà‚ñà‚ñà‚ñà‚ñà‚ñà‚ñâ                | 548kB 16.3MB/s eta 0:00:01[K    49% |‚ñà‚ñà‚ñà‚ñà‚ñà‚ñà‚ñà‚ñà‚ñà‚ñà‚ñà‚ñà‚ñà‚ñà‚ñà‚ñà                | 552kB 16.3MB/s eta 0:00:01[K    50% |‚ñà‚ñà‚ñà‚ñà‚ñà‚ñà‚ñà‚ñà‚ñà‚ñà‚ñà‚ñà‚ñà‚ñà‚ñà‚ñà                | 557kB 15.4MB/s eta 0:00:01[K    50% |‚ñà‚ñà‚ñà‚ñà‚ñà‚ñà‚ñà‚ñà‚ñà‚ñà‚ñà‚ñà‚ñà‚ñà‚ñà‚ñà‚ñè               | 561kB 15.2MB/s eta 0:00:01[K    50% |‚ñà‚ñà‚ñà‚ñà‚ñà‚ñà‚ñà‚ñà‚ñà‚ñà‚ñà‚ñà‚ñà‚ñà‚ñà‚ñà‚ñé               | 565kB 15.9MB/s eta 0:00:01[K    51% |‚ñà‚ñà‚ñà‚ñà‚ñà‚ñà‚ñà‚ñà‚ñà‚ñà‚ñà‚ñà‚ñà‚ñà‚ñà‚ñà‚ñç               | 569kB 16.0MB/s eta 0:00:01[K    51% |‚ñà‚ñà‚ñà‚ñà‚ñà‚ñà‚ñà‚ñà‚ñà‚ñà‚ñà‚ñà‚ñà‚ñà‚ñà‚ñà‚ñå               | 573kB 15.2MB/s eta 0:00:01[K    51% |‚ñà‚ñà‚ñà‚ñà‚ñà‚ñà‚ñà‚ñà‚ñà‚ñà‚ñà‚ñà‚ñà‚ñà‚ñà‚ñà‚ñã               | 577kB 15.2MB/s eta 0:00:01[K    52% |‚ñà‚ñà‚ñà‚ñà‚ñà‚ñà‚ñà‚ñà‚ñà‚ñà‚ñà‚ñà‚ñà‚ñà‚ñà‚ñà‚ñä               | 581kB 15.9MB/s eta 0:00:01[K    52% |‚ñà‚ñà‚ñà‚ñà‚ñà‚ñà‚ñà‚ñà‚ñà‚ñà‚ñà‚ñà‚ñà‚ñà‚ñà‚ñà‚ñâ               | 585kB 15.9MB/s eta 0:00:01[K    53% |‚ñà‚ñà‚ñà‚ñà‚ñà‚ñà‚ñà‚ñà‚ñà‚ñà‚ñà‚ñà‚ñà‚ñà‚ñà‚ñà‚ñà               | 589kB 15.2MB/s eta 0:00:01[K    53% |‚ñà‚ñà‚ñà‚ñà‚ñà‚ñà‚ñà‚ñà‚ñà‚ñà‚ñà‚ñà‚ñà‚ñà‚ñà‚ñà‚ñà               | 593kB 15.2MB/s eta 0:00:01[K    53% |‚ñà‚ñà‚ñà‚ñà‚ñà‚ñà‚ñà‚ñà‚ñà‚ñà‚ñà‚ñà‚ñà‚ñà‚ñà‚ñà‚ñà‚ñè              | 598kB 16.1MB/s eta 0:00:01[K    54% |‚ñà‚ñà‚ñà‚ñà‚ñà‚ñà‚ñà‚ñà‚ñà‚ñà‚ñà‚ñà‚ñà‚ñà‚ñà‚ñà‚ñà‚ñé              | 602kB 16.3MB/s eta 0:00:01[K    54% |‚ñà‚ñà‚ñà‚ñà‚ñà‚ñà‚ñà‚ñà‚ñà‚ñà‚ñà‚ñà‚ñà‚ñà‚ñà‚ñà‚ñà‚ñå              | 606kB 15.6MB/s eta 0:00:01[K    54% |‚ñà‚ñà‚ñà‚ñà‚ñà‚ñà‚ñà‚ñà‚ñà‚ñà‚ñà‚ñà‚ñà‚ñà‚ñà‚ñà‚ñà‚ñã              | 610kB 15.7MB/s eta 0:00:01[K    55% |‚ñà‚ñà‚ñà‚ñà‚ñà‚ñà‚ñà‚ñà‚ñà‚ñà‚ñà‚ñà‚ñà‚ñà‚ñà‚ñà‚ñà‚ñä              | 614kB 16.4MB/s eta 0:00:01[K    55% |‚ñà‚ñà‚ñà‚ñà‚ñà‚ñà‚ñà‚ñà‚ñà‚ñà‚ñà‚ñà‚ñà‚ñà‚ñà‚ñà‚ñà‚ñâ              | 618kB 16.5MB/s eta 0:00:01[K    55% |‚ñà‚ñà‚ñà‚ñà‚ñà‚ñà‚ñà‚ñà‚ñà‚ñà‚ñà‚ñà‚ñà‚ñà‚ñà‚ñà‚ñà‚ñà              | 622kB 15.6MB/s eta 0:00:01[K    56% |‚ñà‚ñà‚ñà‚ñà‚ñà‚ñà‚ñà‚ñà‚ñà‚ñà‚ñà‚ñà‚ñà‚ñà‚ñà‚ñà‚ñà‚ñà              | 626kB 15.5MB/s eta 0:00:01[K    56% |‚ñà‚ñà‚ñà‚ñà‚ñà‚ñà‚ñà‚ñà‚ñà‚ñà‚ñà‚ñà‚ñà‚ñà‚ñà‚ñà‚ñà‚ñà‚ñè             | 630kB 16.3MB/s eta 0:00:01[K    57% |‚ñà‚ñà‚ñà‚ñà‚ñà‚ñà‚ñà‚ñà‚ñà‚ñà‚ñà‚ñà‚ñà‚ñà‚ñà‚ñà‚ñà‚ñà‚ñé             | 634kB 16.2MB/s eta 0:00:01[K    57% |‚ñà‚ñà‚ñà‚ñà‚ñà‚ñà‚ñà‚ñà‚ñà‚ñà‚ñà‚ñà‚ñà‚ñà‚ñà‚ñà‚ñà‚ñà‚ñç             | 638kB 15.5MB/s eta 0:00:01[K    57% |‚ñà‚ñà‚ñà‚ñà‚ñà‚ñà‚ñà‚ñà‚ñà‚ñà‚ñà‚ñà‚ñà‚ñà‚ñà‚ñà‚ñà‚ñà‚ñå             | 643kB 15.4MB/s eta 0:00:01[K    58% |‚ñà‚ñà‚ñà‚ñà‚ñà‚ñà‚ñà‚ñà‚ñà‚ñà‚ñà‚ñà‚ñà‚ñà‚ñà‚ñà‚ñà‚ñà‚ñã             | 647kB 16.2MB/s eta 0:00:01[K    58% |‚ñà‚ñà‚ñà‚ñà‚ñà‚ñà‚ñà‚ñà‚ñà‚ñà‚ñà‚ñà‚ñà‚ñà‚ñà‚ñà‚ñà‚ñà‚ñä             | 651kB 16.2MB/s eta 0:00:01[K    58% |‚ñà‚ñà‚ñà‚ñà‚ñà‚ñà‚ñà‚ñà‚ñà‚ñà‚ñà‚ñà‚ñà‚ñà‚ñà‚ñà‚ñà‚ñà‚ñâ             | 655kB 15.4MB/s eta 0:00:01[K    59% |‚ñà‚ñà‚ñà‚ñà‚ñà‚ñà‚ñà‚ñà‚ñà‚ñà‚ñà‚ñà‚ñà‚ñà‚ñà‚ñà‚ñà‚ñà‚ñà             | 659kB 15.4MB/s eta 0:00:01[K    59% |‚ñà‚ñà‚ñà‚ñà‚ñà‚ñà‚ñà‚ñà‚ñà‚ñà‚ñà‚ñà‚ñà‚ñà‚ñà‚ñà‚ñà‚ñà‚ñà             | 663kB 16.3MB/s eta 0:00:01[K    60% |‚ñà‚ñà‚ñà‚ñà‚ñà‚ñà‚ñà‚ñà‚ñà‚ñà‚ñà‚ñà‚ñà‚ñà‚ñà‚ñà‚ñà‚ñà‚ñà‚ñè            | 667kB 16.4MB/s eta 0:00:01[K    60% |‚ñà‚ñà‚ñà‚ñà‚ñà‚ñà‚ñà‚ñà‚ñà‚ñà‚ñà‚ñà‚ñà‚ñà‚ñà‚ñà‚ñà‚ñà‚ñà‚ñç            | 671kB 15.7MB/s eta 0:00:01[K    60% |‚ñà‚ñà‚ñà‚ñà‚ñà‚ñà‚ñà‚ñà‚ñà‚ñà‚ñà‚ñà‚ñà‚ñà‚ñà‚ñà‚ñà‚ñà‚ñà‚ñå            | 675kB 15.8MB/s eta 0:00:01[K    61% |‚ñà‚ñà‚ñà‚ñà‚ñà‚ñà‚ñà‚ñà‚ñà‚ñà‚ñà‚ñà‚ñà‚ñà‚ñà‚ñà‚ñà‚ñà‚ñà‚ñã            | 679kB 16.5MB/s eta 0:00:01[K    61% |‚ñà‚ñà‚ñà‚ñà‚ñà‚ñà‚ñà‚ñà‚ñà‚ñà‚ñà‚ñà‚ñà‚ñà‚ñà‚ñà‚ñà‚ñà‚ñà‚ñä            | 684kB 16.5MB/s eta 0:00:01[K    61% |‚ñà‚ñà‚ñà‚ñà‚ñà‚ñà‚ñà‚ñà‚ñà‚ñà‚ñà‚ñà‚ñà‚ñà‚ñà‚ñà‚ñà‚ñà‚ñà‚ñâ            | 688kB 15.5MB/s eta 0:00:01[K    62% |‚ñà‚ñà‚ñà‚ñà‚ñà‚ñà‚ñà‚ñà‚ñà‚ñà‚ñà‚ñà‚ñà‚ñà‚ñà‚ñà‚ñà‚ñà‚ñà‚ñà            | 692kB 15.5MB/s eta 0:00:01[K    62% |‚ñà‚ñà‚ñà‚ñà‚ñà‚ñà‚ñà‚ñà‚ñà‚ñà‚ñà‚ñà‚ñà‚ñà‚ñà‚ñà‚ñà‚ñà‚ñà‚ñà            | 696kB 16.2MB/s eta 0:00:01[K    62% |‚ñà‚ñà‚ñà‚ñà‚ñà‚ñà‚ñà‚ñà‚ñà‚ñà‚ñà‚ñà‚ñà‚ñà‚ñà‚ñà‚ñà‚ñà‚ñà‚ñà‚ñè           | 700kB 16.2MB/s eta 0:00:01[K    63% |‚ñà‚ñà‚ñà‚ñà‚ñà‚ñà‚ñà‚ñà‚ñà‚ñà‚ñà‚ñà‚ñà‚ñà‚ñà‚ñà‚ñà‚ñà‚ñà‚ñà‚ñé           | 704kB 15.6MB/s eta 0:00:01[K    63% |‚ñà‚ñà‚ñà‚ñà‚ñà‚ñà‚ñà‚ñà‚ñà‚ñà‚ñà‚ñà‚ñà‚ñà‚ñà‚ñà‚ñà‚ñà‚ñà‚ñà‚ñç           | 708kB 15.6MB/s eta 0:00:01[K    64% |‚ñà‚ñà‚ñà‚ñà‚ñà‚ñà‚ñà‚ñà‚ñà‚ñà‚ñà‚ñà‚ñà‚ñà‚ñà‚ñà‚ñà‚ñà‚ñà‚ñà‚ñå           | 712kB 16.4MB/s eta 0:00:01[K    64% |‚ñà‚ñà‚ñà‚ñà‚ñà‚ñà‚ñà‚ñà‚ñà‚ñà‚ñà‚ñà‚ñà‚ñà‚ñà‚ñà‚ñà‚ñà‚ñà‚ñà‚ñã           | 716kB 16.3MB/s eta 0:00:01[K    64% |‚ñà‚ñà‚ñà‚ñà‚ñà‚ñà‚ñà‚ñà‚ñà‚ñà‚ñà‚ñà‚ñà‚ñà‚ñà‚ñà‚ñà‚ñà‚ñà‚ñà‚ñä           | 720kB 15.6MB/s eta 0:00:01[K    65% |‚ñà‚ñà‚ñà‚ñà‚ñà‚ñà‚ñà‚ñà‚ñà‚ñà‚ñà‚ñà‚ñà‚ñà‚ñà‚ñà‚ñà‚ñà‚ñà‚ñà‚ñâ           | 724kB 15.7MB/s eta 0:00:01[K    65% |‚ñà‚ñà‚ñà‚ñà‚ñà‚ñà‚ñà‚ñà‚ñà‚ñà‚ñà‚ñà‚ñà‚ñà‚ñà‚ñà‚ñà‚ñà‚ñà‚ñà‚ñà           | 729kB 16.8MB/s eta 0:00:01[K    65% |‚ñà‚ñà‚ñà‚ñà‚ñà‚ñà‚ñà‚ñà‚ñà‚ñà‚ñà‚ñà‚ñà‚ñà‚ñà‚ñà‚ñà‚ñà‚ñà‚ñà‚ñà           | 733kB 16.8MB/s eta 0:00:01[K    66% |‚ñà‚ñà‚ñà‚ñà‚ñà‚ñà‚ñà‚ñà‚ñà‚ñà‚ñà‚ñà‚ñà‚ñà‚ñà‚ñà‚ñà‚ñà‚ñà‚ñà‚ñà‚ñè          | 737kB 16.2MB/s eta 0:00:01[K    66% |‚ñà‚ñà‚ñà‚ñà‚ñà‚ñà‚ñà‚ñà‚ñà‚ñà‚ñà‚ñà‚ñà‚ñà‚ñà‚ñà‚ñà‚ñà‚ñà‚ñà‚ñà‚ñç          | 741kB 16.2MB/s eta 0:00:01[K    67% |‚ñà‚ñà‚ñà‚ñà‚ñà‚ñà‚ñà‚ñà‚ñà‚ñà‚ñà‚ñà‚ñà‚ñà‚ñà‚ñà‚ñà‚ñà‚ñà‚ñà‚ñà‚ñå          | 745kB 16.8MB/s eta 0:00:01[K    67% |‚ñà‚ñà‚ñà‚ñà‚ñà‚ñà‚ñà‚ñà‚ñà‚ñà‚ñà‚ñà‚ñà‚ñà‚ñà‚ñà‚ñà‚ñà‚ñà‚ñà‚ñà‚ñã          | 749kB 16.7MB/s eta 0:00:01[K    67% |‚ñà‚ñà‚ñà‚ñà‚ñà‚ñà‚ñà‚ñà‚ñà‚ñà‚ñà‚ñà‚ñà‚ñà‚ñà‚ñà‚ñà‚ñà‚ñà‚ñà‚ñà‚ñä          | 753kB 15.8MB/s eta 0:00:01[K    68% |‚ñà‚ñà‚ñà‚ñà‚ñà‚ñà‚ñà‚ñà‚ñà‚ñà‚ñà‚ñà‚ñà‚ñà‚ñà‚ñà‚ñà‚ñà‚ñà‚ñà‚ñà‚ñâ          | 757kB 15.8MB/s eta 0:00:01[K    68% |‚ñà‚ñà‚ñà‚ñà‚ñà‚ñà‚ñà‚ñà‚ñà‚ñà‚ñà‚ñà‚ñà‚ñà‚ñà‚ñà‚ñà‚ñà‚ñà‚ñà‚ñà‚ñà          | 761kB 16.7MB/s eta 0:00:01[K    68% |‚ñà‚ñà‚ñà‚ñà‚ñà‚ñà‚ñà‚ñà‚ñà‚ñà‚ñà‚ñà‚ñà‚ñà‚ñà‚ñà‚ñà‚ñà‚ñà‚ñà‚ñà‚ñà          | 765kB 16.7MB/s eta 0:00:01[K    69% |‚ñà‚ñà‚ñà‚ñà‚ñà‚ñà‚ñà‚ñà‚ñà‚ñà‚ñà‚ñà‚ñà‚ñà‚ñà‚ñà‚ñà‚ñà‚ñà‚ñà‚ñà‚ñà‚ñè         | 770kB 15.8MB/s eta 0:00:01[K    69% |‚ñà‚ñà‚ñà‚ñà‚ñà‚ñà‚ñà‚ñà‚ñà‚ñà‚ñà‚ñà‚ñà‚ñà‚ñà‚ñà‚ñà‚ñà‚ñà‚ñà‚ñà‚ñà‚ñé         | 774kB 15.8MB/s eta 0:00:01[K    69% |‚ñà‚ñà‚ñà‚ñà‚ñà‚ñà‚ñà‚ñà‚ñà‚ñà‚ñà‚ñà‚ñà‚ñà‚ñà‚ñà‚ñà‚ñà‚ñà‚ñà‚ñà‚ñà‚ñç         | 778kB 16.4MB/s eta 0:00:01[K    70% |‚ñà‚ñà‚ñà‚ñà‚ñà‚ñà‚ñà‚ñà‚ñà‚ñà‚ñà‚ñà‚ñà‚ñà‚ñà‚ñà‚ñà‚ñà‚ñà‚ñà‚ñà‚ñà‚ñå         | 782kB 16.4MB/s eta 0:00:01[K    70% |‚ñà‚ñà‚ñà‚ñà‚ñà‚ñà‚ñà‚ñà‚ñà‚ñà‚ñà‚ñà‚ñà‚ñà‚ñà‚ñà‚ñà‚ñà‚ñà‚ñà‚ñà‚ñà‚ñã         | 786kB 15.7MB/s eta 0:00:01[K    71% |‚ñà‚ñà‚ñà‚ñà‚ñà‚ñà‚ñà‚ñà‚ñà‚ñà‚ñà‚ñà‚ñà‚ñà‚ñà‚ñà‚ñà‚ñà‚ñà‚ñà‚ñà‚ñà‚ñä         | 790kB 15.8MB/s eta 0:00:01[K    71% |‚ñà‚ñà‚ñà‚ñà‚ñà‚ñà‚ñà‚ñà‚ñà‚ñà‚ñà‚ñà‚ñà‚ñà‚ñà‚ñà‚ñà‚ñà‚ñà‚ñà‚ñà‚ñà‚ñâ         | 794kB 16.8MB/s eta 0:00:01[K    71% |‚ñà‚ñà‚ñà‚ñà‚ñà‚ñà‚ñà‚ñà‚ñà‚ñà‚ñà‚ñà‚ñà‚ñà‚ñà‚ñà‚ñà‚ñà‚ñà‚ñà‚ñà‚ñà‚ñà         | 798kB 16.7MB/s eta 0:00:01[K    72% |‚ñà‚ñà‚ñà‚ñà‚ñà‚ñà‚ñà‚ñà‚ñà‚ñà‚ñà‚ñà‚ñà‚ñà‚ñà‚ñà‚ñà‚ñà‚ñà‚ñà‚ñà‚ñà‚ñà         | 802kB 15.9MB/s eta 0:00:01[K    72% |‚ñà‚ñà‚ñà‚ñà‚ñà‚ñà‚ñà‚ñà‚ñà‚ñà‚ñà‚ñà‚ñà‚ñà‚ñà‚ñà‚ñà‚ñà‚ñà‚ñà‚ñà‚ñà‚ñà‚ñé        | 806kB 15.7MB/s eta 0:00:01[K    72% |‚ñà‚ñà‚ñà‚ñà‚ñà‚ñà‚ñà‚ñà‚ñà‚ñà‚ñà‚ñà‚ñà‚ñà‚ñà‚ñà‚ñà‚ñà‚ñà‚ñà‚ñà‚ñà‚ñà‚ñç        | 811kB 16.4MB/s eta 0:00:01[K    73% |‚ñà‚ñà‚ñà‚ñà‚ñà‚ñà‚ñà‚ñà‚ñà‚ñà‚ñà‚ñà‚ñà‚ñà‚ñà‚ñà‚ñà‚ñà‚ñà‚ñà‚ñà‚ñà‚ñà‚ñå        | 815kB 16.2MB/s eta 0:00:01[K    73% |‚ñà‚ñà‚ñà‚ñà‚ñà‚ñà‚ñà‚ñà‚ñà‚ñà‚ñà‚ñà‚ñà‚ñà‚ñà‚ñà‚ñà‚ñà‚ñà‚ñà‚ñà‚ñà‚ñà‚ñã        | 819kB 15.4MB/s eta 0:00:01[K    74% |‚ñà‚ñà‚ñà‚ñà‚ñà‚ñà‚ñà‚ñà‚ñà‚ñà‚ñà‚ñà‚ñà‚ñà‚ñà‚ñà‚ñà‚ñà‚ñà‚ñà‚ñà‚ñà‚ñà‚ñä        | 823kB 15.4MB/s eta 0:00:01[K    74% |‚ñà‚ñà‚ñà‚ñà‚ñà‚ñà‚ñà‚ñà‚ñà‚ñà‚ñà‚ñà‚ñà‚ñà‚ñà‚ñà‚ñà‚ñà‚ñà‚ñà‚ñà‚ñà‚ñà‚ñâ        | 827kB 16.1MB/s eta 0:00:01[K    74% |‚ñà‚ñà‚ñà‚ñà‚ñà‚ñà‚ñà‚ñà‚ñà‚ñà‚ñà‚ñà‚ñà‚ñà‚ñà‚ñà‚ñà‚ñà‚ñà‚ñà‚ñà‚ñà‚ñà‚ñà        | 831kB 16.2MB/s eta 0:00:01[K    75% |‚ñà‚ñà‚ñà‚ñà‚ñà‚ñà‚ñà‚ñà‚ñà‚ñà‚ñà‚ñà‚ñà‚ñà‚ñà‚ñà‚ñà‚ñà‚ñà‚ñà‚ñà‚ñà‚ñà‚ñà        | 835kB 15.3MB/s eta 0:00:01[K    75% |‚ñà‚ñà‚ñà‚ñà‚ñà‚ñà‚ñà‚ñà‚ñà‚ñà‚ñà‚ñà‚ñà‚ñà‚ñà‚ñà‚ñà‚ñà‚ñà‚ñà‚ñà‚ñà‚ñà‚ñà‚ñè       | 839kB 15.3MB/s eta 0:00:01[K    75% |‚ñà‚ñà‚ñà‚ñà‚ñà‚ñà‚ñà‚ñà‚ñà‚ñà‚ñà‚ñà‚ñà‚ñà‚ñà‚ñà‚ñà‚ñà‚ñà‚ñà‚ñà‚ñà‚ñà‚ñà‚ñé       | 843kB 16.0MB/s eta 0:00:01[K    76% |‚ñà‚ñà‚ñà‚ñà‚ñà‚ñà‚ñà‚ñà‚ñà‚ñà‚ñà‚ñà‚ñà‚ñà‚ñà‚ñà‚ñà‚ñà‚ñà‚ñà‚ñà‚ñà‚ñà‚ñà‚ñç       | 847kB 16.1MB/s eta 0:00:01[K    76% |‚ñà‚ñà‚ñà‚ñà‚ñà‚ñà‚ñà‚ñà‚ñà‚ñà‚ñà‚ñà‚ñà‚ñà‚ñà‚ñà‚ñà‚ñà‚ñà‚ñà‚ñà‚ñà‚ñà‚ñà‚ñå       | 851kB 15.4MB/s eta 0:00:01[K    76% |‚ñà‚ñà‚ñà‚ñà‚ñà‚ñà‚ñà‚ñà‚ñà‚ñà‚ñà‚ñà‚ñà‚ñà‚ñà‚ñà‚ñà‚ñà‚ñà‚ñà‚ñà‚ñà‚ñà‚ñà‚ñã       | 856kB 15.5MB/s eta 0:00:01[K    77% |‚ñà‚ñà‚ñà‚ñà‚ñà‚ñà‚ñà‚ñà‚ñà‚ñà‚ñà‚ñà‚ñà‚ñà‚ñà‚ñà‚ñà‚ñà‚ñà‚ñà‚ñà‚ñà‚ñà‚ñà‚ñä       | 860kB 16.3MB/s eta 0:00:01[K    77% |‚ñà‚ñà‚ñà‚ñà‚ñà‚ñà‚ñà‚ñà‚ñà‚ñà‚ñà‚ñà‚ñà‚ñà‚ñà‚ñà‚ñà‚ñà‚ñà‚ñà‚ñà‚ñà‚ñà‚ñà‚ñâ       | 864kB 16.3MB/s eta 0:00:01[K    78% |‚ñà‚ñà‚ñà‚ñà‚ñà‚ñà‚ñà‚ñà‚ñà‚ñà‚ñà‚ñà‚ñà‚ñà‚ñà‚ñà‚ñà‚ñà‚ñà‚ñà‚ñà‚ñà‚ñà‚ñà‚ñà       | 868kB 15.6MB/s eta 0:00:01[K    78% |‚ñà‚ñà‚ñà‚ñà‚ñà‚ñà‚ñà‚ñà‚ñà‚ñà‚ñà‚ñà‚ñà‚ñà‚ñà‚ñà‚ñà‚ñà‚ñà‚ñà‚ñà‚ñà‚ñà‚ñà‚ñà       | 872kB 15.6MB/s eta 0:00:01[K    78% |‚ñà‚ñà‚ñà‚ñà‚ñà‚ñà‚ñà‚ñà‚ñà‚ñà‚ñà‚ñà‚ñà‚ñà‚ñà‚ñà‚ñà‚ñà‚ñà‚ñà‚ñà‚ñà‚ñà‚ñà‚ñà‚ñé      | 876kB 16.2MB/s eta 0:00:01[K    79% |‚ñà‚ñà‚ñà‚ñà‚ñà‚ñà‚ñà‚ñà‚ñà‚ñà‚ñà‚ñà‚ñà‚ñà‚ñà‚ñà‚ñà‚ñà‚ñà‚ñà‚ñà‚ñà‚ñà‚ñà‚ñà‚ñç      | 880kB 16.1MB/s eta 0:00:01[K    79% |‚ñà‚ñà‚ñà‚ñà‚ñà‚ñà‚ñà‚ñà‚ñà‚ñà‚ñà‚ñà‚ñà‚ñà‚ñà‚ñà‚ñà‚ñà‚ñà‚ñà‚ñà‚ñà‚ñà‚ñà‚ñà‚ñå      | 884kB 15.3MB/s eta 0:00:01[K    79% |‚ñà‚ñà‚ñà‚ñà‚ñà‚ñà‚ñà‚ñà‚ñà‚ñà‚ñà‚ñà‚ñà‚ñà‚ñà‚ñà‚ñà‚ñà‚ñà‚ñà‚ñà‚ñà‚ñà‚ñà‚ñà‚ñã      | 888kB 15.3MB/s eta 0:00:01[K    80% |‚ñà‚ñà‚ñà‚ñà‚ñà‚ñà‚ñà‚ñà‚ñà‚ñà‚ñà‚ñà‚ñà‚ñà‚ñà‚ñà‚ñà‚ñà‚ñà‚ñà‚ñà‚ñà‚ñà‚ñà‚ñà‚ñä      | 892kB 16.1MB/s eta 0:00:01[K    80% |‚ñà‚ñà‚ñà‚ñà‚ñà‚ñà‚ñà‚ñà‚ñà‚ñà‚ñà‚ñà‚ñà‚ñà‚ñà‚ñà‚ñà‚ñà‚ñà‚ñà‚ñà‚ñà‚ñà‚ñà‚ñà‚ñâ      | 897kB 16.1MB/s eta 0:00:01[K    81% |‚ñà‚ñà‚ñà‚ñà‚ñà‚ñà‚ñà‚ñà‚ñà‚ñà‚ñà‚ñà‚ñà‚ñà‚ñà‚ñà‚ñà‚ñà‚ñà‚ñà‚ñà‚ñà‚ñà‚ñà‚ñà‚ñà      | 901kB 15.6MB/s eta 0:00:01[K    81% |‚ñà‚ñà‚ñà‚ñà‚ñà‚ñà‚ñà‚ñà‚ñà‚ñà‚ñà‚ñà‚ñà‚ñà‚ñà‚ñà‚ñà‚ñà‚ñà‚ñà‚ñà‚ñà‚ñà‚ñà‚ñà‚ñà      | 905kB 15.6MB/s eta 0:00:01[K    81% |‚ñà‚ñà‚ñà‚ñà‚ñà‚ñà‚ñà‚ñà‚ñà‚ñà‚ñà‚ñà‚ñà‚ñà‚ñà‚ñà‚ñà‚ñà‚ñà‚ñà‚ñà‚ñà‚ñà‚ñà‚ñà‚ñà‚ñè     | 909kB 16.3MB/s eta 0:00:01[K    82% |‚ñà‚ñà‚ñà‚ñà‚ñà‚ñà‚ñà‚ñà‚ñà‚ñà‚ñà‚ñà‚ñà‚ñà‚ñà‚ñà‚ñà‚ñà‚ñà‚ñà‚ñà‚ñà‚ñà‚ñà‚ñà‚ñà‚ñé     | 913kB 16.4MB/s eta 0:00:01[K    82% |‚ñà‚ñà‚ñà‚ñà‚ñà‚ñà‚ñà‚ñà‚ñà‚ñà‚ñà‚ñà‚ñà‚ñà‚ñà‚ñà‚ñà‚ñà‚ñà‚ñà‚ñà‚ñà‚ñà‚ñà‚ñà‚ñà‚ñç     | 917kB 15.9MB/s eta 0:00:01[K    82% |‚ñà‚ñà‚ñà‚ñà‚ñà‚ñà‚ñà‚ñà‚ñà‚ñà‚ñà‚ñà‚ñà‚ñà‚ñà‚ñà‚ñà‚ñà‚ñà‚ñà‚ñà‚ñà‚ñà‚ñà‚ñà‚ñà‚ñå     | 921kB 16.0MB/s eta 0:00:01[K    83% |‚ñà‚ñà‚ñà‚ñà‚ñà‚ñà‚ñà‚ñà‚ñà‚ñà‚ñà‚ñà‚ñà‚ñà‚ñà‚ñà‚ñà‚ñà‚ñà‚ñà‚ñà‚ñà‚ñà‚ñà‚ñà‚ñà‚ñã     | 925kB 16.9MB/s eta 0:00:01[K    83% |‚ñà‚ñà‚ñà‚ñà‚ñà‚ñà‚ñà‚ñà‚ñà‚ñà‚ñà‚ñà‚ñà‚ñà‚ñà‚ñà‚ñà‚ñà‚ñà‚ñà‚ñà‚ñà‚ñà‚ñà‚ñà‚ñà‚ñä     | 929kB 16.9MB/s eta 0:00:01[K    83% |‚ñà‚ñà‚ñà‚ñà‚ñà‚ñà‚ñà‚ñà‚ñà‚ñà‚ñà‚ñà‚ñà‚ñà‚ñà‚ñà‚ñà‚ñà‚ñà‚ñà‚ñà‚ñà‚ñà‚ñà‚ñà‚ñà‚ñâ     | 933kB 16.2MB/s eta 0:00:01[K    84% |‚ñà‚ñà‚ñà‚ñà‚ñà‚ñà‚ñà‚ñà‚ñà‚ñà‚ñà‚ñà‚ñà‚ñà‚ñà‚ñà‚ñà‚ñà‚ñà‚ñà‚ñà‚ñà‚ñà‚ñà‚ñà‚ñà‚ñà     | 937kB 16.2MB/s eta 0:00:01[K    84% |‚ñà‚ñà‚ñà‚ñà‚ñà‚ñà‚ñà‚ñà‚ñà‚ñà‚ñà‚ñà‚ñà‚ñà‚ñà‚ñà‚ñà‚ñà‚ñà‚ñà‚ñà‚ñà‚ñà‚ñà‚ñà‚ñà‚ñà‚ñè    | 942kB 16.6MB/s eta 0:00:01[K    85% |‚ñà‚ñà‚ñà‚ñà‚ñà‚ñà‚ñà‚ñà‚ñà‚ñà‚ñà‚ñà‚ñà‚ñà‚ñà‚ñà‚ñà‚ñà‚ñà‚ñà‚ñà‚ñà‚ñà‚ñà‚ñà‚ñà‚ñà‚ñé    | 946kB 16.7MB/s eta 0:00:01[K    85% |‚ñà‚ñà‚ñà‚ñà‚ñà‚ñà‚ñà‚ñà‚ñà‚ñà‚ñà‚ñà‚ñà‚ñà‚ñà‚ñà‚ñà‚ñà‚ñà‚ñà‚ñà‚ñà‚ñà‚ñà‚ñà‚ñà‚ñà‚ñç    | 950kB 16.1MB/s eta 0:00:01[K    85% |‚ñà‚ñà‚ñà‚ñà‚ñà‚ñà‚ñà‚ñà‚ñà‚ñà‚ñà‚ñà‚ñà‚ñà‚ñà‚ñà‚ñà‚ñà‚ñà‚ñà‚ñà‚ñà‚ñà‚ñà‚ñà‚ñà‚ñà‚ñå    | 954kB 16.1MB/s eta 0:00:01[K    86% |‚ñà‚ñà‚ñà‚ñà‚ñà‚ñà‚ñà‚ñà‚ñà‚ñà‚ñà‚ñà‚ñà‚ñà‚ñà‚ñà‚ñà‚ñà‚ñà‚ñà‚ñà‚ñà‚ñà‚ñà‚ñà‚ñà‚ñà‚ñã    | 958kB 16.8MB/s eta 0:00:01[K    86% |‚ñà‚ñà‚ñà‚ñà‚ñà‚ñà‚ñà‚ñà‚ñà‚ñà‚ñà‚ñà‚ñà‚ñà‚ñà‚ñà‚ñà‚ñà‚ñà‚ñà‚ñà‚ñà‚ñà‚ñà‚ñà‚ñà‚ñà‚ñä    | 962kB 16.8MB/s eta 0:00:01[K    86% |‚ñà‚ñà‚ñà‚ñà‚ñà‚ñà‚ñà‚ñà‚ñà‚ñà‚ñà‚ñà‚ñà‚ñà‚ñà‚ñà‚ñà‚ñà‚ñà‚ñà‚ñà‚ñà‚ñà‚ñà‚ñà‚ñà‚ñà‚ñâ    | 966kB 16.1MB/s eta 0:00:01[K    87% |‚ñà‚ñà‚ñà‚ñà‚ñà‚ñà‚ñà‚ñà‚ñà‚ñà‚ñà‚ñà‚ñà‚ñà‚ñà‚ñà‚ñà‚ñà‚ñà‚ñà‚ñà‚ñà‚ñà‚ñà‚ñà‚ñà‚ñà‚ñà    | 970kB 16.2MB/s eta 0:00:01[K    87% |‚ñà‚ñà‚ñà‚ñà‚ñà‚ñà‚ñà‚ñà‚ñà‚ñà‚ñà‚ñà‚ñà‚ñà‚ñà‚ñà‚ñà‚ñà‚ñà‚ñà‚ñà‚ñà‚ñà‚ñà‚ñà‚ñà‚ñà‚ñà    | 974kB 16.8MB/s eta 0:00:01[K    88% |‚ñà‚ñà‚ñà‚ñà‚ñà‚ñà‚ñà‚ñà‚ñà‚ñà‚ñà‚ñà‚ñà‚ñà‚ñà‚ñà‚ñà‚ñà‚ñà‚ñà‚ñà‚ñà‚ñà‚ñà‚ñà‚ñà‚ñà‚ñà‚ñè   | 978kB 16.8MB/s eta 0:00:01[K    88% |‚ñà‚ñà‚ñà‚ñà‚ñà‚ñà‚ñà‚ñà‚ñà‚ñà‚ñà‚ñà‚ñà‚ñà‚ñà‚ñà‚ñà‚ñà‚ñà‚ñà‚ñà‚ñà‚ñà‚ñà‚ñà‚ñà‚ñà‚ñà‚ñé   | 983kB 16.1MB/s eta 0:00:01[K    88% |‚ñà‚ñà‚ñà‚ñà‚ñà‚ñà‚ñà‚ñà‚ñà‚ñà‚ñà‚ñà‚ñà‚ñà‚ñà‚ñà‚ñà‚ñà‚ñà‚ñà‚ñà‚ñà‚ñà‚ñà‚ñà‚ñà‚ñà‚ñà‚ñç   | 987kB 16.0MB/s eta 0:00:01[K    89% |‚ñà‚ñà‚ñà‚ñà‚ñà‚ñà‚ñà‚ñà‚ñà‚ñà‚ñà‚ñà‚ñà‚ñà‚ñà‚ñà‚ñà‚ñà‚ñà‚ñà‚ñà‚ñà‚ñà‚ñà‚ñà‚ñà‚ñà‚ñà‚ñå   | 991kB 16.6MB/s eta 0:00:01[K    89% |‚ñà‚ñà‚ñà‚ñà‚ñà‚ñà‚ñà‚ñà‚ñà‚ñà‚ñà‚ñà‚ñà‚ñà‚ñà‚ñà‚ñà‚ñà‚ñà‚ñà‚ñà‚ñà‚ñà‚ñà‚ñà‚ñà‚ñà‚ñà‚ñã   | 995kB 16.5MB/s eta 0:00:01[K    89% |‚ñà‚ñà‚ñà‚ñà‚ñà‚ñà‚ñà‚ñà‚ñà‚ñà‚ñà‚ñà‚ñà‚ñà‚ñà‚ñà‚ñà‚ñà‚ñà‚ñà‚ñà‚ñà‚ñà‚ñà‚ñà‚ñà‚ñà‚ñà‚ñä   | 999kB 15.9MB/s eta 0:00:01[K    90% |‚ñà‚ñà‚ñà‚ñà‚ñà‚ñà‚ñà‚ñà‚ñà‚ñà‚ñà‚ñà‚ñà‚ñà‚ñà‚ñà‚ñà‚ñà‚ñà‚ñà‚ñà‚ñà‚ñà‚ñà‚ñà‚ñà‚ñà‚ñà‚ñâ   | 1.0MB 15.9MB/s eta 0:00:01[K    90% |‚ñà‚ñà‚ñà‚ñà‚ñà‚ñà‚ñà‚ñà‚ñà‚ñà‚ñà‚ñà‚ñà‚ñà‚ñà‚ñà‚ñà‚ñà‚ñà‚ñà‚ñà‚ñà‚ñà‚ñà‚ñà‚ñà‚ñà‚ñà‚ñà   | 1.0MB 16.4MB/s eta 0:00:01[K    90% |‚ñà‚ñà‚ñà‚ñà‚ñà‚ñà‚ñà‚ñà‚ñà‚ñà‚ñà‚ñà‚ñà‚ñà‚ñà‚ñà‚ñà‚ñà‚ñà‚ñà‚ñà‚ñà‚ñà‚ñà‚ñà‚ñà‚ñà‚ñà‚ñà‚ñè  | 1.0MB 16.4MB/s eta 0:00:01[K    91% |‚ñà‚ñà‚ñà‚ñà‚ñà‚ñà‚ñà‚ñà‚ñà‚ñà‚ñà‚ñà‚ñà‚ñà‚ñà‚ñà‚ñà‚ñà‚ñà‚ñà‚ñà‚ñà‚ñà‚ñà‚ñà‚ñà‚ñà‚ñà‚ñà‚ñé  | 1.0MB 15.8MB/s eta 0:00:01[K    91% |‚ñà‚ñà‚ñà‚ñà‚ñà‚ñà‚ñà‚ñà‚ñà‚ñà‚ñà‚ñà‚ñà‚ñà‚ñà‚ñà‚ñà‚ñà‚ñà‚ñà‚ñà‚ñà‚ñà‚ñà‚ñà‚ñà‚ñà‚ñà‚ñà‚ñç  | 1.0MB 15.7MB/s eta 0:00:01[K    92% |‚ñà‚ñà‚ñà‚ñà‚ñà‚ñà‚ñà‚ñà‚ñà‚ñà‚ñà‚ñà‚ñà‚ñà‚ñà‚ñà‚ñà‚ñà‚ñà‚ñà‚ñà‚ñà‚ñà‚ñà‚ñà‚ñà‚ñà‚ñà‚ñà‚ñå  | 1.0MB 16.5MB/s eta 0:00:01[K    92% |‚ñà‚ñà‚ñà‚ñà‚ñà‚ñà‚ñà‚ñà‚ñà‚ñà‚ñà‚ñà‚ñà‚ñà‚ñà‚ñà‚ñà‚ñà‚ñà‚ñà‚ñà‚ñà‚ñà‚ñà‚ñà‚ñà‚ñà‚ñà‚ñà‚ñã  | 1.0MB 16.5MB/s eta 0:00:01[K    92% |‚ñà‚ñà‚ñà‚ñà‚ñà‚ñà‚ñà‚ñà‚ñà‚ñà‚ñà‚ñà‚ñà‚ñà‚ñà‚ñà‚ñà‚ñà‚ñà‚ñà‚ñà‚ñà‚ñà‚ñà‚ñà‚ñà‚ñà‚ñà‚ñà‚ñä  | 1.0MB 15.9MB/s eta 0:00:01[K    93% |‚ñà‚ñà‚ñà‚ñà‚ñà‚ñà‚ñà‚ñà‚ñà‚ñà‚ñà‚ñà‚ñà‚ñà‚ñà‚ñà‚ñà‚ñà‚ñà‚ñà‚ñà‚ñà‚ñà‚ñà‚ñà‚ñà‚ñà‚ñà‚ñà‚ñâ  | 1.0MB 15.9MB/s eta 0:00:01[K    93% |‚ñà‚ñà‚ñà‚ñà‚ñà‚ñà‚ñà‚ñà‚ñà‚ñà‚ñà‚ñà‚ñà‚ñà‚ñà‚ñà‚ñà‚ñà‚ñà‚ñà‚ñà‚ñà‚ñà‚ñà‚ñà‚ñà‚ñà‚ñà‚ñà‚ñà  | 1.0MB 16.5MB/s eta 0:00:01[K    93% |‚ñà‚ñà‚ñà‚ñà‚ñà‚ñà‚ñà‚ñà‚ñà‚ñà‚ñà‚ñà‚ñà‚ñà‚ñà‚ñà‚ñà‚ñà‚ñà‚ñà‚ñà‚ñà‚ñà‚ñà‚ñà‚ñà‚ñà‚ñà‚ñà‚ñà  | 1.0MB 16.5MB/s eta 0:00:01[K    94% |‚ñà‚ñà‚ñà‚ñà‚ñà‚ñà‚ñà‚ñà‚ñà‚ñà‚ñà‚ñà‚ñà‚ñà‚ñà‚ñà‚ñà‚ñà‚ñà‚ñà‚ñà‚ñà‚ñà‚ñà‚ñà‚ñà‚ñà‚ñà‚ñà‚ñà‚ñè | 1.0MB 16.0MB/s eta 0:00:01[K    94% |‚ñà‚ñà‚ñà‚ñà‚ñà‚ñà‚ñà‚ñà‚ñà‚ñà‚ñà‚ñà‚ñà‚ñà‚ñà‚ñà‚ñà‚ñà‚ñà‚ñà‚ñà‚ñà‚ñà‚ñà‚ñà‚ñà‚ñà‚ñà‚ñà‚ñà‚ñé | 1.1MB 16.0MB/s eta 0:00:01[K    95% |‚ñà‚ñà‚ñà‚ñà‚ñà‚ñà‚ñà‚ñà‚ñà‚ñà‚ñà‚ñà‚ñà‚ñà‚ñà‚ñà‚ñà‚ñà‚ñà‚ñà‚ñà‚ñà‚ñà‚ñà‚ñà‚ñà‚ñà‚ñà‚ñà‚ñà‚ñç | 1.1MB 16.6MB/s eta 0:00:01[K    95% |‚ñà‚ñà‚ñà‚ñà‚ñà‚ñà‚ñà‚ñà‚ñà‚ñà‚ñà‚ñà‚ñà‚ñà‚ñà‚ñà‚ñà‚ñà‚ñà‚ñà‚ñà‚ñà‚ñà‚ñà‚ñà‚ñà‚ñà‚ñà‚ñà‚ñà‚ñå | 1.1MB 16.7MB/s eta 0:00:01[K    95% |‚ñà‚ñà‚ñà‚ñà‚ñà‚ñà‚ñà‚ñà‚ñà‚ñà‚ñà‚ñà‚ñà‚ñà‚ñà‚ñà‚ñà‚ñà‚ñà‚ñà‚ñà‚ñà‚ñà‚ñà‚ñà‚ñà‚ñà‚ñà‚ñà‚ñà‚ñã | 1.1MB 16.1MB/s eta 0:00:01[K    96% |‚ñà‚ñà‚ñà‚ñà‚ñà‚ñà‚ñà‚ñà‚ñà‚ñà‚ñà‚ñà‚ñà‚ñà‚ñà‚ñà‚ñà‚ñà‚ñà‚ñà‚ñà‚ñà‚ñà‚ñà‚ñà‚ñà‚ñà‚ñà‚ñà‚ñà‚ñä | 1.1MB 16.1MB/s eta 0:00:01[K    96% |‚ñà‚ñà‚ñà‚ñà‚ñà‚ñà‚ñà‚ñà‚ñà‚ñà‚ñà‚ñà‚ñà‚ñà‚ñà‚ñà‚ñà‚ñà‚ñà‚ñà‚ñà‚ñà‚ñà‚ñà‚ñà‚ñà‚ñà‚ñà‚ñà‚ñà‚ñâ | 1.1MB 16.6MB/s eta 0:00:01[K    96% |‚ñà‚ñà‚ñà‚ñà‚ñà‚ñà‚ñà‚ñà‚ñà‚ñà‚ñà‚ñà‚ñà‚ñà‚ñà‚ñà‚ñà‚ñà‚ñà‚ñà‚ñà‚ñà‚ñà‚ñà‚ñà‚ñà‚ñà‚ñà‚ñà‚ñà‚ñà | 1.1MB 16.6MB/s eta 0:00:01[K    97% |‚ñà‚ñà‚ñà‚ñà‚ñà‚ñà‚ñà‚ñà‚ñà‚ñà‚ñà‚ñà‚ñà‚ñà‚ñà‚ñà‚ñà‚ñà‚ñà‚ñà‚ñà‚ñà‚ñà‚ñà‚ñà‚ñà‚ñà‚ñà‚ñà‚ñà‚ñà‚ñè| 1.1MB 16.0MB/s eta 0:00:01[K    97% |‚ñà‚ñà‚ñà‚ñà‚ñà‚ñà‚ñà‚ñà‚ñà‚ñà‚ñà‚ñà‚ñà‚ñà‚ñà‚ñà‚ñà‚ñà‚ñà‚ñà‚ñà‚ñà‚ñà‚ñà‚ñà‚ñà‚ñà‚ñà‚ñà‚ñà‚ñà‚ñé| 1.1MB 16.0MB/s eta 0:00:01[K    97% |‚ñà‚ñà‚ñà‚ñà‚ñà‚ñà‚ñà‚ñà‚ñà‚ñà‚ñà‚ñà‚ñà‚ñà‚ñà‚ñà‚ñà‚ñà‚ñà‚ñà‚ñà‚ñà‚ñà‚ñà‚ñà‚ñà‚ñà‚ñà‚ñà‚ñà‚ñà‚ñç| 1.1MB 16.6MB/s eta 0:00:01[K    98% |‚ñà‚ñà‚ñà‚ñà‚ñà‚ñà‚ñà‚ñà‚ñà‚ñà‚ñà‚ñà‚ñà‚ñà‚ñà‚ñà‚ñà‚ñà‚ñà‚ñà‚ñà‚ñà‚ñà‚ñà‚ñà‚ñà‚ñà‚ñà‚ñà‚ñà‚ñà‚ñå| 1.1MB 16.6MB/s eta 0:00:01[K    98% |‚ñà‚ñà‚ñà‚ñà‚ñà‚ñà‚ñà‚ñà‚ñà‚ñà‚ñà‚ñà‚ñà‚ñà‚ñà‚ñà‚ñà‚ñà‚ñà‚ñà‚ñà‚ñà‚ñà‚ñà‚ñà‚ñà‚ñà‚ñà‚ñà‚ñà‚ñà‚ñã| 1.1MB 16.0MB/s eta 0:00:01[K    99% |‚ñà‚ñà‚ñà‚ñà‚ñà‚ñà‚ñà‚ñà‚ñà‚ñà‚ñà‚ñà‚ñà‚ñà‚ñà‚ñà‚ñà‚ñà‚ñà‚ñà‚ñà‚ñà‚ñà‚ñà‚ñà‚ñà‚ñà‚ñà‚ñà‚ñà‚ñà‚ñä| 1.1MB 16.0MB/s eta 0:00:01[K    99% |‚ñà‚ñà‚ñà‚ñà‚ñà‚ñà‚ñà‚ñà‚ñà‚ñà‚ñà‚ñà‚ñà‚ñà‚ñà‚ñà‚ñà‚ñà‚ñà‚ñà‚ñà‚ñà‚ñà‚ñà‚ñà‚ñà‚ñà‚ñà‚ñà‚ñà‚ñà‚ñâ| 1.1MB 16.6MB/s eta 0:00:01[K    99% |‚ñà‚ñà‚ñà‚ñà‚ñà‚ñà‚ñà‚ñà‚ñà‚ñà‚ñà‚ñà‚ñà‚ñà‚ñà‚ñà‚ñà‚ñà‚ñà‚ñà‚ñà‚ñà‚ñà‚ñà‚ñà‚ñà‚ñà‚ñà‚ñà‚ñà‚ñà‚ñà| 1.1MB 16.6MB/s eta 0:00:01[K    100% |‚ñà‚ñà‚ñà‚ñà‚ñà‚ñà‚ñà‚ñà‚ñà‚ñà‚ñà‚ñà‚ñà‚ñà‚ñà‚ñà‚ñà‚ñà‚ñà‚ñà‚ñà‚ñà‚ñà‚ñà‚ñà‚ñà‚ñà‚ñà‚ñà‚ñà‚ñà‚ñà| 1.1MB 339kB/s 
[?25hInstalling collected packages: pip
  Found existing installation: pip 6.0.7
    Uninstalling pip-6.0.7:
      Successfully uninstalled pip-6.0.7
Successfully installed pip-7.1.0
travis_time:end:011a77df:start=1437460180437423878,finish=1437460182696316698,duration=2258892820[0Ktravis_fold:end:install.1[0Ktravis_fold:start:install.2[0Ktravis_time:start:0586dfd0[0K$ pip install -r server_requirements.txt
Requirement already satisfied (use --upgrade to upgrade): Flask==0.10.1 in /home/travis/virtualenv/python2.7.9/lib/python2.7/site-packages (from -r server_requirements.txt (line 1))
Requirement already satisfied (use --upgrade to upgrade): Flask-Cache==0.13.1 in /home/travis/virtualenv/python2.7.9/lib/python2.7/site-packages (from -r server_requirements.txt (line 2))
Requirement already satisfied (use --upgrade to upgrade): Jinja2==2.7.3 in /home/travis/virtualenv/python2.7.9/lib/python2.7/site-packages (from -r server_requirements.txt (line 3))
Requirement already satisfied (use --upgrade to upgrade): MarkupSafe==0.23 in /home/travis/virtualenv/python2.7.9/lib/python2.7/site-packages (from -r server_requirements.txt (line 4))
Requirement already satisfied (use --upgrade to upgrade): PyYAML==3.11 in /home/travis/virtualenv/python2.7.9/lib/python2.7/site-packages (from -r server_requirements.txt (line 5))
Requirement already satisfied (use --upgrade to upgrade): Pygments==1.6 in /home/travis/virtualenv/python2.7.9/lib/python2.7/site-packages (from -r server_requirements.txt (line 6))
Requirement already satisfied (use --upgrade to upgrade): Sphinx==1.2.2 in /home/travis/virtualenv/python2.7.9/lib/python2.7/site-packages (from -r server_requirements.txt (line 7))
Requirement already satisfied (use --upgrade to upgrade): Werkzeug==0.9.6 in /home/travis/virtualenv/python2.7.9/lib/python2.7/site-packages (from -r server_requirements.txt (line 8))
Requirement already satisfied (use --upgrade to upgrade): argparse==1.2.1 in /home/travis/virtualenv/python2.7.9/lib/python2.7/site-packages (from -r server_requirements.txt (line 9))
Requirement already satisfied (use --upgrade to upgrade): astroid==1.1.1 in /home/travis/virtualenv/python2.7.9/lib/python2.7/site-packages (from -r server_requirements.txt (line 10))
Requirement already satisfied (use --upgrade to upgrade): docutils==0.11 in /home/travis/virtualenv/python2.7.9/lib/python2.7/site-packages (from -r server_requirements.txt (line 11))
Requirement already satisfied (use --upgrade to upgrade): git-pylint-commit-hook==2.0.5 in /home/travis/virtualenv/python2.7.9/lib/python2.7/site-packages (from -r server_requirements.txt (line 12))
Requirement already satisfied (use --upgrade to upgrade): itsdangerous==0.24 in /home/travis/virtualenv/python2.7.9/lib/python2.7/site-packages (from -r server_requirements.txt (line 13))
Obtaining linkenv-master from git+git://github.com/ze-phyr-us/linkenv.git@ae463b3211cb8dcc8868e88176a1101733c83b6d#egg=linkenv-master (from -r server_requirements.txt (line 14))
  Updating /home/travis/virtualenv/python2.7.9/src/linkenv-master clone (to ae463b3211cb8dcc8868e88176a1101733c83b6d)
[33m  Could not find a tag or branch 'ae463b3211cb8dcc8868e88176a1101733c83b6d', assuming commit.[0m
Requirement already satisfied (use --upgrade to upgrade): logilab-common==0.61.0 in /home/travis/virtualenv/python2.7.9/lib/python2.7/site-packages (from -r server_requirements.txt (line 15))
Requirement already satisfied (use --upgrade to upgrade): mimerender==0.5.4 in /home/travis/virtualenv/python2.7.9/lib/python2.7/site-packages (from -r server_requirements.txt (line 16))
Requirement already satisfied (use --upgrade to upgrade): nose==1.3.4 in /home/travis/virtualenv/python2.7.9/lib/python2.7/site-packages (from -r server_requirements.txt (line 17))
Requirement already satisfied (use --upgrade to upgrade): pylint==1.2.1 in /home/travis/virtualenv/python2.7.9/lib/python2.7/site-packages (from -r server_requirements.txt (line 18))
Requirement already satisfied (use --upgrade to upgrade): python-dateutil==2.2 in /home/travis/virtualenv/python2.7.9/lib/python2.7/site-packages (from -r server_requirements.txt (line 19))
Requirement already satisfied (use --upgrade to upgrade): python-mimeparse==0.1.4 in /home/travis/virtualenv/python2.7.9/lib/python2.7/site-packages (from -r server_requirements.txt (line 20))
Requirement already satisfied (use --upgrade to upgrade): requests==2.3.0 in /home/travis/virtualenv/python2.7.9/lib/python2.7/site-packages (from -r server_requirements.txt (line 21))
Requirement already satisfied (use --upgrade to upgrade): six==1.6.1 in /home/travis/virtualenv/python2.7.9/lib/python2.7/site-packages (from -r server_requirements.txt (line 22))
Requirement already satisfied (use --upgrade to upgrade): sphinxcontrib-httpdomain==1.2.1 in /home/travis/virtualenv/python2.7.9/lib/python2.7/site-packages (from -r server_requirements.txt (line 23))
Requirement already satisfied (use --upgrade to upgrade): unittest2==0.5.1 in /home/travis/virtualenv/python2.7.9/lib/python2.7/site-packages (from -r server_requirements.txt (line 24))
Requirement already satisfied (use --upgrade to upgrade): wsgiref==0.1.2 in /opt/python/2.7.9/lib/python2.7 (from -r server_requirements.txt (line 25))
Requirement already satisfied (use --upgrade to upgrade): ddt==0.8.0 in /home/travis/virtualenv/python2.7.9/lib/python2.7/site-packages (from -r server_requirements.txt (line 26))
Requirement already satisfied (use --upgrade to upgrade): webargs==0.5.0 in /home/travis/virtualenv/python2.7.9/lib/python2.7/site-packages (from -r server_requirements.txt (line 27))
Requirement already satisfied (use --upgrade to upgrade): webob==1.1.1 in /home/travis/virtualenv/python2.7.9/lib/python2.7/site-packages (from -r server_requirements.txt (line 28))
Requirement already satisfied (use --upgrade to upgrade): pytz==2014.10 in /home/travis/virtualenv/python2.7.9/lib/python2.7/site-packages (from -r server_requirements.txt (line 29))
Requirement already satisfied (use --upgrade to upgrade): coverage==3.7.1 in /home/travis/virtualenv/python2.7.9/lib/python2.7/site-packages (from -r server_requirements.txt (line 30))
Requirement already satisfied (use --upgrade to upgrade): coveralls==0.5 in /home/travis/virtualenv/python2.7.9/lib/python2.7/site-packages (from -r server_requirements.txt (line 31))
Requirement already satisfied (use --upgrade to upgrade): docopt>=0.6.1 in /home/travis/virtualenv/python2.7.9/lib/python2.7/site-packages (from coveralls==0.5->-r server_requirements.txt (line 31))
Installing collected packages: linkenv-master
  Running setup.py develop for linkenv-master
Successfully installed linkenv-master
travis_time:end:0586dfd0:start=1437460182701955485,finish=1437460183852965551,duration=1151010066[0Ktravis_fold:end:install.2[0Ktravis_fold:start:before_script.1[0Ktravis_time:start:2e5e8e6c[0K$ wget https://storage.googleapis.com/appengine-sdks/featured/google_appengine_$GAE_VERSION.zip -o gae_sdk.zip
travis_time:end:2e5e8e6c:start=1437460183858608184,finish=1437460226310761958,duration=42452153774[0Ktravis_fold:end:before_script.1[0Ktravis_fold:start:before_script.2[0Ktravis_time:start:151f6da9[0K$ unzip -q google_appengine_$GAE_VERSION.zip
travis_time:end:151f6da9:start=1437460226315063780,finish=1437460228225581451,duration=1910517671[0Ktravis_fold:end:before_script.2[0Ktravis_fold:start:before_script.3[0Ktravis_time:start:004c60bf[0K$ mv google_appengine gae_sdk
travis_time:end:004c60bf:start=1437460228229807130,finish=1437460228259918220,duration=30111090[0Ktravis_fold:end:before_script.3[0Ktravis_fold:start:before_script.4[0Ktravis_time:start:0fdd24ee[0K$ export GAE_SDK=$PWD/gae_sdk
travis_time:end:0fdd24ee:start=1437460228264123046,finish=1437460228267338276,duration=3215230[0Ktravis_fold:end:before_script.4[0Ktravis_fold:start:before_script.5[0Ktravis_time:start:00602858[0K$ export PATH=$PATH:$GAE_SDK
travis_time:end:00602858:start=1437460228271580970,finish=1437460228274836669,duration=3255699[0Ktravis_fold:end:before_script.5[0Ktravis_fold:start:before_script.6[0Ktravis_time:start:13d0f46a[0K$ export PYTHONPATH=$PYTHONPATH:$GAE_SDK
travis_time:end:13d0f46a:start=1437460228279147268,finish=1437460228282391889,duration=3244621[0Ktravis_fold:end:before_script.6[0Ktravis_fold:start:before_script.7[0Ktravis_time:start:04e1a158[0K$ python server/app/generate_keys.py
travis_time:end:04e1a158:start=1437460228286880738,finish=1437460228313222382,duration=26341644[0Ktravis_fold:end:before_script.7[0Ktravis_time:start:098d1a14[0K$ FLASK_CONF=TEST coverage run $CMD --sdk_location $GAE_SDK --quiet
============================================================
Doing regression testing
============================================================
..........................................
----------------------------------------------------------------------
Ran 42 tests in 0.068s

OK
============================================================
Doing permissions testing
============================================================
..................................................................................................................................................
----------------------------------------------------------------------
Ran 146 tests in 21.497s

OK
============================================================
Doing integration testing
============================================================
.FEF.FFFFEEEEEFEF.FFFFE.EEEEFFFF.FFFFEEEEE...FEF.F.FFF.FFFFEF.EEEEF.......................FFF.FFFFEEEEE...............
======================================================================
ERROR: test_entity_create_basic (test_api_assignment.AssignmentAPITest)
Tests creating an empty entity.
----------------------------------------------------------------------
Traceback (most recent call last):
  File "/home/travis/build/Cal-CS-61A-Staff/ok/server/tests/integration/test_api_base.py", line 200, in test_entity_create_basic
    gotten = self.model.get_by_id(self.response_json['key'])
TypeError: 'NoneType' object has no attribute '__getitem__'

======================================================================
ERROR: test_index_one_removed_from_two (test_api_assignment.AssignmentAPITest)
----------------------------------------------------------------------
Traceback (most recent call last):
  File "/home/travis/build/Cal-CS-61A-Staff/ok/server/tests/integration/test_api_base.py", line 108, in test_index_one_removed_from_two
    self.assertTrue(inst.to_json() in self.response_json,
TypeError: argument of type 'NoneType' is not iterable

======================================================================
ERROR: test_pagination_1__3__2_ (test_api_assignment.AssignmentAPITest)
----------------------------------------------------------------------
Traceback (most recent call last):
  File "/home/travis/virtualenv/python2.7.9/lib/python2.7/site-packages/ddt.py", line 114, in wrapper
    return func(self, *args, **kwargs)
  File "/home/travis/build/Cal-CS-61A-Staff/ok/server/tests/integration/test_api_base.py", line 152, in test_pagination
    num_instances = len(self.response_json)
TypeError: object of type 'NoneType' has no len()

======================================================================
ERROR: test_pagination_2__10__3_ (test_api_assignment.AssignmentAPITest)
----------------------------------------------------------------------
Traceback (most recent call last):
  File "/home/travis/virtualenv/python2.7.9/lib/python2.7/site-packages/ddt.py", line 114, in wrapper
    return func(self, *args, **kwargs)
  File "/home/travis/build/Cal-CS-61A-Staff/ok/server/tests/integration/test_api_base.py", line 152, in test_pagination
    num_instances = len(self.response_json)
TypeError: object of type 'NoneType' has no len()

======================================================================
ERROR: test_pagination_3__2__3_ (test_api_assignment.AssignmentAPITest)
----------------------------------------------------------------------
Traceback (most recent call last):
  File "/home/travis/virtualenv/python2.7.9/lib/python2.7/site-packages/ddt.py", line 114, in wrapper
    return func(self, *args, **kwargs)
  File "/home/travis/build/Cal-CS-61A-Staff/ok/server/tests/integration/test_api_base.py", line 152, in test_pagination
    num_instances = len(self.response_json)
TypeError: object of type 'NoneType' has no len()

======================================================================
ERROR: test_pagination_4__2__2_ (test_api_assignment.AssignmentAPITest)
----------------------------------------------------------------------
Traceback (most recent call last):
  File "/home/travis/virtualenv/python2.7.9/lib/python2.7/site-packages/ddt.py", line 114, in wrapper
    return func(self, *args, **kwargs)
  File "/home/travis/build/Cal-CS-61A-Staff/ok/server/tests/integration/test_api_base.py", line 152, in test_pagination
    num_instances = len(self.response_json)
TypeError: object of type 'NoneType' has no len()

======================================================================
ERROR: test_entity_create_basic (test_api_backup.BackupAPITest)
Tests creating an empty entity.
----------------------------------------------------------------------
Traceback (most recent call last):
  File "/home/travis/build/Cal-CS-61A-Staff/ok/server/tests/integration/test_api_base.py", line 200, in test_entity_create_basic
    gotten = self.model.get_by_id(self.response_json['key'])
TypeError: 'NoneType' object has no attribute '__getitem__'

======================================================================
ERROR: test_index_one_removed_from_two (test_api_backup.BackupAPITest)
----------------------------------------------------------------------
Traceback (most recent call last):
  File "/home/travis/build/Cal-CS-61A-Staff/ok/server/tests/integration/test_api_base.py", line 108, in test_index_one_removed_from_two
    self.assertTrue(inst.to_json() in self.response_json,
TypeError: argument of type 'NoneType' is not iterable

======================================================================
ERROR: test_pagination_1__3__2_ (test_api_backup.BackupAPITest)
----------------------------------------------------------------------
Traceback (most recent call last):
  File "/home/travis/virtualenv/python2.7.9/lib/python2.7/site-packages/ddt.py", line 114, in wrapper
    return func(self, *args, **kwargs)
  File "/home/travis/build/Cal-CS-61A-Staff/ok/server/tests/integration/test_api_base.py", line 152, in test_pagination
    num_instances = len(self.response_json)
TypeError: object of type 'NoneType' has no len()

======================================================================
ERROR: test_pagination_2__10__3_ (test_api_backup.BackupAPITest)
----------------------------------------------------------------------
Traceback (most recent call last):
  File "/home/travis/virtualenv/python2.7.9/lib/python2.7/site-packages/ddt.py", line 114, in wrapper
    return func(self, *args, **kwargs)
  File "/home/travis/build/Cal-CS-61A-Staff/ok/server/tests/integration/test_api_base.py", line 152, in test_pagination
    num_instances = len(self.response_json)
TypeError: object of type 'NoneType' has no len()

======================================================================
ERROR: test_pagination_3__2__3_ (test_api_backup.BackupAPITest)
----------------------------------------------------------------------
Traceback (most recent call last):
  File "/home/travis/virtualenv/python2.7.9/lib/python2.7/site-packages/ddt.py", line 114, in wrapper
    return func(self, *args, **kwargs)
  File "/home/travis/build/Cal-CS-61A-Staff/ok/server/tests/integration/test_api_base.py", line 152, in test_pagination
    num_instances = len(self.response_json)
TypeError: object of type 'NoneType' has no len()

======================================================================
ERROR: test_pagination_4__2__2_ (test_api_backup.BackupAPITest)
----------------------------------------------------------------------
Traceback (most recent call last):
  File "/home/travis/virtualenv/python2.7.9/lib/python2.7/site-packages/ddt.py", line 114, in wrapper
    return func(self, *args, **kwargs)
  File "/home/travis/build/Cal-CS-61A-Staff/ok/server/tests/integration/test_api_base.py", line 152, in test_pagination
    num_instances = len(self.response_json)
TypeError: object of type 'NoneType' has no len()

======================================================================
ERROR: test_index_one_removed_from_two (test_api_course.CourseAPITest)
----------------------------------------------------------------------
Traceback (most recent call last):
  File "/home/travis/build/Cal-CS-61A-Staff/ok/server/tests/integration/test_api_base.py", line 108, in test_index_one_removed_from_two
    self.assertTrue(inst.to_json() in self.response_json,
TypeError: argument of type 'NoneType' is not iterable

======================================================================
ERROR: test_pagination_1__3__2_ (test_api_course.CourseAPITest)
----------------------------------------------------------------------
Traceback (most recent call last):
  File "/home/travis/virtualenv/python2.7.9/lib/python2.7/site-packages/ddt.py", line 114, in wrapper
    return func(self, *args, **kwargs)
  File "/home/travis/build/Cal-CS-61A-Staff/ok/server/tests/integration/test_api_base.py", line 152, in test_pagination
    num_instances = len(self.response_json)
TypeError: object of type 'NoneType' has no len()

======================================================================
ERROR: test_pagination_2__10__3_ (test_api_course.CourseAPITest)
----------------------------------------------------------------------
Traceback (most recent call last):
  File "/home/travis/virtualenv/python2.7.9/lib/python2.7/site-packages/ddt.py", line 114, in wrapper
    return func(self, *args, **kwargs)
  File "/home/travis/build/Cal-CS-61A-Staff/ok/server/tests/integration/test_api_base.py", line 152, in test_pagination
    num_instances = len(self.response_json)
TypeError: object of type 'NoneType' has no len()

======================================================================
ERROR: test_pagination_3__2__3_ (test_api_course.CourseAPITest)
----------------------------------------------------------------------
Traceback (most recent call last):
  File "/home/travis/virtualenv/python2.7.9/lib/python2.7/site-packages/ddt.py", line 114, in wrapper
    return func(self, *args, **kwargs)
  File "/home/travis/build/Cal-CS-61A-Staff/ok/server/tests/integration/test_api_base.py", line 152, in test_pagination
    num_instances = len(self.response_json)
TypeError: object of type 'NoneType' has no len()

======================================================================
ERROR: test_pagination_4__2__2_ (test_api_course.CourseAPITest)
----------------------------------------------------------------------
Traceback (most recent call last):
  File "/home/travis/virtualenv/python2.7.9/lib/python2.7/site-packages/ddt.py", line 114, in wrapper
    return func(self, *args, **kwargs)
  File "/home/travis/build/Cal-CS-61A-Staff/ok/server/tests/integration/test_api_base.py", line 152, in test_pagination
    num_instances = len(self.response_json)
TypeError: object of type 'NoneType' has no len()

======================================================================
ERROR: test_assignment_group (test_api_group.GroupAPITest)
----------------------------------------------------------------------
Traceback (most recent call last):
  File "/home/travis/build/Cal-CS-61A-Staff/ok/server/tests/integration/test_api_group.py", line 52, in test_assignment_group
    self.assertEqual(self.response_json['id'], inst.key.id())
TypeError: 'NoneType' object has no attribute '__getitem__'

======================================================================
ERROR: test_index_one_removed_from_two (test_api_group.GroupAPITest)
----------------------------------------------------------------------
Traceback (most recent call last):
  File "/home/travis/build/Cal-CS-61A-Staff/ok/server/tests/integration/test_api_base.py", line 108, in test_index_one_removed_from_two
    self.assertTrue(inst.to_json() in self.response_json,
TypeError: argument of type 'NoneType' is not iterable

======================================================================
ERROR: test_pagination_1__3__2_ (test_api_group.GroupAPITest)
----------------------------------------------------------------------
Traceback (most recent call last):
  File "/home/travis/virtualenv/python2.7.9/lib/python2.7/site-packages/ddt.py", line 114, in wrapper
    return func(self, *args, **kwargs)
  File "/home/travis/build/Cal-CS-61A-Staff/ok/server/tests/integration/test_api_base.py", line 152, in test_pagination
    num_instances = len(self.response_json)
TypeError: object of type 'NoneType' has no len()

======================================================================
ERROR: test_pagination_2__10__3_ (test_api_group.GroupAPITest)
----------------------------------------------------------------------
Traceback (most recent call last):
  File "/home/travis/virtualenv/python2.7.9/lib/python2.7/site-packages/ddt.py", line 114, in wrapper
    return func(self, *args, **kwargs)
  File "/home/travis/build/Cal-CS-61A-Staff/ok/server/tests/integration/test_api_base.py", line 152, in test_pagination
    num_instances = len(self.response_json)
TypeError: object of type 'NoneType' has no len()

======================================================================
ERROR: test_pagination_3__2__3_ (test_api_group.GroupAPITest)
----------------------------------------------------------------------
Traceback (most recent call last):
  File "/home/travis/virtualenv/python2.7.9/lib/python2.7/site-packages/ddt.py", line 114, in wrapper
    return func(self, *args, **kwargs)
  File "/home/travis/build/Cal-CS-61A-Staff/ok/server/tests/integration/test_api_base.py", line 152, in test_pagination
    num_instances = len(self.response_json)
TypeError: object of type 'NoneType' has no len()

======================================================================
ERROR: test_pagination_4__2__2_ (test_api_group.GroupAPITest)
----------------------------------------------------------------------
Traceback (most recent call last):
  File "/home/travis/virtualenv/python2.7.9/lib/python2.7/site-packages/ddt.py", line 114, in wrapper
    return func(self, *args, **kwargs)
  File "/home/travis/build/Cal-CS-61A-Staff/ok/server/tests/integration/test_api_base.py", line 152, in test_pagination
    num_instances = len(self.response_json)
TypeError: object of type 'NoneType' has no len()

======================================================================
ERROR: test_index_one_removed_from_two (test_api_version.VersionAPITest)
----------------------------------------------------------------------
Traceback (most recent call last):
  File "/home/travis/build/Cal-CS-61A-Staff/ok/server/tests/integration/test_api_base.py", line 108, in test_index_one_removed_from_two
    self.assertTrue(inst.to_json() in self.response_json,
TypeError: argument of type 'NoneType' is not iterable

======================================================================
ERROR: test_pagination_1__3__2_ (test_api_version.VersionAPITest)
----------------------------------------------------------------------
Traceback (most recent call last):
  File "/home/travis/virtualenv/python2.7.9/lib/python2.7/site-packages/ddt.py", line 114, in wrapper
    return func(self, *args, **kwargs)
  File "/home/travis/build/Cal-CS-61A-Staff/ok/server/tests/integration/test_api_base.py", line 152, in test_pagination
    num_instances = len(self.response_json)
TypeError: object of type 'NoneType' has no len()

======================================================================
ERROR: test_pagination_2__10__3_ (test_api_version.VersionAPITest)
----------------------------------------------------------------------
Traceback (most recent call last):
  File "/home/travis/virtualenv/python2.7.9/lib/python2.7/site-packages/ddt.py", line 114, in wrapper
    return func(self, *args, **kwargs)
  File "/home/travis/build/Cal-CS-61A-Staff/ok/server/tests/integration/test_api_base.py", line 152, in test_pagination
    num_instances = len(self.response_json)
TypeError: object of type 'NoneType' has no len()

======================================================================
ERROR: test_pagination_3__2__3_ (test_api_version.VersionAPITest)
----------------------------------------------------------------------
Traceback (most recent call last):
  File "/home/travis/virtualenv/python2.7.9/lib/python2.7/site-packages/ddt.py", line 114, in wrapper
    return func(self, *args, **kwargs)
  File "/home/travis/build/Cal-CS-61A-Staff/ok/server/tests/integration/test_api_base.py", line 152, in test_pagination
    num_instances = len(self.response_json)
TypeError: object of type 'NoneType' has no len()

======================================================================
ERROR: test_pagination_4__2__2_ (test_api_version.VersionAPITest)
----------------------------------------------------------------------
Traceback (most recent call last):
  File "/home/travis/virtualenv/python2.7.9/lib/python2.7/site-packages/ddt.py", line 114, in wrapper
    return func(self, *args, **kwargs)
  File "/home/travis/build/Cal-CS-61A-Staff/ok/server/tests/integration/test_api_base.py", line 152, in test_pagination
    num_instances = len(self.response_json)
TypeError: object of type 'NoneType' has no len()

======================================================================
FAIL: test_create_two_entities (test_api_assignment.AssignmentAPITest)
----------------------------------------------------------------------
Traceback (most recent call last):
  File "/home/travis/build/Cal-CS-61A-Staff/ok/server/tests/integration/test_api_base.py", line 206, in test_create_two_entities
    self.assertStatusCode(201)
  File "/home/travis/build/Cal-CS-61A-Staff/ok/server/tests/test_base.py", line 253, in assertStatusCode
    response_json['message'])
AssertionError: 400 != 201 : fields should be dictionary or boolean

======================================================================
FAIL: test_get_basic (test_api_assignment.AssignmentAPITest)
Tests that a basic get works.
----------------------------------------------------------------------
Traceback (most recent call last):
  File "/home/travis/build/Cal-CS-61A-Staff/ok/server/tests/integration/test_api_base.py", line 174, in test_get_basic
    self.assertJson(inst.to_json())
  File "/home/travis/build/Cal-CS-61A-Staff/ok/server/tests/test_base.py", line 257, in assertJson
    self.assertStatusCode(200)
  File "/home/travis/build/Cal-CS-61A-Staff/ok/server/tests/test_base.py", line 253, in assertStatusCode
    response_json['message'])
AssertionError: 400 != 200 : fields should be dictionary or boolean

======================================================================
FAIL: test_get_with_two_entities (test_api_assignment.AssignmentAPITest)
----------------------------------------------------------------------
Traceback (most recent call last):
  File "/home/travis/build/Cal-CS-61A-Staff/ok/server/tests/integration/test_api_base.py", line 186, in test_get_with_two_entities
    self.assertJson(inst2.to_json())
  File "/home/travis/build/Cal-CS-61A-Staff/ok/server/tests/test_base.py", line 257, in assertJson
    self.assertStatusCode(200)
  File "/home/travis/build/Cal-CS-61A-Staff/ok/server/tests/test_base.py", line 253, in assertStatusCode
    response_json['message'])
AssertionError: 400 != 200 : fields should be dictionary or boolean

======================================================================
FAIL: test_index_empty (test_api_assignment.AssignmentAPITest)
Tests there are no entities when the db is created.
----------------------------------------------------------------------
Traceback (most recent call last):
  File "/home/travis/build/Cal-CS-61A-Staff/ok/server/tests/integration/test_api_base.py", line 78, in test_index_empty
    self.assertJson([])
  File "/home/travis/build/Cal-CS-61A-Staff/ok/server/tests/test_base.py", line 257, in assertJson
    self.assertStatusCode(200)
  File "/home/travis/build/Cal-CS-61A-Staff/ok/server/tests/test_base.py", line 253, in assertStatusCode
    response_json['message'])
AssertionError: 400 != 200 : fields should be dictionary or boolean

======================================================================
FAIL: test_index_one_added (test_api_assignment.AssignmentAPITest)
Tests that the index method gives the added entity.
----------------------------------------------------------------------
Traceback (most recent call last):
  File "/home/travis/build/Cal-CS-61A-Staff/ok/server/tests/integration/test_api_base.py", line 85, in test_index_one_added
    self.assertJson([inst.to_json()])
  File "/home/travis/build/Cal-CS-61A-Staff/ok/server/tests/test_base.py", line 257, in assertJson
    self.assertStatusCode(200)
  File "/home/travis/build/Cal-CS-61A-Staff/ok/server/tests/test_base.py", line 253, in assertStatusCode
    response_json['message'])
AssertionError: 400 != 200 : fields should be dictionary or boolean

======================================================================
FAIL: test_index_one_removed (test_api_assignment.AssignmentAPITest)
Tests that removing an entity makes it disappear from the index.
----------------------------------------------------------------------
Traceback (most recent call last):
  File "/home/travis/build/Cal-CS-61A-Staff/ok/server/tests/integration/test_api_base.py", line 92, in test_index_one_removed
    self.assertJson([inst.to_json()])
  File "/home/travis/build/Cal-CS-61A-Staff/ok/server/tests/test_base.py", line 257, in assertJson
    self.assertStatusCode(200)
  File "/home/travis/build/Cal-CS-61A-Staff/ok/server/tests/test_base.py", line 253, in assertStatusCode
    response_json['message'])
AssertionError: 400 != 200 : fields should be dictionary or boolean

======================================================================
FAIL: test_create_two_entities (test_api_backup.BackupAPITest)
----------------------------------------------------------------------
Traceback (most recent call last):
  File "/home/travis/build/Cal-CS-61A-Staff/ok/server/tests/integration/test_api_base.py", line 206, in test_create_two_entities
    self.assertStatusCode(201)
  File "/home/travis/build/Cal-CS-61A-Staff/ok/server/tests/test_base.py", line 253, in assertStatusCode
    response_json['message'])
AssertionError: 400 != 201 : fields should be dictionary or boolean

======================================================================
FAIL: test_get_basic (test_api_backup.BackupAPITest)
Tests that a basic get works.
----------------------------------------------------------------------
Traceback (most recent call last):
  File "/home/travis/build/Cal-CS-61A-Staff/ok/server/tests/integration/test_api_base.py", line 174, in test_get_basic
    self.assertJson(inst.to_json())
  File "/home/travis/build/Cal-CS-61A-Staff/ok/server/tests/test_base.py", line 257, in assertJson
    self.assertStatusCode(200)
  File "/home/travis/build/Cal-CS-61A-Staff/ok/server/tests/test_base.py", line 253, in assertStatusCode
    response_json['message'])
AssertionError: 400 != 200 : fields should be dictionary or boolean

======================================================================
FAIL: test_get_with_two_entities (test_api_backup.BackupAPITest)
----------------------------------------------------------------------
Traceback (most recent call last):
  File "/home/travis/build/Cal-CS-61A-Staff/ok/server/tests/integration/test_api_base.py", line 186, in test_get_with_two_entities
    self.assertJson(inst2.to_json())
  File "/home/travis/build/Cal-CS-61A-Staff/ok/server/tests/test_base.py", line 257, in assertJson
    self.assertStatusCode(200)
  File "/home/travis/build/Cal-CS-61A-Staff/ok/server/tests/test_base.py", line 253, in assertStatusCode
    response_json['message'])
AssertionError: 400 != 200 : fields should be dictionary or boolean

======================================================================
FAIL: test_index_empty (test_api_backup.BackupAPITest)
Tests there are no entities when the db is created.
----------------------------------------------------------------------
Traceback (most recent call last):
  File "/home/travis/build/Cal-CS-61A-Staff/ok/server/tests/integration/test_api_base.py", line 78, in test_index_empty
    self.assertJson([])
  File "/home/travis/build/Cal-CS-61A-Staff/ok/server/tests/test_base.py", line 257, in assertJson
    self.assertStatusCode(200)
  File "/home/travis/build/Cal-CS-61A-Staff/ok/server/tests/test_base.py", line 253, in assertStatusCode
    response_json['message'])
AssertionError: 400 != 200 : fields should be dictionary or boolean

======================================================================
FAIL: test_index_one_added (test_api_backup.BackupAPITest)
Tests that the index method gives the added entity.
----------------------------------------------------------------------
Traceback (most recent call last):
  File "/home/travis/build/Cal-CS-61A-Staff/ok/server/tests/integration/test_api_base.py", line 85, in test_index_one_added
    self.assertJson([inst.to_json()])
  File "/home/travis/build/Cal-CS-61A-Staff/ok/server/tests/test_base.py", line 257, in assertJson
    self.assertStatusCode(200)
  File "/home/travis/build/Cal-CS-61A-Staff/ok/server/tests/test_base.py", line 253, in assertStatusCode
    response_json['message'])
AssertionError: 400 != 200 : fields should be dictionary or boolean

======================================================================
FAIL: test_index_one_removed (test_api_backup.BackupAPITest)
Tests that removing an entity makes it disappear from the index.
----------------------------------------------------------------------
Traceback (most recent call last):
  File "/home/travis/build/Cal-CS-61A-Staff/ok/server/tests/integration/test_api_base.py", line 92, in test_index_one_removed
    self.assertJson([inst.to_json()])
  File "/home/travis/build/Cal-CS-61A-Staff/ok/server/tests/test_base.py", line 257, in assertJson
    self.assertStatusCode(200)
  File "/home/travis/build/Cal-CS-61A-Staff/ok/server/tests/test_base.py", line 253, in assertStatusCode
    response_json['message'])
AssertionError: 400 != 200 : fields should be dictionary or boolean

======================================================================
FAIL: test_sorting (test_api_backup.BackupAPITest)
----------------------------------------------------------------------
Traceback (most recent call last):
  File "/home/travis/build/Cal-CS-61A-Staff/ok/server/tests/integration/test_api_backup.py", line 85, in test_sorting
    self.assertJson([inst2.to_json()])
  File "/home/travis/build/Cal-CS-61A-Staff/ok/server/tests/test_base.py", line 257, in assertJson
    self.assertStatusCode(200)
  File "/home/travis/build/Cal-CS-61A-Staff/ok/server/tests/test_base.py", line 253, in assertStatusCode
    response_json['message'])
AssertionError: 400 != 200 : fields should be dictionary or boolean

======================================================================
FAIL: test_create_two_entities (test_api_course.CourseAPITest)
----------------------------------------------------------------------
Traceback (most recent call last):
  File "/home/travis/build/Cal-CS-61A-Staff/ok/server/tests/integration/test_api_base.py", line 205, in test_create_two_entities
    self.post_entity(inst)
  File "/home/travis/build/Cal-CS-61A-Staff/ok/server/tests/test_base.py", line 239, in post_entity
    self.assertStatusCode(201)
  File "/home/travis/build/Cal-CS-61A-Staff/ok/server/tests/test_base.py", line 253, in assertStatusCode
    response_json['message'])
AssertionError: 400 != 201 : fields should be dictionary or boolean

======================================================================
FAIL: test_entity_create_basic (test_api_course.CourseAPITest)
Tests creating an empty entity.
----------------------------------------------------------------------
Traceback (most recent call last):
  File "/home/travis/build/Cal-CS-61A-Staff/ok/server/tests/integration/test_api_base.py", line 198, in test_entity_create_basic
    self.post_entity(inst)
  File "/home/travis/build/Cal-CS-61A-Staff/ok/server/tests/test_base.py", line 239, in post_entity
    self.assertStatusCode(201)
  File "/home/travis/build/Cal-CS-61A-Staff/ok/server/tests/test_base.py", line 253, in assertStatusCode
    response_json['message'])
AssertionError: 400 != 201 : fields should be dictionary or boolean

======================================================================
FAIL: test_get_basic (test_api_course.CourseAPITest)
Tests that a basic get works.
----------------------------------------------------------------------
Traceback (most recent call last):
  File "/home/travis/build/Cal-CS-61A-Staff/ok/server/tests/integration/test_api_base.py", line 174, in test_get_basic
    self.assertJson(inst.to_json())
  File "/home/travis/build/Cal-CS-61A-Staff/ok/server/tests/test_base.py", line 257, in assertJson
    self.assertStatusCode(200)
  File "/home/travis/build/Cal-CS-61A-Staff/ok/server/tests/test_base.py", line 253, in assertStatusCode
    response_json['message'])
AssertionError: 400 != 200 : fields should be dictionary or boolean

======================================================================
FAIL: test_get_with_two_entities (test_api_course.CourseAPITest)
----------------------------------------------------------------------
Traceback (most recent call last):
  File "/home/travis/build/Cal-CS-61A-Staff/ok/server/tests/integration/test_api_base.py", line 186, in test_get_with_two_entities
    self.assertJson(inst2.to_json())
  File "/home/travis/build/Cal-CS-61A-Staff/ok/server/tests/test_base.py", line 257, in assertJson
    self.assertStatusCode(200)
  File "/home/travis/build/Cal-CS-61A-Staff/ok/server/tests/test_base.py", line 253, in assertStatusCode
    response_json['message'])
AssertionError: 400 != 200 : fields should be dictionary or boolean

======================================================================
FAIL: test_index_empty (test_api_course.CourseAPITest)
Tests there are no entities when the db is created.
----------------------------------------------------------------------
Traceback (most recent call last):
  File "/home/travis/build/Cal-CS-61A-Staff/ok/server/tests/integration/test_api_base.py", line 78, in test_index_empty
    self.assertJson([])
  File "/home/travis/build/Cal-CS-61A-Staff/ok/server/tests/test_base.py", line 257, in assertJson
    self.assertStatusCode(200)
  File "/home/travis/build/Cal-CS-61A-Staff/ok/server/tests/test_base.py", line 253, in assertStatusCode
    response_json['message'])
AssertionError: 400 != 200 : fields should be dictionary or boolean

======================================================================
FAIL: test_index_one_added (test_api_course.CourseAPITest)
Tests that the index method gives the added entity.
----------------------------------------------------------------------
Traceback (most recent call last):
  File "/home/travis/build/Cal-CS-61A-Staff/ok/server/tests/integration/test_api_base.py", line 85, in test_index_one_added
    self.assertJson([inst.to_json()])
  File "/home/travis/build/Cal-CS-61A-Staff/ok/server/tests/test_base.py", line 257, in assertJson
    self.assertStatusCode(200)
  File "/home/travis/build/Cal-CS-61A-Staff/ok/server/tests/test_base.py", line 253, in assertStatusCode
    response_json['message'])
AssertionError: 400 != 200 : fields should be dictionary or boolean

======================================================================
FAIL: test_index_one_removed (test_api_course.CourseAPITest)
Tests that removing an entity makes it disappear from the index.
----------------------------------------------------------------------
Traceback (most recent call last):
  File "/home/travis/build/Cal-CS-61A-Staff/ok/server/tests/integration/test_api_base.py", line 92, in test_index_one_removed
    self.assertJson([inst.to_json()])
  File "/home/travis/build/Cal-CS-61A-Staff/ok/server/tests/test_base.py", line 257, in assertJson
    self.assertStatusCode(200)
  File "/home/travis/build/Cal-CS-61A-Staff/ok/server/tests/test_base.py", line 253, in assertStatusCode
    response_json['message'])
AssertionError: 400 != 200 : fields should be dictionary or boolean

======================================================================
FAIL: test_accept (test_api_group.GroupAPITest)
----------------------------------------------------------------------
Traceback (most recent call last):
  File "/home/travis/build/Cal-CS-61A-Staff/ok/server/tests/integration/test_api_group.py", line 96, in test_accept
    self.assertEqual(inst.invited, [])
AssertionError: Lists differ: [Key('Userv2', 2)] != []

First list contains 1 additional elements.
First extra element 0:
Key('Userv2', 2)

- [Key('Userv2', 2)]
+ []

======================================================================
FAIL: test_assignment_invite (test_api_group.GroupAPITest)
----------------------------------------------------------------------
Traceback (most recent call last):
  File "/home/travis/build/Cal-CS-61A-Staff/ok/server/tests/integration/test_api_group.py", line 66, in test_assignment_invite
    self.assertEqual(inst.invited, [invited.key])
AssertionError: Lists differ: [] != [Key('Userv2', 2)]

Second list contains 1 additional elements.
First extra element 0:
Key('Userv2', 2)

- []
+ [Key('Userv2', 2)]

======================================================================
FAIL: test_decline_invite_from_two_member_group (test_api_group.GroupAPITest)
----------------------------------------------------------------------
Traceback (most recent call last):
  File "/home/travis/build/Cal-CS-61A-Staff/ok/server/tests/integration/test_api_group.py", line 166, in test_decline_invite_from_two_member_group
    self.assertStatusCode(200)
  File "/home/travis/build/Cal-CS-61A-Staff/ok/server/tests/test_base.py", line 253, in assertStatusCode
    response_json['message'])
AssertionError: 400 != 200 : fields should be dictionary or boolean

======================================================================
FAIL: test_exit_invited (test_api_group.GroupAPITest)
----------------------------------------------------------------------
Traceback (most recent call last):
  File "/home/travis/build/Cal-CS-61A-Staff/ok/server/tests/integration/test_api_group.py", line 107, in test_exit_invited
    self.assertEqual(inst.invited, [])
AssertionError: Lists differ: [Key('Userv2', 2)] != []

First list contains 1 additional elements.
First extra element 0:
Key('Userv2', 2)

- [Key('Userv2', 2)]
+ []

======================================================================
FAIL: test_exit_member (test_api_group.GroupAPITest)
----------------------------------------------------------------------
Traceback (most recent call last):
  File "/home/travis/build/Cal-CS-61A-Staff/ok/server/tests/integration/test_api_group.py", line 120, in test_exit_member
    self.assertNotIn(self.user.key, inst.member)
AssertionError: Key('Userv2', 2) unexpectedly found in [Key('Userv2', 1), Key('Userv2', 5), Key('Userv2', 2)]

======================================================================
FAIL: test_get_basic (test_api_group.GroupAPITest)
Tests that a basic get works.
----------------------------------------------------------------------
Traceback (most recent call last):
  File "/home/travis/build/Cal-CS-61A-Staff/ok/server/tests/integration/test_api_base.py", line 174, in test_get_basic
    self.assertJson(inst.to_json())
  File "/home/travis/build/Cal-CS-61A-Staff/ok/server/tests/test_base.py", line 257, in assertJson
    self.assertStatusCode(200)
  File "/home/travis/build/Cal-CS-61A-Staff/ok/server/tests/test_base.py", line 253, in assertStatusCode
    response_json['message'])
AssertionError: 400 != 200 : fields should be dictionary or boolean

======================================================================
FAIL: test_get_with_two_entities (test_api_group.GroupAPITest)
----------------------------------------------------------------------
Traceback (most recent call last):
  File "/home/travis/build/Cal-CS-61A-Staff/ok/server/tests/integration/test_api_base.py", line 186, in test_get_with_two_entities
    self.assertJson(inst2.to_json())
  File "/home/travis/build/Cal-CS-61A-Staff/ok/server/tests/test_base.py", line 257, in assertJson
    self.assertStatusCode(200)
  File "/home/travis/build/Cal-CS-61A-Staff/ok/server/tests/test_base.py", line 253, in assertStatusCode
    response_json['message'])
AssertionError: 400 != 200 : fields should be dictionary or boolean

======================================================================
FAIL: test_index_empty (test_api_group.GroupAPITest)
Tests there are no entities when the db is created.
----------------------------------------------------------------------
Traceback (most recent call last):
  File "/home/travis/build/Cal-CS-61A-Staff/ok/server/tests/integration/test_api_base.py", line 78, in test_index_empty
    self.assertJson([])
  File "/home/travis/build/Cal-CS-61A-Staff/ok/server/tests/test_base.py", line 257, in assertJson
    self.assertStatusCode(200)
  File "/home/travis/build/Cal-CS-61A-Staff/ok/server/tests/test_base.py", line 253, in assertStatusCode
    response_json['message'])
AssertionError: 400 != 200 : fields should be dictionary or boolean

======================================================================
FAIL: test_index_one_added (test_api_group.GroupAPITest)
Tests that the index method gives the added entity.
----------------------------------------------------------------------
Traceback (most recent call last):
  File "/home/travis/build/Cal-CS-61A-Staff/ok/server/tests/integration/test_api_base.py", line 85, in test_index_one_added
    self.assertJson([inst.to_json()])
  File "/home/travis/build/Cal-CS-61A-Staff/ok/server/tests/test_base.py", line 257, in assertJson
    self.assertStatusCode(200)
  File "/home/travis/build/Cal-CS-61A-Staff/ok/server/tests/test_base.py", line 253, in assertStatusCode
    response_json['message'])
AssertionError: 400 != 200 : fields should be dictionary or boolean

======================================================================
FAIL: test_index_one_removed (test_api_group.GroupAPITest)
Tests that removing an entity makes it disappear from the index.
----------------------------------------------------------------------
Traceback (most recent call last):
  File "/home/travis/build/Cal-CS-61A-Staff/ok/server/tests/integration/test_api_base.py", line 92, in test_index_one_removed
    self.assertJson([inst.to_json()])
  File "/home/travis/build/Cal-CS-61A-Staff/ok/server/tests/test_base.py", line 257, in assertJson
    self.assertStatusCode(200)
  File "/home/travis/build/Cal-CS-61A-Staff/ok/server/tests/test_base.py", line 253, in assertStatusCode
    response_json['message'])
AssertionError: 400 != 200 : fields should be dictionary or boolean

======================================================================
FAIL: test_invite (test_api_group.GroupAPITest)
----------------------------------------------------------------------
Traceback (most recent call last):
  File "/home/travis/build/Cal-CS-61A-Staff/ok/server/tests/integration/test_api_group.py", line 86, in test_invite
    self.assertEqual(inst.invited, [invited.key])
AssertionError: Lists differ: [] != [Key('Userv2', 2)]

Second list contains 1 additional elements.
First extra element 0:
Key('Userv2', 2)

- []
+ [Key('Userv2', 2)]

======================================================================
FAIL: test_remove_from_two_member_group (test_api_group.GroupAPITest)
----------------------------------------------------------------------
Traceback (most recent call last):
  File "/home/travis/build/Cal-CS-61A-Staff/ok/server/tests/integration/test_api_group.py", line 151, in test_remove_from_two_member_group
    self.assertStatusCode(200)
  File "/home/travis/build/Cal-CS-61A-Staff/ok/server/tests/test_base.py", line 253, in assertStatusCode
    response_json['message'])
AssertionError: 400 != 200 : fields should be dictionary or boolean

======================================================================
FAIL: test_create_two_entities (test_api_version.VersionAPITest)
----------------------------------------------------------------------
Traceback (most recent call last):
  File "/home/travis/build/Cal-CS-61A-Staff/ok/server/tests/integration/test_api_base.py", line 205, in test_create_two_entities
    self.post_entity(inst)
  File "/home/travis/build/Cal-CS-61A-Staff/ok/server/tests/test_base.py", line 239, in post_entity
    self.assertStatusCode(201)
  File "/home/travis/build/Cal-CS-61A-Staff/ok/server/tests/test_base.py", line 253, in assertStatusCode
    response_json['message'])
AssertionError: 400 != 201 : fields should be dictionary or boolean

======================================================================
FAIL: test_entity_create_basic (test_api_version.VersionAPITest)
Tests creating an empty entity.
----------------------------------------------------------------------
Traceback (most recent call last):
  File "/home/travis/build/Cal-CS-61A-Staff/ok/server/tests/integration/test_api_base.py", line 198, in test_entity_create_basic
    self.post_entity(inst)
  File "/home/travis/build/Cal-CS-61A-Staff/ok/server/tests/test_base.py", line 239, in post_entity
    self.assertStatusCode(201)
  File "/home/travis/build/Cal-CS-61A-Staff/ok/server/tests/test_base.py", line 253, in assertStatusCode
    response_json['message'])
AssertionError: 400 != 201 : fields should be dictionary or boolean

======================================================================
FAIL: test_get_basic (test_api_version.VersionAPITest)
Tests that a basic get works.
----------------------------------------------------------------------
Traceback (most recent call last):
  File "/home/travis/build/Cal-CS-61A-Staff/ok/server/tests/integration/test_api_base.py", line 174, in test_get_basic
    self.assertJson(inst.to_json())
  File "/home/travis/build/Cal-CS-61A-Staff/ok/server/tests/test_base.py", line 257, in assertJson
    self.assertStatusCode(200)
  File "/home/travis/build/Cal-CS-61A-Staff/ok/server/tests/test_base.py", line 253, in assertStatusCode
    response_json['message'])
AssertionError: 400 != 200 : fields should be dictionary or boolean

======================================================================
FAIL: test_get_with_two_entities (test_api_version.VersionAPITest)
----------------------------------------------------------------------
Traceback (most recent call last):
  File "/home/travis/build/Cal-CS-61A-Staff/ok/server/tests/integration/test_api_base.py", line 186, in test_get_with_two_entities
    self.assertJson(inst2.to_json())
  File "/home/travis/build/Cal-CS-61A-Staff/ok/server/tests/test_base.py", line 257, in assertJson
    self.assertStatusCode(200)
  File "/home/travis/build/Cal-CS-61A-Staff/ok/server/tests/test_base.py", line 253, in assertStatusCode
    response_json['message'])
AssertionError: 400 != 200 : fields should be dictionary or boolean

======================================================================
FAIL: test_index_empty (test_api_version.VersionAPITest)
Tests there are no entities when the db is created.
----------------------------------------------------------------------
Traceback (most recent call last):
  File "/home/travis/build/Cal-CS-61A-Staff/ok/server/tests/integration/test_api_base.py", line 78, in test_index_empty
    self.assertJson([])
  File "/home/travis/build/Cal-CS-61A-Staff/ok/server/tests/test_base.py", line 257, in assertJson
    self.assertStatusCode(200)
  File "/home/travis/build/Cal-CS-61A-Staff/ok/server/tests/test_base.py", line 253, in assertStatusCode
    response_json['message'])
AssertionError: 400 != 200 : fields should be dictionary or boolean

======================================================================
FAIL: test_index_one_added (test_api_version.VersionAPITest)
Tests that the index method gives the added entity.
----------------------------------------------------------------------
Traceback (most recent call last):
  File "/home/travis/build/Cal-CS-61A-Staff/ok/server/tests/integration/test_api_base.py", line 85, in test_index_one_added
    self.assertJson([inst.to_json()])
  File "/home/travis/build/Cal-CS-61A-Staff/ok/server/tests/test_base.py", line 257, in assertJson
    self.assertStatusCode(200)
  File "/home/travis/build/Cal-CS-61A-Staff/ok/server/tests/test_base.py", line 253, in assertStatusCode
    response_json['message'])
AssertionError: 400 != 200 : fields should be dictionary or boolean

======================================================================
FAIL: test_index_one_removed (test_api_version.VersionAPITest)
Tests that removing an entity makes it disappear from the index.
----------------------------------------------------------------------
Traceback (most recent call last):
  File "/home/travis/build/Cal-CS-61A-Staff/ok/server/tests/integration/test_api_base.py", line 92, in test_index_one_removed
    self.assertJson([inst.to_json()])
  File "/home/travis/build/Cal-CS-61A-Staff/ok/server/tests/test_base.py", line 257, in assertJson
    self.assertStatusCode(200)
  File "/home/travis/build/Cal-CS-61A-Staff/ok/server/tests/test_base.py", line 253, in assertStatusCode
    response_json['message'])
AssertionError: 400 != 200 : fields should be dictionary or boolean

----------------------------------------------------------------------
Ran 118 tests in 8.673s

FAILED (failures=39, errors=28)
SOME TESTS FAILED
travis_time:end:098d1a14:start=1437460228317336810,finish=1437460260332049283,duration=32014712473[0K
[31;1mThe command "FLASK_CONF=TEST coverage run $CMD --sdk_location $GAE_SDK --quiet" exited with 1.[0m
travis_fold:start:cache.2[0Kstore build cache
travis_time:start:0c7fba52[0Kchange detected:
/home/travis/virtualenv/python2.7.9/lib/python2.7/site-packages/pip-6.0.7.dist-info/DESCRIPTION.rst
/home/travis/virtualenv/python2.7.9/lib/python2.7/site-packages/pip-6.0.7.dist-info/entry_points.txt
/home/travis/virtualenv/python2.7.9/lib/python2.7/site-packages/pip-6.0.7.dist-info/METADATA
/home/travis/virtualenv/python2.7.9/lib/python2.7/site-packages/pip-6.0.7.dist-info/metadata.json
/home/travis/virtualenv/python2.7.9/lib/python2.7/site-packages/pip-6.0.7.dist-info/pbr.json
/home/travis/virtualenv/python2.7.9/lib/python2.7/site-packages/pip-6.0.7.dist-info/RECORD
/home/travis/virtualenv/python2.7.9/lib/python2.7/site-packages/pip-6.0.7.dist-info/top_level.txt
/home/travis/virtualenv/python2.7.9/lib/python2.7/site-packages/pip-6.0.7.dist-info/WHEEL
/home/travis/virtualenv/python2.7.9/lib/python2.7/site-packages/pip/basecommand.pyc
/home/travis/virtualenv/python2.7.9/lib/python2.7/site-packages/pip/basecommand.pyc
/home/travis/virtualenv/python2.7.9/lib/python2.7/site-packages/pip/b
...
changes detected, packing new archive
uploading archive
travis_time:end:0c7fba52:start=1437460260336764997,finish=1437460264894289860,duration=4557524863[0Ktravis_fold:end:cache.2[0K
Done. Your build exited with 1.
