Using worker: worker-linux-docker-f5eabf1c.prod.travis-ci.org:travis-linux-3

travis_fold:start:system_info[0K[33;1mBuild system information[0m
Build language: python
[34m[1mBuild image provisioning date and time[0m
Thu Feb  5 15:09:33 UTC 2015
[34m[1mOperating System Details[0m
Distributor ID:	Ubuntu
Description:	Ubuntu 12.04.5 LTS
Release:	12.04
Codename:	precise
[34m[1mLinux Version[0m
3.13.0-29-generic
[34m[1mCookbooks Version[0m
a68419e https://github.com/travis-ci/travis-cookbooks/tree/a68419e
[34m[1mGCC version[0m
gcc (Ubuntu/Linaro 4.6.3-1ubuntu5) 4.6.3
Copyright (C) 2011 Free Software Foundation, Inc.
This is free software; see the source for copying conditions.  There is NO
warranty; not even for MERCHANTABILITY or FITNESS FOR A PARTICULAR PURPOSE.

[34m[1mLLVM version[0m
clang version 3.4 (tags/RELEASE_34/final)
Target: x86_64-unknown-linux-gnu
Thread model: posix
[34m[1mPre-installed Ruby versions[0m
ruby-1.9.3-p551
[34m[1mPre-installed Node.js versions[0m
v0.10.36
[34m[1mPre-installed Go versions[0m
1.4.1
[34m[1mRedis version[0m
redis-server 2.8.19
[34m[1mriak version[0m
2.0.2
[34m[1mMongoDB version[0m
MongoDB 2.4.12
[34m[1mCouchDB version[0m
couchdb 1.6.1
[34m[1mNeo4j version[0m
1.9.4
[34m[1mRabbitMQ Version[0m
3.4.3
[34m[1mElasticSearch version[0m
1.4.0
[34m[1mInstalled Sphinx versions[0m
2.0.10
2.1.9
2.2.6
[34m[1mDefault Sphinx version[0m
2.2.6
[34m[1mInstalled Firefox version[0m
firefox 31.0esr
[34m[1mPhantomJS version[0m
1.9.8
[34m[1mant -version[0m
Apache Ant(TM) version 1.8.2 compiled on December 3 2011
[34m[1mmvn -version[0m
Apache Maven 3.2.5 (12a6b3acb947671f09b81f49094c53f426d8cea1; 2014-12-14T17:29:23+00:00)
Maven home: /usr/local/maven
Java version: 1.7.0_76, vendor: Oracle Corporation
Java home: /usr/lib/jvm/java-7-oracle/jre
Default locale: en_US, platform encoding: ANSI_X3.4-1968
OS name: "linux", version: "3.13.0-29-generic", arch: "amd64", family: "unix"
travis_fold:end:system_info[0K
travis_fold:start:git.checkout[0Ktravis_time:start:071e26ab[0K$ git clone --depth=50 --branch=cleanup/knrafto/zip-csv https://github.com/Cal-CS-61A-Staff/ok.git Cal-CS-61A-Staff/ok
Cloning into 'Cal-CS-61A-Staff/ok'...
remote: Counting objects: 1623, done.[K
remote: Compressing objects:   0% (1/720)   [Kremote: Compressing objects:   1% (8/720)   [Kremote: Compressing objects:   2% (15/720)   [Kremote: Compressing objects:   3% (22/720)   [Kremote: Compressing objects:   4% (29/720)   [Kremote: Compressing objects:   5% (36/720)   [Kremote: Compressing objects:   6% (44/720)   [Kremote: Compressing objects:   7% (51/720)   [Kremote: Compressing objects:   8% (58/720)   [Kremote: Compressing objects:   9% (65/720)   [Kremote: Compressing objects:  10% (72/720)   [Kremote: Compressing objects:  11% (80/720)   [Kremote: Compressing objects:  12% (87/720)   [Kremote: Compressing objects:  13% (94/720)   [Kremote: Compressing objects:  14% (101/720)   [Kremote: Compressing objects:  15% (108/720)   [Kremote: Compressing objects:  16% (116/720)   [Kremote: Compressing objects:  17% (123/720)   [Kremote: Compressing objects:  18% (130/720)   [Kremote: Compressing objects:  19% (137/720)   [Kremote: Compressing objects:  20% (144/720)   [Kremote: Compressing objects:  21% (152/720)   [Kremote: Compressing objects:  22% (159/720)   [Kremote: Compressing objects:  23% (166/720)   [Kremote: Compressing objects:  24% (173/720)   [Kremote: Compressing objects:  25% (180/720)   [Kremote: Compressing objects:  26% (188/720)   [Kremote: Compressing objects:  27% (195/720)   [Kremote: Compressing objects:  28% (202/720)   [Kremote: Compressing objects:  29% (209/720)   [Kremote: Compressing objects:  30% (216/720)   [Kremote: Compressing objects:  31% (224/720)   [Kremote: Compressing objects:  32% (231/720)   [Kremote: Compressing objects:  33% (238/720)   [Kremote: Compressing objects:  34% (245/720)   [Kremote: Compressing objects:  35% (252/720)   [Kremote: Compressing objects:  36% (260/720)   [Kremote: Compressing objects:  37% (267/720)   [Kremote: Compressing objects:  38% (274/720)   [Kremote: Compressing objects:  39% (281/720)   [Kremote: Compressing objects:  40% (288/720)   [Kremote: Compressing objects:  41% (296/720)   [Kremote: Compressing objects:  42% (303/720)   [Kremote: Compressing objects:  43% (310/720)   [Kremote: Compressing objects:  44% (317/720)   [Kremote: Compressing objects:  45% (324/720)   [Kremote: Compressing objects:  46% (332/720)   [Kremote: Compressing objects:  47% (339/720)   [Kremote: Compressing objects:  48% (346/720)   [Kremote: Compressing objects:  49% (353/720)   [Kremote: Compressing objects:  50% (360/720)   [Kremote: Compressing objects:  51% (368/720)   [Kremote: Compressing objects:  52% (375/720)   [Kremote: Compressing objects:  53% (382/720)   [Kremote: Compressing objects:  54% (389/720)   [Kremote: Compressing objects:  55% (396/720)   [Kremote: Compressing objects:  56% (404/720)   [Kremote: Compressing objects:  57% (411/720)   [Kremote: Compressing objects:  58% (418/720)   [Kremote: Compressing objects:  59% (425/720)   [Kremote: Compressing objects:  60% (432/720)   [Kremote: Compressing objects:  61% (440/720)   [Kremote: Compressing objects:  62% (447/720)   [Kremote: Compressing objects:  63% (454/720)   [Kremote: Compressing objects:  64% (461/720)   [Kremote: Compressing objects:  65% (468/720)   [Kremote: Compressing objects:  66% (476/720)   [Kremote: Compressing objects:  67% (483/720)   [Kremote: Compressing objects:  68% (490/720)   [Kremote: Compressing objects:  69% (497/720)   [Kremote: Compressing objects:  70% (504/720)   [Kremote: Compressing objects:  71% (512/720)   [Kremote: Compressing objects:  72% (519/720)   [Kremote: Compressing objects:  73% (526/720)   [Kremote: Compressing objects:  74% (533/720)   [Kremote: Compressing objects:  75% (540/720)   [Kremote: Compressing objects:  76% (548/720)   [Kremote: Compressing objects:  77% (555/720)   [Kremote: Compressing objects:  78% (562/720)   [Kremote: Compressing objects:  79% (569/720)   [Kremote: Compressing objects:  80% (576/720)   [Kremote: Compressing objects:  81% (584/720)   [Kremote: Compressing objects:  82% (591/720)   [Kremote: Compressing objects:  83% (598/720)   [Kremote: Compressing objects:  84% (605/720)   [Kremote: Compressing objects:  85% (612/720)   [Kremote: Compressing objects:  86% (620/720)   [Kremote: Compressing objects:  87% (627/720)   [Kremote: Compressing objects:  88% (634/720)   [Kremote: Compressing objects:  89% (641/720)   [Kremote: Compressing objects:  90% (648/720)   [Kremote: Compressing objects:  91% (656/720)   [Kremote: Compressing objects:  92% (663/720)   [Kremote: Compressing objects:  93% (670/720)   [Kremote: Compressing objects:  94% (677/720)   [Kremote: Compressing objects:  95% (684/720)   [Kremote: Compressing objects:  96% (692/720)   [Kremote: Compressing objects:  97% (699/720)   [Kremote: Compressing objects:  98% (706/720)   [Kremote: Compressing objects:  99% (713/720)   [Kremote: Compressing objects: 100% (720/720)   [Kremote: Compressing objects: 100% (720/720), done.[K
Receiving objects:   0% (1/1623)   Receiving objects:   1% (17/1623)   Receiving objects:   2% (33/1623)   Receiving objects:   3% (49/1623)   Receiving objects:   4% (65/1623)   Receiving objects:   5% (82/1623)   Receiving objects:   6% (98/1623)   Receiving objects:   7% (114/1623)   Receiving objects:   8% (130/1623)   Receiving objects:   9% (147/1623)   Receiving objects:  10% (163/1623)   Receiving objects:  11% (179/1623)   Receiving objects:  12% (195/1623)   Receiving objects:  13% (211/1623)   Receiving objects:  14% (228/1623)   Receiving objects:  15% (244/1623)   Receiving objects:  16% (260/1623)   Receiving objects:  17% (276/1623)   Receiving objects:  18% (293/1623)   Receiving objects:  19% (309/1623)   Receiving objects:  20% (325/1623)   Receiving objects:  21% (341/1623)   Receiving objects:  22% (358/1623)   Receiving objects:  23% (374/1623)   Receiving objects:  24% (390/1623)   Receiving objects:  25% (406/1623)   Receiving objects:  26% (422/1623)   Receiving objects:  27% (439/1623)   Receiving objects:  28% (455/1623)   Receiving objects:  29% (471/1623)   Receiving objects:  30% (487/1623)   Receiving objects:  31% (504/1623)   Receiving objects:  32% (520/1623)   Receiving objects:  33% (536/1623)   Receiving objects:  34% (552/1623)   Receiving objects:  35% (569/1623)   Receiving objects:  36% (585/1623)   Receiving objects:  37% (601/1623)   Receiving objects:  38% (617/1623)   Receiving objects:  39% (633/1623)   Receiving objects:  40% (650/1623)   Receiving objects:  41% (666/1623)   Receiving objects:  42% (682/1623)   Receiving objects:  43% (698/1623)   Receiving objects:  44% (715/1623)   Receiving objects:  45% (731/1623)   Receiving objects:  46% (747/1623)   Receiving objects:  47% (763/1623)   Receiving objects:  48% (780/1623)   Receiving objects:  49% (796/1623)   Receiving objects:  50% (812/1623)   Receiving objects:  51% (828/1623)   Receiving objects:  52% (844/1623)   Receiving objects:  53% (861/1623)   Receiving objects:  54% (877/1623)   Receiving objects:  55% (893/1623)   Receiving objects:  56% (909/1623)   Receiving objects:  57% (926/1623)   Receiving objects:  58% (942/1623)   Receiving objects:  59% (958/1623)   Receiving objects:  60% (974/1623)   Receiving objects:  61% (991/1623)   Receiving objects:  62% (1007/1623)   Receiving objects:  63% (1023/1623)   Receiving objects:  64% (1039/1623)   Receiving objects:  65% (1055/1623)   Receiving objects:  66% (1072/1623)   Receiving objects:  67% (1088/1623)   Receiving objects:  68% (1104/1623)   Receiving objects:  69% (1120/1623)   Receiving objects:  70% (1137/1623)   Receiving objects:  71% (1153/1623)   Receiving objects:  72% (1169/1623)   Receiving objects:  73% (1185/1623)   Receiving objects:  74% (1202/1623)   Receiving objects:  75% (1218/1623)   Receiving objects:  76% (1234/1623)   Receiving objects:  77% (1250/1623)   Receiving objects:  78% (1266/1623)   Receiving objects:  79% (1283/1623)   Receiving objects:  80% (1299/1623)   Receiving objects:  81% (1315/1623)   Receiving objects:  82% (1331/1623)   Receiving objects:  83% (1348/1623)   Receiving objects:  84% (1364/1623)   Receiving objects:  85% (1380/1623)   Receiving objects:  86% (1396/1623)   Receiving objects:  87% (1413/1623)   Receiving objects:  88% (1429/1623)   Receiving objects:  89% (1445/1623)   Receiving objects:  90% (1461/1623)   remote: Total 1623 (delta 1073), reused 1320 (delta 878), pack-reused 0[K
Receiving objects:  91% (1477/1623)   Receiving objects:  92% (1494/1623)   Receiving objects:  93% (1510/1623)   Receiving objects:  94% (1526/1623)   Receiving objects:  95% (1542/1623)   Receiving objects:  96% (1559/1623)   Receiving objects:  97% (1575/1623)   Receiving objects:  98% (1591/1623)   Receiving objects:  99% (1607/1623)   Receiving objects: 100% (1623/1623)   Receiving objects: 100% (1623/1623), 1.62 MiB | 0 bytes/s, done.
Resolving deltas:   0% (0/1073)   Resolving deltas:  16% (180/1073)   Resolving deltas:  17% (185/1073)   Resolving deltas:  18% (195/1073)   Resolving deltas:  34% (365/1073)   Resolving deltas:  40% (436/1073)   Resolving deltas:  41% (440/1073)   Resolving deltas:  42% (456/1073)   Resolving deltas:  44% (480/1073)   Resolving deltas:  45% (485/1073)   Resolving deltas:  46% (494/1073)   Resolving deltas:  50% (545/1073)   Resolving deltas:  53% (576/1073)   Resolving deltas:  54% (588/1073)   Resolving deltas:  56% (604/1073)   Resolving deltas:  57% (617/1073)   Resolving deltas:  58% (630/1073)   Resolving deltas:  59% (638/1073)   Resolving deltas:  60% (644/1073)   Resolving deltas:  61% (655/1073)   Resolving deltas:  62% (674/1073)   Resolving deltas:  65% (702/1073)   Resolving deltas:  66% (716/1073)   Resolving deltas:  67% (721/1073)   Resolving deltas:  68% (731/1073)   Resolving deltas:  69% (741/1073)   Resolving deltas:  70% (755/1073)   Resolving deltas:  71% (767/1073)   Resolving deltas:  72% (774/1073)   Resolving deltas:  73% (784/1073)   Resolving deltas:  74% (801/1073)   Resolving deltas:  75% (807/1073)   Resolving deltas:  76% (816/1073)   Resolving deltas:  77% (829/1073)   Resolving deltas:  78% (838/1073)   Resolving deltas:  79% (848/1073)   Resolving deltas:  80% (859/1073)   Resolving deltas:  81% (870/1073)   Resolving deltas:  83% (891/1073)   Resolving deltas:  84% (907/1073)   Resolving deltas:  85% (916/1073)   Resolving deltas:  86% (925/1073)   Resolving deltas:  88% (948/1073)   Resolving deltas:  89% (956/1073)   Resolving deltas:  92% (993/1073)   Resolving deltas:  93% (999/1073)   Resolving deltas:  94% (1009/1073)   Resolving deltas:  95% (1026/1073)   Resolving deltas:  96% (1033/1073)   Resolving deltas:  97% (1041/1073)   Resolving deltas:  98% (1052/1073)   Resolving deltas:  99% (1064/1073)   Resolving deltas: 100% (1073/1073)   Resolving deltas: 100% (1073/1073), done.
Checking connectivity... done.
travis_time:end:071e26ab:start=1443647150029445701,finish=1443647150738954760,duration=709509059[0K$ cd Cal-CS-61A-Staff/ok
$ git checkout -qf d289085ecba66b56f075f2144dba49c3f4bf878c
travis_fold:end:git.checkout[0K
[33;1mThis job is running on container-based infrastructure, which does not allow use of 'sudo', setuid and setguid executables.[0m
[33;1mIf you require sudo, add 'sudo: required' to your .travis.yml[0m
[33;1mSee http://docs.travis-ci.com/user/workers/container-based-infrastructure/ for details.[0m

[33;1mSetting environment variables from .travis.yml[0m
$ export CMD=server/apptest.py
$ export GAE_VERSION=1.9.23

travis_fold:start:cache.1[0KSetting up build cache
$ export CASHER_DIR=$HOME/.casher
travis_time:start:0c780b0a[0K$ Installing caching utilities
travis_time:end:0c780b0a:start=1443647153493554338,finish=1443647153634055917,duration=140501579[0Ktravis_time:start:2105299f[0Kattempting to download cache archive
fetching cleanupknraftozip-csv/cache--python-2.7.tgz
found cache
travis_time:end:2105299f:start=1443647153638576484,finish=1443647154500548614,duration=861972130[0Ktravis_time:start:156e11d4[0Kadding /home/travis/virtualenv/python2.7.9 to cache
travis_time:end:156e11d4:start=1443647154504722152,finish=1443647156542488271,duration=2037766119[0Ktravis_fold:end:cache.1[0Ktravis_time:start:0050f520[0K$ source ~/virtualenv/python2.7/bin/activate
travis_time:end:0050f520:start=1443647156546210440,finish=1443647156549734022,duration=3523582[0K$ python --version
Python 2.7.9
$ pip --version
pip 7.1.2 from /home/travis/virtualenv/python2.7.9/lib/python2.7/site-packages (python 2.7)
travis_fold:start:install.1[0Ktravis_time:start:02269386[0K$ pip install pip --upgrade
Collecting pip
  Downloading pip-7.1.2-py2.py3-none-any.whl (1.1MB)
[?25l[K    0% |‚ñè                               | 4.1kB 32.5MB/s eta 0:00:01[K    0% |‚ñé                               | 8.2kB 27.3MB/s eta 0:00:01[K    1% |‚ñç                               | 12kB 28.1MB/s eta 0:00:01[K    1% |‚ñå                               | 16kB 26.8MB/s eta 0:00:01[K    1% |‚ñã                               | 20kB 26.7MB/s eta 0:00:01[K    2% |‚ñä                               | 24kB 27.7MB/s eta 0:00:01[K    2% |‚ñâ                               | 28kB 28.3MB/s eta 0:00:01[K    2% |‚ñà                               | 32kB 2.4MB/s eta 0:00:01[K    3% |‚ñà                               | 36kB 2.6MB/s eta 0:00:01[K    3% |‚ñà‚ñè                              | 40kB 2.9MB/s eta 0:00:01[K    4% |‚ñà‚ñé                              | 45kB 2.9MB/s eta 0:00:01[K    4% |‚ñà‚ñç                              | 49kB 2.9MB/s eta 0:00:01[K    4% |‚ñà‚ñå                              | 53kB 2.9MB/s eta 0:00:01[K    5% |‚ñà‚ñã                              | 57kB 2.9MB/s eta 0:00:01[K    5% |‚ñà‚ñä                              | 61kB 2.9MB/s eta 0:00:01[K    5% |‚ñà‚ñâ                              | 65kB 1.2MB/s eta 0:00:01[K    6% |‚ñà‚ñà                              | 69kB 1.2MB/s eta 0:00:01[K    6% |‚ñà‚ñà‚ñè                             | 73kB 2.0MB/s eta 0:00:01[K    7% |‚ñà‚ñà‚ñé                             | 77kB 2.0MB/s eta 0:00:01[K    7% |‚ñà‚ñà‚ñç                             | 81kB 1.7MB/s eta 0:00:01[K    7% |‚ñà‚ñà‚ñå                             | 86kB 1.6MB/s eta 0:00:01[K    8% |‚ñà‚ñà‚ñã                             | 90kB 1.7MB/s eta 0:00:01[K    8% |‚ñà‚ñà‚ñä                             | 94kB 1.7MB/s eta 0:00:01[K    8% |‚ñà‚ñà‚ñâ                             | 98kB 1.6MB/s eta 0:00:01[K    9% |‚ñà‚ñà‚ñà                             | 102kB 1.6MB/s eta 0:00:01[K    9% |‚ñà‚ñà‚ñà                             | 106kB 6.4MB/s eta 0:00:01[K    9% |‚ñà‚ñà‚ñà‚ñè                            | 110kB 6.5MB/s eta 0:00:01[K    10% |‚ñà‚ñà‚ñà‚ñé                            | 114kB 2.8MB/s eta 0:00:01[K    10% |‚ñà‚ñà‚ñà‚ñç                            | 118kB 2.8MB/s eta 0:00:01[K    11% |‚ñà‚ñà‚ñà‚ñå                            | 122kB 3.9MB/s eta 0:00:01[K    11% |‚ñà‚ñà‚ñà‚ñã                            | 126kB 3.9MB/s eta 0:00:01[K    11% |‚ñà‚ñà‚ñà‚ñä                            | 131kB 2.8MB/s eta 0:00:01[K    12% |‚ñà‚ñà‚ñà‚ñà                            | 135kB 2.8MB/s eta 0:00:01[K    12% |‚ñà‚ñà‚ñà‚ñà                            | 139kB 3.0MB/s eta 0:00:01[K    12% |‚ñà‚ñà‚ñà‚ñà‚ñè                           | 143kB 3.0MB/s eta 0:00:01[K    13% |‚ñà‚ñà‚ñà‚ñà‚ñé                           | 147kB 3.0MB/s eta 0:00:01[K    13% |‚ñà‚ñà‚ñà‚ñà‚ñç                           | 151kB 3.0MB/s eta 0:00:01[K    14% |‚ñà‚ñà‚ñà‚ñà‚ñå                           | 155kB 7.6MB/s eta 0:00:01[K    14% |‚ñà‚ñà‚ñà‚ñà‚ñã                           | 159kB 7.7MB/s eta 0:00:01[K    14% |‚ñà‚ñà‚ñà‚ñà‚ñä                           | 163kB 7.3MB/s eta 0:00:01[K    15% |‚ñà‚ñà‚ñà‚ñà‚ñâ                           | 167kB 7.3MB/s eta 0:00:01[K    15% |‚ñà‚ñà‚ñà‚ñà‚ñà                           | 172kB 26.0MB/s eta 0:00:01[K    15% |‚ñà‚ñà‚ñà‚ñà‚ñà                           | 176kB 26.4MB/s eta 0:00:01[K    16% |‚ñà‚ñà‚ñà‚ñà‚ñà‚ñè                          | 180kB 25.3MB/s eta 0:00:01[K    16% |‚ñà‚ñà‚ñà‚ñà‚ñà‚ñé                          | 184kB 25.2MB/s eta 0:00:01[K    16% |‚ñà‚ñà‚ñà‚ñà‚ñà‚ñç                          | 188kB 26.4MB/s eta 0:00:01[K    17% |‚ñà‚ñà‚ñà‚ñà‚ñà‚ñå                          | 192kB 26.5MB/s eta 0:00:01[K    17% |‚ñà‚ñà‚ñà‚ñà‚ñà‚ñã                          | 196kB 4.4MB/s eta 0:00:01[K    18% |‚ñà‚ñà‚ñà‚ñà‚ñà‚ñâ                          | 200kB 4.4MB/s eta 0:00:01[K    18% |‚ñà‚ñà‚ñà‚ñà‚ñà‚ñà                          | 204kB 4.5MB/s eta 0:00:01[K    18% |‚ñà‚ñà‚ñà‚ñà‚ñà‚ñà                          | 208kB 4.5MB/s eta 0:00:01[K    19% |‚ñà‚ñà‚ñà‚ñà‚ñà‚ñà‚ñè                         | 212kB 4.5MB/s eta 0:00:01[K    19% |‚ñà‚ñà‚ñà‚ñà‚ñà‚ñà‚ñé                         | 217kB 4.5MB/s eta 0:00:01[K    19% |‚ñà‚ñà‚ñà‚ñà‚ñà‚ñà‚ñç                         | 221kB 4.5MB/s eta 0:00:01[K    20% |‚ñà‚ñà‚ñà‚ñà‚ñà‚ñà‚ñå                         | 225kB 4.5MB/s eta 0:00:01[K    20% |‚ñà‚ñà‚ñà‚ñà‚ñà‚ñà‚ñã                         | 229kB 4.5MB/s eta 0:00:01[K    21% |‚ñà‚ñà‚ñà‚ñà‚ñà‚ñà‚ñä                         | 233kB 4.5MB/s eta 0:00:01[K    21% |‚ñà‚ñà‚ñà‚ñà‚ñà‚ñà‚ñâ                         | 237kB 29.3MB/s eta 0:00:01[K    21% |‚ñà‚ñà‚ñà‚ñà‚ñà‚ñà‚ñà                         | 241kB 31.2MB/s eta 0:00:01[K    22% |‚ñà‚ñà‚ñà‚ñà‚ñà‚ñà‚ñà                         | 245kB 9.6MB/s eta 0:00:01[K    22% |‚ñà‚ñà‚ñà‚ñà‚ñà‚ñà‚ñà‚ñè                        | 249kB 9.5MB/s eta 0:00:01[K    22% |‚ñà‚ñà‚ñà‚ñà‚ñà‚ñà‚ñà‚ñé                        | 253kB 9.6MB/s eta 0:00:01[K    23% |‚ñà‚ñà‚ñà‚ñà‚ñà‚ñà‚ñà‚ñç                        | 258kB 9.6MB/s eta 0:00:01[K    23% |‚ñà‚ñà‚ñà‚ñà‚ñà‚ñà‚ñà‚ñå                        | 262kB 7.3MB/s eta 0:00:01[K    23% |‚ñà‚ñà‚ñà‚ñà‚ñà‚ñà‚ñà‚ñã                        | 266kB 7.3MB/s eta 0:00:01[K    24% |‚ñà‚ñà‚ñà‚ñà‚ñà‚ñà‚ñà‚ñâ                        | 270kB 7.3MB/s eta 0:00:01[K    24% |‚ñà‚ñà‚ñà‚ñà‚ñà‚ñà‚ñà‚ñà                        | 274kB 7.3MB/s eta 0:00:01[K    25% |‚ñà‚ñà‚ñà‚ñà‚ñà‚ñà‚ñà‚ñà                        | 278kB 7.3MB/s eta 0:00:01[K    25% |‚ñà‚ñà‚ñà‚ñà‚ñà‚ñà‚ñà‚ñà‚ñè                       | 282kB 7.2MB/s eta 0:00:01[K    25% |‚ñà‚ñà‚ñà‚ñà‚ñà‚ñà‚ñà‚ñà‚ñé                       | 286kB 15.2MB/s eta 0:00:01[K    26% |‚ñà‚ñà‚ñà‚ñà‚ñà‚ñà‚ñà‚ñà‚ñç                       | 290kB 15.4MB/s eta 0:00:01[K    26% |‚ñà‚ñà‚ñà‚ñà‚ñà‚ñà‚ñà‚ñà‚ñå                       | 294kB 14.9MB/s eta 0:00:01[K    26% |‚ñà‚ñà‚ñà‚ñà‚ñà‚ñà‚ñà‚ñà‚ñã                       | 299kB 14.9MB/s eta 0:00:01[K    27% |‚ñà‚ñà‚ñà‚ñà‚ñà‚ñà‚ñà‚ñà‚ñä                       | 303kB 30.2MB/s eta 0:00:01[K    27% |‚ñà‚ñà‚ñà‚ñà‚ñà‚ñà‚ñà‚ñà‚ñâ                       | 307kB 30.4MB/s eta 0:00:01[K    28% |‚ñà‚ñà‚ñà‚ñà‚ñà‚ñà‚ñà‚ñà‚ñà                       | 311kB 5.3MB/s eta 0:00:01[K    28% |‚ñà‚ñà‚ñà‚ñà‚ñà‚ñà‚ñà‚ñà‚ñà                       | 315kB 5.2MB/s eta 0:00:01[K    28% |‚ñà‚ñà‚ñà‚ñà‚ñà‚ñà‚ñà‚ñà‚ñà‚ñè                      | 319kB 5.3MB/s eta 0:00:01[K    29% |‚ñà‚ñà‚ñà‚ñà‚ñà‚ñà‚ñà‚ñà‚ñà‚ñé                      | 323kB 5.3MB/s eta 0:00:01[K    29% |‚ñà‚ñà‚ñà‚ñà‚ñà‚ñà‚ñà‚ñà‚ñà‚ñç                      | 327kB 5.3MB/s eta 0:00:01[K    29% |‚ñà‚ñà‚ñà‚ñà‚ñà‚ñà‚ñà‚ñà‚ñà‚ñå                      | 331kB 5.2MB/s eta 0:00:01[K    30% |‚ñà‚ñà‚ñà‚ñà‚ñà‚ñà‚ñà‚ñà‚ñà‚ñä                      | 335kB 5.3MB/s eta 0:00:01[K    30% |‚ñà‚ñà‚ñà‚ñà‚ñà‚ñà‚ñà‚ñà‚ñà‚ñâ                      | 339kB 5.3MB/s eta 0:00:01[K    30% |‚ñà‚ñà‚ñà‚ñà‚ñà‚ñà‚ñà‚ñà‚ñà‚ñà                      | 344kB 5.2MB/s eta 0:00:01[K    31% |‚ñà‚ñà‚ñà‚ñà‚ñà‚ñà‚ñà‚ñà‚ñà‚ñà                      | 348kB 5.2MB/s eta 0:00:01[K    31% |‚ñà‚ñà‚ñà‚ñà‚ñà‚ñà‚ñà‚ñà‚ñà‚ñà‚ñè                     | 352kB 29.3MB/s eta 0:00:01[K    32% |‚ñà‚ñà‚ñà‚ñà‚ñà‚ñà‚ñà‚ñà‚ñà‚ñà‚ñé                     | 356kB 30.4MB/s eta 0:00:01[K    32% |‚ñà‚ñà‚ñà‚ñà‚ñà‚ñà‚ñà‚ñà‚ñà‚ñà‚ñç                     | 360kB 29.4MB/s eta 0:00:01[K    32% |‚ñà‚ñà‚ñà‚ñà‚ñà‚ñà‚ñà‚ñà‚ñà‚ñà‚ñå                     | 364kB 29.4MB/s eta 0:00:01[K    33% |‚ñà‚ñà‚ñà‚ñà‚ñà‚ñà‚ñà‚ñà‚ñà‚ñà‚ñã                     | 368kB 30.9MB/s eta 0:00:01[K    33% |‚ñà‚ñà‚ñà‚ñà‚ñà‚ñà‚ñà‚ñà‚ñà‚ñà‚ñä                     | 372kB 31.1MB/s eta 0:00:01[K    33% |‚ñà‚ñà‚ñà‚ñà‚ñà‚ñà‚ñà‚ñà‚ñà‚ñà‚ñâ                     | 376kB 29.9MB/s eta 0:00:01[K    34% |‚ñà‚ñà‚ñà‚ñà‚ñà‚ñà‚ñà‚ñà‚ñà‚ñà‚ñà                     | 380kB 29.8MB/s eta 0:00:01[K    34% |‚ñà‚ñà‚ñà‚ñà‚ñà‚ñà‚ñà‚ñà‚ñà‚ñà‚ñà                     | 385kB 31.5MB/s eta 0:00:01[K    35% |‚ñà‚ñà‚ñà‚ñà‚ñà‚ñà‚ñà‚ñà‚ñà‚ñà‚ñà‚ñè                    | 389kB 31.6MB/s eta 0:00:01[K    35% |‚ñà‚ñà‚ñà‚ñà‚ñà‚ñà‚ñà‚ñà‚ñà‚ñà‚ñà‚ñé                    | 393kB 30.4MB/s eta 0:00:01[K    35% |‚ñà‚ñà‚ñà‚ñà‚ñà‚ñà‚ñà‚ñà‚ñà‚ñà‚ñà‚ñç                    | 397kB 30.3MB/s eta 0:00:01[K    36% |‚ñà‚ñà‚ñà‚ñà‚ñà‚ñà‚ñà‚ñà‚ñà‚ñà‚ñà‚ñã                    | 401kB 31.5MB/s eta 0:00:01[K    36% |‚ñà‚ñà‚ñà‚ñà‚ñà‚ñà‚ñà‚ñà‚ñà‚ñà‚ñà‚ñä                    | 405kB 31.5MB/s eta 0:00:01[K    36% |‚ñà‚ñà‚ñà‚ñà‚ñà‚ñà‚ñà‚ñà‚ñà‚ñà‚ñà‚ñâ                    | 409kB 14.9MB/s eta 0:00:01[K    37% |‚ñà‚ñà‚ñà‚ñà‚ñà‚ñà‚ñà‚ñà‚ñà‚ñà‚ñà‚ñà                    | 413kB 14.8MB/s eta 0:00:01[K    37% |‚ñà‚ñà‚ñà‚ñà‚ñà‚ñà‚ñà‚ñà‚ñà‚ñà‚ñà‚ñà                    | 417kB 15.0MB/s eta 0:00:01[K    37% |‚ñà‚ñà‚ñà‚ñà‚ñà‚ñà‚ñà‚ñà‚ñà‚ñà‚ñà‚ñà‚ñè                   | 421kB 15.0MB/s eta 0:00:01[K    38% |‚ñà‚ñà‚ñà‚ñà‚ñà‚ñà‚ñà‚ñà‚ñà‚ñà‚ñà‚ñà‚ñé                   | 425kB 14.7MB/s eta 0:00:01[K    38% |‚ñà‚ñà‚ñà‚ñà‚ñà‚ñà‚ñà‚ñà‚ñà‚ñà‚ñà‚ñà‚ñç                   | 430kB 14.7MB/s eta 0:00:01[K    39% |‚ñà‚ñà‚ñà‚ñà‚ñà‚ñà‚ñà‚ñà‚ñà‚ñà‚ñà‚ñà‚ñå                   | 434kB 14.9MB/s eta 0:00:01[K    39% |‚ñà‚ñà‚ñà‚ñà‚ñà‚ñà‚ñà‚ñà‚ñà‚ñà‚ñà‚ñà‚ñã                   | 438kB 13.7MB/s eta 0:00:01[K    39% |‚ñà‚ñà‚ñà‚ñà‚ñà‚ñà‚ñà‚ñà‚ñà‚ñà‚ñà‚ñà‚ñä                   | 442kB 11.0MB/s eta 0:00:01[K    40% |‚ñà‚ñà‚ñà‚ñà‚ñà‚ñà‚ñà‚ñà‚ñà‚ñà‚ñà‚ñà‚ñâ                   | 446kB 11.0MB/s eta 0:00:01[K    40% |‚ñà‚ñà‚ñà‚ñà‚ñà‚ñà‚ñà‚ñà‚ñà‚ñà‚ñà‚ñà‚ñà                   | 450kB 18.0MB/s eta 0:00:01[K    40% |‚ñà‚ñà‚ñà‚ñà‚ñà‚ñà‚ñà‚ñà‚ñà‚ñà‚ñà‚ñà‚ñà                   | 454kB 18.2MB/s eta 0:00:01[K    41% |‚ñà‚ñà‚ñà‚ñà‚ñà‚ñà‚ñà‚ñà‚ñà‚ñà‚ñà‚ñà‚ñà‚ñè                  | 458kB 17.7MB/s eta 0:00:01[K    41% |‚ñà‚ñà‚ñà‚ñà‚ñà‚ñà‚ñà‚ñà‚ñà‚ñà‚ñà‚ñà‚ñà‚ñé                  | 462kB 17.6MB/s eta 0:00:01[K    42% |‚ñà‚ñà‚ñà‚ñà‚ñà‚ñà‚ñà‚ñà‚ñà‚ñà‚ñà‚ñà‚ñà‚ñå                  | 466kB 18.1MB/s eta 0:00:01[K    42% |‚ñà‚ñà‚ñà‚ñà‚ñà‚ñà‚ñà‚ñà‚ñà‚ñà‚ñà‚ñà‚ñà‚ñã                  | 471kB 18.2MB/s eta 0:00:01[K    42% |‚ñà‚ñà‚ñà‚ñà‚ñà‚ñà‚ñà‚ñà‚ñà‚ñà‚ñà‚ñà‚ñà‚ñä                  | 475kB 17.5MB/s eta 0:00:01[K    43% |‚ñà‚ñà‚ñà‚ñà‚ñà‚ñà‚ñà‚ñà‚ñà‚ñà‚ñà‚ñà‚ñà‚ñâ                  | 479kB 19.7MB/s eta 0:00:01[K    43% |‚ñà‚ñà‚ñà‚ñà‚ñà‚ñà‚ñà‚ñà‚ñà‚ñà‚ñà‚ñà‚ñà‚ñà                  | 483kB 30.1MB/s eta 0:00:01[K    43% |‚ñà‚ñà‚ñà‚ñà‚ñà‚ñà‚ñà‚ñà‚ñà‚ñà‚ñà‚ñà‚ñà‚ñà                  | 487kB 30.3MB/s eta 0:00:01[K    44% |‚ñà‚ñà‚ñà‚ñà‚ñà‚ñà‚ñà‚ñà‚ñà‚ñà‚ñà‚ñà‚ñà‚ñà‚ñè                 | 491kB 28.3MB/s eta 0:00:01[K    44% |‚ñà‚ñà‚ñà‚ñà‚ñà‚ñà‚ñà‚ñà‚ñà‚ñà‚ñà‚ñà‚ñà‚ñà‚ñé                 | 495kB 27.6MB/s eta 0:00:01[K    44% |‚ñà‚ñà‚ñà‚ñà‚ñà‚ñà‚ñà‚ñà‚ñà‚ñà‚ñà‚ñà‚ñà‚ñà‚ñç                 | 499kB 28.8MB/s eta 0:00:01[K    45% |‚ñà‚ñà‚ñà‚ñà‚ñà‚ñà‚ñà‚ñà‚ñà‚ñà‚ñà‚ñà‚ñà‚ñà‚ñå                 | 503kB 28.8MB/s eta 0:00:01[K    45% |‚ñà‚ñà‚ñà‚ñà‚ñà‚ñà‚ñà‚ñà‚ñà‚ñà‚ñà‚ñà‚ñà‚ñà‚ñã                 | 507kB 27.5MB/s eta 0:00:01[K    46% |‚ñà‚ñà‚ñà‚ñà‚ñà‚ñà‚ñà‚ñà‚ñà‚ñà‚ñà‚ñà‚ñà‚ñà‚ñä                 | 512kB 27.4MB/s eta 0:00:01[K    46% |‚ñà‚ñà‚ñà‚ñà‚ñà‚ñà‚ñà‚ñà‚ñà‚ñà‚ñà‚ñà‚ñà‚ñà‚ñâ                 | 516kB 28.9MB/s eta 0:00:01[K    46% |‚ñà‚ñà‚ñà‚ñà‚ñà‚ñà‚ñà‚ñà‚ñà‚ñà‚ñà‚ñà‚ñà‚ñà‚ñà                 | 520kB 29.0MB/s eta 0:00:01[K    47% |‚ñà‚ñà‚ñà‚ñà‚ñà‚ñà‚ñà‚ñà‚ñà‚ñà‚ñà‚ñà‚ñà‚ñà‚ñà                 | 524kB 28.0MB/s eta 0:00:01[K    47% |‚ñà‚ñà‚ñà‚ñà‚ñà‚ñà‚ñà‚ñà‚ñà‚ñà‚ñà‚ñà‚ñà‚ñà‚ñà‚ñè                | 528kB 27.9MB/s eta 0:00:01[K    47% |‚ñà‚ñà‚ñà‚ñà‚ñà‚ñà‚ñà‚ñà‚ñà‚ñà‚ñà‚ñà‚ñà‚ñà‚ñà‚ñé                | 532kB 29.9MB/s eta 0:00:01[K    48% |‚ñà‚ñà‚ñà‚ñà‚ñà‚ñà‚ñà‚ñà‚ñà‚ñà‚ñà‚ñà‚ñà‚ñà‚ñà‚ñå                | 536kB 30.7MB/s eta 0:00:01[K    48% |‚ñà‚ñà‚ñà‚ñà‚ñà‚ñà‚ñà‚ñà‚ñà‚ñà‚ñà‚ñà‚ñà‚ñà‚ñà‚ñã                | 540kB 29.7MB/s eta 0:00:01[K    49% |‚ñà‚ñà‚ñà‚ñà‚ñà‚ñà‚ñà‚ñà‚ñà‚ñà‚ñà‚ñà‚ñà‚ñà‚ñà‚ñä                | 544kB 29.8MB/s eta 0:00:01[K    49% |‚ñà‚ñà‚ñà‚ñà‚ñà‚ñà‚ñà‚ñà‚ñà‚ñà‚ñà‚ñà‚ñà‚ñà‚ñà‚ñâ                | 548kB 31.4MB/s eta 0:00:01[K    49% |‚ñà‚ñà‚ñà‚ñà‚ñà‚ñà‚ñà‚ñà‚ñà‚ñà‚ñà‚ñà‚ñà‚ñà‚ñà‚ñà                | 552kB 31.4MB/s eta 0:00:01[K    50% |‚ñà‚ñà‚ñà‚ñà‚ñà‚ñà‚ñà‚ñà‚ñà‚ñà‚ñà‚ñà‚ñà‚ñà‚ñà‚ñà                | 557kB 7.0MB/s eta 0:00:01[K    50% |‚ñà‚ñà‚ñà‚ñà‚ñà‚ñà‚ñà‚ñà‚ñà‚ñà‚ñà‚ñà‚ñà‚ñà‚ñà‚ñà‚ñè               | 561kB 7.0MB/s eta 0:00:01[K    50% |‚ñà‚ñà‚ñà‚ñà‚ñà‚ñà‚ñà‚ñà‚ñà‚ñà‚ñà‚ñà‚ñà‚ñà‚ñà‚ñà‚ñé               | 565kB 7.1MB/s eta 0:00:01[K    51% |‚ñà‚ñà‚ñà‚ñà‚ñà‚ñà‚ñà‚ñà‚ñà‚ñà‚ñà‚ñà‚ñà‚ñà‚ñà‚ñà‚ñç               | 569kB 7.1MB/s eta 0:00:01[K    51% |‚ñà‚ñà‚ñà‚ñà‚ñà‚ñà‚ñà‚ñà‚ñà‚ñà‚ñà‚ñà‚ñà‚ñà‚ñà‚ñà‚ñå               | 573kB 7.0MB/s eta 0:00:01[K    51% |‚ñà‚ñà‚ñà‚ñà‚ñà‚ñà‚ñà‚ñà‚ñà‚ñà‚ñà‚ñà‚ñà‚ñà‚ñà‚ñà‚ñã               | 577kB 7.0MB/s eta 0:00:01[K    52% |‚ñà‚ñà‚ñà‚ñà‚ñà‚ñà‚ñà‚ñà‚ñà‚ñà‚ñà‚ñà‚ñà‚ñà‚ñà‚ñà‚ñä               | 581kB 7.0MB/s eta 0:00:01[K    52% |‚ñà‚ñà‚ñà‚ñà‚ñà‚ñà‚ñà‚ñà‚ñà‚ñà‚ñà‚ñà‚ñà‚ñà‚ñà‚ñà‚ñâ               | 585kB 7.0MB/s eta 0:00:01[K    53% |‚ñà‚ñà‚ñà‚ñà‚ñà‚ñà‚ñà‚ñà‚ñà‚ñà‚ñà‚ñà‚ñà‚ñà‚ñà‚ñà‚ñà               | 589kB 6.9MB/s eta 0:00:01[K    53% |‚ñà‚ñà‚ñà‚ñà‚ñà‚ñà‚ñà‚ñà‚ñà‚ñà‚ñà‚ñà‚ñà‚ñà‚ñà‚ñà‚ñà               | 593kB 6.9MB/s eta 0:00:01[K    53% |‚ñà‚ñà‚ñà‚ñà‚ñà‚ñà‚ñà‚ñà‚ñà‚ñà‚ñà‚ñà‚ñà‚ñà‚ñà‚ñà‚ñà‚ñè              | 598kB 28.7MB/s eta 0:00:01[K    54% |‚ñà‚ñà‚ñà‚ñà‚ñà‚ñà‚ñà‚ñà‚ñà‚ñà‚ñà‚ñà‚ñà‚ñà‚ñà‚ñà‚ñà‚ñç              | 602kB 29.0MB/s eta 0:00:01[K    54% |‚ñà‚ñà‚ñà‚ñà‚ñà‚ñà‚ñà‚ñà‚ñà‚ñà‚ñà‚ñà‚ñà‚ñà‚ñà‚ñà‚ñà‚ñå              | 606kB 27.7MB/s eta 0:00:01[K    54% |‚ñà‚ñà‚ñà‚ñà‚ñà‚ñà‚ñà‚ñà‚ñà‚ñà‚ñà‚ñà‚ñà‚ñà‚ñà‚ñà‚ñà‚ñã              | 610kB 27.7MB/s eta 0:00:01[K    55% |‚ñà‚ñà‚ñà‚ñà‚ñà‚ñà‚ñà‚ñà‚ñà‚ñà‚ñà‚ñà‚ñà‚ñà‚ñà‚ñà‚ñà‚ñä              | 614kB 29.0MB/s eta 0:00:01[K    55% |‚ñà‚ñà‚ñà‚ñà‚ñà‚ñà‚ñà‚ñà‚ñà‚ñà‚ñà‚ñà‚ñà‚ñà‚ñà‚ñà‚ñà‚ñâ              | 618kB 29.2MB/s eta 0:00:01[K    56% |‚ñà‚ñà‚ñà‚ñà‚ñà‚ñà‚ñà‚ñà‚ñà‚ñà‚ñà‚ñà‚ñà‚ñà‚ñà‚ñà‚ñà‚ñà              | 622kB 28.0MB/s eta 0:00:01[K    56% |‚ñà‚ñà‚ñà‚ñà‚ñà‚ñà‚ñà‚ñà‚ñà‚ñà‚ñà‚ñà‚ñà‚ñà‚ñà‚ñà‚ñà‚ñà              | 626kB 28.6MB/s eta 0:00:01[K    56% |‚ñà‚ñà‚ñà‚ñà‚ñà‚ñà‚ñà‚ñà‚ñà‚ñà‚ñà‚ñà‚ñà‚ñà‚ñà‚ñà‚ñà‚ñà‚ñè             | 630kB 30.1MB/s eta 0:00:01[K    57% |‚ñà‚ñà‚ñà‚ñà‚ñà‚ñà‚ñà‚ñà‚ñà‚ñà‚ñà‚ñà‚ñà‚ñà‚ñà‚ñà‚ñà‚ñà‚ñé             | 634kB 30.1MB/s eta 0:00:01[K    57% |‚ñà‚ñà‚ñà‚ñà‚ñà‚ñà‚ñà‚ñà‚ñà‚ñà‚ñà‚ñà‚ñà‚ñà‚ñà‚ñà‚ñà‚ñà‚ñç             | 638kB 28.9MB/s eta 0:00:01[K    57% |‚ñà‚ñà‚ñà‚ñà‚ñà‚ñà‚ñà‚ñà‚ñà‚ñà‚ñà‚ñà‚ñà‚ñà‚ñà‚ñà‚ñà‚ñà‚ñå             | 643kB 29.3MB/s eta 0:00:01[K    58% |‚ñà‚ñà‚ñà‚ñà‚ñà‚ñà‚ñà‚ñà‚ñà‚ñà‚ñà‚ñà‚ñà‚ñà‚ñà‚ñà‚ñà‚ñà‚ñã             | 647kB 30.8MB/s eta 0:00:01[K    58% |‚ñà‚ñà‚ñà‚ñà‚ñà‚ñà‚ñà‚ñà‚ñà‚ñà‚ñà‚ñà‚ñà‚ñà‚ñà‚ñà‚ñà‚ñà‚ñä             | 651kB 30.9MB/s eta 0:00:01[K    58% |‚ñà‚ñà‚ñà‚ñà‚ñà‚ñà‚ñà‚ñà‚ñà‚ñà‚ñà‚ñà‚ñà‚ñà‚ñà‚ñà‚ñà‚ñà‚ñâ             | 655kB 29.8MB/s eta 0:00:01[K    59% |‚ñà‚ñà‚ñà‚ñà‚ñà‚ñà‚ñà‚ñà‚ñà‚ñà‚ñà‚ñà‚ñà‚ñà‚ñà‚ñà‚ñà‚ñà‚ñà             | 659kB 29.8MB/s eta 0:00:01[K    59% |‚ñà‚ñà‚ñà‚ñà‚ñà‚ñà‚ñà‚ñà‚ñà‚ñà‚ñà‚ñà‚ñà‚ñà‚ñà‚ñà‚ñà‚ñà‚ñà             | 663kB 31.4MB/s eta 0:00:01[K    60% |‚ñà‚ñà‚ñà‚ñà‚ñà‚ñà‚ñà‚ñà‚ñà‚ñà‚ñà‚ñà‚ñà‚ñà‚ñà‚ñà‚ñà‚ñà‚ñà‚ñé            | 667kB 31.5MB/s eta 0:00:01[K    60% |‚ñà‚ñà‚ñà‚ñà‚ñà‚ñà‚ñà‚ñà‚ñà‚ñà‚ñà‚ñà‚ñà‚ñà‚ñà‚ñà‚ñà‚ñà‚ñà‚ñç            | 671kB 30.3MB/s eta 0:00:01[K    60% |‚ñà‚ñà‚ñà‚ñà‚ñà‚ñà‚ñà‚ñà‚ñà‚ñà‚ñà‚ñà‚ñà‚ñà‚ñà‚ñà‚ñà‚ñà‚ñà‚ñå            | 675kB 29.4MB/s eta 0:00:01[K    61% |‚ñà‚ñà‚ñà‚ñà‚ñà‚ñà‚ñà‚ñà‚ñà‚ñà‚ñà‚ñà‚ñà‚ñà‚ñà‚ñà‚ñà‚ñà‚ñà‚ñã            | 679kB 30.6MB/s eta 0:00:01[K    61% |‚ñà‚ñà‚ñà‚ñà‚ñà‚ñà‚ñà‚ñà‚ñà‚ñà‚ñà‚ñà‚ñà‚ñà‚ñà‚ñà‚ñà‚ñà‚ñà‚ñä            | 684kB 30.6MB/s eta 0:00:01[K    61% |‚ñà‚ñà‚ñà‚ñà‚ñà‚ñà‚ñà‚ñà‚ñà‚ñà‚ñà‚ñà‚ñà‚ñà‚ñà‚ñà‚ñà‚ñà‚ñà‚ñâ            | 688kB 29.4MB/s eta 0:00:01[K    62% |‚ñà‚ñà‚ñà‚ñà‚ñà‚ñà‚ñà‚ñà‚ñà‚ñà‚ñà‚ñà‚ñà‚ñà‚ñà‚ñà‚ñà‚ñà‚ñà‚ñà            | 692kB 29.4MB/s eta 0:00:01[K    62% |‚ñà‚ñà‚ñà‚ñà‚ñà‚ñà‚ñà‚ñà‚ñà‚ñà‚ñà‚ñà‚ñà‚ñà‚ñà‚ñà‚ñà‚ñà‚ñà‚ñà            | 696kB 30.5MB/s eta 0:00:01[K    63% |‚ñà‚ñà‚ñà‚ñà‚ñà‚ñà‚ñà‚ñà‚ñà‚ñà‚ñà‚ñà‚ñà‚ñà‚ñà‚ñà‚ñà‚ñà‚ñà‚ñà‚ñè           | 700kB 30.5MB/s eta 0:00:01[K    63% |‚ñà‚ñà‚ñà‚ñà‚ñà‚ñà‚ñà‚ñà‚ñà‚ñà‚ñà‚ñà‚ñà‚ñà‚ñà‚ñà‚ñà‚ñà‚ñà‚ñà‚ñé           | 704kB 28.9MB/s eta 0:00:01[K    63% |‚ñà‚ñà‚ñà‚ñà‚ñà‚ñà‚ñà‚ñà‚ñà‚ñà‚ñà‚ñà‚ñà‚ñà‚ñà‚ñà‚ñà‚ñà‚ñà‚ñà‚ñç           | 708kB 28.9MB/s eta 0:00:01[K    64% |‚ñà‚ñà‚ñà‚ñà‚ñà‚ñà‚ñà‚ñà‚ñà‚ñà‚ñà‚ñà‚ñà‚ñà‚ñà‚ñà‚ñà‚ñà‚ñà‚ñà‚ñå           | 712kB 30.0MB/s eta 0:00:01[K    64% |‚ñà‚ñà‚ñà‚ñà‚ñà‚ñà‚ñà‚ñà‚ñà‚ñà‚ñà‚ñà‚ñà‚ñà‚ñà‚ñà‚ñà‚ñà‚ñà‚ñà‚ñã           | 716kB 30.9MB/s eta 0:00:01[K    64% |‚ñà‚ñà‚ñà‚ñà‚ñà‚ñà‚ñà‚ñà‚ñà‚ñà‚ñà‚ñà‚ñà‚ñà‚ñà‚ñà‚ñà‚ñà‚ñà‚ñà‚ñä           | 720kB 29.4MB/s eta 0:00:01[K    65% |‚ñà‚ñà‚ñà‚ñà‚ñà‚ñà‚ñà‚ñà‚ñà‚ñà‚ñà‚ñà‚ñà‚ñà‚ñà‚ñà‚ñà‚ñà‚ñà‚ñà‚ñâ           | 724kB 29.2MB/s eta 0:00:01[K    65% |‚ñà‚ñà‚ñà‚ñà‚ñà‚ñà‚ñà‚ñà‚ñà‚ñà‚ñà‚ñà‚ñà‚ñà‚ñà‚ñà‚ñà‚ñà‚ñà‚ñà‚ñà           | 729kB 30.4MB/s eta 0:00:01[K    65% |‚ñà‚ñà‚ñà‚ñà‚ñà‚ñà‚ñà‚ñà‚ñà‚ñà‚ñà‚ñà‚ñà‚ñà‚ñà‚ñà‚ñà‚ñà‚ñà‚ñà‚ñà           | 733kB 30.4MB/s eta 0:00:01[K    66% |‚ñà‚ñà‚ñà‚ñà‚ñà‚ñà‚ñà‚ñà‚ñà‚ñà‚ñà‚ñà‚ñà‚ñà‚ñà‚ñà‚ñà‚ñà‚ñà‚ñà‚ñà‚ñé          | 737kB 29.3MB/s eta 0:00:01[K    66% |‚ñà‚ñà‚ñà‚ñà‚ñà‚ñà‚ñà‚ñà‚ñà‚ñà‚ñà‚ñà‚ñà‚ñà‚ñà‚ñà‚ñà‚ñà‚ñà‚ñà‚ñà‚ñç          | 741kB 29.3MB/s eta 0:00:01[K    67% |‚ñà‚ñà‚ñà‚ñà‚ñà‚ñà‚ñà‚ñà‚ñà‚ñà‚ñà‚ñà‚ñà‚ñà‚ñà‚ñà‚ñà‚ñà‚ñà‚ñà‚ñà‚ñå          | 745kB 30.9MB/s eta 0:00:01[K    67% |‚ñà‚ñà‚ñà‚ñà‚ñà‚ñà‚ñà‚ñà‚ñà‚ñà‚ñà‚ñà‚ñà‚ñà‚ñà‚ñà‚ñà‚ñà‚ñà‚ñà‚ñà‚ñã          | 749kB 30.9MB/s eta 0:00:01[K    67% |‚ñà‚ñà‚ñà‚ñà‚ñà‚ñà‚ñà‚ñà‚ñà‚ñà‚ñà‚ñà‚ñà‚ñà‚ñà‚ñà‚ñà‚ñà‚ñà‚ñà‚ñà‚ñä          | 753kB 29.0MB/s eta 0:00:01[K    68% |‚ñà‚ñà‚ñà‚ñà‚ñà‚ñà‚ñà‚ñà‚ñà‚ñà‚ñà‚ñà‚ñà‚ñà‚ñà‚ñà‚ñà‚ñà‚ñà‚ñà‚ñà‚ñâ          | 757kB 29.0MB/s eta 0:00:01[K    68% |‚ñà‚ñà‚ñà‚ñà‚ñà‚ñà‚ñà‚ñà‚ñà‚ñà‚ñà‚ñà‚ñà‚ñà‚ñà‚ñà‚ñà‚ñà‚ñà‚ñà‚ñà‚ñà          | 761kB 30.5MB/s eta 0:00:01[K    68% |‚ñà‚ñà‚ñà‚ñà‚ñà‚ñà‚ñà‚ñà‚ñà‚ñà‚ñà‚ñà‚ñà‚ñà‚ñà‚ñà‚ñà‚ñà‚ñà‚ñà‚ñà‚ñà          | 765kB 30.7MB/s eta 0:00:01[K    69% |‚ñà‚ñà‚ñà‚ñà‚ñà‚ñà‚ñà‚ñà‚ñà‚ñà‚ñà‚ñà‚ñà‚ñà‚ñà‚ñà‚ñà‚ñà‚ñà‚ñà‚ñà‚ñà‚ñè         | 770kB 29.2MB/s eta 0:00:01[K    69% |‚ñà‚ñà‚ñà‚ñà‚ñà‚ñà‚ñà‚ñà‚ñà‚ñà‚ñà‚ñà‚ñà‚ñà‚ñà‚ñà‚ñà‚ñà‚ñà‚ñà‚ñà‚ñà‚ñé         | 774kB 29.1MB/s eta 0:00:01[K    70% |‚ñà‚ñà‚ñà‚ñà‚ñà‚ñà‚ñà‚ñà‚ñà‚ñà‚ñà‚ñà‚ñà‚ñà‚ñà‚ñà‚ñà‚ñà‚ñà‚ñà‚ñà‚ñà‚ñç         | 778kB 29.6MB/s eta 0:00:01[K    70% |‚ñà‚ñà‚ñà‚ñà‚ñà‚ñà‚ñà‚ñà‚ñà‚ñà‚ñà‚ñà‚ñà‚ñà‚ñà‚ñà‚ñà‚ñà‚ñà‚ñà‚ñà‚ñà‚ñå         | 782kB 29.5MB/s eta 0:00:01[K    70% |‚ñà‚ñà‚ñà‚ñà‚ñà‚ñà‚ñà‚ñà‚ñà‚ñà‚ñà‚ñà‚ñà‚ñà‚ñà‚ñà‚ñà‚ñà‚ñà‚ñà‚ñà‚ñà‚ñã         | 786kB 28.1MB/s eta 0:00:01[K    71% |‚ñà‚ñà‚ñà‚ñà‚ñà‚ñà‚ñà‚ñà‚ñà‚ñà‚ñà‚ñà‚ñà‚ñà‚ñà‚ñà‚ñà‚ñà‚ñà‚ñà‚ñà‚ñà‚ñä         | 790kB 28.1MB/s eta 0:00:01[K    71% |‚ñà‚ñà‚ñà‚ñà‚ñà‚ñà‚ñà‚ñà‚ñà‚ñà‚ñà‚ñà‚ñà‚ñà‚ñà‚ñà‚ñà‚ñà‚ñà‚ñà‚ñà‚ñà‚ñâ         | 794kB 29.8MB/s eta 0:00:01[K    71% |‚ñà‚ñà‚ñà‚ñà‚ñà‚ñà‚ñà‚ñà‚ñà‚ñà‚ñà‚ñà‚ñà‚ñà‚ñà‚ñà‚ñà‚ñà‚ñà‚ñà‚ñà‚ñà‚ñà         | 798kB 29.9MB/s eta 0:00:01[K    72% |‚ñà‚ñà‚ñà‚ñà‚ñà‚ñà‚ñà‚ñà‚ñà‚ñà‚ñà‚ñà‚ñà‚ñà‚ñà‚ñà‚ñà‚ñà‚ñà‚ñà‚ñà‚ñà‚ñà‚ñè        | 802kB 28.0MB/s eta 0:00:01[K    72% |‚ñà‚ñà‚ñà‚ñà‚ñà‚ñà‚ñà‚ñà‚ñà‚ñà‚ñà‚ñà‚ñà‚ñà‚ñà‚ñà‚ñà‚ñà‚ñà‚ñà‚ñà‚ñà‚ñà‚ñé        | 806kB 27.8MB/s eta 0:00:01[K    72% |‚ñà‚ñà‚ñà‚ñà‚ñà‚ñà‚ñà‚ñà‚ñà‚ñà‚ñà‚ñà‚ñà‚ñà‚ñà‚ñà‚ñà‚ñà‚ñà‚ñà‚ñà‚ñà‚ñà‚ñç        | 811kB 29.2MB/s eta 0:00:01[K    73% |‚ñà‚ñà‚ñà‚ñà‚ñà‚ñà‚ñà‚ñà‚ñà‚ñà‚ñà‚ñà‚ñà‚ñà‚ñà‚ñà‚ñà‚ñà‚ñà‚ñà‚ñà‚ñà‚ñà‚ñå        | 815kB 29.3MB/s eta 0:00:01[K    73% |‚ñà‚ñà‚ñà‚ñà‚ñà‚ñà‚ñà‚ñà‚ñà‚ñà‚ñà‚ñà‚ñà‚ñà‚ñà‚ñà‚ñà‚ñà‚ñà‚ñà‚ñà‚ñà‚ñà‚ñã        | 819kB 28.8MB/s eta 0:00:01[K    74% |‚ñà‚ñà‚ñà‚ñà‚ñà‚ñà‚ñà‚ñà‚ñà‚ñà‚ñà‚ñà‚ñà‚ñà‚ñà‚ñà‚ñà‚ñà‚ñà‚ñà‚ñà‚ñà‚ñà‚ñä        | 823kB 28.8MB/s eta 0:00:01[K    74% |‚ñà‚ñà‚ñà‚ñà‚ñà‚ñà‚ñà‚ñà‚ñà‚ñà‚ñà‚ñà‚ñà‚ñà‚ñà‚ñà‚ñà‚ñà‚ñà‚ñà‚ñà‚ñà‚ñà‚ñâ        | 827kB 30.3MB/s eta 0:00:01[K    74% |‚ñà‚ñà‚ñà‚ñà‚ñà‚ñà‚ñà‚ñà‚ñà‚ñà‚ñà‚ñà‚ñà‚ñà‚ñà‚ñà‚ñà‚ñà‚ñà‚ñà‚ñà‚ñà‚ñà‚ñà        | 831kB 30.4MB/s eta 0:00:01[K    75% |‚ñà‚ñà‚ñà‚ñà‚ñà‚ñà‚ñà‚ñà‚ñà‚ñà‚ñà‚ñà‚ñà‚ñà‚ñà‚ñà‚ñà‚ñà‚ñà‚ñà‚ñà‚ñà‚ñà‚ñà        | 835kB 28.9MB/s eta 0:00:01[K    75% |‚ñà‚ñà‚ñà‚ñà‚ñà‚ñà‚ñà‚ñà‚ñà‚ñà‚ñà‚ñà‚ñà‚ñà‚ñà‚ñà‚ñà‚ñà‚ñà‚ñà‚ñà‚ñà‚ñà‚ñà‚ñè       | 839kB 28.2MB/s eta 0:00:01[K    75% |‚ñà‚ñà‚ñà‚ñà‚ñà‚ñà‚ñà‚ñà‚ñà‚ñà‚ñà‚ñà‚ñà‚ñà‚ñà‚ñà‚ñà‚ñà‚ñà‚ñà‚ñà‚ñà‚ñà‚ñà‚ñé       | 843kB 30.1MB/s eta 0:00:01[K    76% |‚ñà‚ñà‚ñà‚ñà‚ñà‚ñà‚ñà‚ñà‚ñà‚ñà‚ñà‚ñà‚ñà‚ñà‚ñà‚ñà‚ñà‚ñà‚ñà‚ñà‚ñà‚ñà‚ñà‚ñà‚ñç       | 847kB 30.3MB/s eta 0:00:01[K    76% |‚ñà‚ñà‚ñà‚ñà‚ñà‚ñà‚ñà‚ñà‚ñà‚ñà‚ñà‚ñà‚ñà‚ñà‚ñà‚ñà‚ñà‚ñà‚ñà‚ñà‚ñà‚ñà‚ñà‚ñà‚ñå       | 851kB 29.3MB/s eta 0:00:01[K    77% |‚ñà‚ñà‚ñà‚ñà‚ñà‚ñà‚ñà‚ñà‚ñà‚ñà‚ñà‚ñà‚ñà‚ñà‚ñà‚ñà‚ñà‚ñà‚ñà‚ñà‚ñà‚ñà‚ñà‚ñà‚ñã       | 856kB 29.3MB/s eta 0:00:01[K    77% |‚ñà‚ñà‚ñà‚ñà‚ñà‚ñà‚ñà‚ñà‚ñà‚ñà‚ñà‚ñà‚ñà‚ñà‚ñà‚ñà‚ñà‚ñà‚ñà‚ñà‚ñà‚ñà‚ñà‚ñà‚ñä       | 860kB 29.7MB/s eta 0:00:01[K    77% |‚ñà‚ñà‚ñà‚ñà‚ñà‚ñà‚ñà‚ñà‚ñà‚ñà‚ñà‚ñà‚ñà‚ñà‚ñà‚ñà‚ñà‚ñà‚ñà‚ñà‚ñà‚ñà‚ñà‚ñà‚ñâ       | 864kB 29.2MB/s eta 0:00:01[K    78% |‚ñà‚ñà‚ñà‚ñà‚ñà‚ñà‚ñà‚ñà‚ñà‚ñà‚ñà‚ñà‚ñà‚ñà‚ñà‚ñà‚ñà‚ñà‚ñà‚ñà‚ñà‚ñà‚ñà‚ñà‚ñà       | 868kB 28.1MB/s eta 0:00:01[K    78% |‚ñà‚ñà‚ñà‚ñà‚ñà‚ñà‚ñà‚ñà‚ñà‚ñà‚ñà‚ñà‚ñà‚ñà‚ñà‚ñà‚ñà‚ñà‚ñà‚ñà‚ñà‚ñà‚ñà‚ñà‚ñà‚ñè      | 872kB 28.0MB/s eta 0:00:01[K    78% |‚ñà‚ñà‚ñà‚ñà‚ñà‚ñà‚ñà‚ñà‚ñà‚ñà‚ñà‚ñà‚ñà‚ñà‚ñà‚ñà‚ñà‚ñà‚ñà‚ñà‚ñà‚ñà‚ñà‚ñà‚ñà‚ñé      | 876kB 29.4MB/s eta 0:00:01[K    79% |‚ñà‚ñà‚ñà‚ñà‚ñà‚ñà‚ñà‚ñà‚ñà‚ñà‚ñà‚ñà‚ñà‚ñà‚ñà‚ñà‚ñà‚ñà‚ñà‚ñà‚ñà‚ñà‚ñà‚ñà‚ñà‚ñç      | 880kB 30.1MB/s eta 0:00:01[K    79% |‚ñà‚ñà‚ñà‚ñà‚ñà‚ñà‚ñà‚ñà‚ñà‚ñà‚ñà‚ñà‚ñà‚ñà‚ñà‚ñà‚ñà‚ñà‚ñà‚ñà‚ñà‚ñà‚ñà‚ñà‚ñà‚ñå      | 884kB 29.0MB/s eta 0:00:01[K    79% |‚ñà‚ñà‚ñà‚ñà‚ñà‚ñà‚ñà‚ñà‚ñà‚ñà‚ñà‚ñà‚ñà‚ñà‚ñà‚ñà‚ñà‚ñà‚ñà‚ñà‚ñà‚ñà‚ñà‚ñà‚ñà‚ñã      | 888kB 29.0MB/s eta 0:00:01[K    80% |‚ñà‚ñà‚ñà‚ñà‚ñà‚ñà‚ñà‚ñà‚ñà‚ñà‚ñà‚ñà‚ñà‚ñà‚ñà‚ñà‚ñà‚ñà‚ñà‚ñà‚ñà‚ñà‚ñà‚ñà‚ñà‚ñä      | 892kB 30.1MB/s eta 0:00:01[K    80% |‚ñà‚ñà‚ñà‚ñà‚ñà‚ñà‚ñà‚ñà‚ñà‚ñà‚ñà‚ñà‚ñà‚ñà‚ñà‚ñà‚ñà‚ñà‚ñà‚ñà‚ñà‚ñà‚ñà‚ñà‚ñà‚ñâ      | 897kB 30.1MB/s eta 0:00:01[K    81% |‚ñà‚ñà‚ñà‚ñà‚ñà‚ñà‚ñà‚ñà‚ñà‚ñà‚ñà‚ñà‚ñà‚ñà‚ñà‚ñà‚ñà‚ñà‚ñà‚ñà‚ñà‚ñà‚ñà‚ñà‚ñà‚ñà      | 901kB 29.7MB/s eta 0:00:01[K    81% |‚ñà‚ñà‚ñà‚ñà‚ñà‚ñà‚ñà‚ñà‚ñà‚ñà‚ñà‚ñà‚ñà‚ñà‚ñà‚ñà‚ñà‚ñà‚ñà‚ñà‚ñà‚ñà‚ñà‚ñà‚ñà‚ñà      | 905kB 30.2MB/s eta 0:00:01[K    81% |‚ñà‚ñà‚ñà‚ñà‚ñà‚ñà‚ñà‚ñà‚ñà‚ñà‚ñà‚ñà‚ñà‚ñà‚ñà‚ñà‚ñà‚ñà‚ñà‚ñà‚ñà‚ñà‚ñà‚ñà‚ñà‚ñà‚ñè     | 909kB 31.4MB/s eta 0:00:01[K    82% |‚ñà‚ñà‚ñà‚ñà‚ñà‚ñà‚ñà‚ñà‚ñà‚ñà‚ñà‚ñà‚ñà‚ñà‚ñà‚ñà‚ñà‚ñà‚ñà‚ñà‚ñà‚ñà‚ñà‚ñà‚ñà‚ñà‚ñé     | 913kB 31.5MB/s eta 0:00:01[K    82% |‚ñà‚ñà‚ñà‚ñà‚ñà‚ñà‚ñà‚ñà‚ñà‚ñà‚ñà‚ñà‚ñà‚ñà‚ñà‚ñà‚ñà‚ñà‚ñà‚ñà‚ñà‚ñà‚ñà‚ñà‚ñà‚ñà‚ñç     | 917kB 30.3MB/s eta 0:00:01[K    82% |‚ñà‚ñà‚ñà‚ñà‚ñà‚ñà‚ñà‚ñà‚ñà‚ñà‚ñà‚ñà‚ñà‚ñà‚ñà‚ñà‚ñà‚ñà‚ñà‚ñà‚ñà‚ñà‚ñà‚ñà‚ñà‚ñà‚ñå     | 921kB 30.4MB/s eta 0:00:01[K    83% |‚ñà‚ñà‚ñà‚ñà‚ñà‚ñà‚ñà‚ñà‚ñà‚ñà‚ñà‚ñà‚ñà‚ñà‚ñà‚ñà‚ñà‚ñà‚ñà‚ñà‚ñà‚ñà‚ñà‚ñà‚ñà‚ñà‚ñã     | 925kB 31.5MB/s eta 0:00:01[K    83% |‚ñà‚ñà‚ñà‚ñà‚ñà‚ñà‚ñà‚ñà‚ñà‚ñà‚ñà‚ñà‚ñà‚ñà‚ñà‚ñà‚ñà‚ñà‚ñà‚ñà‚ñà‚ñà‚ñà‚ñà‚ñà‚ñà‚ñä     | 929kB 31.5MB/s eta 0:00:01[K    84% |‚ñà‚ñà‚ñà‚ñà‚ñà‚ñà‚ñà‚ñà‚ñà‚ñà‚ñà‚ñà‚ñà‚ñà‚ñà‚ñà‚ñà‚ñà‚ñà‚ñà‚ñà‚ñà‚ñà‚ñà‚ñà‚ñà‚ñà     | 933kB 30.4MB/s eta 0:00:01[K    84% |‚ñà‚ñà‚ñà‚ñà‚ñà‚ñà‚ñà‚ñà‚ñà‚ñà‚ñà‚ñà‚ñà‚ñà‚ñà‚ñà‚ñà‚ñà‚ñà‚ñà‚ñà‚ñà‚ñà‚ñà‚ñà‚ñàÔøΩÔøΩÔøΩ     | 937kB 30.4MB/s eta 0:00:01[K    84% |‚ñà‚ñà‚ñà‚ñà‚ñà‚ñà‚ñà‚ñà‚ñà‚ñà‚ñà‚ñà‚ñà‚ñà‚ñà‚ñà‚ñà‚ñà‚ñà‚ñà‚ñà‚ñà‚ñà‚ñà‚ñà‚ñà‚ñà‚ñè    | 942kB 31.6MB/s eta 0:00:01[K    85% |‚ñà‚ñà‚ñà‚ñà‚ñà‚ñà‚ñà‚ñà‚ñà‚ñà‚ñà‚ñà‚ñà‚ñà‚ñà‚ñà‚ñà‚ñà‚ñà‚ñà‚ñà‚ñà‚ñà‚ñà‚ñà‚ñà‚ñà‚ñé    | 946kB 31.7MB/s eta 0:00:01[K    85% |‚ñà‚ñà‚ñà‚ñà‚ñà‚ñà‚ñà‚ñà‚ñà‚ñà‚ñà‚ñà‚ñà‚ñà‚ñà‚ñà‚ñà‚ñà‚ñà‚ñà‚ñà‚ñà‚ñà‚ñà‚ñà‚ñà‚ñà‚ñç    | 950kB 30.5MB/s eta 0:00:01[K    85% |‚ñà‚ñà‚ñà‚ñà‚ñà‚ñà‚ñà‚ñà‚ñà‚ñà‚ñà‚ñà‚ñà‚ñà‚ñà‚ñà‚ñà‚ñà‚ñà‚ñà‚ñà‚ñà‚ñà‚ñà‚ñà‚ñà‚ñà‚ñå    | 954kB 30.5MB/s eta 0:00:01[K    86% |‚ñà‚ñà‚ñà‚ñà‚ñà‚ñà‚ñà‚ñà‚ñà‚ñà‚ñà‚ñà‚ñà‚ñà‚ñà‚ñà‚ñà‚ñà‚ñà‚ñà‚ñà‚ñà‚ñà‚ñà‚ñà‚ñà‚ñà‚ñã    | 958kB 31.3MB/s eta 0:00:01[K    86% |‚ñà‚ñà‚ñà‚ñà‚ñà‚ñà‚ñà‚ñà‚ñà‚ñà‚ñà‚ñà‚ñà‚ñà‚ñà‚ñà‚ñà‚ñà‚ñà‚ñà‚ñà‚ñà‚ñà‚ñà‚ñà‚ñà‚ñà‚ñä    | 962kB 31.1MB/s eta 0:00:01[K    86% |‚ñà‚ñà‚ñà‚ñà‚ñà‚ñà‚ñà‚ñà‚ñà‚ñà‚ñà‚ñà‚ñà‚ñà‚ñà‚ñà‚ñà‚ñà‚ñà‚ñà‚ñà‚ñà‚ñà‚ñà‚ñà‚ñà‚ñà‚ñâ    | 966kB 30.0MB/s eta 0:00:01[K    87% |‚ñà‚ñà‚ñà‚ñà‚ñà‚ñà‚ñà‚ñà‚ñà‚ñà‚ñà‚ñà‚ñà‚ñà‚ñà‚ñà‚ñà‚ñà‚ñà‚ñà‚ñà‚ñà‚ñà‚ñà‚ñà‚ñà‚ñà‚ñà    | 970kB 30.0MB/s eta 0:00:01[K    87% |‚ñà‚ñà‚ñà‚ñà‚ñà‚ñà‚ñà‚ñà‚ñà‚ñà‚ñà‚ñà‚ñà‚ñà‚ñà‚ñà‚ñà‚ñà‚ñà‚ñà‚ñà‚ñà‚ñà‚ñà‚ñà‚ñà‚ñà‚ñà    | 974kB 31.1MB/s eta 0:00:01[K    88% |‚ñà‚ñà‚ñà‚ñà‚ñà‚ñà‚ñà‚ñà‚ñà‚ñà‚ñà‚ñà‚ñà‚ñà‚ñà‚ñà‚ñà‚ñà‚ñà‚ñà‚ñà‚ñà‚ñà‚ñà‚ñà‚ñà‚ñà‚ñà‚ñè   | 978kB 31.1MB/s eta 0:00:01[K    88% |‚ñà‚ñà‚ñà‚ñà‚ñà‚ñà‚ñà‚ñà‚ñà‚ñà‚ñà‚ñà‚ñà‚ñà‚ñà‚ñà‚ñà‚ñà‚ñà‚ñà‚ñà‚ñà‚ñà‚ñà‚ñà‚ñà‚ñà‚ñà‚ñé   | 983kB 29.5MB/s eta 0:00:01[K    88% |‚ñà‚ñà‚ñà‚ñà‚ñà‚ñà‚ñà‚ñà‚ñà‚ñà‚ñà‚ñà‚ñà‚ñà‚ñà‚ñà‚ñà‚ñà‚ñà‚ñà‚ñà‚ñà‚ñà‚ñà‚ñà‚ñà‚ñà‚ñà‚ñç   | 987kB 29.3MB/s eta 0:00:01[K    89% |‚ñà‚ñà‚ñà‚ñà‚ñà‚ñà‚ñà‚ñà‚ñà‚ñà‚ñà‚ñà‚ñà‚ñà‚ñà‚ñà‚ñà‚ñà‚ñà‚ñà‚ñà‚ñà‚ñà‚ñà‚ñà‚ñà‚ñà‚ñà‚ñå   | 991kB 30.3MB/s eta 0:00:01[K    89% |‚ñà‚ñà‚ñà‚ñà‚ñà‚ñà‚ñà‚ñà‚ñà‚ñà‚ñà‚ñà‚ñà‚ñà‚ñà‚ñà‚ñà‚ñà‚ñà‚ñà‚ñà‚ñà‚ñà‚ñà‚ñà‚ñà‚ñà‚ñà‚ñã   | 995kB 30.4MB/s eta 0:00:01[K    89% |‚ñà‚ñà‚ñà‚ñà‚ñà‚ñà‚ñà‚ñà‚ñà‚ñà‚ñà‚ñà‚ñà‚ñà‚ñà‚ñà‚ñà‚ñà‚ñà‚ñà‚ñà‚ñà‚ñà‚ñà‚ñà‚ñà‚ñà‚ñà‚ñä   | 999kB 29.2MB/s eta 0:00:01[K    90% |‚ñà‚ñà‚ñà‚ñà‚ñà‚ñà‚ñà‚ñà‚ñà‚ñà‚ñà‚ñà‚ñà‚ñà‚ñà‚ñà‚ñà‚ñà‚ñà‚ñà‚ñà‚ñà‚ñà‚ñà‚ñà‚ñà‚ñà‚ñà‚ñà   | 1.0MB 29.2MB/s eta 0:00:01[K    90% |‚ñà‚ñà‚ñà‚ñà‚ñà‚ñà‚ñà‚ñà‚ñà‚ñà‚ñà‚ñà‚ñà‚ñà‚ñà‚ñà‚ñà‚ñà‚ñà‚ñà‚ñà‚ñà‚ñà‚ñà‚ñà‚ñà‚ñà‚ñà‚ñà   | 1.0MB 30.3MB/s eta 0:00:01[K    91% |‚ñà‚ñà‚ñà‚ñà‚ñà‚ñà‚ñà‚ñà‚ñà‚ñà‚ñà‚ñà‚ñà‚ñà‚ñà‚ñà‚ñà‚ñà‚ñà‚ñà‚ñà‚ñà‚ñà‚ñà‚ñà‚ñà‚ñà‚ñà‚ñà‚ñè  | 1.0MB 30.3MB/s eta 0:00:01[K    91% |‚ñà‚ñà‚ñà‚ñà‚ñà‚ñà‚ñà‚ñà‚ñà‚ñà‚ñà‚ñà‚ñà‚ñà‚ñà‚ñà‚ñà‚ñà‚ñà‚ñà‚ñà‚ñà‚ñà‚ñà‚ñà‚ñà‚ñà‚ñà‚ñà‚ñé  | 1.0MB 28.5MB/s eta 0:00:01[K    91% |‚ñà‚ñà‚ñà‚ñà‚ñà‚ñà‚ñà‚ñà‚ñà‚ñà‚ñà‚ñà‚ñà‚ñà‚ñà‚ñà‚ñà‚ñà‚ñà‚ñà‚ñà‚ñà‚ñà‚ñà‚ñà‚ñà‚ñà‚ñà‚ñà‚ñç  | 1.0MB 28.5MB/s eta 0:00:01[K    92% |‚ñà‚ñà‚ñà‚ñà‚ñà‚ñà‚ñà‚ñà‚ñà‚ñà‚ñà‚ñà‚ñà‚ñà‚ñà‚ñà‚ñà‚ñà‚ñà‚ñà‚ñà‚ñà‚ñà‚ñà‚ñà‚ñà‚ñà‚ñà‚ñà‚ñå  | 1.0MB 29.5MB/s eta 0:00:01[K    92% |‚ñà‚ñà‚ñà‚ñà‚ñà‚ñà‚ñà‚ñà‚ñà‚ñà‚ñà‚ñà‚ñà‚ñà‚ñà‚ñà‚ñà‚ñà‚ñà‚ñà‚ñà‚ñà‚ñà‚ñà‚ñà‚ñà‚ñà‚ñà‚ñà‚ñã  | 1.0MB 29.7MB/s eta 0:00:01[K    92% |‚ñà‚ñà‚ñà‚ñà‚ñà‚ñà‚ñà‚ñà‚ñà‚ñà‚ñà‚ñà‚ñà‚ñà‚ñà‚ñà‚ñà‚ñà‚ñà‚ñà‚ñà‚ñà‚ñà‚ñà‚ñà‚ñà‚ñà‚ñà‚ñà‚ñä  | 1.0MB 28.7MB/s eta 0:00:01[K    93% |‚ñà‚ñà‚ñà‚ñà‚ñà‚ñà‚ñà‚ñà‚ñà‚ñà‚ñà‚ñà‚ñà‚ñà‚ñà‚ñà‚ñà‚ñà‚ñà‚ñà‚ñà‚ñà‚ñà‚ñà‚ñà‚ñà‚ñà‚ñà‚ñà‚ñâ  | 1.0MB 28.6MB/s eta 0:00:01[K    93% |‚ñà‚ñà‚ñà‚ñà‚ñà‚ñà‚ñà‚ñà‚ñà‚ñà‚ñà‚ñà‚ñà‚ñà‚ñà‚ñà‚ñà‚ñà‚ñà‚ñà‚ñà‚ñà‚ñà‚ñà‚ñà‚ñà‚ñà‚ñà‚ñà‚ñà  | 1.0MB 30.2MB/s eta 0:00:01[K    93% |‚ñà‚ñà‚ñà‚ñà‚ñà‚ñà‚ñà‚ñà‚ñà‚ñà‚ñà‚ñà‚ñà‚ñà‚ñà‚ñà‚ñà‚ñà‚ñà‚ñà‚ñà‚ñà‚ñà‚ñà‚ñà‚ñà‚ñà‚ñà‚ñà‚ñà  | 1.0MB 30.3MB/s eta 0:00:01[K    94% |‚ñà‚ñà‚ñà‚ñà‚ñà‚ñà‚ñà‚ñà‚ñà‚ñà‚ñà‚ñà‚ñà‚ñà‚ñà‚ñà‚ñà‚ñà‚ñà‚ñà‚ñà‚ñà‚ñà‚ñà‚ñà‚ñà‚ñà‚ñà‚ñà‚ñà‚ñè | 1.0MB 29.2MB/s eta 0:00:01[K    94% |‚ñà‚ñà‚ñà‚ñà‚ñà‚ñà‚ñà‚ñà‚ñà‚ñà‚ñà‚ñà‚ñà‚ñà‚ñà‚ñà‚ñà‚ñà‚ñà‚ñà‚ñà‚ñà‚ñà‚ñà‚ñà‚ñà‚ñà‚ñà‚ñà‚ñà‚ñé | 1.1MB 29.2MB/s eta 0:00:01[K    95% |‚ñà‚ñà‚ñà‚ñà‚ñà‚ñà‚ñà‚ñà‚ñà‚ñà‚ñà‚ñà‚ñà‚ñà‚ñà‚ñà‚ñà‚ñà‚ñà‚ñà‚ñà‚ñà‚ñà‚ñà‚ñà‚ñà‚ñà‚ñà‚ñà‚ñà‚ñç | 1.1MB 30.9MB/s eta 0:00:01[K    95% |‚ñà‚ñà‚ñà‚ñà‚ñà‚ñà‚ñà‚ñà‚ñà‚ñà‚ñà‚ñà‚ñà‚ñà‚ñà‚ñà‚ñà‚ñà‚ñà‚ñà‚ñà‚ñà‚ñà‚ñà‚ñà‚ñà‚ñà‚ñà‚ñà‚ñà‚ñå | 1.1MB 31.0MB/s eta 0:00:01[K    95% |‚ñà‚ñà‚ñà‚ñà‚ñà‚ñà‚ñà‚ñà‚ñà‚ñà‚ñà‚ñà‚ñà‚ñà‚ñà‚ñà‚ñà‚ñà‚ñà‚ñà‚ñà‚ñà‚ñà‚ñà‚ñà‚ñà‚ñà‚ñà‚ñà‚ñà‚ñã | 1.1MB 30.3MB/s eta 0:00:01[K    96% |‚ñà‚ñà‚ñà‚ñà‚ñà‚ñà‚ñà‚ñà‚ñà‚ñà‚ñà‚ñà‚ñà‚ñà‚ñà‚ñà‚ñà‚ñà‚ñà‚ñà‚ñà‚ñà‚ñà‚ñà‚ñà‚ñà‚ñà‚ñà‚ñà‚ñà‚ñâ | 1.1MB 30.2MB/s eta 0:00:01[K    96% |‚ñà‚ñà‚ñà‚ñà‚ñà‚ñà‚ñà‚ñà‚ñà‚ñà‚ñà‚ñà‚ñà‚ñà‚ñà‚ñà‚ñà‚ñà‚ñà‚ñà‚ñà‚ñà‚ñà‚ñà‚ñà‚ñà‚ñà‚ñà‚ñà‚ñà‚ñà | 1.1MB 31.4MB/s eta 0:00:01[K    96% |‚ñà‚ñà‚ñà‚ñà‚ñà‚ñà‚ñà‚ñà‚ñà‚ñà‚ñà‚ñà‚ñà‚ñà‚ñà‚ñà‚ñà‚ñà‚ñà‚ñà‚ñà‚ñà‚ñà‚ñà‚ñà‚ñà‚ñà‚ñà‚ñà‚ñà‚ñà | 1.1MB 31.4MB/s eta 0:00:01[K    97% |‚ñà‚ñà‚ñà‚ñà‚ñà‚ñà‚ñà‚ñà‚ñà‚ñà‚ñà‚ñà‚ñà‚ñà‚ñà‚ñà‚ñà‚ñà‚ñà‚ñà‚ñà‚ñà‚ñàÔøΩÔøΩÔøΩ‚ñà‚ñà‚ñà‚ñà‚ñà‚ñà‚ñà‚ñè| 1.1MB 29.7MB/s eta 0:00:01[K    97% |‚ñà‚ñà‚ñà‚ñà‚ñà‚ñà‚ñà‚ñà‚ñà‚ñà‚ñà‚ñà‚ñà‚ñà‚ñà‚ñà‚ñà‚ñà‚ñà‚ñà‚ñà‚ñà‚ñà‚ñà‚ñà‚ñà‚ñà‚ñà‚ñà‚ñà‚ñà‚ñé| 1.1MB 29.6MB/s eta 0:00:01[K    98% |‚ñà‚ñà‚ñà‚ñà‚ñà‚ñà‚ñà‚ñà‚ñà‚ñà‚ñà‚ñà‚ñà‚ñà‚ñà‚ñà‚ñà‚ñà‚ñà‚ñà‚ñà‚ñà‚ñà‚ñà‚ñà‚ñà‚ñà‚ñà‚ñà‚ñà‚ñà‚ñç| 1.1MB 30.7MB/s eta 0:00:01[K    98% |‚ñà‚ñà‚ñà‚ñà‚ñà‚ñà‚ñà‚ñà‚ñà‚ñà‚ñà‚ñà‚ñà‚ñà‚ñà‚ñà‚ñà‚ñà‚ñà‚ñà‚ñà‚ñà‚ñà‚ñà‚ñà‚ñà‚ñà‚ñà‚ñà‚ñà‚ñà‚ñå| 1.1MB 30.7MB/s eta 0:00:01[K    98% |‚ñà‚ñà‚ñà‚ñà‚ñà‚ñà‚ñà‚ñà‚ñà‚ñà‚ñà‚ñà‚ñà‚ñà‚ñà‚ñà‚ñà‚ñà‚ñà‚ñà‚ñà‚ñà‚ñà‚ñà‚ñà‚ñà‚ñà‚ñà‚ñà‚ñà‚ñà‚ñã| 1.1MB 29.7MB/s eta 0:00:01[K    99% |‚ñà‚ñà‚ñà‚ñà‚ñà‚ñà‚ñà‚ñà‚ñà‚ñà‚ñà‚ñà‚ñà‚ñà‚ñà‚ñà‚ñà‚ñà‚ñà‚ñà‚ñà‚ñà‚ñà‚ñà‚ñà‚ñà‚ñà‚ñà‚ñà‚ñà‚ñà‚ñä| 1.1MB 29.7MB/s eta 0:00:01[K    99% |‚ñà‚ñà‚ñà‚ñà‚ñà‚ñà‚ñà‚ñà‚ñà‚ñà‚ñà‚ñà‚ñà‚ñà‚ñà‚ñà‚ñà‚ñà‚ñà‚ñà‚ñà‚ñà‚ñà‚ñà‚ñà‚ñà‚ñà‚ñà‚ñà‚ñà‚ñà‚ñâ| 1.1MB 30.9MB/s eta 0:00:01[K    99% |‚ñà‚ñà‚ñà‚ñà‚ñà‚ñà‚ñà‚ñà‚ñà‚ñà‚ñà‚ñà‚ñà‚ñà‚ñà‚ñà‚ñà‚ñà‚ñà‚ñà‚ñà‚ñà‚ñà‚ñà‚ñà‚ñà‚ñà‚ñà‚ñà‚ñà‚ñà‚ñà| 1.1MB 30.9MB/s eta 0:00:01[K    100% |‚ñà‚ñà‚ñà‚ñà‚ñà‚ñà‚ñà‚ñà‚ñà‚ñà‚ñà‚ñà‚ñà‚ñà‚ñà‚ñà‚ñà‚ñà‚ñà‚ñà‚ñà‚ñà‚ñà‚ñà‚ñà‚ñà‚ñà‚ñà‚ñà‚ñà‚ñà‚ñà| 1.1MB 502kB/s 
[?25hInstalling collected packages: pip
  Found existing installation: pip 6.0.7
    Uninstalling pip-6.0.7:
      Successfully uninstalled pip-6.0.7
Successfully installed pip-7.1.2
travis_time:end:02269386:start=1443647156832124783,finish=1443647158307837715,duration=1475712932[0Ktravis_fold:end:install.1[0Ktravis_fold:start:install.2[0Ktravis_time:start:0e5b7460[0K$ pip install -r server_requirements.txt
Requirement already satisfied (use --upgrade to upgrade): Flask==0.10.1 in /home/travis/virtualenv/python2.7.9/lib/python2.7/site-packages (from -r server_requirements.txt (line 1))
Requirement already satisfied (use --upgrade to upgrade): Flask-Cache==0.13.1 in /home/travis/virtualenv/python2.7.9/lib/python2.7/site-packages (from -r server_requirements.txt (line 2))
Requirement already satisfied (use --upgrade to upgrade): Jinja2==2.7.3 in /home/travis/virtualenv/python2.7.9/lib/python2.7/site-packages (from -r server_requirements.txt (line 3))
Requirement already satisfied (use --upgrade to upgrade): MarkupSafe==0.23 in /home/travis/virtualenv/python2.7.9/lib/python2.7/site-packages (from -r server_requirements.txt (line 4))
Requirement already satisfied (use --upgrade to upgrade): PyYAML==3.11 in /home/travis/virtualenv/python2.7.9/lib/python2.7/site-packages (from -r server_requirements.txt (line 5))
Requirement already satisfied (use --upgrade to upgrade): Pygments==1.6 in /home/travis/virtualenv/python2.7.9/lib/python2.7/site-packages (from -r server_requirements.txt (line 6))
Requirement already satisfied (use --upgrade to upgrade): Sphinx==1.2.2 in /home/travis/virtualenv/python2.7.9/lib/python2.7/site-packages (from -r server_requirements.txt (line 7))
Requirement already satisfied (use --upgrade to upgrade): Werkzeug==0.9.6 in /home/travis/virtualenv/python2.7.9/lib/python2.7/site-packages (from -r server_requirements.txt (line 8))
Requirement already satisfied (use --upgrade to upgrade): argparse==1.2.1 in /home/travis/virtualenv/python2.7.9/lib/python2.7/site-packages (from -r server_requirements.txt (line 9))
Requirement already satisfied (use --upgrade to upgrade): astroid==1.1.1 in /home/travis/virtualenv/python2.7.9/lib/python2.7/site-packages (from -r server_requirements.txt (line 10))
Requirement already satisfied (use --upgrade to upgrade): docutils==0.11 in /home/travis/virtualenv/python2.7.9/lib/python2.7/site-packages (from -r server_requirements.txt (line 11))
Requirement already satisfied (use --upgrade to upgrade): git-pylint-commit-hook==2.0.5 in /home/travis/virtualenv/python2.7.9/lib/python2.7/site-packages (from -r server_requirements.txt (line 12))
Requirement already satisfied (use --upgrade to upgrade): itsdangerous==0.24 in /home/travis/virtualenv/python2.7.9/lib/python2.7/site-packages (from -r server_requirements.txt (line 13))
Obtaining linkenv-master from git+git://github.com/ze-phyr-us/linkenv.git@ae463b3211cb8dcc8868e88176a1101733c83b6d#egg=linkenv-master (from -r server_requirements.txt (line 14))
  Updating /home/travis/virtualenv/python2.7.9/src/linkenv-master clone (to ae463b3211cb8dcc8868e88176a1101733c83b6d)
[33m  Could not find a tag or branch 'ae463b3211cb8dcc8868e88176a1101733c83b6d', assuming commit.[0m
Requirement already satisfied (use --upgrade to upgrade): logilab-common==0.61.0 in /home/travis/virtualenv/python2.7.9/lib/python2.7/site-packages (from -r server_requirements.txt (line 15))
Requirement already satisfied (use --upgrade to upgrade): mimerender==0.5.4 in /home/travis/virtualenv/python2.7.9/lib/python2.7/site-packages (from -r server_requirements.txt (line 16))
Requirement already satisfied (use --upgrade to upgrade): nose==1.3.4 in /home/travis/virtualenv/python2.7.9/lib/python2.7/site-packages (from -r server_requirements.txt (line 17))
Requirement already satisfied (use --upgrade to upgrade): pylint==1.2.1 in /home/travis/virtualenv/python2.7.9/lib/python2.7/site-packages (from -r server_requirements.txt (line 18))
Requirement already satisfied (use --upgrade to upgrade): python-dateutil==2.2 in /home/travis/virtualenv/python2.7.9/lib/python2.7/site-packages (from -r server_requirements.txt (line 19))
Requirement already satisfied (use --upgrade to upgrade): python-mimeparse==0.1.4 in /home/travis/virtualenv/python2.7.9/lib/python2.7/site-packages (from -r server_requirements.txt (line 20))
Requirement already satisfied (use --upgrade to upgrade): requests==2.3.0 in /home/travis/virtualenv/python2.7.9/lib/python2.7/site-packages (from -r server_requirements.txt (line 21))
Requirement already satisfied (use --upgrade to upgrade): six==1.6.1 in /home/travis/virtualenv/python2.7.9/lib/python2.7/site-packages (from -r server_requirements.txt (line 22))
Requirement already satisfied (use --upgrade to upgrade): sphinxcontrib-httpdomain==1.2.1 in /home/travis/virtualenv/python2.7.9/lib/python2.7/site-packages (from -r server_requirements.txt (line 23))
Requirement already satisfied (use --upgrade to upgrade): unittest2==0.5.1 in /home/travis/virtualenv/python2.7.9/lib/python2.7/site-packages (from -r server_requirements.txt (line 24))
Requirement already satisfied (use --upgrade to upgrade): wsgiref==0.1.2 in /opt/python/2.7.9/lib/python2.7 (from -r server_requirements.txt (line 25))
Requirement already satisfied (use --upgrade to upgrade): ddt==0.8.0 in /home/travis/virtualenv/python2.7.9/lib/python2.7/site-packages (from -r server_requirements.txt (line 26))
Requirement already satisfied (use --upgrade to upgrade): webargs==0.5.0 in /home/travis/virtualenv/python2.7.9/lib/python2.7/site-packages (from -r server_requirements.txt (line 27))
Requirement already satisfied (use --upgrade to upgrade): webob==1.1.1 in /home/travis/virtualenv/python2.7.9/lib/python2.7/site-packages (from -r server_requirements.txt (line 28))
Requirement already satisfied (use --upgrade to upgrade): pytz==2014.10 in /home/travis/virtualenv/python2.7.9/lib/python2.7/site-packages (from -r server_requirements.txt (line 29))
Requirement already satisfied (use --upgrade to upgrade): coverage==3.7.1 in /home/travis/virtualenv/python2.7.9/lib/python2.7/site-packages (from -r server_requirements.txt (line 30))
Requirement already satisfied (use --upgrade to upgrade): coveralls==0.5 in /home/travis/virtualenv/python2.7.9/lib/python2.7/site-packages (from -r server_requirements.txt (line 31))
Collecting mock==1.3.0 (from -r server_requirements.txt (line 32))
  Downloading mock-1.3.0-py2.py3-none-any.whl (56kB)
[?25l[K    7% |‚ñà‚ñà‚ñé                             | 4.1kB 30.1MB/s eta 0:00:01[K    14% |‚ñà‚ñà‚ñà‚ñà‚ñã                           | 8.2kB 25.4MB/s eta 0:00:01[K    21% |‚ñà‚ñà‚ñà‚ñà‚ñà‚ñà‚ñà                         | 12kB 26.7MB/s eta 0:00:01[K    29% |‚ñà‚ñà‚ñà‚ñà‚ñà‚ñà‚ñà‚ñà‚ñà‚ñé                      | 16kB 25.6MB/s eta 0:00:01[K    36% |‚ñà‚ñà‚ñà‚ñà‚ñà‚ñà‚ñà‚ñà‚ñà‚ñà‚ñà‚ñã                    | 20kB 26.5MB/s eta 0:00:01[K    43% |‚ñà‚ñà‚ñà‚ñà‚ñà‚ñà‚ñà‚ñà‚ñà‚ñà‚ñà‚ñà‚ñà‚ñà                  | 24kB 27.5MB/s eta 0:00:01[K    50% |‚ñà‚ñà‚ñà‚ñà‚ñà‚ñà‚ñà‚ñà‚ñà‚ñà‚ñà‚ñà‚ñà‚ñà‚ñà‚ñà‚ñé               | 28kB 28.0MB/s eta 0:00:01[K    58% |‚ñà‚ñà‚ñà‚ñà‚ñà‚ñà‚ñà‚ñà‚ñà‚ñà‚ñà‚ñà‚ñà‚ñà‚ñà‚ñà‚ñà‚ñà‚ñã             | 32kB 5.5MB/s eta 0:00:01[K    65% |‚ñà‚ñà‚ñà‚ñà‚ñà‚ñà‚ñà‚ñà‚ñà‚ñà‚ñà‚ñà‚ñà‚ñà‚ñà‚ñà‚ñà‚ñà‚ñà‚ñà‚ñà           | 36kB 6.0MB/s eta 0:00:01[K    72% |‚ñà‚ñà‚ñà‚ñà‚ñà‚ñà‚ñà‚ñà‚ñà‚ñà‚ñà‚ñà‚ñà‚ñà‚ñà‚ñà‚ñà‚ñà‚ñà‚ñà‚ñà‚ñà‚ñà‚ñé        | 40kB 6.6MB/s eta 0:00:01[K    80% |‚ñà‚ñà‚ñà‚ñà‚ñà‚ñà‚ñà‚ñà‚ñà‚ñà‚ñà‚ñà‚ñà‚ñà‚ñà‚ñà‚ñà‚ñà‚ñà‚ñà‚ñà‚ñà‚ñà‚ñà‚ñà‚ñã      | 45kB 6.6MB/s eta 0:00:01[K    87% |‚ñà‚ñà‚ñà‚ñà‚ñà‚ñà‚ñà‚ñà‚ñà‚ñà‚ñà‚ñà‚ñà‚ñà‚ñà‚ñà‚ñà‚ñà‚ñà‚ñà‚ñà‚ñà‚ñà‚ñà‚ñà‚ñà‚ñà‚ñà    | 49kB 6.6MB/s eta 0:00:01[K    94% |‚ñà‚ñà‚ñà‚ñà‚ñà‚ñà‚ñà‚ñà‚ñà‚ñà‚ñà‚ñà‚ñà‚ñà‚ñà‚ñà‚ñà‚ñà‚ñà‚ñà‚ñà‚ñà‚ñà‚ñà‚ñà‚ñà‚ñà‚ñà‚ñà‚ñà‚ñé | 53kB 6.6MB/s eta 0:00:01[K    100% |‚ñà‚ñà‚ñà‚ñà‚ñà‚ñà‚ñà‚ñà‚ñà‚ñà‚ñà‚ñà‚ñà‚ñà‚ñà‚ñà‚ñà‚ñà‚ñà‚ñà‚ñà‚ñà‚ñà‚ñà‚ñà‚ñà‚ñà‚ñà‚ñà‚ñà‚ñà‚ñà| 57kB 3.8MB/s 
[?25hRequirement already satisfied (use --upgrade to upgrade): docopt>=0.6.1 in /home/travis/virtualenv/python2.7.9/lib/python2.7/site-packages (from coveralls==0.5->-r server_requirements.txt (line 31))
Requirement already satisfied (use --upgrade to upgrade): funcsigs in /home/travis/virtualenv/python2.7.9/lib/python2.7/site-packages (from mock==1.3.0->-r server_requirements.txt (line 32))
Requirement already satisfied (use --upgrade to upgrade): pbr>=0.11 in /home/travis/virtualenv/python2.7.9/lib/python2.7/site-packages (from mock==1.3.0->-r server_requirements.txt (line 32))
Installing collected packages: linkenv-master, mock
  Running setup.py develop for linkenv-master
  Found existing installation: mock 1.0.1
    Uninstalling mock-1.0.1:
      Successfully uninstalled mock-1.0.1
Successfully installed linkenv-master mock-1.3.0
travis_time:end:0e5b7460:start=1443647158313389607,finish=1443647159295149735,duration=981760128[0Ktravis_fold:end:install.2[0Ktravis_fold:start:before_script.1[0Ktravis_time:start:108772f5[0K$ wget https://storage.googleapis.com/appengine-sdks/featured/google_appengine_$GAE_VERSION.zip -o gae_sdk.zip
travis_time:end:108772f5:start=1443647159298951709,finish=1443647160084606785,duration=785655076[0Ktravis_fold:end:before_script.1[0Ktravis_fold:start:before_script.2[0Ktravis_time:start:17b02f73[0K$ unzip -q google_appengine_$GAE_VERSION.zip
travis_time:end:17b02f73:start=1443647160091122852,finish=1443647162092737987,duration=2001615135[0Ktravis_fold:end:before_script.2[0Ktravis_fold:start:before_script.3[0Ktravis_time:start:0275ac9e[0K$ mv google_appengine gae_sdk
travis_time:end:0275ac9e:start=1443647162096872699,finish=1443647162102662805,duration=5790106[0Ktravis_fold:end:before_script.3[0Ktravis_fold:start:before_script.4[0Ktravis_time:start:1e0aa2bc[0K$ export GAE_SDK=$PWD/gae_sdk
travis_time:end:1e0aa2bc:start=1443647162107180095,finish=1443647162110327847,duration=3147752[0Ktravis_fold:end:before_script.4[0Ktravis_fold:start:before_script.5[0Ktravis_time:start:3399939a[0K$ export PATH=$PATH:$GAE_SDK
travis_time:end:3399939a:start=1443647162114783127,finish=1443647162118058380,duration=3275253[0Ktravis_fold:end:before_script.5[0Ktravis_fold:start:before_script.6[0Ktravis_time:start:01dd2b38[0K$ export PYTHONPATH=$PYTHONPATH:$GAE_SDK
travis_time:end:01dd2b38:start=1443647162122112362,finish=1443647162125486060,duration=3373698[0Ktravis_fold:end:before_script.6[0Ktravis_fold:start:before_script.7[0Ktravis_time:start:100d2672[0K$ python server/app/generate_keys.py
travis_time:end:100d2672:start=1443647162129988960,finish=1443647162158191841,duration=28202881[0Ktravis_fold:end:before_script.7[0Ktravis_time:start:16f8f15c[0K$ FLASK_CONF=TEST coverage run $CMD --sdk_location $GAE_SDK --quiet
============================================================
Doing regression testing
============================================================
EEEEEE
======================================================================
ERROR: test_api (unittest2.loader.ModuleImportFailure)
----------------------------------------------------------------------
ImportError: Failed to import test module: test_api
Traceback (most recent call last):
  File "/home/travis/virtualenv/python2.7.9/lib/python2.7/site-packages/unittest2/loader.py", line 260, in _find_tests
    module = self._get_module_from_name(name)
  File "/home/travis/virtualenv/python2.7.9/lib/python2.7/site-packages/unittest2/loader.py", line 238, in _get_module_from_name
    __import__(name)
  File "/home/travis/build/Cal-CS-61A-Staff/ok/server/tests/regression/test_api.py", line 13, in <module>
    from app import api, models
  File "/home/travis/build/Cal-CS-61A-Staff/ok/server/app/__init__.py", line 16, in <module>
    from app import api
  File "/home/travis/build/Cal-CS-61A-Staff/ok/server/app/api.py", line 46, in <module>
    from app.utils import merge_user, backup_group_file, add_to_file_contents
ImportError: cannot import name add_to_file_contents


======================================================================
ERROR: test_auth (unittest2.loader.ModuleImportFailure)
----------------------------------------------------------------------
ImportError: Failed to import test module: test_auth
Traceback (most recent call last):
  File "/home/travis/virtualenv/python2.7.9/lib/python2.7/site-packages/unittest2/loader.py", line 260, in _find_tests
    module = self._get_module_from_name(name)
  File "/home/travis/virtualenv/python2.7.9/lib/python2.7/site-packages/unittest2/loader.py", line 238, in _get_module_from_name
    __import__(name)
  File "/home/travis/build/Cal-CS-61A-Staff/ok/server/tests/regression/test_auth.py", line 1, in <module>
    from test_base import auth, BaseTestCase, models
  File "/home/travis/build/Cal-CS-61A-Staff/ok/server/tests/test_base.py", line 34, in <module>
    import app
  File "/home/travis/build/Cal-CS-61A-Staff/ok/server/app/__init__.py", line 12, in <module>
    from app import constants
ImportError: cannot import name constants


======================================================================
ERROR: test_authenticator (unittest2.loader.ModuleImportFailure)
----------------------------------------------------------------------
ImportError: Failed to import test module: test_authenticator
Traceback (most recent call last):
  File "/home/travis/virtualenv/python2.7.9/lib/python2.7/site-packages/unittest2/loader.py", line 260, in _find_tests
    module = self._get_module_from_name(name)
  File "/home/travis/virtualenv/python2.7.9/lib/python2.7/site-packages/unittest2/loader.py", line 238, in _get_module_from_name
    __import__(name)
  File "/home/travis/build/Cal-CS-61A-Staff/ok/server/tests/regression/test_authenticator.py", line 1, in <module>
    from test_base import auth, BaseTestCase, models
  File "/home/travis/build/Cal-CS-61A-Staff/ok/server/tests/test_base.py", line 34, in <module>
    import app
  File "/home/travis/build/Cal-CS-61A-Staff/ok/server/app/__init__.py", line 12, in <module>
    from app import constants
ImportError: cannot import name constants


======================================================================
ERROR: test_exceptions (unittest2.loader.ModuleImportFailure)
----------------------------------------------------------------------
ImportError: Failed to import test module: test_exceptions
Traceback (most recent call last):
  File "/home/travis/virtualenv/python2.7.9/lib/python2.7/site-packages/unittest2/loader.py", line 260, in _find_tests
    module = self._get_module_from_name(name)
  File "/home/travis/virtualenv/python2.7.9/lib/python2.7/site-packages/unittest2/loader.py", line 238, in _get_module_from_name
    __import__(name)
  File "/home/travis/build/Cal-CS-61A-Staff/ok/server/tests/regression/test_exceptions.py", line 1, in <module>
    from test_base import auth, BaseTestCase, models
  File "/home/travis/build/Cal-CS-61A-Staff/ok/server/tests/test_base.py", line 34, in <module>
    import app
  File "/home/travis/build/Cal-CS-61A-Staff/ok/server/app/__init__.py", line 12, in <module>
    from app import constants
ImportError: cannot import name constants


======================================================================
ERROR: test_models (unittest2.loader.ModuleImportFailure)
----------------------------------------------------------------------
ImportError: Failed to import test module: test_models
Traceback (most recent call last):
  File "/home/travis/virtualenv/python2.7.9/lib/python2.7/site-packages/unittest2/loader.py", line 260, in _find_tests
    module = self._get_module_from_name(name)
  File "/home/travis/virtualenv/python2.7.9/lib/python2.7/site-packages/unittest2/loader.py", line 238, in _get_module_from_name
    __import__(name)
  File "/home/travis/build/Cal-CS-61A-Staff/ok/server/tests/regression/test_models.py", line 13, in <module>
    from app import models, constants
  File "/home/travis/build/Cal-CS-61A-Staff/ok/server/app/__init__.py", line 12, in <module>
    from app import constants
ImportError: cannot import name constants


======================================================================
ERROR: test_need (unittest2.loader.ModuleImportFailure)
----------------------------------------------------------------------
ImportError: Failed to import test module: test_need
Traceback (most recent call last):
  File "/home/travis/virtualenv/python2.7.9/lib/python2.7/site-packages/unittest2/loader.py", line 260, in _find_tests
    module = self._get_module_from_name(name)
  File "/home/travis/virtualenv/python2.7.9/lib/python2.7/site-packages/unittest2/loader.py", line 238, in _get_module_from_name
    __import__(name)
  File "/home/travis/build/Cal-CS-61A-Staff/ok/server/tests/regression/test_need.py", line 13, in <module>
    from app.needs import Need
  File "/home/travis/build/Cal-CS-61A-Staff/ok/server/app/__init__.py", line 12, in <module>
    from app import constants
ImportError: cannot import name constants


----------------------------------------------------------------------
Ran 6 tests in 0.001s

FAILED (errors=6)
============================================================
Doing permissions testing
============================================================
EEEEEEEEEEEEEE
======================================================================
ERROR: test_analytics (unittest2.loader.ModuleImportFailure)
----------------------------------------------------------------------
ImportError: Failed to import test module: test_analytics
Traceback (most recent call last):
  File "/home/travis/virtualenv/python2.7.9/lib/python2.7/site-packages/unittest2/loader.py", line 260, in _find_tests
    module = self._get_module_from_name(name)
  File "/home/travis/virtualenv/python2.7.9/lib/python2.7/site-packages/unittest2/loader.py", line 238, in _get_module_from_name
    __import__(name)
  File "/home/travis/build/Cal-CS-61A-Staff/ok/server/tests/permissions/test_analytics.py", line 12, in <module>
    from test_permissions import BaseUnitTest
  File "/home/travis/build/Cal-CS-61A-Staff/ok/server/tests/permissions/test_permissions.py", line 12, in <module>
    from test_base import BaseTestCase, unittest #pylint: disable=relative-import
  File "/home/travis/build/Cal-CS-61A-Staff/ok/server/tests/test_base.py", line 34, in <module>
    import app
  File "/home/travis/build/Cal-CS-61A-Staff/ok/server/app/__init__.py", line 12, in <module>
    from app import constants
ImportError: cannot import name constants


======================================================================
ERROR: test_api_fields (unittest2.loader.ModuleImportFailure)
----------------------------------------------------------------------
ImportError: Failed to import test module: test_api_fields
Traceback (most recent call last):
  File "/home/travis/virtualenv/python2.7.9/lib/python2.7/site-packages/unittest2/loader.py", line 260, in _find_tests
    module = self._get_module_from_name(name)
  File "/home/travis/virtualenv/python2.7.9/lib/python2.7/site-packages/unittest2/loader.py", line 238, in _get_module_from_name
    __import__(name)
  File "/home/travis/build/Cal-CS-61A-Staff/ok/server/tests/permissions/test_api_fields.py", line 8, in <module>
    from app.utils import coerce_to_json
  File "/home/travis/build/Cal-CS-61A-Staff/ok/server/app/__init__.py", line 12, in <module>
    from app import constants
ImportError: cannot import name constants


======================================================================
ERROR: test_assignment (unittest2.loader.ModuleImportFailure)
----------------------------------------------------------------------
ImportError: Failed to import test module: test_assignment
Traceback (most recent call last):
  File "/home/travis/virtualenv/python2.7.9/lib/python2.7/site-packages/unittest2/loader.py", line 260, in _find_tests
    module = self._get_module_from_name(name)
  File "/home/travis/virtualenv/python2.7.9/lib/python2.7/site-packages/unittest2/loader.py", line 238, in _get_module_from_name
    __import__(name)
  File "/home/travis/build/Cal-CS-61A-Staff/ok/server/tests/permissions/test_assignment.py", line 11, in <module>
    from test_permissions import PermissionsUnitTest
  File "/home/travis/build/Cal-CS-61A-Staff/ok/server/tests/permissions/test_permissions.py", line 12, in <module>
    from test_base import BaseTestCase, unittest #pylint: disable=relative-import
  File "/home/travis/build/Cal-CS-61A-Staff/ok/server/tests/test_base.py", line 34, in <module>
    import app
  File "/home/travis/build/Cal-CS-61A-Staff/ok/server/app/__init__.py", line 12, in <module>
    from app import constants
ImportError: cannot import name constants


======================================================================
ERROR: test_autoupdate (unittest2.loader.ModuleImportFailure)
----------------------------------------------------------------------
ImportError: Failed to import test module: test_autoupdate
Traceback (most recent call last):
  File "/home/travis/virtualenv/python2.7.9/lib/python2.7/site-packages/unittest2/loader.py", line 260, in _find_tests
    module = self._get_module_from_name(name)
  File "/home/travis/virtualenv/python2.7.9/lib/python2.7/site-packages/unittest2/loader.py", line 238, in _get_module_from_name
    __import__(name)
  File "/home/travis/build/Cal-CS-61A-Staff/ok/server/tests/permissions/test_autoupdate.py", line 10, in <module>
    from test_base import APIBaseTestCase, unittest
  File "/home/travis/build/Cal-CS-61A-Staff/ok/server/tests/test_base.py", line 34, in <module>
    import app
  File "/home/travis/build/Cal-CS-61A-Staff/ok/server/app/__init__.py", line 12, in <module>
    from app import constants
ImportError: cannot import name constants


======================================================================
ERROR: test_backup (unittest2.loader.ModuleImportFailure)
----------------------------------------------------------------------
ImportError: Failed to import test module: test_backup
Traceback (most recent call last):
  File "/home/travis/virtualenv/python2.7.9/lib/python2.7/site-packages/unittest2/loader.py", line 260, in _find_tests
    module = self._get_module_from_name(name)
  File "/home/travis/virtualenv/python2.7.9/lib/python2.7/site-packages/unittest2/loader.py", line 238, in _get_module_from_name
    __import__(name)
  File "/home/travis/build/Cal-CS-61A-Staff/ok/server/tests/permissions/test_backup.py", line 11, in <module>
    from test_permissions import PermissionsUnitTest
  File "/home/travis/build/Cal-CS-61A-Staff/ok/server/tests/permissions/test_permissions.py", line 12, in <module>
    from test_base import BaseTestCase, unittest #pylint: disable=relative-import
  File "/home/travis/build/Cal-CS-61A-Staff/ok/server/tests/test_base.py", line 34, in <module>
    import app
  File "/home/travis/build/Cal-CS-61A-Staff/ok/server/app/__init__.py", line 12, in <module>
    from app import constants
ImportError: cannot import name constants


======================================================================
ERROR: test_comment (unittest2.loader.ModuleImportFailure)
----------------------------------------------------------------------
ImportError: Failed to import test module: test_comment
Traceback (most recent call last):
  File "/home/travis/virtualenv/python2.7.9/lib/python2.7/site-packages/unittest2/loader.py", line 260, in _find_tests
    module = self._get_module_from_name(name)
  File "/home/travis/virtualenv/python2.7.9/lib/python2.7/site-packages/unittest2/loader.py", line 238, in _get_module_from_name
    __import__(name)
  File "/home/travis/build/Cal-CS-61A-Staff/ok/server/tests/permissions/test_comment.py", line 11, in <module>
    from test_permissions import PermissionsUnitTest
  File "/home/travis/build/Cal-CS-61A-Staff/ok/server/tests/permissions/test_permissions.py", line 12, in <module>
    from test_base import BaseTestCase, unittest #pylint: disable=relative-import
  File "/home/travis/build/Cal-CS-61A-Staff/ok/server/tests/test_base.py", line 34, in <module>
    import app
  File "/home/travis/build/Cal-CS-61A-Staff/ok/server/app/__init__.py", line 12, in <module>
    from app import constants
ImportError: cannot import name constants


======================================================================
ERROR: test_course (unittest2.loader.ModuleImportFailure)
----------------------------------------------------------------------
ImportError: Failed to import test module: test_course
Traceback (most recent call last):
  File "/home/travis/virtualenv/python2.7.9/lib/python2.7/site-packages/unittest2/loader.py", line 260, in _find_tests
    module = self._get_module_from_name(name)
  File "/home/travis/virtualenv/python2.7.9/lib/python2.7/site-packages/unittest2/loader.py", line 238, in _get_module_from_name
    __import__(name)
  File "/home/travis/build/Cal-CS-61A-Staff/ok/server/tests/permissions/test_course.py", line 11, in <module>
    from test_permissions import PermissionsUnitTest
  File "/home/travis/build/Cal-CS-61A-Staff/ok/server/tests/permissions/test_permissions.py", line 12, in <module>
    from test_base import BaseTestCase, unittest #pylint: disable=relative-import
  File "/home/travis/build/Cal-CS-61A-Staff/ok/server/tests/test_base.py", line 34, in <module>
    import app
  File "/home/travis/build/Cal-CS-61A-Staff/ok/server/app/__init__.py", line 12, in <module>
    from app import constants
ImportError: cannot import name constants


======================================================================
ERROR: test_final_submission (unittest2.loader.ModuleImportFailure)
----------------------------------------------------------------------
ImportError: Failed to import test module: test_final_submission
Traceback (most recent call last):
  File "/home/travis/virtualenv/python2.7.9/lib/python2.7/site-packages/unittest2/loader.py", line 260, in _find_tests
    module = self._get_module_from_name(name)
  File "/home/travis/virtualenv/python2.7.9/lib/python2.7/site-packages/unittest2/loader.py", line 238, in _get_module_from_name
    __import__(name)
  File "/home/travis/build/Cal-CS-61A-Staff/ok/server/tests/permissions/test_final_submission.py", line 11, in <module>
    from test_permissions import PermissionsUnitTest
  File "/home/travis/build/Cal-CS-61A-Staff/ok/server/tests/permissions/test_permissions.py", line 12, in <module>
    from test_base import BaseTestCase, unittest #pylint: disable=relative-import
  File "/home/travis/build/Cal-CS-61A-Staff/ok/server/tests/test_base.py", line 34, in <module>
    import app
  File "/home/travis/build/Cal-CS-61A-Staff/ok/server/app/__init__.py", line 12, in <module>
    from app import constants
ImportError: cannot import name constants


======================================================================
ERROR: test_group (unittest2.loader.ModuleImportFailure)
----------------------------------------------------------------------
ImportError: Failed to import test module: test_group
Traceback (most recent call last):
  File "/home/travis/virtualenv/python2.7.9/lib/python2.7/site-packages/unittest2/loader.py", line 260, in _find_tests
    module = self._get_module_from_name(name)
  File "/home/travis/virtualenv/python2.7.9/lib/python2.7/site-packages/unittest2/loader.py", line 238, in _get_module_from_name
    __import__(name)
  File "/home/travis/build/Cal-CS-61A-Staff/ok/server/tests/permissions/test_group.py", line 11, in <module>
    from test_permissions import PermissionsUnitTest
  File "/home/travis/build/Cal-CS-61A-Staff/ok/server/tests/permissions/test_permissions.py", line 12, in <module>
    from test_base import BaseTestCase, unittest #pylint: disable=relative-import
  File "/home/travis/build/Cal-CS-61A-Staff/ok/server/tests/test_base.py", line 34, in <module>
    import app
  File "/home/travis/build/Cal-CS-61A-Staff/ok/server/app/__init__.py", line 12, in <module>
    from app import constants
ImportError: cannot import name constants


======================================================================
ERROR: test_message (unittest2.loader.ModuleImportFailure)
----------------------------------------------------------------------
ImportError: Failed to import test module: test_message
Traceback (most recent call last):
  File "/home/travis/virtualenv/python2.7.9/lib/python2.7/site-packages/unittest2/loader.py", line 260, in _find_tests
    module = self._get_module_from_name(name)
  File "/home/travis/virtualenv/python2.7.9/lib/python2.7/site-packages/unittest2/loader.py", line 238, in _get_module_from_name
    __import__(name)
  File "/home/travis/build/Cal-CS-61A-Staff/ok/server/tests/permissions/test_message.py", line 11, in <module>
    from test_permissions import PermissionsUnitTest
  File "/home/travis/build/Cal-CS-61A-Staff/ok/server/tests/permissions/test_permissions.py", line 12, in <module>
    from test_base import BaseTestCase, unittest #pylint: disable=relative-import
  File "/home/travis/build/Cal-CS-61A-Staff/ok/server/tests/test_base.py", line 34, in <module>
    import app
  File "/home/travis/build/Cal-CS-61A-Staff/ok/server/app/__init__.py", line 12, in <module>
    from app import constants
ImportError: cannot import name constants


======================================================================
ERROR: test_permissions (unittest2.loader.ModuleImportFailure)
----------------------------------------------------------------------
ImportError: Failed to import test module: test_permissions
Traceback (most recent call last):
  File "/home/travis/virtualenv/python2.7.9/lib/python2.7/site-packages/unittest2/loader.py", line 260, in _find_tests
    module = self._get_module_from_name(name)
  File "/home/travis/virtualenv/python2.7.9/lib/python2.7/site-packages/unittest2/loader.py", line 238, in _get_module_from_name
    __import__(name)
  File "/home/travis/build/Cal-CS-61A-Staff/ok/server/tests/permissions/test_permissions.py", line 12, in <module>
    from test_base import BaseTestCase, unittest #pylint: disable=relative-import
  File "/home/travis/build/Cal-CS-61A-Staff/ok/server/tests/test_base.py", line 34, in <module>
    import app
  File "/home/travis/build/Cal-CS-61A-Staff/ok/server/app/__init__.py", line 12, in <module>
    from app import constants
ImportError: cannot import name constants


======================================================================
ERROR: test_queue (unittest2.loader.ModuleImportFailure)
----------------------------------------------------------------------
ImportError: Failed to import test module: test_queue
Traceback (most recent call last):
  File "/home/travis/virtualenv/python2.7.9/lib/python2.7/site-packages/unittest2/loader.py", line 260, in _find_tests
    module = self._get_module_from_name(name)
  File "/home/travis/virtualenv/python2.7.9/lib/python2.7/site-packages/unittest2/loader.py", line 238, in _get_module_from_name
    __import__(name)
  File "/home/travis/build/Cal-CS-61A-Staff/ok/server/tests/permissions/test_queue.py", line 11, in <module>
    from test_permissions import PermissionsUnitTest
  File "/home/travis/build/Cal-CS-61A-Staff/ok/server/tests/permissions/test_permissions.py", line 12, in <module>
    from test_base import BaseTestCase, unittest #pylint: disable=relative-import
  File "/home/travis/build/Cal-CS-61A-Staff/ok/server/tests/test_base.py", line 34, in <module>
    import app
  File "/home/travis/build/Cal-CS-61A-Staff/ok/server/app/__init__.py", line 12, in <module>
    from app import constants
ImportError: cannot import name constants


======================================================================
ERROR: test_submission (unittest2.loader.ModuleImportFailure)
----------------------------------------------------------------------
ImportError: Failed to import test module: test_submission
Traceback (most recent call last):
  File "/home/travis/virtualenv/python2.7.9/lib/python2.7/site-packages/unittest2/loader.py", line 260, in _find_tests
    module = self._get_module_from_name(name)
  File "/home/travis/virtualenv/python2.7.9/lib/python2.7/site-packages/unittest2/loader.py", line 238, in _get_module_from_name
    __import__(name)
  File "/home/travis/build/Cal-CS-61A-Staff/ok/server/tests/permissions/test_submission.py", line 11, in <module>
    from test_permissions import PermissionsUnitTest
  File "/home/travis/build/Cal-CS-61A-Staff/ok/server/tests/permissions/test_permissions.py", line 12, in <module>
    from test_base import BaseTestCase, unittest #pylint: disable=relative-import
  File "/home/travis/build/Cal-CS-61A-Staff/ok/server/tests/test_base.py", line 34, in <module>
    import app
  File "/home/travis/build/Cal-CS-61A-Staff/ok/server/app/__init__.py", line 12, in <module>
    from app import constants
ImportError: cannot import name constants


======================================================================
ERROR: test_user (unittest2.loader.ModuleImportFailure)
----------------------------------------------------------------------
ImportError: Failed to import test module: test_user
Traceback (most recent call last):
  File "/home/travis/virtualenv/python2.7.9/lib/python2.7/site-packages/unittest2/loader.py", line 260, in _find_tests
    module = self._get_module_from_name(name)
  File "/home/travis/virtualenv/python2.7.9/lib/python2.7/site-packages/unittest2/loader.py", line 238, in _get_module_from_name
    __import__(name)
  File "/home/travis/build/Cal-CS-61A-Staff/ok/server/tests/permissions/test_user.py", line 12, in <module>
    from test_permissions import PermissionsUnitTest, BaseUnitTest, BaseTestCase
  File "/home/travis/build/Cal-CS-61A-Staff/ok/server/tests/permissions/test_permissions.py", line 12, in <module>
    from test_base import BaseTestCase, unittest #pylint: disable=relative-import
  File "/home/travis/build/Cal-CS-61A-Staff/ok/server/tests/test_base.py", line 34, in <module>
    import app
  File "/home/travis/build/Cal-CS-61A-Staff/ok/server/app/__init__.py", line 12, in <module>
    from app import constants
ImportError: cannot import name constants


----------------------------------------------------------------------
Ran 14 tests in 0.002s

FAILED (errors=14)
============================================================
Doing integration testing
============================================================
EEEEEEEEEEEEEEEEEE
======================================================================
ERROR: test_api_analytics (unittest2.loader.ModuleImportFailure)
----------------------------------------------------------------------
ImportError: Failed to import test module: test_api_analytics
Traceback (most recent call last):
  File "/home/travis/virtualenv/python2.7.9/lib/python2.7/site-packages/unittest2/loader.py", line 260, in _find_tests
    module = self._get_module_from_name(name)
  File "/home/travis/virtualenv/python2.7.9/lib/python2.7/site-packages/unittest2/loader.py", line 238, in _get_module_from_name
    __import__(name)
  File "/home/travis/build/Cal-CS-61A-Staff/ok/server/tests/integration/test_api_analytics.py", line 15, in <module>
    from test_api_base import APITest
  File "/home/travis/build/Cal-CS-61A-Staff/ok/server/tests/integration/test_api_base.py", line 16, in <module>
    from test_base import APIBaseTestCase, unittest, api #pylint: disable=relative-import
  File "/home/travis/build/Cal-CS-61A-Staff/ok/server/tests/test_base.py", line 34, in <module>
    import app
  File "/home/travis/build/Cal-CS-61A-Staff/ok/server/app/__init__.py", line 12, in <module>
    from app import constants
ImportError: cannot import name constants


======================================================================
ERROR: test_api_assignment (unittest2.loader.ModuleImportFailure)
----------------------------------------------------------------------
ImportError: Failed to import test module: test_api_assignment
Traceback (most recent call last):
  File "/home/travis/virtualenv/python2.7.9/lib/python2.7/site-packages/unittest2/loader.py", line 260, in _find_tests
    module = self._get_module_from_name(name)
  File "/home/travis/virtualenv/python2.7.9/lib/python2.7/site-packages/unittest2/loader.py", line 238, in _get_module_from_name
    __import__(name)
  File "/home/travis/build/Cal-CS-61A-Staff/ok/server/tests/integration/test_api_assignment.py", line 14, in <module>
    from test_base import APIBaseTestCase, unittest, api #pylint: disable=relative-import
  File "/home/travis/build/Cal-CS-61A-Staff/ok/server/tests/test_base.py", line 34, in <module>
    import app
  File "/home/travis/build/Cal-CS-61A-Staff/ok/server/app/__init__.py", line 12, in <module>
    from app import constants
ImportError: cannot import name constants


======================================================================
ERROR: test_api_backup (unittest2.loader.ModuleImportFailure)
----------------------------------------------------------------------
ImportError: Failed to import test module: test_api_backup
Traceback (most recent call last):
  File "/home/travis/virtualenv/python2.7.9/lib/python2.7/site-packages/unittest2/loader.py", line 260, in _find_tests
    module = self._get_module_from_name(name)
  File "/home/travis/virtualenv/python2.7.9/lib/python2.7/site-packages/unittest2/loader.py", line 238, in _get_module_from_name
    __import__(name)
  File "/home/travis/build/Cal-CS-61A-Staff/ok/server/tests/integration/test_api_backup.py", line 14, in <module>
    from test_base import APIBaseTestCase, unittest, api #pylint: disable=relative-import
  File "/home/travis/build/Cal-CS-61A-Staff/ok/server/tests/test_base.py", line 34, in <module>
    import app
  File "/home/travis/build/Cal-CS-61A-Staff/ok/server/app/__init__.py", line 12, in <module>
    from app import constants
ImportError: cannot import name constants


======================================================================
ERROR: test_api_base (unittest2.loader.ModuleImportFailure)
----------------------------------------------------------------------
ImportError: Failed to import test module: test_api_base
Traceback (most recent call last):
  File "/home/travis/virtualenv/python2.7.9/lib/python2.7/site-packages/unittest2/loader.py", line 260, in _find_tests
    module = self._get_module_from_name(name)
  File "/home/travis/virtualenv/python2.7.9/lib/python2.7/site-packages/unittest2/loader.py", line 238, in _get_module_from_name
    __import__(name)
  File "/home/travis/build/Cal-CS-61A-Staff/ok/server/tests/integration/test_api_base.py", line 16, in <module>
    from test_base import APIBaseTestCase, unittest, api #pylint: disable=relative-import
  File "/home/travis/build/Cal-CS-61A-Staff/ok/server/tests/test_base.py", line 34, in <module>
    import app
  File "/home/travis/build/Cal-CS-61A-Staff/ok/server/app/__init__.py", line 12, in <module>
    from app import constants
ImportError: cannot import name constants


======================================================================
ERROR: test_api_course (unittest2.loader.ModuleImportFailure)
----------------------------------------------------------------------
ImportError: Failed to import test module: test_api_course
Traceback (most recent call last):
  File "/home/travis/virtualenv/python2.7.9/lib/python2.7/site-packages/unittest2/loader.py", line 260, in _find_tests
    module = self._get_module_from_name(name)
  File "/home/travis/virtualenv/python2.7.9/lib/python2.7/site-packages/unittest2/loader.py", line 238, in _get_module_from_name
    __import__(name)
  File "/home/travis/build/Cal-CS-61A-Staff/ok/server/tests/integration/test_api_course.py", line 14, in <module>
    from test_base import APIBaseTestCase, unittest, api #pylint: disable=relative-import
  File "/home/travis/build/Cal-CS-61A-Staff/ok/server/tests/test_base.py", line 34, in <module>
    import app
  File "/home/travis/build/Cal-CS-61A-Staff/ok/server/app/__init__.py", line 12, in <module>
    from app import constants
ImportError: cannot import name constants


======================================================================
ERROR: test_api_final_submissions (unittest2.loader.ModuleImportFailure)
----------------------------------------------------------------------
ImportError: Failed to import test module: test_api_final_submissions
Traceback (most recent call last):
  File "/home/travis/virtualenv/python2.7.9/lib/python2.7/site-packages/unittest2/loader.py", line 260, in _find_tests
    module = self._get_module_from_name(name)
  File "/home/travis/virtualenv/python2.7.9/lib/python2.7/site-packages/unittest2/loader.py", line 238, in _get_module_from_name
    __import__(name)
  File "/home/travis/build/Cal-CS-61A-Staff/ok/server/tests/integration/test_api_final_submissions.py", line 14, in <module>
    from test_base import APIBaseTestCase, unittest, api #pylint: disable=relative-import
  File "/home/travis/build/Cal-CS-61A-Staff/ok/server/tests/test_base.py", line 34, in <module>
    import app
  File "/home/travis/build/Cal-CS-61A-Staff/ok/server/app/__init__.py", line 12, in <module>
    from app import constants
ImportError: cannot import name constants


======================================================================
ERROR: test_api_group (unittest2.loader.ModuleImportFailure)
----------------------------------------------------------------------
ImportError: Failed to import test module: test_api_group
Traceback (most recent call last):
  File "/home/travis/virtualenv/python2.7.9/lib/python2.7/site-packages/unittest2/loader.py", line 260, in _find_tests
    module = self._get_module_from_name(name)
  File "/home/travis/virtualenv/python2.7.9/lib/python2.7/site-packages/unittest2/loader.py", line 238, in _get_module_from_name
    __import__(name)
  File "/home/travis/build/Cal-CS-61A-Staff/ok/server/tests/integration/test_api_group.py", line 14, in <module>
    from test_base import APIBaseTestCase, unittest, api, mock, BaseTestCase, TestingError #pylint: disable=relative-import
  File "/home/travis/build/Cal-CS-61A-Staff/ok/server/tests/test_base.py", line 34, in <module>
    import app
  File "/home/travis/build/Cal-CS-61A-Staff/ok/server/app/__init__.py", line 12, in <module>
    from app import constants
ImportError: cannot import name constants


======================================================================
ERROR: test_api_participant (unittest2.loader.ModuleImportFailure)
----------------------------------------------------------------------
ImportError: Failed to import test module: test_api_participant
Traceback (most recent call last):
  File "/home/travis/virtualenv/python2.7.9/lib/python2.7/site-packages/unittest2/loader.py", line 260, in _find_tests
    module = self._get_module_from_name(name)
  File "/home/travis/virtualenv/python2.7.9/lib/python2.7/site-packages/unittest2/loader.py", line 238, in _get_module_from_name
    __import__(name)
  File "/home/travis/build/Cal-CS-61A-Staff/ok/server/tests/integration/test_api_participant.py", line 15, in <module>
    from test_api_base import APITest
  File "/home/travis/build/Cal-CS-61A-Staff/ok/server/tests/integration/test_api_base.py", line 16, in <module>
    from test_base import APIBaseTestCase, unittest, api #pylint: disable=relative-import
  File "/home/travis/build/Cal-CS-61A-Staff/ok/server/tests/test_base.py", line 34, in <module>
    import app
  File "/home/travis/build/Cal-CS-61A-Staff/ok/server/app/__init__.py", line 12, in <module>
    from app import constants
ImportError: cannot import name constants


======================================================================
ERROR: test_api_queue (unittest2.loader.ModuleImportFailure)
----------------------------------------------------------------------
ImportError: Failed to import test module: test_api_queue
Traceback (most recent call last):
  File "/home/travis/virtualenv/python2.7.9/lib/python2.7/site-packages/unittest2/loader.py", line 260, in _find_tests
    module = self._get_module_from_name(name)
  File "/home/travis/virtualenv/python2.7.9/lib/python2.7/site-packages/unittest2/loader.py", line 238, in _get_module_from_name
    __import__(name)
  File "/home/travis/build/Cal-CS-61A-Staff/ok/server/tests/integration/test_api_queue.py", line 15, in <module>
    from test_api_base import APITest
  File "/home/travis/build/Cal-CS-61A-Staff/ok/server/tests/integration/test_api_base.py", line 16, in <module>
    from test_base import APIBaseTestCase, unittest, api #pylint: disable=relative-import
  File "/home/travis/build/Cal-CS-61A-Staff/ok/server/tests/test_base.py", line 34, in <module>
    import app
  File "/home/travis/build/Cal-CS-61A-Staff/ok/server/app/__init__.py", line 12, in <module>
    from app import constants
ImportError: cannot import name constants


======================================================================
ERROR: test_api_queues (unittest2.loader.ModuleImportFailure)
----------------------------------------------------------------------
ImportError: Failed to import test module: test_api_queues
Traceback (most recent call last):
  File "/home/travis/virtualenv/python2.7.9/lib/python2.7/site-packages/unittest2/loader.py", line 260, in _find_tests
    module = self._get_module_from_name(name)
  File "/home/travis/virtualenv/python2.7.9/lib/python2.7/site-packages/unittest2/loader.py", line 238, in _get_module_from_name
    __import__(name)
  File "/home/travis/build/Cal-CS-61A-Staff/ok/server/tests/integration/test_api_queues.py", line 15, in <module>
    from test_api_base import APITest
  File "/home/travis/build/Cal-CS-61A-Staff/ok/server/tests/integration/test_api_base.py", line 16, in <module>
    from test_base import APIBaseTestCase, unittest, api #pylint: disable=relative-import
  File "/home/travis/build/Cal-CS-61A-Staff/ok/server/tests/test_base.py", line 34, in <module>
    import app
  File "/home/travis/build/Cal-CS-61A-Staff/ok/server/app/__init__.py", line 12, in <module>
    from app import constants
ImportError: cannot import name constants


======================================================================
ERROR: test_api_search (unittest2.loader.ModuleImportFailure)
----------------------------------------------------------------------
ImportError: Failed to import test module: test_api_search
Traceback (most recent call last):
  File "/home/travis/virtualenv/python2.7.9/lib/python2.7/site-packages/unittest2/loader.py", line 260, in _find_tests
    module = self._get_module_from_name(name)
  File "/home/travis/virtualenv/python2.7.9/lib/python2.7/site-packages/unittest2/loader.py", line 238, in _get_module_from_name
    __import__(name)
  File "/home/travis/build/Cal-CS-61A-Staff/ok/server/tests/integration/test_api_search.py", line 14, in <module>
    from test_base import APIBaseTestCase, unittest, api, TestingError, BaseTestCase, mock #pylint: disable=relative-import
  File "/home/travis/build/Cal-CS-61A-Staff/ok/server/tests/test_base.py", line 34, in <module>
    import app
  File "/home/travis/build/Cal-CS-61A-Staff/ok/server/app/__init__.py", line 12, in <module>
    from app import constants
ImportError: cannot import name constants


======================================================================
ERROR: test_api_submission (unittest2.loader.ModuleImportFailure)
----------------------------------------------------------------------
ImportError: Failed to import test module: test_api_submission
Traceback (most recent call last):
  File "/home/travis/virtualenv/python2.7.9/lib/python2.7/site-packages/unittest2/loader.py", line 260, in _find_tests
    module = self._get_module_from_name(name)
  File "/home/travis/virtualenv/python2.7.9/lib/python2.7/site-packages/unittest2/loader.py", line 238, in _get_module_from_name
    __import__(name)
  File "/home/travis/build/Cal-CS-61A-Staff/ok/server/tests/integration/test_api_submission.py", line 14, in <module>
    from test_base import APIBaseTestCase, unittest, api #pylint: disable=relative-import
  File "/home/travis/build/Cal-CS-61A-Staff/ok/server/tests/test_base.py", line 34, in <module>
    import app
  File "/home/travis/build/Cal-CS-61A-Staff/ok/server/app/__init__.py", line 12, in <module>
    from app import constants
ImportError: cannot import name constants


======================================================================
ERROR: test_api_user (unittest2.loader.ModuleImportFailure)
----------------------------------------------------------------------
ImportError: Failed to import test module: test_api_user
Traceback (most recent call last):
  File "/home/travis/virtualenv/python2.7.9/lib/python2.7/site-packages/unittest2/loader.py", line 260, in _find_tests
    module = self._get_module_from_name(name)
  File "/home/travis/virtualenv/python2.7.9/lib/python2.7/site-packages/unittest2/loader.py", line 238, in _get_module_from_name
    __import__(name)
  File "/home/travis/build/Cal-CS-61A-Staff/ok/server/tests/integration/test_api_user.py", line 14, in <module>
    from test_base import APIBaseTestCase, unittest, TestingError #pylint: disable=relative-import
  File "/home/travis/build/Cal-CS-61A-Staff/ok/server/tests/test_base.py", line 34, in <module>
    import app
  File "/home/travis/build/Cal-CS-61A-Staff/ok/server/app/__init__.py", line 12, in <module>
    from app import constants
ImportError: cannot import name constants


======================================================================
ERROR: test_api_version (unittest2.loader.ModuleImportFailure)
----------------------------------------------------------------------
ImportError: Failed to import test module: test_api_version
Traceback (most recent call last):
  File "/home/travis/virtualenv/python2.7.9/lib/python2.7/site-packages/unittest2/loader.py", line 260, in _find_tests
    module = self._get_module_from_name(name)
  File "/home/travis/virtualenv/python2.7.9/lib/python2.7/site-packages/unittest2/loader.py", line 238, in _get_module_from_name
    __import__(name)
  File "/home/travis/build/Cal-CS-61A-Staff/ok/server/tests/integration/test_api_version.py", line 15, in <module>
    from test_base import APIBaseTestCase, unittest, api, mock #pylint: disable=relative-import
  File "/home/travis/build/Cal-CS-61A-Staff/ok/server/tests/test_base.py", line 34, in <module>
    import app
  File "/home/travis/build/Cal-CS-61A-Staff/ok/server/app/__init__.py", line 12, in <module>
    from app import constants
ImportError: cannot import name constants


======================================================================
ERROR: test_final_submissions (unittest2.loader.ModuleImportFailure)
----------------------------------------------------------------------
ImportError: Failed to import test module: test_final_submissions
Traceback (most recent call last):
  File "/home/travis/virtualenv/python2.7.9/lib/python2.7/site-packages/unittest2/loader.py", line 260, in _find_tests
    module = self._get_module_from_name(name)
  File "/home/travis/virtualenv/python2.7.9/lib/python2.7/site-packages/unittest2/loader.py", line 238, in _get_module_from_name
    __import__(name)
  File "/home/travis/build/Cal-CS-61A-Staff/ok/server/tests/integration/test_final_submissions.py", line 13, in <module>
    from test_base import APIBaseTestCase, unittest
  File "/home/travis/build/Cal-CS-61A-Staff/ok/server/tests/test_base.py", line 34, in <module>
    import app
  File "/home/travis/build/Cal-CS-61A-Staff/ok/server/app/__init__.py", line 12, in <module>
    from app import constants
ImportError: cannot import name constants


======================================================================
ERROR: test_sudo (unittest2.loader.ModuleImportFailure)
----------------------------------------------------------------------
ImportError: Failed to import test module: test_sudo
Traceback (most recent call last):
  File "/home/travis/virtualenv/python2.7.9/lib/python2.7/site-packages/unittest2/loader.py", line 260, in _find_tests
    module = self._get_module_from_name(name)
  File "/home/travis/virtualenv/python2.7.9/lib/python2.7/site-packages/unittest2/loader.py", line 238, in _get_module_from_name
    __import__(name)
  File "/home/travis/build/Cal-CS-61A-Staff/ok/server/tests/integration/test_sudo.py", line 14, in <module>
    from test_base import APIBaseTestCase, unittest #pylint: disable=relative-import
  File "/home/travis/build/Cal-CS-61A-Staff/ok/server/tests/test_base.py", line 34, in <module>
    import app
  File "/home/travis/build/Cal-CS-61A-Staff/ok/server/app/__init__.py", line 12, in <module>
    from app import constants
ImportError: cannot import name constants


======================================================================
ERROR: test_urls (unittest2.loader.ModuleImportFailure)
----------------------------------------------------------------------
ImportError: Failed to import test module: test_urls
Traceback (most recent call last):
  File "/home/travis/virtualenv/python2.7.9/lib/python2.7/site-packages/unittest2/loader.py", line 260, in _find_tests
    module = self._get_module_from_name(name)
  File "/home/travis/virtualenv/python2.7.9/lib/python2.7/site-packages/unittest2/loader.py", line 238, in _get_module_from_name
    __import__(name)
  File "/home/travis/build/Cal-CS-61A-Staff/ok/server/tests/integration/test_urls.py", line 18, in <module>
    from test_base import APIBaseTestCase, unittest, make_fake_course, Mock, mock #pylint: disable=relative-import
  File "/home/travis/build/Cal-CS-61A-Staff/ok/server/tests/test_base.py", line 34, in <module>
    import app
  File "/home/travis/build/Cal-CS-61A-Staff/ok/server/app/__init__.py", line 12, in <module>
    from app import constants
ImportError: cannot import name constants


======================================================================
ERROR: test_utils (unittest2.loader.ModuleImportFailure)
----------------------------------------------------------------------
ImportError: Failed to import test module: test_utils
Traceback (most recent call last):
  File "/home/travis/virtualenv/python2.7.9/lib/python2.7/site-packages/unittest2/loader.py", line 260, in _find_tests
    module = self._get_module_from_name(name)
  File "/home/travis/virtualenv/python2.7.9/lib/python2.7/site-packages/unittest2/loader.py", line 238, in _get_module_from_name
    __import__(name)
  File "/home/travis/build/Cal-CS-61A-Staff/ok/server/tests/integration/test_utils.py", line 13, in <module>
    from test_base import APIBaseTestCase
  File "/home/travis/build/Cal-CS-61A-Staff/ok/server/tests/test_base.py", line 34, in <module>
    import app
  File "/home/travis/build/Cal-CS-61A-Staff/ok/server/app/__init__.py", line 12, in <module>
    from app import constants
ImportError: cannot import name constants


----------------------------------------------------------------------
Ran 18 tests in 0.003s

FAILED (errors=18)
SOME TESTS FAILED
travis_time:end:16f8f15c:start=1443647162162092315,finish=1443647163925420516,duration=1763328201[0K
[31;1mThe command "FLASK_CONF=TEST coverage run $CMD --sdk_location $GAE_SDK --quiet" exited with 1.[0m
travis_fold:start:cache.2[0Kstore build cache
travis_time:start:1617719e[0Kchange detected:
/home/travis/virtualenv/python2.7.9/lib/python2.7/site-packages/mock-1.0.1-py2.7.egg-info/dependency_links.txt
/home/travis/virtualenv/python2.7.9/lib/python2.7/site-packages/mock-1.0.1-py2.7.egg-info/installed-files.txt
/home/travis/virtualenv/python2.7.9/lib/python2.7/site-packages/mock-1.0.1-py2.7.egg-info/PKG-INFO
/home/travis/virtualenv/python2.7.9/lib/python2.7/site-packages/mock-1.0.1-py2.7.egg-info/SOURCES.txt
/home/travis/virtualenv/python2.7.9/lib/python2.7/site-packages/mock-1.0.1-py2.7.egg-info/top_level.txt
/home/travis/virtualenv/python2.7.9/lib/python2.7/site-packages/mock/__init__.pyc
/home/travis/virtualenv/python2.7.9/lib/python2.7/site-packages/mock/__init__.pyc
/home/travis/virtualenv/python2.7.9/lib/python2.7/site-packages/mock/mock.pyc
/home/travis/virtualenv/python2.7.9/lib/python2.7/site-packages/mock/mock.pyc
/home/travis/virtualenv/python2.7.9/lib/python2.7/site-packages/mock.py
/home/travis/virtualenv/python2.7.9/lib/python2.7/site-packages/mock.pyc
/home/trav
...
changes detected, packing new archive
uploading archive
travis_time:end:1617719e:start=1443647163929635710,finish=1443647170343995541,duration=6414359831[0Ktravis_fold:end:cache.2[0K
Done. Your build exited with 1.
