travis_fold:start:worker_info[0K[33;1mWorker information[0m
hostname: i-0bb45f7-precise-production-2-worker-org-docker.travisci.net:aad90a90-1e90-416b-ac8e-358309c073d5
version: v2.5.0 https://github.com/travis-ci/worker/tree/da3a43228dffc0fcca5a46569ca786b22991979f
instance: f8f0b2a:travis:java
startup: 366.852944ms
travis_fold:end:worker_info[0Ktravis_fold:start:system_info[0K[33;1mBuild system information[0m
Build language: java
Build group: stable
Build dist: precise
Build id: 271780997
Job id: 271781002
Runtime kernel version: 4.8.12-040812-generic
travis-build version: 024b16211
[34m[1mBuild image provisioning date and time[0m
Thu Feb  5 15:09:33 UTC 2015
[34m[1mOperating System Details[0m
Distributor ID:	Ubuntu
Description:	Ubuntu 12.04.5 LTS
Release:	12.04
Codename:	precise
[34m[1mLinux Version[0m
3.13.0-29-generic
[34m[1mCookbooks Version[0m
a68419e https://github.com/travis-ci/travis-cookbooks/tree/a68419e
[34m[1mGCC version[0m
gcc (Ubuntu/Linaro 4.6.3-1ubuntu5) 4.6.3
Copyright (C) 2011 Free Software Foundation, Inc.
This is free software; see the source for copying conditions.  There is NO
warranty; not even for MERCHANTABILITY or FITNESS FOR A PARTICULAR PURPOSE.

[34m[1mLLVM version[0m
clang version 3.4 (tags/RELEASE_34/final)
Target: x86_64-unknown-linux-gnu
Thread model: posix
[34m[1mPre-installed Ruby versions[0m
ruby-1.9.3-p551
[34m[1mPre-installed Node.js versions[0m
v0.10.36
[34m[1mPre-installed Go versions[0m
1.4.1
[34m[1mRedis version[0m
redis-server 2.8.19
[34m[1mriak version[0m
2.0.2
[34m[1mMongoDB version[0m
MongoDB 2.4.12
[34m[1mCouchDB version[0m
couchdb 1.6.1
[34m[1mNeo4j version[0m
1.9.4
[34m[1mRabbitMQ Version[0m
3.4.3
[34m[1mElasticSearch version[0m
1.4.0
[34m[1mInstalled Sphinx versions[0m
2.0.10
2.1.9
2.2.6
[34m[1mDefault Sphinx version[0m
2.2.6
[34m[1mInstalled Firefox version[0m
firefox 31.0esr
[34m[1mPhantomJS version[0m
1.9.8
[34m[1mant -version[0m
Apache Ant(TM) version 1.8.2 compiled on December 3 2011
[34m[1mmvn -version[0m
Apache Maven 3.2.5 (12a6b3acb947671f09b81f49094c53f426d8cea1; 2014-12-14T17:29:23+00:00)
Maven home: /usr/local/maven
Java version: 1.7.0_76, vendor: Oracle Corporation
Java home: /usr/lib/jvm/java-7-oracle/jre
Default locale: en_US, platform encoding: ANSI_X3.4-1968
OS name: "linux", version: "3.13.0-29-generic", arch: "amd64", family: "unix"
travis_fold:end:system_info[0K
travis_fold:start:fix.CVE-2015-7547[0K$ export DEBIAN_FRONTEND=noninteractive
Reading package lists...
Building dependency tree...
Reading state information...
The following extra packages will be installed:
  libc-bin libc-dev-bin libc6-dev
Suggested packages:
  glibc-doc
The following packages will be upgraded:
  libc-bin libc-dev-bin libc6 libc6-dev
4 upgraded, 0 newly installed, 0 to remove and 278 not upgraded.
Need to get 8,856 kB of archives.
After this operation, 13.3 kB of additional disk space will be used.
Get:1 http://us.archive.ubuntu.com/ubuntu/ precise-updates/main libc6-dev amd64 2.15-0ubuntu10.18 [2,948 kB]
Get:2 http://us.archive.ubuntu.com/ubuntu/ precise-updates/main libc-dev-bin amd64 2.15-0ubuntu10.18 [84.5 kB]
Get:3 http://us.archive.ubuntu.com/ubuntu/ precise-updates/main libc-bin amd64 2.15-0ubuntu10.18 [1,178 kB]
Get:4 http://us.archive.ubuntu.com/ubuntu/ precise-updates/main libc6 amd64 2.15-0ubuntu10.18 [4,646 kB]
Fetched 8,856 kB in 0s (36.0 MB/s)
Preconfiguring packages ...
(Reading database ... (Reading database ... 5%(Reading database ... 10%(Reading database ... 15%(Reading database ... 20%(Reading database ... 25%(Reading database ... 30%(Reading database ... 35%(Reading database ... 40%(Reading database ... 45%(Reading database ... 50%(Reading database ... 55%(Reading database ... 60%(Reading database ... 65%(Reading database ... 70%(Reading database ... 75%(Reading database ... 80%(Reading database ... 85%(Reading database ... 90%(Reading database ... 95%(Reading database ... 100%(Reading database ... 72019 files and directories currently installed.)
Preparing to replace libc6-dev 2.15-0ubuntu10.10 (using .../libc6-dev_2.15-0ubuntu10.18_amd64.deb) ...
Unpacking replacement libc6-dev ...
Preparing to replace libc-dev-bin 2.15-0ubuntu10.10 (using .../libc-dev-bin_2.15-0ubuntu10.18_amd64.deb) ...
Unpacking replacement libc-dev-bin ...
Preparing to replace libc-bin 2.15-0ubuntu10.10 (using .../libc-bin_2.15-0ubuntu10.18_amd64.deb) ...
Unpacking replacement libc-bin ...
Processing triggers for man-db ...
Setting up libc-bin (2.15-0ubuntu10.18) ...
(Reading database ... (Reading database ... 5%(Reading database ... 10%(Reading database ... 15%(Reading database ... 20%(Reading database ... 25%(Reading database ... 30%(Reading database ... 35%(Reading database ... 40%(Reading database ... 45%(Reading database ... 50%(Reading database ... 55%(Reading database ... 60%(Reading database ... 65%(Reading database ... 70%(Reading database ... 75%(Reading database ... 80%(Reading database ... 85%(Reading database ... 90%(Reading database ... 95%(Reading database ... 100%(Reading database ... 72018 files and directories currently installed.)
Preparing to replace libc6 2.15-0ubuntu10.10 (using .../libc6_2.15-0ubuntu10.18_amd64.deb) ...
Unpacking replacement libc6 ...
Setting up libc6 (2.15-0ubuntu10.18) ...
Setting up libc-dev-bin (2.15-0ubuntu10.18) ...
Setting up libc6-dev (2.15-0ubuntu10.18) ...
Processing triggers for libc-bin ...
ldconfig deferred processing now taking place
travis_fold:end:fix.CVE-2015-7547[0Ktravis_fold:start:update_libssl1.0.0[0K$ sudo apt-get install ca-certificates libssl1.0.0
Reading package lists... 0%Reading package lists... 0%Reading package lists... 1%Reading package lists... 10%Reading package lists... 10%Reading package lists... 11%Reading package lists... 11%Reading package lists... 46%Reading package lists... 46%Reading package lists... 47%Reading package lists... 47%Reading package lists... 52%Reading package lists... 58%Reading package lists... 58%Reading package lists... 58%Reading package lists... 58%Reading package lists... 94%Reading package lists... 94%Reading package lists... 95%Reading package lists... 95%Reading package lists... 95%Reading package lists... 95%Reading package lists... 95%Reading package lists... 95%Reading package lists... 95%Reading package lists... 95%Reading package lists... 95%Reading package lists... 95%Reading package lists... 95%Reading package lists... 95%Reading package lists... 95%Reading package lists... 95%Reading package lists... 95%Reading package lists... 95%Reading package lists... 95%Reading package lists... 95%Reading package lists... 95%Reading package lists... 95%Reading package lists... 95%Reading package lists... 95%Reading package lists... 95%Reading package lists... 95%Reading package lists... 95%Reading package lists... 95%Reading package lists... 95%Reading package lists... 95%Reading package lists... 95%Reading package lists... 95%Reading package lists... 95%Reading package lists... 95%Reading package lists... 95%Reading package lists... 95%Reading package lists... 95%Reading package lists... 95%Reading package lists... 95%Reading package lists... 95%Reading package lists... 95%Reading package lists... 95%Reading package lists... 95%Reading package lists... 95%Reading package lists... 95%Reading package lists... 95%Reading package lists... 95%Reading package lists... 95%Reading package lists... 95%Reading package lists... 95%Reading package lists... 95%Reading package lists... 95%Reading package lists... 95%Reading package lists... 95%Reading package lists... 95%Reading package lists... 95%Reading package lists... 95%Reading package lists... 95%Reading package lists... 95%Reading package lists... 95%Reading package lists... 95%Reading package lists... 96%Reading package lists... 96%Reading package lists... 96%Reading package lists... 96%Reading package lists... 97%Reading package lists... 97%Reading package lists... 98%Reading package lists... 98%Reading package lists... 98%Reading package lists... 98%Reading package lists... 98%Reading package lists... 98%Reading package lists... 98%Reading package lists... 98%Reading package lists... 98%Reading package lists... 98%Reading package lists... 98%Reading package lists... 98%Reading package lists... 98%Reading package lists... 98%Reading package lists... 98%Reading package lists... 98%Reading package lists... 98%Reading package lists... 98%Reading package lists... Done
Building dependency tree... 0%Building dependency tree... 0%Building dependency tree... 50%Building dependency tree... 50%Building dependency tree       
Reading state information... 0%Reading state information... 0%Reading state information... Done
The following extra packages will be installed:
  libssl-dev
The following packages will be upgraded:
  ca-certificates libssl-dev libssl1.0.0
3 upgraded, 0 newly installed, 0 to remove and 275 not upgraded.
Need to get 2,842 kB of archives.
After this operation, 41.0 kB of additional disk space will be used.
0% [Working]            Get:1 http://us.archive.ubuntu.com/ubuntu/ precise-updates/main libssl-dev amd64 1.0.1-4ubuntu5.39 [1,580 kB]
            0% [1 libssl-dev 14.1 kB/1,580 kB 1%]                                     56% [Waiting for headers]                         Get:2 http://us.archive.ubuntu.com/ubuntu/ precise-updates/main libssl1.0.0 amd64 1.0.1-4ubuntu5.39 [1,054 kB]
                         58% [2 libssl1.0.0 57.7 kB/1,054 kB 5%]                                       93% [Waiting for headers]                         Get:3 http://us.archive.ubuntu.com/ubuntu/ precise-updates/main ca-certificates all 20160104ubuntu0.12.04.1 [208 kB]
                         94% [3 ca-certificates 24.6 kB/208 kB 12%]                                          100% [Working]              Fetched 2,842 kB in 0s (6,124 kB/s)
Preconfiguring packages ...
(Reading database ... (Reading database ... 5%(Reading database ... 10%(Reading database ... 15%(Reading database ... 20%(Reading database ... 25%(Reading database ... 30%(Reading database ... 35%(Reading database ... 40%(Reading database ... 45%(Reading database ... 50%(Reading database ... 55%(Reading database ... 60%(Reading database ... 65%(Reading database ... 70%(Reading database ... 75%(Reading database ... 80%(Reading database ... 85%(Reading database ... 90%(Reading database ... 95%(Reading database ... 100%(Reading database ... 72018 files and directories currently installed.)
Preparing to replace libssl-dev 1.0.1-4ubuntu5.21 (using .../libssl-dev_1.0.1-4ubuntu5.39_amd64.deb) ...
Unpacking replacement libssl-dev ...
Preparing to replace libssl1.0.0 1.0.1-4ubuntu5.21 (using .../libssl1.0.0_1.0.1-4ubuntu5.39_amd64.deb) ...
Unpacking replacement libssl1.0.0 ...
Setting up libssl1.0.0 (1.0.1-4ubuntu5.39) ...
Processing triggers for libc-bin ...
ldconfig deferred processing now taking place
(Reading database ... (Reading database ... 5%(Reading database ... 10%(Reading database ... 15%(Reading database ... 20%(Reading database ... 25%(Reading database ... 30%(Reading database ... 35%(Reading database ... 40%(Reading database ... 45%(Reading database ... 50%(Reading database ... 55%(Reading database ... 60%(Reading database ... 65%(Reading database ... 70%(Reading database ... 75%(Reading database ... 80%(Reading database ... 85%(Reading database ... 90%(Reading database ... 95%(Reading database ... 100%(Reading database ... 72018 files and directories currently installed.)
Preparing to replace ca-certificates 20130906ubuntu0.12.04.1 (using .../ca-certificates_20160104ubuntu0.12.04.1_all.deb) ...
Unpacking replacement ca-certificates ...
Processing triggers for man-db ...
Setting up libssl-dev (1.0.1-4ubuntu5.39) ...
Setting up ca-certificates (20160104ubuntu0.12.04.1) ...
Updating certificates in /etc/ssl/certs... 35 added, 26 removed; done.
Running hooks in /etc/ca-certificates/update.d....
Adding debian:ACCVRAIZ1.pem
Adding debian:Atos_TrustedRoot_2011.pem
Adding debian:CA_WoSign_ECC_Root.pem
Adding debian:Certification_Authority_of_WoSign_G2.pem
Adding debian:Certinomis_-_Root_CA.pem
Adding debian:CFCA_EV_ROOT.pem
Adding debian:COMODO_RSA_Certification_Authority.pem
Adding debian:DigiCert_Assured_ID_Root_G2.pem
Adding debian:DigiCert_Assured_ID_Root_G3.pem
Adding debian:DigiCert_Global_Root_G2.pem
Adding debian:DigiCert_Global_Root_G3.pem
Adding debian:DigiCert_Trusted_Root_G4.pem
Adding debian:Entrust_Root_Certification_Authority_-_EC1.pem
Adding debian:Entrust_Root_Certification_Authority_-_G2.pem
Adding debian:E-Tugra_Certification_Authority.pem
Adding debian:GlobalSign_ECC_Root_CA_-_R4.pem
Adding debian:GlobalSign_ECC_Root_CA_-_R5.pem
Adding debian:IdenTrust_Commercial_Root_CA_1.pem
Adding debian:IdenTrust_Public_Sector_Root_CA_1.pem
Adding debian:OISTE_WISeKey_Global_Root_GB_CA.pem
Adding debian:QuoVadis_Root_CA_1_G3.pem
Adding debian:QuoVadis_Root_CA_2_G3.pem
Adding debian:QuoVadis_Root_CA_3_G3.pem
Adding debian:Staat_der_Nederlanden_EV_Root_CA.pem
Adding debian:Staat_der_Nederlanden_Root_CA_-_G3.pem
Adding debian:S-TRUST_Universal_Root_CA.pem
Adding debian:TeliaSonera_Root_CA_v1.pem
Adding debian:T-TeleSec_GlobalRoot_Class_2.pem
Adding debian:TÃœRKTRUST_Elektronik_Sertifika_Hizmet_SaÄŸlayÄ±cÄ±sÄ±_H5.pem
Adding debian:TÃœRKTRUST_Elektronik_Sertifika_Hizmet_SaÄŸlayÄ±cÄ±sÄ±_H6.pem
Adding debian:TWCA_Global_Root_CA.pem
Adding debian:USERTrust_ECC_Certification_Authority.pem
Adding debian:USERTrust_RSA_Certification_Authority.pem
Adding debian:WoSign_China.pem
Adding debian:WoSign.pem
Removing debian:A-Trust-nQual-03.pem
Removing debian:America_Online_Root_Certification_Authority_1.pem
Removing debian:America_Online_Root_Certification_Authority_2.pem
Removing debian:Buypass_Class_3_CA_1.pem
Removing debian:ComSign_Secured_CA.pem
Removing debian:Digital_Signature_Trust_Co._Global_CA_1.pem
Removing debian:Digital_Signature_Trust_Co._Global_CA_3.pem
Removing debian:E-Guven_Kok_Elektronik_Sertifika_Hizmet_Saglayicisi.pem
Removing debian:Entrust.net_Secure_Server_CA.pem
Removing debian:Firmaprofesional_Root_CA.pem
Removing debian:GTE_CyberTrust_Global_Root.pem
Removing debian:RSA_Root_Certificate_1.pem
Removing debian:TC_TrustCenter_Class_2_CA_II.pem
Removing debian:TC_TrustCenter_Universal_CA_I.pem
Removing debian:TDC_Internet_Root_CA.pem
Removing debian:TDC_OCES_Root_CA.pem
Removing debian:TURKTRUST_Certificate_Services_Provider_Root_1.pem
Removing debian:TURKTRUST_Certificate_Services_Provider_Root_2.pem
Removing debian:Thawte_Premium_Server_CA.pem
Removing debian:Thawte_Server_CA.pem
Removing debian:UTN_DATACorp_SGC_Root_CA.pem
Removing debian:ValiCert_Class_1_VA.pem
Removing debian:ValiCert_Class_2_VA.pem
Removing debian:Verisign_Class_4_Public_Primary_Certification_Authority_-_G3.pem
Removing debian:Wells_Fargo_Root_CA.pem
Removing debian:spi-cacert-2008.pem
done.
done.
travis_fold:end:update_libssl1.0.0[0K$ jdk_switcher use oraclejdk8
Switching to Oracle JDK8 (java-8-oracle), JAVA_HOME will be set to /usr/lib/jvm/java-8-oracle
travis_fold:start:git.checkout[0Ktravis_time:start:2a2dc571[0K$ git clone --depth=50 https://github.com/checkstyle/checkstyle.git checkstyle/checkstyle
Cloning into 'checkstyle/checkstyle'...
remote: Counting objects: 3326, done.[K
remote: Compressing objects:   0% (1/2335)   [Kremote: Compressing objects:   1% (24/2335)   [Kremote: Compressing objects:   2% (47/2335)   [Kremote: Compressing objects:   3% (71/2335)   [Kremote: Compressing objects:   4% (94/2335)   [Kremote: Compressing objects:   5% (117/2335)   [Kremote: Compressing objects:   6% (141/2335)   [Kremote: Compressing objects:   7% (164/2335)   [Kremote: Compressing objects:   8% (187/2335)   [Kremote: Compressing objects:   9% (211/2335)   [Kremote: Compressing objects:  10% (234/2335)   [Kremote: Compressing objects:  11% (257/2335)   [Kremote: Compressing objects:  12% (281/2335)   [Kremote: Compressing objects:  13% (304/2335)   [Kremote: Compressing objects:  14% (327/2335)   [Kremote: Compressing objects:  15% (351/2335)   [Kremote: Compressing objects:  16% (374/2335)   [Kremote: Compressing objects:  17% (397/2335)   [Kremote: Compressing objects:  18% (421/2335)   [Kremote: Compressing objects:  19% (444/2335)   [Kremote: Compressing objects:  20% (467/2335)   [Kremote: Compressing objects:  21% (491/2335)   [Kremote: Compressing objects:  22% (514/2335)   [Kremote: Compressing objects:  23% (538/2335)   [Kremote: Compressing objects:  24% (561/2335)   [Kremote: Compressing objects:  25% (584/2335)   [Kremote: Compressing objects:  26% (608/2335)   [Kremote: Compressing objects:  27% (631/2335)   [Kremote: Compressing objects:  28% (654/2335)   [Kremote: Compressing objects:  29% (678/2335)   [Kremote: Compressing objects:  30% (701/2335)   [Kremote: Compressing objects:  31% (724/2335)   [Kremote: Compressing objects:  32% (748/2335)   [Kremote: Compressing objects:  33% (771/2335)   [Kremote: Compressing objects:  34% (794/2335)   [Kremote: Compressing objects:  35% (818/2335)   [Kremote: Compressing objects:  36% (841/2335)   [Kremote: Compressing objects:  37% (864/2335)   [Kremote: Compressing objects:  38% (888/2335)   [Kremote: Compressing objects:  39% (911/2335)   [Kremote: Compressing objects:  40% (934/2335)   [Kremote: Compressing objects:  41% (958/2335)   [Kremote: Compressing objects:  42% (981/2335)   [Kremote: Compressing objects:  43% (1005/2335)   [Kremote: Compressing objects:  44% (1028/2335)   [Kremote: Compressing objects:  45% (1051/2335)   [Kremote: Compressing objects:  46% (1075/2335)   [Kremote: Compressing objects:  47% (1098/2335)   [Kremote: Compressing objects:  48% (1121/2335)   [Kremote: Compressing objects:  49% (1145/2335)   [Kremote: Compressing objects:  50% (1168/2335)   [Kremote: Compressing objects:  51% (1191/2335)   [Kremote: Compressing objects:  52% (1215/2335)   [Kremote: Compressing objects:  53% (1238/2335)   [Kremote: Compressing objects:  54% (1261/2335)   [Kremote: Compressing objects:  55% (1285/2335)   [Kremote: Compressing objects:  56% (1308/2335)   [Kremote: Compressing objects:  57% (1331/2335)   [Kremote: Compressing objects:  58% (1355/2335)   [Kremote: Compressing objects:  59% (1378/2335)   [Kremote: Compressing objects:  60% (1401/2335)   [Kremote: Compressing objects:  61% (1425/2335)   [Kremote: Compressing objects:  62% (1448/2335)   [Kremote: Compressing objects:  63% (1472/2335)   [Kremote: Compressing objects:  64% (1495/2335)   [Kremote: Compressing objects:  65% (1518/2335)   [Kremote: Compressing objects:  66% (1542/2335)   [Kremote: Compressing objects:  67% (1565/2335)   [Kremote: Compressing objects:  68% (1588/2335)   [Kremote: Compressing objects:  69% (1612/2335)   [Kremote: Compressing objects:  70% (1635/2335)   [Kremote: Compressing objects:  71% (1658/2335)   [Kremote: Compressing objects:  72% (1682/2335)   [Kremote: Compressing objects:  73% (1705/2335)   [Kremote: Compressing objects:  74% (1728/2335)   [Kremote: Compressing objects:  75% (1752/2335)   [Kremote: Compressing objects:  76% (1775/2335)   [Kremote: Compressing objects:  77% (1798/2335)   [Kremote: Compressing objects:  78% (1822/2335)   [Kremote: Compressing objects:  79% (1845/2335)   [Kremote: Compressing objects:  80% (1868/2335)   [Kremote: Compressing objects:  81% (1892/2335)   [Kremote: Compressing objects:  82% (1915/2335)   [Kremote: Compressing objects:  83% (1939/2335)   [Kremote: Compressing objects:  84% (1962/2335)   [Kremote: Compressing objects:  85% (1985/2335)   [Kremote: Compressing objects:  86% (2009/2335)   [Kremote: Compressing objects:  87% (2032/2335)   [Kremote: Compressing objects:  88% (2055/2335)   [Kremote: Compressing objects:  89% (2079/2335)   [Kremote: Compressing objects:  90% (2102/2335)   [Kremote: Compressing objects:  91% (2125/2335)   [Kremote: Compressing objects:  92% (2149/2335)   [Kremote: Compressing objects:  93% (2172/2335)   [Kremote: Compressing objects:  94% (2195/2335)   [Kremote: Compressing objects:  95% (2219/2335)   [Kremote: Compressing objects:  96% (2242/2335)   [Kremote: Compressing objects:  97% (2265/2335)   [Kremote: Compressing objects:  98% (2289/2335)   [Kremote: Compressing objects:  99% (2312/2335)   [Kremote: Compressing objects: 100% (2335/2335)   [Kremote: Compressing objects: 100% (2335/2335), done.[K
Receiving objects:   0% (1/3326)   Receiving objects:   1% (34/3326)   Receiving objects:   2% (67/3326)   Receiving objects:   3% (100/3326)   Receiving objects:   4% (134/3326)   Receiving objects:   5% (167/3326)   Receiving objects:   6% (200/3326)   Receiving objects:   7% (233/3326)   Receiving objects:   8% (267/3326)   Receiving objects:   9% (300/3326)   Receiving objects:  10% (333/3326)   Receiving objects:  11% (366/3326)   Receiving objects:  12% (400/3326)   Receiving objects:  13% (433/3326)   Receiving objects:  14% (466/3326)   Receiving objects:  15% (499/3326)   Receiving objects:  16% (533/3326)   Receiving objects:  17% (566/3326)   Receiving objects:  18% (599/3326)   Receiving objects:  19% (632/3326)   Receiving objects:  20% (666/3326)   Receiving objects:  21% (699/3326)   Receiving objects:  22% (732/3326)   Receiving objects:  23% (765/3326)   Receiving objects:  24% (799/3326)   Receiving objects:  25% (832/3326)   Receiving objects:  26% (865/3326)   Receiving objects:  27% (899/3326)   Receiving objects:  28% (932/3326)   Receiving objects:  29% (965/3326)   Receiving objects:  30% (998/3326)   Receiving objects:  31% (1032/3326)   Receiving objects:  32% (1065/3326)   Receiving objects:  33% (1098/3326)   Receiving objects:  34% (1131/3326)   Receiving objects:  35% (1165/3326)   Receiving objects:  36% (1198/3326)   Receiving objects:  37% (1231/3326)   Receiving objects:  38% (1264/3326)   Receiving objects:  39% (1298/3326)   Receiving objects:  40% (1331/3326)   Receiving objects:  41% (1364/3326)   Receiving objects:  42% (1397/3326)   Receiving objects:  43% (1431/3326)   Receiving objects:  44% (1464/3326)   Receiving objects:  45% (1497/3326)   Receiving objects:  46% (1530/3326)   Receiving objects:  47% (1564/3326)   Receiving objects:  48% (1597/3326)   Receiving objects:  49% (1630/3326)   Receiving objects:  50% (1663/3326)   Receiving objects:  51% (1697/3326)   Receiving objects:  52% (1730/3326)   Receiving objects:  53% (1763/3326)   Receiving objects:  54% (1797/3326)   Receiving objects:  55% (1830/3326)   Receiving objects:  56% (1863/3326)   Receiving objects:  57% (1896/3326)   Receiving objects:  58% (1930/3326)   Receiving objects:  59% (1963/3326)   Receiving objects:  60% (1996/3326)   Receiving objects:  61% (2029/3326)   Receiving objects:  62% (2063/3326)   Receiving objects:  63% (2096/3326)   Receiving objects:  64% (2129/3326)   Receiving objects:  65% (2162/3326)   Receiving objects:  66% (2196/3326)   Receiving objects:  67% (2229/3326)   Receiving objects:  68% (2262/3326)   Receiving objects:  69% (2295/3326)   Receiving objects:  70% (2329/3326)   Receiving objects:  71% (2362/3326)   Receiving objects:  72% (2395/3326)   Receiving objects:  73% (2428/3326)   Receiving objects:  74% (2462/3326)   Receiving objects:  75% (2495/3326)   Receiving objects:  76% (2528/3326)   Receiving objects:  77% (2562/3326)   Receiving objects:  78% (2595/3326)   Receiving objects:  79% (2628/3326)   Receiving objects:  80% (2661/3326)   Receiving objects:  81% (2695/3326)   Receiving objects:  82% (2728/3326)   Receiving objects:  83% (2761/3326)   Receiving objects:  84% (2794/3326)   Receiving objects:  85% (2828/3326)   Receiving objects:  86% (2861/3326)   Receiving objects:  87% (2894/3326)   Receiving objects:  88% (2927/3326)   Receiving objects:  89% (2961/3326)   Receiving objects:  90% (2994/3326)   Receiving objects:  91% (3027/3326)   Receiving objects:  92% (3060/3326)   Receiving objects:  93% (3094/3326)   Receiving objects:  94% (3127/3326)   Receiving objects:  95% (3160/3326)   Receiving objects:  96% (3193/3326)   Receiving objects:  97% (3227/3326)   Receiving objects:  98% (3260/3326)   remote: Total 3326 (delta 1152), reused 1807 (delta 666), pack-reused 0[K
Receiving objects:  99% (3293/3326)   Receiving objects: 100% (3326/3326)   Receiving objects: 100% (3326/3326), 4.52 MiB | 0 bytes/s, done.
Resolving deltas:   0% (0/1152)   Resolving deltas:   1% (12/1152)   Resolving deltas:   2% (24/1152)   Resolving deltas:   3% (37/1152)   Resolving deltas:   7% (86/1152)   Resolving deltas:   8% (95/1152)   Resolving deltas:   9% (104/1152)   Resolving deltas:  11% (131/1152)   Resolving deltas:  12% (139/1152)   Resolving deltas:  13% (150/1152)   Resolving deltas:  14% (162/1152)   Resolving deltas:  15% (173/1152)   Resolving deltas:  16% (185/1152)   Resolving deltas:  17% (196/1152)   Resolving deltas:  18% (212/1152)   Resolving deltas:  19% (219/1152)   Resolving deltas:  20% (237/1152)   Resolving deltas:  21% (244/1152)   Resolving deltas:  22% (254/1152)   Resolving deltas:  23% (267/1152)   Resolving deltas:  24% (278/1152)   Resolving deltas:  25% (291/1152)   Resolving deltas:  26% (303/1152)   Resolving deltas:  27% (312/1152)   Resolving deltas:  29% (335/1152)   Resolving deltas:  30% (349/1152)   Resolving deltas:  31% (358/1152)   Resolving deltas:  32% (370/1152)   Resolving deltas:  33% (381/1152)   Resolving deltas:  34% (393/1152)   Resolving deltas:  35% (407/1152)   Resolving deltas:  36% (415/1152)   Resolving deltas:  37% (428/1152)   Resolving deltas:  38% (438/1152)   Resolving deltas:  39% (452/1152)   Resolving deltas:  40% (461/1152)   Resolving deltas:  41% (476/1152)   Resolving deltas:  42% (485/1152)   Resolving deltas:  43% (496/1152)   Resolving deltas:  44% (512/1152)   Resolving deltas:  45% (521/1152)   Resolving deltas:  46% (530/1152)   Resolving deltas:  47% (544/1152)   Resolving deltas:  48% (553/1152)   Resolving deltas:  49% (565/1152)   Resolving deltas:  50% (576/1152)   Resolving deltas:  51% (588/1152)   Resolving deltas:  52% (600/1152)   Resolving deltas:  53% (611/1152)   Resolving deltas:  54% (623/1152)   Resolving deltas:  55% (635/1152)   Resolving deltas:  59% (688/1152)   Resolving deltas:  60% (701/1152)   Resolving deltas:  61% (711/1152)   Resolving deltas:  63% (731/1152)   Resolving deltas:  64% (738/1152)   Resolving deltas:  65% (752/1152)   Resolving deltas:  66% (763/1152)   Resolving deltas:  67% (772/1152)   Resolving deltas:  68% (785/1152)   Resolving deltas:  69% (795/1152)   Resolving deltas:  70% (807/1152)   Resolving deltas:  71% (820/1152)   Resolving deltas:  72% (830/1152)   Resolving deltas:  73% (841/1152)   Resolving deltas:  74% (858/1152)   Resolving deltas:  75% (864/1152)   Resolving deltas:  76% (877/1152)   Resolving deltas:  77% (888/1152)   Resolving deltas:  78% (899/1152)   Resolving deltas:  79% (911/1152)   Resolving deltas:  80% (928/1152)   Resolving deltas:  81% (934/1152)   Resolving deltas:  82% (945/1152)   Resolving deltas:  83% (957/1152)   Resolving deltas:  84% (971/1152)   Resolving deltas:  85% (986/1152)   Resolving deltas:  86% (991/1152)   Resolving deltas:  87% (1007/1152)   Resolving deltas:  88% (1014/1152)   Resolving deltas:  89% (1026/1152)   Resolving deltas:  90% (1037/1152)   Resolving deltas:  91% (1049/1152)   Resolving deltas:  92% (1060/1152)   Resolving deltas:  93% (1072/1152)   Resolving deltas:  94% (1083/1152)   Resolving deltas:  95% (1095/1152)   Resolving deltas:  96% (1106/1152)   Resolving deltas:  97% (1123/1152)   Resolving deltas:  98% (1130/1152)   Resolving deltas:  99% (1142/1152)   Resolving deltas: 100% (1152/1152)   Resolving deltas: 100% (1152/1152), done.
Checking connectivity... done.

travis_time:end:2a2dc571:start=1504547634793133974,finish=1504547636646294752,duration=1853160778[0K$ cd checkstyle/checkstyle
travis_time:start:006037bc[0K$ git fetch origin +refs/pull/4992/merge:
remote: Counting objects: 48, done.[K
remote: Compressing objects:   7% (1/14)   [Kremote: Compressing objects:  14% (2/14)   [Kremote: Compressing objects:  21% (3/14)   [Kremote: Compressing objects:  28% (4/14)   [Kremote: Compressing objects:  35% (5/14)   [Kremote: Compressing objects:  42% (6/14)   [Kremote: Compressing objects:  50% (7/14)   [Kremote: Compressing objects:  57% (8/14)   [Kremote: Compressing objects:  64% (9/14)   [Kremote: Compressing objects:  71% (10/14)   [Kremote: Compressing objects:  78% (11/14)   [Kremote: Compressing objects:  85% (12/14)   [Kremote: Compressing objects:  92% (13/14)   [Kremote: Compressing objects: 100% (14/14)   [Kremote: Compressing objects: 100% (14/14), done.[K
remote: Total 48 (delta 22), reused 47 (delta 22), pack-reused 0[K
Unpacking objects:   2% (1/48)   Unpacking objects:   4% (2/48)   Unpacking objects:   6% (3/48)   Unpacking objects:   8% (4/48)   Unpacking objects:  10% (5/48)   Unpacking objects:  12% (6/48)   Unpacking objects:  14% (7/48)   Unpacking objects:  16% (8/48)   Unpacking objects:  18% (9/48)   Unpacking objects:  20% (10/48)   Unpacking objects:  22% (11/48)   Unpacking objects:  25% (12/48)   Unpacking objects:  27% (13/48)   Unpacking objects:  29% (14/48)   Unpacking objects:  31% (15/48)   Unpacking objects:  33% (16/48)   Unpacking objects:  35% (17/48)   Unpacking objects:  37% (18/48)   Unpacking objects:  39% (19/48)   Unpacking objects:  41% (20/48)   Unpacking objects:  43% (21/48)   Unpacking objects:  45% (22/48)   Unpacking objects:  47% (23/48)   Unpacking objects:  50% (24/48)   Unpacking objects:  52% (25/48)   Unpacking objects:  54% (26/48)   Unpacking objects:  56% (27/48)   Unpacking objects:  58% (28/48)   Unpacking objects:  60% (29/48)   Unpacking objects:  62% (30/48)   Unpacking objects:  64% (31/48)   Unpacking objects:  66% (32/48)   Unpacking objects:  68% (33/48)   Unpacking objects:  70% (34/48)   Unpacking objects:  72% (35/48)   Unpacking objects:  75% (36/48)   Unpacking objects:  77% (37/48)   Unpacking objects:  79% (38/48)   Unpacking objects:  81% (39/48)   Unpacking objects:  83% (40/48)   Unpacking objects:  85% (41/48)   Unpacking objects:  87% (42/48)   Unpacking objects:  89% (43/48)   Unpacking objects:  91% (44/48)   Unpacking objects:  93% (45/48)   Unpacking objects:  95% (46/48)   Unpacking objects:  97% (47/48)   Unpacking objects: 100% (48/48)   Unpacking objects: 100% (48/48), done.
From https://github.com/checkstyle/checkstyle
 * branch            refs/pull/4992/merge -> FETCH_HEAD

travis_time:end:006037bc:start=1504547636652186810,finish=1504547637105961599,duration=453774789[0K$ git checkout -qf FETCH_HEAD
travis_fold:end:git.checkout[0Ktravis_fold:start:apt[0K[33;1mInstalling APT Packages (BETA)[0m
$ export DEBIAN_FRONTEND=noninteractive
travis_time:start:1d2f335b[0K$ sudo -E apt-get -yq update &>> ~/apt-get-update.log

travis_time:end:1d2f335b:start=1504547637259128609,finish=1504547641541623073,duration=4282494464[0Ktravis_time:start:01664da4[0K$ sudo -E apt-get -yq --no-install-suggests --no-install-recommends --force-yes install xsltproc xmlstarlet oracle-java8-installer
Reading package lists...
Building dependency tree...
Reading state information...
Suggested packages:
  binfmt-support visualvm ttf-baekmuk ttf-unfonts ttf-unfonts-core
  ttf-kochi-gothic ttf-sazanami-gothic ttf-kochi-mincho ttf-sazanami-mincho
  ttf-arphic-uming
Recommended packages:
  oracle-java8-set-default
The following NEW packages will be installed:
  xmlstarlet xsltproc
The following packages will be upgraded:
  oracle-java8-installer
1 upgraded, 2 newly installed, 0 to remove and 274 not upgraded.
Need to get 232 kB of archives.
After this operation, 494 kB of additional disk space will be used.
Get:1 http://us.archive.ubuntu.com/ubuntu/ precise/main xmlstarlet amd64 1.3.0-1 [184 kB]
Get:2 http://ppa.launchpad.net/webupd8team/java/ubuntu/ precise/main oracle-java8-installer all 8u144-1~webupd8~0 [32.9 kB]
Get:3 http://us.archive.ubuntu.com/ubuntu/ precise-updates/main xsltproc amd64 1.1.26-8ubuntu1.4 [15.1 kB]
Fetched 232 kB in 0s (740 kB/s)
Preconfiguring packages ...
(Reading database ... (Reading database ... 5%(Reading database ... 10%(Reading database ... 15%(Reading database ... 20%(Reading database ... 25%(Reading database ... 30%(Reading database ... 35%(Reading database ... 40%(Reading database ... 45%(Reading database ... 50%(Reading database ... 55%(Reading database ... 60%(Reading database ... 65%(Reading database ... 70%(Reading database ... 75%(Reading database ... 80%(Reading database ... 85%(Reading database ... 90%(Reading database ... 95%(Reading database ... 100%(Reading database ... 72026 files and directories currently installed.)
Preparing to replace oracle-java8-installer 8u31+8u33arm-1~webupd8~1 (using .../oracle-java8-installer_8u144-1~webupd8~0_all.deb) ...
oracle-license-v1-1 license has already been accepted
Unpacking replacement oracle-java8-installer ...
Selecting previously unselected package xmlstarlet.
Unpacking xmlstarlet (from .../xmlstarlet_1.3.0-1_amd64.deb) ...
Selecting previously unselected package xsltproc.
Unpacking xsltproc (from .../xsltproc_1.1.26-8ubuntu1.4_amd64.deb) ...
Processing triggers for shared-mime-info ...
Processing triggers for hicolor-icon-theme ...
Processing triggers for man-db ...
Setting up oracle-java8-installer (8u144-1~webupd8~0) ...
No /var/cache/oracle-jdk8-installer/wgetrc file found.
Creating /var/cache/oracle-jdk8-installer/wgetrc and
using default oracle-java8-installer wgetrc settings for it.
Downloading Oracle Java 8...
--2017-09-04 17:54:07--  http://download.oracle.com/otn-pub/java/jdk/8u144-b01/090f390dda5b47b9b721c7dfaa008135/jdk-8u144-linux-x64.tar.gz
Resolving download.oracle.com (download.oracle.com)... 23.219.92.200, 23.219.92.226
Connecting to download.oracle.com (download.oracle.com)|23.219.92.200|:80... connected.
HTTP request sent, awaiting response... 302 Moved Temporarily
Location: https://edelivery.oracle.com/otn-pub/java/jdk/8u144-b01/090f390dda5b47b9b721c7dfaa008135/jdk-8u144-linux-x64.tar.gz [following]
--2017-09-04 17:54:07--  https://edelivery.oracle.com/otn-pub/java/jdk/8u144-b01/090f390dda5b47b9b721c7dfaa008135/jdk-8u144-linux-x64.tar.gz
Resolving edelivery.oracle.com (edelivery.oracle.com)... 23.49.182.138, 2600:1408:10:297::2d3e, 2600:1408:10:286::2d3e
Connecting to edelivery.oracle.com (edelivery.oracle.com)|23.49.182.138|:443... connected.
HTTP request sent, awaiting response... 302 Moved Temporarily
Location: http://download.oracle.com/otn-pub/java/jdk/8u144-b01/090f390dda5b47b9b721c7dfaa008135/jdk-8u144-linux-x64.tar.gz?AuthParam=1504547767_e0506ea04e13dd886c68dac0813f21c8 [following]
--2017-09-04 17:54:07--  http://download.oracle.com/otn-pub/java/jdk/8u144-b01/090f390dda5b47b9b721c7dfaa008135/jdk-8u144-linux-x64.tar.gz?AuthParam=1504547767_e0506ea04e13dd886c68dac0813f21c8
Connecting to download.oracle.com (download.oracle.com)|23.219.92.200|:80... connected.
HTTP request sent, awaiting response... 200 OK
Length: 185515842 (177M) [application/x-gzip]
Saving to: `jdk-8u144-linux-x64.tar.gz'

     0K ........ ........ ........ ........ ........ ........  1% 45.8M 4s
  3072K ........ ........ ........ ........ ........ ........  3% 68.0M 3s
  6144K ........ ........ ........ ........ ........ ........  5% 65.4M 3s
  9216K ........ ........ ........ ........ ........ ........  6% 86.8M 3s
 12288K ........ ........ ........ ........ ........ ........  8% 65.4M 3s
 15360K ........ ........ ........ ........ ........ ........ 10% 59.7M 3s
 18432K ........ ........ ........ ........ ........ ........ 11% 57.0M 3s
 21504K ........ ........ ........ ........ ........ ........ 13% 66.9M 2s
 24576K ........ ........ ........ ........ ........ ........ 15% 56.4M 2s
 27648K ........ ........ ........ ........ ........ ........ 16% 59.8M 2s
 30720K ........ ........ ........ ........ ........ ........ 18% 68.5M 2s
 33792K ........ ........ ........ ........ ........ ........ 20% 71.5M 2s
 36864K ........ ........ ........ ........ ........ ........ 22% 59.0M 2s
 39936K ........ ........ ........ ........ ........ ........ 23% 71.3M 2s
 43008K ........ ........ ........ ........ ........ ........ 25% 67.5M 2s
 46080K ........ ........ ........ ........ ........ ........ 27% 71.4M 2s
 49152K ........ ........ ........ ........ ........ ........ 28% 61.2M 2s
 52224K ........ ........ ........ ........ ........ ........ 30% 51.6M 2s
 55296K ........ ........ ........ ........ ........ ........ 32% 40.9M 2s
 58368K ........ ........ ........ ........ ........ ........ 33% 39.3M 2s
 61440K ........ ........ ........ ........ ........ ........ 35% 41.8M 2s
 64512K ........ ........ ........ ........ ........ ........ 37% 43.4M 2s
 67584K ........ ........ ........ ........ ........ ........ 39% 45.3M 2s
 70656K ........ ........ ........ ........ ........ ........ 40% 47.6M 2s
 73728K ........ ........ ........ ........ ........ ........ 42% 46.8M 2s
 76800K ........ ........ ........ ........ ........ ........ 44% 49.4M 2s
 79872K ........ ........ ........ ........ ........ ........ 45% 52.4M 2s
 82944K ........ ........ ........ ........ ........ ........ 47% 50.7M 2s
 86016K ........ ........ ........ ........ ........ ........ 49% 54.1M 2s
 89088K ........ ........ ........ ........ ........ ........ 50% 55.9M 2s
 92160K ........ ........ ........ ........ ........ ........ 52% 50.1M 2s
 95232K ........ ........ ........ ........ ........ ........ 54% 56.4M 1s
 98304K ........ ........ ........ ........ ........ ........ 55% 57.1M 1s
101376K ........ ........ ........ ........ ........ ........ 57% 59.4M 1s
104448K ........ ........ ........ ........ ........ ........ 59% 61.2M 1s
107520K ........ ........ ........ ........ ........ ........ 61% 54.2M 1s
110592K ........ ........ ........ ........ ........ ........ 62% 59.7M 1s
113664K ........ ........ ........ ........ ........ ........ 64% 63.9M 1s
116736K ........ ........ ........ ........ ........ ........ 66% 59.5M 1s
119808K ........ ........ ........ ........ ........ ........ 67% 30.5M 1s
122880K ........ ........ ........ ........ ........ ........ 69% 20.3M 1s
125952K ........ ........ ........ ........ ........ ........ 71% 23.8M 1s
129024K ........ ........ ........ ........ ........ ........ 72% 17.6M 1s
132096K ........ ........ ........ ........ ........ ........ 74% 18.1M 1s
135168K ........ ........ ........ ........ ........ ........ 76% 21.7M 1s
138240K ........ ........ ........ ........ ........ ........ 78% 24.0M 1s
141312K ........ ........ ........ ........ ........ ........ 79% 27.2M 1s
144384K ........ ........ ........ ........ ........ ........ 81% 29.7M 1s
147456K ........ ........ ........ ........ ........ ........ 83% 32.6M 1s
150528K ........ ........ ........ ........ ........ ........ 84% 33.7M 1s
153600K ........ ........ ........ ........ ........ ........ 86% 36.7M 1s
156672K ........ ........ ........ ........ ........ ........ 88% 38.0M 0s
159744K ........ ........ ........ ........ ........ ........ 89% 39.8M 0s
162816K ........ ........ ........ ........ ........ ........ 91% 41.6M 0s
165888K ........ ........ ........ ........ ........ ........ 93% 17.0M 0s
168960K ........ ........ ........ ........ ........ ........ 94% 19.0M 0s
172032K ........ ........ ........ ........ ........ ........ 96% 7.18M 0s
175104K ........ ........ ........ ........ ........ ........ 98% 26.1M 0s
178176K ........ ........ ........ ........ ........ ......  100% 37.7M=4.7s

2017-09-04 17:54:12 (37.5 MB/s) - `jdk-8u144-linux-x64.tar.gz' saved [185515842/185515842]

Download done.
Removing outdated cached downloads...
Oracle JDK 8 installed

#####Important########
To set Oracle JDK8 as default, install the "oracle-java8-set-default" package.
E.g.: sudo apt install oracle-java8-set-default
On Ubuntu systems, oracle-java8-set-default is most probably installed
automatically with this package.
######################

Setting up xmlstarlet (1.3.0-1) ...
Setting up xsltproc (1.1.26-8ubuntu1.4) ...

travis_time:end:01664da4:start=1504547641546748580,finish=1504547657859166510,duration=16312417930[0Ktravis_fold:end:apt[0K
[33;1mEncrypted environment variables have been removed for security reasons.[0m
[33;1mSee https://docs.travis-ci.com/user/pull-requests/#Pull-Requests-and-Security-Restrictions[0m

[33;1mSetting environment variables from repository settings[0m
$ export READ_ONLY_TOKEN=9ffd28faf1c5d120b63be99b2d585156816e3789

[33;1mSetting environment variables from .travis.yml[0m
$ export DESC="findbugs, spotbugs and pmd"
$ export CMD="mvn clean compile pmd:check findbugs:check spotbugs:check"

[33;1mDisabling Gradle daemon[0m
travis_time:start:04ddaa06[0K$ mkdir -p ~/.gradle && echo "org.gradle.daemon=false" >> ~/.gradle/gradle.properties

travis_time:end:04ddaa06:start=1504547659713198162,finish=1504547659718896195,duration=5698033[0K$ export PATH=$JAVA_HOME/bin:$PATH
travis_fold:start:cache.1[0KSetting up build cache
$ export CASHER_DIR=$HOME/.casher
travis_time:start:07e384c0[0K$ Installing caching utilities

travis_time:end:07e384c0:start=1504547664351965775,finish=1504547664440951451,duration=88985676[0Ktravis_time:start:04de7930[0K
travis_time:end:04de7930:start=1504547664447843688,finish=1504547664452627385,duration=4783697[0Ktravis_time:start:0aeb3f60[0KLatest version currently installed. Aborting.
[32;1mattempting to download cache archive[0m
[32;1mfetching PR.4992/cache-linux-precise-6fcdfb87cf3737982d1da494a87a1225e8916c86a92164a3320aac14db020235--jdk-oraclejdk8.tgz[0m
[32;1mfetching PR.4992/cache--jdk-oraclejdk8.tgz[0m
[32;1mfetching master/cache-linux-precise-6fcdfb87cf3737982d1da494a87a1225e8916c86a92164a3320aac14db020235--jdk-oraclejdk8.tgz[0m
[32;1mfound cache[0m

travis_time:end:0aeb3f60:start=1504547664458295612,finish=1504547671553962062,duration=7095666450[0Ktravis_time:start:12379170[0K
travis_time:end:12379170:start=1504547671558936451,finish=1504547671563071978,duration=4135527[0Ktravis_time:start:04d20053[0KLatest version currently installed. Aborting.
[32;1madding /home/travis/.m2 to cache[0m

travis_time:end:04d20053:start=1504547671567856046,finish=1504547679811623213,duration=8243767167[0Ktravis_fold:end:cache.1[0K$ java -Xmx32m -version
java version "1.8.0_144"
Java(TM) SE Runtime Environment (build 1.8.0_144-b01)
Java HotSpot(TM) 64-Bit Server VM (build 25.144-b01, mixed mode)
$ javac -J-Xmx32m -version
javac 1.8.0_144
travis_fold:start:install[0Ktravis_time:start:36cd90c0[0K$ if [ "${TRAVIS_OS_NAME}" == "osx" ]; then
    # https://github.com/travis-ci/travis-ci/issues/6307#issuecomment-233315824
    rvm get head
  fi
  

travis_time:end:36cd90c0:start=1504547680109333318,finish=1504547680113972924,duration=4639606[0Ktravis_fold:end:install[0Ktravis_time:start:21c0717c[0K$ SKIP_FILES=".github|appveyor.yml|circle.yml|distelli-manifest.yml|fast-forward-merge.sh|LICENSE|LICENSE.apache20|README.md|release.sh|RIGHTS.antlr|shippable.yml|wercker.yml|intellij-idea-inspections.xml"

travis_time:end:21c0717c:start=1504547680120246969,finish=1504547680124907590,duration=4660621[0K
[32;1mThe command "SKIP_FILES=".github|appveyor.yml|circle.yml|distelli-manifest.yml|fast-forward-merge.sh|LICENSE|LICENSE.apache20|README.md|release.sh|RIGHTS.antlr|shippable.yml|wercker.yml|intellij-idea-inspections.xml"" exited with 0.[0m
travis_time:start:19263fe2[0K$ SKIP_CI=$(if [[ $(git diff --name-only HEAD HEAD~1 | grep -vE "$SKIP_FILES" | cat | wc -c | sed 's/^ *//' ) > 0 ]]; then echo false; else echo true; fi;)

travis_time:end:19263fe2:start=1504547680130853724,finish=1504547680142487545,duration=11633821[0K
[32;1mThe command "SKIP_CI=$(if [[ $(git diff --name-only HEAD HEAD~1 | grep -vE "$SKIP_FILES" | cat | wc -c | sed 's/^ *//' ) > 0 ]]; then echo false; else echo true; fi;)" exited with 0.[0m
travis_time:start:00685560[0K$ echo "SKIP_CI="$SKIP_CI
SKIP_CI=false

travis_time:end:00685560:start=1504547680148461186,finish=1504547680153114889,duration=4653703[0K
[32;1mThe command "echo "SKIP_CI="$SKIP_CI" exited with 0.[0m
travis_time:start:10786b72[0K$ set -e
if [[ $SKIP_CI == 'false' ]];
then
     eval $CMD;
     echo "eval of CMD is completed"
fi

Java HotSpot(TM) 64-Bit Server VM warning: ignoring option MaxPermSize=192m; support was removed in 8.0
[INFO] Scanning for projects...
[INFO] Inspecting build with total of 1 modules...
[INFO] Installing Nexus Staging features:
[INFO]   ... total of 1 executions of maven-deploy-plugin replaced with nexus-staging-maven-plugin
[INFO]                                                                         
[INFO] ------------------------------------------------------------------------
[INFO] Building checkstyle 8.3-SNAPSHOT
[INFO] ------------------------------------------------------------------------
Downloading: https://repository.apache.org/snapshots/junit/junit-dep/maven-metadata.xml
Downloading: https://oss.sonatype.org/content/repositories/releases/junit/junit-dep/maven-metadata.xml
Downloading: https://repository.apache.org/releases/junit/junit-dep/maven-metadata.xml
Downloading: http://repo.maven.apache.org/maven2/junit/junit-dep/maven-metadata.xml
563/563 B               Downloaded: http://repo.maven.apache.org/maven2/junit/junit-dep/maven-metadata.xml (563 B at 2.3 KB/sec)
Downloading: https://oss.sonatype.org/content/repositories/snapshots/junit/junit-dep/maven-metadata.xml
                                    563/563 B               Downloaded: https://oss.sonatype.org/content/repositories/releases/junit/junit-dep/maven-metadata.xml (563 B at 1.4 KB/sec)
[INFO] 
[INFO] --- maven-clean-plugin:3.0.0:clean (default-clean) @ checkstyle ---
[INFO] 
[INFO] --- maven-enforcer-plugin:1.4.1:enforce (enforce-maven) @ checkstyle ---
[INFO] 
[INFO] --- maven-enforcer-plugin:1.4.1:enforce (enforce-versions) @ checkstyle ---
[INFO] 
[INFO] --- antlr-maven-plugin:2.2:generate (default) @ checkstyle ---
[INFO] performing grammar generation [java.g]
ANTLR Parser Generator   Version 2.7.7 (20060906)   1989-2005
/home/travis/build/checkstyle/checkstyle/src/main/resources/com/puppycrawl/tools/checkstyle/grammars/java.g:633:9: warning:nondeterminism between alts 1 and 2 of block upon
/home/travis/build/checkstyle/checkstyle/src/main/resources/com/puppycrawl/tools/checkstyle/grammars/java.g:633:9:     k==1:AT
/home/travis/build/checkstyle/checkstyle/src/main/resources/com/puppycrawl/tools/checkstyle/grammars/java.g:633:9:     k==2:IDENT
/home/travis/build/checkstyle/checkstyle/src/main/resources/com/puppycrawl/tools/checkstyle/grammars/java.g:780:16: warning:nondeterminism between alts 1 and 2 of block upon
/home/travis/build/checkstyle/checkstyle/src/main/resources/com/puppycrawl/tools/checkstyle/grammars/java.g:780:16:     k==1:AT
/home/travis/build/checkstyle/checkstyle/src/main/resources/com/puppycrawl/tools/checkstyle/grammars/java.g:780:16:     k==2:IDENT
/home/travis/build/checkstyle/checkstyle/src/main/resources/com/puppycrawl/tools/checkstyle/grammars/java.g:816:61: warning:nondeterminism between alts 1 and 2 of block upon
/home/travis/build/checkstyle/checkstyle/src/main/resources/com/puppycrawl/tools/checkstyle/grammars/java.g:816:61:     k==1:SEMI
/home/travis/build/checkstyle/checkstyle/src/main/resources/com/puppycrawl/tools/checkstyle/grammars/java.g:816:61:     k==2:"final","abstract","strictfp",SEMI,"void","boolean","byte","char","short","int","float","long","double",IDENT,"private","public","protected","static","transient","native","synchronized","volatile","class","interface",LCURLY,RCURLY,"default",LT,ENUM,AT
/home/travis/build/checkstyle/checkstyle/src/main/resources/com/puppycrawl/tools/checkstyle/grammars/java.g:705:9: warning:nondeterminism between alts 1 and 2 of block upon
/home/travis/build/checkstyle/checkstyle/src/main/resources/com/puppycrawl/tools/checkstyle/grammars/java.g:705:9:     k==1:AT
/home/travis/build/checkstyle/checkstyle/src/main/resources/com/puppycrawl/tools/checkstyle/grammars/java.g:705:9:     k==2:IDENT
/home/travis/build/checkstyle/checkstyle/src/main/resources/com/puppycrawl/tools/checkstyle/grammars/java.g:961: warning:Syntactic predicate superfluous for single alternative
/home/travis/build/checkstyle/checkstyle/src/main/resources/com/puppycrawl/tools/checkstyle/grammars/java.g:987:31: warning:nondeterminism between alts 1 and 2 of block upon
/home/travis/build/checkstyle/checkstyle/src/main/resources/com/puppycrawl/tools/checkstyle/grammars/java.g:987:31:     k==1:IDENT
/home/travis/build/checkstyle/checkstyle/src/main/resources/com/puppycrawl/tools/checkstyle/grammars/java.g:987:31:     k==2:LBRACK,DOT
/home/travis/build/checkstyle/checkstyle/src/main/resources/com/puppycrawl/tools/checkstyle/grammars/java.g:1048:84: warning:nondeterminism between alts 1 and 2 of block upon
/home/travis/build/checkstyle/checkstyle/src/main/resources/com/puppycrawl/tools/checkstyle/grammars/java.g:1048:84:     k==1:SEMI
/home/travis/build/checkstyle/checkstyle/src/main/resources/com/puppycrawl/tools/checkstyle/grammars/java.g:1048:84:     k==2:"final","abstract","strictfp",SEMI,"void","boolean","byte","char","short","int","float","long","double",IDENT,STAR,"private","public","protected","static","transient","native","synchronized","volatile","class",LCURLY,RCURLY,LPAREN,RPAREN,"this","super",COLON,"if","while","do","break","continue","return","switch","throw","for","else","case","default","try",LT,GT,LE,GE,"instanceof",SL,SR,BSR,PLUS,MINUS,DIV,MOD,INC,DEC,BNOT,LNOT,"true","false","null","new",NUM_INT,CHAR_LITERAL,STRING_LITERAL,NUM_FLOAT,NUM_LONG,NUM_DOUBLE,ASSERT,AT
/home/travis/build/checkstyle/checkstyle/src/main/resources/com/puppycrawl/tools/checkstyle/grammars/java.g:1148:9: warning:nondeterminism between alts 1 and 2 of block upon
/home/travis/build/checkstyle/checkstyle/src/main/resources/com/puppycrawl/tools/checkstyle/grammars/java.g:1148:9:     k==1:"default"
/home/travis/build/checkstyle/checkstyle/src/main/resources/com/puppycrawl/tools/checkstyle/grammars/java.g:1148:9:     k==2:"final","abstract","strictfp",SEMI,"void","boolean","byte","char","short","int","float","long","double",IDENT,STAR,"private","public","protected","static","transient","native","synchronized","volatile","class",LCURLY,RCURLY,LPAREN,RPAREN,"this","super",COLON,"if","while","do","break","continue","return","switch","throw","for","case","default","try",LT,GT,LE,GE,"instanceof",SL,SR,BSR,PLUS,MINUS,DIV,MOD,INC,DEC,BNOT,LNOT,"true","false","null","new",NUM_INT,CHAR_LITERAL,STRING_LITERAL,NUM_FLOAT,NUM_LONG,NUM_DOUBLE,ASSERT,AT
/home/travis/build/checkstyle/checkstyle/src/main/resources/com/puppycrawl/tools/checkstyle/grammars/java.g:1356:26: warning:nondeterminism between alts 1 and 2 of block upon
/home/travis/build/checkstyle/checkstyle/src/main/resources/com/puppycrawl/tools/checkstyle/grammars/java.g:1356:26:     k==1:"instanceof"
/home/travis/build/checkstyle/checkstyle/src/main/resources/com/puppycrawl/tools/checkstyle/grammars/java.g:1356:26:     k==2:"void","boolean","byte","char","short","int","float","long","double",IDENT,AT
/home/travis/build/checkstyle/checkstyle/src/main/resources/com/puppycrawl/tools/checkstyle/grammars/java.g:1371: warning:nondeterminism upon
/home/travis/build/checkstyle/checkstyle/src/main/resources/com/puppycrawl/tools/checkstyle/grammars/java.g:1371:     k==1:SL,SR,BSR
/home/travis/build/checkstyle/checkstyle/src/main/resources/com/puppycrawl/tools/checkstyle/grammars/java.g:1371:     k==2:"void","boolean","byte","char","short","int","float","long","double",IDENT,LPAREN,"this","super",PLUS,MINUS,INC,DEC,BNOT,LNOT,"true","false","null","new",NUM_INT,CHAR_LITERAL,STRING_LITERAL,NUM_FLOAT,NUM_LONG,NUM_DOUBLE,AT
/home/travis/build/checkstyle/checkstyle/src/main/resources/com/puppycrawl/tools/checkstyle/grammars/java.g:1371:     between alt 1 and exit branch of block
/home/travis/build/checkstyle/checkstyle/src/main/resources/com/puppycrawl/tools/checkstyle/grammars/java.g:1384: warning:nondeterminism upon
/home/travis/build/checkstyle/checkstyle/src/main/resources/com/puppycrawl/tools/checkstyle/grammars/java.g:1384:     k==1:STAR,DIV,MOD
/home/travis/build/checkstyle/checkstyle/src/main/resources/com/puppycrawl/tools/checkstyle/grammars/java.g:1384:     k==2:"void","boolean","byte","char","short","int","float","long","double",IDENT,LPAREN,"this","super",PLUS,MINUS,INC,DEC,BNOT,LNOT,"true","false","null","new",NUM_INT,CHAR_LITERAL,STRING_LITERAL,NUM_FLOAT,NUM_LONG,NUM_DOUBLE,AT
/home/travis/build/checkstyle/checkstyle/src/main/resources/com/puppycrawl/tools/checkstyle/grammars/java.g:1384:     between alt 1 and exit branch of block
/home/travis/build/checkstyle/checkstyle/src/main/resources/com/puppycrawl/tools/checkstyle/grammars/java.g:1482:9: warning:nondeterminism between alts 1 and 3 of block upon
/home/travis/build/checkstyle/checkstyle/src/main/resources/com/puppycrawl/tools/checkstyle/grammars/java.g:1482:9:     k==1:INC
/home/travis/build/checkstyle/checkstyle/src/main/resources/com/puppycrawl/tools/checkstyle/grammars/java.g:1482:9:     k==2:"final","abstract","strictfp",SEMI,RBRACK,"void","boolean","byte","char","short","int","float","long","double",IDENT,STAR,"private","public","protected","static","transient","native","synchronized","volatile","class","interface",LCURLY,RCURLY,COMMA,LPAREN,RPAREN,"this","super",ASSIGN,COLON,"if","while","do","break","continue","return","switch","throw","for","else","case","default","try",PLUS_ASSIGN,MINUS_ASSIGN,STAR_ASSIGN,DIV_ASSIGN,MOD_ASSIGN,SR_ASSIGN,BSR_ASSIGN,SL_ASSIGN,BAND_ASSIGN,BXOR_ASSIGN,BOR_ASSIGN,QUESTION,LOR,LAND,BOR,BXOR,BAND,NOT_EQUAL,EQUAL,LT,GT,LE,GE,"instanceof",SL,SR,BSR,PLUS,MINUS,DIV,MOD,INC,DEC,BNOT,LNOT,"true","false","null","new",NUM_INT,CHAR_LITERAL,STRING_LITERAL,NUM_FLOAT,NUM_LONG,NUM_DOUBLE,ASSERT,ENUM,AT
/home/travis/build/checkstyle/checkstyle/src/main/resources/com/puppycrawl/tools/checkstyle/grammars/java.g:1482:9: warning:nondeterminism between alts 2 and 3 of block upon
/home/travis/build/checkstyle/checkstyle/src/main/resources/com/puppycrawl/tools/checkstyle/grammars/java.g:1482:9:     k==1:DEC
/home/travis/build/checkstyle/checkstyle/src/main/resources/com/puppycrawl/tools/checkstyle/grammars/java.g:1482:9:     k==2:"final","abstract","strictfp",SEMI,RBRACK,"void","boolean","byte","char","short","int","float","long","double",IDENT,STAR,"private","public","protected","static","transient","native","synchronized","volatile","class","interface",LCURLY,RCURLY,COMMA,LPAREN,RPAREN,"this","super",ASSIGN,COLON,"if","while","do","break","continue","return","switch","throw","for","else","case","default","try",PLUS_ASSIGN,MINUS_ASSIGN,STAR_ASSIGN,DIV_ASSIGN,MOD_ASSIGN,SR_ASSIGN,BSR_ASSIGN,SL_ASSIGN,BAND_ASSIGN,BXOR_ASSIGN,BOR_ASSIGN,QUESTION,LOR,LAND,BOR,BXOR,BAND,NOT_EQUAL,EQUAL,LT,GT,LE,GE,"instanceof",SL,SR,BSR,PLUS,MINUS,DIV,MOD,INC,DEC,BNOT,LNOT,"true","false","null","new",NUM_INT,CHAR_LITERAL,STRING_LITERAL,NUM_FLOAT,NUM_LONG,NUM_DOUBLE,ASSERT,ENUM,AT
/home/travis/build/checkstyle/checkstyle/src/main/resources/com/puppycrawl/tools/checkstyle/grammars/java.g:1562:36: warning:nondeterminism between alts 1 and 2 of block upon
/home/travis/build/checkstyle/checkstyle/src/main/resources/com/puppycrawl/tools/checkstyle/grammars/java.g:1562:36:     k==1:LCURLY
/home/travis/build/checkstyle/checkstyle/src/main/resources/com/puppycrawl/tools/checkstyle/grammars/java.g:1562:36:     k==2:"final","abstract","strictfp",SEMI,"void","boolean","byte","char","short","int","float","long","double",IDENT,"private","public","protected","static","transient","native","synchronized","volatile","class","interface",LCURLY,RCURLY,"default",LT,ENUM,AT
/home/travis/build/checkstyle/checkstyle/src/main/resources/com/puppycrawl/tools/checkstyle/grammars/java.g:1572:33: warning:nondeterminism between alts 1 and 2 of block upon
/home/travis/build/checkstyle/checkstyle/src/main/resources/com/puppycrawl/tools/checkstyle/grammars/java.g:1572:33:     k==1:LCURLY
/home/travis/build/checkstyle/checkstyle/src/main/resources/com/puppycrawl/tools/checkstyle/grammars/java.g:1572:33:     k==2:"void","boolean","byte","char","short","int","float","long","double",IDENT,LCURLY,RCURLY,COMMA,LPAREN,"this","super",PLUS,MINUS,INC,DEC,BNOT,LNOT,"true","false","null","new",NUM_INT,CHAR_LITERAL,STRING_LITERAL,NUM_FLOAT,NUM_LONG,NUM_DOUBLE,AT
/home/travis/build/checkstyle/checkstyle/src/main/resources/com/puppycrawl/tools/checkstyle/grammars/java.g:1615:17: warning:nondeterminism between alts 1 and 2 of block upon
/home/travis/build/checkstyle/checkstyle/src/main/resources/com/puppycrawl/tools/checkstyle/grammars/java.g:1615:17:     k==1:RPAREN
/home/travis/build/checkstyle/checkstyle/src/main/resources/com/puppycrawl/tools/checkstyle/grammars/java.g:1615:17:     k==2:LAMBDA

[INFO] 
[INFO] --- antlr4-maven-plugin:4.7:antlr4 (default) @ checkstyle ---
[INFO] ANTLR 4: Processing source directory /home/travis/build/checkstyle/checkstyle/src/main/resources
[INFO] Processing grammar: com/puppycrawl/tools/checkstyle/grammars/javadoc/JavadocLexer.g4
[INFO] Processing grammar: com/puppycrawl/tools/checkstyle/grammars/javadoc/JavadocParser.g4
[INFO] 
[INFO] --- build-helper-maven-plugin:3.0.0:add-source (add-source) @ checkstyle ---
[INFO] Source directory: /home/travis/build/checkstyle/checkstyle/target/generated-sources/antlr added.
[INFO] 
[INFO] --- maven-resources-plugin:3.0.2:resources (default-resources) @ checkstyle ---
[INFO] Using 'UTF-8' encoding to copy filtered resources.
[INFO] Copying 163 resources
[INFO] Copying 1 resource
[INFO] 
[INFO] --- build-helper-maven-plugin:3.0.0:add-test-source (add-test-source) @ checkstyle ---
[INFO] Test Source directory: /home/travis/build/checkstyle/checkstyle/src/test/resources added.
[INFO] 
[INFO] --- build-helper-maven-plugin:3.0.0:add-test-source (add-it-test-source) @ checkstyle ---
[INFO] Test Source directory: /home/travis/build/checkstyle/checkstyle/src/it/java added.
[INFO] 
[INFO] --- build-helper-maven-plugin:3.0.0:add-test-source (add-it-test-resource) @ checkstyle ---
[INFO] Test Source directory: /home/travis/build/checkstyle/checkstyle/src/it/resources added.
[INFO] 
[INFO] --- maven-compiler-plugin:3.6.2:compile (default-compile) @ checkstyle ---
[INFO] Changes detected - recompiling the module!
[INFO] Compiling 358 source files to /home/travis/build/checkstyle/checkstyle/target/classes
[INFO] /home/travis/build/checkstyle/checkstyle/src/main/java/com/puppycrawl/tools/checkstyle/JavadocDetailNodeParser.java: Some input files use or override a deprecated API.
[INFO] /home/travis/build/checkstyle/checkstyle/src/main/java/com/puppycrawl/tools/checkstyle/JavadocDetailNodeParser.java: Recompile with -Xlint:deprecation for details.
[INFO] /home/travis/build/checkstyle/checkstyle/src/main/java/com/puppycrawl/tools/checkstyle/api/AutomaticBean.java: Some input files use unchecked or unsafe operations.
[INFO] /home/travis/build/checkstyle/checkstyle/src/main/java/com/puppycrawl/tools/checkstyle/api/AutomaticBean.java: Recompile with -Xlint:unchecked for details.
[INFO] 
[INFO] --- maven-antrun-plugin:1.8:run (ant-phase-compile) @ checkstyle ---
[INFO] Executing tasks

main:

execute:
[propertyfile] Creating new property file: /home/travis/build/checkstyle/checkstyle/target/classes/checkstylecompilation.properties
  [javadoc] Generating Javadoc
  [javadoc] Javadoc execution
  [javadoc] Loading source file /home/travis/build/checkstyle/checkstyle/src/main/java/com/puppycrawl/tools/checkstyle/api/TokenTypes.java...
  [javadoc] Constructing Javadoc information...
[INFO] Executed tasks
[INFO] 
[INFO] >>> maven-pmd-plugin:3.8:check (default-cli) > :pmd @ checkstyle >>>
[INFO] 
[INFO] --- maven-pmd-plugin:3.8:pmd (pmd) @ checkstyle ---
[INFO] 
[INFO] <<< maven-pmd-plugin:3.8:check (default-cli) < :pmd @ checkstyle <<<
[INFO] 
[INFO] --- maven-pmd-plugin:3.8:check (default-cli) @ checkstyle ---
[INFO] PMD Failure: com.puppycrawl.tools.checkstyle.filters.SuppressionXpathFilterTest:186 Rule:JUnitTestsShouldIncludeAssert Priority:3 JUnit tests should include assert() or fail().
[INFO] ------------------------------------------------------------------------
[INFO] BUILD FAILURE
[INFO] ------------------------------------------------------------------------
[INFO] Total time: 23.497 s
[INFO] Finished at: 2017-09-04T17:55:04+00:00
[INFO] Final Memory: 92M/503M
[INFO] ------------------------------------------------------------------------
[ERROR] Failed to execute goal org.apache.maven.plugins:maven-pmd-plugin:3.8:check (default-cli) on project checkstyle: You have 1 PMD violation. For more details see: /home/travis/build/checkstyle/checkstyle/target/pmd.xml -> [Help 1]
[ERROR] 
[ERROR] To see the full stack trace of the errors, re-run Maven with the -e switch.
[ERROR] Re-run Maven using the -X switch to enable full debug logging.
[ERROR] 
[ERROR] For more information about the errors and possible solutions, please read the following articles:
[ERROR] [Help 1] http://cwiki.apache.org/confluence/display/MAVEN/MojoFailureException
