travis_fold:start:worker_info[0K[33;1mWorker information[0m
hostname: i-079a93a-precise-production-2-worker-org-docker.travisci.net:9dec39e0-0287-45ea-bb4c-62ff50ee2f94
version: v2.5.0 https://github.com/travis-ci/worker/tree/da3a43228dffc0fcca5a46569ca786b22991979f
instance: 9117633:travis:java
startup: 747.980798ms
travis_fold:end:worker_info[0Ktravis_fold:start:system_info[0K[33;1mBuild system information[0m
Build language: java
Build group: stable
Build dist: precise
Build id: 266697943
Job id: 266697946
Runtime kernel version: 4.8.12-040812-generic
travis-build version: 2643297a3
[34m[1mBuild image provisioning date and time[0m
Thu Feb  5 15:09:33 UTC 2015
[34m[1mOperating System Details[0m
Distributor ID:	Ubuntu
Description:	Ubuntu 12.04.5 LTS
Release:	12.04
Codename:	precise
[34m[1mLinux Version[0m
3.13.0-29-generic
[34m[1mCookbooks Version[0m
a68419e https://github.com/travis-ci/travis-cookbooks/tree/a68419e
[34m[1mGCC version[0m
gcc (Ubuntu/Linaro 4.6.3-1ubuntu5) 4.6.3
Copyright (C) 2011 Free Software Foundation, Inc.
This is free software; see the source for copying conditions.  There is NO
warranty; not even for MERCHANTABILITY or FITNESS FOR A PARTICULAR PURPOSE.

[34m[1mLLVM version[0m
clang version 3.4 (tags/RELEASE_34/final)
Target: x86_64-unknown-linux-gnu
Thread model: posix
[34m[1mPre-installed Ruby versions[0m
ruby-1.9.3-p551
[34m[1mPre-installed Node.js versions[0m
v0.10.36
[34m[1mPre-installed Go versions[0m
1.4.1
[34m[1mRedis version[0m
redis-server 2.8.19
[34m[1mriak version[0m
2.0.2
[34m[1mMongoDB version[0m
MongoDB 2.4.12
[34m[1mCouchDB version[0m
couchdb 1.6.1
[34m[1mNeo4j version[0m
1.9.4
[34m[1mRabbitMQ Version[0m
3.4.3
[34m[1mElasticSearch version[0m
1.4.0
[34m[1mInstalled Sphinx versions[0m
2.0.10
2.1.9
2.2.6
[34m[1mDefault Sphinx version[0m
2.2.6
[34m[1mInstalled Firefox version[0m
firefox 31.0esr
[34m[1mPhantomJS version[0m
1.9.8
[34m[1mant -version[0m
Apache Ant(TM) version 1.8.2 compiled on December 3 2011
[34m[1mmvn -version[0m
Apache Maven 3.2.5 (12a6b3acb947671f09b81f49094c53f426d8cea1; 2014-12-14T17:29:23+00:00)
Maven home: /usr/local/maven
Java version: 1.7.0_76, vendor: Oracle Corporation
Java home: /usr/lib/jvm/java-7-oracle/jre
Default locale: en_US, platform encoding: ANSI_X3.4-1968
OS name: "linux", version: "3.13.0-29-generic", arch: "amd64", family: "unix"
travis_fold:end:system_info[0K
travis_fold:start:fix.CVE-2015-7547[0K$ export DEBIAN_FRONTEND=noninteractive
Reading package lists...
Building dependency tree...
Reading state information...
The following extra packages will be installed:
  libc-bin libc-dev-bin libc6-dev
Suggested packages:
  glibc-doc
The following packages will be upgraded:
  libc-bin libc-dev-bin libc6 libc6-dev
4 upgraded, 0 newly installed, 0 to remove and 278 not upgraded.
Need to get 8,856 kB of archives.
After this operation, 13.3 kB of additional disk space will be used.
Get:1 http://us.archive.ubuntu.com/ubuntu/ precise-updates/main libc6-dev amd64 2.15-0ubuntu10.18 [2,948 kB]
Get:2 http://us.archive.ubuntu.com/ubuntu/ precise-updates/main libc-dev-bin amd64 2.15-0ubuntu10.18 [84.5 kB]
Get:3 http://us.archive.ubuntu.com/ubuntu/ precise-updates/main libc-bin amd64 2.15-0ubuntu10.18 [1,178 kB]
Get:4 http://us.archive.ubuntu.com/ubuntu/ precise-updates/main libc6 amd64 2.15-0ubuntu10.18 [4,646 kB]
Fetched 8,856 kB in 0s (35.4 MB/s)
Preconfiguring packages ...
(Reading database ... (Reading database ... 5%(Reading database ... 10%(Reading database ... 15%(Reading database ... 20%(Reading database ... 25%(Reading database ... 30%(Reading database ... 35%(Reading database ... 40%(Reading database ... 45%(Reading database ... 50%(Reading database ... 55%(Reading database ... 60%(Reading database ... 65%(Reading database ... 70%(Reading database ... 75%(Reading database ... 80%(Reading database ... 85%(Reading database ... 90%(Reading database ... 95%(Reading database ... 100%(Reading database ... 72019 files and directories currently installed.)
Preparing to replace libc6-dev 2.15-0ubuntu10.10 (using .../libc6-dev_2.15-0ubuntu10.18_amd64.deb) ...
Unpacking replacement libc6-dev ...
Preparing to replace libc-dev-bin 2.15-0ubuntu10.10 (using .../libc-dev-bin_2.15-0ubuntu10.18_amd64.deb) ...
Unpacking replacement libc-dev-bin ...
Preparing to replace libc-bin 2.15-0ubuntu10.10 (using .../libc-bin_2.15-0ubuntu10.18_amd64.deb) ...
Unpacking replacement libc-bin ...
Processing triggers for man-db ...
Setting up libc-bin (2.15-0ubuntu10.18) ...
(Reading database ... (Reading database ... 5%(Reading database ... 10%(Reading database ... 15%(Reading database ... 20%(Reading database ... 25%(Reading database ... 30%(Reading database ... 35%(Reading database ... 40%(Reading database ... 45%(Reading database ... 50%(Reading database ... 55%(Reading database ... 60%(Reading database ... 65%(Reading database ... 70%(Reading database ... 75%(Reading database ... 80%(Reading database ... 85%(Reading database ... 90%(Reading database ... 95%(Reading database ... 100%(Reading database ... 72018 files and directories currently installed.)
Preparing to replace libc6 2.15-0ubuntu10.10 (using .../libc6_2.15-0ubuntu10.18_amd64.deb) ...
Unpacking replacement libc6 ...
Setting up libc6 (2.15-0ubuntu10.18) ...
Setting up libc-dev-bin (2.15-0ubuntu10.18) ...
Setting up libc6-dev (2.15-0ubuntu10.18) ...
Processing triggers for libc-bin ...
ldconfig deferred processing now taking place
travis_fold:end:fix.CVE-2015-7547[0Ktravis_fold:start:update_libssl1.0.0[0K$ sudo apt-get install ca-certificates libssl1.0.0
Reading package lists... 0%Reading package lists... 0%Reading package lists... 1%Reading package lists... 10%Reading package lists... 10%Reading package lists... 11%Reading package lists... 11%Reading package lists... 46%Reading package lists... 46%Reading package lists... 47%Reading package lists... 47%Reading package lists... 49%Reading package lists... 58%Reading package lists... 58%Reading package lists... 58%Reading package lists... 58%Reading package lists... 94%Reading package lists... 94%Reading package lists... 95%Reading package lists... 95%Reading package lists... 95%Reading package lists... 95%Reading package lists... 95%Reading package lists... 95%Reading package lists... 95%Reading package lists... 95%Reading package lists... 95%Reading package lists... 95%Reading package lists... 95%Reading package lists... 95%Reading package lists... 95%Reading package lists... 95%Reading package lists... 95%Reading package lists... 95%Reading package lists... 95%Reading package lists... 95%Reading package lists... 95%Reading package lists... 95%Reading package lists... 95%Reading package lists... 95%Reading package lists... 95%Reading package lists... 95%Reading package lists... 95%Reading package lists... 95%Reading package lists... 95%Reading package lists... 95%Reading package lists... 95%Reading package lists... 95%Reading package lists... 95%Reading package lists... 95%Reading package lists... 95%Reading package lists... 95%Reading package lists... 95%Reading package lists... 95%Reading package lists... 95%Reading package lists... 95%Reading package lists... 95%Reading package lists... 95%Reading package lists... 95%Reading package lists... 95%Reading package lists... 95%Reading package lists... 95%Reading package lists... 95%Reading package lists... 95%Reading package lists... 95%Reading package lists... 95%Reading package lists... 95%Reading package lists... 95%Reading package lists... 95%Reading package lists... 95%Reading package lists... 95%Reading package lists... 95%Reading package lists... 95%Reading package lists... 95%Reading package lists... 95%Reading package lists... 95%Reading package lists... 95%Reading package lists... 96%Reading package lists... 96%Reading package lists... 96%Reading package lists... 96%Reading package lists... 97%Reading package lists... 97%Reading package lists... 98%Reading package lists... 98%Reading package lists... 98%Reading package lists... 98%Reading package lists... 98%Reading package lists... 98%Reading package lists... 98%Reading package lists... 98%Reading package lists... 98%Reading package lists... 98%Reading package lists... 98%Reading package lists... 98%Reading package lists... 98%Reading package lists... 98%Reading package lists... 98%Reading package lists... 98%Reading package lists... 98%Reading package lists... 98%Reading package lists... Done
Building dependency tree... 0%Building dependency tree... 0%Building dependency tree... 50%Building dependency tree... 50%Building dependency tree       
Reading state information... 0%Reading state information... 0%Reading state information... Done
The following extra packages will be installed:
  libssl-dev
The following packages will be upgraded:
  ca-certificates libssl-dev libssl1.0.0
3 upgraded, 0 newly installed, 0 to remove and 275 not upgraded.
Need to get 2,842 kB of archives.
After this operation, 41.0 kB of additional disk space will be used.
0% [Working]            Get:1 http://us.archive.ubuntu.com/ubuntu/ precise-updates/main libssl-dev amd64 1.0.1-4ubuntu5.39 [1,580 kB]
            0% [1 libssl-dev 14.1 kB/1,580 kB 1%]                                     56% [Working]             Get:2 http://us.archive.ubuntu.com/ubuntu/ precise-updates/main libssl1.0.0 amd64 1.0.1-4ubuntu5.39 [1,054 kB]
             57% [2 libssl1.0.0 39.7 kB/1,054 kB 4%]                                       93% [Working]             Get:3 http://us.archive.ubuntu.com/ubuntu/ precise-updates/main ca-certificates all 20160104ubuntu0.12.04.1 [208 kB]
             93% [3 ca-certificates 0 B/208 kB 0%]                                     100% [Working]              Fetched 2,842 kB in 0s (19.3 MB/s)
Preconfiguring packages ...
(Reading database ... (Reading database ... 5%(Reading database ... 10%(Reading database ... 15%(Reading database ... 20%(Reading database ... 25%(Reading database ... 30%(Reading database ... 35%(Reading database ... 40%(Reading database ... 45%(Reading database ... 50%(Reading database ... 55%(Reading database ... 60%(Reading database ... 65%(Reading database ... 70%(Reading database ... 75%(Reading database ... 80%(Reading database ... 85%(Reading database ... 90%(Reading database ... 95%(Reading database ... 100%(Reading database ... 72018 files and directories currently installed.)
Preparing to replace libssl-dev 1.0.1-4ubuntu5.21 (using .../libssl-dev_1.0.1-4ubuntu5.39_amd64.deb) ...
Unpacking replacement libssl-dev ...
Preparing to replace libssl1.0.0 1.0.1-4ubuntu5.21 (using .../libssl1.0.0_1.0.1-4ubuntu5.39_amd64.deb) ...
Unpacking replacement libssl1.0.0 ...
Setting up libssl1.0.0 (1.0.1-4ubuntu5.39) ...
Processing triggers for libc-bin ...
ldconfig deferred processing now taking place
(Reading database ... (Reading database ... 5%(Reading database ... 10%(Reading database ... 15%(Reading database ... 20%(Reading database ... 25%(Reading database ... 30%(Reading database ... 35%(Reading database ... 40%(Reading database ... 45%(Reading database ... 50%(Reading database ... 55%(Reading database ... 60%(Reading database ... 65%(Reading database ... 70%(Reading database ... 75%(Reading database ... 80%(Reading database ... 85%(Reading database ... 90%(Reading database ... 95%(Reading database ... 100%(Reading database ... 72018 files and directories currently installed.)
Preparing to replace ca-certificates 20130906ubuntu0.12.04.1 (using .../ca-certificates_20160104ubuntu0.12.04.1_all.deb) ...
Unpacking replacement ca-certificates ...
Processing triggers for man-db ...
Setting up libssl-dev (1.0.1-4ubuntu5.39) ...
Setting up ca-certificates (20160104ubuntu0.12.04.1) ...
Updating certificates in /etc/ssl/certs... 35 added, 26 removed; done.
Running hooks in /etc/ca-certificates/update.d....
Adding debian:ACCVRAIZ1.pem
Adding debian:Atos_TrustedRoot_2011.pem
Adding debian:CA_WoSign_ECC_Root.pem
Adding debian:Certification_Authority_of_WoSign_G2.pem
Adding debian:Certinomis_-_Root_CA.pem
Adding debian:CFCA_EV_ROOT.pem
Adding debian:COMODO_RSA_Certification_Authority.pem
Adding debian:DigiCert_Assured_ID_Root_G2.pem
Adding debian:DigiCert_Assured_ID_Root_G3.pem
Adding debian:DigiCert_Global_Root_G2.pem
Adding debian:DigiCert_Global_Root_G3.pem
Adding debian:DigiCert_Trusted_Root_G4.pem
Adding debian:Entrust_Root_Certification_Authority_-_EC1.pem
Adding debian:Entrust_Root_Certification_Authority_-_G2.pem
Adding debian:E-Tugra_Certification_Authority.pem
Adding debian:GlobalSign_ECC_Root_CA_-_R4.pem
Adding debian:GlobalSign_ECC_Root_CA_-_R5.pem
Adding debian:IdenTrust_Commercial_Root_CA_1.pem
Adding debian:IdenTrust_Public_Sector_Root_CA_1.pem
Adding debian:OISTE_WISeKey_Global_Root_GB_CA.pem
Adding debian:QuoVadis_Root_CA_1_G3.pem
Adding debian:QuoVadis_Root_CA_2_G3.pem
Adding debian:QuoVadis_Root_CA_3_G3.pem
Adding debian:Staat_der_Nederlanden_EV_Root_CA.pem
Adding debian:Staat_der_Nederlanden_Root_CA_-_G3.pem
Adding debian:S-TRUST_Universal_Root_CA.pem
Adding debian:TeliaSonera_Root_CA_v1.pem
Adding debian:T-TeleSec_GlobalRoot_Class_2.pem
Adding debian:TÃœRKTRUST_Elektronik_Sertifika_Hizmet_SaÄŸlayÄ±cÄ±sÄ±_H5.pem
Adding debian:TÃœRKTRUST_Elektronik_Sertifika_Hizmet_SaÄŸlayÄ±cÄ±sÄ±_H6.pem
Adding debian:TWCA_Global_Root_CA.pem
Adding debian:USERTrust_ECC_Certification_Authority.pem
Adding debian:USERTrust_RSA_Certification_Authority.pem
Adding debian:WoSign_China.pem
Adding debian:WoSign.pem
Removing debian:A-Trust-nQual-03.pem
Removing debian:America_Online_Root_Certification_Authority_1.pem
Removing debian:America_Online_Root_Certification_Authority_2.pem
Removing debian:Buypass_Class_3_CA_1.pem
Removing debian:ComSign_Secured_CA.pem
Removing debian:Digital_Signature_Trust_Co._Global_CA_1.pem
Removing debian:Digital_Signature_Trust_Co._Global_CA_3.pem
Removing debian:E-Guven_Kok_Elektronik_Sertifika_Hizmet_Saglayicisi.pem
Removing debian:Entrust.net_Secure_Server_CA.pem
Removing debian:Firmaprofesional_Root_CA.pem
Removing debian:GTE_CyberTrust_Global_Root.pem
Removing debian:RSA_Root_Certificate_1.pem
Removing debian:TC_TrustCenter_Class_2_CA_II.pem
Removing debian:TC_TrustCenter_Universal_CA_I.pem
Removing debian:TDC_Internet_Root_CA.pem
Removing debian:TDC_OCES_Root_CA.pem
Removing debian:TURKTRUST_Certificate_Services_Provider_Root_1.pem
Removing debian:TURKTRUST_Certificate_Services_Provider_Root_2.pem
Removing debian:Thawte_Premium_Server_CA.pem
Removing debian:Thawte_Server_CA.pem
Removing debian:UTN_DATACorp_SGC_Root_CA.pem
Removing debian:ValiCert_Class_1_VA.pem
Removing debian:ValiCert_Class_2_VA.pem
Removing debian:Verisign_Class_4_Public_Primary_Certification_Authority_-_G3.pem
Removing debian:Wells_Fargo_Root_CA.pem
Removing debian:spi-cacert-2008.pem
done.
done.
travis_fold:end:update_libssl1.0.0[0K$ jdk_switcher use oraclejdk8
Switching to Oracle JDK8 (java-8-oracle), JAVA_HOME will be set to /usr/lib/jvm/java-8-oracle
travis_fold:start:git.checkout[0Ktravis_time:start:06193c14[0K$ git clone --depth=50 https://github.com/checkstyle/checkstyle.git checkstyle/checkstyle
Cloning into 'checkstyle/checkstyle'...
remote: Counting objects: 3646, done.[K
remote: Compressing objects:   0% (1/2413)   [Kremote: Compressing objects:   1% (25/2413)   [Kremote: Compressing objects:   2% (49/2413)   [Kremote: Compressing objects:   3% (73/2413)   [Kremote: Compressing objects:   4% (97/2413)   [Kremote: Compressing objects:   5% (121/2413)   [Kremote: Compressing objects:   6% (145/2413)   [Kremote: Compressing objects:   7% (169/2413)   [Kremote: Compressing objects:   8% (194/2413)   [Kremote: Compressing objects:   9% (218/2413)   [Kremote: Compressing objects:  10% (242/2413)   [Kremote: Compressing objects:  11% (266/2413)   [Kremote: Compressing objects:  12% (290/2413)   [Kremote: Compressing objects:  13% (314/2413)   [Kremote: Compressing objects:  14% (338/2413)   [Kremote: Compressing objects:  15% (362/2413)   [Kremote: Compressing objects:  16% (387/2413)   [Kremote: Compressing objects:  17% (411/2413)   [Kremote: Compressing objects:  18% (435/2413)   [Kremote: Compressing objects:  19% (459/2413)   [Kremote: Compressing objects:  20% (483/2413)   [Kremote: Compressing objects:  21% (507/2413)   [Kremote: Compressing objects:  22% (531/2413)   [Kremote: Compressing objects:  23% (555/2413)   [Kremote: Compressing objects:  24% (580/2413)   [Kremote: Compressing objects:  25% (604/2413)   [Kremote: Compressing objects:  26% (628/2413)   [Kremote: Compressing objects:  27% (652/2413)   [Kremote: Compressing objects:  28% (676/2413)   [Kremote: Compressing objects:  29% (700/2413)   [Kremote: Compressing objects:  30% (724/2413)   [Kremote: Compressing objects:  31% (749/2413)   [Kremote: Compressing objects:  32% (773/2413)   [Kremote: Compressing objects:  33% (797/2413)   [Kremote: Compressing objects:  34% (821/2413)   [Kremote: Compressing objects:  35% (845/2413)   [Kremote: Compressing objects:  36% (869/2413)   [Kremote: Compressing objects:  37% (893/2413)   [Kremote: Compressing objects:  38% (917/2413)   [Kremote: Compressing objects:  39% (942/2413)   [Kremote: Compressing objects:  40% (966/2413)   [Kremote: Compressing objects:  41% (990/2413)   [Kremote: Compressing objects:  42% (1014/2413)   [Kremote: Compressing objects:  43% (1038/2413)   [Kremote: Compressing objects:  44% (1062/2413)   [Kremote: Compressing objects:  45% (1086/2413)   [Kremote: Compressing objects:  46% (1110/2413)   [Kremote: Compressing objects:  47% (1135/2413)   [Kremote: Compressing objects:  48% (1159/2413)   [Kremote: Compressing objects:  49% (1183/2413)   [Kremote: Compressing objects:  50% (1207/2413)   [Kremote: Compressing objects:  51% (1231/2413)   [Kremote: Compressing objects:  52% (1255/2413)   [Kremote: Compressing objects:  53% (1279/2413)   [Kremote: Compressing objects:  54% (1304/2413)   [Kremote: Compressing objects:  55% (1328/2413)   [Kremote: Compressing objects:  56% (1352/2413)   [Kremote: Compressing objects:  57% (1376/2413)   [Kremote: Compressing objects:  58% (1400/2413)   [Kremote: Compressing objects:  59% (1424/2413)   [Kremote: Compressing objects:  60% (1448/2413)   [Kremote: Compressing objects:  61% (1472/2413)   [Kremote: Compressing objects:  62% (1497/2413)   [Kremote: Compressing objects:  63% (1521/2413)   [Kremote: Compressing objects:  64% (1545/2413)   [Kremote: Compressing objects:  65% (1569/2413)   [Kremote: Compressing objects:  66% (1593/2413)   [Kremote: Compressing objects:  67% (1617/2413)   [Kremote: Compressing objects:  68% (1641/2413)   [Kremote: Compressing objects:  69% (1665/2413)   [Kremote: Compressing objects:  70% (1690/2413)   [Kremote: Compressing objects:  71% (1714/2413)   [Kremote: Compressing objects:  72% (1738/2413)   [Kremote: Compressing objects:  73% (1762/2413)   [Kremote: Compressing objects:  74% (1786/2413)   [Kremote: Compressing objects:  75% (1810/2413)   [Kremote: Compressing objects:  76% (1834/2413)   [Kremote: Compressing objects:  77% (1859/2413)   [Kremote: Compressing objects:  78% (1883/2413)   [Kremote: Compressing objects:  79% (1907/2413)   [Kremote: Compressing objects:  80% (1931/2413)   [Kremote: Compressing objects:  81% (1955/2413)   [Kremote: Compressing objects:  82% (1979/2413)   [Kremote: Compressing objects:  83% (2003/2413)   [Kremote: Compressing objects:  84% (2027/2413)   [Kremote: Compressing objects:  85% (2052/2413)   [Kremote: Compressing objects:  86% (2076/2413)   [Kremote: Compressing objects:  87% (2100/2413)   [Kremote: Compressing objects:  88% (2124/2413)   [Kremote: Compressing objects:  89% (2148/2413)   [Kremote: Compressing objects:  90% (2172/2413)   [Kremote: Compressing objects:  91% (2196/2413)   [Kremote: Compressing objects:  92% (2220/2413)   [Kremote: Compressing objects:  93% (2245/2413)   [Kremote: Compressing objects:  94% (2269/2413)   [Kremote: Compressing objects:  95% (2293/2413)   [Kremote: Compressing objects:  96% (2317/2413)   [Kremote: Compressing objects:  97% (2341/2413)   [Kremote: Compressing objects:  98% (2365/2413)   [Kremote: Compressing objects:  99% (2389/2413)   [Kremote: Compressing objects: 100% (2413/2413)   [Kremote: Compressing objects: 100% (2413/2413), done.[K
Receiving objects:   0% (1/3646)   Receiving objects:   1% (37/3646)   Receiving objects:   2% (73/3646)   Receiving objects:   3% (110/3646)   Receiving objects:   4% (146/3646)   Receiving objects:   5% (183/3646)   Receiving objects:   6% (219/3646)   Receiving objects:   7% (256/3646)   Receiving objects:   8% (292/3646)   Receiving objects:   9% (329/3646)   Receiving objects:  10% (365/3646)   Receiving objects:  11% (402/3646)   Receiving objects:  12% (438/3646)   Receiving objects:  13% (474/3646)   Receiving objects:  14% (511/3646)   Receiving objects:  15% (547/3646)   Receiving objects:  16% (584/3646)   Receiving objects:  17% (620/3646)   Receiving objects:  18% (657/3646)   Receiving objects:  19% (693/3646)   Receiving objects:  20% (730/3646)   Receiving objects:  21% (766/3646)   Receiving objects:  22% (803/3646)   Receiving objects:  23% (839/3646)   Receiving objects:  24% (876/3646)   Receiving objects:  25% (912/3646)   Receiving objects:  26% (948/3646)   Receiving objects:  27% (985/3646)   Receiving objects:  28% (1021/3646)   Receiving objects:  29% (1058/3646)   Receiving objects:  30% (1094/3646)   Receiving objects:  31% (1131/3646)   Receiving objects:  32% (1167/3646)   Receiving objects:  33% (1204/3646)   Receiving objects:  34% (1240/3646)   Receiving objects:  35% (1277/3646)   Receiving objects:  36% (1313/3646)   Receiving objects:  37% (1350/3646)   Receiving objects:  38% (1386/3646)   Receiving objects:  39% (1422/3646)   Receiving objects:  40% (1459/3646)   Receiving objects:  41% (1495/3646)   Receiving objects:  42% (1532/3646)   Receiving objects:  43% (1568/3646)   Receiving objects:  44% (1605/3646)   Receiving objects:  45% (1641/3646)   Receiving objects:  46% (1678/3646)   Receiving objects:  47% (1714/3646)   Receiving objects:  48% (1751/3646)   Receiving objects:  49% (1787/3646)   Receiving objects:  50% (1823/3646)   Receiving objects:  51% (1860/3646)   Receiving objects:  52% (1896/3646)   Receiving objects:  53% (1933/3646)   Receiving objects:  54% (1969/3646)   Receiving objects:  55% (2006/3646)   Receiving objects:  56% (2042/3646)   Receiving objects:  57% (2079/3646)   Receiving objects:  58% (2115/3646)   Receiving objects:  59% (2152/3646)   Receiving objects:  60% (2188/3646)   Receiving objects:  61% (2225/3646)   Receiving objects:  62% (2261/3646)   Receiving objects:  63% (2297/3646)   Receiving objects:  64% (2334/3646)   Receiving objects:  65% (2370/3646)   Receiving objects:  66% (2407/3646)   Receiving objects:  67% (2443/3646)   Receiving objects:  68% (2480/3646)   Receiving objects:  69% (2516/3646)   Receiving objects:  70% (2553/3646)   Receiving objects:  71% (2589/3646)   Receiving objects:  72% (2626/3646)   Receiving objects:  73% (2662/3646)   Receiving objects:  74% (2699/3646)   Receiving objects:  75% (2735/3646)   Receiving objects:  76% (2771/3646)   Receiving objects:  77% (2808/3646)   Receiving objects:  78% (2844/3646)   Receiving objects:  79% (2881/3646)   Receiving objects:  80% (2917/3646)   Receiving objects:  81% (2954/3646)   Receiving objects:  82% (2990/3646)   Receiving objects:  83% (3027/3646)   Receiving objects:  84% (3063/3646)   remote: Total 3646 (delta 1377), reused 2088 (delta 833), pack-reused 0[K
Receiving objects:  85% (3100/3646)   Receiving objects:  86% (3136/3646)   Receiving objects:  87% (3173/3646)   Receiving objects:  88% (3209/3646)   Receiving objects:  89% (3245/3646)   Receiving objects:  90% (3282/3646)   Receiving objects:  91% (3318/3646)   Receiving objects:  92% (3355/3646)   Receiving objects:  93% (3391/3646)   Receiving objects:  94% (3428/3646)   Receiving objects:  95% (3464/3646)   Receiving objects:  96% (3501/3646)   Receiving objects:  97% (3537/3646)   Receiving objects:  98% (3574/3646)   Receiving objects:  99% (3610/3646)   Receiving objects: 100% (3646/3646)   Receiving objects: 100% (3646/3646), 4.51 MiB | 0 bytes/s, done.
Resolving deltas:   0% (0/1377)   Resolving deltas:   2% (30/1377)   Resolving deltas:   3% (47/1377)   Resolving deltas:   4% (65/1377)   Resolving deltas:   5% (74/1377)   Resolving deltas:   6% (83/1377)   Resolving deltas:   7% (110/1377)   Resolving deltas:  10% (149/1377)   Resolving deltas:  11% (161/1377)   Resolving deltas:  14% (199/1377)   Resolving deltas:  15% (213/1377)   Resolving deltas:  16% (221/1377)   Resolving deltas:  17% (236/1377)   Resolving deltas:  18% (251/1377)   Resolving deltas:  19% (263/1377)   Resolving deltas:  20% (286/1377)   Resolving deltas:  21% (290/1377)   Resolving deltas:  22% (306/1377)   Resolving deltas:  23% (319/1377)   Resolving deltas:  24% (331/1377)   Resolving deltas:  25% (345/1377)   Resolving deltas:  26% (363/1377)   Resolving deltas:  28% (391/1377)   Resolving deltas:  29% (404/1377)   Resolving deltas:  30% (419/1377)   Resolving deltas:  32% (441/1377)   Resolving deltas:  33% (462/1377)   Resolving deltas:  34% (469/1377)   Resolving deltas:  35% (482/1377)   Resolving deltas:  36% (498/1377)   Resolving deltas:  37% (511/1377)   Resolving deltas:  38% (524/1377)   Resolving deltas:  39% (539/1377)   Resolving deltas:  40% (551/1377)   Resolving deltas:  41% (568/1377)   Resolving deltas:  42% (581/1377)   Resolving deltas:  43% (596/1377)   Resolving deltas:  44% (606/1377)   Resolving deltas:  45% (621/1377)   Resolving deltas:  46% (638/1377)   Resolving deltas:  47% (648/1377)   Resolving deltas:  48% (662/1377)   Resolving deltas:  49% (675/1377)   Resolving deltas:  50% (689/1377)   Resolving deltas:  51% (703/1377)   Resolving deltas:  52% (717/1377)   Resolving deltas:  53% (732/1377)   Resolving deltas:  54% (744/1377)   Resolving deltas:  55% (758/1377)   Resolving deltas:  56% (774/1377)   Resolving deltas:  57% (788/1377)   Resolving deltas:  58% (807/1377)   Resolving deltas:  59% (813/1377)   Resolving deltas:  60% (827/1377)   Resolving deltas:  61% (840/1377)   Resolving deltas:  62% (854/1377)   Resolving deltas:  63% (872/1377)   Resolving deltas:  64% (886/1377)   Resolving deltas:  66% (919/1377)   Resolving deltas:  67% (931/1377)   Resolving deltas:  68% (938/1377)   Resolving deltas:  69% (951/1377)   Resolving deltas:  70% (964/1377)   Resolving deltas:  71% (978/1377)   Resolving deltas:  72% (995/1377)   Resolving deltas:  73% (1006/1377)   Resolving deltas:  74% (1020/1377)   Resolving deltas:  75% (1033/1377)   Resolving deltas:  76% (1047/1377)   Resolving deltas:  77% (1061/1377)   Resolving deltas:  78% (1075/1377)   Resolving deltas:  79% (1088/1377)   Resolving deltas:  80% (1102/1377)   Resolving deltas:  81% (1117/1377)   Resolving deltas:  82% (1130/1377)   Resolving deltas:  83% (1144/1377)   Resolving deltas:  84% (1158/1377)   Resolving deltas:  86% (1185/1377)   Resolving deltas:  87% (1198/1377)   Resolving deltas:  88% (1212/1377)   Resolving deltas:  89% (1227/1377)   Resolving deltas:  90% (1240/1377)   Resolving deltas:  91% (1255/1377)   Resolving deltas:  92% (1270/1377)   Resolving deltas:  93% (1282/1377)   Resolving deltas:  94% (1297/1377)   Resolving deltas:  95% (1310/1377)   Resolving deltas:  96% (1323/1377)   Resolving deltas:  97% (1336/1377)   Resolving deltas:  98% (1350/1377)   Resolving deltas:  99% (1368/1377)   Resolving deltas: 100% (1377/1377)   Resolving deltas: 100% (1377/1377), done.
Checking connectivity... done.

travis_time:end:06193c14:start=1503299693168743705,finish=1503299694556011162,duration=1387267457[0K$ cd checkstyle/checkstyle
travis_time:start:03b45da9[0K$ git fetch origin +refs/pull/4910/merge:
remote: Counting objects: 59, done.[K
remote: Compressing objects:   4% (1/21)   [Kremote: Compressing objects:   9% (2/21)   [Kremote: Compressing objects:  14% (3/21)   [Kremote: Compressing objects:  19% (4/21)   [Kremote: Compressing objects:  23% (5/21)   [Kremote: Compressing objects:  28% (6/21)   [Kremote: Compressing objects:  33% (7/21)   [Kremote: Compressing objects:  38% (8/21)   [Kremote: Compressing objects:  42% (9/21)   [Kremote: Compressing objects:  47% (10/21)   [Kremote: Compressing objects:  52% (11/21)   [Kremote: Compressing objects:  57% (12/21)   [Kremote: Compressing objects:  61% (13/21)   [Kremote: Compressing objects:  66% (14/21)   [Kremote: Compressing objects:  71% (15/21)   [Kremote: Compressing objects:  76% (16/21)   [Kremote: Compressing objects:  80% (17/21)   [Kremote: Compressing objects:  85% (18/21)   [Kremote: Compressing objects:  90% (19/21)   [Kremote: Compressing objects:  95% (20/21)   [Kremote: Compressing objects: 100% (21/21)   [Kremote: Compressing objects: 100% (21/21), done.[K
remote: Total 59 (delta 23), reused 41 (delta 18), pack-reused 0[K
Unpacking objects:   1% (1/59)   Unpacking objects:   3% (2/59)   Unpacking objects:   5% (3/59)   Unpacking objects:   6% (4/59)   Unpacking objects:   8% (5/59)   Unpacking objects:  10% (6/59)   Unpacking objects:  11% (7/59)   Unpacking objects:  13% (8/59)   Unpacking objects:  15% (9/59)   Unpacking objects:  16% (10/59)   Unpacking objects:  18% (11/59)   Unpacking objects:  20% (12/59)   Unpacking objects:  22% (13/59)   Unpacking objects:  23% (14/59)   Unpacking objects:  25% (15/59)   Unpacking objects:  27% (16/59)   Unpacking objects:  28% (17/59)   Unpacking objects:  30% (18/59)   Unpacking objects:  32% (19/59)   Unpacking objects:  33% (20/59)   Unpacking objects:  35% (21/59)   Unpacking objects:  37% (22/59)   Unpacking objects:  38% (23/59)   Unpacking objects:  40% (24/59)   Unpacking objects:  42% (25/59)   Unpacking objects:  44% (26/59)   Unpacking objects:  45% (27/59)   Unpacking objects:  47% (28/59)   Unpacking objects:  49% (29/59)   Unpacking objects:  50% (30/59)   Unpacking objects:  52% (31/59)   Unpacking objects:  54% (32/59)   Unpacking objects:  55% (33/59)   Unpacking objects:  57% (34/59)   Unpacking objects:  59% (35/59)   Unpacking objects:  61% (36/59)   Unpacking objects:  62% (37/59)   Unpacking objects:  64% (38/59)   Unpacking objects:  66% (39/59)   Unpacking objects:  67% (40/59)   Unpacking objects:  69% (41/59)   Unpacking objects:  71% (42/59)   Unpacking objects:  72% (43/59)   Unpacking objects:  74% (44/59)   Unpacking objects:  76% (45/59)   Unpacking objects:  77% (46/59)   Unpacking objects:  79% (47/59)   Unpacking objects:  81% (48/59)   Unpacking objects:  83% (49/59)   Unpacking objects:  84% (50/59)   Unpacking objects:  86% (51/59)   Unpacking objects:  88% (52/59)   Unpacking objects:  89% (53/59)   Unpacking objects:  91% (54/59)   Unpacking objects:  93% (55/59)   Unpacking objects:  94% (56/59)   Unpacking objects:  96% (57/59)   Unpacking objects:  98% (58/59)   Unpacking objects: 100% (59/59)   Unpacking objects: 100% (59/59), done.
From https://github.com/checkstyle/checkstyle
 * branch            refs/pull/4910/merge -> FETCH_HEAD

travis_time:end:03b45da9:start=1503299694561464149,finish=1503299695000291081,duration=438826932[0K$ git checkout -qf FETCH_HEAD
travis_fold:end:git.checkout[0Ktravis_fold:start:apt[0K[33;1mInstalling APT Packages (BETA)[0m
$ export DEBIAN_FRONTEND=noninteractive
travis_time:start:01990bab[0K$ sudo -E apt-get -yq update &>> ~/apt-get-update.log

travis_time:end:01990bab:start=1503299695195285838,finish=1503299699553518137,duration=4358232299[0Ktravis_time:start:17abbf74[0K$ sudo -E apt-get -yq --no-install-suggests --no-install-recommends --force-yes install xsltproc xmlstarlet oracle-java8-installer
Reading package lists...
Building dependency tree...
Reading state information...
Suggested packages:
  binfmt-support visualvm ttf-baekmuk ttf-unfonts ttf-unfonts-core
  ttf-kochi-gothic ttf-sazanami-gothic ttf-kochi-mincho ttf-sazanami-mincho
  ttf-arphic-uming
Recommended packages:
  oracle-java8-set-default
The following NEW packages will be installed:
  xmlstarlet xsltproc
The following packages will be upgraded:
  oracle-java8-installer
1 upgraded, 2 newly installed, 0 to remove and 274 not upgraded.
Need to get 232 kB of archives.
After this operation, 494 kB of additional disk space will be used.
Get:1 http://us.archive.ubuntu.com/ubuntu/ precise/main xmlstarlet amd64 1.3.0-1 [184 kB]
Get:2 http://us.archive.ubuntu.com/ubuntu/ precise-updates/main xsltproc amd64 1.1.26-8ubuntu1.4 [15.1 kB]
Get:3 http://ppa.launchpad.net/webupd8team/java/ubuntu/ precise/main oracle-java8-installer all 8u144-1~webupd8~0 [32.9 kB]
Fetched 232 kB in 0s (327 kB/s)
Preconfiguring packages ...
(Reading database ... (Reading database ... 5%(Reading database ... 10%(Reading database ... 15%(Reading database ... 20%(Reading database ... 25%(Reading database ... 30%(Reading database ... 35%(Reading database ... 40%(Reading database ... 45%(Reading database ... 50%(Reading database ... 55%(Reading database ... 60%(Reading database ... 65%(Reading database ... 70%(Reading database ... 75%(Reading database ... 80%(Reading database ... 85%(Reading database ... 90%(Reading database ... 95%(Reading database ... 100%(Reading database ... 72026 files and directories currently installed.)
Preparing to replace oracle-java8-installer 8u31+8u33arm-1~webupd8~1 (using .../oracle-java8-installer_8u144-1~webupd8~0_all.deb) ...
oracle-license-v1-1 license has already been accepted
Unpacking replacement oracle-java8-installer ...
Selecting previously unselected package xmlstarlet.
Unpacking xmlstarlet (from .../xmlstarlet_1.3.0-1_amd64.deb) ...
Selecting previously unselected package xsltproc.
Unpacking xsltproc (from .../xsltproc_1.1.26-8ubuntu1.4_amd64.deb) ...
Processing triggers for shared-mime-info ...
Processing triggers for hicolor-icon-theme ...
Processing triggers for man-db ...
Setting up oracle-java8-installer (8u144-1~webupd8~0) ...
No /var/cache/oracle-jdk8-installer/wgetrc file found.
Creating /var/cache/oracle-jdk8-installer/wgetrc and
using default oracle-java8-installer wgetrc settings for it.
Downloading Oracle Java 8...
--2017-08-21 07:15:06--  http://download.oracle.com/otn-pub/java/jdk/8u144-b01/090f390dda5b47b9b721c7dfaa008135/jdk-8u144-linux-x64.tar.gz
Resolving download.oracle.com (download.oracle.com)... 23.219.92.226, 23.219.92.200
Connecting to download.oracle.com (download.oracle.com)|23.219.92.226|:80... connected.
HTTP request sent, awaiting response... 302 Moved Temporarily
Location: https://edelivery.oracle.com/otn-pub/java/jdk/8u144-b01/090f390dda5b47b9b721c7dfaa008135/jdk-8u144-linux-x64.tar.gz [following]
--2017-08-21 07:15:06--  https://edelivery.oracle.com/otn-pub/java/jdk/8u144-b01/090f390dda5b47b9b721c7dfaa008135/jdk-8u144-linux-x64.tar.gz
Resolving edelivery.oracle.com (edelivery.oracle.com)... 104.96.237.225, 2600:1408:10:297::2d3e, 2600:1408:10:298::2d3e
Connecting to edelivery.oracle.com (edelivery.oracle.com)|104.96.237.225|:443... connected.
HTTP request sent, awaiting response... 302 Moved Temporarily
Location: http://download.oracle.com/otn-pub/java/jdk/8u144-b01/090f390dda5b47b9b721c7dfaa008135/jdk-8u144-linux-x64.tar.gz?AuthParam=1503299826_ccf302bd6c04067c47838d16de31045f [following]
--2017-08-21 07:15:06--  http://download.oracle.com/otn-pub/java/jdk/8u144-b01/090f390dda5b47b9b721c7dfaa008135/jdk-8u144-linux-x64.tar.gz?AuthParam=1503299826_ccf302bd6c04067c47838d16de31045f
Connecting to download.oracle.com (download.oracle.com)|23.219.92.226|:80... connected.
HTTP request sent, awaiting response... 200 OK
Length: 185515842 (177M) [application/x-gzip]
Saving to: `jdk-8u144-linux-x64.tar.gz'

     0K ........ ........ ........ ........ ........ ........  1% 51.2M 3s
  3072K ........ ........ ........ ........ ........ ........  3% 67.4M 3s
  6144K ........ ........ ........ ........ ........ ........  5% 64.1M 3s
  9216K ........ ........ ........ ........ ........ ........  6% 84.9M 3s
 12288K ........ ........ ........ ........ ........ ........  8% 56.0M 3s
 15360K ........ ........ ........ ........ ........ ........ 10% 79.4M 2s
 18432K ........ ........ ........ ........ ........ ........ 11% 61.6M 2s
 21504K ........ ........ ........ ........ ........ ........ 13% 80.3M 2s
 24576K ........ ........ ........ ........ ........ ........ 15% 57.4M 2s
 27648K ........ ........ ........ ........ ........ ........ 16% 50.1M 2s
 30720K ........ ........ ........ ........ ........ ........ 18% 34.4M 2s
 33792K ........ ........ ........ ........ ........ ........ 20% 35.4M 3s
 36864K ........ ........ ........ ........ ........ ........ 22% 38.4M 3s
 39936K ........ ........ ........ ........ ........ ........ 23% 40.3M 3s
 43008K ........ ........ ........ ........ ........ ........ 25% 40.5M 3s
 46080K ........ ........ ........ ........ ........ ........ 27% 41.9M 3s
 49152K ........ ........ ........ ........ ........ ........ 28% 42.6M 3s
 52224K ........ ........ ........ ........ ........ ........ 30% 42.1M 2s
 55296K ........ ........ ........ ........ ........ ........ 32% 24.9M 3s
 58368K ........ ........ ........ ........ ........ ........ 33% 27.5M 3s
 61440K ........ ........ ........ ........ ........ ........ 35% 30.6M 3s
 64512K ........ ........ ........ ........ ........ ........ 37% 32.3M 3s
 67584K ........ ........ ........ ........ ........ ........ 39% 33.6M 2s
 70656K ........ ........ ........ ........ ........ ........ 40% 36.4M 2s
 73728K ........ ........ ........ ........ ........ ........ 42% 39.0M 2s
 76800K ........ ........ ........ ........ ........ ........ 44% 38.9M 2s
 79872K ........ ........ ........ ........ ........ ........ 45% 41.8M 2s
 82944K ........ ........ ........ ........ ........ ........ 47% 42.2M 2s
 86016K ........ ........ ........ ........ ........ ........ 49% 43.4M 2s
 89088K ........ ........ ........ ........ ........ ........ 50% 47.0M 2s
 92160K ........ ........ ........ ........ ........ ........ 52% 47.6M 2s
 95232K ........ ........ ........ ........ ........ ........ 54% 48.5M 2s
 98304K ........ ........ ........ ........ ........ ........ 55% 49.8M 2s
101376K ........ ........ ........ ........ ........ ........ 57% 50.6M 2s
104448K ........ ........ ........ ........ ........ ........ 59% 51.7M 2s
107520K ........ ........ ........ ........ ........ ........ 61% 55.0M 2s
110592K ........ ........ ........ ........ ........ ........ 62% 55.8M 1s
113664K ........ ........ ........ ........ ........ ........ 64% 56.2M 1s
116736K ........ ........ ........ ........ ........ ........ 66% 56.8M 1s
119808K ........ ........ ........ ........ ........ ........ 67% 57.5M 1s
122880K ........ ........ ........ ........ ........ ........ 69% 57.4M 1s
125952K ........ ........ ........ ........ ........ ........ 71% 56.6M 1s
129024K ........ ........ ........ ........ ........ ........ 72% 50.0M 1s
132096K ........ ........ ........ ........ ........ ........ 74% 58.8M 1s
135168K ........ ........ ........ ........ ........ ........ 76% 53.7M 1s
138240K ........ ........ ........ ........ ........ ........ 78% 59.6M 1s
141312K ........ ........ ........ ........ ........ ........ 79% 52.3M 1s
144384K ........ ........ ........ ........ ........ ........ 81% 53.7M 1s
147456K ........ ........ ........ ........ ........ ........ 83% 52.8M 1s
150528K ........ ........ ........ ........ ........ ........ 84% 57.1M 1s
153600K ........ ........ ........ ........ ........ ........ 86% 41.0M 1s
156672K ........ ........ ........ ........ ........ ........ 88% 37.8M 0s
159744K ........ ........ ........ ........ ........ ........ 89% 38.3M 0s
162816K ........ ........ ........ ........ ........ ........ 91% 40.5M 0s
165888K ........ ........ ........ ........ ........ ........ 93% 41.8M 0s
168960K ........ ........ ........ ........ ........ ........ 94% 42.5M 0s
172032K ........ ........ ........ ........ ........ ........ 96% 44.8M 0s
175104K ........ ........ ........ ........ ........ ........ 98% 47.4M 0s
178176K ........ ........ ........ ........ ........ ......  100% 47.3M=3.9s

2017-08-21 07:15:10 (45.8 MB/s) - `jdk-8u144-linux-x64.tar.gz' saved [185515842/185515842]

Download done.
Removing outdated cached downloads...
Oracle JDK 8 installed

#####Important########
To set Oracle JDK8 as default, install the "oracle-java8-set-default" package.
E.g.: sudo apt install oracle-java8-set-default
On Ubuntu systems, oracle-java8-set-default is most probably installed
automatically with this package.
######################

Setting up xmlstarlet (1.3.0-1) ...
Setting up xsltproc (1.1.26-8ubuntu1.4) ...

travis_time:end:17abbf74:start=1503299699557639080,finish=1503299763099835641,duration=63542196561[0Ktravis_fold:end:apt[0K
[33;1mEncrypted environment variables have been removed for security reasons.[0m
[33;1mSee https://docs.travis-ci.com/user/pull-requests/#Pull-Requests-and-Security-Restrictions[0m

[33;1mSetting environment variables from repository settings[0m
$ export READ_ONLY_TOKEN=9ffd28faf1c5d120b63be99b2d585156816e3789

[33;1mSetting environment variables from .travis.yml[0m
$ export DESC="checkstyle and sevntu-checkstyle"
$ export CMD="mvn clean verify -DskipTests -DskipITs -Dpmd.skip=true -Dfindbugs.skip=true -Dcobertura.skip=true"

[33;1mDisabling Gradle daemon[0m
travis_time:start:0c6e130c[0K$ mkdir -p ~/.gradle && echo "org.gradle.daemon=false" >> ~/.gradle/gradle.properties

travis_time:end:0c6e130c:start=1503299766491766925,finish=1503299766496921941,duration=5155016[0K$ export PATH=$JAVA_HOME/bin:$PATH
travis_fold:start:cache.1[0KSetting up build cache
$ export CASHER_DIR=$HOME/.casher
travis_time:start:008a93c8[0K$ Installing caching utilities

travis_time:end:008a93c8:start=1503299766744921399,finish=1503299766779947444,duration=35026045[0Ktravis_time:start:14485a7c[0K
travis_time:end:14485a7c:start=1503299766785507466,finish=1503299766792871597,duration=7364131[0Ktravis_time:start:00a196cd[0K[32;1mattempting to download cache archive[0m
[32;1mfetching PR.4910/cache-linux-precise-e891674a9286cc1179a9b3935963bed450882117346c68ba6dfd21d9a12a21f6--jdk-oraclejdk8.tgz[0m
[32;1mfound cache[0m

travis_time:end:00a196cd:start=1503299766798636206,finish=1503299770138515385,duration=3339879179[0Ktravis_time:start:06432f6a[0K
travis_time:end:06432f6a:start=1503299770144400057,finish=1503299770149629572,duration=5229515[0Ktravis_time:start:00e6abac[0K[32;1madding /home/travis/.m2 to cache[0m

travis_time:end:00e6abac:start=1503299770155909555,finish=1503299791140820225,duration=20984910670[0Ktravis_fold:end:cache.1[0K$ java -Xmx32m -version
java version "1.8.0_144"
Java(TM) SE Runtime Environment (build 1.8.0_144-b01)
Java HotSpot(TM) 64-Bit Server VM (build 25.144-b01, mixed mode)
$ javac -J-Xmx32m -version
javac 1.8.0_144
travis_fold:start:install[0Ktravis_time:start:09cb1b9c[0K$ if [ "${TRAVIS_OS_NAME}" == "osx" ]; then
    # https://github.com/travis-ci/travis-ci/issues/6307#issuecomment-233315824
    rvm get head
  fi
  

travis_time:end:09cb1b9c:start=1503299791406002008,finish=1503299791410287905,duration=4285897[0Ktravis_fold:end:install[0Ktravis_time:start:20ea4000[0K$ SKIP_FILES=".github|appveyor.yml|circle.yml|distelli-manifest.yml|fast-forward-merge.sh|LICENSE|LICENSE.apache20|README.md|release.sh|RIGHTS.antlr|shippable.yml|wercker.yml|intellij-idea-inspections.xml"

travis_time:end:20ea4000:start=1503299791415353197,finish=1503299791419373726,duration=4020529[0K
[32;1mThe command "SKIP_FILES=".github|appveyor.yml|circle.yml|distelli-manifest.yml|fast-forward-merge.sh|LICENSE|LICENSE.apache20|README.md|release.sh|RIGHTS.antlr|shippable.yml|wercker.yml|intellij-idea-inspections.xml"" exited with 0.[0m
travis_time:start:176f2638[0K$ SKIP_CI=$(if [[ $(git diff --name-only HEAD HEAD~1 | grep -vE "$SKIP_FILES" | cat | wc -c | sed 's/^ *//' ) > 0 ]]; then echo false; else echo true; fi;)

travis_time:end:176f2638:start=1503299791424550568,finish=1503299791434771173,duration=10220605[0K
[32;1mThe command "SKIP_CI=$(if [[ $(git diff --name-only HEAD HEAD~1 | grep -vE "$SKIP_FILES" | cat | wc -c | sed 's/^ *//' ) > 0 ]]; then echo false; else echo true; fi;)" exited with 0.[0m
travis_time:start:000212c2[0K$ echo "SKIP_CI="$SKIP_CI
SKIP_CI=false

travis_time:end:000212c2:start=1503299791439762328,finish=1503299791443474605,duration=3712277[0K
[32;1mThe command "echo "SKIP_CI="$SKIP_CI" exited with 0.[0m
travis_time:start:01d43246[0K$ set -e
if [[ $SKIP_CI == 'false' ]];
then
     eval $CMD;
     echo "eval of CMD is completed"
fi

Java HotSpot(TM) 64-Bit Server VM warning: ignoring option MaxPermSize=192m; support was removed in 8.0
[INFO] Scanning for projects...
[INFO] Inspecting build with total of 1 modules...
[INFO] Installing Nexus Staging features:
[INFO]   ... total of 1 executions of maven-deploy-plugin replaced with nexus-staging-maven-plugin
[INFO]                                                                         
[INFO] ------------------------------------------------------------------------
[INFO] Building checkstyle 8.2-SNAPSHOT
[INFO] ------------------------------------------------------------------------
Downloading: https://oss.sonatype.org/content/repositories/releases/junit/junit-dep/maven-metadata.xml
Downloading: http://repo.maven.apache.org/maven2/junit/junit-dep/maven-metadata.xml
Downloading: https://repository.apache.org/snapshots/junit/junit-dep/maven-metadata.xml
Downloading: https://repository.apache.org/releases/junit/junit-dep/maven-metadata.xml
563/563 B               Downloaded: http://repo.maven.apache.org/maven2/junit/junit-dep/maven-metadata.xml (563 B at 1.4 KB/sec)
Downloading: https://nexus.codehaus.org/snapshots/junit/junit-dep/maven-metadata.xml
            Downloading: https://oss.sonatype.org/content/repositories/snapshots/junit/junit-dep/maven-metadata.xml
                                    563/563 B               Downloaded: https://oss.sonatype.org/content/repositories/releases/junit/junit-dep/maven-metadata.xml (563 B at 0.7 KB/sec)
[WARNING] Could not transfer metadata junit:junit-dep/maven-metadata.xml from/to codehaus-snapshots (https://nexus.codehaus.org/snapshots/): nexus.codehaus.org: Name or service not known
[INFO] 
[INFO] --- maven-clean-plugin:3.0.0:clean (default-clean) @ checkstyle ---
[INFO] 
[INFO] --- maven-enforcer-plugin:1.4.1:enforce (enforce-maven) @ checkstyle ---
[INFO] 
[INFO] --- maven-enforcer-plugin:1.4.1:enforce (enforce-versions) @ checkstyle ---
[INFO] 
[INFO] --- antlr-maven-plugin:2.2:generate (default) @ checkstyle ---
[INFO] performing grammar generation [java.g]
ANTLR Parser Generator   Version 2.7.7 (20060906)   1989-2005
/home/travis/build/checkstyle/checkstyle/src/main/resources/com/puppycrawl/tools/checkstyle/grammars/java.g:633:9: warning:nondeterminism between alts 1 and 2 of block upon
/home/travis/build/checkstyle/checkstyle/src/main/resources/com/puppycrawl/tools/checkstyle/grammars/java.g:633:9:     k==1:AT
/home/travis/build/checkstyle/checkstyle/src/main/resources/com/puppycrawl/tools/checkstyle/grammars/java.g:633:9:     k==2:IDENT
/home/travis/build/checkstyle/checkstyle/src/main/resources/com/puppycrawl/tools/checkstyle/grammars/java.g:780:16: warning:nondeterminism between alts 1 and 2 of block upon
/home/travis/build/checkstyle/checkstyle/src/main/resources/com/puppycrawl/tools/checkstyle/grammars/java.g:780:16:     k==1:AT
/home/travis/build/checkstyle/checkstyle/src/main/resources/com/puppycrawl/tools/checkstyle/grammars/java.g:780:16:     k==2:IDENT
/home/travis/build/checkstyle/checkstyle/src/main/resources/com/puppycrawl/tools/checkstyle/grammars/java.g:816:61: warning:nondeterminism between alts 1 and 2 of block upon
/home/travis/build/checkstyle/checkstyle/src/main/resources/com/puppycrawl/tools/checkstyle/grammars/java.g:816:61:     k==1:SEMI
/home/travis/build/checkstyle/checkstyle/src/main/resources/com/puppycrawl/tools/checkstyle/grammars/java.g:816:61:     k==2:"final","abstract","strictfp",SEMI,"void","boolean","byte","char","short","int","float","long","double",IDENT,"private","public","protected","static","transient","native","synchronized","volatile","class","interface",LCURLY,RCURLY,"default",LT,ENUM,AT
/home/travis/build/checkstyle/checkstyle/src/main/resources/com/puppycrawl/tools/checkstyle/grammars/java.g:705:9: warning:nondeterminism between alts 1 and 2 of block upon
/home/travis/build/checkstyle/checkstyle/src/main/resources/com/puppycrawl/tools/checkstyle/grammars/java.g:705:9:     k==1:AT
/home/travis/build/checkstyle/checkstyle/src/main/resources/com/puppycrawl/tools/checkstyle/grammars/java.g:705:9:     k==2:IDENT
/home/travis/build/checkstyle/checkstyle/src/main/resources/com/puppycrawl/tools/checkstyle/grammars/java.g:961: warning:Syntactic predicate superfluous for single alternative
/home/travis/build/checkstyle/checkstyle/src/main/resources/com/puppycrawl/tools/checkstyle/grammars/java.g:987:31: warning:nondeterminism between alts 1 and 2 of block upon
/home/travis/build/checkstyle/checkstyle/src/main/resources/com/puppycrawl/tools/checkstyle/grammars/java.g:987:31:     k==1:IDENT
/home/travis/build/checkstyle/checkstyle/src/main/resources/com/puppycrawl/tools/checkstyle/grammars/java.g:987:31:     k==2:LBRACK,DOT
/home/travis/build/checkstyle/checkstyle/src/main/resources/com/puppycrawl/tools/checkstyle/grammars/java.g:1048:84: warning:nondeterminism between alts 1 and 2 of block upon
/home/travis/build/checkstyle/checkstyle/src/main/resources/com/puppycrawl/tools/checkstyle/grammars/java.g:1048:84:     k==1:SEMI
/home/travis/build/checkstyle/checkstyle/src/main/resources/com/puppycrawl/tools/checkstyle/grammars/java.g:1048:84:     k==2:"final","abstract","strictfp",SEMI,"void","boolean","byte","char","short","int","float","long","double",IDENT,STAR,"private","public","protected","static","transient","native","synchronized","volatile","class",LCURLY,RCURLY,LPAREN,RPAREN,"this","super",COLON,"if","while","do","break","continue","return","switch","throw","for","else","case","default","try",LT,GT,LE,GE,"instanceof",SL,SR,BSR,PLUS,MINUS,DIV,MOD,INC,DEC,BNOT,LNOT,"true","false","null","new",NUM_INT,CHAR_LITERAL,STRING_LITERAL,NUM_FLOAT,NUM_LONG,NUM_DOUBLE,ASSERT,AT
/home/travis/build/checkstyle/checkstyle/src/main/resources/com/puppycrawl/tools/checkstyle/grammars/java.g:1148:9: warning:nondeterminism between alts 1 and 2 of block upon
/home/travis/build/checkstyle/checkstyle/src/main/resources/com/puppycrawl/tools/checkstyle/grammars/java.g:1148:9:     k==1:"default"
/home/travis/build/checkstyle/checkstyle/src/main/resources/com/puppycrawl/tools/checkstyle/grammars/java.g:1148:9:     k==2:"final","abstract","strictfp",SEMI,"void","boolean","byte","char","short","int","float","long","double",IDENT,STAR,"private","public","protected","static","transient","native","synchronized","volatile","class",LCURLY,RCURLY,LPAREN,RPAREN,"this","super",COLON,"if","while","do","break","continue","return","switch","throw","for","case","default","try",LT,GT,LE,GE,"instanceof",SL,SR,BSR,PLUS,MINUS,DIV,MOD,INC,DEC,BNOT,LNOT,"true","false","null","new",NUM_INT,CHAR_LITERAL,STRING_LITERAL,NUM_FLOAT,NUM_LONG,NUM_DOUBLE,ASSERT,AT
/home/travis/build/checkstyle/checkstyle/src/main/resources/com/puppycrawl/tools/checkstyle/grammars/java.g:1356:26: warning:nondeterminism between alts 1 and 2 of block upon
/home/travis/build/checkstyle/checkstyle/src/main/resources/com/puppycrawl/tools/checkstyle/grammars/java.g:1356:26:     k==1:"instanceof"
/home/travis/build/checkstyle/checkstyle/src/main/resources/com/puppycrawl/tools/checkstyle/grammars/java.g:1356:26:     k==2:"void","boolean","byte","char","short","int","float","long","double",IDENT,AT
/home/travis/build/checkstyle/checkstyle/src/main/resources/com/puppycrawl/tools/checkstyle/grammars/java.g:1371: warning:nondeterminism upon
/home/travis/build/checkstyle/checkstyle/src/main/resources/com/puppycrawl/tools/checkstyle/grammars/java.g:1371:     k==1:SL,SR,BSR
/home/travis/build/checkstyle/checkstyle/src/main/resources/com/puppycrawl/tools/checkstyle/grammars/java.g:1371:     k==2:"void","boolean","byte","char","short","int","float","long","double",IDENT,LPAREN,"this","super",PLUS,MINUS,INC,DEC,BNOT,LNOT,"true","false","null","new",NUM_INT,CHAR_LITERAL,STRING_LITERAL,NUM_FLOAT,NUM_LONG,NUM_DOUBLE,AT
/home/travis/build/checkstyle/checkstyle/src/main/resources/com/puppycrawl/tools/checkstyle/grammars/java.g:1371:     between alt 1 and exit branch of block
/home/travis/build/checkstyle/checkstyle/src/main/resources/com/puppycrawl/tools/checkstyle/grammars/java.g:1384: warning:nondeterminism upon
/home/travis/build/checkstyle/checkstyle/src/main/resources/com/puppycrawl/tools/checkstyle/grammars/java.g:1384:     k==1:STAR,DIV,MOD
/home/travis/build/checkstyle/checkstyle/src/main/resources/com/puppycrawl/tools/checkstyle/grammars/java.g:1384:     k==2:"void","boolean","byte","char","short","int","float","long","double",IDENT,LPAREN,"this","super",PLUS,MINUS,INC,DEC,BNOT,LNOT,"true","false","null","new",NUM_INT,CHAR_LITERAL,STRING_LITERAL,NUM_FLOAT,NUM_LONG,NUM_DOUBLE,AT
/home/travis/build/checkstyle/checkstyle/src/main/resources/com/puppycrawl/tools/checkstyle/grammars/java.g:1384:     between alt 1 and exit branch of block
/home/travis/build/checkstyle/checkstyle/src/main/resources/com/puppycrawl/tools/checkstyle/grammars/java.g:1482:9: warning:nondeterminism between alts 1 and 3 of block upon
/home/travis/build/checkstyle/checkstyle/src/main/resources/com/puppycrawl/tools/checkstyle/grammars/java.g:1482:9:     k==1:INC
/home/travis/build/checkstyle/checkstyle/src/main/resources/com/puppycrawl/tools/checkstyle/grammars/java.g:1482:9:     k==2:"final","abstract","strictfp",SEMI,RBRACK,"void","boolean","byte","char","short","int","float","long","double",IDENT,STAR,"private","public","protected","static","transient","native","synchronized","volatile","class","interface",LCURLY,RCURLY,COMMA,LPAREN,RPAREN,"this","super",ASSIGN,COLON,"if","while","do","break","continue","return","switch","throw","for","else","case","default","try",PLUS_ASSIGN,MINUS_ASSIGN,STAR_ASSIGN,DIV_ASSIGN,MOD_ASSIGN,SR_ASSIGN,BSR_ASSIGN,SL_ASSIGN,BAND_ASSIGN,BXOR_ASSIGN,BOR_ASSIGN,QUESTION,LOR,LAND,BOR,BXOR,BAND,NOT_EQUAL,EQUAL,LT,GT,LE,GE,"instanceof",SL,SR,BSR,PLUS,MINUS,DIV,MOD,INC,DEC,BNOT,LNOT,"true","false","null","new",NUM_INT,CHAR_LITERAL,STRING_LITERAL,NUM_FLOAT,NUM_LONG,NUM_DOUBLE,ASSERT,ENUM,AT
/home/travis/build/checkstyle/checkstyle/src/main/resources/com/puppycrawl/tools/checkstyle/grammars/java.g:1482:9: warning:nondeterminism between alts 2 and 3 of block upon
/home/travis/build/checkstyle/checkstyle/src/main/resources/com/puppycrawl/tools/checkstyle/grammars/java.g:1482:9:     k==1:DEC
/home/travis/build/checkstyle/checkstyle/src/main/resources/com/puppycrawl/tools/checkstyle/grammars/java.g:1482:9:     k==2:"final","abstract","strictfp",SEMI,RBRACK,"void","boolean","byte","char","short","int","float","long","double",IDENT,STAR,"private","public","protected","static","transient","native","synchronized","volatile","class","interface",LCURLY,RCURLY,COMMA,LPAREN,RPAREN,"this","super",ASSIGN,COLON,"if","while","do","break","continue","return","switch","throw","for","else","case","default","try",PLUS_ASSIGN,MINUS_ASSIGN,STAR_ASSIGN,DIV_ASSIGN,MOD_ASSIGN,SR_ASSIGN,BSR_ASSIGN,SL_ASSIGN,BAND_ASSIGN,BXOR_ASSIGN,BOR_ASSIGN,QUESTION,LOR,LAND,BOR,BXOR,BAND,NOT_EQUAL,EQUAL,LT,GT,LE,GE,"instanceof",SL,SR,BSR,PLUS,MINUS,DIV,MOD,INC,DEC,BNOT,LNOT,"true","false","null","new",NUM_INT,CHAR_LITERAL,STRING_LITERAL,NUM_FLOAT,NUM_LONG,NUM_DOUBLE,ASSERT,ENUM,AT
/home/travis/build/checkstyle/checkstyle/src/main/resources/com/puppycrawl/tools/checkstyle/grammars/java.g:1562:36: warning:nondeterminism between alts 1 and 2 of block upon
/home/travis/build/checkstyle/checkstyle/src/main/resources/com/puppycrawl/tools/checkstyle/grammars/java.g:1562:36:     k==1:LCURLY
/home/travis/build/checkstyle/checkstyle/src/main/resources/com/puppycrawl/tools/checkstyle/grammars/java.g:1562:36:     k==2:"final","abstract","strictfp",SEMI,"void","boolean","byte","char","short","int","float","long","double",IDENT,"private","public","protected","static","transient","native","synchronized","volatile","class","interface",LCURLY,RCURLY,"default",LT,ENUM,AT
/home/travis/build/checkstyle/checkstyle/src/main/resources/com/puppycrawl/tools/checkstyle/grammars/java.g:1572:33: warning:nondeterminism between alts 1 and 2 of block upon
/home/travis/build/checkstyle/checkstyle/src/main/resources/com/puppycrawl/tools/checkstyle/grammars/java.g:1572:33:     k==1:LCURLY
/home/travis/build/checkstyle/checkstyle/src/main/resources/com/puppycrawl/tools/checkstyle/grammars/java.g:1572:33:     k==2:"void","boolean","byte","char","short","int","float","long","double",IDENT,LCURLY,RCURLY,COMMA,LPAREN,"this","super",PLUS,MINUS,INC,DEC,BNOT,LNOT,"true","false","null","new",NUM_INT,CHAR_LITERAL,STRING_LITERAL,NUM_FLOAT,NUM_LONG,NUM_DOUBLE,AT
/home/travis/build/checkstyle/checkstyle/src/main/resources/com/puppycrawl/tools/checkstyle/grammars/java.g:1615:17: warning:nondeterminism between alts 1 and 2 of block upon
/home/travis/build/checkstyle/checkstyle/src/main/resources/com/puppycrawl/tools/checkstyle/grammars/java.g:1615:17:     k==1:RPAREN
/home/travis/build/checkstyle/checkstyle/src/main/resources/com/puppycrawl/tools/checkstyle/grammars/java.g:1615:17:     k==2:LAMBDA

[INFO] 
[INFO] --- antlr4-maven-plugin:4.7:antlr4 (default) @ checkstyle ---
[INFO] ANTLR 4: Processing source directory /home/travis/build/checkstyle/checkstyle/src/main/resources
[INFO] Processing grammar: com/puppycrawl/tools/checkstyle/grammars/javadoc/JavadocLexer.g4
[INFO] Processing grammar: com/puppycrawl/tools/checkstyle/grammars/javadoc/JavadocParser.g4
[INFO] 
[INFO] --- build-helper-maven-plugin:3.0.0:add-source (add-source) @ checkstyle ---
[INFO] Source directory: /home/travis/build/checkstyle/checkstyle/target/generated-sources/antlr added.
[INFO] 
[INFO] --- maven-resources-plugin:3.0.2:resources (default-resources) @ checkstyle ---
[INFO] Using 'UTF-8' encoding to copy filtered resources.
[INFO] Copying 163 resources
[INFO] Copying 1 resource
[INFO] 
[INFO] --- build-helper-maven-plugin:3.0.0:add-test-source (add-test-source) @ checkstyle ---
[INFO] Test Source directory: /home/travis/build/checkstyle/checkstyle/src/test/resources added.
[INFO] 
[INFO] --- build-helper-maven-plugin:3.0.0:add-test-source (add-it-test-source) @ checkstyle ---
[INFO] Test Source directory: /home/travis/build/checkstyle/checkstyle/src/it/java added.
[INFO] 
[INFO] --- build-helper-maven-plugin:3.0.0:add-test-source (add-it-test-resource) @ checkstyle ---
[INFO] Test Source directory: /home/travis/build/checkstyle/checkstyle/src/it/resources added.
[INFO] 
[INFO] --- maven-compiler-plugin:3.6.2:compile (default-compile) @ checkstyle ---
[INFO] Changes detected - recompiling the module!
[INFO] Compiling 353 source files to /home/travis/build/checkstyle/checkstyle/target/classes
[INFO] /home/travis/build/checkstyle/checkstyle/src/main/java/com/puppycrawl/tools/checkstyle/JavadocDetailNodeParser.java: /home/travis/build/checkstyle/checkstyle/src/main/java/com/puppycrawl/tools/checkstyle/JavadocDetailNodeParser.java uses or overrides a deprecated API.
[INFO] /home/travis/build/checkstyle/checkstyle/src/main/java/com/puppycrawl/tools/checkstyle/JavadocDetailNodeParser.java: Recompile with -Xlint:deprecation for details.
[INFO] /home/travis/build/checkstyle/checkstyle/src/main/java/com/puppycrawl/tools/checkstyle/api/AutomaticBean.java: Some input files use unchecked or unsafe operations.
[INFO] /home/travis/build/checkstyle/checkstyle/src/main/java/com/puppycrawl/tools/checkstyle/api/AutomaticBean.java: Recompile with -Xlint:unchecked for details.
[INFO] 
[INFO] --- maven-antrun-plugin:1.8:run (ant-phase-compile) @ checkstyle ---
[INFO] Executing tasks

main:

execute:
[propertyfile] Creating new property file: /home/travis/build/checkstyle/checkstyle/target/classes/checkstylecompilation.properties
  [javadoc] Generating Javadoc
  [javadoc] Javadoc execution
  [javadoc] Loading source file /home/travis/build/checkstyle/checkstyle/src/main/java/com/puppycrawl/tools/checkstyle/api/TokenTypes.java...
  [javadoc] Constructing Javadoc information...
[INFO] Executed tasks
[INFO] 
[INFO] --- maven-resources-plugin:3.0.2:testResources (default-testResources) @ checkstyle ---
[INFO] Using 'UTF-8' encoding to copy filtered resources.
[INFO] Copying 1003 resources
[INFO] 
[INFO] --- maven-compiler-plugin:3.6.2:testCompile (default-testCompile) @ checkstyle ---
[INFO] Changes detected - recompiling the module!
[INFO] Compiling 1247 source files to /home/travis/build/checkstyle/checkstyle/target/test-classes
[WARNING] /home/travis/build/checkstyle/checkstyle/src/test/java/com/puppycrawl/tools/checkstyle/api/AbstractLoaderTest.java:[36,47] com.sun.org.apache.xerces.internal.impl.Constants is internal proprietary API and may be removed in a future release
[WARNING] /home/travis/build/checkstyle/checkstyle/src/test/java/com/puppycrawl/tools/checkstyle/api/AbstractLoaderTest.java:[41,13] com.sun.org.apache.xerces.internal.impl.Constants is internal proprietary API and may be removed in a future release
[WARNING] /home/travis/build/checkstyle/checkstyle/src/test/java/com/puppycrawl/tools/checkstyle/api/AbstractLoaderTest.java:[41,44] com.sun.org.apache.xerces.internal.impl.Constants is internal proprietary API and may be removed in a future release
[INFO] /home/travis/build/checkstyle/checkstyle/src/test/java/com/puppycrawl/tools/checkstyle/BriefUtLogger.java: Some input files use or override a deprecated API.
[INFO] /home/travis/build/checkstyle/checkstyle/src/test/java/com/puppycrawl/tools/checkstyle/BriefUtLogger.java: Recompile with -Xlint:deprecation for details.
[INFO] /home/travis/build/checkstyle/checkstyle/src/test/resources/com/puppycrawl/tools/checkstyle/utils/checkutils/InputCheckUtilsTest.java: /home/travis/build/checkstyle/checkstyle/src/test/resources/com/puppycrawl/tools/checkstyle/utils/checkutils/InputCheckUtilsTest.java uses unchecked or unsafe operations.
[INFO] /home/travis/build/checkstyle/checkstyle/src/test/resources/com/puppycrawl/tools/checkstyle/utils/checkutils/InputCheckUtilsTest.java: Recompile with -Xlint:unchecked for details.
[INFO] 
[INFO] --- maven-surefire-plugin:2.20:test (default-test) @ checkstyle ---
[INFO] Tests are skipped.
[INFO] 
[INFO] --- xml-maven-plugin:1.0.1:validate (default) @ checkstyle ---
[INFO] No matching files found for ValidationSet with public ID null, system ID src/main/resources/com/puppycrawl/tools/checkstyle/packages_1_0.dtd.
[INFO] 
[INFO] --- maven-jar-plugin:3.0.2:jar (default-jar) @ checkstyle ---
[INFO] Building jar: /home/travis/build/checkstyle/checkstyle/target/checkstyle-8.2-SNAPSHOT.jar
[INFO] 
[INFO] --- maven-jar-plugin:3.0.2:test-jar (default) @ checkstyle ---
[INFO] Building jar: /home/travis/build/checkstyle/checkstyle/target/checkstyle-8.2-SNAPSHOT-tests.jar
[INFO] 
[INFO] --- maven-failsafe-plugin:2.20:integration-test (integration-test) @ checkstyle ---
[INFO] Tests are skipped.
[INFO] 
[INFO] --- maven-checkstyle-plugin:2.17:check (sevntu-checkstyle-check) @ checkstyle ---
[INFO] 
[INFO] --- maven-failsafe-plugin:2.20:verify (verify) @ checkstyle ---
[INFO] Tests are skipped.
[INFO] 
[INFO] --- maven-antrun-plugin:1.8:run (ant-phase-verify) @ checkstyle ---
[INFO] Executing tasks

main:

execute:
     [echo] Checkstyle started (checkstyle_checks.xml): 21/08/2017 07:17:38 AM
[checkstyle] Running Checkstyle 8.2-SNAPSHOT on 949 files
[checkstyle] [ERROR] /home/travis/build/checkstyle/checkstyle/src/test/java/com/puppycrawl/tools/checkstyle/TreeWalkerTest.java:558:19: Variable 'ast1' should be declared final. [FinalLocalVariable]
[checkstyle] [ERROR] /home/travis/build/checkstyle/checkstyle/src/test/java/com/puppycrawl/tools/checkstyle/TreeWalkerTest.java:559:19: Variable 'ast2' should be declared final. [FinalLocalVariable]
[checkstyle] [ERROR] /home/travis/build/checkstyle/checkstyle/src/test/java/com/puppycrawl/tools/checkstyle/TreeWalkerTest.java:560:19: Variable 'ast3' should be declared final. [FinalLocalVariable]
[checkstyle] [ERROR] /home/travis/build/checkstyle/checkstyle/src/test/java/com/puppycrawl/tools/checkstyle/TreeWalkerTest.java:563:16: Variable 'isPositionGreater' should be declared final. [FinalLocalVariable]
[checkstyle] [ERROR] /home/travis/build/checkstyle/checkstyle/src/test/java/com/puppycrawl/tools/checkstyle/TreeWalkerTest.java:575:19: Variable 'ast' should be declared final. [FinalLocalVariable]
     [echo] Checkstyle finished (checkstyle_checks.xml) : 21/08/2017 07:18:44 AM
     [echo] Checkstyle started (checkstyle_non_main_files_checks.xml): 21/08/2017 07:17:38 AM
[checkstyle] Running Checkstyle 8.2-SNAPSHOT on 1308 files
[checkstyle] [ERROR] /home/travis/build/checkstyle/checkstyle/src/test/resources/com/puppycrawl/tools/checkstyle/astprinter/InputFullOfBlockCommentsCR.java:0: File does not end with a newline. [NewlineAtEndOfFile]
[INFO] ------------------------------------------------------------------------
[INFO] BUILD FAILURE
[INFO] ------------------------------------------------------------------------
[INFO] Total time: 02:05 min
[INFO] Finished at: 2017-08-21T07:18:45+00:00
[INFO] Final Memory: 56M/443M
[INFO] ------------------------------------------------------------------------
[ERROR] Failed to execute goal org.apache.maven.plugins:maven-antrun-plugin:1.8:run (ant-phase-verify) on project checkstyle: An Ant BuildException has occured: The following error occurred while executing this line:
[ERROR] /home/travis/build/checkstyle/checkstyle/config/ant-phase-verify.xml:56: Got 1 errors and 0 warnings.
[ERROR] around Ant part ...<ant antfile="config/ant-phase-verify.xml"/>... @ 8:47 in /home/travis/build/checkstyle/checkstyle/target/antrun/build-main.xml
[ERROR] -> [Help 1]
[ERROR] 
[ERROR] To see the full stack trace of the errors, re-run Maven with the -e switch.
[ERROR] Re-run Maven using the -X switch to enable full debug logging.
[ERROR] 
[ERROR] For more information about the errors and possible solutions, please read the following articles:
[ERROR] [Help 1] http://cwiki.apache.org/confluence/display/MAVEN/MojoExecutionException
