travis_fold:start:worker_info[0K[33;1mWorker information[0m
hostname: 2d744452-d0b2-4ef3-b702-751cbbffb9a6@1.i-0d469a7-production-2-worker-org-ec2.travisci.net
version: v3.4.0 https://github.com/travis-ci/worker/tree/ce0440bc30c289a49a9b0c21e4e1e6f7d7825101
instance: 5f8af33 travisci/ci-garnet:packer-1512502276-986baf0 (via amqp)
startup: 6.683440439s
travis_fold:end:worker_info[0Kmode of â€˜/usr/local/clang-5.0.0/binâ€™ changed from 0777 (rwxrwxrwx) to 0775 (rwxrwxr-x)
travis_fold:start:system_info[0K[33;1mBuild system information[0m
Build language: java
Build group: stable
Build dist: trusty
Build id: 327541597
Job id: 327541598
Runtime kernel version: 4.14.12-041412-generic
travis-build version: 536d9e9f5
[34m[1mBuild image provisioning date and time[0m
Tue Dec  5 20:11:19 UTC 2017
[34m[1mOperating System Details[0m
Distributor ID:	Ubuntu
Description:	Ubuntu 14.04.5 LTS
Release:	14.04
Codename:	trusty
[34m[1mCookbooks Version[0m
7c2c6a6 https://github.com/travis-ci/travis-cookbooks/tree/7c2c6a6
[34m[1mgit version[0m
git version 2.15.1
[34m[1mbash version[0m
GNU bash, version 4.3.11(1)-release (x86_64-pc-linux-gnu)
[34m[1mgcc version[0m
gcc (Ubuntu 4.8.4-2ubuntu1~14.04.3) 4.8.4
Copyright (C) 2013 Free Software Foundation, Inc.
This is free software; see the source for copying conditions.  There is NO
warranty; not even for MERCHANTABILITY or FITNESS FOR A PARTICULAR PURPOSE.

[34m[1mdocker version[0m
Client:
 Version:      17.09.0-ce
 API version:  1.32
 Go version:   go1.8.3
 Git commit:   afdb6d4
 Built:        Tue Sep 26 22:39:28 2017
 OS/Arch:      linux/amd64
[34m[1mclang version[0m
clang version 5.0.0 (tags/RELEASE_500/final)
Target: x86_64-unknown-linux-gnu
Thread model: posix
InstalledDir: /usr/local/clang-5.0.0/bin
[34m[1mjq version[0m
jq-1.5
[34m[1mbats version[0m
Bats 0.4.0
[34m[1mshellcheck version[0m
0.4.6
[34m[1mshfmt version[0m
v2.0.0
[34m[1mccache version[0m
ccache version 3.1.9

Copyright (C) 2002-2007 Andrew Tridgell
Copyright (C) 2009-2011 Joel Rosdahl

This program is free software; you can redistribute it and/or modify it under
the terms of the GNU General Public License as published by the Free Software
Foundation; either version 3 of the License, or (at your option) any later
version.
[34m[1mcmake version[0m
cmake version 3.9.2

CMake suite maintained and supported by Kitware (kitware.com/cmake).
[34m[1mheroku version[0m
heroku-cli/6.14.39-addc925 (linux-x64) node-v9.2.0
[34m[1mimagemagick version[0m
Version: ImageMagick 6.7.7-10 2017-07-31 Q16 http://www.imagemagick.org
[34m[1mmd5deep version[0m
4.2
[34m[1mmercurial version[0m
Mercurial Distributed SCM (version 4.2.2)
(see https://mercurial-scm.org for more information)

Copyright (C) 2005-2017 Matt Mackall and others
This is free software; see the source for copying conditions. There is NO
warranty; not even for MERCHANTABILITY or FITNESS FOR A PARTICULAR PURPOSE.
[34m[1mmysql version[0m
mysql  Ver 14.14 Distrib 5.6.33, for debian-linux-gnu (x86_64) using  EditLine wrapper
[34m[1mopenssl version[0m
OpenSSL 1.0.1f 6 Jan 2014
[34m[1mpacker version[0m
Packer v1.0.2

Your version of Packer is out of date! The latest version
is 1.1.2. You can update by downloading from www.packer.io
[34m[1mpostgresql client version[0m
psql (PostgreSQL) 9.6.6
[34m[1mragel version[0m
Ragel State Machine Compiler version 6.8 Feb 2013
Copyright (c) 2001-2009 by Adrian Thurston
[34m[1msubversion version[0m
svn, version 1.8.8 (r1568071)
   compiled Aug 10 2017, 17:20:39 on x86_64-pc-linux-gnu

Copyright (C) 2013 The Apache Software Foundation.
This software consists of contributions made by many people;
see the NOTICE file for more information.
Subversion is open source software, see http://subversion.apache.org/

The following repository access (RA) modules are available:

* ra_svn : Module for accessing a repository using the svn network protocol.
  - with Cyrus SASL authentication
  - handles 'svn' scheme
* ra_local : Module for accessing a repository on local disk.
  - handles 'file' scheme
* ra_serf : Module for accessing a repository via WebDAV protocol using serf.
  - using serf 1.3.3
  - handles 'http' scheme
  - handles 'https' scheme

[34m[1msudo version[0m
Sudo version 1.8.9p5
Configure options: --prefix=/usr -v --with-all-insults --with-pam --with-fqdn --with-logging=syslog --with-logfac=authpriv --with-env-editor --with-editor=/usr/bin/editor --with-timeout=15 --with-password-timeout=0 --with-passprompt=[sudo] password for %p:  --without-lecture --with-tty-tickets --disable-root-mailer --enable-admin-flag --with-sendmail=/usr/sbin/sendmail --with-timedir=/var/lib/sudo --mandir=/usr/share/man --libexecdir=/usr/lib/sudo --with-sssd --with-sssd-lib=/usr/lib/x86_64-linux-gnu --with-selinux
Sudoers policy plugin version 1.8.9p5
Sudoers file grammar version 43

Sudoers path: /etc/sudoers
Authentication methods: 'pam'
Syslog facility if syslog is being used for logging: authpriv
Syslog priority to use when user authenticates successfully: notice
Syslog priority to use when user authenticates unsuccessfully: alert
Send mail if the user is not in sudoers
Use a separate timestamp for each user/tty combo
Lecture user the first time they run sudo
Root may run sudo
Allow some information gathering to give useful error messages
Require fully-qualified hostnames in the sudoers file
Visudo will honor the EDITOR environment variable
Set the LOGNAME and USER environment variables
Length at which to wrap log file lines (0 for no wrap): 80
Authentication timestamp timeout: 15.0 minutes
Password prompt timeout: 0.0 minutes
Number of tries to enter a password: 3
Umask to use or 0777 to use user's: 022
Path to mail program: /usr/sbin/sendmail
Flags for mail program: -t
Address to send mail to: root
Subject line for mail messages: *** SECURITY information for %h ***
Incorrect password message: Sorry, try again.
Path to authentication timestamp dir: /var/lib/sudo
Default password prompt: [sudo] password for %p: 
Default user to run commands as: root
Value to override user's $PATH with: /usr/local/sbin:/usr/local/bin:/usr/sbin:/usr/bin:/sbin:/bin:/snap/bin
Path to the editor for use by visudo: /usr/bin/editor
When to require a password for 'list' pseudocommand: any
When to require a password for 'verify' pseudocommand: all
File descriptors >= 3 will be closed before executing a command
Environment variables to check for sanity:
	TZ
	TERM
	LINGUAS
	LC_*
	LANGUAGE
	LANG
	COLORTERM
Environment variables to remove:
	RUBYOPT
	RUBYLIB
	PYTHONUSERBASE
	PYTHONINSPECT
	PYTHONPATH
	PYTHONHOME
	TMPPREFIX
	ZDOTDIR
	READNULLCMD
	NULLCMD
	FPATH
	PERL5DB
	PERL5OPT
	PERL5LIB
	PERLLIB
	PERLIO_DEBUG 
	JAVA_TOOL_OPTIONS
	SHELLOPTS
	GLOBIGNORE
	PS4
	BASH_ENV
	ENV
	TERMCAP
	TERMPATH
	TERMINFO_DIRS
	TERMINFO
	_RLD*
	LD_*
	PATH_LOCALE
	NLSPATH
	HOSTALIASES
	RES_OPTIONS
	LOCALDOMAIN
	CDPATH
	IFS
Environment variables to preserve:
	JAVA_HOME
	TRAVIS
	CI
	DEBIAN_FRONTEND
	XAUTHORIZATION
	XAUTHORITY
	PS2
	PS1
	PATH
	LS_COLORS
	KRB5CCNAME
	HOSTNAME
	HOME
	DISPLAY
	COLORS
Locale to use while parsing sudoers: C
Directory in which to store input/output logs: /var/log/sudo-io
File in which to store the input/output log: %{seq}
Add an entry to the utmp/utmpx file when allocating a pty
PAM service name to use
PAM service name to use for login shells
Create a new PAM session for the command to run in
Maximum I/O log sequence number: 0

Local IP address and netmask pairs:
	172.17.0.2/255.255.0.0

Sudoers I/O plugin version 1.8.9p5
[34m[1mgzip version[0m
gzip 1.6
Copyright (C) 2007, 2010, 2011 Free Software Foundation, Inc.
Copyright (C) 1993 Jean-loup Gailly.
This is free software.  You may redistribute copies of it under the terms of
the GNU General Public License <http://www.gnu.org/licenses/gpl.html>.
There is NO WARRANTY, to the extent permitted by law.

Written by Jean-loup Gailly.
[34m[1mzip version[0m
Copyright (c) 1990-2008 Info-ZIP - Type 'zip "-L"' for software license.
This is Zip 3.0 (July 5th 2008), by Info-ZIP.
Currently maintained by E. Gordon.  Please send bug reports to
the authors using the web page at www.info-zip.org; see README for details.

Latest sources and executables are at ftp://ftp.info-zip.org/pub/infozip,
as of above date; see http://www.info-zip.org/ for other sites.

Compiled with gcc 4.8.2 for Unix (Linux ELF) on Oct 21 2013.

Zip special compilation options:
	USE_EF_UT_TIME       (store Universal Time)
	BZIP2_SUPPORT        (bzip2 library version 1.0.6, 6-Sept-2010)
	    bzip2 code and library copyright (c) Julian R Seward
	    (See the bzip2 license for terms of use)
	SYMLINK_SUPPORT      (symbolic links supported)
	LARGE_FILE_SUPPORT   (can read and write large files on file system)
	ZIP64_SUPPORT        (use Zip64 to store large files in archives)
	UNICODE_SUPPORT      (store and read UTF-8 Unicode paths)
	STORE_UNIX_UIDs_GIDs (store UID/GID sizes/values using new extra field)
	UIDGID_NOT_16BIT     (old Unix 16-bit UID/GID extra field not used)
	[encryption, version 2.91 of 05 Jan 2007] (modified for Zip 3)

Encryption notice:
	The encryption code of this program is not copyrighted and is
	put in the public domain.  It was originally written in Europe
	and, to the best of our knowledge, can be freely distributed
	in both source and object forms from any country, including
	the USA under License Exception TSU of the U.S. Export
	Administration Regulations (section 740.13(e)) of 6 June 2002.

Zip environment options:
             ZIP:  [none]
          ZIPOPT:  [none]
[34m[1mvim version[0m
VIM - Vi IMproved 7.4 (2013 Aug 10, compiled Nov 24 2016 16:43:18)
Included patches: 1-52
Extra patches: 8.0.0056
Modified by pkg-vim-maintainers@lists.alioth.debian.org
Compiled by buildd@
Huge version without GUI.  Features included (+) or not (-):
+acl             +farsi           +mouse_netterm   +syntax
+arabic          +file_in_path    +mouse_sgr       +tag_binary
+autocmd         +find_in_path    -mouse_sysmouse  +tag_old_static
-balloon_eval    +float           +mouse_urxvt     -tag_any_white
-browse          +folding         +mouse_xterm     -tcl
++builtin_terms  -footer          +multi_byte      +terminfo
+byte_offset     +fork()          +multi_lang      +termresponse
+cindent         +gettext         -mzscheme        +textobjects
-clientserver    -hangul_input    +netbeans_intg   +title
-clipboard       +iconv           +path_extra      -toolbar
+cmdline_compl   +insert_expand   -perl            +user_commands
+cmdline_hist    +jumplist        +persistent_undo +vertsplit
+cmdline_info    +keymap          +postscript      +virtualedit
+comments        +langmap         +printer         +visual
+conceal         +libcall         +profile         +visualextra
+cryptv          +linebreak       +python          +viminfo
+cscope          +lispindent      -python3         +vreplace
+cursorbind      +listcmds        +quickfix        +wildignore
+cursorshape     +localmap        +reltime         +wildmenu
+dialog_con      -lua             +rightleft       +windows
+diff            +menu            -ruby            +writebackup
+digraphs        +mksession       +scrollbind      -X11
-dnd             +modify_fname    +signs           -xfontset
-ebcdic          +mouse           +smartindent     -xim
+emacs_tags      -mouseshape      -sniff           -xsmp
+eval            +mouse_dec       +startuptime     -xterm_clipboard
+ex_extra        +mouse_gpm       +statusline      -xterm_save
+extra_search    -mouse_jsbterm   -sun_workshop    -xpm
   system vimrc file: "$VIM/vimrc"
     user vimrc file: "$HOME/.vimrc"
 2nd user vimrc file: "~/.vim/vimrc"
      user exrc file: "$HOME/.exrc"
  fall-back for $VIM: "/usr/share/vim"
Compilation: gcc -c -I. -Iproto -DHAVE_CONFIG_H     -g -O2 -fstack-protector --param=ssp-buffer-size=4 -Wformat -Werror=format-security -U_FORTIFY_SOURCE -D_FORTIFY_SOURCE=1      
Linking: gcc   -Wl,-Bsymbolic-functions -Wl,-z,relro -Wl,--as-needed -o vim        -lm -ltinfo -lnsl  -lselinux  -lacl -lattr -lgpm -ldl    -L/usr/lib/python2.7/config-x86_64-linux-gnu -lpython2.7 -lpthread -ldl -lutil -lm -Xlinker -export-dynamic -Wl,-O1 -Wl,-Bsymbolic-functions      
[34m[1miptables version[0m
iptables v1.4.21
[34m[1mcurl version[0m
curl 7.35.0 (x86_64-pc-linux-gnu) libcurl/7.35.0 OpenSSL/1.0.1f zlib/1.2.8 libidn/1.28 librtmp/2.3
[34m[1mwget version[0m
GNU Wget 1.15 built on linux-gnu.
[34m[1mrsync version[0m
rsync  version 3.1.0  protocol version 31
[34m[1mgimme version[0m
v1.2.0
[34m[1mnvm version[0m
0.33.6
[34m[1mperlbrew version[0m
/home/travis/perl5/perlbrew/bin/perlbrew  - App::perlbrew/0.80
[34m[1mphpenv version[0m
rbenv 1.1.1-25-g6aa70b6
[34m[1mrvm version[0m
rvm 1.29.3 (latest) by Michal Papis, Piotr Kuczynski, Wayne E. Seguin [https://rvm.io]
[34m[1mdefault ruby version[0m
ruby 2.4.1p111 (2017-03-22 revision 58053) [x86_64-linux]
[34m[1mCouchDB version[0m
couchdb 1.6.1
[34m[1mElasticSearch version[0m
5.5.0
[34m[1mInstalled Firefox version[0m
firefox 56.0.2
[34m[1mMongoDB version[0m
MongoDB 3.4.10
[34m[1mPhantomJS version[0m
2.1.1
[34m[1mPre-installed PostgreSQL versions[0m
9.2.24
9.3.20
9.4.15
9.5.10
9.6.6
[34m[1mRabbitMQ Version[0m
3.6.14
[34m[1mRedis version[0m
redis-server 4.0.6
[34m[1mriak version[0m
2.2.3
[34m[1mPre-installed Go versions[0m
1.7.4
[34m[1mant version[0m
Apache Ant(TM) version 1.9.3 compiled on April 8 2014
[34m[1mmvn version[0m
Apache Maven 3.5.2 (138edd61fd100ec658bfa2d307c43b76940a5d7d; 2017-10-18T07:58:13Z)
Maven home: /usr/local/maven-3.5.2
Java version: 1.8.0_151, vendor: Oracle Corporation
Java home: /usr/lib/jvm/java-8-oracle/jre
Default locale: en_US, platform encoding: UTF-8
OS name: "linux", version: "4.4.0-101-generic", arch: "amd64", family: "unix"
[34m[1mgradle version[0m

------------------------------------------------------------
Gradle 4.0.1
------------------------------------------------------------

Build time:   2017-07-07 14:02:41 UTC
Revision:     38e5dc0f772daecca1d2681885d3d85414eb6826

Groovy:       2.4.11
Ant:          Apache Ant(TM) version 1.9.6 compiled on June 29 2015
JVM:          1.8.0_151 (Oracle Corporation 25.151-b12)
OS:           Linux 4.4.0-101-generic amd64

[34m[1mlein version[0m
Leiningen 2.8.1 on Java 1.8.0_151 Java HotSpot(TM) 64-Bit Server VM
[34m[1mPre-installed Node.js versions[0m
v4.8.6
v6.12.0
v6.12.1
v8.9
v8.9.1
[34m[1mphpenv versions[0m
  system
  5.6
* 5.6.32 (set by /home/travis/.phpenv/version)
  7.0
  7.0.25
  7.1
  7.1.11
  hhvm
  hhvm-stable
[34m[1mcomposer --version[0m
Composer version 1.5.2 2017-09-11 16:59:25
[34m[1mPre-installed Ruby versions[0m
ruby-2.2.7
ruby-2.3.4
ruby-2.4.1
travis_fold:end:system_info[0K
removed â€˜/etc/apt/sources.list.d/basho_riak.listâ€™
Executing: /tmp/tmp.rmDdcuccvr/gpg.1.sh --keyserver
hkp://keyserver.ubuntu.com:80
--recv
EA312927
gpg: requesting key EA312927 from hkp server keyserver.ubuntu.com
gpg: key EA312927: public key "MongoDB 3.2 Release Signing Key <packaging@mongodb.com>" imported
gpg: Total number processed: 1
gpg:               imported: 1  (RSA: 1)
W: GPG error: http://repo.mongodb.org/apt/ubuntu trusty/mongodb-org/3.4 Release: The following signatures were invalid: KEYEXPIRED 1515625755
W: The repository 'http://repo.mongodb.org/apt/ubuntu trusty/mongodb-org/3.4 Release' is not signed.
W: http://ppa.launchpad.net/couchdb/stable/ubuntu/dists/trusty/Release.gpg: Signature by key 15866BAFD9BCC4F3C1E0DFC7D69548E1C17EAB57 uses weak digest algorithm (SHA1)
127.0.0.1	localhost
::1	 ip6-localhost ip6-loopback
fe00::0	ip6-localnet
ff00::0	ip6-mcastprefix
ff02::1	ip6-allnodes
ff02::2	ip6-allrouters
172.17.0.14	travis-job-dita-ot-dita-ot-327541598.travisci.net travis-job-dita-ot-dita-ot-327541598
$ jdk_switcher use oraclejdk8
Switching to Oracle JDK8 (java-8-oracle), JAVA_HOME will be set to /usr/lib/jvm/java-8-oracle
travis_fold:start:git.checkout[0Ktravis_time:start:03b65080[0K$ git clone --depth=50 https://github.com/dita-ot/dita-ot.git dita-ot/dita-ot
Cloning into 'dita-ot/dita-ot'...
remote: Counting objects: 15085, done.[K
remote: Compressing objects:   0% (1/7681)   [Kremote: Compressing objects:   1% (77/7681)   [Kremote: Compressing objects:   2% (154/7681)   [Kremote: Compressing objects:   3% (231/7681)   [Kremote: Compressing objects:   4% (308/7681)   [Kremote: Compressing objects:   5% (385/7681)   [Kremote: Compressing objects:   6% (461/7681)   [Kremote: Compressing objects:   7% (538/7681)   [Kremote: Compressing objects:   8% (615/7681)   [Kremote: Compressing objects:   9% (692/7681)   [Kremote: Compressing objects:  10% (769/7681)   [Kremote: Compressing objects:  11% (845/7681)   [Kremote: Compressing objects:  12% (922/7681)   [Kremote: Compressing objects:  13% (999/7681)   [Kremote: Compressing objects:  14% (1076/7681)   [Kremote: Compressing objects:  15% (1153/7681)   [Kremote: Compressing objects:  16% (1229/7681)   [Kremote: Compressing objects:  17% (1306/7681)   [Kremote: Compressing objects:  18% (1383/7681)   [Kremote: Compressing objects:  19% (1460/7681)   [Kremote: Compressing objects:  20% (1537/7681)   [Kremote: Compressing objects:  21% (1614/7681)   [Kremote: Compressing objects:  22% (1690/7681)   [Kremote: Compressing objects:  23% (1767/7681)   [Kremote: Compressing objects:  24% (1844/7681)   [Kremote: Compressing objects:  25% (1921/7681)   [Kremote: Compressing objects:  26% (1998/7681)   [Kremote: Compressing objects:  27% (2074/7681)   [Kremote: Compressing objects:  28% (2151/7681)   [Kremote: Compressing objects:  29% (2228/7681)   [Kremote: Compressing objects:  30% (2305/7681)   [Kremote: Compressing objects:  31% (2382/7681)   [Kremote: Compressing objects:  32% (2458/7681)   [Kremote: Compressing objects:  33% (2535/7681)   [Kremote: Compressing objects:  34% (2612/7681)   [Kremote: Compressing objects:  35% (2689/7681)   [Kremote: Compressing objects:  36% (2766/7681)   [Kremote: Compressing objects:  37% (2842/7681)   [Kremote: Compressing objects:  38% (2919/7681)   [Kremote: Compressing objects:  39% (2996/7681)   [Kremote: Compressing objects:  40% (3073/7681)   [Kremote: Compressing objects:  41% (3150/7681)   [Kremote: Compressing objects:  42% (3227/7681)   [Kremote: Compressing objects:  43% (3303/7681)   [Kremote: Compressing objects:  44% (3380/7681)   [Kremote: Compressing objects:  45% (3457/7681)   [Kremote: Compressing objects:  46% (3534/7681)   [Kremote: Compressing objects:  47% (3611/7681)   [Kremote: Compressing objects:  48% (3687/7681)   [Kremote: Compressing objects:  49% (3764/7681)   [Kremote: Compressing objects:  50% (3841/7681)   [Kremote: Compressing objects:  51% (3918/7681)   [Kremote: Compressing objects:  52% (3995/7681)   [Kremote: Compressing objects:  53% (4071/7681)   [Kremote: Compressing objects:  54% (4148/7681)   [Kremote: Compressing objects:  55% (4225/7681)   [Kremote: Compressing objects:  56% (4302/7681)   [Kremote: Compressing objects:  57% (4379/7681)   [Kremote: Compressing objects:  58% (4455/7681)   [Kremote: Compressing objects:  59% (4532/7681)   [Kremote: Compressing objects:  60% (4609/7681)   [Kremote: Compressing objects:  61% (4686/7681)   [Kremote: Compressing objects:  62% (4763/7681)   [Kremote: Compressing objects:  63% (4840/7681)   [Kremote: Compressing objects:  64% (4916/7681)   [Kremote: Compressing objects:  65% (4993/7681)   [Kremote: Compressing objects:  66% (5070/7681)   [Kremote: Compressing objects:  67% (5147/7681)   [Kremote: Compressing objects:  68% (5224/7681)   [Kremote: Compressing objects:  69% (5300/7681)   [Kremote: Compressing objects:  70% (5377/7681)   [Kremote: Compressing objects:  71% (5454/7681)   [Kremote: Compressing objects:  72% (5531/7681)   [Kremote: Compressing objects:  73% (5608/7681)   [Kremote: Compressing objects:  74% (5684/7681)   [Kremote: Compressing objects:  75% (5761/7681)   [Kremote: Compressing objects:  76% (5838/7681)   [Kremote: Compressing objects:  77% (5915/7681)   [Kremote: Compressing objects:  78% (5992/7681)   [Kremote: Compressing objects:  79% (6068/7681)   [Kremote: Compressing objects:  80% (6145/7681)   [Kremote: Compressing objects:  81% (6222/7681)   [Kremote: Compressing objects:  82% (6299/7681)   [Kremote: Compressing objects:  83% (6376/7681)   [Kremote: Compressing objects:  84% (6453/7681)   [Kremote: Compressing objects:  85% (6529/7681)   [Kremote: Compressing objects:  86% (6606/7681)   [Kremote: Compressing objects:  87% (6683/7681)   [Kremote: Compressing objects:  88% (6760/7681)   [Kremote: Compressing objects:  89% (6837/7681)   [Kremote: Compressing objects:  90% (6913/7681)   [Kremote: Compressing objects:  91% (6990/7681)   [Kremote: Compressing objects:  92% (7067/7681)   [Kremote: Compressing objects:  93% (7144/7681)   [Kremote: Compressing objects:  94% (7221/7681)   [Kremote: Compressing objects:  95% (7297/7681)   [Kremote: Compressing objects:  96% (7374/7681)   [Kremote: Compressing objects:  97% (7451/7681)   [Kremote: Compressing objects:  98% (7528/7681)   [Kremote: Compressing objects:  99% (7605/7681)   [Kremote: Compressing objects: 100% (7681/7681)   [Kremote: Compressing objects: 100% (7681/7681), done.[K
Receiving objects:   0% (1/15085)   Receiving objects:   1% (151/15085)   Receiving objects:   2% (302/15085)   Receiving objects:   3% (453/15085)   Receiving objects:   4% (604/15085)   Receiving objects:   5% (755/15085)   Receiving objects:   6% (906/15085)   Receiving objects:   7% (1056/15085)   Receiving objects:   8% (1207/15085)   Receiving objects:   9% (1358/15085)   Receiving objects:  10% (1509/15085)   Receiving objects:  11% (1660/15085)   Receiving objects:  12% (1811/15085)   Receiving objects:  13% (1962/15085)   Receiving objects:  14% (2112/15085)   Receiving objects:  15% (2263/15085)   Receiving objects:  16% (2414/15085)   Receiving objects:  17% (2565/15085)   Receiving objects:  18% (2716/15085)   Receiving objects:  19% (2867/15085)   Receiving objects:  20% (3017/15085)   Receiving objects:  21% (3168/15085)   Receiving objects:  22% (3319/15085)   Receiving objects:  23% (3470/15085)   Receiving objects:  24% (3621/15085)   Receiving objects:  25% (3772/15085)   Receiving objects:  26% (3923/15085)   Receiving objects:  27% (4073/15085)   Receiving objects:  28% (4224/15085)   Receiving objects:  29% (4375/15085)   Receiving objects:  30% (4526/15085)   Receiving objects:  31% (4677/15085)   Receiving objects:  32% (4828/15085)   Receiving objects:  33% (4979/15085)   Receiving objects:  34% (5129/15085)   Receiving objects:  35% (5280/15085)   Receiving objects:  36% (5431/15085)   Receiving objects:  37% (5582/15085)   Receiving objects:  38% (5733/15085)   Receiving objects:  39% (5884/15085)   Receiving objects:  40% (6034/15085)   Receiving objects:  41% (6185/15085)   Receiving objects:  42% (6336/15085)   Receiving objects:  43% (6487/15085)   Receiving objects:  44% (6638/15085)   Receiving objects:  45% (6789/15085)   Receiving objects:  46% (6940/15085)   Receiving objects:  47% (7090/15085)   Receiving objects:  48% (7241/15085)   Receiving objects:  49% (7392/15085)   Receiving objects:  50% (7543/15085)   Receiving objects:  51% (7694/15085)   Receiving objects:  52% (7845/15085)   Receiving objects:  53% (7996/15085)   Receiving objects:  54% (8146/15085)   Receiving objects:  55% (8297/15085)   Receiving objects:  56% (8448/15085)   Receiving objects:  57% (8599/15085)   Receiving objects:  58% (8750/15085)   Receiving objects:  59% (8901/15085)   Receiving objects:  60% (9051/15085)   Receiving objects:  61% (9202/15085)   Receiving objects:  62% (9353/15085)   Receiving objects:  63% (9504/15085)   Receiving objects:  64% (9655/15085)   Receiving objects:  65% (9806/15085)   Receiving objects:  66% (9957/15085)   Receiving objects:  67% (10107/15085)   Receiving objects:  68% (10258/15085)   Receiving objects:  69% (10409/15085)   Receiving objects:  70% (10560/15085)   Receiving objects:  71% (10711/15085)   Receiving objects:  72% (10862/15085)   Receiving objects:  73% (11013/15085)   Receiving objects:  74% (11163/15085)   Receiving objects:  75% (11314/15085)   Receiving objects:  76% (11465/15085)   Receiving objects:  77% (11616/15085)   Receiving objects:  78% (11767/15085)   Receiving objects:  79% (11918/15085)   Receiving objects:  80% (12068/15085)   Receiving objects:  81% (12219/15085)   Receiving objects:  82% (12370/15085)   Receiving objects:  83% (12521/15085)   Receiving objects:  84% (12672/15085)   Receiving objects:  85% (12823/15085)   Receiving objects:  86% (12974/15085)   Receiving objects:  87% (13124/15085)   Receiving objects:  88% (13275/15085)   Receiving objects:  89% (13426/15085)   Receiving objects:  90% (13577/15085)   Receiving objects:  90% (13612/15085), 14.31 MiB | 14.30 MiB/s   Receiving objects:  91% (13728/15085), 14.31 MiB | 14.30 MiB/s   Receiving objects:  92% (13879/15085), 14.31 MiB | 14.30 MiB/s   Receiving objects:  93% (14030/15085), 14.31 MiB | 14.30 MiB/s   Receiving objects:  94% (14180/15085), 14.31 MiB | 14.30 MiB/s   Receiving objects:  95% (14331/15085), 14.31 MiB | 14.30 MiB/s   Receiving objects:  96% (14482/15085), 14.31 MiB | 14.30 MiB/s   Receiving objects:  97% (14633/15085), 14.31 MiB | 14.30 MiB/s   Receiving objects:  98% (14784/15085), 14.31 MiB | 14.30 MiB/s   Receiving objects:  99% (14935/15085), 14.31 MiB | 14.30 MiB/s   remote: Total 15085 (delta 8921), reused 11422 (delta 6257), pack-reused 0[K
Receiving objects: 100% (15085/15085), 22.64 MiB | 15.09 MiB/s   Receiving objects: 100% (15085/15085), 28.41 MiB | 15.99 MiB/s, done.
Resolving deltas:   0% (0/8921)   Resolving deltas:   1% (131/8921)   Resolving deltas:   3% (269/8921)   Resolving deltas:   4% (360/8921)   Resolving deltas:   5% (453/8921)   Resolving deltas:   6% (600/8921)   Resolving deltas:   7% (627/8921)   Resolving deltas:   8% (727/8921)   Resolving deltas:   9% (827/8921)   Resolving deltas:  11% (997/8921)   Resolving deltas:  12% (1073/8921)   Resolving deltas:  13% (1167/8921)   Resolving deltas:  14% (1252/8921)   Resolving deltas:  15% (1359/8921)   Resolving deltas:  16% (1428/8921)   Resolving deltas:  17% (1542/8921)   Resolving deltas:  18% (1612/8921)   Resolving deltas:  19% (1735/8921)   Resolving deltas:  20% (1834/8921)   Resolving deltas:  21% (1874/8921)   Resolving deltas:  22% (1982/8921)   Resolving deltas:  23% (2052/8921)   Resolving deltas:  24% (2152/8921)   Resolving deltas:  25% (2235/8921)   Resolving deltas:  26% (2324/8921)   Resolving deltas:  27% (2409/8921)   Resolving deltas:  28% (2498/8921)   Resolving deltas:  29% (2594/8921)   Resolving deltas:  30% (2681/8921)   Resolving deltas:  31% (2780/8921)   Resolving deltas:  32% (2862/8921)   Resolving deltas:  33% (2944/8921)   Resolving deltas:  34% (3035/8921)   Resolving deltas:  35% (3127/8921)   Resolving deltas:  36% (3221/8921)   Resolving deltas:  37% (3310/8921)   Resolving deltas:  38% (3391/8921)   Resolving deltas:  39% (3486/8921)   Resolving deltas:  40% (3569/8921)   Resolving deltas:  41% (3658/8921)   Resolving deltas:  43% (3848/8921)   Resolving deltas:  44% (3930/8921)   Resolving deltas:  45% (4030/8921)   Resolving deltas:  46% (4112/8921)   Resolving deltas:  47% (4208/8921)   Resolving deltas:  48% (4291/8921)   Resolving deltas:  49% (4375/8921)   Resolving deltas:  50% (4467/8921)   Resolving deltas:  51% (4608/8921)   Resolving deltas:  52% (4672/8921)   Resolving deltas:  53% (4736/8921)   Resolving deltas:  54% (4828/8921)   Resolving deltas:  55% (4971/8921)   Resolving deltas:  56% (5011/8921)   Resolving deltas:  57% (5098/8921)   Resolving deltas:  58% (5183/8921)   Resolving deltas:  59% (5267/8921)   Resolving deltas:  60% (5354/8921)   Resolving deltas:  61% (5443/8921)   Resolving deltas:  62% (5536/8921)   Resolving deltas:  63% (5627/8921)   Resolving deltas:  64% (5714/8921)   Resolving deltas:  65% (5804/8921)   Resolving deltas:  66% (5891/8921)   Resolving deltas:  67% (5980/8921)   Resolving deltas:  68% (6069/8921)   Resolving deltas:  69% (6188/8921)   Resolving deltas:  70% (6253/8921)   Resolving deltas:  71% (6379/8921)   Resolving deltas:  72% (6452/8921)   Resolving deltas:  74% (6611/8921)   Resolving deltas:  75% (6747/8921)   Resolving deltas:  76% (6806/8921)   Resolving deltas:  77% (6870/8921)   Resolving deltas:  78% (6969/8921)   Resolving deltas:  79% (7075/8921)   Resolving deltas:  80% (7147/8921)   Resolving deltas:  81% (7229/8921)   Resolving deltas:  82% (7320/8921)   Resolving deltas:  83% (7407/8921)   Resolving deltas:  84% (7495/8921)   Resolving deltas:  85% (7592/8921)   Resolving deltas:  86% (7676/8921)   Resolving deltas:  87% (7763/8921)   Resolving deltas:  88% (7862/8921)   Resolving deltas:  89% (7940/8921)   Resolving deltas:  90% (8029/8921)   Resolving deltas:  91% (8119/8921)   Resolving deltas:  92% (8208/8921)   Resolving deltas:  93% (8306/8921)   Resolving deltas:  94% (8387/8921)   Resolving deltas:  95% (8476/8921)   Resolving deltas:  96% (8566/8921)   Resolving deltas:  97% (8686/8921)   Resolving deltas:  98% (8743/8921)   Resolving deltas:  99% (8832/8921)   Resolving deltas: 100% (8921/8921)   Resolving deltas: 100% (8921/8921), done.

travis_time:end:03b65080:start=1515648905782340503,finish=1515648909969175725,duration=4186835222[0K$ cd dita-ot/dita-ot
travis_time:start:04148328[0K$ git fetch origin +refs/pull/2877/merge:
remote: Counting objects: 99, done.[K
remote: Compressing objects:   2% (1/37)   [Kremote: Compressing objects:   5% (2/37)   [Kremote: Compressing objects:   8% (3/37)   [Kremote: Compressing objects:  10% (4/37)   [Kremote: Compressing objects:  13% (5/37)   [Kremote: Compressing objects:  16% (6/37)   [Kremote: Compressing objects:  18% (7/37)   [Kremote: Compressing objects:  21% (8/37)   [Kremote: Compressing objects:  24% (9/37)   [Kremote: Compressing objects:  27% (10/37)   [Kremote: Compressing objects:  29% (11/37)   [Kremote: Compressing objects:  32% (12/37)   [Kremote: Compressing objects:  35% (13/37)   [Kremote: Compressing objects:  37% (14/37)   [Kremote: Compressing objects:  40% (15/37)   [Kremote: Compressing objects:  43% (16/37)   [Kremote: Compressing objects:  45% (17/37)   [Kremote: Compressing objects:  48% (18/37)   [Kremote: Compressing objects:  51% (19/37)   [Kremote: Compressing objects:  54% (20/37)   [Kremote: Compressing objects:  56% (21/37)   [Kremote: Compressing objects:  59% (22/37)   [Kremote: Compressing objects:  62% (23/37)   [Kremote: Compressing objects:  64% (24/37)   [Kremote: Compressing objects:  67% (25/37)   [Kremote: Compressing objects:  70% (26/37)   [Kremote: Compressing objects:  72% (27/37)   [Kremote: Compressing objects:  75% (28/37)   [Kremote: Compressing objects:  78% (29/37)   [Kremote: Compressing objects:  81% (30/37)   [Kremote: Compressing objects:  83% (31/37)   [Kremote: Compressing objects:  86% (32/37)   [Kremote: Compressing objects:  89% (33/37)   [Kremote: Compressing objects:  91% (34/37)   [Kremote: Compressing objects:  94% (35/37)   [Kremote: Compressing objects:  97% (36/37)   [Kremote: Compressing objects: 100% (37/37)   [Kremote: Compressing objects: 100% (37/37), done.[K
remote: Total 99 (delta 57), reused 96 (delta 55), pack-reused 0[K
Unpacking objects:   1% (1/99)   Unpacking objects:   2% (2/99)   Unpacking objects:   3% (3/99)   Unpacking objects:   4% (4/99)   Unpacking objects:   5% (5/99)   Unpacking objects:   6% (6/99)   Unpacking objects:   7% (7/99)   Unpacking objects:   8% (8/99)   Unpacking objects:   9% (9/99)   Unpacking objects:  10% (10/99)   Unpacking objects:  11% (11/99)   Unpacking objects:  12% (12/99)   Unpacking objects:  13% (13/99)   Unpacking objects:  14% (14/99)   Unpacking objects:  15% (15/99)   Unpacking objects:  16% (16/99)   Unpacking objects:  17% (17/99)   Unpacking objects:  18% (18/99)   Unpacking objects:  19% (19/99)   Unpacking objects:  20% (20/99)   Unpacking objects:  21% (21/99)   Unpacking objects:  22% (22/99)   Unpacking objects:  23% (23/99)   Unpacking objects:  24% (24/99)   Unpacking objects:  25% (25/99)   Unpacking objects:  26% (26/99)   Unpacking objects:  27% (27/99)   Unpacking objects:  28% (28/99)   Unpacking objects:  29% (29/99)   Unpacking objects:  30% (30/99)   Unpacking objects:  31% (31/99)   Unpacking objects:  32% (32/99)   Unpacking objects:  33% (33/99)   Unpacking objects:  34% (34/99)   Unpacking objects:  35% (35/99)   Unpacking objects:  36% (36/99)   Unpacking objects:  37% (37/99)   Unpacking objects:  38% (38/99)   Unpacking objects:  39% (39/99)   Unpacking objects:  40% (40/99)   Unpacking objects:  41% (41/99)   Unpacking objects:  42% (42/99)   Unpacking objects:  43% (43/99)   Unpacking objects:  44% (44/99)   Unpacking objects:  45% (45/99)   Unpacking objects:  46% (46/99)   Unpacking objects:  47% (47/99)   Unpacking objects:  48% (48/99)   Unpacking objects:  49% (49/99)   Unpacking objects:  50% (50/99)   Unpacking objects:  51% (51/99)   Unpacking objects:  52% (52/99)   Unpacking objects:  53% (53/99)   Unpacking objects:  54% (54/99)   Unpacking objects:  55% (55/99)   Unpacking objects:  56% (56/99)   Unpacking objects:  57% (57/99)   Unpacking objects:  58% (58/99)   Unpacking objects:  59% (59/99)   Unpacking objects:  60% (60/99)   Unpacking objects:  61% (61/99)   Unpacking objects:  62% (62/99)   Unpacking objects:  63% (63/99)   Unpacking objects:  64% (64/99)   Unpacking objects:  65% (65/99)   Unpacking objects:  66% (66/99)   Unpacking objects:  67% (67/99)   Unpacking objects:  68% (68/99)   Unpacking objects:  69% (69/99)   Unpacking objects:  70% (70/99)   Unpacking objects:  71% (71/99)   Unpacking objects:  72% (72/99)   Unpacking objects:  73% (73/99)   Unpacking objects:  74% (74/99)   Unpacking objects:  75% (75/99)   Unpacking objects:  76% (76/99)   Unpacking objects:  77% (77/99)   Unpacking objects:  78% (78/99)   Unpacking objects:  79% (79/99)   Unpacking objects:  80% (80/99)   Unpacking objects:  81% (81/99)   Unpacking objects:  82% (82/99)   Unpacking objects:  83% (83/99)   Unpacking objects:  84% (84/99)   Unpacking objects:  85% (85/99)   Unpacking objects:  86% (86/99)   Unpacking objects:  87% (87/99)   Unpacking objects:  88% (88/99)   Unpacking objects:  89% (89/99)   Unpacking objects:  90% (90/99)   Unpacking objects:  91% (91/99)   Unpacking objects:  92% (92/99)   Unpacking objects:  93% (93/99)   Unpacking objects:  94% (94/99)   Unpacking objects:  95% (95/99)   Unpacking objects:  96% (96/99)   Unpacking objects:  97% (97/99)   Unpacking objects:  98% (98/99)   Unpacking objects: 100% (99/99)   Unpacking objects: 100% (99/99), done.
From https://github.com/dita-ot/dita-ot
 * branch            refs/pull/2877/merge -> FETCH_HEAD

travis_time:end:04148328:start=1515648909976573229,finish=1515648910278562127,duration=301988898[0K$ git checkout -qf FETCH_HEAD
travis_fold:end:git.checkout[0Ktravis_fold:start:git.submodule[0Ktravis_time:start:02605c91[0K$ git submodule update --init --recursive
Submodule 'src/main/docsrc' (https://github.com/dita-ot/docs.git) registered for path 'src/main/docsrc'
Cloning into '/home/travis/build/dita-ot/dita-ot/src/main/docsrc'...
Submodule path 'src/main/docsrc': checked out '0e1bda71b62d8e67fff48f6bc4438c985569320e'

travis_time:end:02605c91:start=1515648910655430833,finish=1515648911408844772,duration=753413939[0Ktravis_fold:end:git.submodule[0K
[33;1mEncrypted environment variables have been removed for security reasons.[0m
[33;1mSee https://docs.travis-ci.com/user/pull-requests/#Pull-Requests-and-Security-Restrictions[0m

[33;1mSetting environment variables from repository settings[0m
$ export LOG_LEVEL=4
$ export SKIP_GENERATE_DOCS=false

[33;1mSetting environment variables from .travis.yml[0m
$ export JAVA_OPTS="-Xmx2048M"
$ export GRADLE_OPTS="-Xmx2048M"

$ export TERM=dumb
[33;1mDisabling Gradle daemon[0m
travis_time:start:042a0018[0K$ mkdir -p ~/.gradle && echo "org.gradle.daemon=false" >> ~/.gradle/gradle.properties

travis_time:end:042a0018:start=1515648917458201880,finish=1515648917464227889,duration=6026009[0K$ export PATH=$JAVA_HOME/bin:$PATH
$ java -Xmx32m -version
Picked up _JAVA_OPTIONS: -Xmx2048m -Xms512m
java version "1.8.0_151"
Java(TM) SE Runtime Environment (build 1.8.0_151-b12)
Java HotSpot(TM) 64-Bit Server VM (build 25.151-b12, mixed mode)
$ javac -J-Xmx32m -version
Picked up _JAVA_OPTIONS: -Xmx2048m -Xms512m
javac 1.8.0_151
travis_fold:start:install[0Ktravis_time:start:06f01a6e[0K$ ./gradlew assemble
Picked up _JAVA_OPTIONS: -Xmx2048m -Xms512m
Downloading https://services.gradle.org/distributions/gradle-4.2.1-bin.zip
...................................................................
Unzipping /home/travis/.gradle/wrapper/dists/gradle-4.2.1-bin/dajvke9o8kmaxbu0kc5gcgeju/gradle-4.2.1-bin.zip to /home/travis/.gradle/wrapper/dists/gradle-4.2.1-bin/dajvke9o8kmaxbu0kc5gcgeju
Set executable permissions for: /home/travis/.gradle/wrapper/dists/gradle-4.2.1-bin/dajvke9o8kmaxbu0kc5gcgeju/gradle-4.2.1/bin/gradle
Download https://repo1.maven.org/maven2/io/bit3/jsass/5.5.3/jsass-5.5.3.pom
Download https://repo1.maven.org/maven2/org/apache/commons/commons-lang3/3.6/commons-lang3-3.6.pom
Download https://repo1.maven.org/maven2/commons-io/commons-io/2.5/commons-io-2.5.pom
Download https://repo1.maven.org/maven2/org/apache/commons/commons-parent/42/commons-parent-42.pom
Download https://repo1.maven.org/maven2/org/apache/commons/commons-parent/39/commons-parent-39.pom
Download https://repo1.maven.org/maven2/org/apache/apache/16/apache-16.pom
Download https://repo1.maven.org/maven2/org/apache/apache/18/apache-18.pom
Download https://repo1.maven.org/maven2/org/slf4j/slf4j-api/1.7.25/slf4j-api-1.7.25.pom
Download https://repo1.maven.org/maven2/org/slf4j/slf4j-parent/1.7.25/slf4j-parent-1.7.25.pom
Download https://repo1.maven.org/maven2/org/apache/commons/commons-lang3/3.6/commons-lang3-3.6.jar
Download https://repo1.maven.org/maven2/org/slf4j/slf4j-api/1.7.25/slf4j-api-1.7.25.jar
Download https://repo1.maven.org/maven2/commons-io/commons-io/2.5/commons-io-2.5.jar
Download https://repo1.maven.org/maven2/io/bit3/jsass/5.5.3/jsass-5.5.3.jar
:compileJava
Download https://repo1.maven.org/maven2/xerces/xercesImpl/2.11.0/xercesImpl-2.11.0.pom
Download https://repo1.maven.org/maven2/commons-codec/commons-codec/1.10/commons-codec-1.10.pom
Download https://repo1.maven.org/maven2/xml-resolver/xml-resolver/1.2/xml-resolver-1.2.pom
Download https://repo1.maven.org/maven2/org/apache/apache/3/apache-3.pom
Download https://repo1.maven.org/maven2/org/apache/commons/commons-parent/35/commons-parent-35.pom
Download https://repo1.maven.org/maven2/org/apache/apache/15/apache-15.pom
Download https://repo1.maven.org/maven2/net/sf/saxon/Saxon-HE/9.8.0-5/Saxon-HE-9.8.0-5.pom
Download https://repo1.maven.org/maven2/org/sonatype/oss/oss-parent/7/oss-parent-7.pom
Download https://repo1.maven.org/maven2/com/ibm/icu/icu4j/57.1/icu4j-57.1.pom
Download https://repo1.maven.org/maven2/org/apache/ant/ant/1.10.1/ant-1.10.1.pom
Download https://repo1.maven.org/maven2/org/apache/ant/ant-parent/1.10.1/ant-parent-1.10.1.pom
Download https://repo1.maven.org/maven2/org/apache/ant/ant-launcher/1.10.1/ant-launcher-1.10.1.pom
Download https://repo1.maven.org/maven2/com/google/guava/guava/19.0/guava-19.0.pom
Download https://repo1.maven.org/maven2/org/slf4j/slf4j-api/1.7.23/slf4j-api-1.7.23.pom
Download https://repo1.maven.org/maven2/com/google/guava/guava-parent/19.0/guava-parent-19.0.pom
Download https://repo1.maven.org/maven2/org/slf4j/slf4j-parent/1.7.23/slf4j-parent-1.7.23.pom
Download https://repo1.maven.org/maven2/xml-apis/xml-apis/1.4.01/xml-apis-1.4.01.pom
Download https://repo1.maven.org/maven2/ch/qos/logback/logback-classic/1.2.1/logback-classic-1.2.1.pom
Download https://repo1.maven.org/maven2/ch/qos/logback/logback-parent/1.2.1/logback-parent-1.2.1.pom
Download https://repo1.maven.org/maven2/ch/qos/logback/logback-core/1.2.1/logback-core-1.2.1.pom
Download https://repo1.maven.org/maven2/commons-codec/commons-codec/1.10/commons-codec-1.10.jar
Download https://repo1.maven.org/maven2/xerces/xercesImpl/2.11.0/xercesImpl-2.11.0.jar
Download https://repo1.maven.org/maven2/xml-apis/xml-apis/1.4.01/xml-apis-1.4.01.jar
Download https://repo1.maven.org/maven2/xml-resolver/xml-resolver/1.2/xml-resolver-1.2.jar
Download https://repo1.maven.org/maven2/net/sf/saxon/Saxon-HE/9.8.0-5/Saxon-HE-9.8.0-5.jar
Download https://repo1.maven.org/maven2/com/ibm/icu/icu4j/57.1/icu4j-57.1.jar
Download https://repo1.maven.org/maven2/org/apache/ant/ant/1.10.1/ant-1.10.1.jar
Download https://repo1.maven.org/maven2/org/apache/ant/ant-launcher/1.10.1/ant-launcher-1.10.1.jar
Download https://repo1.maven.org/maven2/com/google/guava/guava/19.0/guava-19.0.jar
Download https://repo1.maven.org/maven2/ch/qos/logback/logback-classic/1.2.1/logback-classic-1.2.1.jar
Download https://repo1.maven.org/maven2/org/slf4j/slf4j-api/1.7.23/slf4j-api-1.7.23.jar
Download https://repo1.maven.org/maven2/ch/qos/logback/logback-core/1.2.1/logback-core-1.2.1.jar
Note: Some input files use or override a deprecated API.
Note: Recompile with -Xlint:deprecation for details.
Note: Some input files use unchecked or unsafe operations.
Note: Recompile with -Xlint:unchecked for details.
:processResources
:classes
:jar
:javadocPicked up _JAVA_OPTIONS: -Xmx2048m -Xms512m
/home/travis/build/dita-ot/dita-ot/src/main/java/org/dita/dost/exception/DITAOTXMLErrorHandler.java:34: warning: no @param for logger
    public DITAOTXMLErrorHandler(final String file, final DITAOTLogger logger) {
           ^
/home/travis/build/dita-ot/dita-ot/src/main/java/org/dita/dost/module/filter/MapBranchFilterModule.java:92: warning: no @param for fi
    protected void processMap(final FileInfo fi) {
                   ^
/home/travis/build/dita-ot/dita-ot/src/main/java/org/dita/dost/module/filter/TopicBranchFilterModule.java:89: warning: no @param for map
    protected void processMap(final URI map) {
                   ^
/home/travis/build/dita-ot/dita-ot/src/main/java/org/dita/dost/util/FilterUtils.java:270: warning: no @param for element
    public boolean needExclude(final Element element, final QName[][] props) {
                   ^
/home/travis/build/dita-ot/dita-ot/src/main/java/org/dita/dost/util/FilterUtils.java:270: warning: no @param for props
    public boolean needExclude(final Element element, final QName[][] props) {
                   ^
/home/travis/build/dita-ot/dita-ot/src/main/java/org/dita/dost/util/FilterUtils.java:270: warning: no @return
    public boolean needExclude(final Element element, final QName[][] props) {
                   ^
/home/travis/build/dita-ot/dita-ot/src/main/java/org/dita/dost/util/FilterUtils.java:89: warning: no @param for filterMap
    public FilterUtils(final boolean isPrintType, final Map<FilterKey, Action> filterMap,
           ^
/home/travis/build/dita-ot/dita-ot/src/main/java/org/dita/dost/util/FilterUtils.java:89: warning: no @param for foregroundConflictColor
    public FilterUtils(final boolean isPrintType, final Map<FilterKey, Action> filterMap,
           ^
/home/travis/build/dita-ot/dita-ot/src/main/java/org/dita/dost/util/FilterUtils.java:89: warning: no @param for backgroundConflictColor
    public FilterUtils(final boolean isPrintType, final Map<FilterKey, Action> filterMap,
           ^
/home/travis/build/dita-ot/dita-ot/src/main/java/org/dita/dost/util/Job.java:395: warning: no @param for fileInfo
    public void add(final FileInfo fileInfo) {
                ^
/home/travis/build/dita-ot/dita-ot/src/main/java/org/dita/dost/util/Job.java:404: warning: no @param for fileInfo
    public FileInfo remove(final FileInfo fileInfo) {
                    ^
/home/travis/build/dita-ot/dita-ot/src/main/java/org/dita/dost/util/Job.java:961: warning: no @return
    public TempFileNameScheme getTempFileNameScheme() {
                              ^
/home/travis/build/dita-ot/dita-ot/src/main/java/org/dita/dost/util/Job.java:743: warning: no @param for orig
            public Builder add(final FileInfo orig) {
                           ^
/home/travis/build/dita-ot/dita-ot/src/main/java/org/dita/dost/util/Job.java:743: warning: no @return
            public Builder add(final FileInfo orig) {
                           ^
/home/travis/build/dita-ot/dita-ot/src/main/java/org/dita/dost/util/KeyDef.java:55: warning: no @param for format
    public KeyDef(final String keys, final URI href, final String scope, final String format, final URI source, final Element element) {
           ^
/home/travis/build/dita-ot/dita-ot/src/main/java/org/dita/dost/util/KeyDef.java:55: warning: no @param for element
    public KeyDef(final String keys, final URI href, final String scope, final String format, final URI source, final Element element) {
           ^
/home/travis/build/dita-ot/dita-ot/src/main/java/org/dita/dost/util/URLUtils.java:412: warning: no @param for uri
    public static boolean isAbsolute(final URI uri) {
                          ^
/home/travis/build/dita-ot/dita-ot/src/main/java/org/dita/dost/util/URLUtils.java:412: warning: no @return
    public static boolean isAbsolute(final URI uri) {
                          ^
/home/travis/build/dita-ot/dita-ot/src/main/java/org/dita/dost/util/XMLGrammarPoolImplUtils.java:32: warning: no @param for initialCapacity
    public XMLGrammarPoolImplUtils(final int initialCapacity) {
           ^
/home/travis/build/dita-ot/dita-ot/src/main/java/org/dita/dost/util/XMLSerializer.java:91: warning: no @return
    public static XMLSerializer newInstance(final OutputStream out) {
                                ^
/home/travis/build/dita-ot/dita-ot/src/main/java/org/dita/dost/util/XMLSerializer.java:100: warning: no @return
    public static XMLSerializer newInstance(final Writer out) {
                                ^
/home/travis/build/dita-ot/dita-ot/src/main/java/org/dita/dost/util/XMLSerializer.java:169: warning: no @param for uri
    public void writeStartElement(final String uri, final String qName) throws SAXException {
                ^
/home/travis/build/dita-ot/dita-ot/src/main/java/org/dita/dost/util/XMLUtils.java:67: warning: no @param for <T>
    public static <T> List<T> toList(final NodeList nodes) {
                              ^
/home/travis/build/dita-ot/dita-ot/src/main/java/org/dita/dost/util/XMLUtils.java:67: warning: no @param for nodes
    public static <T> List<T> toList(final NodeList nodes) {
                              ^
/home/travis/build/dita-ot/dita-ot/src/main/java/org/dita/dost/util/XMLUtils.java:67: warning: no @return
    public static <T> List<T> toList(final NodeList nodes) {
                              ^
/home/travis/build/dita-ot/dita-ot/src/main/java/org/dita/dost/util/XMLUtils.java:403: warning: no @throws for org.dita.dost.exception.DITAOTException
    public void transform(final URI input, final List<XMLFilter> filters) throws DITAOTException {
                ^
/home/travis/build/dita-ot/dita-ot/src/main/java/org/dita/dost/util/XMLUtils.java:418: warning: no @throws for org.dita.dost.exception.DITAOTException
    public void transform(final File inputFile, final List<XMLFilter> filters) throws DITAOTException {
                ^
/home/travis/build/dita-ot/dita-ot/src/main/java/org/dita/dost/util/XMLUtils.java:438: warning: no @throws for org.dita.dost.exception.DITAOTException
    public void transform(final File inputFile, final File outputFile, final List<XMLFilter> filters) throws DITAOTException {
                ^
/home/travis/build/dita-ot/dita-ot/src/main/java/org/dita/dost/util/XMLUtils.java:483: warning: no @throws for org.dita.dost.exception.DITAOTException
    public void transform(final URI input, final URI output, final List<XMLFilter> filters) throws DITAOTException {
                ^
/home/travis/build/dita-ot/dita-ot/src/main/java/org/dita/dost/util/XMLUtils.java:535: warning: no @param for input
    public static void close(final InputSource input) throws IOException {
                       ^
/home/travis/build/dita-ot/dita-ot/src/main/java/org/dita/dost/util/XMLUtils.java:535: warning: no @throws for java.io.IOException
    public static void close(final InputSource input) throws IOException {
                       ^
/home/travis/build/dita-ot/dita-ot/src/main/java/org/dita/dost/util/XMLUtils.java:550: warning: no @param for input
    public static void close(final Source input) throws IOException {
                       ^
/home/travis/build/dita-ot/dita-ot/src/main/java/org/dita/dost/util/XMLUtils.java:550: warning: no @throws for java.io.IOException
    public static void close(final Source input) throws IOException {
                       ^
/home/travis/build/dita-ot/dita-ot/src/main/java/org/dita/dost/util/XMLUtils.java:566: warning: no @param for result
    public static void close(final Result result) throws IOException {
                       ^
/home/travis/build/dita-ot/dita-ot/src/main/java/org/dita/dost/util/XMLUtils.java:566: warning: no @throws for java.io.IOException
    public static void close(final Result result) throws IOException {
                       ^
/home/travis/build/dita-ot/dita-ot/src/main/java/org/dita/dost/writer/AbstractChunkTopicParser.java:110: warning: no @param for chunkFilenameGenerator
    public void setup(final LinkedHashMap<URI, URI> changeTable, final Map<URI, URI> conflictTable,
                ^
/home/travis/build/dita-ot/dita-ot/src/main/java/org/dita/dost/writer/ImageMetadataFilter.java:67: warning: no @param for outputDir
    public ImageMetadataFilter(final File outputDir, final Job job) {
           ^
/home/travis/build/dita-ot/dita-ot/src/main/java/org/dita/dost/writer/ImageMetadataFilter.java:67: warning: no @param for job
    public ImageMetadataFilter(final File outputDir, final Job job) {
           ^
/home/travis/build/dita-ot/dita-ot/src/main/java/org/dita/dost/writer/KeyrefPaser.java:196: warning: no @return
    public Set<URI> getNormalProcessingRoleTargets() {
                    ^
/home/travis/build/dita-ot/dita-ot/src/main/java/org/dita/dost/writer/NormalizeTableFilter.java:96: warning: no @param for processingMode
    public void setProcessingMode(final Configuration.Mode processingMode) {
                ^
/home/travis/build/dita-ot/dita-ot/src/main/java/org/dita/dost/writer/ProfilingFilter.java:84: warning: no @return
    public boolean hasElementOutput() {
                   ^
/home/travis/build/dita-ot/dita-ot/src/main/java/org/dita/dost/writer/ValidationFilter.java:56: warning: no @param for validateMap
    public void setValidateMap(final Map<QName, Map<String, Set<String>>> validateMap) {
                ^
/home/travis/build/dita-ot/dita-ot/src/main/java/org/dita/dost/reader/DitaValReader.java:128: warning: no @param for bindingMap
    public void setSubjectScheme(final Map<QName, Map<String, Set<Element>>> bindingMap) {
                ^
/home/travis/build/dita-ot/dita-ot/src/main/java/org/dita/dost/reader/GenListModuleReader.java:625: warning: no @param for href
    public static boolean canFollow(URI href) {
                          ^
/home/travis/build/dita-ot/dita-ot/src/main/java/org/dita/dost/reader/GenListModuleReader.java:625: warning: no @return
    public static boolean canFollow(URI href) {
                          ^
/home/travis/build/dita-ot/dita-ot/src/main/java/org/dita/dost/reader/SubjectSchemeReader.java:108: warning: no @return
    public static Map<URI, Set<URI>> readMapFromXML(final File inputFile) throws IOException {
                                     ^
/home/travis/build/dita-ot/dita-ot/src/main/java/org/dita/dost/reader/SubjectSchemeReader.java:108: warning: no @throws for java.io.IOException
    public static Map<URI, Set<URI>> readMapFromXML(final File inputFile) throws IOException {
                                     ^
/home/travis/build/dita-ot/dita-ot/src/main/java/org/dita/dost/reader/SubjectSchemeReader.java:153: warning: no @throws for java.io.IOException
    public static void writeMapToXML(final Map<URI, Set<URI>> m, final File outputFile) throws IOException {
                       ^
/home/travis/build/dita-ot/dita-ot/src/main/java/org/dita/dost/module/BranchFilterModule.java:118: warning: no @param for map
    protected void processMap(final URI map) {
                   ^
/home/travis/build/dita-ot/dita-ot/src/main/java/org/dita/dost/module/CopyToModule.java:326: warning: no @param for job
    public static File getPathtoProject(final URI filename, final URI traceFilename, final URI inputMap, final Job job) {
                       ^
/home/travis/build/dita-ot/dita-ot/src/main/java/org/dita/dost/module/DebugAndFilterModule.java:518: warning: no @param for job
    public static File getPathtoProject(final File filename, final File traceFilename, final File inputMap, final Job job) {
                       ^
/home/travis/build/dita-ot/dita-ot/src/main/java/org/dita/dost/platform/IAction.java:43: warning: no @throws for org.xml.sax.SAXException
    void getResult(ContentHandler output) throws SAXException;
         ^
/home/travis/build/dita-ot/dita-ot/src/main/java/org/dita/dost/platform/Integrator.java:156: warning: no @throws for java.lang.Exception
    public void execute() throws Exception {
                ^
/home/travis/build/dita-ot/dita-ot/src/main/java/org/dita/dost/platform/Integrator.java:122: warning: no @param for ditaDir
    public Integrator(final File ditaDir) {
           ^
/home/travis/build/dita-ot/dita-ot/src/main/java/org/dita/dost/log/MessageBean.java:231: warning: no @return
    public DITAOTException toException() {
                           ^
/home/travis/build/dita-ot/dita-ot/src/main/java/org/dita/dost/ant/ExtensibleAntInvoker.java:108: warning: no @param for m
    public void addConfiguredModule(final ModuleElem m) {
                ^
/home/travis/build/dita-ot/dita-ot/src/main/java/org/dita/dost/ant/JobPropertyTask.java:37: warning: no @param for dir
    public void setDir(final File dir) {
                ^
/home/travis/build/dita-ot/dita-ot/src/main/java/org/dita/dost/ant/UriBasenameTask.java:53: warning: no @param for file
    public void setFile(final URI file) {
                ^
/home/travis/build/dita-ot/dita-ot/src/main/java/org/dita/dost/ant/UriBasenameTask.java:60: warning: no @param for property
    public void setProperty(final String property) {
                ^
/home/travis/build/dita-ot/dita-ot/src/main/java/org/dita/dost/ant/UriBasenameTask.java:67: warning: no @param for suffix
    public void setSuffix(final String suffix) {
                ^
/home/travis/build/dita-ot/dita-ot/src/main/java/org/dita/dost/ant/UriDirnameTask.java:41: warning: no @param for file
    public void setFile(final URI file) {
                ^
/home/travis/build/dita-ot/dita-ot/src/main/java/org/dita/dost/ant/UriDirnameTask.java:48: warning: no @param for property
    public void setProperty(String property) {
                ^

62 warnings
:javadocJar
:sourcesJar
:assemble
:axf:compileJava
Download https://repo1.maven.org/maven2/org/apache/ant/ant-apache-resolver/1.10.1/ant-apache-resolver-1.10.1.pom
Download https://repo1.maven.org/maven2/org/apache/ant/ant-apache-resolver/1.10.1/ant-apache-resolver-1.10.1.jar
:axf:processResources NO-SOURCE
:axf:classes
:axf:jar
:axf:assemble
:eclipsehelp:compileJava
:eclipsehelp:processResources NO-SOURCE
:eclipsehelp:classes
:eclipsehelp:jar
:eclipsehelp:assemble
:fo:compileJava
:fo:processResources NO-SOURCE
:fo:classes
:fo:jar
:fo:assemble
:fop:compileJava NO-SOURCE
:fop:processResources NO-SOURCE
:fop:classes UP-TO-DATE
:fop:jar
:fop:assemble
:html5:compileJava NO-SOURCE
:html5:processResources NO-SOURCE
:html5:classes UP-TO-DATE
:html5:jar
:html5:assemble
:htmlhelp:compileJava
:htmlhelp:processResources NO-SOURCE
:htmlhelp:classes
:htmlhelp:jar
:htmlhelp:assemble
:xep:compileJava
:xep:processResources NO-SOURCE
:xep:classes
:xep:jar
:xep:assemble

BUILD SUCCESSFUL in 32s
18 actionable tasks: 18 executed

travis_time:end:06f01a6e:start=1515648918095021748,finish=1515648950774928958,duration=32679907210[0Ktravis_fold:end:install[0Ktravis_fold:start:before_script.1[0Ktravis_time:start:137457e4[0K$ git submodule update --init --recursive

travis_time:end:137457e4:start=1515648950780521505,finish=1515648950823222875,duration=42701370[0Ktravis_fold:end:before_script.1[0Ktravis_fold:start:before_script.2[0Ktravis_time:start:015d9c65[0K$ ./gradlew
Picked up _JAVA_OPTIONS: -Xmx2048m -Xms512m
:compileJava UP-TO-DATE
:processResources UP-TO-DATE
:classes UP-TO-DATE
:jar UP-TO-DATE
:copyInstall
:axf:compileJava UP-TO-DATE
:axf:processResources NO-SOURCE
:axf:classes UP-TO-DATE
:axf:jar UP-TO-DATE
:axf:copyInstall
:eclipsehelp:compileJava UP-TO-DATE
:eclipsehelp:processResources NO-SOURCE
:eclipsehelp:classes UP-TO-DATE
:eclipsehelp:jar UP-TO-DATE
:eclipsehelp:copyInstall
:fo:compileJava UP-TO-DATE
:fo:processResources NO-SOURCE
:fo:classes UP-TO-DATE
:fo:jar UP-TO-DATE
:fo:copyInstall
:fop:compileJava NO-SOURCE
:fop:processResources NO-SOURCE
:fop:classes UP-TO-DATE
:fop:copyInstall
Download https://repo1.maven.org/maven2/org/apache/pdfbox/fontbox/2.0.6/fontbox-2.0.6.pom
Download https://repo1.maven.org/maven2/org/apache/xmlgraphics/fop/2.2/fop-2.2.pom
Download https://repo1.maven.org/maven2/org/apache/pdfbox/pdfbox-parent/2.0.6/pdfbox-parent-2.0.6.pom
Download https://repo1.maven.org/maven2/org/apache/apache/7/apache-7.pom
Download https://repo1.maven.org/maven2/xml-apis/xml-apis-ext/1.3.04/xml-apis-ext-1.3.04.pom
Download https://repo1.maven.org/maven2/org/apache/xmlgraphics/xmlgraphics-commons/2.2/xmlgraphics-commons-2.2.pom
Download https://repo1.maven.org/maven2/org/apache/xmlgraphics/batik-svg-dom/1.9/batik-svg-dom-1.9.pom
Download https://repo1.maven.org/maven2/org/apache/xmlgraphics/batik-awt-util/1.9/batik-awt-util-1.9.pom
Download https://repo1.maven.org/maven2/org/apache/xmlgraphics/batik-gvt/1.9/batik-gvt-1.9.pom
Download https://repo1.maven.org/maven2/org/apache/xmlgraphics/batik-transcoder/1.9/batik-transcoder-1.9.pom
Download https://repo1.maven.org/maven2/org/apache/xmlgraphics/batik-extension/1.9/batik-extension-1.9.pom
Download https://repo1.maven.org/maven2/commons-logging/commons-logging/1.0.4/commons-logging-1.0.4.pom
Download https://repo1.maven.org/maven2/org/apache/xmlgraphics/batik-ext/1.9/batik-ext-1.9.pom
Download https://repo1.maven.org/maven2/commons-io/commons-io/1.3.1/commons-io-1.3.1.pom
Download https://repo1.maven.org/maven2/org/apache/avalon/framework/avalon-framework-api/4.3.1/avalon-framework-api-4.3.1.pom
Download https://repo1.maven.org/maven2/org/apache/avalon/framework/avalon-framework-impl/4.3.1/avalon-framework-impl-4.3.1.pom
Download https://repo1.maven.org/maven2/org/apache/avalon/avalon-framework/1/avalon-framework-1.pom
Download https://repo1.maven.org/maven2/org/apache/excalibur/excalibur/1/excalibur-1.pom
Download https://repo1.maven.org/maven2/org/apache/xmlgraphics/batik-bridge/1.9/batik-bridge-1.9.pom
Download https://repo1.maven.org/maven2/org/apache/xmlgraphics/batik-css/1.9/batik-css-1.9.pom
Download https://repo1.maven.org/maven2/org/apache/xmlgraphics/batik-dom/1.9/batik-dom-1.9.pom
Download https://repo1.maven.org/maven2/org/apache/xmlgraphics/batik-util/1.9/batik-util-1.9.pom
Download https://repo1.maven.org/maven2/xml-apis/xml-apis/1.3.04/xml-apis-1.3.04.pom
Download https://repo1.maven.org/maven2/org/apache/xmlgraphics/batik-parser/1.9/batik-parser-1.9.pom
Download https://repo1.maven.org/maven2/org/apache/xmlgraphics/batik-anim/1.9/batik-anim-1.9.pom
Download https://repo1.maven.org/maven2/org/apache/xmlgraphics/batik-script/1.9/batik-script-1.9.pom
Download https://repo1.maven.org/maven2/xalan/xalan/2.7.2/xalan-2.7.2.pom
Download https://repo1.maven.org/maven2/org/apache/xmlgraphics/batik-xml/1.9/batik-xml-1.9.pom
Download https://repo1.maven.org/maven2/org/apache/apache/4/apache-4.pom
Download https://repo1.maven.org/maven2/org/apache/xmlgraphics/batik-svggen/1.9/batik-svggen-1.9.pom
Download https://repo1.maven.org/maven2/org/apache/xmlgraphics/batik-i18n/1.9/batik-i18n-1.9.pom
Download https://repo1.maven.org/maven2/org/apache/xmlgraphics/batik-constants/1.9/batik-constants-1.9.pom
Download https://repo1.maven.org/maven2/xalan/serializer/2.7.2/serializer-2.7.2.pom
Download https://repo1.maven.org/maven2/commons-logging/commons-logging/1.2/commons-logging-1.2.pom
Download https://repo1.maven.org/maven2/org/apache/commons/commons-parent/34/commons-parent-34.pom
Download https://repo1.maven.org/maven2/org/apache/apache/13/apache-13.pom
Download https://repo1.maven.org/maven2/org/apache/xmlgraphics/fop/2.2/fop-2.2.jar
Download https://repo1.maven.org/maven2/org/apache/pdfbox/fontbox/2.0.6/fontbox-2.0.6.jar
Download https://repo1.maven.org/maven2/org/apache/xmlgraphics/batik-transcoder/1.9/batik-transcoder-1.9.jar
Download https://repo1.maven.org/maven2/org/apache/xmlgraphics/batik-extension/1.9/batik-extension-1.9.jar
Download https://repo1.maven.org/maven2/org/apache/xmlgraphics/batik-bridge/1.9/batik-bridge-1.9.jar
Download https://repo1.maven.org/maven2/org/apache/xmlgraphics/batik-script/1.9/batik-script-1.9.jar
Download https://repo1.maven.org/maven2/org/apache/xmlgraphics/batik-anim/1.9/batik-anim-1.9.jar
Download https://repo1.maven.org/maven2/org/apache/xmlgraphics/batik-svg-dom/1.9/batik-svg-dom-1.9.jar
Download https://repo1.maven.org/maven2/org/apache/xmlgraphics/batik-dom/1.9/batik-dom-1.9.jar
Download https://repo1.maven.org/maven2/org/apache/xmlgraphics/batik-css/1.9/batik-css-1.9.jar
Download https://repo1.maven.org/maven2/org/apache/xmlgraphics/batik-parser/1.9/batik-parser-1.9.jar
Download https://repo1.maven.org/maven2/xml-apis/xml-apis-ext/1.3.04/xml-apis-ext-1.3.04.jar
Download https://repo1.maven.org/maven2/org/apache/xmlgraphics/xmlgraphics-commons/2.2/xmlgraphics-commons-2.2.jar
Download https://repo1.maven.org/maven2/org/apache/xmlgraphics/batik-gvt/1.9/batik-gvt-1.9.jar
Download https://repo1.maven.org/maven2/org/apache/xmlgraphics/batik-svggen/1.9/batik-svggen-1.9.jar
Download https://repo1.maven.org/maven2/org/apache/xmlgraphics/batik-ext/1.9/batik-ext-1.9.jar
Download https://repo1.maven.org/maven2/org/apache/xmlgraphics/batik-awt-util/1.9/batik-awt-util-1.9.jar
Download https://repo1.maven.org/maven2/commons-logging/commons-logging/1.2/commons-logging-1.2.jar
Download https://repo1.maven.org/maven2/commons-io/commons-io/1.3.1/commons-io-1.3.1.jar
Download https://repo1.maven.org/maven2/org/apache/avalon/framework/avalon-framework-impl/4.3.1/avalon-framework-impl-4.3.1.jar
Download https://repo1.maven.org/maven2/org/apache/avalon/framework/avalon-framework-api/4.3.1/avalon-framework-api-4.3.1.jar
Download https://repo1.maven.org/maven2/org/apache/xmlgraphics/batik-xml/1.9/batik-xml-1.9.jar
Download https://repo1.maven.org/maven2/org/apache/xmlgraphics/batik-util/1.9/batik-util-1.9.jar
Download https://repo1.maven.org/maven2/xalan/xalan/2.7.2/xalan-2.7.2.jar
Download https://repo1.maven.org/maven2/xalan/serializer/2.7.2/serializer-2.7.2.jar
Download https://repo1.maven.org/maven2/xml-apis/xml-apis/1.3.04/xml-apis-1.3.04.jar
Download https://repo1.maven.org/maven2/org/apache/xmlgraphics/batik-constants/1.9/batik-constants-1.9.jar
Download https://repo1.maven.org/maven2/org/apache/xmlgraphics/batik-i18n/1.9/batik-i18n-1.9.jar
:html5:compileSassWARNING: The .cellrowborder class is deprecated since v2.3.
Backtrace:
	src/main/plugins/org.dita.html5/sass/_tables.scss:21

WARNING: The .row-nocellborder class is deprecated since v2.3.
Backtrace:
	src/main/plugins/org.dita.html5/sass/_tables.scss:29

WARNING: The .cell-norowborder class is deprecated since v2.3.
Backtrace:
	src/main/plugins/org.dita.html5/sass/_tables.scss:36

WARNING: The .nocellnorowborder class is deprecated since v2.3.
Backtrace:
	src/main/plugins/org.dita.html5/sass/_tables.scss:43

WARNING: The .firstcol class is deprecated since v2.3.
Backtrace:
	src/main/plugins/org.dita.html5/sass/_tables.scss:48

WARNING: The .cellrowborder class is deprecated since v2.3.
Backtrace:
	src/main/plugins/org.dita.html5/sass/_tables.scss:21

WARNING: The .row-nocellborder class is deprecated since v2.3.
Backtrace:
	src/main/plugins/org.dita.html5/sass/_tables.scss:29

WARNING: The .cell-norowborder class is deprecated since v2.3.
Backtrace:
	src/main/plugins/org.dita.html5/sass/_tables.scss:36

WARNING: The .nocellnorowborder class is deprecated since v2.3.
Backtrace:
	src/main/plugins/org.dita.html5/sass/_tables.scss:43

WARNING: The .firstcol class is deprecated since v2.3.
Backtrace:
	src/main/plugins/org.dita.html5/sass/_tables.scss:48


:htmlhelp:compileJava UP-TO-DATE
:htmlhelp:processResources NO-SOURCE
:htmlhelp:classes UP-TO-DATE
:htmlhelp:jar UP-TO-DATE
:htmlhelp:copyInstall
:xep:compileJava UP-TO-DATE
:xep:processResources NO-SOURCE
:xep:classes UP-TO-DATE
:xep:jar UP-TO-DATE
:xep:copyInstall
:buildLocalPicked up _JAVA_OPTIONS: -Xmx2048m -Xms512m

Buildfile: /home/travis/build/dita-ot/dita-ot/src/main/integrator.xml

integrate:
[integrate] Failed to read print transtypes from configuration, using defaults.
[integrate] Failed to read transtypes from configuration, using empty list.
[integrate] Failed to read supported image extensions from configuration, using defaults.
[integrate] Failed to read supported HTML extensions from configuration, using defaults.
[integrate] Failed to read supported resource file extensions from configuration, using defaults.
      [jar] Building jar: /home/travis/build/dita-ot/dita-ot/src/main/lib/dost-configuration.jar

BUILD SUCCESSFUL
Total time: 1 second

BUILD SUCCESSFUL in 12s
22 actionable tasks: 9 executed, 13 up-to-date

travis_time:end:015d9c65:start=1515648950828083806,finish=1515648963414305129,duration=12586221323[0Ktravis_fold:end:before_script.2[0Ktravis_time:start:0d9b9202[0K$ ./gradlew check integrationTest --info --stacktrace --no-daemon
Picked up _JAVA_OPTIONS: -Xmx2048m -Xms512m
Initialized native services in: /home/travis/.gradle/native
Using 2 worker leases.
Creating new cache for fileHashes, path /home/travis/.gradle/caches/4.2.1/fileHashes/fileHashes.bin, access org.gradle.cache.internal.DefaultCacheAccess@64a8c844
Creating new cache for resourceHashesCache, path /home/travis/.gradle/caches/4.2.1/fileHashes/resourceHashesCache.bin, access org.gradle.cache.internal.DefaultCacheAccess@64a8c844
Creating new cache for fileHashes, path /home/travis/build/dita-ot/dita-ot/.gradle/4.2.1/fileHashes/fileHashes.bin, access org.gradle.cache.internal.DefaultCacheAccess@6111ba37
Creating new cache for plugin-use-metadata, path /home/travis/.gradle/caches/4.2.1/plugin-resolution/plugin-use-metadata.bin, access org.gradle.cache.internal.DefaultCacheAccess@73c60324
Creating new cache for client-status, path /home/travis/.gradle/caches/4.2.1/plugin-resolution/client-status.bin, access org.gradle.cache.internal.DefaultCacheAccess@73c60324
Starting Build
Settings evaluated using settings file '/home/travis/build/dita-ot/dita-ot/settings.gradle'.
Projects loaded. Root project using build file '/home/travis/build/dita-ot/dita-ot/build.gradle'.
Included projects: [root project 'dost', project ':axf', project ':eclipsehelp', project ':fo', project ':fop', project ':html5', project ':htmlhelp', project ':xep']
Evaluating root project 'dost' using build file '/home/travis/build/dita-ot/dita-ot/build.gradle'.
Creating new cache for metadata-1.1/results, path /home/travis/.gradle/caches/transforms-1/metadata-1.1/results.bin, access org.gradle.cache.internal.DefaultCacheAccess@9596ce8
Evaluating project ':axf' using build file '/home/travis/build/dita-ot/dita-ot/src/main/plugins/org.dita.pdf2.axf/build.gradle'.
Evaluating project ':eclipsehelp' using build file '/home/travis/build/dita-ot/dita-ot/src/main/plugins/org.dita.eclipsehelp/build.gradle'.
Evaluating project ':fo' using build file '/home/travis/build/dita-ot/dita-ot/src/main/plugins/org.dita.pdf2/build.gradle'.
Evaluating project ':fop' using build file '/home/travis/build/dita-ot/dita-ot/src/main/plugins/org.dita.pdf2.fop/build.gradle'.
Evaluating project ':html5' using build file '/home/travis/build/dita-ot/dita-ot/src/main/plugins/org.dita.html5/build.gradle'.
Creating new cache for metadata-2.24/module-metadata, path /home/travis/.gradle/caches/modules-2/metadata-2.24/module-metadata.bin, access org.gradle.cache.internal.DefaultCacheAccess@6ddc67d0
Creating new cache for metadata-2.24/artifact-at-repository, path /home/travis/.gradle/caches/modules-2/metadata-2.24/artifact-at-repository.bin, access org.gradle.cache.internal.DefaultCacheAccess@6ddc67d0
Evaluating project ':htmlhelp' using build file '/home/travis/build/dita-ot/dita-ot/src/main/plugins/org.dita.htmlhelp/build.gradle'.
Evaluating project ':xep' using build file '/home/travis/build/dita-ot/dita-ot/src/main/plugins/org.dita.pdf2.xep/build.gradle'.
All projects evaluated.
Selected primary task 'check' from project :
Creating new cache for annotation-processors, path /home/travis/build/dita-ot/dita-ot/.gradle/4.2.1/fileContent/annotation-processors.bin, access org.gradle.cache.internal.DefaultCacheAccess@30c7be6f
Selected primary task 'integrationTest' from project :
Tasks to be executed: [task ':compileJava', task ':processResources', task ':classes', task ':compileTestJava', task ':processTestResources', task ':testClasses', task ':test', task ':check', task ':jar', task ':axf:compileJava', task ':axf:processResources', task ':axf:classes', task ':axf:compileTestJava', task ':axf:processTestResources', task ':axf:testClasses', task ':axf:test', task ':axf:check', task ':eclipsehelp:compileJava', task ':eclipsehelp:processResources', task ':eclipsehelp:classes', task ':eclipsehelp:compileTestJava', task ':eclipsehelp:processTestResources', task ':eclipsehelp:testClasses', task ':eclipsehelp:test', task ':eclipsehelp:check', task ':fo:compileJava', task ':fo:processResources', task ':fo:classes', task ':fo:compileTestJava', task ':fo:processTestResources', task ':fo:testClasses', task ':fo:test', task ':fo:check', task ':fop:compileJava', task ':fop:processResources', task ':fop:classes', task ':fop:compileTestJava', task ':fop:processTestResources', task ':fop:testClasses', task ':fop:test', task ':fop:check', task ':html5:compileJava', task ':html5:processResources', task ':html5:classes', task ':html5:compileTestJava', task ':html5:processTestResources', task ':html5:testClasses', task ':html5:test', task ':html5:check', task ':htmlhelp:compileJava', task ':htmlhelp:processResources', task ':htmlhelp:classes', task ':htmlhelp:compileTestJava', task ':htmlhelp:processTestResources', task ':htmlhelp:testClasses', task ':htmlhelp:test', task ':htmlhelp:check', task ':xep:compileJava', task ':xep:processResources', task ':xep:classes', task ':xep:compileTestJava', task ':xep:processTestResources', task ':xep:testClasses', task ':xep:test', task ':xep:check', task ':copyInstall', task ':axf:jar', task ':axf:copyInstall', task ':eclipsehelp:jar', task ':eclipsehelp:copyInstall', task ':fo:jar', task ':fo:copyInstall', task ':fop:copyInstall', task ':html5:compileSass', task ':htmlhelp:jar', task ':htmlhelp:copyInstall', task ':xep:jar', task ':xep:copyInstall', task ':buildLocal', task ':integrationTest']
Creating new cache for resourceHashesCache, path /home/travis/build/dita-ot/dita-ot/.gradle/4.2.1/fileHashes/resourceHashesCache.bin, access org.gradle.cache.internal.DefaultCacheAccess@6111ba37
Creating new cache for fileSnapshots, path /home/travis/build/dita-ot/dita-ot/.gradle/4.2.1/taskHistory/fileSnapshots.bin, access org.gradle.cache.internal.DefaultCacheAccess@6a9df5
Creating new cache for taskHistory, path /home/travis/build/dita-ot/dita-ot/.gradle/4.2.1/taskHistory/taskHistory.bin, access org.gradle.cache.internal.DefaultCacheAccess@6a9df5
Creating new cache for outputFiles, path /home/travis/build/dita-ot/dita-ot/.gradle/buildOutputCleanup/outputFiles.bin, access org.gradle.cache.internal.DefaultCacheAccess@1626bddf
:compileJava (Thread[Task worker for ':',5,main]) started.
:compileJava
Putting task artifact state for task ':compileJava' into context took 0.004 secs.
Skipping task ':compileJava' as it is up-to-date (took 0.301 secs).
:compileJava UP-TO-DATE
:compileJava (Thread[Task worker for ':',5,main]) completed. Took 0.341 secs.
:processResources (Thread[Task worker for ':',5,main]) started.
:processResources
Putting task artifact state for task ':processResources' into context took 0.0 secs.
Skipping task ':processResources' as it is up-to-date (took 0.047 secs).
:processResources UP-TO-DATE
:processResources (Thread[Task worker for ':',5,main]) completed. Took 0.05 secs.
:classes (Thread[main,5,main]) started.
:classes
Skipping task ':classes' as it has no actions.
:classes UP-TO-DATE
:classes (Thread[main,5,main]) completed. Took 0.001 secs.
:compileTestJava (Thread[main,5,main]) started.
:compileTestJava
Putting task artifact state for task ':compileTestJava' into context took 0.0 secs.
Creating new cache for metadata-2.24/artifact-at-url, path /home/travis/.gradle/caches/modules-2/metadata-2.24/artifact-at-url.bin, access org.gradle.cache.internal.DefaultCacheAccess@6ddc67d0
Download https://repo1.maven.org/maven2/nu/validator/htmlparser/htmlparser/1.4/htmlparser-1.4.pom
Download https://repo1.maven.org/maven2/junit/junit/4.12/junit-4.12.pom
Download https://repo1.maven.org/maven2/org/xmlunit/xmlunit-core/2.3.0/xmlunit-core-2.3.0.pom
Download https://repo1.maven.org/maven2/org/xmlunit/xmlunit-parent/2.3.0/xmlunit-parent-2.3.0.pom
Download https://repo1.maven.org/maven2/org/hamcrest/hamcrest-core/1.3/hamcrest-core-1.3.pom
Download https://repo1.maven.org/maven2/org/hamcrest/hamcrest-parent/1.3/hamcrest-parent-1.3.pom
Download https://repo1.maven.org/maven2/nu/validator/htmlparser/htmlparser/1.4/htmlparser-1.4.jar
Download https://repo1.maven.org/maven2/junit/junit/4.12/junit-4.12.jar
Download https://repo1.maven.org/maven2/org/hamcrest/hamcrest-core/1.3/hamcrest-core-1.3.jar
Download https://repo1.maven.org/maven2/org/xmlunit/xmlunit-core/2.3.0/xmlunit-core-2.3.0.jar
Executing task ':compileTestJava' (up-to-date check took 2.027 secs) due to:
  No history is available.
All input files are considered out-of-date for incremental task ':compileTestJava'.
Compiling with JDK Java compiler API.
Note: Some input files use or override a deprecated API.
Note: Recompile with -Xlint:deprecation for details.
Note: Some input files use unchecked or unsafe operations.
Note: Recompile with -Xlint:unchecked for details.
:compileTestJava (Thread[main,5,main]) completed. Took 6.25 secs.
:processTestResources (Thread[main,5,main]) started.
:processTestResources
Putting task artifact state for task ':processTestResources' into context took 0.0 secs.
Executing task ':processTestResources' (up-to-date check took 1.114 secs) due to:
  No history is available.
:processTestResources (Thread[main,5,main]) completed. Took 3.249 secs.
:testClasses (Thread[Task worker for ':',5,main]) started.
:testClasses
Skipping task ':testClasses' as it has no actions.
:testClasses (Thread[Task worker for ':',5,main]) completed. Took 0.001 secs.
:test (Thread[Task worker for ':',5,main]) started.
:test
Putting task artifact state for task ':test' into context took 0.0 secs.
Executing task ':test' (up-to-date check took 0.135 secs) due to:
  No history is available.
Starting process 'Gradle Test Executor 1'. Working directory: /home/travis/build/dita-ot/dita-ot Command: /usr/lib/jvm/java-8-oracle/bin/java -Djava.security.manager=worker.org.gradle.process.internal.worker.child.BootstrapSecurityManager -Dorg.gradle.native=false -Dfile.encoding=UTF-8 -Duser.country=US -Duser.language=en -Duser.variant -ea -cp /home/travis/.gradle/caches/4.2.1/workerMain/gradle-worker.jar worker.org.gradle.process.internal.worker.GradleWorkerMain 'Gradle Test Executor 1'
Successfully started process 'Gradle Test Executor 1'
Picked up _JAVA_OPTIONS: -Xmx2048m -Xms512m
Gradle Test Executor 1 started executing tests.

org.dita.dost.ProcessorTest > testRun STANDARD_ERROR
    Warning at xsl:stylesheet on line 12 column 59 of map2html5Impl.xsl:
      Stylesheet module plugin:org.dita.html5:xsl/map2html5Impl.xsl is included or imported more
      than once. This is permitted, but may lead to errors or unexpected behavior

org.dita.dost.index.IndexTermCollectionTest > testSetPipelineHashIO SKIPPED

org.dita.dost.index.IndexTermCollectionTest > testGetPipelineHashIO SKIPPED

org.dita.dost.index.IndexTermCollectionTest > testSetOutputFileRoot SKIPPED

org.dita.dost.index.IndexTermTargetTest > testToString SKIPPED

org.dita.dost.index.IndexTermTest > testToString SKIPPED

org.dita.dost.module.ChunkModuleTest > testAttributeMap1 SKIPPED

org.dita.dost.util.TestMergeUtils > testVisit SKIPPED

org.dita.dost.util.TestMergeUtils > testAddIdStringString SKIPPED

org.dita.dost.writer.ValidationFilterTest > testHref FAILED
    java.lang.NullPointerException
        at org.dita.dost.writer.ValidationFilter.validateScope(ValidationFilter.java:224)
        at org.dita.dost.writer.ValidationFilter.startElement(ValidationFilter.java:87)
        at org.dita.dost.writer.ValidationFilterTest.testHref(ValidationFilterTest.java:73)
Gradle Test Executor 1 finished executing tests.

437 tests completed, 1 failed, 8 skipped
Finished generating test XML results (0.068 secs) into: /home/travis/build/dita-ot/dita-ot/build/test-results/test
Generating HTML test report...
Finished generating test html results (0.121 secs) into: /home/travis/build/dita-ot/dita-ot/build/reports/tests/test
:test FAILED
:test (Thread[Task worker for ':',5,main]) completed. Took 24.549 secs.

FAILURE: Build failed with an exception.

* What went wrong:
Execution failed for task ':test'.
> There were failing tests. See the report at: file:///home/travis/build/dita-ot/dita-ot/build/reports/tests/test/index.html

* Try:
Run with --debug option to get more log output.

* Exception is:
org.gradle.api.tasks.TaskExecutionException: Execution failed for task ':test'.
	at org.gradle.api.internal.tasks.execution.ExecuteActionsTaskExecuter.executeActions(ExecuteActionsTaskExecuter.java:100)
	at org.gradle.api.internal.tasks.execution.ExecuteActionsTaskExecuter.execute(ExecuteActionsTaskExecuter.java:70)
	at org.gradle.api.internal.tasks.execution.SkipUpToDateTaskExecuter.execute(SkipUpToDateTaskExecuter.java:62)
	at org.gradle.api.internal.tasks.execution.ResolveTaskOutputCachingStateExecuter.execute(ResolveTaskOutputCachingStateExecuter.java:54)
	at org.gradle.api.internal.tasks.execution.ValidatingTaskExecuter.execute(ValidatingTaskExecuter.java:58)
	at org.gradle.api.internal.tasks.execution.SkipEmptySourceFilesTaskExecuter.execute(SkipEmptySourceFilesTaskExecuter.java:97)
	at org.gradle.api.internal.tasks.execution.CleanupStaleOutputsExecuter.execute(CleanupStaleOutputsExecuter.java:87)
	at org.gradle.api.internal.tasks.execution.ResolveTaskArtifactStateTaskExecuter.execute(ResolveTaskArtifactStateTaskExecuter.java:52)
	at org.gradle.api.internal.tasks.execution.SkipTaskWithNoActionsExecuter.execute(SkipTaskWithNoActionsExecuter.java:52)
	at org.gradle.api.internal.tasks.execution.SkipOnlyIfTaskExecuter.execute(SkipOnlyIfTaskExecuter.java:54)
	at org.gradle.api.internal.tasks.execution.ExecuteAtMostOnceTaskExecuter.execute(ExecuteAtMostOnceTaskExecuter.java:43)
	at org.gradle.api.internal.tasks.execution.CatchExceptionTaskExecuter.execute(CatchExceptionTaskExecuter.java:34)
	at org.gradle.execution.taskgraph.DefaultTaskGraphExecuter$EventFiringTaskWorker$1.run(DefaultTaskGraphExecuter.java:248)
	at org.gradle.internal.progress.DefaultBuildOperationExecutor$RunnableBuildOperationWorker.execute(DefaultBuildOperationExecutor.java:336)
	at org.gradle.internal.progress.DefaultBuildOperationExecutor$RunnableBuildOperationWorker.execute(DefaultBuildOperationExecutor.java:328)
	at org.gradle.internal.progress.DefaultBuildOperationExecutor.execute(DefaultBuildOperationExecutor.java:199)
	at org.gradle.internal.progress.DefaultBuildOperationExecutor.run(DefaultBuildOperationExecutor.java:110)
	at org.gradle.execution.taskgraph.DefaultTaskGraphExecuter$EventFiringTaskWorker.execute(DefaultTaskGraphExecuter.java:241)
	at org.gradle.execution.taskgraph.DefaultTaskGraphExecuter$EventFiringTaskWorker.execute(DefaultTaskGraphExecuter.java:230)
	at org.gradle.execution.taskgraph.DefaultTaskPlanExecutor$TaskExecutorWorker.processTask(DefaultTaskPlanExecutor.java:123)
	at org.gradle.execution.taskgraph.DefaultTaskPlanExecutor$TaskExecutorWorker.access$200(DefaultTaskPlanExecutor.java:79)
	at org.gradle.execution.taskgraph.DefaultTaskPlanExecutor$TaskExecutorWorker$1.execute(DefaultTaskPlanExecutor.java:104)
	at org.gradle.execution.taskgraph.DefaultTaskPlanExecutor$TaskExecutorWorker$1.execute(DefaultTaskPlanExecutor.java:98)
	at org.gradle.execution.taskgraph.DefaultTaskExecutionPlan.execute(DefaultTaskExecutionPlan.java:625)
	at org.gradle.execution.taskgraph.DefaultTaskExecutionPlan.executeWithTask(DefaultTaskExecutionPlan.java:580)
	at org.gradle.execution.taskgraph.DefaultTaskPlanExecutor$TaskExecutorWorker.run(DefaultTaskPlanExecutor.java:98)
	at org.gradle.internal.concurrent.ExecutorPolicy$CatchAndRecordFailures.onExecute(ExecutorPolicy.java:63)
	at org.gradle.internal.concurrent.ManagedExecutorImpl$1.run(ManagedExecutorImpl.java:46)
	at org.gradle.internal.concurrent.ThreadFactoryImpl$ManagedThreadRunnable.run(ThreadFactoryImpl.java:55)
Caused by: org.gradle.api.GradleException: There were failing tests. See the report at: file:///home/travis/build/dita-ot/dita-ot/build/reports/tests/test/index.html
	at org.gradle.api.tasks.testing.Test.handleTestFailures(Test.java:1447)
	at org.gradle.api.tasks.testing.Test.executeTests(Test.java:721)
	at org.gradle.internal.reflect.JavaMethod.invoke(JavaMethod.java:73)
	at org.gradle.api.internal.project.taskfactory.DefaultTaskClassInfoStore$StandardTaskAction.doExecute(DefaultTaskClassInfoStore.java:142)
	at org.gradle.api.internal.project.taskfactory.DefaultTaskClassInfoStore$StandardTaskAction.execute(DefaultTaskClassInfoStore.java:135)
	at org.gradle.api.internal.project.taskfactory.DefaultTaskClassInfoStore$StandardTaskAction.execute(DefaultTaskClassInfoStore.java:122)
	at org.gradle.api.internal.AbstractTask$TaskActionWrapper.execute(AbstractTask.java:762)
	at org.gradle.api.internal.AbstractTask$TaskActionWrapper.execute(AbstractTask.java:729)
	at org.gradle.api.internal.tasks.execution.ExecuteActionsTaskExecuter$1.run(ExecuteActionsTaskExecuter.java:121)
	at org.gradle.internal.progress.DefaultBuildOperationExecutor$RunnableBuildOperationWorker.execute(DefaultBuildOperationExecutor.java:336)
	at org.gradle.internal.progress.DefaultBuildOperationExecutor$RunnableBuildOperationWorker.execute(DefaultBuildOperationExecutor.java:328)
	at org.gradle.internal.progress.DefaultBuildOperationExecutor.execute(DefaultBuildOperationExecutor.java:199)
	at org.gradle.internal.progress.DefaultBuildOperationExecutor.run(DefaultBuildOperationExecutor.java:110)
	at org.gradle.api.internal.tasks.execution.ExecuteActionsTaskExecuter.executeAction(ExecuteActionsTaskExecuter.java:110)
	at org.gradle.api.internal.tasks.execution.ExecuteActionsTaskExecuter.executeActions(ExecuteActionsTaskExecuter.java:92)
	... 28 more


* Get more help at https://help.gradle.org

BUILD FAILED in 40s
5 actionable tasks: 3 executed, 2 up-to-date

travis_time:end:0d9b9202:start=1515648963420048789,finish=1515649004472650935,duration=41052602146[0K
[31;1mThe command "./gradlew check integrationTest --info --stacktrace --no-daemon" exited with 1.[0m

Done. Your build exited with 1.
