travis_fold:start:worker_info[0K[33;1mWorker information[0m
hostname: fc5400e6-5e02-455d-91ba-029257ee8e58@1.production-2-worker-org-gce-cfc7
version: v6.2.0 https://github.com/travis-ci/worker/tree/5e5476e01646095f48eec13196fdb3faf8f5cbf7
instance: travis-job-6ae4e4ba-7693-49a4-9200-9c9397c11a35 travis-ci-garnet-trusty-1512502259-986baf0 (via amqp)
startup: 6.214457535s
travis_fold:end:worker_info[0Ktravis_fold:start:system_info[0K[33;1mBuild system information[0m
Build language: java
Build group: stable
Build dist: trusty
Build id: 559316022
Job id: 559316025
Runtime kernel version: 4.4.0-101-generic
travis-build version: e88137ff9
[34m[1mBuild image provisioning date and time[0m
Tue Dec  5 19:58:13 UTC 2017
[34m[1mOperating System Details[0m
Distributor ID:	Ubuntu
Description:	Ubuntu 14.04.5 LTS
Release:	14.04
Codename:	trusty
[34m[1mCookbooks Version[0m
7c2c6a6 https://github.com/travis-ci/travis-cookbooks/tree/7c2c6a6
[34m[1mgit version[0m
git version 2.15.1
[34m[1mbash version[0m
GNU bash, version 4.3.11(1)-release (x86_64-pc-linux-gnu)
[34m[1mgcc version[0m
gcc (Ubuntu 4.8.4-2ubuntu1~14.04.3) 4.8.4
Copyright (C) 2013 Free Software Foundation, Inc.
This is free software; see the source for copying conditions.  There is NO
warranty; not even for MERCHANTABILITY or FITNESS FOR A PARTICULAR PURPOSE.

[34m[1mdocker version[0m
Client:
 Version:      17.09.0-ce
 API version:  1.32
 Go version:   go1.8.3
 Git commit:   afdb6d4
 Built:        Tue Sep 26 22:42:38 2017
 OS/Arch:      linux/amd64

Server:
 Version:      17.09.0-ce
 API version:  1.32 (minimum version 1.12)
 Go version:   go1.8.3
 Git commit:   afdb6d4
 Built:        Tue Sep 26 22:41:20 2017
 OS/Arch:      linux/amd64
 Experimental: false
[34m[1mclang version[0m
clang version 5.0.0 (tags/RELEASE_500/final)
Target: x86_64-unknown-linux-gnu
Thread model: posix
InstalledDir: /usr/local/clang-5.0.0/bin
[34m[1mjq version[0m
jq-1.5
[34m[1mbats version[0m
Bats 0.4.0
[34m[1mshellcheck version[0m
0.4.6
[34m[1mshfmt version[0m
v2.0.0
[34m[1mccache version[0m
ccache version 3.1.9

Copyright (C) 2002-2007 Andrew Tridgell
Copyright (C) 2009-2011 Joel Rosdahl

This program is free software; you can redistribute it and/or modify it under
the terms of the GNU General Public License as published by the Free Software
Foundation; either version 3 of the License, or (at your option) any later
version.
[34m[1mcmake version[0m
cmake version 3.9.2

CMake suite maintained and supported by Kitware (kitware.com/cmake).
[34m[1mheroku version[0m
heroku-cli/6.14.39-addc925 (linux-x64) node-v9.2.0
[34m[1mimagemagick version[0m
Version: ImageMagick 6.7.7-10 2017-07-31 Q16 http://www.imagemagick.org
[34m[1mmd5deep version[0m
4.2
[34m[1mmercurial version[0m
Mercurial Distributed SCM (version 4.2.2)
(see https://mercurial-scm.org for more information)

Copyright (C) 2005-2017 Matt Mackall and others
This is free software; see the source for copying conditions. There is NO
warranty; not even for MERCHANTABILITY or FITNESS FOR A PARTICULAR PURPOSE.
[34m[1mmysql version[0m
mysql  Ver 14.14 Distrib 5.6.33, for debian-linux-gnu (x86_64) using  EditLine wrapper
[34m[1mopenssl version[0m
OpenSSL 1.0.1f 6 Jan 2014
[34m[1mpacker version[0m
Packer v1.0.2

Your version of Packer is out of date! The latest version
is 1.1.2. You can update by downloading from www.packer.io
[34m[1mpostgresql client version[0m
psql (PostgreSQL) 9.6.6
[34m[1mragel version[0m
Ragel State Machine Compiler version 6.8 Feb 2013
Copyright (c) 2001-2009 by Adrian Thurston
[34m[1msubversion version[0m
svn, version 1.8.8 (r1568071)
   compiled Aug 10 2017, 17:20:39 on x86_64-pc-linux-gnu

Copyright (C) 2013 The Apache Software Foundation.
This software consists of contributions made by many people;
see the NOTICE file for more information.
Subversion is open source software, see http://subversion.apache.org/

The following repository access (RA) modules are available:

* ra_svn : Module for accessing a repository using the svn network protocol.
  - with Cyrus SASL authentication
  - handles 'svn' scheme
* ra_local : Module for accessing a repository on local disk.
  - handles 'file' scheme
* ra_serf : Module for accessing a repository via WebDAV protocol using serf.
  - using serf 1.3.3
  - handles 'http' scheme
  - handles 'https' scheme

[34m[1msudo version[0m
Sudo version 1.8.9p5
Configure options: --prefix=/usr -v --with-all-insults --with-pam --with-fqdn --with-logging=syslog --with-logfac=authpriv --with-env-editor --with-editor=/usr/bin/editor --with-timeout=15 --with-password-timeout=0 --with-passprompt=[sudo] password for %p:  --without-lecture --with-tty-tickets --disable-root-mailer --enable-admin-flag --with-sendmail=/usr/sbin/sendmail --with-timedir=/var/lib/sudo --mandir=/usr/share/man --libexecdir=/usr/lib/sudo --with-sssd --with-sssd-lib=/usr/lib/x86_64-linux-gnu --with-selinux
Sudoers policy plugin version 1.8.9p5
Sudoers file grammar version 43

Sudoers path: /etc/sudoers
Authentication methods: 'pam'
Syslog facility if syslog is being used for logging: authpriv
Syslog priority to use when user authenticates successfully: notice
Syslog priority to use when user authenticates unsuccessfully: alert
Send mail if the user is not in sudoers
Use a separate timestamp for each user/tty combo
Lecture user the first time they run sudo
Root may run sudo
Allow some information gathering to give useful error messages
Require fully-qualified hostnames in the sudoers file
Visudo will honor the EDITOR environment variable
Set the LOGNAME and USER environment variables
Length at which to wrap log file lines (0 for no wrap): 80
Authentication timestamp timeout: 15.0 minutes
Password prompt timeout: 0.0 minutes
Number of tries to enter a password: 3
Umask to use or 0777 to use user's: 022
Path to mail program: /usr/sbin/sendmail
Flags for mail program: -t
Address to send mail to: root
Subject line for mail messages: *** SECURITY information for %h ***
Incorrect password message: Sorry, try again.
Path to authentication timestamp dir: /var/lib/sudo
Default password prompt: [sudo] password for %p: 
Default user to run commands as: root
Value to override user's $PATH with: /usr/local/sbin:/usr/local/bin:/usr/sbin:/usr/bin:/sbin:/bin:/snap/bin
Path to the editor for use by visudo: /usr/bin/editor
When to require a password for 'list' pseudocommand: any
When to require a password for 'verify' pseudocommand: all
File descriptors >= 3 will be closed before executing a command
Environment variables to check for sanity:
	TZ
	TERM
	LINGUAS
	LC_*
	LANGUAGE
	LANG
	COLORTERM
Environment variables to remove:
	RUBYOPT
	RUBYLIB
	PYTHONUSERBASE
	PYTHONINSPECT
	PYTHONPATH
	PYTHONHOME
	TMPPREFIX
	ZDOTDIR
	READNULLCMD
	NULLCMD
	FPATH
	PERL5DB
	PERL5OPT
	PERL5LIB
	PERLLIB
	PERLIO_DEBUG 
	JAVA_TOOL_OPTIONS
	SHELLOPTS
	GLOBIGNORE
	PS4
	BASH_ENV
	ENV
	TERMCAP
	TERMPATH
	TERMINFO_DIRS
	TERMINFO
	_RLD*
	LD_*
	PATH_LOCALE
	NLSPATH
	HOSTALIASES
	RES_OPTIONS
	LOCALDOMAIN
	CDPATH
	IFS
Environment variables to preserve:
	JAVA_HOME
	TRAVIS
	CI
	DEBIAN_FRONTEND
	XAUTHORIZATION
	XAUTHORITY
	PS2
	PS1
	PATH
	LS_COLORS
	KRB5CCNAME
	HOSTNAME
	HOME
	DISPLAY
	COLORS
Locale to use while parsing sudoers: C
Directory in which to store input/output logs: /var/log/sudo-io
File in which to store the input/output log: %{seq}
Add an entry to the utmp/utmpx file when allocating a pty
PAM service name to use
PAM service name to use for login shells
Create a new PAM session for the command to run in
Maximum I/O log sequence number: 0

Local IP address and netmask pairs:
	10.240.0.28/255.255.255.255
	172.17.0.1/255.255.0.0

Sudoers I/O plugin version 1.8.9p5
[34m[1mgzip version[0m
gzip 1.6
Copyright (C) 2007, 2010, 2011 Free Software Foundation, Inc.
Copyright (C) 1993 Jean-loup Gailly.
This is free software.  You may redistribute copies of it under the terms of
the GNU General Public License <http://www.gnu.org/licenses/gpl.html>.
There is NO WARRANTY, to the extent permitted by law.

Written by Jean-loup Gailly.
[34m[1mzip version[0m
Copyright (c) 1990-2008 Info-ZIP - Type 'zip "-L"' for software license.
This is Zip 3.0 (July 5th 2008), by Info-ZIP.
Currently maintained by E. Gordon.  Please send bug reports to
the authors using the web page at www.info-zip.org; see README for details.

Latest sources and executables are at ftp://ftp.info-zip.org/pub/infozip,
as of above date; see http://www.info-zip.org/ for other sites.

Compiled with gcc 4.8.2 for Unix (Linux ELF) on Oct 21 2013.

Zip special compilation options:
	USE_EF_UT_TIME       (store Universal Time)
	BZIP2_SUPPORT        (bzip2 library version 1.0.6, 6-Sept-2010)
	    bzip2 code and library copyright (c) Julian R Seward
	    (See the bzip2 license for terms of use)
	SYMLINK_SUPPORT      (symbolic links supported)
	LARGE_FILE_SUPPORT   (can read and write large files on file system)
	ZIP64_SUPPORT        (use Zip64 to store large files in archives)
	UNICODE_SUPPORT      (store and read UTF-8 Unicode paths)
	STORE_UNIX_UIDs_GIDs (store UID/GID sizes/values using new extra field)
	UIDGID_NOT_16BIT     (old Unix 16-bit UID/GID extra field not used)
	[encryption, version 2.91 of 05 Jan 2007] (modified for Zip 3)

Encryption notice:
	The encryption code of this program is not copyrighted and is
	put in the public domain.  It was originally written in Europe
	and, to the best of our knowledge, can be freely distributed
	in both source and object forms from any country, including
	the USA under License Exception TSU of the U.S. Export
	Administration Regulations (section 740.13(e)) of 6 June 2002.

Zip environment options:
             ZIP:  [none]
          ZIPOPT:  [none]
[34m[1mvim version[0m
VIM - Vi IMproved 7.4 (2013 Aug 10, compiled Nov 24 2016 16:43:18)
Included patches: 1-52
Extra patches: 8.0.0056
Modified by pkg-vim-maintainers@lists.alioth.debian.org
Compiled by buildd@
Huge version without GUI.  Features included (+) or not (-):
+acl             +farsi           +mouse_netterm   +syntax
+arabic          +file_in_path    +mouse_sgr       +tag_binary
+autocmd         +find_in_path    -mouse_sysmouse  +tag_old_static
-balloon_eval    +float           +mouse_urxvt     -tag_any_white
-browse          +folding         +mouse_xterm     -tcl
++builtin_terms  -footer          +multi_byte      +terminfo
+byte_offset     +fork()          +multi_lang      +termresponse
+cindent         +gettext         -mzscheme        +textobjects
-clientserver    -hangul_input    +netbeans_intg   +title
-clipboard       +iconv           +path_extra      -toolbar
+cmdline_compl   +insert_expand   -perl            +user_commands
+cmdline_hist    +jumplist        +persistent_undo +vertsplit
+cmdline_info    +keymap          +postscript      +virtualedit
+comments        +langmap         +printer         +visual
+conceal         +libcall         +profile         +visualextra
+cryptv          +linebreak       +python          +viminfo
+cscope          +lispindent      -python3         +vreplace
+cursorbind      +listcmds        +quickfix        +wildignore
+cursorshape     +localmap        +reltime         +wildmenu
+dialog_con      -lua             +rightleft       +windows
+diff            +menu            -ruby            +writebackup
+digraphs        +mksession       +scrollbind      -X11
-dnd             +modify_fname    +signs           -xfontset
-ebcdic          +mouse           +smartindent     -xim
+emacs_tags      -mouseshape      -sniff           -xsmp
+eval            +mouse_dec       +startuptime     -xterm_clipboard
+ex_extra        +mouse_gpm       +statusline      -xterm_save
+extra_search    -mouse_jsbterm   -sun_workshop    -xpm
   system vimrc file: "$VIM/vimrc"
     user vimrc file: "$HOME/.vimrc"
 2nd user vimrc file: "~/.vim/vimrc"
      user exrc file: "$HOME/.exrc"
  fall-back for $VIM: "/usr/share/vim"
Compilation: gcc -c -I. -Iproto -DHAVE_CONFIG_H     -g -O2 -fstack-protector --param=ssp-buffer-size=4 -Wformat -Werror=format-security -U_FORTIFY_SOURCE -D_FORTIFY_SOURCE=1      
Linking: gcc   -Wl,-Bsymbolic-functions -Wl,-z,relro -Wl,--as-needed -o vim        -lm -ltinfo -lnsl  -lselinux  -lacl -lattr -lgpm -ldl    -L/usr/lib/python2.7/config-x86_64-linux-gnu -lpython2.7 -lpthread -ldl -lutil -lm -Xlinker -export-dynamic -Wl,-O1 -Wl,-Bsymbolic-functions      
[34m[1miptables version[0m
iptables v1.4.21
[34m[1mcurl version[0m
curl 7.35.0 (x86_64-pc-linux-gnu) libcurl/7.35.0 OpenSSL/1.0.1f zlib/1.2.8 libidn/1.28 librtmp/2.3
[34m[1mwget version[0m
GNU Wget 1.15 built on linux-gnu.
[34m[1mrsync version[0m
rsync  version 3.1.0  protocol version 31
[34m[1mgimme version[0m
v1.2.0
[34m[1mnvm version[0m
0.33.6
[34m[1mperlbrew version[0m
/home/travis/perl5/perlbrew/bin/perlbrew  - App::perlbrew/0.80
[34m[1mphpenv version[0m
rbenv 1.1.1-25-g6aa70b6
[34m[1mrvm version[0m
rvm 1.29.3 (latest) by Michal Papis, Piotr Kuczynski, Wayne E. Seguin [https://rvm.io]
[34m[1mdefault ruby version[0m
ruby 2.4.1p111 (2017-03-22 revision 58053) [x86_64-linux]
[34m[1mCouchDB version[0m
couchdb 1.6.1
[34m[1mElasticSearch version[0m
5.5.0
[34m[1mInstalled Firefox version[0m
firefox 56.0.2
[34m[1mMongoDB version[0m
MongoDB 3.4.10
[34m[1mPhantomJS version[0m
2.1.1
[34m[1mPre-installed PostgreSQL versions[0m
9.2.24
9.3.20
9.4.15
9.5.10
9.6.6
[34m[1mRabbitMQ Version[0m
3.6.14
[34m[1mRedis version[0m
redis-server 4.0.6
[34m[1mriak version[0m
2.2.3
[34m[1mPre-installed Go versions[0m
1.7.4
[34m[1mant version[0m
Apache Ant(TM) version 1.9.3 compiled on April 8 2014
[34m[1mmvn version[0m
Apache Maven 3.5.2 (138edd61fd100ec658bfa2d307c43b76940a5d7d; 2017-10-18T07:58:13Z)
Maven home: /usr/local/maven-3.5.2
Java version: 1.8.0_151, vendor: Oracle Corporation
Java home: /usr/lib/jvm/java-8-oracle/jre
Default locale: en_US, platform encoding: UTF-8
OS name: "linux", version: "4.4.0-98-generic", arch: "amd64", family: "unix"
[34m[1mgradle version[0m

------------------------------------------------------------
Gradle 4.0.1
------------------------------------------------------------

Build time:   2017-07-07 14:02:41 UTC
Revision:     38e5dc0f772daecca1d2681885d3d85414eb6826

Groovy:       2.4.11
Ant:          Apache Ant(TM) version 1.9.6 compiled on June 29 2015
JVM:          1.8.0_151 (Oracle Corporation 25.151-b12)
OS:           Linux 4.4.0-98-generic amd64

[34m[1mlein version[0m
Leiningen 2.8.1 on Java 1.8.0_151 Java HotSpot(TM) 64-Bit Server VM
[34m[1mPre-installed Node.js versions[0m
v4.8.6
v6.12.0
v6.12.1
v8.9
v8.9.1
[34m[1mphpenv versions[0m
  system
  5.6
* 5.6.32 (set by /home/travis/.phpenv/version)
  7.0
  7.0.25
  7.1
  7.1.11
  hhvm
  hhvm-stable
[34m[1mcomposer --version[0m
Composer version 1.5.2 2017-09-11 16:59:25
[34m[1mPre-installed Ruby versions[0m
ruby-2.2.7
ruby-2.3.4
ruby-2.4.1
travis_fold:end:system_info[0K
travis_fold:start:docker_mtu[0Kdocker stop/waiting
docker start/running, process 3658
travis_fold:end:docker_mtu[0Ktravis_fold:start:resolvconf[0Kresolvconf stop/waiting
resolvconf start/running
travis_fold:end:resolvconf[0K
travis_fold:start:git.checkout[0Ktravis_time:start:02f12a28[0K$ git clone --depth=50 --branch=issue_1647_restricted_edges https://github.com/graphhopper/graphhopper.git graphhopper/graphhopper
Cloning into 'graphhopper/graphhopper'...
travis_time:end:02f12a28:start=1563263408639051379,finish=1563263410952338112,duration=2313286733[0K$ cd graphhopper/graphhopper
$ git checkout -qf 382ea52489b048635fec6adaba898ebdb95bb21d
travis_fold:end:git.checkout[0K

[33;1mSetting environment variables from repository settings[0m
$ export GPG_PASSPHRASE=[secure]
$ export GPG_SECRET_KEYS=[secure]
$ export GPG_OWNERTRUST=[secure]
$ export API_KEY=[secure]
$ export EMAIL=[secure]

[33;1mSetting environment variables from .travis.yml[0m
$ export GPG_EXECUTABLE=gpg
$ export CI_DEPLOY_USERNAME=[secure]
$ export CI_DEPLOY_PASSWORD=[secure]
$ export NODE_VERSION="10.16.0"
$ export JDK='OpenJDK 13'
$ export SKIP_EXT_TESTS=true

travis_fold:start:cache.1[0KSetting up build cache
$ export CASHER_DIR=${TRAVIS_HOME}/.casher
travis_time:start:01fbda94[0K$ Installing caching utilities
travis_time:end:01fbda94:start=1563263415519654775,finish=1563263415697169897,duration=177515122[0Ktravis_time:start:0106bdfc[0Ktravis_time:end:0106bdfc:start=1563263415703929048,finish=1563263415707337774,duration=3408726[0Ktravis_time:start:03e985f3[0Kattempting to download cache archive[0m
[32;1mfetching issue_1647_restricted_edges/cache-linux-trusty-c36e3d6f48b6fd08164d9f3678c8fb159cbada43b16761568542d0f3d8876125.tgz[0m
[32;1mfetching master/cache-linux-trusty-c36e3d6f48b6fd08164d9f3678c8fb159cbada43b16761568542d0f3d8876125.tgz[0m
[32;1mfound cache[0m
travis_time:end:03e985f3:start=1563263415712332354,finish=1563263418701833779,duration=2989501425[0Ktravis_time:start:06c560e2[0Ktravis_time:end:06c560e2:start=1563263418707689442,finish=1563263418711126887,duration=3437445[0Ktravis_time:start:00f727cc[0Kadding /home/travis/.m2 to cache[0m
travis_time:end:00f727cc:start=1563263418716363127,finish=1563263420850439983,duration=2134076856[0Ktravis_fold:end:cache.1[0K
$ java -Xmx32m -version
java version "1.8.0_151"
Java(TM) SE Runtime Environment (build 1.8.0_151-b12)
Java HotSpot(TM) 64-Bit Server VM (build 25.151-b12, mixed mode)
$ javac -J-Xmx32m -version
javac 1.8.0_151
travis_fold:start:before_install.1[0Ktravis_time:start:283c35ac[0K$ if [ ! -z "$GPG_SECRET_KEYS" ]; then echo $GPG_SECRET_KEYS | base64 --decode | $GPG_EXECUTABLE --import; fi
gpg: key 0E2FBADB: secret key imported
gpg: key 0E2FBADB: public key "GraphHopper GmbH <info@graphhopper.com>" imported
gpg: Total number processed: 1
gpg:               imported: 1  (RSA: 1)
gpg:       secret keys read: 1
gpg:   secret keys imported: 1
travis_time:end:283c35ac:start=1563263421632977902,finish=1563263421662239900,duration=29261998[0Ktravis_fold:end:before_install.1[0Ktravis_fold:start:before_install.2[0Ktravis_time:start:1f972008[0K$ if [ ! -z "$GPG_OWNERTRUST" ]; then echo $GPG_OWNERTRUST | base64 --decode | $GPG_EXECUTABLE --import-ownertrust; fi
gpg: inserting ownertrust of 134
gpg: inserting ownertrust of 134
gpg: inserting ownertrust of 6
gpg: inserting ownertrust of 4
gpg: inserting ownertrust of 6
gpg: inserting ownertrust of 6
gpg: inserting ownertrust of 6
gpg: inserting ownertrust of 6
gpg: inserting ownertrust of 5
gpg: inserting ownertrust of 6
gpg: inserting ownertrust of 5
gpg: inserting ownertrust of 4
gpg: inserting ownertrust of 5
gpg: inserting ownertrust of 5
gpg: inserting ownertrust of 5
gpg: inserting ownertrust of 6
gpg: inserting ownertrust of 5
gpg: inserting ownertrust of 5
gpg: inserting ownertrust of 5
gpg: inserting ownertrust of 5
travis_time:end:1f972008:start=1563263421668002412,finish=1563263421681967828,duration=13965416[0Ktravis_fold:end:before_install.2[0Ktravis_fold:start:before_install.3[0Ktravis_time:start:01081420[0K$ wget https://raw.githubusercontent.com/sormuras/bach/master/install-jdk.sh
--2019-07-16 07:50:21--  https://raw.githubusercontent.com/sormuras/bach/master/install-jdk.sh
Resolving raw.githubusercontent.com (raw.githubusercontent.com)... 151.101.0.133, 151.101.64.133, 151.101.128.133, ...
Connecting to raw.githubusercontent.com (raw.githubusercontent.com)|151.101.0.133|:443... connected.
HTTP request sent, awaiting response... 200 OK
Length: 9688 (9.5K) [text/plain]
Saving to: â€˜install-jdk.shâ€™

     0K .........                                             100% 78.8M=0s

2019-07-16 07:50:21 (78.8 MB/s) - â€˜install-jdk.shâ€™ saved [9688/9688]

travis_time:end:01081420:start=1563263421687776504,finish=1563263421761689047,duration=73912543[0Ktravis_fold:end:before_install.3[0Ktravis_fold:start:before_install.4[0Ktravis_time:start:001fcca4[0K$ nvm install $NODE_VERSION
Downloading and installing node v10.16.0...
Downloading https://nodejs.org/dist/v10.16.0/node-v10.16.0-linux-x64.tar.xz...
Computing checksum with sha256sum
Checksums matched!
Now using node v10.16.0 (npm v6.9.0)
travis_time:end:001fcca4:start=1563263421767589482,finish=1563263424850790342,duration=3083200860[0Ktravis_fold:end:before_install.4[0Ktravis_fold:start:install[0Ktravis_time:start:3979047c[0K$ . ./install-jdk.sh -F 13 -C
install-jdk.sh 2019-07-06
Variables:
  feature = 13
       os = linux-x64
      url = https://download.java.net/java/early_access/jdk13/29/GPL/openjdk-13-ea+29_linux-x64_bin.tar.gz
   status = 200
Downloading JDK from https://download.java.net/java/early_access/jdk13/29/GPL/openjdk-13-ea+29_linux-x64_bin.tar.gz...
openjdk version "13-ea" 2019-09-17
OpenJDK Runtime Environment (build 13-ea+29)
OpenJDK 64-Bit Server VM (build 13-ea+29, mixed mode, sharing)
travis_time:end:3979047c:start=1563263424857460296,finish=1563263476612067199,duration=51754606903[0Ktravis_fold:end:install[0Ktravis_fold:start:before_script.1[0Ktravis_time:start:0cf54234[0K$ _JAVA_OPTIONS=
travis_time:end:0cf54234:start=1563263476618795518,finish=1563263476622902151,duration=4106633[0Ktravis_fold:end:before_script.1[0Ktravis_fold:start:before_script.2[0Ktravis_time:start:0df7444c[0K$ mvn --version
Apache Maven 3.5.2 (138edd61fd100ec658bfa2d307c43b76940a5d7d; 2017-10-18T07:58:13Z)
Maven home: /usr/local/maven-3.5.2
Java version: 13-ea, vendor: Oracle Corporation
Java home: /home/travis/jdk-13
Default locale: en_US, platform encoding: UTF-8
OS name: "linux", version: "4.4.0-101-generic", arch: "amd64", family: "unix"
travis_time:end:0df7444c:start=1563263476628495257,finish=1563263476999092671,duration=370597414[0Ktravis_fold:end:before_script.2[0Ktravis_fold:start:before_script.3[0Ktravis_time:start:29fe9f50[0K$ if [ -z "$API_KEY" ]; then API_KEY=78da6e9a-273e-43d1-bdda-8f24e007a1fa; fi
travis_time:end:29fe9f50:start=1563263477006717718,finish=1563263477010938579,duration=4220861[0Ktravis_fold:end:before_script.3[0Ktravis_fold:start:before_script.4[0Ktravis_time:start:024e34a6[0K$ cd web && npm install && BROWSERIFYSWAP_ENV='development' npm run bundleProduction && cd ..
npm WARN deprecated vector-tile@1.3.0: This module has moved: please install @mapbox/vector-tile instead
npm WARN deprecated point-geometry@0.0.0: This module has moved: please install @mapbox/point-geometry instead
npm WARN deprecated minimatch@0.3.0: Please update to minimatch 3.0.2 or higher to avoid a RegExp DoS issue
npm notice created a lockfile as package-lock.json. You should commit this file.
npm WARN graphhopper-js-ui@1.0.0 No repository field.
npm WARN optional SKIPPING OPTIONAL DEPENDENCY: fsevents@1.2.9 (node_modules/fsevents):
npm WARN notsup SKIPPING OPTIONAL DEPENDENCY: Unsupported platform for fsevents@1.2.9: wanted {"os":"darwin","arch":"any"} (current: {"os":"linux","arch":"x64"})

added 356 packages from 202 contributors and audited 5131 packages in 9.613s
found 1 high severity vulnerability
  run `npm audit fix` to fix them, or `npm audit` for details

> graphhopper-js-ui@1.0.0 bundleProduction /home/travis/build/graphhopper/graphhopper/web
> browserify -g uglifyify src/main/resources/assets/js/main-template.js -o src/main/resources/assets/js/main.js

travis_time:end:024e34a6:start=1563263477017728541,finish=1563263501574477016,duration=24556748475[0Ktravis_fold:end:before_script.4[0Ktravis_time:start:2a484320[0K$ mvn -Dkey=$API_KEY clean test verify -B
[INFO] Scanning for projects...
[INFO] ------------------------------------------------------------------------
[INFO] Reactor Build Order:
[INFO] 
[INFO] GraphHopper Parent Project
[INFO] GraphHopper API
[INFO] GraphHopper Web API
[INFO] GraphHopper Core
[INFO] GraphHopper Reader for OpenStreetMap Data
[INFO] GraphHopper Isochrone
[INFO] GraphHopper Reader for Gtfs Data
[INFO] GraphHopper Tools
[INFO] GraphHopper Directions API hand-crafted Java Client.
[INFO] GraphHopper Dropwizard Bundle
[INFO] GraphHopper Web
[INFO] 
[INFO] ------------------------------------------------------------------------
[INFO] Building GraphHopper Parent Project 0.13-SNAPSHOT
[INFO] ------------------------------------------------------------------------
[INFO] 
[INFO] --- maven-clean-plugin:2.5:clean (default-clean) @ graphhopper-parent ---
[INFO] 
[INFO] --- maven-failsafe-plugin:2.22.2:integration-test (default) @ graphhopper-parent ---
[INFO] No tests to run.
[INFO] 
[INFO] --- maven-failsafe-plugin:2.22.2:verify (default) @ graphhopper-parent ---
[INFO] 
[INFO] ------------------------------------------------------------------------
[INFO] Building GraphHopper API 0.13-SNAPSHOT
[INFO] ------------------------------------------------------------------------
[INFO] 
[INFO] --- maven-clean-plugin:2.5:clean (default-clean) @ graphhopper-api ---
[INFO] 
[INFO] --- maven-resources-plugin:2.6:resources (default-resources) @ graphhopper-api ---
[INFO] Using 'UTF-8' encoding to copy filtered resources.
[INFO] skip non existing resourceDirectory /home/travis/build/graphhopper/graphhopper/api/src/main/resources
[INFO] 
[INFO] --- maven-compiler-plugin:3.8.1:compile (default-compile) @ graphhopper-api ---
[INFO] Changes detected - recompiling the module!
[INFO] Compiling 43 source files to /home/travis/build/graphhopper/graphhopper/api/target/classes
[INFO] 
[INFO] --- maven-resources-plugin:2.6:testResources (default-testResources) @ graphhopper-api ---
[INFO] Using 'UTF-8' encoding to copy filtered resources.
[INFO] skip non existing resourceDirectory /home/travis/build/graphhopper/graphhopper/api/src/test/resources
[INFO] 
[INFO] --- maven-compiler-plugin:3.8.1:testCompile (default-testCompile) @ graphhopper-api ---
[INFO] Changes detected - recompiling the module!
[INFO] Compiling 14 source files to /home/travis/build/graphhopper/graphhopper/api/target/test-classes
[INFO] 
[INFO] --- maven-surefire-plugin:2.22.2:test (default-test) @ graphhopper-api ---
[INFO] 
[INFO] -------------------------------------------------------
[INFO]  T E S T S
[INFO] -------------------------------------------------------
[INFO] Running com.graphhopper.util.PMapTest
[INFO] Tests run: 6, Failures: 0, Errors: 0, Skipped: 0, Time elapsed: 0.121 s - in com.graphhopper.util.PMapTest
[INFO] Running com.graphhopper.util.PointListTest
[INFO] Tests run: 13, Failures: 0, Errors: 0, Skipped: 0, Time elapsed: 0.004 s - in com.graphhopper.util.PointListTest
[INFO] Running com.graphhopper.util.GHResponseTest
[INFO] Tests run: 2, Failures: 0, Errors: 0, Skipped: 0, Time elapsed: 0.002 s - in com.graphhopper.util.GHResponseTest
[INFO] Running com.graphhopper.util.shapes.BBoxTest
[INFO] Tests run: 8, Failures: 0, Errors: 0, Skipped: 0, Time elapsed: 0.006 s - in com.graphhopper.util.shapes.BBoxTest
[INFO] Running com.graphhopper.util.shapes.GHPointTest
[INFO] Tests run: 1, Failures: 0, Errors: 0, Skipped: 0, Time elapsed: 0.001 s - in com.graphhopper.util.shapes.GHPointTest
[INFO] Running com.graphhopper.util.shapes.GHPoint3DTest
[INFO] Tests run: 1, Failures: 0, Errors: 0, Skipped: 0, Time elapsed: 0.002 s - in com.graphhopper.util.shapes.GHPoint3DTest
[INFO] Running com.graphhopper.util.shapes.CircleTest
[INFO] Tests run: 5, Failures: 0, Errors: 0, Skipped: 0, Time elapsed: 0.003 s - in com.graphhopper.util.shapes.CircleTest
[INFO] Running com.graphhopper.util.shapes.PolygonTest
[INFO] Tests run: 1, Failures: 0, Errors: 0, Skipped: 0, Time elapsed: 0.002 s - in com.graphhopper.util.shapes.PolygonTest
[INFO] Running com.graphhopper.util.FinishInstructionTest
[INFO] Tests run: 1, Failures: 0, Errors: 0, Skipped: 0, Time elapsed: 0.002 s - in com.graphhopper.util.FinishInstructionTest
[INFO] Running com.graphhopper.util.AngleCalcTest
[INFO] Tests run: 9, Failures: 0, Errors: 0, Skipped: 0, Time elapsed: 0.002 s - in com.graphhopper.util.AngleCalcTest
[INFO] Running com.graphhopper.util.GHRequestTest
[INFO] Tests run: 2, Failures: 0, Errors: 0, Skipped: 0, Time elapsed: 0.007 s - in com.graphhopper.util.GHRequestTest
[INFO] Running com.graphhopper.util.HelperTest
[INFO] Tests run: 7, Failures: 0, Errors: 0, Skipped: 0, Time elapsed: 0.01 s - in com.graphhopper.util.HelperTest
[INFO] Running com.graphhopper.util.DistanceCalcEarthTest
[INFO] Tests run: 6, Failures: 0, Errors: 0, Skipped: 0, Time elapsed: 0.004 s - in com.graphhopper.util.DistanceCalcEarthTest
[INFO] Running com.graphhopper.util.InstructionTest
[INFO] Tests run: 1, Failures: 0, Errors: 0, Skipped: 0, Time elapsed: 0.001 s - in com.graphhopper.util.InstructionTest
[INFO] 
[INFO] Results:
[INFO] 
[INFO] Tests run: 63, Failures: 0, Errors: 0, Skipped: 0
[INFO] 
[INFO] 
[INFO] --- maven-resources-plugin:2.6:resources (default-resources) @ graphhopper-api ---
[INFO] Using 'UTF-8' encoding to copy filtered resources.
[INFO] skip non existing resourceDirectory /home/travis/build/graphhopper/graphhopper/api/src/main/resources
[INFO] 
[INFO] --- maven-compiler-plugin:3.8.1:compile (default-compile) @ graphhopper-api ---
[INFO] Changes detected - recompiling the module!
[INFO] Compiling 43 source files to /home/travis/build/graphhopper/graphhopper/api/target/classes
[INFO] 
[INFO] --- maven-resources-plugin:2.6:testResources (default-testResources) @ graphhopper-api ---
[INFO] Using 'UTF-8' encoding to copy filtered resources.
[INFO] skip non existing resourceDirectory /home/travis/build/graphhopper/graphhopper/api/src/test/resources
[INFO] 
[INFO] --- maven-compiler-plugin:3.8.1:testCompile (default-testCompile) @ graphhopper-api ---
[INFO] Changes detected - recompiling the module!
[INFO] Compiling 14 source files to /home/travis/build/graphhopper/graphhopper/api/target/test-classes
[INFO] 
[INFO] --- maven-surefire-plugin:2.22.2:test (default-test) @ graphhopper-api ---
[INFO] Skipping execution of surefire because it has already been run for this configuration
[INFO] 
[INFO] --- maven-jar-plugin:3.1.1:jar (default-jar) @ graphhopper-api ---
[INFO] Building jar: /home/travis/build/graphhopper/graphhopper/api/target/graphhopper-api-0.13-SNAPSHOT.jar
[INFO] 
[INFO] --- maven-failsafe-plugin:2.22.2:integration-test (default) @ graphhopper-api ---
[INFO] 
[INFO] --- maven-failsafe-plugin:2.22.2:verify (default) @ graphhopper-api ---
[INFO] 
[INFO] ------------------------------------------------------------------------
[INFO] Building GraphHopper Web API 0.13-SNAPSHOT
[INFO] ------------------------------------------------------------------------
[INFO] 
[INFO] --- maven-clean-plugin:2.5:clean (default-clean) @ graphhopper-web-api ---
[INFO] 
[INFO] --- maven-resources-plugin:2.6:resources (default-resources) @ graphhopper-web-api ---
[INFO] Using 'UTF-8' encoding to copy filtered resources.
[INFO] skip non existing resourceDirectory /home/travis/build/graphhopper/graphhopper/web-api/src/main/resources
[INFO] 
[INFO] --- maven-compiler-plugin:3.8.1:compile (default-compile) @ graphhopper-web-api ---
[INFO] Changes detected - recompiling the module!
[INFO] Compiling 18 source files to /home/travis/build/graphhopper/graphhopper/web-api/target/classes
[INFO] 
[INFO] --- maven-resources-plugin:2.6:testResources (default-testResources) @ graphhopper-web-api ---
[INFO] Using 'UTF-8' encoding to copy filtered resources.
[INFO] Copying 3 resources
[INFO] 
[INFO] --- maven-compiler-plugin:3.8.1:testCompile (default-testCompile) @ graphhopper-web-api ---
[INFO] Changes detected - recompiling the module!
[INFO] Compiling 3 source files to /home/travis/build/graphhopper/graphhopper/web-api/target/test-classes
[INFO] 
[INFO] --- maven-surefire-plugin:2.22.2:test (default-test) @ graphhopper-web-api ---
[INFO] 
[INFO] -------------------------------------------------------
[INFO]  T E S T S
[INFO] -------------------------------------------------------
[INFO] Running com.graphhopper.util.InstructionListRepresentationTest
[INFO] Tests run: 2, Failures: 0, Errors: 0, Skipped: 0, Time elapsed: 0.443 s - in com.graphhopper.util.InstructionListRepresentationTest
[INFO] Running com.graphhopper.http.WebHelperTest
[INFO] Tests run: 6, Failures: 0, Errors: 0, Skipped: 0, Time elapsed: 0 s - in com.graphhopper.http.WebHelperTest
[INFO] Running com.graphhopper.json.geo.JsonFeatureCollectionTest
[INFO] Tests run: 2, Failures: 0, Errors: 0, Skipped: 0, Time elapsed: 0.106 s - in com.graphhopper.json.geo.JsonFeatureCollectionTest
[INFO] 
[INFO] Results:
[INFO] 
[INFO] Tests run: 10, Failures: 0, Errors: 0, Skipped: 0
[INFO] 
[INFO] 
[INFO] --- maven-resources-plugin:2.6:resources (default-resources) @ graphhopper-web-api ---
[INFO] Using 'UTF-8' encoding to copy filtered resources.
[INFO] skip non existing resourceDirectory /home/travis/build/graphhopper/graphhopper/web-api/src/main/resources
[INFO] 
[INFO] --- maven-compiler-plugin:3.8.1:compile (default-compile) @ graphhopper-web-api ---
[INFO] Changes detected - recompiling the module!
[INFO] Compiling 18 source files to /home/travis/build/graphhopper/graphhopper/web-api/target/classes
[INFO] 
[INFO] --- maven-resources-plugin:2.6:testResources (default-testResources) @ graphhopper-web-api ---
[INFO] Using 'UTF-8' encoding to copy filtered resources.
[INFO] Copying 3 resources
[INFO] 
[INFO] --- maven-compiler-plugin:3.8.1:testCompile (default-testCompile) @ graphhopper-web-api ---
[INFO] Changes detected - recompiling the module!
[INFO] Compiling 3 source files to /home/travis/build/graphhopper/graphhopper/web-api/target/test-classes
[INFO] 
[INFO] --- maven-surefire-plugin:2.22.2:test (default-test) @ graphhopper-web-api ---
[INFO] Skipping execution of surefire because it has already been run for this configuration
[INFO] 
[INFO] --- maven-jar-plugin:3.1.1:jar (default-jar) @ graphhopper-web-api ---
[INFO] Building jar: /home/travis/build/graphhopper/graphhopper/web-api/target/graphhopper-web-api-0.13-SNAPSHOT.jar
[INFO] 
[INFO] --- maven-failsafe-plugin:2.22.2:integration-test (default) @ graphhopper-web-api ---
[INFO] 
[INFO] --- maven-failsafe-plugin:2.22.2:verify (default) @ graphhopper-web-api ---
[INFO] 
[INFO] ------------------------------------------------------------------------
[INFO] Building GraphHopper Core 0.13-SNAPSHOT
[INFO] ------------------------------------------------------------------------
[INFO] 
[INFO] --- maven-clean-plugin:2.5:clean (default-clean) @ graphhopper-core ---
[INFO] 
[INFO] --- git-commit-id-plugin:3.0.0:revision (default) @ graphhopper-core ---
[INFO] 
[INFO] --- maven-resources-plugin:2.6:resources (default-resources) @ graphhopper-core ---
[INFO] Using 'UTF-8' encoding to copy filtered resources.
[INFO] Copying 3 resources
[INFO] Copying 49 resources
[INFO] 
[INFO] --- maven-compiler-plugin:3.8.1:compile (default-compile) @ graphhopper-core ---
[INFO] Changes detected - recompiling the module!
[INFO] Compiling 294 source files to /home/travis/build/graphhopper/graphhopper/core/target/classes
[INFO] 
[INFO] --- maven-resources-plugin:2.6:testResources (default-testResources) @ graphhopper-core ---
[INFO] Using 'UTF-8' encoding to copy filtered resources.
[INFO] Copying 13 resources
[INFO] 
[INFO] --- maven-compiler-plugin:3.8.1:testCompile (default-testCompile) @ graphhopper-core ---
[INFO] Changes detected - recompiling the module!
[INFO] Compiling 154 source files to /home/travis/build/graphhopper/graphhopper/core/target/test-classes
[INFO] 
[INFO] --- maven-surefire-plugin:2.22.2:test (default-test) @ graphhopper-core ---
[INFO] 
[INFO] -------------------------------------------------------
[INFO]  T E S T S
[INFO] -------------------------------------------------------
[INFO] Running com.graphhopper.reader.PrincetonReaderTest
[INFO] Tests run: 2, Failures: 0, Errors: 0, Skipped: 0, Time elapsed: 0.382 s - in com.graphhopper.reader.PrincetonReaderTest
[INFO] Running com.graphhopper.reader.osm.conditional.ConditionalParserTest
[INFO] Tests run: 5, Failures: 0, Errors: 0, Skipped: 0, Time elapsed: 0.049 s - in com.graphhopper.reader.osm.conditional.ConditionalParserTest
[INFO] Running com.graphhopper.reader.osm.conditional.ConditionalOSMTagInspectorTest
[INFO] Tests run: 7, Failures: 0, Errors: 0, Skipped: 0, Time elapsed: 0.041 s - in com.graphhopper.reader.osm.conditional.ConditionalOSMTagInspectorTest
[INFO] Running com.graphhopper.reader.osm.conditional.DateRangeParserTest
[INFO] Tests run: 18, Failures: 0, Errors: 0, Skipped: 0, Time elapsed: 0.096 s - in com.graphhopper.reader.osm.conditional.DateRangeParserTest
[INFO] Running com.graphhopper.reader.OSMNodeTest
[INFO] Tests run: 1, Failures: 0, Errors: 0, Skipped: 0, Time elapsed: 0.003 s - in com.graphhopper.reader.OSMNodeTest
[INFO] Running com.graphhopper.reader.dem.CGIARProviderTest
[INFO] Tests run: 3, Failures: 0, Errors: 0, Skipped: 0, Time elapsed: 0.108 s - in com.graphhopper.reader.dem.CGIARProviderTest
[INFO] Running com.graphhopper.reader.dem.SRTMProviderTest
[INFO] Tests run: 4, Failures: 0, Errors: 0, Skipped: 0, Time elapsed: 0.864 s - in com.graphhopper.reader.dem.SRTMProviderTest
[INFO] Running com.graphhopper.reader.dem.SRTMGL1ProviderTest
[INFO] Tests run: 4, Failures: 0, Errors: 0, Skipped: 0, Time elapsed: 0.015 s - in com.graphhopper.reader.dem.SRTMGL1ProviderTest
[INFO] Running com.graphhopper.reader.dem.ElevationInterpolatorTest
[INFO] Tests run: 3, Failures: 0, Errors: 0, Skipped: 0, Time elapsed: 0.008 s - in com.graphhopper.reader.dem.ElevationInterpolatorTest
[INFO] Running com.graphhopper.reader.dem.HeightTileTest
[INFO] Tests run: 3, Failures: 0, Errors: 0, Skipped: 0, Time elapsed: 0.003 s - in com.graphhopper.reader.dem.HeightTileTest
[INFO] Running com.graphhopper.reader.dem.TunnelElevationInterpolatorTest
[INFO] Tests run: 5, Failures: 0, Errors: 0, Skipped: 0, Time elapsed: 0.042 s - in com.graphhopper.reader.dem.TunnelElevationInterpolatorTest
[INFO] Running com.graphhopper.reader.dem.GraphElevationSmoothingTest
[INFO] Tests run: 1, Failures: 0, Errors: 0, Skipped: 0, Time elapsed: 0.005 s - in com.graphhopper.reader.dem.GraphElevationSmoothingTest
[INFO] Running com.graphhopper.reader.dem.BridgeElevationInterpolatorTest
[INFO] Tests run: 1, Failures: 0, Errors: 0, Skipped: 0, Time elapsed: 0.017 s - in com.graphhopper.reader.dem.BridgeElevationInterpolatorTest
[INFO] Running com.graphhopper.reader.dem.MultiSourceElevationProviderTest
[INFO] Tests run: 1, Failures: 0, Errors: 0, Skipped: 0, Time elapsed: 0.007 s - in com.graphhopper.reader.dem.MultiSourceElevationProviderTest
[INFO] Running com.graphhopper.reader.dem.GMTEDProviderTest
[INFO] Tests run: 5, Failures: 0, Errors: 0, Skipped: 0, Time elapsed: 0.11 s - in com.graphhopper.reader.dem.GMTEDProviderTest
[INFO] Running com.graphhopper.reader.OSMElementTest
[INFO] Tests run: 2, Failures: 0, Errors: 0, Skipped: 0, Time elapsed: 0.001 s - in com.graphhopper.reader.OSMElementTest
[INFO] Running com.graphhopper.routing.PathTest
[INFO] Tests run: 29, Failures: 0, Errors: 0, Skipped: 0, Time elapsed: 0.423 s - in com.graphhopper.routing.PathTest
[INFO] Running com.graphhopper.routing.AStarTest
[INFO] Tests run: 84, Failures: 0, Errors: 0, Skipped: 0, Time elapsed: 0.499 s - in com.graphhopper.routing.AStarTest
[INFO] Running com.graphhopper.routing.DijkstraBidirectionRefTest
[INFO] Tests run: 84, Failures: 0, Errors: 0, Skipped: 0, Time elapsed: 0.531 s - in com.graphhopper.routing.DijkstraBidirectionRefTest
[INFO] Running com.graphhopper.routing.template.RoundTripRoutingTemplateTest
[INFO] Tests run: 4, Failures: 0, Errors: 0, Skipped: 0, Time elapsed: 0.058 s - in com.graphhopper.routing.template.RoundTripRoutingTemplateTest
[INFO] Running com.graphhopper.routing.AStarBidirectionEdgeCHTest
[INFO] Tests run: 28, Failures: 0, Errors: 0, Skipped: 0, Time elapsed: 3.624 s - in com.graphhopper.routing.AStarBidirectionEdgeCHTest
[INFO] Running com.graphhopper.routing.RandomCHRoutingTest
seed: 170507725688
seed: 174120080469
[WARNING] Tests run: 12, Failures: 0, Errors: 0, Skipped: 5, Time elapsed: 6.107 s - in com.graphhopper.routing.RandomCHRoutingTest
[INFO] Running com.graphhopper.routing.CHQueryWithTurnCostsTest
[INFO] Tests run: 46, Failures: 0, Errors: 0, Skipped: 0, Time elapsed: 0.236 s - in com.graphhopper.routing.CHQueryWithTurnCostsTest
[INFO] Running com.graphhopper.routing.weighting.GenericWeightingTest
[INFO] Tests run: 3, Failures: 0, Errors: 0, Skipped: 0, Time elapsed: 0.018 s - in com.graphhopper.routing.weighting.GenericWeightingTest
[INFO] Running com.graphhopper.routing.weighting.BlockAreaWeightingTest
[INFO] Tests run: 3, Failures: 0, Errors: 0, Skipped: 0, Time elapsed: 0.046 s - in com.graphhopper.routing.weighting.BlockAreaWeightingTest
[INFO] Running com.graphhopper.routing.weighting.DirectedRoutingTest
randomGraph_withQueryGraph seed: 176949391668
randomGraph_withQueryGraph seed: 177002571401
randomGraph_withQueryGraph seed: 177053466741
randomGraph_withQueryGraph seed: 177105510930
randomGraph_withQueryGraph seed: 177153476229
randomGraph_withQueryGraph seed: 177203307089
randomGraph_withQueryGraph seed: 177244116903
randomGraph_withQueryGraph seed: 177270424302
randomGraph_withQueryGraph seed: 177304844161
randomGraph_withQueryGraph seed: 177329385649
random Graph seed: 177374303431
random Graph seed: 177397515657
random Graph seed: 177416654740
random Graph seed: 177423296209
random Graph seed: 177433977330
random Graph seed: 177445949885
random Graph seed: 177454463341
random Graph seed: 177462039367
random Graph seed: 177468845528
random Graph seed: 177475514275
randomGraph_withQueryGraph seed: 177493288986
randomGraph_withQueryGraph seed: 177582228673
randomGraph_withQueryGraph seed: 177661042405
randomGraph_withQueryGraph seed: 177756457360
randomGraph_withQueryGraph seed: 177809882401
randomGraph_withQueryGraph seed: 177864120482
randomGraph_withQueryGraph seed: 177939981724
randomGraph_withQueryGraph seed: 178006636774
randomGraph_withQueryGraph seed: 178065302309
randomGraph_withQueryGraph seed: 178127073022
random Graph seed: 178225334080
random Graph seed: 178327320837
random Graph seed: 178437422564
random Graph seed: 178609199275
random Graph seed: 178709461859
random Graph seed: 178785702440
random Graph seed: 178842450218
random Graph seed: 178910275086
random Graph seed: 178984134042
random Graph seed: 179081292554
randomGraph_withQueryGraph seed: 179181294230
randomGraph_withQueryGraph seed: 179276541276
randomGraph_withQueryGraph seed: 179351513528
randomGraph_withQueryGraph seed: 179405547071
randomGraph_withQueryGraph seed: 179485609694
randomGraph_withQueryGraph seed: 179553547299
randomGraph_withQueryGraph seed: 179622026751
randomGraph_withQueryGraph seed: 179701691406
randomGraph_withQueryGraph seed: 179776668551
randomGraph_withQueryGraph seed: 179853553690
random Graph seed: 179933202577
random Graph seed: 180021779262
random Graph seed: 180093402449
random Graph seed: 180173294888
random Graph seed: 180282233556
random Graph seed: 180357264550
random Graph seed: 180457277222
random Graph seed: 180572426955
random Graph seed: 180669306863
random Graph seed: 180746090428
randomGraph_withQueryGraph seed: 180838711861
randomGraph_withQueryGraph seed: 180874119793
randomGraph_withQueryGraph seed: 180905240152
randomGraph_withQueryGraph seed: 180961005824
randomGraph_withQueryGraph seed: 181009177010
randomGraph_withQueryGraph seed: 181044723156
randomGraph_withQueryGraph seed: 181082987582
randomGraph_withQueryGraph seed: 181119550706
randomGraph_withQueryGraph seed: 181154737859
randomGraph_withQueryGraph seed: 181204776312
random Graph seed: 181233094854
random Graph seed: 181247297538
random Graph seed: 181265534634
random Graph seed: 181281632919
random Graph seed: 181294212685
random Graph seed: 181303199977
random Graph seed: 181313323880
random Graph seed: 181319978507
random Graph seed: 181328370342
random Graph seed: 181342898194
[INFO] Tests run: 8, Failures: 0, Errors: 0, Skipped: 0, Time elapsed: 4.432 s - in com.graphhopper.routing.weighting.DirectedRoutingTest
[INFO] Running com.graphhopper.routing.weighting.ShortFastestWeightingTest
[INFO] Tests run: 2, Failures: 0, Errors: 0, Skipped: 0, Time elapsed: 0.011 s - in com.graphhopper.routing.weighting.ShortFastestWeightingTest
[INFO] Running com.graphhopper.routing.weighting.TurnWeightingTest
[INFO] Tests run: 3, Failures: 0, Errors: 0, Skipped: 0, Time elapsed: 0.024 s - in com.graphhopper.routing.weighting.TurnWeightingTest
[INFO] Running com.graphhopper.routing.weighting.FastestWeightingTest
[INFO] Tests run: 4, Failures: 0, Errors: 0, Skipped: 0, Time elapsed: 0.001 s - in com.graphhopper.routing.weighting.FastestWeightingTest
[INFO] Running com.graphhopper.routing.weighting.AbstractWeightingTest
[INFO] Tests run: 1, Failures: 0, Errors: 0, Skipped: 0, Time elapsed: 0.001 s - in com.graphhopper.routing.weighting.AbstractWeightingTest
[INFO] Running com.graphhopper.routing.QueryGraphTest
[INFO] Tests run: 21, Failures: 0, Errors: 0, Skipped: 0, Time elapsed: 0.092 s - in com.graphhopper.routing.QueryGraphTest
[INFO] Running com.graphhopper.routing.AStarBidirectionTest
[ERROR] Tests run: 87, Failures: 0, Errors: 3, Skipped: 0, Time elapsed: 0.424 s <<< FAILURE! - in com.graphhopper.routing.AStarBidirectionTest
[ERROR] testInitFromAndTo[NODE_BASED](com.graphhopper.routing.AStarBidirectionTest)  Time elapsed: 0.006 s  <<< ERROR!
java.lang.NullPointerException
	at com.graphhopper.routing.AStarBidirectionTest.testInitFromAndTo(AStarBidirectionTest.java:96)

[ERROR] testInitFromAndTo[EDGE_BASED](com.graphhopper.routing.AStarBidirectionTest)  Time elapsed: 0.003 s  <<< ERROR!
java.lang.NullPointerException
	at com.graphhopper.routing.AStarBidirectionTest.testInitFromAndTo(AStarBidirectionTest.java:96)

[ERROR] testInitFromAndTo[EDGE_BASED](com.graphhopper.routing.AStarBidirectionTest)  Time elapsed: 0.008 s  <<< ERROR!
java.lang.NullPointerException
	at com.graphhopper.routing.AStarBidirectionTest.testInitFromAndTo(AStarBidirectionTest.java:96)

[INFO] Running com.graphhopper.routing.util.CarFlagEncoderTest
[INFO] Tests run: 21, Failures: 0, Errors: 0, Skipped: 0, Time elapsed: 0.041 s - in com.graphhopper.routing.util.CarFlagEncoderTest
[INFO] Running com.graphhopper.routing.util.NameSimilarityEdgeFilterTest
[INFO] Tests run: 6, Failures: 0, Errors: 0, Skipped: 0, Time elapsed: 0.009 s - in com.graphhopper.routing.util.NameSimilarityEdgeFilterTest
[INFO] Running com.graphhopper.routing.util.RacingBikeFlagEncoderTest
[INFO] Tests run: 19, Failures: 0, Errors: 0, Skipped: 0, Time elapsed: 0.031 s - in com.graphhopper.routing.util.RacingBikeFlagEncoderTest
[INFO] Running com.graphhopper.routing.util.MotorcycleFlagEncoderTest
[INFO] Tests run: 4, Failures: 0, Errors: 0, Skipped: 0, Time elapsed: 0.016 s - in com.graphhopper.routing.util.MotorcycleFlagEncoderTest
[INFO] Running com.graphhopper.routing.util.FootFlagEncoderTest
[INFO] Tests run: 15, Failures: 0, Errors: 0, Skipped: 0, Time elapsed: 0.01 s - in com.graphhopper.routing.util.FootFlagEncoderTest
[INFO] Running com.graphhopper.routing.util.AbstractFlagEncoderTest
[INFO] Tests run: 1, Failures: 0, Errors: 0, Skipped: 0, Time elapsed: 0 s - in com.graphhopper.routing.util.AbstractFlagEncoderTest
[INFO] Running com.graphhopper.routing.util.tour.SinglePointTourTest
[INFO] Tests run: 1, Failures: 0, Errors: 0, Skipped: 0, Time elapsed: 0 s - in com.graphhopper.routing.util.tour.SinglePointTourTest
[INFO] Running com.graphhopper.routing.util.DataFlagEncoderTest
[INFO] Tests run: 18, Failures: 0, Errors: 0, Skipped: 0, Time elapsed: 0.031 s - in com.graphhopper.routing.util.DataFlagEncoderTest
[INFO] Running com.graphhopper.routing.util.MountainBikeFlagEncoderTest
[INFO] Tests run: 18, Failures: 0, Errors: 0, Skipped: 0, Time elapsed: 0.027 s - in com.graphhopper.routing.util.MountainBikeFlagEncoderTest
[INFO] Running com.graphhopper.routing.util.EncodingManagerTest
[INFO] Tests run: 11, Failures: 0, Errors: 0, Skipped: 0, Time elapsed: 0.015 s - in com.graphhopper.routing.util.EncodingManagerTest
[INFO] Running com.graphhopper.routing.util.BikeFlagEncoderTest
[INFO] Tests run: 26, Failures: 0, Errors: 0, Skipped: 0, Time elapsed: 0.015 s - in com.graphhopper.routing.util.BikeFlagEncoderTest
[INFO] Running com.graphhopper.routing.util.spatialrules.SpatialRuleLookupArrayTest
[INFO] Tests run: 7, Failures: 0, Errors: 0, Skipped: 0, Time elapsed: 0.057 s - in com.graphhopper.routing.util.spatialrules.SpatialRuleLookupArrayTest
[INFO] Running com.graphhopper.routing.util.spatialrules.SpatialRuleLookupBuilderTest
[INFO] Tests run: 4, Failures: 0, Errors: 0, Skipped: 0, Time elapsed: 3.128 s - in com.graphhopper.routing.util.spatialrules.SpatialRuleLookupBuilderTest
[INFO] Running com.graphhopper.routing.util.SnapPreventionEdgeFilterTest
[INFO] Tests run: 1, Failures: 0, Errors: 0, Skipped: 0, Time elapsed: 0.009 s - in com.graphhopper.routing.util.SnapPreventionEdgeFilterTest
[INFO] Running com.graphhopper.routing.util.Bike2WeightFlagEncoderTest
[INFO] Tests run: 30, Failures: 0, Errors: 0, Skipped: 0, Time elapsed: 0.036 s - in com.graphhopper.routing.util.Bike2WeightFlagEncoderTest
[INFO] Running com.graphhopper.routing.util.HikeFlagEncoderTest
[INFO] Tests run: 2, Failures: 0, Errors: 0, Skipped: 0, Time elapsed: 0.004 s - in com.graphhopper.routing.util.HikeFlagEncoderTest
[INFO] Running com.graphhopper.routing.util.Car4WDFlagEncoderTest
[INFO] Tests run: 21, Failures: 0, Errors: 0, Skipped: 0, Time elapsed: 0.017 s - in com.graphhopper.routing.util.Car4WDFlagEncoderTest
[INFO] Running com.graphhopper.routing.util.DefaultEdgeFilterTest
[INFO] Tests run: 1, Failures: 0, Errors: 0, Skipped: 0, Time elapsed: 0.028 s - in com.graphhopper.routing.util.DefaultEdgeFilterTest
2019-07-16 07:52:42,928 [main] WARN  com.graphhopper.storage.CHGraphImpl - Setting weights smaller than 0.001 is not allowed in CHGraphImpl#setWeight. You passed: 0.0 for the edge -1 nodeA 0.0,0.0 nodeB 0.0,0.0
[INFO] Running com.graphhopper.routing.util.parsers.OSMMaxWeightParserTest
[INFO] Tests run: 1, Failures: 0, Errors: 0, Skipped: 0, Time elapsed: 0.004 s - in com.graphhopper.routing.util.parsers.OSMMaxWeightParserTest
[INFO] Running com.graphhopper.routing.util.parsers.OSMTollParserTest
[INFO] Tests run: 1, Failures: 0, Errors: 0, Skipped: 0, Time elapsed: 0.001 s - in com.graphhopper.routing.util.parsers.OSMTollParserTest
[INFO] Running com.graphhopper.routing.util.parsers.OSMRoadClassParserTest
[INFO] Tests run: 3, Failures: 0, Errors: 0, Skipped: 0, Time elapsed: 0 s - in com.graphhopper.routing.util.parsers.OSMRoadClassParserTest
[INFO] Running com.graphhopper.routing.util.EncodedValueOldTest
[INFO] Tests run: 1, Failures: 0, Errors: 0, Skipped: 0, Time elapsed: 0 s - in com.graphhopper.routing.util.EncodedValueOldTest
[INFO] Running com.graphhopper.routing.EdgeBasedRoutingAlgorithmTest
[INFO] Tests run: 44, Failures: 0, Errors: 0, Skipped: 0, Time elapsed: 0.248 s - in com.graphhopper.routing.EdgeBasedRoutingAlgorithmTest
[INFO] Running com.graphhopper.routing.subnetwork.PrepareRoutingSubnetworksTest
[INFO] Tests run: 10, Failures: 0, Errors: 0, Skipped: 0, Time elapsed: 0.052 s - in com.graphhopper.routing.subnetwork.PrepareRoutingSubnetworksTest
[INFO] Running com.graphhopper.routing.subnetwork.SubnetworkStorageTest
[INFO] Tests run: 1, Failures: 0, Errors: 0, Skipped: 0, Time elapsed: 0.003 s - in com.graphhopper.routing.subnetwork.SubnetworkStorageTest
[INFO] Running com.graphhopper.routing.DirectedBidirectionalDijkstraTest
compare_standard_dijkstra seed: 185967206823
compare_standard_dijkstra seed: 186198928170
compare_standard_dijkstra seed: 186365768272
compare_standard_dijkstra seed: 186538618193
compare_standard_dijkstra seed: 186737533172
compare_standard_dijkstra seed: 186868597027
compare_standard_dijkstra seed: 186957299244
compare_standard_dijkstra seed: 187042106332
compare_standard_dijkstra seed: 187129785913
compare_standard_dijkstra seed: 187200717056
compare_standard_dijkstra seed: 187280360869
compare_standard_dijkstra seed: 187371039688
compare_standard_dijkstra seed: 187459255242
compare_standard_dijkstra seed: 187538111861
compare_standard_dijkstra seed: 187636532082
compare_standard_dijkstra seed: 187718520918
compare_standard_dijkstra seed: 187818180323
compare_standard_dijkstra seed: 187877508906
compare_standard_dijkstra seed: 187963797891
compare_standard_dijkstra seed: 188037598291
[WARNING] Tests run: 18, Failures: 0, Errors: 0, Skipped: 1, Time elapsed: 2.202 s - in com.graphhopper.routing.DirectedBidirectionalDijkstraTest
[INFO] Running com.graphhopper.routing.DijkstraBidirectionEdgeCHTest
[INFO] Tests run: 28, Failures: 0, Errors: 0, Skipped: 0, Time elapsed: 1.997 s - in com.graphhopper.routing.DijkstraBidirectionEdgeCHTest
[INFO] Running com.graphhopper.routing.DijkstraTest
[INFO] Tests run: 84, Failures: 0, Errors: 0, Skipped: 0, Time elapsed: 0.313 s - in com.graphhopper.routing.DijkstraTest
[INFO] Running com.graphhopper.routing.AlternativeRouteTest
[INFO] Tests run: 6, Failures: 0, Errors: 0, Skipped: 0, Time elapsed: 0.047 s - in com.graphhopper.routing.AlternativeRouteTest
[INFO] Running com.graphhopper.routing.DijkstraOneToManyTest
[INFO] Tests run: 34, Failures: 0, Errors: 0, Skipped: 0, Time elapsed: 0.121 s - in com.graphhopper.routing.DijkstraOneToManyTest
[INFO] Running com.graphhopper.routing.lm.LMAlgoFactoryDecoratorTest
[INFO] Tests run: 2, Failures: 0, Errors: 0, Skipped: 0, Time elapsed: 0.013 s - in com.graphhopper.routing.lm.LMAlgoFactoryDecoratorTest
[INFO] Running com.graphhopper.routing.lm.PrepareLandmarksTest
[INFO] Tests run: 2, Failures: 0, Errors: 0, Skipped: 0, Time elapsed: 0.075 s - in com.graphhopper.routing.lm.PrepareLandmarksTest
[INFO] Running com.graphhopper.routing.lm.LandmarkStorageTest
2019-07-16 07:52:48,158 [main] WARN  com.graphhopper.routing.lm.LandmarkStorage - next start node not found in big enough network of size 2, first element is 5, 0.0,0.0
2019-07-16 07:52:48,161 [main] WARN  com.graphhopper.routing.lm.LandmarkStorage - landmark 0 (0.0,0.0): too many delta weights were maxed out (7/12). Factor is too small 11.771065848214286. To fix this increase maximum in config.yml: prepare.lm.weighting: fastest|maximum=792000.0000000001
2019-07-16 07:52:48,162 [main] WARN  com.graphhopper.routing.lm.LandmarkStorage - landmark 1 (0.0,0.0): too many delta weights were maxed out (7/12). Factor is too small 11.771065848214286. To fix this increase maximum in config.yml: prepare.lm.weighting: fastest|maximum=576000.0
[INFO] Tests run: 9, Failures: 0, Errors: 0, Skipped: 0, Time elapsed: 0.075 s - in com.graphhopper.routing.lm.LandmarkStorageTest
[INFO] Running com.graphhopper.routing.ch.PrepareEncoderTest
[INFO] Tests run: 1, Failures: 0, Errors: 0, Skipped: 0, Time elapsed: 0.003 s - in com.graphhopper.routing.ch.PrepareEncoderTest
[INFO] Running com.graphhopper.routing.ch.OnFlyStatisticsCalculatorTest
[INFO] Tests run: 1, Failures: 0, Errors: 0, Skipped: 0, Time elapsed: 0.001 s - in com.graphhopper.routing.ch.OnFlyStatisticsCalculatorTest
[INFO] Running com.graphhopper.routing.ch.EdgeBasedNodeContractorTest
[INFO] Tests run: 62, Failures: 0, Errors: 0, Skipped: 0, Time elapsed: 0.39 s - in com.graphhopper.routing.ch.EdgeBasedNodeContractorTest
[INFO] Running com.graphhopper.routing.ch.CHAlgoFactoryDecoratorTest
[INFO] Tests run: 6, Failures: 0, Errors: 0, Skipped: 0, Time elapsed: 0.023 s - in com.graphhopper.routing.ch.CHAlgoFactoryDecoratorTest
[INFO] Running com.graphhopper.routing.ch.CHTurnCostTest
[INFO] Tests run: 31, Failures: 0, Errors: 0, Skipped: 0, Time elapsed: 4.493 s - in com.graphhopper.routing.ch.CHTurnCostTest
[INFO] Running com.graphhopper.routing.ch.WitnessPathSearcherTest
[INFO] Tests run: 4, Failures: 0, Errors: 0, Skipped: 0, Time elapsed: 0.014 s - in com.graphhopper.routing.ch.WitnessPathSearcherTest
[INFO] Running com.graphhopper.routing.ch.Path4CHTest
[INFO] Tests run: 2, Failures: 0, Errors: 0, Skipped: 0, Time elapsed: 0.013 s - in com.graphhopper.routing.ch.Path4CHTest
[INFO] Running com.graphhopper.routing.ch.NodeBasedNodeContractorTest
[INFO] Tests run: 14, Failures: 0, Errors: 0, Skipped: 0, Time elapsed: 0.07 s - in com.graphhopper.routing.ch.NodeBasedNodeContractorTest
[INFO] Running com.graphhopper.routing.ch.PrepareContractionHierarchiesTest
[INFO] Tests run: 16, Failures: 0, Errors: 0, Skipped: 0, Time elapsed: 0.386 s - in com.graphhopper.routing.ch.PrepareContractionHierarchiesTest
[INFO] Running com.graphhopper.routing.PathBidirRefTest
[INFO] Tests run: 2, Failures: 0, Errors: 0, Skipped: 0, Time elapsed: 0.007 s - in com.graphhopper.routing.PathBidirRefTest
[INFO] Running com.graphhopper.routing.profiles.RoadAccessTest
[INFO] Tests run: 1, Failures: 0, Errors: 0, Skipped: 0, Time elapsed: 0.004 s - in com.graphhopper.routing.profiles.RoadAccessTest
[INFO] Running com.graphhopper.routing.profiles.EnumEncodedValueTest
[INFO] Tests run: 1, Failures: 0, Errors: 0, Skipped: 0, Time elapsed: 0.006 s - in com.graphhopper.routing.profiles.EnumEncodedValueTest
[INFO] Running com.graphhopper.routing.profiles.IntEncodedValueTest
[INFO] Tests run: 5, Failures: 0, Errors: 0, Skipped: 0, Time elapsed: 0.005 s - in com.graphhopper.routing.profiles.IntEncodedValueTest
[INFO] Running com.graphhopper.routing.profiles.DecimalEncodedValueTest
[INFO] Tests run: 3, Failures: 0, Errors: 0, Skipped: 0, Time elapsed: 0.007 s - in com.graphhopper.routing.profiles.DecimalEncodedValueTest
[INFO] Running com.graphhopper.routing.profiles.UnsignedDecimalEncodedValueTest
[INFO] Tests run: 2, Failures: 0, Errors: 0, Skipped: 0, Time elapsed: 0.003 s - in com.graphhopper.routing.profiles.UnsignedDecimalEncodedValueTest
[INFO] Running com.graphhopper.routing.profiles.MaxWeightTest
[INFO] Tests run: 1, Failures: 0, Errors: 0, Skipped: 0, Time elapsed: 0.001 s - in com.graphhopper.routing.profiles.MaxWeightTest
[INFO] Running com.graphhopper.routing.profiles.DefaultEncodedValueFactoryTest
[INFO] Tests run: 3, Failures: 0, Errors: 0, Skipped: 0, Time elapsed: 0.005 s - in com.graphhopper.routing.profiles.DefaultEncodedValueFactoryTest
[INFO] Running com.graphhopper.routing.profiles.BooleanEncodedValueTest
[INFO] Tests run: 2, Failures: 0, Errors: 0, Skipped: 0, Time elapsed: 0.003 s - in com.graphhopper.routing.profiles.BooleanEncodedValueTest
[INFO] Running com.graphhopper.routing.DijkstraBidirectionCHTest
[INFO] Tests run: 34, Failures: 0, Errors: 0, Skipped: 0, Time elapsed: 0.388 s - in com.graphhopper.routing.DijkstraBidirectionCHTest
[INFO] Running com.graphhopper.GraphHopperAPITest
[INFO] Tests run: 5, Failures: 0, Errors: 0, Skipped: 0, Time elapsed: 0.911 s - in com.graphhopper.GraphHopperAPITest
[INFO] Running com.graphhopper.apache.commons.lang3.StringUtilsTest
[INFO] Tests run: 3, Failures: 0, Errors: 0, Skipped: 0, Time elapsed: 0.003 s - in com.graphhopper.apache.commons.lang3.StringUtilsTest
[INFO] Running com.graphhopper.apache.commons.collections.IntDoubleBinaryHeapTest
[INFO] Tests run: 6, Failures: 0, Errors: 0, Skipped: 0, Time elapsed: 0.012 s - in com.graphhopper.apache.commons.collections.IntDoubleBinaryHeapTest
[INFO] Running com.graphhopper.search.NameIndexTest
[INFO] Tests run: 5, Failures: 0, Errors: 0, Skipped: 0, Time elapsed: 0.039 s - in com.graphhopper.search.NameIndexTest
[INFO] Running com.graphhopper.util.CHEdgeIteratorTest
[INFO] Tests run: 1, Failures: 0, Errors: 0, Skipped: 0, Time elapsed: 0.009 s - in com.graphhopper.util.CHEdgeIteratorTest
[INFO] Running com.graphhopper.util.BitUtilBigTest
[INFO] Tests run: 10, Failures: 0, Errors: 0, Skipped: 0, Time elapsed: 0.005 s - in com.graphhopper.util.BitUtilBigTest
[INFO] Running com.graphhopper.util.InstructionListTest
[INFO] Tests run: 5, Failures: 0, Errors: 0, Skipped: 0, Time elapsed: 0.043 s - in com.graphhopper.util.InstructionListTest
[INFO] Running com.graphhopper.util.BreadthFirstSearchTest
[INFO] Tests run: 2, Failures: 0, Errors: 0, Skipped: 0, Time elapsed: 0.014 s - in com.graphhopper.util.BreadthFirstSearchTest
[INFO] Running com.graphhopper.util.BitUtilLittleTest
[INFO] Tests run: 10, Failures: 0, Errors: 0, Skipped: 0, Time elapsed: 0.005 s - in com.graphhopper.util.BitUtilLittleTest
[INFO] Running com.graphhopper.util.UnzipperTest
[INFO] Tests run: 1, Failures: 0, Errors: 0, Skipped: 0, Time elapsed: 0.004 s - in com.graphhopper.util.UnzipperTest
[INFO] Running com.graphhopper.util.TranslationMapTest
[INFO] Tests run: 2, Failures: 0, Errors: 0, Skipped: 0, Time elapsed: 0.014 s - in com.graphhopper.util.TranslationMapTest
[INFO] Running com.graphhopper.util.DouglasPeuckerTest
[INFO] Tests run: 4, Failures: 0, Errors: 0, Skipped: 0, Time elapsed: 0.021 s - in com.graphhopper.util.DouglasPeuckerTest
[INFO] Running com.graphhopper.util.DepthFirstSearchTest
[INFO] Tests run: 2, Failures: 0, Errors: 0, Skipped: 0, Time elapsed: 0.008 s - in com.graphhopper.util.DepthFirstSearchTest
[INFO] Running com.graphhopper.util.PathSimplificationTest
[INFO] Tests run: 1, Failures: 0, Errors: 0, Skipped: 0, Time elapsed: 0.007 s - in com.graphhopper.util.PathSimplificationTest
[INFO] Running com.graphhopper.util.GHUtilityTest
[INFO] Tests run: 7, Failures: 0, Errors: 0, Skipped: 0, Time elapsed: 0.049 s - in com.graphhopper.util.GHUtilityTest
[INFO] Running com.graphhopper.util.SimpleIntDequeTest
[INFO] Tests run: 3, Failures: 0, Errors: 0, Skipped: 0, Time elapsed: 0.002 s - in com.graphhopper.util.SimpleIntDequeTest
[INFO] Running com.graphhopper.util.DistanceCalc2DTest
[INFO] Tests run: 3, Failures: 0, Errors: 0, Skipped: 0, Time elapsed: 0.009 s - in com.graphhopper.util.DistanceCalc2DTest
[INFO] Running com.graphhopper.storage.NativeFSLockFactoryTest
[INFO] Tests run: 3, Failures: 0, Errors: 0, Skipped: 0, Time elapsed: 0.006 s - in com.graphhopper.storage.NativeFSLockFactoryTest
[INFO] Running com.graphhopper.storage.VLongStorageTest
[INFO] Tests run: 2, Failures: 0, Errors: 0, Skipped: 0, Time elapsed: 0.003 s - in com.graphhopper.storage.VLongStorageTest
[INFO] Running com.graphhopper.storage.RAMIntDataAccessTest
[INFO] Tests run: 14, Failures: 0, Errors: 0, Skipped: 0, Time elapsed: 0.02 s - in com.graphhopper.storage.RAMIntDataAccessTest
[INFO] Running com.graphhopper.storage.TurnCostExtensionTest
[INFO] Tests run: 2, Failures: 0, Errors: 0, Skipped: 0, Time elapsed: 0.018 s - in com.graphhopper.storage.TurnCostExtensionTest
[INFO] Running com.graphhopper.storage.ShortcutUnpackerTest
[WARNING] Tests run: 6, Failures: 0, Errors: 0, Skipped: 2, Time elapsed: 0.058 s - in com.graphhopper.storage.ShortcutUnpackerTest
[INFO] Running com.graphhopper.storage.SimpleFSLockFactoryTest
[INFO] Tests run: 2, Failures: 0, Errors: 0, Skipped: 0, Time elapsed: 0.004 s - in com.graphhopper.storage.SimpleFSLockFactoryTest
[INFO] Running com.graphhopper.storage.GraphHopperStorageCHTest
2019-07-16 07:52:55,718 [main] WARN  com.graphhopper.storage.CHGraphImpl - Setting weights smaller than 0.001 is not allowed in CHGraphImpl#setWeight. You passed: 0.0 for the edge -1 nodeA 0.0,0.0 nodeB 0.0,0.0
2019-07-16 07:52:55,729 [main] WARN  com.graphhopper.storage.CHGraphImpl - Setting weights smaller than 0.001 is not allowed in CHGraphImpl#setWeight. You passed: 0.0 for the edge -1 nodeA 0.0,0.0 nodeB 0.0,0.0
2019-07-16 07:52:55,729 [main] WARN  com.graphhopper.storage.CHGraphImpl - Setting weights smaller than 0.001 is not allowed in CHGraphImpl#setWeight. You passed: 0.0 for the edge -1 nodeA 0.0,0.0 nodeB 0.0,0.0
2019-07-16 07:52:55,729 [main] WARN  com.graphhopper.storage.CHGraphImpl - Setting weights smaller than 0.001 is not allowed in CHGraphImpl#setWeight. You passed: 0.0 for the edge -1 nodeA 0.0,0.0 nodeB 0.0,0.0
2019-07-16 07:52:55,884 [main] WARN  com.graphhopper.storage.CHGraphImpl - Setting weights smaller than 0.001 is not allowed in CHGraphImpl#setWeight. You passed: 0.0 for the edge -1 nodeA 0.0,0.0 nodeB 0.0,0.0
2019-07-16 07:52:56,399 [main] WARN  com.graphhopper.storage.CHGraphImpl - Setting weights smaller than 0.001 is not allowed in CHGraphImpl#setWeight. You passed: 0.0 for the edge -1 nodeA 0.0,0.0 nodeB 0.0,0.0
2019-07-16 07:52:56,410 [main] WARN  com.graphhopper.storage.CHGraphImpl - Setting weights smaller than 0.001 is not allowed in CHGraphImpl#setWeight. You passed: 0.0 for the edge -1 nodeA 0.0,0.0 nodeB 0.0,0.0
2019-07-16 07:52:56,410 [main] WARN  com.graphhopper.storage.CHGraphImpl - Setting weights smaller than 0.001 is not allowed in CHGraphImpl#setWeight. You passed: 0.0 for the edge -1 nodeA 0.0,0.0 nodeB 0.0,0.0
2019-07-16 07:52:56,522 [main] WARN  com.graphhopper.storage.CHGraphImpl - Setting weights smaller than 0.001 is not allowed in CHGraphImpl#setWeight. You passed: 1.0E-5 for the edge -1 nodeA 0.0,0.0 nodeB 0.0,0.0
[INFO] Tests run: 72, Failures: 0, Errors: 0, Skipped: 0, Time elapsed: 1.28 s - in com.graphhopper.storage.GraphHopperStorageCHTest
[INFO] Running com.graphhopper.storage.GraphHopperStorageTest
[INFO] Tests run: 51, Failures: 0, Errors: 0, Skipped: 0, Time elapsed: 0.333 s - in com.graphhopper.storage.GraphHopperStorageTest
[INFO] Running com.graphhopper.storage.GraphEdgeIdFinderTest
[INFO] Tests run: 2, Failures: 0, Errors: 0, Skipped: 0, Time elapsed: 0.028 s - in com.graphhopper.storage.GraphEdgeIdFinderTest
[INFO] Running com.graphhopper.storage.UnsafeDataAccessTest
[INFO] Tests run: 15, Failures: 0, Errors: 0, Skipped: 0, Time elapsed: 0.014 s - in com.graphhopper.storage.UnsafeDataAccessTest
[INFO] Running com.graphhopper.storage.StorablePropertiesTest
[INFO] Tests run: 4, Failures: 0, Errors: 0, Skipped: 0, Time elapsed: 0 s - in com.graphhopper.storage.StorablePropertiesTest
[INFO] Running com.graphhopper.storage.EdgeTest
[INFO] Tests run: 1, Failures: 0, Errors: 0, Skipped: 0, Time elapsed: 0 s - in com.graphhopper.storage.EdgeTest
[INFO] Running com.graphhopper.storage.GraphStorageViaMMapTest
[INFO] Tests run: 39, Failures: 0, Errors: 0, Skipped: 0, Time elapsed: 5.194 s - in com.graphhopper.storage.GraphStorageViaMMapTest
[INFO] Running com.graphhopper.storage.index.Location2IDQuadtreeTest
[INFO] Tests run: 8, Failures: 0, Errors: 0, Skipped: 0, Time elapsed: 0.381 s - in com.graphhopper.storage.index.Location2IDQuadtreeTest
[INFO] Running com.graphhopper.storage.index.BresenhamLineTest
[INFO] Tests run: 9, Failures: 0, Errors: 0, Skipped: 0, Time elapsed: 0.001 s - in com.graphhopper.storage.index.BresenhamLineTest
[INFO] Running com.graphhopper.storage.index.Location2IDFullIndexTest
[INFO] Tests run: 8, Failures: 0, Errors: 0, Skipped: 0, Time elapsed: 0.211 s - in com.graphhopper.storage.index.Location2IDFullIndexTest
[INFO] Running com.graphhopper.storage.index.Location2IDFullWithEdgesIndexTest
[INFO] Tests run: 8, Failures: 0, Errors: 0, Skipped: 0, Time elapsed: 0.177 s - in com.graphhopper.storage.index.Location2IDFullWithEdgesIndexTest
[INFO] Running com.graphhopper.storage.index.LocationIndexTreeCHTest
2019-07-16 07:53:03,195 [main] WARN  com.graphhopper.storage.CHGraphImpl - Setting weights smaller than 0.001 is not allowed in CHGraphImpl#setWeight. You passed: 0.0 for the edge -1 nodeA 1.0,0.0 nodeB 0.0,0.0
2019-07-16 07:53:03,196 [main] WARN  com.graphhopper.storage.CHGraphImpl - Setting weights smaller than 0.001 is not allowed in CHGraphImpl#setWeight. You passed: 0.0 for the edge -1 nodeA 0.0,0.0 nodeB -2.0,2.0
2019-07-16 07:53:03,199 [main] WARN  com.graphhopper.storage.CHGraphImpl - Setting weights smaller than 0.001 is not allowed in CHGraphImpl#setWeight. You passed: 0.0 for the edge -1 nodeA 1.0,0.0 nodeB -2.0,2.0
[INFO] Tests run: 24, Failures: 0, Errors: 0, Skipped: 0, Time elapsed: 0.499 s - in com.graphhopper.storage.index.LocationIndexTreeCHTest
[INFO] Running com.graphhopper.storage.index.LocationIndexTreeTest
[INFO] Tests run: 21, Failures: 0, Errors: 0, Skipped: 0, Time elapsed: 0.562 s - in com.graphhopper.storage.index.LocationIndexTreeTest
[INFO] Running com.graphhopper.storage.RAMDirectoryTest
[INFO] Tests run: 2, Failures: 0, Errors: 0, Skipped: 0, Time elapsed: 0 s - in com.graphhopper.storage.RAMDirectoryTest
[INFO] Running com.graphhopper.storage.change.ChangeGraphHelperTest
[INFO] Tests run: 2, Failures: 0, Errors: 0, Skipped: 0, Time elapsed: 0.025 s - in com.graphhopper.storage.change.ChangeGraphHelperTest
[INFO] Running com.graphhopper.storage.MMapDataAccessTest
[INFO] Tests run: 16, Failures: 0, Errors: 0, Skipped: 0, Time elapsed: 0.775 s - in com.graphhopper.storage.MMapDataAccessTest
[INFO] Running com.graphhopper.storage.RAMDataAccessTest
[INFO] Tests run: 14, Failures: 0, Errors: 0, Skipped: 0, Time elapsed: 0.006 s - in com.graphhopper.storage.RAMDataAccessTest
[INFO] Running com.graphhopper.storage.GraphHopperStorageWithTurnCostsTest
[INFO] Tests run: 52, Failures: 0, Errors: 0, Skipped: 0, Time elapsed: 0.559 s - in com.graphhopper.storage.GraphHopperStorageWithTurnCostsTest
[INFO] Running com.graphhopper.storage.MMapDirectoryTest
[INFO] Tests run: 2, Failures: 0, Errors: 0, Skipped: 0, Time elapsed: 0.083 s - in com.graphhopper.storage.MMapDirectoryTest
[INFO] Running com.graphhopper.storage.GraphHopperStorageForDataFlagEncoderTest
[INFO] Tests run: 1, Failures: 0, Errors: 0, Skipped: 0, Time elapsed: 0.045 s - in com.graphhopper.storage.GraphHopperStorageForDataFlagEncoderTest
[INFO] Running com.graphhopper.storage.GraphHopperStorageLMTest
[INFO] Tests run: 1, Failures: 0, Errors: 0, Skipped: 0, Time elapsed: 0.169 s - in com.graphhopper.storage.GraphHopperStorageLMTest
[INFO] Running com.graphhopper.geohash.LinearKeyAlgoTest
[INFO] Tests run: 3, Failures: 0, Errors: 0, Skipped: 0, Time elapsed: 0 s - in com.graphhopper.geohash.LinearKeyAlgoTest
[INFO] Running com.graphhopper.geohash.SpatialKeyAlgoTest
[INFO] Tests run: 10, Failures: 0, Errors: 0, Skipped: 0, Time elapsed: 0 s - in com.graphhopper.geohash.SpatialKeyAlgoTest
[INFO] Running com.graphhopper.coll.GHTreeMapComposedTest
[INFO] Tests run: 6, Failures: 0, Errors: 0, Skipped: 0, Time elapsed: 0.013 s - in com.graphhopper.coll.GHTreeMapComposedTest
[INFO] Running com.graphhopper.coll.GHIntArrayListTest
[INFO] Tests run: 3, Failures: 0, Errors: 0, Skipped: 0, Time elapsed: 0 s - in com.graphhopper.coll.GHIntArrayListTest
[INFO] Running com.graphhopper.coll.GHLongIntBTreeTest
[INFO] Tests run: 6, Failures: 0, Errors: 0, Skipped: 0, Time elapsed: 0.026 s - in com.graphhopper.coll.GHLongIntBTreeTest
[INFO] Running com.graphhopper.coll.GHSortedCollectionTest
[INFO] Tests run: 3, Failures: 0, Errors: 0, Skipped: 0, Time elapsed: 0.003 s - in com.graphhopper.coll.GHSortedCollectionTest
[INFO] Running com.graphhopper.coll.BitSetImplTest
[INFO] Tests run: 5, Failures: 0, Errors: 0, Skipped: 0, Time elapsed: 0.002 s - in com.graphhopper.coll.BitSetImplTest
[INFO] Running com.graphhopper.coll.CompressedArrayTest
[INFO] Tests run: 2, Failures: 0, Errors: 0, Skipped: 0, Time elapsed: 0.028 s - in com.graphhopper.coll.CompressedArrayTest
[INFO] Running com.graphhopper.coll.OSMIDMapTest
[INFO] Tests run: 5, Failures: 0, Errors: 0, Skipped: 0, Time elapsed: 0.007 s - in com.graphhopper.coll.OSMIDMapTest
[INFO] Running com.graphhopper.coll.GHTBitSetTest
[INFO] Tests run: 5, Failures: 0, Errors: 0, Skipped: 0, Time elapsed: 0.002 s - in com.graphhopper.coll.GHTBitSetTest
[INFO] 
[INFO] Results:
[INFO] 
[ERROR] Errors: 
[ERROR] com.graphhopper.routing.AStarBidirectionTest.testInitFromAndTo[EDGE_BASED](com.graphhopper.routing.AStarBidirectionTest)
[ERROR]   Run 1: AStarBidirectionTest.testInitFromAndTo:96 Â» NullPointer
[ERROR]   Run 2: AStarBidirectionTest.testInitFromAndTo:96 Â» NullPointer
[INFO] 
[ERROR]   AStarBidirectionTest.testInitFromAndTo:96 Â» NullPointer
[INFO] 
[ERROR] Tests run: 1623, Failures: 0, Errors: 2, Skipped: 8
[INFO] 
[INFO] ------------------------------------------------------------------------
[INFO] Reactor Summary:
[INFO] 
[INFO] GraphHopper Parent Project ......................... SUCCESS [  0.935 s]
[INFO] GraphHopper API .................................... SUCCESS [ 11.960 s]
[INFO] GraphHopper Web API ................................ SUCCESS [ 10.360 s]
[INFO] GraphHopper Core ................................... FAILURE [ 59.496 s]
[INFO] GraphHopper Reader for OpenStreetMap Data .......... SKIPPED
[INFO] GraphHopper Isochrone .............................. SKIPPED
[INFO] GraphHopper Reader for Gtfs Data ................... SKIPPED
[INFO] GraphHopper Tools .................................. SKIPPED
[INFO] GraphHopper Directions API hand-crafted Java Client. SKIPPED
[INFO] GraphHopper Dropwizard Bundle ...................... SKIPPED
[INFO] GraphHopper Web .................................... SKIPPED
[INFO] ------------------------------------------------------------------------
[INFO] BUILD FAILURE
[INFO] ------------------------------------------------------------------------
[INFO] Total time: 01:23 min
[INFO] Finished at: 2019-07-16T07:53:06Z
[INFO] Final Memory: 24M/84M
[INFO] ------------------------------------------------------------------------
[ERROR] Failed to execute goal org.apache.maven.plugins:maven-surefire-plugin:2.22.2:test (default-test) on project graphhopper-core: There are test failures.
[ERROR] 
[ERROR] Please refer to /home/travis/build/graphhopper/graphhopper/core/target/surefire-reports for the individual test results.
[ERROR] Please refer to dump files (if any exist) [date].dump, [date]-jvmRun[N].dump and [date].dumpstream.
[ERROR] -> [Help 1]
[ERROR] 
[ERROR] To see the full stack trace of the errors, re-run Maven with the -e switch.
[ERROR] Re-run Maven using the -X switch to enable full debug logging.
[ERROR] 
[ERROR] For more information about the errors and possible solutions, please read the following articles:
[ERROR] [Help 1] http://cwiki.apache.org/confluence/display/MAVEN/MojoFailureException
[ERROR] 
[ERROR] After correcting the problems, you can resume the build with the command
[ERROR]   mvn <goals> -rf :graphhopper-core
