Using worker: worker-linux-docker-b6c4785f.prod.travis-ci.org:travis-linux-8

travis_fold:start:system_info[0K[33;1mBuild system information[0m
Build language: python
[34m[1mBuild image provisioning date and time[0m
Thu Feb  5 15:09:33 UTC 2015
[34m[1mOperating System Details[0m
Distributor ID:	Ubuntu
Description:	Ubuntu 12.04.5 LTS
Release:	12.04
Codename:	precise
[34m[1mLinux Version[0m
3.13.0-29-generic
[34m[1mCookbooks Version[0m
a68419e https://github.com/travis-ci/travis-cookbooks/tree/a68419e
[34m[1mGCC version[0m
gcc (Ubuntu/Linaro 4.6.3-1ubuntu5) 4.6.3
Copyright (C) 2011 Free Software Foundation, Inc.
This is free software; see the source for copying conditions.  There is NO
warranty; not even for MERCHANTABILITY or FITNESS FOR A PARTICULAR PURPOSE.

[34m[1mLLVM version[0m
clang version 3.4 (tags/RELEASE_34/final)
Target: x86_64-unknown-linux-gnu
Thread model: posix
[34m[1mPre-installed Ruby versions[0m
ruby-1.9.3-p551
[34m[1mPre-installed Node.js versions[0m
v0.10.36
[34m[1mPre-installed Go versions[0m
1.4.1
[34m[1mRedis version[0m
redis-server 2.8.19
[34m[1mriak version[0m
2.0.2
[34m[1mMongoDB version[0m
MongoDB 2.4.12
[34m[1mCouchDB version[0m
couchdb 1.6.1
[34m[1mNeo4j version[0m
1.9.4
[34m[1mRabbitMQ Version[0m
3.4.3
[34m[1mElasticSearch version[0m
1.4.0
[34m[1mInstalled Sphinx versions[0m
2.0.10
2.1.9
2.2.6
[34m[1mDefault Sphinx version[0m
2.2.6
[34m[1mInstalled Firefox version[0m
firefox 31.0esr
[34m[1mPhantomJS version[0m
1.9.8
[34m[1mant -version[0m
Apache Ant(TM) version 1.8.2 compiled on December 3 2011
[34m[1mmvn -version[0m
Apache Maven 3.2.5 (12a6b3acb947671f09b81f49094c53f426d8cea1; 2014-12-14T17:29:23+00:00)
Maven home: /usr/local/maven
Java version: 1.7.0_76, vendor: Oracle Corporation
Java home: /usr/lib/jvm/java-7-oracle/jre
Default locale: en_US, platform encoding: ANSI_X3.4-1968
OS name: "linux", version: "3.13.0-29-generic", arch: "amd64", family: "unix"
travis_fold:end:system_info[0K
travis_fold:start:git.checkout[0Ktravis_time:start:10328b23[0K$ git clone --depth=50 --branch=master git://github.com/hivesolutions/appier.git hivesolutions/appier
Cloning into 'hivesolutions/appier'...
remote: Counting objects: 359, done.[K
remote: Compressing objects:   0% (1/153)   [Kremote: Compressing objects:   1% (2/153)   [Kremote: Compressing objects:   2% (4/153)   [Kremote: Compressing objects:   3% (5/153)   [Kremote: Compressing objects:   4% (7/153)   [Kremote: Compressing objects:   5% (8/153)   [Kremote: Compressing objects:   6% (10/153)   [Kremote: Compressing objects:   7% (11/153)   [Kremote: Compressing objects:   8% (13/153)   [Kremote: Compressing objects:   9% (14/153)   [Kremote: Compressing objects:  10% (16/153)   [Kremote: Compressing objects:  11% (17/153)   [Kremote: Compressing objects:  12% (19/153)   [Kremote: Compressing objects:  13% (20/153)   [Kremote: Compressing objects:  14% (22/153)   [Kremote: Compressing objects:  15% (23/153)   [Kremote: Compressing objects:  16% (25/153)   [Kremote: Compressing objects:  17% (27/153)   [Kremote: Compressing objects:  18% (28/153)   [Kremote: Compressing objects:  19% (30/153)   [Kremote: Compressing objects:  20% (31/153)   [Kremote: Compressing objects:  21% (33/153)   [Kremote: Compressing objects:  22% (34/153)   [Kremote: Compressing objects:  23% (36/153)   [Kremote: Compressing objects:  24% (37/153)   [Kremote: Compressing objects:  25% (39/153)   [Kremote: Compressing objects:  26% (40/153)   [Kremote: Compressing objects:  27% (42/153)   [Kremote: Compressing objects:  28% (43/153)   [Kremote: Compressing objects:  29% (45/153)   [Kremote: Compressing objects:  30% (46/153)   [Kremote: Compressing objects:  31% (48/153)   [Kremote: Compressing objects:  32% (49/153)   [Kremote: Compressing objects:  33% (51/153)   [Kremote: Compressing objects:  34% (53/153)   [Kremote: Compressing objects:  35% (54/153)   [Kremote: Compressing objects:  36% (56/153)   [Kremote: Compressing objects:  37% (57/153)   [Kremote: Compressing objects:  38% (59/153)   [Kremote: Compressing objects:  39% (60/153)   [Kremote: Compressing objects:  40% (62/153)   [Kremote: Compressing objects:  41% (63/153)   [Kremote: Compressing objects:  42% (65/153)   [Kremote: Compressing objects:  43% (66/153)   [Kremote: Compressing objects:  44% (68/153)   [Kremote: Compressing objects:  45% (69/153)   [Kremote: Compressing objects:  46% (71/153)   [Kremote: Compressing objects:  47% (72/153)   [Kremote: Compressing objects:  48% (74/153)   [Kremote: Compressing objects:  49% (75/153)   [Kremote: Compressing objects:  50% (77/153)   [Kremote: Compressing objects:  51% (79/153)   [Kremote: Compressing objects:  52% (80/153)   [Kremote: Compressing objects:  53% (82/153)   [Kremote: Compressing objects:  54% (83/153)   [Kremote: Compressing objects:  55% (85/153)   [Kremote: Compressing objects:  56% (86/153)   [Kremote: Compressing objects:  57% (88/153)   [Kremote: Compressing objects:  58% (89/153)   [Kremote: Compressing objects:  59% (91/153)   [Kremote: Compressing objects:  60% (92/153)   [Kremote: Compressing objects:  61% (94/153)   [Kremote: Compressing objects:  62% (95/153)   [Kremote: Compressing objects:  63% (97/153)   [Kremote: Compressing objects:  64% (98/153)   [Kremote: Compressing objects:  65% (100/153)   [Kremote: Compressing objects:  66% (101/153)   [Kremote: Compressing objects:  67% (103/153)   [Kremote: Compressing objects:  68% (105/153)   [Kremote: Compressing objects:  69% (106/153)   [Kremote: Compressing objects:  70% (108/153)   [Kremote: Compressing objects:  71% (109/153)   [Kremote: Compressing objects:  72% (111/153)   [Kremote: Compressing objects:  73% (112/153)   [Kremote: Compressing objects:  74% (114/153)   [Kremote: Compressing objects:  75% (115/153)   [Kremote: Compressing objects:  76% (117/153)   [Kremote: Compressing objects:  77% (118/153)   [Kremote: Compressing objects:  78% (120/153)   [Kremote: Compressing objects:  79% (121/153)   [Kremote: Compressing objects:  80% (123/153)   [Kremote: Compressing objects:  81% (124/153)   [Kremote: Compressing objects:  82% (126/153)   [Kremote: Compressing objects:  83% (127/153)   [Kremote: Compressing objects:  84% (129/153)   [Kremote: Compressing objects:  85% (131/153)   [Kremote: Compressing objects:  86% (132/153)   [Kremote: Compressing objects:  87% (134/153)   [Kremote: Compressing objects:  88% (135/153)   [Kremote: Compressing objects:  89% (137/153)   [Kremote: Compressing objects:  90% (138/153)   [Kremote: Compressing objects:  91% (140/153)   [Kremote: Compressing objects:  92% (141/153)   [Kremote: Compressing objects:  93% (143/153)   [Kremote: Compressing objects:  94% (144/153)   [Kremote: Compressing objects:  95% (146/153)   [Kremote: Compressing objects:  96% (147/153)   [Kremote: Compressing objects:  97% (149/153)   [Kremote: Compressing objects:  98% (150/153)   [Kremote: Compressing objects:  99% (152/153)   [Kremote: Compressing objects: 100% (153/153)   [Kremote: Compressing objects: 100% (153/153), done.[K
Receiving objects:   0% (1/359)   Receiving objects:   1% (4/359)   Receiving objects:   2% (8/359)   Receiving objects:   3% (11/359)   Receiving objects:   4% (15/359)   Receiving objects:   5% (18/359)   Receiving objects:   6% (22/359)   Receiving objects:   7% (26/359)   Receiving objects:   8% (29/359)   Receiving objects:   9% (33/359)   Receiving objects:  10% (36/359)   Receiving objects:  11% (40/359)   Receiving objects:  12% (44/359)   Receiving objects:  13% (47/359)   Receiving objects:  14% (51/359)   Receiving objects:  15% (54/359)   Receiving objects:  16% (58/359)   Receiving objects:  17% (62/359)   Receiving objects:  18% (65/359)   Receiving objects:  19% (69/359)   Receiving objects:  20% (72/359)   Receiving objects:  21% (76/359)   Receiving objects:  22% (79/359)   Receiving objects:  23% (83/359)   Receiving objects:  24% (87/359)   Receiving objects:  25% (90/359)   Receiving objects:  26% (94/359)   Receiving objects:  27% (97/359)   Receiving objects:  28% (101/359)   Receiving objects:  29% (105/359)   Receiving objects:  30% (108/359)   Receiving objects:  31% (112/359)   Receiving objects:  32% (115/359)   Receiving objects:  33% (119/359)   Receiving objects:  34% (123/359)   Receiving objects:  35% (126/359)   Receiving objects:  36% (130/359)   Receiving objects:  37% (133/359)   Receiving objects:  38% (137/359)   Receiving objects:  39% (141/359)   Receiving objects:  40% (144/359)   Receiving objects:  41% (148/359)   Receiving objects:  42% (151/359)   Receiving objects:  43% (155/359)   Receiving objects:  44% (158/359)   Receiving objects:  45% (162/359)   Receiving objects:  46% (166/359)   Receiving objects:  47% (169/359)   Receiving objects:  48% (173/359)   Receiving objects:  49% (176/359)   Receiving objects:  50% (180/359)   Receiving objects:  51% (184/359)   Receiving objects:  52% (187/359)   Receiving objects:  53% (191/359)   Receiving objects:  54% (194/359)   Receiving objects:  55% (198/359)   Receiving objects:  56% (202/359)   Receiving objects:  57% (205/359)   Receiving objects:  58% (209/359)   Receiving objects:  59% (212/359)   Receiving objects:  60% (216/359)   Receiving objects:  61% (219/359)   Receiving objects:  62% (223/359)   Receiving objects:  63% (227/359)   Receiving objects:  64% (230/359)   Receiving objects:  65% (234/359)   remote: Total 359 (delta 188), reused 288 (delta 156), pack-reused 0[K
Receiving objects:  66% (237/359)   Receiving objects:  67% (241/359)   Receiving objects:  68% (245/359)   Receiving objects:  69% (248/359)   Receiving objects:  70% (252/359)   Receiving objects:  71% (255/359)   Receiving objects:  72% (259/359)   Receiving objects:  73% (263/359)   Receiving objects:  74% (266/359)   Receiving objects:  75% (270/359)   Receiving objects:  76% (273/359)   Receiving objects:  77% (277/359)   Receiving objects:  78% (281/359)   Receiving objects:  79% (284/359)   Receiving objects:  80% (288/359)   Receiving objects:  81% (291/359)   Receiving objects:  82% (295/359)   Receiving objects:  83% (298/359)   Receiving objects:  84% (302/359)   Receiving objects:  85% (306/359)   Receiving objects:  86% (309/359)   Receiving objects:  87% (313/359)   Receiving objects:  88% (316/359)   Receiving objects:  89% (320/359)   Receiving objects:  90% (324/359)   Receiving objects:  91% (327/359)   Receiving objects:  92% (331/359)   Receiving objects:  93% (334/359)   Receiving objects:  94% (338/359)   Receiving objects:  95% (342/359)   Receiving objects:  96% (345/359)   Receiving objects:  97% (349/359)   Receiving objects:  98% (352/359)   Receiving objects:  99% (356/359)   Receiving objects: 100% (359/359)   Receiving objects: 100% (359/359), 166.22 KiB | 0 bytes/s, done.
Resolving deltas:   0% (0/188)   Resolving deltas:  26% (49/188)   Resolving deltas:  29% (55/188)   Resolving deltas:  32% (61/188)   Resolving deltas:  34% (64/188)   Resolving deltas:  35% (66/188)   Resolving deltas:  44% (83/188)   Resolving deltas:  67% (127/188)   Resolving deltas:  69% (131/188)   Resolving deltas:  70% (132/188)   Resolving deltas:  82% (155/188)   Resolving deltas:  83% (157/188)   Resolving deltas:  86% (163/188)   Resolving deltas:  88% (166/188)   Resolving deltas:  92% (174/188)   Resolving deltas:  93% (175/188)   Resolving deltas:  95% (179/188)   Resolving deltas:  96% (182/188)   Resolving deltas:  98% (185/188)   Resolving deltas:  99% (187/188)   Resolving deltas: 100% (188/188)   Resolving deltas: 100% (188/188), done.
Checking connectivity... done.
travis_time:end:10328b23:start=1436370820514424384,finish=1436370820688899297,duration=174474913[0K$ cd hivesolutions/appier
$ git checkout -qf 2a5e615c72a3aa6c234f60fdab68815c636900ce
travis_fold:end:git.checkout[0K
[33;1mThis job is running on container-based infrastructure, which does not allow use of 'sudo', setuid and setguid executables.[0m
[33;1mIf you require sudo, add 'sudo: required' to your .travis.yml[0m
[33;1mSee http://docs.travis-ci.com/user/workers/container-based-infrastructure/ for details.[0m
travis_time:start:13451af9[0K$ source ~/virtualenv/python3.3/bin/activate
travis_time:end:13451af9:start=1436370823352866545,finish=1436370823357019699,duration=4153154[0K$ python --version
Python 3.3.5
$ pip --version
pip 6.0.7 from /home/travis/virtualenv/python3.3.5/lib/python3.3/site-packages (python 3.3)
travis_fold:start:install.1[0Ktravis_time:start:0b1bc650[0K$ pip install -r requirements.txt
[33mYou are using pip version 6.0.7, however version 7.1.0 is available.
You should consider upgrading via the 'pip install --upgrade pip' command.[0m
[33mYou must give at least one requirement to install (see "pip help install")[0m
travis_time:end:0b1bc650:start=1436370823901685233,finish=1436370824424117196,duration=522431963[0Ktravis_fold:end:install.1[0Ktravis_fold:start:install.2[0Ktravis_time:start:041a6129[0K$ pip install coveralls
[33mYou are using pip version 6.0.7, however version 7.1.0 is available.
You should consider upgrading via the 'pip install --upgrade pip' command.[0m
Collecting coveralls
  Downloading coveralls-0.5.zip
Collecting PyYAML>=3.10 (from coveralls)
  Downloading PyYAML-3.11.tar.gz (248kB)
[?25l[K    1% |                                | 4.1kB 24.7MB/s eta 0:00:01[K    3% |#                               | 8.2kB 8.1MB/s eta 0:00:01[K    4% |#                               | 12kB 9.8MB/s eta 0:00:01[K    6% |##                              | 16kB 10.2MB/s eta 0:00:01[K    8% |##                              | 20kB 11.1MB/s eta 0:00:01[K    9% |###                             | 24kB 11.7MB/s eta 0:00:01[K    11% |###                             | 28kB 12.4MB/s eta 0:00:01[K    13% |####                            | 32kB 12.4MB/s eta 0:00:01[K    14% |####                            | 36kB 12.8MB/s eta 0:00:01[K    16% |#####                           | 40kB 13.2MB/s eta 0:00:01[K    18% |#####                           | 45kB 13.0MB/s eta 0:00:01[K    19% |######                          | 49kB 15.4MB/s eta 0:00:01[K    21% |######                          | 53kB 15.6MB/s eta 0:00:01[K    23% |#######                         | 57kB 16.1MB/s eta 0:00:01[K    24% |#######                         | 61kB 16.2MB/s eta 0:00:01[K    26% |########                        | 65kB 15.8MB/s eta 0:00:01[K    28% |########                        | 69kB 15.8MB/s eta 0:00:01[K    29% |#########                       | 73kB 16.2MB/s eta 0:00:01[K    31% |##########                      | 77kB 16.3MB/s eta 0:00:01[K    32% |##########                      | 81kB 15.7MB/s eta 0:00:01[K    34% |###########                     | 86kB 15.7MB/s eta 0:00:01[K    36% |###########                     | 90kB 16.3MB/s eta 0:00:01[K    37% |############                    | 94kB 16.3MB/s eta 0:00:01[K    39% |############                    | 98kB 15.9MB/s eta 0:00:01[K    41% |#############                   | 102kB 15.8MB/s eta 0:00:01[K    42% |#############                   | 106kB 16.4MB/s eta 0:00:01[K    44% |##############                  | 110kB 16.3MB/s eta 0:00:01[K    46% |##############                  | 114kB 15.6MB/s eta 0:00:01[K    47% |###############                 | 118kB 15.7MB/s eta 0:00:01[K    49% |###############                 | 122kB 16.1MB/s eta 0:00:01[K    51% |################                | 126kB 16.1MB/s eta 0:00:01[K    52% |################                | 131kB 15.5MB/s eta 0:00:01[K    54% |#################               | 135kB 15.6MB/s eta 0:00:01[K    56% |#################               | 139kB 16.2MB/s eta 0:00:01[K    57% |##################              | 143kB 16.3MB/s eta 0:00:01[K    59% |##################              | 147kB 15.8MB/s eta 0:00:01[K    60% |###################             | 151kB 16.0MB/s eta 0:00:01[K    62% |####################            | 155kB 16.9MB/s eta 0:00:01[K    64% |####################            | 159kB 16.7MB/s eta 0:00:01[K    65% |#####################           | 163kB 16.1MB/s eta 0:00:01[K    67% |#####################           | 167kB 16.2MB/s eta 0:00:01[K    69% |######################          | 172kB 16.9MB/s eta 0:00:01[K    70% |######################          | 176kB 16.8MB/s eta 0:00:01[K    72% |#######################         | 180kB 16.2MB/s eta 0:00:01[K    74% |#######################         | 184kB 16.1MB/s eta 0:00:01[K    75% |########################        | 188kB 16.3MB/s eta 0:00:01[K    77% |########################        | 192kB 16.2MB/s eta 0:00:01[K    79% |#########################       | 196kB 15.5MB/s eta 0:00:01[K    80% |#########################       | 200kB 15.5MB/s eta 0:00:01[K    82% |##########################      | 204kB 16.1MB/s eta 0:00:01[K    84% |##########################      | 208kB 16.1MB/s eta 0:00:01[K    85% |###########################     | 212kB 15.2MB/s eta 0:00:01[K    87% |###########################     | 217kB 15.1MB/s eta 0:00:01[K    88% |############################    | 221kB 15.5MB/s eta 0:00:01[K    90% |############################    | 225kB 15.5MB/s eta 0:00:01[K    92% |#############################   | 229kB 15.3MB/s eta 0:00:01[K    93% |##############################  | 233kB 15.3MB/s eta 0:00:01[K    95% |##############################  | 237kB 15.8MB/s eta 0:00:01[K    97% |############################### | 241kB 15.6MB/s eta 0:00:01[K    98% |############################### | 245kB 15.2MB/s eta 0:00:01[K    100% |################################| 249kB 1.5MB/s 
[?25hCollecting docopt>=0.6.1 (from coveralls)
  Downloading docopt-0.6.2.tar.gz
Collecting coverage<3.999,>=3.6 (from coveralls)
  Downloading coverage-3.7.1.tar.gz (284kB)
[?25l[K    1% |                                | 4.1kB 34.1MB/s eta 0:00:01[K    2% |                                | 8.2kB 20.1MB/s eta 0:00:01[K    4% |#                               | 12kB 19.5MB/s eta 0:00:01[K    5% |#                               | 16kB 19.0MB/s eta 0:00:01[K    7% |##                              | 20kB 19.1MB/s eta 0:00:01[K    8% |##                              | 24kB 18.2MB/s eta 0:00:01[K    10% |###                             | 28kB 18.3MB/s eta 0:00:01[K    11% |###                             | 32kB 17.7MB/s eta 0:00:01[K    12% |####                            | 36kB 17.7MB/s eta 0:00:01[K    14% |####                            | 40kB 17.5MB/s eta 0:00:01[K    15% |#####                           | 45kB 16.7MB/s eta 0:00:01[K    17% |#####                           | 49kB 16.8MB/s eta 0:00:01[K    18% |#####                           | 53kB 17.0MB/s eta 0:00:01[K    20% |######                          | 57kB 16.9MB/s eta 0:00:01[K    21% |######                          | 61kB 16.8MB/s eta 0:00:01[K    23% |#######                         | 65kB 16.3MB/s eta 0:00:01[K    24% |#######                         | 69kB 16.6MB/s eta 0:00:01[K    25% |########                        | 73kB 17.6MB/s eta 0:00:01[K    27% |########                        | 77kB 18.1MB/s eta 0:00:01[K    28% |#########                       | 81kB 17.3MB/s eta 0:00:01[K    30% |#########                       | 86kB 17.6MB/s eta 0:00:01[K    31% |##########                      | 90kB 18.6MB/s eta 0:00:01[K    33% |##########                      | 94kB 18.9MB/s eta 0:00:01[K    34% |###########                     | 98kB 19.3MB/s eta 0:00:01[K    35% |###########                     | 102kB 19.5MB/s eta 0:00:01[K    37% |###########                     | 106kB 20.5MB/s eta 0:00:01[K    38% |############                    | 110kB 20.2MB/s eta 0:00:01[K    40% |############                    | 114kB 19.4MB/s eta 0:00:01[K    41% |#############                   | 118kB 18.9MB/s eta 0:00:01[K    43% |#############                   | 122kB 20.0MB/s eta 0:00:01[K    44% |##############                  | 126kB 20.1MB/s eta 0:00:01[K    46% |##############                  | 131kB 18.7MB/s eta 0:00:01[K    47% |###############                 | 135kB 18.3MB/s eta 0:00:01[K    48% |###############                 | 139kB 18.8MB/s eta 0:00:01[K    50% |################                | 143kB 19.2MB/s eta 0:00:01[K    51% |################                | 147kB 18.4MB/s eta 0:00:01[K    53% |#################               | 151kB 18.6MB/s eta 0:00:01[K    54% |#################               | 155kB 19.4MB/s eta 0:00:01[K    56% |#################               | 159kB 20.0MB/s eta 0:00:01[K    57% |##################              | 163kB 20.1MB/s eta 0:00:01[K    58% |##################              | 167kB 20.5MB/s eta 0:00:01[K    60% |###################             | 172kB 22.2MB/s eta 0:00:01[K    61% |###################             | 176kB 22.4MB/s eta 0:00:01[K    63% |####################            | 180kB 20.4MB/s eta 0:00:01[K    64% |####################            | 184kB 19.8MB/s eta 0:00:01[K    66% |#####################           | 188kB 20.7MB/s eta 0:00:01[K    67% |#####################           | 192kB 20.4MB/s eta 0:00:01[K    69% |######################          | 196kB 18.6MB/s eta 0:00:01[K    70% |######################          | 200kB 18.2MB/s eta 0:00:01[K    71% |#######################         | 204kB 18.0MB/s eta 0:00:01[K    73% |#######################         | 208kB 17.7MB/s eta 0:00:01[K    74% |#######################         | 212kB 16.5MB/s eta 0:00:01[K    76% |########################        | 217kB 16.3MB/s eta 0:00:01[K    77% |########################        | 221kB 17.0MB/s eta 0:00:01[K    79% |#########################       | 225kB 17.1MB/s eta 0:00:01[K    80% |#########################       | 229kB 16.7MB/s eta 0:00:01[K    81% |##########################      | 233kB 16.6MB/s eta 0:00:01[K    83% |##########################      | 237kB 17.3MB/s eta 0:00:01[K    84% |###########################     | 241kB 17.1MB/s eta 0:00:01[K    86% |###########################     | 245kB 16.6MB/s eta 0:00:01[K    87% |############################    | 249kB 16.6MB/s eta 0:00:01[K    89% |############################    | 253kB 17.0MB/s eta 0:00:01[K    90% |#############################   | 258kB 16.9MB/s eta 0:00:01[K    92% |#############################   | 262kB 16.4MB/s eta 0:00:01[K    93% |#############################   | 266kB 16.3MB/s eta 0:00:01[K    94% |##############################  | 270kB 16.8MB/s eta 0:00:01[K    96% |##############################  | 274kB 16.9MB/s eta 0:00:01[K    97% |############################### | 278kB 16.6MB/s eta 0:00:01[K    99% |############################### | 282kB 16.8MB/s eta 0:00:01[K    100% |################################| 286kB 1.5MB/s 
[?25hCollecting requests>=1.0.0 (from coveralls)
  Downloading requests-2.7.0-py2.py3-none-any.whl (470kB)
[?25l[K    0% |                                | 4.1kB 48.3MB/s eta 0:00:01[K    1% |                                | 8.2kB 22.5MB/s eta 0:00:01[K    2% |                                | 12kB 20.5MB/s eta 0:00:01[K    3% |#                               | 16kB 18.5MB/s eta 0:00:01[K    4% |#                               | 20kB 18.7MB/s eta 0:00:01[K    5% |#                               | 24kB 18.7MB/s eta 0:00:01[K    6% |#                               | 28kB 18.6MB/s eta 0:00:01[K    6% |##                              | 32kB 18.2MB/s eta 0:00:01[K    7% |##                              | 36kB 17.9MB/s eta 0:00:01[K    8% |##                              | 40kB 18.0MB/s eta 0:00:01[K    9% |###                             | 45kB 17.2MB/s eta 0:00:01[K    10% |###                             | 49kB 17.3MB/s eta 0:00:01[K    11% |###                             | 53kB 17.6MB/s eta 0:00:01[K    12% |###                             | 57kB 18.3MB/s eta 0:00:01[K    13% |####                            | 61kB 18.4MB/s eta 0:00:01[K    13% |####                            | 65kB 18.2MB/s eta 0:00:01[K    14% |####                            | 69kB 18.5MB/s eta 0:00:01[K    15% |#####                           | 73kB 18.9MB/s eta 0:00:01[K    16% |#####                           | 77kB 19.6MB/s eta 0:00:01[K    17% |#####                           | 81kB 19.1MB/s eta 0:00:01[K    18% |#####                           | 86kB 19.2MB/s eta 0:00:01[K    19% |######                          | 90kB 19.8MB/s eta 0:00:01[K    20% |######                          | 94kB 19.9MB/s eta 0:00:01[K    20% |######                          | 98kB 19.5MB/s eta 0:00:01[K    21% |######                          | 102kB 19.5MB/s eta 0:00:01[K    22% |#######                         | 106kB 20.0MB/s eta 0:00:01[K    23% |#######                         | 110kB 20.0MB/s eta 0:00:01[K    24% |#######                         | 114kB 19.0MB/s eta 0:00:01[K    25% |########                        | 118kB 19.1MB/s eta 0:00:01[K    26% |########                        | 122kB 19.6MB/s eta 0:00:01[K    26% |########                        | 126kB 19.7MB/s eta 0:00:01[K    27% |########                        | 131kB 19.1MB/s eta 0:00:01[K    28% |#########                       | 135kB 19.1MB/s eta 0:00:01[K    29% |#########                       | 139kB 19.5MB/s eta 0:00:01[K    30% |#########                       | 143kB 19.5MB/s eta 0:00:01[K    31% |##########                      | 147kB 18.9MB/s eta 0:00:01[K    32% |##########                      | 151kB 18.9MB/s eta 0:00:01[K    33% |##########                      | 155kB 19.9MB/s eta 0:00:01[K    33% |##########                      | 159kB 19.9MB/s eta 0:00:01[K    34% |###########                     | 163kB 19.2MB/s eta 0:00:01[K    35% |###########                     | 167kB 18.9MB/s eta 0:00:01[K    36% |###########                     | 172kB 19.4MB/s eta 0:00:01[K    37% |###########                     | 176kB 19.4MB/s eta 0:00:01[K    38% |############                    | 180kB 18.9MB/s eta 0:00:01[K    39% |############                    | 184kB 18.9MB/s eta 0:00:01[K    40% |############                    | 188kB 19.2MB/s eta 0:00:01[K    40% |#############                   | 192kB 19.2MB/s eta 0:00:01[K    41% |#############                   | 196kB 18.8MB/s eta 0:00:01[K    42% |#############                   | 200kB 18.8MB/s eta 0:00:01[K    43% |#############                   | 204kB 19.3MB/s eta 0:00:01[K    44% |##############                  | 208kB 19.6MB/s eta 0:00:01[K    45% |##############                  | 212kB 19.0MB/s eta 0:00:01[K    46% |##############                  | 217kB 18.8MB/s eta 0:00:01[K    46% |###############                 | 221kB 19.2MB/s eta 0:00:01[K    47% |###############                 | 225kB 19.1MB/s eta 0:00:01[K    48% |###############                 | 229kB 18.6MB/s eta 0:00:01[K    49% |###############                 | 233kB 18.6MB/s eta 0:00:01[K    50% |################                | 237kB 18.9MB/s eta 0:00:01[K    51% |################                | 241kB 18.9MB/s eta 0:00:01[K    52% |################                | 245kB 18.6MB/s eta 0:00:01[K    53% |################                | 249kB 18.6MB/s eta 0:00:01[K    53% |#################               | 253kB 19.3MB/s eta 0:00:01[K    54% |#################               | 258kB 19.5MB/s eta 0:00:01[K    55% |#################               | 262kB 19.0MB/s eta 0:00:01[K    56% |##################              | 266kB 18.6MB/s eta 0:00:01[K    57% |##################              | 270kB 19.3MB/s eta 0:00:01[K    58% |##################              | 274kB 19.3MB/s eta 0:00:01[K    59% |##################              | 278kB 18.8MB/s eta 0:00:01[K    60% |###################             | 282kB 18.8MB/s eta 0:00:01[K    60% |###################             | 286kB 19.3MB/s eta 0:00:01[K    61% |###################             | 290kB 19.3MB/s eta 0:00:01[K    62% |####################            | 294kB 18.9MB/s eta 0:00:01[K    63% |####################            | 299kB 18.9MB/s eta 0:00:01[K    64% |####################            | 303kB 19.5MB/s eta 0:00:01[K    65% |####################            | 307kB 20.1MB/s eta 0:00:01[K    66% |#####################           | 311kB 19.7MB/s eta 0:00:01[K    67% |#####################           | 315kB 19.7MB/s eta 0:00:01[K    67% |#####################           | 319kB 20.3MB/s eta 0:00:01[K    68% |######################          | 323kB 19.8MB/s eta 0:00:01[K    69% |######################          | 327kB 19.4MB/s eta 0:00:01[K    70% |######################          | 331kB 19.3MB/s eta 0:00:01[K    71% |######################          | 335kB 19.7MB/s eta 0:00:01[K    72% |#######################         | 339kB 19.7MB/s eta 0:00:01[K    73% |#######################         | 344kB 18.7MB/s eta 0:00:01[K    73% |#######################         | 348kB 18.7MB/s eta 0:00:01[K    74% |#######################         | 352kB 18.8MB/s eta 0:00:01[K    75% |########################        | 356kB 18.8MB/s eta 0:00:01[K    76% |########################        | 360kB 18.4MB/s eta 0:00:01[K    77% |########################        | 364kB 18.8MB/s eta 0:00:01[K    78% |#########################       | 368kB 19.3MB/s eta 0:00:01[K    79% |#########################       | 372kB 19.3MB/s eta 0:00:01[K    80% |#########################       | 376kB 18.9MB/s eta 0:00:01[K    80% |#########################       | 380kB 18.9MB/s eta 0:00:01[K    81% |##########################      | 385kB 19.9MB/s eta 0:00:01[K    82% |##########################      | 389kB 20.0MB/s eta 0:00:01[K    83% |##########################      | 393kB 19.7MB/s eta 0:00:01[K    84% |###########################     | 397kB 19.8MB/s eta 0:00:01[K    85% |###########################     | 401kB 20.2MB/s eta 0:00:01[K    86% |###########################     | 405kB 20.2MB/s eta 0:00:01[K    87% |###########################     | 409kB 19.5MB/s eta 0:00:01[K    87% |############################    | 413kB 19.5MB/s eta 0:00:01[K    88% |############################    | 417kB 19.5MB/s eta 0:00:01[K    89% |############################    | 421kB 19.1MB/s eta 0:00:01[K    90% |############################    | 425kB 18.5MB/s eta 0:00:01[K    91% |#############################   | 430kB 18.5MB/s eta 0:00:01[K    92% |#############################   | 434kB 19.0MB/s eta 0:00:01[K    93% |#############################   | 438kB 19.0MB/s eta 0:00:01[K    93% |##############################  | 442kB 18.6MB/s eta 0:00:01[K    94% |##############################  | 446kB 18.6MB/s eta 0:00:01[K    95% |##############################  | 450kB 19.2MB/s eta 0:00:01[K    96% |##############################  | 454kB 19.2MB/s eta 0:00:01[K    97% |############################### | 458kB 19.3MB/s eta 0:00:01[K    98% |############################### | 462kB 19.6MB/s eta 0:00:01[K    99% |############################### | 466kB 20.3MB/s eta 0:00:01[K    100% |################################| 471kB 886kB/s 
[?25hInstalling collected packages: requests, coverage, docopt, PyYAML, coveralls

  Running setup.py install for coverage
    building 'coverage.tracer' extension
    gcc -pthread -Wno-unused-result -DNDEBUG -g -fwrapv -O3 -Wall -Wstrict-prototypes -g -fstack-protector --param=ssp-buffer-size=4 -Wformat -Werror=format-security -fPIC -I/opt/python/3.3.5/include/python3.3m -c coverage/tracer.c -o build/temp.linux-x86_64-3.3/coverage/tracer.o
    gcc -pthread -shared -L/opt/python/3.3.5/lib -Wl,-rpath=/opt/python/3.3.5/lib build/temp.linux-x86_64-3.3/coverage/tracer.o -L/opt/python/3.3.5/lib -lpython3.3m -o build/lib.linux-x86_64-3.3/coverage/tracer.cpython-33m.so
    Installing coverage-3.3 script to /home/travis/virtualenv/python3.3.5/bin
    Installing coverage script to /home/travis/virtualenv/python3.3.5/bin
    Installing coverage3 script to /home/travis/virtualenv/python3.3.5/bin
  Running setup.py install for docopt
  Running setup.py install for PyYAML
    checking if libyaml is compilable
    gcc -pthread -Wno-unused-result -DNDEBUG -g -fwrapv -O3 -Wall -Wstrict-prototypes -g -fstack-protector --param=ssp-buffer-size=4 -Wformat -Werror=format-security -fPIC -I/opt/python/3.3.5/include/python3.3m -c build/temp.linux-x86_64-3.3/check_libyaml.c -o build/temp.linux-x86_64-3.3/check_libyaml.o
    checking if libyaml is linkable
    gcc -pthread build/temp.linux-x86_64-3.3/check_libyaml.o -L/opt/python/3.3.5/lib -lyaml -o build/temp.linux-x86_64-3.3/check_libyaml
    building '_yaml' extension
    gcc -pthread -Wno-unused-result -DNDEBUG -g -fwrapv -O3 -Wall -Wstrict-prototypes -g -fstack-protector --param=ssp-buffer-size=4 -Wformat -Werror=format-security -fPIC -I/opt/python/3.3.5/include/python3.3m -c ext/_yaml.c -o build/temp.linux-x86_64-3.3/ext/_yaml.o
    In file included from ext/_yaml.c:343:0:
    ext/_yaml.h:10:0: warning: "PyString_CheckExact" redefined [enabled by default]
    ext/_yaml.c:184:0: note: this is the location of the previous definition
    ext/_yaml.c: In function â€˜__pyx_pf_5_yaml_get_version_stringâ€™:
    ext/_yaml.c:1346:17: warning: assignment discards â€˜constâ€™ qualifier from pointer target type [enabled by default]
    ext/_yaml.c: In function â€˜__pyx_pf_5_yaml_7CParser___init__â€™:
    ext/_yaml.c:2471:5: warning: passing argument 2 of â€˜yaml_parser_set_inputâ€™ from incompatible pointer type [enabled by default]
    /usr/include/yaml.h:1367:1: note: expected â€˜int (*)(void *, unsigned char *, size_t,  size_t *)â€™ but argument is of type â€˜int (*)(void *, char *, int,  int *)â€™
    ext/_yaml.c:2664:5: warning: pointer targets in passing argument 2 of â€˜yaml_parser_set_input_stringâ€™ differ in signedness [-Wpointer-sign]
    /usr/include/yaml.h:1341:1: note: expected â€˜const unsigned char *â€™ but argument is of type â€˜char *â€™
    ext/_yaml.c: In function â€˜__pyx_f_5_yaml_7CParser__token_to_objectâ€™:
    ext/_yaml.c:4183:5: warning: pointer targets in passing argument 1 of â€˜PyUnicode_FromStringâ€™ differ in signedness [-Wpointer-sign]
    /opt/python/3.3.5/include/python3.3m/unicodeobject.h:715:23: note: expected â€˜const char *â€™ but argument is of type â€˜yaml_char_t *â€™
    ext/_yaml.c:4195:5: warning: pointer targets in passing argument 1 of â€˜PyUnicode_FromStringâ€™ differ in signedness [-Wpointer-sign]
    /opt/python/3.3.5/include/python3.3m/unicodeobject.h:715:23: note: expected â€˜const char *â€™ but argument is of type â€˜yaml_char_t *â€™
    ext/_yaml.c:4741:5: warning: pointer targets in passing argument 1 of â€˜PyUnicode_FromStringâ€™ differ in signedness [-Wpointer-sign]
    /opt/python/3.3.5/include/python3.3m/unicodeobject.h:715:23: note: expected â€˜const char *â€™ but argument is of type â€˜yaml_char_t *â€™
    ext/_yaml.c:4792:5: warning: pointer targets in passing argument 1 of â€˜PyUnicode_FromStringâ€™ differ in signedness [-Wpointer-sign]
    /opt/python/3.3.5/include/python3.3m/unicodeobject.h:715:23: note: expected â€˜const char *â€™ but argument is of type â€˜yaml_char_t *â€™
    ext/_yaml.c:4843:5: warning: pointer targets in passing argument 1 of â€˜PyUnicode_FromStringâ€™ differ in signedness [-Wpointer-sign]
    /opt/python/3.3.5/include/python3.3m/unicodeobject.h:715:23: note: expected â€˜const char *â€™ but argument is of type â€˜yaml_char_t *â€™
    ext/_yaml.c:4855:5: warning: pointer targets in passing argument 1 of â€˜PyUnicode_FromStringâ€™ differ in signedness [-Wpointer-sign]
    /opt/python/3.3.5/include/python3.3m/unicodeobject.h:715:23: note: expected â€˜const char *â€™ but argument is of type â€˜yaml_char_t *â€™
    ext/_yaml.c:4938:5: warning: pointer targets in passing argument 1 of â€˜PyUnicode_DecodeUTF8â€™ differ in signedness [-Wpointer-sign]
    /opt/python/3.3.5/include/python3.3m/unicodeobject.h:1227:23: note: expected â€˜const char *â€™ but argument is of type â€˜yaml_char_t *â€™
    ext/_yaml.c: In function â€˜__pyx_f_5_yaml_7CParser__event_to_objectâ€™:
    ext/_yaml.c:6435:9: warning: pointer targets in passing argument 1 of â€˜PyUnicode_FromStringâ€™ differ in signedness [-Wpointer-sign]
    /opt/python/3.3.5/include/python3.3m/unicodeobject.h:715:23: note: expected â€˜const char *â€™ but argument is of type â€˜yaml_char_t *â€™
    ext/_yaml.c:6447:9: warning: pointer targets in passing argument 1 of â€˜PyUnicode_FromStringâ€™ differ in signedness [-Wpointer-sign]
    /opt/python/3.3.5/include/python3.3m/unicodeobject.h:715:23: note: expected â€˜const char *â€™ but argument is of type â€˜yaml_char_t *â€™
    ext/_yaml.c:6616:5: warning: pointer targets in passing argument 1 of â€˜PyUnicode_FromStringâ€™ differ in signedness [-Wpointer-sign]
    /opt/python/3.3.5/include/python3.3m/unicodeobject.h:715:23: note: expected â€˜const char *â€™ but argument is of type â€˜yaml_char_t *â€™
    ext/_yaml.c:6687:7: warning: pointer targets in passing argument 1 of â€˜PyUnicode_FromStringâ€™ differ in signedness [-Wpointer-sign]
    /opt/python/3.3.5/include/python3.3m/unicodeobject.h:715:23: note: expected â€˜const char *â€™ but argument is of type â€˜yaml_char_t *â€™
    ext/_yaml.c:6722:7: warning: pointer targets in passing argument 1 of â€˜PyUnicode_FromStringâ€™ differ in signedness [-Wpointer-sign]
    /opt/python/3.3.5/include/python3.3m/unicodeobject.h:715:23: note: expected â€˜const char *â€™ but argument is of type â€˜yaml_char_t *â€™
    ext/_yaml.c:6737:5: warning: pointer targets in passing argument 1 of â€˜PyUnicode_DecodeUTF8â€™ differ in signedness [-Wpointer-sign]
    /opt/python/3.3.5/include/python3.3m/unicodeobject.h:1227:23: note: expected â€˜const char *â€™ but argument is of type â€˜yaml_char_t *â€™
    ext/_yaml.c:7031:7: warning: pointer targets in passing argument 1 of â€˜PyUnicode_FromStringâ€™ differ in signedness [-Wpointer-sign]
    /opt/python/3.3.5/include/python3.3m/unicodeobject.h:715:23: note: expected â€˜const char *â€™ but argument is of type â€˜yaml_char_t *â€™
    ext/_yaml.c:7066:7: warning: pointer targets in passing argument 1 of â€˜PyUnicode_FromStringâ€™ differ in signedness [-Wpointer-sign]
    /opt/python/3.3.5/include/python3.3m/unicodeobject.h:715:23: note: expected â€˜const char *â€™ but argument is of type â€˜yaml_char_t *â€™
    ext/_yaml.c:7253:7: warning: pointer targets in passing argument 1 of â€˜PyUnicode_FromStringâ€™ differ in signedness [-Wpointer-sign]
    /opt/python/3.3.5/include/python3.3m/unicodeobject.h:715:23: note: expected â€˜const char *â€™ but argument is of type â€˜yaml_char_t *â€™
    ext/_yaml.c:7288:7: warning: pointer targets in passing argument 1 of â€˜PyUnicode_FromStringâ€™ differ in signedness [-Wpointer-sign]
    /opt/python/3.3.5/include/python3.3m/unicodeobject.h:715:23: note: expected â€˜const char *â€™ but argument is of type â€˜yaml_char_t *â€™
    ext/_yaml.c: In function â€˜__pyx_f_5_yaml_7CParser__compose_nodeâ€™:
    ext/_yaml.c:8704:5: warning: pointer targets in passing argument 1 of â€˜PyUnicode_FromStringâ€™ differ in signedness [-Wpointer-sign]
    /opt/python/3.3.5/include/python3.3m/unicodeobject.h:715:23: note: expected â€˜const char *â€™ but argument is of type â€˜yaml_char_t *â€™
    ext/_yaml.c:8924:5: warning: pointer targets in passing argument 1 of â€˜PyUnicode_FromStringâ€™ differ in signedness [-Wpointer-sign]
    /opt/python/3.3.5/include/python3.3m/unicodeobject.h:715:23: note: expected â€˜const char *â€™ but argument is of type â€˜yaml_char_t *â€™
    ext/_yaml.c:8962:5: warning: pointer targets in passing argument 1 of â€˜PyUnicode_FromStringâ€™ differ in signedness [-Wpointer-sign]
    /opt/python/3.3.5/include/python3.3m/unicodeobject.h:715:23: note: expected â€˜const char *â€™ but argument is of type â€˜yaml_char_t *â€™
    ext/_yaml.c:9000:5: warning: pointer targets in passing argument 1 of â€˜PyUnicode_FromStringâ€™ differ in signedness [-Wpointer-sign]
    /opt/python/3.3.5/include/python3.3m/unicodeobject.h:715:23: note: expected â€˜const char *â€™ but argument is of type â€˜yaml_char_t *â€™
    ext/_yaml.c: In function â€˜__pyx_f_5_yaml_7CParser__compose_scalar_nodeâ€™:
    ext/_yaml.c:9532:3: warning: pointer targets in passing argument 1 of â€˜PyUnicode_DecodeUTF8â€™ differ in signedness [-Wpointer-sign]
    /opt/python/3.3.5/include/python3.3m/unicodeobject.h:1227:23: note: expected â€˜const char *â€™ but argument is of type â€˜yaml_char_t *â€™
    ext/_yaml.c:9688:5: warning: pointer targets in passing argument 1 of â€˜PyUnicode_FromStringâ€™ differ in signedness [-Wpointer-sign]
    /opt/python/3.3.5/include/python3.3m/unicodeobject.h:715:23: note: expected â€˜const char *â€™ but argument is of type â€˜yaml_char_t *â€™
    ext/_yaml.c: In function â€˜__pyx_f_5_yaml_7CParser__compose_sequence_nodeâ€™:
    ext/_yaml.c:10128:5: warning: pointer targets in passing argument 1 of â€˜PyUnicode_FromStringâ€™ differ in signedness [-Wpointer-sign]
    /opt/python/3.3.5/include/python3.3m/unicodeobject.h:715:23: note: expected â€˜const char *â€™ but argument is of type â€˜yaml_char_t *â€™
    ext/_yaml.c: In function â€˜__pyx_f_5_yaml_7CParser__compose_mapping_nodeâ€™:
    ext/_yaml.c:10654:5: warning: pointer targets in passing argument 1 of â€˜PyUnicode_FromStringâ€™ differ in signedness [-Wpointer-sign]
    /opt/python/3.3.5/include/python3.3m/unicodeobject.h:715:23: note: expected â€˜const char *â€™ but argument is of type â€˜yaml_char_t *â€™
    ext/_yaml.c: In function â€˜__pyx_pf_5_yaml_8CEmitter___init__â€™:
    ext/_yaml.c:11721:3: warning: passing argument 2 of â€˜yaml_emitter_set_outputâ€™ from incompatible pointer type [enabled by default]
    /usr/include/yaml.h:1829:1: note: expected â€˜int (*)(void *, unsigned char *, size_t)â€™ but argument is of type â€˜int (*)(void *, char *, int)â€™
    ext/_yaml.c: In function â€˜__pyx_f_5_yaml_8CEmitter__object_to_eventâ€™:
    ext/_yaml.c:12898:44: warning: pointer targets in assignment differ in signedness [-Wpointer-sign]
    ext/_yaml.c:12991:44: warning: pointer targets in assignment differ in signedness [-Wpointer-sign]
    ext/_yaml.c:13248:5: warning: pointer targets in passing argument 2 of â€˜yaml_alias_event_initializeâ€™ differ in signedness [-Wpointer-sign]
    /usr/include/yaml.h:553:1: note: expected â€˜yaml_char_t *â€™ but argument is of type â€˜char *â€™
    ext/_yaml.c:13824:5: warning: pointer targets in passing argument 2 of â€˜yaml_scalar_event_initializeâ€™ differ in signedness [-Wpointer-sign]
    /usr/include/yaml.h:578:1: note: expected â€˜yaml_char_t *â€™ but argument is of type â€˜char *â€™
    ext/_yaml.c:13824:5: warning: pointer targets in passing argument 3 of â€˜yaml_scalar_event_initializeâ€™ differ in signedness [-Wpointer-sign]
    /usr/include/yaml.h:578:1: note: expected â€˜yaml_char_t *â€™ but argument is of type â€˜char *â€™
    ext/_yaml.c:13824:5: warning: pointer targets in passing argument 4 of â€˜yaml_scalar_event_initializeâ€™ differ in signedness [-Wpointer-sign]
    /usr/include/yaml.h:578:1: note: expected â€˜yaml_char_t *â€™ but argument is of type â€˜char *â€™
    ext/_yaml.c:14166:5: warning: pointer targets in passing argument 2 of â€˜yaml_sequence_start_event_initializeâ€™ differ in signedness [-Wpointer-sign]
    /usr/include/yaml.h:601:1: note: expected â€˜yaml_char_t *â€™ but argument is of type â€˜char *â€™
    ext/_yaml.c:14166:5: warning: pointer targets in passing argument 3 of â€˜yaml_sequence_start_event_initializeâ€™ differ in signedness [-Wpointer-sign]
    /usr/include/yaml.h:601:1: note: expected â€˜yaml_char_t *â€™ but argument is of type â€˜char *â€™
    ext/_yaml.c:14508:5: warning: pointer targets in passing argument 2 of â€˜yaml_mapping_start_event_initializeâ€™ differ in signedness [-Wpointer-sign]
    /usr/include/yaml.h:633:1: note: expected â€˜yaml_char_t *â€™ but argument is of type â€˜char *â€™
    ext/_yaml.c:14508:5: warning: pointer targets in passing argument 3 of â€˜yaml_mapping_start_event_initializeâ€™ differ in signedness [-Wpointer-sign]
    /usr/include/yaml.h:633:1: note: expected â€˜yaml_char_t *â€™ but argument is of type â€˜char *â€™
    ext/_yaml.c: In function â€˜__pyx_pf_5_yaml_8CEmitter_12serializeâ€™:
    ext/_yaml.c:15784:42: warning: pointer targets in assignment differ in signedness [-Wpointer-sign]
    ext/_yaml.c:15877:42: warning: pointer targets in assignment differ in signedness [-Wpointer-sign]
    ext/_yaml.c: In function â€˜__pyx_f_5_yaml_8CEmitter__serialize_nodeâ€™:
    ext/_yaml.c:16616:5: warning: pointer targets in passing argument 2 of â€˜yaml_alias_event_initializeâ€™ differ in signedness [-Wpointer-sign]
    /usr/include/yaml.h:553:1: note: expected â€˜yaml_char_t *â€™ but argument is of type â€˜char *â€™
    ext/_yaml.c:17195:7: warning: pointer targets in passing argument 2 of â€˜yaml_scalar_event_initializeâ€™ differ in signedness [-Wpointer-sign]
    /usr/include/yaml.h:578:1: note: expected â€˜yaml_char_t *â€™ but argument is of type â€˜char *â€™
    ext/_yaml.c:17195:7: warning: pointer targets in passing argument 3 of â€˜yaml_scalar_event_initializeâ€™ differ in signedness [-Wpointer-sign]
    /usr/include/yaml.h:578:1: note: expected â€˜yaml_char_t *â€™ but argument is of type â€˜char *â€™
    ext/_yaml.c:17195:7: warning: pointer targets in passing argument 4 of â€˜yaml_scalar_event_initializeâ€™ differ in signedness [-Wpointer-sign]
    /usr/include/yaml.h:578:1: note: expected â€˜yaml_char_t *â€™ but argument is of type â€˜char *â€™
    ext/_yaml.c:17473:7: warning: pointer targets in passing argument 2 of â€˜yaml_sequence_start_event_initializeâ€™ differ in signedness [-Wpointer-sign]
    /usr/include/yaml.h:601:1: note: expected â€˜yaml_char_t *â€™ but argument is of type â€˜char *â€™
    ext/_yaml.c:17473:7: warning: pointer targets in passing argument 3 of â€˜yaml_sequence_start_event_initializeâ€™ differ in signedness [-Wpointer-sign]
    /usr/include/yaml.h:601:1: note: expected â€˜yaml_char_t *â€™ but argument is of type â€˜char *â€™
    ext/_yaml.c:17874:7: warning: pointer targets in passing argument 2 of â€˜yaml_mapping_start_event_initializeâ€™ differ in signedness [-Wpointer-sign]
    /usr/include/yaml.h:633:1: note: expected â€˜yaml_char_t *â€™ but argument is of type â€˜char *â€™
    ext/_yaml.c:17874:7: warning: pointer targets in passing argument 3 of â€˜yaml_mapping_start_event_initializeâ€™ differ in signedness [-Wpointer-sign]
    /usr/include/yaml.h:633:1: note: expected â€˜yaml_char_t *â€™ but argument is of type â€˜char *â€™
    gcc -pthread -shared -L/opt/python/3.3.5/lib -Wl,-rpath=/opt/python/3.3.5/lib build/temp.linux-x86_64-3.3/ext/_yaml.o -L/opt/python/3.3.5/lib -lyaml -lpython3.3m -o build/lib.linux-x86_64-3.3/_yaml.cpython-33m.so
  Running setup.py install for coveralls
    Installing coveralls script to /home/travis/virtualenv/python3.3.5/bin
Successfully installed PyYAML-3.11 coverage-3.7.1 coveralls-0.5 docopt-0.6.2 requests-2.7.0
travis_time:end:041a6129:start=1436370824428324991,finish=1436370834039835434,duration=9611510443[0Ktravis_fold:end:install.2[0Ktravis_time:start:0006314a[0K$ coverage run --source=appier setup.py test
running test
running egg_info
creating src/appier.egg-info
writing top-level names to src/appier.egg-info/top_level.txt
writing dependency_links to src/appier.egg-info/dependency_links.txt
writing src/appier.egg-info/PKG-INFO
writing manifest file 'src/appier.egg-info/SOURCES.txt'
reading manifest file 'src/appier.egg-info/SOURCES.txt'
reading manifest template 'MANIFEST.in'
writing manifest file 'src/appier.egg-info/SOURCES.txt'
running build_ext
test_memory (appier.test.cache.CacheTest) ... ok
test_mock (appier.test.request.RequestTest) ... ok
test_expire (appier.test.session.SessionTest) ... ok
test_file (appier.test.session.SessionTest) ... ok
test_memory (appier.test.session.SessionTest) ... ok
test_plain (appier.test.smtp.SmtpTest) ... FAIL
test_order (appier.test.structures.OrderedDictTest) ... ok
test_email_mime (appier.test.util.UtilTest) ... ok
test_email_parts (appier.test.util.UtilTest) ... ok

======================================================================
FAIL: test_plain (appier.test.smtp.SmtpTest)
----------------------------------------------------------------------
Traceback (most recent call last):
  File "/home/travis/build/hivesolutions/appier/src/appier/test/smtp.py", line 62, in test_plain
    SGVsbG8gV29ybGQ=\n")
AssertionError: 'Content-Type: text/plain; charset="utf-8"\nMIME-Version: 1.0\nContent-Transfer- [truncated]... != 'Content-Type: text/plain; charset="utf-8"\nMIME-Version: 1.0\nContent-Transfer- [truncated]...
  Content-Type: text/plain; charset="utf-8"
  MIME-Version: 1.0
  Content-Transfer-Encoding: base64
- Content-Transfer-Encoding: 8bit
  Subject: Hello World
  From: =?utf-8?q?Jo=C3=A3o_Magalh=C3=A3es?= <joamag@hive.pt>
  To: =?utf-8?q?Jo=C3=A3o_Magalh=C3=A3es?= <joamag@hive.pt>
  
  SGVsbG8gV29ybGQ=


----------------------------------------------------------------------
Ran 9 tests in 0.022s

FAILED (failures=1)
travis_time:end:0006314a:start=1436370834045135271,finish=1436370834810992851,duration=765857580[0K
[31;1mThe command "coverage run --source=appier setup.py test" exited with 1.[0m

Done. Your build exited with 1.
