Using worker: worker-linux-docker-c8523721.prod.travis-ci.org:travis-linux-3

travis_fold:start:system_info[0K[33;1mBuild system information[0m
Build language: python
[34m[1mBuild image provisioning date and time[0m
Thu Feb  5 15:09:33 UTC 2015
[34m[1mOperating System Details[0m
Distributor ID:	Ubuntu
Description:	Ubuntu 12.04.5 LTS
Release:	12.04
Codename:	precise
[34m[1mLinux Version[0m
3.13.0-29-generic
[34m[1mCookbooks Version[0m
a68419e https://github.com/travis-ci/travis-cookbooks/tree/a68419e
[34m[1mGCC version[0m
gcc (Ubuntu/Linaro 4.6.3-1ubuntu5) 4.6.3
Copyright (C) 2011 Free Software Foundation, Inc.
This is free software; see the source for copying conditions.  There is NO
warranty; not even for MERCHANTABILITY or FITNESS FOR A PARTICULAR PURPOSE.

[34m[1mLLVM version[0m
clang version 3.4 (tags/RELEASE_34/final)
Target: x86_64-unknown-linux-gnu
Thread model: posix
[34m[1mPre-installed Ruby versions[0m
ruby-1.9.3-p551
[34m[1mPre-installed Node.js versions[0m
v0.10.36
[34m[1mPre-installed Go versions[0m
1.4.1
[34m[1mRedis version[0m
redis-server 2.8.19
[34m[1mriak version[0m
2.0.2
[34m[1mMongoDB version[0m
MongoDB 2.4.12
[34m[1mCouchDB version[0m
couchdb 1.6.1
[34m[1mNeo4j version[0m
1.9.4
[34m[1mRabbitMQ Version[0m
3.4.3
[34m[1mElasticSearch version[0m
1.4.0
[34m[1mInstalled Sphinx versions[0m
2.0.10
2.1.9
2.2.6
[34m[1mDefault Sphinx version[0m
2.2.6
[34m[1mInstalled Firefox version[0m
firefox 31.0esr
[34m[1mPhantomJS version[0m
1.9.8
[34m[1mant -version[0m
Apache Ant(TM) version 1.8.2 compiled on December 3 2011
[34m[1mmvn -version[0m
Apache Maven 3.2.5 (12a6b3acb947671f09b81f49094c53f426d8cea1; 2014-12-14T17:29:23+00:00)
Maven home: /usr/local/maven
Java version: 1.7.0_76, vendor: Oracle Corporation
Java home: /usr/lib/jvm/java-7-oracle/jre
Default locale: en_US, platform encoding: ANSI_X3.4-1968
OS name: "linux", version: "3.13.0-29-generic", arch: "amd64", family: "unix"
travis_fold:end:system_info[0K
[33;1m3.5-dev is not installed; attempting download[0m
travis_fold:start:git.checkout[0Ktravis_time:start:02f56960[0K$ git clone --depth=50 --branch=master git://github.com/hivesolutions/appier.git hivesolutions/appier
Cloning into 'hivesolutions/appier'...
remote: Counting objects: 392, done.[K
remote: Compressing objects:   0% (1/168)   [Kremote: Compressing objects:   1% (2/168)   [Kremote: Compressing objects:   2% (4/168)   [Kremote: Compressing objects:   3% (6/168)   [Kremote: Compressing objects:   4% (7/168)   [Kremote: Compressing objects:   5% (9/168)   [Kremote: Compressing objects:   6% (11/168)   [Kremote: Compressing objects:   7% (12/168)   [Kremote: Compressing objects:   8% (14/168)   [Kremote: Compressing objects:   9% (16/168)   [Kremote: Compressing objects:  10% (17/168)   [Kremote: Compressing objects:  11% (19/168)   [Kremote: Compressing objects:  12% (21/168)   [Kremote: Compressing objects:  13% (22/168)   [Kremote: Compressing objects:  14% (24/168)   [Kremote: Compressing objects:  15% (26/168)   [Kremote: Compressing objects:  16% (27/168)   [Kremote: Compressing objects:  17% (29/168)   [Kremote: Compressing objects:  18% (31/168)   [Kremote: Compressing objects:  19% (32/168)   [Kremote: Compressing objects:  20% (34/168)   [Kremote: Compressing objects:  21% (36/168)   [Kremote: Compressing objects:  22% (37/168)   [Kremote: Compressing objects:  23% (39/168)   [Kremote: Compressing objects:  24% (41/168)   [Kremote: Compressing objects:  25% (42/168)   [Kremote: Compressing objects:  26% (44/168)   [Kremote: Compressing objects:  27% (46/168)   [Kremote: Compressing objects:  28% (48/168)   [Kremote: Compressing objects:  29% (49/168)   [Kremote: Compressing objects:  30% (51/168)   [Kremote: Compressing objects:  31% (53/168)   [Kremote: Compressing objects:  32% (54/168)   [Kremote: Compressing objects:  33% (56/168)   [Kremote: Compressing objects:  34% (58/168)   [Kremote: Compressing objects:  35% (59/168)   [Kremote: Compressing objects:  36% (61/168)   [Kremote: Compressing objects:  37% (63/168)   [Kremote: Compressing objects:  38% (64/168)   [Kremote: Compressing objects:  39% (66/168)   [Kremote: Compressing objects:  40% (68/168)   [Kremote: Compressing objects:  41% (69/168)   [Kremote: Compressing objects:  42% (71/168)   [Kremote: Compressing objects:  43% (73/168)   [Kremote: Compressing objects:  44% (74/168)   [Kremote: Compressing objects:  45% (76/168)   [Kremote: Compressing objects:  46% (78/168)   [Kremote: Compressing objects:  47% (79/168)   [Kremote: Compressing objects:  48% (81/168)   [Kremote: Compressing objects:  49% (83/168)   [Kremote: Compressing objects:  50% (84/168)   [Kremote: Compressing objects:  51% (86/168)   [Kremote: Compressing objects:  52% (88/168)   [Kremote: Compressing objects:  53% (90/168)   [Kremote: Compressing objects:  54% (91/168)   [Kremote: Compressing objects:  55% (93/168)   [Kremote: Compressing objects:  56% (95/168)   [Kremote: Compressing objects:  57% (96/168)   [Kremote: Compressing objects:  58% (98/168)   [Kremote: Compressing objects:  59% (100/168)   [Kremote: Compressing objects:  60% (101/168)   [Kremote: Compressing objects:  61% (103/168)   [Kremote: Compressing objects:  62% (105/168)   [Kremote: Compressing objects:  63% (106/168)   [Kremote: Compressing objects:  64% (108/168)   [Kremote: Compressing objects:  65% (110/168)   [Kremote: Compressing objects:  66% (111/168)   [Kremote: Compressing objects:  67% (113/168)   [Kremote: Compressing objects:  68% (115/168)   [Kremote: Compressing objects:  69% (116/168)   [Kremote: Compressing objects:  70% (118/168)   [Kremote: Compressing objects:  71% (120/168)   [Kremote: Compressing objects:  72% (121/168)   [Kremote: Compressing objects:  73% (123/168)   [Kremote: Compressing objects:  74% (125/168)   [Kremote: Compressing objects:  75% (126/168)   [Kremote: Compressing objects:  76% (128/168)   [Kremote: Compressing objects:  77% (130/168)   [Kremote: Compressing objects:  78% (132/168)   [Kremote: Compressing objects:  79% (133/168)   [Kremote: Compressing objects:  80% (135/168)   [Kremote: Compressing objects:  81% (137/168)   [Kremote: Compressing objects:  82% (138/168)   [Kremote: Compressing objects:  83% (140/168)   [Kremote: Compressing objects:  84% (142/168)   [Kremote: Compressing objects:  85% (143/168)   [Kremote: Compressing objects:  86% (145/168)   [Kremote: Compressing objects:  87% (147/168)   [Kremote: Compressing objects:  88% (148/168)   [Kremote: Compressing objects:  89% (150/168)   [Kremote: Compressing objects:  90% (152/168)   [Kremote: Compressing objects:  91% (153/168)   [Kremote: Compressing objects:  92% (155/168)   [Kremote: Compressing objects:  93% (157/168)   [Kremote: Compressing objects:  94% (158/168)   [Kremote: Compressing objects:  95% (160/168)   [Kremote: Compressing objects:  96% (162/168)   [Kremote: Compressing objects:  97% (163/168)   [Kremote: Compressing objects:  98% (165/168)   [Kremote: Compressing objects:  99% (167/168)   [Kremote: Compressing objects: 100% (168/168)   [Kremote: Compressing objects: 100% (168/168), done.[K
Receiving objects:   0% (1/392)   Receiving objects:   1% (4/392)   Receiving objects:   2% (8/392)   Receiving objects:   3% (12/392)   Receiving objects:   4% (16/392)   Receiving objects:   5% (20/392)   Receiving objects:   6% (24/392)   Receiving objects:   7% (28/392)   Receiving objects:   8% (32/392)   Receiving objects:   9% (36/392)   Receiving objects:  10% (40/392)   Receiving objects:  11% (44/392)   Receiving objects:  12% (48/392)   Receiving objects:  13% (51/392)   Receiving objects:  14% (55/392)   Receiving objects:  15% (59/392)   Receiving objects:  16% (63/392)   Receiving objects:  17% (67/392)   Receiving objects:  18% (71/392)   Receiving objects:  19% (75/392)   Receiving objects:  20% (79/392)   Receiving objects:  21% (83/392)   Receiving objects:  22% (87/392)   Receiving objects:  23% (91/392)   Receiving objects:  24% (95/392)   Receiving objects:  25% (98/392)   Receiving objects:  26% (102/392)   Receiving objects:  27% (106/392)   Receiving objects:  28% (110/392)   Receiving objects:  29% (114/392)   Receiving objects:  30% (118/392)   Receiving objects:  31% (122/392)   Receiving objects:  32% (126/392)   Receiving objects:  33% (130/392)   Receiving objects:  34% (134/392)   Receiving objects:  35% (138/392)   Receiving objects:  36% (142/392)   Receiving objects:  37% (146/392)   Receiving objects:  38% (149/392)   Receiving objects:  39% (153/392)   Receiving objects:  40% (157/392)   Receiving objects:  41% (161/392)   Receiving objects:  42% (165/392)   Receiving objects:  43% (169/392)   Receiving objects:  44% (173/392)   Receiving objects:  45% (177/392)   Receiving objects:  46% (181/392)   Receiving objects:  47% (185/392)   Receiving objects:  48% (189/392)   Receiving objects:  49% (193/392)   Receiving objects:  50% (196/392)   Receiving objects:  51% (200/392)   Receiving objects:  52% (204/392)   Receiving objects:  53% (208/392)   Receiving objects:  54% (212/392)   Receiving objects:  55% (216/392)   Receiving objects:  56% (220/392)   Receiving objects:  57% (224/392)   Receiving objects:  58% (228/392)   Receiving objects:  59% (232/392)   Receiving objects:  60% (236/392)   Receiving objects:  61% (240/392)   Receiving objects:  62% (244/392)   Receiving objects:  63% (247/392)   Receiving objects:  64% (251/392)   Receiving objects:  65% (255/392)   Receiving objects:  66% (259/392)   Receiving objects:  67% (263/392)   Receiving objects:  68% (267/392)   Receiving objects:  69% (271/392)   Receiving objects:  70% (275/392)   Receiving objects:  71% (279/392)   Receiving objects:  72% (283/392)   Receiving objects:  73% (287/392)   Receiving objects:  74% (291/392)   Receiving objects:  75% (294/392)   Receiving objects:  76% (298/392)   Receiving objects:  77% (302/392)   Receiving objects:  78% (306/392)   Receiving objects:  79% (310/392)   Receiving objects:  80% (314/392)   Receiving objects:  81% (318/392)   Receiving objects:  82% (322/392)   Receiving objects:  83% (326/392)   Receiving objects:  84% (330/392)   Receiving objects:  85% (334/392)   Receiving objects:  86% (338/392)   Receiving objects:  87% (342/392)   Receiving objects:  88% (345/392)   Receiving objects:  89% (349/392)   Receiving objects:  90% (353/392)   remote: Total 392 (delta 210), reused 313 (delta 177), pack-reused 0[K
Receiving objects:  91% (357/392)   Receiving objects:  92% (361/392)   Receiving objects:  93% (365/392)   Receiving objects:  94% (369/392)   Receiving objects:  95% (373/392)   Receiving objects:  96% (377/392)   Receiving objects:  97% (381/392)   Receiving objects:  98% (385/392)   Receiving objects:  99% (389/392)   Receiving objects: 100% (392/392)   Receiving objects: 100% (392/392), 179.45 KiB | 0 bytes/s, done.
Resolving deltas:   0% (0/210)   Resolving deltas:  22% (48/210)   Resolving deltas:  36% (77/210)   Resolving deltas:  37% (78/210)   Resolving deltas:  38% (81/210)   Resolving deltas:  43% (91/210)   Resolving deltas:  44% (94/210)   Resolving deltas:  45% (95/210)   Resolving deltas:  47% (99/210)   Resolving deltas:  49% (103/210)   Resolving deltas:  50% (105/210)   Resolving deltas:  58% (122/210)   Resolving deltas:  59% (124/210)   Resolving deltas:  60% (127/210)   Resolving deltas:  61% (130/210)   Resolving deltas:  69% (145/210)   Resolving deltas:  72% (152/210)   Resolving deltas:  74% (157/210)   Resolving deltas:  76% (160/210)   Resolving deltas:  77% (162/210)   Resolving deltas:  80% (168/210)   Resolving deltas:  81% (172/210)   Resolving deltas:  82% (174/210)   Resolving deltas:  83% (176/210)   Resolving deltas:  89% (187/210)   Resolving deltas:  90% (189/210)   Resolving deltas:  91% (192/210)   Resolving deltas:  93% (197/210)   Resolving deltas:  95% (200/210)   Resolving deltas:  96% (202/210)   Resolving deltas:  99% (208/210)   Resolving deltas: 100% (210/210)   Resolving deltas: 100% (210/210), done.
Checking connectivity... done.
travis_time:end:02f56960:start=1439842190112403794,finish=1439842190306809474,duration=194405680[0K$ cd hivesolutions/appier
$ git checkout -qf 0656928b9682ece36b91e0f0d57cfc478dba5ee2
travis_fold:end:git.checkout[0K
[33;1mThis job is running on container-based infrastructure, which does not allow use of 'sudo', setuid and setguid executables.[0m
[33;1mIf you require sudo, add 'sudo: required' to your .travis.yml[0m
[33;1mSee http://docs.travis-ci.com/user/workers/container-based-infrastructure/ for details.[0m
travis_time:start:0660df10[0K$ source ~/virtualenv/python3.5-dev/bin/activate
travis_time:end:0660df10:start=1439842193239921042,finish=1439842193244541387,duration=4620345[0K$ python --version
Python 3.5.0rc1+
$ pip --version
pip 6.0.7 from /home/travis/virtualenv/python3.5-dev/lib/python3.5/site-packages (python 3.5)
travis_fold:start:install.1[0Ktravis_time:start:10bad805[0K$ pip install -r requirements.txt
[33mYou are using pip version 6.0.7, however version 7.1.0 is available.
You should consider upgrading via the 'pip install --upgrade pip' command.[0m
[33mYou must give at least one requirement to install (see "pip help install")[0m
travis_time:end:10bad805:start=1439842193686546162,finish=1439842194181555434,duration=495009272[0Ktravis_fold:end:install.1[0Ktravis_fold:start:install.2[0Ktravis_time:start:012b5d88[0K$ pip install coveralls
[33mYou are using pip version 6.0.7, however version 7.1.0 is available.
You should consider upgrading via the 'pip install --upgrade pip' command.[0m
Collecting coveralls
  Downloading coveralls-0.5.zip
Collecting PyYAML>=3.10 (from coveralls)
  Downloading PyYAML-3.11.tar.gz (248kB)
[?25l[K    1% |                                | 4.1kB 40.3MB/s eta 0:00:01[K    3% |#                               | 8.2kB 26.9MB/s eta 0:00:01[K    4% |#                               | 12kB 28.1MB/s eta 0:00:01[K    6% |##                              | 16kB 1.2MB/s eta 0:00:01[K    8% |##                              | 20kB 1.5MB/s eta 0:00:01[K    9% |###                             | 24kB 1.7MB/s eta 0:00:01[K    11% |###                             | 28kB 2.0MB/s eta 0:00:01[K    13% |####                            | 32kB 1.2MB/s eta 0:00:01[K    14% |####                            | 36kB 1.3MB/s eta 0:00:01[K    16% |#####                           | 40kB 1.4MB/s eta 0:00:01[K    18% |#####                           | 45kB 1.4MB/s eta 0:00:01[K    19% |######                          | 49kB 1.4MB/s eta 0:00:01[K    21% |######                          | 53kB 1.4MB/s eta 0:00:01[K    23% |#######                         | 57kB 2.6MB/s eta 0:00:01[K    24% |#######                         | 61kB 2.6MB/s eta 0:00:01[K    26% |########                        | 65kB 1.4MB/s eta 0:00:01[K    28% |########                        | 69kB 1.4MB/s eta 0:00:01[K    29% |#########                       | 73kB 2.7MB/s eta 0:00:01[K    31% |##########                      | 77kB 2.7MB/s eta 0:00:01[K    32% |##########                      | 81kB 2.7MB/s eta 0:00:01[K    34% |###########                     | 86kB 2.6MB/s eta 0:00:01[K    36% |###########                     | 90kB 2.6MB/s eta 0:00:01[K    37% |############                    | 94kB 2.6MB/s eta 0:00:01[K    39% |############                    | 98kB 2.6MB/s eta 0:00:01[K    41% |#############                   | 102kB 2.6MB/s eta 0:00:01[K    42% |#############                   | 106kB 17.2MB/s eta 0:00:01[K    44% |##############                  | 110kB 17.8MB/s eta 0:00:01[K    46% |##############                  | 114kB 2.7MB/s eta 0:00:01[K    47% |###############                 | 118kB 2.7MB/s eta 0:00:01[K    49% |###############                 | 122kB 2.7MB/s eta 0:00:01[K    51% |################                | 126kB 2.7MB/s eta 0:00:01[K    52% |################                | 131kB 2.7MB/s eta 0:00:01[K    54% |#################               | 135kB 2.7MB/s eta 0:00:01[K    56% |#################               | 139kB 2.7MB/s eta 0:00:01[K    57% |##################              | 143kB 2.7MB/s eta 0:00:01[K    59% |##################              | 147kB 2.7MB/s eta 0:00:01[K    60% |###################             | 151kB 2.7MB/s eta 0:00:01[K    62% |####################            | 155kB 19.2MB/s eta 0:00:01[K    64% |####################            | 159kB 18.8MB/s eta 0:00:01[K    65% |#####################           | 163kB 2.8MB/s eta 0:00:01[K    67% |#####################           | 167kB 2.8MB/s eta 0:00:01[K    69% |######################          | 172kB 2.8MB/s eta 0:00:01[K    70% |######################          | 176kB 2.8MB/s eta 0:00:01[K    72% |#######################         | 180kB 2.8MB/s eta 0:00:01[K    74% |#######################         | 184kB 2.8MB/s eta 0:00:01[K    75% |########################        | 188kB 2.8MB/s eta 0:00:01[K    77% |########################        | 192kB 2.8MB/s eta 0:00:01[K    79% |#########################       | 196kB 2.7MB/s eta 0:00:01[K    80% |#########################       | 200kB 2.7MB/s eta 0:00:01[K    82% |##########################      | 204kB 15.5MB/s eta 0:00:01[K    84% |##########################      | 208kB 15.9MB/s eta 0:00:01[K    85% |###########################     | 212kB 6.4MB/s eta 0:00:01[K    87% |###########################     | 217kB 6.4MB/s eta 0:00:01[K    88% |############################    | 221kB 6.6MB/s eta 0:00:01[K    90% |############################    | 225kB 6.6MB/s eta 0:00:01[K    92% |#############################   | 229kB 2.9MB/s eta 0:00:01[K    93% |##############################  | 233kB 2.9MB/s eta 0:00:01[K    95% |##############################  | 237kB 2.9MB/s eta 0:00:01[K    97% |############################### | 241kB 2.9MB/s eta 0:00:01[K    98% |############################### | 245kB 2.9MB/s eta 0:00:01[K    100% |################################| 249kB 1.1MB/s 
[?25hCollecting docopt>=0.6.1 (from coveralls)
  Downloading docopt-0.6.2.tar.gz
Collecting coverage<3.999,>=3.6 (from coveralls)
  Downloading coverage-3.7.1.tar.gz (284kB)
[?25l[K    1% |                                | 4.1kB 43.8MB/s eta 0:00:01[K    2% |                                | 8.2kB 19.2MB/s eta 0:00:01[K    4% |#                               | 12kB 18.8MB/s eta 0:00:01[K    5% |#                               | 16kB 1.2MB/s eta 0:00:01[K    7% |##                              | 20kB 1.5MB/s eta 0:00:01[K    8% |##                              | 24kB 1.7MB/s eta 0:00:01[K    10% |###                             | 28kB 2.0MB/s eta 0:00:01[K    11% |###                             | 32kB 2.2MB/s eta 0:00:01[K    12% |####                            | 36kB 2.4MB/s eta 0:00:01[K    14% |####                            | 40kB 2.7MB/s eta 0:00:01[K    15% |#####                           | 45kB 2.6MB/s eta 0:00:01[K    17% |#####                           | 49kB 1.5MB/s eta 0:00:01[K    18% |#####                           | 53kB 1.5MB/s eta 0:00:01[K    20% |######                          | 57kB 2.6MB/s eta 0:00:01[K    21% |######                          | 61kB 2.6MB/s eta 0:00:01[K    23% |#######                         | 65kB 2.6MB/s eta 0:00:01[K    24% |#######                         | 69kB 2.6MB/s eta 0:00:01[K    25% |########                        | 73kB 2.6MB/s eta 0:00:01[K    27% |########                        | 77kB 2.6MB/s eta 0:00:01[K    28% |#########                       | 81kB 1.5MB/s eta 0:00:01[K    30% |#########                       | 86kB 1.5MB/s eta 0:00:01[K    31% |##########                      | 90kB 2.6MB/s eta 0:00:01[K    33% |##########                      | 94kB 2.7MB/s eta 0:00:01[K    34% |###########                     | 98kB 2.6MB/s eta 0:00:01[K    35% |###########                     | 102kB 2.6MB/s eta 0:00:01[K    37% |###########                     | 106kB 2.6MB/s eta 0:00:01[K    38% |############                    | 110kB 2.7MB/s eta 0:00:01[K    40% |############                    | 114kB 1.5MB/s eta 0:00:01[K    41% |#############                   | 118kB 1.5MB/s eta 0:00:01[K    43% |#############                   | 122kB 2.6MB/s eta 0:00:01[K    44% |##############                  | 126kB 2.6MB/s eta 0:00:01[K    46% |##############                  | 131kB 2.6MB/s eta 0:00:01[K    47% |###############                 | 135kB 2.6MB/s eta 0:00:01[K    48% |###############                 | 139kB 2.7MB/s eta 0:00:01[K    50% |################                | 143kB 2.6MB/s eta 0:00:01[K    51% |################                | 147kB 2.6MB/s eta 0:00:01[K    53% |#################               | 151kB 2.6MB/s eta 0:00:01[K    54% |#################               | 155kB 11.8MB/s eta 0:00:01[K    56% |#################               | 159kB 12.1MB/s eta 0:00:01[K    57% |##################              | 163kB 2.9MB/s eta 0:00:01[K    58% |##################              | 167kB 2.9MB/s eta 0:00:01[K    60% |###################             | 172kB 2.9MB/s eta 0:00:01[K    61% |###################             | 176kB 2.9MB/s eta 0:00:01[K    63% |####################            | 180kB 2.9MB/s eta 0:00:01[K    64% |####################            | 184kB 2.9MB/s eta 0:00:01[K    66% |#####################           | 188kB 2.9MB/s eta 0:00:01[K    67% |#####################           | 192kB 2.9MB/s eta 0:00:01[K    69% |######################          | 196kB 2.9MB/s eta 0:00:01[K    70% |######################          | 200kB 2.9MB/s eta 0:00:01[K    71% |#######################         | 204kB 12.1MB/s eta 0:00:01[K    73% |#######################         | 208kB 12.7MB/s eta 0:00:01[K    74% |#######################         | 212kB 12.9MB/s eta 0:00:01[K    76% |########################        | 217kB 13.3MB/s eta 0:00:01[K    77% |########################        | 221kB 15.3MB/s eta 0:00:01[K    79% |#########################       | 225kB 16.1MB/s eta 0:00:01[K    80% |#########################       | 229kB 2.9MB/s eta 0:00:01[K    81% |##########################      | 233kB 2.9MB/s eta 0:00:01[K    83% |##########################      | 237kB 3.0MB/s eta 0:00:01[K    84% |###########################     | 241kB 3.0MB/s eta 0:00:01[K    86% |###########################     | 245kB 2.9MB/s eta 0:00:01[K    87% |############################    | 249kB 2.9MB/s eta 0:00:01[K    89% |############################    | 253kB 3.0MB/s eta 0:00:01[K    90% |#############################   | 258kB 3.0MB/s eta 0:00:01[K    92% |#############################   | 262kB 3.0MB/s eta 0:00:01[K    93% |#############################   | 266kB 3.0MB/s eta 0:00:01[K    94% |##############################  | 270kB 20.5MB/s eta 0:00:01[K    96% |##############################  | 274kB 22.0MB/s eta 0:00:01[K    97% |############################### | 278kB 22.3MB/s eta 0:00:01[K    99% |############################### | 282kB 23.1MB/s eta 0:00:01[K    100% |################################| 286kB 1.4MB/s 
[?25hCollecting requests>=1.0.0 (from coveralls)
  Downloading requests-2.7.0-py2.py3-none-any.whl (470kB)
[?25l[K    0% |                                | 4.1kB 35.3MB/s eta 0:00:01[K    1% |                                | 8.2kB 19.4MB/s eta 0:00:01[K    2% |                                | 12kB 19.0MB/s eta 0:00:01[K    3% |#                               | 16kB 16.7MB/s eta 0:00:01[K    4% |#                               | 20kB 17.1MB/s eta 0:00:01[K    5% |#                               | 24kB 17.1MB/s eta 0:00:01[K    6% |#                               | 28kB 17.4MB/s eta 0:00:01[K    6% |##                              | 32kB 16.8MB/s eta 0:00:01[K    7% |##                              | 36kB 17.0MB/s eta 0:00:01[K    8% |##                              | 40kB 17.1MB/s eta 0:00:01[K    9% |###                             | 45kB 16.5MB/s eta 0:00:01[K    10% |###                             | 49kB 3.3MB/s eta 0:00:01[K    11% |###                             | 53kB 3.3MB/s eta 0:00:01[K    12% |###                             | 57kB 3.3MB/s eta 0:00:01[K    13% |####                            | 61kB 3.3MB/s eta 0:00:01[K    13% |####                            | 65kB 3.3MB/s eta 0:00:01[K    14% |####                            | 69kB 3.3MB/s eta 0:00:01[K    15% |#####                           | 73kB 3.3MB/s eta 0:00:01[K    16% |#####                           | 77kB 3.3MB/s eta 0:00:01[K    17% |#####                           | 81kB 3.1MB/s eta 0:00:01[K    18% |#####                           | 86kB 3.1MB/s eta 0:00:01[K    19% |######                          | 90kB 12.4MB/s eta 0:00:01[K    20% |######                          | 94kB 12.7MB/s eta 0:00:01[K    20% |######                          | 98kB 12.4MB/s eta 0:00:01[K    21% |######                          | 102kB 12.4MB/s eta 0:00:01[K    22% |#######                         | 106kB 12.8MB/s eta 0:00:01[K    23% |#######                         | 110kB 12.8MB/s eta 0:00:01[K    24% |#######                         | 114kB 12.8MB/s eta 0:00:01[K    25% |########                        | 118kB 12.8MB/s eta 0:00:01[K    26% |########                        | 122kB 18.3MB/s eta 0:00:01[K    26% |########                        | 126kB 19.0MB/s eta 0:00:01[K    27% |########                        | 131kB 3.6MB/s eta 0:00:01[K    28% |#########                       | 135kB 3.6MB/s eta 0:00:01[K    29% |#########                       | 139kB 3.7MB/s eta 0:00:01[K    30% |#########                       | 143kB 3.7MB/s eta 0:00:01[K    31% |##########                      | 147kB 3.5MB/s eta 0:00:01[K    32% |##########                      | 151kB 3.5MB/s eta 0:00:01[K    33% |##########                      | 155kB 3.6MB/s eta 0:00:01[K    33% |##########                      | 159kB 3.6MB/s eta 0:00:01[K    34% |###########                     | 163kB 3.6MB/s eta 0:00:01[K    35% |###########                     | 167kB 3.6MB/s eta 0:00:01[K    36% |###########                     | 172kB 18.8MB/s eta 0:00:01[K    37% |###########                     | 176kB 18.5MB/s eta 0:00:01[K    38% |############                    | 180kB 15.4MB/s eta 0:00:01[K    39% |############                    | 184kB 14.9MB/s eta 0:00:01[K    40% |############                    | 188kB 18.9MB/s eta 0:00:01[K    40% |#############                   | 192kB 18.3MB/s eta 0:00:01[K    41% |#############                   | 196kB 15.4MB/s eta 0:00:01[K    42% |#############                   | 200kB 15.0MB/s eta 0:00:01[K    43% |#############                   | 204kB 15.0MB/s eta 0:00:01[K    44% |##############                  | 208kB 14.7MB/s eta 0:00:01[K    45% |##############                  | 212kB 14.0MB/s eta 0:00:01[K    46% |##############                  | 217kB 13.9MB/s eta 0:00:01[K    46% |###############                 | 221kB 15.9MB/s eta 0:00:01[K    47% |###############                 | 225kB 16.0MB/s eta 0:00:01[K    48% |###############                 | 229kB 3.6MB/s eta 0:00:01[K    49% |###############                 | 233kB 3.6MB/s eta 0:00:01[K    50% |################                | 237kB 3.7MB/s eta 0:00:01[K    51% |################                | 241kB 3.7MB/s eta 0:00:01[K    52% |################                | 245kB 3.6MB/s eta 0:00:01[K    53% |################                | 249kB 3.6MB/s eta 0:00:01[K    53% |#################               | 253kB 3.7MB/s eta 0:00:01[K    54% |#################               | 258kB 3.7MB/s eta 0:00:01[K    55% |#################               | 262kB 3.6MB/s eta 0:00:01[K    56% |##################              | 266kB 3.7MB/s eta 0:00:01[K    57% |##################              | 270kB 18.6MB/s eta 0:00:01[K    58% |##################              | 274kB 19.0MB/s eta 0:00:01[K    59% |##################              | 278kB 16.0MB/s eta 0:00:01[K    60% |###################             | 282kB 15.7MB/s eta 0:00:01[K    60% |###################             | 286kB 19.3MB/s eta 0:00:01[K    61% |###################             | 290kB 18.6MB/s eta 0:00:01[K    62% |####################            | 294kB 15.8MB/s eta 0:00:01[K    63% |####################            | 299kB 15.5MB/s eta 0:00:01[K    64% |####################            | 303kB 16.9MB/s eta 0:00:01[K    65% |####################            | 307kB 16.9MB/s eta 0:00:01[K    66% |#####################           | 311kB 16.5MB/s eta 0:00:01[K    67% |#####################           | 315kB 16.1MB/s eta 0:00:01[K    67% |#####################           | 319kB 18.5MB/s eta 0:00:01[K    68% |######################          | 323kB 18.5MB/s eta 0:00:01[K    69% |######################          | 327kB 11.5MB/s eta 0:00:01[K    70% |######################          | 331kB 11.5MB/s eta 0:00:01[K    71% |######################          | 335kB 12.5MB/s eta 0:00:01[K    72% |#######################         | 339kB 12.5MB/s eta 0:00:01[K    73% |#######################         | 344kB 3.8MB/s eta 0:00:01[K    73% |#######################         | 348kB 3.8MB/s eta 0:00:01[K    74% |#######################         | 352kB 3.8MB/s eta 0:00:01[K    75% |########################        | 356kB 3.8MB/s eta 0:00:01[K    76% |########################        | 360kB 3.7MB/s eta 0:00:01[K    77% |########################        | 364kB 3.7MB/s eta 0:00:01[K    78% |#########################       | 368kB 4.3MB/s eta 0:00:01[K    79% |#########################       | 372kB 4.3MB/s eta 0:00:01[K    80% |#########################       | 376kB 4.3MB/s eta 0:00:01[K    80% |#########################       | 380kB 4.3MB/s eta 0:00:01[K    81% |##########################      | 385kB 18.2MB/s eta 0:00:01[K    82% |##########################      | 389kB 17.6MB/s eta 0:00:01[K    83% |##########################      | 393kB 18.1MB/s eta 0:00:01[K    84% |###########################     | 397kB 18.8MB/s eta 0:00:01[K    85% |###########################     | 401kB 19.9MB/s eta 0:00:01[K    86% |###########################     | 405kB 20.2MB/s eta 0:00:01[K    87% |###########################     | 409kB 15.0MB/s eta 0:00:01[K    87% |############################    | 413kB 15.4MB/s eta 0:00:01[K    88% |############################    | 417kB 16.1MB/s eta 0:00:01[K    89% |############################    | 421kB 15.9MB/s eta 0:00:01[K    90% |############################    | 425kB 15.3MB/s eta 0:00:01[K    91% |#############################   | 430kB 16.2MB/s eta 0:00:01[K    92% |#############################   | 434kB 16.0MB/s eta 0:00:01[K    93% |#############################   | 438kB 15.4MB/s eta 0:00:01[K    93% |##############################  | 442kB 14.4MB/s eta 0:00:01[K    94% |##############################  | 446kB 14.2MB/s eta 0:00:01[K    95% |##############################  | 450kB 18.7MB/s eta 0:00:01[K    96% |##############################  | 454kB 18.1MB/s eta 0:00:01[K    97% |############################### | 458kB 16.9MB/s eta 0:00:01[K    98% |############################### | 462kB 16.8MB/s eta 0:00:01[K    99% |############################### | 466kB 17.2MB/s eta 0:00:01[K    100% |################################| 471kB 952kB/s 
[?25hInstalling collected packages: requests, coverage, docopt, PyYAML, coveralls

  Running setup.py install for coverage
    building 'coverage.tracer' extension
    gcc -pthread -Wno-unused-result -Wsign-compare -Wunreachable-code -DNDEBUG -g -fwrapv -O3 -Wall -Wstrict-prototypes -fPIC -I/3.5-dev/include/python3.5m -c coverage/tracer.c -o build/temp.linux-x86_64-3.5/coverage/tracer.o
    gcc -pthread -shared -L/3.5-dev/lib build/temp.linux-x86_64-3.5/coverage/tracer.o -o build/lib.linux-x86_64-3.5/coverage/tracer.cpython-35m-x86_64-linux-gnu.so
    Installing coverage-3.5 script to /home/travis/virtualenv/python3.5-dev/bin
    Installing coverage3 script to /home/travis/virtualenv/python3.5-dev/bin
    Installing coverage script to /home/travis/virtualenv/python3.5-dev/bin
  Running setup.py install for docopt
  Running setup.py install for PyYAML
    checking if libyaml is compilable
    gcc -pthread -Wno-unused-result -Wsign-compare -Wunreachable-code -DNDEBUG -g -fwrapv -O3 -Wall -Wstrict-prototypes -fPIC -I/3.5-dev/include/python3.5m -c build/temp.linux-x86_64-3.5/check_libyaml.c -o build/temp.linux-x86_64-3.5/check_libyaml.o
    checking if libyaml is linkable
    gcc -pthread build/temp.linux-x86_64-3.5/check_libyaml.o -lyaml -o build/temp.linux-x86_64-3.5/check_libyaml
    building '_yaml' extension
    gcc -pthread -Wno-unused-result -Wsign-compare -Wunreachable-code -DNDEBUG -g -fwrapv -O3 -Wall -Wstrict-prototypes -fPIC -I/3.5-dev/include/python3.5m -c ext/_yaml.c -o build/temp.linux-x86_64-3.5/ext/_yaml.o
    In file included from ext/_yaml.c:343:0:
    ext/_yaml.h:10:0: warning: "PyString_CheckExact" redefined [enabled by default]
    ext/_yaml.c:184:0: note: this is the location of the previous definition
    ext/_yaml.c: In function â€˜__pyx_pf_5_yaml_get_version_stringâ€™:
    ext/_yaml.c:1346:17: warning: assignment discards â€˜constâ€™ qualifier from pointer target type [enabled by default]
    ext/_yaml.c: In function â€˜__pyx_pf_5_yaml_7CParser___init__â€™:
    ext/_yaml.c:2471:5: warning: passing argument 2 of â€˜yaml_parser_set_inputâ€™ from incompatible pointer type [enabled by default]
    /usr/include/yaml.h:1367:1: note: expected â€˜int (*)(void *, unsigned char *, size_t,  size_t *)â€™ but argument is of type â€˜int (*)(void *, char *, int,  int *)â€™
    ext/_yaml.c:2664:5: warning: pointer targets in passing argument 2 of â€˜yaml_parser_set_input_stringâ€™ differ in signedness [-Wpointer-sign]
    /usr/include/yaml.h:1341:1: note: expected â€˜const unsigned char *â€™ but argument is of type â€˜char *â€™
    ext/_yaml.c: In function â€˜__pyx_f_5_yaml_7CParser__token_to_objectâ€™:
    ext/_yaml.c:4183:5: warning: pointer targets in passing argument 1 of â€˜PyUnicode_FromStringâ€™ differ in signedness [-Wpointer-sign]
    /3.5-dev/include/python3.5m/unicodeobject.h:718:23: note: expected â€˜const char *â€™ but argument is of type â€˜yaml_char_t *â€™
    ext/_yaml.c:4195:5: warning: pointer targets in passing argument 1 of â€˜PyUnicode_FromStringâ€™ differ in signedness [-Wpointer-sign]
    /3.5-dev/include/python3.5m/unicodeobject.h:718:23: note: expected â€˜const char *â€™ but argument is of type â€˜yaml_char_t *â€™
    ext/_yaml.c:4741:5: warning: pointer targets in passing argument 1 of â€˜PyUnicode_FromStringâ€™ differ in signedness [-Wpointer-sign]
    /3.5-dev/include/python3.5m/unicodeobject.h:718:23: note: expected â€˜const char *â€™ but argument is of type â€˜yaml_char_t *â€™
    ext/_yaml.c:4792:5: warning: pointer targets in passing argument 1 of â€˜PyUnicode_FromStringâ€™ differ in signedness [-Wpointer-sign]
    /3.5-dev/include/python3.5m/unicodeobject.h:718:23: note: expected â€˜const char *â€™ but argument is of type â€˜yaml_char_t *â€™
    ext/_yaml.c:4843:5: warning: pointer targets in passing argument 1 of â€˜PyUnicode_FromStringâ€™ differ in signedness [-Wpointer-sign]
    /3.5-dev/include/python3.5m/unicodeobject.h:718:23: note: expected â€˜const char *â€™ but argument is of type â€˜yaml_char_t *â€™
    ext/_yaml.c:4855:5: warning: pointer targets in passing argument 1 of â€˜PyUnicode_FromStringâ€™ differ in signedness [-Wpointer-sign]
    /3.5-dev/include/python3.5m/unicodeobject.h:718:23: note: expected â€˜const char *â€™ but argument is of type â€˜yaml_char_t *â€™
    ext/_yaml.c:4938:5: warning: pointer targets in passing argument 1 of â€˜PyUnicode_DecodeUTF8â€™ differ in signedness [-Wpointer-sign]
    /3.5-dev/include/python3.5m/unicodeobject.h:1276:23: note: expected â€˜const char *â€™ but argument is of type â€˜yaml_char_t *â€™
    ext/_yaml.c: In function â€˜__pyx_f_5_yaml_7CParser__event_to_objectâ€™:
    ext/_yaml.c:6435:9: warning: pointer targets in passing argument 1 of â€˜PyUnicode_FromStringâ€™ differ in signedness [-Wpointer-sign]
    /3.5-dev/include/python3.5m/unicodeobject.h:718:23: note: expected â€˜const char *â€™ but argument is of type â€˜yaml_char_t *â€™
    ext/_yaml.c:6447:9: warning: pointer targets in passing argument 1 of â€˜PyUnicode_FromStringâ€™ differ in signedness [-Wpointer-sign]
    /3.5-dev/include/python3.5m/unicodeobject.h:718:23: note: expected â€˜const char *â€™ but argument is of type â€˜yaml_char_t *â€™
    ext/_yaml.c:6616:5: warning: pointer targets in passing argument 1 of â€˜PyUnicode_FromStringâ€™ differ in signedness [-Wpointer-sign]
    /3.5-dev/include/python3.5m/unicodeobject.h:718:23: note: expected â€˜const char *â€™ but argument is of type â€˜yaml_char_t *â€™
    ext/_yaml.c:6687:7: warning: pointer targets in passing argument 1 of â€˜PyUnicode_FromStringâ€™ differ in signedness [-Wpointer-sign]
    /3.5-dev/include/python3.5m/unicodeobject.h:718:23: note: expected â€˜const char *â€™ but argument is of type â€˜yaml_char_t *â€™
    ext/_yaml.c:6722:7: warning: pointer targets in passing argument 1 of â€˜PyUnicode_FromStringâ€™ differ in signedness [-Wpointer-sign]
    /3.5-dev/include/python3.5m/unicodeobject.h:718:23: note: expected â€˜const char *â€™ but argument is of type â€˜yaml_char_t *â€™
    ext/_yaml.c:6737:5: warning: pointer targets in passing argument 1 of â€˜PyUnicode_DecodeUTF8â€™ differ in signedness [-Wpointer-sign]
    /3.5-dev/include/python3.5m/unicodeobject.h:1276:23: note: expected â€˜const char *â€™ but argument is of type â€˜yaml_char_t *â€™
    ext/_yaml.c:7031:7: warning: pointer targets in passing argument 1 of â€˜PyUnicode_FromStringâ€™ differ in signedness [-Wpointer-sign]
    /3.5-dev/include/python3.5m/unicodeobject.h:718:23: note: expected â€˜const char *â€™ but argument is of type â€˜yaml_char_t *â€™
    ext/_yaml.c:7066:7: warning: pointer targets in passing argument 1 of â€˜PyUnicode_FromStringâ€™ differ in signedness [-Wpointer-sign]
    /3.5-dev/include/python3.5m/unicodeobject.h:718:23: note: expected â€˜const char *â€™ but argument is of type â€˜yaml_char_t *â€™
    ext/_yaml.c:7253:7: warning: pointer targets in passing argument 1 of â€˜PyUnicode_FromStringâ€™ differ in signedness [-Wpointer-sign]
    /3.5-dev/include/python3.5m/unicodeobject.h:718:23: note: expected â€˜const char *â€™ but argument is of type â€˜yaml_char_t *â€™
    ext/_yaml.c:7288:7: warning: pointer targets in passing argument 1 of â€˜PyUnicode_FromStringâ€™ differ in signedness [-Wpointer-sign]
    /3.5-dev/include/python3.5m/unicodeobject.h:718:23: note: expected â€˜const char *â€™ but argument is of type â€˜yaml_char_t *â€™
    ext/_yaml.c: In function â€˜__pyx_f_5_yaml_7CParser__compose_nodeâ€™:
    ext/_yaml.c:8704:5: warning: pointer targets in passing argument 1 of â€˜PyUnicode_FromStringâ€™ differ in signedness [-Wpointer-sign]
    /3.5-dev/include/python3.5m/unicodeobject.h:718:23: note: expected â€˜const char *â€™ but argument is of type â€˜yaml_char_t *â€™
    ext/_yaml.c:8924:5: warning: pointer targets in passing argument 1 of â€˜PyUnicode_FromStringâ€™ differ in signedness [-Wpointer-sign]
    /3.5-dev/include/python3.5m/unicodeobject.h:718:23: note: expected â€˜const char *â€™ but argument is of type â€˜yaml_char_t *â€™
    ext/_yaml.c:8962:5: warning: pointer targets in passing argument 1 of â€˜PyUnicode_FromStringâ€™ differ in signedness [-Wpointer-sign]
    /3.5-dev/include/python3.5m/unicodeobject.h:718:23: note: expected â€˜const char *â€™ but argument is of type â€˜yaml_char_t *â€™
    ext/_yaml.c:9000:5: warning: pointer targets in passing argument 1 of â€˜PyUnicode_FromStringâ€™ differ in signedness [-Wpointer-sign]
    /3.5-dev/include/python3.5m/unicodeobject.h:718:23: note: expected â€˜const char *â€™ but argument is of type â€˜yaml_char_t *â€™
    ext/_yaml.c: In function â€˜__pyx_f_5_yaml_7CParser__compose_scalar_nodeâ€™:
    ext/_yaml.c:9532:3: warning: pointer targets in passing argument 1 of â€˜PyUnicode_DecodeUTF8â€™ differ in signedness [-Wpointer-sign]
    /3.5-dev/include/python3.5m/unicodeobject.h:1276:23: note: expected â€˜const char *â€™ but argument is of type â€˜yaml_char_t *â€™
    ext/_yaml.c:9688:5: warning: pointer targets in passing argument 1 of â€˜PyUnicode_FromStringâ€™ differ in signedness [-Wpointer-sign]
    /3.5-dev/include/python3.5m/unicodeobject.h:718:23: note: expected â€˜const char *â€™ but argument is of type â€˜yaml_char_t *â€™
    ext/_yaml.c: In function â€˜__pyx_f_5_yaml_7CParser__compose_sequence_nodeâ€™:
    ext/_yaml.c:10128:5: warning: pointer targets in passing argument 1 of â€˜PyUnicode_FromStringâ€™ differ in signedness [-Wpointer-sign]
    /3.5-dev/include/python3.5m/unicodeobject.h:718:23: note: expected â€˜const char *â€™ but argument is of type â€˜yaml_char_t *â€™
    ext/_yaml.c: In function â€˜__pyx_f_5_yaml_7CParser__compose_mapping_nodeâ€™:
    ext/_yaml.c:10654:5: warning: pointer targets in passing argument 1 of â€˜PyUnicode_FromStringâ€™ differ in signedness [-Wpointer-sign]
    /3.5-dev/include/python3.5m/unicodeobject.h:718:23: note: expected â€˜const char *â€™ but argument is of type â€˜yaml_char_t *â€™
    ext/_yaml.c: In function â€˜__pyx_pf_5_yaml_8CEmitter___init__â€™:
    ext/_yaml.c:11721:3: warning: passing argument 2 of â€˜yaml_emitter_set_outputâ€™ from incompatible pointer type [enabled by default]
    /usr/include/yaml.h:1829:1: note: expected â€˜int (*)(void *, unsigned char *, size_t)â€™ but argument is of type â€˜int (*)(void *, char *, int)â€™
    ext/_yaml.c: In function â€˜__pyx_f_5_yaml_8CEmitter__object_to_eventâ€™:
    ext/_yaml.c:12898:44: warning: pointer targets in assignment differ in signedness [-Wpointer-sign]
    ext/_yaml.c:12991:44: warning: pointer targets in assignment differ in signedness [-Wpointer-sign]
    ext/_yaml.c:13248:5: warning: pointer targets in passing argument 2 of â€˜yaml_alias_event_initializeâ€™ differ in signedness [-Wpointer-sign]
    /usr/include/yaml.h:553:1: note: expected â€˜yaml_char_t *â€™ but argument is of type â€˜char *â€™
    ext/_yaml.c:13824:5: warning: pointer targets in passing argument 2 of â€˜yaml_scalar_event_initializeâ€™ differ in signedness [-Wpointer-sign]
    /usr/include/yaml.h:578:1: note: expected â€˜yaml_char_t *â€™ but argument is of type â€˜char *â€™
    ext/_yaml.c:13824:5: warning: pointer targets in passing argument 3 of â€˜yaml_scalar_event_initializeâ€™ differ in signedness [-Wpointer-sign]
    /usr/include/yaml.h:578:1: note: expected â€˜yaml_char_t *â€™ but argument is of type â€˜char *â€™
    ext/_yaml.c:13824:5: warning: pointer targets in passing argument 4 of â€˜yaml_scalar_event_initializeâ€™ differ in signedness [-Wpointer-sign]
    /usr/include/yaml.h:578:1: note: expected â€˜yaml_char_t *â€™ but argument is of type â€˜char *â€™
    ext/_yaml.c:14166:5: warning: pointer targets in passing argument 2 of â€˜yaml_sequence_start_event_initializeâ€™ differ in signedness [-Wpointer-sign]
    /usr/include/yaml.h:601:1: note: expected â€˜yaml_char_t *â€™ but argument is of type â€˜char *â€™
    ext/_yaml.c:14166:5: warning: pointer targets in passing argument 3 of â€˜yaml_sequence_start_event_initializeâ€™ differ in signedness [-Wpointer-sign]
    /usr/include/yaml.h:601:1: note: expected â€˜yaml_char_t *â€™ but argument is of type â€˜char *â€™
    ext/_yaml.c:14508:5: warning: pointer targets in passing argument 2 of â€˜yaml_mapping_start_event_initializeâ€™ differ in signedness [-Wpointer-sign]
    /usr/include/yaml.h:633:1: note: expected â€˜yaml_char_t *â€™ but argument is of type â€˜char *â€™
    ext/_yaml.c:14508:5: warning: pointer targets in passing argument 3 of â€˜yaml_mapping_start_event_initializeâ€™ differ in signedness [-Wpointer-sign]
    /usr/include/yaml.h:633:1: note: expected â€˜yaml_char_t *â€™ but argument is of type â€˜char *â€™
    ext/_yaml.c: In function â€˜__pyx_pf_5_yaml_8CEmitter_12serializeâ€™:
    ext/_yaml.c:15784:42: warning: pointer targets in assignment differ in signedness [-Wpointer-sign]
    ext/_yaml.c:15877:42: warning: pointer targets in assignment differ in signedness [-Wpointer-sign]
    ext/_yaml.c: In function â€˜__pyx_f_5_yaml_8CEmitter__serialize_nodeâ€™:
    ext/_yaml.c:16616:5: warning: pointer targets in passing argument 2 of â€˜yaml_alias_event_initializeâ€™ differ in signedness [-Wpointer-sign]
    /usr/include/yaml.h:553:1: note: expected â€˜yaml_char_t *â€™ but argument is of type â€˜char *â€™
    ext/_yaml.c:17195:7: warning: pointer targets in passing argument 2 of â€˜yaml_scalar_event_initializeâ€™ differ in signedness [-Wpointer-sign]
    /usr/include/yaml.h:578:1: note: expected â€˜yaml_char_t *â€™ but argument is of type â€˜char *â€™
    ext/_yaml.c:17195:7: warning: pointer targets in passing argument 3 of â€˜yaml_scalar_event_initializeâ€™ differ in signedness [-Wpointer-sign]
    /usr/include/yaml.h:578:1: note: expected â€˜yaml_char_t *â€™ but argument is of type â€˜char *â€™
    ext/_yaml.c:17195:7: warning: pointer targets in passing argument 4 of â€˜yaml_scalar_event_initializeâ€™ differ in signedness [-Wpointer-sign]
    /usr/include/yaml.h:578:1: note: expected â€˜yaml_char_t *â€™ but argument is of type â€˜char *â€™
    ext/_yaml.c:17473:7: warning: pointer targets in passing argument 2 of â€˜yaml_sequence_start_event_initializeâ€™ differ in signedness [-Wpointer-sign]
    /usr/include/yaml.h:601:1: note: expected â€˜yaml_char_t *â€™ but argument is of type â€˜char *â€™
    ext/_yaml.c:17473:7: warning: pointer targets in passing argument 3 of â€˜yaml_sequence_start_event_initializeâ€™ differ in signedness [-Wpointer-sign]
    /usr/include/yaml.h:601:1: note: expected â€˜yaml_char_t *â€™ but argument is of type â€˜char *â€™
    ext/_yaml.c:17874:7: warning: pointer targets in passing argument 2 of â€˜yaml_mapping_start_event_initializeâ€™ differ in signedness [-Wpointer-sign]
    /usr/include/yaml.h:633:1: note: expected â€˜yaml_char_t *â€™ but argument is of type â€˜char *â€™
    ext/_yaml.c:17874:7: warning: pointer targets in passing argument 3 of â€˜yaml_mapping_start_event_initializeâ€™ differ in signedness [-Wpointer-sign]
    /usr/include/yaml.h:633:1: note: expected â€˜yaml_char_t *â€™ but argument is of type â€˜char *â€™
    gcc -pthread -shared -L/3.5-dev/lib build/temp.linux-x86_64-3.5/ext/_yaml.o -lyaml -o build/lib.linux-x86_64-3.5/_yaml.cpython-35m-x86_64-linux-gnu.so
  Running setup.py install for coveralls
    Installing coveralls script to /home/travis/virtualenv/python3.5-dev/bin
Successfully installed PyYAML-3.11 coverage-3.7.1 coveralls-0.5 docopt-0.6.2 requests-2.7.0
travis_time:end:012b5d88:start=1439842194186161333,finish=1439842205848177518,duration=11662016185[0Ktravis_fold:end:install.2[0Ktravis_fold:start:install.3[0Ktravis_time:start:20d2d700[0K$ pip install twine
[33mYou are using pip version 6.0.7, however version 7.1.0 is available.
You should consider upgrading via the 'pip install --upgrade pip' command.[0m
Collecting twine
  Downloading twine-1.5.0-py2.py3-none-any.whl
Collecting pkginfo (from twine)
  Downloading pkginfo-1.2.1.tar.gz
Requirement already satisfied (use --upgrade to upgrade): requests in /home/travis/virtualenv/python3.5-dev/lib/python3.5/site-packages (from twine)
Installing collected packages: pkginfo, twine
  Running setup.py install for pkginfo
    Installing pkginfo script to /home/travis/virtualenv/python3.5-dev/bin

Successfully installed pkginfo-1.2.1 twine-1.5.0
travis_time:end:20d2d700:start=1439842205853223921,finish=1439842207625787134,duration=1772563213[0Ktravis_fold:end:install.3[0Ktravis_time:start:022e8590[0K$ coverage run --source=appier setup.py test
running test
running egg_info
creating src/appier.egg-info
writing dependency_links to src/appier.egg-info/dependency_links.txt
writing top-level names to src/appier.egg-info/top_level.txt
writing src/appier.egg-info/PKG-INFO
writing manifest file 'src/appier.egg-info/SOURCES.txt'
reading manifest file 'src/appier.egg-info/SOURCES.txt'
reading manifest template 'MANIFEST.in'
writing manifest file 'src/appier.egg-info/SOURCES.txt'
running build_ext
test_memory (appier.test.cache.CacheTest) ... ok
test_basic (appier.test.model.ModelTest) ... ERROR
test_mock (appier.test.request.RequestTest) ... ok
test_expire (appier.test.session.SessionTest) ... ok
test_file (appier.test.session.SessionTest) ... ok
test_memory (appier.test.session.SessionTest) ... ok
test_plain (appier.test.smtp.SmtpTest) ... ok
test_order (appier.test.structures.OrderedDictTest) ... ok
test_email_mime (appier.test.util.UtilTest) ... ok
test_email_parts (appier.test.util.UtilTest) ... ok

======================================================================
ERROR: test_basic (appier.test.model.ModelTest)
----------------------------------------------------------------------
Traceback (most recent call last):
  File "/home/travis/build/hivesolutions/appier/src/appier/test/model.py", line 47, in test_basic
    person = mock.Person()
  File "/home/travis/build/hivesolutions/appier/src/appier/model.py", line 218, in __new__
    instance = super(Model, cls).__new__(*args, **kwargs)
TypeError: object.__new__(): not enough arguments

----------------------------------------------------------------------
Ran 10 tests in 0.033s

FAILED (errors=1)
travis_time:end:022e8590:start=1439842207630349279,finish=1439842208322194265,duration=691844986[0K
[31;1mThe command "coverage run --source=appier setup.py test" exited with 1.[0m

Done. Your build exited with 1.
