travis_fold:start:worker_info[0K[33;1mWorker information[0m
hostname: i-0ae0c15-precise-production-2-worker-org-docker.travisci.net:e2b83cf4-433f-4ac4-92fe-419612604994
version: v2.5.0-8-g19ea9c2 https://github.com/travis-ci/worker/tree/19ea9c20425c78100500c7cc935892b47024922c
instance: 81de48e:travis:python
startup: 627.60813ms
travis_fold:end:worker_info[0Ktravis_fold:start:system_info[0K[33;1mBuild system information[0m
Build language: python
Build group: stable
Build dist: precise
Build id: 193169603
Job id: 193169606
travis-build version: 401a05f3f
[34m[1mBuild image provisioning date and time[0m
Thu Feb  5 15:09:33 UTC 2015
[34m[1mOperating System Details[0m
Distributor ID:	Ubuntu
Description:	Ubuntu 12.04.5 LTS
Release:	12.04
Codename:	precise
[34m[1mLinux Version[0m
3.13.0-29-generic
[34m[1mCookbooks Version[0m
a68419e https://github.com/travis-ci/travis-cookbooks/tree/a68419e
[34m[1mGCC version[0m
gcc (Ubuntu/Linaro 4.6.3-1ubuntu5) 4.6.3
Copyright (C) 2011 Free Software Foundation, Inc.
This is free software; see the source for copying conditions.  There is NO
warranty; not even for MERCHANTABILITY or FITNESS FOR A PARTICULAR PURPOSE.

[34m[1mLLVM version[0m
clang version 3.4 (tags/RELEASE_34/final)
Target: x86_64-unknown-linux-gnu
Thread model: posix
[34m[1mPre-installed Ruby versions[0m
ruby-1.9.3-p551
[34m[1mPre-installed Node.js versions[0m
v0.10.36
[34m[1mPre-installed Go versions[0m
1.4.1
[34m[1mRedis version[0m
redis-server 2.8.19
[34m[1mriak version[0m
2.0.2
[34m[1mMongoDB version[0m
MongoDB 2.4.12
[34m[1mCouchDB version[0m
couchdb 1.6.1
[34m[1mNeo4j version[0m
1.9.4
[34m[1mRabbitMQ Version[0m
3.4.3
[34m[1mElasticSearch version[0m
1.4.0
[34m[1mInstalled Sphinx versions[0m
2.0.10
2.1.9
2.2.6
[34m[1mDefault Sphinx version[0m
2.2.6
[34m[1mInstalled Firefox version[0m
firefox 31.0esr
[34m[1mPhantomJS version[0m
1.9.8
[34m[1mant -version[0m
Apache Ant(TM) version 1.8.2 compiled on December 3 2011
[34m[1mmvn -version[0m
Apache Maven 3.2.5 (12a6b3acb947671f09b81f49094c53f426d8cea1; 2014-12-14T17:29:23+00:00)
Maven home: /usr/local/maven
Java version: 1.7.0_76, vendor: Oracle Corporation
Java home: /usr/lib/jvm/java-7-oracle/jre
Default locale: en_US, platform encoding: ANSI_X3.4-1968
OS name: "linux", version: "3.13.0-29-generic", arch: "amd64", family: "unix"
travis_fold:end:system_info[0K
travis_fold:start:fix.CVE-2015-7547[0K$ export DEBIAN_FRONTEND=noninteractive
W: Size of file /var/lib/apt/lists/security.ubuntu.com_ubuntu_dists_precise-security_restricted_binary-amd64_Packages.gz is not what the server reported 13782 14904
W: Size of file /var/lib/apt/lists/security.ubuntu.com_ubuntu_dists_precise-security_restricted_binary-i386_Packages.gz is not what the server reported 13762 14885
W: Size of file /var/lib/apt/lists/us.archive.ubuntu.com_ubuntu_dists_precise-updates_restricted_binary-amd64_Packages.gz is not what the server reported 19578 20785
W: Size of file /var/lib/apt/lists/us.archive.ubuntu.com_ubuntu_dists_precise-updates_restricted_binary-i386_Packages.gz is not what the server reported 19540 20707
W: Size of file /var/lib/apt/lists/us.archive.ubuntu.com_ubuntu_dists_precise-backports_multiverse_source_Sources.gz is not what the server reported 5886 5888
W: Size of file /var/lib/apt/lists/ppa.launchpad.net_travis-ci_zero-mq_ubuntu_dists_precise_main_binary-amd64_Packages.gz is not what the server reported 832 1195
W: Size of file /var/lib/apt/lists/ppa.launchpad.net_ubuntugis_ppa_ubuntu_dists_precise_main_binary-amd64_Packages.gz is not what the server reported 33653 36677
W: Size of file /var/lib/apt/lists/ppa.launchpad.net_ubuntugis_ppa_ubuntu_dists_precise_main_binary-i386_Packages.gz is not what the server reported 33699 36733
Reading package lists...
Building dependency tree...
Reading state information...
The following extra packages will be installed:
  libc-bin libc-dev-bin libc6-dev
Suggested packages:
  glibc-doc
The following packages will be upgraded:
  libc-bin libc-dev-bin libc6 libc6-dev
4 upgraded, 0 newly installed, 0 to remove and 254 not upgraded.
Need to get 8,840 kB of archives.
After this operation, 14.3 kB disk space will be freed.
Get:1 http://us.archive.ubuntu.com/ubuntu/ precise-updates/main libc6-dev amd64 2.15-0ubuntu10.15 [2,943 kB]
Get:2 http://us.archive.ubuntu.com/ubuntu/ precise-updates/main libc-dev-bin amd64 2.15-0ubuntu10.15 [84.7 kB]
Get:3 http://us.archive.ubuntu.com/ubuntu/ precise-updates/main libc-bin amd64 2.15-0ubuntu10.15 [1,177 kB]
Get:4 http://us.archive.ubuntu.com/ubuntu/ precise-updates/main libc6 amd64 2.15-0ubuntu10.15 [4,636 kB]
Fetched 8,840 kB in 0s (9,804 kB/s)
Preconfiguring packages ...
(Reading database ... (Reading database ... 5%(Reading database ... 10%(Reading database ... 15%(Reading database ... 20%(Reading database ... 25%(Reading database ... 30%(Reading database ... 35%(Reading database ... 40%(Reading database ... 45%(Reading database ... 50%(Reading database ... 55%(Reading database ... 60%(Reading database ... 65%(Reading database ... 70%(Reading database ... 75%(Reading database ... 80%(Reading database ... 85%(Reading database ... 90%(Reading database ... 95%(Reading database ... 100%(Reading database ... 72431 files and directories currently installed.)
Preparing to replace libc6-dev 2.15-0ubuntu10.10 (using .../libc6-dev_2.15-0ubuntu10.15_amd64.deb) ...
Unpacking replacement libc6-dev ...
Preparing to replace libc-dev-bin 2.15-0ubuntu10.10 (using .../libc-dev-bin_2.15-0ubuntu10.15_amd64.deb) ...
Unpacking replacement libc-dev-bin ...
Preparing to replace libc-bin 2.15-0ubuntu10.10 (using .../libc-bin_2.15-0ubuntu10.15_amd64.deb) ...
Unpacking replacement libc-bin ...
Processing triggers for man-db ...
Setting up libc-bin (2.15-0ubuntu10.15) ...
(Reading database ... (Reading database ... 5%(Reading database ... 10%(Reading database ... 15%(Reading database ... 20%(Reading database ... 25%(Reading database ... 30%(Reading database ... 35%(Reading database ... 40%(Reading database ... 45%(Reading database ... 50%(Reading database ... 55%(Reading database ... 60%(Reading database ... 65%(Reading database ... 70%(Reading database ... 75%(Reading database ... 80%(Reading database ... 85%(Reading database ... 90%(Reading database ... 95%(Reading database ... 100%(Reading database ... 72430 files and directories currently installed.)
Preparing to replace libc6 2.15-0ubuntu10.10 (using .../libc6_2.15-0ubuntu10.15_amd64.deb) ...
Unpacking replacement libc6 ...
Setting up libc6 (2.15-0ubuntu10.15) ...
Setting up libc-dev-bin (2.15-0ubuntu10.15) ...
Setting up libc6-dev (2.15-0ubuntu10.15) ...
Processing triggers for libc-bin ...
ldconfig deferred processing now taking place
travis_fold:end:fix.CVE-2015-7547[0K[33;1m3.5 is not installed; attempting download[0m
travis_fold:start:git.checkout[0Ktravis_time:start:0b77bca2[0K$ git clone --depth=50 --branch=develop https://github.com/jacebrowning/doorstop.git jacebrowning/doorstop
Cloning into 'jacebrowning/doorstop'...
remote: Counting objects: 2581, done.[K
remote: Compressing objects:   0% (1/1124)   [Kremote: Compressing objects:   1% (12/1124)   [Kremote: Compressing objects:   2% (23/1124)   [Kremote: Compressing objects:   3% (34/1124)   [Kremote: Compressing objects:   4% (45/1124)   [Kremote: Compressing objects:   5% (57/1124)   [Kremote: Compressing objects:   6% (68/1124)   [Kremote: Compressing objects:   7% (79/1124)   [Kremote: Compressing objects:   8% (90/1124)   [Kremote: Compressing objects:   9% (102/1124)   [Kremote: Compressing objects:  10% (113/1124)   [Kremote: Compressing objects:  11% (124/1124)   [Kremote: Compressing objects:  12% (135/1124)   [Kremote: Compressing objects:  13% (147/1124)   [Kremote: Compressing objects:  14% (158/1124)   [Kremote: Compressing objects:  15% (169/1124)   [Kremote: Compressing objects:  16% (180/1124)   [Kremote: Compressing objects:  17% (192/1124)   [Kremote: Compressing objects:  18% (203/1124)   [Kremote: Compressing objects:  19% (214/1124)   [Kremote: Compressing objects:  20% (225/1124)   [Kremote: Compressing objects:  21% (237/1124)   [Kremote: Compressing objects:  22% (248/1124)   [Kremote: Compressing objects:  23% (259/1124)   [Kremote: Compressing objects:  24% (270/1124)   [Kremote: Compressing objects:  25% (281/1124)   [Kremote: Compressing objects:  26% (293/1124)   [Kremote: Compressing objects:  27% (304/1124)   [Kremote: Compressing objects:  28% (315/1124)   [Kremote: Compressing objects:  29% (326/1124)   [Kremote: Compressing objects:  30% (338/1124)   [Kremote: Compressing objects:  31% (349/1124)   [Kremote: Compressing objects:  32% (360/1124)   [Kremote: Compressing objects:  33% (371/1124)   [Kremote: Compressing objects:  34% (383/1124)   [Kremote: Compressing objects:  35% (394/1124)   [Kremote: Compressing objects:  36% (405/1124)   [Kremote: Compressing objects:  37% (416/1124)   [Kremote: Compressing objects:  38% (428/1124)   [Kremote: Compressing objects:  39% (439/1124)   [Kremote: Compressing objects:  40% (450/1124)   [Kremote: Compressing objects:  41% (461/1124)   [Kremote: Compressing objects:  42% (473/1124)   [Kremote: Compressing objects:  43% (484/1124)   [Kremote: Compressing objects:  44% (495/1124)   [Kremote: Compressing objects:  45% (506/1124)   [Kremote: Compressing objects:  46% (518/1124)   [Kremote: Compressing objects:  47% (529/1124)   [Kremote: Compressing objects:  48% (540/1124)   [Kremote: Compressing objects:  49% (551/1124)   [Kremote: Compressing objects:  50% (562/1124)   [Kremote: Compressing objects:  51% (574/1124)   [Kremote: Compressing objects:  52% (585/1124)   [Kremote: Compressing objects:  53% (596/1124)   [Kremote: Compressing objects:  54% (607/1124)   [Kremote: Compressing objects:  55% (619/1124)   [Kremote: Compressing objects:  56% (630/1124)   [Kremote: Compressing objects:  57% (641/1124)   [Kremote: Compressing objects:  58% (652/1124)   [Kremote: Compressing objects:  59% (664/1124)   [Kremote: Compressing objects:  60% (675/1124)   [Kremote: Compressing objects:  61% (686/1124)   [Kremote: Compressing objects:  62% (697/1124)   [Kremote: Compressing objects:  63% (709/1124)   [Kremote: Compressing objects:  64% (720/1124)   [Kremote: Compressing objects:  65% (731/1124)   [Kremote: Compressing objects:  66% (742/1124)   [Kremote: Compressing objects:  67% (754/1124)   [Kremote: Compressing objects:  68% (765/1124)   [Kremote: Compressing objects:  69% (776/1124)   [Kremote: Compressing objects:  70% (787/1124)   [Kremote: Compressing objects:  71% (799/1124)   [Kremote: Compressing objects:  72% (810/1124)   [Kremote: Compressing objects:  73% (821/1124)   [Kremote: Compressing objects:  74% (832/1124)   [Kremote: Compressing objects:  75% (843/1124)   [Kremote: Compressing objects:  76% (855/1124)   [Kremote: Compressing objects:  77% (866/1124)   [Kremote: Compressing objects:  78% (877/1124)   [Kremote: Compressing objects:  79% (888/1124)   [Kremote: Compressing objects:  80% (900/1124)   [Kremote: Compressing objects:  81% (911/1124)   [Kremote: Compressing objects:  82% (922/1124)   [Kremote: Compressing objects:  83% (933/1124)   [Kremote: Compressing objects:  84% (945/1124)   [Kremote: Compressing objects:  85% (956/1124)   [Kremote: Compressing objects:  86% (967/1124)   [Kremote: Compressing objects:  87% (978/1124)   [Kremote: Compressing objects:  88% (990/1124)   [Kremote: Compressing objects:  89% (1001/1124)   [Kremote: Compressing objects:  90% (1012/1124)   [Kremote: Compressing objects:  91% (1023/1124)   [Kremote: Compressing objects:  92% (1035/1124)   [Kremote: Compressing objects:  93% (1046/1124)   [Kremote: Compressing objects:  94% (1057/1124)   [Kremote: Compressing objects:  95% (1068/1124)   [Kremote: Compressing objects:  96% (1080/1124)   [Kremote: Compressing objects:  97% (1091/1124)   [Kremote: Compressing objects:  98% (1102/1124)   [Kremote: Compressing objects:  99% (1113/1124)   [Kremote: Compressing objects: 100% (1124/1124)   [Kremote: Compressing objects: 100% (1124/1124), done.[K
Receiving objects:   0% (1/2581)   Receiving objects:   1% (26/2581)   Receiving objects:   2% (52/2581)   Receiving objects:   3% (78/2581)   Receiving objects:   4% (104/2581)   Receiving objects:   5% (130/2581)   Receiving objects:   6% (155/2581)   Receiving objects:   7% (181/2581)   Receiving objects:   8% (207/2581)   Receiving objects:   9% (233/2581)   Receiving objects:  10% (259/2581)   Receiving objects:  11% (284/2581)   Receiving objects:  12% (310/2581)   Receiving objects:  13% (336/2581)   Receiving objects:  14% (362/2581)   Receiving objects:  15% (388/2581)   Receiving objects:  16% (413/2581)   Receiving objects:  17% (439/2581)   Receiving objects:  18% (465/2581)   Receiving objects:  19% (491/2581)   Receiving objects:  20% (517/2581)   Receiving objects:  21% (543/2581)   Receiving objects:  22% (568/2581)   Receiving objects:  23% (594/2581)   Receiving objects:  24% (620/2581)   Receiving objects:  25% (646/2581)   Receiving objects:  26% (672/2581)   Receiving objects:  27% (697/2581)   Receiving objects:  28% (723/2581)   Receiving objects:  29% (749/2581)   Receiving objects:  30% (775/2581)   Receiving objects:  31% (801/2581)   Receiving objects:  32% (826/2581)   Receiving objects:  33% (852/2581)   Receiving objects:  34% (878/2581)   Receiving objects:  35% (904/2581)   Receiving objects:  36% (930/2581)   Receiving objects:  37% (955/2581)   Receiving objects:  38% (981/2581)   Receiving objects:  39% (1007/2581)   Receiving objects:  40% (1033/2581)   Receiving objects:  41% (1059/2581)   Receiving objects:  42% (1085/2581)   Receiving objects:  43% (1110/2581)   Receiving objects:  44% (1136/2581)   Receiving objects:  45% (1162/2581)   Receiving objects:  46% (1188/2581)   Receiving objects:  47% (1214/2581)   Receiving objects:  48% (1239/2581)   Receiving objects:  49% (1265/2581)   Receiving objects:  50% (1291/2581)   Receiving objects:  51% (1317/2581)   Receiving objects:  52% (1343/2581)   Receiving objects:  53% (1368/2581)   Receiving objects:  54% (1394/2581)   Receiving objects:  55% (1420/2581)   Receiving objects:  56% (1446/2581)   Receiving objects:  57% (1472/2581)   Receiving objects:  58% (1497/2581)   Receiving objects:  59% (1523/2581)   Receiving objects:  60% (1549/2581)   Receiving objects:  61% (1575/2581)   Receiving objects:  62% (1601/2581)   Receiving objects:  63% (1627/2581)   Receiving objects:  64% (1652/2581)   Receiving objects:  65% (1678/2581)   Receiving objects:  66% (1704/2581)   Receiving objects:  67% (1730/2581)   Receiving objects:  68% (1756/2581)   Receiving objects:  69% (1781/2581)   Receiving objects:  70% (1807/2581)   Receiving objects:  71% (1833/2581)   Receiving objects:  72% (1859/2581)   Receiving objects:  73% (1885/2581)   Receiving objects:  74% (1910/2581)   Receiving objects:  75% (1936/2581)   Receiving objects:  76% (1962/2581)   Receiving objects:  77% (1988/2581)   Receiving objects:  78% (2014/2581)   Receiving objects:  79% (2039/2581)   Receiving objects:  80% (2065/2581)   Receiving objects:  81% (2091/2581)   Receiving objects:  82% (2117/2581)   Receiving objects:  83% (2143/2581)   Receiving objects:  84% (2169/2581)   Receiving objects:  85% (2194/2581)   Receiving objects:  86% (2220/2581)   Receiving objects:  87% (2246/2581)   Receiving objects:  88% (2272/2581)   Receiving objects:  89% (2298/2581)   Receiving objects:  90% (2323/2581)   remote: Total 2581 (delta 1850), reused 2088 (delta 1417), pack-reused 0[K
Receiving objects:  91% (2349/2581)   Receiving objects:  92% (2375/2581)   Receiving objects:  93% (2401/2581)   Receiving objects:  94% (2427/2581)   Receiving objects:  95% (2452/2581)   Receiving objects:  96% (2478/2581)   Receiving objects:  97% (2504/2581)   Receiving objects:  98% (2530/2581)   Receiving objects:  99% (2556/2581)   Receiving objects: 100% (2581/2581)   Receiving objects: 100% (2581/2581), 1.05 MiB | 0 bytes/s, done.
Resolving deltas:   0% (0/1850)   Resolving deltas:   1% (22/1850)   Resolving deltas:   2% (47/1850)   Resolving deltas:   3% (56/1850)   Resolving deltas:   4% (74/1850)   Resolving deltas:   5% (106/1850)   Resolving deltas:   6% (116/1850)   Resolving deltas:   7% (133/1850)   Resolving deltas:   8% (153/1850)   Resolving deltas:   9% (175/1850)   Resolving deltas:  10% (187/1850)   Resolving deltas:  11% (205/1850)   Resolving deltas:  12% (222/1850)   Resolving deltas:  13% (252/1850)   Resolving deltas:  15% (280/1850)   Resolving deltas:  17% (328/1850)   Resolving deltas:  19% (357/1850)   Resolving deltas:  20% (379/1850)   Resolving deltas:  21% (389/1850)   Resolving deltas:  22% (408/1850)   Resolving deltas:  25% (474/1850)   Resolving deltas:  26% (481/1850)   Resolving deltas:  27% (503/1850)   Resolving deltas:  28% (524/1850)   Resolving deltas:  36% (669/1850)   Resolving deltas:  37% (695/1850)   Resolving deltas:  38% (703/1850)   Resolving deltas:  39% (731/1850)   Resolving deltas:  40% (741/1850)   Resolving deltas:  41% (760/1850)   Resolving deltas:  42% (786/1850)   Resolving deltas:  43% (813/1850)   Resolving deltas:  44% (817/1850)   Resolving deltas:  45% (833/1850)   Resolving deltas:  47% (871/1850)   Resolving deltas:  49% (910/1850)   Resolving deltas:  50% (932/1850)   Resolving deltas:  51% (959/1850)   Resolving deltas:  52% (967/1850)   Resolving deltas:  54% (1000/1850)   Resolving deltas:  55% (1030/1850)   Resolving deltas:  56% (1043/1850)   Resolving deltas:  57% (1058/1850)   Resolving deltas:  58% (1082/1850)   Resolving deltas:  59% (1092/1850)   Resolving deltas:  60% (1126/1850)   Resolving deltas:  62% (1147/1850)   Resolving deltas:  63% (1169/1850)   Resolving deltas:  64% (1199/1850)   Resolving deltas:  66% (1221/1850)   Resolving deltas:  67% (1255/1850)   Resolving deltas:  68% (1260/1850)   Resolving deltas:  69% (1281/1850)   Resolving deltas:  70% (1298/1850)   Resolving deltas:  71% (1322/1850)   Resolving deltas:  72% (1340/1850)   Resolving deltas:  73% (1360/1850)   Resolving deltas:  74% (1376/1850)   Resolving deltas:  75% (1394/1850)   Resolving deltas:  77% (1431/1850)   Resolving deltas:  78% (1447/1850)   Resolving deltas:  79% (1463/1850)   Resolving deltas:  80% (1480/1850)   Resolving deltas:  82% (1528/1850)   Resolving deltas:  83% (1536/1850)   Resolving deltas:  84% (1555/1850)   Resolving deltas:  85% (1582/1850)   Resolving deltas:  86% (1601/1850)   Resolving deltas:  87% (1612/1850)   Resolving deltas:  88% (1641/1850)   Resolving deltas:  89% (1650/1850)   Resolving deltas:  90% (1673/1850)   Resolving deltas:  91% (1685/1850)   Resolving deltas:  92% (1704/1850)   Resolving deltas:  93% (1726/1850)   Resolving deltas:  94% (1739/1850)   Resolving deltas:  95% (1759/1850)   Resolving deltas:  96% (1780/1850)   Resolving deltas:  97% (1795/1850)   Resolving deltas:  98% (1815/1850)   Resolving deltas:  99% (1832/1850)   Resolving deltas: 100% (1850/1850)   Resolving deltas: 100% (1850/1850), done.
Checking connectivity... done.

travis_time:end:0b77bca2:start=1484770348203294970,finish=1484770348929700414,duration=726405444[0K$ cd jacebrowning/doorstop
$ git checkout -qf deb0760354be53163fbd2b8fdc982f49d6f65707
travis_fold:end:git.checkout[0K
[33;1mThis job is running on container-based infrastructure, which does not allow use of 'sudo', setuid and setguid executables.[0m
[33;1mIf you require sudo, add 'sudo: required' to your .travis.yml[0m
[33;1mSee https://docs.travis-ci.com/user/workers/container-based-infrastructure/ for details.[0m

[33;1mSetting environment variables from .travis.yml[0m
$ export GH_TOKEN=[secure]

travis_time:start:16205790[0K$ source ~/virtualenv/python3.5/bin/activate

travis_time:end:16205790:start=1484770354102223855,finish=1484770354106680658,duration=4456803[0K$ python --version
Python 3.5.2
$ pip --version
pip 9.0.1 from /home/travis/virtualenv/python3.5.2/lib/python3.5/site-packages (python 3.5)
travis_fold:start:install[0Ktravis_time:start:398c6c50[0K$ pip install coveralls scrutinizer-ocular
Collecting coveralls
  Downloading coveralls-1.1-py2.py3-none-any.whl
Collecting scrutinizer-ocular
  Downloading scrutinizer-ocular-1.0.3.tar.gz
Collecting coverage>=3.6 (from coveralls)
  Downloading coverage-4.3.4.tar.gz (361kB)
[?25l[K    2% |â–ˆ                               | 10kB 45.8MB/s eta 0:00:01[K    5% |â–ˆâ–‰                              | 20kB 37.5MB/s eta 0:00:01[K    8% |â–ˆâ–ˆâ–Š                             | 30kB 40.7MB/s eta 0:00:01[K    11% |â–ˆâ–ˆâ–ˆâ–‹                            | 40kB 40.2MB/s eta 0:00:01[K    14% |â–ˆâ–ˆâ–ˆâ–ˆâ–Œ                           | 51kB 26.1MB/s eta 0:00:01[K    16% |â–ˆâ–ˆâ–ˆâ–ˆâ–ˆâ–                          | 61kB 28.5MB/s eta 0:00:01[K    19% |â–ˆâ–ˆâ–ˆâ–ˆâ–ˆâ–ˆâ–                         | 71kB 21.1MB/s eta 0:00:01[K    22% |â–ˆâ–ˆâ–ˆâ–ˆâ–ˆâ–ˆâ–ˆâ–Ž                        | 81kB 19.3MB/s eta 0:00:01[K    25% |â–ˆâ–ˆâ–ˆâ–ˆâ–ˆâ–ˆâ–ˆâ–ˆâ–                       | 92kB 20.7MB/s eta 0:00:01[K    28% |â–ˆâ–ˆâ–ˆâ–ˆâ–ˆâ–ˆâ–ˆâ–ˆâ–ˆ                       | 102kB 20.4MB/s eta 0:00:01[K    31% |â–ˆâ–ˆâ–ˆâ–ˆâ–ˆâ–ˆâ–ˆâ–ˆâ–ˆâ–ˆ                      | 112kB 20.3MB/s eta 0:00:01[K    33% |â–ˆâ–ˆâ–ˆâ–ˆâ–ˆâ–ˆâ–ˆâ–ˆâ–ˆâ–ˆâ–‰                     | 122kB 19.9MB/s eta 0:00:01[K    36% |â–ˆâ–ˆâ–ˆâ–ˆâ–ˆâ–ˆâ–ˆâ–ˆâ–ˆâ–ˆâ–ˆâ–‰                    | 133kB 18.2MB/s eta 0:00:01[K    39% |â–ˆâ–ˆâ–ˆâ–ˆâ–ˆâ–ˆâ–ˆâ–ˆâ–ˆâ–ˆâ–ˆâ–ˆâ–Š                   | 143kB 18.5MB/s eta 0:00:01[K    42% |â–ˆâ–ˆâ–ˆâ–ˆâ–ˆâ–ˆâ–ˆâ–ˆâ–ˆâ–ˆâ–ˆâ–ˆâ–ˆâ–‹                  | 153kB 20.1MB/s eta 0:00:01[K    45% |â–ˆâ–ˆâ–ˆâ–ˆâ–ˆâ–ˆâ–ˆâ–ˆâ–ˆâ–ˆâ–ˆâ–ˆâ–ˆâ–ˆâ–Œ                 | 163kB 18.4MB/s eta 0:00:01[K    48% |â–ˆâ–ˆâ–ˆâ–ˆâ–ˆâ–ˆâ–ˆâ–ˆâ–ˆâ–ˆâ–ˆâ–ˆâ–ˆâ–ˆâ–ˆâ–                | 174kB 22.8MB/s eta 0:00:01[K    50% |â–ˆâ–ˆâ–ˆâ–ˆâ–ˆâ–ˆâ–ˆâ–ˆâ–ˆâ–ˆâ–ˆâ–ˆâ–ˆâ–ˆâ–ˆâ–ˆâ–Ž               | 184kB 26.1MB/s eta 0:00:01[K    53% |â–ˆâ–ˆâ–ˆâ–ˆâ–ˆâ–ˆâ–ˆâ–ˆâ–ˆâ–ˆâ–ˆâ–ˆâ–ˆâ–ˆâ–ˆâ–ˆâ–ˆâ–Ž              | 194kB 26.2MB/s eta 0:00:01[K    56% |â–ˆâ–ˆâ–ˆâ–ˆâ–ˆâ–ˆâ–ˆâ–ˆâ–ˆâ–ˆâ–ˆâ–ˆâ–ˆâ–ˆâ–ˆâ–ˆâ–ˆâ–ˆâ–             | 204kB 28.5MB/s eta 0:00:01[K    59% |â–ˆâ–ˆâ–ˆâ–ˆâ–ˆâ–ˆâ–ˆâ–ˆâ–ˆâ–ˆâ–ˆâ–ˆâ–ˆâ–ˆâ–ˆâ–ˆâ–ˆâ–ˆâ–ˆ             | 215kB 23.8MB/s eta 0:00:01[K    62% |â–ˆâ–ˆâ–ˆâ–ˆâ–ˆâ–ˆâ–ˆâ–ˆâ–ˆâ–ˆâ–ˆâ–ˆâ–ˆâ–ˆâ–ˆâ–ˆâ–ˆâ–ˆâ–ˆâ–ˆ            | 225kB 24.2MB/s eta 0:00:01[K    65% |â–ˆâ–ˆâ–ˆâ–ˆâ–ˆâ–ˆâ–ˆâ–ˆâ–ˆâ–ˆâ–ˆâ–ˆâ–ˆâ–ˆâ–ˆâ–ˆâ–ˆâ–ˆâ–ˆâ–ˆâ–‰           | 235kB 26.1MB/s eta 0:00:01[K    67% |â–ˆâ–ˆâ–ˆâ–ˆâ–ˆâ–ˆâ–ˆâ–ˆâ–ˆâ–ˆâ–ˆâ–ˆâ–ˆâ–ˆâ–ˆâ–ˆâ–ˆâ–ˆâ–ˆâ–ˆâ–ˆâ–Š          | 245kB 24.8MB/s eta 0:00:01[K    70% |â–ˆâ–ˆâ–ˆâ–ˆâ–ˆâ–ˆâ–ˆâ–ˆâ–ˆâ–ˆâ–ˆâ–ˆâ–ˆâ–ˆâ–ˆâ–ˆâ–ˆâ–ˆâ–ˆâ–ˆâ–ˆâ–ˆâ–‹         | 256kB 25.9MB/s eta 0:00:01[K    73% |â–ˆâ–ˆâ–ˆâ–ˆâ–ˆâ–ˆâ–ˆâ–ˆâ–ˆâ–ˆâ–ˆâ–ˆâ–ˆâ–ˆâ–ˆâ–ˆâ–ˆâ–ˆâ–ˆâ–ˆâ–ˆâ–ˆâ–ˆâ–‹        | 266kB 27.9MB/s eta 0:00:01[K    76% |â–ˆâ–ˆâ–ˆâ–ˆâ–ˆâ–ˆâ–ˆâ–ˆâ–ˆâ–ˆâ–ˆâ–ˆâ–ˆâ–ˆâ–ˆâ–ˆâ–ˆâ–ˆâ–ˆâ–ˆâ–ˆâ–ˆâ–ˆâ–ˆâ–Œ       | 276kB 27.1MB/s eta 0:00:01[K    79% |â–ˆâ–ˆâ–ˆâ–ˆâ–ˆâ–ˆâ–ˆâ–ˆâ–ˆâ–ˆâ–ˆâ–ˆâ–ˆâ–ˆâ–ˆâ–ˆâ–ˆâ–ˆâ–ˆâ–ˆâ–ˆâ–ˆâ–ˆâ–ˆâ–ˆâ–      | 286kB 26.3MB/s eta 0:00:01[K    82% |â–ˆâ–ˆâ–ˆâ–ˆâ–ˆâ–ˆâ–ˆâ–ˆâ–ˆâ–ˆâ–ˆâ–ˆâ–ˆâ–ˆâ–ˆâ–ˆâ–ˆâ–ˆâ–ˆâ–ˆâ–ˆâ–ˆâ–ˆâ–ˆâ–ˆâ–ˆâ–Ž     | 296kB 25.0MB/s eta 0:00:01[K    84% |â–ˆâ–ˆâ–ˆâ–ˆâ–ˆâ–ˆâ–ˆâ–ˆâ–ˆâ–ˆâ–ˆâ–ˆâ–ˆâ–ˆâ–ˆâ–ˆâ–ˆâ–ˆâ–ˆâ–ˆâ–ˆâ–ˆâ–ˆâ–ˆâ–ˆâ–ˆâ–ˆâ–    | 307kB 24.9MB/s eta 0:00:01[K    87% |â–ˆâ–ˆâ–ˆâ–ˆâ–ˆâ–ˆâ–ˆâ–ˆâ–ˆâ–ˆâ–ˆâ–ˆâ–ˆâ–ˆâ–ˆâ–ˆâ–ˆâ–ˆâ–ˆâ–ˆâ–ˆâ–ˆâ–ˆâ–ˆâ–ˆâ–ˆâ–ˆâ–ˆ    | 317kB 29.0MB/s eta 0:00:01[K    90% |â–ˆâ–ˆâ–ˆâ–ˆâ–ˆâ–ˆâ–ˆâ–ˆâ–ˆâ–ˆâ–ˆâ–ˆâ–ˆâ–ˆâ–ˆâ–ˆâ–ˆâ–ˆâ–ˆâ–ˆâ–ˆâ–ˆâ–ˆâ–ˆâ–ˆâ–ˆâ–ˆâ–ˆâ–ˆ   | 327kB 28.0MB/s eta 0:00:01[K    93% |â–ˆâ–ˆâ–ˆâ–ˆâ–ˆâ–ˆâ–ˆâ–ˆâ–ˆâ–ˆâ–ˆâ–ˆâ–ˆâ–ˆâ–ˆâ–ˆâ–ˆâ–ˆâ–ˆâ–ˆâ–ˆâ–ˆâ–ˆâ–ˆâ–ˆâ–ˆâ–ˆâ–ˆâ–ˆâ–ˆ  | 337kB 28.6MB/s eta 0:00:01[K    96% |â–ˆâ–ˆâ–ˆâ–ˆâ–ˆâ–ˆâ–ˆâ–ˆâ–ˆâ–ˆâ–ˆâ–ˆâ–ˆâ–ˆâ–ˆâ–ˆâ–ˆâ–ˆâ–ˆâ–ˆâ–ˆâ–ˆâ–ˆâ–ˆâ–ˆâ–ˆâ–ˆâ–ˆâ–ˆâ–ˆâ–‰ | 348kB 29.0MB/s eta 0:00:01[K    99% |â–ˆâ–ˆâ–ˆâ–ˆâ–ˆâ–ˆâ–ˆâ–ˆâ–ˆâ–ˆâ–ˆâ–ˆâ–ˆâ–ˆâ–ˆâ–ˆâ–ˆâ–ˆâ–ˆâ–ˆâ–ˆâ–ˆâ–ˆâ–ˆâ–ˆâ–ˆâ–ˆâ–ˆâ–ˆâ–ˆâ–ˆâ–Š| 358kB 29.2MB/s eta 0:00:01[K    100% |â–ˆâ–ˆâ–ˆâ–ˆâ–ˆâ–ˆâ–ˆâ–ˆâ–ˆâ–ˆâ–ˆâ–ˆâ–ˆâ–ˆâ–ˆâ–ˆâ–ˆâ–ˆâ–ˆâ–ˆâ–ˆâ–ˆâ–ˆâ–ˆâ–ˆâ–ˆâ–ˆâ–ˆâ–ˆâ–ˆâ–ˆâ–ˆ| 368kB 2.5MB/s 
[?25hCollecting requests>=1.0.0 (from coveralls)
  Downloading requests-2.12.5-py2.py3-none-any.whl (576kB)
[?25l[K    1% |â–‹                               | 10kB 34.5MB/s eta 0:00:01[K    3% |â–ˆâ–                              | 20kB 25.0MB/s eta 0:00:01[K    5% |â–ˆâ–Š                              | 30kB 30.3MB/s eta 0:00:01[K    7% |â–ˆâ–ˆâ–Ž                             | 40kB 22.4MB/s eta 0:00:01[K    8% |â–ˆâ–ˆâ–‰                             | 51kB 20.6MB/s eta 0:00:01[K    10% |â–ˆâ–ˆâ–ˆâ–                            | 61kB 22.0MB/s eta 0:00:01[K    12% |â–ˆâ–ˆâ–ˆâ–ˆ                            | 71kB 23.4MB/s eta 0:00:01[K    14% |â–ˆâ–ˆâ–ˆâ–ˆâ–Œ                           | 81kB 21.4MB/s eta 0:00:01[K    15% |â–ˆâ–ˆâ–ˆâ–ˆâ–ˆâ–                          | 92kB 23.0MB/s eta 0:00:01[K    17% |â–ˆâ–ˆâ–ˆâ–ˆâ–ˆâ–Š                          | 102kB 21.2MB/s eta 0:00:01[K    19% |â–ˆâ–ˆâ–ˆâ–ˆâ–ˆâ–ˆâ–Ž                         | 112kB 21.7MB/s eta 0:00:01[K    21% |â–ˆâ–ˆâ–ˆâ–ˆâ–ˆâ–ˆâ–‰                         | 122kB 23.1MB/s eta 0:00:01[K    23% |â–ˆâ–ˆâ–ˆâ–ˆâ–ˆâ–ˆâ–ˆâ–                        | 133kB 20.6MB/s eta 0:00:01[K    24% |â–ˆâ–ˆâ–ˆâ–ˆâ–ˆâ–ˆâ–ˆâ–ˆ                        | 143kB 23.5MB/s eta 0:00:01[K    26% |â–ˆâ–ˆâ–ˆâ–ˆâ–ˆâ–ˆâ–ˆâ–ˆâ–Œ                       | 153kB 25.8MB/s eta 0:00:01[K    28% |â–ˆâ–ˆâ–ˆâ–ˆâ–ˆâ–ˆâ–ˆâ–ˆâ–ˆ                       | 163kB 23.5MB/s eta 0:00:01[K    30% |â–ˆâ–ˆâ–ˆâ–ˆâ–ˆâ–ˆâ–ˆâ–ˆâ–ˆâ–‹                      | 174kB 23.9MB/s eta 0:00:01[K    31% |â–ˆâ–ˆâ–ˆâ–ˆâ–ˆâ–ˆâ–ˆâ–ˆâ–ˆâ–ˆâ–Ž                     | 184kB 25.5MB/s eta 0:00:01[K    33% |â–ˆâ–ˆâ–ˆâ–ˆï¿½ï¿½ï¿½â–ˆâ–ˆâ–ˆâ–ˆâ–ˆâ–‰                     | 194kB 24.9MB/s eta 0:00:01[K    35% |â–ˆâ–ˆâ–ˆâ–ˆâ–ˆâ–ˆâ–ˆâ–ˆâ–ˆâ–ˆâ–ˆâ–                    | 204kB 28.3MB/s eta 0:00:01[K    37% |â–ˆâ–ˆâ–ˆâ–ˆâ–ˆâ–ˆâ–ˆâ–ˆâ–ˆâ–ˆâ–ˆâ–ˆ                    | 215kB 27.0MB/s eta 0:00:01[K    39% |â–ˆâ–ˆâ–ˆâ–ˆâ–ˆâ–ˆâ–ˆâ–ˆâ–ˆâ–ˆâ–ˆâ–ˆâ–Œ                   | 225kB 26.3MB/s eta 0:00:01[K    40% |â–ˆâ–ˆâ–ˆâ–ˆâ–ˆâ–ˆâ–ˆâ–ˆâ–ˆâ–ˆâ–ˆâ–ˆâ–ˆ                   | 235kB 29.1MB/s eta 0:00:01[K    42% |â–ˆâ–ˆâ–ˆâ–ˆâ–ˆâ–ˆâ–ˆâ–ˆâ–ˆâ–ˆâ–ˆâ–ˆâ–ˆâ–‹                  | 245kB 27.7MB/s eta 0:00:01[K    44% |â–ˆâ–ˆâ–ˆâ–ˆâ–ˆâ–ˆâ–ˆâ–ˆâ–ˆâ–ˆâ–ˆâ–ˆâ–ˆâ–ˆâ–                 | 256kB 27.0MB/s eta 0:00:01[K    46% |â–ˆâ–ˆâ–ˆâ–ˆâ–ˆâ–ˆâ–ˆâ–ˆâ–ˆâ–ˆâ–ˆâ–ˆâ–ˆâ–ˆâ–Š                 | 266kB 29.0MB/s eta 0:00:01[K    47% |â–ˆâ–ˆâ–ˆâ–ˆâ–ˆâ–ˆâ–ˆâ–ˆâ–ˆâ–ˆâ–ˆâ–ˆâ–ˆâ–ˆâ–ˆâ–                | 276kB 28.5MB/s eta 0:00:01[K    49% |â–ˆâ–ˆâ–ˆâ–ˆâ–ˆâ–ˆâ–ˆâ–ˆâ–ˆâ–ˆâ–ˆâ–ˆâ–ˆâ–ˆâ–ˆâ–ˆ                | 286kB 29.0MB/s eta 0:00:01[K    51% |â–ˆâ–ˆâ–ˆâ–ˆâ–ˆâ–ˆâ–ˆâ–ˆâ–ˆâ–ˆâ–ˆâ–ˆâ–ˆâ–ˆâ–ˆâ–ˆâ–Œ               | 296kB 28.0MB/s eta 0:00:01[K    53% |â–ˆâ–ˆâ–ˆâ–ˆâ–ˆâ–ˆâ–ˆâ–ˆâ–ˆâ–ˆâ–ˆâ–ˆâ–ˆâ–ˆâ–ˆâ–ˆâ–ˆ               | 307kB 27.6MB/s eta 0:00:01[K    55% |â–ˆâ–ˆâ–ˆâ–ˆâ–ˆâ–ˆâ–ˆâ–ˆâ–ˆâ–ˆâ–ˆâ–ˆâ–ˆâ–ˆâ–ˆâ–ˆâ–ˆâ–‹              | 317kB 27.0MB/s eta 0:00:01[K    56% |â–ˆâ–ˆâ–ˆâ–ˆâ–ˆâ–ˆâ–ˆâ–ˆâ–ˆâ–ˆâ–ˆâ–ˆâ–ˆâ–ˆâ–ˆâ–ˆâ–ˆâ–ˆâ–             | 327kB 26.7MB/s eta 0:00:01[K    58% |â–ˆâ–ˆâ–ˆâ–ˆâ–ˆâ–ˆâ–ˆâ–ˆâ–ˆâ–ˆâ–ˆâ–ˆâ–ˆâ–ˆâ–ˆâ–ˆâ–ˆâ–ˆâ–Š             | 337kB 27.1MB/s eta 0:00:01[K    60% |â–ˆâ–ˆâ–ˆâ–ˆâ–ˆâ–ˆâ–ˆâ–ˆâ–ˆâ–ˆâ–ˆâ–ˆâ–ˆâ–ˆâ–ˆâ–ˆâ–ˆâ–ˆâ–ˆâ–Ž            | 348kB 26.8MB/s eta 0:00:01[K    62% |â–ˆï¿½ï¿½ï¿½â–ˆâ–ˆâ–ˆâ–ˆâ–ˆâ–ˆâ–ˆâ–ˆâ–ˆâ–ˆâ–ˆâ–ˆâ–ˆâ–ˆâ–ˆâ–ˆâ–ˆâ–‰            | 358kB 27.5MB/s eta 0:00:01[K    63% |â–ˆâ–ˆâ–ˆâ–ˆâ–ˆâ–ˆâ–ˆâ–ˆâ–ˆâ–ˆâ–ˆâ–ˆâ–ˆâ–ˆâ–ˆâ–ˆâ–ˆâ–ˆâ–ˆâ–ˆâ–Œ           | 368kB 28.2MB/s eta 0:00:01[K    65% |â–ˆâ–ˆâ–ˆâ–ˆâ–ˆâ–ˆâ–ˆâ–ˆâ–ˆâ–ˆâ–ˆâ–ˆâ–ˆâ–ˆâ–ˆâ–ˆâ–ˆâ–ˆâ–ˆâ–ˆâ–ˆ           | 378kB 27.6MB/s eta 0:00:01[K    67% |â–ˆâ–ˆâ–ˆâ–ˆâ–ˆâ–ˆâ–ˆâ–ˆâ–ˆâ–ˆâ–ˆâ–ˆâ–ˆâ–ˆâ–ˆâ–ˆâ–ˆâ–ˆâ–ˆâ–ˆâ–ˆâ–‹          | 389kB 28.8MB/s eta 0:00:01[K    69% |â–ˆâ–ˆâ–ˆâ–ˆâ–ˆâ–ˆâ–ˆâ–ˆâ–ˆâ–ˆâ–ˆâ–ˆâ–ˆâ–ˆâ–ˆâ–ˆâ–ˆâ–ˆâ–ˆâ–ˆâ–ˆâ–ˆâ–         | 399kB 29.2MB/s eta 0:00:01[K    71% |â–ˆâ–ˆâ–ˆâ–ˆâ–ˆâ–ˆâ–ˆâ–ˆâ–ˆâ–ˆâ–ˆâ–ˆâ–ˆâ–ˆâ–ˆâ–ˆâ–ˆâ–ˆâ–ˆâ–ˆâ–ˆâ–ˆâ–Š         | 409kB 30.5MB/s eta 0:00:01[K    72% |â–ˆâ–ˆâ–ˆâ–ˆâ–ˆâ–ˆâ–ˆâ–ˆâ–ˆâ–ˆâ–ˆâ–ˆâ–ˆâ–ˆâ–ˆâ–ˆâ–ˆâ–ˆâ–ˆâ–ˆâ–ˆâ–ˆâ–ˆâ–Ž        | 419kB 33.0MB/s eta 0:00:01[K    74% |â–ˆâ–ˆâ–ˆâ–ˆâ–ˆâ–ˆâ–ˆâ–ˆâ–ˆâ–ˆâ–ˆâ–ˆâ–ˆâ–ˆâ–ˆâ–ˆâ–ˆâ–ˆâ–ˆâ–ˆâ–ˆâ–ˆâ–ˆâ–‰        | 430kB 34.6MB/s eta 0:00:01[K    76% |â–ˆâ–ˆâ–ˆâ–ˆâ–ˆâ–ˆâ–ˆâ–ˆâ–ˆâ–ˆâ–ˆâ–ˆâ–ˆâ–ˆâ–ˆâ–ˆâ–ˆâ–ˆâ–ˆâ–ˆâ–ˆâ–ˆâ–ˆâ–ˆâ–       | 440kB 36.4MB/s eta 0:00:01[K    78% |â–ˆâ–ˆâ–ˆâ–ˆâ–ˆâ–ˆâ–ˆâ–ˆâ–ˆâ–ˆâ–ˆâ–ˆâ–ˆâ–ˆâ–ˆâ–ˆâ–ˆâ–ˆâ–ˆâ–ˆâ–ˆâ–ˆâ–ˆâ–ˆâ–ˆ       | 450kB 38.9MB/s eta 0:00:01[K    79% |â–ˆâ–ˆâ–ˆâ–ˆâ–ˆâ–ˆâ–ˆâ–ˆâ–ˆâ–ˆâ–ˆâ–ˆâ–ˆâ–ˆâ–ˆâ–ˆâ–ˆâ–ˆâ–ˆâ–ˆâ–ˆâ–ˆâ–ˆâ–ˆâ–ˆâ–‹      | 460kB 39.3MB/s eta 0:00:01[K    81% |â–ˆâ–ˆâ–ˆâ–ˆâ–ˆâ–ˆâ–ˆâ–ˆâ–ˆâ–ˆâ–ˆâ–ˆâ–ˆâ–ˆâ–ˆâ–ˆâ–ˆâ–ˆâ–ˆâ–ˆâ–ˆâ–ˆâ–ˆâ–ˆâ–ˆâ–ˆâ–     | 471kB 41.7MB/s eta 0:00:01[K    83% |â–ˆâ–ˆâ–ˆâ–ˆâ–ˆâ–ˆâ–ˆâ–ˆâ–ˆâ–ˆâ–ˆâ–ˆâ–ˆâ–ˆâ–ˆâ–ˆâ–ˆâ–ˆâ–ˆâ–ˆâ–ˆâ–ˆâ–ˆâ–ˆâ–ˆâ–ˆâ–Š     | 481kB 43.4MB/s eta 0:00:01[K    85% |â–ˆâ–ˆâ–ˆâ–ˆâ–ˆâ–ˆâ–ˆâ–ˆâ–ˆâ–ˆâ–ˆâ–ˆâ–ˆâ–ˆâ–ˆâ–ˆâ–ˆâ–ˆâ–ˆâ–ˆâ–ˆâ–ˆâ–ˆâ–ˆâ–ˆâ–ˆâ–ˆâ–Ž    | 491kB 43.5MB/s eta 0:00:01[K    86% |â–ˆâ–ˆâ–ˆâ–ˆâ–ˆâ–ˆâ–ˆâ–ˆâ–ˆâ–ˆâ–ˆâ–ˆâ–ˆâ–ˆâ–ˆâ–ˆâ–ˆâ–ˆâ–ˆâ–ˆâ–ˆâ–ˆâ–ˆâ–ˆâ–ˆâ–ˆâ–ˆâ–‰    | 501kB 45.8MB/s eta 0:00:01[K    88% |â–ˆâ–ˆâ–ˆâ–ˆâ–ˆâ–ˆâ–ˆâ–ˆâ–ˆâ–ˆâ–ˆâ–ˆâ–ˆâ–ˆâ–ˆâ–ˆâ–ˆâ–ˆâ–ˆâ–ˆâ–ˆâ–ˆâ–ˆâ–ˆâ–ˆâ–ˆâ–ˆâ–ˆâ–   | 512kB 41.2MB/s eta 0:00:01[K    90% |â–ˆâ–ˆâ–ˆâ–ˆâ–ˆâ–ˆâ–ˆâ–ˆâ–ˆâ–ˆâ–ˆâ–ˆâ–ˆâ–ˆâ–ˆâ–ˆâ–ˆâ–ˆâ–ˆâ–ˆâ–ˆâ–ˆâ–ˆâ–ˆâ–ˆâ–ˆâ–ˆâ–ˆâ–ˆ   | 522kB 41.2MB/s eta 0:00:01[K    92% |â–ˆâ–ˆâ–ˆâ–ˆâ–ˆâ–ˆâ–ˆâ–ˆâ–ˆâ–ˆâ–ˆâ–ˆâ–ˆâ–ˆâ–ˆâ–ˆâ–ˆâ–ˆâ–ˆâ–ˆâ–ˆâ–ˆâ–ˆâ–ˆâ–ˆâ–ˆâ–ˆâ–ˆâ–ˆâ–Œ  | 532kB 41.2MB/s eta 0:00:01[K    94% |â–ˆâ–ˆâ–ˆâ–ˆâ–ˆâ–ˆâ–ˆâ–ˆâ–ˆâ–ˆâ–ˆâ–ˆâ–ˆâ–ˆâ–ˆâ–ˆâ–ˆâ–ˆâ–ˆâ–ˆâ–ˆâ–ˆâ–ˆâ–ˆâ–ˆâ–ˆâ–ˆâ–ˆâ–ˆâ–ˆâ– | 542kB 40.3MB/s eta 0:00:01[K    95% |â–ˆâ–ˆâ–ˆâ–ˆâ–ˆâ–ˆâ–ˆâ–ˆâ–ˆâ–ˆâ–ˆâ–ˆâ–ˆâ–ˆâ–ˆâ–ˆâ–ˆâ–ˆâ–ˆâ–ˆâ–ˆâ–ˆâ–ˆâ–ˆâ–ˆâ–ˆâ–ˆâ–ˆâ–ˆâ–ˆâ–Š | 552kB 40.5MB/s eta 0:00:01[K    97% |â–ˆâ–ˆâ–ˆâ–ˆâ–ˆâ–ˆâ–ˆâ–ˆâ–ˆâ–ˆâ–ˆâ–ˆâ–ˆâ–ˆâ–ˆâ–ˆâ–ˆâ–ˆâ–ˆâ–ˆâ–ˆâ–ˆâ–ˆâ–ˆâ–ˆâ–ˆâ–ˆâ–ˆâ–ˆâ–ˆâ–ˆâ–Ž| 563kB 40.7MB/s eta 0:00:01[K    99% |â–ˆâ–ˆâ–ˆâ–ˆâ–ˆâ–ˆâ–ˆâ–ˆâ–ˆâ–ˆâ–ˆâ–ˆâ–ˆâ–ˆâ–ˆâ–ˆâ–ˆâ–ˆâ–ˆâ–ˆâ–ˆâ–ˆâ–ˆâ–ˆâ–ˆâ–ˆâ–ˆâ–ˆâ–ˆâ–ˆâ–ˆâ–‰| 573kB 39.7MB/s eta 0:00:01[K    100% |â–ˆâ–ˆâ–ˆâ–ˆâ–ˆâ–ˆâ–ˆâ–ˆâ–ˆâ–ˆâ–ˆâ–ˆâ–ˆâ–ˆâ–ˆâ–ˆâ–ˆâ–ˆâ–ˆâ–ˆâ–ˆâ–ˆâ–ˆâ–ˆâ–ˆâ–ˆâ–ˆâ–ˆâ–ˆâ–ˆâ–ˆâ–ˆ| 583kB 2.5MB/s 
[?25hCollecting docopt>=0.6.1 (from coveralls)
  Downloading docopt-0.6.2.tar.gz
Collecting argparse>=1.0.0 (from scrutinizer-ocular)
  Downloading argparse-1.4.0-py2.py3-none-any.whl
Building wheels for collected packages: scrutinizer-ocular, coverage, docopt
  Running setup.py bdist_wheel for scrutinizer-ocular ... [?25l- done
[?25h  Stored in directory: /home/travis/.cache/pip/wheels/cb/71/24/055a8bc52da2f09ec824cfc11941264aad88376a16c5b8f85b
  Running setup.py bdist_wheel for coverage ... [?25l- \ | / - done
[?25h  Stored in directory: /home/travis/.cache/pip/wheels/bb/de/68/322f739b595888b3e531939a11b911eb1251b6507abbb65b67
  Running setup.py bdist_wheel for docopt ... [?25l- done
[?25h  Stored in directory: /home/travis/.cache/pip/wheels/b2/16/5f/c33a2bb5f2dce71205f8e65cbfd05647d79d441282be31fd82
Successfully built scrutinizer-ocular coverage docopt
Installing collected packages: coverage, requests, docopt, coveralls, argparse, scrutinizer-ocular
Successfully installed argparse-1.4.0 coverage-4.3.4 coveralls-1.1 docopt-0.6.2 requests-2.12.5 scrutinizer-ocular-1.0.3

travis_time:end:398c6c50:start=1484770354512509946,finish=1484770361101334357,duration=6588824411[0Ktravis_fold:end:install[0Ktravis_fold:start:before_script.1[0Ktravis_time:start:01cbf08e[0K$ make env
virtualenv --python python env
Running virtualenv with interpreter /home/travis/virtualenv/python3.5.2/bin/python
Using real prefix '/opt/python/3.5.2'
New python executable in env/bin/python
Installing setuptools, pip...done.
env/bin/pip install --upgrade pip
Collecting pip from https://pypi.python.org/packages/b6/ac/7015eb97dc749283ffdec1c3a88ddb8ae03b8fad0f0e611408f196358da3/pip-9.0.1-py2.py3-none-any.whl#md5=297dbd16ef53bcef0447d245815f5144
  Downloading pip-9.0.1-py2.py3-none-any.whl (1.3MB)
[?25l[K    0% |                                | 4.1kB 34.0MB/s eta 0:00:01[K    0% |                                | 8.2kB 20.6MB/s eta 0:00:01[K    0% |                                | 12kB 21.4MB/s eta 0:00:01[K    1% |                                | 16kB 21.0MB/s eta 0:00:01[K    1% |                                | 20kB 21.6MB/s eta 0:00:01[K    1% |                                | 24kB 17.9MB/s eta 0:00:01[K    2% |                                | 28kB 15.0MB/s eta 0:00:01[K    2% |                                | 32kB 9.4MB/s eta 0:00:01[K    2% |                                | 36kB 10.1MB/s eta 0:00:01[K    3% |#                               | 40kB 10.7MB/s eta 0:00:01[K    3% |#                               | 45kB 10.6MB/s eta 0:00:01[K    3% |#                               | 49kB 9.3MB/s eta 0:00:01[K    4% |#                               | 53kB 9.3MB/s eta 0:00:01[K    4% |#                               | 57kB 9.4MB/s eta 0:00:01[K    4% |#                               | 61kB 9.4MB/s eta 0:00:01[K    5% |#                               | 65kB 8.0MB/s eta 0:00:01[K    5% |#                               | 69kB 8.7MB/s eta 0:00:01[K    5% |#                               | 73kB 12.2MB/s eta 0:00:01[K    6% |#                               | 77kB 12.3MB/s eta 0:00:01[K    6% |##                              | 81kB 10.8MB/s eta 0:00:01[K    6% |##                              | 86kB 10.9MB/s eta 0:00:01[K    7% |##                              | 90kB 13.1MB/s eta 0:00:01[K    7% |##                              | 94kB 13.0MB/s eta 0:00:01[K    7% |##                              | 98kB 12.3MB/s eta 0:00:01[K    8% |##                              | 102kB 12.3MB/s eta 0:00:01[K    8% |##                              | 106kB 17.6MB/s eta 0:00:01[K    8% |##                              | 110kB 17.8MB/s eta 0:00:01[K    9% |##                              | 114kB 14.0MB/s eta 0:00:01[K    9% |###                             | 118kB 14.0MB/s eta 0:00:01[K    9% |###                             | 122kB 16.6MB/s eta 0:00:01[K    10% |###                             | 126kB 16.6MB/s eta 0:00:01[K    10% |###                             | 131kB 14.4MB/s eta 0:00:01[K    10% |###                             | 135kB 14.4MB/s eta 0:00:01[K    11% |###                             | 139kB 15.6MB/s eta 0:00:01[K    11% |###                             | 143kB 15.5MB/s eta 0:00:01[K    11% |###                             | 147kB 15.1MB/s eta 0:00:01[K    12% |###                             | 151kB 15.1MB/s eta 0:00:01[K    12% |###                             | 155kB 19.4MB/s eta 0:00:01[K    12% |####                            | 159kB 19.6MB/s eta 0:00:01[K    13% |####                            | 163kB 18.5MB/s eta 0:00:01[K    13% |####                            | 167kB 18.6MB/s eta 0:00:01[K    13% |####                            | 172kB 21.9MB/s eta 0:00:01[K    14% |####                            | 176kB 21.8MB/s eta 0:00:01[K    14% |####                            | 180kB 20.5MB/s eta 0:00:01[K    14% |####                            | 184kB 20.6MB/s eta 0:00:01[K    15% |####                            | 188kB 20.8MB/s eta 0:00:01[K    15% |####                            | 192kB 20.7MB/s eta 0:00:01[K    15% |#####                           | 196kB 19.0MB/s eta 0:00:01[K    15% |#####                           | 200kB 18.6MB/s eta 0:00:01[K    16% |#####                           | 204kB 19.7MB/s eta 0:00:01[K    16% |#####                           | 208kB 19.4MB/s eta 0:00:01[K    16% |#####                           | 212kB 18.6MB/s eta 0:00:01[K    17% |#####                           | 217kB 18.8MB/s eta 0:00:01[K    17% |#####                           | 221kB 19.9MB/s eta 0:00:01[K    17% |#####                           | 225kB 19.2MB/s eta 0:00:01[K    18% |#####                           | 229kB 19.2MB/s eta 0:00:01[K    18% |#####                           | 233kB 18.9MB/s eta 0:00:01[K    18% |######                          | 237kB 21.3MB/s eta 0:00:01[K    19% |######                          | 241kB 21.4MB/s eta 0:00:01[K    19% |######                          | 245kB 19.9MB/s eta 0:00:01[K    19% |######                          | 249kB 20.2MB/s eta 0:00:01[K    20% |######                          | 253kB 21.5MB/s eta 0:00:01[K    20% |######                          | 258kB 21.0MB/s eta 0:00:01[K    20% |######                          | 262kB 20.0MB/s eta 0:00:01[K    21% |######                          | 266kB 20.5MB/s eta 0:00:01[K    21% |######                          | 270kB 21.2MB/s eta 0:00:01[K    21% |######                          | 274kB 21.3MB/s eta 0:00:01[K    22% |#######                         | 278kB 20.7MB/s eta 0:00:01[K    22% |#######                         | 282kB 20.9MB/s eta 0:00:01[K    22% |#######                         | 286kB 21.9MB/s eta 0:00:01[K    23% |#######                         | 290kB 22.0MB/s eta 0:00:01[K    23% |#######                         | 294kB 21.3MB/s eta 0:00:01[K    23% |#######                         | 299kB 21.0MB/s eta 0:00:01[K    24% |#######                         | 303kB 22.0MB/s eta 0:00:01[K    24% |#######                         | 307kB 22.0MB/s eta 0:00:01[K    24% |#######                         | 311kB 20.9MB/s eta 0:00:01[K    25% |########                        | 315kB 20.9MB/s eta 0:00:01[K    25% |########                        | 319kB 21.4MB/s eta 0:00:01[K    25% |########                        | 323kB 21.4MB/s eta 0:00:01[K    26% |########                        | 327kB 20.6MB/s eta 0:00:01[K    26% |########                        | 331kB 20.5MB/s eta 0:00:01[K    26% |########                        | 335kB 21.1MB/s eta 0:00:01[K    27% |########                        | 339kB 21.8MB/s eta 0:00:01[K    27% |########                        | 344kB 20.8MB/s eta 0:00:01[K    27% |########                        | 348kB 20.7MB/s eta 0:00:01[K    28% |########                        | 352kB 21.8MB/s eta 0:00:01[K    28% |#########                       | 356kB 21.5MB/s eta 0:00:01[K    28% |#########                       | 360kB 21.0MB/s eta 0:00:01[K    29% |#########                       | 364kB 20.9MB/s eta 0:00:01[K    29% |#########                       | 368kB 22.0MB/s eta 0:00:01[K    29% |#########                       | 372kB 21.8MB/s eta 0:00:01[K    30% |#########                       | 376kB 21.3MB/s eta 0:00:01[K    30% |#########                       | 380kB 21.0MB/s eta 0:00:01[K    30% |#########                       | 385kB 21.6MB/s eta 0:00:01[K    31% |#########                       | 389kB 19.2MB/s eta 0:00:01[K    31% |##########                      | 393kB 18.5MB/s eta 0:00:01[K    31% |##########                      | 397kB 18.2MB/s eta 0:00:01[K    31% |##########                      | 401kB 18.8MB/s eta 0:00:01[K    32% |##########                      | 405kB 18.9MB/s eta 0:00:01[K    32% |##########                      | 409kB 18.5MB/s eta 0:00:01[K    32% |##########                      | 413kB 18.6MB/s eta 0:00:01[K    33% |##########                      | 417kB 19.0MB/s eta 0:00:01[K    33% |##########                      | 421kB 19.1MB/s eta 0:00:01[K    33% |##########                      | 425kB 18.5MB/s eta 0:00:01[K    34% |##########                      | 430kB 20.7MB/s eta 0:00:01[K    34% |###########                     | 434kB 21.9MB/s eta 0:00:01[K    34% |###########                     | 438kB 22.3MB/s eta 0:00:01[K    35% |###########                     | 442kB 21.0MB/s eta 0:00:01[K    35% |###########                     | 446kB 21.1MB/s eta 0:00:01[K    35% |###########                     | 450kB 21.7MB/s eta 0:00:01[K    36% |###########                     | 454kB 21.8MB/s eta 0:00:01[K    36% |###########                     | 458kB 20.6MB/s eta 0:00:01[K    36% |###########                     | 462kB 20.3MB/s eta 0:00:01[K    37% |###########                     | 466kB 21.5MB/s eta 0:00:01[K    37% |############                    | 471kB 21.5MB/s eta 0:00:01[K    37% |############                    | 475kB 20.4MB/s eta 0:00:01[K    38% |############                    | 479kB 20.7MB/s eta 0:00:01[K    38% |############                    | 483kB 21.6MB/s eta 0:00:01[K    38% |############                    | 487kB 21.5MB/s eta 0:00:01[K    39% |############                    | 491kB 20.5MB/s eta 0:00:01[K    39% |############                    | 495kB 20.4MB/s eta 0:00:01[K    39% |############                    | 499kB 21.7MB/s eta 0:00:01[K    40% |############                    | 503kB 22.2MB/s eta 0:00:01[K    40% |############                    | 507kB 20.7MB/s eta 0:00:01[K    40% |#############                   | 512kB 20.7MB/s eta 0:00:01[K    41% |#############                   | 516kB 21.8MB/s eta 0:00:01[K    41% |#############                   | 520kB 21.8MB/s eta 0:00:01[K    41% |#############                   | 524kB 20.9MB/s eta 0:00:01[K    42% |#############                   | 528kB 20.9MB/s eta 0:00:01[K    42% |#############                   | 532kB 21.9MB/s eta 0:00:01[K    42% |#############                   | 536kB 22.0MB/s eta 0:00:01[K    43% |#############                   | 540kB 21.2MB/s eta 0:00:01[K    43% |#############                   | 544kB 21.1MB/s eta 0:00:01[K    43% |#############                   | 548kB 22.0MB/s eta 0:00:01[K    44% |##############                  | 552kB 22.0MB/s eta 0:00:01[K    44% |##############                  | 557kB 20.9MB/s eta 0:00:01[K    44% |##############                  | 561kB 20.8MB/s eta 0:00:01[K    45% |##############                  | 565kB 21.8MB/s eta 0:00:01[K    45% |##############                  | 569kB 21.8MB/s eta 0:00:01[K    45% |##############                  | 573kB 20.7MB/s eta 0:00:01[K    46% |##############                  | 577kB 20.7MB/s eta 0:00:01[K    46% |##############                  | 581kB 21.4MB/s eta 0:00:01[K    46% |##############                  | 585kB 21.5MB/s eta 0:00:01[K    47% |###############                 | 589kB 20.9MB/s eta 0:00:01[K    47% |###############                 | 593kB 21.0MB/s eta 0:00:01[K    47% |###############                 | 598kB 22.0MB/s eta 0:00:01[K    47% |###############                 | 602kB 21.9MB/s eta 0:00:01[K    48% |###############                 | 606kB 20.9MB/s eta 0:00:01[K    48% |###############                 | 610kB 20.8MB/s eta 0:00:01[K    48% |###############                 | 614kB 22.1MB/s eta 0:00:01[K    49% |###############                 | 618kB 22.0MB/s eta 0:00:01[K    49% |###############                 | 622kB 21.0MB/s eta 0:00:01[K    49% |###############                 | 626kB 21.0MB/s eta 0:00:01[K    50% |################                | 630kB 22.1MB/s eta 0:00:01[K    50% |################                | 634kB 21.5MB/s eta 0:00:01[K    50% |################                | 638kB 20.2MB/s eta 0:00:01[K    51% |################                | 643kB 20.4MB/s eta 0:00:01[K    51% |################                | 647kB 21.5MB/s eta 0:00:01[K    51% |################                | 651kB 21.7MB/s eta 0:00:01[K    52% |################                | 655kB 20.3MB/s eta 0:00:01[K    52% |################                | 659kB 20.3MB/s eta 0:00:01[K    52% |################                | 663kB 21.3MB/s eta 0:00:01[K    53% |#################               | 667kB 21.4MB/s eta 0:00:01[K    53% |#################               | 671kB 20.2MB/s eta 0:00:01[K    53% |#################               | 675kB 20.7MB/s eta 0:00:01[K    54% |#################               | 679kB 22.1MB/s eta 0:00:01[K    54% |#################               | 684kB 22.1MB/s eta 0:00:01[K    54% |#################               | 688kB 20.8MB/s eta 0:00:01[K    55% |#################               | 692kB 20.8MB/s eta 0:00:01[K    55% |#################               | 696kB 22.3MB/s eta 0:00:01[K    55% |#################               | 700kB 22.2MB/s eta 0:00:01[K    56% |#################               | 704kB 21.5MB/s eta 0:00:01[K    56% |##################              | 708kB 21.4MB/s eta 0:00:01[K    56% |##################              | 712kB 22.8MB/s eta 0:00:01[K    57% |##################              | 716kB 22.7MB/s eta 0:00:01[K    57% |##################              | 720kB 21.0MB/s eta 0:00:01[K    57% |##################              | 724kB 21.1MB/s eta 0:00:01[K    58% |##################              | 729kB 22.4MB/s eta 0:00:01[K    58% |##################              | 733kB 22.3MB/s eta 0:00:01[K    58% |##################              | 737kB 21.2MB/s eta 0:00:01[K    59% |##################              | 741kB 21.1MB/s eta 0:00:01[K    59% |###################             | 745kB 21.7MB/s eta 0:00:01[K    59% |###################             | 749kB 21.8MB/s eta 0:00:01[K    60% |###################             | 753kB 20.4MB/s eta 0:00:01[K    60% |###################             | 757kB 20.5MB/s eta 0:00:01[K    60% |###################             | 761kB 22.2MB/s eta 0:00:01[K    61% |###################             | 765kB 22.2MB/s eta 0:00:01[K    61% |###################             | 770kB 20.8MB/s eta 0:00:01[K    61% |###################             | 774kB 20.8MB/s eta 0:00:01[K    62% |###################             | 778kB 21.9MB/s eta 0:00:01[K    62% |###################             | 782kB 22.0MB/s eta 0:00:01[K    62% |####################            | 786kB 20.9MB/s eta 0:00:01[K    63% |####################            | 790kB 21.0MB/s eta 0:00:01[K    63% |####################            | 794kB 22.4MB/s eta 0:00:01[K    63% |####################            | 798kB 22.3MB/s eta 0:00:01[K    63% |####################            | 802kB 20.4MB/s eta 0:00:01[K    64% |####################            | 806kB 20.2MB/s eta 0:00:01[K    64% |####################            | 811kB 21.5MB/s eta 0:00:01[K    64% |####################            | 815kB 21.2MB/s eta 0:00:01[K    65% |####################            | 819kB 20.2MB/s eta 0:00:01[K    65% |####################            | 823kB 20.2MB/s eta 0:00:01[K    65% |#####################           | 827kB 21.1MB/s eta 0:00:01[K    66% |#####################           | 831kB 21.1MB/s eta 0:00:01[K    66% |#####################           | 835kB 20.0MB/s eta 0:00:01[K    66% |#####################           | 839kB 20.1MB/s eta 0:00:01[K    67% |#####################           | 843kB 21.8MB/s eta 0:00:01[K    67% |#####################           | 847kB 21.9MB/s eta 0:00:01[K    67% |#####################           | 851kB 20.6MB/s eta 0:00:01[K    68% |#####################           | 856kB 20.9MB/s eta 0:00:01[K    68% |#####################           | 860kB 22.1MB/s eta 0:00:01[K    68% |######################          | 864kB 22.3MB/s eta 0:00:01[K    69% |######################          | 868kB 21.3MB/s eta 0:00:01[K    69% |######################          | 872kB 21.0MB/s eta 0:00:01[K    69% |######################          | 876kB 22.2MB/s eta 0:00:01[K    70% |######################          | 880kB 22.2MB/s eta 0:00:01[K    70% |######################          | 884kB 20.9MB/s eta 0:00:01[K    70% |######################          | 888kB 19.7MB/s eta 0:00:01[K    71% |######################          | 892kB 21.1MB/s eta 0:00:01[K    71% |######################          | 897kB 21.2MB/s eta 0:00:01[K    71% |######################          | 901kB 20.4MB/s eta 0:00:01[K    72% |#######################         | 905kB 20.5MB/s eta 0:00:01[K    72% |#######################         | 909kB 21.7MB/s eta 0:00:01[K    72% |#######################         | 913kB 22.2MB/s eta 0:00:01[K    73% |#######################         | 917kB 21.5MB/s eta 0:00:01[K    73% |#######################         | 921kB 21.6MB/s eta 0:00:01[K    73% |#######################         | 925kB 23.1MB/s eta 0:00:01[K    74% |#######################         | 929kB 25.1MB/s eta 0:00:01[K    74% |#######################         | 933kB 24.4MB/s eta 0:00:01[K    74% |#######################         | 937kB 24.4MB/s eta 0:00:01[K    75% |########################        | 942kB 25.8MB/s eta 0:00:01[K    75% |########################        | 946kB 25.8MB/s eta 0:00:01[K    75% |########################        | 950kB 25.2MB/s eta 0:00:01[K    76% |########################        | 954kB 25.2MB/s eta 0:00:01[K    76% |########################        | 958kB 26.6MB/s eta 0:00:01[K    76% |########################        | 962kB 26.7MB/s eta 0:00:01[K    77% |########################        | 966kB 26.1MB/s eta 0:00:01[K    77% |########################        | 970kB 26.1MB/s eta 0:00:01[K    77% |########################        | 974kB 27.2MB/s eta 0:00:01[K    78% |########################        | 978kB 27.4MB/s eta 0:00:01[K    78% |#########################       | 983kB 26.3MB/s eta 0:00:01[K    78% |#########################       | 987kB 25.7MB/s eta 0:00:01[K    78% |#########################       | 991kB 26.4MB/s eta 0:00:01[K    79% |#########################       | 995kB 26.4MB/s eta 0:00:01[K    79% |#########################       | 999kB 24.9MB/s eta 0:00:01[K    79% |#########################       | 1.0MB 24.8MB/s eta 0:00:01[K    80% |#########################       | 1.0MB 25.7MB/s eta 0:00:01[K    80% |#########################       | 1.0MB 25.7MB/s eta 0:00:01[K    80% |#########################       | 1.0MB 24.7MB/s eta 0:00:01[K    81% |##########################      | 1.0MB 24.4MB/s eta 0:00:01[K    81% |##########################      | 1.0MB 25.1MB/s eta 0:00:01[K    81% |##########################      | 1.0MB 25.8MB/s eta 0:00:01[K    82% |##########################      | 1.0MB 24.7MB/s eta 0:00:01[K    82% |##########################      | 1.0MB 23.8MB/s eta 0:00:01[K    82% |##########################      | 1.0MB 24.3MB/s eta 0:00:01[K    83% |##########################      | 1.0MB 23.5MB/s eta 0:00:01[K    83% |##########################      | 1.0MB 21.6MB/s eta 0:00:01[K    83% |##########################      | 1.1MB 21.0MB/s eta 0:00:01[K    84% |##########################      | 1.1MB 21.5MB/s eta 0:00:01[K    84% |###########################     | 1.1MB 21.8MB/s eta 0:00:01[K    84% |###########################     | 1.1MB 21.3MB/s eta 0:00:01[K    85% |###########################     | 1.1MB 21.3MB/s eta 0:00:01[K    85% |###########################     | 1.1MB 22.1MB/s eta 0:00:01[K    85% |###########################     | 1.1MB 23.0MB/s eta 0:00:01[K    86% |###########################     | 1.1MB 22.6MB/s eta 0:00:01[K    86% |###########################     | 1.1MB 23.3MB/s eta 0:00:01[K    86% |###########################     | 1.1MB 25.5MB/s eta 0:00:01[K    87% |###########################     | 1.1MB 26.5MB/s eta 0:00:01[K    87% |###########################     | 1.1MB 25.8MB/s eta 0:00:01[K    87% |############################    | 1.1MB 25.8MB/s eta 0:00:01[K    88% |############################    | 1.1MB 26.7MB/s eta 0:00:01[K    88% |############################    | 1.1MB 26.8MB/s eta 0:00:01[K    88% |############################    | 1.1MB 25.9MB/s eta 0:00:01[K    89% |############################    | 1.1MB 25.9MB/s eta 0:00:01[K    89% |############################    | 1.1MB 27.4MB/s eta 0:00:01[K    89% |############################    | 1.1MB 27.5MB/s eta 0:00:01[K    90% |############################    | 1.1MB 26.6MB/s eta 0:00:01[K    90% |############################    | 1.1MB 26.5MB/s eta 0:00:01[K    90% |#############################   | 1.1MB 27.5MB/s eta 0:00:01[K    91% |#############################   | 1.1MB 27.5MB/s eta 0:00:01[K    91% |#############################   | 1.1MB 26.6MB/s eta 0:00:01[K    91% |#############################   | 1.2MB 26.6MB/s eta 0:00:01[K    92% |#############################   | 1.2MB 27.5MB/s eta 0:00:01[K    92% |#############################   | 1.2MB 27.5MB/s eta 0:00:01[K    92% |#############################   | 1.2MB 26.6MB/s eta 0:00:01[K    93% |#############################   | 1.2MB 26.6MB/s eta 0:00:01[K    93% |#############################   | 1.2MB 27.5MB/s eta 0:00:01[K    93% |#############################   | 1.2MB 27.6MB/s eta 0:00:01[K    94% |##############################  | 1.2MB 26.6MB/s eta 0:00:01[K    94% |##############################  | 1.2MB 26.6MB/s eta 0:00:01[K    94% |##############################  | 1.2MB 26.9MB/s eta 0:00:01[K    94% |##############################  | 1.2MB 26.8MB/s eta 0:00:01[K    95% |##############################  | 1.2MB 25.2MB/s eta 0:00:01[K    95% |##############################  | 1.2MB 25.1MB/s eta 0:00:01[K    95% |##############################  | 1.2MB 25.9MB/s eta 0:00:01[K    96% |##############################  | 1.2MB 25.9MB/s eta 0:00:01[K    96% |##############################  | 1.2MB 25.1MB/s eta 0:00:01[K    96% |############################### | 1.2MB 25.1MB/s eta 0:00:01[K    97% |############################### | 1.2MB 25.9MB/s eta 0:00:01[K    97% |############################### | 1.2MB 26.0MB/s eta 0:00:01[K    97% |############################### | 1.2MB 25.7MB/s eta 0:00:01[K    98% |############################### | 1.2MB 25.6MB/s eta 0:00:01[K    98% |############################### | 1.2MB 27.3MB/s eta 0:00:01[K    98% |############################### | 1.2MB 27.2MB/s eta 0:00:01[K    99% |############################### | 1.2MB 26.4MB/s eta 0:00:01[K    99% |############################### | 1.2MB 26.3MB/s eta 0:00:01[K    99% |############################### | 1.3MB 27.1MB/s eta 0:00:01[K    100% |################################| 1.3MB 493kB/s 
[?25hInstalling collected packages: pip
  Found existing installation: pip 6.0.7
    Uninstalling pip-6.0.7:
      Successfully uninstalled pip-6.0.7

Successfully installed pip-9.0.1
VIRTUAL_ENV=env env/bin/python setup.py develop
running develop
running egg_info
creating Doorstop.egg-info
writing top-level names to Doorstop.egg-info/top_level.txt
writing Doorstop.egg-info/PKG-INFO
writing dependency_links to Doorstop.egg-info/dependency_links.txt
writing requirements to Doorstop.egg-info/requires.txt
writing entry points to Doorstop.egg-info/entry_points.txt
writing manifest file 'Doorstop.egg-info/SOURCES.txt'
reading manifest file 'Doorstop.egg-info/SOURCES.txt'
reading manifest template 'MANIFEST.in'
warning: no files found matching '*.rst'
warning: no files found matching '*.txt'
warning: no files found matching '*.rst' under directory 'docs'
warning: no files found matching '*.txt' under directory 'docs'
warning: no directories found matching '*/files'
writing manifest file 'Doorstop.egg-info/SOURCES.txt'
running build_ext
Creating /home/travis/build/jacebrowning/doorstop/env/lib/python3.5/site-packages/Doorstop.egg-link (link to .)
Adding Doorstop 1.2b1 to easy-install.pth file
Installing doorstop-gui script to /home/travis/build/jacebrowning/doorstop/env/bin
Installing doorstop script to /home/travis/build/jacebrowning/doorstop/env/bin
Installing doorstop-server script to /home/travis/build/jacebrowning/doorstop/env/bin

Installed /home/travis/build/jacebrowning/doorstop
Processing dependencies for Doorstop==1.2b1
Searching for pyficache==0.3.1
Reading https://pypi.python.org/simple/pyficache/
Best match: pyficache 0.3.1
Downloading https://pypi.python.org/packages/42/4d/262574948de06a5fa4ade0be6ca79a2f0ee6cbe548b5a42332e0552ac5e6/pyficache-0.3.1-py3.5.egg#md5=16f0f26c93f2658d3f425162bca96e6b
Processing pyficache-0.3.1-py3.5.egg
creating /home/travis/build/jacebrowning/doorstop/env/lib/python3.5/site-packages/pyficache-0.3.1-py3.5.egg
Extracting pyficache-0.3.1-py3.5.egg to /home/travis/build/jacebrowning/doorstop/env/lib/python3.5/site-packages
Adding pyficache 0.3.1 to easy-install.pth file

Installed /home/travis/build/jacebrowning/doorstop/env/lib/python3.5/site-packages/pyficache-0.3.1-py3.5.egg
Searching for requests<3,>=2
Reading https://pypi.python.org/simple/requests/
Best match: requests 2.12.5
Downloading https://pypi.python.org/packages/b6/61/7b374462d5b6b1d824977182db287758d549d8680444bad8d530195acba2/requests-2.12.5.tar.gz#md5=360bb3af97881a7056ed5bb3d0a3e8a3
Processing requests-2.12.5.tar.gz
Writing /tmp/easy_install-2m68xlpl/requests-2.12.5/setup.cfg
Running requests-2.12.5/setup.py -q bdist_egg --dist-dir /tmp/easy_install-2m68xlpl/requests-2.12.5/egg-dist-tmp-9cwku4pu
warning: no files found matching 'test_requests.py'
creating /home/travis/build/jacebrowning/doorstop/env/lib/python3.5/site-packages/requests-2.12.5-py3.5.egg
Extracting requests-2.12.5-py3.5.egg to /home/travis/build/jacebrowning/doorstop/env/lib/python3.5/site-packages
Adding requests 2.12.5 to easy-install.pth file

Installed /home/travis/build/jacebrowning/doorstop/env/lib/python3.5/site-packages/requests-2.12.5-py3.5.egg
Searching for bottle==0.12.13
Reading https://pypi.python.org/simple/bottle/
Best match: bottle 0.12.13
Downloading https://pypi.python.org/packages/bd/99/04dc59ced52a8261ee0f965a8968717a255ea84a36013e527944dbf3468c/bottle-0.12.13.tar.gz#md5=d2fe1b48c1d49217e78bf326b1cad437
Processing bottle-0.12.13.tar.gz
Writing /tmp/easy_install-sszks4d1/bottle-0.12.13/setup.cfg
Running bottle-0.12.13/setup.py -q bdist_egg --dist-dir /tmp/easy_install-sszks4d1/bottle-0.12.13/egg-dist-tmp-w5xl9oob
warning: no files found matching 'LICENSE.txt'
zip_safe flag not set; analyzing archive contents...
__pycache__.bottle.cpython-35: module references __file__
__pycache__.bottle.cpython-35: module references __path__
creating /home/travis/build/jacebrowning/doorstop/env/lib/python3.5/site-packages/bottle-0.12.13-py3.5.egg
Extracting bottle-0.12.13-py3.5.egg to /home/travis/build/jacebrowning/doorstop/env/lib/python3.5/site-packages
Adding bottle 0.12.13 to easy-install.pth file
Installing bottle.py script to /home/travis/build/jacebrowning/doorstop/env/bin

Installed /home/travis/build/jacebrowning/doorstop/env/lib/python3.5/site-packages/bottle-0.12.13-py3.5.egg
Searching for openpyxl!=2.1.0,<3,>=2.1
Reading https://pypi.python.org/simple/openpyxl/
/home/travis/build/jacebrowning/doorstop/env/lib/python3.5/site-packages/pkg_resources/__init__.py:2510: PEP440Warning: 'openpyxl-2.4.0 (b1)' is being parsed as a legacy, non PEP 440, version. You may find odd behavior and sort order. In particular it will be sorted as less than 0.0. It is recommend to migrate to PEP 440 compatible versions.
  PEP440Warning,
/home/travis/build/jacebrowning/doorstop/env/lib/python3.5/site-packages/pkg_resources/__init__.py:2510: PEP440Warning: 'openpyxl-2.4.0 (a1)' is being parsed as a legacy, non PEP 440, version. You may find odd behavior and sort order. In particular it will be sorted as less than 0.0. It is recommend to migrate to PEP 440 compatible versions.
  PEP440Warning,
/home/travis/build/jacebrowning/doorstop/env/lib/python3.5/site-packages/pkg_resources/__init__.py:2510: PEP440Warning: 'openpyxl-2.3.0 (b1)' is being parsed as a legacy, non PEP 440, version. You may find odd behavior and sort order. In particular it will be sorted as less than 0.0. It is recommend to migrate to PEP 440 compatible versions.
  PEP440Warning,
/home/travis/build/jacebrowning/doorstop/env/lib/python3.5/site-packages/pkg_resources/__init__.py:2510: PEP440Warning: 'openpyxl-2.3.0 (b2)' is being parsed as a legacy, non PEP 440, version. You may find odd behavior and sort order. In particular it will be sorted as less than 0.0. It is recommend to migrate to PEP 440 compatible versions.
  PEP440Warning,
/home/travis/build/jacebrowning/doorstop/env/lib/python3.5/site-packages/pkg_resources/__init__.py:2510: PEP440Warning: 'openpyxl-2.2.0 (b1)' is being parsed as a legacy, non PEP 440, version. You may find odd behavior and sort order. In particular it will be sorted as less than 0.0. It is recommend to migrate to PEP 440 compatible versions.
  PEP440Warning,
Best match: openpyxl 2.4.1
Downloading https://pypi.python.org/packages/dc/f2/c57f9f00f8ae5e1a73cb096dbf600433724f037ffcbd51c456f89da5efd9/openpyxl-2.4.1.tar.gz#md5=36a78e0ea7f056adadf3005b367e25ef
Processing openpyxl-2.4.1.tar.gz
Writing /tmp/easy_install-a9nbuxol/openpyxl-2.4.1/setup.cfg
Running openpyxl-2.4.1/setup.py -q bdist_egg --dist-dir /tmp/easy_install-a9nbuxol/openpyxl-2.4.1/egg-dist-tmp-at4rdq6j
no previously-included directories found matching 'openpyxl/tests'
no previously-included directories found matching 'openpyxl/sample'
no previously-included directories found matching 'openpyxl/benchmarks'
no previously-included directories found matching 'openpyxl/develop'
warning: no previously-included files matching 'test_*.py' found under directory 'openpyxl'
warning: no previously-included files matching 'tests/*.py' found under directory 'openpyxl'
zip_safe flag not set; analyzing archive contents...
openpyxl.__pycache__.__init__.cpython-35: module references __file__
creating /home/travis/build/jacebrowning/doorstop/env/lib/python3.5/site-packages/openpyxl-2.4.1-py3.5.egg
Extracting openpyxl-2.4.1-py3.5.egg to /home/travis/build/jacebrowning/doorstop/env/lib/python3.5/site-packages
Adding openpyxl 2.4.1 to easy-install.pth file

Installed /home/travis/build/jacebrowning/doorstop/env/lib/python3.5/site-packages/openpyxl-2.4.1-py3.5.egg
Searching for Markdown<3,>=2
Reading https://pypi.python.org/simple/Markdown/
Best match: Markdown 2.6.7
Downloading https://pypi.python.org/packages/d4/32/642bd580c577af37b00a1eb59b0eaa996f2d11dfe394f3dd0c7a8a2de81a/Markdown-2.6.7.tar.gz#md5=a06f1c5d462b32e0e8da014e9eebb0d9
Processing Markdown-2.6.7.tar.gz
Writing /tmp/easy_install-ie4jsiwv/Markdown-2.6.7/setup.cfg
Running Markdown-2.6.7/setup.py -q bdist_egg --dist-dir /tmp/easy_install-ie4jsiwv/Markdown-2.6.7/egg-dist-tmp-4m441bvo
zip_safe flag not set; analyzing archive contents...
Moving Markdown-2.6.7-py3.5.egg to /home/travis/build/jacebrowning/doorstop/env/lib/python3.5/site-packages
Adding Markdown 2.6.7 to easy-install.pth file
Installing markdown_py script to /home/travis/build/jacebrowning/doorstop/env/bin

Installed /home/travis/build/jacebrowning/doorstop/env/lib/python3.5/site-packages/Markdown-2.6.7-py3.5.egg
Searching for PyYAML<4,>=3.10
Reading https://pypi.python.org/simple/PyYAML/
Best match: PyYAML 3.12
Downloading https://pypi.python.org/packages/6b/f0/a0250248ea260d55748fff586d89a32afbb22656f4498b08d2636a48d4ec/PyYAML-3.12.zip#md5=aa5e762e79b19bb80dbcf04f82178832
Processing PyYAML-3.12.zip
Writing /tmp/easy_install-znw47feu/PyYAML-3.12/setup.cfg
Running PyYAML-3.12/setup.py -q bdist_egg --dist-dir /tmp/easy_install-znw47feu/PyYAML-3.12/egg-dist-tmp-svvnhczt
In file included from ext/_yaml.c:271:0:
ext/_yaml.h:10:0: warning: "PyString_CheckExact" redefined [enabled by default]
ext/_yaml.c:139:0: note: this is the location of the previous definition
ext/_yaml.c: In function â€˜__pyx_pf_5_yaml_get_version_stringâ€™:
ext/_yaml.c:1410:17: warning: assignment discards â€˜constâ€™ qualifier from pointer target type [enabled by default]
ext/_yaml.c: In function â€˜__pyx_pf_5_yaml_7CParser___init__â€™:
ext/_yaml.c:2577:5: warning: passing argument 2 of â€˜yaml_parser_set_inputâ€™ from incompatible pointer type [enabled by default]
/usr/include/yaml.h:1367:1: note: expected â€˜int (*)(void *, unsigned char *, size_t,  size_t *)â€™ but argument is of type â€˜int (*)(void *, char *, size_t,  size_t *)â€™
ext/_yaml.c:2818:5: warning: pointer targets in passing argument 2 of â€˜yaml_parser_set_input_stringâ€™ differ in signedness [-Wpointer-sign]
/usr/include/yaml.h:1341:1: note: expected â€˜const unsigned char *â€™ but argument is of type â€˜char *â€™
ext/_yaml.c: In function â€˜__pyx_f_5_yaml_7CParser__token_to_objectâ€™:
ext/_yaml.c:4572:5: warning: pointer targets in passing argument 1 of â€˜PyUnicode_FromStringâ€™ differ in signedness [-Wpointer-sign]
/opt/python/3.5.2/include/python3.5m/unicodeobject.h:718:23: note: expected â€˜const char *â€™ but argument is of type â€˜yaml_char_t *â€™
ext/_yaml.c:4584:5: warning: pointer targets in passing argument 1 of â€˜PyUnicode_FromStringâ€™ differ in signedness [-Wpointer-sign]
/opt/python/3.5.2/include/python3.5m/unicodeobject.h:718:23: note: expected â€˜const char *â€™ but argument is of type â€˜yaml_char_t *â€™
ext/_yaml.c:5444:5: warning: pointer targets in passing argument 1 of â€˜PyUnicode_FromStringâ€™ differ in signedness [-Wpointer-sign]
/opt/python/3.5.2/include/python3.5m/unicodeobject.h:718:23: note: expected â€˜const char *â€™ but argument is of type â€˜yaml_char_t *â€™
ext/_yaml.c:5518:5: warning: pointer targets in passing argument 1 of â€˜PyUnicode_FromStringâ€™ differ in signedness [-Wpointer-sign]
/opt/python/3.5.2/include/python3.5m/unicodeobject.h:718:23: note: expected â€˜const char *â€™ but argument is of type â€˜yaml_char_t *â€™
ext/_yaml.c:5592:5: warning: pointer targets in passing argument 1 of â€˜PyUnicode_FromStringâ€™ differ in signedness [-Wpointer-sign]
/opt/python/3.5.2/include/python3.5m/unicodeobject.h:718:23: note: expected â€˜const char *â€™ but argument is of type â€˜yaml_char_t *â€™
ext/_yaml.c:5604:5: warning: pointer targets in passing argument 1 of â€˜PyUnicode_FromStringâ€™ differ in signedness [-Wpointer-sign]
/opt/python/3.5.2/include/python3.5m/unicodeobject.h:718:23: note: expected â€˜const char *â€™ but argument is of type â€˜yaml_char_t *â€™
ext/_yaml.c:5716:5: warning: pointer targets in passing argument 1 of â€˜PyUnicode_DecodeUTF8â€™ differ in signedness [-Wpointer-sign]
/opt/python/3.5.2/include/python3.5m/unicodeobject.h:1268:23: note: expected â€˜const char *â€™ but argument is of type â€˜yaml_char_t *â€™
ext/_yaml.c: In function â€˜__pyx_f_5_yaml_7CParser__event_to_objectâ€™:
ext/_yaml.c:7424:9: warning: pointer targets in passing argument 1 of â€˜PyUnicode_FromStringâ€™ differ in signedness [-Wpointer-sign]
/opt/python/3.5.2/include/python3.5m/unicodeobject.h:718:23: note: expected ï¿½ï¿½ï¿½const char *â€™ but argument is of type â€˜yaml_char_t *â€™
ext/_yaml.c:7436:9: warning: pointer targets in passing argument 1 of â€˜PyUnicode_FromStringâ€™ differ in signedness [-Wpointer-sign]
/opt/python/3.5.2/include/python3.5m/unicodeobject.h:718:23: note: expected â€˜const char *â€™ but argument is of type â€˜yaml_char_t *â€™
ext/_yaml.c:7655:5: warning: pointer targets in passing argument 1 of â€˜PyUnicode_FromStringâ€™ differ in signedness [-Wpointer-sign]
/opt/python/3.5.2/include/python3.5m/unicodeobject.h:718:23: note: expected â€˜const char *â€™ but argument is of type â€˜yaml_char_t *â€™
ext/_yaml.c:7749:7: warning: pointer targets in passing argument 1 of â€˜PyUnicode_FromStringâ€™ differ in signedness [-Wpointer-sign]
/opt/python/3.5.2/include/python3.5m/unicodeobject.h:718:23: note: expected â€˜const char *â€™ but argument is of type â€˜yaml_char_t *â€™
ext/_yaml.c:7790:7: warning: pointer targets in passing argument 1 of â€˜PyUnicode_FromStringâ€™ differ in signedness [-Wpointer-sign]
/opt/python/3.5.2/include/python3.5m/unicodeobject.h:718:23: note: expected â€˜const char *â€™ but argument is of type â€˜yaml_char_t *â€™
ext/_yaml.c:7811:5: warning: pointer targets in passing argument 1 of â€˜PyUnicode_DecodeUTF8â€™ differ in signedness [-Wpointer-sign]
/opt/python/3.5.2/include/python3.5m/unicodeobject.h:1268:23: note: expected â€˜const char *â€™ but argument is of type â€˜yaml_char_t *â€™
ext/_yaml.c:8179:7: warning: pointer targets in passing argument 1 of â€˜PyUnicode_FromStringâ€™ differ in signedness [-Wpointer-sign]
/opt/python/3.5.2/include/python3.5m/unicodeobject.h:718:23: note: expected â€˜const char *â€™ but argument is of type â€˜yaml_char_t *â€™
ext/_yaml.c:8220:7: warning: pointer targets in passing argument 1 of â€˜PyUnicode_FromStringâ€™ differ in signedness [-Wpointer-sign]
/opt/python/3.5.2/include/python3.5m/unicodeobject.h:718:23: note: expected â€˜const char *â€™ but argument is of type â€˜yaml_char_t *â€™
ext/_yaml.c:8449:7: warning: pointer targets in passing argument 1 of â€˜PyUnicode_FromStringâ€™ differ in signedness [-Wpointer-sign]
/opt/python/3.5.2/include/python3.5m/unicodeobject.h:718:23: note: expected â€˜const char *â€™ but argument is of type â€˜yaml_char_t *â€™
ext/_yaml.c:8490:7: warning: pointer targets in passing argument 1 of â€˜PyUnicode_FromStringâ€™ differ in signedness [-Wpointer-sign]
/opt/python/3.5.2/include/python3.5m/unicodeobject.h:718:23: note: expected â€˜const char *â€™ but argument is of type â€˜yaml_char_t *â€™
ext/_yaml.c: In function â€˜__pyx_f_5_yaml_7CParser__compose_nodeâ€™:
ext/_yaml.c:10094:5: warning: pointer targets in passing argument 1 of â€˜PyUnicode_FromStringâ€™ differ in signedness [-Wpointer-sign]
/opt/python/3.5.2/include/python3.5m/unicodeobject.h:718:23: note: expected â€˜const char *â€™ but argument is of type â€˜yaml_char_t *â€™
ext/_yaml.c:10378:5: warning: pointer targets in passing argument 1 of â€˜PyUnicode_FromStringâ€™ differ in signedness [-Wpointer-sign]
/opt/python/3.5.2/include/python3.5m/unicodeobject.h:718:23: note: expected â€˜const char *â€™ but argument is of type â€˜yaml_char_t *â€™
ext/_yaml.c:10434:5: warning: pointer targets in passing argument 1 of â€˜PyUnicode_FromStringâ€™ differ in signedness [-Wpointer-sign]
/opt/python/3.5.2/include/python3.5m/unicodeobject.h:718:23: note: expected â€˜const char *â€™ but argument is of type â€˜yaml_char_t *â€™
ext/_yaml.c:10490:5: warning: pointer targets in passing argument 1 of â€˜PyUnicode_FromStringâ€™ differ in signedness [-Wpointer-sign]
/opt/python/3.5.2/include/python3.5m/unicodeobject.h:718:23: note: expected â€˜const char *â€™ but argument is of type â€˜yaml_char_t *â€™
ext/_yaml.c: In function â€˜__pyx_f_5_yaml_7CParser__compose_scalar_nodeâ€™:
ext/_yaml.c:11109:3: warning: pointer targets in passing argument 1 of â€˜PyUnicode_DecodeUTF8â€™ differ in signedness [-Wpointer-sign]
/opt/python/3.5.2/include/python3.5m/unicodeobject.h:1268:23: note: expected â€˜const char *â€™ but argument is of type â€˜yaml_char_t *â€™
ext/_yaml.c:11310:5: warning: pointer targets in passing argument 1 of â€˜PyUnicode_FromStringâ€™ differ in signedness [-Wpointer-sign]
/opt/python/3.5.2/include/python3.5m/unicodeobject.h:718:23: note: expected â€˜const char *â€™ but argument is of type â€˜yaml_char_t *â€™
ext/_yaml.c: In function â€˜__pyx_f_5_yaml_7CParser__compose_sequence_nodeâ€™:
ext/_yaml.c:11841:5: warning: pointer targets in passing argument 1 of â€˜PyUnicode_FromStringâ€™ differ in signedness [-Wpointer-sign]
/opt/python/3.5.2/include/python3.5m/unicodeobject.h:718:23: note: expected â€˜const char *â€™ but argument is of type â€˜yaml_char_t *â€™
ext/_yaml.c: In function â€˜__pyx_f_5_yaml_7CParser__compose_mapping_nodeâ€™:
ext/_yaml.c:12435:5: warning: pointer targets in passing argument 1 of â€˜PyUnicode_FromStringâ€™ differ in signedness [-Wpointer-sign]
/opt/python/3.5.2/include/python3.5m/unicodeobject.h:718:23: note: expected â€˜const char *â€™ but argument is of type â€˜yaml_char_t *â€™
ext/_yaml.c: In function â€˜__pyx_f_5_yaml_input_handlerâ€™:
ext/_yaml.c:13141:87: warning: comparison between signed and unsigned integer expressions [-Wsign-compare]
ext/_yaml.c: In function â€˜__pyx_pf_5_yaml_8CEmitter___init__â€™:
ext/_yaml.c:13630:3: warning: passing argument 2 of â€˜yaml_emitter_set_outputâ€™ from incompatible pointer type [enabled by default]
/usr/include/yaml.h:1829:1: note: expected â€˜int (*)(void *, unsigned char *, size_t)â€™ but argument is of type â€˜int (*)(void *, char *, size_t)â€™
ext/_yaml.c: In function â€˜__pyx_f_5_yaml_8CEmitter__object_to_eventâ€™:
ext/_yaml.c:15002:44: warning: pointer targets in assignment differ in signedness [-Wpointer-sign]
ext/_yaml.c:15117:44: warning: pointer targets in assignment differ in signedness [-Wpointer-sign]
ext/_yaml.c:15454:5: warning: pointer targets in passing argument 2 of â€˜yaml_alias_event_initializeâ€™ differ in signedness [-Wpointer-sign]
/usr/include/yaml.h:553:1: note: expected â€˜yaml_char_t *â€™ but argument is of type â€˜char *â€™
ext/_yaml.c:16169:5: warning: pointer targets in passing argument 2 of â€˜yaml_scalar_event_initializeâ€™ differ in signedness [-Wpointer-sign]
/usr/include/yaml.h:578:1: note: expected â€˜yaml_char_t *â€™ but argument is of type â€˜char *â€™
ext/_yaml.c:16169:5: warning: pointer targets in passing argument 3 of â€˜yaml_scalar_event_initializeâ€™ differ in signedness [-Wpointer-sign]
/usr/include/yaml.h:578:1: note: expected â€˜yaml_char_t *â€™ but argument is of type â€˜char *â€™
ext/_yaml.c:16169:5: warning: pointer targets in passing argument 4 of â€˜yaml_scalar_event_initializeâ€™ differ in signedness [-Wpointer-sign]
/usr/include/yaml.h:578:1: note: expected â€˜yaml_char_t *â€™ but argument is of type â€˜char *â€™
ext/_yaml.c:16603:5: warning: pointer targets in passing argument 2 of â€˜yaml_sequence_start_event_initializeâ€™ differ in signedness [-Wpointer-sign]
/usr/include/yaml.h:601:1: note: expected â€˜yaml_char_t *â€™ but argument is of type â€˜char *â€™
ext/_yaml.c:16603:5: warning: pointer targets in passing argument 3 of â€˜yaml_sequence_start_event_initializeâ€™ differ in signedness [-Wpointer-sign]
/usr/include/yaml.h:601:1: note: expected â€˜yaml_char_t *â€™ but argument is of type â€˜char *â€™
ext/_yaml.c:17037:5: warning: pointer targets in passing argument 2 of â€˜yaml_mapping_start_event_initializeâ€™ differ in signedness [-Wpointer-sign]
/usr/include/yaml.h:633:1: note: expected â€˜yaml_char_t *â€™ but argument is of type â€˜char *â€™
ext/_yaml.c:17037:5: warning: pointer targets in passing argument 3 of â€˜yaml_mapping_start_event_initializeâ€™ differ in signedness [-Wpointer-sign]
/usr/include/yaml.h:633:1: note: expected â€˜yaml_char_t *â€™ but argument is of type â€˜char *â€™
ext/_yaml.c: In function â€˜__pyx_pf_5_yaml_8CEmitter_12serializeâ€™:
ext/_yaml.c:18516:42: warning: pointer targets in assignment differ in signedness [-Wpointer-sign]
ext/_yaml.c:18631:42: warning: pointer targets in assignment differ in signedness [-Wpointer-sign]
ext/_yaml.c: In function â€˜__pyx_f_5_yaml_8CEmitter__serialize_nodeâ€™:
ext/_yaml.c:19491:5: warning: pointer targets in passing argument 2 of â€˜yaml_alias_event_initializeâ€™ differ in signedness [-Wpointer-sign]
/usr/include/yaml.h:553:1: note: expected â€˜yaml_char_t *â€™ but argument is of type â€˜char *â€™
ext/_yaml.c:20240:7: warning: pointer targets in passing argument 2 of â€˜yaml_scalar_event_initializeâ€™ differ in signedness [-Wpointer-sign]
/usr/include/yaml.h:578:1: note: expected â€˜yaml_char_t *â€™ but argument is of type â€˜char *â€™
ext/_yaml.c:20240:7: warning: pointer targets in passing argument 3 of â€˜yaml_scalar_event_initializeâ€™ differ in signedness [-Wpointer-sign]
/usr/include/yaml.h:578:1: note: expected â€˜yaml_char_t *â€™ but argument is of type â€˜char *â€™
ext/_yaml.c:20240:7: warning: pointer targets in passing argument 4 of â€˜yaml_scalar_event_initializeâ€™ differ in signedness [-Wpointer-sign]
/usr/include/yaml.h:578:1: note: expected â€˜yaml_char_t *â€™ but argument is of type â€˜char *â€™
ext/_yaml.c:20605:7: warning: pointer targets in passing argument 2 of â€˜yaml_sequence_start_event_initializeâ€™ differ in signedness [-Wpointer-sign]
/usr/include/yaml.h:601:1: note: expected â€˜yaml_char_t *â€™ but argument is of type â€˜char *â€™
ext/_yaml.c:20605:7: warning: pointer targets in passing argument 3 of â€˜yaml_sequence_start_event_initializeâ€™ differ in signedness [-Wpointer-sign]
/usr/include/yaml.h:601:1: note: expected â€˜yaml_char_t *â€™ but argument is of type â€˜char *â€™
ext/_yaml.c:21113:7: warning: pointer targets in passing argument 2 of â€˜yaml_mapping_start_event_initializeâ€™ differ in signedness [-Wpointer-sign]
/usr/include/yaml.h:633:1: note: expected â€˜yaml_char_t *â€™ but argument is of type â€˜char *â€™
ext/_yaml.c:21113:7: warning: pointer targets in passing argument 3 of â€˜yaml_mapping_start_event_initializeâ€™ differ in signedness [-Wpointer-sign]
/usr/include/yaml.h:633:1: note: expected â€˜yaml_char_t *â€™ but argument is of type â€˜char *â€™
zip_safe flag not set; analyzing archive contents...
__pycache__._yaml.cpython-35: module references __file__
creating /home/travis/build/jacebrowning/doorstop/env/lib/python3.5/site-packages/PyYAML-3.12-py3.5-linux-x86_64.egg
Extracting PyYAML-3.12-py3.5-linux-x86_64.egg to /home/travis/build/jacebrowning/doorstop/env/lib/python3.5/site-packages
Adding PyYAML 3.12 to easy-install.pth file

Installed /home/travis/build/jacebrowning/doorstop/env/lib/python3.5/site-packages/PyYAML-3.12-py3.5-linux-x86_64.egg
Searching for pygments>=2.0
Reading https://pypi.python.org/simple/pygments/
Best match: Pygments 2.1.3
Downloading https://pypi.python.org/packages/b8/67/ab177979be1c81bc99c8d0592ef22d547e70bb4c6815c383286ed5dec504/Pygments-2.1.3.tar.gz#md5=ed3fba2467c8afcda4d317e4ef2c6150
Processing Pygments-2.1.3.tar.gz
Writing /tmp/easy_install-2cfa97zs/Pygments-2.1.3/setup.cfg
Running Pygments-2.1.3/setup.py -q bdist_egg --dist-dir /tmp/easy_install-2cfa97zs/Pygments-2.1.3/egg-dist-tmp-dpj39m6z
creating /home/travis/build/jacebrowning/doorstop/env/lib/python3.5/site-packages/Pygments-2.1.3-py3.5.egg
Extracting Pygments-2.1.3-py3.5.egg to /home/travis/build/jacebrowning/doorstop/env/lib/python3.5/site-packages
Adding Pygments 2.1.3 to easy-install.pth file
Installing pygmentize script to /home/travis/build/jacebrowning/doorstop/env/bin

Installed /home/travis/build/jacebrowning/doorstop/env/lib/python3.5/site-packages/Pygments-2.1.3-py3.5.egg
Searching for coverage
Reading https://pypi.python.org/simple/coverage/
Best match: coverage 4.3.4
Downloading https://pypi.python.org/packages/6e/33/01cb50da2d0582c077299651038371dba988248058e03c7a7c4be0c84c40/coverage-4.3.4.tar.gz#md5=89759813309185efcf4af8b9f7762630
Processing coverage-4.3.4.tar.gz
Writing /tmp/easy_install-l40ejz9d/coverage-4.3.4/setup.cfg
Running coverage-4.3.4/setup.py -q bdist_egg --dist-dir /tmp/easy_install-l40ejz9d/coverage-4.3.4/egg-dist-tmp-jbpaq8fo
warning: no previously-included files found matching 'ci/appveyor.token'
no previously-included directories found matching 'doc/_build'
no previously-included directories found matching 'tests/eggsrc/build'
no previously-included directories found matching 'tests/eggsrc/dist'
no previously-included directories found matching 'tests/eggsrc/*.egg-info'
warning: no previously-included files matching '*.py[co]' found anywhere in distribution
creating /home/travis/build/jacebrowning/doorstop/env/lib/python3.5/site-packages/coverage-4.3.4-py3.5-linux-x86_64.egg
Extracting coverage-4.3.4-py3.5-linux-x86_64.egg to /home/travis/build/jacebrowning/doorstop/env/lib/python3.5/site-packages
Adding coverage 4.3.4 to easy-install.pth file
Installing coverage3 script to /home/travis/build/jacebrowning/doorstop/env/bin
Installing coverage-3.5 script to /home/travis/build/jacebrowning/doorstop/env/bin
Installing coverage script to /home/travis/build/jacebrowning/doorstop/env/bin

Installed /home/travis/build/jacebrowning/doorstop/env/lib/python3.5/site-packages/coverage-4.3.4-py3.5-linux-x86_64.egg
Searching for et-xmlfile
Reading https://pypi.python.org/simple/et_xmlfile/
Best match: et-xmlfile 1.0.1
Downloading https://pypi.python.org/packages/22/28/a99c42aea746e18382ad9fb36f64c1c1f04216f41797f2f0fa567da11388/et_xmlfile-1.0.1.tar.gz#md5=f47940fd9d556375420b2e276476cfaf
Processing et_xmlfile-1.0.1.tar.gz
Writing /tmp/easy_install-6k8_37xg/et_xmlfile-1.0.1/setup.cfg
Running et_xmlfile-1.0.1/setup.py -q bdist_egg --dist-dir /tmp/easy_install-6k8_37xg/et_xmlfile-1.0.1/egg-dist-tmp-yv64_bxt
zip_safe flag not set; analyzing archive contents...
et_xmlfile.tests.__pycache__.common_imports.cpython-35: module references __file__
creating /home/travis/build/jacebrowning/doorstop/env/lib/python3.5/site-packages/et_xmlfile-1.0.1-py3.5.egg
Extracting et_xmlfile-1.0.1-py3.5.egg to /home/travis/build/jacebrowning/doorstop/env/lib/python3.5/site-packages
Adding et-xmlfile 1.0.1 to easy-install.pth file

Installed /home/travis/build/jacebrowning/doorstop/env/lib/python3.5/site-packages/et_xmlfile-1.0.1-py3.5.egg
Searching for jdcal
Reading https://pypi.python.org/simple/jdcal/
Best match: jdcal 1.3
Downloading https://pypi.python.org/packages/9b/fa/40beb2aa43a13f740dd5be367a10a03270043787833409c61b79e69f1dfd/jdcal-1.3.tar.gz#md5=885ba61d28992f26acffec131bd2a17e
Processing jdcal-1.3.tar.gz
Writing /tmp/easy_install-se487n1b/jdcal-1.3/setup.cfg
Running jdcal-1.3/setup.py -q bdist_egg --dist-dir /tmp/easy_install-se487n1b/jdcal-1.3/egg-dist-tmp-2pgumz2t
zip_safe flag not set; analyzing archive contents...
Moving jdcal-1.3-py3.5.egg to /home/travis/build/jacebrowning/doorstop/env/lib/python3.5/site-packages
Adding jdcal 1.3 to easy-install.pth file

Installed /home/travis/build/jacebrowning/doorstop/env/lib/python3.5/site-packages/jdcal-1.3-py3.5.egg
Finished processing dependencies for Doorstop==1.2b1
touch Doorstop.egg-info  # flag to indicate package is installed

travis_time:end:01cbf08e:start=1484770361106330405,finish=1484770380394759108,duration=19288428703[0Ktravis_fold:end:before_script.1[0Ktravis_fold:start:before_script.2[0Ktravis_time:start:07c7ae19[0K$ make depends-ci
env/bin/pip install --upgrade pep8 pep257 pylint coverage nose
Collecting pep8
  Downloading pep8-1.7.0-py2.py3-none-any.whl (41kB)
[?25l[K    24% |â–ˆâ–ˆâ–ˆâ–ˆâ–ˆâ–ˆâ–ˆâ–ˆ                        | 10kB 19.6MB/s eta 0:00:01[K    49% |â–ˆâ–ˆâ–ˆâ–ˆâ–ˆâ–ˆâ–ˆâ–ˆâ–ˆâ–ˆâ–ˆâ–ˆâ–ˆâ–ˆâ–ˆâ–ˆ                | 20kB 19.3MB/s eta 0:00:01[K    74% |â–ˆâ–ˆâ–ˆâ–ˆâ–ˆâ–ˆâ–ˆâ–ˆâ–ˆâ–ˆâ–ˆâ–ˆâ–ˆâ–ˆâ–ˆâ–ˆâ–ˆâ–ˆâ–ˆâ–ˆâ–ˆâ–ˆâ–ˆâ–‰        | 30kB 8.2MB/s eta 0:00:01[K    99% |â–ˆâ–ˆâ–ˆâ–ˆâ–ˆâ–ˆâ–ˆâ–ˆâ–ˆâ–ˆâ–ˆâ–ˆâ–ˆâ–ˆâ–ˆâ–ˆâ–ˆâ–ˆâ–ˆâ–ˆâ–ˆâ–ˆâ–ˆâ–ˆâ–ˆâ–ˆâ–ˆâ–ˆâ–ˆâ–ˆâ–ˆâ–‰| 40kB 9.6MB/s eta 0:00:01[K    100% |â–ˆâ–ˆâ–ˆâ–ˆâ–ˆâ–ˆâ–ˆâ–ˆâ–ˆâ–ˆâ–ˆâ–ˆâ–ˆâ–ˆâ–ˆâ–ˆâ–ˆâ–ˆâ–ˆâ–ˆâ–ˆâ–ˆâ–ˆâ–ˆâ–ˆâ–ˆâ–ˆâ–ˆâ–ˆâ–ˆâ–ˆâ–ˆ| 51kB 5.2MB/s 
[?25hCollecting pep257
  Downloading pep257-0.7.0-py2.py3-none-any.whl
Collecting pylint
  Downloading pylint-1.6.4-py2.py3-none-any.whl (569kB)
[?25l[K    1% |â–‹                               | 10kB 50.2MB/s eta 0:00:01[K    3% |â–ˆâ–                              | 20kB 18.6MB/s eta 0:00:01[K    5% |â–ˆâ–Š                              | 30kB 23.4MB/s eta 0:00:01[K    7% |â–ˆâ–ˆâ–Ž                             | 40kB 9.4MB/s eta 0:00:01[K    8% |â–ˆâ–ˆâ–‰                             | 51kB 8.6MB/s eta 0:00:01[K    10% |â–ˆâ–ˆâ–ˆâ–Œ                            | 61kB 9.9MB/s eta 0:00:01[K    12% |â–ˆâ–ˆâ–ˆâ–ˆ                            | 71kB 9.1MB/s eta 0:00:01[K    14% |â–ˆâ–ˆâ–ˆâ–ˆâ–‹                           | 81kB 8.5MB/s eta 0:00:01[K    16% |â–ˆâ–ˆâ–ˆâ–ˆâ–ˆâ–                          | 92kB 9.3MB/s eta 0:00:01[K    17% |â–ˆâ–ˆâ–ˆâ–ˆâ–ˆâ–Š                          | 102kB 9.2MB/s eta 0:00:01[K    19% |â–ˆâ–ˆâ–ˆâ–ˆâ–ˆâ–ˆâ–Ž                         | 112kB 9.2MB/s eta 0:00:01[K    21% |â–ˆâ–ˆâ–ˆâ–ˆâ–ˆâ–ˆâ–ˆ                         | 122kB 9.5MB/s eta 0:00:01[K    23% |â–ˆâ–ˆâ–ˆâ–ˆâ–ˆâ–ˆâ–ˆâ–Œ                        | 133kB 8.0MB/s eta 0:00:01[K    25% |â–ˆâ–ˆâ–ˆâ–ˆâ–ˆâ–ˆâ–ˆâ–ˆ                        | 143kB 10.3MB/s eta 0:00:01[K    26% |â–ˆâ–ˆâ–ˆâ–ˆâ–ˆâ–ˆâ–ˆâ–ˆâ–‹                       | 153kB 11.1MB/s eta 0:00:01[K    28% |â–ˆâ–ˆâ–ˆâ–ˆâ–ˆâ–ˆâ–ˆâ–ˆâ–ˆâ–                      | 163kB 10.5MB/s eta 0:00:01[K    30% |â–ˆâ–ˆâ–ˆâ–ˆâ–ˆâ–ˆâ–ˆâ–ˆâ–ˆâ–‰                      | 174kB 12.3MB/s eta 0:00:01[K    32% |â–ˆâ–ˆâ–ˆâ–ˆâ–ˆâ–ˆâ–ˆâ–ˆâ–ˆâ–ˆâ–                     | 184kB 14.5MB/s eta 0:00:01[K    34% |â–ˆâ–ˆâ–ˆâ–ˆâ–ˆâ–ˆâ–ˆâ–ˆâ–ˆâ–ˆâ–ˆ                     | 194kB 14.4MB/s eta 0:00:01[K    35% |â–ˆâ–ˆâ–ˆâ–ˆâ–ˆâ–ˆâ–ˆâ–ˆâ–ˆâ–ˆâ–ˆâ–Œ                    | 204kB 15.1MB/s eta 0:00:01[K    37% |â–ˆâ–ˆâ–ˆâ–ˆâ–ˆâ–ˆâ–ˆâ–ˆâ–ˆâ–ˆâ–ˆâ–ˆ                    | 215kB 12.7MB/s eta 0:00:01[K    39% |â–ˆâ–ˆâ–ˆâ–ˆâ–ˆâ–ˆâ–ˆâ–ˆâ–ˆâ–ˆâ–ˆâ–ˆâ–‹                   | 225kB 13.2MB/s eta 0:00:01[K    41% |â–ˆâ–ˆâ–ˆâ–ˆâ–ˆâ–ˆâ–ˆâ–ˆâ–ˆâ–ˆâ–ˆâ–ˆâ–ˆâ–Ž                  | 235kB 16.4MB/s eta 0:00:01[K    43% |â–ˆâ–ˆâ–ˆâ–ˆâ–ˆâ–ˆâ–ˆâ–ˆâ–ˆâ–ˆâ–ˆâ–ˆâ–ˆâ–‰                  | 245kB 15.2MB/s eta 0:00:01[K    44% |â–ˆâ–ˆâ–ˆâ–ˆâ–ˆâ–ˆâ–ˆâ–ˆâ–ˆâ–ˆâ–ˆâ–ˆâ–ˆâ–ˆâ–                 | 256kB 16.9MB/s eta 0:00:01[K    46% |â–ˆâ–ˆâ–ˆâ–ˆâ–ˆâ–ˆâ–ˆâ–ˆâ–ˆâ–ˆâ–ˆâ–ˆâ–ˆâ–ˆâ–ˆ                 | 266kB 18.0MB/s eta 0:00:01[K    48% |â–ˆâ–ˆâ–ˆâ–ˆâ–ˆâ–ˆâ–ˆâ–ˆâ–ˆâ–ˆâ–ˆâ–ˆâ–ˆâ–ˆâ–ˆâ–Œ                | 276kB 18.2MB/s eta 0:00:01[K    50% |â–ˆâ–ˆâ–ˆâ–ˆâ–ˆâ–ˆâ–ˆâ–ˆâ–ˆâ–ˆâ–ˆâ–ˆâ–ˆâ–ˆâ–ˆâ–ˆâ–               | 286kB 17.4MB/s eta 0:00:01[K    52% |â–ˆâ–ˆâ–ˆâ–ˆâ–ˆâ–ˆâ–ˆâ–ˆâ–ˆâ–ˆâ–ˆâ–ˆâ–ˆâ–ˆâ–ˆâ–ˆâ–Š               | 296kB 16.6MB/s eta 0:00:01[K    53% |â–ˆâ–ˆâ–ˆâ–ˆâ–ˆâ–ˆâ–ˆâ–ˆâ–ˆâ–ˆâ–ˆâ–ˆâ–ˆâ–ˆâ–ˆâ–ˆâ–ˆâ–Ž              | 307kB 18.5MB/s eta 0:00:01[K    55% |â–ˆâ–ˆâ–ˆâ–ˆâ–ˆâ–ˆâ–ˆâ–ˆâ–ˆâ–ˆâ–ˆâ–ˆâ–ˆâ–ˆâ–ˆâ–ˆâ–ˆâ–‰              | 317kB 21.8MB/s eta 0:00:01[K    57% |â–ˆâ–ˆâ–ˆâ–ˆâ–ˆâ–ˆâ–ˆâ–ˆâ–ˆâ–ˆâ–ˆâ–ˆâ–ˆâ–ˆâ–ˆâ–ˆâ–ˆâ–ˆâ–             | 327kB 20.2MB/s eta 0:00:01[K    59% |â–ˆâ–ˆâ–ˆâ–ˆâ–ˆâ–ˆâ–ˆâ–ˆâ–ˆâ–ˆâ–ˆâ–ˆâ–ˆâ–ˆâ–ˆâ–ˆâ–ˆâ–ˆâ–ˆ             | 337kB 22.2MB/s eta 0:00:01[K    61% |â–ˆâ–ˆâ–ˆâ–ˆâ–ˆâ–ˆâ–ˆâ–ˆâ–ˆâ–ˆâ–ˆâ–ˆâ–ˆâ–ˆâ–ˆâ–ˆâ–ˆâ–ˆâ–ˆâ–‹            | 348kB 24.2MB/s eta 0:00:01[K    62% |â–ˆâ–ˆâ–ˆâ–ˆâ–ˆâ–ˆâ–ˆâ–ˆâ–ˆâ–ˆâ–ˆâ–ˆâ–ˆâ–ˆâ–ˆâ–ˆâ–ˆâ–ˆâ–ˆâ–ˆâ–           | 358kB 24.4MB/s eta 0:00:01[K    64% |â–ˆâ–ˆâ–ˆâ–ˆâ–ˆâ–ˆâ–ˆâ–ˆâ–ˆâ–ˆâ–ˆâ–ˆâ–ˆâ–ˆâ–ˆâ–ˆâ–ˆâ–ˆâ–ˆâ–ˆâ–Š           | 368kB 22.5MB/s eta 0:00:01[K    66% |â–ˆâ–ˆâ–ˆâ–ˆâ–ˆâ–ˆâ–ˆâ–ˆâ–ˆâ–ˆâ–ˆâ–ˆâ–ˆâ–ˆâ–ˆâ–ˆâ–ˆâ–ˆâ–ˆâ–ˆâ–ˆâ–Ž          | 378kB 21.1MB/s eta 0:00:01[K    68% |â–ˆâ–ˆâ–ˆâ–ˆâ–ˆâ–ˆâ–ˆâ–ˆâ–ˆâ–ˆâ–ˆâ–ˆâ–ˆâ–ˆâ–ˆâ–ˆâ–ˆâ–ˆâ–ˆâ–ˆâ–ˆâ–‰          | 389kB 23.7MB/s eta 0:00:01[K    70% |â–ˆâ–ˆâ–ˆâ–ˆâ–ˆâ–ˆâ–ˆâ–ˆâ–ˆâ–ˆâ–ˆâ–ˆâ–ˆâ–ˆâ–ˆâ–ˆâ–ˆâ–ˆâ–ˆâ–ˆâ–ˆâ–ˆâ–Œ         | 399kB 24.9MB/s eta 0:00:01[K    71% |â–ˆâ–ˆâ–ˆâ–ˆâ–ˆâ–ˆâ–ˆâ–ˆâ–ˆâ–ˆâ–ˆâ–ˆâ–ˆâ–ˆâ–ˆâ–ˆâ–ˆâ–ˆâ–ˆâ–ˆâ–ˆâ–ˆâ–ˆ         | 409kB 23.0MB/s eta 0:00:01[K    73% |â–ˆâ–ˆâ–ˆâ–ˆâ–ˆâ–ˆâ–ˆâ–ˆâ–ˆâ–ˆâ–ˆâ–ˆâ–ˆâ–ˆâ–ˆâ–ˆâ–ˆâ–ˆâ–ˆâ–ˆâ–ˆâ–ˆâ–ˆâ–‹        | 419kB 25.8MB/s eta 0:00:01[K    75% |â–ˆâ–ˆâ–ˆâ–ˆâ–ˆâ–ˆâ–ˆâ–ˆâ–ˆâ–ˆâ–ˆâ–ˆâ–ˆâ–ˆâ–ˆâ–ˆâ–ˆâ–ˆâ–ˆâ–ˆâ–ˆâ–ˆâ–ˆâ–ˆâ–       | 430kB 27.8MB/s eta 0:00:01[K    77% |â–ˆâ–ˆâ–ˆâ–ˆâ–ˆâ–ˆâ–ˆâ–ˆâ–ˆâ–ˆâ–ˆâ–ˆâ–ˆâ–ˆâ–ˆâ–ˆâ–ˆâ–ˆâ–ˆâ–ˆâ–ˆâ–ˆâ–ˆâ–ˆâ–Š       | 440kB 27.8MB/s eta 0:00:01[K    79% |â–ˆâ–ˆâ–ˆâ–ˆâ–ˆâ–ˆâ–ˆâ–ˆâ–ˆâ–ˆâ–ˆâ–ˆâ–ˆâ–ˆâ–ˆâ–ˆâ–ˆâ–ˆâ–ˆâ–ˆâ–ˆâ–ˆâ–ˆâ–ˆâ–ˆâ–Ž      | 450kB 25.3MB/s eta 0:00:01[K    80% |â–ˆâ–ˆâ–ˆâ–ˆâ–ˆâ–ˆâ–ˆâ–ˆâ–ˆâ–ˆâ–ˆâ–ˆâ–ˆâ–ˆâ–ˆâ–ˆâ–ˆâ–ˆâ–ˆâ–ˆâ–ˆâ–ˆâ–ˆâ–ˆâ–ˆâ–ˆ      | 460kB 24.6MB/s eta 0:00:01[K    82% |â–ˆâ–ˆâ–ˆâ–ˆâ–ˆâ–ˆâ–ˆâ–ˆâ–ˆâ–ˆâ–ˆâ–ˆâ–ˆâ–ˆâ–ˆâ–ˆâ–ˆâ–ˆâ–ˆâ–ˆâ–ˆâ–ˆâ–ˆâ–ˆâ–ˆâ–ˆâ–Œ     | 471kB 28.0MB/s eta 0:00:01[K    84% |â–ˆâ–ˆâ–ˆâ–ˆâ–ˆâ–ˆâ–ˆâ–ˆâ–ˆâ–ˆâ–ˆâ–ˆâ–ˆâ–ˆâ–ˆâ–ˆâ–ˆâ–ˆâ–ˆâ–ˆâ–ˆâ–ˆâ–ˆâ–ˆâ–ˆâ–ˆâ–ˆ     | 481kB 29.4MB/s eta 0:00:01[K    86% |â–ˆâ–ˆâ–ˆâ–ˆâ–ˆâ–ˆâ–ˆâ–ˆâ–ˆâ–ˆâ–ˆâ–ˆâ–ˆâ–ˆâ–ˆâ–ˆâ–ˆâ–ˆâ–ˆâ–ˆâ–ˆâ–ˆâ–ˆâ–ˆâ–ˆâ–ˆâ–ˆâ–‹    | 491kB 28.3MB/s eta 0:00:01[K    88% |â–ˆâ–ˆâ–ˆâ–ˆâ–ˆâ–ˆâ–ˆâ–ˆâ–ˆâ–ˆâ–ˆâ–ˆâ–ˆâ–ˆâ–ˆâ–ˆâ–ˆâ–ˆâ–ˆâ–ˆâ–ˆâ–ˆâ–ˆâ–ˆâ–ˆâ–ˆâ–ˆâ–ˆâ–   | 501kB 28.6MB/s eta 0:00:01[K    89% |â–ˆâ–ˆâ–ˆâ–ˆâ–ˆâ–ˆâ–ˆâ–ˆâ–ˆâ–ˆâ–ˆâ–ˆâ–ˆâ–ˆâ–ˆâ–ˆâ–ˆâ–ˆâ–ˆâ–ˆâ–ˆâ–ˆâ–ˆâ–ˆâ–ˆâ–ˆâ–ˆâ–ˆâ–‰   | 512kB 30.8MB/s eta 0:00:01[K    91% |â–ˆâ–ˆâ–ˆâ–ˆâ–ˆâ–ˆâ–ˆâ–ˆâ–ˆâ–ˆâ–ˆâ–ˆâ–ˆâ–ˆâ–ˆâ–ˆâ–ˆâ–ˆâ–ˆâ–ˆâ–ˆâ–ˆâ–ˆâ–ˆâ–ˆâ–ˆâ–ˆâ–ˆâ–ˆâ–  | 522kB 29.7MB/s eta 0:00:01[K    93% |â–ˆâ–ˆâ–ˆâ–ˆâ–ˆâ–ˆâ–ˆâ–ˆâ–ˆâ–ˆâ–ˆâ–ˆâ–ˆâ–ˆâ–ˆâ–ˆâ–ˆâ–ˆâ–ˆâ–ˆâ–ˆâ–ˆâ–ˆâ–ˆâ–ˆâ–ˆâ–ˆâ–ˆâ–ˆâ–ˆ  | 532kB 30.4MB/s eta 0:00:01[K    95% |â–ˆâ–ˆâ–ˆâ–ˆâ–ˆâ–ˆâ–ˆâ–ˆâ–ˆâ–ˆâ–ˆâ–ˆâ–ˆâ–ˆâ–ˆâ–ˆâ–ˆâ–ˆâ–ˆâ–ˆâ–ˆâ–ˆâ–ˆâ–ˆâ–ˆâ–ˆâ–ˆâ–ˆâ–ˆâ–ˆâ–Œ | 542kB 29.3MB/s eta 0:00:01[K    97% |â–ˆâ–ˆâ–ˆâ–ˆâ–ˆâ–ˆâ–ˆâ–ˆâ–ˆâ–ˆâ–ˆâ–ˆâ–ˆâ–ˆâ–ˆâ–ˆâ–ˆâ–ˆâ–ˆâ–ˆâ–ˆâ–ˆâ–ˆâ–ˆâ–ˆâ–ˆâ–ˆâ–ˆâ–ˆâ–ˆâ–ˆ | 552kB 34.2MB/s eta 0:00:01[K    98% |â–ˆâ–ˆâ–ˆâ–ˆâ–ˆâ–ˆâ–ˆâ–ˆâ–ˆâ–ˆâ–ˆâ–ˆâ–ˆâ–ˆâ–ˆâ–ˆâ–ˆâ–ˆâ–ˆâ–ˆâ–ˆâ–ˆâ–ˆâ–ˆâ–ˆâ–ˆâ–ˆâ–ˆâ–ˆâ–ˆâ–ˆâ–‹| 563kB 35.1MB/s eta 0:00:01[K    100% |â–ˆâ–ˆâ–ˆâ–ˆâ–ˆâ–ˆâ–ˆâ–ˆâ–ˆâ–ˆâ–ˆâ–ˆâ–ˆâ–ˆâ–ˆâ–ˆâ–ˆâ–ˆâ–ˆâ–ˆâ–ˆâ–ˆâ–ˆâ–ˆâ–ˆâ–ˆâ–ˆâ–ˆâ–ˆâ–ˆâ–ˆâ–ˆ| 573kB 2.6MB/s 
[?25hRequirement already up-to-date: coverage in ./env/lib/python3.5/site-packages/coverage-4.3.4-py3.5-linux-x86_64.egg
Collecting nose
  Downloading nose-1.3.7-py3-none-any.whl (154kB)
[?25l[K    6% |â–ˆâ–ˆâ–                             | 10kB 33.7MB/s eta 0:00:01[K    13% |â–ˆâ–ˆâ–ˆâ–ˆâ–Ž                           | 20kB 28.9MB/s eta 0:00:01[K    19% |â–ˆâ–ˆâ–ˆâ–ˆâ–ˆâ–ˆâ–                         | 30kB 33.9MB/s eta 0:00:01[K    26% |â–ˆâ–ˆâ–ˆâ–ˆâ–ˆâ–ˆâ–ˆâ–ˆâ–Œ                       | 40kB 34.5MB/s eta 0:00:01[K    33% |â–ˆâ–ˆâ–ˆâ–ˆâ–ˆâ–ˆâ–ˆâ–ˆâ–ˆâ–ˆâ–‹                     | 51kB 35.1MB/s eta 0:00:01[K    39% |â–ˆâ–ˆâ–ˆâ–ˆâ–ˆâ–ˆâ–ˆâ–ˆâ–ˆâ–ˆâ–ˆâ–ˆâ–Š                   | 61kB 37.3MB/s eta 0:00:01[K    46% |â–ˆâ–ˆâ–ˆâ–ˆâ–ˆâ–ˆâ–ˆâ–ˆâ–ˆâ–ˆâ–ˆâ–ˆâ–ˆâ–ˆâ–‰                 | 71kB 38.2MB/s eta 0:00:01[K    52% |â–ˆâ–ˆâ–ˆâ–ˆâ–ˆâ–ˆâ–ˆâ–ˆâ–ˆâ–ˆâ–ˆâ–ˆâ–ˆâ–ˆâ–ˆâ–ˆâ–ˆ               | 81kB 38.6MB/s eta 0:00:01[K    59% |â–ˆâ–ˆâ–ˆâ–ˆâ–ˆâ–ˆâ–ˆâ–ˆâ–ˆâ–ˆâ–ˆâ–ˆâ–ˆâ–ˆâ–ˆâ–ˆâ–ˆâ–ˆâ–ˆ             | 92kB 39.8MB/s eta 0:00:01[K    66% |â–ˆâ–ˆâ–ˆâ–ˆâ–ˆâ–ˆâ–ˆâ–ˆâ–ˆâ–ˆâ–ˆâ–ˆâ–ˆâ–ˆâ–ˆâ–ˆâ–ˆâ–ˆâ–ˆâ–ˆâ–ˆâ–          | 102kB 40.3MB/s eta 0:00:01[K    72% |â–ˆâ–ˆâ–ˆâ–ˆâ–ˆâ–ˆâ–ˆâ–ˆâ–ˆâ–ˆâ–ˆâ–ˆâ–ˆâ–ˆâ–ˆâ–ˆâ–ˆâ–ˆâ–ˆâ–ˆâ–ˆâ–ˆâ–ˆâ–Ž        | 112kB 42.3MB/s eta 0:00:01[K    79% |â–ˆâ–ˆâ–ˆâ–ˆâ–ˆâ–ˆâ–ˆâ–ˆâ–ˆâ–ˆâ–ˆâ–ˆâ–ˆâ–ˆâ–ˆâ–ˆâ–ˆâ–ˆâ–ˆâ–ˆâ–ˆâ–ˆâ–ˆâ–ˆâ–ˆâ–      | 122kB 45.7MB/s eta 0:00:01[K    86% |â–ˆâ–ˆâ–ˆâ–ˆâ–ˆâ–ˆâ–ˆâ–ˆâ–ˆâ–ˆâ–ˆâ–ˆâ–ˆâ–ˆâ–ˆâ–ˆâ–ˆâ–ˆâ–ˆâ–ˆâ–ˆâ–ˆâ–ˆâ–ˆâ–ˆâ–ˆâ–ˆâ–Œ    | 133kB 45.0MB/s eta 0:00:01[K    92% |â–ˆâ–ˆâ–ˆâ–ˆâ–ˆâ–ˆâ–ˆâ–ˆâ–ˆâ–ˆâ–ˆâ–ˆâ–ˆâ–ˆâ–ˆâ–ˆâ–ˆâ–ˆâ–ˆâ–ˆâ–ˆâ–ˆâ–ˆâ–ˆâ–ˆâ–ˆâ–ˆâ–ˆâ–ˆâ–‹  | 143kB 46.0MB/s eta 0:00:01[K    99% |â–ˆâ–ˆâ–ˆâ–ˆâ–ˆâ–ˆâ–ˆâ–ˆâ–ˆâ–ˆâ–ˆâ–ˆâ–ˆâ–ˆâ–ˆâ–ˆâ–ˆâ–ˆâ–ˆâ–ˆâ–ˆâ–ˆâ–ˆâ–ˆâ–ˆâ–ˆâ–ˆâ–ˆâ–ˆâ–ˆâ–ˆâ–Š| 153kB 47.3MB/s eta 0:00:01[K    100% |â–ˆâ–ˆâ–ˆâ–ˆâ–ˆâ–ˆâ–ˆâ–ˆâ–ˆâ–ˆâ–ˆâ–ˆâ–ˆâ–ˆâ–ˆâ–ˆâ–ˆâ–ˆâ–ˆâ–ˆâ–ˆâ–ˆâ–ˆâ–ˆâ–ˆâ–ˆâ–ˆâ–ˆâ–ˆâ–ˆâ–ˆâ–ˆ| 163kB 8.1MB/s 
[?25hCollecting isort>=4.2.5 (from pylint)
  Downloading isort-4.2.5-py2.py3-none-any.whl (40kB)
[?25l[K    25% |â–ˆâ–ˆâ–ˆâ–ˆâ–ˆâ–ˆâ–ˆâ–ˆ                        | 10kB 50.6MB/s eta 0:00:01[K    50% |â–ˆâ–ˆâ–ˆâ–ˆâ–ˆâ–ˆâ–ˆâ–ˆâ–ˆâ–ˆâ–ˆâ–ˆâ–ˆâ–ˆâ–ˆâ–ˆ                | 20kB 41.5MB/s eta 0:00:01[K    75% |â–ˆâ–ˆâ–ˆâ–ˆâ–ˆâ–ˆâ–ˆâ–ˆâ–ˆâ–ˆâ–ˆâ–ˆâ–ˆâ–ˆâ–ˆâ–ˆâ–ˆâ–ˆâ–ˆâ–ˆâ–ˆâ–ˆâ–ˆâ–ˆ        | 30kB 45.0MB/s eta 0:00:01[K    100% |â–ˆâ–ˆâ–ˆâ–ˆâ–ˆâ–ˆâ–ˆâ–ˆâ–ˆâ–ˆâ–ˆâ–ˆâ–ˆâ–ˆâ–ˆâ–ˆâ–ˆâ–ˆâ–ˆâ–ˆâ–ˆâ–ˆâ–ˆâ–ˆâ–ˆâ–ˆâ–ˆâ–ˆâ–ˆâ–ˆâ–ˆâ–ˆ| 40kB 10.1MB/s 
[?25hCollecting mccabe (from pylint)
  Downloading mccabe-0.5.3-py2.py3-none-any.whl
Collecting astroid<1.5.0,>=1.4.5 (from pylint)
  Downloading astroid-1.4.9-py2.py3-none-any.whl (213kB)
[?25l[K    4% |â–ˆâ–Œ                              | 10kB 36.1MB/s eta 0:00:01[K    9% |â–ˆâ–ˆâ–ˆ                             | 20kB 32.3MB/s eta 0:00:01[K    14% |â–ˆâ–ˆâ–ˆâ–ˆâ–‹                           | 30kB 36.7MB/s eta 0:00:01[K    19% |â–ˆâ–ˆâ–ˆâ–ˆâ–ˆâ–ˆâ–                         | 40kB 34.0MB/s eta 0:00:01[K    23% |â–ˆâ–ˆâ–ˆâ–ˆâ–ˆâ–ˆâ–ˆâ–Š                        | 51kB 34.5MB/s eta 0:00:01[K    28% |â–ˆâ–ˆâ–ˆâ–ˆâ–ˆâ–ˆâ–ˆâ–ˆâ–ˆâ–                      | 61kB 33.4MB/s eta 0:00:01[K    33% |â–ˆâ–ˆâ–ˆâ–ˆâ–ˆâ–ˆâ–ˆâ–ˆâ–ˆâ–ˆâ–Š                     | 71kB 29.4MB/s eta 0:00:01[K    38% |â–ˆâ–ˆâ–ˆâ–ˆâ–ˆâ–ˆâ–ˆâ–ˆâ–ˆâ–ˆâ–ˆâ–ˆâ–Ž                   | 81kB 27.4MB/s eta 0:00:01[K    43% |â–ˆâ–ˆâ–ˆâ–ˆâ–ˆâ–ˆâ–ˆâ–ˆâ–ˆâ–ˆâ–ˆâ–ˆâ–ˆâ–‰                  | 92kB 27.9MB/s eta 0:00:01[K    47% |â–ˆâ–ˆâ–ˆâ–ˆâ–ˆâ–ˆâ–ˆâ–ˆâ–ˆâ–ˆâ–ˆâ–ˆâ–ˆâ–ˆâ–ˆâ–                | 102kB 27.3MB/s eta 0:00:01[K    52% |â–ˆâ–ˆâ–ˆâ–ˆâ–ˆâ–ˆâ–ˆâ–ˆâ–ˆâ–ˆâ–ˆâ–ˆâ–ˆâ–ˆâ–ˆâ–ˆâ–‰               | 112kB 26.6MB/s eta 0:00:01[K    57% |â–ˆâ–ˆâ–ˆâ–ˆâ–ˆâ–ˆâ–ˆâ–ˆâ–ˆâ–ˆâ–ˆâ–ˆâ–ˆâ–ˆâ–ˆâ–ˆâ–ˆâ–ˆâ–             | 122kB 25.5MB/s eta 0:00:01[K    62% |â–ˆâ–ˆâ–ˆâ–ˆâ–ˆâ–ˆâ–ˆâ–ˆâ–ˆâ–ˆâ–ˆâ–ˆâ–ˆâ–ˆâ–ˆâ–ˆâ–ˆâ–ˆâ–ˆâ–ˆ            | 133kB 23.9MB/s eta 0:00:01[K    67% |â–ˆâ–ˆâ–ˆâ–ˆâ–ˆâ–ˆâ–ˆâ–ˆâ–ˆâ–ˆâ–ˆâ–ˆâ–ˆâ–ˆâ–ˆâ–ˆâ–ˆâ–ˆâ–ˆâ–ˆâ–ˆâ–Œ          | 143kB 24.1MB/s eta 0:00:01[K    71% |â–ˆâ–ˆâ–ˆâ–ˆâ–ˆâ–ˆâ–ˆâ–ˆâ–ˆâ–ˆâ–ˆâ–ˆâ–ˆâ–ˆâ–ˆâ–ˆâ–ˆâ–ˆâ–ˆâ–ˆâ–ˆâ–ˆâ–ˆ         | 153kB 23.4MB/s eta 0:00:01[K    76% |â–ˆâ–ˆâ–ˆâ–ˆâ–ˆâ–ˆâ–ˆâ–ˆâ–ˆâ–ˆâ–ˆâ–ˆâ–ˆâ–ˆâ–ˆâ–ˆâ–ˆâ–ˆâ–ˆâ–ˆâ–ˆâ–ˆâ–ˆâ–ˆâ–‹       | 163kB 23.1MB/s eta 0:00:01[K    81% |â–ˆâ–ˆâ–ˆâ–ˆâ–ˆâ–ˆâ–ˆâ–ˆâ–ˆâ–ˆâ–ˆâ–ˆâ–ˆâ–ˆâ–ˆâ–ˆâ–ˆâ–ˆâ–ˆâ–ˆâ–ˆâ–ˆâ–ˆâ–ˆâ–ˆâ–ˆ      | 174kB 24.6MB/s eta 0:00:01[K    86% |â–ˆâ–ˆâ–ˆâ–ˆâ–ˆâ–ˆâ–ˆâ–ˆâ–ˆâ–ˆâ–ˆâ–ˆâ–ˆâ–ˆâ–ˆâ–ˆâ–ˆâ–ˆâ–ˆâ–ˆâ–ˆâ–ˆâ–ˆâ–ˆâ–ˆâ–ˆâ–ˆâ–‹    | 184kB 25.6MB/s eta 0:00:01[K    91% |â–ˆâ–ˆâ–ˆâ–ˆâ–ˆâ–ˆâ–ˆâ–ˆâ–ˆâ–ˆâ–ˆâ–ˆâ–ˆâ–ˆâ–ˆâ–ˆâ–ˆâ–ˆâ–ˆâ–ˆâ–ˆâ–ˆâ–ˆâ–ˆâ–ˆâ–ˆâ–ˆâ–ˆâ–ˆâ–  | 194kB 25.7MB/s eta 0:00:01[K    95% |â–ˆâ–ˆâ–ˆâ–ˆâ–ˆâ–ˆâ–ˆâ–ˆâ–ˆâ–ˆâ–ˆâ–ˆâ–ˆâ–ˆâ–ˆâ–ˆâ–ˆâ–ˆâ–ˆâ–ˆâ–ˆâ–ˆâ–ˆâ–ˆâ–ˆâ–ˆâ–ˆâ–ˆâ–ˆâ–ˆâ–Š | 204kB 26.1MB/s eta 0:00:01[K    100% |â–ˆâ–ˆâ–ˆâ–ˆâ–ˆâ–ˆâ–ˆâ–ˆâ–ˆï¿½ï¿½ï¿½â–ˆâ–ˆâ–ˆâ–ˆâ–ˆâ–ˆâ–ˆâ–ˆâ–ˆâ–ˆâ–ˆâ–ˆâ–ˆâ–ˆâ–ˆâ–ˆâ–ˆâ–ˆâ–ˆâ–ˆâ–ˆâ–ˆ| 215kB 5.3MB/s 
[?25hCollecting six (from pylint)
  Downloading six-1.10.0-py2.py3-none-any.whl
Collecting lazy-object-proxy (from astroid<1.5.0,>=1.4.5->pylint)
  Downloading lazy_object_proxy-1.2.2-cp35-cp35m-manylinux1_x86_64.whl (56kB)
[?25l[K    18% |â–ˆâ–ˆâ–ˆâ–ˆâ–ˆâ–‰                          | 10kB 34.2MB/s eta 0:00:01[K    36% |â–ˆâ–ˆâ–ˆâ–ˆâ–ˆâ–ˆâ–ˆâ–ˆâ–ˆâ–ˆâ–ˆâ–‹                    | 20kB 28.2MB/s eta 0:00:01[K    54% |â–ˆâ–ˆâ–ˆâ–ˆâ–ˆâ–ˆâ–ˆâ–ˆâ–ˆâ–ˆâ–ˆâ–ˆâ–ˆâ–ˆâ–ˆâ–ˆâ–ˆâ–Œ              | 30kB 32.5MB/s eta 0:00:01[K    72% |â–ˆâ–ˆâ–ˆâ–ˆâ–ˆâ–ˆâ–ˆâ–ˆâ–ˆâ–ˆâ–ˆâ–ˆâ–ˆâ–ˆâ–ˆâ–ˆâ–ˆâ–ˆâ–ˆâ–ˆâ–ˆâ–ˆâ–ˆâ–Ž        | 40kB 26.8MB/s eta 0:00:01[K    90% |â–ˆâ–ˆâ–ˆâ–ˆâ–ˆâ–ˆâ–ˆâ–ˆâ–ˆâ–ˆâ–ˆâ–ˆâ–ˆâ–ˆâ–ˆâ–ˆâ–ˆâ–ˆâ–ˆâ–ˆâ–ˆâ–ˆâ–ˆâ–ˆâ–ˆâ–ˆâ–ˆâ–ˆâ–ˆ   | 51kB 22.8MB/s eta 0:00:01[K    100% |â–ˆâ–ˆâ–ˆâ–ˆâ–ˆâ–ˆâ–ˆâ–ˆâ–ˆâ–ˆâ–ˆâ–ˆâ–ˆâ–ˆâ–ˆâ–ˆâ–ˆâ–ˆâ–ˆâ–ˆâ–ˆâ–ˆâ–ˆâ–ˆâ–ˆâ–ˆâ–ˆâ–ˆâ–ˆâ–ˆâ–ˆâ–ˆ| 61kB 9.3MB/s 
[?25hCollecting wrapt (from astroid<1.5.0,>=1.4.5->pylint)
  Downloading wrapt-1.10.8.tar.gz
Installing collected packages: pep8, pep257, isort, mccabe, lazy-object-proxy, wrapt, six, astroid, pylint, nose
  Running setup.py install for wrapt ... [?25l- \ done
[?25hSuccessfully installed astroid-1.4.9 isort-4.2.5 lazy-object-proxy-1.2.2 mccabe-0.5.3 nose-1.3.7 pep257-0.7.0 pep8-1.7.0 pylint-1.6.4 six-1.10.0 wrapt-1.10.8
touch env/.depends-ci  # flag to indicate dependencies are installed

travis_time:end:07c7ae19:start=1484770380399483894,finish=1484770385975974263,duration=5576490369[0Ktravis_fold:end:before_script.2[0Ktravis_time:start:0008ee52[0K$ make ci
env/bin/doorstop --warn-all --error-all --quiet
CRITICAL: cannot ignore 'build' on the CI server
env/bin/pep8 doorstop --ignore=E501
env/bin/pep257 doorstop
rm -rf .coverage htmlcov
env/bin/nosetests --config=.noserc
.SSSSSSSSSSSSSSSSSSSSSSSSSSSSSSSSSSSSSSSSSSSSSSSSSSSSSSSS.......SSSSSSSSSSSSSSSSSSSSSSSSSSSSSSSSSSSSSSSSS....SSSS......./home/travis/build/jacebrowning/doorstop/doorstop/cli/utilities.py:122: DeprecationWarning: '--no-body-levels' option will be removed in a future release
  warnings.warn(msg, DeprecationWarning)
....................................................................S........SS.S..../home/travis/build/jacebrowning/doorstop/env/lib/python3.5/site-packages/pyficache-0.3.1-py3.5.egg/pyficache.py:579: DeprecationWarning: 'U' mode is deprecated
  with open(path, 'rU') as fp:
........................................................./home/travis/build/jacebrowning/doorstop/doorstop/core/document.py:304: DeprecationWarning: The 'warn' method is deprecated, use 'warning' instead
  log.warn("server is behind, requesting next number...")
...............................EE.....E...........................................................................................................................................................................................................................................................................SS..................................
======================================================================
ERROR: Verify an XLSX object can be created.
----------------------------------------------------------------------
Traceback (most recent call last):
  File "/home/travis/build/jacebrowning/doorstop/doorstop/core/test/test_exporter.py", line 143, in test_get_xlsx
    workbook = exporter._get_xlsx(self.item4, auto=False)  # pylint: disable=W0212
  File "/home/travis/build/jacebrowning/doorstop/doorstop/core/exporter.py", line 237, in _get_xlsx
    col = openpyxl.cell.get_column_letter(col_idx)
AttributeError: module 'openpyxl.cell' has no attribute 'get_column_letter'
-------------------- >> begin captured logging << --------------------
[DEBUG   ] iterating over document-like object...
[DEBUG   ] iterating over an item (in a container)...
[DEBUG   ] loading Item('path/to/req3.yml')...
[DEBUG   ] mock read path: path/to/req3.yml
[DEBUG   ] mock read text: 'links: [sys3]\ntext: \'Heading\'\nlong: "000000000000000000000000000000000000000000000000000000000000000000"\nlevel: 1.1.0\nnormative: false'
--------------------- >> end captured logging << ---------------------

======================================================================
ERROR: Verify an XLSX object can be created with placeholder rows.
----------------------------------------------------------------------
Traceback (most recent call last):
  File "/home/travis/build/jacebrowning/doorstop/doorstop/core/test/test_exporter.py", line 155, in test_get_xlsx_auto
    workbook = exporter._get_xlsx(self.item4, auto=True)  # pylint: disable=W0212
  File "/home/travis/build/jacebrowning/doorstop/doorstop/core/exporter.py", line 237, in _get_xlsx
    col = openpyxl.cell.get_column_letter(col_idx)
AttributeError: module 'openpyxl.cell' has no attribute 'get_column_letter'
-------------------- >> begin captured logging << --------------------
[DEBUG   ] iterating over document-like object...
[DEBUG   ] iterating over an item (in a container)...
--------------------- >> end captured logging << ---------------------

======================================================================
ERROR: Verify a XLSX file can be imported.
----------------------------------------------------------------------
Traceback (most recent call last):
  File "/opt/python/3.5.2/lib/python3.5/unittest/mock.py", line 1157, in patched
    return func(*args, **keywargs)
  File "/home/travis/build/jacebrowning/doorstop/doorstop/core/test/test_importer.py", line 152, in test_file_xlsx
    importer._file_xlsx(path, mock_document)  # pylint: disable=W0212
  File "/home/travis/build/jacebrowning/doorstop/doorstop/core/importer.py", line 196, in _file_xlsx
    workbook = openpyxl.load_workbook(path, use_iterators=True)
TypeError: load_workbook() got an unexpected keyword argument 'use_iterators'
-------------------- >> begin captured logging << --------------------
[DEBUG   ] reading rows in /home/travis/build/jacebrowning/doorstop/doorstop/core/test/files/exported.xlsx...
--------------------- >> end captured logging << ---------------------

Name                              Stmts   Miss Branch BrPart  Cover
-------------------------------------------------------------------
doorstop/cli/main.py                165      2      4      1    98%
doorstop/cli/utilities.py           151      0     70     13    94%
doorstop/common.py                   71      5     14      0    89%
doorstop/core.py                      4      0      0      0   100%
doorstop/core/base.py               150      0     42      0   100%
doorstop/core/builder.py             53      0     12      0   100%
doorstop/core/document.py           385      5    158     10    97%
doorstop/core/editor.py               9      0      0      0   100%
doorstop/core/exporter.py           146     26     62      3    79%
doorstop/core/importer.py           145     10     52      1    91%
doorstop/core/item.py               503     18    204     17    94%
doorstop/core/publisher.py          260      3    112      5    98%
doorstop/core/tree.py               303      2    136      8    98%
doorstop/core/types.py              332      0    118      2    99%
doorstop/core/vcs.py                 26      0     11      0   100%
doorstop/core/vcs/base.py            58      0     28      2    98%
doorstop/core/vcs/git.py             19      0      0      0   100%
doorstop/core/vcs/mercurial.py       19      0      0      0   100%
doorstop/core/vcs/mockvcs.py         18      0      0      0   100%
doorstop/core/vcs/subversion.py      20      0      0      0   100%
doorstop/core/vcs/veracity.py        20      0      0      0   100%
doorstop/gui.py                       0      0      0      0   100%
doorstop/gui/main.py                 52      0      6      0   100%
doorstop/server.py                    1      0      0      0   100%
doorstop/server/client.py            44      0     16      1    98%
doorstop/server/main.py             103      0     32      0   100%
doorstop/server/utilities.py         18      0      6      1    96%
-------------------------------------------------------------------
TOTAL                              3075     71   1083     64    96%
----------------------------------------------------------------------
Ran 604 tests in 6.408s

FAILED (SKIP=107, errors=3)
make: *** [test] Error 1

travis_time:end:0008ee52:start=1484770385981428689,finish=1484770400640850301,duration=14659421612[0K
[31;1mThe command "make ci" exited with 2.[0m
travis_fold:start:after_script[0Ktravis_time:start:03aba85a[0K$ echo $TRAVIS_BRANCH; echo $TRAVIS_PULL_REQUEST; echo $TRAVIS_PYTHON_VERSION; if [[ $TRAVIS_BRANCH == 'develop' && $TRAVIS_PULL_REQUEST == 'false' && $TRAVIS_PYTHON_VERSION == '3.3' ]]; then
  
    # Generate Doorstop HTML pages
    make reqs ;
  
    # Configure Git with Travis CI information
    git config --global user.email "travis@travis-ci.org" ;
    git config --global user.name "travis-ci" ;
  
    # Delete the current repository
    rm -rf .git ;
  
    # Rebuild the repository from the generated files and push to GitHub pages
    cd docs/gen ;
    echo "[${TRAVIS_REPO_SLUG}](~${TRAVIS_REPO_SLUG})" | sed -e 's/\//.github.io\//g' | sed -e 's/~/http:\/\//g' > README.md ;
    touch .nojekyll ;
    git init ;
    git add . ;
    git commit -m "Deploy Travis CI build $TRAVIS_BUILD_NUMBER to GitHub pages" ;
    git push -f https://${GH_TOKEN}@github.com/${TRAVIS_REPO_SLUG} master:gh-pages ;
  
  fi
  
develop
false
3.5

travis_time:end:03aba85a:start=1484770400646762999,finish=1484770400651729705,duration=4966706[0Ktravis_fold:end:after_script[0K
Done. Your build exited with 1.
