travis_fold:start:worker_info[0K[33;1mWorker information[0m
hostname: i-03a5b3a-precise-production-2-worker-org-docker.travisci.net:9e0e39e6-d876-47df-a477-136dd9b9ff32
version: v2.5.0 https://github.com/travis-ci/worker/tree/da3a43228dffc0fcca5a46569ca786b22991979f
instance: 465ea3f:travis:python
startup: 639.670769ms
travis_fold:end:worker_info[0Ktravis_fold:start:system_info[0K[33;1mBuild system information[0m
Build language: python
Build group: stable
Build dist: precise
Build id: 205480391
Job id: 205480394
travis-build version: c56b13141
[34m[1mBuild image provisioning date and time[0m
Thu Feb  5 15:09:33 UTC 2015
[34m[1mOperating System Details[0m
Distributor ID:	Ubuntu
Description:	Ubuntu 12.04.5 LTS
Release:	12.04
Codename:	precise
[34m[1mLinux Version[0m
3.13.0-29-generic
[34m[1mCookbooks Version[0m
a68419e https://github.com/travis-ci/travis-cookbooks/tree/a68419e
[34m[1mGCC version[0m
gcc (Ubuntu/Linaro 4.6.3-1ubuntu5) 4.6.3
Copyright (C) 2011 Free Software Foundation, Inc.
This is free software; see the source for copying conditions.  There is NO
warranty; not even for MERCHANTABILITY or FITNESS FOR A PARTICULAR PURPOSE.

[34m[1mLLVM version[0m
clang version 3.4 (tags/RELEASE_34/final)
Target: x86_64-unknown-linux-gnu
Thread model: posix
[34m[1mPre-installed Ruby versions[0m
ruby-1.9.3-p551
[34m[1mPre-installed Node.js versions[0m
v0.10.36
[34m[1mPre-installed Go versions[0m
1.4.1
[34m[1mRedis version[0m
redis-server 2.8.19
[34m[1mriak version[0m
2.0.2
[34m[1mMongoDB version[0m
MongoDB 2.4.12
[34m[1mCouchDB version[0m
couchdb 1.6.1
[34m[1mNeo4j version[0m
1.9.4
[34m[1mRabbitMQ Version[0m
3.4.3
[34m[1mElasticSearch version[0m
1.4.0
[34m[1mInstalled Sphinx versions[0m
2.0.10
2.1.9
2.2.6
[34m[1mDefault Sphinx version[0m
2.2.6
[34m[1mInstalled Firefox version[0m
firefox 31.0esr
[34m[1mPhantomJS version[0m
1.9.8
[34m[1mant -version[0m
Apache Ant(TM) version 1.8.2 compiled on December 3 2011
[34m[1mmvn -version[0m
Apache Maven 3.2.5 (12a6b3acb947671f09b81f49094c53f426d8cea1; 2014-12-14T17:29:23+00:00)
Maven home: /usr/local/maven
Java version: 1.7.0_76, vendor: Oracle Corporation
Java home: /usr/lib/jvm/java-7-oracle/jre
Default locale: en_US, platform encoding: ANSI_X3.4-1968
OS name: "linux", version: "3.13.0-29-generic", arch: "amd64", family: "unix"
travis_fold:end:system_info[0K
travis_fold:start:fix.CVE-2015-7547[0K$ export DEBIAN_FRONTEND=noninteractive
Reading package lists...
Building dependency tree...
Reading state information...
The following extra packages will be installed:
  libc-bin libc-dev-bin libc6-dev
Suggested packages:
  glibc-doc
The following packages will be upgraded:
  libc-bin libc-dev-bin libc6 libc6-dev
4 upgraded, 0 newly installed, 0 to remove and 258 not upgraded.
Need to get 8,840 kB of archives.
After this operation, 14.3 kB disk space will be freed.
Get:1 http://us.archive.ubuntu.com/ubuntu/ precise-updates/main libc6-dev amd64 2.15-0ubuntu10.15 [2,943 kB]
Get:2 http://us.archive.ubuntu.com/ubuntu/ precise-updates/main libc-dev-bin amd64 2.15-0ubuntu10.15 [84.7 kB]
Get:3 http://us.archive.ubuntu.com/ubuntu/ precise-updates/main libc-bin amd64 2.15-0ubuntu10.15 [1,177 kB]
Get:4 http://us.archive.ubuntu.com/ubuntu/ precise-updates/main libc6 amd64 2.15-0ubuntu10.15 [4,636 kB]
Fetched 8,840 kB in 0s (36.4 MB/s)
Preconfiguring packages ...
(Reading database ... (Reading database ... 5%(Reading database ... 10%(Reading database ... 15%(Reading database ... 20%(Reading database ... 25%(Reading database ... 30%(Reading database ... 35%(Reading database ... 40%(Reading database ... 45%(Reading database ... 50%(Reading database ... 55%(Reading database ... 60%(Reading database ... 65%(Reading database ... 70%(Reading database ... 75%(Reading database ... 80%(Reading database ... 85%(Reading database ... 90%(Reading database ... 95%(Reading database ... 100%(Reading database ... 72431 files and directories currently installed.)
Preparing to replace libc6-dev 2.15-0ubuntu10.10 (using .../libc6-dev_2.15-0ubuntu10.15_amd64.deb) ...
Unpacking replacement libc6-dev ...
Preparing to replace libc-dev-bin 2.15-0ubuntu10.10 (using .../libc-dev-bin_2.15-0ubuntu10.15_amd64.deb) ...
Unpacking replacement libc-dev-bin ...
Preparing to replace libc-bin 2.15-0ubuntu10.10 (using .../libc-bin_2.15-0ubuntu10.15_amd64.deb) ...
Unpacking replacement libc-bin ...
Processing triggers for man-db ...
Setting up libc-bin (2.15-0ubuntu10.15) ...
(Reading database ... (Reading database ... 5%(Reading database ... 10%(Reading database ... 15%(Reading database ... 20%(Reading database ... 25%(Reading database ... 30%(Reading database ... 35%(Reading database ... 40%(Reading database ... 45%(Reading database ... 50%(Reading database ... 55%(Reading database ... 60%(Reading database ... 65%(Reading database ... 70%(Reading database ... 75%(Reading database ... 80%(Reading database ... 85%(Reading database ... 90%(Reading database ... 95%(Reading database ... 100%(Reading database ... 72430 files and directories currently installed.)
Preparing to replace libc6 2.15-0ubuntu10.10 (using .../libc6_2.15-0ubuntu10.15_amd64.deb) ...
Unpacking replacement libc6 ...
Setting up libc6 (2.15-0ubuntu10.15) ...
Setting up libc-dev-bin (2.15-0ubuntu10.15) ...
Setting up libc6-dev (2.15-0ubuntu10.15) ...
Processing triggers for libc-bin ...
ldconfig deferred processing now taking place
travis_fold:end:fix.CVE-2015-7547[0K[33;1m3.5 is not installed; attempting download[0m
[33;1mDownloading archive: https://s3.amazonaws.com/travis-python-archives/binaries/ubuntu/12.04/x86_64/python-3.5.tar.bz2[0m
$ sudo tar xjf python-3.5.tar.bz2 --directory /
travis_fold:start:git.checkout[0Ktravis_time:start:00784278[0K$ git clone --depth=50 https://github.com/jacebrowning/doorstop.git jacebrowning/doorstop
Cloning into 'jacebrowning/doorstop'...
remote: Counting objects: 2891, done.[K
remote: Compressing objects:   0% (1/1224)   [Kremote: Compressing objects:   1% (13/1224)   [Kremote: Compressing objects:   2% (25/1224)   [Kremote: Compressing objects:   3% (37/1224)   [Kremote: Compressing objects:   4% (49/1224)   [Kremote: Compressing objects:   5% (62/1224)   [Kremote: Compressing objects:   6% (74/1224)   [Kremote: Compressing objects:   7% (86/1224)   [Kremote: Compressing objects:   8% (98/1224)   [Kremote: Compressing objects:   9% (111/1224)   [Kremote: Compressing objects:  10% (123/1224)   [Kremote: Compressing objects:  11% (135/1224)   [Kremote: Compressing objects:  12% (147/1224)   [Kremote: Compressing objects:  13% (160/1224)   [Kremote: Compressing objects:  14% (172/1224)   [Kremote: Compressing objects:  15% (184/1224)   [Kremote: Compressing objects:  16% (196/1224)   [Kremote: Compressing objects:  17% (209/1224)   [Kremote: Compressing objects:  18% (221/1224)   [Kremote: Compressing objects:  19% (233/1224)   [Kremote: Compressing objects:  20% (245/1224)   [Kremote: Compressing objects:  21% (258/1224)   [Kremote: Compressing objects:  22% (270/1224)   [Kremote: Compressing objects:  23% (282/1224)   [Kremote: Compressing objects:  24% (294/1224)   [Kremote: Compressing objects:  25% (306/1224)   [Kremote: Compressing objects:  26% (319/1224)   [Kremote: Compressing objects:  27% (331/1224)   [Kremote: Compressing objects:  28% (343/1224)   [Kremote: Compressing objects:  29% (355/1224)   [Kremote: Compressing objects:  30% (368/1224)   [Kremote: Compressing objects:  31% (380/1224)   [Kremote: Compressing objects:  32% (392/1224)   [Kremote: Compressing objects:  33% (404/1224)   [Kremote: Compressing objects:  34% (417/1224)   [Kremote: Compressing objects:  35% (429/1224)   [Kremote: Compressing objects:  36% (441/1224)   [Kremote: Compressing objects:  37% (453/1224)   [Kremote: Compressing objects:  38% (466/1224)   [Kremote: Compressing objects:  39% (478/1224)   [Kremote: Compressing objects:  40% (490/1224)   [Kremote: Compressing objects:  41% (502/1224)   [Kremote: Compressing objects:  42% (515/1224)   [Kremote: Compressing objects:  43% (527/1224)   [Kremote: Compressing objects:  44% (539/1224)   [Kremote: Compressing objects:  45% (551/1224)   [Kremote: Compressing objects:  46% (564/1224)   [Kremote: Compressing objects:  47% (576/1224)   [Kremote: Compressing objects:  48% (588/1224)   [Kremote: Compressing objects:  49% (600/1224)   [Kremote: Compressing objects:  50% (612/1224)   [Kremote: Compressing objects:  51% (625/1224)   [Kremote: Compressing objects:  52% (637/1224)   [Kremote: Compressing objects:  53% (649/1224)   [Kremote: Compressing objects:  54% (661/1224)   [Kremote: Compressing objects:  55% (674/1224)   [Kremote: Compressing objects:  56% (686/1224)   [Kremote: Compressing objects:  57% (698/1224)   [Kremote: Compressing objects:  58% (710/1224)   [Kremote: Compressing objects:  59% (723/1224)   [Kremote: Compressing objects:  60% (735/1224)   [Kremote: Compressing objects:  61% (747/1224)   [Kremote: Compressing objects:  62% (759/1224)   [Kremote: Compressing objects:  63% (772/1224)   [Kremote: Compressing objects:  64% (784/1224)   [Kremote: Compressing objects:  65% (796/1224)   [Kremote: Compressing objects:  66% (808/1224)   [Kremote: Compressing objects:  67% (821/1224)   [Kremote: Compressing objects:  68% (833/1224)   [Kremote: Compressing objects:  69% (845/1224)   [Kremote: Compressing objects:  70% (857/1224)   [Kremote: Compressing objects:  71% (870/1224)   [Kremote: Compressing objects:  72% (882/1224)   [Kremote: Compressing objects:  73% (894/1224)   [Kremote: Compressing objects:  74% (906/1224)   [Kremote: Compressing objects:  75% (918/1224)   [Kremote: Compressing objects:  76% (931/1224)   [Kremote: Compressing objects:  77% (943/1224)   [Kremote: Compressing objects:  78% (955/1224)   [Kremote: Compressing objects:  79% (967/1224)   [Kremote: Compressing objects:  80% (980/1224)   [Kremote: Compressing objects:  81% (992/1224)   [Kremote: Compressing objects:  82% (1004/1224)   [Kremote: Compressing objects:  83% (1016/1224)   [Kremote: Compressing objects:  84% (1029/1224)   [Kremote: Compressing objects:  85% (1041/1224)   [Kremote: Compressing objects:  86% (1053/1224)   [Kremote: Compressing objects:  87% (1065/1224)   [Kremote: Compressing objects:  88% (1078/1224)   [Kremote: Compressing objects:  89% (1090/1224)   [Kremote: Compressing objects:  90% (1102/1224)   [Kremote: Compressing objects:  91% (1114/1224)   [Kremote: Compressing objects:  92% (1127/1224)   [Kremote: Compressing objects:  93% (1139/1224)   [Kremote: Compressing objects:  94% (1151/1224)   [Kremote: Compressing objects:  95% (1163/1224)   [Kremote: Compressing objects:  96% (1176/1224)   [Kremote: Compressing objects:  97% (1188/1224)   [Kremote: Compressing objects:  98% (1200/1224)   [Kremote: Compressing objects:  99% (1212/1224)   [Kremote: Compressing objects: 100% (1224/1224)   [Kremote: Compressing objects: 100% (1224/1224), done.[K
Receiving objects:   0% (1/2891)   Receiving objects:   1% (29/2891)   Receiving objects:   2% (58/2891)   Receiving objects:   3% (87/2891)   Receiving objects:   4% (116/2891)   Receiving objects:   5% (145/2891)   Receiving objects:   6% (174/2891)   Receiving objects:   7% (203/2891)   Receiving objects:   8% (232/2891)   Receiving objects:   9% (261/2891)   Receiving objects:  10% (290/2891)   Receiving objects:  11% (319/2891)   Receiving objects:  12% (347/2891)   Receiving objects:  13% (376/2891)   Receiving objects:  14% (405/2891)   Receiving objects:  15% (434/2891)   Receiving objects:  16% (463/2891)   Receiving objects:  17% (492/2891)   Receiving objects:  18% (521/2891)   Receiving objects:  19% (550/2891)   Receiving objects:  20% (579/2891)   Receiving objects:  21% (608/2891)   Receiving objects:  22% (637/2891)   Receiving objects:  23% (665/2891)   Receiving objects:  24% (694/2891)   Receiving objects:  25% (723/2891)   Receiving objects:  26% (752/2891)   Receiving objects:  27% (781/2891)   Receiving objects:  28% (810/2891)   Receiving objects:  29% (839/2891)   Receiving objects:  30% (868/2891)   Receiving objects:  31% (897/2891)   Receiving objects:  32% (926/2891)   Receiving objects:  33% (955/2891)   Receiving objects:  34% (983/2891)   Receiving objects:  35% (1012/2891)   Receiving objects:  36% (1041/2891)   Receiving objects:  37% (1070/2891)   Receiving objects:  38% (1099/2891)   Receiving objects:  39% (1128/2891)   Receiving objects:  40% (1157/2891)   Receiving objects:  41% (1186/2891)   Receiving objects:  42% (1215/2891)   Receiving objects:  43% (1244/2891)   Receiving objects:  44% (1273/2891)   Receiving objects:  45% (1301/2891)   Receiving objects:  46% (1330/2891)   Receiving objects:  47% (1359/2891)   Receiving objects:  48% (1388/2891)   Receiving objects:  49% (1417/2891)   Receiving objects:  50% (1446/2891)   Receiving objects:  51% (1475/2891)   Receiving objects:  52% (1504/2891)   Receiving objects:  53% (1533/2891)   Receiving objects:  54% (1562/2891)   Receiving objects:  55% (1591/2891)   Receiving objects:  56% (1619/2891)   Receiving objects:  57% (1648/2891)   Receiving objects:  58% (1677/2891)   Receiving objects:  59% (1706/2891)   Receiving objects:  60% (1735/2891)   Receiving objects:  61% (1764/2891)   Receiving objects:  62% (1793/2891)   Receiving objects:  63% (1822/2891)   Receiving objects:  64% (1851/2891)   Receiving objects:  65% (1880/2891)   Receiving objects:  66% (1909/2891)   Receiving objects:  67% (1937/2891)   Receiving objects:  68% (1966/2891)   Receiving objects:  69% (1995/2891)   Receiving objects:  70% (2024/2891)   Receiving objects:  71% (2053/2891)   Receiving objects:  72% (2082/2891)   Receiving objects:  73% (2111/2891)   Receiving objects:  74% (2140/2891)   Receiving objects:  75% (2169/2891)   Receiving objects:  76% (2198/2891)   Receiving objects:  77% (2227/2891)   Receiving objects:  78% (2255/2891)   Receiving objects:  79% (2284/2891)   Receiving objects:  80% (2313/2891)   Receiving objects:  81% (2342/2891)   Receiving objects:  82% (2371/2891)   Receiving objects:  83% (2400/2891)   Receiving objects:  84% (2429/2891)   Receiving objects:  85% (2458/2891)   Receiving objects:  86% (2487/2891)   Receiving objects:  87% (2516/2891)   Receiving objects:  88% (2545/2891)   Receiving objects:  89% (2573/2891)   Receiving objects:  90% (2602/2891)   remote: Total 2891 (delta 2068), reused 2385 (delta 1627), pack-reused 0[K
Receiving objects:  91% (2631/2891)   Receiving objects:  92% (2660/2891)   Receiving objects:  93% (2689/2891)   Receiving objects:  94% (2718/2891)   Receiving objects:  95% (2747/2891)   Receiving objects:  96% (2776/2891)   Receiving objects:  97% (2805/2891)   Receiving objects:  98% (2834/2891)   Receiving objects:  99% (2863/2891)   Receiving objects: 100% (2891/2891)   Receiving objects: 100% (2891/2891), 1.18 MiB | 0 bytes/s, done.
Resolving deltas:   0% (0/2068)   Resolving deltas:   1% (25/2068)   Resolving deltas:   6% (136/2068)   Resolving deltas:   7% (146/2068)   Resolving deltas:   8% (167/2068)   Resolving deltas:   9% (187/2068)   Resolving deltas:  10% (210/2068)   Resolving deltas:  11% (238/2068)   Resolving deltas:  12% (252/2068)   Resolving deltas:  13% (272/2068)   Resolving deltas:  14% (292/2068)   Resolving deltas:  15% (316/2068)   Resolving deltas:  16% (344/2068)   Resolving deltas:  17% (360/2068)   Resolving deltas:  19% (394/2068)   Resolving deltas:  20% (433/2068)   Resolving deltas:  21% (440/2068)   Resolving deltas:  22% (460/2068)   Resolving deltas:  24% (500/2068)   Resolving deltas:  25% (520/2068)   Resolving deltas:  28% (581/2068)   Resolving deltas:  29% (601/2068)   Resolving deltas:  30% (622/2068)   Resolving deltas:  37% (781/2068)   Resolving deltas:  38% (787/2068)   Resolving deltas:  39% (809/2068)   Resolving deltas:  40% (829/2068)   Resolving deltas:  41% (851/2068)   Resolving deltas:  42% (870/2068)   Resolving deltas:  43% (896/2068)   Resolving deltas:  44% (914/2068)   Resolving deltas:  45% (931/2068)   Resolving deltas:  46% (952/2068)   Resolving deltas:  48% (998/2068)   Resolving deltas:  49% (1016/2068)   Resolving deltas:  51% (1065/2068)   Resolving deltas:  53% (1110/2068)   Resolving deltas:  54% (1135/2068)   Resolving deltas:  55% (1141/2068)   Resolving deltas:  56% (1159/2068)   Resolving deltas:  57% (1181/2068)   Resolving deltas:  58% (1208/2068)   Resolving deltas:  59% (1230/2068)   Resolving deltas:  60% (1247/2068)   Resolving deltas:  61% (1274/2068)   Resolving deltas:  62% (1288/2068)   Resolving deltas:  63% (1304/2068)   Resolving deltas:  64% (1326/2068)   Resolving deltas:  65% (1350/2068)   Resolving deltas:  67% (1403/2068)   Resolving deltas:  68% (1423/2068)   Resolving deltas:  69% (1428/2068)   Resolving deltas:  70% (1449/2068)   Resolving deltas:  71% (1470/2068)   Resolving deltas:  72% (1489/2068)   Resolving deltas:  73% (1528/2068)   Resolving deltas:  74% (1543/2068)   Resolving deltas:  76% (1579/2068)   Resolving deltas:  77% (1606/2068)   Resolving deltas:  78% (1623/2068)   Resolving deltas:  79% (1638/2068)   Resolving deltas:  80% (1675/2068)   Resolving deltas:  81% (1681/2068)   Resolving deltas:  82% (1700/2068)   Resolving deltas:  83% (1721/2068)   Resolving deltas:  84% (1746/2068)   Resolving deltas:  85% (1778/2068)   Resolving deltas:  86% (1782/2068)   Resolving deltas:  87% (1804/2068)   Resolving deltas:  88% (1820/2068)   Resolving deltas:  89% (1843/2068)   Resolving deltas:  90% (1866/2068)   Resolving deltas:  91% (1883/2068)   Resolving deltas:  92% (1905/2068)   Resolving deltas:  93% (1924/2068)   Resolving deltas:  94% (1947/2068)   Resolving deltas:  95% (1973/2068)   Resolving deltas:  96% (1990/2068)   Resolving deltas:  97% (2015/2068)   Resolving deltas:  98% (2029/2068)   Resolving deltas:  99% (2048/2068)   Resolving deltas: 100% (2068/2068)   Resolving deltas: 100% (2068/2068), done.
Checking connectivity... done.

travis_time:end:00784278:start=1488106384701937630,finish=1488106385357478776,duration=655541146[0K$ cd jacebrowning/doorstop
travis_time:start:058eea74[0K$ git fetch origin +refs/pull/236/merge:
remote: Counting objects: 22, done.[K
remote: Compressing objects:  10% (1/10)   [Kremote: Compressing objects:  20% (2/10)   [Kremote: Compressing objects:  30% (3/10)   [Kremote: Compressing objects:  40% (4/10)   [Kremote: Compressing objects:  50% (5/10)   [Kremote: Compressing objects:  60% (6/10)   [Kremote: Compressing objects:  70% (7/10)   [Kremote: Compressing objects:  80% (8/10)   [Kremote: Compressing objects:  90% (9/10)   [Kremote: Compressing objects: 100% (10/10)   [Kremote: Compressing objects: 100% (10/10), done.[K
remote: Total 22 (delta 18), reused 15 (delta 12), pack-reused 0[K
Unpacking objects:   4% (1/22)   Unpacking objects:   9% (2/22)   Unpacking objects:  13% (3/22)   Unpacking objects:  18% (4/22)   Unpacking objects:  22% (5/22)   Unpacking objects:  27% (6/22)   Unpacking objects:  31% (7/22)   Unpacking objects:  36% (8/22)   Unpacking objects:  40% (9/22)   Unpacking objects:  45% (10/22)   Unpacking objects:  50% (11/22)   Unpacking objects:  54% (12/22)   Unpacking objects:  59% (13/22)   Unpacking objects:  63% (14/22)   Unpacking objects:  68% (15/22)   Unpacking objects:  72% (16/22)   Unpacking objects:  77% (17/22)   Unpacking objects:  81% (18/22)   Unpacking objects:  86% (19/22)   Unpacking objects:  90% (20/22)   Unpacking objects:  95% (21/22)   Unpacking objects: 100% (22/22)   Unpacking objects: 100% (22/22), done.
From https://github.com/jacebrowning/doorstop
 * branch            refs/pull/236/merge -> FETCH_HEAD

travis_time:end:058eea74:start=1488106385364367381,finish=1488106385682648059,duration=318280678[0K$ git checkout -qf FETCH_HEAD
travis_fold:end:git.checkout[0K
[33;1mThis job is running on container-based infrastructure, which does not allow use of 'sudo', setuid and setguid executables.[0m
[33;1mIf you require sudo, add 'sudo: required' to your .travis.yml[0m
[33;1mSee https://docs.travis-ci.com/user/workers/container-based-infrastructure/ for details.[0m

[33;1mSetting environment variables from .travis.yml[0m
$ export GH_TOKEN=[secure]

travis_time:start:054f5784[0K$ source ~/virtualenv/python3.5/bin/activate

travis_time:end:054f5784:start=1488106390547634932,finish=1488106390552651145,duration=5016213[0K$ python --version
Python 3.5.2
$ pip --version
pip 9.0.1 from /home/travis/virtualenv/python3.5.2/lib/python3.5/site-packages (python 3.5)
travis_fold:start:install[0Ktravis_time:start:22bbe62c[0K$ pip install coveralls scrutinizer-ocular
Collecting coveralls
  Downloading coveralls-1.1-py2.py3-none-any.whl
Collecting scrutinizer-ocular
  Downloading scrutinizer-ocular-1.0.3.tar.gz
Collecting requests>=1.0.0 (from coveralls)
  Downloading requests-2.13.0-py2.py3-none-any.whl (584kB)
[?25l[K    1% |â–‹                               | 10kB 26.3MB/s eta 0:00:01[K    3% |â–ˆâ–                              | 20kB 7.8MB/s eta 0:00:01[K    5% |â–ˆâ–Š                              | 30kB 10.6MB/s eta 0:00:01[K    7% |â–ˆâ–ˆâ–Ž                             | 40kB 9.4MB/s eta 0:00:01[K    8% |â–ˆâ–ˆâ–‰                             | 51kB 8.6MB/s eta 0:00:01[K    10% |â–ˆâ–ˆâ–ˆâ–                            | 61kB 9.9MB/s eta 0:00:01[K    12% |â–ˆâ–ˆâ–ˆâ–ˆ                            | 71kB 9.3MB/s eta 0:00:01[K    14% |â–ˆâ–ˆâ–ˆâ–ˆâ–Œ                           | 81kB 9.4MB/s eta 0:00:01[K    15% |â–ˆâ–ˆâ–ˆâ–ˆâ–ˆ                           | 92kB 10.3MB/s eta 0:00:01[K    17% |â–ˆâ–ˆâ–ˆâ–ˆâ–ˆâ–‹                          | 102kB 10.2MB/s eta 0:00:01[K    19% |â–ˆâ–ˆâ–ˆâ–ˆâ–ˆâ–ˆâ–                         | 112kB 10.3MB/s eta 0:00:01[K    21% |â–ˆâ–ˆâ–ˆâ–ˆâ–ˆâ–ˆâ–Š                         | 122kB 11.3MB/s eta 0:00:01[K    22% |â–ˆâ–ˆâ–ˆâ–ˆâ–ˆâ–ˆâ–ˆâ–Ž                        | 133kB 10.2MB/s eta 0:00:01[K    24% |â–ˆâ–ˆâ–ˆâ–ˆâ–ˆâ–ˆâ–ˆâ–‰                        | 143kB 11.6MB/s eta 0:00:01[K    26% |â–ˆâ–ˆâ–ˆâ–ˆâ–ˆâ–ˆâ–ˆâ–ˆâ–                       | 153kB 13.2MB/s eta 0:00:01[K    28% |â–ˆâ–ˆâ–ˆâ–ˆâ–ˆâ–ˆâ–ˆâ–ˆâ–ˆ                       | 163kB 11.8MB/s eta 0:00:01[K    29% |â–ˆâ–ˆâ–ˆâ–ˆâ–ˆâ–ˆâ–ˆâ–ˆâ–ˆâ–Œ                      | 174kB 13.8MB/s eta 0:00:01[K    31% |â–ˆâ–ˆâ–ˆâ–ˆâ–ˆâ–ˆâ–ˆâ–ˆâ–ˆâ–ˆ                      | 184kB 14.6MB/s eta 0:00:01[K    33% |â–ˆâ–ˆâ–ˆâ–ˆâ–ˆâ–ˆâ–ˆâ–ˆâ–ˆï¿½ï¿½ï¿½â–‹                     | 194kB 14.8MB/s eta 0:00:01[K    35% |â–ˆâ–ˆâ–ˆâ–ˆâ–ˆâ–ˆâ–ˆâ–ˆâ–ˆâ–ˆâ–ˆâ–                    | 204kB 16.1MB/s eta 0:00:01[K    36% |â–ˆâ–ˆâ–ˆâ–ˆâ–ˆâ–ˆâ–ˆâ–ˆâ–ˆâ–ˆâ–ˆâ–Š                    | 215kB 14.5MB/s eta 0:00:01[K    38% |â–ˆâ–ˆâ–ˆâ–ˆâ–ˆâ–ˆâ–ˆâ–ˆâ–ˆâ–ˆâ–ˆâ–ˆâ–Ž                   | 225kB 17.4MB/s eta 0:00:01[K    40% |â–ˆâ–ˆâ–ˆâ–ˆâ–ˆâ–ˆâ–ˆâ–ˆâ–ˆâ–ˆâ–ˆâ–ˆâ–ˆ                   | 235kB 18.1MB/s eta 0:00:01[K    42% |â–ˆâ–ˆâ–ˆâ–ˆâ–ˆâ–ˆâ–ˆâ–ˆâ–ˆâ–ˆâ–ˆâ–ˆâ–ˆâ–Œ                  | 245kB 17.0MB/s eta 0:00:01[K    43% |â–ˆâ–ˆâ–ˆâ–ˆâ–ˆâ–ˆâ–ˆâ–ˆâ–ˆâ–ˆâ–ˆâ–ˆâ–ˆâ–ˆ                  | 256kB 17.8MB/s eta 0:00:01[K    45% |â–ˆâ–ˆâ–ˆâ–ˆâ–ˆâ–ˆâ–ˆâ–ˆâ–ˆâ–ˆâ–ˆâ–ˆâ–ˆâ–ˆâ–‹                 | 266kB 19.0MB/s eta 0:00:01[K    47% |â–ˆâ–ˆâ–ˆâ–ˆâ–ˆâ–ˆâ–ˆâ–ˆâ–ˆâ–ˆâ–ˆâ–ˆâ–ˆâ–ˆâ–ˆâ–                | 276kB 18.7MB/s eta 0:00:01[K    49% |â–ˆâ–ˆâ–ˆâ–ˆâ–ˆâ–ˆâ–ˆâ–ˆâ–ˆâ–ˆâ–ˆâ–ˆâ–ˆâ–ˆâ–ˆâ–Š                | 286kB 18.7MB/s eta 0:00:01[K    50% |â–ˆâ–ˆâ–ˆâ–ˆâ–ˆâ–ˆâ–ˆâ–ˆâ–ˆâ–ˆâ–ˆâ–ˆâ–ˆâ–ˆâ–ˆâ–ˆâ–Ž               | 296kB 16.5MB/s eta 0:00:01[K    52% |â–ˆâ–ˆâ–ˆâ–ˆâ–ˆâ–ˆâ–ˆâ–ˆâ–ˆâ–ˆâ–ˆâ–ˆâ–ˆâ–ˆâ–ˆâ–ˆâ–‰               | 307kB 17.1MB/s eta 0:00:01[K    54% |â–ˆâ–ˆâ–ˆâ–ˆâ–ˆâ–ˆâ–ˆâ–ˆâ–ˆâ–ˆâ–ˆâ–ˆâ–ˆâ–ˆâ–ˆâ–ˆâ–ˆâ–              | 317kB 18.9MB/s eta 0:00:01[K    56% |â–ˆâ–ˆâ–ˆâ–ˆâ–ˆâ–ˆâ–ˆâ–ˆâ–ˆâ–ˆâ–ˆâ–ˆâ–ˆâ–ˆâ–ˆâ–ˆâ–ˆâ–ˆ              | 327kB 18.2MB/s eta 0:00:01[K    57% |â–ˆâ–ˆâ–ˆâ–ˆâ–ˆâ–ˆâ–ˆâ–ˆâ–ˆâ–ˆâ–ˆâ–ˆâ–ˆâ–ˆâ–ˆâ–ˆâ–ˆâ–ˆâ–Œ             | 337kB 21.4MB/s eta 0:00:01[K    59% |â–ˆâ–ˆâ–ˆâ–ˆâ–ˆâ–ˆâ–ˆâ–ˆâ–ˆâ–ˆâ–ˆâ–ˆâ–ˆâ–ˆâ–ˆâ–ˆâ–ˆâ–ˆâ–ˆ             | 348kB 21.4MB/s eta 0:00:01[K    61% |â–ˆâ–ˆâ–ˆâ–ˆâ–ˆâ–ˆâ–ˆâ–ˆï¿½ï¿½ï¿½â–ˆâ–ˆâ–ˆâ–ˆâ–ˆâ–ˆâ–ˆâ–ˆâ–ˆâ–ˆâ–‹            | 358kB 21.9MB/s eta 0:00:01[K    63% |â–ˆâ–ˆâ–ˆâ–ˆâ–ˆâ–ˆâ–ˆâ–ˆâ–ˆâ–ˆâ–ˆâ–ˆâ–ˆâ–ˆâ–ˆâ–ˆâ–ˆâ–ˆâ–ˆâ–ˆâ–           | 368kB 25.1MB/s eta 0:00:01[K    64% |â–ˆâ–ˆâ–ˆâ–ˆâ–ˆâ–ˆâ–ˆâ–ˆâ–ˆâ–ˆâ–ˆâ–ˆâ–ˆâ–ˆâ–ˆâ–ˆâ–ˆâ–ˆâ–ˆâ–ˆâ–Š           | 378kB 23.8MB/s eta 0:00:01[K    66% |â–ˆâ–ˆâ–ˆâ–ˆâ–ˆâ–ˆâ–ˆâ–ˆâ–ˆâ–ˆâ–ˆâ–ˆâ–ˆâ–ˆâ–ˆâ–ˆâ–ˆâ–ˆâ–ˆâ–ˆâ–ˆâ–Ž          | 389kB 26.1MB/s eta 0:00:01[K    68% |â–ˆâ–ˆâ–ˆâ–ˆâ–ˆâ–ˆâ–ˆâ–ˆâ–ˆâ–ˆâ–ˆâ–ˆâ–ˆâ–ˆâ–ˆâ–ˆâ–ˆâ–ˆâ–ˆâ–ˆâ–ˆâ–‰          | 399kB 28.9MB/s eta 0:00:01[K    70% |â–ˆâ–ˆâ–ˆâ–ˆâ–ˆâ–ˆâ–ˆâ–ˆâ–ˆâ–ˆâ–ˆâ–ˆâ–ˆâ–ˆâ–ˆâ–ˆâ–ˆâ–ˆâ–ˆâ–ˆâ–ˆâ–ˆâ–         | 409kB 24.1MB/s eta 0:00:01[K    71% |â–ˆâ–ˆâ–ˆâ–ˆâ–ˆâ–ˆâ–ˆâ–ˆâ–ˆâ–ˆâ–ˆâ–ˆâ–ˆâ–ˆâ–ˆâ–ˆâ–ˆâ–ˆâ–ˆâ–ˆâ–ˆâ–ˆâ–ˆ         | 419kB 23.3MB/s eta 0:00:01[K    73% |â–ˆâ–ˆâ–ˆâ–ˆâ–ˆâ–ˆâ–ˆâ–ˆâ–ˆâ–ˆâ–ˆâ–ˆâ–ˆâ–ˆâ–ˆâ–ˆâ–ˆâ–ˆâ–ˆâ–ˆâ–ˆâ–ˆâ–ˆâ–Œ        | 430kB 24.2MB/s eta 0:00:01[K    75% |â–ˆâ–ˆâ–ˆâ–ˆâ–ˆâ–ˆâ–ˆâ–ˆâ–ˆâ–ˆâ–ˆâ–ˆâ–ˆâ–ˆâ–ˆâ–ˆâ–ˆâ–ˆâ–ˆâ–ˆâ–ˆâ–ˆâ–ˆâ–ˆ        | 440kB 24.2MB/s eta 0:00:01[K    77% |â–ˆâ–ˆâ–ˆâ–ˆâ–ˆâ–ˆâ–ˆâ–ˆâ–ˆâ–ˆâ–ˆâ–ˆâ–ˆâ–ˆâ–ˆâ–ˆâ–ˆâ–ˆâ–ˆâ–ˆâ–ˆâ–ˆâ–ˆâ–ˆâ–‹       | 450kB 26.3MB/s eta 0:00:01[K    78% |â–ˆâ–ˆâ–ˆâ–ˆâ–ˆâ–ˆâ–ˆâ–ˆâ–ˆâ–ˆâ–ˆâ–ˆâ–ˆâ–ˆâ–ˆâ–ˆâ–ˆâ–ˆâ–ˆâ–ˆâ–ˆâ–ˆâ–ˆâ–ˆâ–ˆâ–Ž      | 460kB 25.2MB/s eta 0:00:01[K    80% |â–ˆâ–ˆâ–ˆâ–ˆâ–ˆâ–ˆâ–ˆâ–ˆâ–ˆâ–ˆâ–ˆâ–ˆâ–ˆâ–ˆâ–ˆâ–ˆâ–ˆâ–ˆâ–ˆâ–ˆâ–ˆâ–ˆâ–ˆâ–ˆâ–ˆâ–‰      | 471kB 25.6MB/s eta 0:00:01[K    82% |â–ˆâ–ˆâ–ˆâ–ˆâ–ˆâ–ˆâ–ˆâ–ˆâ–ˆâ–ˆâ–ˆâ–ˆâ–ˆâ–ˆâ–ˆâ–ˆâ–ˆâ–ˆâ–ˆâ–ˆâ–ˆâ–ˆâ–ˆâ–ˆâ–ˆâ–ˆâ–     | 481kB 26.3MB/s eta 0:00:01[K    84% |â–ˆâ–ˆâ–ˆâ–ˆâ–ˆâ–ˆâ–ˆâ–ˆâ–ˆâ–ˆâ–ˆâ–ˆâ–ˆâ–ˆâ–ˆâ–ˆâ–ˆâ–ˆâ–ˆâ–ˆâ–ˆâ–ˆâ–ˆâ–ˆâ–ˆâ–ˆâ–ˆ     | 491kB 23.3MB/s eta 0:00:01[K    85% |â–ˆâ–ˆâ–ˆâ–ˆâ–ˆâ–ˆâ–ˆâ–ˆâ–ˆâ–ˆâ–ˆâ–ˆâ–ˆâ–ˆâ–ˆâ–ˆâ–ˆâ–ˆâ–ˆâ–ˆâ–ˆâ–ˆâ–ˆâ–ˆâ–ˆâ–ˆâ–ˆâ–Œ    | 501kB 25.3MB/s eta 0:00:01[K    87% |â–ˆâ–ˆâ–ˆâ–ˆâ–ˆâ–ˆâ–ˆâ–ˆâ–ˆâ–ˆâ–ˆâ–ˆâ–ˆâ–ˆâ–ˆâ–ˆâ–ˆâ–ˆâ–ˆâ–ˆâ–ˆâ–ˆâ–ˆâ–ˆâ–ˆâ–ˆâ–ˆâ–ˆ    | 512kB 30.5MB/s eta 0:00:01[K    89% |â–ˆâ–ˆâ–ˆâ–ˆâ–ˆâ–ˆâ–ˆâ–ˆâ–ˆâ–ˆâ–ˆâ–ˆâ–ˆâ–ˆâ–ˆâ–ˆâ–ˆâ–ˆâ–ˆâ–ˆâ–ˆâ–ˆâ–ˆâ–ˆâ–ˆâ–ˆâ–ˆâ–ˆâ–‹   | 522kB 33.6MB/s eta 0:00:01[K    91% |â–ˆâ–ˆâ–ˆâ–ˆâ–ˆâ–ˆâ–ˆâ–ˆâ–ˆâ–ˆâ–ˆâ–ˆâ–ˆâ–ˆâ–ˆâ–ˆâ–ˆâ–ˆâ–ˆâ–ˆâ–ˆâ–ˆâ–ˆâ–ˆâ–ˆâ–ˆâ–ˆâ–ˆâ–ˆâ–  | 532kB 33.2MB/s eta 0:00:01[K    92% |â–ˆâ–ˆâ–ˆâ–ˆâ–ˆâ–ˆâ–ˆâ–ˆâ–ˆâ–ˆâ–ˆâ–ˆâ–ˆâ–ˆâ–ˆâ–ˆâ–ˆâ–ˆâ–ˆâ–ˆâ–ˆâ–ˆâ–ˆâ–ˆâ–ˆâ–ˆâ–ˆâ–ˆâ–ˆâ–Š  | 542kB 32.1MB/s eta 0:00:01[K    94% |â–ˆâ–ˆâ–ˆâ–ˆâ–ˆâ–ˆâ–ˆâ–ˆâ–ˆâ–ˆâ–ˆâ–ˆâ–ˆâ–ˆâ–ˆâ–ˆâ–ˆâ–ˆâ–ˆâ–ˆâ–ˆâ–ˆâ–ˆâ–ˆâ–ˆâ–ˆâ–ˆâ–ˆâ–ˆâ–ˆâ–Ž | 552kB 32.6MB/s eta 0:00:01[K    96% |â–ˆâ–ˆâ–ˆâ–ˆâ–ˆâ–ˆâ–ˆâ–ˆâ–ˆâ–ˆâ–ˆâ–ˆâ–ˆâ–ˆâ–ˆâ–ˆâ–ˆâ–ˆâ–ˆâ–ˆâ–ˆâ–ˆâ–ˆâ–ˆâ–ˆâ–ˆâ–ˆâ–ˆâ–ˆâ–ˆâ–‰ | 563kB 32.2MB/s eta 0:00:01[K    98% |â–ˆâ–ˆâ–ˆâ–ˆâ–ˆâ–ˆâ–ˆâ–ˆâ–ˆâ–ˆâ–ˆâ–ˆâ–ˆâ–ˆâ–ˆâ–ˆâ–ˆâ–ˆâ–ˆâ–ˆâ–ˆâ–ˆâ–ˆâ–ˆâ–ˆâ–ˆâ–ˆâ–ˆâ–ˆâ–ˆâ–ˆâ–| 573kB 30.8MB/s eta 0:00:01[K    99% |â–ˆâ–ˆâ–ˆâ–ˆâ–ˆâ–ˆâ–ˆâ–ˆâ–ˆâ–ˆâ–ˆâ–ˆâ–ˆâ–ˆâ–ˆâ–ˆâ–ˆâ–ˆâ–ˆâ–ˆâ–ˆâ–ˆâ–ˆâ–ˆâ–ˆâ–ˆâ–ˆâ–ˆâ–ˆâ–ˆâ–ˆâ–ˆ| 583kB 29.6MB/s eta 0:00:01[K    100% |â–ˆâ–ˆâ–ˆâ–ˆâ–ˆâ–ˆâ–ˆâ–ˆâ–ˆâ–ˆâ–ˆâ–ˆâ–ˆâ–ˆâ–ˆâ–ˆâ–ˆâ–ˆâ–ˆâ–ˆâ–ˆâ–ˆâ–ˆâ–ˆâ–ˆâ–ˆâ–ˆâ–ˆâ–ˆâ–ˆâ–ˆâ–ˆ| 593kB 2.5MB/s 
[?25hCollecting coverage>=3.6 (from coveralls)
  Downloading coverage-4.3.4-cp35-cp35m-manylinux1_x86_64.whl (191kB)
[?25l[K    5% |â–ˆâ–Š                              | 10kB 25.5MB/s eta 0:00:01[K    10% |â–ˆâ–ˆâ–ˆâ–                            | 20kB 29.4MB/s eta 0:00:01[K    16% |â–ˆâ–ˆâ–ˆâ–ˆâ–ˆâ–                          | 30kB 32.3MB/s eta 0:00:01[K    21% |â–ˆâ–ˆâ–ˆâ–ˆâ–ˆâ–ˆâ–‰                         | 40kB 29.3MB/s eta 0:00:01[K    26% |â–ˆâ–ˆâ–ˆâ–ˆâ–ˆâ–ˆâ–ˆâ–ˆâ–Œ                       | 51kB 29.3MB/s eta 0:00:01[K    32% |â–ˆâ–ˆâ–ˆâ–ˆâ–ˆâ–ˆâ–ˆâ–ˆâ–ˆâ–ˆâ–Ž                     | 61kB 31.6MB/s eta 0:00:01[K    37% |â–ˆâ–ˆâ–ˆâ–ˆâ–ˆâ–ˆâ–ˆâ–ˆâ–ˆâ–ˆâ–ˆâ–ˆ                    | 71kB 32.9MB/s eta 0:00:01[K    42% |â–ˆâ–ˆâ–ˆâ–ˆâ–ˆâ–ˆâ–ˆâ–ˆâ–ˆâ–ˆâ–ˆâ–ˆâ–ˆâ–‹                  | 81kB 32.6MB/s eta 0:00:01[K    48% |â–ˆâ–ˆâ–ˆâ–ˆâ–ˆâ–ˆâ–ˆâ–ˆâ–ˆâ–ˆâ–ˆâ–ˆâ–ˆâ–ˆâ–ˆâ–                | 92kB 33.9MB/s eta 0:00:01[K    53% |â–ˆâ–ˆâ–ˆâ–ˆâ–ˆâ–ˆâ–ˆâ–ˆâ–ˆâ–ˆâ–ˆâ–ˆâ–ˆâ–ˆâ–ˆâ–ˆâ–ˆ               | 102kB 34.7MB/s eta 0:00:01[K    58% |â–ˆâ–ˆâ–ˆâ–ˆâ–ˆâ–ˆâ–ˆâ–ˆâ–ˆâ–ˆâ–ˆâ–ˆâ–ˆâ–ˆâ–ˆâ–ˆâ–ˆâ–ˆâ–‰             | 112kB 36.8MB/s eta 0:00:01[K    64% |â–ˆâ–ˆâ–ˆâ–ˆâ–ˆâ–ˆâ–ˆâ–ˆâ–ˆâ–ˆâ–ˆâ–ˆâ–ˆâ–ˆâ–ˆâ–ˆâ–ˆâ–ˆâ–ˆâ–ˆâ–Œ           | 122kB 37.6MB/s eta 0:00:01[K    69% |â–ˆâ–ˆâ–ˆâ–ˆâ–ˆâ–ˆâ–ˆâ–ˆâ–ˆâ–ˆâ–ˆâ–ˆâ–ˆâ–ˆâ–ˆâ–ˆâ–ˆâ–ˆâ–ˆâ–ˆâ–ˆâ–ˆâ–         | 133kB 37.9MB/s eta 0:00:01[K    74% |â–ˆâ–ˆâ–ˆâ–ˆâ–ˆâ–ˆâ–ˆâ–ˆâ–ˆâ–ˆâ–ˆâ–ˆâ–ˆâ–ˆâ–ˆâ–ˆâ–ˆâ–ˆâ–ˆâ–ˆâ–ˆâ–ˆâ–ˆâ–ˆ        | 143kB 42.1MB/s eta 0:00:01[K    80% |â–ˆâ–ˆâ–ˆâ–ˆâ–ˆâ–ˆâ–ˆâ–ˆâ–ˆâ–ˆâ–ˆâ–ˆâ–ˆâ–ˆâ–ˆâ–ˆâ–ˆâ–ˆâ–ˆâ–ˆâ–ˆâ–ˆâ–ˆâ–ˆâ–ˆâ–‹      | 153kB 44.2MB/s eta 0:00:01[K    85% |â–ˆâ–ˆâ–ˆâ–ˆâ–ˆâ–ˆâ–ˆâ–ˆâ–ˆâ–ˆâ–ˆâ–ˆâ–ˆâ–ˆâ–ˆâ–ˆâ–ˆâ–ˆï¿½ï¿½ï¿½â–ˆâ–ˆâ–ˆâ–ˆâ–ˆâ–ˆâ–ˆâ–ˆâ–Ž    | 163kB 42.6MB/s eta 0:00:01[K    90% |â–ˆâ–ˆâ–ˆâ–ˆâ–ˆâ–ˆâ–ˆâ–ˆâ–ˆâ–ˆâ–ˆâ–ˆâ–ˆâ–ˆâ–ˆâ–ˆâ–ˆâ–ˆâ–ˆâ–ˆâ–ˆâ–ˆâ–ˆâ–ˆâ–ˆâ–ˆâ–ˆâ–ˆâ–ˆ   | 174kB 43.5MB/s eta 0:00:01[K    96% |â–ˆâ–ˆâ–ˆâ–ˆâ–ˆâ–ˆâ–ˆâ–ˆâ–ˆâ–ˆâ–ˆâ–ˆâ–ˆâ–ˆâ–ˆâ–ˆâ–ˆâ–ˆâ–ˆâ–ˆâ–ˆâ–ˆâ–ˆâ–ˆâ–ˆâ–ˆâ–ˆâ–ˆâ–ˆâ–ˆâ–Š | 184kB 45.7MB/s eta 0:00:01[K    100% |â–ˆâ–ˆâ–ˆâ–ˆâ–ˆâ–ˆâ–ˆâ–ˆâ–ˆâ–ˆâ–ˆâ–ˆâ–ˆâ–ˆâ–ˆâ–ˆâ–ˆâ–ˆâ–ˆâ–ˆâ–ˆâ–ˆâ–ˆâ–ˆâ–ˆâ–ˆâ–ˆâ–ˆâ–ˆâ–ˆâ–ˆâ–ˆ| 194kB 6.6MB/s 
[?25hCollecting docopt>=0.6.1 (from coveralls)
  Downloading docopt-0.6.2.tar.gz
Collecting argparse>=1.0.0 (from scrutinizer-ocular)
  Downloading argparse-1.4.0-py2.py3-none-any.whl
Building wheels for collected packages: scrutinizer-ocular, docopt
  Running setup.py bdist_wheel for scrutinizer-ocular ... [?25l- done
[?25h  Stored in directory: /home/travis/.cache/pip/wheels/cb/71/24/055a8bc52da2f09ec824cfc11941264aad88376a16c5b8f85b
  Running setup.py bdist_wheel for docopt ... [?25l- done
[?25h  Stored in directory: /home/travis/.cache/pip/wheels/b2/16/5f/c33a2bb5f2dce71205f8e65cbfd05647d79d441282be31fd82
Successfully built scrutinizer-ocular docopt
Installing collected packages: requests, coverage, docopt, coveralls, argparse, scrutinizer-ocular
Successfully installed argparse-1.4.0 coverage-4.3.4 coveralls-1.1 docopt-0.6.2 requests-2.13.0 scrutinizer-ocular-1.0.3

travis_time:end:22bbe62c:start=1488106391014413371,finish=1488106395541974681,duration=4527561310[0Ktravis_fold:end:install[0Ktravis_fold:start:before_script.1[0Ktravis_time:start:004889d3[0K$ make env
virtualenv --python python env
Running virtualenv with interpreter /home/travis/virtualenv/python3.5.2/bin/python
Using real prefix '/opt/python/3.5.2'
New python executable in env/bin/python
Installing setuptools, pip...done.
env/bin/pip install --upgrade pip
Collecting pip from https://pypi.python.org/packages/b6/ac/7015eb97dc749283ffdec1c3a88ddb8ae03b8fad0f0e611408f196358da3/pip-9.0.1-py2.py3-none-any.whl#md5=297dbd16ef53bcef0447d245815f5144
  Downloading pip-9.0.1-py2.py3-none-any.whl (1.3MB)
[?25l[K    0% |                                | 4.1kB 22.6MB/s eta 0:00:01[K    0% |                                | 8.2kB 15.5MB/s eta 0:00:01[K    0% |                                | 12kB 12.4MB/s eta 0:00:01[K    1% |                                | 16kB 13.4MB/s eta 0:00:01[K    1% |                                | 20kB 14.3MB/s eta 0:00:01[K    1% |                                | 24kB 14.6MB/s eta 0:00:01[K    2% |                                | 28kB 14.8MB/s eta 0:00:01[K    2% |                                | 32kB 9.3MB/s eta 0:00:01[K    2% |                                | 36kB 9.7MB/s eta 0:00:01[K    3% |#                               | 40kB 10.0MB/s eta 0:00:01[K    3% |#                               | 45kB 9.2MB/s eta 0:00:01[K    3% |#                               | 49kB 8.6MB/s eta 0:00:01[K    4% |#                               | 53kB 9.1MB/s eta 0:00:01[K    4% |#                               | 57kB 8.8MB/s eta 0:00:01[K    4% |#                               | 61kB 8.7MB/s eta 0:00:01[K    5% |#                               | 65kB 7.3MB/s eta 0:00:01[K    5% |#                               | 69kB 7.3MB/s eta 0:00:01[K    5% |#                               | 73kB 9.5MB/s eta 0:00:01[K    6% |#                               | 77kB 9.5MB/s eta 0:00:01[K    6% |##                              | 81kB 8.6MB/s eta 0:00:01[K    6% |##                              | 86kB 9.1MB/s eta 0:00:01[K    7% |##                              | 90kB 10.0MB/s eta 0:00:01[K    7% |##                              | 94kB 9.8MB/s eta 0:00:01[K    7% |##                              | 98kB 9.6MB/s eta 0:00:01[K    8% |##                              | 102kB 9.4MB/s eta 0:00:01[K    8% |##                              | 106kB 11.6MB/s eta 0:00:01[K    8% |##                              | 110kB 11.6MB/s eta 0:00:01[K    9% |##                              | 114kB 11.3MB/s eta 0:00:01[K    9% |###                             | 118kB 11.4MB/s eta 0:00:01[K    9% |###                             | 122kB 13.3MB/s eta 0:00:01[K    10% |###                             | 126kB 12.7MB/s eta 0:00:01[K    10% |###                             | 131kB 12.1MB/s eta 0:00:01[K    10% |###                             | 135kB 12.0MB/s eta 0:00:01[K    11% |###                             | 139kB 12.5MB/s eta 0:00:01[K    11% |###                             | 143kB 12.9MB/s eta 0:00:01[K    11% |###                             | 147kB 11.6MB/s eta 0:00:01[K    12% |###                             | 151kB 11.6MB/s eta 0:00:01[K    12% |###                             | 155kB 11.7MB/s eta 0:00:01[K    12% |####                            | 159kB 11.3MB/s eta 0:00:01[K    13% |####                            | 163kB 11.3MB/s eta 0:00:01[K    13% |####                            | 167kB 11.8MB/s eta 0:00:01[K    13% |####                            | 172kB 12.4MB/s eta 0:00:01[K    14% |####                            | 176kB 13.1MB/s eta 0:00:01[K    14% |####                            | 180kB 12.9MB/s eta 0:00:01[K    14% |####                            | 184kB 13.4MB/s eta 0:00:01[K    15% |####                            | 188kB 15.7MB/s eta 0:00:01[K    15% |####                            | 192kB 15.9MB/s eta 0:00:01[K    15% |#####                           | 196kB 16.2MB/s eta 0:00:01[K    15% |#####                           | 200kB 17.6MB/s eta 0:00:01[K    16% |#####                           | 204kB 17.5MB/s eta 0:00:01[K    16% |#####                           | 208kB 16.9MB/s eta 0:00:01[K    16% |#####                           | 212kB 16.5MB/s eta 0:00:01[K    17% |#####                           | 217kB 16.5MB/s eta 0:00:01[K    17% |#####                           | 221kB 17.8MB/s eta 0:00:01[K    17% |#####                           | 225kB 17.8MB/s eta 0:00:01[K    18% |#####                           | 229kB 16.5MB/s eta 0:00:01[K    18% |#####                           | 233kB 17.1MB/s eta 0:00:01[K    18% |######                          | 237kB 17.8MB/s eta 0:00:01[K    19% |######                          | 241kB 17.4MB/s eta 0:00:01[K    19% |######                          | 245kB 16.9MB/s eta 0:00:01[K    19% |######                          | 249kB 17.5MB/s eta 0:00:01[K    20% |######                          | 253kB 18.5MB/s eta 0:00:01[K    20% |######                          | 258kB 18.5MB/s eta 0:00:01[K    20% |######                          | 262kB 17.6MB/s eta 0:00:01[K    21% |######                          | 266kB 17.5MB/s eta 0:00:01[K    21% |######                          | 270kB 19.1MB/s eta 0:00:01[K    21% |######                          | 274kB 18.7MB/s eta 0:00:01[K    22% |#######                         | 278kB 17.0MB/s eta 0:00:01[K    22% |#######                         | 282kB 17.3MB/s eta 0:00:01[K    22% |#######                         | 286kB 18.6MB/s eta 0:00:01[K    23% |#######                         | 290kB 18.3MB/s eta 0:00:01[K    23% |#######                         | 294kB 16.8MB/s eta 0:00:01[K    23% |#######                         | 299kB 16.6MB/s eta 0:00:01[K    24% |#######                         | 303kB 17.0MB/s eta 0:00:01[K    24% |#######                         | 307kB 16.8MB/s eta 0:00:01[K    24% |#######                         | 311kB 15.8MB/s eta 0:00:01[K    25% |########                        | 315kB 16.0MB/s eta 0:00:01[K    25% |########                        | 319kB 17.3MB/s eta 0:00:01[K    25% |########                        | 323kB 17.4MB/s eta 0:00:01[K    26% |########                        | 327kB 16.4MB/s eta 0:00:01[K    26% |########                        | 331kB 16.1MB/s eta 0:00:01[K    26% |########                        | 335kB 17.5MB/s eta 0:00:01[K    27% |########                        | 339kB 17.7MB/s eta 0:00:01[K    27% |########                        | 344kB 16.6MB/s eta 0:00:01[K    27% |########                        | 348kB 16.9MB/s eta 0:00:01[K    28% |########                        | 352kB 18.0MB/s eta 0:00:01[K    28% |#########                       | 356kB 18.1MB/s eta 0:00:01[K    28% |#########                       | 360kB 17.4MB/s eta 0:00:01[K    29% |#########                       | 364kB 16.7MB/s eta 0:00:01[K    29% |#########                       | 368kB 17.9MB/s eta 0:00:01[K    29% |#########                       | 372kB 18.3MB/s eta 0:00:01[K    30% |#########                       | 376kB 17.4MB/s eta 0:00:01[K    30% |#########                       | 380kB 16.8MB/s eta 0:00:01[K    30% |#########                       | 385kB 18.4MB/s eta 0:00:01[K    31% |#########                       | 389kB 18.2MB/s eta 0:00:01[K    31% |##########                      | 393kB 17.0MB/s eta 0:00:01[K    31% |##########                      | 397kB 16.4MB/s eta 0:00:01[K    31% |##########                      | 401kB 17.2MB/s eta 0:00:01[K    32% |##########                      | 405kB 17.9MB/s eta 0:00:01[K    32% |##########                      | 409kB 16.0MB/s eta 0:00:01[K    32% |##########                      | 413kB 16.2MB/s eta 0:00:01[K    33% |##########                      | 417kB 17.1MB/s eta 0:00:01[K    33% |##########                      | 421kB 17.6MB/s eta 0:00:01[K    33% |##########                      | 425kB 16.6MB/s eta 0:00:01[K    34% |##########                      | 430kB 16.5MB/s eta 0:00:01[K    34% |###########                     | 434kB 17.7MB/s eta 0:00:01[K    34% |###########                     | 438kB 18.5MB/s eta 0:00:01[K    35% |###########                     | 442kB 18.0MB/s eta 0:00:01[K    35% |###########                     | 446kB 17.4MB/s eta 0:00:01[K    35% |###########                     | 450kB 20.0MB/s eta 0:00:01[K    36% |###########                     | 454kB 20.2MB/s eta 0:00:01[K    36% |###########                     | 458kB 19.1MB/s eta 0:00:01[K    36% |###########                     | 462kB 18.3MB/s eta 0:00:01[K    37% |###########                     | 466kB 19.8MB/s eta 0:00:01[K    37% |############                    | 471kB 20.2MB/s eta 0:00:01[K    37% |############                    | 475kB 18.9MB/s eta 0:00:01[K    38% |############                    | 479kB 19.1MB/s eta 0:00:01[K    38% |############                    | 483kB 19.8MB/s eta 0:00:01[K    38% |############                    | 487kB 20.9MB/s eta 0:00:01[K    39% |############                    | 491kB 19.1MB/s eta 0:00:01[K    39% |############                    | 495kB 18.5MB/s eta 0:00:01[K    39% |############                    | 499kB 19.4MB/s eta 0:00:01[K    40% |############                    | 503kB 20.8MB/s eta 0:00:01[K    40% |############                    | 507kB 20.0MB/s eta 0:00:01[K    40% |#############                   | 512kB 20.0MB/s eta 0:00:01[K    41% |#############                   | 516kB 21.0MB/s eta 0:00:01[K    41% |#############                   | 520kB 20.8MB/s eta 0:00:01[K    41% |#############                   | 524kB 20.4MB/s eta 0:00:01[K    42% |#############                   | 528kB 20.3MB/s eta 0:00:01[K    42% |#############                   | 532kB 21.5MB/s eta 0:00:01[K    42% |#############                   | 536kB 22.0MB/s eta 0:00:01[K    43% |#############                   | 540kB 20.8MB/s eta 0:00:01[K    43% |#############                   | 544kB 20.0MB/s eta 0:00:01[K    43% |#############                   | 548kB 20.7MB/s eta 0:00:01[K    44% |##############                  | 552kB 20.8MB/s eta 0:00:01[K    44% |##############                  | 557kB 20.8MB/s eta 0:00:01[K    44% |##############                  | 561kB 20.7MB/s eta 0:00:01[K    45% |##############                  | 565kB 20.1MB/s eta 0:00:01[K    45% |##############                  | 569kB 19.2MB/s eta 0:00:01[K    45% |##############                  | 573kB 19.1MB/s eta 0:00:01[K    46% |##############                  | 577kB 18.4MB/s eta 0:00:01[K    46% |##############                  | 581kB 19.2MB/s eta 0:00:01[K    46% |##############                  | 585kB 19.4MB/s eta 0:00:01[K    47% |###############                 | 589kB 18.6MB/s eta 0:00:01[K    47% |###############                 | 593kB 18.0MB/s eta 0:00:01[K    47% |###############                 | 598kB 18.7MB/s eta 0:00:01[K    47% |###############                 | 602kB 18.9MB/s eta 0:00:01[K    48% |###############                 | 606kB 19.1MB/s eta 0:00:01[K    48% |###############                 | 610kB 20.1MB/s eta 0:00:01[K    48% |###############                 | 614kB 20.2MB/s eta 0:00:01[K    49% |###############                 | 618kB 20.0MB/s eta 0:00:01[K    49% |###############                 | 622kB 19.4MB/s eta 0:00:01[K    49% |###############                 | 626kB 19.0MB/s eta 0:00:01[K    50% |################                | 630kB 20.1MB/s eta 0:00:01[K    50% |################                | 634kB 21.0MB/s eta 0:00:01[K    50% |################                | 638kB 20.2MB/s eta 0:00:01[K    51% |################                | 643kB 20.2MB/s eta 0:00:01[K    51% |################                | 647kB 19.7MB/s eta 0:00:01[K    51% |################                | 651kB 19.3MB/s eta 0:00:01[K    52% |################                | 655kB 18.2MB/s eta 0:00:01[K    52% |################                | 659kB 18.1MB/s eta 0:00:01[K    52% |################                | 663kB 18.7MB/s eta 0:00:01[K    53% |#################               | 667kB 19.6MB/s eta 0:00:01[K    53% |#################               | 671kB 18.8MB/s eta 0:00:01[K    53% |#################               | 675kB 18.1MB/s eta 0:00:01[K    54% |#################               | 679kB 18.7MB/s eta 0:00:01[K    54% |#################               | 684kB 18.8MB/s eta 0:00:01[K    54% |#################               | 688kB 18.5MB/s eta 0:00:01[K    55% |#################               | 692kB 17.7MB/s eta 0:00:01[K    55% |#################               | 696kB 19.0MB/s eta 0:00:01[K    55% |#################               | 700kB 19.8MB/s eta 0:00:01[K    56% |#################               | 704kB 18.4MB/s eta 0:00:01[K    56% |##################              | 708kB 18.0MB/s eta 0:00:01[K    56% |##################              | 712kB 18.3MB/s eta 0:00:01[K    57% |##################              | 716kB 14.6MB/s eta 0:00:01[K    57% |##################              | 720kB 13.8MB/s eta 0:00:01[K    57% |##################              | 724kB 13.6MB/s eta 0:00:01[K    58% |##################              | 729kB 14.2MB/s eta 0:00:01[K    58% |##################              | 733kB 14.7MB/s eta 0:00:01[K    58% |##################              | 737kB 14.3MB/s eta 0:00:01[K    59% |##################              | 741kB 13.8MB/s eta 0:00:01[K    59% |###################             | 745kB 14.7MB/s eta 0:00:01[K    59% |###################             | 749kB 14.5MB/s eta 0:00:01[K    60% |###################             | 753kB 13.7MB/s eta 0:00:01[K    60% |###################             | 757kB 16.6MB/s eta 0:00:01[K    60% |###################             | 761kB 17.5MB/s eta 0:00:01[K    61% |###################             | 765kB 17.5MB/s eta 0:00:01[K    61% |###################             | 770kB 16.3MB/s eta 0:00:01[K    61% |###################             | 774kB 16.2MB/s eta 0:00:01[K    62% |###################             | 778kB 16.3MB/s eta 0:00:01[K    62% |###################             | 782kB 17.0MB/s eta 0:00:01[K    62% |####################            | 786kB 15.8MB/s eta 0:00:01[K    63% |####################            | 790kB 15.7MB/s eta 0:00:01[K    63% |####################            | 794kB 16.6MB/s eta 0:00:01[K    63% |####################            | 798kB 17.2MB/s eta 0:00:01[K    63% |####################            | 802kB 16.5MB/s eta 0:00:01[K    64% |####################            | 806kB 15.6MB/s eta 0:00:01[K    64% |####################            | 811kB 16.7MB/s eta 0:00:01[K    64% |####################            | 815kB 16.8MB/s eta 0:00:01[K    65% |####################            | 819kB 16.4MB/s eta 0:00:01[K    65% |####################            | 823kB 16.5MB/s eta 0:00:01[K    65% |#####################           | 827kB 17.7MB/s eta 0:00:01[K    66% |#####################           | 831kB 18.4MB/s eta 0:00:01[K    66% |#####################           | 835kB 17.8MB/s eta 0:00:01[K    66% |#####################           | 839kB 17.6MB/s eta 0:00:01[K    67% |#####################           | 843kB 18.9MB/s eta 0:00:01[K    67% |#####################           | 847kB 19.6MB/s eta 0:00:01[K    67% |#####################           | 851kB 18.9MB/s eta 0:00:01[K    68% |#####################           | 856kB 18.2MB/s eta 0:00:01[K    68% |#####################           | 860kB 19.1MB/s eta 0:00:01[K    68% |######################          | 864kB 19.3MB/s eta 0:00:01[K    69% |######################          | 868kB 18.6MB/s eta 0:00:01[K    69% |######################          | 872kB 18.5MB/s eta 0:00:01[K    69% |######################          | 876kB 19.1MB/s eta 0:00:01[K    70% |######################          | 880kB 19.1MB/s eta 0:00:01[K    70% |######################          | 884kB 18.1MB/s eta 0:00:01[K    70% |######################          | 888kB 18.1MB/s eta 0:00:01[K    71% |######################          | 892kB 18.9MB/s eta 0:00:01[K    71% |######################          | 897kB 20.0MB/s eta 0:00:01[K    71% |######################          | 901kB 19.5MB/s eta 0:00:01[K    72% |#######################         | 905kB 19.1MB/s eta 0:00:01[K    72% |#######################         | 909kB 20.4MB/s eta 0:00:01[K    72% |#######################         | 913kB 20.2MB/s eta 0:00:01[K    73% |#######################         | 917kB 19.9MB/s eta 0:00:01[K    73% |#######################         | 921kB 20.4MB/s eta 0:00:01[K    73% |#######################         | 925kB 20.2MB/s eta 0:00:01[K    74% |#######################         | 929kB 21.4MB/s eta 0:00:01[K    74% |#######################         | 933kB 20.5MB/s eta 0:00:01[K    74% |#######################         | 937kB 20.4MB/s eta 0:00:01[K    75% |########################        | 942kB 21.7MB/s eta 0:00:01[K    75% |########################        | 946kB 22.1MB/s eta 0:00:01[K    75% |########################        | 950kB 21.6MB/s eta 0:00:01[K    76% |########################        | 954kB 21.8MB/s eta 0:00:01[K    76% |########################        | 958kB 22.8MB/s eta 0:00:01[K    76% |########################        | 962kB 22.9MB/s eta 0:00:01[K    77% |########################        | 966kB 23.1MB/s eta 0:00:01[K    77% |########################        | 970kB 22.9MB/s eta 0:00:01[K    77% |########################        | 974kB 23.8MB/s eta 0:00:01[K    78% |########################        | 978kB 23.7MB/s eta 0:00:01[K    78% |#########################       | 983kB 22.8MB/s eta 0:00:01[K    78% |#########################       | 987kB 22.7MB/s eta 0:00:01[K    78% |#########################       | 991kB 23.1MB/s eta 0:00:01[K    79% |#########################       | 995kB 23.0MB/s eta 0:00:01[K    79% |#########################       | 999kB 22.3MB/s eta 0:00:01[K    79% |#########################       | 1.0MB 22.1MB/s eta 0:00:01[K    80% |#########################       | 1.0MB 23.4MB/s eta 0:00:01[K    80% |#########################       | 1.0MB 22.9MB/s eta 0:00:01[K    80% |#########################       | 1.0MB 21.1MB/s eta 0:00:01[K    81% |##########################      | 1.0MB 21.0MB/s eta 0:00:01[K    81% |##########################      | 1.0MB 21.5MB/s eta 0:00:01[K    81% |##########################      | 1.0MB 21.4MB/s eta 0:00:01[K    82% |##########################      | 1.0MB 20.8MB/s eta 0:00:01[K    82% |##########################      | 1.0MB 20.6MB/s eta 0:00:01[K    82% |##########################      | 1.0MB 21.2MB/s eta 0:00:01[K    83% |##########################      | 1.0MB 21.1MB/s eta 0:00:01[K    83% |##########################      | 1.0MB 20.4MB/s eta 0:00:01[K    83% |##########################      | 1.1MB 20.5MB/s eta 0:00:01[K    84% |##########################      | 1.1MB 22.1MB/s eta 0:00:01[K    84% |###########################     | 1.1MB 22.0MB/s eta 0:00:01[K    84% |###########################     | 1.1MB 21.7MB/s eta 0:00:01[K    85% |###########################     | 1.1MB 22.1MB/s eta 0:00:01[K    85% |###########################     | 1.1MB 23.1MB/s eta 0:00:01[K    85% |###########################     | 1.1MB 23.4MB/s eta 0:00:01[K    86% |###########################     | 1.1MB 21.9MB/s eta 0:00:01[K    86% |###########################     | 1.1MB 22.2MB/s eta 0:00:01[K    86% |###########################     | 1.1MB 23.2MB/s eta 0:00:01[K    87% |###########################     | 1.1MB 23.6MB/s eta 0:00:01[K    87% |###########################     | 1.1MB 23.5MB/s eta 0:00:01[K    87% |############################    | 1.1MB 24.0MB/s eta 0:00:01[K    88% |############################    | 1.1MB 24.1MB/s eta 0:00:01[K    88% |############################    | 1.1MB 24.0MB/s eta 0:00:01[K    88% |############################    | 1.1MB 23.2MB/s eta 0:00:01[K    89% |############################    | 1.1MB 23.1MB/s eta 0:00:01[K    89% |############################    | 1.1MB 24.4MB/s eta 0:00:01[K    89% |############################    | 1.1MB 23.6MB/s eta 0:00:01[K    90% |############################    | 1.1MB 21.4MB/s eta 0:00:01[K    90% |############################    | 1.1MB 20.9MB/s eta 0:00:01[K    90% |#############################   | 1.1MB 20.7MB/s eta 0:00:01[K    91% |#############################   | 1.1MB 20.3MB/s eta 0:00:01[K    91% |#############################   | 1.1MB 20.2MB/s eta 0:00:01[K    91% |#############################   | 1.2MB 20.3MB/s eta 0:00:01[K    92% |#############################   | 1.2MB 20.8MB/s eta 0:00:01[K    92% |#############################   | 1.2MB 21.1MB/s eta 0:00:01[K    92% |#############################   | 1.2MB 21.1MB/s eta 0:00:01[K    93% |#############################   | 1.2MB 21.7MB/s eta 0:00:01[K    93% |#############################   | 1.2MB 24.1MB/s eta 0:00:01[K    93% |#############################   | 1.2MB 24.7MB/s eta 0:00:01[K    94% |##############################  | 1.2MB 25.0MB/s eta 0:00:01[K    94% |##############################  | 1.2MB 25.6MB/s eta 0:00:01[K    94% |##############################  | 1.2MB 26.4MB/s eta 0:00:01[K    94% |##############################  | 1.2MB 26.3MB/s eta 0:00:01[K    95% |##############################  | 1.2MB 25.0MB/s eta 0:00:01[K    95% |##############################  | 1.2MB 24.9MB/s eta 0:00:01[K    95% |##############################  | 1.2MB 25.7MB/s eta 0:00:01[K    96% |##############################  | 1.2MB 25.6MB/s eta 0:00:01[K    96% |##############################  | 1.2MB 24.7MB/s eta 0:00:01[K    96% |############################### | 1.2MB 24.8MB/s eta 0:00:01[K    97% |############################### | 1.2MB 25.5MB/s eta 0:00:01[K    97% |############################### | 1.2MB 25.5MB/s eta 0:00:01[K    97% |############################### | 1.2MB 24.7MB/s eta 0:00:01[K    98% |############################### | 1.2MB 24.6MB/s eta 0:00:01[K    98% |############################### | 1.2MB 26.0MB/s eta 0:00:01[K    98% |############################### | 1.2MB 26.0MB/s eta 0:00:01[K    99% |############################### | 1.2MB 24.5MB/s eta 0:00:01[K    99% |############################### | 1.2MB 24.5MB/s eta 0:00:01[K    99% |############################### | 1.3MB 25.5MB/s eta 0:00:01[K    100% |################################| 1.3MB 443kB/s 
[?25hInstalling collected packages: pip
  Found existing installation: pip 6.0.7
    Uninstalling pip-6.0.7:
      Successfully uninstalled pip-6.0.7

Successfully installed pip-9.0.1
VIRTUAL_ENV=env env/bin/python setup.py develop
running develop
running egg_info
creating Doorstop.egg-info
writing entry points to Doorstop.egg-info/entry_points.txt
writing Doorstop.egg-info/PKG-INFO
writing requirements to Doorstop.egg-info/requires.txt
writing dependency_links to Doorstop.egg-info/dependency_links.txt
writing top-level names to Doorstop.egg-info/top_level.txt
writing manifest file 'Doorstop.egg-info/SOURCES.txt'
reading manifest file 'Doorstop.egg-info/SOURCES.txt'
reading manifest template 'MANIFEST.in'
warning: no files found matching '*.rst'
warning: no files found matching '*.txt'
warning: no files found matching '*.rst' under directory 'docs'
warning: no files found matching '*.txt' under directory 'docs'
warning: no directories found matching '*/files'
writing manifest file 'Doorstop.egg-info/SOURCES.txt'
running build_ext
Creating /home/travis/build/jacebrowning/doorstop/env/lib/python3.5/site-packages/Doorstop.egg-link (link to .)
Adding Doorstop 1.2.1 to easy-install.pth file
Installing doorstop-gui script to /home/travis/build/jacebrowning/doorstop/env/bin
Installing doorstop script to /home/travis/build/jacebrowning/doorstop/env/bin
Installing doorstop-server script to /home/travis/build/jacebrowning/doorstop/env/bin

Installed /home/travis/build/jacebrowning/doorstop
Processing dependencies for Doorstop==1.2.1
Searching for pyficache==0.3.1
Reading https://pypi.python.org/simple/pyficache/
Best match: pyficache 0.3.1
Downloading https://pypi.python.org/packages/42/4d/262574948de06a5fa4ade0be6ca79a2f0ee6cbe548b5a42332e0552ac5e6/pyficache-0.3.1-py3.5.egg#md5=16f0f26c93f2658d3f425162bca96e6b
Processing pyficache-0.3.1-py3.5.egg
creating /home/travis/build/jacebrowning/doorstop/env/lib/python3.5/site-packages/pyficache-0.3.1-py3.5.egg
Extracting pyficache-0.3.1-py3.5.egg to /home/travis/build/jacebrowning/doorstop/env/lib/python3.5/site-packages
Adding pyficache 0.3.1 to easy-install.pth file

Installed /home/travis/build/jacebrowning/doorstop/env/lib/python3.5/site-packages/pyficache-0.3.1-py3.5.egg
Searching for requests<3,>=2
Reading https://pypi.python.org/simple/requests/
Best match: requests 2.13.0
Downloading https://pypi.python.org/packages/16/09/37b69de7c924d318e51ece1c4ceb679bf93be9d05973bb30c35babd596e2/requests-2.13.0.tar.gz#md5=921ec6b48f2ddafc8bb6160957baf444
Processing requests-2.13.0.tar.gz
Writing /tmp/easy_install-plv0cuf4/requests-2.13.0/setup.cfg
Running requests-2.13.0/setup.py -q bdist_egg --dist-dir /tmp/easy_install-plv0cuf4/requests-2.13.0/egg-dist-tmp-0yllwv0h
warning: no files found matching 'test_requests.py'
warning: no files found matching 'requirements.txt'
creating /home/travis/build/jacebrowning/doorstop/env/lib/python3.5/site-packages/requests-2.13.0-py3.5.egg
Extracting requests-2.13.0-py3.5.egg to /home/travis/build/jacebrowning/doorstop/env/lib/python3.5/site-packages
Adding requests 2.13.0 to easy-install.pth file

Installed /home/travis/build/jacebrowning/doorstop/env/lib/python3.5/site-packages/requests-2.13.0-py3.5.egg
Searching for bottle==0.12.13
Reading https://pypi.python.org/simple/bottle/
Best match: bottle 0.12.13
Downloading https://pypi.python.org/packages/bd/99/04dc59ced52a8261ee0f965a8968717a255ea84a36013e527944dbf3468c/bottle-0.12.13.tar.gz#md5=d2fe1b48c1d49217e78bf326b1cad437
Processing bottle-0.12.13.tar.gz
Writing /tmp/easy_install-ejxei6n0/bottle-0.12.13/setup.cfg
Running bottle-0.12.13/setup.py -q bdist_egg --dist-dir /tmp/easy_install-ejxei6n0/bottle-0.12.13/egg-dist-tmp-pad985kd
warning: no files found matching 'LICENSE.txt'
zip_safe flag not set; analyzing archive contents...
__pycache__.bottle.cpython-35: module references __file__
__pycache__.bottle.cpython-35: module references __path__
creating /home/travis/build/jacebrowning/doorstop/env/lib/python3.5/site-packages/bottle-0.12.13-py3.5.egg
Extracting bottle-0.12.13-py3.5.egg to /home/travis/build/jacebrowning/doorstop/env/lib/python3.5/site-packages
Adding bottle 0.12.13 to easy-install.pth file
Installing bottle.py script to /home/travis/build/jacebrowning/doorstop/env/bin

Installed /home/travis/build/jacebrowning/doorstop/env/lib/python3.5/site-packages/bottle-0.12.13-py3.5.egg
Searching for openpyxl<2.2,>=2.1
Reading https://pypi.python.org/simple/openpyxl/
/home/travis/build/jacebrowning/doorstop/env/lib/python3.5/site-packages/pkg_resources/__init__.py:2510: PEP440Warning: 'openpyxl-2.4.0 (b1)' is being parsed as a legacy, non PEP 440, version. You may find odd behavior and sort order. In particular it will be sorted as less than 0.0. It is recommend to migrate to PEP 440 compatible versions.
  PEP440Warning,
/home/travis/build/jacebrowning/doorstop/env/lib/python3.5/site-packages/pkg_resources/__init__.py:2510: PEP440Warning: 'openpyxl-2.4.0 (a1)' is being parsed as a legacy, non PEP 440, version. You may find odd behavior and sort order. In particular it will be sorted as less than 0.0. It is recommend to migrate to PEP 440 compatible versions.
  PEP440Warning,
/home/travis/build/jacebrowning/doorstop/env/lib/python3.5/site-packages/pkg_resources/__init__.py:2510: PEP440Warning: 'openpyxl-2.3.0 (b1)' is being parsed as a legacy, non PEP 440, version. You may find odd behavior and sort order. In particular it will be sorted as less than 0.0. It is recommend to migrate to PEP 440 compatible versions.
  PEP440Warning,
/home/travis/build/jacebrowning/doorstop/env/lib/python3.5/site-packages/pkg_resources/__init__.py:2510: PEP440Warning: 'openpyxl-2.3.0 (b2)' is being parsed as a legacy, non PEP 440, version. You may find odd behavior and sort order. In particular it will be sorted as less than 0.0. It is recommend to migrate to PEP 440 compatible versions.
  PEP440Warning,
/home/travis/build/jacebrowning/doorstop/env/lib/python3.5/site-packages/pkg_resources/__init__.py:2510: PEP440Warning: 'openpyxl-2.2.0 (b1)' is being parsed as a legacy, non PEP 440, version. You may find odd behavior and sort order. In particular it will be sorted as less than 0.0. It is recommend to migrate to PEP 440 compatible versions.
  PEP440Warning,
Best match: openpyxl 2.1.5
Downloading https://pypi.python.org/packages/87/d5/8f5732092a76f38fe9f420e5f66335b7a072cb7e61024540a07cf18101b2/openpyxl-2.1.5.tar.gz#md5=5a6506a5e429720cceeff5d2dde2b08e
Processing openpyxl-2.1.5.tar.gz
Writing /tmp/easy_install-cv8ioj5m/openpyxl-2.1.5/setup.cfg
Running openpyxl-2.1.5/setup.py -q bdist_egg --dist-dir /tmp/easy_install-cv8ioj5m/openpyxl-2.1.5/egg-dist-tmp-nyzl3t_f
no previously-included directories found matching 'openpyxl/tests'
no previously-included directories found matching 'openpyxl/sample'
no previously-included directories found matching 'openpyxl/benchmarks'
warning: no previously-included files matching 'test_*.py' found under directory 'openpyxl'
warning: no previously-included files matching 'tests/*.py' found under directory 'openpyxl'
zip_safe flag not set; analyzing archive contents...
openpyxl.__pycache__.profiling.cpython-35: module references __file__
creating /home/travis/build/jacebrowning/doorstop/env/lib/python3.5/site-packages/openpyxl-2.1.5-py3.5.egg
Extracting openpyxl-2.1.5-py3.5.egg to /home/travis/build/jacebrowning/doorstop/env/lib/python3.5/site-packages
Adding openpyxl 2.1.5 to easy-install.pth file

Installed /home/travis/build/jacebrowning/doorstop/env/lib/python3.5/site-packages/openpyxl-2.1.5-py3.5.egg
Searching for Markdown<3,>=2
Reading https://pypi.python.org/simple/Markdown/
Best match: Markdown 2.6.8
Downloading https://pypi.python.org/packages/1d/25/3f6d2cb31ec42ca5bd3bfbea99b63892b735d76e26f20dd2dcc34ffe4f0d/Markdown-2.6.8.tar.gz#md5=d9ef057a5bd185f6f536400a31fc5d45
Processing Markdown-2.6.8.tar.gz
Writing /tmp/easy_install-92z4_e65/Markdown-2.6.8/setup.cfg
Running Markdown-2.6.8/setup.py -q bdist_egg --dist-dir /tmp/easy_install-92z4_e65/Markdown-2.6.8/egg-dist-tmp-_8l8ne36
zip_safe flag not set; analyzing archive contents...
Moving Markdown-2.6.8-py3.5.egg to /home/travis/build/jacebrowning/doorstop/env/lib/python3.5/site-packages
Adding Markdown 2.6.8 to easy-install.pth file
Installing markdown_py script to /home/travis/build/jacebrowning/doorstop/env/bin

Installed /home/travis/build/jacebrowning/doorstop/env/lib/python3.5/site-packages/Markdown-2.6.8-py3.5.egg
Searching for PyYAML<4,>=3.10
Reading https://pypi.python.org/simple/PyYAML/
Best match: PyYAML 3.12
Downloading https://pypi.python.org/packages/6b/f0/a0250248ea260d55748fff586d89a32afbb22656f4498b08d2636a48d4ec/PyYAML-3.12.zip#md5=aa5e762e79b19bb80dbcf04f82178832
Processing PyYAML-3.12.zip
Writing /tmp/easy_install-j4se57u4/PyYAML-3.12/setup.cfg
Running PyYAML-3.12/setup.py -q bdist_egg --dist-dir /tmp/easy_install-j4se57u4/PyYAML-3.12/egg-dist-tmp-mrt9sini
In file included from ext/_yaml.c:271:0:
ext/_yaml.h:10:0: warning: "PyString_CheckExact" redefined [enabled by default]
ext/_yaml.c:139:0: note: this is the location of the previous definition
ext/_yaml.c: In function â€˜__pyx_pf_5_yaml_get_version_stringâ€™:
ext/_yaml.c:1410:17: warning: assignment discards â€˜constâ€™ qualifier from pointer target type [enabled by default]
ext/_yaml.c: In function â€˜__pyx_pf_5_yaml_7CParser___init__â€™:
ext/_yaml.c:2577:5: warning: passing argument 2 of â€˜yaml_parser_set_inputâ€™ from incompatible pointer type [enabled by default]
/usr/include/yaml.h:1367:1: note: expected â€˜int (*)(void *, unsigned char *, size_t,  size_t *)â€™ but argument is of type â€˜int (*)(void *, char *, size_t,  size_t *)â€™
ext/_yaml.c:2818:5: warning: pointer targets in passing argument 2 of â€˜yaml_parser_set_input_stringâ€™ differ in signedness [-Wpointer-sign]
/usr/include/yaml.h:1341:1: note: expected â€˜const unsigned char *â€™ but argument is of type â€˜char *â€™
ext/_yaml.c: In function â€˜__pyx_f_5_yaml_7CParser__token_to_objectâ€™:
ext/_yaml.c:4572:5: warning: pointer targets in passing argument 1 of â€˜PyUnicode_FromStringâ€™ differ in signedness [-Wpointer-sign]
/opt/python/3.5.2/include/python3.5m/unicodeobject.h:718:23: note: expected â€˜const char *â€™ but argument is of type â€˜yaml_char_t *â€™
ext/_yaml.c:4584:5: warning: pointer targets in passing argument 1 of â€˜PyUnicode_FromStringâ€™ differ in signedness [-Wpointer-sign]
/opt/python/3.5.2/include/python3.5m/unicodeobject.h:718:23: note: expected â€˜const char *â€™ but argument is of type â€˜yaml_char_t *â€™
ext/_yaml.c:5444:5: warning: pointer targets in passing argument 1 of â€˜PyUnicode_FromStringâ€™ differ in signedness [-Wpointer-sign]
/opt/python/3.5.2/include/python3.5m/unicodeobject.h:718:23: note: expected â€˜const char *â€™ but argument is of type â€˜yaml_char_t *â€™
ext/_yaml.c:5518:5: warning: pointer targets in passing argument 1 of â€˜PyUnicode_FromStringâ€™ differ in signedness [-Wpointer-sign]
/opt/python/3.5.2/include/python3.5m/unicodeobject.h:718:23: note: expected â€˜const char *â€™ but argument is of type â€˜yaml_char_t *â€™
ext/_yaml.c:5592:5: warning: pointer targets in passing argument 1 of â€˜PyUnicode_FromStringâ€™ differ in signedness [-Wpointer-sign]
/opt/python/3.5.2/include/python3.5m/unicodeobject.h:718:23: note: expected â€˜const char *â€™ but argument is of type â€˜yaml_char_t *â€™
ext/_yaml.c:5604:5: warning: pointer targets in passing argument 1 of â€˜PyUnicode_FromStringâ€™ differ in signedness [-Wpointer-sign]
/opt/python/3.5.2/include/python3.5m/unicodeobject.h:718:23: note: expected â€˜const char *â€™ but argument is of type â€˜yaml_char_t *â€™
ext/_yaml.c:5716:5: warning: pointer targets in passing argument 1 of â€˜PyUnicode_DecodeUTF8â€™ differ in signedness [-Wpointer-sign]
/opt/python/3.5.2/include/python3.5m/unicodeobject.h:1268:23: note: expected â€˜const char *â€™ but argument is of type â€˜yaml_char_t *â€™
ext/_yaml.c: In function â€˜__pyx_f_5_yaml_7CParser__event_to_objectâ€™:
ext/_yaml.c:7424:9: warning: pointer targets in passing argument 1 of â€˜PyUnicode_FromStringâ€™ differ in signedness [-Wpointer-sign]
/opt/python/3.5.2/include/python3.5m/unicodeobject.h:718:23: note: expected ï¿½ï¿½ï¿½const char *â€™ but argument is of type â€˜yaml_char_t *â€™
ext/_yaml.c:7436:9: warning: pointer targets in passing argument 1 of â€˜PyUnicode_FromStringâ€™ differ in signedness [-Wpointer-sign]
/opt/python/3.5.2/include/python3.5m/unicodeobject.h:718:23: note: expected â€˜const char *â€™ but argument is of type â€˜yaml_char_t *â€™
ext/_yaml.c:7655:5: warning: pointer targets in passing argument 1 of â€˜PyUnicode_FromStringâ€™ differ in signedness [-Wpointer-sign]
/opt/python/3.5.2/include/python3.5m/unicodeobject.h:718:23: note: expected â€˜const char *â€™ but argument is of type â€˜yaml_char_t *â€™
ext/_yaml.c:7749:7: warning: pointer targets in passing argument 1 of â€˜PyUnicode_FromStringâ€™ differ in signedness [-Wpointer-sign]
/opt/python/3.5.2/include/python3.5m/unicodeobject.h:718:23: note: expected â€˜const char *â€™ but argument is of type â€˜yaml_char_t *â€™
ext/_yaml.c:7790:7: warning: pointer targets in passing argument 1 of â€˜PyUnicode_FromStringâ€™ differ in signedness [-Wpointer-sign]
/opt/python/3.5.2/include/python3.5m/unicodeobject.h:718:23: note: expected â€˜const char *â€™ but argument is of type â€˜yaml_char_t *â€™
ext/_yaml.c:7811:5: warning: pointer targets in passing argument 1 of â€˜PyUnicode_DecodeUTF8â€™ differ in signedness [-Wpointer-sign]
/opt/python/3.5.2/include/python3.5m/unicodeobject.h:1268:23: note: expected â€˜const char *â€™ but argument is of type â€˜yaml_char_t *â€™
ext/_yaml.c:8179:7: warning: pointer targets in passing argument 1 of â€˜PyUnicode_FromStringâ€™ differ in signedness [-Wpointer-sign]
/opt/python/3.5.2/include/python3.5m/unicodeobject.h:718:23: note: expected â€˜const char *â€™ but argument is of type â€˜yaml_char_t *â€™
ext/_yaml.c:8220:7: warning: pointer targets in passing argument 1 of â€˜PyUnicode_FromStringâ€™ differ in signedness [-Wpointer-sign]
/opt/python/3.5.2/include/python3.5m/unicodeobject.h:718:23: note: expected â€˜const char *â€™ but argument is of type â€˜yaml_char_t *â€™
ext/_yaml.c:8449:7: warning: pointer targets in passing argument 1 of â€˜PyUnicode_FromStringâ€™ differ in signedness [-Wpointer-sign]
/opt/python/3.5.2/include/python3.5m/unicodeobject.h:718:23: note: expected â€˜const char *â€™ but argument is of type â€˜yaml_char_t *â€™
ext/_yaml.c:8490:7: warning: pointer targets in passing argument 1 of â€˜PyUnicode_FromStringâ€™ differ in signedness [-Wpointer-sign]
/opt/python/3.5.2/include/python3.5m/unicodeobject.h:718:23: note: expected â€˜const char *â€™ but argument is of type â€˜yaml_char_t *â€™
ext/_yaml.c: In function â€˜__pyx_f_5_yaml_7CParser__compose_nodeâ€™:
ext/_yaml.c:10094:5: warning: pointer targets in passing argument 1 of â€˜PyUnicode_FromStringâ€™ differ in signedness [-Wpointer-sign]
/opt/python/3.5.2/include/python3.5m/unicodeobject.h:718:23: note: expected â€˜const char *â€™ but argument is of type â€˜yaml_char_t *â€™
ext/_yaml.c:10378:5: warning: pointer targets in passing argument 1 of â€˜PyUnicode_FromStringâ€™ differ in signedness [-Wpointer-sign]
/opt/python/3.5.2/include/python3.5m/unicodeobject.h:718:23: note: expected â€˜const char *â€™ but argument is of type â€˜yaml_char_t *â€™
ext/_yaml.c:10434:5: warning: pointer targets in passing argument 1 of â€˜PyUnicode_FromStringâ€™ differ in signedness [-Wpointer-sign]
/opt/python/3.5.2/include/python3.5m/unicodeobject.h:718:23: note: expected â€˜const char *â€™ but argument is of type â€˜yaml_char_t *â€™
ext/_yaml.c:10490:5: warning: pointer targets in passing argument 1 of â€˜PyUnicode_FromStringâ€™ differ in signedness [-Wpointer-sign]
/opt/python/3.5.2/include/python3.5m/unicodeobject.h:718:23: note: expected â€˜const char *â€™ but argument is of type â€˜yaml_char_t *â€™
ext/_yaml.c: In function â€˜__pyx_f_5_yaml_7CParser__compose_scalar_nodeâ€™:
ext/_yaml.c:11109:3: warning: pointer targets in passing argument 1 of â€˜PyUnicode_DecodeUTF8â€™ differ in signedness [-Wpointer-sign]
/opt/python/3.5.2/include/python3.5m/unicodeobject.h:1268:23: note: expected â€˜const char *â€™ but argument is of type â€˜yaml_char_t *â€™
ext/_yaml.c:11310:5: warning: pointer targets in passing argument 1 of â€˜PyUnicode_FromStringâ€™ differ in signedness [-Wpointer-sign]
/opt/python/3.5.2/include/python3.5m/unicodeobject.h:718:23: note: expected â€˜const char *â€™ but argument is of type â€˜yaml_char_t *â€™
ext/_yaml.c: In function â€˜__pyx_f_5_yaml_7CParser__compose_sequence_nodeâ€™:
ext/_yaml.c:11841:5: warning: pointer targets in passing argument 1 of â€˜PyUnicode_FromStringâ€™ differ in signedness [-Wpointer-sign]
/opt/python/3.5.2/include/python3.5m/unicodeobject.h:718:23: note: expected â€˜const char *â€™ but argument is of type â€˜yaml_char_t *â€™
ext/_yaml.c: In function â€˜__pyx_f_5_yaml_7CParser__compose_mapping_nodeâ€™:
ext/_yaml.c:12435:5: warning: pointer targets in passing argument 1 of â€˜PyUnicode_FromStringâ€™ differ in signedness [-Wpointer-sign]
/opt/python/3.5.2/include/python3.5m/unicodeobject.h:718:23: note: expected â€˜const char *â€™ but argument is of type â€˜yaml_char_t *â€™
ext/_yaml.c: In function â€˜__pyx_f_5_yaml_input_handlerâ€™:
ext/_yaml.c:13141:87: warning: comparison between signed and unsigned integer expressions [-Wsign-compare]
ext/_yaml.c: In function â€˜__pyx_pf_5_yaml_8CEmitter___init__â€™:
ext/_yaml.c:13630:3: warning: passing argument 2 of â€˜yaml_emitter_set_outputâ€™ from incompatible pointer type [enabled by default]
/usr/include/yaml.h:1829:1: note: expected â€˜int (*)(void *, unsigned char *, size_t)â€™ but argument is of type â€˜int (*)(void *, char *, size_t)â€™
ext/_yaml.c: In function â€˜__pyx_f_5_yaml_8CEmitter__object_to_eventâ€™:
ext/_yaml.c:15002:44: warning: pointer targets in assignment differ in signedness [-Wpointer-sign]
ext/_yaml.c:15117:44: warning: pointer targets in assignment differ in signedness [-Wpointer-sign]
ext/_yaml.c:15454:5: warning: pointer targets in passing argument 2 of â€˜yaml_alias_event_initializeâ€™ differ in signedness [-Wpointer-sign]
/usr/include/yaml.h:553:1: note: expected â€˜yaml_char_t *â€™ but argument is of type â€˜char *â€™
ext/_yaml.c:16169:5: warning: pointer targets in passing argument 2 of â€˜yaml_scalar_event_initializeâ€™ differ in signedness [-Wpointer-sign]
/usr/include/yaml.h:578:1: note: expected â€˜yaml_char_t *â€™ but argument is of type â€˜char *â€™
ext/_yaml.c:16169:5: warning: pointer targets in passing argument 3 of â€˜yaml_scalar_event_initializeâ€™ differ in signedness [-Wpointer-sign]
/usr/include/yaml.h:578:1: note: expected â€˜yaml_char_t *â€™ but argument is of type â€˜char *â€™
ext/_yaml.c:16169:5: warning: pointer targets in passing argument 4 of â€˜yaml_scalar_event_initializeâ€™ differ in signedness [-Wpointer-sign]
/usr/include/yaml.h:578:1: note: expected â€˜yaml_char_t *â€™ but argument is of type â€˜char *â€™
ext/_yaml.c:16603:5: warning: pointer targets in passing argument 2 of â€˜yaml_sequence_start_event_initializeâ€™ differ in signedness [-Wpointer-sign]
/usr/include/yaml.h:601:1: note: expected â€˜yaml_char_t *â€™ but argument is of type â€˜char *â€™
ext/_yaml.c:16603:5: warning: pointer targets in passing argument 3 of â€˜yaml_sequence_start_event_initializeâ€™ differ in signedness [-Wpointer-sign]
/usr/include/yaml.h:601:1: note: expected â€˜yaml_char_t *â€™ but argument is of type â€˜char *â€™
ext/_yaml.c:17037:5: warning: pointer targets in passing argument 2 of â€˜yaml_mapping_start_event_initializeâ€™ differ in signedness [-Wpointer-sign]
/usr/include/yaml.h:633:1: note: expected â€˜yaml_char_t *â€™ but argument is of type â€˜char *â€™
ext/_yaml.c:17037:5: warning: pointer targets in passing argument 3 of â€˜yaml_mapping_start_event_initializeâ€™ differ in signedness [-Wpointer-sign]
/usr/include/yaml.h:633:1: note: expected â€˜yaml_char_t *â€™ but argument is of type â€˜char *â€™
ext/_yaml.c: In function â€˜__pyx_pf_5_yaml_8CEmitter_12serializeâ€™:
ext/_yaml.c:18516:42: warning: pointer targets in assignment differ in signedness [-Wpointer-sign]
ext/_yaml.c:18631:42: warning: pointer targets in assignment differ in signedness [-Wpointer-sign]
ext/_yaml.c: In function â€˜__pyx_f_5_yaml_8CEmitter__serialize_nodeâ€™:
ext/_yaml.c:19491:5: warning: pointer targets in passing argument 2 of â€˜yaml_alias_event_initializeâ€™ differ in signedness [-Wpointer-sign]
/usr/include/yaml.h:553:1: note: expected â€˜yaml_char_t *â€™ but argument is of type â€˜char *â€™
ext/_yaml.c:20240:7: warning: pointer targets in passing argument 2 of â€˜yaml_scalar_event_initializeâ€™ differ in signedness [-Wpointer-sign]
/usr/include/yaml.h:578:1: note: expected â€˜yaml_char_t *â€™ but argument is of type â€˜char *â€™
ext/_yaml.c:20240:7: warning: pointer targets in passing argument 3 of â€˜yaml_scalar_event_initializeâ€™ differ in signedness [-Wpointer-sign]
/usr/include/yaml.h:578:1: note: expected â€˜yaml_char_t *â€™ but argument is of type â€˜char *â€™
ext/_yaml.c:20240:7: warning: pointer targets in passing argument 4 of â€˜yaml_scalar_event_initializeâ€™ differ in signedness [-Wpointer-sign]
/usr/include/yaml.h:578:1: note: expected â€˜yaml_char_t *â€™ but argument is of type â€˜char *â€™
ext/_yaml.c:20605:7: warning: pointer targets in passing argument 2 of â€˜yaml_sequence_start_event_initializeâ€™ differ in signedness [-Wpointer-sign]
/usr/include/yaml.h:601:1: note: expected â€˜yaml_char_t *â€™ but argument is of type â€˜char *â€™
ext/_yaml.c:20605:7: warning: pointer targets in passing argument 3 of â€˜yaml_sequence_start_event_initializeâ€™ differ in signedness [-Wpointer-sign]
/usr/include/yaml.h:601:1: note: expected â€˜yaml_char_t *â€™ but argument is of type â€˜char *â€™
ext/_yaml.c:21113:7: warning: pointer targets in passing argument 2 of â€˜yaml_mapping_start_event_initializeâ€™ differ in signedness [-Wpointer-sign]
/usr/include/yaml.h:633:1: note: expected â€˜yaml_char_t *â€™ but argument is of type â€˜char *â€™
ext/_yaml.c:21113:7: warning: pointer targets in passing argument 3 of â€˜yaml_mapping_start_event_initializeâ€™ differ in signedness [-Wpointer-sign]
/usr/include/yaml.h:633:1: note: expected â€˜yaml_char_t *â€™ but argument is of type â€˜char *â€™
zip_safe flag not set; analyzing archive contents...
__pycache__._yaml.cpython-35: module references __file__
creating /home/travis/build/jacebrowning/doorstop/env/lib/python3.5/site-packages/PyYAML-3.12-py3.5-linux-x86_64.egg
Extracting PyYAML-3.12-py3.5-linux-x86_64.egg to /home/travis/build/jacebrowning/doorstop/env/lib/python3.5/site-packages
Adding PyYAML 3.12 to easy-install.pth file

Installed /home/travis/build/jacebrowning/doorstop/env/lib/python3.5/site-packages/PyYAML-3.12-py3.5-linux-x86_64.egg
Searching for pygments>=2.0
Reading https://pypi.python.org/simple/pygments/
Best match: Pygments 2.2.0
Downloading https://pypi.python.org/packages/71/2a/2e4e77803a8bd6408a2903340ac498cb0a2181811af7c9ec92cb70b0308a/Pygments-2.2.0.tar.gz#md5=13037baca42f16917cbd5ad2fab50844
Processing Pygments-2.2.0.tar.gz
Writing /tmp/easy_install-_g7cjxrz/Pygments-2.2.0/setup.cfg
Running Pygments-2.2.0/setup.py -q bdist_egg --dist-dir /tmp/easy_install-_g7cjxrz/Pygments-2.2.0/egg-dist-tmp-m43shsut
creating /home/travis/build/jacebrowning/doorstop/env/lib/python3.5/site-packages/Pygments-2.2.0-py3.5.egg
Extracting Pygments-2.2.0-py3.5.egg to /home/travis/build/jacebrowning/doorstop/env/lib/python3.5/site-packages
Adding Pygments 2.2.0 to easy-install.pth file
Installing pygmentize script to /home/travis/build/jacebrowning/doorstop/env/bin

Installed /home/travis/build/jacebrowning/doorstop/env/lib/python3.5/site-packages/Pygments-2.2.0-py3.5.egg
Searching for coverage
Reading https://pypi.python.org/simple/coverage/
Best match: coverage 4.3.4
Downloading https://pypi.python.org/packages/6e/33/01cb50da2d0582c077299651038371dba988248058e03c7a7c4be0c84c40/coverage-4.3.4.tar.gz#md5=89759813309185efcf4af8b9f7762630
Processing coverage-4.3.4.tar.gz
Writing /tmp/easy_install-b5j_hy1k/coverage-4.3.4/setup.cfg
Running coverage-4.3.4/setup.py -q bdist_egg --dist-dir /tmp/easy_install-b5j_hy1k/coverage-4.3.4/egg-dist-tmp-lh0fc72e
warning: no previously-included files found matching 'ci/appveyor.token'
no previously-included directories found matching 'doc/_build'
no previously-included directories found matching 'tests/eggsrc/build'
no previously-included directories found matching 'tests/eggsrc/dist'
no previously-included directories found matching 'tests/eggsrc/*.egg-info'
warning: no previously-included files matching '*.py[co]' found anywhere in distribution
creating /home/travis/build/jacebrowning/doorstop/env/lib/python3.5/site-packages/coverage-4.3.4-py3.5-linux-x86_64.egg
Extracting coverage-4.3.4-py3.5-linux-x86_64.egg to /home/travis/build/jacebrowning/doorstop/env/lib/python3.5/site-packages
Adding coverage 4.3.4 to easy-install.pth file
Installing coverage script to /home/travis/build/jacebrowning/doorstop/env/bin
Installing coverage3 script to /home/travis/build/jacebrowning/doorstop/env/bin
Installing coverage-3.5 script to /home/travis/build/jacebrowning/doorstop/env/bin

Installed /home/travis/build/jacebrowning/doorstop/env/lib/python3.5/site-packages/coverage-4.3.4-py3.5-linux-x86_64.egg
Searching for jdcal
Reading https://pypi.python.org/simple/jdcal/
Best match: jdcal 1.3
Downloading https://pypi.python.org/packages/9b/fa/40beb2aa43a13f740dd5be367a10a03270043787833409c61b79e69f1dfd/jdcal-1.3.tar.gz#md5=885ba61d28992f26acffec131bd2a17e
Processing jdcal-1.3.tar.gz
Writing /tmp/easy_install-p2rncond/jdcal-1.3/setup.cfg
Running jdcal-1.3/setup.py -q bdist_egg --dist-dir /tmp/easy_install-p2rncond/jdcal-1.3/egg-dist-tmp-9xdur1je
zip_safe flag not set; analyzing archive contents...
Moving jdcal-1.3-py3.5.egg to /home/travis/build/jacebrowning/doorstop/env/lib/python3.5/site-packages
Adding jdcal 1.3 to easy-install.pth file

Installed /home/travis/build/jacebrowning/doorstop/env/lib/python3.5/site-packages/jdcal-1.3-py3.5.egg
Finished processing dependencies for Doorstop==1.2.1
touch Doorstop.egg-info  # flag to indicate package is installed

travis_time:end:004889d3:start=1488106395547574758,finish=1488106414999710992,duration=19452136234[0Ktravis_fold:end:before_script.1[0Ktravis_fold:start:before_script.2[0Ktravis_time:start:23aed1f5[0K$ make depends-ci
env/bin/pip install --upgrade pep8 pep257 pylint coverage nose
Collecting pep8
  Downloading pep8-1.7.0-py2.py3-none-any.whl (41kB)
[?25l[K    24% |â–ˆâ–ˆâ–ˆâ–ˆâ–ˆâ–ˆâ–ˆâ–ˆ                        | 10kB 29.4MB/s eta 0:00:01[K    49% |â–ˆâ–ˆâ–ˆâ–ˆâ–ˆâ–ˆâ–ˆâ–ˆâ–ˆâ–ˆâ–ˆâ–ˆâ–ˆâ–ˆâ–ˆâ–ˆ                | 20kB 13.6MB/s eta 0:00:01[K    74% |â–ˆâ–ˆâ–ˆâ–ˆâ–ˆâ–ˆâ–ˆâ–ˆâ–ˆâ–ˆâ–ˆâ–ˆâ–ˆâ–ˆâ–ˆâ–ˆâ–ˆâ–ˆâ–ˆâ–ˆâ–ˆâ–ˆâ–ˆâ–‰        | 30kB 12.5MB/s eta 0:00:01[K    99% |â–ˆâ–ˆâ–ˆâ–ˆâ–ˆâ–ˆâ–ˆâ–ˆâ–ˆâ–ˆâ–ˆâ–ˆâ–ˆâ–ˆâ–ˆâ–ˆâ–ˆâ–ˆâ–ˆâ–ˆâ–ˆâ–ˆâ–ˆâ–ˆâ–ˆâ–ˆâ–ˆâ–ˆâ–ˆâ–ˆâ–ˆâ–‰| 40kB 10.5MB/s eta 0:00:01[K    100% |â–ˆâ–ˆâ–ˆâ–ˆâ–ˆâ–ˆâ–ˆâ–ˆâ–ˆâ–ˆâ–ˆâ–ˆâ–ˆâ–ˆâ–ˆâ–ˆâ–ˆâ–ˆâ–ˆâ–ˆâ–ˆâ–ˆâ–ˆâ–ˆâ–ˆâ–ˆâ–ˆâ–ˆâ–ˆâ–ˆâ–ˆâ–ˆ| 51kB 6.9MB/s 
[?25hCollecting pep257
  Downloading pep257-0.7.0-py2.py3-none-any.whl
Collecting pylint
  Downloading pylint-1.6.5-py2.py3-none-any.whl (577kB)
[?25l[K    1% |â–‹                               | 10kB 42.8MB/s eta 0:00:01[K    3% |â–ˆâ–                              | 20kB 32.5MB/s eta 0:00:01[K    5% |â–ˆâ–Š                              | 30kB 34.9MB/s eta 0:00:01[K    7% |â–ˆâ–ˆâ–Ž                             | 40kB 22.8MB/s eta 0:00:01[K    8% |â–ˆâ–ˆâ–‰                             | 51kB 12.9MB/s eta 0:00:01[K    10% |â–ˆâ–ˆâ–ˆâ–                            | 61kB 14.6MB/s eta 0:00:01[K    12% |â–ˆâ–ˆâ–ˆâ–ˆ                            | 71kB 14.4MB/s eta 0:00:01[K    14% |â–ˆâ–ˆâ–ˆâ–ˆâ–Œ                           | 81kB 14.5MB/s eta 0:00:01[K    15% |â–ˆâ–ˆâ–ˆâ–ˆâ–ˆ                           | 92kB 15.7MB/s eta 0:00:01[K    17% |â–ˆâ–ˆâ–ˆâ–ˆâ–ˆâ–Š                          | 102kB 15.5MB/s eta 0:00:01[K    19% |â–ˆâ–ˆâ–ˆâ–ˆâ–ˆâ–ˆâ–Ž                         | 112kB 15.6MB/s eta 0:00:01[K    21% |â–ˆâ–ˆâ–ˆâ–ˆâ–ˆâ–ˆâ–‰                         | 122kB 14.4MB/s eta 0:00:01[K    23% |â–ˆâ–ˆâ–ˆâ–ˆâ–ˆâ–ˆâ–ˆâ–                        | 133kB 12.5MB/s eta 0:00:01[K    24% |â–ˆâ–ˆâ–ˆâ–ˆâ–ˆâ–ˆâ–ˆâ–ˆ                        | 143kB 13.7MB/s eta 0:00:01[K    26% |â–ˆâ–ˆâ–ˆâ–ˆâ–ˆâ–ˆâ–ˆâ–ˆâ–Œ                       | 153kB 17.1MB/s eta 0:00:01[K    28% |â–ˆâ–ˆâ–ˆâ–ˆâ–ˆâ–ˆâ–ˆâ–ˆâ–ˆ                       | 163kB 14.9MB/s eta 0:00:01[K    30% |â–ˆâ–ˆâ–ˆâ–ˆâ–ˆâ–ˆâ–ˆâ–ˆâ–ˆâ–‹                      | 174kB 16.2MB/s eta 0:00:01[K    31% |â–ˆâ–ˆâ–ˆâ–ˆâ–ˆâ–ˆâ–ˆâ–ˆâ–ˆâ–ˆâ–                     | 184kB 16.7MB/s eta 0:00:01[K    33% |â–ˆâ–ˆâ–ˆâ–ˆâ–ˆâ–ˆâ–ˆâ–ˆâ–ˆâ–ˆâ–‰                     | 194kB 16.7MB/s eta 0:00:01[K    35% |â–ˆâ–ˆâ–ˆâ–ˆâ–ˆâ–ˆâ–ˆâ–ˆâ–ˆâ–ˆâ–ˆâ–                    | 204kB 17.3MB/s eta 0:00:01[K    37% |â–ˆâ–ˆâ–ˆâ–ˆâ–ˆâ–ˆâ–ˆâ–ˆâ–ˆâ–ˆâ–ˆâ–ˆ                    | 215kB 15.7MB/s eta 0:00:01[K    39% |â–ˆâ–ˆâ–ˆâ–ˆâ–ˆâ–ˆâ–ˆâ–ˆâ–ˆâ–ˆâ–ˆâ–ˆâ–Œ                   | 225kB 17.5MB/s eta 0:00:01[K    40% |â–ˆâ–ˆâ–ˆâ–ˆâ–ˆâ–ˆâ–ˆâ–ˆâ–ˆâ–ˆâ–ˆâ–ˆâ–ˆ                   | 235kB 21.1MB/s eta 0:00:01[K    42% |â–ˆâ–ˆâ–ˆâ–ˆâ–ˆâ–ˆâ–ˆâ–ˆâ–ˆâ–ˆâ–ˆâ–ˆâ–ˆâ–‹                  | 245kB 20.5MB/s eta 0:00:01[K    44% |â–ˆâ–ˆâ–ˆâ–ˆâ–ˆâ–ˆâ–ˆâ–ˆâ–ˆâ–ˆâ–ˆâ–ˆâ–ˆâ–ˆâ–                 | 256kB 22.5MB/s eta 0:00:01[K    46% |â–ˆâ–ˆâ–ˆâ–ˆâ–ˆâ–ˆâ–ˆâ–ˆâ–ˆâ–ˆâ–ˆâ–ˆâ–ˆâ–ˆâ–Š                 | 266kB 23.8MB/s eta 0:00:01[K    47% |â–ˆâ–ˆâ–ˆâ–ˆâ–ˆâ–ˆâ–ˆâ–ˆâ–ˆâ–ˆâ–ˆâ–ˆâ–ˆâ–ˆâ–ˆâ–Ž                | 276kB 23.9MB/s eta 0:00:01[K    49% |â–ˆâ–ˆâ–ˆâ–ˆâ–ˆâ–ˆâ–ˆâ–ˆâ–ˆâ–ˆâ–ˆâ–ˆâ–ˆâ–ˆâ–ˆâ–‰                | 286kB 24.5MB/s eta 0:00:01[K    51% |â–ˆâ–ˆâ–ˆâ–ˆâ–ˆâ–ˆâ–ˆâ–ˆâ–ˆâ–ˆâ–ˆâ–ˆâ–ˆâ–ˆâ–ˆâ–ˆâ–Œ               | 296kB 23.0MB/s eta 0:00:01[K    53% |â–ˆâ–ˆâ–ˆâ–ˆâ–ˆâ–ˆâ–ˆâ–ˆâ–ˆâ–ˆâ–ˆâ–ˆâ–ˆâ–ˆâ–ˆâ–ˆâ–ˆ               | 307kB 24.3MB/s eta 0:00:01[K    54% |â–ˆâ–ˆâ–ˆâ–ˆâ–ˆâ–ˆâ–ˆâ–ˆâ–ˆâ–ˆâ–ˆâ–ˆâ–ˆâ–ˆâ–ˆâ–ˆâ–ˆâ–‹              | 317kB 27.9MB/s eta 0:00:01[K    56% |â–ˆâ–ˆâ–ˆâ–ˆâ–ˆâ–ˆâ–ˆâ–ˆâ–ˆâ–ˆâ–ˆâ–ˆâ–ˆâ–ˆâ–ˆâ–ˆâ–ˆâ–ˆâ–             | 327kB 25.1MB/s eta 0:00:01[K    58% |â–ˆâ–ˆâ–ˆâ–ˆâ–ˆâ–ˆâ–ˆâ–ˆâ–ˆâ–ˆâ–ˆâ–ˆâ–ˆâ–ˆâ–ˆâ–ˆâ–ˆâ–ˆâ–Š             | 337kB 25.8MB/s eta 0:00:01[K    60% |â–ˆâ–ˆâ–ˆâ–ˆâ–ˆâ–ˆâ–ˆâ–ˆâ–ˆâ–ˆâ–ˆâ–ˆâ–ˆâ–ˆâ–ˆâ–ˆâ–ˆâ–ˆâ–ˆâ–Ž            | 348kB 25.5MB/s eta 0:00:01[K    62% |â–ˆâ–ˆâ–ˆâ–ˆâ–ˆâ–ˆâ–ˆâ–ˆâ–ˆâ–ˆâ–ˆâ–ˆâ–ˆâ–ˆâ–ˆâ–ˆâ–ˆâ–ˆâ–ˆâ–‰            | 358kB 25.4MB/s eta 0:00:01[K    63% |â–ˆâ–ˆâ–ˆâ–ˆâ–ˆâ–ˆâ–ˆâ–ˆâ–ˆâ–ˆâ–ˆâ–ˆâ–ˆâ–ˆâ–ˆâ–ˆâ–ˆâ–ˆâ–ˆâ–ˆâ–           | 368kB 28.7MB/s eta 0:00:01[K    65% |â–ˆâ–ˆâ–ˆâ–ˆâ–ˆâ–ˆâ–ˆâ–ˆâ–ˆâ–ˆâ–ˆâ–ˆâ–ˆâ–ˆâ–ˆâ–ˆâ–ˆâ–ˆâ–ˆâ–ˆâ–ˆ           | 378kB 28.1MB/s eta 0:00:01[K    67% |â–ˆâ–ˆâ–ˆâ–ˆâ–ˆâ–ˆâ–ˆâ–ˆâ–ˆâ–ˆâ–ˆâ–ˆâ–ˆâ–ˆâ–ˆâ–ˆâ–ˆâ–ˆâ–ˆâ–ˆâ–ˆâ–‹          | 389kB 29.5MB/s eta 0:00:01[K    69% |â–ˆâ–ˆâ–ˆâ–ˆâ–ˆâ–ˆâ–ˆâ–ˆâ–ˆâ–ˆâ–ˆâ–ˆâ–ˆâ–ˆâ–ˆâ–ˆâ–ˆâ–ˆâ–ˆâ–ˆâ–ˆâ–ˆâ–         | 399kB 30.6MB/s eta 0:00:01[K    70% |â–ˆâ–ˆâ–ˆâ–ˆâ–ˆâ–ˆâ–ˆâ–ˆâ–ˆâ–ˆâ–ˆâ–ˆâ–ˆâ–ˆâ–ˆâ–ˆâ–ˆâ–ˆâ–ˆâ–ˆâ–ˆâ–ˆâ–Š         | 409kB 28.0MB/s eta 0:00:01[K    72% |â–ˆâ–ˆâ–ˆâ–ˆâ–ˆâ–ˆâ–ˆâ–ˆâ–ˆâ–ˆâ–ˆâ–ˆâ–ˆâ–ˆâ–ˆâ–ˆâ–ˆâ–ˆâ–ˆâ–ˆâ–ˆâ–ˆâ–ˆâ–Ž        | 419kB 28.3MB/s eta 0:00:01[K    74% |â–ˆâ–ˆâ–ˆâ–ˆâ–ˆâ–ˆâ–ˆâ–ˆâ–ˆâ–ˆâ–ˆâ–ˆâ–ˆâ–ˆâ–ˆâ–ˆâ–ˆâ–ˆâ–ˆâ–ˆâ–ˆâ–ˆâ–ˆâ–‰        | 430kB 31.1MB/s eta 0:00:01[K    76% |â–ˆâ–ˆâ–ˆâ–ˆâ–ˆâ–ˆâ–ˆâ–ˆâ–ˆâ–ˆâ–ˆâ–ˆâ–ˆâ–ˆâ–ˆâ–ˆâ–ˆâ–ˆâ–ˆâ–ˆâ–ˆâ–ˆâ–ˆâ–ˆâ–       | 440kB 30.4MB/s eta 0:00:01[K    78% |â–ˆâ–ˆâ–ˆâ–ˆâ–ˆâ–ˆâ–ˆâ–ˆâ–ˆâ–ˆâ–ˆâ–ˆâ–ˆâ–ˆâ–ˆâ–ˆâ–ˆâ–ˆâ–ˆâ–ˆâ–ˆâ–ˆâ–ˆâ–ˆâ–ˆ       | 450kB 29.1MB/s eta 0:00:01[K    79% |â–ˆâ–ˆâ–ˆâ–ˆâ–ˆâ–ˆâ–ˆâ–ˆâ–ˆâ–ˆâ–ˆâ–ˆâ–ˆâ–ˆâ–ˆâ–ˆâ–ˆâ–ˆâ–ˆâ–ˆâ–ˆâ–ˆâ–ˆâ–ˆâ–ˆâ–Œ      | 460kB 28.3MB/s eta 0:00:01[K    81% |â–ˆâ–ˆâ–ˆâ–ˆâ–ˆâ–ˆâ–ˆâ–ˆâ–ˆâ–ˆâ–ˆâ–ˆâ–ˆâ–ˆâ–ˆâ–ˆâ–ˆâ–ˆâ–ˆâ–ˆâ–ˆâ–ˆâ–ˆâ–ˆâ–ˆâ–ˆ      | 471kB 29.7MB/s eta 0:00:01[K    83% |â–ˆâ–ˆâ–ˆâ–ˆâ–ˆâ–ˆâ–ˆâ–ˆâ–ˆâ–ˆâ–ˆâ–ˆâ–ˆâ–ˆâ–ˆâ–ˆâ–ˆâ–ˆâ–ˆâ–ˆâ–ˆâ–ˆâ–ˆâ–ˆâ–ˆâ–ˆâ–Š     | 481kB 28.4MB/s eta 0:00:01[K    85% |â–ˆâ–ˆâ–ˆâ–ˆâ–ˆâ–ˆâ–ˆâ–ˆâ–ˆâ–ˆâ–ˆâ–ˆâ–ˆâ–ˆâ–ˆâ–ˆâ–ˆâ–ˆâ–ˆâ–ˆâ–ˆâ–ˆâ–ˆâ–ˆâ–ˆâ–ˆâ–ˆâ–Ž    | 491kB 28.0MB/s eta 0:00:01[K    86% |â–ˆâ–ˆâ–ˆâ–ˆâ–ˆâ–ˆâ–ˆâ–ˆâ–ˆâ–ˆâ–ˆâ–ˆâ–ˆâ–ˆâ–ˆâ–ˆâ–ˆâ–ˆâ–ˆâ–ˆâ–ˆâ–ˆâ–ˆâ–ˆâ–ˆâ–ˆâ–ˆâ–‰    | 501kB 28.6MB/s eta 0:00:01[K    88% |â–ˆâ–ˆâ–ˆâ–ˆâ–ˆâ–ˆâ–ˆâ–ˆâ–ˆâ–ˆâ–ˆâ–ˆâ–ˆâ–ˆâ–ˆâ–ˆâ–ˆâ–ˆâ–ˆâ–ˆâ–ˆâ–ˆâ–ˆâ–ˆâ–ˆâ–ˆâ–ˆâ–ˆâ–   | 512kB 31.1MB/s eta 0:00:01[K    90% |â–ˆâ–ˆâ–ˆâ–ˆâ–ˆâ–ˆâ–ˆâ–ˆâ–ˆâ–ˆâ–ˆâ–ˆâ–ˆâ–ˆâ–ˆâ–ˆâ–ˆâ–ˆâ–ˆâ–ˆâ–ˆâ–ˆâ–ˆâ–ˆâ–ˆâ–ˆâ–ˆâ–ˆâ–ˆ   | 522kB 30.3MB/s eta 0:00:01[K    92% |â–ˆâ–ˆâ–ˆâ–ˆâ–ˆâ–ˆâ–ˆâ–ˆâ–ˆâ–ˆâ–ˆâ–ˆâ–ˆâ–ˆâ–ˆâ–ˆâ–ˆâ–ˆâ–ˆâ–ˆâ–ˆâ–ˆâ–ˆâ–ˆâ–ˆâ–ˆâ–ˆâ–ˆâ–ˆâ–Œ  | 532kB 30.2MB/s eta 0:00:01[K    93% |â–ˆâ–ˆâ–ˆâ–ˆâ–ˆâ–ˆâ–ˆâ–ˆâ–ˆâ–ˆâ–ˆâ–ˆâ–ˆâ–ˆâ–ˆâ–ˆâ–ˆâ–ˆâ–ˆâ–ˆâ–ˆâ–ˆâ–ˆâ–ˆâ–ˆâ–ˆâ–ˆâ–ˆâ–ˆâ–ˆ  | 542kB 29.3MB/s eta 0:00:01[K    95% |â–ˆâ–ˆâ–ˆâ–ˆâ–ˆâ–ˆâ–ˆâ–ˆâ–ˆâ–ˆâ–ˆâ–ˆâ–ˆâ–ˆâ–ˆâ–ˆâ–ˆâ–ˆâ–ˆâ–ˆâ–ˆâ–ˆâ–ˆâ–ˆâ–ˆâ–ˆâ–ˆâ–ˆâ–ˆâ–ˆâ–‹ | 552kB 32.6MB/s eta 0:00:01[K    97% |â–ˆâ–ˆâ–ˆâ–ˆâ–ˆâ–ˆâ–ˆâ–ˆâ–ˆâ–ˆâ–ˆâ–ˆâ–ˆâ–ˆâ–ˆâ–ˆâ–ˆâ–ˆâ–ˆâ–ˆâ–ˆâ–ˆâ–ˆâ–ˆâ–ˆâ–ˆâ–ˆâ–ˆâ–ˆâ–ˆâ–ˆâ–| 563kB 33.1MB/s eta 0:00:01[K    99% |â–ˆâ–ˆâ–ˆâ–ˆâ–ˆâ–ˆâ–ˆâ–ˆâ–ˆâ–ˆâ–ˆâ–ˆâ–ˆâ–ˆâ–ˆâ–ˆâ–ˆâ–ˆâ–ˆâ–ˆâ–ˆâ–ˆâ–ˆâ–ˆâ–ˆâ–ˆâ–ˆâ–ˆâ–ˆâ–ˆâ–ˆâ–Š| 573kB 32.7MB/s eta 0:00:01[K    100% |â–ˆâ–ˆâ–ˆâ–ˆâ–ˆâ–ˆâ–ˆâ–ˆâ–ˆâ–ˆâ–ˆâ–ˆâ–ˆâ–ˆâ–ˆâ–ˆâ–ˆâ–ˆâ–ˆâ–ˆâ–ˆâ–ˆâ–ˆâ–ˆâ–ˆâ–ˆâ–ˆâ–ˆâ–ˆâ–ˆâ–ˆâ–ˆ| 583kB 2.7MB/s 
[?25hRequirement already up-to-date: coverage in ./env/lib/python3.5/site-packages/coverage-4.3.4-py3.5-linux-x86_64.egg
Collecting nose
  Downloading nose-1.3.7-py3-none-any.whl (154kB)
[?25l[K    6% |â–ˆâ–ˆâ–                             | 10kB 45.6MB/s eta 0:00:01[K    13% |â–ˆâ–ˆâ–ˆâ–ˆâ–Ž                           | 20kB 37.3MB/s eta 0:00:01[K    19% |â–ˆâ–ˆâ–ˆâ–ˆâ–ˆâ–ˆâ–                         | 30kB 40.9MB/s eta 0:00:01[K    26% |â–ˆâ–ˆâ–ˆâ–ˆâ–ˆâ–ˆâ–ˆâ–ˆâ–Œ                       | 40kB 41.3MB/s eta 0:00:01[K    33% |â–ˆâ–ˆâ–ˆâ–ˆâ–ˆâ–ˆâ–ˆâ–ˆâ–ˆâ–ˆâ–‹                     | 51kB 41.4MB/s eta 0:00:01[K    39% |â–ˆâ–ˆâ–ˆâ–ˆâ–ˆâ–ˆâ–ˆâ–ˆâ–ˆâ–ˆâ–ˆâ–ˆâ–Š                   | 61kB 43.1MB/s eta 0:00:01[K    46% |â–ˆâ–ˆâ–ˆâ–ˆâ–ˆâ–ˆâ–ˆâ–ˆâ–ˆâ–ˆâ–ˆâ–ˆâ–ˆâ–ˆâ–‰                 | 71kB 39.7MB/s eta 0:00:01[K    52% |â–ˆâ–ˆâ–ˆâ–ˆâ–ˆâ–ˆâ–ˆâ–ˆâ–ˆâ–ˆâ–ˆâ–ˆâ–ˆâ–ˆâ–ˆâ–ˆâ–ˆ               | 81kB 40.1MB/s eta 0:00:01[K    59% |â–ˆâ–ˆâ–ˆâ–ˆâ–ˆâ–ˆâ–ˆâ–ˆâ–ˆâ–ˆâ–ˆâ–ˆâ–ˆâ–ˆâ–ˆâ–ˆâ–ˆâ–ˆâ–ˆ             | 92kB 40.2MB/s eta 0:00:01[K    66% |â–ˆâ–ˆâ–ˆâ–ˆâ–ˆâ–ˆâ–ˆâ–ˆâ–ˆâ–ˆâ–ˆâ–ˆâ–ˆâ–ˆâ–ˆâ–ˆâ–ˆâ–ˆâ–ˆâ–ˆâ–ˆâ–          | 102kB 38.1MB/s eta 0:00:01[K    72% |â–ˆâ–ˆâ–ˆâ–ˆâ–ˆâ–ˆâ–ˆâ–ˆâ–ˆâ–ˆâ–ˆâ–ˆâ–ˆâ–ˆâ–ˆâ–ˆâ–ˆâ–ˆâ–ˆâ–ˆâ–ˆâ–ˆâ–ˆâ–Ž        | 112kB 37.8MB/s eta 0:00:01[K    79% |â–ˆâ–ˆâ–ˆâ–ˆâ–ˆâ–ˆâ–ˆâ–ˆâ–ˆâ–ˆâ–ˆâ–ˆâ–ˆâ–ˆâ–ˆâ–ˆâ–ˆâ–ˆâ–ˆâ–ˆâ–ˆâ–ˆâ–ˆâ–ˆâ–ˆâ–      | 122kB 38.1MB/s eta 0:00:01[K    86% |â–ˆâ–ˆâ–ˆâ–ˆâ–ˆâ–ˆâ–ˆâ–ˆâ–ˆâ–ˆâ–ˆâ–ˆâ–ˆâ–ˆâ–ˆâ–ˆâ–ˆâ–ˆâ–ˆâ–ˆâ–ˆâ–ˆâ–ˆâ–ˆâ–ˆâ–ˆâ–ˆâ–Œ    | 133kB 37.5MB/s eta 0:00:01[K    92% |â–ˆâ–ˆâ–ˆâ–ˆâ–ˆâ–ˆâ–ˆâ–ˆâ–ˆâ–ˆâ–ˆâ–ˆâ–ˆâ–ˆâ–ˆâ–ˆâ–ˆâ–ˆâ–ˆâ–ˆâ–ˆâ–ˆâ–ˆâ–ˆâ–ˆâ–ˆâ–ˆâ–ˆâ–ˆâ–‹  | 143kB 38.3MB/s eta 0:00:01[K    99% |â–ˆâ–ˆâ–ˆâ–ˆâ–ˆâ–ˆâ–ˆâ–ˆâ–ˆâ–ˆâ–ˆâ–ˆâ–ˆâ–ˆâ–ˆâ–ˆâ–ˆâ–ˆâ–ˆâ–ˆâ–ˆâ–ˆâ–ˆâ–ˆâ–ˆâ–ˆâ–ˆâ–ˆâ–ˆâ–ˆâ–ˆâ–Š| 153kB 38.7MB/s eta 0:00:01[K    100% |â–ˆâ–ˆâ–ˆâ–ˆâ–ˆâ–ˆâ–ˆâ–ˆâ–ˆâ–ˆâ–ˆâ–ˆâ–ˆâ–ˆâ–ˆâ–ˆâ–ˆâ–ˆâ–ˆâ–ˆâ–ˆâ–ˆâ–ˆâ–ˆâ–ˆâ–ˆâ–ˆâ–ˆâ–ˆâ–ˆâ–ˆâ–ˆ| 163kB 7.9MB/s 
[?25hCollecting mccabe (from pylint)
  Downloading mccabe-0.6.1-py2.py3-none-any.whl
Collecting astroid<1.5.0,>=1.4.5 (from pylint)
  Downloading astroid-1.4.9-py2.py3-none-any.whl (213kB)
[?25l[K    4% |â–ˆâ–Œ                              | 10kB 33.4MB/s eta 0:00:01[K    9% |â–ˆâ–ˆâ–ˆ                             | 20kB 29.8MB/s eta 0:00:01[K    14% |â–ˆâ–ˆâ–ˆâ–ˆâ–‹                           | 30kB 27.8MB/s eta 0:00:01[K    19% |â–ˆâ–ˆâ–ˆâ–ˆâ–ˆâ–ˆâ–                         | 40kB 24.6MB/s eta 0:00:01[K    23% |â–ˆâ–ˆâ–ˆâ–ˆâ–ˆâ–ˆâ–ˆâ–Š                        | 51kB 25.0MB/s eta 0:00:01[K    28% |â–ˆâ–ˆâ–ˆâ–ˆâ–ˆâ–ˆâ–ˆâ–ˆâ–ˆâ–                      | 61kB 25.7MB/s eta 0:00:01[K    33% |â–ˆâ–ˆâ–ˆâ–ˆâ–ˆâ–ˆâ–ˆâ–ˆâ–ˆâ–ˆâ–Š                     | 71kB 25.5MB/s eta 0:00:01[K    38% |â–ˆâ–ˆâ–ˆâ–ˆâ–ˆâ–ˆâ–ˆâ–ˆâ–ˆâ–ˆâ–ˆâ–ˆâ–Ž                   | 81kB 26.4MB/s eta 0:00:01[K    43% |â–ˆâ–ˆâ–ˆâ–ˆâ–ˆâ–ˆâ–ˆâ–ˆâ–ˆâ–ˆâ–ˆâ–ˆâ–ˆâ–‰                  | 92kB 27.7MB/s eta 0:00:01[K    47% |â–ˆâ–ˆâ–ˆâ–ˆâ–ˆâ–ˆâ–ˆâ–ˆâ–ˆâ–ˆâ–ˆâ–ˆâ–ˆâ–ˆâ–ˆâ–                | 102kB 28.5MB/s eta 0:00:01[K    52% |â–ˆâ–ˆâ–ˆâ–ˆâ–ˆâ–ˆâ–ˆâ–ˆâ–ˆâ–ˆâ–ˆâ–ˆâ–ˆâ–ˆâ–ˆâ–ˆâ–‰               | 112kB 29.3MB/s eta 0:00:01[K    57% |â–ˆâ–ˆâ–ˆâ–ˆâ–ˆâ–ˆâ–ˆâ–ˆâ–ˆâ–ˆâ–ˆâ–ˆâ–ˆâ–ˆâ–ˆâ–ˆâ–ˆâ–ˆâ–             | 122kB 30.5MB/s eta 0:00:01[K    62% |â–ˆâ–ˆâ–ˆâ–ˆâ–ˆâ–ˆâ–ˆâ–ˆâ–ˆâ–ˆâ–ˆâ–ˆâ–ˆâ–ˆâ–ˆï¿½ï¿½ï¿½â–ˆâ–ˆâ–ˆâ–ˆ            | 133kB 31.8MB/s eta 0:00:01[K    67% |â–ˆâ–ˆâ–ˆâ–ˆâ–ˆâ–ˆâ–ˆâ–ˆâ–ˆâ–ˆâ–ˆâ–ˆâ–ˆâ–ˆâ–ˆâ–ˆâ–ˆâ–ˆâ–ˆâ–ˆâ–ˆâ–Œ          | 143kB 36.0MB/s eta 0:00:01[K    71% |â–ˆâ–ˆâ–ˆâ–ˆâ–ˆâ–ˆâ–ˆâ–ˆâ–ˆâ–ˆâ–ˆâ–ˆâ–ˆâ–ˆâ–ˆâ–ˆâ–ˆâ–ˆâ–ˆâ–ˆâ–ˆâ–ˆâ–ˆ         | 153kB 37.7MB/s eta 0:00:01[K    76% |â–ˆâ–ˆâ–ˆâ–ˆâ–ˆâ–ˆâ–ˆâ–ˆâ–ˆâ–ˆâ–ˆâ–ˆâ–ˆâ–ˆâ–ˆâ–ˆâ–ˆâ–ˆâ–ˆâ–ˆâ–ˆâ–ˆâ–ˆâ–ˆâ–‹       | 163kB 38.7MB/s eta 0:00:01[K    81% |â–ˆâ–ˆâ–ˆâ–ˆâ–ˆâ–ˆâ–ˆâ–ˆâ–ˆâ–ˆâ–ˆâ–ˆâ–ˆâ–ˆâ–ˆâ–ˆâ–ˆâ–ˆâ–ˆâ–ˆâ–ˆâ–ˆâ–ˆâ–ˆâ–ˆâ–ˆ      | 174kB 42.1MB/s eta 0:00:01[K    86% |â–ˆâ–ˆâ–ˆâ–ˆâ–ˆâ–ˆâ–ˆâ–ˆâ–ˆâ–ˆâ–ˆâ–ˆâ–ˆâ–ˆâ–ˆâ–ˆâ–ˆâ–ˆâ–ˆâ–ˆâ–ˆâ–ˆâ–ˆâ–ˆâ–ˆâ–ˆâ–ˆâ–‹    | 184kB 41.6MB/s eta 0:00:01[K    91% |â–ˆâ–ˆâ–ˆâ–ˆâ–ˆâ–ˆâ–ˆâ–ˆâ–ˆâ–ˆâ–ˆâ–ˆâ–ˆâ–ˆâ–ˆâ–ˆâ–ˆâ–ˆâ–ˆâ–ˆâ–ˆâ–ˆâ–ˆâ–ˆâ–ˆâ–ˆâ–ˆâ–ˆâ–ˆâ–  | 194kB 42.0MB/s eta 0:00:01[K    95% |â–ˆâ–ˆâ–ˆâ–ˆâ–ˆâ–ˆâ–ˆâ–ˆâ–ˆâ–ˆâ–ˆâ–ˆâ–ˆâ–ˆâ–ˆâ–ˆâ–ˆâ–ˆâ–ˆâ–ˆâ–ˆâ–ˆâ–ˆâ–ˆâ–ˆâ–ˆâ–ˆâ–ˆâ–ˆâ–ˆâ–Š | 204kB 41.8MB/s eta 0:00:01[K    100% |â–ˆâ–ˆâ–ˆâ–ˆâ–ˆâ–ˆâ–ˆâ–ˆâ–ˆâ–ˆâ–ˆâ–ˆâ–ˆâ–ˆâ–ˆâ–ˆâ–ˆâ–ˆâ–ˆâ–ˆâ–ˆâ–ˆâ–ˆâ–ˆâ–ˆâ–ˆâ–ˆâ–ˆâ–ˆâ–ˆâ–ˆâ–ˆ| 215kB 6.5MB/s 
[?25hCollecting six (from pylint)
  Downloading six-1.10.0-py2.py3-none-any.whl
Collecting isort>=4.2.5 (from pylint)
  Downloading isort-4.2.5-py2.py3-none-any.whl (40kB)
[?25l[K    25% |â–ˆâ–ˆâ–ˆâ–ˆâ–ˆâ–ˆâ–ˆâ–ˆ                        | 10kB 37.5MB/s eta 0:00:01[K    50% |â–ˆâ–ˆâ–ˆâ–ˆâ–ˆâ–ˆâ–ˆâ–ˆâ–ˆâ–ˆâ–ˆâ–ˆâ–ˆâ–ˆâ–ˆâ–ˆ                | 20kB 36.1MB/s eta 0:00:01[K    75% |â–ˆâ–ˆâ–ˆâ–ˆâ–ˆâ–ˆâ–ˆâ–ˆâ–ˆâ–ˆâ–ˆâ–ˆâ–ˆâ–ˆâ–ˆâ–ˆâ–ˆâ–ˆâ–ˆâ–ˆâ–ˆâ–ˆâ–ˆâ–ˆ        | 30kB 36.8MB/s eta 0:00:01[K    100% |â–ˆâ–ˆâ–ˆâ–ˆâ–ˆâ–ˆâ–ˆâ–ˆâ–ˆâ–ˆâ–ˆâ–ˆâ–ˆâ–ˆâ–ˆâ–ˆâ–ˆâ–ˆâ–ˆâ–ˆâ–ˆâ–ˆâ–ˆâ–ˆâ–ˆâ–ˆâ–ˆâ–ˆâ–ˆâ–ˆâ–ˆâ–ˆ| 40kB 8.9MB/s 
[?25hCollecting wrapt (from astroid<1.5.0,>=1.4.5->pylint)
  Downloading wrapt-1.10.8.tar.gz
Collecting lazy-object-proxy (from astroid<1.5.0,>=1.4.5->pylint)
  Downloading lazy_object_proxy-1.2.2-cp35-cp35m-manylinux1_x86_64.whl (56kB)
[?25l[K    18% |â–ˆâ–ˆâ–ˆâ–ˆâ–ˆâ–‰                          | 10kB 32.5MB/s eta 0:00:01[K    36% |â–ˆâ–ˆâ–ˆâ–ˆâ–ˆâ–ˆâ–ˆâ–ˆâ–ˆâ–ˆâ–ˆâ–‹                    | 20kB 27.8MB/s eta 0:00:01[K    54% |â–ˆâ–ˆâ–ˆâ–ˆâ–ˆâ–ˆâ–ˆâ–ˆâ–ˆâ–ˆâ–ˆâ–ˆâ–ˆâ–ˆâ–ˆâ–ˆâ–ˆâ–Œ              | 30kB 30.5MB/s eta 0:00:01[K    72% |â–ˆâ–ˆâ–ˆâ–ˆâ–ˆâ–ˆâ–ˆâ–ˆâ–ˆâ–ˆâ–ˆâ–ˆâ–ˆâ–ˆâ–ˆâ–ˆâ–ˆâ–ˆâ–ˆâ–ˆâ–ˆâ–ˆâ–ˆâ–Ž        | 40kB 29.7MB/s eta 0:00:01[K    90% |â–ˆâ–ˆâ–ˆâ–ˆâ–ˆâ–ˆâ–ˆâ–ˆâ–ˆâ–ˆâ–ˆâ–ˆâ–ˆâ–ˆâ–ˆâ–ˆâ–ˆâ–ˆâ–ˆâ–ˆâ–ˆâ–ˆâ–ˆâ–ˆâ–ˆâ–ˆâ–ˆâ–ˆâ–ˆ   | 51kB 29.7MB/s eta 0:00:01[K    100% |â–ˆâ–ˆâ–ˆâ–ˆâ–ˆâ–ˆâ–ˆâ–ˆâ–ˆâ–ˆâ–ˆâ–ˆâ–ˆâ–ˆâ–ˆâ–ˆâ–ˆâ–ˆâ–ˆâ–ˆâ–ˆâ–ˆâ–ˆâ–ˆâ–ˆâ–ˆâ–ˆâ–ˆâ–ˆâ–ˆâ–ˆâ–ˆ| 61kB 6.8MB/s 
[?25hInstalling collected packages: pep8, pep257, mccabe, six, wrapt, lazy-object-proxy, astroid, isort, pylint, nose
  Running setup.py install for wrapt ... [?25l- \ done
[?25hSuccessfully installed astroid-1.4.9 isort-4.2.5 lazy-object-proxy-1.2.2 mccabe-0.6.1 nose-1.3.7 pep257-0.7.0 pep8-1.7.0 pylint-1.6.5 six-1.10.0 wrapt-1.10.8
touch env/.depends-ci  # flag to indicate dependencies are installed

travis_time:end:23aed1f5:start=1488106415005096748,finish=1488106420249719134,duration=5244622386[0Ktravis_fold:end:before_script.2[0Ktravis_time:start:08860b57[0K$ make ci
env/bin/doorstop --warn-all --error-all --quiet
CRITICAL: cannot ignore 'build' on the CI server
env/bin/pep8 doorstop --ignore=E501
env/bin/pep257 doorstop
rm -rf .coverage htmlcov
env/bin/nosetests --config=.noserc
.SSSSSSSSSSSSSSSSSSSSSSSSSSSSSSSSSSSSSSSSSSSSSSSSSSSSSSSS.......SSSSSSSSSSSSSSSSSSSSSSSSSSSSSSSSSSSSSSSSS....SSSS......./home/travis/build/jacebrowning/doorstop/doorstop/cli/utilities.py:122: DeprecationWarning: '--no-body-levels' option will be removed in a future release
  warnings.warn(msg, DeprecationWarning)
....................................................................S........SS.S..../home/travis/build/jacebrowning/doorstop/env/lib/python3.5/site-packages/pyficache-0.3.1-py3.5.egg/pyficache.py:579: DeprecationWarning: 'U' mode is deprecated
  with open(path, 'rU') as fp:
........................................................../home/travis/build/jacebrowning/doorstop/doorstop/core/document.py:304: DeprecationWarning: The 'warn' method is deprecated, use 'warning' instead
  log.warn("server is behind, requesting next number...")
....................................../home/travis/build/jacebrowning/doorstop/env/lib/python3.5/site-packages/openpyxl-2.1.5-py3.5.egg/openpyxl/workbook/names/named_range.py:121: UserWarning: Discarded range with reserved name
  warnings.warn("Discarded range with reserved name")
...............................................................................................................................................................................................................................................................................SS..................................
Name                              Stmts   Miss Branch BrPart  Cover
-------------------------------------------------------------------
doorstop/cli/main.py                165      2      4      1    98%
doorstop/cli/utilities.py           151      0     70     13    94%
doorstop/common.py                   71      5     14      0    89%
doorstop/core.py                      4      0      0      0   100%
doorstop/core/base.py               153      0     42      0   100%
doorstop/core/builder.py             53      0     12      0   100%
doorstop/core/document.py           385      5    158     10    97%
doorstop/core/editor.py               9      0      0      0   100%
doorstop/core/exporter.py           146      3     62      0    99%
doorstop/core/importer.py           145      0     52      1    99%
doorstop/core/item.py               503     18    204     17    94%
doorstop/core/publisher.py          262      3    112      5    98%
doorstop/core/tree.py               303      2    136      8    98%
doorstop/core/types.py              333      0    120      2    99%
doorstop/core/vcs.py                 26      0     11      0   100%
doorstop/core/vcs/base.py            58      0     28      2    98%
doorstop/core/vcs/git.py             19      0      0      0   100%
doorstop/core/vcs/mercurial.py       19      0      0      0   100%
doorstop/core/vcs/mockvcs.py         20      0      0      0   100%
doorstop/core/vcs/subversion.py      20      0      0      0   100%
doorstop/core/vcs/veracity.py        20      0      0      0   100%
doorstop/gui.py                       0      0      0      0   100%
doorstop/gui/main.py                 52      0      6      0   100%
doorstop/server.py                    1      0      0      0   100%
doorstop/server/client.py            44      0     16      1    98%
doorstop/server/main.py             110      0     32      0   100%
doorstop/server/utilities.py         18      0      6      1    96%
-------------------------------------------------------------------
TOTAL                              3090     38   1085     61    97%
----------------------------------------------------------------------
Ran 608 tests in 5.893s

OK (SKIP=107)
TEST_INTEGRATION=1 env/bin/nosetests --config=.noserc --cover-package=doorstop -xv
Doctest: doorstop.cli.utilities.literal_eval ... ok
Verify 'doorstop add' can be called. ... ok
Verify 'doorstop add' returns an error with an unknown prefix. ... ok
Verify 'doorstop add' can be called with a given positive count ... ok
Verify 'doorstop add' rejects non-positive integers for counts. ... usage: doorstop add [-h] [-j PATH] [--server HOST] [--port NUMBER] [-f] [-V]
                    [-v | -q] [-l LEVEL] [-c COUNT]
                    prefix
doorstop add: error: argument -c/--count: '-1' is not a positive int value
ok
Verify 'doorstop add' can be called with a specific level. ... ok
Verify 'doorstop add' expects a server. ... ok
Verify 'doorstop add' can be called with a custom server. ... ok
Verify 'doorstop add' can be called with a missing server. ... ok
Verify 'doorstop add' can be called if there is no server. ... ok
Verify 'doorstop clear' can be called with a document ... ok
Verify 'doorstop clear' returns an error on an unknown document. ... ok
Verify 'doorstop clear' returns an error with an unknown UID. ... ok
Verify 'doorstop clear' can be called with an item. ... ok
Verify 'doorstop clear' returns an error on an unknown item. ... ok
Verify 'doorstop clear' can be called with a tree ... ok
Verify 'doorstop clear' returns an error with tree and document. ... usage: doorstop [-h] [-j PATH] [--server HOST] [--port NUMBER] [-f] [-V]
                [-v | -q] [-F] [-r] [-L] [-R] [-C] [-Z] [-S] [-W] [-s PREFIX]
                [-w] [-e]
                <command> ...
doorstop: error: argument -d/--document: not allowed with 'all'
ok
Verify 'doorstop clear' returns an error with tree and item. ... usage: doorstop [-h] [-j PATH] [--server HOST] [--port NUMBER] [-f] [-V]
                [-v | -q] [-F] [-r] [-L] [-R] [-C] [-Z] [-S] [-W] [-s PREFIX]
                [-w] [-e]
                <command> ...
doorstop: error: argument -i/--item: not allowed with 'all'
ok
Verify 'doorstop create' can be called. ... fatal: ../../../../../tmp/tmpe6q5elk1/.doorstop.yml: '../../../../../tmp/tmpe6q5elk1/.doorstop.yml' is outside repository
fatal: ../../../../../tmp/tmpe6q5elk1/.doorstop.yml: '../../../../../tmp/tmpe6q5elk1/.doorstop.yml' is outside repository
ok
Verify 'doorstop create' returns an error with a reserved prefix. ... ok
Verify 'doorstop create' returns an error with an unknown parent. ... fatal: ../../../../../tmp/tmpxu1q0yhg/.doorstop.yml: '../../../../../tmp/tmpxu1q0yhg/.doorstop.yml' is outside repository
fatal: ../../../../../tmp/tmpxu1q0yhg/.doorstop.yml: '../../../../../tmp/tmpxu1q0yhg/.doorstop.yml' is outside repository
fatal: ../../../../../tmp/tmpxu1q0yhg/.doorstop.yml: '../../../../../tmp/tmpxu1q0yhg/.doorstop.yml' is outside repository
ok
Verify 'doorstop delete' can be called. ... ok
Verify 'doorstop delete' returns an error on unknown document. ... ok
Verify 'doorstop edit' can be called with a document (no, no). ... ok
Verify 'doorstop edit' can be called with a document (no, yes). ... ok
Verify 'doorstop edit' returns an error on an unknown document. ... ok
Verify 'doorstop edit' can be called with a document (yes, yes). ... ok
Verify 'doorstop edit' returns an error with an unknown UID. ... ok
Verify 'doorstop edit' can be called with an item. ... 
*** Please tell me who you are.

Run

  git config --global user.email "you@example.com"
  git config --global user.name "Your Name"

to set your account's default identity.
Omit --global to set the identity only in this repository.

fatal: empty ident name (for <travis@testing-docker-6cc16e24-1611-459e-8a59-62c08e7a6bd8.(none)>) not allowed
ok
Verify 'doorstop edit' returns an error on an unknown item. ... ok
Verify 'doorstop publish' returns an error with a directory. ... usage: doorstop [-h] [-j PATH] [--server HOST] [--port NUMBER] [-f] [-V]
                [-v | -q] [-F] [-r] [-L] [-R] [-C] [-Z] [-S] [-W] [-s PREFIX]
                [-w] [-e]
                <command> ...
doorstop: error: given a prefix, [path] must be a file, not a directory
ok
Verify 'doorstop publish' returns an error with no extension. ... usage: doorstop [-h] [-j PATH] [--server HOST] [--port NUMBER] [-f] [-V]
                [-v | -q] [-F] [-r] [-L] [-R] [-C] [-Z] [-S] [-W] [-s PREFIX]
                [-w] [-e]
                <command> ...
doorstop: error: given a prefix, [path] must include an extension
ok
Verify 'doorstop export' returns an error for an unknown format. ... ok
Verify 'doorstop export' can create output. ... ok
Verify 'doorstop export' can create output. ... ok
Verify 'doorstop export' can create an XLSX file. ... ok
Verify 'doorstop export' can handle IO errors. ... ok
Verify 'doorstop export' can create a YAML file. ... ok
Verify 'doorstop export' returns an error with no path. ... usage: doorstop [-h] [-j PATH] [--server HOST] [--port NUMBER] [-f] [-V]
                [-v | -q] [-F] [-r] [-L] [-R] [-C] [-Z] [-S] [-W] [-s PREFIX]
                [-w] [-e]
                <command> ...
doorstop: error: only single documents can be displayed
ok
Verify 'doorstop export' can create an XLSX directory. ... ok
Verify 'doorstop import' can import a document. ... ok
Verify 'doorstop import' can import a document with a parent. ... ok
Verify 'doorstop import' requires a document or item. ... usage: doorstop [-h] [-j PATH] [--server HOST] [--port NUMBER] [-f] [-V]
                [-v | -q] [-F] [-r] [-L] [-R] [-C] [-Z] [-S] [-W] [-s PREFIX]
                [-w] [-e]
                <command> ...
doorstop: error: specify [path], '--document', or '--item' to import
ok
Verify 'doorstop import' can import an item.. ... ok
Verify 'doorstop import' can import an item with attributes. ... ok
Verify 'doorstop import' can import CSV to an existing document. ... ok
Verify 'doorstop import' returns an error with extra flags. ... usage: doorstop [-h] [-j PATH] [--server HOST] [--port NUMBER] [-f] [-V]
                [-v | -q] [-F] [-r] [-L] [-R] [-C] [-Z] [-S] [-W] [-s PREFIX]
                [-w] [-e]
                <command> ...
doorstop: error: '--document' cannot be used with [path] [prefix]
usage: doorstop [-h] [-j PATH] [--server HOST] [--port NUMBER] [-f] [-V]
                [-v | -q] [-F] [-r] [-L] [-R] [-C] [-Z] [-S] [-W] [-s PREFIX]
                [-w] [-e]
                <command> ...
doorstop: error: '--item' cannot be used with [path] [prefix]
ok
Verify 'doorstop import' returns an error with a missing prefix. ... usage: doorstop [-h] [-j PATH] [--server HOST] [--port NUMBER] [-f] [-V]
                [-v | -q] [-F] [-r] [-L] [-R] [-C] [-Z] [-S] [-W] [-s PREFIX]
                [-w] [-e]
                <command> ...
doorstop: error: when [path] specified, [prefix] is also required
ok
Verify 'doorstop import' returns an error for unknown documents. ... ok
Verify 'doorstop import' can import a file using a custom map. ... ok
Verify 'doorstop import' returns an error with an invalid map. ... usage: doorstop [-h] [-j PATH] [--server HOST] [--port NUMBER] [-f] [-V]
                [-v | -q] [-F] [-r] [-L] [-R] [-C] [-Z] [-S] [-W] [-s PREFIX]
                [-w] [-e]
                <command> ...
doorstop: error: invalid Python literal: {'my
ok
Verify 'doorstop import' can import TSV to an existing document. ... ok
Verify 'doorstop import' can import XLSX to an existing document. ... /home/travis/build/jacebrowning/doorstop/env/lib/python3.5/site-packages/openpyxl-2.1.5-py3.5.egg/openpyxl/workbook/names/named_range.py:121: UserWarning: Discarded range with reserved name
  warnings.warn("Discarded range with reserved name")
ok
Verify 'doorstop import' can import an item without a server. ... ok
Verify 'doorstop link' can be called. ... ok
Verify 'doorstop link' returns an error with an unknown child. ... ok
Verify 'doorstop link' returns an error with an unknown parent. ... ok
Verify verbose level 0 can be set. ... ok
Verify verbose level 1 can be set. ... ok
Verify verbose level 2 can be set. ... ok
Verify verbose level 3 can be set. ... ok
Verify verbose level 4 can be set. ... ok
Verify verbose level 5 cannot be set. ... ok
Verify verbose level -1 can be set. ... ok
Verify 'doorstop' can be called. ... ok
Verify 'doorstop' can be provided a custom root path. ... ok
Verify 'doorstop' returns an error in an empty directory. ... ok
Verify 'doorstop publish' can create output. ... ok
Verify 'doorstop publish' returns an error with a directory. ... usage: doorstop [-h] [-j PATH] [--server HOST] [--port NUMBER] [-f] [-V]
                [-v | -q] [-F] [-r] [-L] [-R] [-C] [-Z] [-S] [-W] [-s PREFIX]
                [-w] [-e]
                <command> ...
doorstop: error: given a prefix, [path] must be a file, not a directory
ok
Verify 'doorstop publish' returns an error in an empty folder. ... ok
Verify 'doorstop publish' returns an error with no extension. ... usage: doorstop [-h] [-j PATH] [--server HOST] [--port NUMBER] [-f] [-V]
                [-v | -q] [-F] [-r] [-L] [-R] [-C] [-Z] [-S] [-W] [-s PREFIX]
                [-w] [-e]
                <command> ...
doorstop: error: given a prefix, [path] must include an extension
ok
Verify 'doorstop publish' can create HTML output. ... ok
Verify 'doorstop publish' can create an HTML file. ... ok
Verify 'doorstop publish' can create Markdown output. ... ok
Verify 'doorstop publish' can create a Markdown file. ... ok
Verify 'doorstop publish' can create output without body levels. ... ok
Verify 'doorstop publish' can create output without heading or body levels. ... ok
Verify 'doorstop publish' can create text output. ... ok
Verify 'doorstop publish' can create a text file. ... ok
Verify 'doorstop publish' can create output with child links. ... ok
Verify 'doorstop publish' can create output without body levels. ... /home/travis/build/jacebrowning/doorstop/doorstop/cli/utilities.py:122: DeprecationWarning: '--no-body-levels' option will be removed in a future release
  warnings.warn(msg, DeprecationWarning)
ok
Verify 'doorstop publish' can create output without child links. ... ok
Verify 'doorstop publish' can create an HTML directory. ... /home/travis/build/jacebrowning/doorstop/env/lib/python3.5/site-packages/pyficache-0.3.1-py3.5.egg/pyficache.py:579: DeprecationWarning: 'U' mode is deprecated
  with open(path, 'rU') as fp:
ok
Verify 'doorstop publish' returns an error with no path. ... usage: doorstop [-h] [-j PATH] [--server HOST] [--port NUMBER] [-f] [-V]
                [-v | -q] [-F] [-r] [-L] [-R] [-C] [-Z] [-S] [-W] [-s PREFIX]
                [-w] [-e]
                <command> ...
doorstop: error: only single documents can be displayed
ok
Verify 'doorstop publish' can create a text directory. ... ok
Verify 'doorstop publish' returns an error for an unknown format. ... ok
Verify 'doorstop remove' can be called. ... ok
Verify 'doorstop remove' returns an error on unknown item UIDs. ... ok
Verify 'doorstop reorder' can be called with a document (auto). ... ok
Verify 'doorstop reorder' can handle invalid YAML. ... ok
Verify 'doorstop reorder' can be called with a document (manual). ... ok
Verify 'doorstop reorder' can be called with a document (no). ... ok
Verify 'doorstop reorder' returns an error on an unknown prefix. ... ok
Verify 'doorstop reorder' can be called with a document (yes). ... ok
Verify 'doorstop review' can be called with a document ... ok
Verify 'doorstop review' returns an error on an unknown document. ... ok
Verify 'doorstop review' returns an error with an unknown UID. ... ok
Verify 'doorstop review' can be called with an item. ... ok
Verify 'doorstop review' returns an error on an unknown item. ... ok
Verify 'doorstop review' can be called with a tree ... ok
Verify 'doorstop review' returns an error with tree and document. ... usage: doorstop [-h] [-j PATH] [--server HOST] [--port NUMBER] [-f] [-V]
                [-v | -q] [-F] [-r] [-L] [-R] [-C] [-Z] [-S] [-W] [-s PREFIX]
                [-w] [-e]
                <command> ...
doorstop: error: argument -d/--document: not allowed with 'all'
ok
Verify 'doorstop review' returns an error with tree and item. ... usage: doorstop [-h] [-j PATH] [--server HOST] [--port NUMBER] [-f] [-V]
                [-v | -q] [-F] [-r] [-L] [-R] [-C] [-Z] [-S] [-W] [-s PREFIX]
                [-w] [-e]
                <command> ...
doorstop: error: argument -i/--item: not allowed with 'all'
ok
Verify 'doorstop unlink' can be called. ... ok
Verify 'doorstop unlink' returns an error with an unknown child. ... ok
Verify 'doorstop unlink' returns an error with an unknown parent. ... ok
Verify 'doorstop' can be run in a working copy with no docs. ... ok
Verify the CLI can be interrupted. ... ok
Verify 'doorstop' can be run with options. ... ok
Verify the main CLI function can be called. ... ok
Verify tutorial section 1.0 is working. ... SKIP: 'TEST_TUTORIAL' variable not set
Verify tutorial section 2.0 is working. ... SKIP: 'TEST_TUTORIAL' variable not set
Verify tutorial section 3.0 is working. ... SKIP: 'TEST_TUTORIAL' variable not set
Verify tutorial section 4.0 is working. ... SKIP: 'TEST_TUTORIAL' variable not set
Verify a bad response re-prompts. ... ok
Verify a prompt can be interrupted. ... ok
Verify 'no' maps to False. ... ok
Verify 'yes' maps to True. ... ok
Verify a failure can be captured. ... ok
Verify a failure can be left uncaught. ... ok
Verify a success can be captured. ... ok
Verify settings are parsed correctly. ... /home/travis/build/jacebrowning/doorstop/doorstop/cli/utilities.py:122: DeprecationWarning: '--no-body-levels' option will be removed in a future release
  warnings.warn(msg, DeprecationWarning)
ok
Verify a specified file extension can be selected. ... ok
Verify an extension is required on single file paths. ... ok
Verify a path is required for a single document. ... ok
Verify a specified file extension can be selected. ... ok
Verify a default output extension can be selected. ... ok
Verify a default output extension can be overridden. ... ok
Verify a string can be evaluated as a Python literal. ... ok
Verify an invalid literal calls the error function. ... ok
Verify an invalid literal logs an error. ... ok
Verify a non-integer is rejected. ... ok
Verify a non-positive integer is rejected. ... ok
Verify a positive integer can be parsed. ... ok
Verify prints are enabled by default. ... ok
Verify prints are hidden when verbosity is quiet. ... ok
Doctest: doorstop.core.types.Level.load_level ... ok
Doctest: doorstop.core.types.Level.save_level ... ok
Doctest: doorstop.core.types.Prefix.load_prefix ... ok
Doctest: doorstop.core.types.Text.load_text ... ok
Doctest: doorstop.core.types.UID.join_uid ... ok
Doctest: doorstop.core.types.UID.split_uid ... ok
Doctest: doorstop.core.types.to_bool ... ok
Verify a root VCS directory can be found. ... ok
Verify an error occurs when no VCS directory can be found. ... ok
Verify a working copy can be created. ... ok
Verify a working copy can be created. ... ok
Verify the ignores file is parsed. ... ok
Verify ignored paths are detected. ... ok
Verify the build directory is not ignored during CI. ... ok
Verify Git can add files. ... ok
Verify Git can commit files. ... ok
Verify Git can delete files. ... ok
Verify Git can edit files. ... ok
Verify Git can (fake) lock files. ... ok
Verify Mercurial can add files. ... ok
Verify Mercurial can commit files. ... ok
Verify Mercurial can delete files. ... ok
Verify Mercurial can edit files. ... ok
Verify Mercurial can (fake) lock files. ... ok
Verify the placeholder VCS does not add files. ... ok
Verify the placeholder VCS does not commit files. ... ok
Verify the placeholder VCS deletes files, as required by document.delete. ... ok
Verify the placeholder VCS does not edit files. ... ok
Verify the placeholder VCS does not lock files. ... ok
Verify Subversion can add files. ... ok
Verify Subversion can commit files. ... ok
Verify Subversion can delete files. ... ok
Verify Subversion can (fake) edit files. ... ok
Verify Subversion can lock files. ... ok
Verify Veracity can add files. ... ok
Verify Veracity can commit files. ... ok
Verify Veracity can delete files. ... ok
Verify Veracity can (fake) edit files. ... ok
Verify Veracity can lock files. ... ok
Verify an item can be inserted into a document. ... ok
Verify a number of issues are found in a document. ... ok
Verify duplicate item levels are detected. ... ok
Verify skipped item levels are detected. ... ok
Verify a document can be loaded from a directory. ... ok
Verify a new document can be created. ... ok
Verify an item can be removed from a document. ... ok
Verify a document's order can be corrected. ... ok
Verify a document's order can be corrected with a kept level. ... ok
Verify a document's order can be corrected with a given start. ... ok
Verify a document can be validated. ... ok
Verify a document's order is corrected during validation. ... ok
Verify a document can be exported as a CSV file. ... ok
Verify a document can be exported as a TSV file. ... ok
Verify a document can be exported as an XLSX file. ... /home/travis/build/jacebrowning/doorstop/env/lib/python3.5/site-packages/openpyxl-2.1.5-py3.5.egg/openpyxl/workbook/names/named_range.py:121: UserWarning: Discarded range with reserved name
  warnings.warn("Discarded range with reserved name")
ok
Verify a document can be exported as a YAML file. ... ok
Verify an item can be imported into a document. ... ok
Verify an item with attributes can be imported into a document. ... ok
Verify a new document can be created to import items. ... ok
Verify non-parent exceptions are re-raised. ... ok
Verify a new document can be created with an unknown parent. ... ok
Verify items can be imported from a CSV file. ... ok
Verify items can be imported from a TSV file. ... ok
Verify items can be imported from an XLSX file. ... ok
Verify huge XLSX files are handled. ... SKIP: this test takes too long
Verify items can be imported from a YAML file. ... ok
Verify an item's external reference can be found. ... /home/travis/build/jacebrowning/doorstop/env/lib/python3.5/site-packages/pyficache-0.3.1-py3.5.egg/pyficache.py:579: DeprecationWarning: 'U' mode is deprecated
  with open(path, 'rU') as fp:
ok
Verify an error occurs when no external reference found. ... ok
Verify an item can be saved and loaded from a file. ... ok
Verify documents can be found using a convenience function. ... ok
Verify items can be found using a convenience function. ... ok
Verify HTML can be published from a document. ... ok
Verify HTML can be published from a document w/o child links. ... ok
Verify Markdown can be published from a document. ... ok
Verify Markdown can be published from a document w/o child links. ... ok
Verify text can be published from a document. ... ok
Verify text can be published from a document w/o child links. ... ok
Verify a tree can be published with bad links. ... ok
Verify a directory is not created when no documents to publish ... ok
Verify an HTML file can be created. ... ok
Verify a number of issues are found in a tree. ... ok
Verify a document can be skipped during validation. ... ok
Verify a tree is invalid with a bad link. ... ok
Verify trees can be checked. ... ok
Verify a tree can be built. ... ok
Verify documents can be skipped while building a tree. ... ok
Verify documents can be found using a convenience function. ... ok
Verify items can be found using a convenience function. ... ok
Verify an empty directory is an empty hierarchy. ... ok
Verify an item can be added to a document. ... ok
Verify the next item after a header is indented. ... ok
Verify an added item is cached. ... ok
Verify an added item is contained in the document. ... ok
Verify an item can be added to an new document. ... ok
Verify an item can be added to a document with a level. ... ok
Verify an item can be added to a document with a number. ... ok
Verify a document can be deleted. ... ok
Verify a deleted document is expunged. ... ok
Verify a document's assets aren't deleted. ... ok
Verify the maximum item level depth can be determined. ... ok
Verify an documents's digits can be set and read. ... ok
Verify an item can be found by UID. ... ok
Verify an item can be found by its exact UID. ... ok
Verify an exception is raised on an unknown number. ... ok
Verify an exception is raised on an unknown UID. ... ok
Verify documents can be hashed. ... ok
Verify a document's index can be deleted. ... ok
Verify a document's index can be retrieved. ... ok
Verify an document's index can be created. ... ok
Verify a document cannot be initialized from an invalid path. ... ok
Verify an exception is raised on an invalid document. ... ok
Verify an document's issues convenience property can be accessed. ... ok
Verify duplicate item levels are detected. ... ok
Verify skipped (out) item levels are detected. ... ok
Verify skipped (out and over) item levels are detected. ... ok
Verify skipped (over) item levels are detected. ... ok
Verify the items in a document can be accessed. ... ok
Verify the items in a document get cached. ... ok
Verify a document has a length. ... ok
Verify the document config can be loaded from file. ... ok
Verify loading calls read. ... ok
Verify an exception is raised with invalid YAML. ... ok
Verify the document config can be loaded from file with a parent. ... ok
Verify an exception is raised for unexpected file contents. ... ok
Verify document non-equality is correct. ... ok
Verify a new document can be created with defaults. ... ok
Verify a new documents are cached. ... ok
Verify an exception is raised if the document already exists. ... ok
Verify the next item number can be determined. ... ok
Verify the next item number can be determined with a server. ... /home/travis/build/jacebrowning/doorstop/doorstop/core/document.py:304: DeprecationWarning: The 'warn' method is deprecated, use 'warning' instead
  log.warn("server is behind, requesting next number...")
ok
Verify a standalone document does not have object references. ... ok
Verify the document's relative path string can be determined. ... ok
Verify an item can be removed. ... ok
Verify an item can be removed (by item). ... ok
Verify a removed item is expunged. ... ok
Verify a removed item is not contained in the document. ... ok
Verify items can be reordered. ... ok
Verify items can be reordered automatically. ... ok
Verify already ordered items can be reordered. ... ok
Verify items can be reordered with a given start. ... ok
Verify items can be reordered from an index. ... ok
Verify a document can be saved with a custom attribute. ... ok
Verify saving calls write. ... ok
Verify a document can be saved with a parent. ... ok
Verify an documents's separator can be set and read. ... ok
Verify an invalid separator is rejected. ... ok
Verify a document can be converted to a string. ... ok
Verify a document can be converted to a string (verbose). ... ok
Verify a document can be validated. ... ok
Verify an item hook can be called. ... ok
Verify an item error fails the document check. ... ok
Verify a document can be exported. ... ok
Verify a document can be exported (lines to file). ... ok
Verify an exception is raised when exporting unknown formats. ... ok
Verify an item can be exported as a file. ... ok
Verify an item can be exported as a file. ... ok
Verify a tree can be exported. ... ok
Verify a tree can be exported. ... ok
Verify a (mock) TSV file can be created. ... ok
Verify a (mock) XLSX file can be created. ... ok
Verify an XLSX object can be created. ... ok
Verify an XLSX object can be created with placeholder rows. ... ok
Verify an item can be exported as lines. ... ok
Verify an exception is raised when iterating an unknown format. ... ok
Verify a CSV file can be imported. ... ok
Verify a CSV file (with modifications) can be imported. ... ok
Verify a TSV file can be imported. ... ok
Verify a XLSX file can be imported. ... ok
Verify a YAML file can be imported. ... ok
Verify YAML file import can handle bad data. ... ok
Verify a YAML file can be imported (over existing items). ... ok
Verify an extension is parsed from the import path. ... ok
Verify a custom extension can be specified for import. ... ok
Verify an exception is raised when importing unknown formats. ... ok
Verify item data can be converted to items. ... ok
Verify item data can include invalid values. ... ok
Verify item data can be converted to items (explicit inactive). ... ok
Verify item data can be converted to items (implicit active). ... ok
Verify item data can include invalid values. ... ok
Verify items can be added from item data blank UIDs. ... ok
Verify item data can replace existing items. ... ok
Verify item data can be converted to items with mapping. ... ok
Verify an item can be imported into an existing document. ... ok
Verify an item can be imported into an explicit document. ... ok
Verify an item can be imported with attributes. ... ok
Verify a new document can be created for import. ... ok
Verify non-parent import exceptions are re-raised. ... ok
Verify a new document can be created for import (explicit tree). ... ok
Verify documents can be created for import with unknown parents. ... ok
Verify a new document can be created for import with a parent. ... ok
Verify text formatting is preserved. ... ok
Verify an item's active status can be set and read. ... ok
Verify an item's links can be cleared as suspect. ... ok
Verify an item's suspect link status can be set and read. ... ok
Verify an item can be deleted. ... ok
Verify an item is expunged after delete. ... ok
Verify the depth can be read from the item's level. ... ok
Verify an item's normative status can be set and read. ... ok
Verify an item can be edited. ... ok
Verify an extended attribute (`str`) can be used. ... ok
Verify extended attribute access can get standard properties. ... ok
Verify extended attribute access can set standard properties. ... ok
Verify an extended attribute (`Text`) can be used. ... ok
Verify a long extended attribute is wrapped. ... ok
Verify a long extended attribute is wrapped with newlines. ... ok
Verify an item's child objects can be found. ... ok
Verify a standalone item has no child objects. ... ok
Verify an item's reference can be found. ... ok
Verify an error occurs when no external reference found. ... ok
Verify an item's reference can also be a filename. ... ok
Verify nothing returned when no external reference is specified. ... ok
Verify reference searches skip the item's file. ... ok
Verify items can be hashed. ... ok
Verify an item's heading status can be set and read. ... ok
Verify an item cannot be initialized from an invalid path. ... ok
Verify an invalid file extension cannot be a requirement. ... ok
Verify an invalid file name cannot be a requirement. ... ok
Verify an item's issues convenience property can be accessed. ... ok
Verify an item's level can be set and read. ... ok
Verify an item's level can be set from a float and read. ... ok
Verify an item's level can be set from a int and read. ... ok
Verify an item's level can be set from text and read. ... ok
Verify an item's level can be set from text (2 digits) and read. ... ok
Verify an item's level can be set and read (2-part w/ float). ... ok
Verify links can be added to an item. ... ok
Verify links can be added to an item (by item). ... ok
Verify duplicate links are ignored. ... ok
Verify 'parent_links' is an alias for links. ... ok
Verify loading calls read. ... ok
Verify an exception is raised with invalid YAML. ... ok
Verify an exception is raised for unexpected file contents. ... ok
Verify items can be compared. ... ok
Verify item non-equality is correct. ... ok
Verify items can be created. ... ok
Verify new items are cached. ... ok
Verify an exception is raised if the item already exists. ... ok
Verify items can be created with a specially named prefix. ... ok
Verify an item's normative status can be set and read. ... ok
Verify an item's number can be read but not set. ... ok
Verify a standalone item does not have object references. ... ok
Verify 'parent_documents' exists to mirror the child behavior. ... ok
Verify 'parent_documents' is only valid with a document. ... ok
Verify 'parent_documents' can handle unknown documents. ... ok
Verify 'parent_items' exists to mirror the child behavior. ... ok
Verify 'parent_items' can handle unknown items. ... ok
Verify an item's prefix can be read but not set. ... ok
Verify an item's reference can be set and read. ... ok
Verify an item's relative path string can be read but not set. ... ok
Verify an item can be marked as reviewed. ... ok
Verify an item's review status can be set and read. ... ok
Verify saving calls write. ... ok
Verify an item's contents can be stamped. ... ok
Verify an item's contents can be stamped. ... ok
Verify an item can be converted to a string. ... ok
Verify an item can be converted to a string (verbose). ... ok
Verify an item's text can be set and read. ... ok
Verify newlines are not removed around formatting. ... ok
Verify newlines are preserved around headings. ... ok
Verify newlines are preserved when deliberate. ... ok
Verify newlines are preserved around non-headings. ... ok
Verify newlines are preserved in an ordered list. ... ok
Verify newlines separate sentences in an item's text. ... ok
Verify lines ending in numbers aren't changed. ... ok
Verify newlines are preserved in an ordered list. ... ok
Verify an item's UID can be read but not set. ... ok
Verify links can be removed (by item). ... ok
Verify removing a link twice is not an error. ... ok
Verify an item can be checked against both. ... ok
Verify an item can be checked against both (no reverse links). ... ok
Verify that checking a cleared link updates the stamp. ... ok
Verify that new links are stamped automatically. ... ok
Verify an item can be checked against a document. ... ok
Verify an item can be checked against a document w/ bad links. ... ok
Verify an item can be checked against a document with links. ... ok
Verify an inactive item is not checked. ... ok
Verify an invalid reference fails validity. ... ok
Verify a link to an inactive item can be checked. ... ok
Verify a link to an non-normative item can be checked. ... ok
Verify a non-normative item with links can be checked. ... ok
Verify that checking a reviewed item updates the stamp. ... ok
Verify that a missing initial review leaves the stamp empty. ... ok
Verify that a modified stamp fails review. ... ok
Verify an item can be checked against a tree. ... ok
Verify an item can be checked against a tree with errors. ... ok
Verify all other `Item` attributes raise an exception. ... ok
Verify all other `Item` attributes raise an exception. ... ok
Verify an item's number can be read but not set. ... ok
Verify an item's prefix can be read but not set. ... ok
Verify an item's relative path string can be read but not set. ... ok
Verify an unknown item has no stamp. ... ok
Verify an unknown item can be converted to a string. ... ok
Verify an unknown item can be converted to a string (verbose). ... ok
Verify an unknown item's UID can be read but not set. ... ok
Verify an HTML index can be created. ... ok
Verify an HTML index is only created when files exist. ... ok
Verify an HTML index can be created with a tree. ... ok
Verify HTML can be published from an item. ... ok
Verify HTML (hyper) can be published from an item. ... ok
Verify an item heading level can be ommitted. ... ok
Verify HTML can be published from an item w/ child links. ... ok
Verify HTML (hyper) can be published from an item w/ child links. ... ok
Verify HTML can be published from an item w/o child links. ... ok
Verify Markdown can be published from an item. ... ok
Verify Markdown can be published from an item (heading). ... ok
Verify an item heading level can be ommitted. ... ok
Verify Markdown can be published without checking references. ... ok
Verify Markdown can be published from an item (normative). ... ok
Verify Markdown can be published from an item w/ child links. ... ok
Verify Markdown can be published from an item (no body levels). ... ok
Verify Markdown can be published from an item w/o child links. ... ok
Verify text can be published from an item. ... ok
Verify text can be published from an item (heading). ... ok
Verify an item heading level can be ommitted. ... ok
Verify text can be published without checking references. ... ok
Verify text can be published from an item (normative). ... ok
Verify text can be published with child links. ... ok
Verify an exception is raised when iterating an unknown format. ... ok
A multi line heading is published as a heading with an attribute equal to the item id ... ok
Verify a document can be published. ... ok
Verify a (mock) HTML file can be created. ... ok
Verify an exception is raised when publishing unknown formats. ... ok
Verify a tree can be published. ... ok
Verify a tree can be published with no documents. ... ok
Verify a tree can be published. ... ok
A single line heading is published as a heading with an attribute equal to the item id ... ok
Verify an item can be added to a document. ... ok
Verify an item can be added to a document with a level. ... ok
Verify an exception is raised for an unknown prefix (item). ... ok
Verify a tree can be deleted. ... ok
Verify the documents in a tree can be accessed. ... ok
Verify an item can be edited in a tree. ... ok
Verify an exception is raised for an unknown number. ... ok
Verify an exception is raised for an unknown prefix (document). ... ok
Verify an document can be found by prefix ... ok
Verify an item can be found by exact UID. ... ok
Verify traceability rows are correct. ... ok
Verify an tree's issues convenience property can be accessed. ... ok
Verify two items can be linked. ... ok
Verify an exception is raised with an unknown child number. ... ok
Verify an exception is raised with an unknown child prefix. ... ok
Verify an exception is raised with an unknown parent prefix. ... ok
Verify an exception is raised with an unknown parent prefix. ... ok
Verify an a tree can be reloaded. ... ok
Verify a new document can be created on a tree. ... ok
Verify an exception is raised for an unknown parent. ... ok
Verify a document can be placed in an empty tree. ... ok
Verify a document with parent cannot be placed in an empty tree. ... ok
Verify an item can be removed from a document. ... ok
Verify an exception is raised removing an unknown item. ... ok
Verify two items can be unlinked. ... ok
Verify an exception is raised with an unknown child number. ... ok
Verify an exception is raised with an unknown child prefix. ... ok
Verify an exception is raised with an unknown parent prefix. ... ok
Verify an exception is raised with an unknown parent prefix. ... ok
Verify trees can be checked. ... ok
Verify a document error fails the tree validation. ... ok
Verify a document hook can be called. ... ok
Verify an empty tree can be checked. ... ok
Verify a tree can be checked for contents. ... ok
Verify trees structure can be drawn (cp437). ... ok
Verify trees structure can be drawn (unknown). ... ok
Verify trees structure can be drawn (UTF-8). ... ok
Verify a tree can be created from a list. ... ok
Verify an error occurs when a node has a missing parent. ... ok
Verify an error occurs when the tree has multiple roots. ... ok
Verify an error occurs when the tree has no root. ... ok
Verify item access is not allowed on trees. ... ok
Verify a tree can be iterated over. ... ok
Verify a tree lengths are correct. ... ok
Verify an error occurs when a node is missing a parent. ... ok
Verify trees can be represented. ... ok
Verify trees can be converted to strings. ... ok
Verify levels can be incremented. ... ok
Verify (heading) levels can be incremented. ... ok
Verify levels can be compared. ... ok
Verify levels can be copied. ... ok
Verify levels can be equated. ... ok
Verify levels can be equated with non-levels. ... ok
Verify level's can be hashed. ... ok
Verify levels can be parsed. ... ok
Verify a level length is equal to number of non-heading parts. ... ok
Verify levels can be dedented. ... ok
Verify levels can be dedented. ... ok
Verify (heading) levels can be dedented. ... ok
Verify levels can be dedented negatively. ... ok
Verify detenting levels by zero has no effect.. ... ok
Verify levels can be represented. ... ok
Verify levels can be indented. ... ok
Verify (heading) levels can be indented. ... ok
Verify levels can be indented negatively. ... ok
Verify levels can be converted to strings. ... ok
Verify levels can be decremented. ... ok
Verify (heading) levels can be decremented. ... ok
Verify levels cannot be decremented to zero. ... ok
Verify levels can be converted to their values. ... ok
Verify levels can be converted to their YAML representation. ... ok
Verify prefixes can be equated. ... ok
Verify prefixes are parsed correctly (empty). ... ok
Verify prefixes are parsed correctly (instance). ... ok
Verify an exception is raised for a reserved word. ... ok
Verify prefixes can be represented. ... ok
Verify the short representation of prefixes is correct. ... ok
Verify prefixes can be sorted. ... ok
Verify prefixes can be converted to strings. ... ok
Verify stamps can be converted to boolean. ... ok
Verify stamps can be equated. ... ok
Verify stamps can be represented. ... ok
Verify stamps can be converted to strings. ... ok
Verify stamps can be converted to their YAML dump format. ... ok
Verify levels can be converted to their YAML representation. ... ok
Text starting with a space is encoded to a yaml literal string ... ok
Text starting with a space is encoded to a yaml literal string ... ok
Verify text can be equated. ... ok
Verify Text is parsed correctly. ... ok
Verify text can be represented. ... ok
Verify text can be converted to strings. ... ok
Verify levels can be converted to their YAML representation. ... ok
Verify UIDs can be equated. ... ok
Verify UIDs are parsed correctly (dictionary). ... ok
Verify UIDs are parsed correctly (empty). ... ok
Verify UIDs are parsed correctly (instance). ... ok
Verify UIDs are parsed correctly (string). ... ok
Verify UIDs are parsed correctly (values). ... ok
Verify UIDs have numbers. ... ok
Verify UIDs have prefixes. ... ok
Verify UIDs can be represented. ... ok
Verify the short representation of IDs is correct. ... ok
Verify UIDs can be sorted. ... ok
Verify stamps are stored correctly. ... ok
Verify UIDs can be converted to strings. ... ok
Verify UIDs can be converted to string including stamps. ... ok
Verify tkinter import errors are handled. ... ok
Verify verbose level 1 can be set. ... ok
Verify verbose level 2 can be set. ... ok
Verify verbose level 1 can be set. ... ok
Verify 'doorstop-gui' treats False as an error . ... ok
Verify 'doorstop-gui' launches the GUI. ... ok
Verify 'doorstop-gui' treats KeyboardInterrupt as an error. ... ok
Bottle v0.12.13 server starting up (using WSGIRefServer())...
Listening on http://127.0.0.1:7867/
Hit Ctrl-C to quit.

Verify the server can be checked. ... 127.0.0.1 - - [26/Feb/2017 10:54:20] "HEAD /documents HTTP/1.1" 200 0
ok
Verify the next number can be requested from the server. ... 127.0.0.1 - - [26/Feb/2017 10:54:20] "POST /documents/req/numbers HTTP/1.1" 200 12
127.0.0.1 - - [26/Feb/2017 10:54:20] "POST /documents/req/numbers HTTP/1.1" 200 12
ok
Verify the client can check a server. ... ok
Verify the client can check a bad server. ... ok
Verify the client can check a disabled server. ... ok
Verify the client can check a disabled server. ... ok
Verify the client can look for a server. ... ok
Verify the client can look for a bad server path. ... ok
Verify the client can look for a bad server. ... ok
Verify the client can look for an empty server. ... ok
Verify the client can get the next number for a document. ... ok
Verify the client can handle bad responses for the next number. ... ok
Verify the next number for a document is None with no server. ... ok
Verify the server can started (mock). ... ok
Verify the server can started (mock, debug). ... ok
Verify `/document/all` works (HTML). ... ok
Verify `/document/PREFIX/items/UID/attrs/NAME` works (HTML). ... ok
Verify `/document/PREFIX/items/UID/attrs/NAME:list` works (HTML). ... ok
Verify `/document/PREFIX/items/UID/attrs/NAME:str` works (HTML). ... ok
Verify `/document/PREFIX/items/UID/attrs` works (HTML). ... ok
Verify `/document/PREFIX` works (HTML). ... ok
Verify `/documents` works (HTML). ... ok
Verify `/` works (HTML). ... ok
Verify `/document/PREFIX/items/UID` works (HTML). ... ok
Verify `/document/PREFIX/items` works (HTML). ... ok
Verify `/document/PREFIX/numbers` works (HTML). ... ok
Verify `/documents/all` works (JSON). ... ok
Verify `/document/PREFIX/items/UID/attrs/NAME` works (JSON). ... ok
Verify `/document/PREFIX/items/UID/attrs/NAME:list` works (JSON). ... ok
Verify `/document/PREFIX/items/UID/attrs/NAME:str` works (JSON). ... ok
Verify `/document/PREFIX/items/UID/attrs` works (JSON). ... ok
Verify `/document/PREFIX` works (JSON). ... ok
Verify `/documents` works (JSON). ... ok
Verify `/document/PREFIX/items/UID` works (JSON). ... ok
Verify `/document/PREFIX/items` works (JSON). ... ok
Verify `/document/PREFIX/numbers` works (JSON). ... ok

Name                              Stmts   Miss Branch BrPart  Cover
-------------------------------------------------------------------
doorstop.py                          14      0      0      0   100%
doorstop/cli.py                       0      0      0      0   100%
doorstop/cli/commands.py            296      0    134      3    99%
doorstop/cli/main.py                165      0      4      0   100%
doorstop/cli/utilities.py           151      0     70     12    95%
doorstop/common.py                   71      2     14      2    95%
doorstop/core.py                      4      0      0      0   100%
doorstop/core/base.py               153      0     42      0   100%
doorstop/core/builder.py             53      0     12      0   100%
doorstop/core/document.py           385      4    158      8    98%
doorstop/core/editor.py               9      0      0      0   100%
doorstop/core/exporter.py           146      0     62      0   100%
doorstop/core/importer.py           145      0     52      1    99%
doorstop/core/item.py               503     18    204     15    94%
doorstop/core/publisher.py          262      0    112      4    99%
doorstop/core/tree.py               303      2    136      8    98%
doorstop/core/types.py              333      0    120      2    99%
doorstop/core/vcs.py                 26      0     11      0   100%
doorstop/core/vcs/base.py            58      0     28      1    99%
doorstop/core/vcs/git.py             19      0      0      0   100%
doorstop/core/vcs/mercurial.py       19      0      0      0   100%
doorstop/core/vcs/mockvcs.py         20      0      0      0   100%
doorstop/core/vcs/subversion.py      20      0      0      0   100%
doorstop/core/vcs/veracity.py        20      0      0      0   100%
doorstop/gui.py                       0      0      0      0   100%
doorstop/gui/main.py                 52      0      6      0   100%
doorstop/server.py                    1      0      0      0   100%
doorstop/server/client.py            44      0     16      1    98%
doorstop/server/main.py             110      0     32      0   100%
doorstop/server/utilities.py         18      0      6      1    96%
doorstop/settings.py                 38      0      0      0   100%
-------------------------------------------------------------------
TOTAL                              3438     26   1219     58    98%
----------------------------------------------------------------------
Ran 608 tests in 27.600s

OK (SKIP=5)
env/bin/python doorstop/cli/test/test_tutorial.py
$ cd /tmp/tmpjfeu_1kn
$ doorstop create REQ ./reqs
created document: REQ (@/reqs)
$ doorstop add REQ
added item: REQ001 (@/reqs/REQ001.yml)
$ doorstop add REQ
added item: REQ002 (@/reqs/REQ002.yml)
$ doorstop add REQ
added item: REQ003 (@/reqs/REQ003.yml)
$ doorstop edit REQ1 --tool cat
active: true
derived: false
level: 1.0
links: []
normative: true
ref: ''
reviewed: null
text: ''
opened item: REQ001 (@/reqs/REQ001.yml)
$ doorstop edit REQ2 --tool cat
active: true
derived: false
level: 1.1
links: []
normative: true
ref: ''
reviewed: null
text: ''
opened item: REQ002 (@/reqs/REQ002.yml)
$ doorstop create TST ./reqs/tests --parent REQ
created document: TST (@/reqs/tests)
$ doorstop add TST
added item: TST001 (@/reqs/tests/TST001.yml)
$ doorstop add TST
added item: TST002 (@/reqs/tests/TST002.yml)
$ doorstop edit TST1 --tool cat
active: true
derived: false
level: 1.0
links: []
normative: true
ref: ''
reviewed: null
text: ''
opened item: TST001 (@/reqs/tests/TST001.yml)
$ doorstop edit TST2 --tool cat
active: true
derived: false
level: 1.1
links: []
normative: true
ref: ''
reviewed: null
text: ''
opened item: TST002 (@/reqs/tests/TST002.yml)
$ doorstop link TST1 REQ1
linked items: TST001 (@/reqs/tests/TST001.yml) -> REQ001 (@/reqs/REQ001.yml)
$ doorstop link TST1 REQ3
linked items: TST001 (@/reqs/tests/TST001.yml) -> REQ003 (@/reqs/REQ003.yml)
$ doorstop link TST2 REQ1
linked items: TST002 (@/reqs/tests/TST002.yml) -> REQ001 (@/reqs/REQ001.yml)
$ doorstop link TST2 REQ2
linked items: TST002 (@/reqs/tests/TST002.yml) -> REQ002 (@/reqs/REQ002.yml)
$ doorstop unlink TST1 REQ3
unlinked items: TST001 (@/reqs/tests/TST001.yml) -> REQ003 (@/reqs/REQ003.yml)
$ doorstop remove REQ3
removed item: REQ003 (@/reqs/REQ003.yml)
$ doorstop 

REQ
â”‚   
â”” â”€ TST

.$ cd /tmp/tmpxmqww2ae
$ doorstop create REQ ./reqs
created document: REQ (@/reqs)
$ doorstop add REQ
added item: REQ001 (@/reqs/REQ001.yml)
$ doorstop add REQ
added item: REQ002 (@/reqs/REQ002.yml)
$ doorstop create TST ./reqs/tests --parent REQ
created document: TST (@/reqs/tests)
$ doorstop add TST
added item: TST001 (@/reqs/tests/TST001.yml)
$ doorstop add TST
added item: TST002 (@/reqs/tests/TST002.yml)
$ doorstop link TST1 REQ1
linked items: TST001 (@/reqs/tests/TST001.yml) -> REQ001 (@/reqs/REQ001.yml)
$ doorstop link TST2 REQ1
linked items: TST002 (@/reqs/tests/TST002.yml) -> REQ001 (@/reqs/REQ001.yml)
$ doorstop link TST2 REQ2
linked items: TST002 (@/reqs/tests/TST002.yml) -> REQ002 (@/reqs/REQ002.yml)
$ doorstop publish REQ
1.0     REQ001

        Child links: TST001, TST002

1.1     REQ002

        Child links: TST002

$ doorstop publish TST
1.0     TST001

        Parent links: REQ001

1.1     TST002

        Parent links: REQ001, REQ002

$ doorstop publish all path/to/htmldir
published: /tmp/tmpxmqww2ae/path/to/htmldir
.$ cd /tmp/tmp44a7o1y9
$ doorstop import --document HLR reqs/hlr
imported document: HLR (@/reqs/hlr)
$ doorstop import --document LLR reqs/llr --parent HLR
imported document: LLR (@/reqs/llr)
$ doorstop import --item HLR HLR001
imported item: HLR001 (@/reqs/hlr/HLR001.yml)
$ doorstop import --item LLR LLR001 --attr "{'text': 'The item text.'}"
imported item: LLR001 (@/reqs/llr/LLR001.yml)
$ doorstop import path/to/exported.xlsx HLR
imported document: HLR (@/reqs/hlr)
.$ cd /tmp/tmpmjh3lrxt
$ doorstop create REQ ./reqs
created document: REQ (@/reqs)
$ doorstop add REQ
added item: REQ001 (@/reqs/REQ001.yml)
$ doorstop add REQ
added item: REQ002 (@/reqs/REQ002.yml)
$ doorstop create TST ./reqs/tests --parent REQ
created document: TST (@/reqs/tests)
$ doorstop add TST
added item: TST001 (@/reqs/tests/TST001.yml)
$ doorstop add TST
added item: TST002 (@/reqs/tests/TST002.yml)
$ doorstop link TST1 REQ1
linked items: TST001 (@/reqs/tests/TST001.yml) -> REQ001 (@/reqs/REQ001.yml)
$ doorstop link TST2 REQ1
linked items: TST002 (@/reqs/tests/TST002.yml) -> REQ001 (@/reqs/REQ001.yml)
$ doorstop link TST2 REQ2
linked items: TST002 (@/reqs/tests/TST002.yml) -> REQ002 (@/reqs/REQ002.yml)
$ doorstop export TST
TST001:
  active: true
  derived: false
  level: 1.0
  links:
  - REQ001: null
  normative: true
  ref: ''
  reviewed: null
  text: ''

TST002:
  active: true
  derived: false
  level: 1.1
  links:
  - REQ001: null
  - REQ002: null
  normative: true
  ref: ''
  reviewed: null
  text: ''

$ doorstop export all dirpath/to/exports
exported: dirpath/to/exports
$ doorstop export REQ path/to/req.xlsx
exported: path/to/req.xlsx
.
----------------------------------------------------------------------
Ran 4 tests in 29.482s

OK

travis_time:end:08860b57:start=1488106420254226630,finish=1488106492740212571,duration=72485985941[0K
[32;1mThe command "make ci" exited with 0.[0m
travis_fold:start:after_success.1[0Ktravis_time:start:061c36ec[0K$ coveralls
Submitting coverage to coveralls.io...
Coverage submitted!
Job #1521.3
https://coveralls.io/jobs/23316024

travis_time:end:061c36ec:start=1488106492745253151,finish=1488106494572288168,duration=1827035017[0Ktravis_fold:end:after_success.1[0Ktravis_fold:start:after_success.2[0Ktravis_time:start:39a052a0[0K$ ocular
Uploading code coverage for 'g/jacebrowning/doorstop' and revision 'a218bef01800544d5bfc600a630d0fe05f26dc2b'... 
Done!


travis_time:end:39a052a0:start=1488106494576996112,finish=1488106496628135039,duration=2051138927[0Ktravis_fold:end:after_success.2[0Ktravis_fold:start:after_script[0Ktravis_time:start:05191c03[0K$ echo $TRAVIS_BRANCH; echo $TRAVIS_PULL_REQUEST; echo $TRAVIS_PYTHON_VERSION; if [[ $TRAVIS_BRANCH == 'develop' && $TRAVIS_PULL_REQUEST == 'false' && $TRAVIS_PYTHON_VERSION == '3.3' ]]; then
  
    # Generate Doorstop HTML pages
    make reqs ;
  
    # Configure Git with Travis CI information
    git config --global user.email "travis@travis-ci.org" ;
    git config --global user.name "travis-ci" ;
  
    # Delete the current repository
    rm -rf .git ;
  
    # Rebuild the repository from the generated files and push to GitHub pages
    cd docs/gen ;
    echo "[${TRAVIS_REPO_SLUG}](~${TRAVIS_REPO_SLUG})" | sed -e 's/\//.github.io\//g' | sed -e 's/~/http:\/\//g' > README.md ;
    touch .nojekyll ;
    git init ;
    git add . ;
    git commit -m "Deploy Travis CI build $TRAVIS_BUILD_NUMBER to GitHub pages" ;
    git push -f https://${GH_TOKEN}@github.com/${TRAVIS_REPO_SLUG} master:gh-pages ;
  
  fi
  
master
236
3.5

travis_time:end:05191c03:start=1488106496633467164,finish=1488106496637446689,duration=3979525[0Ktravis_fold:end:after_script[0K
Done. Your build exited with 0.
