travis_fold:start:worker_info[0K[33;1mWorker information[0m
hostname: df9f635c-7266-4bf2-937f-a5551de5a923@1.i-02af42d-production-2-worker-org-ec2.travisci.net
version: v3.8.0 https://github.com/travis-ci/worker/tree/cccff7c89da7ba0cf47a90e5615266a45b372e30
instance: 6ad4752 travisci/ci-garnet:packer-1512502276-986baf0 (via amqp)
startup: 756.140429ms
travis_fold:end:worker_info[0Ktravis_fold:start:system_info[0K[33;1mBuild system information[0m
Build language: python
Build group: stable
Build dist: trusty
Build id: 394570403
Job id: 394570411
Runtime kernel version: 4.14.12-041412-generic
travis-build version: 08cf49fbd
[34m[1mBuild image provisioning date and time[0m
Tue Dec  5 20:11:19 UTC 2017
[34m[1mOperating System Details[0m
Distributor ID:	Ubuntu
Description:	Ubuntu 14.04.5 LTS
Release:	14.04
Codename:	trusty
[34m[1mCookbooks Version[0m
7c2c6a6 https://github.com/travis-ci/travis-cookbooks/tree/7c2c6a6
[34m[1mgit version[0m
git version 2.15.1
[34m[1mbash version[0m
GNU bash, version 4.3.11(1)-release (x86_64-pc-linux-gnu)
[34m[1mgcc version[0m
gcc (Ubuntu 4.8.4-2ubuntu1~14.04.3) 4.8.4
Copyright (C) 2013 Free Software Foundation, Inc.
This is free software; see the source for copying conditions.  There is NO
warranty; not even for MERCHANTABILITY or FITNESS FOR A PARTICULAR PURPOSE.

[34m[1mdocker version[0m
Client:
 Version:      17.09.0-ce
 API version:  1.32
 Go version:   go1.8.3
 Git commit:   afdb6d4
 Built:        Tue Sep 26 22:39:28 2017
 OS/Arch:      linux/amd64
[34m[1mclang version[0m
clang version 5.0.0 (tags/RELEASE_500/final)
Target: x86_64-unknown-linux-gnu
Thread model: posix
InstalledDir: /usr/local/clang-5.0.0/bin
[34m[1mjq version[0m
jq-1.5
[34m[1mbats version[0m
Bats 0.4.0
[34m[1mshellcheck version[0m
0.4.6
[34m[1mshfmt version[0m
v2.0.0
[34m[1mccache version[0m
ccache version 3.1.9

Copyright (C) 2002-2007 Andrew Tridgell
Copyright (C) 2009-2011 Joel Rosdahl

This program is free software; you can redistribute it and/or modify it under
the terms of the GNU General Public License as published by the Free Software
Foundation; either version 3 of the License, or (at your option) any later
version.
[34m[1mcmake version[0m
cmake version 3.9.2

CMake suite maintained and supported by Kitware (kitware.com/cmake).
[34m[1mheroku version[0m
heroku-cli/6.14.39-addc925 (linux-x64) node-v9.2.0
[34m[1mimagemagick version[0m
Version: ImageMagick 6.7.7-10 2017-07-31 Q16 http://www.imagemagick.org
[34m[1mmd5deep version[0m
4.2
[34m[1mmercurial version[0m
Mercurial Distributed SCM (version 4.2.2)
(see https://mercurial-scm.org for more information)

Copyright (C) 2005-2017 Matt Mackall and others
This is free software; see the source for copying conditions. There is NO
warranty; not even for MERCHANTABILITY or FITNESS FOR A PARTICULAR PURPOSE.
[34m[1mmysql version[0m
mysql  Ver 14.14 Distrib 5.6.33, for debian-linux-gnu (x86_64) using  EditLine wrapper
[34m[1mopenssl version[0m
OpenSSL 1.0.1f 6 Jan 2014
[34m[1mpacker version[0m
Packer v1.0.2

Your version of Packer is out of date! The latest version
is 1.1.2. You can update by downloading from www.packer.io
[34m[1mpostgresql client version[0m
psql (PostgreSQL) 9.6.6
[34m[1mragel version[0m
Ragel State Machine Compiler version 6.8 Feb 2013
Copyright (c) 2001-2009 by Adrian Thurston
[34m[1msubversion version[0m
svn, version 1.8.8 (r1568071)
   compiled Aug 10 2017, 17:20:39 on x86_64-pc-linux-gnu

Copyright (C) 2013 The Apache Software Foundation.
This software consists of contributions made by many people;
see the NOTICE file for more information.
Subversion is open source software, see http://subversion.apache.org/

The following repository access (RA) modules are available:

* ra_svn : Module for accessing a repository using the svn network protocol.
  - with Cyrus SASL authentication
  - handles 'svn' scheme
* ra_local : Module for accessing a repository on local disk.
  - handles 'file' scheme
* ra_serf : Module for accessing a repository via WebDAV protocol using serf.
  - using serf 1.3.3
  - handles 'http' scheme
  - handles 'https' scheme

[34m[1msudo version[0m
Sudo version 1.8.9p5
Configure options: --prefix=/usr -v --with-all-insults --with-pam --with-fqdn --with-logging=syslog --with-logfac=authpriv --with-env-editor --with-editor=/usr/bin/editor --with-timeout=15 --with-password-timeout=0 --with-passprompt=[sudo] password for %p:  --without-lecture --with-tty-tickets --disable-root-mailer --enable-admin-flag --with-sendmail=/usr/sbin/sendmail --with-timedir=/var/lib/sudo --mandir=/usr/share/man --libexecdir=/usr/lib/sudo --with-sssd --with-sssd-lib=/usr/lib/x86_64-linux-gnu --with-selinux
Sudoers policy plugin version 1.8.9p5
Sudoers file grammar version 43

Sudoers path: /etc/sudoers
Authentication methods: 'pam'
Syslog facility if syslog is being used for logging: authpriv
Syslog priority to use when user authenticates successfully: notice
Syslog priority to use when user authenticates unsuccessfully: alert
Send mail if the user is not in sudoers
Use a separate timestamp for each user/tty combo
Lecture user the first time they run sudo
Root may run sudo
Allow some information gathering to give useful error messages
Require fully-qualified hostnames in the sudoers file
Visudo will honor the EDITOR environment variable
Set the LOGNAME and USER environment variables
Length at which to wrap log file lines (0 for no wrap): 80
Authentication timestamp timeout: 15.0 minutes
Password prompt timeout: 0.0 minutes
Number of tries to enter a password: 3
Umask to use or 0777 to use user's: 022
Path to mail program: /usr/sbin/sendmail
Flags for mail program: -t
Address to send mail to: root
Subject line for mail messages: *** SECURITY information for %h ***
Incorrect password message: Sorry, try again.
Path to authentication timestamp dir: /var/lib/sudo
Default password prompt: [sudo] password for %p: 
Default user to run commands as: root
Value to override user's $PATH with: /usr/local/sbin:/usr/local/bin:/usr/sbin:/usr/bin:/sbin:/bin:/snap/bin
Path to the editor for use by visudo: /usr/bin/editor
When to require a password for 'list' pseudocommand: any
When to require a password for 'verify' pseudocommand: all
File descriptors >= 3 will be closed before executing a command
Environment variables to check for sanity:
	TZ
	TERM
	LINGUAS
	LC_*
	LANGUAGE
	LANG
	COLORTERM
Environment variables to remove:
	RUBYOPT
	RUBYLIB
	PYTHONUSERBASE
	PYTHONINSPECT
	PYTHONPATH
	PYTHONHOME
	TMPPREFIX
	ZDOTDIR
	READNULLCMD
	NULLCMD
	FPATH
	PERL5DB
	PERL5OPT
	PERL5LIB
	PERLLIB
	PERLIO_DEBUG 
	JAVA_TOOL_OPTIONS
	SHELLOPTS
	GLOBIGNORE
	PS4
	BASH_ENV
	ENV
	TERMCAP
	TERMPATH
	TERMINFO_DIRS
	TERMINFO
	_RLD*
	LD_*
	PATH_LOCALE
	NLSPATH
	HOSTALIASES
	RES_OPTIONS
	LOCALDOMAIN
	CDPATH
	IFS
Environment variables to preserve:
	JAVA_HOME
	TRAVIS
	CI
	DEBIAN_FRONTEND
	XAUTHORIZATION
	XAUTHORITY
	PS2
	PS1
	PATH
	LS_COLORS
	KRB5CCNAME
	HOSTNAME
	HOME
	DISPLAY
	COLORS
Locale to use while parsing sudoers: C
Directory in which to store input/output logs: /var/log/sudo-io
File in which to store the input/output log: %{seq}
Add an entry to the utmp/utmpx file when allocating a pty
PAM service name to use
PAM service name to use for login shells
Create a new PAM session for the command to run in
Maximum I/O log sequence number: 0

Local IP address and netmask pairs:
	172.17.0.2/255.255.0.0

Sudoers I/O plugin version 1.8.9p5
[34m[1mgzip version[0m
gzip 1.6
Copyright (C) 2007, 2010, 2011 Free Software Foundation, Inc.
Copyright (C) 1993 Jean-loup Gailly.
This is free software.  You may redistribute copies of it under the terms of
the GNU General Public License <http://www.gnu.org/licenses/gpl.html>.
There is NO WARRANTY, to the extent permitted by law.

Written by Jean-loup Gailly.
[34m[1mzip version[0m
Copyright (c) 1990-2008 Info-ZIP - Type 'zip "-L"' for software license.
This is Zip 3.0 (July 5th 2008), by Info-ZIP.
Currently maintained by E. Gordon.  Please send bug reports to
the authors using the web page at www.info-zip.org; see README for details.

Latest sources and executables are at ftp://ftp.info-zip.org/pub/infozip,
as of above date; see http://www.info-zip.org/ for other sites.

Compiled with gcc 4.8.2 for Unix (Linux ELF) on Oct 21 2013.

Zip special compilation options:
	USE_EF_UT_TIME       (store Universal Time)
	BZIP2_SUPPORT        (bzip2 library version 1.0.6, 6-Sept-2010)
	    bzip2 code and library copyright (c) Julian R Seward
	    (See the bzip2 license for terms of use)
	SYMLINK_SUPPORT      (symbolic links supported)
	LARGE_FILE_SUPPORT   (can read and write large files on file system)
	ZIP64_SUPPORT        (use Zip64 to store large files in archives)
	UNICODE_SUPPORT      (store and read UTF-8 Unicode paths)
	STORE_UNIX_UIDs_GIDs (store UID/GID sizes/values using new extra field)
	UIDGID_NOT_16BIT     (old Unix 16-bit UID/GID extra field not used)
	[encryption, version 2.91 of 05 Jan 2007] (modified for Zip 3)

Encryption notice:
	The encryption code of this program is not copyrighted and is
	put in the public domain.  It was originally written in Europe
	and, to the best of our knowledge, can be freely distributed
	in both source and object forms from any country, including
	the USA under License Exception TSU of the U.S. Export
	Administration Regulations (section 740.13(e)) of 6 June 2002.

Zip environment options:
             ZIP:  [none]
          ZIPOPT:  [none]
[34m[1mvim version[0m
VIM - Vi IMproved 7.4 (2013 Aug 10, compiled Nov 24 2016 16:43:18)
Included patches: 1-52
Extra patches: 8.0.0056
Modified by pkg-vim-maintainers@lists.alioth.debian.org
Compiled by buildd@
Huge version without GUI.  Features included (+) or not (-):
+acl             +farsi           +mouse_netterm   +syntax
+arabic          +file_in_path    +mouse_sgr       +tag_binary
+autocmd         +find_in_path    -mouse_sysmouse  +tag_old_static
-balloon_eval    +float           +mouse_urxvt     -tag_any_white
-browse          +folding         +mouse_xterm     -tcl
++builtin_terms  -footer          +multi_byte      +terminfo
+byte_offset     +fork()          +multi_lang      +termresponse
+cindent         +gettext         -mzscheme        +textobjects
-clientserver    -hangul_input    +netbeans_intg   +title
-clipboard       +iconv           +path_extra      -toolbar
+cmdline_compl   +insert_expand   -perl            +user_commands
+cmdline_hist    +jumplist        +persistent_undo +vertsplit
+cmdline_info    +keymap          +postscript      +virtualedit
+comments        +langmap         +printer         +visual
+conceal         +libcall         +profile         +visualextra
+cryptv          +linebreak       +python          +viminfo
+cscope          +lispindent      -python3         +vreplace
+cursorbind      +listcmds        +quickfix        +wildignore
+cursorshape     +localmap        +reltime         +wildmenu
+dialog_con      -lua             +rightleft       +windows
+diff            +menu            -ruby            +writebackup
+digraphs        +mksession       +scrollbind      -X11
-dnd             +modify_fname    +signs           -xfontset
-ebcdic          +mouse           +smartindent     -xim
+emacs_tags      -mouseshape      -sniff           -xsmp
+eval            +mouse_dec       +startuptime     -xterm_clipboard
+ex_extra        +mouse_gpm       +statusline      -xterm_save
+extra_search    -mouse_jsbterm   -sun_workshop    -xpm
   system vimrc file: "$VIM/vimrc"
     user vimrc file: "$HOME/.vimrc"
 2nd user vimrc file: "~/.vim/vimrc"
      user exrc file: "$HOME/.exrc"
  fall-back for $VIM: "/usr/share/vim"
Compilation: gcc -c -I. -Iproto -DHAVE_CONFIG_H     -g -O2 -fstack-protector --param=ssp-buffer-size=4 -Wformat -Werror=format-security -U_FORTIFY_SOURCE -D_FORTIFY_SOURCE=1      
Linking: gcc   -Wl,-Bsymbolic-functions -Wl,-z,relro -Wl,--as-needed -o vim        -lm -ltinfo -lnsl  -lselinux  -lacl -lattr -lgpm -ldl    -L/usr/lib/python2.7/config-x86_64-linux-gnu -lpython2.7 -lpthread -ldl -lutil -lm -Xlinker -export-dynamic -Wl,-O1 -Wl,-Bsymbolic-functions      
[34m[1miptables version[0m
iptables v1.4.21
[34m[1mcurl version[0m
curl 7.35.0 (x86_64-pc-linux-gnu) libcurl/7.35.0 OpenSSL/1.0.1f zlib/1.2.8 libidn/1.28 librtmp/2.3
[34m[1mwget version[0m
GNU Wget 1.15 built on linux-gnu.
[34m[1mrsync version[0m
rsync  version 3.1.0  protocol version 31
[34m[1mgimme version[0m
v1.2.0
[34m[1mnvm version[0m
0.33.6
[34m[1mperlbrew version[0m
/home/travis/perl5/perlbrew/bin/perlbrew  - App::perlbrew/0.80
[34m[1mphpenv version[0m
rbenv 1.1.1-25-g6aa70b6
[34m[1mrvm version[0m
rvm 1.29.3 (latest) by Michal Papis, Piotr Kuczynski, Wayne E. Seguin [https://rvm.io]
[34m[1mdefault ruby version[0m
ruby 2.4.1p111 (2017-03-22 revision 58053) [x86_64-linux]
[34m[1mCouchDB version[0m
couchdb 1.6.1
[34m[1mElasticSearch version[0m
5.5.0
[34m[1mInstalled Firefox version[0m
firefox 56.0.2
[34m[1mMongoDB version[0m
MongoDB 3.4.10
[34m[1mPhantomJS version[0m
2.1.1
[34m[1mPre-installed PostgreSQL versions[0m
9.2.24
9.3.20
9.4.15
9.5.10
9.6.6
[34m[1mRabbitMQ Version[0m
3.6.14
[34m[1mRedis version[0m
redis-server 4.0.6
[34m[1mriak version[0m
2.2.3
[34m[1mPre-installed Go versions[0m
1.7.4
[34m[1mant version[0m
Apache Ant(TM) version 1.9.3 compiled on April 8 2014
[34m[1mmvn version[0m
Apache Maven 3.5.2 (138edd61fd100ec658bfa2d307c43b76940a5d7d; 2017-10-18T07:58:13Z)
Maven home: /usr/local/maven-3.5.2
Java version: 1.8.0_151, vendor: Oracle Corporation
Java home: /usr/lib/jvm/java-8-oracle/jre
Default locale: en_US, platform encoding: UTF-8
OS name: "linux", version: "4.4.0-101-generic", arch: "amd64", family: "unix"
[34m[1mgradle version[0m

------------------------------------------------------------
Gradle 4.0.1
------------------------------------------------------------

Build time:   2017-07-07 14:02:41 UTC
Revision:     38e5dc0f772daecca1d2681885d3d85414eb6826

Groovy:       2.4.11
Ant:          Apache Ant(TM) version 1.9.6 compiled on June 29 2015
JVM:          1.8.0_151 (Oracle Corporation 25.151-b12)
OS:           Linux 4.4.0-101-generic amd64

[34m[1mlein version[0m
Leiningen 2.8.1 on Java 1.8.0_151 Java HotSpot(TM) 64-Bit Server VM
[34m[1mPre-installed Node.js versions[0m
v4.8.6
v6.12.0
v6.12.1
v8.9
v8.9.1
[34m[1mphpenv versions[0m
  system
  5.6
* 5.6.32 (set by /home/travis/.phpenv/version)
  7.0
  7.0.25
  7.1
  7.1.11
  hhvm
  hhvm-stable
[34m[1mcomposer --version[0m
Composer version 1.5.2 2017-09-11 16:59:25
[34m[1mPre-installed Ruby versions[0m
ruby-2.2.7
ruby-2.3.4
ruby-2.4.1
travis_fold:end:system_info[0K
[32;1mNetwork availability confirmed.[0m


travis_fold:start:git.checkout[0Ktravis_time:start:0f9bf84e[0K$ git clone --depth=50 https://github.com/joblib/joblib.git joblib/joblib
Cloning into 'joblib/joblib'...
remote: Counting objects: 568, done.[K
remote: Compressing objects:   0% (1/332)   [Kremote: Compressing objects:   1% (4/332)   [Kremote: Compressing objects:   2% (7/332)   [Kremote: Compressing objects:   3% (10/332)   [Kremote: Compressing objects:   4% (14/332)   [Kremote: Compressing objects:   5% (17/332)   [Kremote: Compressing objects:   6% (20/332)   [Kremote: Compressing objects:   7% (24/332)   [Kremote: Compressing objects:   8% (27/332)   [Kremote: Compressing objects:   9% (30/332)   [Kremote: Compressing objects:  10% (34/332)   [Kremote: Compressing objects:  11% (37/332)   [Kremote: Compressing objects:  12% (40/332)   [Kremote: Compressing objects:  13% (44/332)   [Kremote: Compressing objects:  14% (47/332)   [Kremote: Compressing objects:  15% (50/332)   [Kremote: Compressing objects:  16% (54/332)   [Kremote: Compressing objects:  17% (57/332)   [Kremote: Compressing objects:  18% (60/332)   [Kremote: Compressing objects:  19% (64/332)   [Kremote: Compressing objects:  20% (67/332)   [Kremote: Compressing objects:  21% (70/332)   [Kremote: Compressing objects:  22% (74/332)   [Kremote: Compressing objects:  23% (77/332)   [Kremote: Compressing objects:  24% (80/332)   [Kremote: Compressing objects:  25% (83/332)   [Kremote: Compressing objects:  26% (87/332)   [Kremote: Compressing objects:  27% (90/332)   [Kremote: Compressing objects:  28% (93/332)   [Kremote: Compressing objects:  29% (97/332)   [Kremote: Compressing objects:  30% (100/332)   [Kremote: Compressing objects:  31% (103/332)   [Kremote: Compressing objects:  32% (107/332)   [Kremote: Compressing objects:  33% (110/332)   [Kremote: Compressing objects:  34% (113/332)   [Kremote: Compressing objects:  35% (117/332)   [Kremote: Compressing objects:  36% (120/332)   [Kremote: Compressing objects:  37% (123/332)   [Kremote: Compressing objects:  38% (127/332)   [Kremote: Compressing objects:  39% (130/332)   [Kremote: Compressing objects:  40% (133/332)   [Kremote: Compressing objects:  41% (137/332)   [Kremote: Compressing objects:  42% (140/332)   [Kremote: Compressing objects:  43% (143/332)   [Kremote: Compressing objects:  44% (147/332)   [Kremote: Compressing objects:  45% (150/332)   [Kremote: Compressing objects:  46% (153/332)   [Kremote: Compressing objects:  47% (157/332)   [Kremote: Compressing objects:  48% (160/332)   [Kremote: Compressing objects:  49% (163/332)   [Kremote: Compressing objects:  50% (166/332)   [Kremote: Compressing objects:  51% (170/332)   [Kremote: Compressing objects:  52% (173/332)   [Kremote: Compressing objects:  53% (176/332)   [Kremote: Compressing objects:  54% (180/332)   [Kremote: Compressing objects:  55% (183/332)   [Kremote: Compressing objects:  56% (186/332)   [Kremote: Compressing objects:  57% (190/332)   [Kremote: Compressing objects:  58% (193/332)   [Kremote: Compressing objects:  59% (196/332)   [Kremote: Compressing objects:  60% (200/332)   [Kremote: Compressing objects:  61% (203/332)   [Kremote: Compressing objects:  62% (206/332)   [Kremote: Compressing objects:  63% (210/332)   [Kremote: Compressing objects:  64% (213/332)   [Kremote: Compressing objects:  65% (216/332)   [Kremote: Compressing objects:  66% (220/332)   [Kremote: Compressing objects:  67% (223/332)   [Kremote: Compressing objects:  68% (226/332)   [Kremote: Compressing objects:  69% (230/332)   [Kremote: Compressing objects:  70% (233/332)   [Kremote: Compressing objects:  71% (236/332)   [Kremote: Compressing objects:  72% (240/332)   [Kremote: Compressing objects:  73% (243/332)   [Kremote: Compressing objects:  74% (246/332)   [Kremote: Compressing objects:  75% (249/332)   [Kremote: Compressing objects:  76% (253/332)   [Kremote: Compressing objects:  77% (256/332)   [Kremote: Compressing objects:  78% (259/332)   [Kremote: Compressing objects:  79% (263/332)   [Kremote: Compressing objects:  80% (266/332)   [Kremote: Compressing objects:  81% (269/332)   [Kremote: Compressing objects:  82% (273/332)   [Kremote: Compressing objects:  83% (276/332)   [Kremote: Compressing objects:  84% (279/332)   [Kremote: Compressing objects:  85% (283/332)   [Kremote: Compressing objects:  86% (286/332)   [Kremote: Compressing objects:  87% (289/332)   [Kremote: Compressing objects:  88% (293/332)   [Kremote: Compressing objects:  89% (296/332)   [Kremote: Compressing objects:  90% (299/332)   [Kremote: Compressing objects:  91% (303/332)   [Kremote: Compressing objects:  92% (306/332)   [Kremote: Compressing objects:  93% (309/332)   [Kremote: Compressing objects:  94% (313/332)   [Kremote: Compressing objects:  95% (316/332)   [Kremote: Compressing objects:  96% (319/332)   [Kremote: Compressing objects:  97% (323/332)   [Kremote: Compressing objects:  98% (326/332)   [Kremote: Compressing objects:  99% (329/332)   [Kremote: Compressing objects: 100% (332/332)   [Kremote: Compressing objects: 100% (332/332), done.[K
Receiving objects:   0% (1/568)   Receiving objects:   1% (6/568)   Receiving objects:   2% (12/568)   Receiving objects:   3% (18/568)   Receiving objects:   4% (23/568)   Receiving objects:   5% (29/568)   Receiving objects:   6% (35/568)   Receiving objects:   7% (40/568)   Receiving objects:   8% (46/568)   Receiving objects:   9% (52/568)   Receiving objects:  10% (57/568)   Receiving objects:  11% (63/568)   Receiving objects:  12% (69/568)   Receiving objects:  13% (74/568)   Receiving objects:  14% (80/568)   Receiving objects:  15% (86/568)   Receiving objects:  16% (91/568)   Receiving objects:  17% (97/568)   Receiving objects:  18% (103/568)   Receiving objects:  19% (108/568)   Receiving objects:  20% (114/568)   Receiving objects:  21% (120/568)   Receiving objects:  22% (125/568)   Receiving objects:  23% (131/568)   Receiving objects:  24% (137/568)   Receiving objects:  25% (142/568)   Receiving objects:  26% (148/568)   Receiving objects:  27% (154/568)   Receiving objects:  28% (160/568)   Receiving objects:  29% (165/568)   Receiving objects:  30% (171/568)   Receiving objects:  31% (177/568)   Receiving objects:  32% (182/568)   Receiving objects:  33% (188/568)   Receiving objects:  34% (194/568)   Receiving objects:  35% (199/568)   Receiving objects:  36% (205/568)   Receiving objects:  37% (211/568)   Receiving objects:  38% (216/568)   Receiving objects:  39% (222/568)   Receiving objects:  40% (228/568)   Receiving objects:  41% (233/568)   Receiving objects:  42% (239/568)   Receiving objects:  43% (245/568)   Receiving objects:  44% (250/568)   Receiving objects:  45% (256/568)   Receiving objects:  46% (262/568)   Receiving objects:  47% (267/568)   Receiving objects:  48% (273/568)   Receiving objects:  49% (279/568)   Receiving objects:  50% (284/568)   Receiving objects:  51% (290/568)   Receiving objects:  52% (296/568)   Receiving objects:  53% (302/568)   Receiving objects:  54% (307/568)   Receiving objects:  55% (313/568)   Receiving objects:  56% (319/568)   Receiving objects:  57% (324/568)   Receiving objects:  58% (330/568)   Receiving objects:  59% (336/568)   Receiving objects:  60% (341/568)   Receiving objects:  61% (347/568)   Receiving objects:  62% (353/568)   Receiving objects:  63% (358/568)   Receiving objects:  64% (364/568)   Receiving objects:  65% (370/568)   Receiving objects:  66% (375/568)   Receiving objects:  67% (381/568)   Receiving objects:  68% (387/568)   Receiving objects:  69% (392/568)   Receiving objects:  70% (398/568)   Receiving objects:  71% (404/568)   Receiving objects:  72% (409/568)   Receiving objects:  73% (415/568)   Receiving objects:  74% (421/568)   Receiving objects:  75% (426/568)   Receiving objects:  76% (432/568)   remote: Total 568 (delta 293), reused 422 (delta 223), pack-reused 0[K
Receiving objects:  77% (438/568)   Receiving objects:  78% (444/568)   Receiving objects:  79% (449/568)   Receiving objects:  80% (455/568)   Receiving objects:  81% (461/568)   Receiving objects:  82% (466/568)   Receiving objects:  83% (472/568)   Receiving objects:  84% (478/568)   Receiving objects:  85% (483/568)   Receiving objects:  86% (489/568)   Receiving objects:  87% (495/568)   Receiving objects:  88% (500/568)   Receiving objects:  89% (506/568)   Receiving objects:  90% (512/568)   Receiving objects:  91% (517/568)   Receiving objects:  92% (523/568)   Receiving objects:  93% (529/568)   Receiving objects:  94% (534/568)   Receiving objects:  95% (540/568)   Receiving objects:  96% (546/568)   Receiving objects:  97% (551/568)   Receiving objects:  98% (557/568)   Receiving objects:  99% (563/568)   Receiving objects: 100% (568/568)   Receiving objects: 100% (568/568), 398.06 KiB | 18.96 MiB/s, done.
Resolving deltas:   0% (0/293)   Resolving deltas:   1% (4/293)   Resolving deltas:   6% (19/293)   Resolving deltas:   7% (21/293)   Resolving deltas:   8% (25/293)   Resolving deltas:  10% (30/293)   Resolving deltas:  11% (33/293)   Resolving deltas:  13% (39/293)   Resolving deltas:  14% (43/293)   Resolving deltas:  15% (44/293)   Resolving deltas:  16% (48/293)   Resolving deltas:  17% (50/293)   Resolving deltas:  18% (53/293)   Resolving deltas:  19% (56/293)   Resolving deltas:  20% (60/293)   Resolving deltas:  21% (64/293)   Resolving deltas:  22% (67/293)   Resolving deltas:  23% (70/293)   Resolving deltas:  25% (76/293)   Resolving deltas:  27% (80/293)   Resolving deltas:  32% (94/293)   Resolving deltas:  35% (103/293)   Resolving deltas:  39% (115/293)   Resolving deltas:  40% (118/293)   Resolving deltas:  41% (123/293)   Resolving deltas:  42% (124/293)   Resolving deltas:  43% (128/293)   Resolving deltas:  44% (131/293)   Resolving deltas:  45% (133/293)   Resolving deltas:  46% (137/293)   Resolving deltas:  47% (138/293)   Resolving deltas:  48% (143/293)   Resolving deltas:  49% (145/293)   Resolving deltas:  50% (147/293)   Resolving deltas:  51% (150/293)   Resolving deltas:  52% (153/293)   Resolving deltas:  53% (158/293)   Resolving deltas:  54% (159/293)   Resolving deltas:  56% (167/293)   Resolving deltas:  57% (169/293)   Resolving deltas:  59% (173/293)   Resolving deltas:  64% (190/293)   Resolving deltas:  65% (191/293)   Resolving deltas:  66% (194/293)   Resolving deltas:  67% (197/293)   Resolving deltas:  68% (201/293)   Resolving deltas:  69% (203/293)   Resolving deltas:  70% (207/293)   Resolving deltas:  71% (210/293)   Resolving deltas:  74% (217/293)   Resolving deltas:  75% (221/293)   Resolving deltas:  76% (225/293)   Resolving deltas:  77% (227/293)   Resolving deltas:  78% (229/293)   Resolving deltas:  79% (232/293)   Resolving deltas:  80% (235/293)   Resolving deltas:  81% (239/293)   Resolving deltas:  82% (242/293)   Resolving deltas:  87% (257/293)   Resolving deltas:  88% (260/293)   Resolving deltas:  89% (261/293)   Resolving deltas:  90% (266/293)   Resolving deltas:  98% (289/293)   Resolving deltas: 100% (293/293)   Resolving deltas: 100% (293/293), done.

travis_time:end:0f9bf84e:start=1529502847224620811,finish=1529502849349692929,duration=2125072118[0K$ cd joblib/joblib
travis_time:start:00709f8f[0K$ git fetch origin +refs/pull/700/merge:
remote: Counting objects: 9, done.[K
remote: Compressing objects:  11% (1/9)   [Kremote: Compressing objects:  22% (2/9)   [Kremote: Compressing objects:  33% (3/9)   [Kremote: Compressing objects:  44% (4/9)   [Kremote: Compressing objects:  55% (5/9)   [Kremote: Compressing objects:  66% (6/9)   [Kremote: Compressing objects:  77% (7/9)   [Kremote: Compressing objects:  88% (8/9)   [Kremote: Compressing objects: 100% (9/9)   [Kremote: Compressing objects: 100% (9/9), done.[K
remote: Total 9 (delta 7), reused 1 (delta 0), pack-reused 0[K
Unpacking objects:  11% (1/9)   Unpacking objects:  22% (2/9)   Unpacking objects:  33% (3/9)   Unpacking objects:  44% (4/9)   Unpacking objects:  55% (5/9)   Unpacking objects:  66% (6/9)   Unpacking objects:  77% (7/9)   Unpacking objects:  88% (8/9)   Unpacking objects: 100% (9/9)   Unpacking objects: 100% (9/9), done.
From https://github.com/joblib/joblib
 * branch            refs/pull/700/merge -> FETCH_HEAD

travis_time:end:00709f8f:start=1529502849356369027,finish=1529502850082273979,duration=725904952[0K$ git checkout -qf FETCH_HEAD
travis_fold:end:git.checkout[0K
[33;1mSetting environment variables from .travis.yml[0m
$ export PYTHON_VERSION="3.6"
$ export NUMPY_VERSION="1.14"
$ export JOBLIB_MULTIPROCESSING=0
$ export COVERAGE="true"

travis_time:start:0a5292e0[0K$ source ~/virtualenv/python2.7/bin/activate

travis_time:end:0a5292e0:start=1529502850118496603,finish=1529502850128757031,duration=10260428[0K$ python --version
Python 2.7.14
$ pip --version
pip 9.0.1 from /home/travis/virtualenv/python2.7.14/lib/python2.7/site-packages (python 2.7)
travis_fold:start:install[0Ktravis_time:start:10fcff5c[0K$ source continuous_integration/travis/install.sh
--2018-06-20 13:54:11--  http://repo.continuum.io/miniconda/Miniconda3-latest-Linux-x86_64.sh
Resolving repo.continuum.io (repo.continuum.io)... 104.16.18.10, 104.16.19.10, 2400:cb00:2048:1::6810:130a, ...
Connecting to repo.continuum.io (repo.continuum.io)|104.16.18.10|:80... connected.
HTTP request sent, awaiting response... 301 Moved Permanently
Location: https://repo.continuum.io/miniconda/Miniconda3-latest-Linux-x86_64.sh [following]
--2018-06-20 13:54:11--  https://repo.continuum.io/miniconda/Miniconda3-latest-Linux-x86_64.sh
Connecting to repo.continuum.io (repo.continuum.io)|104.16.18.10|:443... connected.
HTTP request sent, awaiting response... 200 OK
Length: 58468498 (56M) [application/x-sh]
Saving to: â€˜miniconda.shâ€™

 0% [                                       ] 0           --.-K/s              58% [======================>                ] 34,495,291   164MB/s             100%[======================================>] 58,468,498   185MB/s   in 0.3s   

2018-06-20 13:54:11 (185 MB/s) - â€˜miniconda.shâ€™ saved [58468498/58468498]

PREFIX=/home/travis/miniconda
installing: python-3.6.5-hc3d631a_2 ...
Python 3.6.5 :: Anaconda, Inc.
installing: ca-certificates-2018.03.07-0 ...
installing: conda-env-2.6.0-h36134e3_1 ...
installing: libgcc-ng-7.2.0-hdf63c60_3 ...
installing: libstdcxx-ng-7.2.0-hdf63c60_3 ...
installing: libffi-3.2.1-hd88cf55_4 ...
installing: ncurses-6.1-hf484d3e_0 ...
installing: openssl-1.0.2o-h20670df_0 ...
installing: tk-8.6.7-hc745277_3 ...
installing: xz-5.2.4-h14c3975_4 ...
installing: yaml-0.1.7-had09818_2 ...
installing: zlib-1.2.11-ha838bed_2 ...
installing: libedit-3.1.20170329-h6b74fdf_2 ...
installing: readline-7.0-ha6073c6_4 ...
installing: sqlite-3.23.1-he433501_0 ...
installing: asn1crypto-0.24.0-py36_0 ...
installing: certifi-2018.4.16-py36_0 ...
installing: chardet-3.0.4-py36h0f667ec_1 ...
installing: idna-2.6-py36h82fb2a8_1 ...
installing: pycosat-0.6.3-py36h0a5515d_0 ...
installing: pycparser-2.18-py36hf9f622e_1 ...
installing: pysocks-1.6.8-py36_0 ...
installing: ruamel_yaml-0.15.37-py36h14c3975_2 ...
installing: six-1.11.0-py36h372c433_1 ...
installing: cffi-1.11.5-py36h9745a5d_0 ...
installing: setuptools-39.2.0-py36_0 ...
installing: cryptography-2.2.2-py36h14c3975_0 ...
installing: wheel-0.31.1-py36_0 ...
installing: pip-10.0.1-py36_0 ...
installing: pyopenssl-18.0.0-py36_0 ...
installing: urllib3-1.22-py36hbe7ace6_0 ...
installing: requests-2.18.4-py36he2e5f8d_1 ...
installing: conda-4.5.4-py36_0 ...
installation finished.
Solving environment: - \ | / - \ | / - \ | / - \ | / - \ | / - \ | / - \ | / - \ | / - \ | / - \ | / - \ | / - \ | / - \ | / - \ | / - \ | / - \ | / - \ | / - \ | / - \ | / - \ | / - \ | / - \ | / - \ | / - \ | / - \ | / - \ | / - \ | / - \ | / - \ | / - \ | / - \ | / - \ | / - \ | / - \ | / - \ | / - \ | / - \ | / - \ | / - \ | / - done

# All requested packages already installed.

conda requirements string: pip pytest python=3.6 numpy=1.14
Solving environment: - \ | / - \ | / - \ | / - \ | / - \ | / - \ | / - \ | / - \ | / - done

## Package Plan ##

  environment location: /home/travis/miniconda/envs/testenv

  added / updated specs: 
    - numpy=1.14
    - pip
    - pytest
    - python=3.6


The following packages will be downloaded:

    package                    |            build
    ---------------------------|-----------------
    pytest-3.6.1               |           py36_0         297 KB
    mkl_random-1.0.1           |   py36h629b387_0         373 KB
    numpy-1.14.5               |   py36hcd700cb_0          94 KB
    numpy-base-1.14.5          |   py36hdbf6ddf_0         4.1 MB
    atomicwrites-1.1.5         |           py36_0          10 KB
    intel-openmp-2018.0.3      |                0         705 KB
    more-itertools-4.2.0       |           py36_0          78 KB
    sqlite-3.24.0              |       h84994c4_0         1.8 MB
    attrs-18.1.0               |           py36_0          43 KB
    mkl-2018.0.3               |                1       198.7 MB
    pluggy-0.6.0               |   py36hb689045_0          23 KB
    mkl_fft-1.0.1              |   py36h3010b51_0         140 KB
    libgfortran-ng-7.2.0       |       hdf63c60_3         1.2 MB
    blas-1.0                   |              mkl           6 KB
    py-1.5.3                   |           py36_0         135 KB
    ------------------------------------------------------------
                                           Total:       207.7 MB

The following NEW packages will be INSTALLED:

    atomicwrites:    1.1.5-py36_0           
    attrs:           18.1.0-py36_0          
    blas:            1.0-mkl                
    ca-certificates: 2018.03.07-0           
    certifi:         2018.4.16-py36_0       
    intel-openmp:    2018.0.3-0             
    libedit:         3.1.20170329-h6b74fdf_2
    libffi:          3.2.1-hd88cf55_4       
    libgcc-ng:       7.2.0-hdf63c60_3       
    libgfortran-ng:  7.2.0-hdf63c60_3       
    libstdcxx-ng:    7.2.0-hdf63c60_3       
    mkl:             2018.0.3-1             
    mkl_fft:         1.0.1-py36h3010b51_0   
    mkl_random:      1.0.1-py36h629b387_0   
    more-itertools:  4.2.0-py36_0           
    ncurses:         6.1-hf484d3e_0         
    numpy:           1.14.5-py36hcd700cb_0  
    numpy-base:      1.14.5-py36hdbf6ddf_0  
    openssl:         1.0.2o-h20670df_0      
    pip:             10.0.1-py36_0          
    pluggy:          0.6.0-py36hb689045_0   
    py:              1.5.3-py36_0           
    pytest:          3.6.1-py36_0           
    python:          3.6.5-hc3d631a_2       
    readline:        7.0-ha6073c6_4         
    setuptools:      39.2.0-py36_0          
    six:             1.11.0-py36h372c433_1  
    sqlite:          3.24.0-h84994c4_0      
    tk:              8.6.7-hc745277_3       
    wheel:           0.31.1-py36_0          
    xz:              5.2.4-h14c3975_4       
    zlib:            1.2.11-ha838bed_2      


Downloading and Extracting Packages
pytest-3.6.1         |  297 KB | :   0% 0/1 [00:00<?, ?it/s]pytest-3.6.1         |  297 KB | :   4% 0.040336266860119686/1 [00:00<00:03,  3.29s/it]pytest-3.6.1         |  297 KB | :  94% 0.9449586231572451/1 [00:00<00:00,  2.34s/it]  pytest-3.6.1         |  297 KB | : 100% 1.0/1 [00:00<00:00,  3.66it/s]               
mkl_random-1.0.1     |  373 KB | :   0% 0/1 [00:00<?, ?it/s]mkl_random-1.0.1     |  373 KB | :  98% 0.9753745499897815/1 [00:00<00:00,  9.73it/s]mkl_random-1.0.1     |  373 KB | : 100% 1.0/1 [00:00<00:00,  8.89it/s]               
numpy-1.14.5         |   94 KB | :   0% 0/1 [00:00<?, ?it/s]numpy-1.14.5         |   94 KB | : 100% 1.0/1 [00:00<00:00, 29.80it/s]
numpy-base-1.14.5    |  4.1 MB | :   0% 0/1 [00:00<?, ?it/s]numpy-base-1.14.5    |  4.1 MB | :  76% 0.7599077187044588/1 [00:00<00:00,  7.58it/s]numpy-base-1.14.5    |  4.1 MB | :  99% 0.9877852489070134/1 [00:01<00:00,  1.67s/it]numpy-base-1.14.5    |  4.1 MB | : 100% 1.0/1 [00:01<00:00,  1.35s/it]               
atomicwrites-1.1.5   |   10 KB | :   0% 0/1 [00:00<?, ?it/s]atomicwrites-1.1.5   |   10 KB | : 100% 1.0/1 [00:00<00:00, 34.85it/s]
intel-openmp-2018.0. |  705 KB | :   0% 0/1 [00:00<?, ?it/s]intel-openmp-2018.0. |  705 KB | :   2% 0.017023469612524884/1 [00:00<00:30, 30.78s/it]intel-openmp-2018.0. |  705 KB | :  98% 0.9826540847045068/1 [00:00<00:00, 21.58s/it]  intel-openmp-2018.0. |  705 KB | : 100% 1.0/1 [00:00<00:00,  1.51it/s]               
more-itertools-4.2.0 |   78 KB | :   0% 0/1 [00:00<?, ?it/s]more-itertools-4.2.0 |   78 KB | : 100% 1.0/1 [00:00<00:00, 21.01it/s]
sqlite-3.24.0        |  1.8 MB | :   0% 0/1 [00:00<?, ?it/s]sqlite-3.24.0        |  1.8 MB | :  79% 0.7885466908085395/1 [00:00<00:00,  6.33it/s]sqlite-3.24.0        |  1.8 MB | :  98% 0.9790774768050343/1 [00:00<00:00,  2.46it/s]sqlite-3.24.0        |  1.8 MB | : 100% 1.0/1 [00:00<00:00,  2.85it/s]               
attrs-18.1.0         |   43 KB | :   0% 0/1 [00:00<?, ?it/s]attrs-18.1.0         |   43 KB | : 100% 1.0/1 [00:00<00:00, 24.96it/s]
mkl-2018.0.3         | 198.7 MB | :   0% 0/1 [00:00<?, ?it/s]mkl-2018.0.3         | 198.7 MB | :   3% 0.027721248355872447/1 [00:00<00:03,  3.61s/it]mkl-2018.0.3         | 198.7 MB | :   6% 0.05691703119875939/1 [00:00<00:03,  3.56s/it] mkl-2018.0.3         | 198.7 MB | :   8% 0.08210208023696691/1 [00:00<00:03,  3.68s/it]mkl-2018.0.3         | 198.7 MB | :  11% 0.10711018513673268/1 [00:00<00:03,  3.78s/it]mkl-2018.0.3         | 198.7 MB | :  13% 0.132885047969746/1 [00:00<00:03,  3.81s/it]  mkl-2018.0.3         | 198.7 MB | :  16% 0.15801111562847295/1 [00:00<00:03,  3.86s/it]mkl-2018.0.3         | 198.7 MB | :  18% 0.18372699708200568/1 [00:00<00:03,  3.87s/it]mkl-2018.0.3         | 198.7 MB | :  21% 0.21321768682229553/1 [00:00<00:02,  3.73s/it]mkl-2018.0.3         | 198.7 MB | :  24% 0.24276735794206594/1 [00:00<00:02,  3.63s/it]mkl-2018.0.3         | 198.7 MB | :  28% 0.28181303115820966/1 [00:01<00:02,  3.31s/it]mkl-2018.0.3         | 198.7 MB | :  32% 0.319384169887339/1 [00:01<00:02,  3.11s/it]  mkl-2018.0.3         | 198.7 MB | :  35% 0.35188290998113836/1 [00:01<00:02,  3.11s/it]mkl-2018.0.3         | 198.7 MB | :  38% 0.38432266869545717/1 [00:01<00:02,  3.36s/it]mkl-2018.0.3         | 198.7 MB | :  41% 0.4146390977484752/1 [00:01<00:02,  3.49s/it] mkl-2018.0.3         | 198.7 MB | :  44% 0.44377589921188143/1 [00:01<00:01,  3.55s/it]mkl-2018.0.3         | 198.7 MB | :  47% 0.4723228868804821/1 [00:01<00:01,  3.55s/it] mkl-2018.0.3         | 198.7 MB | :  50% 0.5036419993846698/1 [00:01<00:01,  3.44s/it]mkl-2018.0.3         | 198.7 MB | :  54% 0.5413900822522408/1 [00:01<00:01,  3.21s/it]mkl-2018.0.3         | 198.7 MB | :  58% 0.5799049230530594/1 [00:01<00:01,  3.02s/it]mkl-2018.0.3         | 198.7 MB | :  62% 0.6171221735053052/1 [00:02<00:01,  2.92s/it]mkl-2018.0.3         | 198.7 MB | :  66% 0.6554600701676819/1 [00:02<00:00,  2.83s/it]mkl-2018.0.3         | 198.7 MB | :  69% 0.6938569482095394/1 [00:02<00:00,  2.76s/it]mkl-2018.0.3         | 198.7 MB | :  73% 0.7304843848669793/1 [00:02<00:00,  2.79s/it]mkl-2018.0.3         | 198.7 MB | :  77% 0.7666917303930041/1 [00:04<00:05, 23.60s/it]mkl-2018.0.3         | 198.7 MB | :  79% 0.7924567629961039/1 [00:08<00:12, 60.80s/it]mkl-2018.0.3         | 198.7 MB | :  81% 0.8106918394855165/1 [00:11<00:15, 80.95s/it]mkl-2018.0.3         | 198.7 MB | :  82% 0.8236972336609844/1 [00:13<00:21, 121.95s/it]mkl-2018.0.3         | 198.7 MB | :  83% 0.8329376497796085/1 [00:15<00:22, 135.08s/it]mkl-2018.0.3         | 198.7 MB | :  84% 0.8395927154310006/1 [00:16<00:22, 139.11s/it]mkl-2018.0.3         | 198.7 MB | :  84% 0.8444488490082349/1 [00:17<00:21, 135.56s/it]mkl-2018.0.3         | 198.7 MB | :  85% 0.848086034076204/1 [00:17<00:20, 135.95s/it] mkl-2018.0.3         | 198.7 MB | :  85% 0.8508581589117913/1 [00:17<00:19, 131.11s/it]mkl-2018.0.3         | 198.7 MB | :  85% 0.8530503001824861/1 [00:18<00:19, 133.22s/it]mkl-2018.0.3         | 198.7 MB | :  85% 0.8548000811070766/1 [00:18<00:19, 137.72s/it]mkl-2018.0.3         | 198.7 MB | :  86% 0.856225464444524/1 [00:18<00:21, 151.86s/it] mkl-2018.0.3         | 198.7 MB | :  86% 0.8573854315743087/1 [00:18<00:20, 144.15s/it]mkl-2018.0.3         | 198.7 MB | :  86% 0.8584372661750457/1 [00:19<00:20, 142.95s/it]mkl-2018.0.3         | 198.7 MB | :  86% 0.8593907984766485/1 [00:19<00:20, 144.07s/it]mkl-2018.0.3         | 198.7 MB | :  86% 0.8602656889389437/1 [00:19<00:20, 146.63s/it]mkl-2018.0.3         | 198.7 MB | :  86% 0.8610717677918449/1 [00:19<00:19, 143.15s/it]mkl-2018.0.3         | 198.7 MB | :  86% 0.8618581861849194/1 [00:19<00:19, 140.07s/it]mkl-2018.0.3         | 198.7 MB | :  86% 0.8626347743480803/1 [00:19<00:20, 145.81s/it]mkl-2018.0.3         | 198.7 MB | :  86% 0.8634900043505487/1 [00:19<00:18, 137.33s/it]mkl-2018.0.3         | 198.7 MB | :  86% 0.8642665925137096/1 [00:19<00:18, 135.05s/it]mkl-2018.0.3         | 198.7 MB | :  87% 0.8650431806768707/1 [00:19<00:19, 144.61s/it]mkl-2018.0.3         | 198.7 MB | :  87% 0.8657607874605511/1 [00:20<00:21, 159.28s/it]mkl-2018.0.3         | 198.7 MB | :  87% 0.8666651686125866/1 [00:20<00:19, 144.88s/it]mkl-2018.0.3         | 198.7 MB | :  87% 0.8674122660860073/1 [00:20<00:19, 149.68s/it]mkl-2018.0.3         | 198.7 MB | :  87% 0.8682674960884756/1 [00:20<00:18, 140.04s/it]mkl-2018.0.3         | 198.7 MB | :  87% 0.8691620470105978/1 [00:20<00:18, 138.14s/it]mkl-2018.0.3         | 198.7 MB | :  87% 0.8699976165532394/1 [00:20<00:17, 132.61s/it]mkl-2018.0.3         | 198.7 MB | :  87% 0.8708528465557077/1 [00:20<00:16, 128.10s/it]mkl-2018.0.3         | 198.7 MB | :  87% 0.8716490951786956/1 [00:20<00:17, 136.65s/it]mkl-2018.0.3         | 198.7 MB | :  87% 0.8724060228820297/1 [00:20<00:18, 142.33s/it]mkl-2018.0.3         | 198.7 MB | :  87% 0.8732612528844981/1 [00:21<00:17, 134.85s/it]mkl-2018.0.3         | 198.7 MB | :  87% 0.8740280108177456/1 [00:21<00:17, 142.61s/it]mkl-2018.0.3         | 198.7 MB | :  87% 0.874745617601426/1 [00:21<00:17, 141.84s/it] mkl-2018.0.3         | 198.7 MB | :  88% 0.8754632243851064/1 [00:21<00:18, 148.23s/it]mkl-2018.0.3         | 198.7 MB | :  88% 0.8761611707089599/1 [00:21<00:18, 146.95s/it]mkl-2018.0.3         | 198.7 MB | :  88% 0.8769475891020343/1 [00:21<00:17, 141.15s/it]mkl-2018.0.3         | 198.7 MB | :  88% 0.8777241772651952/1 [00:21<00:16, 137.63s/it]mkl-2018.0.3         | 198.7 MB | :  88% 0.8785499165779234/1 [00:21<00:16, 132.69s/it]mkl-2018.0.3         | 198.7 MB | :  88% 0.8793166745111709/1 [00:21<00:17, 141.56s/it]mkl-2018.0.3         | 198.7 MB | :  88% 0.880073602214505/1 [00:22<00:16, 138.96s/it] mkl-2018.0.3         | 198.7 MB | :  88% 0.8809288322169735/1 [00:22<00:16, 138.02s/it]mkl-2018.0.3         | 198.7 MB | :  88% 0.8816660994604807/1 [00:22<00:16, 138.54s/it]mkl-2018.0.3         | 198.7 MB | :  88% 0.882540989922776/1 [00:22<00:15, 131.32s/it] mkl-2018.0.3         | 198.7 MB | :  88% 0.8833274083158503/1 [00:22<00:15, 130.29s/it]mkl-2018.0.3         | 198.7 MB | :  88% 0.8841138267089248/1 [00:22<00:15, 129.55s/it]mkl-2018.0.3         | 198.7 MB | :  88% 0.8848904148720858/1 [00:22<00:15, 135.70s/it]mkl-2018.0.3         | 198.7 MB | :  89% 0.8856866634950735/1 [00:22<00:15, 132.80s/it]mkl-2018.0.3         | 198.7 MB | :  89% 0.8864534214283211/1 [00:22<00:15, 133.95s/it]mkl-2018.0.3         | 198.7 MB | :  89% 0.8872103491316552/1 [00:23<00:15, 141.63s/it]mkl-2018.0.3         | 198.7 MB | :  89% 0.8879967675247296/1 [00:23<00:15, 141.94s/it]mkl-2018.0.3         | 198.7 MB | :  89% 0.8887733556878905/1 [00:23<00:15, 138.25s/it]mkl-2018.0.3         | 198.7 MB | :  89% 0.8895696043108784/1 [00:23<00:14, 134.60s/it]mkl-2018.0.3         | 198.7 MB | :  89% 0.8903265320142124/1 [00:23<00:15, 141.11s/it]mkl-2018.0.3         | 198.7 MB | :  89% 0.8910539690278063/1 [00:23<00:15, 140.26s/it]mkl-2018.0.3         | 198.7 MB | :  89% 0.8917814060414001/1 [00:23<00:15, 140.36s/it]mkl-2018.0.3         | 198.7 MB | :  89% 0.8925285035148208/1 [00:23<00:15, 146.80s/it]mkl-2018.0.3         | 198.7 MB | :  89% 0.8933542428275489/1 [00:23<00:14, 139.21s/it]mkl-2018.0.3         | 198.7 MB | :  89% 0.8941111705308831/1 [00:23<00:14, 137.20s/it]mkl-2018.0.3         | 198.7 MB | :  89% 0.894956570303438/1 [00:24<00:13, 131.71s/it] mkl-2018.0.3         | 198.7 MB | :  90% 0.895733158466599/1 [00:24<00:14, 139.39s/it]mkl-2018.0.3         | 198.7 MB | :  90% 0.8964704257101062/1 [00:24<00:14, 138.61s/it]mkl-2018.0.3         | 198.7 MB | :  90% 0.8972961650228343/1 [00:24<00:14, 137.08s/it]mkl-2018.0.3         | 198.7 MB | :  90% 0.8980334322663416/1 [00:24<00:14, 137.81s/it]mkl-2018.0.3         | 198.7 MB | :  90% 0.8989476436482906/1 [00:24<00:13, 129.33s/it]mkl-2018.0.3         | 198.7 MB | :  90% 0.8997635527311052/1 [00:24<00:12, 127.45s/it]mkl-2018.0.3         | 198.7 MB | :  90% 0.9005598013540931/1 [00:24<00:12, 127.26s/it]mkl-2018.0.3         | 198.7 MB | :  90% 0.9013560499770809/1 [00:24<00:12, 127.69s/it]mkl-2018.0.3         | 198.7 MB | :  90% 0.9022309404393761/1 [00:25<00:12, 130.02s/it]mkl-2018.0.3         | 198.7 MB | :  90% 0.9031156611315848/1 [00:25<00:12, 126.04s/it]mkl-2018.0.3         | 198.7 MB | :  90% 0.9039217399844861/1 [00:25<00:12, 126.99s/it]mkl-2018.0.3         | 198.7 MB | :  90% 0.9047179886074739/1 [00:25<00:12, 127.02s/it]mkl-2018.0.3         | 198.7 MB | :  91% 0.9055830488398557/1 [00:25<00:12, 130.12s/it]mkl-2018.0.3         | 198.7 MB | :  91% 0.9063596370030167/1 [00:25<00:12, 137.62s/it]mkl-2018.0.3         | 198.7 MB | :  91% 0.9073131693046195/1 [00:25<00:11, 127.83s/it]mkl-2018.0.3         | 198.7 MB | :  91% 0.9081192481575207/1 [00:25<00:12, 135.26s/it]mkl-2018.0.3         | 198.7 MB | :  91% 0.9088958363206816/1 [00:25<00:12, 133.41s/it]mkl-2018.0.3         | 198.7 MB | :  91% 0.9096625942539291/1 [00:26<00:12, 133.70s/it]mkl-2018.0.3         | 198.7 MB | :  91% 0.9104195219572633/1 [00:26<00:12, 144.01s/it]mkl-2018.0.3         | 198.7 MB | :  91% 0.911166619430684/1 [00:26<00:12, 141.02s/it] mkl-2018.0.3         | 198.7 MB | :  91% 0.9120021889733255/1 [00:26<00:11, 134.65s/it]mkl-2018.0.3         | 198.7 MB | :  91% 0.9127591166766597/1 [00:26<00:11, 134.87s/it]mkl-2018.0.3         | 198.7 MB | :  91% 0.9135357048398206/1 [00:26<00:11, 133.25s/it]mkl-2018.0.3         | 198.7 MB | :  91% 0.9143122930029816/1 [00:26<00:11, 138.95s/it]mkl-2018.0.3         | 198.7 MB | :  92% 0.9150692207063157/1 [00:26<00:11, 137.18s/it]mkl-2018.0.3         | 198.7 MB | :  92% 0.9159441111686109/1 [00:26<00:10, 130.42s/it]mkl-2018.0.3         | 198.7 MB | :  92% 0.9167206993317719/1 [00:26<00:11, 140.62s/it]mkl-2018.0.3         | 198.7 MB | :  92% 0.917684061863288/1 [00:27<00:10, 129.78s/it] mkl-2018.0.3         | 198.7 MB | :  92% 0.9184901407161893/1 [00:27<00:10, 128.21s/it]mkl-2018.0.3         | 198.7 MB | :  92% 0.9193257102588308/1 [00:27<00:10, 132.22s/it]mkl-2018.0.3         | 198.7 MB | :  92% 0.9201022984219918/1 [00:27<00:11, 142.54s/it]mkl-2018.0.3         | 198.7 MB | :  92% 0.9209673586543736/1 [00:27<00:10, 134.63s/it]mkl-2018.0.3         | 198.7 MB | :  92% 0.9218127584269286/1 [00:27<00:10, 129.77s/it]mkl-2018.0.3         | 198.7 MB | :  92% 0.9226090070499164/1 [00:27<00:10, 135.53s/it]mkl-2018.0.3         | 198.7 MB | :  92% 0.923444576592558/1 [00:27<00:10, 130.98s/it] mkl-2018.0.3         | 198.7 MB | :  92% 0.9242211647557189/1 [00:27<00:10, 137.01s/it]mkl-2018.0.3         | 198.7 MB | :  93% 0.9251157156778411/1 [00:28<00:09, 129.54s/it]mkl-2018.0.3         | 198.7 MB | :  93% 0.9259119643008289/1 [00:28<00:09, 130.24s/it]mkl-2018.0.3         | 198.7 MB | :  93% 0.9266983826939033/1 [00:28<00:10, 138.53s/it]mkl-2018.0.3         | 198.7 MB | :  93% 0.9274946313168911/1 [00:28<00:09, 134.83s/it]mkl-2018.0.3         | 198.7 MB | :  93% 0.9282515590202252/1 [00:28<00:09, 135.20s/it]mkl-2018.0.3         | 198.7 MB | :  93% 0.9290674681030399/1 [00:28<00:09, 131.51s/it]mkl-2018.0.3         | 198.7 MB | :  93% 0.9298735469559412/1 [00:28<00:09, 137.11s/it]mkl-2018.0.3         | 198.7 MB | :  93% 0.9306108141994484/1 [00:28<00:10, 151.25s/it]mkl-2018.0.3         | 198.7 MB | :  93% 0.9312989302933885/1 [00:29<00:14, 213.90s/it]mkl-2018.0.3         | 198.7 MB | :  93% 0.931859253398454/1 [00:29<00:14, 209.15s/it] mkl-2018.0.3         | 198.7 MB | :  93% 0.9326358415616149/1 [00:29<00:12, 185.04s/it]mkl-2018.0.3         | 198.7 MB | :  93% 0.9334419204145162/1 [00:29<00:11, 174.01s/it]mkl-2018.0.3         | 198.7 MB | :  93% 0.9343954527161189/1 [00:29<00:10, 158.64s/it]mkl-2018.0.3         | 198.7 MB | :  94% 0.935083568810059/1 [00:29<00:10, 164.14s/it] mkl-2018.0.3         | 198.7 MB | :  94% 0.9357421942142589/1 [00:29<00:10, 160.55s/it]mkl-2018.0.3         | 198.7 MB | :  94% 0.9364008196184587/1 [00:29<00:10, 165.39s/it]mkl-2018.0.3         | 198.7 MB | :  94% 0.9372757100807538/1 [00:29<00:09, 150.14s/it]mkl-2018.0.3         | 198.7 MB | :  94% 0.9381407703131357/1 [00:30<00:08, 139.89s/it]mkl-2018.0.3         | 198.7 MB | :  94% 0.9389566793959504/1 [00:30<00:08, 134.98s/it]mkl-2018.0.3         | 198.7 MB | :  94% 0.9397627582488517/1 [00:30<00:07, 131.76s/it]mkl-2018.0.3         | 198.7 MB | :  94% 0.9406179882513201/1 [00:30<00:07, 127.34s/it]mkl-2018.0.3         | 198.7 MB | :  94% 0.9414338973341347/1 [00:30<00:07, 125.99s/it]mkl-2018.0.3         | 198.7 MB | :  94% 0.942239976187036/1 [00:30<00:07, 126.51s/it] mkl-2018.0.3         | 198.7 MB | :  94% 0.9430460550399373/1 [00:30<00:07, 134.36s/it]mkl-2018.0.3         | 198.7 MB | :  94% 0.9438029827432713/1 [00:30<00:07, 134.37s/it]mkl-2018.0.3         | 198.7 MB | :  94% 0.9445697406765189/1 [00:30<00:07, 142.87s/it]mkl-2018.0.3         | 198.7 MB | :  95% 0.9453856497593336/1 [00:31<00:07, 137.40s/it]mkl-2018.0.3         | 198.7 MB | :  95% 0.9461622379224945/1 [00:31<00:07, 134.91s/it]mkl-2018.0.3         | 198.7 MB | :  95% 0.9469486563155689/1 [00:31<00:07, 132.67s/it]mkl-2018.0.3         | 198.7 MB | :  95% 0.9477154142488164/1 [00:31<00:06, 132.29s/it]mkl-2018.0.3         | 198.7 MB | :  95% 0.948482172182064/1 [00:31<00:06, 133.13s/it] mkl-2018.0.3         | 198.7 MB | :  95% 0.9492390998853981/1 [00:31<00:07, 143.00s/it]mkl-2018.0.3         | 198.7 MB | :  95% 0.949966536898992/1 [00:31<00:07, 141.71s/it] mkl-2018.0.3         | 198.7 MB | :  95% 0.9506841436826723/1 [00:31<00:07, 142.64s/it]mkl-2018.0.3         | 198.7 MB | :  95% 0.9514115806962662/1 [00:31<00:07, 148.29s/it]mkl-2018.0.3         | 198.7 MB | :  95% 0.9522274897790808/1 [00:32<00:06, 140.73s/it]mkl-2018.0.3         | 198.7 MB | :  95% 0.9529549267926747/1 [00:32<00:06, 141.74s/it]mkl-2018.0.3         | 198.7 MB | :  95% 0.9536725335763551/1 [00:32<00:06, 142.72s/it]mkl-2018.0.3         | 198.7 MB | :  95% 0.9544294612796892/1 [00:32<00:06, 148.33s/it]mkl-2018.0.3         | 198.7 MB | :  96% 0.9552552005924173/1 [00:32<00:06, 140.40s/it]mkl-2018.0.3         | 198.7 MB | :  96% 0.9560612794453185/1 [00:32<00:05, 135.56s/it]mkl-2018.0.3         | 198.7 MB | :  96% 0.9568083769187392/1 [00:32<00:06, 156.58s/it]mkl-2018.0.3         | 198.7 MB | :  96% 0.9574866627827658/1 [00:32<00:06, 164.47s/it]mkl-2018.0.3         | 198.7 MB | :  96% 0.958312402095494/1 [00:32<00:06, 157.22s/it] mkl-2018.0.3         | 198.7 MB | :  96% 0.9591283111783087/1 [00:33<00:06, 147.29s/it]mkl-2018.0.3         | 198.7 MB | :  96% 0.9599540504910368/1 [00:33<00:05, 140.75s/it]mkl-2018.0.3         | 198.7 MB | :  96% 0.960691317734544/1 [00:33<00:07, 184.38s/it] mkl-2018.0.3         | 198.7 MB | :  96% 0.9615563779669258/1 [00:33<00:06, 163.75s/it]mkl-2018.0.3         | 198.7 MB | :  96% 0.9622936452104331/1 [00:33<00:06, 162.85s/it]mkl-2018.0.3         | 198.7 MB | :  96% 0.9630800636035075/1 [00:33<00:05, 152.15s/it]mkl-2018.0.3         | 198.7 MB | :  96% 0.963935293605976/1 [00:33<00:05, 148.31s/it] mkl-2018.0.3         | 198.7 MB | :  96% 0.9646823910793966/1 [00:33<00:05, 151.31s/it]mkl-2018.0.3         | 198.7 MB | :  97% 0.9655966024613456/1 [00:34<00:04, 138.76s/it]mkl-2018.0.3         | 198.7 MB | :  97% 0.9663535301646797/1 [00:34<00:04, 138.17s/it]mkl-2018.0.3         | 198.7 MB | :  97% 0.9671104578680138/1 [00:34<00:04, 136.53s/it]mkl-2018.0.3         | 198.7 MB | :  97% 0.9678673855713479/1 [00:34<00:04, 136.93s/it]mkl-2018.0.3         | 198.7 MB | :  97% 0.9686144830447686/1 [00:34<00:04, 147.66s/it]mkl-2018.0.3         | 198.7 MB | :  97% 0.9693222595985356/1 [00:34<00:04, 146.09s/it]mkl-2018.0.3         | 198.7 MB | :  97% 0.9700791873018696/1 [00:34<00:04, 142.04s/it]mkl-2018.0.3         | 198.7 MB | :  97% 0.9708852661547709/1 [00:34<00:03, 136.78s/it]mkl-2018.0.3         | 198.7 MB | :  97% 0.9716323636281916/1 [00:35<00:05, 200.09s/it]mkl-2018.0.3         | 198.7 MB | :  97% 0.9722418378828243/1 [00:35<00:05, 195.50s/it]mkl-2018.0.3         | 198.7 MB | :  97% 0.97283165167763/1 [00:35<00:05, 188.77s/it]  mkl-2018.0.3         | 198.7 MB | :  97% 0.9734214654724358/1 [00:35<00:04, 186.17s/it]mkl-2018.0.3         | 198.7 MB | :  97% 0.9740014490373282/1 [00:35<00:04, 183.60s/it]mkl-2018.0.3         | 198.7 MB | :  97% 0.974728886050922/1 [00:35<00:04, 178.81s/it] mkl-2018.0.3         | 198.7 MB | :  98% 0.9754956439841695/1 [00:35<00:04, 165.35s/it]mkl-2018.0.3         | 198.7 MB | :  98% 0.9762525716875037/1 [00:35<00:03, 155.51s/it]mkl-2018.0.3         | 198.7 MB | :  98% 0.977038990080578/1 [00:35<00:03, 147.04s/it] mkl-2018.0.3         | 198.7 MB | :  98% 0.977746766634345/1 [00:35<00:03, 156.85s/it]mkl-2018.0.3         | 198.7 MB | :  98% 0.9784053920385448/1 [00:36<00:03, 158.58s/it]mkl-2018.0.3         | 198.7 MB | :  98% 0.9792016406615326/1 [00:36<00:03, 150.44s/it]mkl-2018.0.3         | 198.7 MB | :  98% 0.9800175497443473/1 [00:36<00:02, 143.53s/it]mkl-2018.0.3         | 198.7 MB | :  98% 0.9807351565280277/1 [00:36<00:02, 153.82s/it]mkl-2018.0.3         | 198.7 MB | :  98% 0.9814036121621409/1 [00:36<00:04, 255.13s/it]mkl-2018.0.3         | 198.7 MB | :  98% 0.9822588421646093/1 [00:36<00:03, 215.67s/it]mkl-2018.0.3         | 198.7 MB | :  98% 0.9829567884884629/1 [00:36<00:03, 194.96s/it]mkl-2018.0.3         | 198.7 MB | :  98% 0.9837038859618835/1 [00:37<00:02, 176.63s/it]mkl-2018.0.3         | 198.7 MB | :  98% 0.9845099648147848/1 [00:37<00:02, 160.94s/it]mkl-2018.0.3         | 198.7 MB | :  99% 0.9853357041275129/1 [00:37<00:02, 149.02s/it]mkl-2018.0.3         | 198.7 MB | :  99% 0.9862204248197216/1 [00:37<00:01, 138.26s/it]mkl-2018.0.3         | 198.7 MB | :  99% 0.987006843212796/1 [00:37<00:01, 135.26s/it] mkl-2018.0.3         | 198.7 MB | :  99% 0.9877932616058704/1 [00:37<00:01, 142.65s/it]mkl-2018.0.3         | 198.7 MB | :  99% 0.9885305288493776/1 [00:37<00:01, 143.18s/it]mkl-2018.0.3         | 198.7 MB | :  99% 0.9892579658629714/1 [00:37<00:01, 150.49s/it]mkl-2018.0.3         | 198.7 MB | :  99% 0.9899854028765653/1 [00:37<00:01, 146.87s/it]mkl-2018.0.3         | 198.7 MB | :  99% 0.9907226701200725/1 [00:38<00:01, 143.61s/it]mkl-2018.0.3         | 198.7 MB | :  99% 0.9914501071336663/1 [00:38<00:01, 141.98s/it]mkl-2018.0.3         | 198.7 MB | :  99% 0.9921677139173467/1 [00:38<00:01, 141.40s/it]mkl-2018.0.3         | 198.7 MB | :  99% 0.9928853207010271/1 [00:38<00:01, 146.71s/it]mkl-2018.0.3         | 198.7 MB | :  99% 0.9935734367949672/1 [00:38<00:01, 200.07s/it]mkl-2018.0.3         | 198.7 MB | :  99% 0.9941632505897731/1 [00:38<00:01, 191.17s/it]mkl-2018.0.3         | 198.7 MB | :  99% 0.9947432341546654/1 [00:38<00:00, 185.63s/it]mkl-2018.0.3         | 198.7 MB | : 100% 0.9953232177195577/1 [00:38<00:00, 182.90s/it]mkl-2018.0.3         | 198.7 MB | : 100% 0.9959032012844501/1 [00:38<00:00, 180.50s/it]mkl-2018.0.3         | 198.7 MB | : 100% 0.9965716569185633/1 [00:39<00:00, 176.70s/it]mkl-2018.0.3         | 198.7 MB | : 100% 0.9973089241620705/1 [00:39<00:00, 164.45s/it]mkl-2018.0.3         | 198.7 MB | : 100% 0.998095342555145/1 [00:39<00:00, 153.47s/it] mkl-2018.0.3         | 198.7 MB | : 100% 0.9989505725576133/1 [00:39<00:00, 142.65s/it]mkl-2018.0.3         | 198.7 MB | : 100% 0.9996780095712072/1 [00:39<00:00, 145.40s/it]mkl-2018.0.3         | 198.7 MB | : 100% 1.0/1 [00:39<00:00, 39.56s/it]                
pluggy-0.6.0         |   23 KB | :   0% 0/1 [00:00<?, ?it/s]pluggy-0.6.0         |   23 KB | : 100% 1.0/1 [00:00<00:00, 11.67it/s]
mkl_fft-1.0.1        |  140 KB | :   0% 0/1 [00:00<?, ?it/s]mkl_fft-1.0.1        |  140 KB | : 100% 1.0/1 [00:00<00:00, 21.63it/s]
libgfortran-ng-7.2.0 |  1.2 MB | :   0% 0/1 [00:00<?, ?it/s]libgfortran-ng-7.2.0 |  1.2 MB | :  84% 0.8413175171819984/1 [00:00<00:00,  7.12it/s]libgfortran-ng-7.2.0 |  1.2 MB | : 100% 1.0/1 [00:00<00:00,  3.63it/s]               
blas-1.0             |    6 KB | :   0% 0/1 [00:00<?, ?it/s]blas-1.0             |    6 KB | : 100% 1.0/1 [00:00<00:00, 54.85it/s]
py-1.5.3             |  135 KB | :   0% 0/1 [00:00<?, ?it/s]py-1.5.3             |  135 KB | : 100% 1.0/1 [00:00<00:00, 12.09it/s]
Preparing transaction: | / - \ | / done
Verifying transaction: \ | / - \ | / - \ | / - \ | / - \ | / - \ | / - \ | / - \ | / - \ | / - \ | / - \ | / - \ | / - \ | / - \ | / - \ | / - \ | / - \ done
Executing transaction: / - \ | / - \ | / - \ | done
#
# To activate this environment, use:
# > source activate testenv
#
# To deactivate an active environment, use:
# > source deactivate
#

Solving environment: - \ | / - \ | / - \ | / - \ | / - \ | / failed

PackagesNotFoundError: The following packages are missing from the target environment:
  - *


MKL not installed
Collecting pytest-timeout
  Downloading https://files.pythonhosted.org/packages/39/5e/8ff2e22a943d974299708eb5be2d0704e29eb0491f284e93d443f82e8567/pytest_timeout-1.3.0-py2.py3-none-any.whl
Collecting memory_profiler
  Downloading https://files.pythonhosted.org/packages/23/11/50a969d32a14cdec2cfd57bee2e67fd6f83715a04361ba230dbce562b9cb/memory_profiler-0.52.0.tar.gz
Collecting lz4
[?25l  Downloading https://files.pythonhosted.org/packages/34/a7/a117f5355b30736295ffa5e6da262ecae12705ca2a26d0987bb86ac55daa/lz4-2.0.0.tar.gz (125kB)
[K    8% |â–ˆâ–ˆâ–‹                             | 10kB 21.2MB/s eta 0:00:01[K    16% |â–ˆâ–ˆâ–ˆâ–ˆâ–ˆâ–                          | 20kB 24.8MB/s eta 0:00:01[K    24% |â–ˆâ–ˆâ–ˆâ–ˆâ–ˆâ–ˆâ–ˆâ–‰                        | 30kB 22.8MB/s eta 0:00:01[K    32% |â–ˆâ–ˆâ–ˆâ–ˆâ–ˆâ–ˆâ–ˆâ–ˆâ–ˆâ–ˆâ–                     | 40kB 14.0MB/s eta 0:00:01[K    40% |â–ˆâ–ˆâ–ˆâ–ˆâ–ˆâ–ˆâ–ˆâ–ˆâ–ˆâ–ˆâ–ˆâ–ˆâ–ˆ                   | 51kB 16.1MB/s eta 0:00:01[K    48% |â–ˆâ–ˆâ–ˆâ–ˆâ–ˆâ–ˆâ–ˆâ–ˆâ–ˆâ–ˆâ–ˆâ–ˆâ–ˆâ–ˆâ–ˆâ–‹                | 61kB 18.2MB/s eta 0:00:01[K    56% |â–ˆâ–ˆâ–ˆâ–ˆâ–ˆâ–ˆâ–ˆâ–ˆâ–ˆâ–ˆâ–ˆâ–ˆâ–ˆâ–ˆâ–ˆâ–ˆâ–ˆâ–ˆâ–             | 71kB 15.2MB/s eta 0:00:01[K    65% |â–ˆâ–ˆâ–ˆâ–ˆâ–ˆâ–ˆâ–ˆâ–ˆâ–ˆâ–ˆâ–ˆâ–ˆâ–ˆâ–ˆâ–ˆâ–ˆâ–ˆâ–ˆâ–ˆâ–ˆâ–‰           | 81kB 15.3MB/s eta 0:00:01[K    73% |â–ˆâ–ˆâ–ˆâ–ˆâ–ˆâ–ˆâ–ˆâ–ˆâ–ˆâ–ˆâ–ˆâ–ˆâ–ˆâ–ˆâ–ˆâ–ˆâ–ˆâ–ˆâ–ˆâ–ˆâ–ˆâ–ˆâ–ˆâ–        | 92kB 16.7MB/s eta 0:00:01[K    81% |â–ˆâ–ˆâ–ˆâ–ˆâ–ˆâ–ˆâ–ˆâ–ˆâ–ˆâ–ˆâ–ˆâ–ˆâ–ˆâ–ˆâ–ˆâ–ˆâ–ˆâ–ˆâ–ˆâ–ˆâ–ˆâ–ˆâ–ˆâ–ˆâ–ˆâ–ˆ      | 102kB 15.5MB/s eta 0:00:01[K    89% |â–ˆâ–ˆâ–ˆâ–ˆâ–ˆâ–ˆâ–ˆâ–ˆâ–ˆâ–ˆâ–ˆâ–ˆâ–ˆâ–ˆâ–ˆâ–ˆâ–ˆâ–ˆâ–ˆâ–ˆâ–ˆâ–ˆâ–ˆâ–ˆâ–ˆâ–ˆâ–ˆâ–ˆâ–‹   | 112kB 16.3MB/s eta 0:00:01[K    97% |â–ˆâ–ˆâ–ˆâ–ˆâ–ˆâ–ˆâ–ˆâ–ˆâ–ˆâ–ˆâ–ˆâ–ˆâ–ˆâ–ˆâ–ˆâ–ˆâ–ˆâ–ˆâ–ˆâ–ˆâ–ˆâ–ˆâ–ˆâ–ˆâ–ˆâ–ˆâ–ˆâ–ˆâ–ˆâ–ˆâ–ˆâ–Ž| 122kB 16.5MB/s eta 0:00:01[K    100% |â–ˆâ–ˆï¿½ï¿½ï¿½â–ˆâ–ˆâ–ˆâ–ˆâ–ˆâ–ˆâ–ˆâ–ˆâ–ˆâ–ˆâ–ˆâ–ˆâ–ˆâ–ˆâ–ˆâ–ˆâ–ˆâ–ˆâ–ˆâ–ˆâ–ˆâ–ˆâ–ˆâ–ˆâ–ˆâ–ˆâ–ˆâ–ˆâ–ˆ| 133kB 14.8MB/s 
[?25hCollecting pytest-cov
  Downloading https://files.pythonhosted.org/packages/30/7d/7f6a78ae44a1248ee28cc777586c18b28a1df903470e5d34a6e25712b8aa/pytest_cov-2.5.1-py2.py3-none-any.whl
Collecting codecov
  Downloading https://files.pythonhosted.org/packages/8b/28/4c1950a61c3c5786f0f34d643d0d28ec832433c9a7c0bd157690d4eb1d5f/codecov-2.0.15-py2.py3-none-any.whl
Requirement already satisfied: pytest>=3.6.0 in /home/travis/miniconda/envs/testenv/lib/python3.6/site-packages (from pytest-timeout) (3.6.1)
Collecting psutil (from memory_profiler)
[?25l  Downloading https://files.pythonhosted.org/packages/51/9e/0f8f5423ce28c9109807024f7bdde776ed0b1161de20b408875de7e030c3/psutil-5.4.6.tar.gz (418kB)
[K    2% |â–‰                               | 10kB 25.1MB/s eta 0:00:01[K    4% |â–ˆâ–‹                              | 20kB 28.9MB/s eta 0:00:01[K    7% |â–ˆâ–ˆâ–                             | 30kB 32.4MB/s eta 0:00:01[K    9% |â–ˆâ–ˆâ–ˆâ–                            | 40kB 34.0MB/s eta 0:00:01[K    12% |â–ˆâ–ˆâ–ˆâ–ˆ                            | 51kB 36.0MB/s eta 0:00:01[K    14% |â–ˆâ–ˆâ–ˆâ–ˆâ–Š                           | 61kB 38.3MB/s eta 0:00:01[K    17% |â–ˆâ–ˆâ–ˆâ–ˆâ–ˆâ–Œ                          | 71kB 39.7MB/s eta 0:00:01[K    19% |â–ˆâ–ˆâ–ˆâ–ˆâ–ˆâ–ˆâ–Ž                         | 81kB 41.5MB/s eta 0:00:01[K    22% |â–ˆâ–ˆâ–ˆâ–ˆâ–ˆâ–ˆâ–ˆ                         | 92kB 42.4MB/s eta 0:00:01[K    24% |â–ˆâ–ˆâ–ˆâ–ˆâ–ˆâ–ˆâ–ˆâ–‰                        | 102kB 39.5MB/s eta 0:00:01[K    26% |â–ˆâ–ˆâ–ˆâ–ˆâ–ˆâ–ˆâ–ˆâ–ˆâ–‹                       | 112kB 43.4MB/s eta 0:00:01[K    29% |â–ˆâ–ˆâ–ˆâ–ˆâ–ˆâ–ˆâ–ˆâ–ˆâ–ˆâ–                      | 122kB 45.4MB/s eta 0:00:01[K    31% |â–ˆâ–ˆâ–ˆâ–ˆâ–ˆâ–ˆâ–ˆâ–ˆâ–ˆâ–ˆâ–                     | 133kB 46.2MB/s eta 0:00:01[K    34% |â–ˆâ–ˆâ–ˆâ–ˆâ–ˆâ–ˆâ–ˆâ–ˆâ–ˆâ–ˆâ–ˆ                     | 143kB 48.1MB/s eta 0:00:01[K    36% |â–ˆâ–ˆâ–ˆâ–ˆâ–ˆâ–ˆâ–ˆâ–ˆâ–ˆâ–ˆâ–ˆâ–Š                    | 153kB 47.3MB/s eta 0:00:01[K    39% |â–ˆâ–ˆâ–ˆâ–ˆâ–ˆâ–ˆâ–ˆâ–ˆâ–ˆâ–ˆâ–ˆâ–ˆâ–Œ                   | 163kB 46.6MB/s eta 0:00:01[K    41% |â–ˆâ–ˆâ–ˆâ–ˆâ–ˆâ–ˆâ–ˆâ–ˆâ–ˆâ–ˆâ–ˆâ–ˆâ–ˆâ–Ž                  | 174kB 45.5MB/s eta 0:00:01[K    44% |ï¿½ï¿½ï¿½â–ˆâ–ˆâ–ˆâ–ˆâ–ˆâ–ˆâ–ˆâ–ˆâ–ˆâ–ˆâ–ˆâ–ˆâ–ˆ                  | 184kB 44.3MB/s eta 0:00:01[K    46% |â–ˆâ–ˆâ–ˆâ–ˆâ–ˆâ–ˆâ–ˆâ–ˆâ–ˆâ–ˆâ–ˆâ–ˆâ–ˆâ–ˆâ–ˆ                 | 194kB 44.1MB/s eta 0:00:01[K    48% |â–ˆâ–ˆâ–ˆâ–ˆâ–ˆâ–ˆâ–ˆâ–ˆâ–ˆâ–ˆâ–ˆâ–ˆâ–ˆâ–ˆâ–ˆâ–Š                | 204kB 48.2MB/s eta 0:00:01[K    51% |â–ˆâ–ˆâ–ˆâ–ˆâ–ˆâ–ˆâ–ˆâ–ˆâ–ˆâ–ˆâ–ˆâ–ˆâ–ˆâ–ˆâ–ˆâ–ˆâ–Œ               | 215kB 46.4MB/s eta 0:00:01[K    53% |â–ˆâ–ˆâ–ˆâ–ˆâ–ˆâ–ˆâ–ˆâ–ˆâ–ˆâ–ˆâ–ˆâ–ˆâ–ˆâ–ˆâ–ˆâ–ˆâ–ˆâ–Ž              | 225kB 45.9MB/s eta 0:00:01[K    56% |â–ˆâ–ˆâ–ˆâ–ˆâ–ˆâ–ˆâ–ˆâ–ˆâ–ˆâ–ˆâ–ˆâ–ˆâ–ˆâ–ˆâ–ˆâ–ˆâ–ˆâ–ˆ              | 235kB 41.6MB/s eta 0:00:01[K    58% |â–ˆâ–ˆâ–ˆâ–ˆâ–ˆâ–ˆâ–ˆâ–ˆâ–ˆâ–ˆâ–ˆâ–ˆâ–ˆâ–ˆâ–ˆâ–ˆâ–ˆâ–ˆâ–‰             | 245kB 41.2MB/s eta 0:00:01[K    61% |â–ˆâ–ˆâ–ˆâ–ˆâ–ˆâ–ˆâ–ˆâ–ˆâ–ˆâ–ˆâ–ˆâ–ˆâ–ˆâ–ˆâ–ˆâ–ˆâ–ˆâ–ˆâ–ˆâ–‹            | 256kB 41.2MB/s eta 0:00:01[K    63% |â–ˆâ–ˆâ–ˆâ–ˆâ–ˆâ–ˆâ–ˆâ–ˆâ–ˆâ–ˆâ–ˆâ–ˆâ–ˆâ–ˆâ–ˆâ–ˆâ–ˆâ–ˆâ–ˆâ–ˆâ–           | 266kB 40.7MB/s eta 0:00:01[K    66% |â–ˆâ–ˆâ–ˆâ–ˆâ–ˆâ–ˆâ–ˆâ–ˆâ–ˆâ–ˆâ–ˆâ–ˆâ–ˆâ–ˆâ–ˆâ–ˆâ–ˆâ–ˆâ–ˆâ–ˆâ–ˆâ–          | 276kB 41.3MB/s eta 0:00:01[K    68% |â–ˆâ–ˆâ–ˆâ–ˆâ–ˆâ–ˆâ–ˆâ–ˆâ–ˆâ–ˆâ–ˆâ–ˆâ–ˆâ–ˆâ–ˆâ–ˆâ–ˆâ–ˆâ–ˆâ–ˆâ–ˆâ–ˆ          | 286kB 41.4MB/s eta 0:00:01[K    71% |â–ˆâ–ˆâ–ˆâ–ˆâ–ˆâ–ˆâ–ˆâ–ˆâ–ˆâ–ˆâ–ˆâ–ˆâ–ˆâ–ˆâ–ˆâ–ˆâ–ˆâ–ˆâ–ˆâ–ˆâ–ˆâ–ˆâ–Š         | 296kB 40.9MB/s eta 0:00:01[K    73% |â–ˆâ–ˆâ–ˆâ–ˆâ–ˆâ–ˆâ–ˆâ–ˆâ–ˆâ–ˆâ–ˆâ–ˆâ–ˆâ–ˆâ–ˆâ–ˆâ–ˆâ–ˆâ–ˆâ–ˆâ–ˆâ–ˆâ–ˆâ–Œ        | 307kB 41.6MB/s eta 0:00:01[K    75% |â–ˆâ–ˆâ–ˆâ–ˆâ–ˆâ–ˆâ–ˆâ–ˆâ–ˆâ–ˆâ–ˆâ–ˆâ–ˆâ–ˆâ–ˆâ–ˆâ–ˆâ–ˆâ–ˆâ–ˆâ–ˆâ–ˆâ–ˆâ–ˆâ–Ž       | 317kB 41.9MB/s eta 0:00:01[K    78% |â–ˆâ–ˆâ–ˆâ–ˆâ–ˆâ–ˆâ–ˆâ–ˆâ–ˆâ–ˆâ–ˆâ–ˆâ–ˆâ–ˆâ–ˆâ–ˆâ–ˆâ–ˆâ–ˆâ–ˆâ–ˆâ–ˆâ–ˆâ–ˆâ–ˆ       | 327kB 40.2MB/s eta 0:00:01[K    80% |â–ˆâ–ˆâ–ˆâ–ˆâ–ˆâ–ˆâ–ˆâ–ˆâ–ˆâ–ˆâ–ˆâ–ˆâ–ˆâ–ˆâ–ˆâ–ˆâ–ˆâ–ˆâ–ˆâ–ˆâ–ˆâ–ˆâ–ˆâ–ˆâ–ˆâ–‰      | 337kB 44.2MB/s eta 0:00:01[K    83% |â–ˆâ–ˆâ–ˆâ–ˆâ–ˆâ–ˆâ–ˆâ–ˆâ–ˆâ–ˆâ–ˆâ–ˆâ–ˆâ–ˆâ–ˆâ–ˆâ–ˆâ–ˆâ–ˆâ–ˆâ–ˆâ–ˆâ–ˆâ–ˆâ–ˆâ–ˆâ–‹     | 348kB 43.1MB/s eta 0:00:01[K    85% |â–ˆâ–ˆâ–ˆâ–ˆâ–ˆâ–ˆâ–ˆâ–ˆâ–ˆâ–ˆâ–ˆâ–ˆâ–ˆâ–ˆâ–ˆâ–ˆâ–ˆâ–ˆâ–ˆâ–ˆâ–ˆâ–ˆâ–ˆâ–ˆâ–ˆâ–ˆâ–ˆâ–    | 358kB 44.4MB/s eta 0:00:01[K    88% |â–ˆâ–ˆâ–ˆâ–ˆâ–ˆâ–ˆâ–ˆâ–ˆâ–ˆâ–ˆâ–ˆâ–ˆâ–ˆâ–ˆâ–ˆâ–ˆâ–ˆâ–ˆâ–ˆâ–ˆâ–ˆâ–ˆâ–ˆâ–ˆâ–ˆâ–ˆâ–ˆâ–ˆâ–   | 368kB 44.4MB/s eta 0:00:01[K    90% |â–ˆâ–ˆâ–ˆâ–ˆâ–ˆâ–ˆâ–ˆâ–ˆâ–ˆâ–ˆâ–ˆâ–ˆâ–ˆâ–ˆâ–ˆâ–ˆâ–ˆâ–ˆâ–ˆâ–ˆâ–ˆâ–ˆâ–ˆâ–ˆâ–ˆâ–ˆâ–ˆâ–ˆâ–ˆ   | 378kB 44.3MB/s eta 0:00:01[K    93% |â–ˆâ–ˆâ–ˆâ–ˆâ–ˆâ–ˆâ–ˆâ–ˆâ–ˆâ–ˆâ–ˆâ–ˆâ–ˆâ–ˆâ–ˆâ–ˆâ–ˆâ–ˆâ–ˆâ–ˆâ–ˆâ–ˆâ–ˆâ–ˆâ–ˆâ–ˆâ–ˆâ–ˆâ–ˆâ–‰  | 389kB 43.8MB/s eta 0:00:01[K    95% |â–ˆâ–ˆâ–ˆâ–ˆâ–ˆâ–ˆâ–ˆâ–ˆâ–ˆâ–ˆâ–ˆâ–ˆâ–ˆâ–ˆâ–ˆâ–ˆâ–ˆâ–ˆâ–ˆâ–ˆâ–ˆâ–ˆâ–ˆâ–ˆâ–ˆâ–ˆâ–ˆâ–ˆâ–ˆâ–ˆâ–‹ | 399kB 39.8MB/s eta 0:00:01[K    97% |â–ˆâ–ˆâ–ˆâ–ˆâ–ˆâ–ˆâ–ˆâ–ˆâ–ˆâ–ˆâ–ˆâ–ˆâ–ˆâ–ˆâ–ˆâ–ˆâ–ˆâ–ˆâ–ˆâ–ˆâ–ˆâ–ˆâ–ˆâ–ˆâ–ˆâ–ˆâ–ˆâ–ˆâ–ˆâ–ˆâ–ˆâ–| 409kB 39.2MB/s eta 0:00:01[K    100% |â–ˆâ–ˆâ–ˆâ–ˆâ–ˆâ–ˆâ–ˆâ–ˆâ–ˆâ–ˆâ–ˆâ–ˆâ–ˆâ–ˆâ–ˆâ–ˆâ–ˆâ–ˆâ–ˆâ–ˆâ–ˆâ–ˆâ–ˆâ–ˆâ–ˆâ–ˆâ–ˆâ–ˆâ–ˆâ–ˆâ–ˆâ–ˆ| 419kB 25.8MB/s 
[?25hCollecting coverage>=3.7.1 (from pytest-cov)
[?25l  Downloading https://files.pythonhosted.org/packages/3d/a0/b12090c40e0b8196b973962ec71c1c541a6c04af58ba5ad85683b3de251a/coverage-4.5.1-cp36-cp36m-manylinux1_x86_64.whl (202kB)
[K    5% |â–ˆâ–‹                              | 10kB 26.6MB/s eta 0:00:01[K    10% |â–ˆâ–ˆâ–ˆâ–Ž                            | 20kB 31.7MB/s eta 0:00:01[K    15% |â–ˆâ–ˆâ–ˆâ–ˆâ–‰                           | 30kB 36.0MB/s eta 0:00:01[K    20% |â–ˆâ–ˆâ–ˆâ–ˆâ–ˆâ–ˆâ–Œ                         | 40kB 37.9MB/s eta 0:00:01[K    25% |â–ˆâ–ˆâ–ˆâ–ˆâ–ˆâ–ˆâ–ˆâ–ˆ                        | 51kB 38.5MB/s eta 0:00:01[K    30% |â–ˆâ–ˆâ–ˆâ–ˆâ–ˆâ–ˆâ–ˆâ–ˆâ–ˆâ–Š                      | 61kB 40.3MB/s eta 0:00:01[K    35% |â–ˆâ–ˆâ–ˆâ–ˆâ–ˆâ–ˆâ–ˆâ–ˆâ–ˆâ–ˆâ–ˆâ–Ž                    | 71kB 41.1MB/s eta 0:00:01[K    40% |â–ˆâ–ˆâ–ˆâ–ˆâ–ˆâ–ˆâ–ˆâ–ˆâ–ˆâ–ˆâ–ˆâ–ˆâ–ˆ                   | 81kB 41.5MB/s eta 0:00:01[K    45% |â–ˆâ–ˆâ–ˆâ–ˆâ–ˆâ–ˆâ–ˆâ–ˆâ–ˆâ–ˆâ–ˆâ–ˆâ–ˆâ–ˆâ–Œ                 | 92kB 41.9MB/s eta 0:00:01[K    50% |â–ˆâ–ˆâ–ˆâ–ˆâ–ˆâ–ˆâ–ˆâ–ˆâ–ˆâ–ˆâ–ˆâ–ˆâ–ˆâ–ˆâ–ˆâ–ˆâ–               | 102kB 42.0MB/s eta 0:00:01[K    55% |â–ˆâ–ˆâ–ˆâ–ˆâ–ˆâ–ˆâ–ˆâ–ˆâ–ˆâ–ˆâ–ˆâ–ˆâ–ˆâ–ˆâ–ˆâ–ˆâ–ˆâ–Š              | 112kB 45.1MB/s eta 0:00:01[K    60% |â–ˆâ–ˆâ–ˆâ–ˆâ–ˆâ–ˆâ–ˆâ–ˆâ–ˆâ–ˆâ–ˆâ–ˆâ–ˆâ–ˆâ–ˆâ–ˆâ–ˆâ–ˆâ–ˆâ–            | 122kB 45.5MB/s eta 0:00:01[K    65% |â–ˆâ–ˆâ–ˆâ–ˆâ–ˆâ–ˆâ–ˆâ–ˆâ–ˆâ–ˆâ–ˆâ–ˆâ–ˆâ–ˆâ–ˆâ–ˆâ–ˆâ–ˆâ–ˆâ–ˆâ–ˆ           | 133kB 45.1MB/s eta 0:00:01[K    70% |â–ˆâ–ˆâ–ˆâ–ˆâ–ˆâ–ˆâ–ˆâ–ˆâ–ˆâ–ˆâ–ˆâ–ˆâ–ˆâ–ˆâ–ˆâ–ˆâ–ˆâ–ˆâ–ˆâ–ˆâ–ˆâ–ˆâ–‹         | 143kB 45.9MB/s eta 0:00:01[K    75% |â–ˆâ–ˆâ–ˆâ–ˆâ–ˆâ–ˆâ–ˆâ–ˆâ–ˆâ–ˆâ–ˆâ–ˆâ–ˆâ–ˆâ–ˆâ–ˆâ–ˆâ–ˆâ–ˆâ–ˆâ–ˆâ–ˆâ–ˆâ–ˆâ–Ž       | 153kB 46.6MB/s eta 0:00:01[K    80% |â–ˆâ–ˆâ–ˆâ–ˆâ–ˆâ–ˆâ–ˆâ–ˆâ–ˆâ–ˆâ–ˆâ–ˆâ–ˆâ–ˆâ–ˆâ–ˆâ–ˆâ–ˆâ–ˆâ–ˆâ–ˆâ–ˆâ–ˆâ–ˆâ–ˆâ–‰      | 163kB 46.0MB/s eta 0:00:01[K    85% |â–ˆâ–ˆâ–ˆâ–ˆâ–ˆâ–ˆâ–ˆâ–ˆâ–ˆâ–ˆâ–ˆâ–ˆâ–ˆâ–ˆâ–ˆâ–ˆâ–ˆâ–ˆâ–ˆâ–ˆâ–ˆâ–ˆâ–ˆâ–ˆâ–ˆâ–ˆâ–ˆâ–Œ    | 174kB 46.5MB/s eta 0:00:01[K    90% |â–ˆâ–ˆâ–ˆâ–ˆâ–ˆâ–ˆâ–ˆâ–ˆâ–ˆâ–ˆâ–ˆâ–ˆâ–ˆâ–ˆâ–ˆâ–ˆâ–ˆâ–ˆâ–ˆâ–ˆâ–ˆâ–ˆâ–ˆâ–ˆâ–ˆâ–ˆâ–ˆâ–ˆâ–ˆ   | 184kB 46.9MB/s eta 0:00:01[K    95% |â–ˆâ–ˆâ–ˆâ–ˆâ–ˆâ–ˆâ–ˆâ–ˆâ–ˆâ–ˆâ–ˆâ–ˆâ–ˆâ–ˆâ–ˆâ–ˆâ–ˆâ–ˆâ–ˆâ–ˆâ–ˆâ–ˆâ–ˆâ–ˆâ–ˆâ–ˆâ–ˆâ–ˆâ–ˆâ–ˆâ–Š | 194kB 47.8MB/s eta 0:00:01[K    100% |â–ˆâ–ˆâ–ˆâ–ˆâ–ˆâ–ˆâ–ˆâ–ˆâ–ˆâ–ˆâ–ˆâ–ˆâ–ˆâ–ˆâ–ˆâ–ˆâ–ˆâ–ˆâ–ˆâ–ˆâ–ˆâ–ˆâ–ˆâ–ˆâ–ˆâ–ˆâ–ˆâ–ˆâ–ˆâ–ˆâ–ˆâ–ˆ| 204kB 31.1MB/s 
[?25hCollecting requests>=2.7.9 (from codecov)
[?25l  Downloading https://files.pythonhosted.org/packages/65/47/7e02164a2a3db50ed6d8a6ab1d6d60b69c4c3fdf57a284257925dfc12bda/requests-2.19.1-py2.py3-none-any.whl (91kB)
[K    11% |â–ˆâ–ˆâ–ˆâ–‹                            | 10kB 27.5MB/s eta 0:00:01[K    22% |â–ˆâ–ˆâ–ˆâ–ˆâ–ˆâ–ˆâ–ˆâ–                        | 20kB 30.7MB/s eta 0:00:01[K    33% |â–ˆâ–ˆâ–ˆâ–ˆâ–ˆâ–ˆâ–ˆâ–ˆâ–ˆâ–ˆâ–Š                     | 30kB 34.6MB/s eta 0:00:01[K    44% |â–ˆâ–ˆâ–ˆâ–ˆâ–ˆâ–ˆâ–ˆâ–ˆâ–ˆâ–ˆâ–ˆâ–ˆâ–ˆâ–ˆâ–Ž                 | 40kB 36.5MB/s eta 0:00:01[K    55% |â–ˆâ–ˆâ–ˆâ–ˆâ–ˆâ–ˆâ–ˆâ–ˆâ–ˆâ–ˆâ–ˆâ–ˆâ–ˆâ–ˆâ–ˆâ–ˆâ–ˆâ–‰              | 51kB 37.5MB/s eta 0:00:01[K    66% |â–ˆâ–ˆâ–ˆâ–ˆâ–ˆâ–ˆâ–ˆâ–ˆâ–ˆâ–ˆâ–ˆâ–ˆâ–ˆâ–ˆâ–ˆâ–ˆâ–ˆâ–ˆâ–ˆâ–ˆâ–ˆâ–          | 61kB 39.3MB/s eta 0:00:01[K    77% |â–ˆâ–ˆâ–ˆâ–ˆâ–ˆâ–ˆâ–ˆâ–ˆâ–ˆâ–ˆâ–ˆâ–ˆâ–ˆâ–ˆâ–ˆâ–ˆâ–ˆâ–ˆâ–ˆâ–ˆâ–ˆâ–ˆâ–ˆâ–ˆâ–ˆ       | 71kB 39.5MB/s eta 0:00:01[K    89% |â–ˆâ–ˆâ–ˆâ–ˆâ–ˆâ–ˆâ–ˆâ–ˆâ–ˆâ–ˆâ–ˆâ–ˆâ–ˆâ–ˆï¿½ï¿½ï¿½â–ˆâ–ˆâ–ˆâ–ˆâ–ˆâ–ˆâ–ˆâ–ˆâ–ˆâ–ˆâ–ˆâ–ˆâ–ˆâ–Œ   | 81kB 40.8MB/s eta 0:00:01[K    100% |â–ˆâ–ˆâ–ˆâ–ˆâ–ˆâ–ˆâ–ˆâ–ˆâ–ˆâ–ˆâ–ˆâ–ˆâ–ˆâ–ˆâ–ˆâ–ˆâ–ˆâ–ˆâ–ˆâ–ˆâ–ˆâ–ˆâ–ˆâ–ˆâ–ˆâ–ˆâ–ˆâ–ˆâ–ˆâ–ˆâ–ˆâ–ˆ| 92kB 28.9MB/s 
[?25hRequirement already satisfied: setuptools in /home/travis/miniconda/envs/testenv/lib/python3.6/site-packages (from pytest>=3.6.0->pytest-timeout) (39.2.0)
Requirement already satisfied: py>=1.5.0 in /home/travis/miniconda/envs/testenv/lib/python3.6/site-packages (from pytest>=3.6.0->pytest-timeout) (1.5.3)
Requirement already satisfied: pluggy<0.7,>=0.5 in /home/travis/miniconda/envs/testenv/lib/python3.6/site-packages (from pytest>=3.6.0->pytest-timeout) (0.6.0)
Requirement already satisfied: atomicwrites>=1.0 in /home/travis/miniconda/envs/testenv/lib/python3.6/site-packages (from pytest>=3.6.0->pytest-timeout) (1.1.5)
Requirement already satisfied: more-itertools>=4.0.0 in /home/travis/miniconda/envs/testenv/lib/python3.6/site-packages (from pytest>=3.6.0->pytest-timeout) (4.2.0)
Requirement already satisfied: attrs>=17.4.0 in /home/travis/miniconda/envs/testenv/lib/python3.6/site-packages (from pytest>=3.6.0->pytest-timeout) (18.1.0)
Requirement already satisfied: six>=1.10.0 in /home/travis/miniconda/envs/testenv/lib/python3.6/site-packages (from pytest>=3.6.0->pytest-timeout) (1.11.0)
Collecting urllib3<1.24,>=1.21.1 (from requests>=2.7.9->codecov)
[?25l  Downloading https://files.pythonhosted.org/packages/bd/c9/6fdd990019071a4a32a5e7cb78a1d92c53851ef4f56f62a3486e6a7d8ffb/urllib3-1.23-py2.py3-none-any.whl (133kB)
[K    7% |â–ˆâ–ˆâ–Œ                             | 10kB 29.0MB/s eta 0:00:01[K    15% |â–ˆï¿½ï¿½ï¿½â–ˆâ–ˆâ–ˆ                           | 20kB 33.2MB/s eta 0:00:01[K    23% |â–ˆâ–ˆâ–ˆâ–ˆâ–ˆâ–ˆâ–ˆâ–                        | 30kB 38.2MB/s eta 0:00:01[K    30% |â–ˆâ–ˆâ–ˆâ–ˆâ–ˆâ–ˆâ–ˆâ–ˆâ–ˆâ–‰                      | 40kB 40.6MB/s eta 0:00:01[K    38% |â–ˆâ–ˆâ–ˆâ–ˆâ–ˆâ–ˆâ–ˆâ–ˆâ–ˆâ–ˆâ–ˆâ–ˆâ–Ž                   | 51kB 41.5MB/s eta 0:00:01[K    46% |â–ˆâ–ˆâ–ˆâ–ˆâ–ˆâ–ˆâ–ˆâ–ˆâ–ˆâ–ˆâ–ˆâ–ˆâ–ˆâ–ˆâ–Š                 | 61kB 43.7MB/s eta 0:00:01[K    53% |â–ˆâ–ˆâ–ˆâ–ˆâ–ˆâ–ˆâ–ˆâ–ˆâ–ˆâ–ˆâ–ˆâ–ˆâ–ˆâ–ˆâ–ˆâ–ˆâ–ˆâ–              | 71kB 44.2MB/s eta 0:00:01[K    61% |â–ˆâ–ˆâ–ˆâ–ˆâ–ˆâ–ˆâ–ˆâ–ˆâ–ˆâ–ˆâ–ˆâ–ˆâ–ˆâ–ˆâ–ˆâ–ˆâ–ˆâ–ˆâ–ˆâ–‹            | 81kB 45.6MB/s eta 0:00:01[K    69% |â–ˆâ–ˆâ–ˆâ–ˆâ–ˆâ–ˆâ–ˆâ–ˆâ–ˆâ–ˆâ–ˆâ–ˆâ–ˆâ–ˆâ–ˆâ–ˆâ–ˆâ–ˆâ–ˆâ–ˆâ–ˆâ–ˆâ–         | 92kB 46.3MB/s eta 0:00:01[K    76% |â–ˆâ–ˆâ–ˆâ–ˆâ–ˆâ–ˆâ–ˆâ–ˆâ–ˆâ–ˆâ–ˆâ–ˆâ–ˆâ–ˆâ–ˆâ–ˆâ–ˆâ–ˆâ–ˆâ–ˆâ–ˆâ–ˆâ–ˆâ–ˆâ–‹       | 102kB 46.5MB/s eta 0:00:01[K    84% |â–ˆâ–ˆâ–ˆâ–ˆâ–ˆâ–ˆâ–ˆâ–ˆâ–ˆâ–ˆâ–ˆâ–ˆâ–ˆâ–ˆâ–ˆâ–ˆâ–ˆâ–ˆâ–ˆâ–ˆâ–ˆâ–ˆâ–ˆâ–ˆâ–ˆâ–ˆâ–ˆ     | 112kB 50.8MB/s eta 0:00:01[K    92% |â–ˆâ–ˆâ–ˆâ–ˆâ–ˆâ–ˆâ–ˆâ–ˆâ–ˆâ–ˆâ–ˆâ–ˆâ–ˆâ–ˆâ–ˆâ–ˆâ–ˆâ–ˆâ–ˆâ–ˆâ–ˆâ–ˆâ–ˆâ–ˆâ–ˆâ–ˆâ–ˆâ–ˆâ–ˆâ–Œ  | 122kB 52.6MB/s eta 0:00:01[K    99% |â–ˆâ–ˆâ–ˆâ–ˆâ–ˆâ–ˆâ–ˆâ–ˆâ–ˆâ–ˆâ–ˆâ–ˆâ–ˆâ–ˆâ–ˆâ–ˆâ–ˆâ–ˆâ–ˆâ–ˆâ–ˆâ–ˆâ–ˆâ–ˆâ–ˆâ–ˆâ–ˆâ–ˆâ–ˆâ–ˆâ–ˆâ–ˆ| 133kB 51.7MB/s eta 0:00:01[K    100% |â–ˆâ–ˆâ–ˆâ–ˆâ–ˆâ–ˆâ–ˆâ–ˆâ–ˆâ–ˆâ–ˆâ–ˆâ–ˆâ–ˆâ–ˆâ–ˆâ–ˆâ–ˆâ–ˆâ–ˆâ–ˆâ–ˆâ–ˆâ–ˆâ–ˆâ–ˆâ–ˆâ–ˆâ–ˆâ–ˆâ–ˆâ–ˆ| 143kB 36.5MB/s 
[?25hCollecting idna<2.8,>=2.5 (from requests>=2.7.9->codecov)
[?25l  Downloading https://files.pythonhosted.org/packages/4b/2a/0276479a4b3caeb8a8c1af2f8e4355746a97fab05a372e4a2c6a6b876165/idna-2.7-py2.py3-none-any.whl (58kB)
[K    17% |â–ˆâ–ˆâ–ˆâ–ˆâ–ˆâ–‹                          | 10kB 30.4MB/s eta 0:00:01[K    35% |â–ˆâ–ˆâ–ˆâ–ˆâ–ˆâ–ˆâ–ˆâ–ˆâ–ˆâ–ˆâ–ˆâ–Ž                    | 20kB 34.7MB/s eta 0:00:01[K    52% |â–ˆâ–ˆâ–ˆâ–ˆâ–ˆâ–ˆâ–ˆâ–ˆâ–ˆâ–ˆâ–ˆâ–ˆâ–ˆâ–ˆâ–ˆâ–ˆâ–‰               | 30kB 40.0MB/s eta 0:00:01[K    70% |â–ˆâ–ˆâ–ˆâ–ˆâ–ˆâ–ˆâ–ˆâ–ˆâ–ˆâ–ˆâ–ˆâ–ˆâ–ˆâ–ˆâ–ˆâ–ˆâ–ˆâ–ˆâ–ˆâ–ˆâ–ˆâ–ˆâ–Œ         | 40kB 42.0MB/s eta 0:00:01[K    87% |â–ˆâ–ˆâ–ˆâ–ˆâ–ˆâ–ˆâ–ˆâ–ˆâ–ˆâ–ˆâ–ˆâ–ˆâ–ˆâ–ˆâ–ˆâ–ˆâ–ˆâ–ˆâ–ˆâ–ˆâ–ˆâ–ˆâ–ˆâ–ˆâ–ˆâ–ˆâ–ˆâ–ˆâ–   | 51kB 43.7MB/s eta 0:00:01[K    100% |â–ˆâ–ˆâ–ˆâ–ˆâ–ˆâ–ˆâ–ˆâ–ˆâ–ˆâ–ˆâ–ˆâ–ˆâ–ˆâ–ˆâ–ˆâ–ˆâ–ˆâ–ˆâ–ˆâ–ˆâ–ˆâ–ˆâ–ˆâ–ˆâ–ˆâ–ˆâ–ˆâ–ˆâ–ˆâ–ˆâ–ˆâ–ˆ| 61kB 27.9MB/s 
[?25hCollecting chardet<3.1.0,>=3.0.2 (from requests>=2.7.9->codecov)
[?25l  Downloading https://files.pythonhosted.org/packages/bc/a9/01ffebfb562e4274b6487b4bb1ddec7ca55ec7510b22e4c51f14098443b8/chardet-3.0.4-py2.py3-none-any.whl (133kB)
[K    7% |â–ˆâ–ˆâ–Œ                             | 10kB 36.7MB/s eta 0:00:01[K    15% |â–ˆâ–ˆâ–ˆâ–ˆâ–ˆ                           | 20kB 38.5MB/s eta 0:00:01[K    23% |â–ˆâ–ˆâ–ˆâ–ˆâ–ˆâ–ˆâ–ˆâ–                        | 30kB 43.2MB/s eta 0:00:01[K    30% |â–ˆâ–ˆâ–ˆâ–ˆâ–ˆâ–ˆâ–ˆâ–ˆâ–ˆâ–‰                      | 40kB 44.9MB/s eta 0:00:01[K    38% |â–ˆâ–ˆâ–ˆâ–ˆâ–ˆâ–ˆâ–ˆâ–ˆâ–ˆâ–ˆâ–ˆâ–ˆâ–Ž                   | 51kB 45.7MB/s eta 0:00:01[K    46% |â–ˆâ–ˆâ–ˆâ–ˆâ–ˆâ–ˆâ–ˆâ–ˆâ–ˆâ–ˆâ–ˆâ–ˆâ–ˆâ–ˆâ–Š                 | 61kB 47.4MB/s eta 0:00:01[K    53% |â–ˆâ–ˆâ–ˆâ–ˆâ–ˆâ–ˆâ–ˆâ–ˆâ–ˆâ–ˆâ–ˆâ–ˆâ–ˆâ–ˆâ–ˆâ–ˆâ–ˆâ–              | 71kB 48.1MB/s eta 0:00:01[K    61% |â–ˆâ–ˆâ–ˆâ–ˆâ–ˆâ–ˆâ–ˆâ–ˆâ–ˆâ–ˆâ–ˆâ–ˆâ–ˆâ–ˆâ–ˆâ–ˆâ–ˆâ–ˆâ–ˆâ–‹            | 81kB 48.2MB/s eta 0:00:01[K    69% |â–ˆâ–ˆâ–ˆâ–ˆâ–ˆâ–ˆâ–ˆâ–ˆâ–ˆâ–ˆâ–ˆâ–ˆâ–ˆâ–ˆâ–ˆâ–ˆâ–ˆâ–ˆâ–ˆâ–ˆâ–ˆâ–ˆâ–         | 92kB 49.2MB/s eta 0:00:01[K    76% |â–ˆâ–ˆâ–ˆâ–ˆâ–ˆâ–ˆâ–ˆâ–ˆâ–ˆâ–ˆâ–ˆâ–ˆâ–ˆâ–ˆâ–ˆâ–ˆâ–ˆâ–ˆâ–ˆâ–ˆâ–ˆâ–ˆâ–ˆâ–ˆâ–‹       | 102kB 49.6MB/s eta 0:00:01[K    84% |â–ˆâ–ˆâ–ˆâ–ˆâ–ˆâ–ˆâ–ˆâ–ˆâ–ˆâ–ˆâ–ˆâ–ˆâ–ˆâ–ˆâ–ˆâ–ˆâ–ˆâ–ˆâ–ˆâ–ˆâ–ˆâ–ˆâ–ˆâ–ˆâ–ˆâ–ˆâ–ˆ     | 112kB 52.5MB/s eta 0:00:01[K    92% |â–ˆâ–ˆâ–ˆâ–ˆâ–ˆâ–ˆâ–ˆâ–ˆâ–ˆâ–ˆâ–ˆâ–ˆâ–ˆâ–ˆâ–ˆâ–ˆâ–ˆâ–ˆâ–ˆâ–ˆâ–ˆâ–ˆâ–ˆâ–ˆâ–ˆâ–ˆâ–ˆâ–ˆâ–ˆâ–Œ  | 122kB 54.2MB/s eta 0:00:01[K    99% |â–ˆâ–ˆâ–ˆâ–ˆâ–ˆâ–ˆâ–ˆâ–ˆâ–ˆâ–ˆâ–ˆâ–ˆâ–ˆâ–ˆâ–ˆâ–ˆâ–ˆâ–ˆâ–ˆâ–ˆâ–ˆâ–ˆâ–ˆâ–ˆâ–ˆâ–ˆâ–ˆâ–ˆâ–ˆâ–ˆâ–ˆâ–ˆ| 133kB 54.1MB/s eta 0:00:01[K    100% |â–ˆâ–ˆâ–ˆâ–ˆâ–ˆâ–ˆâ–ˆâ–ˆâ–ˆâ–ˆâ–ˆâ–ˆâ–ˆâ–ˆâ–ˆâ–ˆâ–ˆâ–ˆâ–ˆâ–ˆâ–ˆâ–ˆâ–ˆâ–ˆâ–ˆâ–ˆâ–ˆâ–ˆâ–ˆâ–ˆâ–ˆâ–ˆ| 143kB 37.8MB/s 
[?25hRequirement already satisfied: certifi>=2017.4.17 in /home/travis/miniconda/envs/testenv/lib/python3.6/site-packages (from requests>=2.7.9->codecov) (2018.4.16)
Building wheels for collected packages: memory-profiler, lz4, psutil
  Running setup.py bdist_wheel for memory-profiler ... [?25l- done
[?25h  Stored in directory: /home/travis/.cache/pip/wheels/9c/48/08/3c6ba85c04e580c1795fd02b7f5089272de7b952f382365301
  Running setup.py bdist_wheel for lz4 ... [?25l- \ | / - \ | / - \ | / done
[?25h  Stored in directory: /home/travis/.cache/pip/wheels/b1/11/c6/9d156a2d2a128cc2e01333bdca19b6908af0affdbd8c23e40d
  Running setup.py bdist_wheel for psutil ... [?25l- \ | / - done
[?25h  Stored in directory: /home/travis/.cache/pip/wheels/0a/61/aa/a6f8545fc2a5d4402e303832ed2ea02b046396049bc5f34008
Successfully built memory-profiler lz4 psutil
[31mmkl-random 1.0.1 requires cython, which is not installed.[0m
[31mmkl-fft 1.0.0 requires cython, which is not installed.[0m
Installing collected packages: pytest-timeout, psutil, memory-profiler, lz4, coverage, pytest-cov, urllib3, idna, chardet, requests, codecov
Successfully installed chardet-3.0.4 codecov-2.0.15 coverage-4.5.1 idna-2.7 lz4-2.0.0 memory-profiler-0.52.0 psutil-5.4.6 pytest-cov-2.5.1 pytest-timeout-1.3.0 requests-2.19.1 urllib3-1.23
running install
running build
running build_py
creating build
creating build/lib
creating build/lib/joblib
copying joblib/__init__.py -> build/lib/joblib
copying joblib/_compat.py -> build/lib/joblib
copying joblib/_memmapping_reducer.py -> build/lib/joblib
copying joblib/_memory_helpers.py -> build/lib/joblib
copying joblib/_multiprocessing_helpers.py -> build/lib/joblib
copying joblib/_store_backends.py -> build/lib/joblib
copying joblib/backports.py -> build/lib/joblib
copying joblib/compressor.py -> build/lib/joblib
copying joblib/disk.py -> build/lib/joblib
copying joblib/executor.py -> build/lib/joblib
copying joblib/format_stack.py -> build/lib/joblib
copying joblib/func_inspect.py -> build/lib/joblib
copying joblib/hashing.py -> build/lib/joblib
copying joblib/logger.py -> build/lib/joblib
copying joblib/memory.py -> build/lib/joblib
copying joblib/my_exceptions.py -> build/lib/joblib
copying joblib/numpy_pickle.py -> build/lib/joblib
copying joblib/numpy_pickle_compat.py -> build/lib/joblib
copying joblib/numpy_pickle_utils.py -> build/lib/joblib
copying joblib/parallel.py -> build/lib/joblib
copying joblib/pool.py -> build/lib/joblib
copying joblib/testing.py -> build/lib/joblib
copying joblib/_parallel_backends.py -> build/lib/joblib
creating build/lib/joblib/test
copying joblib/test/__init__.py -> build/lib/joblib/test
copying joblib/test/common.py -> build/lib/joblib/test
copying joblib/test/test_backports.py -> build/lib/joblib/test
copying joblib/test/test_disk.py -> build/lib/joblib/test
copying joblib/test/test_format_stack.py -> build/lib/joblib/test
copying joblib/test/test_func_inspect.py -> build/lib/joblib/test
copying joblib/test/test_func_inspect_special_encoding.py -> build/lib/joblib/test
copying joblib/test/test_hashing.py -> build/lib/joblib/test
copying joblib/test/test_logger.py -> build/lib/joblib/test
copying joblib/test/test_memmapping.py -> build/lib/joblib/test
copying joblib/test/test_memory.py -> build/lib/joblib/test
copying joblib/test/test_my_exceptions.py -> build/lib/joblib/test
copying joblib/test/test_numpy_pickle.py -> build/lib/joblib/test
copying joblib/test/test_numpy_pickle_compat.py -> build/lib/joblib/test
copying joblib/test/test_numpy_pickle_utils.py -> build/lib/joblib/test
copying joblib/test/test_testing.py -> build/lib/joblib/test
copying joblib/test/test_parallel.py -> build/lib/joblib/test
creating build/lib/joblib/test/data
copying joblib/test/data/__init__.py -> build/lib/joblib/test/data
copying joblib/test/data/create_numpy_pickle.py -> build/lib/joblib/test/data
creating build/lib/joblib/externals
copying joblib/externals/__init__.py -> build/lib/joblib/externals
creating build/lib/joblib/externals/cloudpickle
copying joblib/externals/cloudpickle/__init__.py -> build/lib/joblib/externals/cloudpickle
copying joblib/externals/cloudpickle/cloudpickle.py -> build/lib/joblib/externals/cloudpickle
creating build/lib/joblib/externals/loky
copying joblib/externals/loky/__init__.py -> build/lib/joblib/externals/loky
copying joblib/externals/loky/_base.py -> build/lib/joblib/externals/loky
copying joblib/externals/loky/process_executor.py -> build/lib/joblib/externals/loky
copying joblib/externals/loky/reusable_executor.py -> build/lib/joblib/externals/loky
creating build/lib/joblib/externals/loky/backend
copying joblib/externals/loky/backend/__init__.py -> build/lib/joblib/externals/loky/backend
copying joblib/externals/loky/backend/_posix_reduction.py -> build/lib/joblib/externals/loky/backend
copying joblib/externals/loky/backend/_posix_wait.py -> build/lib/joblib/externals/loky/backend
copying joblib/externals/loky/backend/_win_reduction.py -> build/lib/joblib/externals/loky/backend
copying joblib/externals/loky/backend/_win_wait.py -> build/lib/joblib/externals/loky/backend
copying joblib/externals/loky/backend/compat.py -> build/lib/joblib/externals/loky/backend
copying joblib/externals/loky/backend/compat_posix.py -> build/lib/joblib/externals/loky/backend
copying joblib/externals/loky/backend/compat_win32.py -> build/lib/joblib/externals/loky/backend
copying joblib/externals/loky/backend/context.py -> build/lib/joblib/externals/loky/backend
copying joblib/externals/loky/backend/fork_exec.py -> build/lib/joblib/externals/loky/backend
copying joblib/externals/loky/backend/managers.py -> build/lib/joblib/externals/loky/backend
copying joblib/externals/loky/backend/popen_loky_posix.py -> build/lib/joblib/externals/loky/backend
copying joblib/externals/loky/backend/popen_loky_win32.py -> build/lib/joblib/externals/loky/backend
copying joblib/externals/loky/backend/process.py -> build/lib/joblib/externals/loky/backend
copying joblib/externals/loky/backend/queues.py -> build/lib/joblib/externals/loky/backend
copying joblib/externals/loky/backend/reduction.py -> build/lib/joblib/externals/loky/backend
copying joblib/externals/loky/backend/semaphore_tracker.py -> build/lib/joblib/externals/loky/backend
copying joblib/externals/loky/backend/semlock.py -> build/lib/joblib/externals/loky/backend
copying joblib/externals/loky/backend/spawn.py -> build/lib/joblib/externals/loky/backend
copying joblib/externals/loky/backend/synchronize.py -> build/lib/joblib/externals/loky/backend
copying joblib/externals/loky/backend/utils.py -> build/lib/joblib/externals/loky/backend
copying joblib/test/data/joblib_0.10.0_compressed_pickle_py27_np16.gz -> build/lib/joblib/test/data
copying joblib/test/data/joblib_0.10.0_compressed_pickle_py27_np17.gz -> build/lib/joblib/test/data
copying joblib/test/data/joblib_0.10.0_compressed_pickle_py33_np18.gz -> build/lib/joblib/test/data
copying joblib/test/data/joblib_0.10.0_compressed_pickle_py34_np19.gz -> build/lib/joblib/test/data
copying joblib/test/data/joblib_0.10.0_compressed_pickle_py35_np19.gz -> build/lib/joblib/test/data
copying joblib/test/data/joblib_0.11.0_compressed_pickle_py36_np111.gz -> build/lib/joblib/test/data
copying joblib/test/data/joblib_0.8.4_compressed_pickle_py27_np17.gz -> build/lib/joblib/test/data
copying joblib/test/data/joblib_0.9.2_compressed_pickle_py27_np16.gz -> build/lib/joblib/test/data
copying joblib/test/data/joblib_0.9.2_compressed_pickle_py27_np17.gz -> build/lib/joblib/test/data
copying joblib/test/data/joblib_0.9.2_compressed_pickle_py34_np19.gz -> build/lib/joblib/test/data
copying joblib/test/data/joblib_0.9.2_compressed_pickle_py35_np19.gz -> build/lib/joblib/test/data
copying joblib/test/data/joblib_0.9.4.dev0_compressed_cache_size_pickle_py35_np19.gz -> build/lib/joblib/test/data
copying joblib/test/data/joblib_0.10.0_pickle_py27_np16.pkl.gzip -> build/lib/joblib/test/data
copying joblib/test/data/joblib_0.10.0_pickle_py27_np17.pkl.gzip -> build/lib/joblib/test/data
copying joblib/test/data/joblib_0.10.0_pickle_py33_np18.pkl.gzip -> build/lib/joblib/test/data
copying joblib/test/data/joblib_0.10.0_pickle_py34_np19.pkl.gzip -> build/lib/joblib/test/data
copying joblib/test/data/joblib_0.10.0_pickle_py35_np19.pkl.gzip -> build/lib/joblib/test/data
copying joblib/test/data/joblib_0.11.0_pickle_py36_np111.pkl.gzip -> build/lib/joblib/test/data
copying joblib/test/data/joblib_0.10.0_pickle_py27_np16.pkl.bz2 -> build/lib/joblib/test/data
copying joblib/test/data/joblib_0.10.0_pickle_py27_np17.pkl.bz2 -> build/lib/joblib/test/data
copying joblib/test/data/joblib_0.10.0_pickle_py33_np18.pkl.bz2 -> build/lib/joblib/test/data
copying joblib/test/data/joblib_0.10.0_pickle_py34_np19.pkl.bz2 -> build/lib/joblib/test/data
copying joblib/test/data/joblib_0.10.0_pickle_py35_np19.pkl.bz2 -> build/lib/joblib/test/data
copying joblib/test/data/joblib_0.11.0_pickle_py36_np111.pkl.bz2 -> build/lib/joblib/test/data
copying joblib/test/data/joblib_0.10.0_pickle_py27_np17.pkl.xz -> build/lib/joblib/test/data
copying joblib/test/data/joblib_0.10.0_pickle_py33_np18.pkl.xz -> build/lib/joblib/test/data
copying joblib/test/data/joblib_0.10.0_pickle_py34_np19.pkl.xz -> build/lib/joblib/test/data
copying joblib/test/data/joblib_0.10.0_pickle_py35_np19.pkl.xz -> build/lib/joblib/test/data
copying joblib/test/data/joblib_0.11.0_pickle_py36_np111.pkl.xz -> build/lib/joblib/test/data
copying joblib/test/data/joblib_0.10.0_pickle_py27_np17.pkl.lzma -> build/lib/joblib/test/data
copying joblib/test/data/joblib_0.10.0_pickle_py33_np18.pkl.lzma -> build/lib/joblib/test/data
copying joblib/test/data/joblib_0.10.0_pickle_py34_np19.pkl.lzma -> build/lib/joblib/test/data
copying joblib/test/data/joblib_0.10.0_pickle_py35_np19.pkl.lzma -> build/lib/joblib/test/data
copying joblib/test/data/joblib_0.11.0_pickle_py36_np111.pkl.lzma -> build/lib/joblib/test/data
copying joblib/test/data/joblib_0.10.0_pickle_py27_np16.pkl -> build/lib/joblib/test/data
copying joblib/test/data/joblib_0.10.0_pickle_py27_np17.pkl -> build/lib/joblib/test/data
copying joblib/test/data/joblib_0.10.0_pickle_py33_np18.pkl -> build/lib/joblib/test/data
copying joblib/test/data/joblib_0.10.0_pickle_py34_np19.pkl -> build/lib/joblib/test/data
copying joblib/test/data/joblib_0.10.0_pickle_py35_np19.pkl -> build/lib/joblib/test/data
copying joblib/test/data/joblib_0.11.0_pickle_py36_np111.pkl -> build/lib/joblib/test/data
copying joblib/test/data/joblib_0.9.2_pickle_py27_np16.pkl -> build/lib/joblib/test/data
copying joblib/test/data/joblib_0.9.2_pickle_py27_np17.pkl -> build/lib/joblib/test/data
copying joblib/test/data/joblib_0.9.2_pickle_py33_np18.pkl -> build/lib/joblib/test/data
copying joblib/test/data/joblib_0.9.2_pickle_py34_np19.pkl -> build/lib/joblib/test/data
copying joblib/test/data/joblib_0.9.2_pickle_py35_np19.pkl -> build/lib/joblib/test/data
copying joblib/test/data/joblib_0.9.2_pickle_py27_np16.pkl_01.npy -> build/lib/joblib/test/data
copying joblib/test/data/joblib_0.9.2_pickle_py27_np16.pkl_02.npy -> build/lib/joblib/test/data
copying joblib/test/data/joblib_0.9.2_pickle_py27_np16.pkl_03.npy -> build/lib/joblib/test/data
copying joblib/test/data/joblib_0.9.2_pickle_py27_np16.pkl_04.npy -> build/lib/joblib/test/data
copying joblib/test/data/joblib_0.9.2_pickle_py27_np17.pkl_01.npy -> build/lib/joblib/test/data
copying joblib/test/data/joblib_0.9.2_pickle_py27_np17.pkl_02.npy -> build/lib/joblib/test/data
copying joblib/test/data/joblib_0.9.2_pickle_py27_np17.pkl_03.npy -> build/lib/joblib/test/data
copying joblib/test/data/joblib_0.9.2_pickle_py27_np17.pkl_04.npy -> build/lib/joblib/test/data
copying joblib/test/data/joblib_0.9.2_pickle_py33_np18.pkl_01.npy -> build/lib/joblib/test/data
copying joblib/test/data/joblib_0.9.2_pickle_py33_np18.pkl_02.npy -> build/lib/joblib/test/data
copying joblib/test/data/joblib_0.9.2_pickle_py33_np18.pkl_03.npy -> build/lib/joblib/test/data
copying joblib/test/data/joblib_0.9.2_pickle_py33_np18.pkl_04.npy -> build/lib/joblib/test/data
copying joblib/test/data/joblib_0.9.2_pickle_py34_np19.pkl_01.npy -> build/lib/joblib/test/data
copying joblib/test/data/joblib_0.9.2_pickle_py34_np19.pkl_02.npy -> build/lib/joblib/test/data
copying joblib/test/data/joblib_0.9.2_pickle_py34_np19.pkl_03.npy -> build/lib/joblib/test/data
copying joblib/test/data/joblib_0.9.2_pickle_py34_np19.pkl_04.npy -> build/lib/joblib/test/data
copying joblib/test/data/joblib_0.9.2_pickle_py35_np19.pkl_01.npy -> build/lib/joblib/test/data
copying joblib/test/data/joblib_0.9.2_pickle_py35_np19.pkl_02.npy -> build/lib/joblib/test/data
copying joblib/test/data/joblib_0.9.2_pickle_py35_np19.pkl_03.npy -> build/lib/joblib/test/data
copying joblib/test/data/joblib_0.9.2_pickle_py35_np19.pkl_04.npy -> build/lib/joblib/test/data
copying joblib/test/data/joblib_0.9.4.dev0_compressed_cache_size_pickle_py35_np19.gz_01.npy.z -> build/lib/joblib/test/data
copying joblib/test/data/joblib_0.9.4.dev0_compressed_cache_size_pickle_py35_np19.gz_02.npy.z -> build/lib/joblib/test/data
copying joblib/test/data/joblib_0.9.4.dev0_compressed_cache_size_pickle_py35_np19.gz_03.npy.z -> build/lib/joblib/test/data
running install_lib
creating /home/travis/miniconda/envs/testenv/lib/python3.6/site-packages/joblib
copying build/lib/joblib/__init__.py -> /home/travis/miniconda/envs/testenv/lib/python3.6/site-packages/joblib
copying build/lib/joblib/_compat.py -> /home/travis/miniconda/envs/testenv/lib/python3.6/site-packages/joblib
copying build/lib/joblib/_memmapping_reducer.py -> /home/travis/miniconda/envs/testenv/lib/python3.6/site-packages/joblib
copying build/lib/joblib/_memory_helpers.py -> /home/travis/miniconda/envs/testenv/lib/python3.6/site-packages/joblib
copying build/lib/joblib/_multiprocessing_helpers.py -> /home/travis/miniconda/envs/testenv/lib/python3.6/site-packages/joblib
copying build/lib/joblib/_store_backends.py -> /home/travis/miniconda/envs/testenv/lib/python3.6/site-packages/joblib
copying build/lib/joblib/backports.py -> /home/travis/miniconda/envs/testenv/lib/python3.6/site-packages/joblib
copying build/lib/joblib/compressor.py -> /home/travis/miniconda/envs/testenv/lib/python3.6/site-packages/joblib
copying build/lib/joblib/disk.py -> /home/travis/miniconda/envs/testenv/lib/python3.6/site-packages/joblib
copying build/lib/joblib/executor.py -> /home/travis/miniconda/envs/testenv/lib/python3.6/site-packages/joblib
copying build/lib/joblib/format_stack.py -> /home/travis/miniconda/envs/testenv/lib/python3.6/site-packages/joblib
copying build/lib/joblib/func_inspect.py -> /home/travis/miniconda/envs/testenv/lib/python3.6/site-packages/joblib
copying build/lib/joblib/hashing.py -> /home/travis/miniconda/envs/testenv/lib/python3.6/site-packages/joblib
copying build/lib/joblib/logger.py -> /home/travis/miniconda/envs/testenv/lib/python3.6/site-packages/joblib
copying build/lib/joblib/memory.py -> /home/travis/miniconda/envs/testenv/lib/python3.6/site-packages/joblib
copying build/lib/joblib/my_exceptions.py -> /home/travis/miniconda/envs/testenv/lib/python3.6/site-packages/joblib
copying build/lib/joblib/numpy_pickle.py -> /home/travis/miniconda/envs/testenv/lib/python3.6/site-packages/joblib
copying build/lib/joblib/numpy_pickle_compat.py -> /home/travis/miniconda/envs/testenv/lib/python3.6/site-packages/joblib
copying build/lib/joblib/numpy_pickle_utils.py -> /home/travis/miniconda/envs/testenv/lib/python3.6/site-packages/joblib
copying build/lib/joblib/parallel.py -> /home/travis/miniconda/envs/testenv/lib/python3.6/site-packages/joblib
copying build/lib/joblib/pool.py -> /home/travis/miniconda/envs/testenv/lib/python3.6/site-packages/joblib
copying build/lib/joblib/testing.py -> /home/travis/miniconda/envs/testenv/lib/python3.6/site-packages/joblib
copying build/lib/joblib/_parallel_backends.py -> /home/travis/miniconda/envs/testenv/lib/python3.6/site-packages/joblib
creating /home/travis/miniconda/envs/testenv/lib/python3.6/site-packages/joblib/test
copying build/lib/joblib/test/__init__.py -> /home/travis/miniconda/envs/testenv/lib/python3.6/site-packages/joblib/test
copying build/lib/joblib/test/common.py -> /home/travis/miniconda/envs/testenv/lib/python3.6/site-packages/joblib/test
copying build/lib/joblib/test/test_backports.py -> /home/travis/miniconda/envs/testenv/lib/python3.6/site-packages/joblib/test
copying build/lib/joblib/test/test_disk.py -> /home/travis/miniconda/envs/testenv/lib/python3.6/site-packages/joblib/test
copying build/lib/joblib/test/test_format_stack.py -> /home/travis/miniconda/envs/testenv/lib/python3.6/site-packages/joblib/test
copying build/lib/joblib/test/test_func_inspect.py -> /home/travis/miniconda/envs/testenv/lib/python3.6/site-packages/joblib/test
copying build/lib/joblib/test/test_func_inspect_special_encoding.py -> /home/travis/miniconda/envs/testenv/lib/python3.6/site-packages/joblib/test
copying build/lib/joblib/test/test_hashing.py -> /home/travis/miniconda/envs/testenv/lib/python3.6/site-packages/joblib/test
copying build/lib/joblib/test/test_logger.py -> /home/travis/miniconda/envs/testenv/lib/python3.6/site-packages/joblib/test
copying build/lib/joblib/test/test_memmapping.py -> /home/travis/miniconda/envs/testenv/lib/python3.6/site-packages/joblib/test
copying build/lib/joblib/test/test_memory.py -> /home/travis/miniconda/envs/testenv/lib/python3.6/site-packages/joblib/test
copying build/lib/joblib/test/test_my_exceptions.py -> /home/travis/miniconda/envs/testenv/lib/python3.6/site-packages/joblib/test
copying build/lib/joblib/test/test_numpy_pickle.py -> /home/travis/miniconda/envs/testenv/lib/python3.6/site-packages/joblib/test
copying build/lib/joblib/test/test_numpy_pickle_compat.py -> /home/travis/miniconda/envs/testenv/lib/python3.6/site-packages/joblib/test
copying build/lib/joblib/test/test_numpy_pickle_utils.py -> /home/travis/miniconda/envs/testenv/lib/python3.6/site-packages/joblib/test
copying build/lib/joblib/test/test_testing.py -> /home/travis/miniconda/envs/testenv/lib/python3.6/site-packages/joblib/test
copying build/lib/joblib/test/test_parallel.py -> /home/travis/miniconda/envs/testenv/lib/python3.6/site-packages/joblib/test
creating /home/travis/miniconda/envs/testenv/lib/python3.6/site-packages/joblib/test/data
copying build/lib/joblib/test/data/__init__.py -> /home/travis/miniconda/envs/testenv/lib/python3.6/site-packages/joblib/test/data
copying build/lib/joblib/test/data/create_numpy_pickle.py -> /home/travis/miniconda/envs/testenv/lib/python3.6/site-packages/joblib/test/data
copying build/lib/joblib/test/data/joblib_0.10.0_compressed_pickle_py27_np16.gz -> /home/travis/miniconda/envs/testenv/lib/python3.6/site-packages/joblib/test/data
copying build/lib/joblib/test/data/joblib_0.10.0_compressed_pickle_py27_np17.gz -> /home/travis/miniconda/envs/testenv/lib/python3.6/site-packages/joblib/test/data
copying build/lib/joblib/test/data/joblib_0.10.0_compressed_pickle_py33_np18.gz -> /home/travis/miniconda/envs/testenv/lib/python3.6/site-packages/joblib/test/data
copying build/lib/joblib/test/data/joblib_0.10.0_compressed_pickle_py34_np19.gz -> /home/travis/miniconda/envs/testenv/lib/python3.6/site-packages/joblib/test/data
copying build/lib/joblib/test/data/joblib_0.10.0_compressed_pickle_py35_np19.gz -> /home/travis/miniconda/envs/testenv/lib/python3.6/site-packages/joblib/test/data
copying build/lib/joblib/test/data/joblib_0.11.0_compressed_pickle_py36_np111.gz -> /home/travis/miniconda/envs/testenv/lib/python3.6/site-packages/joblib/test/data
copying build/lib/joblib/test/data/joblib_0.8.4_compressed_pickle_py27_np17.gz -> /home/travis/miniconda/envs/testenv/lib/python3.6/site-packages/joblib/test/data
copying build/lib/joblib/test/data/joblib_0.9.2_compressed_pickle_py27_np16.gz -> /home/travis/miniconda/envs/testenv/lib/python3.6/site-packages/joblib/test/data
copying build/lib/joblib/test/data/joblib_0.9.2_compressed_pickle_py27_np17.gz -> /home/travis/miniconda/envs/testenv/lib/python3.6/site-packages/joblib/test/data
copying build/lib/joblib/test/data/joblib_0.9.2_compressed_pickle_py34_np19.gz -> /home/travis/miniconda/envs/testenv/lib/python3.6/site-packages/joblib/test/data
copying build/lib/joblib/test/data/joblib_0.9.2_compressed_pickle_py35_np19.gz -> /home/travis/miniconda/envs/testenv/lib/python3.6/site-packages/joblib/test/data
copying build/lib/joblib/test/data/joblib_0.9.4.dev0_compressed_cache_size_pickle_py35_np19.gz -> /home/travis/miniconda/envs/testenv/lib/python3.6/site-packages/joblib/test/data
copying build/lib/joblib/test/data/joblib_0.10.0_pickle_py27_np16.pkl.gzip -> /home/travis/miniconda/envs/testenv/lib/python3.6/site-packages/joblib/test/data
copying build/lib/joblib/test/data/joblib_0.10.0_pickle_py27_np17.pkl.gzip -> /home/travis/miniconda/envs/testenv/lib/python3.6/site-packages/joblib/test/data
copying build/lib/joblib/test/data/joblib_0.10.0_pickle_py33_np18.pkl.gzip -> /home/travis/miniconda/envs/testenv/lib/python3.6/site-packages/joblib/test/data
copying build/lib/joblib/test/data/joblib_0.10.0_pickle_py34_np19.pkl.gzip -> /home/travis/miniconda/envs/testenv/lib/python3.6/site-packages/joblib/test/data
copying build/lib/joblib/test/data/joblib_0.10.0_pickle_py35_np19.pkl.gzip -> /home/travis/miniconda/envs/testenv/lib/python3.6/site-packages/joblib/test/data
copying build/lib/joblib/test/data/joblib_0.11.0_pickle_py36_np111.pkl.gzip -> /home/travis/miniconda/envs/testenv/lib/python3.6/site-packages/joblib/test/data
copying build/lib/joblib/test/data/joblib_0.10.0_pickle_py27_np16.pkl.bz2 -> /home/travis/miniconda/envs/testenv/lib/python3.6/site-packages/joblib/test/data
copying build/lib/joblib/test/data/joblib_0.10.0_pickle_py27_np17.pkl.bz2 -> /home/travis/miniconda/envs/testenv/lib/python3.6/site-packages/joblib/test/data
copying build/lib/joblib/test/data/joblib_0.10.0_pickle_py33_np18.pkl.bz2 -> /home/travis/miniconda/envs/testenv/lib/python3.6/site-packages/joblib/test/data
copying build/lib/joblib/test/data/joblib_0.10.0_pickle_py34_np19.pkl.bz2 -> /home/travis/miniconda/envs/testenv/lib/python3.6/site-packages/joblib/test/data
copying build/lib/joblib/test/data/joblib_0.10.0_pickle_py35_np19.pkl.bz2 -> /home/travis/miniconda/envs/testenv/lib/python3.6/site-packages/joblib/test/data
copying build/lib/joblib/test/data/joblib_0.11.0_pickle_py36_np111.pkl.bz2 -> /home/travis/miniconda/envs/testenv/lib/python3.6/site-packages/joblib/test/data
copying build/lib/joblib/test/data/joblib_0.10.0_pickle_py27_np17.pkl.xz -> /home/travis/miniconda/envs/testenv/lib/python3.6/site-packages/joblib/test/data
copying build/lib/joblib/test/data/joblib_0.10.0_pickle_py33_np18.pkl.xz -> /home/travis/miniconda/envs/testenv/lib/python3.6/site-packages/joblib/test/data
copying build/lib/joblib/test/data/joblib_0.10.0_pickle_py34_np19.pkl.xz -> /home/travis/miniconda/envs/testenv/lib/python3.6/site-packages/joblib/test/data
copying build/lib/joblib/test/data/joblib_0.10.0_pickle_py35_np19.pkl.xz -> /home/travis/miniconda/envs/testenv/lib/python3.6/site-packages/joblib/test/data
copying build/lib/joblib/test/data/joblib_0.11.0_pickle_py36_np111.pkl.xz -> /home/travis/miniconda/envs/testenv/lib/python3.6/site-packages/joblib/test/data
copying build/lib/joblib/test/data/joblib_0.10.0_pickle_py27_np17.pkl.lzma -> /home/travis/miniconda/envs/testenv/lib/python3.6/site-packages/joblib/test/data
copying build/lib/joblib/test/data/joblib_0.10.0_pickle_py33_np18.pkl.lzma -> /home/travis/miniconda/envs/testenv/lib/python3.6/site-packages/joblib/test/data
copying build/lib/joblib/test/data/joblib_0.10.0_pickle_py34_np19.pkl.lzma -> /home/travis/miniconda/envs/testenv/lib/python3.6/site-packages/joblib/test/data
copying build/lib/joblib/test/data/joblib_0.10.0_pickle_py35_np19.pkl.lzma -> /home/travis/miniconda/envs/testenv/lib/python3.6/site-packages/joblib/test/data
copying build/lib/joblib/test/data/joblib_0.11.0_pickle_py36_np111.pkl.lzma -> /home/travis/miniconda/envs/testenv/lib/python3.6/site-packages/joblib/test/data
copying build/lib/joblib/test/data/joblib_0.10.0_pickle_py27_np16.pkl -> /home/travis/miniconda/envs/testenv/lib/python3.6/site-packages/joblib/test/data
copying build/lib/joblib/test/data/joblib_0.10.0_pickle_py27_np17.pkl -> /home/travis/miniconda/envs/testenv/lib/python3.6/site-packages/joblib/test/data
copying build/lib/joblib/test/data/joblib_0.10.0_pickle_py33_np18.pkl -> /home/travis/miniconda/envs/testenv/lib/python3.6/site-packages/joblib/test/data
copying build/lib/joblib/test/data/joblib_0.10.0_pickle_py34_np19.pkl -> /home/travis/miniconda/envs/testenv/lib/python3.6/site-packages/joblib/test/data
copying build/lib/joblib/test/data/joblib_0.10.0_pickle_py35_np19.pkl -> /home/travis/miniconda/envs/testenv/lib/python3.6/site-packages/joblib/test/data
copying build/lib/joblib/test/data/joblib_0.11.0_pickle_py36_np111.pkl -> /home/travis/miniconda/envs/testenv/lib/python3.6/site-packages/joblib/test/data
copying build/lib/joblib/test/data/joblib_0.9.2_pickle_py27_np16.pkl -> /home/travis/miniconda/envs/testenv/lib/python3.6/site-packages/joblib/test/data
copying build/lib/joblib/test/data/joblib_0.9.2_pickle_py27_np17.pkl -> /home/travis/miniconda/envs/testenv/lib/python3.6/site-packages/joblib/test/data
copying build/lib/joblib/test/data/joblib_0.9.2_pickle_py33_np18.pkl -> /home/travis/miniconda/envs/testenv/lib/python3.6/site-packages/joblib/test/data
copying build/lib/joblib/test/data/joblib_0.9.2_pickle_py34_np19.pkl -> /home/travis/miniconda/envs/testenv/lib/python3.6/site-packages/joblib/test/data
copying build/lib/joblib/test/data/joblib_0.9.2_pickle_py35_np19.pkl -> /home/travis/miniconda/envs/testenv/lib/python3.6/site-packages/joblib/test/data
copying build/lib/joblib/test/data/joblib_0.9.2_pickle_py27_np16.pkl_01.npy -> /home/travis/miniconda/envs/testenv/lib/python3.6/site-packages/joblib/test/data
copying build/lib/joblib/test/data/joblib_0.9.2_pickle_py27_np16.pkl_02.npy -> /home/travis/miniconda/envs/testenv/lib/python3.6/site-packages/joblib/test/data
copying build/lib/joblib/test/data/joblib_0.9.2_pickle_py27_np16.pkl_03.npy -> /home/travis/miniconda/envs/testenv/lib/python3.6/site-packages/joblib/test/data
copying build/lib/joblib/test/data/joblib_0.9.2_pickle_py27_np16.pkl_04.npy -> /home/travis/miniconda/envs/testenv/lib/python3.6/site-packages/joblib/test/data
copying build/lib/joblib/test/data/joblib_0.9.2_pickle_py27_np17.pkl_01.npy -> /home/travis/miniconda/envs/testenv/lib/python3.6/site-packages/joblib/test/data
copying build/lib/joblib/test/data/joblib_0.9.2_pickle_py27_np17.pkl_02.npy -> /home/travis/miniconda/envs/testenv/lib/python3.6/site-packages/joblib/test/data
copying build/lib/joblib/test/data/joblib_0.9.2_pickle_py27_np17.pkl_03.npy -> /home/travis/miniconda/envs/testenv/lib/python3.6/site-packages/joblib/test/data
copying build/lib/joblib/test/data/joblib_0.9.2_pickle_py27_np17.pkl_04.npy -> /home/travis/miniconda/envs/testenv/lib/python3.6/site-packages/joblib/test/data
copying build/lib/joblib/test/data/joblib_0.9.2_pickle_py33_np18.pkl_01.npy -> /home/travis/miniconda/envs/testenv/lib/python3.6/site-packages/joblib/test/data
copying build/lib/joblib/test/data/joblib_0.9.2_pickle_py33_np18.pkl_02.npy -> /home/travis/miniconda/envs/testenv/lib/python3.6/site-packages/joblib/test/data
copying build/lib/joblib/test/data/joblib_0.9.2_pickle_py33_np18.pkl_03.npy -> /home/travis/miniconda/envs/testenv/lib/python3.6/site-packages/joblib/test/data
copying build/lib/joblib/test/data/joblib_0.9.2_pickle_py33_np18.pkl_04.npy -> /home/travis/miniconda/envs/testenv/lib/python3.6/site-packages/joblib/test/data
copying build/lib/joblib/test/data/joblib_0.9.2_pickle_py34_np19.pkl_01.npy -> /home/travis/miniconda/envs/testenv/lib/python3.6/site-packages/joblib/test/data
copying build/lib/joblib/test/data/joblib_0.9.2_pickle_py34_np19.pkl_02.npy -> /home/travis/miniconda/envs/testenv/lib/python3.6/site-packages/joblib/test/data
copying build/lib/joblib/test/data/joblib_0.9.2_pickle_py34_np19.pkl_03.npy -> /home/travis/miniconda/envs/testenv/lib/python3.6/site-packages/joblib/test/data
copying build/lib/joblib/test/data/joblib_0.9.2_pickle_py34_np19.pkl_04.npy -> /home/travis/miniconda/envs/testenv/lib/python3.6/site-packages/joblib/test/data
copying build/lib/joblib/test/data/joblib_0.9.2_pickle_py35_np19.pkl_01.npy -> /home/travis/miniconda/envs/testenv/lib/python3.6/site-packages/joblib/test/data
copying build/lib/joblib/test/data/joblib_0.9.2_pickle_py35_np19.pkl_02.npy -> /home/travis/miniconda/envs/testenv/lib/python3.6/site-packages/joblib/test/data
copying build/lib/joblib/test/data/joblib_0.9.2_pickle_py35_np19.pkl_03.npy -> /home/travis/miniconda/envs/testenv/lib/python3.6/site-packages/joblib/test/data
copying build/lib/joblib/test/data/joblib_0.9.2_pickle_py35_np19.pkl_04.npy -> /home/travis/miniconda/envs/testenv/lib/python3.6/site-packages/joblib/test/data
copying build/lib/joblib/test/data/joblib_0.9.4.dev0_compressed_cache_size_pickle_py35_np19.gz_01.npy.z -> /home/travis/miniconda/envs/testenv/lib/python3.6/site-packages/joblib/test/data
copying build/lib/joblib/test/data/joblib_0.9.4.dev0_compressed_cache_size_pickle_py35_np19.gz_02.npy.z -> /home/travis/miniconda/envs/testenv/lib/python3.6/site-packages/joblib/test/data
copying build/lib/joblib/test/data/joblib_0.9.4.dev0_compressed_cache_size_pickle_py35_np19.gz_03.npy.z -> /home/travis/miniconda/envs/testenv/lib/python3.6/site-packages/joblib/test/data
creating /home/travis/miniconda/envs/testenv/lib/python3.6/site-packages/joblib/externals
copying build/lib/joblib/externals/__init__.py -> /home/travis/miniconda/envs/testenv/lib/python3.6/site-packages/joblib/externals
creating /home/travis/miniconda/envs/testenv/lib/python3.6/site-packages/joblib/externals/cloudpickle
copying build/lib/joblib/externals/cloudpickle/__init__.py -> /home/travis/miniconda/envs/testenv/lib/python3.6/site-packages/joblib/externals/cloudpickle
copying build/lib/joblib/externals/cloudpickle/cloudpickle.py -> /home/travis/miniconda/envs/testenv/lib/python3.6/site-packages/joblib/externals/cloudpickle
creating /home/travis/miniconda/envs/testenv/lib/python3.6/site-packages/joblib/externals/loky
copying build/lib/joblib/externals/loky/__init__.py -> /home/travis/miniconda/envs/testenv/lib/python3.6/site-packages/joblib/externals/loky
copying build/lib/joblib/externals/loky/_base.py -> /home/travis/miniconda/envs/testenv/lib/python3.6/site-packages/joblib/externals/loky
copying build/lib/joblib/externals/loky/process_executor.py -> /home/travis/miniconda/envs/testenv/lib/python3.6/site-packages/joblib/externals/loky
copying build/lib/joblib/externals/loky/reusable_executor.py -> /home/travis/miniconda/envs/testenv/lib/python3.6/site-packages/joblib/externals/loky
creating /home/travis/miniconda/envs/testenv/lib/python3.6/site-packages/joblib/externals/loky/backend
copying build/lib/joblib/externals/loky/backend/__init__.py -> /home/travis/miniconda/envs/testenv/lib/python3.6/site-packages/joblib/externals/loky/backend
copying build/lib/joblib/externals/loky/backend/_posix_reduction.py -> /home/travis/miniconda/envs/testenv/lib/python3.6/site-packages/joblib/externals/loky/backend
copying build/lib/joblib/externals/loky/backend/_posix_wait.py -> /home/travis/miniconda/envs/testenv/lib/python3.6/site-packages/joblib/externals/loky/backend
copying build/lib/joblib/externals/loky/backend/_win_reduction.py -> /home/travis/miniconda/envs/testenv/lib/python3.6/site-packages/joblib/externals/loky/backend
copying build/lib/joblib/externals/loky/backend/_win_wait.py -> /home/travis/miniconda/envs/testenv/lib/python3.6/site-packages/joblib/externals/loky/backend
copying build/lib/joblib/externals/loky/backend/compat.py -> /home/travis/miniconda/envs/testenv/lib/python3.6/site-packages/joblib/externals/loky/backend
copying build/lib/joblib/externals/loky/backend/compat_posix.py -> /home/travis/miniconda/envs/testenv/lib/python3.6/site-packages/joblib/externals/loky/backend
copying build/lib/joblib/externals/loky/backend/compat_win32.py -> /home/travis/miniconda/envs/testenv/lib/python3.6/site-packages/joblib/externals/loky/backend
copying build/lib/joblib/externals/loky/backend/context.py -> /home/travis/miniconda/envs/testenv/lib/python3.6/site-packages/joblib/externals/loky/backend
copying build/lib/joblib/externals/loky/backend/fork_exec.py -> /home/travis/miniconda/envs/testenv/lib/python3.6/site-packages/joblib/externals/loky/backend
copying build/lib/joblib/externals/loky/backend/managers.py -> /home/travis/miniconda/envs/testenv/lib/python3.6/site-packages/joblib/externals/loky/backend
copying build/lib/joblib/externals/loky/backend/popen_loky_posix.py -> /home/travis/miniconda/envs/testenv/lib/python3.6/site-packages/joblib/externals/loky/backend
copying build/lib/joblib/externals/loky/backend/popen_loky_win32.py -> /home/travis/miniconda/envs/testenv/lib/python3.6/site-packages/joblib/externals/loky/backend
copying build/lib/joblib/externals/loky/backend/process.py -> /home/travis/miniconda/envs/testenv/lib/python3.6/site-packages/joblib/externals/loky/backend
copying build/lib/joblib/externals/loky/backend/queues.py -> /home/travis/miniconda/envs/testenv/lib/python3.6/site-packages/joblib/externals/loky/backend
copying build/lib/joblib/externals/loky/backend/reduction.py -> /home/travis/miniconda/envs/testenv/lib/python3.6/site-packages/joblib/externals/loky/backend
copying build/lib/joblib/externals/loky/backend/semaphore_tracker.py -> /home/travis/miniconda/envs/testenv/lib/python3.6/site-packages/joblib/externals/loky/backend
copying build/lib/joblib/externals/loky/backend/semlock.py -> /home/travis/miniconda/envs/testenv/lib/python3.6/site-packages/joblib/externals/loky/backend
copying build/lib/joblib/externals/loky/backend/spawn.py -> /home/travis/miniconda/envs/testenv/lib/python3.6/site-packages/joblib/externals/loky/backend
copying build/lib/joblib/externals/loky/backend/synchronize.py -> /home/travis/miniconda/envs/testenv/lib/python3.6/site-packages/joblib/externals/loky/backend
copying build/lib/joblib/externals/loky/backend/utils.py -> /home/travis/miniconda/envs/testenv/lib/python3.6/site-packages/joblib/externals/loky/backend
byte-compiling /home/travis/miniconda/envs/testenv/lib/python3.6/site-packages/joblib/__init__.py to __init__.cpython-36.pyc
byte-compiling /home/travis/miniconda/envs/testenv/lib/python3.6/site-packages/joblib/_compat.py to _compat.cpython-36.pyc
byte-compiling /home/travis/miniconda/envs/testenv/lib/python3.6/site-packages/joblib/_memmapping_reducer.py to _memmapping_reducer.cpython-36.pyc
byte-compiling /home/travis/miniconda/envs/testenv/lib/python3.6/site-packages/joblib/_memory_helpers.py to _memory_helpers.cpython-36.pyc
byte-compiling /home/travis/miniconda/envs/testenv/lib/python3.6/site-packages/joblib/_multiprocessing_helpers.py to _multiprocessing_helpers.cpython-36.pyc
byte-compiling /home/travis/miniconda/envs/testenv/lib/python3.6/site-packages/joblib/_store_backends.py to _store_backends.cpython-36.pyc
byte-compiling /home/travis/miniconda/envs/testenv/lib/python3.6/site-packages/joblib/backports.py to backports.cpython-36.pyc
byte-compiling /home/travis/miniconda/envs/testenv/lib/python3.6/site-packages/joblib/compressor.py to compressor.cpython-36.pyc
byte-compiling /home/travis/miniconda/envs/testenv/lib/python3.6/site-packages/joblib/disk.py to disk.cpython-36.pyc
byte-compiling /home/travis/miniconda/envs/testenv/lib/python3.6/site-packages/joblib/executor.py to executor.cpython-36.pyc
byte-compiling /home/travis/miniconda/envs/testenv/lib/python3.6/site-packages/joblib/format_stack.py to format_stack.cpython-36.pyc
byte-compiling /home/travis/miniconda/envs/testenv/lib/python3.6/site-packages/joblib/func_inspect.py to func_inspect.cpython-36.pyc
byte-compiling /home/travis/miniconda/envs/testenv/lib/python3.6/site-packages/joblib/hashing.py to hashing.cpython-36.pyc
byte-compiling /home/travis/miniconda/envs/testenv/lib/python3.6/site-packages/joblib/logger.py to logger.cpython-36.pyc
byte-compiling /home/travis/miniconda/envs/testenv/lib/python3.6/site-packages/joblib/memory.py to memory.cpython-36.pyc
byte-compiling /home/travis/miniconda/envs/testenv/lib/python3.6/site-packages/joblib/my_exceptions.py to my_exceptions.cpython-36.pyc
byte-compiling /home/travis/miniconda/envs/testenv/lib/python3.6/site-packages/joblib/numpy_pickle.py to numpy_pickle.cpython-36.pyc
byte-compiling /home/travis/miniconda/envs/testenv/lib/python3.6/site-packages/joblib/numpy_pickle_compat.py to numpy_pickle_compat.cpython-36.pyc
byte-compiling /home/travis/miniconda/envs/testenv/lib/python3.6/site-packages/joblib/numpy_pickle_utils.py to numpy_pickle_utils.cpython-36.pyc
byte-compiling /home/travis/miniconda/envs/testenv/lib/python3.6/site-packages/joblib/parallel.py to parallel.cpython-36.pyc
byte-compiling /home/travis/miniconda/envs/testenv/lib/python3.6/site-packages/joblib/pool.py to pool.cpython-36.pyc
byte-compiling /home/travis/miniconda/envs/testenv/lib/python3.6/site-packages/joblib/testing.py to testing.cpython-36.pyc
byte-compiling /home/travis/miniconda/envs/testenv/lib/python3.6/site-packages/joblib/_parallel_backends.py to _parallel_backends.cpython-36.pyc
byte-compiling /home/travis/miniconda/envs/testenv/lib/python3.6/site-packages/joblib/test/__init__.py to __init__.cpython-36.pyc
byte-compiling /home/travis/miniconda/envs/testenv/lib/python3.6/site-packages/joblib/test/common.py to common.cpython-36.pyc
byte-compiling /home/travis/miniconda/envs/testenv/lib/python3.6/site-packages/joblib/test/test_backports.py to test_backports.cpython-36.pyc
byte-compiling /home/travis/miniconda/envs/testenv/lib/python3.6/site-packages/joblib/test/test_disk.py to test_disk.cpython-36.pyc
byte-compiling /home/travis/miniconda/envs/testenv/lib/python3.6/site-packages/joblib/test/test_format_stack.py to test_format_stack.cpython-36.pyc
byte-compiling /home/travis/miniconda/envs/testenv/lib/python3.6/site-packages/joblib/test/test_func_inspect.py to test_func_inspect.cpython-36.pyc
byte-compiling /home/travis/miniconda/envs/testenv/lib/python3.6/site-packages/joblib/test/test_func_inspect_special_encoding.py to test_func_inspect_special_encoding.cpython-36.pyc
byte-compiling /home/travis/miniconda/envs/testenv/lib/python3.6/site-packages/joblib/test/test_hashing.py to test_hashing.cpython-36.pyc
byte-compiling /home/travis/miniconda/envs/testenv/lib/python3.6/site-packages/joblib/test/test_logger.py to test_logger.cpython-36.pyc
byte-compiling /home/travis/miniconda/envs/testenv/lib/python3.6/site-packages/joblib/test/test_memmapping.py to test_memmapping.cpython-36.pyc
byte-compiling /home/travis/miniconda/envs/testenv/lib/python3.6/site-packages/joblib/test/test_memory.py to test_memory.cpython-36.pyc
byte-compiling /home/travis/miniconda/envs/testenv/lib/python3.6/site-packages/joblib/test/test_my_exceptions.py to test_my_exceptions.cpython-36.pyc
byte-compiling /home/travis/miniconda/envs/testenv/lib/python3.6/site-packages/joblib/test/test_numpy_pickle.py to test_numpy_pickle.cpython-36.pyc
byte-compiling /home/travis/miniconda/envs/testenv/lib/python3.6/site-packages/joblib/test/test_numpy_pickle_compat.py to test_numpy_pickle_compat.cpython-36.pyc
byte-compiling /home/travis/miniconda/envs/testenv/lib/python3.6/site-packages/joblib/test/test_numpy_pickle_utils.py to test_numpy_pickle_utils.cpython-36.pyc
byte-compiling /home/travis/miniconda/envs/testenv/lib/python3.6/site-packages/joblib/test/test_testing.py to test_testing.cpython-36.pyc
byte-compiling /home/travis/miniconda/envs/testenv/lib/python3.6/site-packages/joblib/test/test_parallel.py to test_parallel.cpython-36.pyc
byte-compiling /home/travis/miniconda/envs/testenv/lib/python3.6/site-packages/joblib/test/data/__init__.py to __init__.cpython-36.pyc
byte-compiling /home/travis/miniconda/envs/testenv/lib/python3.6/site-packages/joblib/test/data/create_numpy_pickle.py to create_numpy_pickle.cpython-36.pyc
byte-compiling /home/travis/miniconda/envs/testenv/lib/python3.6/site-packages/joblib/externals/__init__.py to __init__.cpython-36.pyc
byte-compiling /home/travis/miniconda/envs/testenv/lib/python3.6/site-packages/joblib/externals/cloudpickle/__init__.py to __init__.cpython-36.pyc
byte-compiling /home/travis/miniconda/envs/testenv/lib/python3.6/site-packages/joblib/externals/cloudpickle/cloudpickle.py to cloudpickle.cpython-36.pyc
byte-compiling /home/travis/miniconda/envs/testenv/lib/python3.6/site-packages/joblib/externals/loky/__init__.py to __init__.cpython-36.pyc
byte-compiling /home/travis/miniconda/envs/testenv/lib/python3.6/site-packages/joblib/externals/loky/_base.py to _base.cpython-36.pyc
byte-compiling /home/travis/miniconda/envs/testenv/lib/python3.6/site-packages/joblib/externals/loky/process_executor.py to process_executor.cpython-36.pyc
byte-compiling /home/travis/miniconda/envs/testenv/lib/python3.6/site-packages/joblib/externals/loky/reusable_executor.py to reusable_executor.cpython-36.pyc
byte-compiling /home/travis/miniconda/envs/testenv/lib/python3.6/site-packages/joblib/externals/loky/backend/__init__.py to __init__.cpython-36.pyc
byte-compiling /home/travis/miniconda/envs/testenv/lib/python3.6/site-packages/joblib/externals/loky/backend/_posix_reduction.py to _posix_reduction.cpython-36.pyc
byte-compiling /home/travis/miniconda/envs/testenv/lib/python3.6/site-packages/joblib/externals/loky/backend/_posix_wait.py to _posix_wait.cpython-36.pyc
byte-compiling /home/travis/miniconda/envs/testenv/lib/python3.6/site-packages/joblib/externals/loky/backend/_win_reduction.py to _win_reduction.cpython-36.pyc
byte-compiling /home/travis/miniconda/envs/testenv/lib/python3.6/site-packages/joblib/externals/loky/backend/_win_wait.py to _win_wait.cpython-36.pyc
byte-compiling /home/travis/miniconda/envs/testenv/lib/python3.6/site-packages/joblib/externals/loky/backend/compat.py to compat.cpython-36.pyc
byte-compiling /home/travis/miniconda/envs/testenv/lib/python3.6/site-packages/joblib/externals/loky/backend/compat_posix.py to compat_posix.cpython-36.pyc
byte-compiling /home/travis/miniconda/envs/testenv/lib/python3.6/site-packages/joblib/externals/loky/backend/compat_win32.py to compat_win32.cpython-36.pyc
byte-compiling /home/travis/miniconda/envs/testenv/lib/python3.6/site-packages/joblib/externals/loky/backend/context.py to context.cpython-36.pyc
byte-compiling /home/travis/miniconda/envs/testenv/lib/python3.6/site-packages/joblib/externals/loky/backend/fork_exec.py to fork_exec.cpython-36.pyc
byte-compiling /home/travis/miniconda/envs/testenv/lib/python3.6/site-packages/joblib/externals/loky/backend/managers.py to managers.cpython-36.pyc
byte-compiling /home/travis/miniconda/envs/testenv/lib/python3.6/site-packages/joblib/externals/loky/backend/popen_loky_posix.py to popen_loky_posix.cpython-36.pyc
byte-compiling /home/travis/miniconda/envs/testenv/lib/python3.6/site-packages/joblib/externals/loky/backend/popen_loky_win32.py to popen_loky_win32.cpython-36.pyc
byte-compiling /home/travis/miniconda/envs/testenv/lib/python3.6/site-packages/joblib/externals/loky/backend/process.py to process.cpython-36.pyc
byte-compiling /home/travis/miniconda/envs/testenv/lib/python3.6/site-packages/joblib/externals/loky/backend/queues.py to queues.cpython-36.pyc
byte-compiling /home/travis/miniconda/envs/testenv/lib/python3.6/site-packages/joblib/externals/loky/backend/reduction.py to reduction.cpython-36.pyc
byte-compiling /home/travis/miniconda/envs/testenv/lib/python3.6/site-packages/joblib/externals/loky/backend/semaphore_tracker.py to semaphore_tracker.cpython-36.pyc
byte-compiling /home/travis/miniconda/envs/testenv/lib/python3.6/site-packages/joblib/externals/loky/backend/semlock.py to semlock.cpython-36.pyc
byte-compiling /home/travis/miniconda/envs/testenv/lib/python3.6/site-packages/joblib/externals/loky/backend/spawn.py to spawn.cpython-36.pyc
byte-compiling /home/travis/miniconda/envs/testenv/lib/python3.6/site-packages/joblib/externals/loky/backend/synchronize.py to synchronize.cpython-36.pyc
byte-compiling /home/travis/miniconda/envs/testenv/lib/python3.6/site-packages/joblib/externals/loky/backend/utils.py to utils.cpython-36.pyc
running install_egg_info
Writing /home/travis/miniconda/envs/testenv/lib/python3.6/site-packages/joblib-0.11.1.dev0-py3.6.egg-info

travis_time:end:10fcff5c:start=1529502851016304930,finish=1529502955824337839,duration=104808032909[0Ktravis_fold:end:install[0Ktravis_time:start:2093a4ce[0K$ source continuous_integration/travis/test_script.sh
multiprocessing.cpu_count(): 32
joblib.cpu_count(): 1
pytest joblib --timeout 15 -vl
[1m============================= test session starts ==============================[0m
platform linux -- Python 3.6.5, pytest-3.6.1, py-1.5.3, pluggy-0.6.0 -- /home/travis/miniconda/envs/testenv/bin/python
cachedir: .pytest_cache
rootdir: /home/travis/build/joblib/joblib, inifile: setup.cfg
plugins: timeout-1.3.0, cov-2.5.1
timeout: 15.0s
timeout method: signal
timeout func_only: False
[1mcollecting 0 items                                                             [0m[1mcollecting 1 item                                                              [0m[1mcollecting 1 item                                                              [0m[1mcollecting 1 item                                                              [0m[1mcollecting 1 item                                                              [0m[1mcollecting 1 item                                                              [0m[1mcollecting 1 item                                                              [0m[1mcollecting 1 item                                                              [0m[1mcollecting 1 item                                                              [0m[1mcollecting 1 item                                                              [0m[1mcollecting 1 item                                                              [0m[1mcollecting 1 item                                                              [0m[1mcollecting 1 item                                                              [0m[1mcollecting 1 item                                                              [0m[1mcollecting 1 item                                                              [0m[1mcollecting 1 item                                                              [0m[1mcollecting 1 item                                                              [0m[1mcollecting 1 item                                                              [0m[1mcollecting 1 item                                                              [0m[1mcollecting 1 item                                                              [0m[1mcollecting 1 item                                                              [0m[1mcollecting 3 items                                                             [0m[1mcollecting 3 items                                                             [0m[1mcollecting 3 items                                                             [0m[1mcollecting 3 items                                                             [0m[1mcollecting 3 items                                                             [0m[1mcollecting 3 items                                                             [0m[1mcollecting 8 items                                                             [0m[1mcollecting 8 items                                                             [0m[1mcollecting 17 items                                                            [0m[1mcollecting 17 items                                                            [0m[1mcollecting 21 items                                                            [0m[1mcollecting 21 items                                                            [0m[1mcollecting 55 items                                                            [0m[1mcollecting 55 items                                                            [0m[1mcollecting 55 items                                                            [0m[1mcollecting 55 items                                                            [0m[1mcollecting 568 items                                                           [0m[1mcollecting 568 items                                                           [0m[1mcollecting 569 items                                                           [0m[1mcollecting 569 items                                                           [0m[1mcollecting 595 items                                                           [0m[1mcollecting 595 items                                                           [0m[1mcollecting 640 items                                                           [0m[1mcollecting 640 items                                                           [0m[1mcollecting 643 items                                                           [0m[1mcollecting 643 items                                                           [0m[1mcollecting 770 items                                                           [0m[1mcollecting 770 items                                                           [0m[1mcollecting 771 items                                                           [0m[1mcollecting 771 items                                                           [0m[1mcollecting 773 items                                                           [0m[1mcollecting 773 items                                                           [0m[1mcollecting 1067 items                                                          [0m[1mcollecting 1067 items                                                          [0m[1mcollecting 1072 items                                                          [0m[1mcollecting 1072 items                                                          [0m[1mcollecting 1073 items                                                          [0m[1mcollected 1073 items                                                           [0m

joblib/__init__.py::joblib [33mSKIPPED[0m[36m                                       [  0%][0m
joblib/parallel.py::joblib.parallel.Parallel [33mSKIPPED[0m[36m                     [  0%][0m
joblib/parallel.py::joblib.parallel.parallel_backend [33mSKIPPED[0m[36m             [  0%][0m
joblib/test/test_backports.py::test_memmap [32mPASSED[0m[36m                        [  0%][0m
joblib/test/test_backports.py::test_concurrency_safe_rename[None-None] [32mPASSED[0m[36m [  0%][0m
joblib/test/test_backports.py::test_concurrency_safe_rename[None-dst content] [32mPASSED[0m[36m [  0%][0m
joblib/test/test_backports.py::test_concurrency_safe_rename[threading-None] [32mPASSED[0m[36m [  0%][0m
joblib/test/test_backports.py::test_concurrency_safe_rename[threading-dst content] [32mPASSED[0m[36m [  0%][0m
joblib/test/test_disk.py::test_disk_used [32mPASSED[0m[36m                          [  0%][0m
joblib/test/test_disk.py::test_memstr_to_bytes[80G-85899345920] [32mPASSED[0m[36m   [  0%][0m
joblib/test/test_disk.py::test_memstr_to_bytes[1.4M-1468006] [32mPASSED[0m[36m      [  1%][0m
joblib/test/test_disk.py::test_memstr_to_bytes[120M-125829120] [32mPASSED[0m[36m    [  1%][0m
joblib/test/test_disk.py::test_memstr_to_bytes[53K-54272] [32mPASSED[0m[36m         [  1%][0m
joblib/test/test_disk.py::test_memstr_to_bytes_exception[fooG-ValueError-Invalid literal for size.*fooG.*] [32mPASSED[0m[36m [  1%][0m
joblib/test/test_disk.py::test_memstr_to_bytes_exception[1.4N-ValueError-Invalid literal for size.*1.4N.*] [32mPASSED[0m[36m [  1%][0m
joblib/test/test_disk.py::test_mkdirp [32mPASSED[0m[36m                             [  1%][0m
joblib/test/test_disk.py::test_rm_subdirs [32mPASSED[0m[36m                         [  1%][0m
joblib/test/test_format_stack.py::test_safe_repr [32mPASSED[0m[36m                  [  1%][0m
joblib/test/test_format_stack.py::test_format_records [32mPASSED[0m[36m             [  1%][0m
joblib/test/test_format_stack.py::test_format_records_file_with_less_lines_than_context [32mPASSED[0m[36m [  1%][0m
joblib/test/test_format_stack.py::test_format_exc_with_compiled_code [32mPASSED[0m[36m [  1%][0m
joblib/test/test_func_inspect.py::test_filter_args[f-args0-filtered_args0] [32mPASSED[0m[36m [  2%][0m
joblib/test/test_func_inspect.py::test_filter_args[f-args1-filtered_args1] [32mPASSED[0m[36m [  2%][0m
joblib/test/test_func_inspect.py::test_filter_args[f-args2-filtered_args2] [32mPASSED[0m[36m [  2%][0m
joblib/test/test_func_inspect.py::test_filter_args[f-args3-filtered_args3] [32mPASSED[0m[36m [  2%][0m
joblib/test/test_func_inspect.py::test_filter_args[f-args4-filtered_args4] [32mPASSED[0m[36m [  2%][0m
joblib/test/test_func_inspect.py::test_filter_args[f-args5-filtered_args5] [32mPASSED[0m[36m [  2%][0m
joblib/test/test_func_inspect.py::test_filter_args[f-args6-filtered_args6] [32mPASSED[0m[36m [  2%][0m
joblib/test/test_func_inspect.py::test_filter_args[g-args7-filtered_args7] [32mPASSED[0m[36m [  2%][0m
joblib/test/test_func_inspect.py::test_filter_args[i-args8-filtered_args8] [32mPASSED[0m[36m [  2%][0m
joblib/test/test_func_inspect.py::test_filter_args_method [32mPASSED[0m[36m         [  2%][0m
joblib/test/test_func_inspect.py::test_filter_varargs[h-args0-filtered_args0] [32mPASSED[0m[36m [  2%][0m
joblib/test/test_func_inspect.py::test_filter_varargs[h-args1-filtered_args1] [32mPASSED[0m[36m [  3%][0m
joblib/test/test_func_inspect.py::test_filter_varargs[h-args2-filtered_args2] [32mPASSED[0m[36m [  3%][0m
joblib/test/test_func_inspect.py::test_filter_varargs[h-args3-filtered_args3] [32mPASSED[0m[36m [  3%][0m
joblib/test/test_func_inspect.py::test_filter_kwargs[k-args0-filtered_args0] [32mPASSED[0m[36m [  3%][0m
joblib/test/test_func_inspect.py::test_filter_kwargs[k-args1-filtered_args1] [32mPASSED[0m[36m [  3%][0m
joblib/test/test_func_inspect.py::test_filter_args_2 [32mPASSED[0m[36m              [  3%][0m
joblib/test/test_func_inspect.py::test_func_name[f-f] [32mPASSED[0m[36m             [  3%][0m
joblib/test/test_func_inspect.py::test_func_name[g-g] [32mPASSED[0m[36m             [  3%][0m
joblib/test/test_func_inspect.py::test_func_name[cached_func-cached_func] [32mPASSED[0m[36m [  3%][0m
joblib/test/test_func_inspect.py::test_func_name_on_inner_func [32mPASSED[0m[36m    [  3%][0m
joblib/test/test_func_inspect.py::test_func_inspect_errors [32mPASSED[0m[36m        [  4%][0m
joblib/test/test_func_inspect.py::test_filter_args_python_3 [32mPASSED[0m[36m       [  4%][0m
joblib/test/test_func_inspect.py::test_bound_methods [32mPASSED[0m[36m              [  4%][0m
joblib/test/test_func_inspect.py::test_filter_args_error_msg[ValueError-ignore_lst must be a list of parameters to ignore-f-args0] [32mPASSED[0m[36m [  4%][0m
joblib/test/test_func_inspect.py::test_filter_args_error_msg[ValueError-Ignore list: argument \\'(.*)\\' is not defined-g-args1] [32mPASSED[0m[36m [  4%][0m
joblib/test/test_func_inspect.py::test_filter_args_error_msg[ValueError-Wrong number of arguments-h-args2] [32mPASSED[0m[36m [  4%][0m
joblib/test/test_func_inspect.py::test_clean_win_chars [32mPASSED[0m[36m            [  4%][0m
joblib/test/test_func_inspect.py::test_format_signature[g-args0-kwargs0-g([0, 1, 2, 3, 4])] [32mPASSED[0m[36m [  4%][0m
joblib/test/test_func_inspect.py::test_format_signature[k-args1-kwargs1-k(1, 2, (3, 4), y=True)] [32mPASSED[0m[36m [  4%][0m
joblib/test/test_func_inspect.py::test_format_signature_long_arguments [32mPASSED[0m[36m [  4%][0m
joblib/test/test_func_inspect.py::test_format_signature_numpy [32mPASSED[0m[36m     [  4%][0m
joblib/test/test_func_inspect.py::test_special_source_encoding [32mPASSED[0m[36m    [  5%][0m
joblib/test/test_func_inspect.py::test_func_code_consistency [32mPASSED[0m[36m      [  5%][0m
joblib/test/test_hashing.py::test_trivial_hash[1-1] [32mPASSED[0m[36m               [  5%][0m
joblib/test/test_hashing.py::test_trivial_hash[1-2] [32mPASSED[0m[36m               [  5%][0m
joblib/test/test_hashing.py::test_trivial_hash[1-1.0] [32mPASSED[0m[36m             [  5%][0m
joblib/test/test_hashing.py::test_trivial_hash[1-2.0] [32mPASSED[0m[36m             [  5%][0m
joblib/test/test_hashing.py::test_trivial_hash[1-obj14] [32mPASSED[0m[36m           [  5%][0m
joblib/test/test_hashing.py::test_trivial_hash[1-obj15] [32mPASSED[0m[36m           [  5%][0m
joblib/test/test_hashing.py::test_trivial_hash[1-a] [32mPASSED[0m[36m               [  5%][0m
joblib/test/test_hashing.py::test_trivial_hash[1-b] [32mPASSED[0m[36m               [  5%][0m
joblib/test/test_hashing.py::test_trivial_hash[1-obj18] [32mPASSED[0m[36m           [  5%][0m
joblib/test/test_hashing.py::test_trivial_hash[1-obj19] [32mPASSED[0m[36m           [  6%][0m
joblib/test/test_hashing.py::test_trivial_hash[1-obj110] [32mPASSED[0m[36m          [  6%][0m
joblib/test/test_hashing.py::test_trivial_hash[1-obj111] [32mPASSED[0m[36m          [  6%][0m
joblib/test/test_hashing.py::test_trivial_hash[1-obj112] [32mPASSED[0m[36m          [  6%][0m
joblib/test/test_hashing.py::test_trivial_hash[1-obj113] [32mPASSED[0m[36m          [  6%][0m
joblib/test/test_hashing.py::test_trivial_hash[1-obj114] [32mPASSED[0m[36m          [  6%][0m
joblib/test/test_hashing.py::test_trivial_hash[1-None] [32mPASSED[0m[36m            [  6%][0m
joblib/test/test_hashing.py::test_trivial_hash[1-obj116] [32mPASSED[0m[36m          [  6%][0m
joblib/test/test_hashing.py::test_trivial_hash[1-obj117] [32mPASSED[0m[36m          [  6%][0m
joblib/test/test_hashing.py::test_trivial_hash[1-obj118] [32mPASSED[0m[36m          [  6%][0m
joblib/test/test_hashing.py::test_trivial_hash[1-obj119] [32mPASSED[0m[36m          [  6%][0m
joblib/test/test_hashing.py::test_trivial_hash[1-obj120] [32mPASSED[0m[36m          [  7%][0m
joblib/test/test_hashing.py::test_trivial_hash[1-obj121] [32mPASSED[0m[36m          [  7%][0m
joblib/test/test_hashing.py::test_trivial_hash[2-1] [32mPASSED[0m[36m               [  7%][0m
joblib/test/test_hashing.py::test_trivial_hash[2-2] [32mPASSED[0m[36m               [  7%][0m
joblib/test/test_hashing.py::test_trivial_hash[2-1.0] [32mPASSED[0m[36m             [  7%][0m
joblib/test/test_hashing.py::test_trivial_hash[2-2.0] [32mPASSED[0m[36m             [  7%][0m
joblib/test/test_hashing.py::test_trivial_hash[2-obj14] [32mPASSED[0m[36m           [  7%][0m
joblib/test/test_hashing.py::test_trivial_hash[2-obj15] [32mPASSED[0m[36m           [  7%][0m
joblib/test/test_hashing.py::test_trivial_hash[2-a] [32mPASSED[0m[36m               [  7%][0m
joblib/test/test_hashing.py::test_trivial_hash[2-b] [32mPASSED[0m[36m               [  7%][0m
joblib/test/test_hashing.py::test_trivial_hash[2-obj18] [32mPASSED[0m[36m           [  8%][0m
joblib/test/test_hashing.py::test_trivial_hash[2-obj19] [32mPASSED[0m[36m           [  8%][0m
joblib/test/test_hashing.py::test_trivial_hash[2-obj110] [32mPASSED[0m[36m          [  8%][0m
joblib/test/test_hashing.py::test_trivial_hash[2-obj111] [32mPASSED[0m[36m          [  8%][0m
joblib/test/test_hashing.py::test_trivial_hash[2-obj112] [32mPASSED[0m[36m          [  8%][0m
joblib/test/test_hashing.py::test_trivial_hash[2-obj113] [32mPASSED[0m[36m          [  8%][0m
joblib/test/test_hashing.py::test_trivial_hash[2-obj114] [32mPASSED[0m[36m          [  8%][0m
joblib/test/test_hashing.py::test_trivial_hash[2-None] [32mPASSED[0m[36m            [  8%][0m
joblib/test/test_hashing.py::test_trivial_hash[2-obj116] [32mPASSED[0m[36m          [  8%][0m
joblib/test/test_hashing.py::test_trivial_hash[2-obj117] [32mPASSED[0m[36m          [  8%][0m
joblib/test/test_hashing.py::test_trivial_hash[2-obj118] [32mPASSED[0m[36m          [  8%][0m
joblib/test/test_hashing.py::test_trivial_hash[2-obj119] [32mPASSED[0m[36m          [  9%][0m
joblib/test/test_hashing.py::test_trivial_hash[2-obj120] [32mPASSED[0m[36m          [  9%][0m
joblib/test/test_hashing.py::test_trivial_hash[2-obj121] [32mPASSED[0m[36m          [  9%][0m
joblib/test/test_hashing.py::test_trivial_hash[1.0-1] [32mPASSED[0m[36m             [  9%][0m
joblib/test/test_hashing.py::test_trivial_hash[1.0-2] [32mPASSED[0m[36m             [  9%][0m
joblib/test/test_hashing.py::test_trivial_hash[1.0-1.0] [32mPASSED[0m[36m           [  9%][0m
joblib/test/test_hashing.py::test_trivial_hash[1.0-2.0] [32mPASSED[0m[36m           [  9%][0m
joblib/test/test_hashing.py::test_trivial_hash[1.0-obj14] [32mPASSED[0m[36m         [  9%][0m
joblib/test/test_hashing.py::test_trivial_hash[1.0-obj15] [32mPASSED[0m[36m         [  9%][0m
joblib/test/test_hashing.py::test_trivial_hash[1.0-a] [32mPASSED[0m[36m             [  9%][0m
joblib/test/test_hashing.py::test_trivial_hash[1.0-b] [32mPASSED[0m[36m             [  9%][0m
joblib/test/test_hashing.py::test_trivial_hash[1.0-obj18] [32mPASSED[0m[36m         [ 10%][0m
joblib/test/test_hashing.py::test_trivial_hash[1.0-obj19] [32mPASSED[0m[36m         [ 10%][0m
joblib/test/test_hashing.py::test_trivial_hash[1.0-obj110] [32mPASSED[0m[36m        [ 10%][0m
joblib/test/test_hashing.py::test_trivial_hash[1.0-obj111] [32mPASSED[0m[36m        [ 10%][0m
joblib/test/test_hashing.py::test_trivial_hash[1.0-obj112] [32mPASSED[0m[36m        [ 10%][0m
joblib/test/test_hashing.py::test_trivial_hash[1.0-obj113] [32mPASSED[0m[36m        [ 10%][0m
joblib/test/test_hashing.py::test_trivial_hash[1.0-obj114] [32mPASSED[0m[36m        [ 10%][0m
joblib/test/test_hashing.py::test_trivial_hash[1.0-None] [32mPASSED[0m[36m          [ 10%][0m
joblib/test/test_hashing.py::test_trivial_hash[1.0-obj116] [32mPASSED[0m[36m        [ 10%][0m
joblib/test/test_hashing.py::test_trivial_hash[1.0-obj117] [32mPASSED[0m[36m        [ 10%][0m
joblib/test/test_hashing.py::test_trivial_hash[1.0-obj118] [32mPASSED[0m[36m        [ 10%][0m
joblib/test/test_hashing.py::test_trivial_hash[1.0-obj119] [32mPASSED[0m[36m        [ 11%][0m
joblib/test/test_hashing.py::test_trivial_hash[1.0-obj120] [32mPASSED[0m[36m        [ 11%][0m
joblib/test/test_hashing.py::test_trivial_hash[1.0-obj121] [32mPASSED[0m[36m        [ 11%][0m
joblib/test/test_hashing.py::test_trivial_hash[2.0-1] [32mPASSED[0m[36m             [ 11%][0m
joblib/test/test_hashing.py::test_trivial_hash[2.0-2] [32mPASSED[0m[36m             [ 11%][0m
joblib/test/test_hashing.py::test_trivial_hash[2.0-1.0] [32mPASSED[0m[36m           [ 11%][0m
joblib/test/test_hashing.py::test_trivial_hash[2.0-2.0] [32mPASSED[0m[36m           [ 11%][0m
joblib/test/test_hashing.py::test_trivial_hash[2.0-obj14] [32mPASSED[0m[36m         [ 11%][0m
joblib/test/test_hashing.py::test_trivial_hash[2.0-obj15] [32mPASSED[0m[36m         [ 11%][0m
joblib/test/test_hashing.py::test_trivial_hash[2.0-a] [32mPASSED[0m[36m             [ 11%][0m
joblib/test/test_hashing.py::test_trivial_hash[2.0-b] [32mPASSED[0m[36m             [ 12%][0m
joblib/test/test_hashing.py::test_trivial_hash[2.0-obj18] [32mPASSED[0m[36m         [ 12%][0m
joblib/test/test_hashing.py::test_trivial_hash[2.0-obj19] [32mPASSED[0m[36m         [ 12%][0m
joblib/test/test_hashing.py::test_trivial_hash[2.0-obj110] [32mPASSED[0m[36m        [ 12%][0m
joblib/test/test_hashing.py::test_trivial_hash[2.0-obj111] [32mPASSED[0m[36m        [ 12%][0m
joblib/test/test_hashing.py::test_trivial_hash[2.0-obj112] [32mPASSED[0m[36m        [ 12%][0m
joblib/test/test_hashing.py::test_trivial_hash[2.0-obj113] [32mPASSED[0m[36m        [ 12%][0m
joblib/test/test_hashing.py::test_trivial_hash[2.0-obj114] [32mPASSED[0m[36m        [ 12%][0m
joblib/test/test_hashing.py::test_trivial_hash[2.0-None] [32mPASSED[0m[36m          [ 12%][0m
joblib/test/test_hashing.py::test_trivial_hash[2.0-obj116] [32mPASSED[0m[36m        [ 12%][0m
joblib/test/test_hashing.py::test_trivial_hash[2.0-obj117] [32mPASSED[0m[36m        [ 12%][0m
joblib/test/test_hashing.py::test_trivial_hash[2.0-obj118] [32mPASSED[0m[36m        [ 13%][0m
joblib/test/test_hashing.py::test_trivial_hash[2.0-obj119] [32mPASSED[0m[36m        [ 13%][0m
joblib/test/test_hashing.py::test_trivial_hash[2.0-obj120] [32mPASSED[0m[36m        [ 13%][0m
joblib/test/test_hashing.py::test_trivial_hash[2.0-obj121] [32mPASSED[0m[36m        [ 13%][0m
joblib/test/test_hashing.py::test_trivial_hash[obj24-1] [32mPASSED[0m[36m           [ 13%][0m
joblib/test/test_hashing.py::test_trivial_hash[obj24-2] [32mPASSED[0m[36m           [ 13%][0m
joblib/test/test_hashing.py::test_trivial_hash[obj24-1.0] [32mPASSED[0m[36m         [ 13%][0m
joblib/test/test_hashing.py::test_trivial_hash[obj24-2.0] [32mPASSED[0m[36m         [ 13%][0m
joblib/test/test_hashing.py::test_trivial_hash[obj24-obj14] [32mPASSED[0m[36m       [ 13%][0m
joblib/test/test_hashing.py::test_trivial_hash[obj24-obj15] [32mPASSED[0m[36m       [ 13%][0m
joblib/test/test_hashing.py::test_trivial_hash[obj24-a] [32mPASSED[0m[36m           [ 13%][0m
joblib/test/test_hashing.py::test_trivial_hash[obj24-b] [32mPASSED[0m[36m           [ 14%][0m
joblib/test/test_hashing.py::test_trivial_hash[obj24-obj18] [32mPASSED[0m[36m       [ 14%][0m
joblib/test/test_hashing.py::test_trivial_hash[obj24-obj19] [32mPASSED[0m[36m       [ 14%][0m
joblib/test/test_hashing.py::test_trivial_hash[obj24-obj110] [32mPASSED[0m[36m      [ 14%][0m
joblib/test/test_hashing.py::test_trivial_hash[obj24-obj111] [32mPASSED[0m[36m      [ 14%][0m
joblib/test/test_hashing.py::test_trivial_hash[obj24-obj112] [32mPASSED[0m[36m      [ 14%][0m
joblib/test/test_hashing.py::test_trivial_hash[obj24-obj113] [32mPASSED[0m[36m      [ 14%][0m
joblib/test/test_hashing.py::test_trivial_hash[obj24-obj114] [32mPASSED[0m[36m      [ 14%][0m
joblib/test/test_hashing.py::test_trivial_hash[obj24-None] [32mPASSED[0m[36m        [ 14%][0m
joblib/test/test_hashing.py::test_trivial_hash[obj24-obj116] [32mPASSED[0m[36m      [ 14%][0m
joblib/test/test_hashing.py::test_trivial_hash[obj24-obj117] [32mPASSED[0m[36m      [ 15%][0m
joblib/test/test_hashing.py::test_trivial_hash[obj24-obj118] [32mPASSED[0m[36m      [ 15%][0m
joblib/test/test_hashing.py::test_trivial_hash[obj24-obj119] [32mPASSED[0m[36m      [ 15%][0m
joblib/test/test_hashing.py::test_trivial_hash[obj24-obj120] [32mPASSED[0m[36m      [ 15%][0m
joblib/test/test_hashing.py::test_trivial_hash[obj24-obj121] [32mPASSED[0m[36m      [ 15%][0m
joblib/test/test_hashing.py::test_trivial_hash[obj25-1] [32mPASSED[0m[36m           [ 15%][0m
joblib/test/test_hashing.py::test_trivial_hash[obj25-2] [32mPASSED[0m[36m           [ 15%][0m
joblib/test/test_hashing.py::test_trivial_hash[obj25-1.0] [32mPASSED[0m[36m         [ 15%][0m
joblib/test/test_hashing.py::test_trivial_hash[obj25-2.0] [32mPASSED[0m[36m         [ 15%][0m
joblib/test/test_hashing.py::test_trivial_hash[obj25-obj14] [32mPASSED[0m[36m       [ 15%][0m
joblib/test/test_hashing.py::test_trivial_hash[obj25-obj15] [32mPASSED[0m[36m       [ 15%][0m
joblib/test/test_hashing.py::test_trivial_hash[obj25-a] [32mPASSED[0m[36m           [ 16%][0m
joblib/test/test_hashing.py::test_trivial_hash[obj25-b] [32mPASSED[0m[36m           [ 16%][0m
joblib/test/test_hashing.py::test_trivial_hash[obj25-obj18] [32mPASSED[0m[36m       [ 16%][0m
joblib/test/test_hashing.py::test_trivial_hash[obj25-obj19] [32mPASSED[0m[36m       [ 16%][0m
joblib/test/test_hashing.py::test_trivial_hash[obj25-obj110] [32mPASSED[0m[36m      [ 16%][0m
joblib/test/test_hashing.py::test_trivial_hash[obj25-obj111] [32mPASSED[0m[36m      [ 16%][0m
joblib/test/test_hashing.py::test_trivial_hash[obj25-obj112] [32mPASSED[0m[36m      [ 16%][0m
joblib/test/test_hashing.py::test_trivial_hash[obj25-obj113] [32mPASSED[0m[36m      [ 16%][0m
joblib/test/test_hashing.py::test_trivial_hash[obj25-obj114] [32mPASSED[0m[36m      [ 16%][0m
joblib/test/test_hashing.py::test_trivial_hash[obj25-None] [32mPASSED[0m[36m        [ 16%][0m
joblib/test/test_hashing.py::test_trivial_hash[obj25-obj116] [32mPASSED[0m[36m      [ 16%][0m
joblib/test/test_hashing.py::test_trivial_hash[obj25-obj117] [32mPASSED[0m[36m      [ 17%][0m
joblib/test/test_hashing.py::test_trivial_hash[obj25-obj118] [32mPASSED[0m[36m      [ 17%][0m
joblib/test/test_hashing.py::test_trivial_hash[obj25-obj119] [32mPASSED[0m[36m      [ 17%][0m
joblib/test/test_hashing.py::test_trivial_hash[obj25-obj120] [32mPASSED[0m[36m      [ 17%][0m
joblib/test/test_hashing.py::test_trivial_hash[obj25-obj121] [32mPASSED[0m[36m      [ 17%][0m
joblib/test/test_hashing.py::test_trivial_hash[a-1] [32mPASSED[0m[36m               [ 17%][0m
joblib/test/test_hashing.py::test_trivial_hash[a-2] [32mPASSED[0m[36m               [ 17%][0m
joblib/test/test_hashing.py::test_trivial_hash[a-1.0] [32mPASSED[0m[36m             [ 17%][0m
joblib/test/test_hashing.py::test_trivial_hash[a-2.0] [32mPASSED[0m[36m             [ 17%][0m
joblib/test/test_hashing.py::test_trivial_hash[a-obj14] [32mPASSED[0m[36m           [ 17%][0m
joblib/test/test_hashing.py::test_trivial_hash[a-obj15] [32mPASSED[0m[36m           [ 17%][0m
joblib/test/test_hashing.py::test_trivial_hash[a-a] [32mPASSED[0m[36m               [ 18%][0m
joblib/test/test_hashing.py::test_trivial_hash[a-b] [32mPASSED[0m[36m               [ 18%][0m
joblib/test/test_hashing.py::test_trivial_hash[a-obj18] [32mPASSED[0m[36m           [ 18%][0m
joblib/test/test_hashing.py::test_trivial_hash[a-obj19] [32mPASSED[0m[36m           [ 18%][0m
joblib/test/test_hashing.py::test_trivial_hash[a-obj110] [32mPASSED[0m[36m          [ 18%][0m
joblib/test/test_hashing.py::test_trivial_hash[a-obj111] [32mPASSED[0m[36m          [ 18%][0m
joblib/test/test_hashing.py::test_trivial_hash[a-obj112] [32mPASSED[0m[36m          [ 18%][0m
joblib/test/test_hashing.py::test_trivial_hash[a-obj113] [32mPASSED[0m[36m          [ 18%][0m
joblib/test/test_hashing.py::test_trivial_hash[a-obj114] [32mPASSED[0m[36m          [ 18%][0m
joblib/test/test_hashing.py::test_trivial_hash[a-None] [32mPASSED[0m[36m            [ 18%][0m
joblib/test/test_hashing.py::test_trivial_hash[a-obj116] [32mPASSED[0m[36m          [ 19%][0m
joblib/test/test_hashing.py::test_trivial_hash[a-obj117] [32mPASSED[0m[36m          [ 19%][0m
joblib/test/test_hashing.py::test_trivial_hash[a-obj118] [32mPASSED[0m[36m          [ 19%][0m
joblib/test/test_hashing.py::test_trivial_hash[a-obj119] [32mPASSED[0m[36m          [ 19%][0m
joblib/test/test_hashing.py::test_trivial_hash[a-obj120] [32mPASSED[0m[36m          [ 19%][0m
joblib/test/test_hashing.py::test_trivial_hash[a-obj121] [32mPASSED[0m[36m          [ 19%][0m
joblib/test/test_hashing.py::test_trivial_hash[b-1] [32mPASSED[0m[36m               [ 19%][0m
joblib/test/test_hashing.py::test_trivial_hash[b-2] [32mPASSED[0m[36m               [ 19%][0m
joblib/test/test_hashing.py::test_trivial_hash[b-1.0] [32mPASSED[0m[36m             [ 19%][0m
joblib/test/test_hashing.py::test_trivial_hash[b-2.0] [32mPASSED[0m[36m             [ 19%][0m
joblib/test/test_hashing.py::test_trivial_hash[b-obj14] [32mPASSED[0m[36m           [ 19%][0m
joblib/test/test_hashing.py::test_trivial_hash[b-obj15] [32mPASSED[0m[36m           [ 20%][0m
joblib/test/test_hashing.py::test_trivial_hash[b-a] [32mPASSED[0m[36m               [ 20%][0m
joblib/test/test_hashing.py::test_trivial_hash[b-b] [32mPASSED[0m[36m               [ 20%][0m
joblib/test/test_hashing.py::test_trivial_hash[b-obj18] [32mPASSED[0m[36m           [ 20%][0m
joblib/test/test_hashing.py::test_trivial_hash[b-obj19] [32mPASSED[0m[36m           [ 20%][0m
joblib/test/test_hashing.py::test_trivial_hash[b-obj110] [32mPASSED[0m[36m          [ 20%][0m
joblib/test/test_hashing.py::test_trivial_hash[b-obj111] [32mPASSED[0m[36m          [ 20%][0m
joblib/test/test_hashing.py::test_trivial_hash[b-obj112] [32mPASSED[0m[36m          [ 20%][0m
joblib/test/test_hashing.py::test_trivial_hash[b-obj113] [32mPASSED[0m[36m          [ 20%][0m
joblib/test/test_hashing.py::test_trivial_hash[b-obj114] [32mPASSED[0m[36m          [ 20%][0m
joblib/test/test_hashing.py::test_trivial_hash[b-None] [32mPASSED[0m[36m            [ 20%][0m
joblib/test/test_hashing.py::test_trivial_hash[b-obj116] [32mPASSED[0m[36m          [ 21%][0m
joblib/test/test_hashing.py::test_trivial_hash[b-obj117] [32mPASSED[0m[36m          [ 21%][0m
joblib/test/test_hashing.py::test_trivial_hash[b-obj118] [32mPASSED[0m[36m          [ 21%][0m
joblib/test/test_hashing.py::test_trivial_hash[b-obj119] [32mPASSED[0m[36m          [ 21%][0m
joblib/test/test_hashing.py::test_trivial_hash[b-obj120] [32mPASSED[0m[36m          [ 21%][0m
joblib/test/test_hashing.py::test_trivial_hash[b-obj121] [32mPASSED[0m[36m          [ 21%][0m
joblib/test/test_hashing.py::test_trivial_hash[obj28-1] [32mPASSED[0m[36m           [ 21%][0m
joblib/test/test_hashing.py::test_trivial_hash[obj28-2] [32mPASSED[0m[36m           [ 21%][0m
joblib/test/test_hashing.py::test_trivial_hash[obj28-1.0] [32mPASSED[0m[36m         [ 21%][0m
joblib/test/test_hashing.py::test_trivial_hash[obj28-2.0] [32mPASSED[0m[36m         [ 21%][0m
joblib/test/test_hashing.py::test_trivial_hash[obj28-obj14] [32mPASSED[0m[36m       [ 21%][0m
joblib/test/test_hashing.py::test_trivial_hash[obj28-obj15] [32mPASSED[0m[36m       [ 22%][0m
joblib/test/test_hashing.py::test_trivial_hash[obj28-a] [32mPASSED[0m[36m           [ 22%][0m
joblib/test/test_hashing.py::test_trivial_hash[obj28-b] [32mPASSED[0m[36m           [ 22%][0m
joblib/test/test_hashing.py::test_trivial_hash[obj28-obj18] [32mPASSED[0m[36m       [ 22%][0m
joblib/test/test_hashing.py::test_trivial_hash[obj28-obj19] [32mPASSED[0m[36m       [ 22%][0m
joblib/test/test_hashing.py::test_trivial_hash[obj28-obj110] [32mPASSED[0m[36m      [ 22%][0m
joblib/test/test_hashing.py::test_trivial_hash[obj28-obj111] [32mPASSED[0m[36m      [ 22%][0m
joblib/test/test_hashing.py::test_trivial_hash[obj28-obj112] [32mPASSED[0m[36m      [ 22%][0m
joblib/test/test_hashing.py::test_trivial_hash[obj28-obj113] [32mPASSED[0m[36m      [ 22%][0m
joblib/test/test_hashing.py::test_trivial_hash[obj28-obj114] [32mPASSED[0m[36m      [ 22%][0m
joblib/test/test_hashing.py::test_trivial_hash[obj28-None] [32mPASSED[0m[36m        [ 23%][0m
joblib/test/test_hashing.py::test_trivial_hash[obj28-obj116] [32mPASSED[0m[36m      [ 23%][0m
joblib/test/test_hashing.py::test_trivial_hash[obj28-obj117] [32mPASSED[0m[36m      [ 23%][0m
joblib/test/test_hashing.py::test_trivial_hash[obj28-obj118] [32mPASSED[0m[36m      [ 23%][0m
joblib/test/test_hashing.py::test_trivial_hash[obj28-obj119] [32mPASSED[0m[36m      [ 23%][0m
joblib/test/test_hashing.py::test_trivial_hash[obj28-obj120] [32mPASSED[0m[36m      [ 23%][0m
joblib/test/test_hashing.py::test_trivial_hash[obj28-obj121] [32mPASSED[0m[36m      [ 23%][0m
joblib/test/test_hashing.py::test_trivial_hash[obj29-1] [32mPASSED[0m[36m           [ 23%][0m
joblib/test/test_hashing.py::test_trivial_hash[obj29-2] [32mPASSED[0m[36m           [ 23%][0m
joblib/test/test_hashing.py::test_trivial_hash[obj29-1.0] [32mPASSED[0m[36m         [ 23%][0m
joblib/test/test_hashing.py::test_trivial_hash[obj29-2.0] [32mPASSED[0m[36m         [ 23%][0m
joblib/test/test_hashing.py::test_trivial_hash[obj29-obj14] [32mPASSED[0m[36m       [ 24%][0m
joblib/test/test_hashing.py::test_trivial_hash[obj29-obj15] [32mPASSED[0m[36m       [ 24%][0m
joblib/test/test_hashing.py::test_trivial_hash[obj29-a] [32mPASSED[0m[36m           [ 24%][0m
joblib/test/test_hashing.py::test_trivial_hash[obj29-b] [32mPASSED[0m[36m           [ 24%][0m
joblib/test/test_hashing.py::test_trivial_hash[obj29-obj18] [32mPASSED[0m[36m       [ 24%][0m
joblib/test/test_hashing.py::test_trivial_hash[obj29-obj19] [32mPASSED[0m[36m       [ 24%][0m
joblib/test/test_hashing.py::test_trivial_hash[obj29-obj110] [32mPASSED[0m[36m      [ 24%][0m
joblib/test/test_hashing.py::test_trivial_hash[obj29-obj111] [32mPASSED[0m[36m      [ 24%][0m
joblib/test/test_hashing.py::test_trivial_hash[obj29-obj112] [32mPASSED[0m[36m      [ 24%][0m
joblib/test/test_hashing.py::test_trivial_hash[obj29-obj113] [32mPASSED[0m[36m      [ 24%][0m
joblib/test/test_hashing.py::test_trivial_hash[obj29-obj114] [32mPASSED[0m[36m      [ 24%][0m
joblib/test/test_hashing.py::test_trivial_hash[obj29-None] [32mPASSED[0m[36m        [ 25%][0m
joblib/test/test_hashing.py::test_trivial_hash[obj29-obj116] [32mPASSED[0m[36m      [ 25%][0m
joblib/test/test_hashing.py::test_trivial_hash[obj29-obj117] [32mPASSED[0m[36m      [ 25%][0m
joblib/test/test_hashing.py::test_trivial_hash[obj29-obj118] [32mPASSED[0m[36m      [ 25%][0m
joblib/test/test_hashing.py::test_trivial_hash[obj29-obj119] [32mPASSED[0m[36m      [ 25%][0m
joblib/test/test_hashing.py::test_trivial_hash[obj29-obj120] [32mPASSED[0m[36m      [ 25%][0m
joblib/test/test_hashing.py::test_trivial_hash[obj29-obj121] [32mPASSED[0m[36m      [ 25%][0m
joblib/test/test_hashing.py::test_trivial_hash[obj210-1] [32mPASSED[0m[36m          [ 25%][0m
joblib/test/test_hashing.py::test_trivial_hash[obj210-2] [32mPASSED[0m[36m          [ 25%][0m
joblib/test/test_hashing.py::test_trivial_hash[obj210-1.0] [32mPASSED[0m[36m        [ 25%][0m
joblib/test/test_hashing.py::test_trivial_hash[obj210-2.0] [32mPASSED[0m[36m        [ 26%][0m
joblib/test/test_hashing.py::test_trivial_hash[obj210-obj14] [32mPASSED[0m[36m      [ 26%][0m
joblib/test/test_hashing.py::test_trivial_hash[obj210-obj15] [32mPASSED[0m[36m      [ 26%][0m
joblib/test/test_hashing.py::test_trivial_hash[obj210-a] [32mPASSED[0m[36m          [ 26%][0m
joblib/test/test_hashing.py::test_trivial_hash[obj210-b] [32mPASSED[0m[36m          [ 26%][0m
joblib/test/test_hashing.py::test_trivial_hash[obj210-obj18] [32mPASSED[0m[36m      [ 26%][0m
joblib/test/test_hashing.py::test_trivial_hash[obj210-obj19] [32mPASSED[0m[36m      [ 26%][0m
joblib/test/test_hashing.py::test_trivial_hash[obj210-obj110] [32mPASSED[0m[36m     [ 26%][0m
joblib/test/test_hashing.py::test_trivial_hash[obj210-obj111] [32mPASSED[0m[36m     [ 26%][0m
joblib/test/test_hashing.py::test_trivial_hash[obj210-obj112] [32mPASSED[0m[36m     [ 26%][0m
joblib/test/test_hashing.py::test_trivial_hash[obj210-obj113] [32mPASSED[0m[36m     [ 26%][0m
joblib/test/test_hashing.py::test_trivial_hash[obj210-obj114] [32mPASSED[0m[36m     [ 27%][0m
joblib/test/test_hashing.py::test_trivial_hash[obj210-None] [32mPASSED[0m[36m       [ 27%][0m
joblib/test/test_hashing.py::test_trivial_hash[obj210-obj116] [32mPASSED[0m[36m     [ 27%][0m
joblib/test/test_hashing.py::test_trivial_hash[obj210-obj117] [32mPASSED[0m[36m     [ 27%][0m
joblib/test/test_hashing.py::test_trivial_hash[obj210-obj118] [32mPASSED[0m[36m     [ 27%][0m
joblib/test/test_hashing.py::test_trivial_hash[obj210-obj119] [32mPASSED[0m[36m     [ 27%][0m
joblib/test/test_hashing.py::test_trivial_hash[obj210-obj120] [32mPASSED[0m[36m     [ 27%][0m
joblib/test/test_hashing.py::test_trivial_hash[obj210-obj121] [32mPASSED[0m[36m     [ 27%][0m
joblib/test/test_hashing.py::test_trivial_hash[obj211-1] [32mPASSED[0m[36m          [ 27%][0m
joblib/test/test_hashing.py::test_trivial_hash[obj211-2] [32mPASSED[0m[36m          [ 27%][0m
joblib/test/test_hashing.py::test_trivial_hash[obj211-1.0] [32mPASSED[0m[36m        [ 27%][0m
joblib/test/test_hashing.py::test_trivial_hash[obj211-2.0] [32mPASSED[0m[36m        [ 28%][0m
joblib/test/test_hashing.py::test_trivial_hash[obj211-obj14] [32mPASSED[0m[36m      [ 28%][0m
joblib/test/test_hashing.py::test_trivial_hash[obj211-obj15] [32mPASSED[0m[36m      [ 28%][0m
joblib/test/test_hashing.py::test_trivial_hash[obj211-a] [32mPASSED[0m[36m          [ 28%][0m
joblib/test/test_hashing.py::test_trivial_hash[obj211-b] [32mPASSED[0m[36m          [ 28%][0m
joblib/test/test_hashing.py::test_trivial_hash[obj211-obj18] [32mPASSED[0m[36m      [ 28%][0m
joblib/test/test_hashing.py::test_trivial_hash[obj211-obj19] [32mPASSED[0m[36m      [ 28%][0m
joblib/test/test_hashing.py::test_trivial_hash[obj211-obj110] [32mPASSED[0m[36m     [ 28%][0m
joblib/test/test_hashing.py::test_trivial_hash[obj211-obj111] [32mPASSED[0m[36m     [ 28%][0m
joblib/test/test_hashing.py::test_trivial_hash[obj211-obj112] [32mPASSED[0m[36m     [ 28%][0m
joblib/test/test_hashing.py::test_trivial_hash[obj211-obj113] [32mPASSED[0m[36m     [ 28%][0m
joblib/test/test_hashing.py::test_trivial_hash[obj211-obj114] [32mPASSED[0m[36m     [ 29%][0m
joblib/test/test_hashing.py::test_trivial_hash[obj211-None] [32mPASSED[0m[36m       [ 29%][0m
joblib/test/test_hashing.py::test_trivial_hash[obj211-obj116] [32mPASSED[0m[36m     [ 29%][0m
joblib/test/test_hashing.py::test_trivial_hash[obj211-obj117] [32mPASSED[0m[36m     [ 29%][0m
joblib/test/test_hashing.py::test_trivial_hash[obj211-obj118] [32mPASSED[0m[36m     [ 29%][0m
joblib/test/test_hashing.py::test_trivial_hash[obj211-obj119] [32mPASSED[0m[36m     [ 29%][0m
joblib/test/test_hashing.py::test_trivial_hash[obj211-obj120] [32mPASSED[0m[36m     [ 29%][0m
joblib/test/test_hashing.py::test_trivial_hash[obj211-obj121] [32mPASSED[0m[36m     [ 29%][0m
joblib/test/test_hashing.py::test_trivial_hash[obj212-1] [32mPASSED[0m[36m          [ 29%][0m
joblib/test/test_hashing.py::test_trivial_hash[obj212-2] [32mPASSED[0m[36m          [ 29%][0m
joblib/test/test_hashing.py::test_trivial_hash[obj212-1.0] [32mPASSED[0m[36m        [ 30%][0m
joblib/test/test_hashing.py::test_trivial_hash[obj212-2.0] [32mPASSED[0m[36m        [ 30%][0m
joblib/test/test_hashing.py::test_trivial_hash[obj212-obj14] [32mPASSED[0m[36m      [ 30%][0m
joblib/test/test_hashing.py::test_trivial_hash[obj212-obj15] [32mPASSED[0m[36m      [ 30%][0m
joblib/test/test_hashing.py::test_trivial_hash[obj212-a] [32mPASSED[0m[36m          [ 30%][0m
joblib/test/test_hashing.py::test_trivial_hash[obj212-b] [32mPASSED[0m[36m          [ 30%][0m
joblib/test/test_hashing.py::test_trivial_hash[obj212-obj18] [32mPASSED[0m[36m      [ 30%][0m
joblib/test/test_hashing.py::test_trivial_hash[obj212-obj19] [32mPASSED[0m[36m      [ 30%][0m
joblib/test/test_hashing.py::test_trivial_hash[obj212-obj110] [32mPASSED[0m[36m     [ 30%][0m
joblib/test/test_hashing.py::test_trivial_hash[obj212-obj111] [32mPASSED[0m[36m     [ 30%][0m
joblib/test/test_hashing.py::test_trivial_hash[obj212-obj112] [32mPASSED[0m[36m     [ 30%][0m
joblib/test/test_hashing.py::test_trivial_hash[obj212-obj113] [32mPASSED[0m[36m     [ 31%][0m
joblib/test/test_hashing.py::test_trivial_hash[obj212-obj114] [32mPASSED[0m[36m     [ 31%][0m
joblib/test/test_hashing.py::test_trivial_hash[obj212-None] [32mPASSED[0m[36m       [ 31%][0m
joblib/test/test_hashing.py::test_trivial_hash[obj212-obj116] [32mPASSED[0m[36m     [ 31%][0m
joblib/test/test_hashing.py::test_trivial_hash[obj212-obj117] [32mPASSED[0m[36m     [ 31%][0m
joblib/test/test_hashing.py::test_trivial_hash[obj212-obj118] [32mPASSED[0m[36m     [ 31%][0m
joblib/test/test_hashing.py::test_trivial_hash[obj212-obj119] [32mPASSED[0m[36m     [ 31%][0m
joblib/test/test_hashing.py::test_trivial_hash[obj212-obj120] [32mPASSED[0m[36m     [ 31%][0m
joblib/test/test_hashing.py::test_trivial_hash[obj212-obj121] [32mPASSED[0m[36m     [ 31%][0m
joblib/test/test_hashing.py::test_trivial_hash[obj213-1] [32mPASSED[0m[36m          [ 31%][0m
joblib/test/test_hashing.py::test_trivial_hash[obj213-2] [32mPASSED[0m[36m          [ 31%][0m
joblib/test/test_hashing.py::test_trivial_hash[obj213-1.0] [32mPASSED[0m[36m        [ 32%][0m
joblib/test/test_hashing.py::test_trivial_hash[obj213-2.0] [32mPASSED[0m[36m        [ 32%][0m
joblib/test/test_hashing.py::test_trivial_hash[obj213-obj14] [32mPASSED[0m[36m      [ 32%][0m
joblib/test/test_hashing.py::test_trivial_hash[obj213-obj15] [32mPASSED[0m[36m      [ 32%][0m
joblib/test/test_hashing.py::test_trivial_hash[obj213-a] [32mPASSED[0m[36m          [ 32%][0m
joblib/test/test_hashing.py::test_trivial_hash[obj213-b] [32mPASSED[0m[36m          [ 32%][0m
joblib/test/test_hashing.py::test_trivial_hash[obj213-obj18] [32mPASSED[0m[36m      [ 32%][0m
joblib/test/test_hashing.py::test_trivial_hash[obj213-obj19] [32mPASSED[0m[36m      [ 32%][0m
joblib/test/test_hashing.py::test_trivial_hash[obj213-obj110] [32mPASSED[0m[36m     [ 32%][0m
joblib/test/test_hashing.py::test_trivial_hash[obj213-obj111] [32mPASSED[0m[36m     [ 32%][0m
joblib/test/test_hashing.py::test_trivial_hash[obj213-obj112] [32mPASSED[0m[36m     [ 32%][0m
joblib/test/test_hashing.py::test_trivial_hash[obj213-obj113] [32mPASSED[0m[36m     [ 33%][0m
joblib/test/test_hashing.py::test_trivial_hash[obj213-obj114] [32mPASSED[0m[36m     [ 33%][0m
joblib/test/test_hashing.py::test_trivial_hash[obj213-None] [32mPASSED[0m[36m       [ 33%][0m
joblib/test/test_hashing.py::test_trivial_hash[obj213-obj116] [32mPASSED[0m[36m     [ 33%][0m
joblib/test/test_hashing.py::test_trivial_hash[obj213-obj117] [32mPASSED[0m[36m     [ 33%][0m
joblib/test/test_hashing.py::test_trivial_hash[obj213-obj118] [32mPASSED[0m[36m     [ 33%][0m
joblib/test/test_hashing.py::test_trivial_hash[obj213-obj119] [32mPASSED[0m[36m     [ 33%][0m
joblib/test/test_hashing.py::test_trivial_hash[obj213-obj120] [32mPASSED[0m[36m     [ 33%][0m
joblib/test/test_hashing.py::test_trivial_hash[obj213-obj121] [32mPASSED[0m[36m     [ 33%][0m
joblib/test/test_hashing.py::test_trivial_hash[obj214-1] [32mPASSED[0m[36m          [ 33%][0m
joblib/test/test_hashing.py::test_trivial_hash[obj214-2] [32mPASSED[0m[36m          [ 34%][0m
joblib/test/test_hashing.py::test_trivial_hash[obj214-1.0] [32mPASSED[0m[36m        [ 34%][0m
joblib/test/test_hashing.py::test_trivial_hash[obj214-2.0] [32mPASSED[0m[36m        [ 34%][0m
joblib/test/test_hashing.py::test_trivial_hash[obj214-obj14] [32mPASSED[0m[36m      [ 34%][0m
joblib/test/test_hashing.py::test_trivial_hash[obj214-obj15] [32mPASSED[0m[36m      [ 34%][0m
joblib/test/test_hashing.py::test_trivial_hash[obj214-a] [32mPASSED[0m[36m          [ 34%][0m
joblib/test/test_hashing.py::test_trivial_hash[obj214-b] [32mPASSED[0m[36m          [ 34%][0m
joblib/test/test_hashing.py::test_trivial_hash[obj214-obj18] [32mPASSED[0m[36m      [ 34%][0m
joblib/test/test_hashing.py::test_trivial_hash[obj214-obj19] [32mPASSED[0m[36m      [ 34%][0m
joblib/test/test_hashing.py::test_trivial_hash[obj214-obj110] [32mPASSED[0m[36m     [ 34%][0m
joblib/test/test_hashing.py::test_trivial_hash[obj214-obj111] [32mPASSED[0m[36m     [ 34%][0m
joblib/test/test_hashing.py::test_trivial_hash[obj214-obj112] [32mPASSED[0m[36m     [ 35%][0m
joblib/test/test_hashing.py::test_trivial_hash[obj214-obj113] [32mPASSED[0m[36m     [ 35%][0m
joblib/test/test_hashing.py::test_trivial_hash[obj214-obj114] [32mPASSED[0m[36m     [ 35%][0m
joblib/test/test_hashing.py::test_trivial_hash[obj214-None] [32mPASSED[0m[36m       [ 35%][0m
joblib/test/test_hashing.py::test_trivial_hash[obj214-obj116] [32mPASSED[0m[36m     [ 35%][0m
joblib/test/test_hashing.py::test_trivial_hash[obj214-obj117] [32mPASSED[0m[36m     [ 35%][0m
joblib/test/test_hashing.py::test_trivial_hash[obj214-obj118] [32mPASSED[0m[36m     [ 35%][0m
joblib/test/test_hashing.py::test_trivial_hash[obj214-obj119] [32mPASSED[0m[36m     [ 35%][0m
joblib/test/test_hashing.py::test_trivial_hash[obj214-obj120] [32mPASSED[0m[36m     [ 35%][0m
joblib/test/test_hashing.py::test_trivial_hash[obj214-obj121] [32mPASSED[0m[36m     [ 35%][0m
joblib/test/test_hashing.py::test_trivial_hash[None-1] [32mPASSED[0m[36m            [ 35%][0m
joblib/test/test_hashing.py::test_trivial_hash[None-2] [32mPASSED[0m[36m            [ 36%][0m
joblib/test/test_hashing.py::test_trivial_hash[None-1.0] [32mPASSED[0m[36m          [ 36%][0m
joblib/test/test_hashing.py::test_trivial_hash[None-2.0] [32mPASSED[0m[36m          [ 36%][0m
joblib/test/test_hashing.py::test_trivial_hash[None-obj14] [32mPASSED[0m[36m        [ 36%][0m
joblib/test/test_hashing.py::test_trivial_hash[None-obj15] [32mPASSED[0m[36m        [ 36%][0m
joblib/test/test_hashing.py::test_trivial_hash[None-a] [32mPASSED[0m[36m            [ 36%][0m
joblib/test/test_hashing.py::test_trivial_hash[None-b] [32mPASSED[0m[36m            [ 36%][0m
joblib/test/test_hashing.py::test_trivial_hash[None-obj18] [32mPASSED[0m[36m        [ 36%][0m
joblib/test/test_hashing.py::test_trivial_hash[None-obj19] [32mPASSED[0m[36m        [ 36%][0m
joblib/test/test_hashing.py::test_trivial_hash[None-obj110] [32mPASSED[0m[36m       [ 36%][0m
joblib/test/test_hashing.py::test_trivial_hash[None-obj111] [32mPASSED[0m[36m       [ 36%][0m
joblib/test/test_hashing.py::test_trivial_hash[None-obj112] [32mPASSED[0m[36m       [ 37%][0m
joblib/test/test_hashing.py::test_trivial_hash[None-obj113] [32mPASSED[0m[36m       [ 37%][0m
joblib/test/test_hashing.py::test_trivial_hash[None-obj114] [32mPASSED[0m[36m       [ 37%][0m
joblib/test/test_hashing.py::test_trivial_hash[None-None] [32mPASSED[0m[36m         [ 37%][0m
joblib/test/test_hashing.py::test_trivial_hash[None-obj116] [32mPASSED[0m[36m       [ 37%][0m
joblib/test/test_hashing.py::test_trivial_hash[None-obj117] [32mPASSED[0m[36m       [ 37%][0m
joblib/test/test_hashing.py::test_trivial_hash[None-obj118] [32mPASSED[0m[36m       [ 37%][0m
joblib/test/test_hashing.py::test_trivial_hash[None-obj119] [32mPASSED[0m[36m       [ 37%][0m
joblib/test/test_hashing.py::test_trivial_hash[None-obj120] [32mPASSED[0m[36m       [ 37%][0m
joblib/test/test_hashing.py::test_trivial_hash[None-obj121] [32mPASSED[0m[36m       [ 37%][0m
joblib/test/test_hashing.py::test_trivial_hash[obj216-1] [32mPASSED[0m[36m          [ 38%][0m
joblib/test/test_hashing.py::test_trivial_hash[obj216-2] [32mPASSED[0m[36m          [ 38%][0m
joblib/test/test_hashing.py::test_trivial_hash[obj216-1.0] [32mPASSED[0m[36m        [ 38%][0m
joblib/test/test_hashing.py::test_trivial_hash[obj216-2.0] [32mPASSED[0m[36m        [ 38%][0m
joblib/test/test_hashing.py::test_trivial_hash[obj216-obj14] [32mPASSED[0m[36m      [ 38%][0m
joblib/test/test_hashing.py::test_trivial_hash[obj216-obj15] [32mPASSED[0m[36m      [ 38%][0m
joblib/test/test_hashing.py::test_trivial_hash[obj216-a] [32mPASSED[0m[36m          [ 38%][0m
joblib/test/test_hashing.py::test_trivial_hash[obj216-b] [32mPASSED[0m[36m          [ 38%][0m
joblib/test/test_hashing.py::test_trivial_hash[obj216-obj18] [32mPASSED[0m[36m      [ 38%][0m
joblib/test/test_hashing.py::test_trivial_hash[obj216-obj19] [32mPASSED[0m[36m      [ 38%][0m
joblib/test/test_hashing.py::test_trivial_hash[obj216-obj110] [32mPASSED[0m[36m     [ 38%][0m
joblib/test/test_hashing.py::test_trivial_hash[obj216-obj111] [32mPASSED[0m[36m     [ 39%][0m
joblib/test/test_hashing.py::test_trivial_hash[obj216-obj112] [32mPASSED[0m[36m     [ 39%][0m
joblib/test/test_hashing.py::test_trivial_hash[obj216-obj113] [32mPASSED[0m[36m     [ 39%][0m
joblib/test/test_hashing.py::test_trivial_hash[obj216-obj114] [32mPASSED[0m[36m     [ 39%][0m
joblib/test/test_hashing.py::test_trivial_hash[obj216-None] [32mPASSED[0m[36m       [ 39%][0m
joblib/test/test_hashing.py::test_trivial_hash[obj216-obj116] [32mPASSED[0m[36m     [ 39%][0m
joblib/test/test_hashing.py::test_trivial_hash[obj216-obj117] [32mPASSED[0m[36m     [ 39%][0m
joblib/test/test_hashing.py::test_trivial_hash[obj216-obj118] [32mPASSED[0m[36m     [ 39%][0m
joblib/test/test_hashing.py::test_trivial_hash[obj216-obj119] [32mPASSED[0m[36m     [ 39%][0m
joblib/test/test_hashing.py::test_trivial_hash[obj216-obj120] [32mPASSED[0m[36m     [ 39%][0m
joblib/test/test_hashing.py::test_trivial_hash[obj216-obj121] [32mPASSED[0m[36m     [ 39%][0m
joblib/test/test_hashing.py::test_trivial_hash[obj217-1] [32mPASSED[0m[36m          [ 40%][0m
joblib/test/test_hashing.py::test_trivial_hash[obj217-2] [32mPASSED[0m[36m          [ 40%][0m
joblib/test/test_hashing.py::test_trivial_hash[obj217-1.0] [32mPASSED[0m[36m        [ 40%][0m
joblib/test/test_hashing.py::test_trivial_hash[obj217-2.0] [32mPASSED[0m[36m        [ 40%][0m
joblib/test/test_hashing.py::test_trivial_hash[obj217-obj14] [32mPASSED[0m[36m      [ 40%][0m
joblib/test/test_hashing.py::test_trivial_hash[obj217-obj15] [32mPASSED[0m[36m      [ 40%][0m
joblib/test/test_hashing.py::test_trivial_hash[obj217-a] [32mPASSED[0m[36m          [ 40%][0m
joblib/test/test_hashing.py::test_trivial_hash[obj217-b] [32mPASSED[0m[36m          [ 40%][0m
joblib/test/test_hashing.py::test_trivial_hash[obj217-obj18] [32mPASSED[0m[36m      [ 40%][0m
joblib/test/test_hashing.py::test_trivial_hash[obj217-obj19] [32mPASSED[0m[36m      [ 40%][0m
joblib/test/test_hashing.py::test_trivial_hash[obj217-obj110] [32mPASSED[0m[36m     [ 41%][0m
joblib/test/test_hashing.py::test_trivial_hash[obj217-obj111] [32mPASSED[0m[36m     [ 41%][0m
joblib/test/test_hashing.py::test_trivial_hash[obj217-obj112] [32mPASSED[0m[36m     [ 41%][0m
joblib/test/test_hashing.py::test_trivial_hash[obj217-obj113] [32mPASSED[0m[36m     [ 41%][0m
joblib/test/test_hashing.py::test_trivial_hash[obj217-obj114] [32mPASSED[0m[36m     [ 41%][0m
joblib/test/test_hashing.py::test_trivial_hash[obj217-None] [32mPASSED[0m[36m       [ 41%][0m
joblib/test/test_hashing.py::test_trivial_hash[obj217-obj116] [32mPASSED[0m[36m     [ 41%][0m
joblib/test/test_hashing.py::test_trivial_hash[obj217-obj117] [32mPASSED[0m[36m     [ 41%][0m
joblib/test/test_hashing.py::test_trivial_hash[obj217-obj118] [32mPASSED[0m[36m     [ 41%][0m
joblib/test/test_hashing.py::test_trivial_hash[obj217-obj119] [32mPASSED[0m[36m     [ 41%][0m
joblib/test/test_hashing.py::test_trivial_hash[obj217-obj120] [32mPASSED[0m[36m     [ 41%][0m
joblib/test/test_hashing.py::test_trivial_hash[obj217-obj121] [32mPASSED[0m[36m     [ 42%][0m
joblib/test/test_hashing.py::test_trivial_hash[obj218-1] [32mPASSED[0m[36m          [ 42%][0m
joblib/test/test_hashing.py::test_trivial_hash[obj218-2] [32mPASSED[0m[36m          [ 42%][0m
joblib/test/test_hashing.py::test_trivial_hash[obj218-1.0] [32mPASSED[0m[36m        [ 42%][0m
joblib/test/test_hashing.py::test_trivial_hash[obj218-2.0] [32mPASSED[0m[36m        [ 42%][0m
joblib/test/test_hashing.py::test_trivial_hash[obj218-obj14] [32mPASSED[0m[36m      [ 42%][0m
joblib/test/test_hashing.py::test_trivial_hash[obj218-obj15] [32mPASSED[0m[36m      [ 42%][0m
joblib/test/test_hashing.py::test_trivial_hash[obj218-a] [32mPASSED[0m[36m          [ 42%][0m
joblib/test/test_hashing.py::test_trivial_hash[obj218-b] [32mPASSED[0m[36m          [ 42%][0m
joblib/test/test_hashing.py::test_trivial_hash[obj218-obj18] [32mPASSED[0m[36m      [ 42%][0m
joblib/test/test_hashing.py::test_trivial_hash[obj218-obj19] [32mPASSED[0m[36m      [ 42%][0m
joblib/test/test_hashing.py::test_trivial_hash[obj218-obj110] [32mPASSED[0m[36m     [ 43%][0m
joblib/test/test_hashing.py::test_trivial_hash[obj218-obj111] [32mPASSED[0m[36m     [ 43%][0m
joblib/test/test_hashing.py::test_trivial_hash[obj218-obj112] [32mPASSED[0m[36m     [ 43%][0m
joblib/test/test_hashing.py::test_trivial_hash[obj218-obj113] [32mPASSED[0m[36m     [ 43%][0m
joblib/test/test_hashing.py::test_trivial_hash[obj218-obj114] [32mPASSED[0m[36m     [ 43%][0m
joblib/test/test_hashing.py::test_trivial_hash[obj218-None] [32mPASSED[0m[36m       [ 43%][0m
joblib/test/test_hashing.py::test_trivial_hash[obj218-obj116] [32mPASSED[0m[36m     [ 43%][0m
joblib/test/test_hashing.py::test_trivial_hash[obj218-obj117] [32mPASSED[0m[36m     [ 43%][0m
joblib/test/test_hashing.py::test_trivial_hash[obj218-obj118] [32mPASSED[0m[36m     [ 43%][0m
joblib/test/test_hashing.py::test_trivial_hash[obj218-obj119] [32mPASSED[0m[36m     [ 43%][0m
joblib/test/test_hashing.py::test_trivial_hash[obj218-obj120] [32mPASSED[0m[36m     [ 43%][0m
joblib/test/test_hashing.py::test_trivial_hash[obj218-obj121] [32mPASSED[0m[36m     [ 44%][0m
joblib/test/test_hashing.py::test_trivial_hash[obj219-1] [32mPASSED[0m[36m          [ 44%][0m
joblib/test/test_hashing.py::test_trivial_hash[obj219-2] [32mPASSED[0m[36m          [ 44%][0m
joblib/test/test_hashing.py::test_trivial_hash[obj219-1.0] [32mPASSED[0m[36m        [ 44%][0m
joblib/test/test_hashing.py::test_trivial_hash[obj219-2.0] [32mPASSED[0m[36m        [ 44%][0m
joblib/test/test_hashing.py::test_trivial_hash[obj219-obj14] [32mPASSED[0m[36m      [ 44%][0m
joblib/test/test_hashing.py::test_trivial_hash[obj219-obj15] [32mPASSED[0m[36m      [ 44%][0m
joblib/test/test_hashing.py::test_trivial_hash[obj219-a] [32mPASSED[0m[36m          [ 44%][0m
joblib/test/test_hashing.py::test_trivial_hash[obj219-b] [32mPASSED[0m[36m          [ 44%][0m
joblib/test/test_hashing.py::test_trivial_hash[obj219-obj18] [32mPASSED[0m[36m      [ 44%][0m
joblib/test/test_hashing.py::test_trivial_hash[obj219-obj19] [32mPASSED[0m[36m      [ 45%][0m
joblib/test/test_hashing.py::test_trivial_hash[obj219-obj110] [32mPASSED[0m[36m     [ 45%][0m
joblib/test/test_hashing.py::test_trivial_hash[obj219-obj111] [32mPASSED[0m[36m     [ 45%][0m
joblib/test/test_hashing.py::test_trivial_hash[obj219-obj112] [32mPASSED[0m[36m     [ 45%][0m
joblib/test/test_hashing.py::test_trivial_hash[obj219-obj113] [32mPASSED[0m[36m     [ 45%][0m
joblib/test/test_hashing.py::test_trivial_hash[obj219-obj114] [32mPASSED[0m[36m     [ 45%][0m
joblib/test/test_hashing.py::test_trivial_hash[obj219-None] [32mPASSED[0m[36m       [ 45%][0m
joblib/test/test_hashing.py::test_trivial_hash[obj219-obj116] [32mPASSED[0m[36m     [ 45%][0m
joblib/test/test_hashing.py::test_trivial_hash[obj219-obj117] [32mPASSED[0m[36m     [ 45%][0m
joblib/test/test_hashing.py::test_trivial_hash[obj219-obj118] [32mPASSED[0m[36m     [ 45%][0m
joblib/test/test_hashing.py::test_trivial_hash[obj219-obj119] [32mPASSED[0m[36m     [ 45%][0m
joblib/test/test_hashing.py::test_trivial_hash[obj219-obj120] [32mPASSED[0m[36m     [ 46%][0m
joblib/test/test_hashing.py::test_trivial_hash[obj219-obj121] [32mPASSED[0m[36m     [ 46%][0m
joblib/test/test_hashing.py::test_trivial_hash[obj220-1] [32mPASSED[0m[36m          [ 46%][0m
joblib/test/test_hashing.py::test_trivial_hash[obj220-2] [32mPASSED[0m[36m          [ 46%][0m
joblib/test/test_hashing.py::test_trivial_hash[obj220-1.0] [32mPASSED[0m[36m        [ 46%][0m
joblib/test/test_hashing.py::test_trivial_hash[obj220-2.0] [32mPASSED[0m[36m        [ 46%][0m
joblib/test/test_hashing.py::test_trivial_hash[obj220-obj14] [32mPASSED[0m[36m      [ 46%][0m
joblib/test/test_hashing.py::test_trivial_hash[obj220-obj15] [32mPASSED[0m[36m      [ 46%][0m
joblib/test/test_hashing.py::test_trivial_hash[obj220-a] [32mPASSED[0m[36m          [ 46%][0m
joblib/test/test_hashing.py::test_trivial_hash[obj220-b] [32mPASSED[0m[36m          [ 46%][0m
joblib/test/test_hashing.py::test_trivial_hash[obj220-obj18] [32mPASSED[0m[36m      [ 46%][0m
joblib/test/test_hashing.py::test_trivial_hash[obj220-obj19] [32mPASSED[0m[36m      [ 47%][0m
joblib/test/test_hashing.py::test_trivial_hash[obj220-obj110] [32mPASSED[0m[36m     [ 47%][0m
joblib/test/test_hashing.py::test_trivial_hash[obj220-obj111] [32mPASSED[0m[36m     [ 47%][0m
joblib/test/test_hashing.py::test_trivial_hash[obj220-obj112] [32mPASSED[0m[36m     [ 47%][0m
joblib/test/test_hashing.py::test_trivial_hash[obj220-obj113] [32mPASSED[0m[36m     [ 47%][0m
joblib/test/test_hashing.py::test_trivial_hash[obj220-obj114] [32mPASSED[0m[36m     [ 47%][0m
joblib/test/test_hashing.py::test_trivial_hash[obj220-None] [32mPASSED[0m[36m       [ 47%][0m
joblib/test/test_hashing.py::test_trivial_hash[obj220-obj116] [32mPASSED[0m[36m     [ 47%][0m
joblib/test/test_hashing.py::test_trivial_hash[obj220-obj117] [32mPASSED[0m[36m     [ 47%][0m
joblib/test/test_hashing.py::test_trivial_hash[obj220-obj118] [32mPASSED[0m[36m     [ 47%][0m
joblib/test/test_hashing.py::test_trivial_hash[obj220-obj119] [32mPASSED[0m[36m     [ 47%][0m
joblib/test/test_hashing.py::test_trivial_hash[obj220-obj120] [32mPASSED[0m[36m     [ 48%][0m
joblib/test/test_hashing.py::test_trivial_hash[obj220-obj121] [32mPASSED[0m[36m     [ 48%][0m
joblib/test/test_hashing.py::test_trivial_hash[obj221-1] [32mPASSED[0m[36m          [ 48%][0m
joblib/test/test_hashing.py::test_trivial_hash[obj221-2] [32mPASSED[0m[36m          [ 48%][0m
joblib/test/test_hashing.py::test_trivial_hash[obj221-1.0] [32mPASSED[0m[36m        [ 48%][0m
joblib/test/test_hashing.py::test_trivial_hash[obj221-2.0] [32mPASSED[0m[36m        [ 48%][0m
joblib/test/test_hashing.py::test_trivial_hash[obj221-obj14] [32mPASSED[0m[36m      [ 48%][0m
joblib/test/test_hashing.py::test_trivial_hash[obj221-obj15] [32mPASSED[0m[36m      [ 48%][0m
joblib/test/test_hashing.py::test_trivial_hash[obj221-a] [32mPASSED[0m[36m          [ 48%][0m
joblib/test/test_hashing.py::test_trivial_hash[obj221-b] [32mPASSED[0m[36m          [ 48%][0m
joblib/test/test_hashing.py::test_trivial_hash[obj221-obj18] [32mPASSED[0m[36m      [ 49%][0m
joblib/test/test_hashing.py::test_trivial_hash[obj221-obj19] [32mPASSED[0m[36m      [ 49%][0m
joblib/test/test_hashing.py::test_trivial_hash[obj221-obj110] [32mPASSED[0m[36m     [ 49%][0m
joblib/test/test_hashing.py::test_trivial_hash[obj221-obj111] [32mPASSED[0m[36m     [ 49%][0m
joblib/test/test_hashing.py::test_trivial_hash[obj221-obj112] [32mPASSED[0m[36m     [ 49%][0m
joblib/test/test_hashing.py::test_trivial_hash[obj221-obj113] [32mPASSED[0m[36m     [ 49%][0m
joblib/test/test_hashing.py::test_trivial_hash[obj221-obj114] [32mPASSED[0m[36m     [ 49%][0m
joblib/test/test_hashing.py::test_trivial_hash[obj221-None] [32mPASSED[0m[36m       [ 49%][0m
joblib/test/test_hashing.py::test_trivial_hash[obj221-obj116] [32mPASSED[0m[36m     [ 49%][0m
joblib/test/test_hashing.py::test_trivial_hash[obj221-obj117] [32mPASSED[0m[36m     [ 49%][0m
joblib/test/test_hashing.py::test_trivial_hash[obj221-obj118] [32mPASSED[0m[36m     [ 49%][0m
joblib/test/test_hashing.py::test_trivial_hash[obj221-obj119] [32mPASSED[0m[36m     [ 50%][0m
joblib/test/test_hashing.py::test_trivial_hash[obj221-obj120] [32mPASSED[0m[36m     [ 50%][0m
joblib/test/test_hashing.py::test_trivial_hash[obj221-obj121] [32mPASSED[0m[36m     [ 50%][0m
joblib/test/test_hashing.py::test_hash_methods [32mPASSED[0m[36m                    [ 50%][0m
joblib/test/test_hashing.py::test_hash_numpy_arrays [32mPASSED[0m[36m               [ 50%][0m
joblib/test/test_hashing.py::test_hash_numpy_dict_of_arrays [32mPASSED[0m[36m       [ 50%][0m
joblib/test/test_hashing.py::test_numpy_datetime_array[datetime64[s]] [32mPASSED[0m[36m [ 50%][0m
joblib/test/test_hashing.py::test_numpy_datetime_array[timedelta64[D]] [32mPASSED[0m[36m [ 50%][0m
joblib/test/test_hashing.py::test_hash_numpy_noncontiguous [32mPASSED[0m[36m        [ 50%][0m
joblib/test/test_hashing.py::test_hash_memmap[True] [32mPASSED[0m[36m               [ 50%][0m
joblib/test/test_hashing.py::test_hash_memmap[False] [32mPASSED[0m[36m              [ 50%][0m
joblib/test/test_hashing.py::test_hash_numpy_performance [32mPASSED[0m[36m          [ 51%][0m
joblib/test/test_hashing.py::test_bound_methods_hash [32mPASSED[0m[36m              [ 51%][0m
joblib/test/test_hashing.py::test_bound_cached_methods_hash [32mPASSED[0m[36m       [ 51%][0m
joblib/test/test_hashing.py::test_hash_object_dtype [32mPASSED[0m[36m               [ 51%][0m
joblib/test/test_hashing.py::test_numpy_scalar [32mPASSED[0m[36m                    [ 51%][0m
joblib/test/test_hashing.py::test_dict_hash [32mPASSED[0m[36m                       [ 51%][0m
joblib/test/test_hashing.py::test_set_hash [32mPASSED[0m[36m                        [ 51%][0m
joblib/test/test_hashing.py::test_set_decimal_hash [32mPASSED[0m[36m                [ 51%][0m
joblib/test/test_hashing.py::test_string [32mPASSED[0m[36m                          [ 51%][0m
joblib/test/test_hashing.py::test_dtype [32mPASSED[0m[36m                           [ 51%][0m
joblib/test/test_hashing.py::test_hashes_stay_the_same[This is a string to hash-expected0] [32mPASSED[0m[36m [ 52%][0m
joblib/test/test_hashing.py::test_hashes_stay_the_same[C'est l\xe9t\xe9-expected1] [32mPASSED[0m[36m [ 52%][0m
joblib/test/test_hashing.py::test_hashes_stay_the_same[to_hash2-expected2] [32mPASSED[0m[36m [ 52%][0m
joblib/test/test_hashing.py::test_hashes_stay_the_same[to_hash3-expected3] [32mPASSED[0m[36m [ 52%][0m
joblib/test/test_hashing.py::test_hashes_stay_the_same[to_hash4-expected4] [32mPASSED[0m[36m [ 52%][0m
joblib/test/test_hashing.py::test_hashes_stay_the_same[to_hash5-expected5] [32mPASSED[0m[36m [ 52%][0m
joblib/test/test_hashing.py::test_hashes_are_different_between_c_and_fortran_contiguous_arrays [32mPASSED[0m[36m [ 52%][0m
joblib/test/test_hashing.py::test_0d_array [32mPASSED[0m[36m                        [ 52%][0m
joblib/test/test_hashing.py::test_0d_and_1d_array_hashing_is_different [32mPASSED[0m[36m [ 52%][0m
joblib/test/test_hashing.py::test_hashes_stay_the_same_with_numpy_objects [32mPASSED[0m[36m [ 52%][0m
joblib/test/test_hashing.py::test_hashing_pickling_error [32mPASSED[0m[36m          [ 52%][0m
joblib/test/test_logger.py::test_print_time [32mPASSED[0m[36m                       [ 53%][0m
joblib/test/test_memmapping.py::test_memmap_based_array_reducing [33mSKIPPED[0m[36m [ 53%][0m
joblib/test/test_memmapping.py::test_high_dimension_memmap_array_reducing [33mSKIPPED[0m[36m [ 53%][0m
joblib/test/test_memmapping.py::test__strided_from_memmap [32mPASSED[0m[36m         [ 53%][0m
joblib/test/test_memmapping.py::test_pool_with_memmap[multiprocessing] [33mSKIPPED[0m[36m [ 53%][0m
joblib/test/test_memmapping.py::test_pool_with_memmap[loky] [33mSKIPPED[0m[36m      [ 53%][0m
joblib/test/test_memmapping.py::test_pool_with_memmap_array_view[multiprocessing] [33mSKIPPED[0m[36m [ 53%][0m
joblib/test/test_memmapping.py::test_pool_with_memmap_array_view[loky] [33mSKIPPED[0m[36m [ 53%][0m
joblib/test/test_memmapping.py::test_memmapping_pool_for_large_arrays[multiprocessing] [33mSKIPPED[0m[36m [ 53%][0m
joblib/test/test_memmapping.py::test_memmapping_pool_for_large_arrays[loky] [33mSKIPPED[0m[36m [ 53%][0m
joblib/test/test_memmapping.py::test_memmapping_pool_for_large_arrays_disabled[multiprocessing] [33mSKIPPED[0m[36m [ 53%][0m
joblib/test/test_memmapping.py::test_memmapping_pool_for_large_arrays_disabled[loky] [33mSKIPPED[0m[36m [ 54%][0m
joblib/test/test_memmapping.py::test_memmapping_on_large_enough_dev_shm[multiprocessing] [33mSKIPPED[0m[36m [ 54%][0m
joblib/test/test_memmapping.py::test_memmapping_on_large_enough_dev_shm[loky] [33mSKIPPED[0m[36m [ 54%][0m
joblib/test/test_memmapping.py::test_memmapping_on_too_small_dev_shm[multiprocessing] [33mSKIPPED[0m[36m [ 54%][0m
joblib/test/test_memmapping.py::test_memmapping_on_too_small_dev_shm[loky] [33mSKIPPED[0m[36m [ 54%][0m
joblib/test/test_memmapping.py::test_memmapping_pool_for_large_arrays_in_return[multiprocessing] [33mSKIPPED[0m[36m [ 54%][0m
joblib/test/test_memmapping.py::test_memmapping_pool_for_large_arrays_in_return[loky] [33mSKIPPED[0m[36m [ 54%][0m
joblib/test/test_memmapping.py::test_workaround_against_bad_memmap_with_copied_buffers[multiprocessing] [33mSKIPPED[0m[36m [ 54%][0m
joblib/test/test_memmapping.py::test_workaround_against_bad_memmap_with_copied_buffers[loky] [33mSKIPPED[0m[36m [ 54%][0m
joblib/test/test_memmapping.py::test_pool_memmap_with_big_offset[multiprocessing] [33mSKIPPED[0m[36m [ 54%][0m
joblib/test/test_memmapping.py::test_pool_memmap_with_big_offset[loky] [33mSKIPPED[0m[36m [ 54%][0m
joblib/test/test_memmapping.py::test_pool_get_temp_dir [32mPASSED[0m[36m            [ 55%][0m
joblib/test/test_memmapping.py::test_numpy_arrays_use_different_memory[r+] [32mPASSED[0m[36m [ 55%][0m
joblib/test/test_memmapping.py::test_numpy_arrays_use_different_memory[w+] [32mPASSED[0m[36m [ 55%][0m
joblib/test/test_memmapping.py::test_weak_array_key_map [32mPASSED[0m[36m           [ 55%][0m
joblib/test/test_memmapping.py::test_weak_array_key_map_no_pickling [32mPASSED[0m[36m [ 55%][0m
joblib/test/test_memory.py::test_memory_integration [32mPASSED[0m[36m               [ 55%][0m
joblib/test/test_memory.py::test_no_memory [32mPASSED[0m[36m                        [ 55%][0m
joblib/test/test_memory.py::test_memory_kwarg [32mPASSED[0m[36m                     [ 55%][0m
joblib/test/test_memory.py::test_memory_lambda [32mPASSED[0m[36m                    [ 55%][0m
joblib/test/test_memory.py::test_memory_name_collision [32mPASSED[0m[36m            [ 55%][0m
joblib/test/test_memory.py::test_memory_warning_lambda_collisions [32mPASSED[0m[36m [ 56%][0m
joblib/test/test_memory.py::test_memory_warning_collision_detection [32mPASSED[0m[36m [ 56%][0m
joblib/test/test_memory.py::test_memory_partial [32mPASSED[0m[36m                   [ 56%][0m
joblib/test/test_memory.py::test_memory_eval [32mPASSED[0m[36m                      [ 56%][0m
joblib/test/test_memory.py::test_argument_change [32mPASSED[0m[36m                  [ 56%][0m
joblib/test/test_memory.py::test_memory_numpy[None] [32mPASSED[0m[36m               [ 56%][0m
joblib/test/test_memory.py::test_memory_numpy[r] [32mPASSED[0m[36m                  [ 56%][0m
joblib/test/test_memory.py::test_memory_numpy_check_mmap_mode [32mPASSED[0m[36m     [ 56%][0m
joblib/test/test_memory.py::test_memory_exception [32mPASSED[0m[36m                 [ 56%][0m
joblib/test/test_memory.py::test_memory_ignore [32mPASSED[0m[36m                    [ 56%][0m
joblib/test/test_memory.py::test_partial_decoration[ignore0-100-r] [32mPASSED[0m[36m [ 56%][0m
joblib/test/test_memory.py::test_partial_decoration[ignore1-10-None] [32mPASSED[0m[36m [ 57%][0m
joblib/test/test_memory.py::test_func_dir [32mPASSED[0m[36m                         [ 57%][0m
joblib/test/test_memory.py::test_persistence [32mPASSED[0m[36m                      [ 57%][0m
joblib/test/test_memory.py::test_call_and_shelve [32mPASSED[0m[36m                  [ 57%][0m
joblib/test/test_memory.py::test_memorized_pickling [32mPASSED[0m[36m               [ 57%][0m
joblib/test/test_memory.py::test_memorized_repr [32mPASSED[0m[36m                   [ 57%][0m
joblib/test/test_memory.py::test_memory_file_modification [32mPASSED[0m[36m         [ 57%][0m
joblib/test/test_memory.py::test_memory_in_memory_function_code_change [32mPASSED[0m[36m [ 57%][0m
joblib/test/test_memory.py::test_clear_memory_with_none_location [32mPASSED[0m[36m  [ 57%][0m
joblib/test/test_memory.py::test_memory_func_with_kwonly_args [32mPASSED[0m[36m     [ 57%][0m
joblib/test/test_memory.py::test_memory_func_with_signature [32mPASSED[0m[36m       [ 57%][0m
joblib/test/test_memory.py::test__get_items [32mPASSED[0m[36m                       [ 58%][0m
joblib/test/test_memory.py::test__get_items_to_delete [32mPASSED[0m[36m             [ 58%][0m
joblib/test/test_memory.py::test_memory_reduce_size [32mPASSED[0m[36m               [ 58%][0m
joblib/test/test_memory.py::test_memory_clear [32mPASSED[0m[36m                     [ 58%][0m
joblib/test/test_memory.py::test_cached_function_race_condition_when_persisting_output [33mSKIPPED[0m[36m [ 58%][0m
joblib/test/test_memory.py::test_cached_function_race_condition_when_persisting_output_2 [33mSKIPPED[0m[36m [ 58%][0m
joblib/test/test_memory.py::test_concurrency_safe_write[multiprocessing] [33mSKIPPED[0m[36m [ 58%][0m
joblib/test/test_memory.py::test_concurrency_safe_write[loky] [33mSKIPPED[0m[36m    [ 58%][0m
joblib/test/test_memory.py::test_concurrency_safe_write[threading] [33mSKIPPED[0m[36m [ 58%][0m
joblib/test/test_memory.py::test_memory_recomputes_after_an_error_why_loading_results [32mPASSED[0m[36m [ 58%][0m
joblib/test/test_memory.py::test_deprecated_cachedir_behaviour [32mPASSED[0m[36m    [ 58%][0m
joblib/test/test_memory.py::test_register_invalid_store_backends_key[None] [32mPASSED[0m[36m [ 59%][0m
joblib/test/test_memory.py::test_register_invalid_store_backends_key[invalid_prefix1] [32mPASSED[0m[36m [ 59%][0m
joblib/test/test_memory.py::test_register_invalid_store_backends_key[invalid_prefix2] [32mPASSED[0m[36m [ 59%][0m
joblib/test/test_memory.py::test_register_invalid_store_backends_object [32mPASSED[0m[36m [ 59%][0m
joblib/test/test_memory.py::test_memory_default_store_backend [32mPASSED[0m[36m     [ 59%][0m
joblib/test/test_memory.py::test_instanciate_incomplete_store_backend [32mPASSED[0m[36m [ 59%][0m
joblib/test/test_memory.py::test_dummy_store_backend [32mPASSED[0m[36m              [ 59%][0m
joblib/test/test_my_exceptions.py::test_inheritance [32mPASSED[0m[36m               [ 59%][0m
joblib/test/test_my_exceptions.py::test_inheritance_special_cases [32mPASSED[0m[36m [ 59%][0m
joblib/test/test_my_exceptions.py::test__mk_exception [32mPASSED[0m[36m             [ 59%][0m
joblib/test/test_numpy_pickle.py::test_standard_types[None-0] [32mPASSED[0m[36m     [ 60%][0m
joblib/test/test_numpy_pickle.py::test_standard_types[None-1] [32mPASSED[0m[36m     [ 60%][0m
joblib/test/test_numpy_pickle.py::test_standard_types[type-0] [32mPASSED[0m[36m     [ 60%][0m
joblib/test/test_numpy_pickle.py::test_standard_types[type-1] [32mPASSED[0m[36m     [ 60%][0m
joblib/test/test_numpy_pickle.py::test_standard_types[True-0] [32mPASSED[0m[36m     [ 60%][0m
joblib/test/test_numpy_pickle.py::test_standard_types[True-1] [32mPASSED[0m[36m     [ 60%][0m
joblib/test/test_numpy_pickle.py::test_standard_types[10-0] [32mPASSED[0m[36m       [ 60%][0m
joblib/test/test_numpy_pickle.py::test_standard_types[10-1] [32mPASSED[0m[36m       [ 60%][0m
joblib/test/test_numpy_pickle.py::test_standard_types[1.0-0] [32mPASSED[0m[36m      [ 60%][0m
joblib/test/test_numpy_pickle.py::test_standard_types[1.0-1] [32mPASSED[0m[36m      [ 60%][0m
joblib/test/test_numpy_pickle.py::test_standard_types[member5-0] [32mPASSED[0m[36m  [ 60%][0m
joblib/test/test_numpy_pickle.py::test_standard_types[member5-1] [32mPASSED[0m[36m  [ 61%][0m
joblib/test/test_numpy_pickle.py::test_standard_types[11-0] [32mPASSED[0m[36m       [ 61%][0m
joblib/test/test_numpy_pickle.py::test_standard_types[11-1] [32mPASSED[0m[36m       [ 61%][0m
joblib/test/test_numpy_pickle.py::test_standard_types[member7-0] [32mPASSED[0m[36m  [ 61%][0m
joblib/test/test_numpy_pickle.py::test_standard_types[member7-1] [32mPASSED[0m[36m  [ 61%][0m
joblib/test/test_numpy_pickle.py::test_standard_types[member8-0] [32mPASSED[0m[36m  [ 61%][0m
joblib/test/test_numpy_pickle.py::test_standard_types[member8-1] [32mPASSED[0m[36m  [ 61%][0m
joblib/test/test_numpy_pickle.py::test_standard_types[member9-0] [32mPASSED[0m[36m  [ 61%][0m
joblib/test/test_numpy_pickle.py::test_standard_types[member9-1] [32mPASSED[0m[36m  [ 61%][0m
joblib/test/test_numpy_pickle.py::test_standard_types[member10-0] [32mPASSED[0m[36m [ 61%][0m
joblib/test/test_numpy_pickle.py::test_standard_types[member10-1] [32mPASSED[0m[36m [ 61%][0m
joblib/test/test_numpy_pickle.py::test_standard_types[_function-0] [32mPASSED[0m[36m [ 62%][0m
joblib/test/test_numpy_pickle.py::test_standard_types[_function-1] [32mPASSED[0m[36m [ 62%][0m
joblib/test/test_numpy_pickle.py::test_standard_types[_class-0] [32mPASSED[0m[36m   [ 62%][0m
joblib/test/test_numpy_pickle.py::test_standard_types[_class-1] [32mPASSED[0m[36m   [ 62%][0m
joblib/test/test_numpy_pickle.py::test_standard_types[_newclass-0] [32mPASSED[0m[36m [ 62%][0m
joblib/test/test_numpy_pickle.py::test_standard_types[_newclass-1] [32mPASSED[0m[36m [ 62%][0m
joblib/test/test_numpy_pickle.py::test_standard_types[member14-0] [32mPASSED[0m[36m [ 62%][0m
joblib/test/test_numpy_pickle.py::test_standard_types[member14-1] [32mPASSED[0m[36m [ 62%][0m
joblib/test/test_numpy_pickle.py::test_standard_types[member15-0] [32mPASSED[0m[36m [ 62%][0m
joblib/test/test_numpy_pickle.py::test_standard_types[member15-1] [32mPASSED[0m[36m [ 62%][0m
joblib/test/test_numpy_pickle.py::test_value_error [32mPASSED[0m[36m                [ 63%][0m
joblib/test/test_numpy_pickle.py::test_compress_level_error[-1] [32mPASSED[0m[36m   [ 63%][0m
joblib/test/test_numpy_pickle.py::test_compress_level_error[10] [32mPASSED[0m[36m   [ 63%][0m
joblib/test/test_numpy_pickle.py::test_compress_level_error[wrong_compress2] [32mPASSED[0m[36m [ 63%][0m
joblib/test/test_numpy_pickle.py::test_numpy_persistence[False] [32mPASSED[0m[36m   [ 63%][0m
joblib/test/test_numpy_pickle.py::test_numpy_persistence[True] [32mPASSED[0m[36m    [ 63%][0m
joblib/test/test_numpy_pickle.py::test_numpy_persistence[0] [32mPASSED[0m[36m       [ 63%][0m
joblib/test/test_numpy_pickle.py::test_numpy_persistence[3] [32mPASSED[0m[36m       [ 63%][0m
joblib/test/test_numpy_pickle.py::test_numpy_persistence[zlib] [32mPASSED[0m[36m    [ 63%][0m
joblib/test/test_numpy_pickle.py::test_numpy_persistence_bufferred_array_compression [32mPASSED[0m[36m [ 63%][0m
joblib/test/test_numpy_pickle.py::test_memmap_persistence [32mPASSED[0m[36m         [ 63%][0m
joblib/test/test_numpy_pickle.py::test_memmap_persistence_mixed_dtypes [32mPASSED[0m[36m [ 64%][0m
joblib/test/test_numpy_pickle.py::test_masked_array_persistence [32mPASSED[0m[36m   [ 64%][0m
joblib/test/test_numpy_pickle.py::test_compress_mmap_mode_warning [32mPASSED[0m[36m [ 64%][0m
joblib/test/test_numpy_pickle.py::test_cache_size_warning[None] [32mPASSED[0m[36m   [ 64%][0m
joblib/test/test_numpy_pickle.py::test_cache_size_warning[0] [32mPASSED[0m[36m      [ 64%][0m
joblib/test/test_numpy_pickle.py::test_cache_size_warning[10] [32mPASSED[0m[36m     [ 64%][0m
joblib/test/test_numpy_pickle.py::test_memory_usage[True] [32mPASSED[0m[36m         [ 64%][0m
joblib/test/test_numpy_pickle.py::test_memory_usage[False] [32mPASSED[0m[36m        [ 64%][0m
joblib/test/test_numpy_pickle.py::test_compressed_pickle_dump_and_load [32mPASSED[0m[36m [ 64%][0m
joblib/test/test_numpy_pickle.py::test_joblib_pickle_across_python_versions [32mPASSED[0m[36m [ 64%][0m
joblib/test/test_numpy_pickle.py::test_compress_tuple_argument[compress_tuple0] [32mPASSED[0m[36m [ 64%][0m
joblib/test/test_numpy_pickle.py::test_compress_tuple_argument[compress_tuple1] [32mPASSED[0m[36m [ 65%][0m
joblib/test/test_numpy_pickle.py::test_compress_tuple_argument_exception[compress_tuple0-Compress argument tuple should contain exactly 2 elements] [32mPASSED[0m[36m [ 65%][0m
joblib/test/test_numpy_pickle.py::test_compress_tuple_argument_exception[compress_tuple1-Non valid compression method given: "wrong"] [32mPASSED[0m[36m [ 65%][0m
joblib/test/test_numpy_pickle.py::test_compress_tuple_argument_exception[compress_tuple2-Non valid compress level given: "wrong"] [32mPASSED[0m[36m [ 65%][0m
joblib/test/test_numpy_pickle.py::test_compress_string_argument[zlib] [32mPASSED[0m[36m [ 65%][0m
joblib/test/test_numpy_pickle.py::test_compress_string_argument[gzip] [32mPASSED[0m[36m [ 65%][0m
joblib/test/test_numpy_pickle.py::test_joblib_compression_formats[zlib-1] [32mPASSED[0m[36m [ 65%][0m
joblib/test/test_numpy_pickle.py::test_joblib_compression_formats[zlib-3] [32mPASSED[0m[36m [ 65%][0m
joblib/test/test_numpy_pickle.py::test_joblib_compression_formats[zlib-6] [32mPASSED[0m[36m [ 65%][0m
joblib/test/test_numpy_pickle.py::test_joblib_compression_formats[gzip-1] [32mPASSED[0m[36m [ 65%][0m
joblib/test/test_numpy_pickle.py::test_joblib_compression_formats[gzip-3] [32mPASSED[0m[36m [ 65%][0m
joblib/test/test_numpy_pickle.py::test_joblib_compression_formats[gzip-6] [32mPASSED[0m[36m [ 66%][0m
joblib/test/test_numpy_pickle.py::test_joblib_compression_formats[bz2-1] [32mPASSED[0m[36m [ 66%][0m
joblib/test/test_numpy_pickle.py::test_joblib_compression_formats[bz2-3] [32mPASSED[0m[36m [ 66%][0m
joblib/test/test_numpy_pickle.py::test_joblib_compression_formats[bz2-6] [32mPASSED[0m[36m [ 66%][0m
joblib/test/test_numpy_pickle.py::test_joblib_compression_formats[lzma-1] [32mPASSED[0m[36m [ 66%][0m
joblib/test/test_numpy_pickle.py::test_joblib_compression_formats[lzma-3] [32mPASSED[0m[36m [ 66%][0m
joblib/test/test_numpy_pickle.py::test_joblib_compression_formats[lzma-6] [32mPASSED[0m[36m [ 66%][0m
joblib/test/test_numpy_pickle.py::test_joblib_compression_formats[xz-1] [32mPASSED[0m[36m [ 66%][0m
joblib/test/test_numpy_pickle.py::test_joblib_compression_formats[xz-3] [32mPASSED[0m[36m [ 66%][0m
joblib/test/test_numpy_pickle.py::test_joblib_compression_formats[xz-6] [32mPASSED[0m[36m [ 66%][0m
joblib/test/test_numpy_pickle.py::test_joblib_compression_formats[lz4-1] [32mPASSED[0m[36m [ 67%][0m
joblib/test/test_numpy_pickle.py::test_joblib_compression_formats[lz4-3] [32mPASSED[0m[36m [ 67%][0m
joblib/test/test_numpy_pickle.py::test_joblib_compression_formats[lz4-6] [32mPASSED[0m[36m [ 67%][0m
joblib/test/test_numpy_pickle.py::test_load_externally_decompressed_files[.z-_zlib_file_decompress] [32mPASSED[0m[36m [ 67%][0m
joblib/test/test_numpy_pickle.py::test_load_externally_decompressed_files[.gz-_gzip_file_decompress] [32mPASSED[0m[36m [ 67%][0m
joblib/test/test_numpy_pickle.py::test_compression_using_file_extension[.z-zlib] [32mPASSED[0m[36m [ 67%][0m
joblib/test/test_numpy_pickle.py::test_compression_using_file_extension[.gz-gzip] [32mPASSED[0m[36m [ 67%][0m
joblib/test/test_numpy_pickle.py::test_compression_using_file_extension[.bz2-bz2] [32mPASSED[0m[36m [ 67%][0m
joblib/test/test_numpy_pickle.py::test_compression_using_file_extension[.lzma-lzma] [32mPASSED[0m[36m [ 67%][0m
joblib/test/test_numpy_pickle.py::test_compression_using_file_extension[.xz-xz] [32mPASSED[0m[36m [ 67%][0m
joblib/test/test_numpy_pickle.py::test_compression_using_file_extension[.pkl-not-compressed] [32mPASSED[0m[36m [ 67%][0m
joblib/test/test_numpy_pickle.py::test_compression_using_file_extension[-not-compressed] [32mPASSED[0m[36m [ 68%][0m
joblib/test/test_numpy_pickle.py::test_file_handle_persistence [32mPASSED[0m[36m    [ 68%][0m
joblib/test/test_numpy_pickle.py::test_in_memory_persistence [32mPASSED[0m[36m      [ 68%][0m
joblib/test/test_numpy_pickle.py::test_file_handle_persistence_mmap [32mPASSED[0m[36m [ 68%][0m
joblib/test/test_numpy_pickle.py::test_file_handle_persistence_compressed_mmap [32mPASSED[0m[36m [ 68%][0m
joblib/test/test_numpy_pickle.py::test_file_handle_persistence_in_memory_mmap [32mPASSED[0m[36m [ 68%][0m
joblib/test/test_numpy_pickle.py::test_binary_zlibfile[1-a little data as bytes.] [32mPASSED[0m[36m [ 68%][0m
joblib/test/test_numpy_pickle.py::test_binary_zlibfile[1-a large data as bytes.] [32mPASSED[0m[36m [ 68%][0m
joblib/test/test_numpy_pickle.py::test_binary_zlibfile[3-a little data as bytes.] [32mPASSED[0m[36m [ 68%][0m
joblib/test/test_numpy_pickle.py::test_binary_zlibfile[3-a large data as bytes.] [32mPASSED[0m[36m [ 68%][0m
joblib/test/test_numpy_pickle.py::test_binary_zlibfile[9-a little data as bytes.] [32mPASSED[0m[36m [ 68%][0m
joblib/test/test_numpy_pickle.py::test_binary_zlibfile[9-a large data as bytes.] [32mPASSED[0m[36m [ 69%][0m
joblib/test/test_numpy_pickle.py::test_binary_zlibfile_bad_compression_levels[-1] [32mPASSED[0m[36m [ 69%][0m
joblib/test/test_numpy_pickle.py::test_binary_zlibfile_bad_compression_levels[10] [32mPASSED[0m[36m [ 69%][0m
joblib/test/test_numpy_pickle.py::test_binary_zlibfile_bad_compression_levels[15] [32mPASSED[0m[36m [ 69%][0m
joblib/test/test_numpy_pickle.py::test_binary_zlibfile_bad_compression_levels[a] [32mPASSED[0m[36m [ 69%][0m
joblib/test/test_numpy_pickle.py::test_binary_zlibfile_bad_compression_levels[bad_value4] [32mPASSED[0m[36m [ 69%][0m
joblib/test/test_numpy_pickle.py::test_binary_zlibfile_bad_compression_levels[bad_value5] [32mPASSED[0m[36m [ 69%][0m
joblib/test/test_numpy_pickle.py::test_binary_zlibfile_invalid_modes[a] [32mPASSED[0m[36m [ 69%][0m
joblib/test/test_numpy_pickle.py::test_binary_zlibfile_invalid_modes[x] [32mPASSED[0m[36m [ 69%][0m
joblib/test/test_numpy_pickle.py::test_binary_zlibfile_invalid_modes[r] [32mPASSED[0m[36m [ 69%][0m
joblib/test/test_numpy_pickle.py::test_binary_zlibfile_invalid_modes[w] [32mPASSED[0m[36m [ 69%][0m
joblib/test/test_numpy_pickle.py::test_binary_zlibfile_invalid_modes[1] [32mPASSED[0m[36m [ 70%][0m
joblib/test/test_numpy_pickle.py::test_binary_zlibfile_invalid_modes[2] [32mPASSED[0m[36m [ 70%][0m
joblib/test/test_numpy_pickle.py::test_binary_zlibfile_invalid_filename_type[1] [32mPASSED[0m[36m [ 70%][0m
joblib/test/test_numpy_pickle.py::test_binary_zlibfile_invalid_filename_type[bad_file1] [32mPASSED[0m[36m [ 70%][0m
joblib/test/test_numpy_pickle.py::test_binary_zlibfile_invalid_filename_type[bad_file2] [32mPASSED[0m[36m [ 70%][0m
joblib/test/test_numpy_pickle.py::test_numpy_subclass [32mPASSED[0m[36m             [ 70%][0m
joblib/test/test_numpy_pickle.py::test_pathlib [32mPASSED[0m[36m                    [ 70%][0m
joblib/test/test_numpy_pickle.py::test_non_contiguous_array_pickling [32mPASSED[0m[36m [ 70%][0m
joblib/test/test_numpy_pickle.py::test_pickle_highest_protocol [32mPASSED[0m[36m    [ 70%][0m
joblib/test/test_numpy_pickle.py::test_pickle_in_socket [32mPASSED[0m[36m           [ 70%][0m
joblib/test/test_numpy_pickle.py::test_load_memmap_with_big_offset [32mPASSED[0m[36m [ 71%][0m
joblib/test/test_numpy_pickle.py::test_register_compressor [32mPASSED[0m[36m        [ 71%][0m
joblib/test/test_numpy_pickle.py::test_register_compressor_invalid_name[1] [32mPASSED[0m[36m [ 71%][0m
joblib/test/test_numpy_pickle.py::test_register_compressor_invalid_name[invalid_name1] [32mPASSED[0m[36m [ 71%][0m
joblib/test/test_numpy_pickle.py::test_register_compressor_invalid_name[invalid_name2] [32mPASSED[0m[36m [ 71%][0m
joblib/test/test_numpy_pickle.py::test_register_compressor_invalid_fileobj [32mPASSED[0m[36m [ 71%][0m
joblib/test/test_numpy_pickle.py::test_register_compressor_already_registered [32mPASSED[0m[36m [ 71%][0m
joblib/test/test_numpy_pickle.py::test_lz4_compression [32mPASSED[0m[36m            [ 71%][0m
joblib/test/test_numpy_pickle.py::test_lz4_compression_without_lz4 [33mSKIPPED[0m[36m [ 71%][0m
joblib/test/test_numpy_pickle_compat.py::test_z_file [32mPASSED[0m[36m              [ 71%][0m
joblib/test/test_numpy_pickle_utils.py::test_binary_zlib_file[test0] [32mPASSED[0m[36m [ 71%][0m
joblib/test/test_numpy_pickle_utils.py::test_binary_zlib_file[test1] [32mPASSED[0m[36m [ 72%][0m
joblib/test/test_parallel.py::test_cpu_count [32mPASSED[0m[36m                      [ 72%][0m
joblib/test/test_parallel.py::test_effective_n_jobs [32mPASSED[0m[36m               [ 72%][0m
joblib/test/test_parallel.py::test_simple_parallel[2-1-None] [32mPASSED[0m[36m      [ 72%][0m
joblib/test/test_parallel.py::test_simple_parallel[2-1-loky] [32mPASSED[0m[36m      [ 72%][0m
joblib/test/test_parallel.py::test_simple_parallel[2-1-multiprocessing] [32mPASSED[0m[36m [ 72%][0m
joblib/test/test_parallel.py::test_simple_parallel[2-1-sequential] [32mPASSED[0m[36m [ 72%][0m
joblib/test/test_parallel.py::test_simple_parallel[2-1-threading] [32mPASSED[0m[36m [ 72%][0m
joblib/test/test_parallel.py::test_simple_parallel[2-1-backend5] [32mPASSED[0m[36m  [ 72%][0m
joblib/test/test_parallel.py::test_simple_parallel[2-1-backend6] [32mPASSED[0m[36m  [ 72%][0m
joblib/test/test_parallel.py::test_simple_parallel[2-1-backend7] [32mPASSED[0m[36m  [ 72%][0m
joblib/test/test_parallel.py::test_simple_parallel[2-1-backend8] [32mPASSED[0m[36m  [ 73%][0m
joblib/test/test_parallel.py::test_simple_parallel[2-2-None] [32mPASSED[0m[36m      [ 73%][0m
joblib/test/test_parallel.py::test_simple_parallel[2-2-loky] [32mPASSED[0m[36m      [ 73%][0m
joblib/test/test_parallel.py::test_simple_parallel[2-2-multiprocessing] [32mPASSED[0m[36m [ 73%][0m
joblib/test/test_parallel.py::test_simple_parallel[2-2-sequential] [32mPASSED[0m[36m [ 73%][0m
joblib/test/test_parallel.py::test_simple_parallel[2-2-threading] [32mPASSED[0m[36m [ 73%][0m
joblib/test/test_parallel.py::test_simple_parallel[2-2-backend5] [32mPASSED[0m[36m  [ 73%][0m
joblib/test/test_parallel.py::test_simple_parallel[2-2-backend6] [32mPASSED[0m[36m  [ 73%][0m
joblib/test/test_parallel.py::test_simple_parallel[2-2-backend7] [32mPASSED[0m[36m  [ 73%][0m
joblib/test/test_parallel.py::test_simple_parallel[2-2-backend8] [32mPASSED[0m[36m  [ 73%][0m
joblib/test/test_parallel.py::test_simple_parallel[2--1-None] [32mPASSED[0m[36m     [ 73%][0m
joblib/test/test_parallel.py::test_simple_parallel[2--1-loky] [32mPASSED[0m[36m     [ 74%][0m
joblib/test/test_parallel.py::test_simple_parallel[2--1-multiprocessing] [32mPASSED[0m[36m [ 74%][0m
joblib/test/test_parallel.py::test_simple_parallel[2--1-sequential] [32mPASSED[0m[36m [ 74%][0m
joblib/test/test_parallel.py::test_simple_parallel[2--1-threading] [32mPASSED[0m[36m [ 74%][0m
joblib/test/test_parallel.py::test_simple_parallel[2--1-backend5] [32mPASSED[0m[36m [ 74%][0m
joblib/test/test_parallel.py::test_simple_parallel[2--1-backend6] [32mPASSED[0m[36m [ 74%][0m
joblib/test/test_parallel.py::test_simple_parallel[2--1-backend7] [32mPASSED[0m[36m [ 74%][0m
joblib/test/test_parallel.py::test_simple_parallel[2--1-backend8] [32mPASSED[0m[36m [ 74%][0m
joblib/test/test_parallel.py::test_simple_parallel[2--2-None] [32mPASSED[0m[36m     [ 74%][0m
joblib/test/test_parallel.py::test_simple_parallel[2--2-loky] [32mPASSED[0m[36m     [ 74%][0m
joblib/test/test_parallel.py::test_simple_parallel[2--2-multiprocessing] [32mPASSED[0m[36m [ 75%][0m
joblib/test/test_parallel.py::test_simple_parallel[2--2-sequential] [32mPASSED[0m[36m [ 75%][0m
joblib/test/test_parallel.py::test_simple_parallel[2--2-threading] [32mPASSED[0m[36m [ 75%][0m
joblib/test/test_parallel.py::test_simple_parallel[2--2-backend5] [32mPASSED[0m[36m [ 75%][0m
joblib/test/test_parallel.py::test_simple_parallel[2--2-backend6] [32mPASSED[0m[36m [ 75%][0m
joblib/test/test_parallel.py::test_simple_parallel[2--2-backend7] [32mPASSED[0m[36m [ 75%][0m
joblib/test/test_parallel.py::test_simple_parallel[2--2-backend8] [32mPASSED[0m[36m [ 75%][0m
joblib/test/test_parallel.py::test_simple_parallel[11-1-None] [32mPASSED[0m[36m     [ 75%][0m
joblib/test/test_parallel.py::test_simple_parallel[11-1-loky] [32mPASSED[0m[36m     [ 75%][0m
joblib/test/test_parallel.py::test_simple_parallel[11-1-multiprocessing] [32mPASSED[0m[36m [ 75%][0m
joblib/test/test_parallel.py::test_simple_parallel[11-1-sequential] [32mPASSED[0m[36m [ 75%][0m
joblib/test/test_parallel.py::test_simple_parallel[11-1-threading] [32mPASSED[0m[36m [ 76%][0m
joblib/test/test_parallel.py::test_simple_parallel[11-1-backend5] [32mPASSED[0m[36m [ 76%][0m
joblib/test/test_parallel.py::test_simple_parallel[11-1-backend6] [32mPASSED[0m[36m [ 76%][0m
joblib/test/test_parallel.py::test_simple_parallel[11-1-backend7] [32mPASSED[0m[36m [ 76%][0m
joblib/test/test_parallel.py::test_simple_parallel[11-1-backend8] [32mPASSED[0m[36m [ 76%][0m
joblib/test/test_parallel.py::test_simple_parallel[11-2-None] [32mPASSED[0m[36m     [ 76%][0m
joblib/test/test_parallel.py::test_simple_parallel[11-2-loky] [32mPASSED[0m[36m     [ 76%][0m
joblib/test/test_parallel.py::test_simple_parallel[11-2-multiprocessing] [32mPASSED[0m[36m [ 76%][0m
joblib/test/test_parallel.py::test_simple_parallel[11-2-sequential] [32mPASSED[0m[36m [ 76%][0m
joblib/test/test_parallel.py::test_simple_parallel[11-2-threading] [32mPASSED[0m[36m [ 76%][0m
joblib/test/test_parallel.py::test_simple_parallel[11-2-backend5] [32mPASSED[0m[36m [ 76%][0m
joblib/test/test_parallel.py::test_simple_parallel[11-2-backend6] [32mPASSED[0m[36m [ 77%][0m
joblib/test/test_parallel.py::test_simple_parallel[11-2-backend7] [32mPASSED[0m[36m [ 77%][0m
joblib/test/test_parallel.py::test_simple_parallel[11-2-backend8] [32mPASSED[0m[36m [ 77%][0m
joblib/test/test_parallel.py::test_simple_parallel[11--1-None] [32mPASSED[0m[36m    [ 77%][0m
joblib/test/test_parallel.py::test_simple_parallel[11--1-loky] [32mPASSED[0m[36m    [ 77%][0m
joblib/test/test_parallel.py::test_simple_parallel[11--1-multiprocessing] [32mPASSED[0m[36m [ 77%][0m
joblib/test/test_parallel.py::test_simple_parallel[11--1-sequential] [32mPASSED[0m[36m [ 77%][0m
joblib/test/test_parallel.py::test_simple_parallel[11--1-threading] [32mPASSED[0m[36m [ 77%][0m
joblib/test/test_parallel.py::test_simple_parallel[11--1-backend5] [32mPASSED[0m[36m [ 77%][0m
joblib/test/test_parallel.py::test_simple_parallel[11--1-backend6] [32mPASSED[0m[36m [ 77%][0m
joblib/test/test_parallel.py::test_simple_parallel[11--1-backend7] [32mPASSED[0m[36m [ 78%][0m
joblib/test/test_parallel.py::test_simple_parallel[11--1-backend8] [32mPASSED[0m[36m [ 78%][0m
joblib/test/test_parallel.py::test_simple_parallel[11--2-None] [32mPASSED[0m[36m    [ 78%][0m
joblib/test/test_parallel.py::test_simple_parallel[11--2-loky] [32mPASSED[0m[36m    [ 78%][0m
joblib/test/test_parallel.py::test_simple_parallel[11--2-multiprocessing] [32mPASSED[0m[36m [ 78%][0m
joblib/test/test_parallel.py::test_simple_parallel[11--2-sequential] [32mPASSED[0m[36m [ 78%][0m
joblib/test/test_parallel.py::test_simple_parallel[11--2-threading] [32mPASSED[0m[36m [ 78%][0m
joblib/test/test_parallel.py::test_simple_parallel[11--2-backend5] [32mPASSED[0m[36m [ 78%][0m
joblib/test/test_parallel.py::test_simple_parallel[11--2-backend6] [32mPASSED[0m[36m [ 78%][0m
joblib/test/test_parallel.py::test_simple_parallel[11--2-backend7] [32mPASSED[0m[36m [ 78%][0m
joblib/test/test_parallel.py::test_simple_parallel[11--2-backend8] [32mPASSED[0m[36m [ 78%][0m
joblib/test/test_parallel.py::test_simple_parallel[100-1-None] [32mPASSED[0m[36m    [ 79%][0m
joblib/test/test_parallel.py::test_simple_parallel[100-1-loky] [32mPASSED[0m[36m    [ 79%][0m
joblib/test/test_parallel.py::test_simple_parallel[100-1-multiprocessing] [32mPASSED[0m[36m [ 79%][0m
joblib/test/test_parallel.py::test_simple_parallel[100-1-sequential] [32mPASSED[0m[36m [ 79%][0m
joblib/test/test_parallel.py::test_simple_parallel[100-1-threading] [32mPASSED[0m[36m [ 79%][0m
joblib/test/test_parallel.py::test_simple_parallel[100-1-backend5] [32mPASSED[0m[36m [ 79%][0m
joblib/test/test_parallel.py::test_simple_parallel[100-1-backend6] [32mPASSED[0m[36m [ 79%][0m
joblib/test/test_parallel.py::test_simple_parallel[100-1-backend7] [32mPASSED[0m[36m [ 79%][0m
joblib/test/test_parallel.py::test_simple_parallel[100-1-backend8] [32mPASSED[0m[36m [ 79%][0m
joblib/test/test_parallel.py::test_simple_parallel[100-2-None] [32mPASSED[0m[36m    [ 79%][0m
joblib/test/test_parallel.py::test_simple_parallel[100-2-loky] [32mPASSED[0m[36m    [ 79%][0m
joblib/test/test_parallel.py::test_simple_parallel[100-2-multiprocessing] [32mPASSED[0m[36m [ 80%][0m
joblib/test/test_parallel.py::test_simple_parallel[100-2-sequential] [32mPASSED[0m[36m [ 80%][0m
joblib/test/test_parallel.py::test_simple_parallel[100-2-threading] [32mPASSED[0m[36m [ 80%][0m
joblib/test/test_parallel.py::test_simple_parallel[100-2-backend5] [32mPASSED[0m[36m [ 80%][0m
joblib/test/test_parallel.py::test_simple_parallel[100-2-backend6] [32mPASSED[0m[36m [ 80%][0m
joblib/test/test_parallel.py::test_simple_parallel[100-2-backend7] [32mPASSED[0m[36m [ 80%][0m
joblib/test/test_parallel.py::test_simple_parallel[100-2-backend8] [32mPASSED[0m[36m [ 80%][0m
joblib/test/test_parallel.py::test_simple_parallel[100--1-None] [32mPASSED[0m[36m   [ 80%][0m
joblib/test/test_parallel.py::test_simple_parallel[100--1-loky] [32mPASSED[0m[36m   [ 80%][0m
joblib/test/test_parallel.py::test_simple_parallel[100--1-multiprocessing] [32mPASSED[0m[36m [ 80%][0m
joblib/test/test_parallel.py::test_simple_parallel[100--1-sequential] [32mPASSED[0m[36m [ 80%][0m
joblib/test/test_parallel.py::test_simple_parallel[100--1-threading] [32mPASSED[0m[36m [ 81%][0m
joblib/test/test_parallel.py::test_simple_parallel[100--1-backend5] [32mPASSED[0m[36m [ 81%][0m
joblib/test/test_parallel.py::test_simple_parallel[100--1-backend6] [32mPASSED[0m[36m [ 81%][0m
joblib/test/test_parallel.py::test_simple_parallel[100--1-backend7] [32mPASSED[0m[36m [ 81%][0m
joblib/test/test_parallel.py::test_simple_parallel[100--1-backend8] [32mPASSED[0m[36m [ 81%][0m
joblib/test/test_parallel.py::test_simple_parallel[100--2-None] [32mPASSED[0m[36m   [ 81%][0m
joblib/test/test_parallel.py::test_simple_parallel[100--2-loky] [32mPASSED[0m[36m   [ 81%][0m
joblib/test/test_parallel.py::test_simple_parallel[100--2-multiprocessing] [32mPASSED[0m[36m [ 81%][0m
joblib/test/test_parallel.py::test_simple_parallel[100--2-sequential] [32mPASSED[0m[36m [ 81%][0m
joblib/test/test_parallel.py::test_simple_parallel[100--2-threading] [32mPASSED[0m[36m [ 81%][0m
joblib/test/test_parallel.py::test_simple_parallel[100--2-backend5] [32mPASSED[0m[36m [ 82%][0m
joblib/test/test_parallel.py::test_simple_parallel[100--2-backend6] [32mPASSED[0m[36m [ 82%][0m
joblib/test/test_parallel.py::test_simple_parallel[100--2-backend7] [32mPASSED[0m[36m [ 82%][0m
joblib/test/test_parallel.py::test_simple_parallel[100--2-backend8] [32mPASSED[0m[36m [ 82%][0m
joblib/test/test_parallel.py::test_main_thread_renamed_no_warning[None] [32mPASSED[0m[36m [ 82%][0m
joblib/test/test_parallel.py::test_main_thread_renamed_no_warning[loky] [32mPASSED[0m[36m [ 82%][0m
joblib/test/test_parallel.py::test_main_thread_renamed_no_warning[multiprocessing] [32mPASSED[0m[36m [ 82%][0m
joblib/test/test_parallel.py::test_main_thread_renamed_no_warning[sequential] [32mPASSED[0m[36m [ 82%][0m
joblib/test/test_parallel.py::test_main_thread_renamed_no_warning[threading] [32mPASSED[0m[36m [ 82%][0m
joblib/test/test_parallel.py::test_main_thread_renamed_no_warning[backend5] [32mPASSED[0m[36m [ 82%][0m
joblib/test/test_parallel.py::test_main_thread_renamed_no_warning[backend6] [32mPASSED[0m[36m [ 82%][0m
joblib/test/test_parallel.py::test_main_thread_renamed_no_warning[backend7] [32mPASSED[0m[36m [ 83%][0m
joblib/test/test_parallel.py::test_main_thread_renamed_no_warning[backend8] [32mPASSED[0m[36m [ 83%][0m
joblib/test/test_parallel.py::test_nested_parallel_warnings[loky-multiprocessing-True] [33mSKIPPED[0m[36m [ 83%][0m
joblib/test/test_parallel.py::test_nested_parallel_warnings[loky-loky-False] [33mSKIPPED[0m[36m [ 83%][0m
joblib/test/test_parallel.py::test_nested_parallel_warnings[multiprocessing-multiprocessing-True] [33mSKIPPED[0m[36m [ 83%][0m
joblib/test/test_parallel.py::test_nested_parallel_warnings[multiprocessing-loky-True] [33mSKIPPED[0m[36m [ 83%][0m
joblib/test/test_parallel.py::test_nested_parallel_warnings[threading-multiprocessing-True] [33mSKIPPED[0m[36m [ 83%][0m
joblib/test/test_parallel.py::test_nested_parallel_warnings[threading-loky-True] [33mSKIPPED[0m[36m [ 83%][0m
joblib/test/test_parallel.py::test_nested_loop[multiprocessing-multiprocessing] [32mPASSED[0m[36m [ 83%][0m
joblib/test/test_parallel.py::test_nested_loop[multiprocessing-threading] [32mPASSED[0m[36m [ 83%][0m
joblib/test/test_parallel.py::test_nested_loop[multiprocessing-sequential] [32mPASSED[0m[36m [ 83%][0m
joblib/test/test_parallel.py::test_nested_loop[multiprocessing-loky] [32mPASSED[0m[36m [ 84%][0m
joblib/test/test_parallel.py::test_nested_loop[threading-multiprocessing] [32mPASSED[0m[36m [ 84%][0m
joblib/test/test_parallel.py::test_nested_loop[threading-threading] [32mPASSED[0m[36m [ 84%][0m
joblib/test/test_parallel.py::test_nested_loop[threading-sequential] [32mPASSED[0m[36m [ 84%][0m
joblib/test/test_parallel.py::test_nested_loop[threading-loky] [32mPASSED[0m[36m    [ 84%][0m
joblib/test/test_parallel.py::test_nested_loop[sequential-multiprocessing] [32mPASSED[0m[36m [ 84%][0m
joblib/test/test_parallel.py::test_nested_loop[sequential-threading] [32mPASSED[0m[36m [ 84%][0m
joblib/test/test_parallel.py::test_nested_loop[sequential-sequential] [32mPASSED[0m[36m [ 84%][0m
joblib/test/test_parallel.py::test_nested_loop[sequential-loky] [32mPASSED[0m[36m   [ 84%][0m
joblib/test/test_parallel.py::test_nested_loop[loky-multiprocessing] [32mPASSED[0m[36m [ 84%][0m
joblib/test/test_parallel.py::test_nested_loop[loky-threading] [32mPASSED[0m[36m    [ 84%][0m
joblib/test/test_parallel.py::test_nested_loop[loky-sequential] [32mPASSED[0m[36m   [ 85%][0m
joblib/test/test_parallel.py::test_nested_loop[loky-loky] [32mPASSED[0m[36m         [ 85%][0m
joblib/test/test_parallel.py::test_mutate_input_with_threads [32mPASSED[0m[36m      [ 85%][0m
joblib/test/test_parallel.py::test_parallel_kwargs[1] [32mPASSED[0m[36m             [ 85%][0m
joblib/test/test_parallel.py::test_parallel_kwargs[2] [32mPASSED[0m[36m             [ 85%][0m
joblib/test/test_parallel.py::test_parallel_kwargs[3] [32mPASSED[0m[36m             [ 85%][0m
joblib/test/test_parallel.py::test_parallel_as_context_manager[multiprocessing] [32mPASSED[0m[36m [ 85%][0m
joblib/test/test_parallel.py::test_parallel_as_context_manager[loky] [32mPASSED[0m[36m [ 85%][0m
joblib/test/test_parallel.py::test_parallel_as_context_manager[threading] [32mPASSED[0m[36m [ 85%][0m
joblib/test/test_parallel.py::test_parallel_pickling [33mSKIPPED[0m[36m             [ 85%][0m
joblib/test/test_parallel.py::test_parallel_timeout_success[multiprocessing] [32mPASSED[0m[36m [ 86%][0m
joblib/test/test_parallel.py::test_parallel_timeout_success[loky] [32mPASSED[0m[36m [ 86%][0m
joblib/test/test_parallel.py::test_parallel_timeout_success[threading] [32mPASSED[0m[36m [ 86%][0m
joblib/test/test_parallel.py::test_parallel_timeout_fail[multiprocessing] [33mSKIPPED[0m[36m [ 86%][0m
joblib/test/test_parallel.py::test_parallel_timeout_fail[loky] [33mSKIPPED[0m[36m   [ 86%][0m
joblib/test/test_parallel.py::test_parallel_timeout_fail[threading] [33mSKIPPED[0m[36m [ 86%][0m
joblib/test/test_parallel.py::test_error_capture[multiprocessing] [33mSKIPPED[0m[36m [ 86%][0m
joblib/test/test_parallel.py::test_error_capture[loky] [33mSKIPPED[0m[36m           [ 86%][0m
joblib/test/test_parallel.py::test_dispatch_one_job[1-expected_queue0-multiprocessing] [32mPASSED[0m[36m [ 86%][0m
joblib/test/test_parallel.py::test_dispatch_one_job[1-expected_queue0-threading] [32mPASSED[0m[36m [ 86%][0m
joblib/test/test_parallel.py::test_dispatch_one_job[1-expected_queue0-sequential] [32mPASSED[0m[36m [ 86%][0m
joblib/test/test_parallel.py::test_dispatch_one_job[1-expected_queue0-loky] [32mPASSED[0m[36m [ 87%][0m
joblib/test/test_parallel.py::test_dispatch_one_job[4-expected_queue1-multiprocessing] [32mPASSED[0m[36m [ 87%][0m
joblib/test/test_parallel.py::test_dispatch_one_job[4-expected_queue1-threading] [32mPASSED[0m[36m [ 87%][0m
joblib/test/test_parallel.py::test_dispatch_one_job[4-expected_queue1-sequential] [32mPASSED[0m[36m [ 87%][0m
joblib/test/test_parallel.py::test_dispatch_one_job[4-expected_queue1-loky] [32mPASSED[0m[36m [ 87%][0m
joblib/test/test_parallel.py::test_dispatch_multiprocessing[multiprocessing] [33mSKIPPED[0m[36m [ 87%][0m
joblib/test/test_parallel.py::test_dispatch_multiprocessing[loky] [33mSKIPPED[0m[36m [ 87%][0m
joblib/test/test_parallel.py::test_dispatch_multiprocessing[threading] [33mSKIPPED[0m[36m [ 87%][0m
joblib/test/test_parallel.py::test_batching_auto_threading [32mPASSED[0m[36m        [ 87%][0m
joblib/test/test_parallel.py::test_batching_auto_subprocesses[multiprocessing] [33mSKIPPED[0m[36m [ 87%][0m
joblib/test/test_parallel.py::test_batching_auto_subprocesses[loky] [33mSKIPPED[0m[36m [ 87%][0m
joblib/test/test_parallel.py::test_exception_dispatch [32mPASSED[0m[36m             [ 88%][0m
joblib/test/test_parallel.py::test_nested_exception_dispatch[loky] [33mSKIPPED[0m[36m [ 88%][0m
joblib/test/test_parallel.py::test_nested_exception_dispatch[multiprocessing] [33mSKIPPED[0m[36m [ 88%][0m
joblib/test/test_parallel.py::test_nested_exception_dispatch[threading] [33mSKIPPED[0m[36m [ 88%][0m
joblib/test/test_parallel.py::test_multiple_spawning [33mSKIPPED[0m[36m             [ 88%][0m
joblib/test/test_parallel.py::test_invalid_backend [32mPASSED[0m[36m                [ 88%][0m
joblib/test/test_parallel.py::test_invalid_njobs[None] [32mPASSED[0m[36m            [ 88%][0m
joblib/test/test_parallel.py::test_invalid_njobs[loky] [32mPASSED[0m[36m            [ 88%][0m
joblib/test/test_parallel.py::test_invalid_njobs[multiprocessing] [32mPASSED[0m[36m [ 88%][0m
joblib/test/test_parallel.py::test_invalid_njobs[sequential] [32mPASSED[0m[36m      [ 88%][0m
joblib/test/test_parallel.py::test_invalid_njobs[threading] [32mPASSED[0m[36m       [ 89%][0m
joblib/test/test_parallel.py::test_invalid_njobs[backend5] [32mPASSED[0m[36m        [ 89%][0m
joblib/test/test_parallel.py::test_invalid_njobs[backend6] [32mPASSED[0m[36m        [ 89%][0m
joblib/test/test_parallel.py::test_invalid_njobs[backend7] [32mPASSED[0m[36m        [ 89%][0m
joblib/test/test_parallel.py::test_invalid_njobs[backend8] [32mPASSED[0m[36m        [ 89%][0m
joblib/test/test_parallel.py::test_register_parallel_backend [32mPASSED[0m[36m      [ 89%][0m
joblib/test/test_parallel.py::test_overwrite_default_backend [32mPASSED[0m[36m      [ 89%][0m
joblib/test/test_parallel.py::test_backend_context_manager[multiprocessing] [33mSKIPPED[0m[36m [ 89%][0m
joblib/test/test_parallel.py::test_backend_context_manager[loky] [33mSKIPPED[0m[36m [ 89%][0m
joblib/test/test_parallel.py::test_backend_context_manager[threading] [33mSKIPPED[0m[36m [ 89%][0m
joblib/test/test_parallel.py::test_backend_context_manager[test_backend_0] [33mSKIPPED[0m[36m [ 89%][0m
joblib/test/test_parallel.py::test_backend_context_manager[test_backend_1] [33mSKIPPED[0m[36m [ 90%][0m
joblib/test/test_parallel.py::test_backend_context_manager[test_backend_2] [33mSKIPPED[0m[36m [ 90%][0m
joblib/test/test_parallel.py::test_parameterized_backend_context_manager [32mPASSED[0m[36m [ 90%][0m
joblib/test/test_parallel.py::test_direct_parameterized_backend_context_manager [32mPASSED[0m[36m [ 90%][0m
joblib/test/test_parallel.py::test_nested_backend_context_manager [33mSKIPPED[0m[36m [ 90%][0m
joblib/test/test_parallel.py::test_retrieval_context [33mSKIPPED[0m[36m             [ 90%][0m
joblib/test/test_parallel.py::test_joblib_exception [32mPASSED[0m[36m               [ 90%][0m
joblib/test/test_parallel.py::test_safe_function [32mPASSED[0m[36m                  [ 90%][0m
joblib/test/test_parallel.py::test_invalid_batch_size[0] [32mPASSED[0m[36m          [ 90%][0m
joblib/test/test_parallel.py::test_invalid_batch_size[-1] [32mPASSED[0m[36m         [ 90%][0m
joblib/test/test_parallel.py::test_invalid_batch_size[1.42] [32mPASSED[0m[36m       [ 90%][0m
joblib/test/test_parallel.py::test_dispatch_race_condition[2-2-all-auto] [32mPASSED[0m[36m [ 91%][0m
joblib/test/test_parallel.py::test_dispatch_race_condition[2-2-n_jobs-auto] [32mPASSED[0m[36m [ 91%][0m
joblib/test/test_parallel.py::test_dispatch_race_condition[10-2-n_jobs-auto0] [32mPASSED[0m[36m [ 91%][0m
joblib/test/test_parallel.py::test_dispatch_race_condition[517-2-n_jobs-auto] [32mPASSED[0m[36m [ 91%][0m
joblib/test/test_parallel.py::test_dispatch_race_condition[10-2-n_jobs-auto1] [32mPASSED[0m[36m [ 91%][0m
joblib/test/test_parallel.py::test_dispatch_race_condition[10-4-n_jobs-auto] [32mPASSED[0m[36m [ 91%][0m
joblib/test/test_parallel.py::test_dispatch_race_condition[200-12-n_jobs-auto] [32mPASSED[0m[36m [ 91%][0m
joblib/test/test_parallel.py::test_dispatch_race_condition[25-12-2 * n_jobs-1] [32mPASSED[0m[36m [ 91%][0m
joblib/test/test_parallel.py::test_dispatch_race_condition[250-12-all-1] [32mPASSED[0m[36m [ 91%][0m
joblib/test/test_parallel.py::test_dispatch_race_condition[250-12-2 * n_jobs-7] [32mPASSED[0m[36m [ 91%][0m
joblib/test/test_parallel.py::test_dispatch_race_condition[200-12-2 * n_jobs-auto] [32mPASSED[0m[36m [ 91%][0m
joblib/test/test_parallel.py::test_default_mp_context [33mSKIPPED[0m[36m            [ 92%][0m
joblib/test/test_parallel.py::test_no_blas_crash_or_freeze_with_subprocesses[multiprocessing] [33mSKIPPED[0m[36m [ 92%][0m
joblib/test/test_parallel.py::test_no_blas_crash_or_freeze_with_subprocesses[loky] [33mSKIPPED[0m[36m [ 92%][0m
joblib/test/test_parallel.py::test_parallel_with_interactively_defined_functions[multiprocessing] [33mSKIPPED[0m[36m [ 92%][0m
joblib/test/test_parallel.py::test_parallel_with_interactively_defined_functions[loky] [33mSKIPPED[0m[36m [ 92%][0m
joblib/test/test_parallel.py::test_parallel_with_unpicklable_functions_in_args[delayed-def square(x):\n    return x ** 2\n-multiprocessing] [33mSKIPPED[0m[36m [ 92%][0m
joblib/test/test_parallel.py::test_parallel_with_unpicklable_functions_in_args[delayed-def square(x):\n    return x ** 2\n-loky] [33mSKIPPED[0m[36m [ 92%][0m
joblib/test/test_parallel.py::test_parallel_with_unpicklable_functions_in_args[delayed-def gen_square():\n    def square(x):\n        return x ** 2\n    return square\nsquare = gen_square()\n-multiprocessing] [33mSKIPPED[0m[36m [ 92%][0m
joblib/test/test_parallel.py::test_parallel_with_unpicklable_functions_in_args[delayed-def gen_square():\n    def square(x):\n        return x ** 2\n    return square\nsquare = gen_square()\n-loky] [33mSKIPPED[0m[36m [ 92%][0m
joblib/test/test_parallel.py::test_parallel_with_unpicklable_functions_in_args[delayed-square = lambda x: x ** 2\n-multiprocessing] [33mSKIPPED[0m[36m [ 92%][0m
joblib/test/test_parallel.py::test_parallel_with_unpicklable_functions_in_args[delayed-square = lambda x: x ** 2\n-loky] [33mSKIPPED[0m[36m [ 93%][0m
joblib/test/test_parallel.py::test_parallel_with_unpicklable_functions_in_args[args-def square(x):\n    return x ** 2\n-multiprocessing] [33mSKIPPED[0m[36m [ 93%][0m
joblib/test/test_parallel.py::test_parallel_with_unpicklable_functions_in_args[args-def square(x):\n    return x ** 2\n-loky] [33mSKIPPED[0m[36m [ 93%][0m
joblib/test/test_parallel.py::test_parallel_with_unpicklable_functions_in_args[args-def gen_square():\n    def square(x):\n        return x ** 2\n    return square\nsquare = gen_square()\n-multiprocessing] [33mSKIPPED[0m[36m [ 93%][0m
joblib/test/test_parallel.py::test_parallel_with_unpicklable_functions_in_args[args-def gen_square():\n    def square(x):\n        return x ** 2\n    return square\nsquare = gen_square()\n-loky] [33mSKIPPED[0m[36m [ 93%][0m
joblib/test/test_parallel.py::test_parallel_with_unpicklable_functions_in_args[args-square = lambda x: x ** 2\n-multiprocessing] [33mSKIPPED[0m[36m [ 93%][0m
joblib/test/test_parallel.py::test_parallel_with_unpicklable_functions_in_args[args-square = lambda x: x ** 2\n-loky] [33mSKIPPED[0m[36m [ 93%][0m
joblib/test/test_parallel.py::test_parallel_with_unpicklable_functions_in_args[kwargs-def square(x):\n    return x ** 2\n-multiprocessing] [33mSKIPPED[0m[36m [ 93%][0m
joblib/test/test_parallel.py::test_parallel_with_unpicklable_functions_in_args[kwargs-def square(x):\n    return x ** 2\n-loky] [33mSKIPPED[0m[36m [ 93%][0m
joblib/test/test_parallel.py::test_parallel_with_unpicklable_functions_in_args[kwargs-def gen_square():\n    def square(x):\n        return x ** 2\n    return square\nsquare = gen_square()\n-multiprocessing] [33mSKIPPED[0m[36m [ 93%][0m
joblib/test/test_parallel.py::test_parallel_with_unpicklable_functions_in_args[kwargs-def gen_square():\n    def square(x):\n        return x ** 2\n    return square\nsquare = gen_square()\n-loky] [33mSKIPPED[0m[36m [ 93%][0m
joblib/test/test_parallel.py::test_parallel_with_unpicklable_functions_in_args[kwargs-square = lambda x: x ** 2\n-multiprocessing] [33mSKIPPED[0m[36m [ 94%][0m
joblib/test/test_parallel.py::test_parallel_with_unpicklable_functions_in_args[kwargs-square = lambda x: x ** 2\n-loky] [33mSKIPPED[0m[36m [ 94%][0m
joblib/test/test_parallel.py::test_parallel_with_interactively_defined_functions_default_backend [33mSKIPPED[0m[36m [ 94%][0m
joblib/test/test_parallel.py::test_parallel_with_exhausted_iterator [32mPASSED[0m[36m [ 94%][0m
joblib/test/test_parallel.py::test_auto_memmap_on_arrays_from_generator[multiprocessing] [33mSKIPPED[0m[36m [ 94%][0m
joblib/test/test_parallel.py::test_auto_memmap_on_arrays_from_generator[loky] [33mSKIPPED[0m[36m [ 94%][0m
joblib/test/test_parallel.py::test_memmap_with_big_offset [33mSKIPPED[0m[36m        [ 94%][0m
joblib/test/test_parallel.py::test_warning_about_timeout_not_supported_by_backend [32mPASSED[0m[36m [ 94%][0m
joblib/test/test_parallel.py::test_abort_backend[1-None] [32mPASSED[0m[36m          [ 94%][0m
joblib/test/test_parallel.py::test_abort_backend[1-loky] [32mPASSED[0m[36m          [ 94%][0m
joblib/test/test_parallel.py::test_abort_backend[1-multiprocessing] [32mPASSED[0m[36m [ 94%][0m
joblib/test/test_parallel.py::test_abort_backend[1-sequential] [32mPASSED[0m[36m    [ 95%][0m
joblib/test/test_parallel.py::test_abort_backend[1-threading] [32mPASSED[0m[36m     [ 95%][0m
joblib/test/test_parallel.py::test_abort_backend[1-backend5] [32mPASSED[0m[36m      [ 95%][0m
joblib/test/test_parallel.py::test_abort_backend[1-backend6] [32mPASSED[0m[36m      [ 95%][0m
joblib/test/test_parallel.py::test_abort_backend[1-backend7] [32mPASSED[0m[36m      [ 95%][0m
joblib/test/test_parallel.py::test_abort_backend[1-backend8] [32mPASSED[0m[36m      [ 95%][0m
joblib/test/test_parallel.py::test_abort_backend[2-None] [32mPASSED[0m[36m          [ 95%][0m
joblib/test/test_parallel.py::test_abort_backend[2-loky] [32mPASSED[0m[36m          [ 95%][0m
joblib/test/test_parallel.py::test_abort_backend[2-multiprocessing] [32mPASSED[0m[36m [ 95%][0m
joblib/test/test_parallel.py::test_abort_backend[2-sequential] [32mPASSED[0m[36m    [ 95%][0m
joblib/test/test_parallel.py::test_abort_backend[2-threading] [32mPASSED[0m[36m     [ 95%][0m
joblib/test/test_parallel.py::test_abort_backend[2-backend5] [32mPASSED[0m[36m      [ 96%][0m
joblib/test/test_parallel.py::test_abort_backend[2-backend6] [32mPASSED[0m[36m      [ 96%][0m
joblib/test/test_parallel.py::test_abort_backend[2-backend7] [32mPASSED[0m[36m      [ 96%][0m
joblib/test/test_parallel.py::test_abort_backend[2-backend8] [32mPASSED[0m[36m      [ 96%][0m
joblib/test/test_parallel.py::test_abort_backend[-2-None] [32mPASSED[0m[36m         [ 96%][0m
joblib/test/test_parallel.py::test_abort_backend[-2-loky] [32mPASSED[0m[36m         [ 96%][0m
joblib/test/test_parallel.py::test_abort_backend[-2-multiprocessing] [32mPASSED[0m[36m [ 96%][0m
joblib/test/test_parallel.py::test_abort_backend[-2-sequential] [32mPASSED[0m[36m   [ 96%][0m
joblib/test/test_parallel.py::test_abort_backend[-2-threading] [32mPASSED[0m[36m    [ 96%][0m
joblib/test/test_parallel.py::test_abort_backend[-2-backend5] [32mPASSED[0m[36m     [ 96%][0m
joblib/test/test_parallel.py::test_abort_backend[-2-backend6] [32mPASSED[0m[36m     [ 97%][0m
joblib/test/test_parallel.py::test_abort_backend[-2-backend7] [32mPASSED[0m[36m     [ 97%][0m
joblib/test/test_parallel.py::test_abort_backend[-2-backend8] [32mPASSED[0m[36m     [ 97%][0m
joblib/test/test_parallel.py::test_abort_backend[-1-None] [32mPASSED[0m[36m         [ 97%][0m
joblib/test/test_parallel.py::test_abort_backend[-1-loky] [32mPASSED[0m[36m         [ 97%][0m
joblib/test/test_parallel.py::test_abort_backend[-1-multiprocessing] [32mPASSED[0m[36m [ 97%][0m
joblib/test/test_parallel.py::test_abort_backend[-1-sequential] [32mPASSED[0m[36m   [ 97%][0m
joblib/test/test_parallel.py::test_abort_backend[-1-threading] [32mPASSED[0m[36m    [ 97%][0m
joblib/test/test_parallel.py::test_abort_backend[-1-backend5] [32mPASSED[0m[36m     [ 97%][0m
joblib/test/test_parallel.py::test_abort_backend[-1-backend6] [32mPASSED[0m[36m     [ 97%][0m
joblib/test/test_parallel.py::test_abort_backend[-1-backend7] [32mPASSED[0m[36m     [ 97%][0m
joblib/test/test_parallel.py::test_abort_backend[-1-backend8] [32mPASSED[0m[36m     [ 98%][0m
joblib/test/test_parallel.py::test_memmapping_leaks[multiprocessing] [33mSKIPPED[0m[36m [ 98%][0m
joblib/test/test_parallel.py::test_memmapping_leaks[loky] [33mSKIPPED[0m[36m        [ 98%][0m
joblib/test/test_parallel.py::test_lambda_expression [32mPASSED[0m[36m              [ 98%][0m
joblib/test/test_parallel.py::test_delayed_check_pickle_deprecated [32mPASSED[0m[36m [ 98%][0m
joblib/test/test_parallel.py::test_backend_batch_statistics_reset[multiprocessing] [33mSKIPPED[0m[36m [ 98%][0m
joblib/test/test_parallel.py::test_backend_batch_statistics_reset[loky] [33mSKIPPED[0m[36m [ 98%][0m
joblib/test/test_parallel.py::test_backend_hinting_and_constraints [32mPASSED[0m[36m [ 98%][0m
joblib/test/test_parallel.py::test_backend_hinting_and_constraints_with_custom_backends [32mPASSED[0m[36m [ 98%][0m
joblib/test/test_parallel.py::test_invalid_backend_hinting_and_constraints [32mPASSED[0m[36m [ 98%][0m
joblib/test/test_parallel.py::test_global_parallel_backend [32mPASSED[0m[36m        [ 98%][0m
joblib/test/test_parallel.py::test_external_backends [32mPASSED[0m[36m              [ 99%][0m
joblib/test/test_parallel.py::test_nested_parallel_limit[loky] [31mFAILED[0m[36m    [ 99%][0m
joblib/test/test_parallel.py::test_nested_parallel_limit[threading] [31mFAILED[0m[36m [ 99%][0m
joblib/test/test_parallel.py::test_thread_bomb_mitigation[loky] [32mPASSED[0m[36m   [ 99%][0m
joblib/test/test_parallel.py::test_thread_bomb_mitigation[threading] [32mPASSED[0m[36m [ 99%][0m
joblib/test/test_testing.py::test_check_subprocess_call [32mPASSED[0m[36m           [ 99%][0m
joblib/test/test_testing.py::test_check_subprocess_call_non_matching_regex [32mPASSED[0m[36m [ 99%][0m
joblib/test/test_testing.py::test_check_subprocess_call_wrong_command [32mPASSED[0m[36m [ 99%][0m
joblib/test/test_testing.py::test_check_subprocess_call_non_zero_return_code [32mPASSED[0m[36m [ 99%][0m
joblib/test/test_testing.py::test_check_subprocess_call_timeout [32mPASSED[0m[36m   [ 99%][0m
joblib/test/data/create_numpy_pickle.py::joblib.test.data.create_numpy_pickle.get_joblib_version [33mSKIPPED[0m[36m [100%][0m

=================================== FAILURES ===================================
[31m[1m_______________________ test_nested_parallel_limit[loky] _______________________[0m

backend = 'loky'

[1m    @parametrize('backend', ['loky', 'threading'])[0m
[1m    def test_nested_parallel_limit(backend):[0m
[1m        with parallel_backend(backend, n_jobs=2):[0m
[1m            backend_types_and_levels = _recursive_backend_info()[0m
[1m    [0m
[1m        top_level_backend_type = backend.title() + 'Backend'[0m
[1m        expected_types_and_levels = [[0m
[1m            (top_level_backend_type, 0),[0m
[1m            ('ThreadingBackend', 1),[0m
[1m            ('SequentialBackend', 2),[0m
[1m            ('SequentialBackend', 3)[0m
[1m        ][0m
[1m>       assert backend_types_and_levels == expected_types_and_levels[0m
[1m[31mE       AssertionError: assert [('Sequential...lBackend', 3)] == [('LokyBackend...lBackend', 3)][0m
[1m[31mE         At index 0 diff: ('SequentialBackend', 0) != ('LokyBackend', 0)[0m
[1m[31mE         Full diff:[0m
[1m[31mE         - [('SequentialBackend', 0),[0m
[1m[31mE         -  ('SequentialBackend', 1),[0m
[1m[31mE         + [('LokyBackend', 0),[0m
[1m[31mE         +  ('ThreadingBackend', 1),[0m
[1m[31mE         ('SequentialBackend', 2),[0m
[1m[31mE         ('SequentialBackend', 3)][0m

backend    = 'loky'
backend_types_and_levels = [('SequentialBackend', 0), ('SequentialBackend', 1), ('SequentialBackend', 2), ('SequentialBackend', 3)]
expected_types_and_levels = [('LokyBackend', 0), ('ThreadingBackend', 1), ('SequentialBackend', 2), ('SequentialBackend', 3)]
top_level_backend_type = 'LokyBackend'

[1m[31mjoblib/test/test_parallel.py[0m:1311: AssertionError
[31m[1m____________________ test_nested_parallel_limit[threading] _____________________[0m

backend = 'threading'

[1m    @parametrize('backend', ['loky', 'threading'])[0m
[1m    def test_nested_parallel_limit(backend):[0m
[1m        with parallel_backend(backend, n_jobs=2):[0m
[1m            backend_types_and_levels = _recursive_backend_info()[0m
[1m    [0m
[1m        top_level_backend_type = backend.title() + 'Backend'[0m
[1m        expected_types_and_levels = [[0m
[1m            (top_level_backend_type, 0),[0m
[1m            ('ThreadingBackend', 1),[0m
[1m            ('SequentialBackend', 2),[0m
[1m            ('SequentialBackend', 3)[0m
[1m        ][0m
[1m>       assert backend_types_and_levels == expected_types_and_levels[0m
[1m[31mE       AssertionError: assert [('Sequential...lBackend', 3)] == [('ThreadingBa...lBackend', 3)][0m
[1m[31mE         At index 0 diff: ('SequentialBackend', 0) != ('ThreadingBackend', 0)[0m
[1m[31mE         Full diff:[0m
[1m[31mE         - [('SequentialBackend', 0),[0m
[1m[31mE         -  ('SequentialBackend', 1),[0m
[1m[31mE         + [('ThreadingBackend', 0),[0m
[1m[31mE         +  ('ThreadingBackend', 1),[0m
[1m[31mE         ('SequentialBackend', 2),[0m
[1m[31mE         ('SequentialBackend', 3)][0m

backend    = 'threading'
backend_types_and_levels = [('SequentialBackend', 0), ('SequentialBackend', 1), ('SequentialBackend', 2), ('SequentialBackend', 3)]
expected_types_and_levels = [('ThreadingBackend', 0), ('ThreadingBackend', 1), ('SequentialBackend', 2), ('SequentialBackend', 3)]
top_level_backend_type = 'ThreadingBackend'

[1m[31mjoblib/test/test_parallel.py[0m:1311: AssertionError

----------- coverage: platform linux, python 3.6.5-final-0 -----------
Name                                                Stmts   Miss  Cover   Missing
---------------------------------------------------------------------------------
joblib/__init__.py                                     15      0   100%
joblib/_compat.py                                      11      1    91%   11
joblib/_memmapping_reducer.py                         180     94    48%   28, 38-39, 77, 87, 111, 164-172, 183, 191, 213-236, 243-252, 281-286, 293-298, 301-361, 374-434
joblib/_memory_helpers.py                              65     63     3%   5-105
joblib/_multiprocessing_helpers.py                     21     14    33%   15-18, 23-28, 33-37
joblib/_parallel_backends.py                          243    116    52%   19-27, 89, 113, 122-126, 188-190, 194-197, 201, 205, 210-212, 239-282, 286-298, 305-306, 334-336, 344-346, 372-399, 408-425, 429-433, 448-451, 461-479, 483-487, 493-496, 499-506, 511-515, 550-553
joblib/_store_backends.py                             189     18    90%   191, 210, 220-221, 235-236, 240-241, 284, 287-292, 363-368, 376-380
joblib/backports.py                                    48     34    29%   25, 27-30, 37-76, 80-81
joblib/compressor.py                                  309     31    90%   12-13, 17-18, 22-23, 29-30, 65, 127, 131, 151, 164, 186, 202, 222, 226, 230, 327, 376, 396, 402, 476, 538-546, 552
joblib/disk.py                                         60     12    80%   35, 93-97, 108, 117-124
joblib/executor.py                                     29     18    38%   25-41, 49-50, 54-56, 59-60, 63-64
joblib/format_stack.py                                209     59    72%   34-35, 48, 53, 61, 65-68, 131-133, 161-166, 186-190, 200, 207-216, 238-239, 276-280, 293-296, 317, 339-340, 358-361, 371-401
joblib/func_inspect.py                                175     27    85%   55-61, 86, 115-119, 126-127, 135, 142, 151-152, 156-157, 160-161, 175-177, 292, 296, 334
joblib/hashing.py                                     114     14    88%   24, 91, 117-128, 181, 262
joblib/logger.py                                       76     12    84%   29, 42, 53, 81, 86, 98, 103, 119, 125, 142-143, 150
joblib/memory.py                                      343     21    94%   58, 139, 159-160, 165, 243, 284, 327, 403, 550, 558-560, 579-581, 632, 644-645, 655, 719, 890, 918
joblib/my_exceptions.py                                53      6    89%   30, 51-59, 112-113
joblib/numpy_pickle.py                                203     13    94%   13-14, 113, 128, 244-245, 327-328, 344, 358, 439, 481, 541
joblib/numpy_pickle_compat.py                         100     11    89%   23, 88-90, 132-134, 163-164, 180, 190
joblib/numpy_pickle_utils.py                           93     13    86%   22-23, 27-28, 36-37, 49, 98, 110, 239-240, 242-243
joblib/parallel.py                                    345     68    80%   61-68, 181-182, 189, 192, 214-232, 235-242, 245, 256, 268-277, 295, 326, 632, 643-644, 707, 722, 746-748, 804-806, 838-839, 848, 852-879, 883, 904-912
joblib/pool.py                                        116     83    28%   42-43, 75-87, 91-99, 120-127, 130-131, 135-137, 140, 143-177, 199-207, 210-216, 296-313, 316-329
joblib/test/__init__.py                                 2      0   100%
joblib/test/common.py                                  59     21    64%   17-18, 28-34, 53-60, 77, 84-91
joblib/test/test_backports.py                          24      0   100%
joblib/test/test_disk.py                               35      0   100%
joblib/test/test_format_stack.py                       64      0   100%
joblib/test/test_func_inspect.py                      113     10    91%   22, 26, 30, 34, 38, 42, 55, 63, 150, 154
joblib/test/test_func_inspect_special_encoding.py       2      1    50%   9
joblib/test/test_hashing.py                           179      3    98%   63, 211, 452
joblib/test/test_logger.py                             18      1    94%   37
joblib/test/test_memmapping.py                        336    208    38%   44-45, 57-60, 67-142, 148-187, 216-261, 270-300, 311-349, 359-376, 386-424, 433-453, 462-479, 484-485, 498-514, 518, 530-540, 551
joblib/test/test_memory.py                            546     44    92%   366, 556, 750-751, 755-756, 764-776, 787-800, 804-805, 809-811, 815-827, 835-841, 921, 925, 929, 933, 937, 941, 945
joblib/test/test_my_exceptions.py                      28      3    89%   9, 19-20
joblib/test/test_numpy_pickle.py                      599     40    93%   51, 63, 75, 80, 89, 94, 99, 396-398, 443-454, 542-549, 553, 626-629, 860-861, 907, 1056-1064
joblib/test/test_numpy_pickle_compat.py                10      0   100%
joblib/test/test_numpy_pickle_utils.py                  6      0   100%
joblib/test/test_parallel.py                          637    239    62%   31, 42-44, 48-49, 53-54, 82, 88, 103, 130, 181-191, 205-223, 271, 276, 281, 289-294, 308-309, 318-384, 426-448, 464-470, 491-524, 529-535, 544-545, 553-555, 558-560, 597-614, 626-642, 650, 699-710, 715-735, 758-760, 798-814, 821-842, 870-871, 926-930, 961-963, 974-977, 988-1004, 1008, 1014-1022, 1061-1080, 1123-1146, 1203, 1206, 1220, 1223
joblib/test/test_testing.py                            29      0   100%
joblib/testing.py                                      40      5    88%   30-35, 74
---------------------------------------------------------------------------------
TOTAL                                                5724   1303    77%

[31m[1m============== 2 failed, 981 passed, 90 skipped in 11.77 seconds ===============[0m
make: *** [test] Error 1
