travis_fold:start:worker_info[0K[33;1mWorker information[0m
hostname: 1f770191-77c4-4662-9a91-6284fa9cca6d@1.production-2-worker-org-gce-r1f5
version: v6.2.0 https://github.com/travis-ci/worker/tree/5e5476e01646095f48eec13196fdb3faf8f5cbf7
instance: travis-job-2cd68b7f-41c3-48df-a39d-00da756e5bdf travis-ci-garnet-trusty-1512502259-986baf0 (via amqp)
startup: 6.196148473s
travis_fold:end:worker_info[0Ktravis_fold:start:system_info[0K[33;1mBuild system information[0m
Build language: node_js
Build group: stable
Build dist: trusty
Build id: 490898101
Job id: 490898102
Runtime kernel version: 4.4.0-101-generic
travis-build version: 7675838a8
[34m[1mBuild image provisioning date and time[0m
Tue Dec  5 19:58:13 UTC 2017
[34m[1mOperating System Details[0m
Distributor ID:	Ubuntu
Description:	Ubuntu 14.04.5 LTS
Release:	14.04
Codename:	trusty
[34m[1mCookbooks Version[0m
7c2c6a6 https://github.com/travis-ci/travis-cookbooks/tree/7c2c6a6
[34m[1mgit version[0m
git version 2.15.1
[34m[1mbash version[0m
GNU bash, version 4.3.11(1)-release (x86_64-pc-linux-gnu)
[34m[1mgcc version[0m
gcc (Ubuntu 4.8.4-2ubuntu1~14.04.3) 4.8.4
Copyright (C) 2013 Free Software Foundation, Inc.
This is free software; see the source for copying conditions.  There is NO
warranty; not even for MERCHANTABILITY or FITNESS FOR A PARTICULAR PURPOSE.

[34m[1mdocker version[0m
Client:
 Version:      17.09.0-ce
 API version:  1.32
 Go version:   go1.8.3
 Git commit:   afdb6d4
 Built:        Tue Sep 26 22:42:38 2017
 OS/Arch:      linux/amd64

Server:
 Version:      17.09.0-ce
 API version:  1.32 (minimum version 1.12)
 Go version:   go1.8.3
 Git commit:   afdb6d4
 Built:        Tue Sep 26 22:41:20 2017
 OS/Arch:      linux/amd64
 Experimental: false
[34m[1mclang version[0m
clang version 5.0.0 (tags/RELEASE_500/final)
Target: x86_64-unknown-linux-gnu
Thread model: posix
InstalledDir: /usr/local/clang-5.0.0/bin
[34m[1mjq version[0m
jq-1.5
[34m[1mbats version[0m
Bats 0.4.0
[34m[1mshellcheck version[0m
0.4.6
[34m[1mshfmt version[0m
v2.0.0
[34m[1mccache version[0m
ccache version 3.1.9

Copyright (C) 2002-2007 Andrew Tridgell
Copyright (C) 2009-2011 Joel Rosdahl

This program is free software; you can redistribute it and/or modify it under
the terms of the GNU General Public License as published by the Free Software
Foundation; either version 3 of the License, or (at your option) any later
version.
[34m[1mcmake version[0m
cmake version 3.9.2

CMake suite maintained and supported by Kitware (kitware.com/cmake).
[34m[1mheroku version[0m
heroku-cli/6.14.39-addc925 (linux-x64) node-v9.2.0
[34m[1mimagemagick version[0m
Version: ImageMagick 6.7.7-10 2017-07-31 Q16 http://www.imagemagick.org
[34m[1mmd5deep version[0m
4.2
[34m[1mmercurial version[0m
Mercurial Distributed SCM (version 4.2.2)
(see https://mercurial-scm.org for more information)

Copyright (C) 2005-2017 Matt Mackall and others
This is free software; see the source for copying conditions. There is NO
warranty; not even for MERCHANTABILITY or FITNESS FOR A PARTICULAR PURPOSE.
[34m[1mmysql version[0m
mysql  Ver 14.14 Distrib 5.6.33, for debian-linux-gnu (x86_64) using  EditLine wrapper
[34m[1mopenssl version[0m
OpenSSL 1.0.1f 6 Jan 2014
[34m[1mpacker version[0m
Packer v1.0.2

Your version of Packer is out of date! The latest version
is 1.1.2. You can update by downloading from www.packer.io
[34m[1mpostgresql client version[0m
psql (PostgreSQL) 9.6.6
[34m[1mragel version[0m
Ragel State Machine Compiler version 6.8 Feb 2013
Copyright (c) 2001-2009 by Adrian Thurston
[34m[1msubversion version[0m
svn, version 1.8.8 (r1568071)
   compiled Aug 10 2017, 17:20:39 on x86_64-pc-linux-gnu

Copyright (C) 2013 The Apache Software Foundation.
This software consists of contributions made by many people;
see the NOTICE file for more information.
Subversion is open source software, see http://subversion.apache.org/

The following repository access (RA) modules are available:

* ra_svn : Module for accessing a repository using the svn network protocol.
  - with Cyrus SASL authentication
  - handles 'svn' scheme
* ra_local : Module for accessing a repository on local disk.
  - handles 'file' scheme
* ra_serf : Module for accessing a repository via WebDAV protocol using serf.
  - using serf 1.3.3
  - handles 'http' scheme
  - handles 'https' scheme

[34m[1msudo version[0m
Sudo version 1.8.9p5
Configure options: --prefix=/usr -v --with-all-insults --with-pam --with-fqdn --with-logging=syslog --with-logfac=authpriv --with-env-editor --with-editor=/usr/bin/editor --with-timeout=15 --with-password-timeout=0 --with-passprompt=[sudo] password for %p:  --without-lecture --with-tty-tickets --disable-root-mailer --enable-admin-flag --with-sendmail=/usr/sbin/sendmail --with-timedir=/var/lib/sudo --mandir=/usr/share/man --libexecdir=/usr/lib/sudo --with-sssd --with-sssd-lib=/usr/lib/x86_64-linux-gnu --with-selinux
Sudoers policy plugin version 1.8.9p5
Sudoers file grammar version 43

Sudoers path: /etc/sudoers
Authentication methods: 'pam'
Syslog facility if syslog is being used for logging: authpriv
Syslog priority to use when user authenticates successfully: notice
Syslog priority to use when user authenticates unsuccessfully: alert
Send mail if the user is not in sudoers
Use a separate timestamp for each user/tty combo
Lecture user the first time they run sudo
Root may run sudo
Allow some information gathering to give useful error messages
Require fully-qualified hostnames in the sudoers file
Visudo will honor the EDITOR environment variable
Set the LOGNAME and USER environment variables
Length at which to wrap log file lines (0 for no wrap): 80
Authentication timestamp timeout: 15.0 minutes
Password prompt timeout: 0.0 minutes
Number of tries to enter a password: 3
Umask to use or 0777 to use user's: 022
Path to mail program: /usr/sbin/sendmail
Flags for mail program: -t
Address to send mail to: root
Subject line for mail messages: *** SECURITY information for %h ***
Incorrect password message: Sorry, try again.
Path to authentication timestamp dir: /var/lib/sudo
Default password prompt: [sudo] password for %p: 
Default user to run commands as: root
Value to override user's $PATH with: /usr/local/sbin:/usr/local/bin:/usr/sbin:/usr/bin:/sbin:/bin:/snap/bin
Path to the editor for use by visudo: /usr/bin/editor
When to require a password for 'list' pseudocommand: any
When to require a password for 'verify' pseudocommand: all
File descriptors >= 3 will be closed before executing a command
Environment variables to check for sanity:
	TZ
	TERM
	LINGUAS
	LC_*
	LANGUAGE
	LANG
	COLORTERM
Environment variables to remove:
	RUBYOPT
	RUBYLIB
	PYTHONUSERBASE
	PYTHONINSPECT
	PYTHONPATH
	PYTHONHOME
	TMPPREFIX
	ZDOTDIR
	READNULLCMD
	NULLCMD
	FPATH
	PERL5DB
	PERL5OPT
	PERL5LIB
	PERLLIB
	PERLIO_DEBUG 
	JAVA_TOOL_OPTIONS
	SHELLOPTS
	GLOBIGNORE
	PS4
	BASH_ENV
	ENV
	TERMCAP
	TERMPATH
	TERMINFO_DIRS
	TERMINFO
	_RLD*
	LD_*
	PATH_LOCALE
	NLSPATH
	HOSTALIASES
	RES_OPTIONS
	LOCALDOMAIN
	CDPATH
	IFS
Environment variables to preserve:
	JAVA_HOME
	TRAVIS
	CI
	DEBIAN_FRONTEND
	XAUTHORIZATION
	XAUTHORITY
	PS2
	PS1
	PATH
	LS_COLORS
	KRB5CCNAME
	HOSTNAME
	HOME
	DISPLAY
	COLORS
Locale to use while parsing sudoers: C
Directory in which to store input/output logs: /var/log/sudo-io
File in which to store the input/output log: %{seq}
Add an entry to the utmp/utmpx file when allocating a pty
PAM service name to use
PAM service name to use for login shells
Create a new PAM session for the command to run in
Maximum I/O log sequence number: 0

Local IP address and netmask pairs:
	10.240.0.28/255.255.255.255
	172.17.0.1/255.255.0.0

Sudoers I/O plugin version 1.8.9p5
[34m[1mgzip version[0m
gzip 1.6
Copyright (C) 2007, 2010, 2011 Free Software Foundation, Inc.
Copyright (C) 1993 Jean-loup Gailly.
This is free software.  You may redistribute copies of it under the terms of
the GNU General Public License <http://www.gnu.org/licenses/gpl.html>.
There is NO WARRANTY, to the extent permitted by law.

Written by Jean-loup Gailly.
[34m[1mzip version[0m
Copyright (c) 1990-2008 Info-ZIP - Type 'zip "-L"' for software license.
This is Zip 3.0 (July 5th 2008), by Info-ZIP.
Currently maintained by E. Gordon.  Please send bug reports to
the authors using the web page at www.info-zip.org; see README for details.

Latest sources and executables are at ftp://ftp.info-zip.org/pub/infozip,
as of above date; see http://www.info-zip.org/ for other sites.

Compiled with gcc 4.8.2 for Unix (Linux ELF) on Oct 21 2013.

Zip special compilation options:
	USE_EF_UT_TIME       (store Universal Time)
	BZIP2_SUPPORT        (bzip2 library version 1.0.6, 6-Sept-2010)
	    bzip2 code and library copyright (c) Julian R Seward
	    (See the bzip2 license for terms of use)
	SYMLINK_SUPPORT      (symbolic links supported)
	LARGE_FILE_SUPPORT   (can read and write large files on file system)
	ZIP64_SUPPORT        (use Zip64 to store large files in archives)
	UNICODE_SUPPORT      (store and read UTF-8 Unicode paths)
	STORE_UNIX_UIDs_GIDs (store UID/GID sizes/values using new extra field)
	UIDGID_NOT_16BIT     (old Unix 16-bit UID/GID extra field not used)
	[encryption, version 2.91 of 05 Jan 2007] (modified for Zip 3)

Encryption notice:
	The encryption code of this program is not copyrighted and is
	put in the public domain.  It was originally written in Europe
	and, to the best of our knowledge, can be freely distributed
	in both source and object forms from any country, including
	the USA under License Exception TSU of the U.S. Export
	Administration Regulations (section 740.13(e)) of 6 June 2002.

Zip environment options:
             ZIP:  [none]
          ZIPOPT:  [none]
[34m[1mvim version[0m
VIM - Vi IMproved 7.4 (2013 Aug 10, compiled Nov 24 2016 16:43:18)
Included patches: 1-52
Extra patches: 8.0.0056
Modified by pkg-vim-maintainers@lists.alioth.debian.org
Compiled by buildd@
Huge version without GUI.  Features included (+) or not (-):
+acl             +farsi           +mouse_netterm   +syntax
+arabic          +file_in_path    +mouse_sgr       +tag_binary
+autocmd         +find_in_path    -mouse_sysmouse  +tag_old_static
-balloon_eval    +float           +mouse_urxvt     -tag_any_white
-browse          +folding         +mouse_xterm     -tcl
++builtin_terms  -footer          +multi_byte      +terminfo
+byte_offset     +fork()          +multi_lang      +termresponse
+cindent         +gettext         -mzscheme        +textobjects
-clientserver    -hangul_input    +netbeans_intg   +title
-clipboard       +iconv           +path_extra      -toolbar
+cmdline_compl   +insert_expand   -perl            +user_commands
+cmdline_hist    +jumplist        +persistent_undo +vertsplit
+cmdline_info    +keymap          +postscript      +virtualedit
+comments        +langmap         +printer         +visual
+conceal         +libcall         +profile         +visualextra
+cryptv          +linebreak       +python          +viminfo
+cscope          +lispindent      -python3         +vreplace
+cursorbind      +listcmds        +quickfix        +wildignore
+cursorshape     +localmap        +reltime         +wildmenu
+dialog_con      -lua             +rightleft       +windows
+diff            +menu            -ruby            +writebackup
+digraphs        +mksession       +scrollbind      -X11
-dnd             +modify_fname    +signs           -xfontset
-ebcdic          +mouse           +smartindent     -xim
+emacs_tags      -mouseshape      -sniff           -xsmp
+eval            +mouse_dec       +startuptime     -xterm_clipboard
+ex_extra        +mouse_gpm       +statusline      -xterm_save
+extra_search    -mouse_jsbterm   -sun_workshop    -xpm
   system vimrc file: "$VIM/vimrc"
     user vimrc file: "$HOME/.vimrc"
 2nd user vimrc file: "~/.vim/vimrc"
      user exrc file: "$HOME/.exrc"
  fall-back for $VIM: "/usr/share/vim"
Compilation: gcc -c -I. -Iproto -DHAVE_CONFIG_H     -g -O2 -fstack-protector --param=ssp-buffer-size=4 -Wformat -Werror=format-security -U_FORTIFY_SOURCE -D_FORTIFY_SOURCE=1      
Linking: gcc   -Wl,-Bsymbolic-functions -Wl,-z,relro -Wl,--as-needed -o vim        -lm -ltinfo -lnsl  -lselinux  -lacl -lattr -lgpm -ldl    -L/usr/lib/python2.7/config-x86_64-linux-gnu -lpython2.7 -lpthread -ldl -lutil -lm -Xlinker -export-dynamic -Wl,-O1 -Wl,-Bsymbolic-functions      
[34m[1miptables version[0m
iptables v1.4.21
[34m[1mcurl version[0m
curl 7.35.0 (x86_64-pc-linux-gnu) libcurl/7.35.0 OpenSSL/1.0.1f zlib/1.2.8 libidn/1.28 librtmp/2.3
[34m[1mwget version[0m
GNU Wget 1.15 built on linux-gnu.
[34m[1mrsync version[0m
rsync  version 3.1.0  protocol version 31
[34m[1mgimme version[0m
v1.2.0
[34m[1mnvm version[0m
0.33.6
[34m[1mperlbrew version[0m
/home/travis/perl5/perlbrew/bin/perlbrew  - App::perlbrew/0.80
[34m[1mphpenv version[0m
rbenv 1.1.1-25-g6aa70b6
[34m[1mrvm version[0m
rvm 1.29.3 (latest) by Michal Papis, Piotr Kuczynski, Wayne E. Seguin [https://rvm.io]
[34m[1mdefault ruby version[0m
ruby 2.4.1p111 (2017-03-22 revision 58053) [x86_64-linux]
[34m[1mCouchDB version[0m
couchdb 1.6.1
[34m[1mElasticSearch version[0m
5.5.0
[34m[1mInstalled Firefox version[0m
firefox 56.0.2
[34m[1mMongoDB version[0m
MongoDB 3.4.10
[34m[1mPhantomJS version[0m
2.1.1
[34m[1mPre-installed PostgreSQL versions[0m
9.2.24
9.3.20
9.4.15
9.5.10
9.6.6
[34m[1mRabbitMQ Version[0m
3.6.14
[34m[1mRedis version[0m
redis-server 4.0.6
[34m[1mriak version[0m
2.2.3
[34m[1mPre-installed Go versions[0m
1.7.4
[34m[1mant version[0m
Apache Ant(TM) version 1.9.3 compiled on April 8 2014
[34m[1mmvn version[0m
Apache Maven 3.5.2 (138edd61fd100ec658bfa2d307c43b76940a5d7d; 2017-10-18T07:58:13Z)
Maven home: /usr/local/maven-3.5.2
Java version: 1.8.0_151, vendor: Oracle Corporation
Java home: /usr/lib/jvm/java-8-oracle/jre
Default locale: en_US, platform encoding: UTF-8
OS name: "linux", version: "4.4.0-98-generic", arch: "amd64", family: "unix"
[34m[1mgradle version[0m

------------------------------------------------------------
Gradle 4.0.1
------------------------------------------------------------

Build time:   2017-07-07 14:02:41 UTC
Revision:     38e5dc0f772daecca1d2681885d3d85414eb6826

Groovy:       2.4.11
Ant:          Apache Ant(TM) version 1.9.6 compiled on June 29 2015
JVM:          1.8.0_151 (Oracle Corporation 25.151-b12)
OS:           Linux 4.4.0-98-generic amd64

[34m[1mlein version[0m
Leiningen 2.8.1 on Java 1.8.0_151 Java HotSpot(TM) 64-Bit Server VM
[34m[1mPre-installed Node.js versions[0m
v4.8.6
v6.12.0
v6.12.1
v8.9
v8.9.1
[34m[1mphpenv versions[0m
  system
  5.6
* 5.6.32 (set by /home/travis/.phpenv/version)
  7.0
  7.0.25
  7.1
  7.1.11
  hhvm
  hhvm-stable
[34m[1mcomposer --version[0m
Composer version 1.5.2 2017-09-11 16:59:25
[34m[1mPre-installed Ruby versions[0m
ruby-2.2.7
ruby-2.3.4
ruby-2.4.1
travis_fold:end:system_info[0K

travis_fold:start:git.checkout[0Ktravis_time:start:07f596ea[0K$ git clone --depth=50 --branch=master https://github.com/nightwatchjs/nightwatch.git nightwatchjs/nightwatch
Cloning into 'nightwatchjs/nightwatch'...
remote: Enumerating objects: 1646, done.[K
remote: Counting objects:   0% (1/1646)   [Kremote: Counting objects:   1% (17/1646)   [Kremote: Counting objects:   2% (33/1646)   [Kremote: Counting objects:   3% (50/1646)   [Kremote: Counting objects:   4% (66/1646)   [Kremote: Counting objects:   5% (83/1646)   [Kremote: Counting objects:   6% (99/1646)   [Kremote: Counting objects:   7% (116/1646)   [Kremote: Counting objects:   8% (132/1646)   [Kremote: Counting objects:   9% (149/1646)   [Kremote: Counting objects:  10% (165/1646)   [Kremote: Counting objects:  11% (182/1646)   [Kremote: Counting objects:  12% (198/1646)   [Kremote: Counting objects:  13% (214/1646)   [Kremote: Counting objects:  14% (231/1646)   [Kremote: Counting objects:  15% (247/1646)   [Kremote: Counting objects:  16% (264/1646)   [Kremote: Counting objects:  17% (280/1646)   [Kremote: Counting objects:  18% (297/1646)   [Kremote: Counting objects:  19% (313/1646)   [Kremote: Counting objects:  20% (330/1646)   [Kremote: Counting objects:  21% (346/1646)   [Kremote: Counting objects:  22% (363/1646)   [Kremote: Counting objects:  23% (379/1646)   [Kremote: Counting objects:  24% (396/1646)   [Kremote: Counting objects:  25% (412/1646)   [Kremote: Counting objects:  26% (428/1646)   [Kremote: Counting objects:  27% (445/1646)   [Kremote: Counting objects:  28% (461/1646)   [Kremote: Counting objects:  29% (478/1646)   [Kremote: Counting objects:  30% (494/1646)   [Kremote: Counting objects:  31% (511/1646)   [Kremote: Counting objects:  32% (527/1646)   [Kremote: Counting objects:  33% (544/1646)   [Kremote: Counting objects:  34% (560/1646)   [Kremote: Counting objects:  35% (577/1646)   [Kremote: Counting objects:  36% (593/1646)   [Kremote: Counting objects:  37% (610/1646)   [Kremote: Counting objects:  38% (626/1646)   [Kremote: Counting objects:  39% (642/1646)   [Kremote: Counting objects:  40% (659/1646)   [Kremote: Counting objects:  41% (675/1646)   [Kremote: Counting objects:  42% (692/1646)   [Kremote: Counting objects:  43% (708/1646)   [Kremote: Counting objects:  44% (725/1646)   [Kremote: Counting objects:  45% (741/1646)   [Kremote: Counting objects:  46% (758/1646)   [Kremote: Counting objects:  47% (774/1646)   [Kremote: Counting objects:  48% (791/1646)   [Kremote: Counting objects:  49% (807/1646)   [Kremote: Counting objects:  50% (823/1646)   [Kremote: Counting objects:  51% (840/1646)   [Kremote: Counting objects:  52% (856/1646)   [Kremote: Counting objects:  53% (873/1646)   [Kremote: Counting objects:  54% (889/1646)   [Kremote: Counting objects:  55% (906/1646)   [Kremote: Counting objects:  56% (922/1646)   [Kremote: Counting objects:  57% (939/1646)   [Kremote: Counting objects:  58% (955/1646)   [Kremote: Counting objects:  59% (972/1646)   [Kremote: Counting objects:  60% (988/1646)   [Kremote: Counting objects:  61% (1005/1646)   [Kremote: Counting objects:  62% (1021/1646)   [Kremote: Counting objects:  63% (1037/1646)   [Kremote: Counting objects:  64% (1054/1646)   [Kremote: Counting objects:  65% (1070/1646)   [Kremote: Counting objects:  66% (1087/1646)   [Kremote: Counting objects:  67% (1103/1646)   [Kremote: Counting objects:  68% (1120/1646)   [Kremote: Counting objects:  69% (1136/1646)   [Kremote: Counting objects:  70% (1153/1646)   [Kremote: Counting objects:  71% (1169/1646)   [Kremote: Counting objects:  72% (1186/1646)   [Kremote: Counting objects:  73% (1202/1646)   [Kremote: Counting objects:  74% (1219/1646)   [Kremote: Counting objects:  75% (1235/1646)   [Kremote: Counting objects:  76% (1251/1646)   [Kremote: Counting objects:  77% (1268/1646)   [Kremote: Counting objects:  78% (1284/1646)   [Kremote: Counting objects:  79% (1301/1646)   [Kremote: Counting objects:  80% (1317/1646)   [Kremote: Counting objects:  81% (1334/1646)   [Kremote: Counting objects:  82% (1350/1646)   [Kremote: Counting objects:  83% (1367/1646)   [Kremote: Counting objects:  84% (1383/1646)   [Kremote: Counting objects:  85% (1400/1646)   [Kremote: Counting objects:  86% (1416/1646)   [Kremote: Counting objects:  87% (1433/1646)   [Kremote: Counting objects:  88% (1449/1646)   [Kremote: Counting objects:  89% (1465/1646)   [Kremote: Counting objects:  90% (1482/1646)   [Kremote: Counting objects:  91% (1498/1646)   [Kremote: Counting objects:  92% (1515/1646)   [Kremote: Counting objects:  93% (1531/1646)   [Kremote: Counting objects:  94% (1548/1646)   [Kremote: Counting objects:  95% (1564/1646)   [Kremote: Counting objects:  96% (1581/1646)   [Kremote: Counting objects:  97% (1597/1646)   [Kremote: Counting objects:  98% (1614/1646)   [Kremote: Counting objects:  99% (1630/1646)   [Kremote: Counting objects: 100% (1646/1646)   [Kremote: Counting objects: 100% (1646/1646), done.[K
remote: Compressing objects:   0% (1/889)   [Kremote: Compressing objects:   1% (9/889)   [Kremote: Compressing objects:   2% (18/889)   [Kremote: Compressing objects:   3% (27/889)   [Kremote: Compressing objects:   4% (36/889)   [Kremote: Compressing objects:   5% (45/889)   [Kremote: Compressing objects:   6% (54/889)   [Kremote: Compressing objects:   7% (63/889)   [Kremote: Compressing objects:   8% (72/889)   [Kremote: Compressing objects:   9% (81/889)   [Kremote: Compressing objects:  10% (89/889)   [Kremote: Compressing objects:  11% (98/889)   [Kremote: Compressing objects:  12% (107/889)   [Kremote: Compressing objects:  13% (116/889)   [Kremote: Compressing objects:  14% (125/889)   [Kremote: Compressing objects:  15% (134/889)   [Kremote: Compressing objects:  16% (143/889)   [Kremote: Compressing objects:  17% (152/889)   [Kremote: Compressing objects:  18% (161/889)   [Kremote: Compressing objects:  19% (169/889)   [Kremote: Compressing objects:  20% (178/889)   [Kremote: Compressing objects:  21% (187/889)   [Kremote: Compressing objects:  22% (196/889)   [Kremote: Compressing objects:  23% (205/889)   [Kremote: Compressing objects:  24% (214/889)   [Kremote: Compressing objects:  25% (223/889)   [Kremote: Compressing objects:  26% (232/889)   [Kremote: Compressing objects:  27% (241/889)   [Kremote: Compressing objects:  28% (249/889)   [Kremote: Compressing objects:  29% (258/889)   [Kremote: Compressing objects:  30% (267/889)   [Kremote: Compressing objects:  31% (276/889)   [Kremote: Compressing objects:  32% (285/889)   [Kremote: Compressing objects:  33% (294/889)   [Kremote: Compressing objects:  34% (303/889)   [Kremote: Compressing objects:  35% (312/889)   [Kremote: Compressing objects:  36% (321/889)   [Kremote: Compressing objects:  37% (329/889)   [Kremote: Compressing objects:  38% (338/889)   [Kremote: Compressing objects:  39% (347/889)   [Kremote: Compressing objects:  40% (356/889)   [Kremote: Compressing objects:  41% (365/889)   [Kremote: Compressing objects:  42% (374/889)   [Kremote: Compressing objects:  43% (383/889)   [Kremote: Compressing objects:  44% (392/889)   [Kremote: Compressing objects:  45% (401/889)   [Kremote: Compressing objects:  46% (409/889)   [Kremote: Compressing objects:  47% (418/889)   [Kremote: Compressing objects:  48% (427/889)   [Kremote: Compressing objects:  49% (436/889)   [Kremote: Compressing objects:  50% (445/889)   [Kremote: Compressing objects:  51% (454/889)   [Kremote: Compressing objects:  52% (463/889)   [Kremote: Compressing objects:  53% (472/889)   [Kremote: Compressing objects:  54% (481/889)   [Kremote: Compressing objects:  55% (489/889)   [Kremote: Compressing objects:  56% (498/889)   [Kremote: Compressing objects:  57% (507/889)   [Kremote: Compressing objects:  58% (516/889)   [Kremote: Compressing objects:  59% (525/889)   [Kremote: Compressing objects:  60% (534/889)   [Kremote: Compressing objects:  61% (543/889)   [Kremote: Compressing objects:  62% (552/889)   [Kremote: Compressing objects:  63% (561/889)   [Kremote: Compressing objects:  64% (569/889)   [Kremote: Compressing objects:  65% (578/889)   [Kremote: Compressing objects:  66% (587/889)   [Kremote: Compressing objects:  67% (596/889)   [Kremote: Compressing objects:  68% (605/889)   [Kremote: Compressing objects:  69% (614/889)   [Kremote: Compressing objects:  70% (623/889)   [Kremote: Compressing objects:  71% (632/889)   [Kremote: Compressing objects:  72% (641/889)   [Kremote: Compressing objects:  73% (649/889)   [Kremote: Compressing objects:  74% (658/889)   [Kremote: Compressing objects:  75% (667/889)   [Kremote: Compressing objects:  76% (676/889)   [Kremote: Compressing objects:  77% (685/889)   [Kremote: Compressing objects:  78% (694/889)   [Kremote: Compressing objects:  79% (703/889)   [Kremote: Compressing objects:  80% (712/889)   [Kremote: Compressing objects:  81% (721/889)   [Kremote: Compressing objects:  82% (729/889)   [Kremote: Compressing objects:  83% (738/889)   [Kremote: Compressing objects:  84% (747/889)   [Kremote: Compressing objects:  85% (756/889)   [Kremote: Compressing objects:  86% (765/889)   [Kremote: Compressing objects:  87% (774/889)   [Kremote: Compressing objects:  88% (783/889)   [Kremote: Compressing objects:  89% (792/889)   [Kremote: Compressing objects:  90% (801/889)   [Kremote: Compressing objects:  91% (809/889)   [Kremote: Compressing objects:  92% (818/889)   [Kremote: Compressing objects:  93% (827/889)   [Kremote: Compressing objects:  94% (836/889)   [Kremote: Compressing objects:  95% (845/889)   [Kremote: Compressing objects:  96% (854/889)   [Kremote: Compressing objects:  97% (863/889)   [Kremote: Compressing objects:  98% (872/889)   [Kremote: Compressing objects:  99% (881/889)   [Kremote: Compressing objects: 100% (889/889)   [Kremote: Compressing objects: 100% (889/889), done.[K
Receiving objects:   0% (1/1646)   Receiving objects:   1% (17/1646)   Receiving objects:   2% (33/1646)   Receiving objects:   3% (50/1646)   Receiving objects:   4% (66/1646)   Receiving objects:   5% (83/1646)   Receiving objects:   6% (99/1646)   Receiving objects:   7% (116/1646)   Receiving objects:   8% (132/1646)   Receiving objects:   9% (149/1646)   Receiving objects:  10% (165/1646)   Receiving objects:  11% (182/1646)   Receiving objects:  12% (198/1646)   Receiving objects:  13% (214/1646)   Receiving objects:  14% (231/1646)   Receiving objects:  15% (247/1646)   Receiving objects:  16% (264/1646)   Receiving objects:  17% (280/1646)   Receiving objects:  18% (297/1646)   Receiving objects:  19% (313/1646)   Receiving objects:  20% (330/1646)   Receiving objects:  21% (346/1646)   Receiving objects:  22% (363/1646)   Receiving objects:  23% (379/1646)   Receiving objects:  24% (396/1646)   Receiving objects:  25% (412/1646)   Receiving objects:  26% (428/1646)   Receiving objects:  27% (445/1646)   Receiving objects:  28% (461/1646)   Receiving objects:  29% (478/1646)   Receiving objects:  30% (494/1646)   Receiving objects:  31% (511/1646)   Receiving objects:  32% (527/1646)   Receiving objects:  33% (544/1646)   Receiving objects:  34% (560/1646)   Receiving objects:  35% (577/1646)   Receiving objects:  36% (593/1646)   Receiving objects:  37% (610/1646)   Receiving objects:  38% (626/1646)   Receiving objects:  39% (642/1646)   Receiving objects:  40% (659/1646)   Receiving objects:  41% (675/1646)   Receiving objects:  42% (692/1646)   Receiving objects:  43% (708/1646)   Receiving objects:  44% (725/1646)   Receiving objects:  45% (741/1646)   Receiving objects:  46% (758/1646)   Receiving objects:  47% (774/1646)   Receiving objects:  48% (791/1646)   Receiving objects:  49% (807/1646)   Receiving objects:  50% (823/1646)   Receiving objects:  51% (840/1646)   Receiving objects:  52% (856/1646)   Receiving objects:  53% (873/1646)   Receiving objects:  54% (889/1646)   Receiving objects:  55% (906/1646)   Receiving objects:  56% (922/1646)   Receiving objects:  57% (939/1646)   Receiving objects:  58% (955/1646)   Receiving objects:  59% (972/1646)   Receiving objects:  60% (988/1646)   Receiving objects:  61% (1005/1646)   Receiving objects:  62% (1021/1646)   Receiving objects:  63% (1037/1646)   Receiving objects:  64% (1054/1646)   Receiving objects:  65% (1070/1646)   Receiving objects:  66% (1087/1646)   Receiving objects:  67% (1103/1646)   Receiving objects:  68% (1120/1646)   Receiving objects:  69% (1136/1646)   Receiving objects:  70% (1153/1646)   Receiving objects:  71% (1169/1646)   Receiving objects:  72% (1186/1646)   Receiving objects:  73% (1202/1646)   Receiving objects:  74% (1219/1646)   Receiving objects:  75% (1235/1646)   Receiving objects:  76% (1251/1646)   Receiving objects:  77% (1268/1646)   Receiving objects:  78% (1284/1646)   Receiving objects:  79% (1301/1646)   Receiving objects:  80% (1317/1646)   Receiving objects:  81% (1334/1646)   Receiving objects:  82% (1350/1646)   Receiving objects:  83% (1367/1646)   Receiving objects:  84% (1383/1646)   Receiving objects:  85% (1400/1646)   Receiving objects:  86% (1416/1646)   Receiving objects:  87% (1433/1646)   Receiving objects:  88% (1449/1646)   Receiving objects:  89% (1465/1646)   Receiving objects:  90% (1482/1646)   Receiving objects:  91% (1498/1646)   Receiving objects:  92% (1515/1646)   Receiving objects:  93% (1531/1646)   Receiving objects:  94% (1548/1646)   Receiving objects:  95% (1564/1646)   Receiving objects:  96% (1581/1646)   Receiving objects:  97% (1597/1646)   Receiving objects:  98% (1614/1646)   remote: Total 1646 (delta 885), reused 1175 (delta 692), pack-reused 0[K
Receiving objects:  99% (1630/1646)   Receiving objects: 100% (1646/1646)   Receiving objects: 100% (1646/1646), 608.42 KiB | 8.82 MiB/s, done.
Resolving deltas:   0% (0/885)   Resolving deltas:   1% (10/885)   Resolving deltas:   2% (21/885)   Resolving deltas:   3% (30/885)   Resolving deltas:   6% (60/885)   Resolving deltas:  11% (106/885)   Resolving deltas:  12% (111/885)   Resolving deltas:  14% (126/885)   Resolving deltas:  15% (135/885)   Resolving deltas:  16% (142/885)   Resolving deltas:  18% (160/885)   Resolving deltas:  19% (169/885)   Resolving deltas:  21% (186/885)   Resolving deltas:  22% (198/885)   Resolving deltas:  23% (205/885)   Resolving deltas:  25% (223/885)   Resolving deltas:  26% (234/885)   Resolving deltas:  27% (242/885)   Resolving deltas:  28% (248/885)   Resolving deltas:  29% (257/885)   Resolving deltas:  30% (266/885)   Resolving deltas:  31% (278/885)   Resolving deltas:  32% (291/885)   Resolving deltas:  33% (294/885)   Resolving deltas:  34% (304/885)   Resolving deltas:  35% (310/885)   Resolving deltas:  36% (320/885)   Resolving deltas:  37% (328/885)   Resolving deltas:  38% (339/885)   Resolving deltas:  39% (346/885)   Resolving deltas:  40% (358/885)   Resolving deltas:  41% (364/885)   Resolving deltas:  42% (372/885)   Resolving deltas:  43% (383/885)   Resolving deltas:  44% (390/885)   Resolving deltas:  45% (400/885)   Resolving deltas:  46% (408/885)   Resolving deltas:  47% (418/885)   Resolving deltas:  48% (426/885)   Resolving deltas:  49% (434/885)   Resolving deltas:  50% (443/885)   Resolving deltas:  51% (452/885)   Resolving deltas:  52% (467/885)   Resolving deltas:  53% (470/885)   Resolving deltas:  54% (478/885)   Resolving deltas:  55% (487/885)   Resolving deltas:  56% (500/885)   Resolving deltas:  57% (505/885)   Resolving deltas:  58% (515/885)   Resolving deltas:  59% (523/885)   Resolving deltas:  60% (533/885)   Resolving deltas:  61% (540/885)   Resolving deltas:  62% (552/885)   Resolving deltas:  63% (558/885)   Resolving deltas:  64% (568/885)   Resolving deltas:  65% (579/885)   Resolving deltas:  66% (589/885)   Resolving deltas:  68% (602/885)   Resolving deltas:  69% (612/885)   Resolving deltas:  70% (621/885)   Resolving deltas:  71% (637/885)   Resolving deltas:  72% (639/885)   Resolving deltas:  73% (647/885)   Resolving deltas:  74% (655/885)   Resolving deltas:  75% (665/885)   Resolving deltas:  76% (675/885)   Resolving deltas:  77% (686/885)   Resolving deltas:  79% (701/885)   Resolving deltas:  80% (712/885)   Resolving deltas:  81% (719/885)   Resolving deltas:  82% (728/885)   Resolving deltas:  83% (736/885)   Resolving deltas:  84% (752/885)   Resolving deltas:  86% (768/885)   Resolving deltas:  87% (771/885)   Resolving deltas:  88% (784/885)   Resolving deltas:  89% (789/885)   Resolving deltas:  90% (798/885)   Resolving deltas:  91% (806/885)   Resolving deltas:  92% (819/885)   Resolving deltas:  93% (824/885)   Resolving deltas:  94% (833/885)   Resolving deltas:  95% (841/885)   Resolving deltas:  96% (850/885)   Resolving deltas:  97% (860/885)   Resolving deltas:  98% (868/885)   Resolving deltas:  99% (877/885)   Resolving deltas: 100% (885/885)   Resolving deltas: 100% (885/885), done.
travis_time:end:07f596ea:start=1549702331625487582,finish=1549702332474538501,duration=849050919[0K$ cd nightwatchjs/nightwatch
$ git checkout -qf 47fff62225b7d2d949561c7da9140f6c0abfd30b
travis_fold:end:git.checkout[0K
travis_fold:start:nvm.install[0Ktravis_time:start:0504a96d[0K$ nvm install 8
Downloading and installing node v8.15.0...
Downloading https://nodejs.org/dist/v8.15.0/node-v8.15.0-linux-x64.tar.xz...
Computing checksum with sha256sum
Checksums matched!
Now using node v8.15.0 (npm v6.4.1)
travis_time:end:0504a96d:start=1549702333371393574,finish=1549702336115489958,duration=2744096384[0Ktravis_fold:end:nvm.install[0K
$ node --version
v8.15.0
$ npm --version
6.4.1
$ nvm --version
0.34.0

travis_fold:start:install.npm[0Ktravis_time:start:1e2a8a5a[0K$ npm ci 
added 297 packages in 5.433s
travis_time:end:1e2a8a5a:start=1549702337337229077,finish=1549702343107677754,duration=5770448677[0Ktravis_fold:end:install.npm[0K
travis_fold:start:before_script[0Ktravis_time:start:0194b6b3[0K$ npm install
[37;40mnpm[0m [0m[30;43mWARN[0m[35m[0m ajv-keywords@3.2.0 requires a peer of ajv@^6.0.0 but none is installed. You must install peer dependencies yourself.
[0m
audited 861 packages in 2.952s
found [92m0[0m vulnerabilities

travis_time:end:0194b6b3:start=1549702343112192033,finish=1549702346485147954,duration=3372955921[0Ktravis_fold:end:before_script[0Ktravis_time:start:1f155968[0K$ npm run eslint

> nightwatch@1.0.18 eslint /home/travis/build/nightwatchjs/nightwatch
> eslint . --quiet

travis_time:end:1f155968:start=1549702346489099555,finish=1549702352563590112,duration=6074490557[0K[32;1mThe command "npm run eslint" exited with 0.[0m

travis_time:start:1c8cb6f5[0K$ npm test

> nightwatch@1.0.18 test /home/travis/build/nightwatchjs/nightwatch
> mocha test/src


[0m[0m
[0m  assert.attributeContains[0m
  [32m  âœ“[0m[90m attributeContains assertion passed[0m
  [32m  âœ“[0m[90m attributeContains assertion failed[0m
  [32m  âœ“[0m[90m attributeContains assertion not found[0m
  [32m  âœ“[0m[90m attributeContains assertion value attribute not found[0m

[0m  assert.attributeEquals[0m
  [32m  âœ“[0m[90m attributeEquals assertion passed[0m
  [32m  âœ“[0m[90m attributeEquals assertion failed[0m
  [32m  âœ“[0m[90m attributeEquals assertion not found[0m
  [32m  âœ“[0m[90m attributeEquals assertion value attribute not found[0m

[0m  assert.containsText[0m
  [32m  âœ“[0m[90m containsText assertion passed[0m
  [32m  âœ“[0m[90m containsText assertion failed[0m
  [32m  âœ“[0m[90m containsText assertion not found[0m

[0m  assert.cssClassNotPresent[0m
  [32m  âœ“[0m[90m cssClassNotPresent assertion passed[0m
  [32m  âœ“[0m[90m cssClassNotPresent assertion failed[0m
  [32m  âœ“[0m[90m cssClassNotPresent assertion not found[0m

[0m  assert.cssClassPresent[0m
  [32m  âœ“[0m[90m cssClassPresent assertion passed[0m
  [32m  âœ“[0m[90m cssClassPresent assertion failed[0m
  [32m  âœ“[0m[90m cssClassPresent assertion not found[0m

[0m  assert.cssProperty[0m
  [32m  âœ“[0m[90m cssProperty assertion passed[0m
  [32m  âœ“[0m[90m cssProperty assertion failed[0m
  [32m  âœ“[0m[90m cssProperty assertion not found[0m

[0m  assert.elementNotPresent[0m
  [32m  âœ“[0m[90m elementNotPresent assertion passed[0m
  [32m  âœ“[0m[90m elementNotPresent assertion passed when exceptions are passed[0m
  [32m  âœ“[0m[90m elementNotPresent assertion failed[0m

[0m  assert.elementPresent[0m
  [32m  âœ“[0m[90m elementPresent assertion passed[0m
  [32m  âœ“[0m[90m elementPresent assertion failed[0m

[0m  assert.hidden[0m
  [32m  âœ“[0m[90m hidden assertion passed[0m
  [32m  âœ“[0m[90m hidden assertion failed[0m
  [32m  âœ“[0m[90m hidden assertion not found[0m

[0m  assert.title[0m
  [32m  âœ“[0m[90m title assertion passed[0m
  [32m  âœ“[0m[90m title assertion failed[0m

[0m  assert.titleContains[0m
  [32m  âœ“[0m[90m titleContains assertion passed[0m
  [32m  âœ“[0m[90m titleContains assertion failed without value field in response[0m
  [32m  âœ“[0m[90m titleContains assertion failed with empty response[0m
  [32m  âœ“[0m[90m titleContains assertion failed[0m

[0m  assert.urlContains[0m
  [32m  âœ“[0m[90m urlContains assertion passed[0m
  [32m  âœ“[0m[90m urlContains assertion failed without value field in response[0m
  [32m  âœ“[0m[90m urlContains assertion failed with empty response[0m
  [32m  âœ“[0m[90m urlContains assertion failed[0m

[0m  assert.urlEquals[0m
  [32m  âœ“[0m[90m urlEquals assertion passed[0m
  [32m  âœ“[0m[90m urlEquals assertion failed[0m

[0m  assert.value[0m
  [32m  âœ“[0m[90m value assertion passed[0m
  [32m  âœ“[0m[90m value assertion failed[0m
  [32m  âœ“[0m[90m value assertion not found[0m

[0m  assert.valueContains[0m
  [32m  âœ“[0m[90m valueContains assertion passed[0m
  [32m  âœ“[0m[90m valueContains assertion failed[0m
  [32m  âœ“[0m[90m valueContains assertion element not found[0m
  [32m  âœ“[0m[90m valueContains assertion stale element reference[0m
  [32m  âœ“[0m[90m valueContains assertion value attribute not found[0m

[0m  assert.visible[0m
  [32m  âœ“[0m[90m visible assertion passed[0m
  [32m  âœ“[0m[90m visible assertion failed[0m
  [32m  âœ“[0m[90m visible assertion not found[0m

[0m  clearValue[0m
  [32m  âœ“[0m[90m client.clearValue()[0m[33m (49ms)[0m
  [32m  âœ“[0m[90m client.clearValue() with no callback[0m
  [32m  âœ“[0m[90m client.clearValue() with webdriver protocol[0m
(node:4359) UnhandledPromiseRejectionWarning: Error: An error occurred while retrieving a new session
    at WebdriverProtocol.handleErrorResponse (/home/travis/build/nightwatchjs/nightwatch/lib/transport/transport.js:117:15)
    at HttpRequest.request.on.on (/home/travis/build/nightwatchjs/nightwatch/lib/transport/transport.js:182:16)
    at emitThree (events.js:136:13)
    at HttpRequest.emit (events.js:217:7)
    at HttpResponse.originalIssuer.on.args (/home/travis/build/nightwatchjs/nightwatch/lib/http/request.js:105:19)
    at emitThree (events.js:136:13)
    at HttpResponse.emit (events.js:217:7)
    at IncomingMessage.res.on (/home/travis/build/nightwatchjs/nightwatch/lib/http/response.js:58:14)
    at emitNone (events.js:111:20)
    at IncomingMessage.emit (events.js:208:7)
    at endReadableNT (_stream_readable.js:1064:12)
    at _combinedTickCallback (internal/process/next_tick.js:139:11)
    at process._tickCallback (internal/process/next_tick.js:181:9)
(node:4359) UnhandledPromiseRejectionWarning: Unhandled promise rejection. This error originated either by throwing inside of an async function without a catch block, or by rejecting a promise which was not handled with .catch(). (rejection id: 34)
(node:4359) [DEP0018] DeprecationWarning: Unhandled promise rejections are deprecated. In the future, promise rejections that are not handled will terminate the Node.js process with a non-zero exit code.
  [31m  1) client.clearValue() with webdriver protocol - element not found[0m

[0m  click[0m
  [32m  âœ“[0m[90m client.click()[0m
  [32m  âœ“[0m[90m client.click() with xpath[0m

[0m  getCookies[0m
  [32m  âœ“[0m[90m client.getCookies()[0m
  [32m  âœ“[0m[90m client.getCookies() - empty result[0m

[0m  end[0m
  [32m  âœ“[0m[90m client.end();[0m
  [32m  âœ“[0m[90m client.end() - no session id[0m
  [32m  âœ“[0m[90m client.end() - with screenshot[0m
  [32m  âœ“[0m[90m client.end() - failures and screenshots disabled[0m

[0m  getAttribute[0m
  [32m  âœ“[0m[90m client.getAttribute()[0m

[0m  getCssProperty[0m
  [32m  âœ“[0m[90m client.getCssProperty()[0m

[0m  getElementSize[0m
  [32m  âœ“[0m[90m client.getElementSize()[0m

[0m  getLocation[0m
  [32m  âœ“[0m[90m client.getLocation()[0m

[0m  getLocationInView[0m
  [32m  âœ“[0m[90m client.getLocationInView()[0m

[0m  getLog[0m
  [32m  âœ“[0m[90m client.getLog()[0m

[0m  getLogTypes[0m
  [32m  âœ“[0m[90m client.getLogTypes()[0m

[0m  getTagName[0m
  [32m  âœ“[0m[90m client.getTagName()[0m

[0m  getText[0m
  [32m  âœ“[0m[90m client.getText()[0m

[0m  getTitle[0m
  [32m  âœ“[0m[90m client.getTitle()[0m

[0m  getValue[0m
  [32m  âœ“[0m[90m client.getValue()[0m

[0m  isLogAvailable[0m
  [32m  âœ“[0m[90m client.isLogAvailable()[0m
  [32m  âœ“[0m[90m client.isLogAvailable() failure[0m

[0m  isVisible[0m
  [32m  âœ“[0m[90m client.isVisible()[0m

[0m  locateStrategies[0m
  [32m  âœ“[0m[90m client.useXpath()[0m
  [32m  âœ“[0m[90m client.useCss()[0m

[0m  maximizeWindow[0m
  [32m  âœ“[0m[90m client.maximizeWindow()[0m

[0m  moveToElement[0m
  [32m  âœ“[0m[90m client.moveToElement()[0m

[0m  pause[0m
  [32m  âœ“[0m[90m client.pause()[0m

[0m  perform[0m
  [32m  âœ“[0m[90m client.perform()[0m
  [32m  âœ“[0m[90m client.perform() with async callback[0m
  [32m  âœ“[0m[90m client.perform() with async callback and api param[0m

[0m  saveScreenshot[0m
  [32m  âœ“[0m[90m client.saveScreenshot()[0m

[0m  setValue[0m
  [32m  âœ“[0m[90m client.setValue()[0m

[0m  submitForm[0m
  [32m  âœ“[0m[90m client.submitForm()[0m

[0m  waitForElementNotPresent[0m
  [32m  âœ“[0m[90m client.waitForElementNotPresent() success[0m
  [32m  âœ“[0m[90m client.waitForElementNotPresent() failure no abort[0m
  [32m  âœ“[0m[90m client.waitForElementNotPresent() failure no abort with custom interval[0m

[0m  waitForElementNotVisible[0m
  [32m  âœ“[0m[90m client.waitForElementNotVisible() success[0m
  [32m  âœ“[0m[90m client.waitForElementNotVisible() failure[0m

[0m  waitForElementPresent[0m
  [32m  âœ“[0m[90m client.waitForElementPresent() success[0m
  [32m  âœ“[0m[90m client.waitForElementPresent() with webdriver response success[0m
  [32m  âœ“[0m[90m client.waitForElementPresent() failure with custom message[0m
  [32m  âœ“[0m[90m client.waitForElementPresent() failure[0m
  [32m  âœ“[0m[90m client.waitForElementPresent() failure no abort[0m[31m (108ms)[0m

[0m  waitForElementVisible[0m
  [32m  âœ“[0m[90m client.waitForElementVisible() failure[0m
  [32m  âœ“[0m[90m client.waitForElementVisible() fail with global timeout default[0m
  [32m  âœ“[0m[90m client.waitForElementVisible() fail with global timeout default and custom message[0m
  [32m  âœ“[0m[90m client.waitForElementVisible() StaleElementReference error[0m
  [32m  âœ“[0m[90m client.waitForElementVisible() fail with no args and global timeout not set[0m

[0m  window[0m
  [32m  âœ“[0m[90m client.closeWindow()[0m
  [32m  âœ“[0m[90m client.switchWindow()[0m
  [32m  âœ“[0m[90m client.switchWindow() - no callback[0m
  [32m  âœ“[0m[90m client.resizeWindow()[0m

[0m  test commands element selectors[0m
  [32m  âœ“[0m[90m getText(<various>)[0m
  [32m  âœ“[0m[90m getText(<various>) locateStrategy[0m
  [32m  âœ“[0m[90m waitForElementPresent(<various>)[0m
  [32m  âœ“[0m[90m waitForElementPresent(<string>) failure[0m
  [32m  âœ“[0m[90m waitForElementPresent(<{selector}>) failure[0m
  [32m  âœ“[0m[90m waitForElementPresent(<various>) locateStrategy[0m

[0m  test expect element selectors[0m
  [32m  âœ“[0m[90m passing expect selectors[0m
  [32m  âœ“[0m[90m failing expect selectors - xpath .nock[0m
  [32m  âœ“[0m[90m unknown/invalid expect methods[0m
  [32m  âœ“[0m[90m failing expect selectors - xpath @signUp[0m

[0m  test index in element selectors[0m
  [32m  âœ“[0m[90m calling protocol.element(using, {selector, index})[0m
  [32m  âœ“[0m[90m calling protocol.elements(using, {selector, index})[0m
  [32m  âœ“[0m[90m calling getText(<various>, {index})[0m
  [32m  âœ“[0m[90m calling waitForElementPresent(<various>, {index})[0m
  [32m  âœ“[0m[90m calling waitForElementPresent(<various>, {index}) failure[0m
  [32m  âœ“[0m[90m using page elements with index[0m[33m (65ms)[0m
  [32m  âœ“[0m[90m using page section elements with index[0m
  [32m  âœ“[0m[90m using expect selectors with index - passing assertions[0m
(node:4359) UnhandledPromiseRejectionWarning: AssertionError [ERR_ASSERTION]: false == true
    at /home/travis/build/nightwatchjs/nightwatch/test/src/api/element-selectors/testIndexedElementSelectors.js:235:14
    at /home/travis/build/nightwatchjs/nightwatch/test/lib/nightwatch.js:20:9
    at <anonymous>
    at process._tickCallback (internal/process/next_tick.js:189:7)
(node:4359) UnhandledPromiseRejectionWarning: Unhandled promise rejection. This error originated either by throwing inside of an async function without a catch block, or by rejecting a promise which was not handled with .catch(). (rejection id: 47)
  [31m  2) using expect selectors with index - failing .nock[0m
  [32m  âœ“[0m[90m using expect selectors with index - failing @help[0m

[0m  test page object element selectors[0m
  [32m  âœ“[0m[90m page elements[0m
  [32m  âœ“[0m[90m page section elements[0m
  [32m  âœ“[0m[90m page section elements - section element not found[0m[33m (39ms)[0m
  [32m  âœ“[0m[90m page object customCommand with selector[0m
  [32m  âœ“[0m[90m page object customCommand with selector called on section[0m
  [32m  âœ“[0m[90m page object customAssertion with selector[0m[31m (115ms)[0m
  [32m  âœ“[0m[90m page object customAssertion with selector called on section[0m
  [32m  âœ“[0m[90m page object customAssertion with indexed element called on section[0m

[0m  test protocol element selectors[0m
  [32m  âœ“[0m[90m protocol.element(using, {selector})[0m
  [32m  âœ“[0m[90m protocol.element(using, null)[0m
  [32m  âœ“[0m[90m protocol.element(using, {})[0m
  [32m  âœ“[0m[90m protocol.element(using, {selector, locateStrategy})[0m
  [32m  âœ“[0m[90m protocol.element(using, {locateStrategy})[0m
  [32m  âœ“[0m[90m protocol.element(using, {locateStrategy=invalid})[0m
  [32m  âœ“[0m[90m protocol.elements(using, {selector})[0m
  [32m  âœ“[0m[90m protocol.elements(using, null)[0m
  [32m  âœ“[0m[90m protocol.elements(using, {})[0m
  [32m  âœ“[0m[90m protocol.elements(using, {selector, locateStrategy})[0m
  [32m  âœ“[0m[90m protocol.elements(using, {locateStrategy})[0m
  [32m  âœ“[0m[90m protocol.elements(using, {locateStrategy=invalid})[0m

[0m  expect.attribute[0m
  [32m  âœ“[0m[90m to have attribute [PASSED][0m
  [32m  âœ“[0m[90m to have attribute with waitFor [PASSED][0m
  [32m  âœ“[0m[90m to have attribute with implicit waitFor [PASSED][0m
  [32m  âœ“[0m[90m to have attribute with implicit and custom waitFor [PASSED][0m
  [32m  âœ“[0m[90m to have attribute with waitFor [FAILED][0m[31m (105ms)[0m
  [32m  âœ“[0m[90m to have attribute with implicit and custom waitFor [FAILED][0m[31m (104ms)[0m
  [32m  âœ“[0m[90m to have attribute with message [PASSED][0m
  [32m  âœ“[0m[90m to have attribute with message [FAILED][0m[33m (44ms)[0m
  [32m  âœ“[0m[90m to have attribute [FAILED][0m[33m (45ms)[0m
  [32m  âœ“[0m[90m to not have attribute [PASSED][0m
  [32m  âœ“[0m[90m to not have attribute [FAILED][0m[33m (45ms)[0m
  [32m  âœ“[0m[90m to have attribute - element not found[0m[33m (45ms)[0m
  [32m  âœ“[0m[90m to have attribute equal to [PASSED][0m
  [32m  âœ“[0m[90m to have attribute which equals [PASSED][0m
  [32m  âœ“[0m[90m to have attribute equal to [FAILED][0m[33m (45ms)[0m
  [32m  âœ“[0m[90m to have attribute NOT equal to [PASSED][0m
  [32m  âœ“[0m[90m to have attribute NOT equal to [FAILED][0m[33m (46ms)[0m
  [32m  âœ“[0m[90m to have attribute equal with waitFor [PASSED][0m
  [32m  âœ“[0m[90m to have attribute equal with custom waitFor [PASSED][0m[33m (54ms)[0m
  [32m  âœ“[0m[90m to have attribute equal and waitFor [FAILED] - attribute not found[0m[31m (158ms)[0m
  [32m  âœ“[0m[90m to have attribute equal and custom waitFor [FAILED] - attribute not found[0m[33m (74ms)[0m
  [32m  âœ“[0m[90m to have attribute equal and waitFor [FAILED] - attribute not equal[0m
  [32m  âœ“[0m[90m to have attribute equal to with message [PASSED][0m
  [32m  âœ“[0m[90m to have attribute equal with message [FAILED] - attribute not found[0m[33m (45ms)[0m
  [32m  âœ“[0m[90m to have attribute equal with message [FAILED] - attribute not equal[0m[33m (44ms)[0m
  [32m  âœ“[0m[90m to have attribute not contains [PASSED][0m
  [32m  âœ“[0m[90m to have attribute which contains [PASSED][0m
  [32m  âœ“[0m[90m to have attribute not contains [FAILED][0m[33m (46ms)[0m
  [32m  âœ“[0m[90m to have attribute which matches [PASSED][0m
  [32m  âœ“[0m[90m to have attribute not match [PASSED][0m
  [32m  âœ“[0m[90m to have attribute not match [FAILED][0m[33m (44ms)[0m
  [32m  âœ“[0m[90m to have attribute equal to - element not found[0m[33m (44ms)[0m
  [32m  âœ“[0m[90m to have attribute contains - element not found[0m[33m (44ms)[0m
  [32m  âœ“[0m[90m to have attribute match - element not found[0m[33m (44ms)[0m
  [32m  âœ“[0m[90m to have attribute with waitFor - element not found[0m[31m (104ms)[0m
  [32m  âœ“[0m[90m to have attribute with custom waitFor - element not found[0m[31m (104ms)[0m
  [32m  âœ“[0m[90m to have attribute with waitFor - element found on retry[0m[33m (54ms)[0m
  [32m  âœ“[0m[90m to have attribute with custom waitFor - element found on retry[0m[33m (55ms)[0m
  [32m  âœ“[0m[90m to have attribute match - throws exception on invalid regex[0m

[0m  expect.css[0m
  [32m  âœ“[0m[90m to have css property [PASSED][0m
  [32m  âœ“[0m[90m to have css property with waitFor [PASSED][0m
  [32m  âœ“[0m[90m to have css property with waitFor [FAILED][0m[33m (50ms)[0m
  [32m  âœ“[0m[90m to have css property with message [PASSED][0m
  [32m  âœ“[0m[90m to have css property with message [FAILED][0m[33m (45ms)[0m
  [32m  âœ“[0m[90m to have css property [FAILED][0m[33m (44ms)[0m
  [32m  âœ“[0m[90m to not have css property [PASSED][0m
  [32m  âœ“[0m[90m to not have css property [FAILED][0m[33m (44ms)[0m
  [32m  âœ“[0m[90m to have css property - element not found[0m[31m (104ms)[0m
  [32m  âœ“[0m[90m to have css property equal to [PASSED][0m
  [32m  âœ“[0m[90m to have css property which equals [PASSED][0m
  [32m  âœ“[0m[90m to have css property equal to [FAILED][0m[33m (45ms)[0m
  [32m  âœ“[0m[90m to have css property NOT equal to [PASSED][0m
  [32m  âœ“[0m[90m to have css property NOT equal to [FAILED][0m[33m (44ms)[0m
  [32m  âœ“[0m[90m to have css property equal with waitFor [PASSED][0m[33m (53ms)[0m
  [32m  âœ“[0m[90m to have css property equal and waitFor [FAILED] - property not set[0m[31m (155ms)[0m
  [32m  âœ“[0m[90m to have css property equal and waitFor [FAILED] - property not equal[0m
  [32m  âœ“[0m[90m to have css property which contains [PASSED][0m
  [32m  âœ“[0m[90m to have css property equal with message [PASSED][0m
  [32m  âœ“[0m[90m to have css property equal with message [FAILED] - property not set[0m[33m (45ms)[0m
  [32m  âœ“[0m[90m to have css property equal with message [FAILED] - property not equal[0m[33m (44ms)[0m
  [32m  âœ“[0m[90m to have css property not contains [PASSED][0m
  [32m  âœ“[0m[90m to have css property not contains [FAILED][0m[33m (44ms)[0m
  [32m  âœ“[0m[90m to have css property which matches [PASSED][0m
  [32m  âœ“[0m[90m to have css property not match [PASSED][0m
  [32m  âœ“[0m[90m to have css property not match [FAILED][0m[33m (44ms)[0m
  [32m  âœ“[0m[90m to have css property equal to - element not found[0m[33m (44ms)[0m
  [32m  âœ“[0m[90m to have css property contains - element not found[0m[33m (45ms)[0m
  [32m  âœ“[0m[90m to have css property with waitFor - element not found[0m[31m (104ms)[0m
  [32m  âœ“[0m[90m to have css property with waitFor - element found on retry[0m[33m (53ms)[0m
  [32m  âœ“[0m[90m to have css property match - element not found[0m[33m (44ms)[0m

[0m  expect.enabled[0m
  [32m  âœ“[0m[90m to be enabled [PASSED][0m
  [32m  âœ“[0m[90m to be enabled with waitFor [PASSED][0m
  [32m  âœ“[0m[90m to be enabled with waitFor [FAILED][0m[31m (105ms)[0m
  [32m  âœ“[0m[90m to be enabled [FAILED][0m[33m (45ms)[0m
  [32m  âœ“[0m[90m to not be enabled [PASSED][0m
  [32m  âœ“[0m[90m to not be enabled [FAILED][0m[33m (44ms)[0m
  [32m  âœ“[0m[90m to be enabled - element not found[0m[33m (44ms)[0m
  [32m  âœ“[0m[90m to not be enabled with waitFor [FAILED][0m[31m (156ms)[0m
  [32m  âœ“[0m[90m to be enabled with waitFor - element not found[0m[31m (104ms)[0m
  [32m  âœ“[0m[90m to be enabled with waitFor - element found on retry[0m[33m (53ms)[0m

[0m  expect.present[0m
  [32m  âœ“[0m[90m to be present [PASSED][0m
  [32m  âœ“[0m[90m to be present with waitFor [PASSED][0m
  [32m  âœ“[0m[90m to be present with waitFor [FAILED][0m[31m (105ms)[0m
  [32m  âœ“[0m[90m to be present [FAILED][0m[33m (44ms)[0m
  [32m  âœ“[0m[90m to be present with waitFor [PASSED on retry][0m[33m (53ms)[0m
  [32m  âœ“[0m[90m to not be present [FAILED][0m[33m (44ms)[0m
  [32m  âœ“[0m[90m to be present - xpath via useXpath [PASSED][0m
  [32m  âœ“[0m[90m to be present - xpath via argument [PASSED][0m

[0m  expect.selected[0m
  [32m  âœ“[0m[90m to be selected [PASSED][0m
  [32m  âœ“[0m[90m to be selected with waitFor [PASSED][0m
  [32m  âœ“[0m[90m to be selected with waitFor [FAILED][0m[31m (104ms)[0m
  [32m  âœ“[0m[90m to be selected [FAILED][0m[33m (44ms)[0m
  [32m  âœ“[0m[90m to not be selected [PASSED][0m
  [32m  âœ“[0m[90m to not be selected [FAILED][0m[33m (44ms)[0m
  [32m  âœ“[0m[90m to be selected - element not found[0m[33m (44ms)[0m
  [32m  âœ“[0m[90m to not be selected with waitFor [FAILED][0m[31m (156ms)[0m
  [32m  âœ“[0m[90m to be selected with waitFor - element not found[0m[31m (105ms)[0m
  [32m  âœ“[0m[90m to be selected with waitFor - element found on retry[0m[33m (53ms)[0m

[0m  expect.text[0m
  [32m  âœ“[0m[90m text to equal [PASSED][0m
  [32m  âœ“[0m[90m text to equal [FAILED][0m[33m (45ms)[0m
  [32m  âœ“[0m[90m text to NOT equal [PASSED][0m
  [32m  âœ“[0m[90m text to NOT equal [FAILED][0m[33m (46ms)[0m
  [32m  âœ“[0m[90m text to equal with waitFor [PASSED][0m[33m (53ms)[0m
  [32m  âœ“[0m[90m text to equal and waitFor [FAILED] - text not equal[0m
  [32m  âœ“[0m[90m text to not equal [PASSED][0m
  [32m  âœ“[0m[90m text to not equal [FAILED][0m[33m (44ms)[0m
  [32m  âœ“[0m[90m text to not contain [PASSED][0m
  [32m  âœ“[0m[90m text to contain [PASSED][0m
  [32m  âœ“[0m[90m text to not contain [FAILED][0m[33m (44ms)[0m
  [32m  âœ“[0m[90m text to match [PASSED][0m
  [32m  âœ“[0m[90m text to not match [PASSED][0m
  [32m  âœ“[0m[90m text to not match [FAILED][0m[33m (44ms)[0m
  [32m  âœ“[0m[90m text to equal - element not found[0m[33m (44ms)[0m
  [32m  âœ“[0m[90m text to contain - element not found[0m[33m (44ms)[0m
  [32m  âœ“[0m[90m text to match - element not found[0m[33m (44ms)[0m
  [32m  âœ“[0m[90m text to match with waitFor - element not found[0m[31m (104ms)[0m
  [32m  âœ“[0m[90m text to match with waitFor - element found on retry[0m[33m (54ms)[0m
  [32m  âœ“[0m[90m text to match - throws exception on invalid regex[0m[33m (44ms)[0m

[0m  expect.type[0m
  [32m  âœ“[0m[90m to be [PASSED][0m
  [32m  âœ“[0m[90m to be [FAILED][0m[33m (53ms)[0m
  [32m  âœ“[0m[90m to not be [PASSED][0m
  [32m  âœ“[0m[90m to not be - element not found[0m[33m (43ms)[0m
  [32m  âœ“[0m[90m to be with message [PASSED][0m
  [32m  âœ“[0m[90m to be with message [FAILED][0m[33m (44ms)[0m
  [32m  âœ“[0m[90m to be with message - element not found[0m[33m (44ms)[0m
  [32m  âœ“[0m[90m to be with waitFor - element not found[0m[31m (104ms)[0m
  [32m  âœ“[0m[90m to be with waitFor - element found on retry[0m[33m (52ms)[0m

[0m  expect.value[0m
  [32m  âœ“[0m[90m to have value equal to [PASSED][0m
  [32m  âœ“[0m[90m to have value which equals [PASSED][0m
  [32m  âœ“[0m[90m to have value equal to [FAILED][0m[33m (45ms)[0m
  [32m  âœ“[0m[90m to have value NOT equal to [PASSED][0m
  [32m  âœ“[0m[90m to have value NOT equal to [FAILED][0m[33m (45ms)[0m
  [32m  âœ“[0m[90m to have value equal with waitFor [PASSED][0m[33m (53ms)[0m
  [32m  âœ“[0m[90m to have value equal and waitFor [FAILED] - value not equal[0m[31m (155ms)[0m
  [32m  âœ“[0m[90m to have value not equal to [PASSED][0m
  [32m  âœ“[0m[90m to have value not equal to [FAILED][0m[33m (44ms)[0m
  [32m  âœ“[0m[90m to have value not contains [PASSED][0m
  [32m  âœ“[0m[90m to have value contains [PASSED][0m
  [32m  âœ“[0m[90m to have value not contains [FAILED][0m[33m (44ms)[0m
  [32m  âœ“[0m[90m to have value not match [PASSED][0m
  [32m  âœ“[0m[90m to have value which matches [PASSED][0m
  [32m  âœ“[0m[90m to have value not match [FAILED][0m[33m (44ms)[0m
  [32m  âœ“[0m[90m to have value equal to - element not found[0m[33m (44ms)[0m
  [32m  âœ“[0m[90m to have value which contains - element not found[0m[33m (44ms)[0m
  [32m  âœ“[0m[90m to have value match - element not found[0m[33m (44ms)[0m
  [32m  âœ“[0m[90m to have value equal to with waitFor - element not found[0m[31m (104ms)[0m
  [32m  âœ“[0m[90m to have value equal with waitFor - element found on retry[0m[33m (53ms)[0m
  [32m  âœ“[0m[90m to have value match - throws exception on invalid regex[0m[33m (45ms)[0m
  [32m  âœ“[0m[90m to have value equal and waitFor [FAILED] - value not found[0m[31m (156ms)[0m

[0m  expect.visible[0m
  [32m  âœ“[0m[90m to be visible [PASSED][0m
  [32m  âœ“[0m[90m to be visible with waitFor [PASSED][0m
  [32m  âœ“[0m[90m to be visible with waitFor [FAILED][0m[31m (104ms)[0m
  [32m  âœ“[0m[90m to be visible [FAILED][0m[33m (44ms)[0m
  [32m  âœ“[0m[90m to not be visible [PASSED][0m
  [32m  âœ“[0m[90m to not be visible [FAILED][0m[33m (45ms)[0m
  [32m  âœ“[0m[90m to be visible - element not found[0m[33m (43ms)[0m
  [32m  âœ“[0m[90m to not be visible with waitFor [FAILED][0m
  [32m  âœ“[0m[90m to not be visible with waitFor [PASSED] - element not visible on retry[0m
  [32m  âœ“[0m[90m to be visible with waitFor - element not found[0m[31m (104ms)[0m
  [32m  âœ“[0m[90m to be visible with waitFor - element found on retry[0m[33m (54ms)[0m

[0m  alert commands[0m
  [32m  âœ“[0m[90m testAcceptAlert[0m
  [32m  âœ“[0m[90m testAcceptAlert W3C WebDriver[0m
  [32m  âœ“[0m[90m testDismissAlert[0m
  [32m  âœ“[0m[90m testDismissAlert W3C WebDriver[0m
  [32m  âœ“[0m[90m testGetAlertText[0m
  [32m  âœ“[0m[90m testGetAlertText W3C WebDriver[0m
  [32m  âœ“[0m[90m testSetAlertText[0m
  [32m  âœ“[0m[90m testSetAlertText W3C WebDriver[0m

[0m  browser commands[0m
  [32m  âœ“[0m[90m testRefresh[0m
  [32m  âœ“[0m[90m testBack[0m
  [32m  âœ“[0m[90m testForward[0m

[0m  context commands[0m
  [32m  âœ“[0m[90m testContexts[0m
  [32m  âœ“[0m[90m testCurrentContext[0m
  [32m  âœ“[0m[90m testSetContext[0m

[0m  cookie commands[0m
  [32m  âœ“[0m[90m testCookieGet[0m
  [32m  âœ“[0m[90m testCookiePost[0m
  [32m  âœ“[0m[90m testCookieDeleteAll[0m
  [32m  âœ“[0m[90m testCookieDeleteOne[0m
  [32m  âœ“[0m[90m testCookieErrors[0m

[0m  client.doubleClick[0m
  [32m  âœ“[0m[90m testDoubleClick[0m

[0m  element W3C Webdriver actions[0m
  [32m  âœ“[0m[90m test click() with W3C WebDriver[0m
  [32m  âœ“[0m[90m test clearValue() with W3C WebDriver[0m

[0m  element actions[0m
  [32m  âœ“[0m[90m testElement[0m
  [32m  âœ“[0m[90m testElementIdElement[0m
  [32m  âœ“[0m[90m testElementIdElement invalid element ID[0m
  [32m  âœ“[0m[90m testElementPlural[0m
  [32m  âœ“[0m[90m testElementIdElementPlural[0m
  [32m  âœ“[0m[90m testElementIdElementPlural invalid element ID[0m
  [32m  âœ“[0m[90m testElementActive[0m
  [32m  âœ“[0m[90m testElementIdClear[0m
  [32m  âœ“[0m[90m testElementIdClear invalid element ID[0m
  [32m  âœ“[0m[90m testElementIdSelected[0m
  [32m  âœ“[0m[90m testElementIdSelected invalid element ID[0m
  [32m  âœ“[0m[90m testElementIdEnabled[0m
  [32m  âœ“[0m[90m testElementIdEnabled invalid element ID[0m
  [32m  âœ“[0m[90m testElementIdEquals[0m
  [32m  âœ“[0m[90m testElementIdEquals invalid element ID[0m
  [32m  âœ“[0m[90m testElementIdAttribute[0m
  [32m  âœ“[0m[90m testElementIdAttribute invalid element ID[0m
  [32m  âœ“[0m[90m testElementIdClick[0m
  [32m  âœ“[0m[90m testElementIdClick invalid element ID[0m
  [32m  âœ“[0m[90m testElementIdCssProperty[0m
  [32m  âœ“[0m[90m testElementIdCssProperty invalid element ID[0m
  [32m  âœ“[0m[90m testElementIdDisplayed[0m
  [32m  âœ“[0m[90m testElementIdDisplayed invalid element ID[0m
  [32m  âœ“[0m[90m testElementIdLocation[0m
  [32m  âœ“[0m[90m testElementIdLocation invalid element ID[0m
  [32m  âœ“[0m[90m testElementIdLocationInView[0m
  [32m  âœ“[0m[90m testElementIdLocationInView invalid element ID[0m
  [32m  âœ“[0m[90m testElementIdName[0m
  [32m  âœ“[0m[90m testElementIdName invalid element ID[0m
  [32m  âœ“[0m[90m testElementIdSize[0m
  [32m  âœ“[0m[90m testElementIdSize invalid element ID[0m
  [32m  âœ“[0m[90m testElementIdText[0m
  [32m  âœ“[0m[90m testElementIdText invalid element ID[0m
  [32m  âœ“[0m[90m testElementIdValueGet[0m
  [32m  âœ“[0m[90m testElementIdValueGet with callback[0m
  [32m  âœ“[0m[90m testElementIdValueGet invalid element ID[0m
  [32m  âœ“[0m[90m testElementIdValuePost[0m
  [32m  âœ“[0m[90m testElementIdValuePost invalid element ID[0m
  [32m  âœ“[0m[90m testElementWithCallbackAndContext[0m

[0m  client.execute[0m
  [32m  âœ“[0m[90m testExecuteString[0m
  [32m  âœ“[0m[90m testExecuteString W3C WebDriver[0m
  [32m  âœ“[0m[90m testExecuteFunction[0m
  [32m  âœ“[0m[90m testExecuteFunctionNoArgs[0m
  [32m  âœ“[0m[90m testExecuteAsyncFunction[0m
  [32m  âœ“[0m[90m testExecuteAsync[0m
  [32m  âœ“[0m[90m testExecuteAsync W3C WebDriver[0m

[0m  client.frame[0m
  [32m  âœ“[0m[90m testFrameDefault[0m
  [32m  âœ“[0m[90m testFramePost[0m
  [32m  âœ“[0m[90m testFramePostWithZeroIndex[0m
  [32m  âœ“[0m[90m testFrameParent[0m

[0m  client.keys()[0m
  [32m  âœ“[0m[90m testKeys[0m
  [32m  âœ“[0m[90m testKeysSingle[0m
  [32m  âœ“[0m[90m testKeysUnicode[0m

[0m  session log commands[0m
  [32m  âœ“[0m[90m testLog[0m
  [32m  âœ“[0m[90m testLogTypes[0m

[0m  client.mouseButtonClick[0m
  [32m  âœ“[0m[90m test mouseButtonClick click left[0m
  [32m  âœ“[0m[90m test mouseButtonClick click right[0m
  [32m  âœ“[0m[90m test mouseButtonClick click middle[0m
  [32m  âœ“[0m[90m test mouseButtonClick with callback only[0m
  [32m  âœ“[0m[90m test mouseButtonClick with no args[0m
  [32m  âœ“[0m[90m test mouseButtonDown click left[0m
  [32m  âœ“[0m[90m test mouseButtonDown click middle[0m
  [32m  âœ“[0m[90m test mouseButtonDown with callback only[0m
  [32m  âœ“[0m[90m test mouseButtonUp click right[0m

[0m  browser commands[0m
  [32m  âœ“[0m[90m testMoveTo[0m

[0m  orientation commands[0m
  [32m  âœ“[0m[90m testGetOrientation[0m
  [32m  âœ“[0m[90m testSetOrientation[0m
  [32m  âœ“[0m[90m testSetOrientationInvalid[0m

[0m  client.screenshot[0m
  [32m  âœ“[0m[90m testScreenshot[0m

[0m  session commands[0m
  [32m  âœ“[0m[90m testSessions[0m
  [32m  âœ“[0m[90m testSessionDefault[0m
  [32m  âœ“[0m[90m testSessionGETImplicit[0m
  [32m  âœ“[0m[90m testSessionGETExplicit[0m
  [32m  âœ“[0m[90m testSessionGETImplicitById[0m
  [32m  âœ“[0m[90m testSessionGETExplicitById[0m
  [32m  âœ“[0m[90m testSessionDELETE[0m
  [32m  âœ“[0m[90m testSessionDELETEWithCallback[0m
  [32m  âœ“[0m[90m testSessionDELETEById[0m
  [32m  âœ“[0m[90m testSessionPOST[0m

[0m  client.source[0m
  [32m  âœ“[0m[90m client.source() get command[0m
  [31m  3) client.source() get command callback[0m

[0m  client.status[0m
  [32m  âœ“[0m[90m testStatus[0m

[0m  client.submit[0m
  [32m  âœ“[0m[90m testSubmit[0m

[0m  timeouts commands[0m
  [32m  âœ“[0m[90m testTimeoutsValid[0m
  [32m  âœ“[0m[90m testTimeouts invalid type[0m
  [32m  âœ“[0m[90m testTimeouts invalid value[0m
  [32m  âœ“[0m[90m testTimeoutsAsyncScript[0m
  [32m  âœ“[0m[90m testTimeoutsImplicitWait[0m

[0m  client.title[0m
  [32m  âœ“[0m[90m testTitle[0m

[0m  url[0m
  [32m  âœ“[0m[90m client.url() get[0m
  [32m  âœ“[0m[90m client.url() new[0m
  [32m  âœ“[0m[90m client.url() get with callback[0m
  [32m  âœ“[0m[90m client.url() new with callback[0m

[0m  window commands[0m
  [32m  âœ“[0m[90m testWindowHandle[0m
  [32m  âœ“[0m[90m testWindowHandle W3C WebDriver[0m
  [32m  âœ“[0m[90m testWindowHandlePlural[0m
  [32m  âœ“[0m[90m testWindowHandlePlural W3C WebDriver[0m
  [32m  âœ“[0m[90m testCloseWindow[0m
  [32m  âœ“[0m[90m testSwitchWindow[0m
  [32m  âœ“[0m[90m testSwitchWindow W3C WebDriver[0m
  [32m  âœ“[0m[90m testWindowCommand[0m

[0m  windowPosition[0m
  [32m  âœ“[0m[90m testWindowPositionGet without offsets and callback[0m
  [32m  âœ“[0m[90m testWindowPositionErrors[0m
  [32m  âœ“[0m[90m testWindowPositionGet[0m
  [32m  âœ“[0m[90m testWindowPositionPost[0m

[0m  windowSize[0m
  [32m  âœ“[0m[90m testWindowSizeErrors[0m
  [32m  âœ“[0m[90m testWindowSizeGet[0m
  [32m  âœ“[0m[90m testWindowSizePost[0m

[0m  test Assertions[0m
  [32m  âœ“[0m[90m Testing assertions loaded[0m
  [32m  âœ“[0m[90m Testing chai expect is loaded[0m
  [32m  âœ“[0m[90m Testing passed assertion retry[0m
  [32m  âœ“[0m[90m Testing failed assertion retry[0m

[0m  test Nightwatch Api[0m
  [32m  âœ“[0m[90m testAddCustomAssertion[0m
  [32m  âœ“[0m[90m testLoadCustomAssertionsBadFolder[0m
  [32m  âœ“[0m[90m testRunCustomPerformCommand[0m
  [32m  âœ“[0m[90m testRunCustomCommandDeprecated[0m
  [32m  âœ“[0m[90m testRunElementCommand[0m[33m (64ms)[0m
  [32m  âœ“[0m[90m testRunClientCommand[0m
  [32m  âœ“[0m[90m testAddPageObjectArrayPath[0m

[0m  test PageObjectApi[0m
  [32m  âœ“[0m[90m testPageObjectProperties[0m
  [32m  âœ“[0m[90m testPageObjectElementsArray[0m
  [32m  âœ“[0m[90m testPageObjectSubDirectory[0m
  [32m  âœ“[0m[90m testPageObjectAssertionsLoaded[0m
  [32m  âœ“[0m[90m testPageObjectCommandsLoaded[0m

[0m  test PageObject Commands[0m
  [32m  âœ“[0m[90m testPageObjectElementCommandWithMutliArgs[0m
  [32m  âœ“[0m[90m testPageObjectCallbackContext[0m
  [32m  âœ“[0m[90m testPageObjectLocateStrategy[0m
  [32m  âœ“[0m[90m testPageObjectElementRecursion[0m
  [32m  âœ“[0m[90m testPageObjectPluralElementRecursion[0m
  [32m  âœ“[0m[90m testPageObjectElementCommandSwitchLocateStrategy[0m
  [32m  âœ“[0m[90m testPageObjectInvalidElementCommand[0m
  [32m  âœ“[0m[90m testPageObjectPropsFunctionReturnsObject[0m
  [32m  âœ“[0m[90m testSectionObjectPropsFunctionReturnsObject[0m
  [32m  âœ“[0m[90m testPageObjectWithUrlChanged[0m

[0m  test PageObject Commands[0m
  [32m  âœ“[0m[90m testPageObjectCustomCommands[0m
  [32m  âœ“[0m[90m testPageObject - custom commands object definition[0m
  [32m  âœ“[0m[90m testPageObject - error loading custom commands[0m

[0m  test Queue[0m
  [32m  âœ“[0m[90m Test commands queue[0m

[0m  test Request With Credentials[0m
  [32m  âœ“[0m[90m Test initialization with credentials[0m

[0m  Transport.create()[0m
  [31m  4) test create Transport for Selenium3 external with Firefox[0m
  [31m  5) test create Transport for Selenium3 external with Firefox - seleniumHost property[0m
  [31m  6) test create Transport for Webdriver external - host property[0m
  [31m  7) test create Transport for Selenium3 external with Chrome[0m
  [31m  8) test create Transport for Selenium3 managed[0m
  [32m  âœ“[0m[90m test create Transport for Selenium2 managed explicit version2 setting[0m
  [31m  9) test create Transport for Firefox managed[0m
  [31m  10) test create Transport for Chrome managed[0m
  [32m  âœ“[0m[90m test create Transport for Safari managed[0m
  [32m  âœ“[0m[90m test create Transport for Safari remote[0m
  [32m  âœ“[0m[90m test create Transport for Chrome managed and no selenium settings[0m
  [31m  11) test create Transport for WebDriver managed and no selenium settings[0m
  [31m  12) test create Transport for Selenium remote cloud service with Chrome[0m
  [31m  13) test create Transport for Selenium remote cloud service with MicrosoftEdge[0m

[0m  test defaultPathPrefix[0m
  [32m  âœ“[0m[90m testDefaultPathPrefix[0m
  [32m  âœ“[0m[90m testSetDefaultPathPrefixOption[0m
  [32m  âœ“[0m[90m test set defaultPathPrefix option when already set[0m
  [32m  âœ“[0m[90m testSetDefaultPathPrefixInvalidOption[0m
  [32m  âœ“[0m[90m testSetDefaultPathPrefixEmptyOption[0m

[0m  test NightwatchIndex[0m
  [32m  âœ“[0m[90m Test initialization[0m
  [32m  âœ“[0m[90m testChromeSessionWithRedirectStatus[0m
  [32m  âœ“[0m[90m test createSession on Selenium Grid with Firefox[0m
  [32m  âœ“[0m[90m testSetOptions[0m
  [31m  14) testSetWebdriverOptionsDefaults[0m
  [32m  âœ“[0m[90m testSetWebdriverOptions[0m
  [31m  15) testSetSeleniumPort[0m
  [31m  16) testSetOptionsCredentials[0m
  [32m  âœ“[0m[90m testSetOptionsScreenshots[0m
  [32m  âœ“[0m[90m testSetOptionsScreenshotsOnError[0m
  [32m  âœ“[0m[90m testSetOptionsScreenshotsThrows[0m
  [32m  âœ“[0m[90m testEndSessionOnFail[0m
  [32m  âœ“[0m[90m testSetRequestTimeoutOptions[0m
  [31m  17) test session response with status success and no sessionId[0m
  [32m  âœ“[0m[90m test runner API[0m

[0m  test HttpRequest[0m
  [32m  âœ“[0m[90m testSendPostRequest[0m
  [32m  âœ“[0m[90m testSendPostRequestWithCredentials[0m
  [32m  âœ“[0m[90m testSendPostRequestWithProxy[0m
  [32m  âœ“[0m[90m testResponseWithRedirect[0m
  [32m  âœ“[0m[90m testGetRequest[0m
WARNING: loading non-allowed module: ./utils.js
  [32m  âœ“[0m[90m testErrorResponse[0m
WARNING: loading non-allowed module: ./utils.js
  [32m  âœ“[0m[90m testErrorResponseLocalised[0m

[0m  test HttpRequestTimeout[0m
  [32m  âœ“[0m[90m testRequestTimeout[0m[33m (51ms)[0m
  [32m  âœ“[0m[90m testRetryAttempts[0m[33m (53ms)[0m

[0m  Test CLI Runner[0m
  [32m  âœ“[0m[90m should have reasonable defaults for CLI arguments[0m[33m (50ms)[0m
  [32m  âœ“[0m[90m should override settings with CLI arguments[0m
  [32m  âœ“[0m[90m testSetOutputFolder[0m
  [32m  âœ“[0m[90m testReadSettingsDeprecated[0m
  [32m  âœ“[0m[90m testCustomSettingsFileAndEnvironment[0m
  [32m  âœ“[0m[90m testGetTestSourceSingle[0m
(node:4359) MaxListenersExceededWarning: Possible EventEmitter memory leak detected. 11 exit listeners added. Use emitter.setMaxListeners() to increase limit
  [32m  âœ“[0m[90m testGetTestSourceSingleWithAbsolutePath[0m
  [32m  âœ“[0m[90m testGetTestSourceSingleWithRelativePath[0m
  [32m  âœ“[0m[90m testGetTestSourceGroup[0m
(node:4359) MaxListenersExceededWarning: Possible EventEmitter memory leak detected. 11 uncaughtException listeners added. Use emitter.setMaxListeners() to increase limit
(node:4359) MaxListenersExceededWarning: Possible EventEmitter memory leak detected. 11 unhandledRejection listeners added. Use emitter.setMaxListeners() to increase limit
  [32m  âœ“[0m[90m testGetTestSourceMultipleGroups[0m
  [32m  âœ“[0m[90m testParseTestSettingsInvalid[0m
  [32m  âœ“[0m[90m testParseTestSettingsNull[0m
  [32m  âœ“[0m[90m testParseTestSettingsIncorrect[0m
  [32m  âœ“[0m[90m testReadExternalGlobals[0m
  [32m  âœ“[0m[90m testReadExternalGlobalsError[0m
  [32m  âœ“[0m[90m testStartSeleniumDisabledPerEnvironment[0m
  [32m  âœ“[0m[90m testStartSeleniumEnvironmentOverride[0m

[0m  test CLI Runner Mocha[0m
  [32m  âœ“[0m[90m testRunWithMochaDefaults[0m
  [32m  âœ“[0m[90m testRunWithMochaPerEnvironment[0m
  [32m  âœ“[0m[90m testRunWithMochaCustomOpts[0m

[0m  test Parallel Execution[0m
  [32m  âœ“[0m[90m testParallelExecution[0m[33m (61ms)[0m
  [32m  âœ“[0m[90m test parallel execution with workers defaults[0m[31m (1739ms)[0m
  [32m  âœ“[0m[90m testParallelExecutionSameEnv[0m[33m (43ms)[0m
  [32m  âœ“[0m[90m testParallelExecutionWithWorkersAuto[0m[31m (1754ms)[0m
 [1;31mTest workers are disabled when running multiple test environments in parallel.
[0m
  [32m  âœ“[0m[90m testParallelExecutionWithWorkers and multiple environments[0m
  [32m  âœ“[0m[90m test parallel execution with workers count[0m[31m (679ms)[0m
  [32m  âœ“[0m[90m test parallel execution with workers disabled per environment[0m
  [32m  âœ“[0m[90m test parallel execution with workers and single source file[0m

[0m  test Parallel Execution Exit Code[0m
  [32m  âœ“[0m[90m test parallel execution with code non zero test workers[0m[31m (681ms)[0m
  [32m  âœ“[0m[90m test parallel execution with code non zero envs[0m[33m (40ms)[0m

[0m  test Mocha integration[0m

[0m[0m
[0m  Demo test with Mocha[0m
[0m    for testing purposes[0m
 [1;31m[0;31m  An error occurred while retrieving a new session[0m
[0;90m       at WebdriverProtocol.handleErrorResponse (/home/travis/build/nightwatchjs/nightwatch/lib/transport/transport.js:117:15)
       at HttpRequest.request.on.err (/home/travis/build/nightwatchjs/nightwatch/lib/transport/transport.js:172:14)
       at HttpResponse.originalIssuer.on.args (/home/travis/build/nightwatchjs/nightwatch/lib/http/request.js:105:19)
       at IncomingMessage.res.on (/home/travis/build/nightwatchjs/nightwatch/lib/http/response.js:60:14)
       at endReadableNT (_stream_readable.js:1064:12)
       at _combinedTickCallback (internal/process/next_tick.js:139:11)
       at process._tickCallback (internal/process/next_tick.js:181:9)[0m[0m
 [1;32munhandledRejection:[0m
 [1;31m[0;31m  An error occurred while retrieving a new session[0m
[0;90m       at WebdriverProtocol.handleErrorResponse (/home/travis/build/nightwatchjs/nightwatch/lib/transport/transport.js:117:15)
       at HttpRequest.request.on.err (/home/travis/build/nightwatchjs/nightwatch/lib/transport/transport.js:172:14)
       at HttpResponse.originalIssuer.on.args (/home/travis/build/nightwatchjs/nightwatch/lib/http/request.js:105:19)
       at IncomingMessage.res.on (/home/travis/build/nightwatchjs/nightwatch/lib/http/response.js:60:14)
       at endReadableNT (_stream_readable.js:1064:12)
       at _combinedTickCallback (internal/process/next_tick.js:139:11)
       at process._tickCallback (internal/process/next_tick.js:181:9)[0m[0m
 [1;31m[0;31m  An error occurred while retrieving a new session[0m
[0;90m       at WebdriverProtocol.handleErrorResponse (/home/travis/build/nightwatchjs/nightwatch/lib/transport/transport.js:117:15)
       at HttpRequest.request.on.err (/home/travis/build/nightwatchjs/nightwatch/lib/transport/transport.js:172:14)
       at HttpResponse.originalIssuer.on.args (/home/travis/build/nightwatchjs/nightwatch/lib/http/request.js:105:19)
       at IncomingMessage.res.on (/home/travis/build/nightwatchjs/nightwatch/lib/http/response.js:60:14)
       at endReadableNT (_stream_readable.js:1064:12)
       at _combinedTickCallback (internal/process/next_tick.js:139:11)
       at process._tickCallback (internal/process/next_tick.js:181:9)[0m[0m
 [1;32munhandledRejection:[0m
 [1;31m[0;31m  An error occurred while retrieving a new session[0m
[0;90m       at WebdriverProtocol.handleErrorResponse (/home/travis/build/nightwatchjs/nightwatch/lib/transport/transport.js:117:15)
       at HttpRequest.request.on.err (/home/travis/build/nightwatchjs/nightwatch/lib/transport/transport.js:172:14)
       at HttpResponse.originalIssuer.on.args (/home/travis/build/nightwatchjs/nightwatch/lib/http/request.js:105:19)
       at IncomingMessage.res.on (/home/travis/build/nightwatchjs/nightwatch/lib/http/response.js:60:14)
       at endReadableNT (_stream_readable.js:1064:12)
       at _combinedTickCallback (internal/process/next_tick.js:139:11)
       at process._tickCallback (internal/process/next_tick.js:181:9)[0m[0m
 [1;32munhandledRejection:[0m
 [1;31m[0;31m  An error occurred while retrieving a new session[0m
[0;90m       at WebdriverProtocol.handleErrorResponse (/home/travis/build/nightwatchjs/nightwatch/lib/transport/transport.js:117:15)
       at HttpRequest.request.on.err (/home/travis/build/nightwatchjs/nightwatch/lib/transport/transport.js:172:14)
       at HttpResponse.originalIssuer.on.args (/home/travis/build/nightwatchjs/nightwatch/lib/http/request.js:105:19)
       at IncomingMessage.res.on (/home/travis/build/nightwatchjs/nightwatch/lib/http/response.js:60:14)
       at endReadableNT (_stream_readable.js:1064:12)
       at _combinedTickCallback (internal/process/next_tick.js:139:11)
       at process._tickCallback (internal/process/next_tick.js:181:9)[0m[0m
 [1;31m[0;31m  An error occurred while retrieving a new session[0m
[0;90m       at WebdriverProtocol.handleErrorResponse (/home/travis/build/nightwatchjs/nightwatch/lib/transport/transport.js:117:15)
       at HttpRequest.request.on.err (/home/travis/build/nightwatchjs/nightwatch/lib/transport/transport.js:172:14)
       at HttpResponse.originalIssuer.on.args (/home/travis/build/nightwatchjs/nightwatch/lib/http/request.js:105:19)
       at IncomingMessage.res.on (/home/travis/build/nightwatchjs/nightwatch/lib/http/response.js:60:14)
       at endReadableNT (_stream_readable.js:1064:12)
       at _combinedTickCallback (internal/process/next_tick.js:139:11)
       at process._tickCallback (internal/process/next_tick.js:181:9)[0m[0m
 [1;32munhandledRejection:[0m
 [1;31m[0;31m  An error occurred while retrieving a new session[0m
[0;90m       at WebdriverProtocol.handleErrorResponse (/home/travis/build/nightwatchjs/nightwatch/lib/transport/transport.js:117:15)
       at HttpRequest.request.on.err (/home/travis/build/nightwatchjs/nightwatch/lib/transport/transport.js:172:14)
       at HttpResponse.originalIssuer.on.args (/home/travis/build/nightwatchjs/nightwatch/lib/http/request.js:105:19)
       at IncomingMessage.res.on (/home/travis/build/nightwatchjs/nightwatch/lib/http/response.js:60:14)
       at endReadableNT (_stream_readable.js:1064:12)
       at _combinedTickCallback (internal/process/next_tick.js:139:11)
       at process._tickCallback (internal/process/next_tick.js:181:9)[0m[0m
 [1;31m[0;31m  An error occurred while retrieving a new session[0m
[0;90m       at WebdriverProtocol.handleErrorResponse (/home/travis/build/nightwatchjs/nightwatch/lib/transport/transport.js:117:15)
       at HttpRequest.request.on.err (/home/travis/build/nightwatchjs/nightwatch/lib/transport/transport.js:172:14)
       at HttpResponse.originalIssuer.on.args (/home/travis/build/nightwatchjs/nightwatch/lib/http/request.js:105:19)
       at IncomingMessage.res.on (/home/travis/build/nightwatchjs/nightwatch/lib/http/response.js:60:14)
       at endReadableNT (_stream_readable.js:1064:12)
       at _combinedTickCallback (internal/process/next_tick.js:139:11)
       at process._tickCallback (internal/process/next_tick.js:181:9)[0m[0m
 [1;31m[0;31m  An error occurred while retrieving a new session[0m
[0;90m       at WebdriverProtocol.handleErrorResponse (/home/travis/build/nightwatchjs/nightwatch/lib/transport/transport.js:117:15)
       at HttpRequest.request.on.err (/home/travis/build/nightwatchjs/nightwatch/lib/transport/transport.js:172:14)
       at HttpResponse.originalIssuer.on.args (/home/travis/build/nightwatchjs/nightwatch/lib/http/request.js:105:19)
       at IncomingMessage.res.on (/home/travis/build/nightwatchjs/nightwatch/lib/http/response.js:60:14)
       at endReadableNT (_stream_readable.js:1064:12)
       at _combinedTickCallback (internal/process/next_tick.js:139:11)
       at process._tickCallback (internal/process/next_tick.js:181:9)[0m[0m
 [1;31m[0;31m  An error occurred while retrieving a new session[0m
[0;90m       at WebdriverProtocol.handleErrorResponse (/home/travis/build/nightwatchjs/nightwatch/lib/transport/transport.js:117:15)
       at HttpRequest.request.on.err (/home/travis/build/nightwatchjs/nightwatch/lib/transport/transport.js:172:14)
       at HttpResponse.originalIssuer.on.args (/home/travis/build/nightwatchjs/nightwatch/lib/http/request.js:105:19)
       at IncomingMessage.res.on (/home/travis/build/nightwatchjs/nightwatch/lib/http/response.js:60:14)
       at endReadableNT (_stream_readable.js:1064:12)
       at _combinedTickCallback (internal/process/next_tick.js:139:11)
       at process._tickCallback (internal/process/next_tick.js:181:9)[0m[0m
 [1;31m[0;31m  An error occurred while retrieving a new session[0m
[0;90m       at WebdriverProtocol.handleErrorResponse (/home/travis/build/nightwatchjs/nightwatch/lib/transport/transport.js:117:15)
       at HttpRequest.request.on.err (/home/travis/build/nightwatchjs/nightwatch/lib/transport/transport.js:172:14)
       at HttpResponse.originalIssuer.on.args (/home/travis/build/nightwatchjs/nightwatch/lib/http/request.js:105:19)
       at IncomingMessage.res.on (/home/travis/build/nightwatchjs/nightwatch/lib/http/response.js:60:14)
       at endReadableNT (_stream_readable.js:1064:12)
       at _combinedTickCallback (internal/process/next_tick.js:139:11)
       at process._tickCallback (internal/process/next_tick.js:181:9)[0m[0m
 [1;31m[0;31m  An error occurred while retrieving a new session[0m
[0;90m       at WebdriverProtocol.handleErrorResponse (/home/travis/build/nightwatchjs/nightwatch/lib/transport/transport.js:117:15)
       at HttpRequest.request.on.err (/home/travis/build/nightwatchjs/nightwatch/lib/transport/transport.js:172:14)
       at HttpResponse.originalIssuer.on.args (/home/travis/build/nightwatchjs/nightwatch/lib/http/request.js:105:19)
       at IncomingMessage.res.on (/home/travis/build/nightwatchjs/nightwatch/lib/http/response.js:60:14)
       at endReadableNT (_stream_readable.js:1064:12)
       at _combinedTickCallback (internal/process/next_tick.js:139:11)
       at process._tickCallback (internal/process/next_tick.js:181:9)[0m[0m
[37;40mnpm[0m [0m[31;40mERR![0m[35m[0m Test failed.  See above for more details.
[0mtravis_time:end:1c8cb6f5:start=1549702352567468599,finish=1549702372875989665,duration=20308521066[0K[31;1mThe command "npm test" exited with 1.[0m



Done. Your build exited with 1.
