travis_fold:start:worker_info[0K[33;1mWorker information[0m
hostname: fe27f3ed-b567-43c4-8d8b-7e660f139684@1.production-1-worker-org-gce-6pbr
version: v6.2.0 https://github.com/travis-ci/worker/tree/5e5476e01646095f48eec13196fdb3faf8f5cbf7
instance: travis-job-6a9dbc5f-c834-4b3a-9e66-71b3d3d58484 travis-ci-garnet-trusty-1512502259-986baf0 (via amqp)
startup: 7.469973923s
travis_fold:end:worker_info[0Ktravis_fold:start:system_info[0K[33;1mBuild system information[0m
Build language: node_js
Build group: stable
Build dist: trusty
Build id: 533521359
Job id: 533521361
Runtime kernel version: 4.4.0-101-generic
travis-build version: 11415f344
[34m[1mBuild image provisioning date and time[0m
Tue Dec  5 19:58:13 UTC 2017
[34m[1mOperating System Details[0m
Distributor ID:	Ubuntu
Description:	Ubuntu 14.04.5 LTS
Release:	14.04
Codename:	trusty
[34m[1mCookbooks Version[0m
7c2c6a6 https://github.com/travis-ci/travis-cookbooks/tree/7c2c6a6
[34m[1mgit version[0m
git version 2.15.1
[34m[1mbash version[0m
GNU bash, version 4.3.11(1)-release (x86_64-pc-linux-gnu)
[34m[1mgcc version[0m
gcc (Ubuntu 4.8.4-2ubuntu1~14.04.3) 4.8.4
Copyright (C) 2013 Free Software Foundation, Inc.
This is free software; see the source for copying conditions.  There is NO
warranty; not even for MERCHANTABILITY or FITNESS FOR A PARTICULAR PURPOSE.

[34m[1mdocker version[0m
Client:
 Version:      17.09.0-ce
 API version:  1.32
 Go version:   go1.8.3
 Git commit:   afdb6d4
 Built:        Tue Sep 26 22:42:38 2017
 OS/Arch:      linux/amd64

Server:
 Version:      17.09.0-ce
 API version:  1.32 (minimum version 1.12)
 Go version:   go1.8.3
 Git commit:   afdb6d4
 Built:        Tue Sep 26 22:41:20 2017
 OS/Arch:      linux/amd64
 Experimental: false
[34m[1mclang version[0m
clang version 5.0.0 (tags/RELEASE_500/final)
Target: x86_64-unknown-linux-gnu
Thread model: posix
InstalledDir: /usr/local/clang-5.0.0/bin
[34m[1mjq version[0m
jq-1.5
[34m[1mbats version[0m
Bats 0.4.0
[34m[1mshellcheck version[0m
0.4.6
[34m[1mshfmt version[0m
v2.0.0
[34m[1mccache version[0m
ccache version 3.1.9

Copyright (C) 2002-2007 Andrew Tridgell
Copyright (C) 2009-2011 Joel Rosdahl

This program is free software; you can redistribute it and/or modify it under
the terms of the GNU General Public License as published by the Free Software
Foundation; either version 3 of the License, or (at your option) any later
version.
[34m[1mcmake version[0m
cmake version 3.9.2

CMake suite maintained and supported by Kitware (kitware.com/cmake).
[34m[1mheroku version[0m
heroku-cli/6.14.39-addc925 (linux-x64) node-v9.2.0
[34m[1mimagemagick version[0m
Version: ImageMagick 6.7.7-10 2017-07-31 Q16 http://www.imagemagick.org
[34m[1mmd5deep version[0m
4.2
[34m[1mmercurial version[0m
Mercurial Distributed SCM (version 4.2.2)
(see https://mercurial-scm.org for more information)

Copyright (C) 2005-2017 Matt Mackall and others
This is free software; see the source for copying conditions. There is NO
warranty; not even for MERCHANTABILITY or FITNESS FOR A PARTICULAR PURPOSE.
[34m[1mmysql version[0m
mysql  Ver 14.14 Distrib 5.6.33, for debian-linux-gnu (x86_64) using  EditLine wrapper
[34m[1mopenssl version[0m
OpenSSL 1.0.1f 6 Jan 2014
[34m[1mpacker version[0m
Packer v1.0.2

Your version of Packer is out of date! The latest version
is 1.1.2. You can update by downloading from www.packer.io
[34m[1mpostgresql client version[0m
psql (PostgreSQL) 9.6.6
[34m[1mragel version[0m
Ragel State Machine Compiler version 6.8 Feb 2013
Copyright (c) 2001-2009 by Adrian Thurston
[34m[1msubversion version[0m
svn, version 1.8.8 (r1568071)
   compiled Aug 10 2017, 17:20:39 on x86_64-pc-linux-gnu

Copyright (C) 2013 The Apache Software Foundation.
This software consists of contributions made by many people;
see the NOTICE file for more information.
Subversion is open source software, see http://subversion.apache.org/

The following repository access (RA) modules are available:

* ra_svn : Module for accessing a repository using the svn network protocol.
  - with Cyrus SASL authentication
  - handles 'svn' scheme
* ra_local : Module for accessing a repository on local disk.
  - handles 'file' scheme
* ra_serf : Module for accessing a repository via WebDAV protocol using serf.
  - using serf 1.3.3
  - handles 'http' scheme
  - handles 'https' scheme

[34m[1msudo version[0m
Sudo version 1.8.9p5
Configure options: --prefix=/usr -v --with-all-insults --with-pam --with-fqdn --with-logging=syslog --with-logfac=authpriv --with-env-editor --with-editor=/usr/bin/editor --with-timeout=15 --with-password-timeout=0 --with-passprompt=[sudo] password for %p:  --without-lecture --with-tty-tickets --disable-root-mailer --enable-admin-flag --with-sendmail=/usr/sbin/sendmail --with-timedir=/var/lib/sudo --mandir=/usr/share/man --libexecdir=/usr/lib/sudo --with-sssd --with-sssd-lib=/usr/lib/x86_64-linux-gnu --with-selinux
Sudoers policy plugin version 1.8.9p5
Sudoers file grammar version 43

Sudoers path: /etc/sudoers
Authentication methods: 'pam'
Syslog facility if syslog is being used for logging: authpriv
Syslog priority to use when user authenticates successfully: notice
Syslog priority to use when user authenticates unsuccessfully: alert
Send mail if the user is not in sudoers
Use a separate timestamp for each user/tty combo
Lecture user the first time they run sudo
Root may run sudo
Allow some information gathering to give useful error messages
Require fully-qualified hostnames in the sudoers file
Visudo will honor the EDITOR environment variable
Set the LOGNAME and USER environment variables
Length at which to wrap log file lines (0 for no wrap): 80
Authentication timestamp timeout: 15.0 minutes
Password prompt timeout: 0.0 minutes
Number of tries to enter a password: 3
Umask to use or 0777 to use user's: 022
Path to mail program: /usr/sbin/sendmail
Flags for mail program: -t
Address to send mail to: root
Subject line for mail messages: *** SECURITY information for %h ***
Incorrect password message: Sorry, try again.
Path to authentication timestamp dir: /var/lib/sudo
Default password prompt: [sudo] password for %p: 
Default user to run commands as: root
Value to override user's $PATH with: /usr/local/sbin:/usr/local/bin:/usr/sbin:/usr/bin:/sbin:/bin:/snap/bin
Path to the editor for use by visudo: /usr/bin/editor
When to require a password for 'list' pseudocommand: any
When to require a password for 'verify' pseudocommand: all
File descriptors >= 3 will be closed before executing a command
Environment variables to check for sanity:
	TZ
	TERM
	LINGUAS
	LC_*
	LANGUAGE
	LANG
	COLORTERM
Environment variables to remove:
	RUBYOPT
	RUBYLIB
	PYTHONUSERBASE
	PYTHONINSPECT
	PYTHONPATH
	PYTHONHOME
	TMPPREFIX
	ZDOTDIR
	READNULLCMD
	NULLCMD
	FPATH
	PERL5DB
	PERL5OPT
	PERL5LIB
	PERLLIB
	PERLIO_DEBUG 
	JAVA_TOOL_OPTIONS
	SHELLOPTS
	GLOBIGNORE
	PS4
	BASH_ENV
	ENV
	TERMCAP
	TERMPATH
	TERMINFO_DIRS
	TERMINFO
	_RLD*
	LD_*
	PATH_LOCALE
	NLSPATH
	HOSTALIASES
	RES_OPTIONS
	LOCALDOMAIN
	CDPATH
	IFS
Environment variables to preserve:
	JAVA_HOME
	TRAVIS
	CI
	DEBIAN_FRONTEND
	XAUTHORIZATION
	XAUTHORITY
	PS2
	PS1
	PATH
	LS_COLORS
	KRB5CCNAME
	HOSTNAME
	HOME
	DISPLAY
	COLORS
Locale to use while parsing sudoers: C
Directory in which to store input/output logs: /var/log/sudo-io
File in which to store the input/output log: %{seq}
Add an entry to the utmp/utmpx file when allocating a pty
PAM service name to use
PAM service name to use for login shells
Create a new PAM session for the command to run in
Maximum I/O log sequence number: 0

Local IP address and netmask pairs:
	10.240.0.28/255.255.255.255
	172.17.0.1/255.255.0.0

Sudoers I/O plugin version 1.8.9p5
[34m[1mgzip version[0m
gzip 1.6
Copyright (C) 2007, 2010, 2011 Free Software Foundation, Inc.
Copyright (C) 1993 Jean-loup Gailly.
This is free software.  You may redistribute copies of it under the terms of
the GNU General Public License <http://www.gnu.org/licenses/gpl.html>.
There is NO WARRANTY, to the extent permitted by law.

Written by Jean-loup Gailly.
[34m[1mzip version[0m
Copyright (c) 1990-2008 Info-ZIP - Type 'zip "-L"' for software license.
This is Zip 3.0 (July 5th 2008), by Info-ZIP.
Currently maintained by E. Gordon.  Please send bug reports to
the authors using the web page at www.info-zip.org; see README for details.

Latest sources and executables are at ftp://ftp.info-zip.org/pub/infozip,
as of above date; see http://www.info-zip.org/ for other sites.

Compiled with gcc 4.8.2 for Unix (Linux ELF) on Oct 21 2013.

Zip special compilation options:
	USE_EF_UT_TIME       (store Universal Time)
	BZIP2_SUPPORT        (bzip2 library version 1.0.6, 6-Sept-2010)
	    bzip2 code and library copyright (c) Julian R Seward
	    (See the bzip2 license for terms of use)
	SYMLINK_SUPPORT      (symbolic links supported)
	LARGE_FILE_SUPPORT   (can read and write large files on file system)
	ZIP64_SUPPORT        (use Zip64 to store large files in archives)
	UNICODE_SUPPORT      (store and read UTF-8 Unicode paths)
	STORE_UNIX_UIDs_GIDs (store UID/GID sizes/values using new extra field)
	UIDGID_NOT_16BIT     (old Unix 16-bit UID/GID extra field not used)
	[encryption, version 2.91 of 05 Jan 2007] (modified for Zip 3)

Encryption notice:
	The encryption code of this program is not copyrighted and is
	put in the public domain.  It was originally written in Europe
	and, to the best of our knowledge, can be freely distributed
	in both source and object forms from any country, including
	the USA under License Exception TSU of the U.S. Export
	Administration Regulations (section 740.13(e)) of 6 June 2002.

Zip environment options:
             ZIP:  [none]
          ZIPOPT:  [none]
[34m[1mvim version[0m
VIM - Vi IMproved 7.4 (2013 Aug 10, compiled Nov 24 2016 16:43:18)
Included patches: 1-52
Extra patches: 8.0.0056
Modified by pkg-vim-maintainers@lists.alioth.debian.org
Compiled by buildd@
Huge version without GUI.  Features included (+) or not (-):
+acl             +farsi           +mouse_netterm   +syntax
+arabic          +file_in_path    +mouse_sgr       +tag_binary
+autocmd         +find_in_path    -mouse_sysmouse  +tag_old_static
-balloon_eval    +float           +mouse_urxvt     -tag_any_white
-browse          +folding         +mouse_xterm     -tcl
++builtin_terms  -footer          +multi_byte      +terminfo
+byte_offset     +fork()          +multi_lang      +termresponse
+cindent         +gettext         -mzscheme        +textobjects
-clientserver    -hangul_input    +netbeans_intg   +title
-clipboard       +iconv           +path_extra      -toolbar
+cmdline_compl   +insert_expand   -perl            +user_commands
+cmdline_hist    +jumplist        +persistent_undo +vertsplit
+cmdline_info    +keymap          +postscript      +virtualedit
+comments        +langmap         +printer         +visual
+conceal         +libcall         +profile         +visualextra
+cryptv          +linebreak       +python          +viminfo
+cscope          +lispindent      -python3         +vreplace
+cursorbind      +listcmds        +quickfix        +wildignore
+cursorshape     +localmap        +reltime         +wildmenu
+dialog_con      -lua             +rightleft       +windows
+diff            +menu            -ruby            +writebackup
+digraphs        +mksession       +scrollbind      -X11
-dnd             +modify_fname    +signs           -xfontset
-ebcdic          +mouse           +smartindent     -xim
+emacs_tags      -mouseshape      -sniff           -xsmp
+eval            +mouse_dec       +startuptime     -xterm_clipboard
+ex_extra        +mouse_gpm       +statusline      -xterm_save
+extra_search    -mouse_jsbterm   -sun_workshop    -xpm
   system vimrc file: "$VIM/vimrc"
     user vimrc file: "$HOME/.vimrc"
 2nd user vimrc file: "~/.vim/vimrc"
      user exrc file: "$HOME/.exrc"
  fall-back for $VIM: "/usr/share/vim"
Compilation: gcc -c -I. -Iproto -DHAVE_CONFIG_H     -g -O2 -fstack-protector --param=ssp-buffer-size=4 -Wformat -Werror=format-security -U_FORTIFY_SOURCE -D_FORTIFY_SOURCE=1      
Linking: gcc   -Wl,-Bsymbolic-functions -Wl,-z,relro -Wl,--as-needed -o vim        -lm -ltinfo -lnsl  -lselinux  -lacl -lattr -lgpm -ldl    -L/usr/lib/python2.7/config-x86_64-linux-gnu -lpython2.7 -lpthread -ldl -lutil -lm -Xlinker -export-dynamic -Wl,-O1 -Wl,-Bsymbolic-functions      
[34m[1miptables version[0m
iptables v1.4.21
[34m[1mcurl version[0m
curl 7.35.0 (x86_64-pc-linux-gnu) libcurl/7.35.0 OpenSSL/1.0.1f zlib/1.2.8 libidn/1.28 librtmp/2.3
[34m[1mwget version[0m
GNU Wget 1.15 built on linux-gnu.
[34m[1mrsync version[0m
rsync  version 3.1.0  protocol version 31
[34m[1mgimme version[0m
v1.2.0
[34m[1mnvm version[0m
0.33.6
[34m[1mperlbrew version[0m
/home/travis/perl5/perlbrew/bin/perlbrew  - App::perlbrew/0.80
[34m[1mphpenv version[0m
rbenv 1.1.1-25-g6aa70b6
[34m[1mrvm version[0m
rvm 1.29.3 (latest) by Michal Papis, Piotr Kuczynski, Wayne E. Seguin [https://rvm.io]
[34m[1mdefault ruby version[0m
ruby 2.4.1p111 (2017-03-22 revision 58053) [x86_64-linux]
[34m[1mCouchDB version[0m
couchdb 1.6.1
[34m[1mElasticSearch version[0m
5.5.0
[34m[1mInstalled Firefox version[0m
firefox 56.0.2
[34m[1mMongoDB version[0m
MongoDB 3.4.10
[34m[1mPhantomJS version[0m
2.1.1
[34m[1mPre-installed PostgreSQL versions[0m
9.2.24
9.3.20
9.4.15
9.5.10
9.6.6
[34m[1mRabbitMQ Version[0m
3.6.14
[34m[1mRedis version[0m
redis-server 4.0.6
[34m[1mriak version[0m
2.2.3
[34m[1mPre-installed Go versions[0m
1.7.4
[34m[1mant version[0m
Apache Ant(TM) version 1.9.3 compiled on April 8 2014
[34m[1mmvn version[0m
Apache Maven 3.5.2 (138edd61fd100ec658bfa2d307c43b76940a5d7d; 2017-10-18T07:58:13Z)
Maven home: /usr/local/maven-3.5.2
Java version: 1.8.0_151, vendor: Oracle Corporation
Java home: /usr/lib/jvm/java-8-oracle/jre
Default locale: en_US, platform encoding: UTF-8
OS name: "linux", version: "4.4.0-98-generic", arch: "amd64", family: "unix"
[34m[1mgradle version[0m

------------------------------------------------------------
Gradle 4.0.1
------------------------------------------------------------

Build time:   2017-07-07 14:02:41 UTC
Revision:     38e5dc0f772daecca1d2681885d3d85414eb6826

Groovy:       2.4.11
Ant:          Apache Ant(TM) version 1.9.6 compiled on June 29 2015
JVM:          1.8.0_151 (Oracle Corporation 25.151-b12)
OS:           Linux 4.4.0-98-generic amd64

[34m[1mlein version[0m
Leiningen 2.8.1 on Java 1.8.0_151 Java HotSpot(TM) 64-Bit Server VM
[34m[1mPre-installed Node.js versions[0m
v4.8.6
v6.12.0
v6.12.1
v8.9
v8.9.1
[34m[1mphpenv versions[0m
  system
  5.6
* 5.6.32 (set by /home/travis/.phpenv/version)
  7.0
  7.0.25
  7.1
  7.1.11
  hhvm
  hhvm-stable
[34m[1mcomposer --version[0m
Composer version 1.5.2 2017-09-11 16:59:25
[34m[1mPre-installed Ruby versions[0m
ruby-2.2.7
ruby-2.3.4
ruby-2.4.1
travis_fold:end:system_info[0K
travis_fold:start:docker_mtu[0Kdocker stop/waiting
docker start/running, process 3691
travis_fold:end:docker_mtu[0Ktravis_fold:start:resolvconf[0Kresolvconf stop/waiting
resolvconf start/running
travis_fold:end:resolvconf[0K
travis_fold:start:git.checkout[0Ktravis_time:start:1586eb38[0K$ git clone --depth=50 --branch=master https://github.com/nightwatchjs/nightwatch.git nightwatchjs/nightwatch
Cloning into 'nightwatchjs/nightwatch'...
remote: Enumerating objects: 1775, done.[K
remote: Counting objects:   0% (1/1775)   [Kremote: Counting objects:   1% (18/1775)   [Kremote: Counting objects:   2% (36/1775)   [Kremote: Counting objects:   3% (54/1775)   [Kremote: Counting objects:   4% (71/1775)   [Kremote: Counting objects:   5% (89/1775)   [Kremote: Counting objects:   6% (107/1775)   [Kremote: Counting objects:   7% (125/1775)   [Kremote: Counting objects:   8% (142/1775)   [Kremote: Counting objects:   9% (160/1775)   [Kremote: Counting objects:  10% (178/1775)   [Kremote: Counting objects:  11% (196/1775)   [Kremote: Counting objects:  12% (213/1775)   [Kremote: Counting objects:  13% (231/1775)   [Kremote: Counting objects:  14% (249/1775)   [Kremote: Counting objects:  15% (267/1775)   [Kremote: Counting objects:  16% (284/1775)   [Kremote: Counting objects:  17% (302/1775)   [Kremote: Counting objects:  18% (320/1775)   [Kremote: Counting objects:  19% (338/1775)   [Kremote: Counting objects:  20% (355/1775)   [Kremote: Counting objects:  21% (373/1775)   [Kremote: Counting objects:  22% (391/1775)   [Kremote: Counting objects:  23% (409/1775)   [Kremote: Counting objects:  24% (426/1775)   [Kremote: Counting objects:  25% (444/1775)   [Kremote: Counting objects:  26% (462/1775)   [Kremote: Counting objects:  27% (480/1775)   [Kremote: Counting objects:  28% (497/1775)   [Kremote: Counting objects:  29% (515/1775)   [Kremote: Counting objects:  30% (533/1775)   [Kremote: Counting objects:  31% (551/1775)   [Kremote: Counting objects:  32% (568/1775)   [Kremote: Counting objects:  33% (586/1775)   [Kremote: Counting objects:  34% (604/1775)   [Kremote: Counting objects:  35% (622/1775)   [Kremote: Counting objects:  36% (639/1775)   [Kremote: Counting objects:  37% (657/1775)   [Kremote: Counting objects:  38% (675/1775)   [Kremote: Counting objects:  39% (693/1775)   [Kremote: Counting objects:  40% (710/1775)   [Kremote: Counting objects:  41% (728/1775)   [Kremote: Counting objects:  42% (746/1775)   [Kremote: Counting objects:  43% (764/1775)   [Kremote: Counting objects:  44% (781/1775)   [Kremote: Counting objects:  45% (799/1775)   [Kremote: Counting objects:  46% (817/1775)   [Kremote: Counting objects:  47% (835/1775)   [Kremote: Counting objects:  48% (852/1775)   [Kremote: Counting objects:  49% (870/1775)   [Kremote: Counting objects:  50% (888/1775)   [Kremote: Counting objects:  51% (906/1775)   [Kremote: Counting objects:  52% (923/1775)   [Kremote: Counting objects:  53% (941/1775)   [Kremote: Counting objects:  54% (959/1775)   [Kremote: Counting objects:  55% (977/1775)   [Kremote: Counting objects:  56% (994/1775)   [Kremote: Counting objects:  57% (1012/1775)   [Kremote: Counting objects:  58% (1030/1775)   [Kremote: Counting objects:  59% (1048/1775)   [Kremote: Counting objects:  60% (1065/1775)   [Kremote: Counting objects:  61% (1083/1775)   [Kremote: Counting objects:  62% (1101/1775)   [Kremote: Counting objects:  63% (1119/1775)   [Kremote: Counting objects:  64% (1136/1775)   [Kremote: Counting objects:  65% (1154/1775)   [Kremote: Counting objects:  66% (1172/1775)   [Kremote: Counting objects:  67% (1190/1775)   [Kremote: Counting objects:  68% (1207/1775)   [Kremote: Counting objects:  69% (1225/1775)   [Kremote: Counting objects:  70% (1243/1775)   [Kremote: Counting objects:  71% (1261/1775)   [Kremote: Counting objects:  72% (1278/1775)   [Kremote: Counting objects:  73% (1296/1775)   [Kremote: Counting objects:  74% (1314/1775)   [Kremote: Counting objects:  75% (1332/1775)   [Kremote: Counting objects:  76% (1349/1775)   [Kremote: Counting objects:  77% (1367/1775)   [Kremote: Counting objects:  78% (1385/1775)   [Kremote: Counting objects:  79% (1403/1775)   [Kremote: Counting objects:  80% (1420/1775)   [Kremote: Counting objects:  81% (1438/1775)   [Kremote: Counting objects:  82% (1456/1775)   [Kremote: Counting objects:  83% (1474/1775)   [Kremote: Counting objects:  84% (1491/1775)   [Kremote: Counting objects:  85% (1509/1775)   [Kremote: Counting objects:  86% (1527/1775)   [Kremote: Counting objects:  87% (1545/1775)   [Kremote: Counting objects:  88% (1562/1775)   [Kremote: Counting objects:  89% (1580/1775)   [Kremote: Counting objects:  90% (1598/1775)   [Kremote: Counting objects:  91% (1616/1775)   [Kremote: Counting objects:  92% (1633/1775)   [Kremote: Counting objects:  93% (1651/1775)   [Kremote: Counting objects:  94% (1669/1775)   [Kremote: Counting objects:  95% (1687/1775)   [Kremote: Counting objects:  96% (1704/1775)   [Kremote: Counting objects:  97% (1722/1775)   [Kremote: Counting objects:  98% (1740/1775)   [Kremote: Counting objects:  99% (1758/1775)   [Kremote: Counting objects: 100% (1775/1775)   [Kremote: Counting objects: 100% (1775/1775), done.[K
remote: Compressing objects:   0% (1/821)   [Kremote: Compressing objects:   1% (9/821)   [Kremote: Compressing objects:   2% (17/821)   [Kremote: Compressing objects:   3% (25/821)   [Kremote: Compressing objects:   4% (33/821)   [Kremote: Compressing objects:   5% (42/821)   [Kremote: Compressing objects:   6% (50/821)   [Kremote: Compressing objects:   7% (58/821)   [Kremote: Compressing objects:   8% (66/821)   [Kremote: Compressing objects:   9% (74/821)   [Kremote: Compressing objects:  10% (83/821)   [Kremote: Compressing objects:  11% (91/821)   [Kremote: Compressing objects:  12% (99/821)   [Kremote: Compressing objects:  13% (107/821)   [Kremote: Compressing objects:  14% (115/821)   [Kremote: Compressing objects:  15% (124/821)   [Kremote: Compressing objects:  16% (132/821)   [Kremote: Compressing objects:  17% (140/821)   [Kremote: Compressing objects:  18% (148/821)   [Kremote: Compressing objects:  19% (156/821)   [Kremote: Compressing objects:  20% (165/821)   [Kremote: Compressing objects:  21% (173/821)   [Kremote: Compressing objects:  22% (181/821)   [Kremote: Compressing objects:  23% (189/821)   [Kremote: Compressing objects:  24% (198/821)   [Kremote: Compressing objects:  25% (206/821)   [Kremote: Compressing objects:  26% (214/821)   [Kremote: Compressing objects:  27% (222/821)   [Kremote: Compressing objects:  28% (230/821)   [Kremote: Compressing objects:  29% (239/821)   [Kremote: Compressing objects:  30% (247/821)   [Kremote: Compressing objects:  31% (255/821)   [Kremote: Compressing objects:  32% (263/821)   [Kremote: Compressing objects:  33% (271/821)   [Kremote: Compressing objects:  34% (280/821)   [Kremote: Compressing objects:  35% (288/821)   [Kremote: Compressing objects:  36% (296/821)   [Kremote: Compressing objects:  37% (304/821)   [Kremote: Compressing objects:  38% (312/821)   [Kremote: Compressing objects:  39% (321/821)   [Kremote: Compressing objects:  40% (329/821)   [Kremote: Compressing objects:  41% (337/821)   [Kremote: Compressing objects:  42% (345/821)   [Kremote: Compressing objects:  43% (354/821)   [Kremote: Compressing objects:  44% (362/821)   [Kremote: Compressing objects:  45% (370/821)   [Kremote: Compressing objects:  46% (378/821)   [Kremote: Compressing objects:  47% (386/821)   [Kremote: Compressing objects:  48% (395/821)   [Kremote: Compressing objects:  49% (403/821)   [Kremote: Compressing objects:  50% (411/821)   [Kremote: Compressing objects:  51% (419/821)   [Kremote: Compressing objects:  52% (427/821)   [Kremote: Compressing objects:  53% (436/821)   [Kremote: Compressing objects:  54% (444/821)   [Kremote: Compressing objects:  55% (452/821)   [Kremote: Compressing objects:  56% (460/821)   [Kremote: Compressing objects:  57% (468/821)   [Kremote: Compressing objects:  58% (477/821)   [Kremote: Compressing objects:  59% (485/821)   [Kremote: Compressing objects:  60% (493/821)   [Kremote: Compressing objects:  61% (501/821)   [Kremote: Compressing objects:  62% (510/821)   [Kremote: Compressing objects:  63% (518/821)   [Kremote: Compressing objects:  64% (526/821)   [Kremote: Compressing objects:  65% (534/821)   [Kremote: Compressing objects:  66% (542/821)   [Kremote: Compressing objects:  67% (551/821)   [Kremote: Compressing objects:  68% (559/821)   [Kremote: Compressing objects:  69% (567/821)   [Kremote: Compressing objects:  70% (575/821)   [Kremote: Compressing objects:  71% (583/821)   [Kremote: Compressing objects:  72% (592/821)   [Kremote: Compressing objects:  73% (600/821)   [Kremote: Compressing objects:  74% (608/821)   [Kremote: Compressing objects:  75% (616/821)   [Kremote: Compressing objects:  76% (624/821)   [Kremote: Compressing objects:  77% (633/821)   [Kremote: Compressing objects:  78% (641/821)   [Kremote: Compressing objects:  79% (649/821)   [Kremote: Compressing objects:  80% (657/821)   [Kremote: Compressing objects:  81% (666/821)   [Kremote: Compressing objects:  82% (674/821)   [Kremote: Compressing objects:  83% (682/821)   [Kremote: Compressing objects:  84% (690/821)   [Kremote: Compressing objects:  85% (698/821)   [Kremote: Compressing objects:  86% (707/821)   [Kremote: Compressing objects:  87% (715/821)   [Kremote: Compressing objects:  88% (723/821)   [Kremote: Compressing objects:  89% (731/821)   [Kremote: Compressing objects:  90% (739/821)   [Kremote: Compressing objects:  91% (748/821)   [Kremote: Compressing objects:  92% (756/821)   [Kremote: Compressing objects:  93% (764/821)   [Kremote: Compressing objects:  94% (772/821)   [Kremote: Compressing objects:  95% (780/821)   [Kremote: Compressing objects:  96% (789/821)   [Kremote: Compressing objects:  97% (797/821)   [Kremote: Compressing objects:  98% (805/821)   [Kremote: Compressing objects:  99% (813/821)   [Kremote: Compressing objects: 100% (821/821)   [Kremote: Compressing objects: 100% (821/821), done.[K
Receiving objects:   0% (1/1775)   Receiving objects:   1% (18/1775)   Receiving objects:   2% (36/1775)   Receiving objects:   3% (54/1775)   Receiving objects:   4% (71/1775)   Receiving objects:   5% (89/1775)   Receiving objects:   6% (107/1775)   Receiving objects:   7% (125/1775)   Receiving objects:   8% (142/1775)   Receiving objects:   9% (160/1775)   Receiving objects:  10% (178/1775)   Receiving objects:  11% (196/1775)   Receiving objects:  12% (213/1775)   Receiving objects:  13% (231/1775)   Receiving objects:  14% (249/1775)   Receiving objects:  15% (267/1775)   Receiving objects:  16% (284/1775)   Receiving objects:  17% (302/1775)   Receiving objects:  18% (320/1775)   Receiving objects:  19% (338/1775)   Receiving objects:  20% (355/1775)   Receiving objects:  21% (373/1775)   Receiving objects:  22% (391/1775)   Receiving objects:  23% (409/1775)   Receiving objects:  24% (426/1775)   Receiving objects:  25% (444/1775)   Receiving objects:  26% (462/1775)   Receiving objects:  27% (480/1775)   Receiving objects:  28% (497/1775)   Receiving objects:  29% (515/1775)   Receiving objects:  30% (533/1775)   Receiving objects:  31% (551/1775)   Receiving objects:  32% (568/1775)   Receiving objects:  33% (586/1775)   Receiving objects:  34% (604/1775)   Receiving objects:  35% (622/1775)   Receiving objects:  36% (639/1775)   Receiving objects:  37% (657/1775)   Receiving objects:  38% (675/1775)   Receiving objects:  39% (693/1775)   Receiving objects:  40% (710/1775)   Receiving objects:  41% (728/1775)   Receiving objects:  42% (746/1775)   Receiving objects:  43% (764/1775)   Receiving objects:  44% (781/1775)   Receiving objects:  45% (799/1775)   Receiving objects:  46% (817/1775)   Receiving objects:  47% (835/1775)   Receiving objects:  48% (852/1775)   Receiving objects:  49% (870/1775)   Receiving objects:  50% (888/1775)   Receiving objects:  51% (906/1775)   Receiving objects:  52% (923/1775)   Receiving objects:  53% (941/1775)   Receiving objects:  54% (959/1775)   Receiving objects:  55% (977/1775)   Receiving objects:  56% (994/1775)   Receiving objects:  57% (1012/1775)   Receiving objects:  58% (1030/1775)   Receiving objects:  59% (1048/1775)   Receiving objects:  60% (1065/1775)   Receiving objects:  61% (1083/1775)   Receiving objects:  62% (1101/1775)   Receiving objects:  63% (1119/1775)   Receiving objects:  64% (1136/1775)   Receiving objects:  65% (1154/1775)   Receiving objects:  66% (1172/1775)   Receiving objects:  67% (1190/1775)   Receiving objects:  68% (1207/1775)   Receiving objects:  69% (1225/1775)   Receiving objects:  70% (1243/1775)   Receiving objects:  71% (1261/1775)   Receiving objects:  72% (1278/1775)   Receiving objects:  73% (1296/1775)   Receiving objects:  74% (1314/1775)   Receiving objects:  75% (1332/1775)   Receiving objects:  76% (1349/1775)   Receiving objects:  77% (1367/1775)   Receiving objects:  78% (1385/1775)   Receiving objects:  79% (1403/1775)   Receiving objects:  80% (1420/1775)   Receiving objects:  81% (1438/1775)   Receiving objects:  82% (1456/1775)   Receiving objects:  83% (1474/1775)   Receiving objects:  84% (1491/1775)   Receiving objects:  85% (1509/1775)   Receiving objects:  86% (1527/1775)   Receiving objects:  87% (1545/1775)   Receiving objects:  88% (1562/1775)   Receiving objects:  89% (1580/1775)   Receiving objects:  90% (1598/1775)   Receiving objects:  91% (1616/1775)   Receiving objects:  92% (1633/1775)   Receiving objects:  93% (1651/1775)   Receiving objects:  94% (1669/1775)   Receiving objects:  95% (1687/1775)   Receiving objects:  96% (1704/1775)   Receiving objects:  97% (1722/1775)   remote: Total 1775 (delta 1069), reused 1384 (delta 884), pack-reused 0[K
Receiving objects:  98% (1740/1775)   Receiving objects:  99% (1758/1775)   Receiving objects: 100% (1775/1775)   Receiving objects: 100% (1775/1775), 582.75 KiB | 4.98 MiB/s, done.
Resolving deltas:   0% (0/1069)   Resolving deltas:   1% (12/1069)   Resolving deltas:   2% (24/1069)   Resolving deltas:   4% (44/1069)   Resolving deltas:   5% (57/1069)   Resolving deltas:   6% (70/1069)   Resolving deltas:   7% (85/1069)   Resolving deltas:   8% (91/1069)   Resolving deltas:   9% (97/1069)   Resolving deltas:  10% (112/1069)   Resolving deltas:  12% (134/1069)   Resolving deltas:  15% (163/1069)   Resolving deltas:  16% (179/1069)   Resolving deltas:  17% (191/1069)   Resolving deltas:  19% (207/1069)   Resolving deltas:  20% (218/1069)   Resolving deltas:  21% (225/1069)   Resolving deltas:  23% (248/1069)   Resolving deltas:  24% (267/1069)   Resolving deltas:  25% (275/1069)   Resolving deltas:  26% (279/1069)   Resolving deltas:  27% (297/1069)   Resolving deltas:  28% (303/1069)   Resolving deltas:  29% (315/1069)   Resolving deltas:  30% (327/1069)   Resolving deltas:  31% (333/1069)   Resolving deltas:  32% (343/1069)   Resolving deltas:  33% (355/1069)   Resolving deltas:  34% (364/1069)   Resolving deltas:  35% (375/1069)   Resolving deltas:  36% (387/1069)   Resolving deltas:  37% (396/1069)   Resolving deltas:  39% (423/1069)   Resolving deltas:  41% (439/1069)   Resolving deltas:  42% (454/1069)   Resolving deltas:  43% (463/1069)   Resolving deltas:  44% (471/1069)   Resolving deltas:  45% (482/1069)   Resolving deltas:  46% (501/1069)   Resolving deltas:  47% (511/1069)   Resolving deltas:  48% (515/1069)   Resolving deltas:  49% (525/1069)   Resolving deltas:  50% (536/1069)   Resolving deltas:  51% (546/1069)   Resolving deltas:  52% (556/1069)   Resolving deltas:  53% (568/1069)   Resolving deltas:  54% (579/1069)   Resolving deltas:  55% (595/1069)   Resolving deltas:  57% (613/1069)   Resolving deltas:  58% (627/1069)   Resolving deltas:  59% (631/1069)   Resolving deltas:  60% (645/1069)   Resolving deltas:  62% (665/1069)   Resolving deltas:  63% (674/1069)   Resolving deltas:  64% (692/1069)   Resolving deltas:  65% (703/1069)   Resolving deltas:  66% (714/1069)   Resolving deltas:  67% (717/1069)   Resolving deltas:  68% (729/1069)   Resolving deltas:  69% (739/1069)   Resolving deltas:  70% (750/1069)   Resolving deltas:  71% (763/1069)   Resolving deltas:  72% (771/1069)   Resolving deltas:  73% (781/1069)   Resolving deltas:  74% (793/1069)   Resolving deltas:  75% (808/1069)   Resolving deltas:  76% (815/1069)   Resolving deltas:  78% (834/1069)   Resolving deltas:  79% (848/1069)   Resolving deltas:  80% (857/1069)   Resolving deltas:  81% (867/1069)   Resolving deltas:  82% (885/1069)   Resolving deltas:  83% (888/1069)   Resolving deltas:  84% (899/1069)   Resolving deltas:  85% (915/1069)   Resolving deltas:  86% (930/1069)   Resolving deltas:  87% (932/1069)   Resolving deltas:  88% (941/1069)   Resolving deltas:  89% (952/1069)   Resolving deltas:  90% (965/1069)   Resolving deltas:  91% (975/1069)   Resolving deltas:  92% (992/1069)   Resolving deltas:  93% (995/1069)   Resolving deltas:  95% (1017/1069)   Resolving deltas:  96% (1029/1069)   Resolving deltas:  97% (1041/1069)   Resolving deltas:  98% (1048/1069)   Resolving deltas:  99% (1060/1069)   Resolving deltas: 100% (1069/1069)   Resolving deltas: 100% (1069/1069), done.
travis_time:end:1586eb38:start=1558040753340220893,finish=1558040754172450696,duration=832229803[0K$ cd nightwatchjs/nightwatch
$ git checkout -qf d2ce88b7efbc110f239d30c2e1ee6831bec2a83a
travis_fold:end:git.checkout[0K
travis_fold:start:nvm.install[0Ktravis_time:start:04699e1b[0K$ nvm install 10
Downloading and installing node v10.15.3...
Downloading https://nodejs.org/dist/v10.15.3/node-v10.15.3-linux-x64.tar.xz...
Computing checksum with sha256sum
Checksums matched!
Now using node v10.15.3 (npm v6.4.1)
travis_time:end:04699e1b:start=1558040755083576215,finish=1558040757940707092,duration=2857130877[0Ktravis_fold:end:nvm.install[0K
$ node --version
v10.15.3
$ npm --version
6.4.1
$ nvm --version
0.34.0

travis_fold:start:install.npm[0Ktravis_time:start:19db6d90[0K$ npm ci 
added 419 packages in 6.373s
travis_time:end:19db6d90:start=1558040759184876154,finish=1558040765912679429,duration=6727803275[0Ktravis_fold:end:install.npm[0K
travis_fold:start:before_script[0Ktravis_time:start:1c974534[0K$ npm install
[37;40mnpm[0m [0m[30;43mWARN[0m[35m[0m ajv-keywords@3.2.0 requires a peer of ajv@^6.0.0 but none is installed. You must install peer dependencies yourself.
[0m[37;40mnpm[0m [0m[30;43mWARN[0m[35m[0m The package mocha is included as both a dev and production dependency.
[0m
audited 907 packages in 7.715s
found 4 [93mmoderate[0m severity vulnerabilities
  run `npm audit fix` to fix them, or `npm audit` for details
travis_time:end:1c974534:start=1558040765917632058,finish=1558040774072119104,duration=8154487046[0Ktravis_fold:end:before_script[0Ktravis_time:start:00a2c07a[0K$ npm run eslint

> nightwatch@1.1.8 eslint /home/travis/build/nightwatchjs/nightwatch
> eslint . --quiet


[4m/home/travis/build/nightwatchjs/nightwatch/lib/element/locator.js[24m
  [2m40:27[22m  [31merror[39m  Expected '===' and instead saw '=='  [2meqeqeq[22m

[31m[1mâœ– 1 problem (1 error, 0 warnings)[22m[39m
[31m[1m[22m[39m
[37;40mnpm[0m [0m[31;40mERR![0m [0m[35mcode[0m ELIFECYCLE
[0m[37;40mnpm[0m [0m[31;40mERR![0m [0m[35merrno[0m 1
[0m[37;40mnpm[0m [0m[31;40mERR![0m[35m[0m nightwatch@1.1.8 eslint: `eslint . --quiet`
[0m[37;40mnpm[0m [0m[31;40mERR![0m[35m[0m Exit status 1
[0m[37;40mnpm[0m [0m[31;40mERR![0m[35m[0m 
[0m[37;40mnpm[0m [0m[31;40mERR![0m[35m[0m Failed at the nightwatch@1.1.8 eslint script.
[0m[37;40mnpm[0m [0m[31;40mERR![0m[35m[0m This is probably not a problem with npm. There is likely additional logging output above.
[0m
[37;40mnpm[0m [0m[31;40mERR![0m[35m[0m A complete log of this run can be found in:
[0m[37;40mnpm[0m [0m[31;40mERR![0m[35m[0m     /home/travis/.npm/_logs/2019-05-16T21_06_21_162Z-debug.log
[0mtravis_time:end:00a2c07a:start=1558040774076607938,finish=1558040781173874238,duration=7097266300[0K[31;1mThe command "npm run eslint" exited with 1.[0m

travis_time:start:0934aa6a[0K$ npm test

> nightwatch@1.1.8 test /home/travis/build/nightwatchjs/nightwatch
> mocha test/src


[0m[0m
[0m  assert.attributeContains[0m
  [32m  âœ“[0m[90m attributeContains assertion passed[0m
  [32m  âœ“[0m[90m attributeContains assertion failed[0m
  [32m  âœ“[0m[90m attributeContains assertion not found[0m
  [32m  âœ“[0m[90m attributeContains assertion value attribute not found[0m

[0m  assert.attributeEquals[0m
  [32m  âœ“[0m[90m attributeEquals assertion passed[0m
  [32m  âœ“[0m[90m attributeEquals assertion failed[0m
  [32m  âœ“[0m[90m attributeEquals assertion not found[0m
  [32m  âœ“[0m[90m attributeEquals assertion value attribute not found[0m

[0m  assert.containsText[0m
  [32m  âœ“[0m[90m containsText assertion passed[0m
  [32m  âœ“[0m[90m containsText assertion failed[0m
  [32m  âœ“[0m[90m containsText assertion not found[0m

[0m  assert.cssClassNotPresent[0m
  [32m  âœ“[0m[90m cssClassNotPresent assertion passed[0m
  [32m  âœ“[0m[90m cssClassNotPresent assertion failed[0m
  [32m  âœ“[0m[90m cssClassNotPresent assertion not found[0m

[0m  assert.cssClassPresent[0m
  [32m  âœ“[0m[90m cssClassPresent assertion passed[0m
  [32m  âœ“[0m[90m cssClassPresent assertion failed[0m
  [32m  âœ“[0m[90m cssClassPresent assertion not found[0m

[0m  assert.cssProperty[0m
  [32m  âœ“[0m[90m cssProperty assertion passed[0m
  [32m  âœ“[0m[90m cssProperty assertion failed[0m
  [32m  âœ“[0m[90m cssProperty assertion not found[0m

[0m  assert.elementNotPresent[0m
  [32m  âœ“[0m[90m elementNotPresent assertion passed[0m
  [32m  âœ“[0m[90m elementNotPresent assertion passed when exceptions are passed[0m
  [32m  âœ“[0m[90m elementNotPresent assertion failed[0m

[0m  assert.elementPresent[0m
  [32m  âœ“[0m[90m elementPresent assertion passed[0m
  [32m  âœ“[0m[90m elementPresent assertion failed[0m

[0m  assert.hidden[0m
  [32m  âœ“[0m[90m hidden assertion passed[0m
  [32m  âœ“[0m[90m hidden assertion failed[0m
  [32m  âœ“[0m[90m hidden assertion not found[0m

[0m  assert.title[0m
  [32m  âœ“[0m[90m title assertion passed[0m
  [32m  âœ“[0m[90m title assertion failed[0m

[0m  assert.titleContains[0m
  [32m  âœ“[0m[90m titleContains assertion passed[0m
  [32m  âœ“[0m[90m titleContains assertion failed without value field in response[0m
  [32m  âœ“[0m[90m titleContains assertion failed with empty response[0m
  [32m  âœ“[0m[90m titleContains assertion failed[0m

[0m  assert.urlContains[0m
  [32m  âœ“[0m[90m urlContains assertion passed[0m
  [32m  âœ“[0m[90m urlContains assertion failed without value field in response[0m
  [32m  âœ“[0m[90m urlContains assertion failed with empty response[0m
  [32m  âœ“[0m[90m urlContains assertion failed[0m

[0m  assert.urlEquals[0m
  [32m  âœ“[0m[90m urlEquals assertion passed[0m
  [32m  âœ“[0m[90m urlEquals assertion failed[0m

[0m  assert.value[0m
  [32m  âœ“[0m[90m value assertion passed[0m
  [32m  âœ“[0m[90m value assertion failed[0m
  [32m  âœ“[0m[90m value assertion not found[0m

[0m  assert.valueContains[0m
  [32m  âœ“[0m[90m valueContains assertion passed[0m
  [32m  âœ“[0m[90m valueContains assertion failed[0m
  [32m  âœ“[0m[90m valueContains assertion element not found[0m
  [32m  âœ“[0m[90m valueContains assertion stale element reference[0m
  [32m  âœ“[0m[90m valueContains assertion value attribute not found[0m

[0m  assert.visible[0m
  [32m  âœ“[0m[90m visible assertion passed[0m
  [32m  âœ“[0m[90m visible assertion failed[0m
  [32m  âœ“[0m[90m visible assertion not found[0m

[0m  clearValue[0m
  [32m  âœ“[0m[90m client.clearValue()[0m[33m (59ms)[0m
  [32m  âœ“[0m[90m client.clearValue() with no callback[0m
  [32m  âœ“[0m[90m client.clearValue() with webdriver protocol[0m
  [32m  âœ“[0m[90m client.clearValue() with webdriver protocol - element not found[0m

[0m  click[0m
  [32m  âœ“[0m[90m client.click()[0m
  [32m  âœ“[0m[90m client.click() with xpath[0m
  [32m  âœ“[0m[90m client.click() with webdriver protocol[0m
  [32m  âœ“[0m[90m client.click() - element not interactable error[0m
  [32m  âœ“[0m[90m client.click() - stale element reference error[0m

[0m  getCookie[0m
  [32m  âœ“[0m[90m client.getCookie(<name>)[0m
  [32m  âœ“[0m[90m client.getCookie(<name>) - empty result[0m

[0m  getCookies[0m
  [32m  âœ“[0m[90m client.getCookies()[0m
  [32m  âœ“[0m[90m client.getCookies() - empty result[0m

[0m  end[0m
  [32m  âœ“[0m[90m client.end();[0m
  [32m  âœ“[0m[90m client.end() - no session id[0m
  [32m  âœ“[0m[90m client.end() - with screenshot[0m
  [32m  âœ“[0m[90m client.end() - failures and screenshots disabled[0m

[0m  getAttribute[0m
  [32m  âœ“[0m[90m client.getAttribute()[0m

[0m  getCssProperty[0m
  [32m  âœ“[0m[90m client.getCssProperty()[0m

[0m  getElementSize[0m
  [32m  âœ“[0m[90m client.getElementSize()[0m

[0m  getLocation[0m
  [32m  âœ“[0m[90m client.getLocation()[0m

[0m  getLocationInView[0m
  [32m  âœ“[0m[90m client.getLocationInView()[0m

[0m  getLog[0m
  [32m  âœ“[0m[90m client.getLog()[0m
  [32m  âœ“[0m[90m client.getLog() implicit[0m
  [32m  âœ“[0m[90m client.getLog() with callback rejecting a Promise[0m
  [32m  âœ“[0m[90m client.getLog() with callback returning a Promise[0m

[0m  getLogTypes[0m
  [32m  âœ“[0m[90m client.getLogTypes()[0m

[0m  getTagName[0m
  [32m  âœ“[0m[90m client.getTagName()[0m

[0m  getText[0m
  [32m  âœ“[0m[90m client.getText()[0m

[0m  getTitle[0m
  [32m  âœ“[0m[90m client.getTitle()[0m

[0m  getValue[0m
  [32m  âœ“[0m[90m client.getValue()[0m

[0m  isLogAvailable[0m
  [32m  âœ“[0m[90m client.isLogAvailable()[0m
  [32m  âœ“[0m[90m client.isLogAvailable() failure[0m

[0m  isVisible[0m
  [32m  âœ“[0m[90m client.isVisible()[0m

[0m  locateStrategies[0m
  [32m  âœ“[0m[90m client.useXpath()[0m
  [32m  âœ“[0m[90m client.useCss()[0m

[0m  maximizeWindow[0m
  [32m  âœ“[0m[90m client.maximizeWindow()[0m

[0m  moveToElement[0m
  [32m  âœ“[0m[90m client.moveToElement()[0m

[0m  pause[0m
  [32m  âœ“[0m[90m client.pause()[0m

[0m  perform[0m
  [32m  âœ“[0m[90m client.perform()[0m
  [32m  âœ“[0m[90m client.perform() with async callback[0m
  [32m  âœ“[0m[90m client.perform() with async callback and api param[0m

[0m  saveScreenshot[0m
  [32m  âœ“[0m[90m client.saveScreenshot()[0m

[0m  setValue[0m
  [32m  âœ“[0m[90m client.setValue()[0m

[0m  submitForm[0m
  [32m  âœ“[0m[90m client.submitForm()[0m

[0m  waitForElementNotPresent[0m
  [32m  âœ“[0m[90m client.waitForElementNotPresent() success[0m
  [32m  âœ“[0m[90m client.waitForElementNotPresent() failure[0m
  [32m  âœ“[0m[90m client.waitForElementNotPresent() failure no abort[0m
  [32m  âœ“[0m[90m client.waitForElementNotPresent() failure no abort with custom interval[0m

[0m  waitForElementNotVisible[0m
  [32m  âœ“[0m[90m client.waitForElementNotVisible() success[0m
  [32m  âœ“[0m[90m client.waitForElementNotVisible() failure[0m
  [32m  âœ“[0m[90m client.waitForElementNotVisible() success after retry[0m[33m (54ms)[0m

[0m  waitForElementPresent[0m
  [32m  âœ“[0m[90m client.waitForElementPresent() success[0m
  [32m  âœ“[0m[90m client.waitForElementPresent() with webdriver response success[0m
  [32m  âœ“[0m[90m client.waitForElementPresent() failure with custom message[0m
  [32m  âœ“[0m[90m client.waitForElementPresent() failure[0m
  [32m  âœ“[0m[90m client.waitForElementPresent() failure no abort[0m

[0m  waitForElementVisible[0m
  [32m  âœ“[0m[90m client.waitForElementVisible() failure[0m
  [32m  âœ“[0m[90m client.waitForElementVisible() fail with global timeout default[0m
  [32m  âœ“[0m[90m client.waitForElementVisible() fail with global timeout default and custom message[0m
  [32m  âœ“[0m[90m client.waitForElementVisible() StaleElementReference error[0m
  [32m  âœ“[0m[90m client.waitForElementVisible() with element not found[0m
  [32m  âœ“[0m[90m client.waitForElementVisible() success after retry[0m[33m (55ms)[0m
  [32m  âœ“[0m[90m client.waitForElementVisible() fail with no args and global timeout not set[0m

[0m  window[0m
  [32m  âœ“[0m[90m client.closeWindow()[0m
  [32m  âœ“[0m[90m client.switchWindow()[0m
  [32m  âœ“[0m[90m client.switchWindow() - no callback[0m
  [32m  âœ“[0m[90m client.resizeWindow()[0m

[0m  expect.active[0m
  [32m  âœ“[0m[90m to be active [PASSED][0m
  [32m  âœ“[0m[90m to be active with waitFor [PASSED][0m
  [32m  âœ“[0m[90m to be active with waitFor [FAILED][0m[31m (105ms)[0m
  [32m  âœ“[0m[90m to be active [FAILED][0m[33m (44ms)[0m
  [32m  âœ“[0m[90m to be active with waitFor [PASSED on retry][0m[33m (53ms)[0m
  [32m  âœ“[0m[90m to not be active [PASSED][0m
  [32m  âœ“[0m[90m to not be active [FAILED][0m[33m (45ms)[0m
  [32m  âœ“[0m[90m to be active - xpath via useXpath [PASSED][0m
  [32m  âœ“[0m[90m to be active - xpath via argument [PASSED][0m

[0m  expect.attribute[0m
  [32m  âœ“[0m[90m to have attribute [PASSED][0m
  [32m  âœ“[0m[90m to have attribute with waitFor [PASSED][0m
  [32m  âœ“[0m[90m to have attribute with implicit waitFor [PASSED][0m
  [32m  âœ“[0m[90m to have attribute with implicit and custom waitFor [PASSED][0m
  [32m  âœ“[0m[90m to have attribute with waitFor [FAILED][0m[31m (112ms)[0m
  [32m  âœ“[0m[90m to have attribute with implicit and custom waitFor [FAILED][0m[31m (104ms)[0m
  [32m  âœ“[0m[90m to have attribute with message [PASSED][0m
  [32m  âœ“[0m[90m to have attribute with message [FAILED][0m[33m (43ms)[0m
  [32m  âœ“[0m[90m to have attribute [FAILED][0m[33m (45ms)[0m
  [32m  âœ“[0m[90m to not have attribute [PASSED][0m
  [32m  âœ“[0m[90m to not have attribute [FAILED][0m[33m (49ms)[0m
  [32m  âœ“[0m[90m to have attribute - element not found[0m[33m (43ms)[0m
  [32m  âœ“[0m[90m to have attribute equal to [PASSED][0m
  [32m  âœ“[0m[90m to have attribute which equals [PASSED][0m
  [32m  âœ“[0m[90m to have attribute which startsWith [PASSED][0m
  [32m  âœ“[0m[90m to have attribute startWith [PASSED][0m
  [32m  âœ“[0m[90m to have attribute which endsWith [PASSED][0m
  [32m  âœ“[0m[90m to have attribute endsWith [PASSED][0m
  [32m  âœ“[0m[90m to have attribute equal to [FAILED][0m[33m (61ms)[0m
  [32m  âœ“[0m[90m to have attribute NOT equal to [PASSED][0m
  [32m  âœ“[0m[90m to have attribute NOT equal to [FAILED][0m[33m (44ms)[0m
  [32m  âœ“[0m[90m to have attribute equal with waitFor [PASSED][0m
  [32m  âœ“[0m[90m to have attribute equal with custom waitFor [PASSED][0m[33m (54ms)[0m
  [32m  âœ“[0m[90m to have attribute equal and waitFor [FAILED] - attribute not found[0m[31m (156ms)[0m
  [32m  âœ“[0m[90m to have attribute equal and custom waitFor [FAILED] - attribute not found[0m[33m (75ms)[0m
  [32m  âœ“[0m[90m to have attribute equal and waitFor [FAILED] - attribute not equal[0m
  [32m  âœ“[0m[90m to have attribute equal to with message [PASSED][0m
  [32m  âœ“[0m[90m to have attribute equal with message [FAILED] - attribute not found[0m[33m (44ms)[0m
  [32m  âœ“[0m[90m to have attribute equal with message [FAILED] - attribute not equal[0m[33m (47ms)[0m
  [32m  âœ“[0m[90m to have attribute not contains [PASSED][0m
  [32m  âœ“[0m[90m to have attribute not startsWith [PASSED][0m
  [32m  âœ“[0m[90m to have attribute not endsWith [PASSED][0m
  [32m  âœ“[0m[90m to have attribute which contains [PASSED][0m
  [32m  âœ“[0m[90m to have attribute not contains [FAILED][0m[33m (51ms)[0m
  [32m  âœ“[0m[90m to have attribute not startsWith [FAILED][0m[33m (44ms)[0m
  [32m  âœ“[0m[90m to have attribute not endsWith [FAILED][0m[33m (44ms)[0m
  [32m  âœ“[0m[90m to have attribute which matches [PASSED][0m
  [32m  âœ“[0m[90m to have attribute not match [PASSED][0m
  [32m  âœ“[0m[90m to have attribute not match [FAILED][0m[33m (45ms)[0m
  [32m  âœ“[0m[90m to have attribute equal to - element not found[0m[33m (45ms)[0m
  [32m  âœ“[0m[90m to have attribute contains - element not found[0m[33m (44ms)[0m
  [32m  âœ“[0m[90m to have attribute startsWith - element not found[0m[33m (44ms)[0m
  [32m  âœ“[0m[90m to have attribute endsWith - element not found[0m[33m (44ms)[0m
  [32m  âœ“[0m[90m to have attribute match - element not found[0m[33m (45ms)[0m
  [32m  âœ“[0m[90m to have attribute with waitFor - element not found[0m[31m (104ms)[0m
  [32m  âœ“[0m[90m to have attribute with custom waitFor - element not found[0m[31m (104ms)[0m
  [32m  âœ“[0m[90m to have attribute with waitFor - element found on retry[0m[33m (53ms)[0m
  [32m  âœ“[0m[90m to have attribute with custom waitFor - element found on retry[0m[33m (54ms)[0m
  [32m  âœ“[0m[90m to have attribute match - throws exception on invalid regex[0m

[0m  expect.cookie[0m
  [32m  âœ“[0m[90m to contain [PASSED][0m
  [32m  âœ“[0m[90m contains [PASSED][0m
  [32m  âœ“[0m[90m to equal to [FAILED][0m[33m (44ms)[0m
  [32m  âœ“[0m[90m to NOT equal to [PASSED][0m
  [32m  âœ“[0m[90m to NOT equal to [FAILED][0m[33m (52ms)[0m
  [32m  âœ“[0m[90m to equal waitFor [PASSED][0m[33m (53ms)[0m
  [32m  âœ“[0m[90m to equal and waitFor [FAILED] - value not equal[0m
  [32m  âœ“[0m[90m to not contains [PASSED][0m
  [32m  âœ“[0m[90m with domain to contain [PASSED][0m
  [32m  âœ“[0m[90m with domain to contain [FAILED][0m[33m (52ms)[0m
  [32m  âœ“[0m[90m with domain to NOT contain [PASSED][0m
  [32m  âœ“[0m[90m with domain to NOT contain [FAILED][0m[33m (52ms)[0m
  [32m  âœ“[0m[90m to not contain [FAILED][0m[33m (53ms)[0m
  [32m  âœ“[0m[90m to not match [PASSED][0m
  [32m  âœ“[0m[90m to not match [FAILED][0m[33m (53ms)[0m
  [32m  âœ“[0m[90m to equal to - cookie not found[0m[33m (53ms)[0m
  [32m  âœ“[0m[90m to equal with waitFor - element found on retry[0m[33m (53ms)[0m
  [32m  âœ“[0m[90m to match - throws exception on invalid regex[0m[33m (53ms)[0m
  [32m  âœ“[0m[90m to equal and waitFor [FAILED] - value not found[0m[31m (105ms)[0m

[0m  expect.elements count[0m
  [32m  âœ“[0m[90m count to equal [PASSED][0m
  [32m  âœ“[0m[90m count to equal [FAILED][0m[33m (53ms)[0m
  [32m  âœ“[0m[90m count to NOT equal [PASSED][0m
  [32m  âœ“[0m[90m count to NOT equal [FAILED][0m[33m (53ms)[0m
  [32m  âœ“[0m[90m count to equal with waitFor [PASSED][0m[33m (53ms)[0m
  [32m  âœ“[0m[90m count to equal and waitFor [FAILED] - count not equal[0m[33m (44ms)[0m
  [32m  âœ“[0m[90m count to equal - element not found[0m[33m (53ms)[0m

[0m  expect.css[0m
  [32m  âœ“[0m[90m to have css property [PASSED][0m
  [32m  âœ“[0m[90m to have css property with waitFor [PASSED][0m
  [32m  âœ“[0m[90m to have css property with waitFor [FAILED][0m[33m (49ms)[0m
  [32m  âœ“[0m[90m to have css property with message [PASSED][0m
  [32m  âœ“[0m[90m to have css property with message [FAILED][0m[33m (45ms)[0m
  [32m  âœ“[0m[90m to have css property [FAILED][0m[33m (46ms)[0m
  [32m  âœ“[0m[90m to not have css property [PASSED][0m
  [32m  âœ“[0m[90m to not have css property [FAILED][0m[33m (44ms)[0m
  [32m  âœ“[0m[90m to have css property - element not found[0m[31m (104ms)[0m
  [32m  âœ“[0m[90m to have css property equal to [PASSED][0m
  [32m  âœ“[0m[90m to have css property which equals [PASSED][0m
  [32m  âœ“[0m[90m to have css property equal to [FAILED][0m[33m (44ms)[0m
  [32m  âœ“[0m[90m to have css property NOT equal to [PASSED][0m
  [32m  âœ“[0m[90m to have css property NOT equal to [FAILED][0m[33m (44ms)[0m
  [32m  âœ“[0m[90m to have css property equal with waitFor [PASSED][0m[33m (53ms)[0m
  [32m  âœ“[0m[90m to have css property equal and waitFor [FAILED] - property not set[0m[31m (156ms)[0m
  [32m  âœ“[0m[90m to have css property equal and waitFor [FAILED] - property not equal[0m
  [32m  âœ“[0m[90m to have css property which contains [PASSED][0m
  [32m  âœ“[0m[90m to have css property equal with message [PASSED][0m
  [32m  âœ“[0m[90m to have css property equal with message [FAILED] - property not set[0m[33m (44ms)[0m
  [32m  âœ“[0m[90m to have css property equal with message [FAILED] - property not equal[0m[33m (44ms)[0m
  [32m  âœ“[0m[90m to have css property not contains [PASSED][0m
  [32m  âœ“[0m[90m to have css property not contains [FAILED][0m[33m (45ms)[0m
  [32m  âœ“[0m[90m to have css property which matches [PASSED][0m
  [32m  âœ“[0m[90m to have css property not match [PASSED][0m
  [32m  âœ“[0m[90m to have css property not match [FAILED][0m[33m (45ms)[0m
  [32m  âœ“[0m[90m to have css property equal to - element not found[0m[33m (44ms)[0m
  [32m  âœ“[0m[90m to have css property contains - element not found[0m[33m (44ms)[0m
  [32m  âœ“[0m[90m to have css property with waitFor - element not found[0m[31m (104ms)[0m
  [32m  âœ“[0m[90m to have css property with waitFor - element found on retry[0m[33m (53ms)[0m
  [32m  âœ“[0m[90m to have css property match - element not found[0m[33m (44ms)[0m

[0m  expect.enabled[0m
  [32m  âœ“[0m[90m to be enabled [PASSED][0m
  [32m  âœ“[0m[90m to be enabled with waitFor [PASSED][0m
  [32m  âœ“[0m[90m to be enabled with waitFor [FAILED][0m[31m (105ms)[0m
  [32m  âœ“[0m[90m to be enabled [FAILED][0m[33m (44ms)[0m
  [32m  âœ“[0m[90m to not be enabled [PASSED][0m
  [32m  âœ“[0m[90m to not be enabled [FAILED][0m[33m (44ms)[0m
  [32m  âœ“[0m[90m to be enabled - element not found[0m[33m (44ms)[0m
  [32m  âœ“[0m[90m to not be enabled with waitFor [FAILED][0m[31m (155ms)[0m
  [32m  âœ“[0m[90m to be enabled with waitFor - element not found[0m[31m (104ms)[0m
  [32m  âœ“[0m[90m to be enabled with waitFor - element found on retry[0m

[0m  expect.present[0m
  [32m  âœ“[0m[90m to be present [PASSED][0m
  [32m  âœ“[0m[90m to be present with waitFor [PASSED][0m
  [32m  âœ“[0m[90m to be present with waitFor [FAILED][0m[31m (106ms)[0m
  [32m  âœ“[0m[90m to be present [FAILED][0m[33m (44ms)[0m
  [32m  âœ“[0m[90m to be present with waitFor [PASSED on retry][0m[33m (52ms)[0m
  [32m  âœ“[0m[90m to not be present [FAILED][0m[33m (44ms)[0m
  [32m  âœ“[0m[90m to be present - xpath via useXpath [PASSED][0m
  [32m  âœ“[0m[90m to be present - xpath via argument [PASSED][0m

[0m  expect.selected[0m
  [32m  âœ“[0m[90m to be selected [PASSED][0m
  [32m  âœ“[0m[90m to be selected with waitFor [PASSED][0m
  [32m  âœ“[0m[90m to be selected with waitFor [FAILED][0m[31m (104ms)[0m
  [32m  âœ“[0m[90m to be selected [FAILED][0m[33m (44ms)[0m
  [32m  âœ“[0m[90m to not be selected [PASSED][0m
  [32m  âœ“[0m[90m to not be selected [FAILED][0m[33m (44ms)[0m
  [32m  âœ“[0m[90m to be selected - element not found[0m[33m (45ms)[0m
  [32m  âœ“[0m[90m to not be selected with waitFor [FAILED][0m[31m (155ms)[0m
  [32m  âœ“[0m[90m to be selected with waitFor - element not found[0m[31m (105ms)[0m
  [32m  âœ“[0m[90m to be selected with waitFor - element found on retry[0m

[0m  expect.text[0m
  [32m  âœ“[0m[90m text to equal [PASSED][0m
  [32m  âœ“[0m[90m text to equal [FAILED][0m[33m (45ms)[0m
  [32m  âœ“[0m[90m text to NOT equal [PASSED][0m
  [32m  âœ“[0m[90m text to NOT equal [FAILED][0m[33m (44ms)[0m
  [32m  âœ“[0m[90m text to equal with waitFor [PASSED][0m[33m (54ms)[0m
  [32m  âœ“[0m[90m text to equal and waitFor [FAILED] - text not equal[0m[33m (41ms)[0m
  [32m  âœ“[0m[90m text to not equal [PASSED][0m
  [32m  âœ“[0m[90m text to not equal [FAILED][0m[33m (44ms)[0m
  [32m  âœ“[0m[90m text to not contain [PASSED][0m
  [32m  âœ“[0m[90m text to contain [PASSED][0m
  [32m  âœ“[0m[90m text to startWith [PASSED][0m
  [32m  âœ“[0m[90m text to endWith [PASSED][0m
  [32m  âœ“[0m[90m text to not contain [FAILED][0m[33m (44ms)[0m
  [32m  âœ“[0m[90m text to match [PASSED][0m
  [32m  âœ“[0m[90m text to not match [PASSED][0m
  [32m  âœ“[0m[90m text to not match [FAILED][0m[33m (46ms)[0m
  [32m  âœ“[0m[90m text to equal - element not found[0m[33m (43ms)[0m
  [32m  âœ“[0m[90m text to contain - element not found[0m[33m (44ms)[0m
  [32m  âœ“[0m[90m text to match - element not found[0m[33m (44ms)[0m
  [32m  âœ“[0m[90m text to match with waitFor - element not found[0m[33m (60ms)[0m
  [32m  âœ“[0m[90m text to match with waitFor - element found on retry[0m[33m (53ms)[0m
  [32m  âœ“[0m[90m text to match - throws exception on invalid regex[0m[33m (43ms)[0m

[0m  expect.title[0m
  [32m  âœ“[0m[90m to contain [PASSED][0m
  [32m  âœ“[0m[90m contains [PASSED][0m
  [32m  âœ“[0m[90m to equal to [FAILED][0m[33m (52ms)[0m
  [32m  âœ“[0m[90m to  NOT equal to [PASSED][0m
  [32m  âœ“[0m[90m to  NOT equal to [FAILED][0m[33m (53ms)[0m
  [32m  âœ“[0m[90m to equal waitFor [PASSED][0m[33m (52ms)[0m
  [32m  âœ“[0m[90m to equal and waitFor [FAILED] - value not equal[0m[33m (53ms)[0m
  [32m  âœ“[0m[90m to not equal to [PASSED][0m
  [32m  âœ“[0m[90m to not equal to [FAILED][0m

[0m  expect.type[0m
  [32m  âœ“[0m[90m to be [PASSED][0m
  [32m  âœ“[0m[90m to be [FAILED][0m[33m (45ms)[0m
  [32m  âœ“[0m[90m to not be [PASSED][0m
  [32m  âœ“[0m[90m to not be - element not found[0m[33m (44ms)[0m
  [32m  âœ“[0m[90m to be with message [PASSED][0m
  [32m  âœ“[0m[90m to be with message [FAILED][0m[33m (45ms)[0m
  [32m  âœ“[0m[90m to be with message - element not found[0m[33m (44ms)[0m
  [32m  âœ“[0m[90m to be with waitFor - element not found[0m[31m (104ms)[0m
  [32m  âœ“[0m[90m to be with waitFor - element found on retry[0m[33m (52ms)[0m

[0m  expect.url[0m
  [32m  âœ“[0m[90m to contain [PASSED][0m
  [32m  âœ“[0m[90m contains [PASSED][0m
  [32m  âœ“[0m[90m to equal to [FAILED][0m[33m (42ms)[0m
  [32m  âœ“[0m[90m to NOT equal to [PASSED][0m
  [32m  âœ“[0m[90m to NOT equal to [FAILED][0m[33m (43ms)[0m
  [32m  âœ“[0m[90m to not equal to [PASSED][0m
  [32m  âœ“[0m[90m to not equal to [FAILED][0m[33m (41ms)[0m
  [32m  âœ“[0m[90m to not contains [PASSED][0m
  [32m  âœ“[0m[90m to not contain [FAILED][0m[33m (42ms)[0m
  [32m  âœ“[0m[90m to not match [PASSED][0m
  [32m  âœ“[0m[90m to not match [FAILED][0m[33m (42ms)[0m
  [32m  âœ“[0m[90m to  match - throws exception on invalid regex[0m[33m (42ms)[0m

[0m  expect.value[0m
  [32m  âœ“[0m[90m to have value equal to [PASSED][0m
  [32m  âœ“[0m[90m to have value which equals [PASSED][0m
  [32m  âœ“[0m[90m to have value equal to [FAILED][0m[33m (44ms)[0m
  [32m  âœ“[0m[90m to have value NOT equal to [PASSED][0m
  [32m  âœ“[0m[90m to have value NOT equal to [FAILED][0m[33m (43ms)[0m
  [32m  âœ“[0m[90m to have value equal with waitFor [PASSED][0m[33m (53ms)[0m
  [32m  âœ“[0m[90m to have value equal and waitFor [FAILED] - value not equal[0m[31m (155ms)[0m
  [32m  âœ“[0m[90m to have value not equal to [PASSED][0m
  [32m  âœ“[0m[90m to have value not equal to [FAILED][0m[33m (45ms)[0m
  [32m  âœ“[0m[90m to have value not contains [PASSED][0m
  [32m  âœ“[0m[90m to have value contains [PASSED][0m
  [32m  âœ“[0m[90m to have value not contains [FAILED][0m[33m (45ms)[0m
  [32m  âœ“[0m[90m to have value not match [PASSED][0m
  [32m  âœ“[0m[90m to have value which matches [PASSED][0m
  [32m  âœ“[0m[90m to have value not match [FAILED][0m[33m (44ms)[0m
  [32m  âœ“[0m[90m to have value equal to - element not found[0m[33m (44ms)[0m
  [32m  âœ“[0m[90m to have value which contains - element not found[0m[33m (43ms)[0m
  [32m  âœ“[0m[90m to have value match - element not found[0m[33m (44ms)[0m
  [32m  âœ“[0m[90m to have value equal to with waitFor - element not found[0m[31m (103ms)[0m
  [32m  âœ“[0m[90m to have value equal with waitFor - element found on retry[0m[33m (53ms)[0m
  [32m  âœ“[0m[90m to have value match - throws exception on invalid regex[0m[33m (44ms)[0m
  [32m  âœ“[0m[90m to have value equal and waitFor [FAILED] - value not found[0m[31m (156ms)[0m

[0m  expect.visible[0m
  [32m  âœ“[0m[90m to be visible [PASSED][0m
  [32m  âœ“[0m[90m to be visible with waitFor [PASSED][0m
  [32m  âœ“[0m[90m to be visible with waitFor [FAILED][0m[31m (104ms)[0m
  [32m  âœ“[0m[90m to be visible [FAILED][0m[33m (44ms)[0m
  [32m  âœ“[0m[90m to not be visible [PASSED][0m
  [32m  âœ“[0m[90m to not be visible [FAILED][0m[33m (44ms)[0m
  [32m  âœ“[0m[90m to be visible - element not found[0m[33m (49ms)[0m
  [32m  âœ“[0m[90m to not be visible with waitFor [FAILED][0m
  [32m  âœ“[0m[90m to not be visible with waitFor [PASSED] - element not visible on retry[0m
  [32m  âœ“[0m[90m to be visible with waitFor - element not found[0m[31m (104ms)[0m
  [32m  âœ“[0m[90m to be visible with waitFor - element found on retry[0m[33m (52ms)[0m

[0m  alert commands[0m
  [32m  âœ“[0m[90m testAcceptAlert[0m
  [32m  âœ“[0m[90m testAcceptAlert W3C WebDriver[0m
  [32m  âœ“[0m[90m testDismissAlert[0m
  [32m  âœ“[0m[90m testDismissAlert W3C WebDriver[0m
  [32m  âœ“[0m[90m testGetAlertText[0m
  [32m  âœ“[0m[90m testGetAlertText W3C WebDriver[0m
  [32m  âœ“[0m[90m testSetAlertText[0m
  [32m  âœ“[0m[90m testSetAlertText W3C WebDriver[0m

[0m  browser commands[0m
  [32m  âœ“[0m[90m testRefresh[0m
  [32m  âœ“[0m[90m testBack[0m
  [32m  âœ“[0m[90m testForward[0m

[0m  context commands[0m
  [32m  âœ“[0m[90m testContexts[0m
  [32m  âœ“[0m[90m testCurrentContext[0m
  [32m  âœ“[0m[90m testSetContext[0m

[0m  cookie commands[0m
  [32m  âœ“[0m[90m testCookieGet[0m
  [32m  âœ“[0m[90m testCookiePost[0m
  [32m  âœ“[0m[90m testCookieDeleteAll[0m
  [32m  âœ“[0m[90m testCookieDeleteOne[0m
  [32m  âœ“[0m[90m testCookieErrors[0m

[0m  client.doubleClick[0m
  [32m  âœ“[0m[90m testDoubleClick[0m

[0m  element W3C Webdriver actions[0m
  [32m  âœ“[0m[90m test click() with W3C WebDriver[0m
  [32m  âœ“[0m[90m test clearValue() with W3C WebDriver[0m

[0m  element actions[0m
  [32m  âœ“[0m[90m testElement[0m
  [32m  âœ“[0m[90m testElementIdElement[0m
  [32m  âœ“[0m[90m testElementIdElement invalid element ID[0m
  [32m  âœ“[0m[90m testElementPlural[0m
  [32m  âœ“[0m[90m testElementIdElementPlural[0m
  [32m  âœ“[0m[90m testElementIdElementPlural invalid element ID[0m
  [32m  âœ“[0m[90m testElementActive[0m
  [32m  âœ“[0m[90m testElementIdClear[0m
  [32m  âœ“[0m[90m testElementIdClear invalid element ID[0m
  [32m  âœ“[0m[90m testElementIdSelected[0m
  [32m  âœ“[0m[90m testElementIdSelected invalid element ID[0m
  [32m  âœ“[0m[90m testElementIdEnabled[0m
  [32m  âœ“[0m[90m testElementIdEnabled invalid element ID[0m
  [32m  âœ“[0m[90m testElementIdEquals[0m
  [32m  âœ“[0m[90m testElementIdEquals invalid element ID[0m
  [32m  âœ“[0m[90m testElementIdAttribute[0m
  [32m  âœ“[0m[90m testElementIdAttribute invalid element ID[0m
  [32m  âœ“[0m[90m testElementIdClick[0m
  [32m  âœ“[0m[90m testElementIdClick invalid element ID[0m
  [32m  âœ“[0m[90m testElementIdCssProperty[0m
  [32m  âœ“[0m[90m testElementIdCssProperty invalid element ID[0m
  [32m  âœ“[0m[90m testElementIdDisplayed[0m
  [32m  âœ“[0m[90m testElementIdDisplayed invalid element ID[0m
  [32m  âœ“[0m[90m testElementIdLocation[0m
  [32m  âœ“[0m[90m testElementIdLocation invalid element ID[0m
  [32m  âœ“[0m[90m testElementIdLocationInView[0m
  [32m  âœ“[0m[90m testElementIdLocationInView invalid element ID[0m
  [32m  âœ“[0m[90m testElementIdName[0m
  [32m  âœ“[0m[90m testElementIdName invalid element ID[0m
  [32m  âœ“[0m[90m testElementIdSize[0m
  [32m  âœ“[0m[90m testElementIdSize invalid element ID[0m
  [32m  âœ“[0m[90m testElementIdText[0m
  [32m  âœ“[0m[90m testElementIdText invalid element ID[0m
  [32m  âœ“[0m[90m testElementIdValueGet[0m
  [32m  âœ“[0m[90m testElementIdValueGet with callback[0m
  [32m  âœ“[0m[90m testElementIdValueGet invalid element ID[0m
  [32m  âœ“[0m[90m testElementIdValuePost[0m
  [32m  âœ“[0m[90m testElementIdValuePost invalid element ID[0m
  [32m  âœ“[0m[90m testElementWithCallbackAndContext[0m

[0m  client.execute[0m
  [32m  âœ“[0m[90m testExecuteString[0m
  [32m  âœ“[0m[90m testExecuteString W3C WebDriver[0m
  [32m  âœ“[0m[90m testExecuteFunction[0m
  [32m  âœ“[0m[90m testExecuteFunctionNoArgs[0m
  [32m  âœ“[0m[90m testExecuteAsyncFunction[0m
  [32m  âœ“[0m[90m testExecuteAsync[0m
  [32m  âœ“[0m[90m testExecuteAsync W3C WebDriver[0m

[0m  client.frame[0m
  [32m  âœ“[0m[90m testFrameDefault[0m
  [32m  âœ“[0m[90m testFramePost[0m
  [32m  âœ“[0m[90m testFramePostWithZeroIndex[0m
  [32m  âœ“[0m[90m testFramePostWithNull[0m
  [32m  âœ“[0m[90m testFramePostWithUndefined[0m
  [32m  âœ“[0m[90m testFrameParent[0m

[0m  client.keys()[0m
  [32m  âœ“[0m[90m testKeys[0m
  [32m  âœ“[0m[90m testKeysSingle[0m
  [32m  âœ“[0m[90m testKeysUnicode[0m

[0m  session log commands[0m
  [32m  âœ“[0m[90m testLog[0m
  [32m  âœ“[0m[90m testLogTypes[0m

[0m  client.mouseButtonClick[0m
  [32m  âœ“[0m[90m test mouseButtonClick click left[0m
  [32m  âœ“[0m[90m test mouseButtonClick click right[0m
  [32m  âœ“[0m[90m test mouseButtonClick click middle[0m
  [32m  âœ“[0m[90m test mouseButtonClick with callback only[0m
  [32m  âœ“[0m[90m test mouseButtonClick with no args[0m
  [32m  âœ“[0m[90m test mouseButtonDown click left[0m
  [32m  âœ“[0m[90m test mouseButtonDown click middle[0m
  [32m  âœ“[0m[90m test mouseButtonDown with callback only[0m
  [32m  âœ“[0m[90m test mouseButtonUp click right[0m

[0m  browser commands[0m
  [32m  âœ“[0m[90m testMoveTo[0m

[0m  orientation commands[0m
  [32m  âœ“[0m[90m testGetOrientation[0m
  [32m  âœ“[0m[90m testSetOrientation[0m
  [32m  âœ“[0m[90m testSetOrientationInvalid[0m

[0m  client.screenshot[0m
  [32m  âœ“[0m[90m testScreenshot[0m

[0m  session commands[0m
  [32m  âœ“[0m[90m testSessions[0m
  [32m  âœ“[0m[90m testSessionDefault[0m
  [32m  âœ“[0m[90m testSessionGETImplicit[0m
  [32m  âœ“[0m[90m testSessionGETExplicit[0m
  [32m  âœ“[0m[90m testSessionGETImplicitById[0m
  [32m  âœ“[0m[90m testSessionGETExplicitById[0m
  [32m  âœ“[0m[90m testSessionDELETE[0m
  [32m  âœ“[0m[90m testSessionDELETEWithCallback[0m
  [32m  âœ“[0m[90m testSessionDELETEById[0m
  [32m  âœ“[0m[90m testSessionPOST[0m

[0m  client.source[0m
  [32m  âœ“[0m[90m client.source() get command[0m
  [32m  âœ“[0m[90m client.source() get command callback[0m

[0m  client.status[0m
  [32m  âœ“[0m[90m testStatus[0m

[0m  client.submit[0m
  [32m  âœ“[0m[90m testSubmit[0m

[0m  timeouts commands[0m
  [32m  âœ“[0m[90m testTimeoutsValid[0m
  [32m  âœ“[0m[90m testTimeouts invalid type[0m
  [32m  âœ“[0m[90m testTimeouts invalid value[0m
  [32m  âœ“[0m[90m testTimeoutsAsyncScript[0m
  [32m  âœ“[0m[90m testTimeoutsImplicitWait[0m

[0m  client.title[0m
  [32m  âœ“[0m[90m testTitle[0m

[0m  url[0m
  [32m  âœ“[0m[90m client.url() get[0m
  [32m  âœ“[0m[90m client.url() new[0m
  [32m  âœ“[0m[90m client.url() get with callback[0m
  [32m  âœ“[0m[90m client.url() new with callback[0m

[0m  window commands[0m
  [32m  âœ“[0m[90m testWindowHandle[0m
  [32m  âœ“[0m[90m testWindowHandle W3C WebDriver[0m
  [32m  âœ“[0m[90m testWindowHandlePlural[0m
  [32m  âœ“[0m[90m testWindowHandlePlural W3C WebDriver[0m
  [32m  âœ“[0m[90m testCloseWindow[0m
  [32m  âœ“[0m[90m testSwitchWindow[0m
  [32m  âœ“[0m[90m testSwitchWindow W3C WebDriver[0m
  [32m  âœ“[0m[90m testWindowCommand[0m

[0m  windowPosition[0m
  [32m  âœ“[0m[90m testWindowPositionGet without offsets and callback[0m
  [32m  âœ“[0m[90m testWindowPositionErrors[0m
  [32m  âœ“[0m[90m testWindowPositionGet[0m
  [32m  âœ“[0m[90m testWindowPositionPost[0m

[0m  windowSize[0m
  [32m  âœ“[0m[90m testWindowSizeErrors[0m
  [32m  âœ“[0m[90m testWindowSizeGet[0m
  [32m  âœ“[0m[90m testWindowSizePost[0m

[0m  test Assertions[0m
  [32m  âœ“[0m[90m Testing assertions loaded[0m
  [32m  âœ“[0m[90m Testing chai expect is loaded[0m
  [32m  âœ“[0m[90m Testing passed assertion retry[0m
  [32m  âœ“[0m[90m Testing failed assertion retry[0m

[0m  test Nightwatch Api[0m
  [32m  âœ“[0m[90m testAddCustomAssertion[0m
  [32m  âœ“[0m[90m testLoadCustomAssertionsBadFolder[0m
  [32m  âœ“[0m[90m testRunCustomPerformCommand[0m
  [32m  âœ“[0m[90m testRunCustomCommandDeprecated[0m
  [32m  âœ“[0m[90m testRunClientCommand[0m[31m (86ms)[0m
  [32m  âœ“[0m[90m testAddPageObjectArrayPath[0m

[0m  test PageObjectApi[0m
  [32m  âœ“[0m[90m testPageObjectProperties[0m
  [32m  âœ“[0m[90m testPageObjectElementsArray[0m
  [32m  âœ“[0m[90m testPageObjectSubDirectory[0m
  [32m  âœ“[0m[90m testPageObjectAssertionsLoaded[0m
  [32m  âœ“[0m[90m testPageObjectCommandsLoaded[0m

[0m  test PageObject Commands[0m
  [32m  âœ“[0m[90m testPageObjectElementCommandWithMutliArgs[0m
  [32m  âœ“[0m[90m testPageObjectCallbackContext[0m[33m (74ms)[0m
  [32m  âœ“[0m[90m testPageObjectLocateStrategy[0m
  [32m  âœ“[0m[90m testPageObjectElementRecursion[0m
  [32m  âœ“[0m[90m testPageObjectPluralElementRecursion[0m
  [32m  âœ“[0m[90m testPageObjectElementCommandSwitchLocateStrategy[0m
  [32m  âœ“[0m[90m testPageObjectInvalidElementCommand[0m
  [32m  âœ“[0m[90m testPageObjectPropsFunctionReturnsObject[0m
  [32m  âœ“[0m[90m testSectionObjectPropsFunctionReturnsObject[0m
  [32m  âœ“[0m[90m testPageObjectWithUrlChanged[0m

[0m  test PageObject Commands[0m
  [32m  âœ“[0m[90m testPageObjectCustomCommands[0m
  [32m  âœ“[0m[90m testPageObject - custom commands object definition[0m
  [32m  âœ“[0m[90m testPageObject - custom command with args[0] as Array[0m
  [32m  âœ“[0m[90m testPageObject - error loading custom commands[0m

[0m  test Queue[0m
  [32m  âœ“[0m[90m Test commands queue[0m

[0m  test Request With Credentials[0m
  [32m  âœ“[0m[90m Test initialization with credentials[0m

[0m  test commands element selectors[0m
  [32m  âœ“[0m[90m getText(<various>)[0m
  [32m  âœ“[0m[90m getText(<various>) locateStrategy[0m
  [32m  âœ“[0m[90m waitForElementPresent(<various>)[0m
  [32m  âœ“[0m[90m waitForElementPresent(<string>) failure[0m
  [32m  âœ“[0m[90m waitForElementPresent(<{selector}>) failure[0m
  [32m  âœ“[0m[90m waitForElementPresent(<various>) locateStrategy[0m
  [32m  âœ“[0m[90m waitForElementNotPresent(<{selector}>) success[0m
  [32m  âœ“[0m[90m waitForElementNotPresent(<{selector}>) failure[0m[31m (130ms)[0m

[0m  element base commands[0m
  [32m  âœ“[0m[90m client.element()[0m
  [32m  âœ“[0m[90m client.element() W3C Webdriver prototcol[0m
  [32m  âœ“[0m[90m client.element() with xpath[0m
  [32m  âœ“[0m[90m client.element() NOT FOUND with W3C Webdriver prototcol[0m
  [32m  âœ“[0m[90m client.elements()[0m
  [32m  âœ“[0m[90m client.elements() W3C Webdriver prototcol[0m
  [32m  âœ“[0m[90m client.elements() with xpath[0m
  [32m  âœ“[0m[90m client.elementIdElement()[0m
  [32m  âœ“[0m[90m client.elementIdElement() with selector object[0m
  [32m  âœ“[0m[90m client.elementIdElement() with wrong selector object[0m
  [32m  âœ“[0m[90m client.elementIdElements()[0m
  [32m  âœ“[0m[90m client.elementIdElements() with index[0m
  [32m  âœ“[0m[90m client.elementIdElements() with wrong index[0m
  [32m  âœ“[0m[90m client.elementIdElements() with wrong selector object[0m

[0m  test expect element selectors[0m
  [32m  âœ“[0m[90m passing expect selectors[0m
  [32m  âœ“[0m[90m failing expect selectors - xpath .nock[0m
  [32m  âœ“[0m[90m unknown/invalid expect methods[0m
  [32m  âœ“[0m[90m failing expect selectors - xpath @signUp[0m

[0m  test index in element selectors[0m
  [32m  âœ“[0m[90m calling protocol.elements(using, {selector, index})[0m
  [32m  âœ“[0m[90m calling getText(<various>, {index})[0m[33m (60ms)[0m
  [32m  âœ“[0m[90m calling waitForElementPresent(<various>, {index})[0m
  [32m  âœ“[0m[90m calling waitForElementPresent(<various>, {index}) failure[0m[31m (504ms)[0m
  [32m  âœ“[0m[90m using page elements with index[0m[33m (42ms)[0m
  [32m  âœ“[0m[90m using page section elements with index[0m[31m (92ms)[0m
  [32m  âœ“[0m[90m using expect selectors with index - passing assertions[0m
  [32m  âœ“[0m[90m using expect selectors with index - failing .nock[0m[31m (503ms)[0m
  [32m  âœ“[0m[90m using expect selectors with index - failing @help[0m

[0m  test page object element selectors[0m
  [32m  âœ“[0m[90m page elements[0m
  [32m  âœ“[0m[90m page section elements[0m
  [32m  âœ“[0m[90m page section protocol .elements()[0m
  [32m  âœ“[0m[90m page section protocol .element()[0m
  [32m  âœ“[0m[90m page section protocol .elementIdElements()[0m
  [32m  âœ“[0m[90m page section protocol .elementIdElement()[0m
  [32m  âœ“[0m[90m page section elements - section element not found[0m[33m (41ms)[0m
  [32m  âœ“[0m[90m page object customCommand with selector[0m
  [32m  âœ“[0m[90m page object customCommand with selector called on section[0m
  [32m  âœ“[0m[90m page object customAssertion with selector[0m[31m (109ms)[0m
  [32m  âœ“[0m[90m page object customAssertion with selector called on section[0m
  [32m  âœ“[0m[90m page object customAssertion with indexed element called on section[0m
  [32m  âœ“[0m[90m nested folder page object is loaded properly[0m

[0m  test protocol element selectors[0m
  [32m  âœ“[0m[90m protocol.element(using, {selector})[0m
  [32m  âœ“[0m[90m protocol.element(using, null)[0m
  [32m  âœ“[0m[90m protocol.element(using, {})[0m
  [32m  âœ“[0m[90m protocol.element(using, {selector, locateStrategy})[0m
  [32m  âœ“[0m[90m protocol.element(using, {locateStrategy})[0m
  [32m  âœ“[0m[90m protocol.element(using, {locateStrategy=invalid})[0m
  [32m  âœ“[0m[90m protocol.elements(using, {selector})[0m
  [32m  âœ“[0m[90m protocol.elements(using, null)[0m
  [32m  âœ“[0m[90m protocol.elements(using, {})[0m
  [32m  âœ“[0m[90m protocol.elements(using, {selector, locateStrategy})[0m
  [32m  âœ“[0m[90m protocol.elements(using, {locateStrategy})[0m
  [32m  âœ“[0m[90m protocol.elements(using, {locateStrategy=invalid})[0m

[0m  Transport.create()[0m
  [32m  âœ“[0m[90m test create Transport for Selenium3 external with Firefox[0m
  [32m  âœ“[0m[90m test create Transport for Selenium3 external with Firefox - seleniumHost property[0m
  [32m  âœ“[0m[90m test create Transport for Webdriver external - host property[0m
  [32m  âœ“[0m[90m test create Transport for Selenium3 external with Chrome[0m
  [32m  âœ“[0m[90m test create Transport for Selenium3 managed[0m
  [32m  âœ“[0m[90m test create Transport for Selenium2 managed explicit version2 setting[0m
  [32m  âœ“[0m[90m test create Transport for Firefox managed[0m
  [32m  âœ“[0m[90m test create Transport for Chrome managed[0m
  [32m  âœ“[0m[90m test create Transport for Safari managed[0m
  [32m  âœ“[0m[90m test create Transport for Safari remote[0m
  [32m  âœ“[0m[90m test create Transport for Chrome managed and no selenium settings[0m
  [32m  âœ“[0m[90m test create Transport for WebDriver managed and no selenium settings[0m
  [32m  âœ“[0m[90m test create Transport for Selenium remote cloud service with Chrome[0m
  [32m  âœ“[0m[90m test create Transport for Selenium remote cloud service with MicrosoftEdge[0m

[0m  test defaultPathPrefix[0m
  [32m  âœ“[0m[90m testDefaultPathPrefix[0m
  [32m  âœ“[0m[90m testSetDefaultPathPrefixOption[0m
  [32m  âœ“[0m[90m test set defaultPathPrefix option when already set[0m
  [32m  âœ“[0m[90m testSetDefaultPathPrefixInvalidOption[0m
  [32m  âœ“[0m[90m testSetDefaultPathPrefixEmptyOption[0m

[0m  test NightwatchIndex[0m
  [32m  âœ“[0m[90m Test initialization[0m
  [32m  âœ“[0m[90m testChromeSessionWithRedirectStatus[0m
  [32m  âœ“[0m[90m test new Chrome session with wrong driver version error message[0m
  [32m  âœ“[0m[90m test createSession on Selenium Grid with Firefox[0m
  [32m  âœ“[0m[90m testSetOptions[0m
  [32m  âœ“[0m[90m testSetWebdriverOptionsDefaults[0m
  [32m  âœ“[0m[90m testSetWebdriverOptions[0m
  [32m  âœ“[0m[90m testSetSeleniumPort[0m
  [32m  âœ“[0m[90m testSetOptionsCredentials[0m
  [32m  âœ“[0m[90m testSetOptionsScreenshots[0m
  [32m  âœ“[0m[90m testSetOptionsScreenshotsOnError[0m
  [32m  âœ“[0m[90m testSetOptionsScreenshotsThrows[0m
  [32m  âœ“[0m[90m testEndSessionOnFail[0m
  [32m  âœ“[0m[90m testSetRequestTimeoutOptions[0m
  [32m  âœ“[0m[90m test session response with status success and no sessionId[0m
  [32m  âœ“[0m[90m test runner API[0m

[0m  test HttpRequest[0m
  [32m  âœ“[0m[90m testSendPostRequest[0m
  [32m  âœ“[0m[90m testSendPostRequestWithCredentials[0m
  [32m  âœ“[0m[90m testSendPostRequestWithProxy[0m
  [32m  âœ“[0m[90m testResponseWithRedirect[0m
  [32m  âœ“[0m[90m testGetRequest[0m
WARNING: loading non-allowed module: ./utils.js
  [32m  âœ“[0m[90m testErrorResponse[0m
WARNING: loading non-allowed module: ./utils.js
  [32m  âœ“[0m[90m testErrorResponseLocalised[0m

[0m  test HttpRequestTimeout[0m
  [32m  âœ“[0m[90m testRequestTimeout[0m[33m (52ms)[0m
  [32m  âœ“[0m[90m testRetryAttempts[0m[33m (53ms)[0m

[0m  Test CLI Runner[0m
  [32m  âœ“[0m[90m should have reasonable defaults for CLI arguments[0m
  [32m  âœ“[0m[90m should override settings with CLI arguments[0m
  [32m  âœ“[0m[90m testSetOutputFolder[0m
  [32m  âœ“[0m[90m testReadSettingsDeprecated[0m
  [32m  âœ“[0m[90m testCustomSettingsFileAndEnvironment[0m
  [32m  âœ“[0m[90m testGetTestSourceSingle[0m
(node:4653) MaxListenersExceededWarning: Possible EventEmitter memory leak detected. 11 exit listeners added. Use emitter.setMaxListeners() to increase limit
  [32m  âœ“[0m[90m testGetTestSourceSingleWithAbsolutePath[0m
  [32m  âœ“[0m[90m testGetTestSourceSingleWithRelativePath[0m
  [32m  âœ“[0m[90m testGetTestSourceGroup[0m
(node:4653) MaxListenersExceededWarning: Possible EventEmitter memory leak detected. 11 uncaughtException listeners added. Use emitter.setMaxListeners() to increase limit
(node:4653) MaxListenersExceededWarning: Possible EventEmitter memory leak detected. 11 unhandledRejection listeners added. Use emitter.setMaxListeners() to increase limit
  [32m  âœ“[0m[90m testGetTestSourceMultipleGroups[0m
  [32m  âœ“[0m[90m testParseTestSettingsInvalid[0m
  [32m  âœ“[0m[90m testParseTestSettingsNull[0m
  [32m  âœ“[0m[90m testParseTestSettingsIncorrect[0m
  [32m  âœ“[0m[90m testReadExternalGlobals[0m
  [32m  âœ“[0m[90m testReadExternalGlobalsError[0m
  [32m  âœ“[0m[90m testStartSeleniumDisabledPerEnvironment[0m
  [32m  âœ“[0m[90m testStartSeleniumEnvironmentOverride[0m

[0m  test CLI Runner Mocha[0m
  [32m  âœ“[0m[90m testRunWithMochaDefaults[0m
  [32m  âœ“[0m[90m testRunWithMochaPerEnvironment[0m
  [32m  âœ“[0m[90m testRunWithMochaCustomOpts[0m

[0m  test Parallel Execution[0m
  [32m  âœ“[0m[90m testParallelExecution[0m[33m (57ms)[0m
  [32m  âœ“[0m[90m test parallel execution with workers defaults[0m[31m (2309ms)[0m
  [32m  âœ“[0m[90m testParallelExecutionSameEnv[0m[33m (41ms)[0m
  [32m  âœ“[0m[90m testParallelExecutionWithWorkersAuto[0m[31m (2308ms)[0m
 [1;31mTest workers are disabled when running multiple test environments in parallel.
[0m
  [32m  âœ“[0m[90m testParallelExecutionWithWorkers and multiple environments[0m
  [32m  âœ“[0m[90m test parallel execution with workers count[0m[31m (878ms)[0m
  [32m  âœ“[0m[90m test parallel execution with workers disabled per environment[0m
  [32m  âœ“[0m[90m test parallel execution with workers and single source file[0m

[0m  test Parallel Execution Exit Code[0m
  [32m  âœ“[0m[90m test parallel execution with code non zero test workers[0m[31m (882ms)[0m
  [32m  âœ“[0m[90m test parallel execution with code non zero envs[0m[33m (43ms)[0m

[0m  test Mocha integration[0m

[0m[0m
[0m  Demo test with Mocha[0m
[0m    for testing purposes[0m
    [32m  âœ“[0m[90m demoTestAsyncOne[0m
    [32m  âœ“[0m[90m demoTestAsyncTwo[0m

[0m  Mocha tests with failures[0m
  [31m  1) demoTest[0m
  [31m  2) demoTest2[0m


[92m [0m[32m 2 passing[0m[90m (539ms)[0m
[31m  2 failing[0m

[0m  1) Mocha tests with failures
       demoTest:
[0m[31m     Error while running "elementPresent" command: Testing if element <#badElement> is present. - expected [0;32m"present"[0m but got: [0;31m"not present"[0m[0m[90m
      at Context.<anonymous> (test/mochatests/sampleWithFailures.js:16:15)
      at Runnable.run (lib/testsuite/runnable.js:123:21)
      at TestSuite.createRunnable (lib/testsuite/testsuite.js:415:33)
[0m
[0m  2) Mocha tests with failures
       demoTest2:
[0m[31m     Error while running "elementPresent" command: Testing if element <#badElement> is present. - expected [0;32m"present"[0m but got: [0;31m"not present"[0m[0m[90m
      at Context.<anonymous> (test/mochatests/sampleWithFailures.js:23:15)
      at Runnable.run (lib/testsuite/runnable.js:123:21)
      at TestSuite.createRunnable (lib/testsuite/testsuite.js:415:33)
[0m


  [32m  âœ“[0m[90m testRunMochaSampleTests[0m[31m (548ms)[0m

[0m  testReporter[0m
  [32m  âœ“[0m[90m test with unknown reporter[0m
  [32m  âœ“[0m[90m test with invalid reporter[0m
  [32m  âœ“[0m[90m test with valid reporter[0m

[0m  testRunTestcase[0m
  [32m  âœ“[0m[90m testRunner with skip_testcases_on_fail=false[0m
  [32m  âœ“[0m[90m testRunner with skip_testcases_on_fail=true (default)[0m[33m (46ms)[0m
  [32m  âœ“[0m[90m testRunner with --testcase argument[0m
  [32m  âœ“[0m[90m testRunner with invalid --testcase argument[0m
  [32m  âœ“[0m[90m testRunCurrentTestName[0m[33m (38ms)[0m
  [32m  âœ“[0m[90m currentTest in afterEach hook[0m[31m (87ms)[0m
  [32m  âœ“[0m[90m testRunner with retries[0m[33m (49ms)[0m
  [32m  âœ“[0m[90m testRunner with retries and skip_testcases_on_fail=false[0m[33m (52ms)[0m

[0m  testRunTestSuite[0m
  [32m  âœ“[0m[90m testRunner with suiteRetries[0m[33m (56ms)[0m
  [32m  âœ“[0m[90m testRunner with suiteRetries and skip_testcases_on_fail=false[0m[33m (62ms)[0m
 [1;36m  Request [1;36mPOST  /wd/hub/session  [0m[0m
   { desiredCapabilities:
      { browserName: [32m'firefox'[39m,
        acceptSslCerts: [33mtrue[39m,
        platform: [32m'ANY'[39m,
        name: [32m'Suite Retries Locate Strategy'[39m } }
 [1;36m  Response 201 POST /wd/hub/session (2ms)[0m
   { status: [33m0[39m,
     sessionId: [32m'1352110219202'[39m,
     value:
      { browserName: [32m'firefox'[39m,
        browserVersion: [32m'TEST'[39m,
        platformVersion: [32m'TEST'[39m },
     state: [1mnull[22m }
 [1;36mReceived session with ID: 1352110219202
[0m
 [1;37m[0;32mâ†’[0m Running [before]:[0m
 [1;37m
 [0;32mâ†’[0m Running command: [1;32murl[0m ('http://localhost')[0m
 [1;36m  Request [1;36mPOST  /wd/hub/session/1352110219202/url  [0m[0m
   { url: [32m'http://localhost'[39m }
 [1;36m  Response 200 POST /wd/hub/session/1352110219202/url (1ms)[0m

 [1;37m[0;32mâ†’[0m Completed command [1;32murl[0m ('http://localhost') (1ms)[0m
 [1;37m[0;32mâ†’[0m Completed [before].[0m
 [1;37m[0;32mâ†’[0m Running [beforeEach]:[0m
 [1;37m[0;32mâ†’[0m Completed [beforeEach].[0m
 [1;37m
 [0;32mâ†’[0m Running command: [1;32massert.elementPresent[0m ('#weblogin')[0m
 [1;37m
 [0;32mâ†’[0m Running command: [1;32melements[0m ('css selector', {name, __index, __selector, locateStrategy, pseudoSelector, parent, resolvedElement}, [Function])[0m
 [1;36m  Request [1;36mPOST  /wd/hub/session/1352110219202/elements  [0m[0m
   { using: [32m'css selector'[39m, value: [32m'#weblogin'[39m }
 [1;36m  Response 200 POST /wd/hub/session/1352110219202/elements (2ms)[0m
   { sessionId: [32m'1352110219202'[39m,
     status: [33m0[39m,
     value: [ { ELEMENT: [32m'0'[39m } ] }
[0;32mâœ”[0m Testing if element <#weblogin> is present  - 3 ms.
 [1;37m[0;32mâ†’[0m Completed command [1;32melements[0m ('css selector', {name, __index, __selector, locateStrategy, pseudoSelector, parent, resolvedElement}, [Function]) (2ms)[0m
 [1;37m[0;32mâ†’[0m Completed command [1;32massert.elementPresent[0m ('#weblogin') (4ms)[0m
 [1;37m
 [0;32mâ†’[0m Running command: [1;32melements[0m ('css selector', '#weblogin', [Function])[0m
 [1;36m  Request [1;36mPOST  /wd/hub/session/1352110219202/elements  [0m[0m
   { using: [32m'css selector'[39m, value: [32m'#weblogin'[39m }
 [1;36m  Response 200 POST /wd/hub/session/1352110219202/elements (1ms)[0m
   { sessionId: [32m'1352110219202'[39m,
     status: [33m0[39m,
     value: [ { ELEMENT: [32m'0'[39m } ] }
 [1;37m[0;32mâ†’[0m Completed command [1;32melements[0m ('css selector', '#weblogin', [Function]) (2ms)[0m
 [1;37m
 [0;32mâ†’[0m Running command: [1;32museXpath[0m ()[0m
 [1;37m[0;32mâ†’[0m Completed command [1;32museXpath[0m () (0ms)[0m
 [1;37m
 [0;32mâ†’[0m Running command: [1;32mperform[0m ([Function])[0m
 [1;37m[0;32mâ†’[0m Completed command [1;32mperform[0m ([Function]) (13ms)[0m
 [1;37m
 [0;32mâ†’[0m Running command: [1;32massert.ok[0m ()[0m
[0;32mâœ–[0m Failed [ok]: (The expression evaluated to a falsy value:

  assertModule[propName].apply(null, this.args)
) - expected [0;32m"true"[0m but got: [0;31m"false"[0m
[0;90m
  assertModule[propName].apply(null, this.args)

    at StaticAssert.assert (/home/travis/build/nightwatchjs/nightwatch/lib/api-loader/api.js:232:34)
    at ApiLoader.assertFn (/home/travis/build/nightwatchjs/nightwatch/lib/api-loader/api.js:247:17)
    at Object.<anonymous> (/home/travis/build/nightwatchjs/nightwatch/test/sampletests/suiteretries/locate-strategy/suiteRetriesLocateStrategy.js:23:25)
    at CommandInstance.runCallback (/home/travis/build/nightwatchjs/nightwatch/lib/api/client-commands/perform.js:96:17)
    at CommandInstance.command (/home/travis/build/nightwatchjs/nightwatch/lib/api/client-commands/perform.js:60:29)
    at result.resolveElementSelector.then.elementResult (/home/travis/build/nightwatchjs/nightwatch/lib/api-loader/command.js:105:29)
    at process._tickCallback (internal/process/next_tick.js:68:7)[0m 

 [1;37m[0;32mâ†’[0m Completed command [1;32massert.ok[0m () (1ms)[0m
 [1;37m[0;32mâ†’[0m Running [afterEach]:[0m
 [1;37m[0;32mâ†’[0m Completed [afterEach].[0m

[0;31mFAILED:[0m [0;31m1[0m assertions failed and  [0;32m1[0m passed (22ms)
 [1;37m[0;32mâ†’[0m Running [after]:[0m
 [1;37m
 [0;32mâ†’[0m Running command: [1;32mend[0m ()[0m
 [1;37m
 [0;32mâ†’[0m Running command: [1;32msession[0m ('delete', [Function])[0m
 [1;36m  Request [1;36mDELETE  /wd/hub/session/1352110219202  [0m[0m
 [1;36m  Response 200 DELETE /wd/hub/session/1352110219202 (1ms)[0m
   { status: [33m0[39m, state: [32m'success'[39m }
 [1;37m[0;32mâ†’[0m Completed command [1;32mend[0m () (2ms)[0m
 [1;37m[0;32mâ†’[0m Completed command [1;32msession[0m ('delete', [Function]) (1ms)[0m
 [1;37m[0;32mâ†’[0m Completed [after].[0m
 [1;36m  Request [1;36mPOST  /wd/hub/session  [0m[0m
   { desiredCapabilities:
      { browserName: [32m'firefox'[39m,
        acceptSslCerts: [33mtrue[39m,
        platform: [32m'ANY'[39m,
        name: [32m'Suite Retries Locate Strategy'[39m } }
 [1;36m  Response 201 POST /wd/hub/session (2ms)[0m
   { status: [33m0[39m,
     sessionId: [32m'1352110219202'[39m,
     value:
      { browserName: [32m'firefox'[39m,
        browserVersion: [32m'TEST'[39m,
        platformVersion: [32m'TEST'[39m },
     state: [1mnull[22m }
 [1;36mReceived session with ID: 1352110219202
[0m
 [1;37m[0;32mâ†’[0m Running [before]:[0m
 [1;37m
 [0;32mâ†’[0m Running command: [1;32murl[0m ('http://localhost')[0m
 [1;36m  Request [1;36mPOST  /wd/hub/session/1352110219202/url  [0m[0m
   { url: [32m'http://localhost'[39m }
 [1;36m  Response 200 POST /wd/hub/session/1352110219202/url (2ms)[0m

 [1;37m[0;32mâ†’[0m Completed command [1;32murl[0m ('http://localhost') (2ms)[0m
 [1;37m[0;32mâ†’[0m Completed [before].[0m
 [1;37m[0;32mâ†’[0m Running [beforeEach]:[0m
 [1;37m[0;32mâ†’[0m Completed [beforeEach].[0m
 [1;37m
 [0;32mâ†’[0m Running command: [1;32massert.elementPresent[0m ('#weblogin')[0m
 [1;37m
 [0;32mâ†’[0m Running command: [1;32melements[0m ('css selector', {name, __index, __selector, locateStrategy, pseudoSelector, parent, resolvedElement}, [Function])[0m
 [1;36m  Request [1;36mPOST  /wd/hub/session/1352110219202/elements  [0m[0m
   { using: [32m'css selector'[39m, value: [32m'#weblogin'[39m }
 [1;36m  Response 200 POST /wd/hub/session/1352110219202/elements (1ms)[0m
   { sessionId: [32m'1352110219202'[39m,
     status: [33m0[39m,
     value: [ { ELEMENT: [32m'0'[39m } ] }
[0;32mâœ”[0m Testing if element <#weblogin> is present  - 3 ms.
 [1;37m[0;32mâ†’[0m Completed command [1;32melements[0m ('css selector', {name, __index, __selector, locateStrategy, pseudoSelector, parent, resolvedElement}, [Function]) (2ms)[0m
 [1;37m[0;32mâ†’[0m Completed command [1;32massert.elementPresent[0m ('#weblogin') (4ms)[0m
 [1;37m
 [0;32mâ†’[0m Running command: [1;32melements[0m ('css selector', '#weblogin', [Function])[0m
 [1;36m  Request [1;36mPOST  /wd/hub/session/1352110219202/elements  [0m[0m
   { using: [32m'css selector'[39m, value: [32m'#weblogin'[39m }
 [1;36m  Response 200 POST /wd/hub/session/1352110219202/elements (1ms)[0m
   { sessionId: [32m'1352110219202'[39m,
     status: [33m0[39m,
     value: [ { ELEMENT: [32m'0'[39m } ] }
 [1;37m[0;32mâ†’[0m Completed command [1;32melements[0m ('css selector', '#weblogin', [Function]) (1ms)[0m
 [1;37m
 [0;32mâ†’[0m Running command: [1;32mperform[0m ([Function])[0m
 [1;37m[0;32mâ†’[0m Completed command [1;32mperform[0m ([Function]) (0ms)[0m
 [1;37m[0;32mâ†’[0m Running [afterEach]:[0m
 [1;37m[0;32mâ†’[0m Completed [afterEach].[0m

[0;32mOK.[0m [0;32m1[0m assertions passed. (8ms)
 [1;37m[0;32mâ†’[0m Running [after]:[0m
 [1;37m
 [0;32mâ†’[0m Running command: [1;32mend[0m ()[0m
 [1;37m
 [0;32mâ†’[0m Running command: [1;32msession[0m ('delete', [Function])[0m
 [1;36m  Request [1;36mDELETE  /wd/hub/session/1352110219202  [0m[0m
 [1;36m  Response 200 DELETE /wd/hub/session/1352110219202 (1ms)[0m
   { status: [33m0[39m, state: [32m'success'[39m }
 [1;37m[0;32mâ†’[0m Completed command [1;32mend[0m () (2ms)[0m
 [1;37m[0;32mâ†’[0m Completed command [1;32msession[0m ('delete', [Function]) (1ms)[0m
 [1;37m[0;32mâ†’[0m Completed [after].[0m
  [32m  âœ“[0m[90m testRunner with suiteRetries and locate strategy change[0m[31m (80ms)[0m
  [32m  âœ“[0m[90m test clear command queue when run with suiteRetries[0m[33m (48ms)[0m
  [32m  âœ“[0m[90m testRunModuleSyncName[0m[33m (44ms)[0m
  [32m  âœ“[0m[90m test run multiple sources and same module name[0m[33m (69ms)[0m
  [32m  âœ“[0m[90m testRunMultipleSrcFolders[0m[33m (38ms)[0m

[0m  testRunWithCustomCommands[0m
  [32m  âœ“[0m[90m testRunner with custom command which has failures[0m[31m (550ms)[0m

[0;36m[Sample With Async Commands] Test Suite[0m
[0;35m=======================================[0m
 [1;36m  Request [1;36mPOST  /wd/hub/session  [0m[0m
   { desiredCapabilities:
      { browserName: [32m'firefox'[39m,
        acceptSslCerts: [33mtrue[39m,
        platform: [32m'ANY'[39m,
        name: [32m'Sample With Async Commands'[39m } }
 [1;36m  Response 201 POST /wd/hub/session (2ms)[0m
   { status: [33m0[39m,
     sessionId: [32m'1352110219202'[39m,
     value:
      { browserName: [32m'firefox'[39m,
        browserVersion: [32m'TEST'[39m,
        platformVersion: [32m'TEST'[39m },
     state: [1mnull[22m }
 [1;36mReceived session with ID: 1352110219202
[0m
 [1;37m[0;32mâ†’[0m Running [before]:[0m
 [1;37m[0;32mâ†’[0m Completed [before].[0m
Running:  [0;32mdemoTest[0m

 [1;37m[0;32mâ†’[0m Running [beforeEach]:[0m
 [1;37m[0;32mâ†’[0m Completed [beforeEach].[0m
 [1;37m
 [0;32mâ†’[0m Running command: [1;32murl[0m ('http://localhost')[0m
 [1;36m  Request [1;36mPOST  /wd/hub/session/1352110219202/url  [0m[0m
   { url: [32m'http://localhost'[39m }
 [1;36m  Response 200 POST /wd/hub/session/1352110219202/url (1ms)[0m

 [1;37m[0;32mâ†’[0m Completed command [1;32murl[0m ('http://localhost') (2ms)[0m
 [1;37m
 [0;32mâ†’[0m Running command: [1;32mbasicPerform[0m ([Function])[0m
 [1;37m
 [0;32mâ†’[0m Running command: [1;32mpause[0m (10)[0m
 [1;37m[0;32mâ†’[0m Completed command [1;32mpause[0m (10) (11ms)[0m
 [1;37m
 [0;32mâ†’[0m Running command: [1;32mperform[0m ([Function])[0m
 [1;37m[0;32mâ†’[0m Completed command [1;32mperform[0m ([Function]) (1ms)[0m
 [1;37m[0;32mâ†’[0m Completed command [1;32mbasicPerform[0m ([Function]) (14ms)[0m
 [1;37m
 [0;32mâ†’[0m Running command: [1;32mcustomPerform[0m ([Function])[0m
 [1;37m
 [0;32mâ†’[0m Running command: [1;32mpause[0m (10)[0m
 [1;37m[0;32mâ†’[0m Completed command [1;32mpause[0m (10) (10ms)[0m
 [1;37m
 [0;32mâ†’[0m Running command: [1;32mperform[0m ([Function])[0m
 [1;37m[0;32mâ†’[0m Completed command [1;32mperform[0m ([Function]) (1ms)[0m
 [1;37m[0;32mâ†’[0m Completed command [1;32mcustomPerform[0m ([Function]) (13ms)[0m
 [1;37m
 [0;32mâ†’[0m Running command: [1;32mcustomPerformClass[0m ([Function])[0m
 [1;37m
 [0;32mâ†’[0m Running command: [1;32mpause[0m (10)[0m
 [1;37m[0;32mâ†’[0m Completed command [1;32mpause[0m (10) (10ms)[0m
 [1;37m
 [0;32mâ†’[0m Running command: [1;32mgetLog[0m ('browser')[0m
 [1;37m
 [0;32mâ†’[0m Running command: [1;32msessionLog[0m ('browser', [Function])[0m
 [1;36m  Request [1;36mPOST  /wd/hub/session/1352110219202/log  [0m[0m
   { type: [32m'browser'[39m }
 [1;36m  Response 200 POST /wd/hub/session/1352110219202/log (2ms)[0m
   { sessionId: [32m'1352110219202'[39m,
     status: [33m0[39m,
     value:
      [ { level: [32m'info'[39m, timestamp: [33m534547832[39m, message: [32m'Test log'[39m },
        { level: [32m'info'[39m, timestamp: [33m534547442[39m, message: [32m'Test log2'[39m } ] }
 [1;37m[0;32mâ†’[0m Completed command [1;32msessionLog[0m ('browser', [Function]) (2ms)[0m
 [1;37m[0;32mâ†’[0m Completed command [1;32mgetLog[0m ('browser') (4ms)[0m
 [1;37m
 [0;32mâ†’[0m Running command: [1;32mperform[0m ([Function])[0m
 [1;37m[0;32mâ†’[0m Completed command [1;32mperform[0m ([Function]) (0ms)[0m
 [1;37m[0;32mâ†’[0m Completed command [1;32mcustomPerformClass[0m ([Function]) (18ms)[0m
 [1;37m
 [0;32mâ†’[0m Running command: [1;32mcustomPerformClass[0m ()[0m
 [1;37m
 [0;32mâ†’[0m Running command: [1;32mpause[0m (10)[0m
 [1;37m[0;32mâ†’[0m Completed command [1;32mpause[0m (10) (10ms)[0m
 [1;37m
 [0;32mâ†’[0m Running command: [1;32mgetLog[0m ('browser')[0m
 [1;37m
 [0;32mâ†’[0m Running command: [1;32msessionLog[0m ('browser', [Function])[0m
 [1;36m  Request [1;36mPOST  /wd/hub/session/1352110219202/log  [0m[0m
   { type: [32m'browser'[39m }
 [1;36m  Response 200 POST /wd/hub/session/1352110219202/log (2ms)[0m
   { sessionId: [32m'1352110219202'[39m,
     status: [33m0[39m,
     value:
      [ { level: [32m'info'[39m, timestamp: [33m534547832[39m, message: [32m'Test log'[39m },
        { level: [32m'info'[39m, timestamp: [33m534547442[39m, message: [32m'Test log2'[39m } ] }
 [1;37m[0;32mâ†’[0m Completed command [1;32msessionLog[0m ('browser', [Function]) (2ms)[0m
 [1;37m[0;32mâ†’[0m Completed command [1;32mgetLog[0m ('browser') (4ms)[0m
 [1;37m
 [0;32mâ†’[0m Running command: [1;32mperform[0m ()[0m
 [1;37m[0;32mâ†’[0m Completed command [1;32mperform[0m () (1ms)[0m
 [1;37m[0;32mâ†’[0m Completed command [1;32mcustomPerformClass[0m () (17ms)[0m
 [1;37m
 [0;32mâ†’[0m Running command: [1;32mbasicPerformWithError[0m ([Function])[0m
 [1;32munhandledRejection:[0m
 [1;31m[0;31m  TypeError: this.pause(...).perform is not a function
   - writing an ES6 async test case? - keep in mind that commands return a Promise; 
   - writing unit tests? - make sure to specify "unit_tests_mode=true" in your config.[0m
[0;90m       at Object.command (/home/travis/build/nightwatchjs/nightwatch/test/extra/commands/es6async/basicPerformWithError.js:3:20)
       at Immediate.setImmediate (/home/travis/build/nightwatchjs/nightwatch/lib/api-loader/command.js:27:33)[0m[0m
 [1;36mAttempting to close session 1352110219202...[0m
 [1;37m
 [0;32mâ†’[0m Running command: [1;32mend[0m ([Function])[0m
[1;31m_________________________________________________[0m

[1;31mTEST FAILURE:[0m [0;31m1[0m error during execution [0;31m0[0m tests failed, [0;32m0[0m passed. 92ms

[0;31m  TypeError: this.pause(...).perform is not a function
   - writing an ES6 async test case? - keep in mind that commands return a Promise; 
   - writing unit tests? - make sure to specify "unit_tests_mode=true" in your config.[0m
[0;90m       at Object.command (/home/travis/build/nightwatchjs/nightwatch/test/extra/commands/es6async/basicPerformWithError.js:3:20)
       at Immediate.setImmediate (/home/travis/build/nightwatchjs/nightwatch/lib/api-loader/command.js:27:33)[0m


 [1;37m[0;32mâ†’[0m Running [afterEach]:[0m
 [1;37m[0;32mâ†’[0m Completed [afterEach].[0m

[0;31mFAILED:[0m [0;31m1[0m errors (69ms)
 [1;31m[0;31m  TypeError: this.pause(...).perform is not a function
   - writing an ES6 async test case? - keep in mind that commands return a Promise; 
   - writing unit tests? - make sure to specify "unit_tests_mode=true" in your config.[0m
[0;90m       at Object.command (/home/travis/build/nightwatchjs/nightwatch/test/extra/commands/es6async/basicPerformWithError.js:3:20)
       at Immediate.setImmediate (/home/travis/build/nightwatchjs/nightwatch/lib/api-loader/command.js:27:33)[0m[0m
 [1;37m[0;32mâ†’[0m Running [after]:[0m
 [1;37m[0;32mâ†’[0m Completed [after].[0m
 [1;37m
 [0;32mâ†’[0m Running command: [1;32mend[0m ([Function])[0m
 [1;37m
 [0;32mâ†’[0m Running command: [1;32msession[0m ('delete', [Function])[0m
 [1;36m  Request [1;36mDELETE  /wd/hub/session/1352110219202  [0m[0m
 [1;36m  Response 200 DELETE /wd/hub/session/1352110219202 (1ms)[0m
   { status: [33m0[39m, state: [32m'success'[39m }
 [1;37m[0;32mâ†’[0m Completed command [1;32mend[0m ([Function]) (2ms)[0m
 [1;37m[0;32mâ†’[0m Completed command [1;32msession[0m ('delete', [Function]) (2ms)[0m
  [32m  âœ“[0m[90m testRunner with ES6 Async custom commands[0m[31m (117ms)[0m

[0m  testRunWithExclude[0m
  [32m  âœ“[0m[90m testRunWithExcludeFolder[0m
  [32m  âœ“[0m[90m testRun with exclude folder name and multiple src_folders[0m[33m (41ms)[0m
  [32m  âœ“[0m[90m testRun with exclude folder pattern and multiple src_folders[0m
  [32m  âœ“[0m[90m testRun with filter folder name and multiple src_folders[0m
  [32m  âœ“[0m[90m testRun with filter pattern and multiple src_folders[0m
  [32m  âœ“[0m[90m testRun with filter pattern relative and single src_folders[0m
  [32m  âœ“[0m[90m testRun with both filter and exclude patterns and single src_folder[0m
  [32m  âœ“[0m[90m testRunWithExcludePattern[0m
  [32m  âœ“[0m[90m testRunWithExcludeFile[0m
(node:4653) MaxListenersExceededWarning: Possible EventEmitter memory leak detected. 11 exit listeners added. Use emitter.setMaxListeners() to increase limit
(node:4653) MaxListenersExceededWarning: Possible EventEmitter memory leak detected. 11 uncaughtException listeners added. Use emitter.setMaxListeners() to increase limit
(node:4653) MaxListenersExceededWarning: Possible EventEmitter memory leak detected. 11 unhandledRejection listeners added. Use emitter.setMaxListeners() to increase limit
  [32m  âœ“[0m[90m test running with multiple excludes will exclude all matches with single src folder[0m
  [32m  âœ“[0m[90m test running with multiple excludes will exclude all matches with multiple src folders[0m

[0m  testRunWithGlobalHooks[0m
  [32m  âœ“[0m[90m testRunner with globalBefore and after[0m[31m (115ms)[0m
  [32m  âœ“[0m[90m testRunner with global async beforeEach and afterEach[0m[31m (237ms)[0m
  [32m  âœ“[0m[90m testRunner with global async beforeEach and afterEach with api argument[0m[31m (297ms)[0m
  [32m  âœ“[0m[90m test run with global async beforeEach and assert failure[0m[31m (127ms)[0m
  [32m  âœ“[0m[90m test run with global async beforeEach and exception[0m[31m (135ms)[0m
  [32m  âœ“[0m[90m test run with global async beforeEach and done(err);[0m[31m (113ms)[0m
  [32m  âœ“[0m[90m test currentTest in global beforeEach/afterEach[0m[31m (1056ms)[0m

[0m  testRunWithGlobalReporter[0m
  [32m  âœ“[0m[90m testRunWithGlobalReporter[0m[31m (124ms)[0m
  [32m  âœ“[0m[90m testRunner with global async reporter[0m[31m (133ms)[0m
  [32m  âœ“[0m[90m testRunner with global async reporter and timeout error[0m[31m (137ms)[0m

[0m  testRunWithHooks[0m
  [32m  âœ“[0m[90m testRunner with before hook and explicit callback error[0m[33m (41ms)[0m
  [32m  âœ“[0m[90m testRunner with beforeAsync hook and explicit callback error[0m[33m (42ms)[0m
  [32m  âœ“[0m[90m testRunner with beforeWithClient hook and explicit callback error[0m
  [32m  âœ“[0m[90m testRunner with beforeEach hook and explicit callback error[0m[33m (40ms)[0m
  [32m  âœ“[0m[90m testRunner with beforeEachAsync hook and explicit callback error[0m[33m (40ms)[0m
  [32m  âœ“[0m[90m testRunner with beforeEachWithClient hook and explicit callback error[0m
  [32m  âœ“[0m[90m testRunner with beforeEachAsyncWithClient hook and explicit callback error[0m[33m (47ms)[0m
  [32m  âœ“[0m[90m testRunner with beforeEachAsyncWithClientMultiple hook and explicit callback error[0m[33m (40ms)[0m
  [32m  âœ“[0m[90m testRunner with afterEach hook and explicit callback error[0m[33m (41ms)[0m
  [32m  âœ“[0m[90m testRunner with afterEachAsync hook and explicit callback error[0m[33m (43ms)[0m
  [32m  âœ“[0m[90m testRunner with afterEachWithClient hook and explicit callback error[0m
  [32m  âœ“[0m[90m testRunner with after hook and explicit callback error[0m[33m (39ms)[0m
  [32m  âœ“[0m[90m testRunner with afterAsync hook and explicit callback error[0m[33m (42ms)[0m
  [32m  âœ“[0m[90m testRunner with afterWithClient hook and explicit callback error[0m
  [32m  âœ“[0m[90m test run with async before and after[0m[33m (60ms)[0m
  [32m  âœ“[0m[90m test run with async afterEach[0m[33m (42ms)[0m
  [32m  âœ“[0m[90m testRunner async with before and after[0m[31m (142ms)[0m
  [32m  âœ“[0m[90m testRunner before and after without callback[0m
  [32m  âœ“[0m[90m testRunner with --testcase and before and after[0m
  [32m  âœ“[0m[90m testRunWithAsyncHooks[0m[31m (119ms)[0m
  [32m  âœ“[0m[90m test async afterEach hook timeout error[0m[33m (45ms)[0m

[0m  testRunWithMultipleSources[0m
  [32m  âœ“[0m[90m testRunWithMultipleSourceFiles[0m[33m (66ms)[0m
  [32m  âœ“[0m[90m testRunWithSourceFilesAndFolders[0m[31m (234ms)[0m
  [32m  âœ“[0m[90m testRunner with multiple src_folders value[0m[33m (45ms)[0m
[0;32mâœ”[0m demoSync
[0;32mâœ”[0m demoTestAsync
  [32m  âœ“[0m[90m testRunner with multiple src_folders value - with unit tests error[0m[31m (92ms)[0m

[0m  testRunWithTags[0m
  [32m  âœ“[0m[90m testRunWithTags[0m
  [32m  âœ“[0m[90m testRunWithTagsAndFilterEmpty[0m[33m (64ms)[0m
  [32m  âœ“[0m[90m testRunWithTagsAndFilterNotEmpty[0m[33m (56ms)[0m
  [32m  âœ“[0m[90m testRunWithTagsAndSkipTags[0m[33m (51ms)[0m
  [32m  âœ“[0m[90m testRunner with tags and skip tags no matches[0m

[0m  testRunner[0m
  [32m  âœ“[0m[90m testRunEmptyFolder[0m
  [32m  âœ“[0m[90m testRunEmptySubFolder[0m
  [32m  âœ“[0m[90m testRunNoSrcFoldersArgument[0m
  [32m  âœ“[0m[90m testRunSimple[0m

[0;36m[Sample] Test Suite[0m
[0;35m===================[0m
 [1;36m  Request [1;36mPOST  /wd/hub/session  [0m[0m
   { desiredCapabilities:
      { browserName: [32m'firefox'[39m,
        acceptSslCerts: [33mtrue[39m,
        platform: [32m'ANY'[39m,
        name: [32m'Sample'[39m } }
 [1;36m  Response 201 POST /wd/hub/session (1ms)[0m
   { status: [33m0[39m,
     sessionId: [32m'1352110219202'[39m,
     value:
      { browserName: [32m'firefox'[39m,
        browserVersion: [32m'TEST'[39m,
        platformVersion: [32m'TEST'[39m },
     state: [1mnull[22m }
 [1;36mReceived session with ID: 1352110219202
[0m
 [1;37m[0;32mâ†’[0m Running [before]:[0m
 [1;37m[0;32mâ†’[0m Completed [before].[0m
Running:  [0;32mdemoTest[0m

 [1;37m[0;32mâ†’[0m Running [beforeEach]:[0m
 [1;37m[0;32mâ†’[0m Completed [beforeEach].[0m
 [1;37m
 [0;32mâ†’[0m Running command: [1;32murl[0m ('http://localhost')[0m
 [1;36m  Request [1;36mPOST  /wd/hub/session/1352110219202/url  [0m[0m
   { url: [32m'http://localhost'[39m }
 [1;36m  Response 200 POST /wd/hub/session/1352110219202/url (1ms)[0m

 [1;37m[0;32mâ†’[0m Completed command [1;32murl[0m ('http://localhost') (1ms)[0m
 [1;37m
 [0;32mâ†’[0m Running command: [1;32massert.elementPresent[0m ('#weblogin')[0m
 [1;37m
 [0;32mâ†’[0m Running command: [1;32melements[0m ('css selector', {name, __index, __selector, locateStrategy, pseudoSelector, parent, resolvedElement}, [Function])[0m
 [1;36m  Request [1;36mPOST  /wd/hub/session/1352110219202/elements  [0m[0m
   { using: [32m'css selector'[39m, value: [32m'#weblogin'[39m }
 [1;36m  Response 200 POST /wd/hub/session/1352110219202/elements (2ms)[0m
   { sessionId: [32m'1352110219202'[39m,
     status: [33m0[39m,
     value: [ { ELEMENT: [32m'0'[39m } ] }
[0;32mâœ”[0m Testing if element <#weblogin> is present  - 3 ms.
 [1;37m[0;32mâ†’[0m Completed command [1;32melements[0m ('css selector', {name, __index, __selector, locateStrategy, pseudoSelector, parent, resolvedElement}, [Function]) (2ms)[0m
 [1;37m[0;32mâ†’[0m Completed command [1;32massert.elementPresent[0m ('#weblogin') (5ms)[0m
 [1;37m
 [0;32mâ†’[0m Running command: [1;32massert.elementPresent[0m ('#badElement')[0m
 [1;37m
 [0;32mâ†’[0m Running command: [1;32melements[0m ('css selector', {name, __index, __selector, locateStrategy, pseudoSelector, parent, resolvedElement}, [Function])[0m
 [1;36m  Request [1;36mPOST  /wd/hub/session/1352110219202/elements  [0m[0m
   { using: [32m'css selector'[39m, value: [32m'#badElement'[39m }
 [1;36m  Response 200 POST /wd/hub/session/1352110219202/elements (2ms)[0m
   { sessionId: [32m'1352110219202'[39m, status: [33m0[39m, value: [] }
 [1;37m[0;32mâ†’[0m Completed command [1;32melements[0m ('css selector', {name, __index, __selector, locateStrategy, pseudoSelector, parent, resolvedElement}, [Function]) (2ms)[0m
 [1;37m
 [0;32mâ†’[0m Running command: [1;32melements[0m ('css selector', {name, __index, __selector, locateStrategy, pseudoSelector, parent, resolvedElement}, [Function])[0m
 [1;36m  Request [1;36mPOST  /wd/hub/session/1352110219202/elements  [0m[0m
   { using: [32m'css selector'[39m, value: [32m'#badElement'[39m }
 [1;36m  Response 200 POST /wd/hub/session/1352110219202/elements (2ms)[0m
   { sessionId: [32m'1352110219202'[39m, status: [33m0[39m, value: [] }
 [1;37m[0;32mâ†’[0m Completed command [1;32melements[0m ('css selector', {name, __index, __selector, locateStrategy, pseudoSelector, parent, resolvedElement}, [Function]) (2ms)[0m
 [1;37m
 [0;32mâ†’[0m Running command: [1;32melements[0m ('css selector', {name, __index, __selector, locateStrategy, pseudoSelector, parent, resolvedElement}, [Function])[0m
 [1;36m  Request [1;36mPOST  /wd/hub/session/1352110219202/elements  [0m[0m
   { using: [32m'css selector'[39m, value: [32m'#badElement'[39m }
 [1;36m  Response 200 POST /wd/hub/session/1352110219202/elements (2ms)[0m
   { sessionId: [32m'1352110219202'[39m, status: [33m0[39m, value: [] }
[0;32mâœ–[0m Testing if element <#badElement> is present in 50 ms. - expected [0;32m"present"[0m but got: [0;31m"not present"[0m
[0;90m    at Object.demoTest (/home/travis/build/nightwatchjs/nightwatch/test/sampletests/withfailures/sample.js:15:15)
    at Context.call (/home/travis/build/nightwatchjs/nightwatch/lib/testsuite/context.js:213:32)
    at TestCase.run (/home/travis/build/nightwatchjs/nightwatch/lib/testsuite/testcase.js:49:31)
    at Runnable.handleRunnable [as __runFn] (/home/travis/build/nightwatchjs/nightwatch/lib/testsuite/testsuite.js:349:32)
    at Runnable.run (/home/travis/build/nightwatchjs/nightwatch/lib/testsuite/runnable.js:123:21)
    at TestSuite.createRunnable (/home/travis/build/nightwatchjs/nightwatch/lib/testsuite/testsuite.js:415:33)
    at TestSuite.handleRunnable (/home/travis/build/nightwatchjs/nightwatch/lib/testsuite/testsuite.js:419:17)
    at createSession.then.then._ (/home/travis/build/nightwatchjs/nightwatch/lib/testsuite/testsuite.js:348:21)
    at process._tickCallback (internal/process/next_tick.js:68:7)[0m 

 [1;37m[0;32mâ†’[0m Completed command [1;32melements[0m ('css selector', {name, __index, __selector, locateStrategy, pseudoSelector, parent, resolvedElement}, [Function]) (3ms)[0m
 [1;37m[0;32mâ†’[0m Completed command [1;32massert.elementPresent[0m ('#badElement') (53ms)[0m
 [1;37m[0;32mâ†’[0m Running [afterEach]:[0m
 [1;37m[0;32mâ†’[0m Completed [afterEach].[0m

[0;31mFAILED:[0m [0;31m1[0m assertions failed and  [0;32m1[0m passed (60ms)
 [1;37m[0;32mâ†’[0m Running [after]:[0m
 [1;37m[0;32mâ†’[0m Completed [after].[0m
 [1;37m
 [0;32mâ†’[0m Running command: [1;32mend[0m ([Function])[0m
 [1;36mFailures in "demoTest". Taking screenshot...[0m
 [1;37m
 [0;32mâ†’[0m Running command: [1;32msaveScreenshot[0m ('/home/travis/build/nightwatchjs/nightwatch/sample/demoTest_FAILED_May-16-2019-210649-GMT+0000-(Coordinated-Universal.png', [Function])[0m
 [1;37m
 [0;32mâ†’[0m Running command: [1;32mscreenshot[0m (false, [Function])[0m
 [1;36m  Request [1;36mGET  /wd/hub/session/1352110219202/screenshot  [0m[0m
 [1;36m  Response 200 GET /wd/hub/session/1352110219202/screenshot (1ms)[0m
   { sessionId: [32m'1352110219202'[39m,
     status: [33m0[39m,
     value: [32m''[39m,
     suppressBase64Data: [33mtrue[39m }
 [1;37m[0;32mâ†’[0m Completed command [1;32mscreenshot[0m (false, [Function]) (3ms)[0m
 [1;37m[0;32mâ†’[0m Completed command [1;32msaveScreenshot[0m ('/home/travis/build/nightwatchjs/nightwatch/sample/demoTest_FAILED_May-16-2019-210649-GMT+0000-(Coordinated-Universal.png', [Function]) (7ms)[0m
 [1;37m
 [0;32mâ†’[0m Running command: [1;32msession[0m ('delete', [Function])[0m
 [1;36m  Request [1;36mDELETE  /wd/hub/session/1352110219202  [0m[0m
 [1;36m  Response 200 DELETE /wd/hub/session/1352110219202 (2ms)[0m
   { status: [33m0[39m, state: [32m'success'[39m }
 [1;37m[0;32mâ†’[0m Completed command [1;32mend[0m ([Function]) (12ms)[0m
 [1;37m[0;32mâ†’[0m Completed command [1;32msession[0m ('delete', [Function]) (2ms)[0m
[1;31m_________________________________________________[0m

[1;31mTEST FAILURE:[0m  [0;31m1[0m assertions failed, [0;32m1[0m passed. 82ms

[0;31m âœ– sample[0m
 â€“ [0;90mdemoTest[0m [1;33m(60ms)[0m
[0;31m   Testing if element <#badElement> is present in 50 ms. - expected [0;32m"present"[0m but got: [0;31m"not present"[0m[0m
[0;90m       at Object.demoTest (/home/travis/build/nightwatchjs/nightwatch/test/sampletests/withfailures/sample.js:15:15)
       at Context.call (/home/travis/build/nightwatchjs/nightwatch/lib/testsuite/context.js:213:32)
       at TestCase.run (/home/travis/build/nightwatchjs/nightwatch/lib/testsuite/testcase.js:49:31)
       at Runnable.handleRunnable [as __runFn] (/home/travis/build/nightwatchjs/nightwatch/lib/testsuite/testsuite.js:349:32)
       at Runnable.run (/home/travis/build/nightwatchjs/nightwatch/lib/testsuite/runnable.js:123:21)
       at TestSuite.createRunnable (/home/travis/build/nightwatchjs/nightwatch/lib/testsuite/testsuite.js:415:33)
       at TestSuite.handleRunnable (/home/travis/build/nightwatchjs/nightwatch/lib/testsuite/testsuite.js:419:17)
       at createSession.then.then._ (/home/travis/build/nightwatchjs/nightwatch/lib/testsuite/testsuite.js:348:21)
       at process._tickCallback (internal/process/next_tick.js:68:7)[0m
[0;36m   SKIPPED:[0m
   - demoTest2

 [1;36mWrote report file to: output/FIREFOX_TEST_TEST_sample.xml.[0m
  [32m  âœ“[0m[90m testRunWithJUnitOutputAndFailures[0m[31m (92ms)[0m
  [32m  âœ“[0m[90m testRunWithJUnitOutput[0m[33m (42ms)[0m

[0m  testRunnerChaiExpect[0m
  [32m  âœ“[0m[90m testRunWithChaiExpect[0m

[0m  testRunner ES6 Async[0m
  [32m  âœ“[0m[90m test Runner with ES6 async/await tests basic sample[0m[31m (106ms)[0m
  [32m  âœ“[0m[90m test Runner with ES6 async/await tests getLog example[0m[33m (42ms)[0m
  [32m  âœ“[0m[90m test Runner with ES6 async commands[0m[33m (45ms)[0m

[0m  testRunnerSessionCreate[0m
  [32m  âœ“[0m[90m testRunner with session create error using webdriver[0m
  [32m  âœ“[0m[90m testRunner with session ECONNREFUSED error using webdriver[0m

[0m  testRunnerUnitTests[0m
[0;32mâœ”[0m demoTestSync
[0;32mâœ”[0m demoTestAsync
[0;32mâœ”[0m demoSync
[0;32mâœ”[0m demoTestAsync
  [32m  âœ“[0m[90m testRunUnitTests[0m[33m (41ms)[0m
[0;32mâœ”[0m demoSync
[0;32mâœ”[0m demoTestAsync
  [32m  âœ“[0m[90m testRunner unit tests with annotation[0m
[0;31mâœ–[0m [0;31mdemoSync[0m
  [32m  âœ“[0m[90m testRunner unit tests with annotation and error thrown[0m
[0;31mâœ–[0m [0;31mdemoTest[0m
  [32m  âœ“[0m[90m test run unit tests with junit output and failures[0m
[0;31mâœ–[0m [0;31mdemoTest[0m
  [32m  âœ“[0m[90m test async unit test with timeout error[0m

[0m  test TagsMatcher[0m
[0m    reading module tags and skiptags from settings[0m
    [32m  âœ“[0m[90m undefined[0m
    [32m  âœ“[0m[90m null[0m
    [32m  âœ“[0m[90m number[0m
    [32m  âœ“[0m[90m number array[0m
    [32m  âœ“[0m[90m empty string[0m
    [32m  âœ“[0m[90m string with one tag[0m
    [32m  âœ“[0m[90m string with multiple tags[0m
    [32m  âœ“[0m[90m empty array[0m
    [32m  âœ“[0m[90m array with one tag[0m
    [32m  âœ“[0m[90m array with multiple tags[0m
[0m    reading filter tags from settings[0m
    [32m  âœ“[0m[90m undefined[0m
    [32m  âœ“[0m[90m null[0m
    [32m  âœ“[0m[90m empty string[0m
    [32m  âœ“[0m[90m empty array[0m
    [32m  âœ“[0m[90m number[0m
    [32m  âœ“[0m[90m number array: --tag 777 --tag 888[0m
    [32m  âœ“[0m[90m string with one tag: --tag a[0m
    [32m  âœ“[0m[90m AND tags: --tag A,b,C,777[0m
    [32m  âœ“[0m[90m OR tags: --tag A --tag b --tag C --tag 777[0m
    [32m  âœ“[0m[90m AND and OR tags: --tag A,b --tag c,D --tag e,777[0m
[0m    matching[0m
    [32m  âœ“[0m[90m matching tags[0m
    [32m  âœ“[0m[90m matching single filter tag[0m
    [32m  âœ“[0m[90m multiple filter tags as AND match[0m
    [32m  âœ“[0m[90m multiple filter tags as AND do not match[0m
    [32m  âœ“[0m[90m non-matching tags[0m
    [32m  âœ“[0m[90m undefined module tags[0m
    [32m  âœ“[0m[90m numeric tags[0m
    [32m  âœ“[0m[90m numeric tags single[0m
    [32m  âœ“[0m[90m skiptag not matching[0m
    [32m  âœ“[0m[90m skiptag matching[0m
    [32m  âœ“[0m[90m skiptag matching - undefined local tags[0m
    [32m  âœ“[0m[90m tag filter does not find module, but skiptag does and excludes it[0m
    [32m  âœ“[0m[90m tag filter does not find module, and skiptag does not and excludes it[0m
    [32m  âœ“[0m[90m tag filter finds module, skiptag also does and excludes it[0m
    [32m  âœ“[0m[90m tag filter finds module, and skiptag does not[0m
[0m    loading and matching[0m
    [32m  âœ“[0m[90m module with tags[0m
    [32m  âœ“[0m[90m module with tags single filter tag[0m
    [32m  âœ“[0m[90m module with tags multiple AND filter tags[0m
    [32m  âœ“[0m[90m loading modules containing an error should not be silent[0m
    [32m  âœ“[0m[90m skiptag test loading module with matching tags[0m
    [32m  âœ“[0m[90m skiptag test loading module with no tags[0m

[0m  test Utils[0m
  [32m  âœ“[0m[90m testFormatElapsedTime[0m
  [32m  âœ“[0m[90m testMakeFnAsync[0m
  [32m  âœ“[0m[90m testCheckFunction[0m
  [32m  âœ“[0m[90m testGetTestSuiteName[0m
  [32m  âœ“[0m[90m testFlattenArrayDeep[0m
  [32m  âœ“[0m[90m testStripControlChars[0m

[0m  Webdriver Manager[0m
[0m    test Selenium Server[0m
    [32m  âœ“[0m[90m testStartSeleniumServerDisabled[0m
    [32m  âœ“[0m[90m testStartWebdriverServerDisabled[0m
    [32m  âœ“[0m[90m testStartServer[0m[31m (105ms)[0m
    [32m  âœ“[0m[90m testStartServerWithExitCode[0m

[0m  Webdriver Manager[0m
[0m    test WebDriver[0m
    [32m  âœ“[0m[90m test start geckodriver with concurrency[0m


[92m [0m[32m 785 passing[0m[90m (28s)[0m

travis_time:end:0934aa6a:start=1558040781178242189,finish=1558040809727310455,duration=28549068266[0K[32;1mThe command "npm test" exited with 0.[0m



Done. Your build exited with 1.
