travis_fold:start:worker_info[0K[33;1mWorker information[0m
hostname: 17c97808-cc3e-4a0d-a211-900318f1882e@1.i-0d469f5-production-2-worker-org-ec2.travisci.net
version: v3.4.0 https://github.com/travis-ci/worker/tree/ce0440bc30c289a49a9b0c21e4e1e6f7d7825101
instance: 96bcd3d travisci/ci-garnet:packer-1512502276-986baf0 (via amqp)
startup: 392.987623ms
travis_fold:end:worker_info[0Kmode of â€˜/usr/local/clang-5.0.0/binâ€™ changed from 0777 (rwxrwxrwx) to 0775 (rwxrwxr-x)
travis_fold:start:system_info[0K[33;1mBuild system information[0m
Build language: python
Build group: stable
Build dist: trusty
Build id: 337768118
Job id: 337768119
Runtime kernel version: 4.14.12-041412-generic
travis-build version: 67d5b3464
[34m[1mBuild image provisioning date and time[0m
Tue Dec  5 20:11:19 UTC 2017
[34m[1mOperating System Details[0m
Distributor ID:	Ubuntu
Description:	Ubuntu 14.04.5 LTS
Release:	14.04
Codename:	trusty
[34m[1mCookbooks Version[0m
7c2c6a6 https://github.com/travis-ci/travis-cookbooks/tree/7c2c6a6
[34m[1mgit version[0m
git version 2.15.1
[34m[1mbash version[0m
GNU bash, version 4.3.11(1)-release (x86_64-pc-linux-gnu)
[34m[1mgcc version[0m
gcc (Ubuntu 4.8.4-2ubuntu1~14.04.3) 4.8.4
Copyright (C) 2013 Free Software Foundation, Inc.
This is free software; see the source for copying conditions.  There is NO
warranty; not even for MERCHANTABILITY or FITNESS FOR A PARTICULAR PURPOSE.

[34m[1mdocker version[0m
Client:
 Version:      17.09.0-ce
 API version:  1.32
 Go version:   go1.8.3
 Git commit:   afdb6d4
 Built:        Tue Sep 26 22:39:28 2017
 OS/Arch:      linux/amd64
[34m[1mclang version[0m
clang version 5.0.0 (tags/RELEASE_500/final)
Target: x86_64-unknown-linux-gnu
Thread model: posix
InstalledDir: /usr/local/clang-5.0.0/bin
[34m[1mjq version[0m
jq-1.5
[34m[1mbats version[0m
Bats 0.4.0
[34m[1mshellcheck version[0m
0.4.6
[34m[1mshfmt version[0m
v2.0.0
[34m[1mccache version[0m
ccache version 3.1.9

Copyright (C) 2002-2007 Andrew Tridgell
Copyright (C) 2009-2011 Joel Rosdahl

This program is free software; you can redistribute it and/or modify it under
the terms of the GNU General Public License as published by the Free Software
Foundation; either version 3 of the License, or (at your option) any later
version.
[34m[1mcmake version[0m
cmake version 3.9.2

CMake suite maintained and supported by Kitware (kitware.com/cmake).
[34m[1mheroku version[0m
heroku-cli/6.14.39-addc925 (linux-x64) node-v9.2.0
[34m[1mimagemagick version[0m
Version: ImageMagick 6.7.7-10 2017-07-31 Q16 http://www.imagemagick.org
[34m[1mmd5deep version[0m
4.2
[34m[1mmercurial version[0m
Mercurial Distributed SCM (version 4.2.2)
(see https://mercurial-scm.org for more information)

Copyright (C) 2005-2017 Matt Mackall and others
This is free software; see the source for copying conditions. There is NO
warranty; not even for MERCHANTABILITY or FITNESS FOR A PARTICULAR PURPOSE.
[34m[1mmysql version[0m
mysql  Ver 14.14 Distrib 5.6.33, for debian-linux-gnu (x86_64) using  EditLine wrapper
[34m[1mopenssl version[0m
OpenSSL 1.0.1f 6 Jan 2014
[34m[1mpacker version[0m
Packer v1.0.2

Your version of Packer is out of date! The latest version
is 1.1.2. You can update by downloading from www.packer.io
[34m[1mpostgresql client version[0m
psql (PostgreSQL) 9.6.6
[34m[1mragel version[0m
Ragel State Machine Compiler version 6.8 Feb 2013
Copyright (c) 2001-2009 by Adrian Thurston
[34m[1msubversion version[0m
svn, version 1.8.8 (r1568071)
   compiled Aug 10 2017, 17:20:39 on x86_64-pc-linux-gnu

Copyright (C) 2013 The Apache Software Foundation.
This software consists of contributions made by many people;
see the NOTICE file for more information.
Subversion is open source software, see http://subversion.apache.org/

The following repository access (RA) modules are available:

* ra_svn : Module for accessing a repository using the svn network protocol.
  - with Cyrus SASL authentication
  - handles 'svn' scheme
* ra_local : Module for accessing a repository on local disk.
  - handles 'file' scheme
* ra_serf : Module for accessing a repository via WebDAV protocol using serf.
  - using serf 1.3.3
  - handles 'http' scheme
  - handles 'https' scheme

[34m[1msudo version[0m
Sudo version 1.8.9p5
Configure options: --prefix=/usr -v --with-all-insults --with-pam --with-fqdn --with-logging=syslog --with-logfac=authpriv --with-env-editor --with-editor=/usr/bin/editor --with-timeout=15 --with-password-timeout=0 --with-passprompt=[sudo] password for %p:  --without-lecture --with-tty-tickets --disable-root-mailer --enable-admin-flag --with-sendmail=/usr/sbin/sendmail --with-timedir=/var/lib/sudo --mandir=/usr/share/man --libexecdir=/usr/lib/sudo --with-sssd --with-sssd-lib=/usr/lib/x86_64-linux-gnu --with-selinux
Sudoers policy plugin version 1.8.9p5
Sudoers file grammar version 43

Sudoers path: /etc/sudoers
Authentication methods: 'pam'
Syslog facility if syslog is being used for logging: authpriv
Syslog priority to use when user authenticates successfully: notice
Syslog priority to use when user authenticates unsuccessfully: alert
Send mail if the user is not in sudoers
Use a separate timestamp for each user/tty combo
Lecture user the first time they run sudo
Root may run sudo
Allow some information gathering to give useful error messages
Require fully-qualified hostnames in the sudoers file
Visudo will honor the EDITOR environment variable
Set the LOGNAME and USER environment variables
Length at which to wrap log file lines (0 for no wrap): 80
Authentication timestamp timeout: 15.0 minutes
Password prompt timeout: 0.0 minutes
Number of tries to enter a password: 3
Umask to use or 0777 to use user's: 022
Path to mail program: /usr/sbin/sendmail
Flags for mail program: -t
Address to send mail to: root
Subject line for mail messages: *** SECURITY information for %h ***
Incorrect password message: Sorry, try again.
Path to authentication timestamp dir: /var/lib/sudo
Default password prompt: [sudo] password for %p: 
Default user to run commands as: root
Value to override user's $PATH with: /usr/local/sbin:/usr/local/bin:/usr/sbin:/usr/bin:/sbin:/bin:/snap/bin
Path to the editor for use by visudo: /usr/bin/editor
When to require a password for 'list' pseudocommand: any
When to require a password for 'verify' pseudocommand: all
File descriptors >= 3 will be closed before executing a command
Environment variables to check for sanity:
	TZ
	TERM
	LINGUAS
	LC_*
	LANGUAGE
	LANG
	COLORTERM
Environment variables to remove:
	RUBYOPT
	RUBYLIB
	PYTHONUSERBASE
	PYTHONINSPECT
	PYTHONPATH
	PYTHONHOME
	TMPPREFIX
	ZDOTDIR
	READNULLCMD
	NULLCMD
	FPATH
	PERL5DB
	PERL5OPT
	PERL5LIB
	PERLLIB
	PERLIO_DEBUG 
	JAVA_TOOL_OPTIONS
	SHELLOPTS
	GLOBIGNORE
	PS4
	BASH_ENV
	ENV
	TERMCAP
	TERMPATH
	TERMINFO_DIRS
	TERMINFO
	_RLD*
	LD_*
	PATH_LOCALE
	NLSPATH
	HOSTALIASES
	RES_OPTIONS
	LOCALDOMAIN
	CDPATH
	IFS
Environment variables to preserve:
	JAVA_HOME
	TRAVIS
	CI
	DEBIAN_FRONTEND
	XAUTHORIZATION
	XAUTHORITY
	PS2
	PS1
	PATH
	LS_COLORS
	KRB5CCNAME
	HOSTNAME
	HOME
	DISPLAY
	COLORS
Locale to use while parsing sudoers: C
Directory in which to store input/output logs: /var/log/sudo-io
File in which to store the input/output log: %{seq}
Add an entry to the utmp/utmpx file when allocating a pty
PAM service name to use
PAM service name to use for login shells
Create a new PAM session for the command to run in
Maximum I/O log sequence number: 0

Local IP address and netmask pairs:
	172.17.0.2/255.255.0.0

Sudoers I/O plugin version 1.8.9p5
[34m[1mgzip version[0m
gzip 1.6
Copyright (C) 2007, 2010, 2011 Free Software Foundation, Inc.
Copyright (C) 1993 Jean-loup Gailly.
This is free software.  You may redistribute copies of it under the terms of
the GNU General Public License <http://www.gnu.org/licenses/gpl.html>.
There is NO WARRANTY, to the extent permitted by law.

Written by Jean-loup Gailly.
[34m[1mzip version[0m
Copyright (c) 1990-2008 Info-ZIP - Type 'zip "-L"' for software license.
This is Zip 3.0 (July 5th 2008), by Info-ZIP.
Currently maintained by E. Gordon.  Please send bug reports to
the authors using the web page at www.info-zip.org; see README for details.

Latest sources and executables are at ftp://ftp.info-zip.org/pub/infozip,
as of above date; see http://www.info-zip.org/ for other sites.

Compiled with gcc 4.8.2 for Unix (Linux ELF) on Oct 21 2013.

Zip special compilation options:
	USE_EF_UT_TIME       (store Universal Time)
	BZIP2_SUPPORT        (bzip2 library version 1.0.6, 6-Sept-2010)
	    bzip2 code and library copyright (c) Julian R Seward
	    (See the bzip2 license for terms of use)
	SYMLINK_SUPPORT      (symbolic links supported)
	LARGE_FILE_SUPPORT   (can read and write large files on file system)
	ZIP64_SUPPORT        (use Zip64 to store large files in archives)
	UNICODE_SUPPORT      (store and read UTF-8 Unicode paths)
	STORE_UNIX_UIDs_GIDs (store UID/GID sizes/values using new extra field)
	UIDGID_NOT_16BIT     (old Unix 16-bit UID/GID extra field not used)
	[encryption, version 2.91 of 05 Jan 2007] (modified for Zip 3)

Encryption notice:
	The encryption code of this program is not copyrighted and is
	put in the public domain.  It was originally written in Europe
	and, to the best of our knowledge, can be freely distributed
	in both source and object forms from any country, including
	the USA under License Exception TSU of the U.S. Export
	Administration Regulations (section 740.13(e)) of 6 June 2002.

Zip environment options:
             ZIP:  [none]
          ZIPOPT:  [none]
[34m[1mvim version[0m
VIM - Vi IMproved 7.4 (2013 Aug 10, compiled Nov 24 2016 16:43:18)
Included patches: 1-52
Extra patches: 8.0.0056
Modified by pkg-vim-maintainers@lists.alioth.debian.org
Compiled by buildd@
Huge version without GUI.  Features included (+) or not (-):
+acl             +farsi           +mouse_netterm   +syntax
+arabic          +file_in_path    +mouse_sgr       +tag_binary
+autocmd         +find_in_path    -mouse_sysmouse  +tag_old_static
-balloon_eval    +float           +mouse_urxvt     -tag_any_white
-browse          +folding         +mouse_xterm     -tcl
++builtin_terms  -footer          +multi_byte      +terminfo
+byte_offset     +fork()          +multi_lang      +termresponse
+cindent         +gettext         -mzscheme        +textobjects
-clientserver    -hangul_input    +netbeans_intg   +title
-clipboard       +iconv           +path_extra      -toolbar
+cmdline_compl   +insert_expand   -perl            +user_commands
+cmdline_hist    +jumplist        +persistent_undo +vertsplit
+cmdline_info    +keymap          +postscript      +virtualedit
+comments        +langmap         +printer         +visual
+conceal         +libcall         +profile         +visualextra
+cryptv          +linebreak       +python          +viminfo
+cscope          +lispindent      -python3         +vreplace
+cursorbind      +listcmds        +quickfix        +wildignore
+cursorshape     +localmap        +reltime         +wildmenu
+dialog_con      -lua             +rightleft       +windows
+diff            +menu            -ruby            +writebackup
+digraphs        +mksession       +scrollbind      -X11
-dnd             +modify_fname    +signs           -xfontset
-ebcdic          +mouse           +smartindent     -xim
+emacs_tags      -mouseshape      -sniff           -xsmp
+eval            +mouse_dec       +startuptime     -xterm_clipboard
+ex_extra        +mouse_gpm       +statusline      -xterm_save
+extra_search    -mouse_jsbterm   -sun_workshop    -xpm
   system vimrc file: "$VIM/vimrc"
     user vimrc file: "$HOME/.vimrc"
 2nd user vimrc file: "~/.vim/vimrc"
      user exrc file: "$HOME/.exrc"
  fall-back for $VIM: "/usr/share/vim"
Compilation: gcc -c -I. -Iproto -DHAVE_CONFIG_H     -g -O2 -fstack-protector --param=ssp-buffer-size=4 -Wformat -Werror=format-security -U_FORTIFY_SOURCE -D_FORTIFY_SOURCE=1      
Linking: gcc   -Wl,-Bsymbolic-functions -Wl,-z,relro -Wl,--as-needed -o vim        -lm -ltinfo -lnsl  -lselinux  -lacl -lattr -lgpm -ldl    -L/usr/lib/python2.7/config-x86_64-linux-gnu -lpython2.7 -lpthread -ldl -lutil -lm -Xlinker -export-dynamic -Wl,-O1 -Wl,-Bsymbolic-functions      
[34m[1miptables version[0m
iptables v1.4.21
[34m[1mcurl version[0m
curl 7.35.0 (x86_64-pc-linux-gnu) libcurl/7.35.0 OpenSSL/1.0.1f zlib/1.2.8 libidn/1.28 librtmp/2.3
[34m[1mwget version[0m
GNU Wget 1.15 built on linux-gnu.
[34m[1mrsync version[0m
rsync  version 3.1.0  protocol version 31
[34m[1mgimme version[0m
v1.2.0
[34m[1mnvm version[0m
0.33.6
[34m[1mperlbrew version[0m
/home/travis/perl5/perlbrew/bin/perlbrew  - App::perlbrew/0.80
[34m[1mphpenv version[0m
rbenv 1.1.1-25-g6aa70b6
[34m[1mrvm version[0m
rvm 1.29.3 (latest) by Michal Papis, Piotr Kuczynski, Wayne E. Seguin [https://rvm.io]
[34m[1mdefault ruby version[0m
ruby 2.4.1p111 (2017-03-22 revision 58053) [x86_64-linux]
[34m[1mCouchDB version[0m
couchdb 1.6.1
[34m[1mElasticSearch version[0m
5.5.0
[34m[1mInstalled Firefox version[0m
firefox 56.0.2
[34m[1mMongoDB version[0m
MongoDB 3.4.10
[34m[1mPhantomJS version[0m
2.1.1
[34m[1mPre-installed PostgreSQL versions[0m
9.2.24
9.3.20
9.4.15
9.5.10
9.6.6
[34m[1mRabbitMQ Version[0m
3.6.14
[34m[1mRedis version[0m
redis-server 4.0.6
[34m[1mriak version[0m
2.2.3
[34m[1mPre-installed Go versions[0m
1.7.4
[34m[1mant version[0m
Apache Ant(TM) version 1.9.3 compiled on April 8 2014
[34m[1mmvn version[0m
Apache Maven 3.5.2 (138edd61fd100ec658bfa2d307c43b76940a5d7d; 2017-10-18T07:58:13Z)
Maven home: /usr/local/maven-3.5.2
Java version: 1.8.0_151, vendor: Oracle Corporation
Java home: /usr/lib/jvm/java-8-oracle/jre
Default locale: en_US, platform encoding: UTF-8
OS name: "linux", version: "4.4.0-101-generic", arch: "amd64", family: "unix"
[34m[1mgradle version[0m

------------------------------------------------------------
Gradle 4.0.1
------------------------------------------------------------

Build time:   2017-07-07 14:02:41 UTC
Revision:     38e5dc0f772daecca1d2681885d3d85414eb6826

Groovy:       2.4.11
Ant:          Apache Ant(TM) version 1.9.6 compiled on June 29 2015
JVM:          1.8.0_151 (Oracle Corporation 25.151-b12)
OS:           Linux 4.4.0-101-generic amd64

[34m[1mlein version[0m
Leiningen 2.8.1 on Java 1.8.0_151 Java HotSpot(TM) 64-Bit Server VM
[34m[1mPre-installed Node.js versions[0m
v4.8.6
v6.12.0
v6.12.1
v8.9
v8.9.1
[34m[1mphpenv versions[0m
  system
  5.6
* 5.6.32 (set by /home/travis/.phpenv/version)
  7.0
  7.0.25
  7.1
  7.1.11
  hhvm
  hhvm-stable
[34m[1mcomposer --version[0m
Composer version 1.5.2 2017-09-11 16:59:25
[34m[1mPre-installed Ruby versions[0m
ruby-2.2.7
ruby-2.3.4
ruby-2.4.1
travis_fold:end:system_info[0K
removed â€˜/etc/apt/sources.list.d/basho_riak.listâ€™
W: http://ppa.launchpad.net/couchdb/stable/ubuntu/dists/trusty/Release.gpg: Signature by key 15866BAFD9BCC4F3C1E0DFC7D69548E1C17EAB57 uses weak digest algorithm (SHA1)
127.0.0.1	localhost
::1	 ip6-localhost ip6-loopback
fe00::0	ip6-localnet
ff00::0	ip6-mcastprefix
ff02::1	ip6-allnodes
ff02::2	ip6-allrouters
172.17.0.3	travis-job-nmgrl-pychron-337768119.travisci.net travis-job-nmgrl-pychron-337768119
travis_fold:start:git.checkout[0Ktravis_time:start:01d565d2[0K$ git clone --depth=50 --branch=develop https://github.com/NMGRL/pychron.git NMGRL/pychron
Cloning into 'NMGRL/pychron'...
remote: Counting objects: 6912, done.[K
remote: Compressing objects:   0% (1/4217)   [Kremote: Compressing objects:   1% (43/4217)   [Kremote: Compressing objects:   2% (85/4217)   [Kremote: Compressing objects:   3% (127/4217)   [Kremote: Compressing objects:   4% (169/4217)   [Kremote: Compressing objects:   5% (211/4217)   [Kremote: Compressing objects:   6% (254/4217)   [Kremote: Compressing objects:   7% (296/4217)   [Kremote: Compressing objects:   8% (338/4217)   [Kremote: Compressing objects:   9% (380/4217)   [Kremote: Compressing objects:  10% (422/4217)   [Kremote: Compressing objects:  11% (464/4217)   [Kremote: Compressing objects:  12% (507/4217)   [Kremote: Compressing objects:  13% (549/4217)   [Kremote: Compressing objects:  14% (591/4217)   [Kremote: Compressing objects:  15% (633/4217)   [Kremote: Compressing objects:  16% (675/4217)   [Kremote: Compressing objects:  17% (717/4217)   [Kremote: Compressing objects:  18% (760/4217)   [Kremote: Compressing objects:  19% (802/4217)   [Kremote: Compressing objects:  20% (844/4217)   [Kremote: Compressing objects:  21% (886/4217)   [Kremote: Compressing objects:  22% (928/4217)   [Kremote: Compressing objects:  23% (970/4217)   [Kremote: Compressing objects:  24% (1013/4217)   [Kremote: Compressing objects:  25% (1055/4217)   [Kremote: Compressing objects:  26% (1097/4217)   [Kremote: Compressing objects:  27% (1139/4217)   [Kremote: Compressing objects:  28% (1181/4217)   [Kremote: Compressing objects:  29% (1223/4217)   [Kremote: Compressing objects:  30% (1266/4217)   [Kremote: Compressing objects:  31% (1308/4217)   [Kremote: Compressing objects:  32% (1350/4217)   [Kremote: Compressing objects:  33% (1392/4217)   [Kremote: Compressing objects:  34% (1434/4217)   [Kremote: Compressing objects:  35% (1476/4217)   [Kremote: Compressing objects:  36% (1519/4217)   [Kremote: Compressing objects:  37% (1561/4217)   [Kremote: Compressing objects:  38% (1603/4217)   [Kremote: Compressing objects:  39% (1645/4217)   [Kremote: Compressing objects:  40% (1687/4217)   [Kremote: Compressing objects:  41% (1729/4217)   [Kremote: Compressing objects:  42% (1772/4217)   [Kremote: Compressing objects:  43% (1814/4217)   [Kremote: Compressing objects:  44% (1856/4217)   [Kremote: Compressing objects:  45% (1898/4217)   [Kremote: Compressing objects:  46% (1940/4217)   [Kremote: Compressing objects:  47% (1982/4217)   [Kremote: Compressing objects:  48% (2025/4217)   [Kremote: Compressing objects:  49% (2067/4217)   [Kremote: Compressing objects:  50% (2109/4217)   [Kremote: Compressing objects:  51% (2151/4217)   [Kremote: Compressing objects:  52% (2193/4217)   [Kremote: Compressing objects:  53% (2236/4217)   [Kremote: Compressing objects:  54% (2278/4217)   [Kremote: Compressing objects:  55% (2320/4217)   [Kremote: Compressing objects:  56% (2362/4217)   [Kremote: Compressing objects:  57% (2404/4217)   [Kremote: Compressing objects:  58% (2446/4217)   [Kremote: Compressing objects:  59% (2489/4217)   [Kremote: Compressing objects:  60% (2531/4217)   [Kremote: Compressing objects:  61% (2573/4217)   [Kremote: Compressing objects:  62% (2615/4217)   [Kremote: Compressing objects:  63% (2657/4217)   [Kremote: Compressing objects:  64% (2699/4217)   [Kremote: Compressing objects:  65% (2742/4217)   [Kremote: Compressing objects:  66% (2784/4217)   [Kremote: Compressing objects:  67% (2826/4217)   [Kremote: Compressing objects:  68% (2868/4217)   [Kremote: Compressing objects:  69% (2910/4217)   [Kremote: Compressing objects:  70% (2952/4217)   [Kremote: Compressing objects:  71% (2995/4217)   [Kremote: Compressing objects:  72% (3037/4217)   [Kremote: Compressing objects:  73% (3079/4217)   [Kremote: Compressing objects:  74% (3121/4217)   [Kremote: Compressing objects:  75% (3163/4217)   [Kremote: Compressing objects:  76% (3205/4217)   [Kremote: Compressing objects:  77% (3248/4217)   [Kremote: Compressing objects:  78% (3290/4217)   [Kremote: Compressing objects:  79% (3332/4217)   [Kremote: Compressing objects:  80% (3374/4217)   [Kremote: Compressing objects:  81% (3416/4217)   [Kremote: Compressing objects:  82% (3458/4217)   [Kremote: Compressing objects:  83% (3501/4217)   [Kremote: Compressing objects:  84% (3543/4217)   [Kremote: Compressing objects:  85% (3585/4217)   [Kremote: Compressing objects:  86% (3627/4217)   [Kremote: Compressing objects:  87% (3669/4217)   [Kremote: Compressing objects:  88% (3711/4217)   [Kremote: Compressing objects:  89% (3754/4217)   [Kremote: Compressing objects:  90% (3796/4217)   [Kremote: Compressing objects:  91% (3838/4217)   [Kremote: Compressing objects:  92% (3880/4217)   [Kremote: Compressing objects:  93% (3922/4217)   [Kremote: Compressing objects:  94% (3964/4217)   [Kremote: Compressing objects:  95% (4007/4217)   [Kremote: Compressing objects:  96% (4049/4217)   [Kremote: Compressing objects:  97% (4091/4217)   [Kremote: Compressing objects:  98% (4133/4217)   [Kremote: Compressing objects:  99% (4175/4217)   [Kremote: Compressing objects: 100% (4217/4217)   [Kremote: Compressing objects: 100% (4217/4217), done.[K
Receiving objects:   0% (1/6912)   Receiving objects:   1% (70/6912)   Receiving objects:   2% (139/6912)   Receiving objects:   3% (208/6912)   Receiving objects:   4% (277/6912)   Receiving objects:   5% (346/6912)   Receiving objects:   6% (415/6912)   Receiving objects:   6% (445/6912), 1.85 MiB | 1.79 MiB/s   Receiving objects:   7% (484/6912), 1.85 MiB | 1.79 MiB/s   Receiving objects:   8% (553/6912), 4.42 MiB | 2.87 MiB/s   Receiving objects:   9% (623/6912), 4.42 MiB | 2.87 MiB/s   Receiving objects:  10% (692/6912), 4.42 MiB | 2.87 MiB/s   Receiving objects:  11% (761/6912), 4.42 MiB | 2.87 MiB/s   Receiving objects:  12% (830/6912), 4.42 MiB | 2.87 MiB/s   Receiving objects:  13% (899/6912), 4.42 MiB | 2.87 MiB/s   Receiving objects:  14% (968/6912), 4.42 MiB | 2.87 MiB/s   Receiving objects:  15% (1037/6912), 4.42 MiB | 2.87 MiB/s   Receiving objects:  16% (1106/6912), 4.42 MiB | 2.87 MiB/s   Receiving objects:  17% (1176/6912), 4.42 MiB | 2.87 MiB/s   Receiving objects:  18% (1245/6912), 4.42 MiB | 2.87 MiB/s   Receiving objects:  19% (1314/6912), 4.42 MiB | 2.87 MiB/s   Receiving objects:  20% (1383/6912), 4.42 MiB | 2.87 MiB/s   Receiving objects:  21% (1452/6912), 4.42 MiB | 2.87 MiB/s   Receiving objects:  22% (1521/6912), 4.42 MiB | 2.87 MiB/s   Receiving objects:  23% (1590/6912), 4.42 MiB | 2.87 MiB/s   Receiving objects:  24% (1659/6912), 4.42 MiB | 2.87 MiB/s   Receiving objects:  25% (1728/6912), 4.42 MiB | 2.87 MiB/s   Receiving objects:  26% (1798/6912), 4.42 MiB | 2.87 MiB/s   Receiving objects:  27% (1867/6912), 4.42 MiB | 2.87 MiB/s   Receiving objects:  28% (1936/6912), 4.42 MiB | 2.87 MiB/s   Receiving objects:  29% (2005/6912), 4.42 MiB | 2.87 MiB/s   Receiving objects:  30% (2074/6912), 4.42 MiB | 2.87 MiB/s   Receiving objects:  31% (2143/6912), 4.42 MiB | 2.87 MiB/s   Receiving objects:  32% (2212/6912), 4.42 MiB | 2.87 MiB/s   Receiving objects:  33% (2281/6912), 4.42 MiB | 2.87 MiB/s   Receiving objects:  34% (2351/6912), 4.42 MiB | 2.87 MiB/s   Receiving objects:  35% (2420/6912), 4.42 MiB | 2.87 MiB/s   Receiving objects:  35% (2437/6912), 4.42 MiB | 2.87 MiB/s   Receiving objects:  36% (2489/6912), 9.64 MiB | 4.71 MiB/s   Receiving objects:  37% (2558/6912), 9.64 MiB | 4.71 MiB/s   Receiving objects:  38% (2627/6912), 9.64 MiB | 4.71 MiB/s   Receiving objects:  39% (2696/6912), 9.64 MiB | 4.71 MiB/s   Receiving objects:  40% (2765/6912), 9.64 MiB | 4.71 MiB/s   Receiving objects:  41% (2834/6912), 9.64 MiB | 4.71 MiB/s   Receiving objects:  42% (2904/6912), 9.64 MiB | 4.71 MiB/s   Receiving objects:  43% (2973/6912), 9.64 MiB | 4.71 MiB/s   Receiving objects:  44% (3042/6912), 9.64 MiB | 4.71 MiB/s   Receiving objects:  45% (3111/6912), 9.64 MiB | 4.71 MiB/s   Receiving objects:  46% (3180/6912), 9.64 MiB | 4.71 MiB/s   Receiving objects:  47% (3249/6912), 9.64 MiB | 4.71 MiB/s   Receiving objects:  48% (3318/6912), 9.64 MiB | 4.71 MiB/s   Receiving objects:  49% (3387/6912), 9.64 MiB | 4.71 MiB/s   Receiving objects:  50% (3456/6912), 9.64 MiB | 4.71 MiB/s   Receiving objects:  51% (3526/6912), 9.64 MiB | 4.71 MiB/s   Receiving objects:  52% (3595/6912), 9.64 MiB | 4.71 MiB/s   Receiving objects:  53% (3664/6912), 9.64 MiB | 4.71 MiB/s   Receiving objects:  54% (3733/6912), 9.64 MiB | 4.71 MiB/s   Receiving objects:  55% (3802/6912), 9.64 MiB | 4.71 MiB/s   Receiving objects:  56% (3871/6912), 15.98 MiB | 6.28 MiB/s   Receiving objects:  57% (3940/6912), 15.98 MiB | 6.28 MiB/s   Receiving objects:  58% (4009/6912), 15.98 MiB | 6.28 MiB/s   Receiving objects:  59% (4079/6912), 15.98 MiB | 6.28 MiB/s   Receiving objects:  60% (4148/6912), 15.98 MiB | 6.28 MiB/s   Receiving objects:  61% (4217/6912), 15.98 MiB | 6.28 MiB/s   Receiving objects:  62% (4286/6912), 15.98 MiB | 6.28 MiB/s   Receiving objects:  63% (4355/6912), 15.98 MiB | 6.28 MiB/s   Receiving objects:  64% (4424/6912), 15.98 MiB | 6.28 MiB/s   Receiving objects:  65% (4493/6912), 15.98 MiB | 6.28 MiB/s   Receiving objects:  66% (4562/6912), 15.98 MiB | 6.28 MiB/s   Receiving objects:  67% (4632/6912), 15.98 MiB | 6.28 MiB/s   Receiving objects:  68% (4701/6912), 15.98 MiB | 6.28 MiB/s   Receiving objects:  69% (4770/6912), 15.98 MiB | 6.28 MiB/s   Receiving objects:  70% (4839/6912), 15.98 MiB | 6.28 MiB/s   Receiving objects:  71% (4908/6912), 15.98 MiB | 6.28 MiB/s   Receiving objects:  72% (4977/6912), 15.98 MiB | 6.28 MiB/s   Receiving objects:  73% (5046/6912), 15.98 MiB | 6.28 MiB/s   Receiving objects:  74% (5115/6912), 15.98 MiB | 6.28 MiB/s   Receiving objects:  75% (5184/6912), 15.98 MiB | 6.28 MiB/s   Receiving objects:  76% (5254/6912), 15.98 MiB | 6.28 MiB/s   Receiving objects:  77% (5323/6912), 15.98 MiB | 6.28 MiB/s   Receiving objects:  78% (5392/6912), 15.98 MiB | 6.28 MiB/s   Receiving objects:  79% (5461/6912), 15.98 MiB | 6.28 MiB/s   Receiving objects:  80% (5530/6912), 15.98 MiB | 6.28 MiB/s   Receiving objects:  81% (5599/6912), 15.98 MiB | 6.28 MiB/s   Receiving objects:  82% (5668/6912), 15.98 MiB | 6.28 MiB/s   Receiving objects:  83% (5737/6912), 15.98 MiB | 6.28 MiB/s   Receiving objects:  84% (5807/6912), 15.98 MiB | 6.28 MiB/s   Receiving objects:  85% (5876/6912), 15.98 MiB | 6.28 MiB/s   Receiving objects:  86% (5945/6912), 15.98 MiB | 6.28 MiB/s   Receiving objects:  87% (6014/6912), 15.98 MiB | 6.28 MiB/s   Receiving objects:  88% (6083/6912), 15.98 MiB | 6.28 MiB/s   Receiving objects:  89% (6152/6912), 15.98 MiB | 6.28 MiB/s   Receiving objects:  90% (6221/6912), 15.98 MiB | 6.28 MiB/s   Receiving objects:  91% (6290/6912), 15.98 MiB | 6.28 MiB/s   Receiving objects:  92% (6360/6912), 15.98 MiB | 6.28 MiB/s   Receiving objects:  93% (6429/6912), 15.98 MiB | 6.28 MiB/s   Receiving objects:  94% (6498/6912), 15.98 MiB | 6.28 MiB/s   Receiving objects:  95% (6567/6912), 15.98 MiB | 6.28 MiB/s   Receiving objects:  96% (6636/6912), 15.98 MiB | 6.28 MiB/s   Receiving objects:  97% (6705/6912), 15.98 MiB | 6.28 MiB/s   Receiving objects:  98% (6774/6912), 15.98 MiB | 6.28 MiB/s   Receiving objects:  99% (6843/6912), 15.98 MiB | 6.28 MiB/s   remote: Total 6912 (delta 4389), reused 3931 (delta 2669), pack-reused 0[K
Receiving objects: 100% (6912/6912), 15.98 MiB | 6.28 MiB/s   Receiving objects: 100% (6912/6912), 20.25 MiB | 7.05 MiB/s, done.
Resolving deltas:   0% (0/4389)   Resolving deltas:   1% (81/4389)   Resolving deltas:   2% (92/4389)   Resolving deltas:   3% (139/4389)   Resolving deltas:   4% (176/4389)   Resolving deltas:   6% (303/4389)   Resolving deltas:   7% (311/4389)   Resolving deltas:   8% (362/4389)   Resolving deltas:  13% (575/4389)   Resolving deltas:  14% (618/4389)   Resolving deltas:  15% (659/4389)   Resolving deltas:  16% (706/4389)   Resolving deltas:  17% (755/4389)   Resolving deltas:  18% (802/4389)   Resolving deltas:  19% (871/4389)   Resolving deltas:  20% (892/4389)   Resolving deltas:  21% (924/4389)   Resolving deltas:  22% (967/4389)   Resolving deltas:  23% (1011/4389)   Resolving deltas:  24% (1054/4389)   Resolving deltas:  25% (1100/4389)   Resolving deltas:  26% (1144/4389)   Resolving deltas:  27% (1194/4389)   Resolving deltas:  28% (1230/4389)   Resolving deltas:  29% (1273/4389)   Resolving deltas:  30% (1324/4389)   Resolving deltas:  31% (1369/4389)   Resolving deltas:  32% (1406/4389)   Resolving deltas:  33% (1461/4389)   Resolving deltas:  34% (1508/4389)   Resolving deltas:  35% (1537/4389)   Resolving deltas:  36% (1597/4389)   Resolving deltas:  37% (1628/4389)   Resolving deltas:  38% (1669/4389)   Resolving deltas:  39% (1714/4389)   Resolving deltas:  40% (1758/4389)   Resolving deltas:  41% (1800/4389)   Resolving deltas:  42% (1844/4389)   Resolving deltas:  43% (1920/4389)   Resolving deltas:  44% (1934/4389)   Resolving deltas:  45% (1977/4389)   Resolving deltas:  46% (2019/4389)   Resolving deltas:  47% (2067/4389)   Resolving deltas:  48% (2111/4389)   Resolving deltas:  49% (2152/4389)   Resolving deltas:  50% (2201/4389)   Resolving deltas:  51% (2254/4389)   Resolving deltas:  52% (2293/4389)   Resolving deltas:  53% (2329/4389)   Resolving deltas:  54% (2390/4389)   Resolving deltas:  55% (2416/4389)   Resolving deltas:  56% (2485/4389)   Resolving deltas:  57% (2512/4389)   Resolving deltas:  58% (2546/4389)   Resolving deltas:  59% (2597/4389)   Resolving deltas:  60% (2650/4389)   Resolving deltas:  61% (2684/4389)   Resolving deltas:  62% (2724/4389)   Resolving deltas:  63% (2767/4389)   Resolving deltas:  64% (2813/4389)   Resolving deltas:  65% (2855/4389)   Resolving deltas:  66% (2898/4389)   Resolving deltas:  67% (2959/4389)   Resolving deltas:  68% (2989/4389)   Resolving deltas:  69% (3035/4389)   Resolving deltas:  70% (3079/4389)   Resolving deltas:  71% (3131/4389)   Resolving deltas:  72% (3161/4389)   Resolving deltas:  73% (3208/4389)   Resolving deltas:  74% (3250/4389)   Resolving deltas:  75% (3293/4389)   Resolving deltas:  76% (3336/4389)   Resolving deltas:  77% (3383/4389)   Resolving deltas:  78% (3434/4389)   Resolving deltas:  79% (3468/4389)   Resolving deltas:  80% (3513/4389)   Resolving deltas:  81% (3560/4389)   Resolving deltas:  82% (3608/4389)   Resolving deltas:  83% (3643/4389)   Resolving deltas:  84% (3689/4389)   Resolving deltas:  85% (3731/4389)   Resolving deltas:  86% (3795/4389)   Resolving deltas:  87% (3820/4389)   Resolving deltas:  88% (3865/4389)   Resolving deltas:  89% (3912/4389)   Resolving deltas:  90% (3955/4389)   Resolving deltas:  91% (3995/4389)   Resolving deltas:  92% (4042/4389)   Resolving deltas:  93% (4084/4389)   Resolving deltas:  94% (4132/4389)   Resolving deltas:  95% (4172/4389)   Resolving deltas:  96% (4215/4389)   Resolving deltas:  97% (4259/4389)   Resolving deltas:  98% (4332/4389)   Resolving deltas:  99% (4346/4389)   Resolving deltas: 100% (4389/4389)   Resolving deltas: 100% (4389/4389), done.

travis_time:end:01d565d2:start=1517868617783955276,finish=1517868622560713319,duration=4776758043[0K$ cd NMGRL/pychron
$ git checkout -qf 6ab39d7ec5f242717f901498f358bd7312072b03
travis_fold:end:git.checkout[0Ktravis_time:start:013778c8[0K$ source ~/virtualenv/python2.7/bin/activate

travis_time:end:013778c8:start=1517868627793957004,finish=1517868627804389421,duration=10432417[0K$ python --version
Python 2.7.14
$ pip --version
pip 9.0.1 from /home/travis/virtualenv/python2.7.14/lib/python2.7/site-packages (python 2.7)
travis_fold:start:before_install.1[0Ktravis_time:start:194b23d7[0K$ export TZ=America/Denver

travis_time:end:194b23d7:start=1517868628546041305,finish=1517868628552274036,duration=6232731[0Ktravis_fold:end:before_install.1[0Ktravis_fold:start:before_install.2[0Ktravis_time:start:2cd64668[0K$ wget http://repo.continuum.io/miniconda/Miniconda2-latest-Linux-x86_64.sh -O miniconda.sh
--2018-02-05 15:10:28--  http://repo.continuum.io/miniconda/Miniconda2-latest-Linux-x86_64.sh
Resolving repo.continuum.io (repo.continuum.io)... 104.16.19.10, 104.16.18.10, 2400:cb00:2048:1::6810:120a, ...
Connecting to repo.continuum.io (repo.continuum.io)|104.16.19.10|:80... connected.
HTTP request sent, awaiting response... 301 Moved Permanently
Location: https://repo.continuum.io/miniconda/Miniconda2-latest-Linux-x86_64.sh [following]
--2018-02-05 15:10:28--  https://repo.continuum.io/miniconda/Miniconda2-latest-Linux-x86_64.sh
Connecting to repo.continuum.io (repo.continuum.io)|104.16.19.10|:443... connected.
HTTP request sent, awaiting response... 200 OK
Length: 39339874 (38M) [application/x-sh]
Saving to: â€˜miniconda.shâ€™

 0% [                                       ] 0           --.-K/s              73% [===========================>           ] 29,031,351   138MB/s             100%[======================================>] 39,339,874   148MB/s   in 0.3s   

2018-02-05 15:10:28 (148 MB/s) - â€˜miniconda.shâ€™ saved [39339874/39339874]


travis_time:end:2cd64668:start=1517868628559254928,finish=1517868628855336570,duration=296081642[0Ktravis_fold:end:before_install.2[0Ktravis_fold:start:before_install.3[0Ktravis_time:start:25a42c64[0K$ chmod +x miniconda.sh

travis_time:end:25a42c64:start=1517868628862351077,finish=1517868628869297123,duration=6946046[0Ktravis_fold:end:before_install.3[0Ktravis_fold:start:before_install.4[0Ktravis_time:start:0694b358[0K$ ./miniconda.sh -b
PREFIX=/home/travis/miniconda2
installing: python-2.7.14-h1571d57_29 ...
Python 2.7.14 :: Anaconda, Inc.
installing: ca-certificates-2017.08.26-h1d4fec5_0 ...
installing: conda-env-2.6.0-h36134e3_1 ...
installing: libgcc-ng-7.2.0-h7cc24e2_2 ...
installing: libstdcxx-ng-7.2.0-h7a57d05_2 ...
installing: libffi-3.2.1-hd88cf55_4 ...
installing: ncurses-6.0-h9df7e31_2 ...
installing: openssl-1.0.2n-hb7f436b_0 ...
installing: tk-8.6.7-hc745277_3 ...
installing: yaml-0.1.7-had09818_2 ...
installing: zlib-1.2.11-ha838bed_2 ...
installing: libedit-3.1-heed3624_0 ...
installing: readline-7.0-ha6073c6_4 ...
installing: sqlite-3.20.1-hb898158_2 ...
installing: asn1crypto-0.23.0-py27h7b0c810_0 ...
installing: certifi-2017.11.5-py27h71e7faf_0 ...
installing: chardet-3.0.4-py27hfa10054_1 ...
installing: enum34-1.1.6-py27h99a27e9_1 ...
installing: idna-2.6-py27h5722d68_1 ...
installing: ipaddress-1.0.18-py27h337fd85_0 ...
installing: pycosat-0.6.3-py27ha4109ae_0 ...
installing: pycparser-2.18-py27hefa08c5_1 ...
installing: pysocks-1.6.7-py27he2db6d2_1 ...
installing: ruamel_yaml-0.11.14-py27h672d447_2 ...
installing: six-1.11.0-py27h5f960f1_1 ...
installing: cffi-1.11.2-py27ha7929c6_0 ...
installing: setuptools-36.5.0-py27h68b189e_0 ...
installing: cryptography-2.1.4-py27h6697b16_0 ...
installing: wheel-0.30.0-py27h2bc6bb2_1 ...
installing: pip-9.0.1-py27ha730c48_4 ...
installing: pyopenssl-17.5.0-py27hcee3be0_0 ...
installing: urllib3-1.22-py27ha55213b_0 ...
installing: requests-2.18.4-py27hc5b0589_1 ...
installing: conda-4.3.31-py27_0 ...
installation finished.

travis_time:end:0694b358:start=1517868628876308221,finish=1517868643004884408,duration=14128576187[0Ktravis_fold:end:before_install.4[0Ktravis_fold:start:before_install.5[0Ktravis_time:start:21142631[0K$ export PATH=/home/travis/miniconda2/bin:$PATH

travis_time:end:21142631:start=1517868643013046169,finish=1517868643019449588,duration=6403419[0Ktravis_fold:end:before_install.5[0Ktravis_fold:start:before_install.6[0Ktravis_time:start:109ccf22[0K$ conda update --yes --quiet conda


Package plan for installation in environment /home/travis/miniconda2:

The following NEW packages will be INSTALLED:

    futures: 3.2.0-py27h7b459c0_0

The following packages will be UPDATED:

    conda:   4.3.31-py27_0        --> 4.4.8-py27_0


travis_time:end:109ccf22:start=1517868643026592974,finish=1517868661536358258,duration=18509765284[0Ktravis_fold:end:before_install.6[0Ktravis_fold:start:before_install.7[0Ktravis_time:start:00107f8e[0K$ export DISPLAY=:99.0

travis_time:end:00107f8e:start=1517868661543221294,finish=1517868661548477267,duration=5255973[0Ktravis_fold:end:before_install.7[0Ktravis_fold:start:before_install.8[0Ktravis_time:start:32c9b510[0K$ sh -e /etc/init.d/xvfb start
Starting virtual X frame buffer: Xvfb.

travis_time:end:32c9b510:start=1517868661554361657,finish=1517868661570553633,duration=16191976[0Ktravis_fold:end:before_install.8[0Ktravis_fold:start:install.1[0Ktravis_time:start:0b5c8081[0K$ conda create --yes --quiet -n pychron-test python=2.7
Solving environment: ...working... done

## Package Plan ##

  environment location: /home/travis/miniconda2/envs/pychron-test

  added / updated specs: 
    - python=2.7


The following packages will be downloaded:

    package                    |            build
    ---------------------------|-----------------
    sqlite-3.22.0              |       h1bed415_0         1.5 MB
    certifi-2018.1.18          |           py27_0         143 KB
    setuptools-38.4.0          |           py27_0         510 KB
    ------------------------------------------------------------
                                           Total:         2.1 MB

The following NEW packages will be INSTALLED:

    ca-certificates: 2017.08.26-h1d4fec5_0
    certifi:         2018.1.18-py27_0     
    libedit:         3.1-heed3624_0       
    libffi:          3.2.1-hd88cf55_4     
    libgcc-ng:       7.2.0-h7cc24e2_2     
    libstdcxx-ng:    7.2.0-h7a57d05_2     
    ncurses:         6.0-h9df7e31_2       
    openssl:         1.0.2n-hb7f436b_0    
    pip:             9.0.1-py27ha730c48_4 
    python:          2.7.14-h1571d57_29   
    readline:        7.0-ha6073c6_4       
    setuptools:      38.4.0-py27_0        
    sqlite:          3.22.0-h1bed415_0    
    tk:              8.6.7-hc745277_3     
    wheel:           0.30.0-py27h2bc6bb2_1
    zlib:            1.2.11-ha838bed_2    

Preparing transaction: ...working... done
Verifying transaction: ...working... done
Executing transaction: ...working... done

travis_time:end:0b5c8081:start=1517868661576388628,finish=1517868681125761082,duration=19549372454[0Ktravis_fold:end:install.1[0Ktravis_fold:start:install.2[0Ktravis_time:start:122700ce[0K$ source activate pychron-test

travis_time:end:122700ce:start=1517868681132614800,finish=1517868681267467019,duration=134852219[0Ktravis_fold:end:install.2[0Ktravis_fold:start:install.3[0Ktravis_time:start:14051148[0K$ conda install --yes qt=4.8.5 pyside statsmodels PyYAML traits pyface traitsui enable chaco xlrd xlwt lxml sqlalchemy apptools
Solving environment: - \ | / - \ | / - \ | / - \ | / - \ | / - \ | / - \ | / - \ | / - \ | / - \ | / - \ | / - \ | / - \ | / - \ | / - \ | / - \ | / - \ | / - \ | / - \ | / - \ | / done

## Package Plan ##

  environment location: /home/travis/miniconda2/envs/pychron-test

  added / updated specs: 
    - apptools
    - chaco
    - enable
    - lxml
    - pyface
    - pyside
    - pyyaml
    - qt=4.8.5
    - sqlalchemy
    - statsmodels
    - traits
    - traitsui
    - xlrd
    - xlwt


The following packages will be downloaded:

    package                    |            build
    ---------------------------|-----------------
    freetype-2.5.5             |                2         2.5 MB
    pillow-3.4.2               |           py27_0         852 KB
    pandas-0.21.1              |   py27h38cdd7d_0        10.5 MB
    shiboken-1.2.1             |           py27_0         894 KB
    libpng-1.6.34              |       hb9fc6fc_0         334 KB
    pil-1.1.7                  |           py27_2         681 KB
    patsy-0.5.0                |           py27_0         302 KB
    xz-5.2.3                   |       h55aa19d_2         357 KB
    sqlalchemy-1.2.1           |   py27h14c3975_0         1.5 MB
    icu-58.2                   |       h9c2bf20_1        22.5 MB
    intel-openmp-2018.0.0      |       hc7b2577_8         618 KB
    pyface-4.5.2               |           py27_0         757 KB
    configobj-5.0.6            |           py27_0          50 KB
    libxslt-1.1.32             |       h1312cb7_0         538 KB
    chaco-4.5.0                |      np110py27_0        1000 KB
    enable-4.5.1               |      np110py27_0         4.0 MB
    qt-4.8.5                   |                0        32.9 MB
    lcms-1.19                  |                0         595 KB
    python-dateutil-2.6.1      |   py27h4ca5741_1         237 KB
    numpy-1.10.2               |           py27_0         5.9 MB
    pyqt-4.10.4                |           py27_0         4.4 MB
    pyyaml-3.12                |   py27h2d70dd7_1         159 KB
    xlwt-1.3.0                 |   py27h3d85d97_0         160 KB
    traits-4.5.0               |           py27_0         423 KB
    pytz-2017.3                |   py27h001bace_0         210 KB
    traitsui-4.5.1             |           py27_0         848 KB
    jbig-2.1                   |       hdba287a_0          41 KB
    jpeg-8d                    |                2         806 KB
    libgfortran-3.0.0          |                1         281 KB
    libxml2-2.9.7              |       h26e45fe_0         2.0 MB
    mkl-2018.0.1               |       h19d6760_4       184.7 MB
    scipy-1.0.0                |   py27hf5f0f52_0        17.8 MB
    apptools-4.3.0             |           py27_0         348 KB
    libtiff-4.0.6              |                2         1.5 MB
    pygments-2.2.0             |   py27h4a8b6f5_0         1.3 MB
    pyside-1.2.1               |           py27_1         5.6 MB
    xlrd-1.1.0                 |   py27ha77178f_1         193 KB
    lxml-4.1.1                 |   py27hf71bdeb_1         1.5 MB
    libgfortran-ng-7.2.0       |       h9f7466a_2         349 KB
    statsmodels-0.8.0          |   py27hc87d62d_0         6.3 MB
    openblas-0.2.14            |                4         3.6 MB
    sip-4.15.5                 |           py27_0         243 KB
    ------------------------------------------------------------
                                           Total:       319.5 MB

The following NEW packages will be INSTALLED:

    apptools:        4.3.0-py27_0         
    chaco:           4.5.0-np110py27_0    
    configobj:       5.0.6-py27_0         
    enable:          4.5.1-np110py27_0    
    freetype:        2.5.5-2              
    icu:             58.2-h9c2bf20_1      
    intel-openmp:    2018.0.0-hc7b2577_8  
    jbig:            2.1-hdba287a_0       
    jpeg:            8d-2                 
    lcms:            1.19-0               
    libgfortran:     3.0.0-1              
    libgfortran-ng:  7.2.0-h9f7466a_2     
    libpng:          1.6.34-hb9fc6fc_0    
    libtiff:         4.0.6-2              
    libxml2:         2.9.7-h26e45fe_0     
    libxslt:         1.1.32-h1312cb7_0    
    lxml:            4.1.1-py27hf71bdeb_1 
    mkl:             2018.0.1-h19d6760_4  
    numpy:           1.10.2-py27_0        
    openblas:        0.2.14-4             
    pandas:          0.21.1-py27h38cdd7d_0
    patsy:           0.5.0-py27_0         
    pil:             1.1.7-py27_2         
    pillow:          3.4.2-py27_0         
    pyface:          4.5.2-py27_0         
    pygments:        2.2.0-py27h4a8b6f5_0 
    pyqt:            4.10.4-py27_0        
    pyside:          1.2.1-py27_1         
    python-dateutil: 2.6.1-py27h4ca5741_1 
    pytz:            2017.3-py27h001bace_0
    pyyaml:          3.12-py27h2d70dd7_1  
    qt:              4.8.5-0              
    scipy:           1.0.0-py27hf5f0f52_0 
    shiboken:        1.2.1-py27_0         
    sip:             4.15.5-py27_0        
    six:             1.11.0-py27h5f960f1_1
    sqlalchemy:      1.2.1-py27h14c3975_0 
    statsmodels:     0.8.0-py27hc87d62d_0 
    traits:          4.5.0-py27_0         
    traitsui:        4.5.1-py27_0         
    xlrd:            1.1.0-py27ha77178f_1 
    xlwt:            1.3.0-py27h3d85d97_0 
    xz:              5.2.3-h55aa19d_2     
    yaml:            0.1.7-had09818_2     


Downloading and Extracting Packages
freetype 2.5.5:   0% 0/1 [00:00<?, ?it/s]freetype 2.5.5:  75% 0.75/1 [00:00<00:00,  1.91it/s]freetype 2.5.5:  97% 0.973880597015/1 [00:00<00:00,  1.34it/s]freetype 2.5.5: 100% 1.0/1 [00:00<00:00,  1.26it/s]           
pillow 3.4.2:   0% 0/1 [00:00<?, ?it/s]pillow 3.4.2:  75% 0.75/1 [00:00<00:00,  4.88it/s]pillow 3.4.2:  95% 0.952564102564/1 [00:00<00:00,  3.43it/s]pillow 3.4.2: 100% 1.0/1 [00:00<00:00,  3.09it/s]           
pandas 0.21.1:   0% 0/1 [00:00<?, ?it/s]pandas 0.21.1:  55% 0.550743774719/1 [00:00<00:00,  5.50it/s]pandas 0.21.1:  75% 0.75/1 [00:02<00:00,  3.23s/it]          pandas 0.21.1:  87% 0.868531202435/1 [00:02<00:00,  3.00s/it]pandas 0.21.1:  96% 0.963660578387/1 [00:03<00:00,  4.24s/it]pandas 0.21.1: 100% 1.0/1 [00:04<00:00,  4.91s/it]           
shiboken 1.2.1:   0% 0/1 [00:00<?, ?it/s]shiboken 1.2.1:  75% 0.75/1 [00:00<00:00,  3.75it/s]shiboken 1.2.1:  86% 0.864285714286/1 [00:00<00:00,  1.56it/s]shiboken 1.2.1: 100% 1.0/1 [00:00<00:00,  2.60it/s]           
libpng 1.6.34:   0% 0/1 [00:00<?, ?it/s]libpng 1.6.34:  76% 0.756578947368/1 [00:00<00:00,  7.53it/s]libpng 1.6.34: 100% 1.0/1 [00:00<00:00,  7.15it/s]           
pil 1.1.7:   0% 0/1 [00:00<?, ?it/s]pil 1.1.7:  75% 0.75/1 [00:00<00:00,  5.66it/s]pil 1.1.7:  92% 0.919943820225/1 [00:00<00:00,  2.83it/s]pil 1.1.7: 100% 1.0/1 [00:00<00:00,  3.54it/s]           
patsy 0.5.0:   0% 0/1 [00:00<?, ?it/s]patsy 0.5.0:  80% 0.802631578947/1 [00:00<00:00,  8.02it/s]patsy 0.5.0: 100% 1.0/1 [00:00<00:00,  5.89it/s]           
xz 5.2.3:   0% 0/1 [00:00<?, ?it/s]xz 5.2.3:  75% 0.752293577982/1 [00:00<00:00,  7.29it/s]xz 5.2.3: 100% 1.0/1 [00:00<00:00,  6.41it/s]           
sqlalchemy 1.2.1:   0% 0/1 [00:00<?, ?it/s]sqlalchemy 1.2.1:  75% 0.75/1 [00:00<00:00,  1.84it/s]sqlalchemy 1.2.1:  88% 0.88125/1 [00:00<00:00,  1.64it/s]sqlalchemy 1.2.1:  96% 0.959375/1 [00:00<00:00,  1.07it/s]sqlalchemy 1.2.1: 100% 1.0/1 [00:00<00:00,  1.12it/s]     
icu 58.2:   0% 0/1 [00:00<?, ?it/s]icu 58.2:  14% 0.136837584505/1 [00:00<00:00,  1.37it/s]icu 58.2:  41% 0.413634523504/1 [00:00<00:00,  1.61it/s]icu 58.2:  70% 0.704479427452/1 [00:00<00:00,  1.86it/s]icu 58.2:  87% 0.870553359684/1 [00:03<00:00,  6.61s/it]icu 58.2:  99% 0.98814229249/1 [00:04<00:00,  5.46s/it] icu 58.2: 100% 1.0/1 [00:07<00:00,  7.31s/it]          
intel-openmp 2018.0.0:   0% 0/1 [00:00<?, ?it/s]intel-openmp 2018.0.0:  75% 0.75/1 [00:00<00:00,  5.82it/s]intel-openmp 2018.0.0: 100% 1.0/1 [00:00<00:00,  3.89it/s] 
pyface 4.5.2:   0% 0/1 [00:00<?, ?it/s]pyface 4.5.2:  75% 0.75/1 [00:00<00:00,  1.98it/s]pyface 4.5.2:  81% 0.809422348485/1 [00:00<00:00,  1.06s/it]pyface 4.5.2:  88% 0.876420454545/1 [00:00<00:00,  1.19s/it]pyface 4.5.2:  93% 0.934659090909/1 [00:00<00:00,  1.65s/it]pyface 4.5.2:  99% 0.988873106061/1 [00:00<00:00,  1.71s/it]pyface 4.5.2: 100% 1.0/1 [00:00<00:00,  1.10it/s]           
configobj 5.0.6:   0% 0/1 [00:00<?, ?it/s]configobj 5.0.6: 100% 1.0/1 [00:00<00:00, 17.21it/s]
libxslt 1.1.32:   0% 0/1 [00:00<?, ?it/s]libxslt 1.1.32:  75% 0.75/1 [00:00<00:00,  4.85it/s]libxslt 1.1.32:  97% 0.974832214765/1 [00:00<00:00,  3.59it/s]libxslt 1.1.32: 100% 1.0/1 [00:00<00:00,  2.81it/s]           
chaco 4.5.0:   0% 0/1 [00:00<?, ?it/s]chaco 4.5.0:   1% 0.0120018635706/1 [00:00<00:49, 49.64s/it]chaco 4.5.0:  75% 0.75/1 [00:00<00:08, 34.87s/it]           chaco 4.5.0:  83% 0.826619964974/1 [00:01<00:04, 24.91s/it]chaco 4.5.0:  90% 0.898423817863/1 [00:01<00:01, 17.95s/it]chaco 4.5.0:  97% 0.972416812609/1 [00:01<00:00, 12.99s/it]chaco 4.5.0: 100% 1.0/1 [00:01<00:00,  1.27s/it]           
enable 4.5.1:   0% 0/1 [00:00<?, ?it/s]enable 4.5.1:  75% 0.75/1 [00:00<00:00,  1.28s/it]enable 4.5.1:  80% 0.797727272727/1 [00:01<00:00,  1.58s/it]enable 4.5.1:  89% 0.885606060606/1 [00:01<00:00,  1.49s/it]enable 4.5.1:  95% 0.947348484848/1 [00:01<00:00,  1.53s/it]enable 4.5.1: 100% 0.99696969697/1 [00:02<00:00,  5.71s/it] enable 4.5.1: 100% 1.0/1 [00:02<00:00,  2.06s/it]          
qt 4.8.5:   0% 0/1 [00:00<?, ?it/s]qt 4.8.5:  11% 0.108344863033/1 [00:00<00:00,  1.08it/s]qt 4.8.5:  25% 0.249834700612/1 [00:00<00:00,  1.16it/s]qt 4.8.5:  40% 0.396314104251/1 [00:00<00:00,  1.24it/s]qt 4.8.5:  55% 0.546713881224/1 [00:00<00:00,  1.31it/s]qt 4.8.5:  70% 0.703172416986/1 [00:00<00:00,  1.38it/s]qt 4.8.5:  83% 0.825550989914/1 [00:13<00:05, 32.66s/it]qt 4.8.5:  84% 0.841893911095/1 [00:13<00:03, 24.70s/it]qt 4.8.5:  86% 0.8623459096/1 [00:13<00:02, 18.76s/it]  qt 4.8.5:  89% 0.888027642884/1 [00:13<00:01, 14.30s/it]qt 4.8.5:  91% 0.906425102727/1 [00:14<00:01, 11.64s/it]qt 4.8.5:  93% 0.929865521106/1 [00:14<00:00,  9.44s/it]qt 4.8.5:  95% 0.949010085917/1 [00:14<00:00,  8.17s/it]qt 4.8.5:  97% 0.96740754576/1 [00:14<00:00,  7.37s/it] qt 4.8.5:  99% 0.989633918566/1 [00:14<00:00,  6.52s/it]qt 4.8.5: 100% 1.0/1 [00:14<00:00, 14.69s/it]           
lcms 1.19:   0% 0/1 [00:00<?, ?it/s]lcms 1.19:  75% 0.75/1 [00:00<00:00,  5.00it/s]lcms 1.19:  91% 0.909090909091/1 [00:00<00:00,  2.75it/s]lcms 1.19: 100% 1.0/1 [00:00<00:00,  3.42it/s]           
python-dateutil 2.6.1:   0% 0/1 [00:00<?, ?it/s]python-dateutil 2.6.1:  76% 0.755102040816/1 [00:00<00:00,  6.14it/s]python-dateutil 2.6.1: 100% 1.0/1 [00:00<00:00,  6.49it/s]           
numpy 1.10.2:   0% 0/1 [00:00<?, ?it/s]numpy 1.10.2:  71% 0.709886379432/1 [00:00<00:00,  7.08it/s]numpy 1.10.2:  92% 0.922544951591/1 [00:02<00:00,  3.46s/it]numpy 1.10.2: 100% 1.0/1 [00:02<00:00,  2.91s/it]           
pyqt 4.10.4:   0% 0/1 [00:00<?, ?it/s]pyqt 4.10.4:  75% 0.75/1 [00:01<00:00,  1.51s/it]pyqt 4.10.4:  77% 0.770069808028/1 [00:02<00:03, 15.56s/it]pyqt 4.10.4:  87% 0.865183246073/1 [00:02<00:01, 11.21s/it]pyqt 4.10.4:  96% 0.956369982548/1 [00:02<00:00,  8.18s/it]pyqt 4.10.4: 100% 1.0/1 [00:02<00:00,  2.35s/it]           
pyyaml 3.12:   0% 0/1 [00:00<?, ?it/s]pyyaml 3.12:  76% 0.755102040816/1 [00:00<00:00,  7.30it/s]pyyaml 3.12: 100% 1.0/1 [00:00<00:00,  7.51it/s]           
xlwt 1.3.0:   0% 0/1 [00:00<?, ?it/s]xlwt 1.3.0:  97% 0.969298245614/1 [00:00<00:00,  9.66it/s]xlwt 1.3.0: 100% 1.0/1 [00:00<00:00,  8.47it/s]           
traits 4.5.0:   0% 0/1 [00:00<?, ?it/s]traits 4.5.0:  75% 0.75/1 [00:00<00:00,  4.58it/s]traits 4.5.0:  89% 0.887755102041/1 [00:00<00:00,  2.47it/s]traits 4.5.0: 100% 1.0/1 [00:00<00:00,  2.81it/s]           
pytz 2017.3:   0% 0/1 [00:00<?, ?it/s]pytz 2017.3:  75% 0.75/1 [00:00<00:00,  5.21it/s]pytz 2017.3:  91% 0.906746031746/1 [00:00<00:00,  2.59it/s]pytz 2017.3: 100% 1.0/1 [00:00<00:00,  2.65it/s]           
traitsui 4.5.1:   0% 0/1 [00:00<?, ?it/s]traitsui 4.5.1:  75% 0.75/1 [00:00<00:00,  2.43it/s]traitsui 4.5.1:  82% 0.823140495868/1 [00:00<00:00,  1.22it/s]traitsui 4.5.1:  89% 0.89132231405/1 [00:00<00:00,  1.04s/it] traitsui 4.5.1:  96% 0.95867768595/1 [00:00<00:00,  1.19s/it]traitsui 4.5.1: 100% 1.0/1 [00:00<00:00,  1.35it/s]          
jbig 2.1:   0% 0/1 [00:00<?, ?it/s]jbig 2.1: 100% 1.0/1 [00:00<00:00, 16.44it/s]
jpeg 8d:   0% 0/1 [00:00<?, ?it/s]jpeg 8d:  75% 0.75/1 [00:00<00:00,  3.87it/s]jpeg 8d:  93% 0.928571428571/1 [00:00<00:00,  2.37it/s]jpeg 8d: 100% 1.0/1 [00:00<00:00,  2.62it/s]           
libgfortran 3.0.0:   0% 0/1 [00:00<?, ?it/s]libgfortran 3.0.0:   4% 0.0427436943659/1 [00:00<00:16, 17.59s/it]libgfortran 3.0.0:  79% 0.785714285714/1 [00:00<00:02, 12.36s/it] libgfortran 3.0.0: 100% 1.0/1 [00:00<00:00,  1.12it/s]           
libxml2 2.9.7:   0% 0/1 [00:00<?, ?it/s]libxml2 2.9.7:  75% 0.75/1 [00:00<00:00,  1.40it/s]libxml2 2.9.7:  91% 0.914655172414/1 [00:00<00:00,  1.41it/s]libxml2 2.9.7:  99% 0.987068965517/1 [00:00<00:00,  1.14s/it]libxml2 2.9.7: 100% 1.0/1 [00:01<00:00,  1.13s/it]           
mkl 2018.0.1:   0% 0/1 [00:00<?, ?it/s]mkl 2018.0.1:   2% 0.0231004766035/1 [00:00<00:04,  4.33s/it]mkl 2018.0.1:   5% 0.049564484141/1 [00:00<00:03,  4.17s/it] mkl 2018.0.1:   7% 0.0709514638536/1 [00:00<00:04,  4.32s/it]mkl 2018.0.1:  10% 0.0972885456955/1 [00:00<00:03,  4.17s/it]mkl 2018.0.1:  12% 0.12356216469/1 [00:00<00:03,  4.06s/it]  mkl 2018.0.1:  15% 0.149835783684/1 [00:00<00:03,  3.99s/it]mkl 2018.0.1:  18% 0.17661710546/1 [00:00<00:03,  3.91s/it] mkl 2018.0.1:  20% 0.20041567339/1 [00:00<00:03,  4.20s/it]mkl 2018.0.1:  23% 0.226943143775/1 [00:00<00:03,  4.08s/it]mkl 2018.0.1:  25% 0.253216762769/1 [00:01<00:02,  4.00s/it]mkl 2018.0.1:  28% 0.279807696002/1 [00:01<00:02,  3.93s/it]mkl 2018.0.1:  31% 0.306144777844/1 [00:01<00:02,  3.89s/it]mkl 2018.0.1:  33% 0.333053025317/1 [00:01<00:02,  3.84s/it]mkl 2018.0.1:  36% 0.359390107158/1 [00:01<00:02,  3.83s/it]mkl 2018.0.1:  39% 0.385790651848/1 [00:01<00:02,  3.82s/it]mkl 2018.0.1:  41% 0.412508510777/1 [00:01<00:02,  3.80s/it]mkl 2018.0.1:  44% 0.438845592619/1 [00:01<00:02,  3.80s/it]mkl 2018.0.1:  47% 0.465373063004/1 [00:01<00:02,  3.79s/it]mkl 2018.0.1:  49% 0.492154384781/1 [00:01<00:01,  3.78s/it]mkl 2018.0.1:  52% 0.518681855166/1 [00:02<00:01,  3.79s/it]mkl 2018.0.1:  55% 0.545145862704/1 [00:02<00:01,  3.79s/it]mkl 2018.0.1:  57% 0.571609870241/1 [00:02<00:01,  3.79s/it]mkl 2018.0.1:  60% 0.598073877779/1 [00:02<00:01,  3.79s/it]mkl 2018.0.1:  62% 0.624474422468/1 [00:02<00:01,  3.80s/it]mkl 2018.0.1:  65% 0.651001892854/1 [00:02<00:01,  3.79s/it]mkl 2018.0.1:  68% 0.677402437544/1 [00:02<00:01,  3.80s/it]mkl 2018.0.1:  70% 0.703993370777/1 [00:02<00:01,  3.79s/it]mkl 2018.0.1:  73% 0.730457378314/1 [00:02<00:01,  3.79s/it]mkl 2018.0.1:  76% 0.760204081633/1 [00:43<01:37, 408.24s/it]mkl 2018.0.1:  84% 0.841836734694/1 [00:43<00:45, 286.18s/it]mkl 2018.0.1:  87% 0.867346938776/1 [00:44<00:29, 220.02s/it]mkl 2018.0.1:  89% 0.887755102041/1 [00:46<00:20, 184.22s/it]mkl 2018.0.1:  90% 0.90306122449/1 [00:48<00:16, 168.08s/it] mkl 2018.0.1:  91% 0.913265306122/1 [00:50<00:14, 161.93s/it]mkl 2018.0.1:  92% 0.923469387755/1 [00:52<00:12, 162.93s/it]mkl 2018.0.1:  93% 0.928571428571/1 [00:52<00:11, 166.65s/it]mkl 2018.0.1:  93% 0.933673469388/1 [00:54<00:12, 185.06s/it]mkl 2018.0.1:  94% 0.938775510204/1 [00:55<00:12, 205.97s/it]mkl 2018.0.1:  94% 0.94387755102/1 [00:56<00:12, 223.33s/it] mkl 2018.0.1:  95% 0.948979591837/1 [00:58<00:14, 278.80s/it]mkl 2018.0.1:  95% 0.954081632653/1 [01:01<00:14, 324.20s/it]mkl 2018.0.1:  96% 0.959183673469/1 [01:03<00:14, 343.49s/it]mkl 2018.0.1:  96% 0.964285714286/1 [01:05<00:13, 371.39s/it]mkl 2018.0.1:  97% 0.969387755102/1 [01:07<00:12, 404.66s/it]mkl 2018.0.1:  97% 0.974489795918/1 [01:10<00:11, 435.12s/it]mkl 2018.0.1:  98% 0.979591836735/1 [01:13<00:09, 472.70s/it]mkl 2018.0.1:  98% 0.984693877551/1 [01:15<00:07, 496.49s/it]mkl 2018.0.1:  99% 0.989795918367/1 [01:19<00:05, 533.71s/it]mkl 2018.0.1:  99% 0.994897959184/1 [01:22<00:03, 593.05s/it]mkl 2018.0.1: 100% 1.0/1 [01:27<00:00, 664.75s/it]           
scipy 1.0.0:   0% 0/1 [00:00<?, ?it/s]scipy 1.0.0:  21% 0.209943809811/1 [00:00<00:00,  2.10it/s]scipy 1.0.0:  48% 0.481751939754/1 [00:00<00:00,  2.25it/s]scipy 1.0.0:  75% 0.75/1 [00:03<00:01,  4.46s/it]          scipy 1.0.0:  84% 0.840020576132/1 [00:04<00:00,  3.90s/it]scipy 1.0.0:  91% 0.914609053498/1 [00:04<00:00,  3.98s/it]scipy 1.0.0:  97% 0.974108367627/1 [00:05<00:00,  6.48s/it]scipy 1.0.0: 100% 1.0/1 [00:08<00:00,  8.18s/it]           
apptools 4.3.0:   0% 0/1 [00:00<?, ?it/s]apptools 4.3.0:  75% 0.75/1 [00:00<00:00,  3.18it/s]apptools 4.3.0:  85% 0.845753205128/1 [00:00<00:00,  1.65it/s]apptools 4.3.0:  94% 0.936298076923/1 [00:00<00:00,  1.18it/s]apptools 4.3.0: 100% 1.0/1 [00:00<00:00,  1.82it/s]           
libtiff 4.0.6:   0% 0/1 [00:00<?, ?it/s]libtiff 4.0.6:  75% 0.75/1 [00:00<00:00,  2.20it/s]libtiff 4.0.6:  82% 0.816761363636/1 [00:00<00:00,  1.59s/it]libtiff 4.0.6: 100% 1.0/1 [00:00<00:00,  1.42it/s]           
pygments 2.2.0:   0% 0/1 [00:00<?, ?it/s]pygments 2.2.0:  75% 0.75/1 [00:00<00:00,  1.89it/s]pygments 2.2.0:  86% 0.856220657277/1 [00:00<00:00,  1.53it/s]pygments 2.2.0:  93% 0.927816901408/1 [00:00<00:00,  1.08it/s]pygments 2.2.0: 100% 0.99765258216/1 [00:00<00:00,  1.85s/it] pygments 2.2.0: 100% 1.0/1 [00:00<00:00,  1.10it/s]          
pyside 1.2.1:   0% 0/1 [00:00<?, ?it/s]pyside 1.2.1:  67% 0.665433442356/1 [00:00<00:00,  6.65it/s]pyside 1.2.1:  87% 0.867021276596/1 [00:03<00:00,  4.54s/it]pyside 1.2.1: 100% 1.0/1 [00:03<00:00,  3.14s/it]           
xlrd 1.1.0:   0% 0/1 [00:00<?, ?it/s]xlrd 1.1.0:  75% 0.75/1 [00:00<00:00,  7.28it/s]xlrd 1.1.0: 100% 1.0/1 [00:00<00:00,  5.85it/s] 
lxml 4.1.1:   0% 0/1 [00:00<?, ?it/s]lxml 4.1.1:  75% 0.75/1 [00:00<00:00,  2.24it/s]lxml 4.1.1:  99% 0.989583333333/1 [00:00<00:00,  2.15it/s]lxml 4.1.1: 100% 1.0/1 [00:00<00:00,  1.45it/s]           
libgfortran-ng 7.2.0:   0% 0/1 [00:00<?, ?it/s]libgfortran-ng 7.2.0:  76% 0.763157894737/1 [00:00<00:00,  6.09it/s]libgfortran-ng 7.2.0: 100% 1.0/1 [00:00<00:00,  5.48it/s]           
statsmodels 0.8.0:   0% 0/1 [00:00<?, ?it/s]statsmodels 0.8.0:  63% 0.634923092986/1 [00:00<00:00,  6.34it/s]statsmodels 0.8.0:  83% 0.825084175084/1 [00:01<00:00,  3.03s/it]statsmodels 0.8.0:  96% 0.961279461279/1 [00:02<00:00,  3.99s/it]statsmodels 0.8.0: 100% 1.0/1 [00:03<00:00,  3.74s/it]           
openblas 0.2.14:   0% 0/1 [00:00<?, ?it/s]openblas 0.2.14:  75% 0.75/1 [00:00<00:00,  1.19s/it]openblas 0.2.14:  79% 0.791666666667/1 [00:01<00:01,  7.27s/it]openblas 0.2.14: 100% 1.0/1 [00:01<00:00,  1.83s/it]           
sip 4.15.5:   0% 0/1 [00:00<?, ?it/s]sip 4.15.5:  77% 0.770833333333/1 [00:00<00:00,  7.51it/s]sip 4.15.5: 100% 1.0/1 [00:00<00:00,  8.40it/s]           
Preparing transaction: \ | / - \ | / - \ | / - \ | / - \ | / - \ | / - \ | / - \ done
Verifying transaction: / - \ | / - \ | / - \ | / - \ | / - \ | / - \ | / - \ | / - \ | / - \ | / - \ | / - \ | / - \ | / - \ | / - \ | / - \ | / - \ | / - \ | / - \ | / - \ | / - \ | / - \ | / - \ | / - \ | / - \ | / - \ | / - \ | / - \ | / - \ | / - \ | / - \ | / - \ | / - \ | / - \ | / - \ | / - \ | / - \ | / - \ | / - \ | / - \ | / - \ | / - \ | / - \ | / - \ | / - \ | / - \ done
Executing transaction: / - \ | / - \ | / - \ | / - \ | / - \ | / - \ | / - \ | / - \ | / - \ | / - \ | / - \ | / - \ | / - \ | done

travis_time:end:14051148:start=1517868681274530021,finish=1517868869425244653,duration=188150714632[0Ktravis_fold:end:install.3[0Ktravis_fold:start:install.4[0Ktravis_time:start:13867e2a[0K$ pip install uncertainties pint codecov coverage
Collecting uncertainties
  Downloading uncertainties-3.0.2.tar.gz (229kB)
[?25l[K    4% |â–ˆâ–                              | 10kB 15.4MB/s eta 0:00:01[K    8% |â–ˆâ–ˆâ–‰                             | 20kB 6.5MB/s eta 0:00:01[K    13% |â–ˆâ–ˆâ–ˆâ–ˆâ–Ž                           | 30kB 5.5MB/s eta 0:00:01[K    17% |â–ˆâ–ˆâ–ˆâ–ˆâ–ˆâ–Š                          | 40kB 4.9MB/s eta 0:00:01[K    22% |â–ˆâ–ˆâ–ˆâ–ˆâ–ˆâ–ˆâ–ˆâ–                        | 51kB 5.1MB/s eta 0:00:01[K    26% |â–ˆâ–ˆâ–ˆâ–ˆâ–ˆâ–ˆâ–ˆâ–ˆâ–‹                       | 61kB 6.0MB/s eta 0:00:01[K    31% |â–ˆâ–ˆâ–ˆâ–ˆâ–ˆâ–ˆâ–ˆâ–ˆâ–ˆâ–ˆ                      | 71kB 5.7MB/s eta 0:00:01[K    35% |â–ˆâ–ˆâ–ˆâ–ˆâ–ˆâ–ˆâ–ˆâ–ˆâ–ˆâ–ˆâ–ˆâ–                    | 81kB 6.2MB/s eta 0:00:01[K    40% |â–ˆâ–ˆâ–ˆâ–ˆâ–ˆâ–ˆâ–ˆâ–ˆâ–ˆâ–ˆâ–ˆâ–ˆâ–‰                   | 92kB 6.8MB/s eta 0:00:01[K    44% |â–ˆâ–ˆâ–ˆâ–ˆâ–ˆâ–ˆâ–ˆâ–ˆâ–ˆâ–ˆâ–ˆâ–ˆâ–ˆâ–ˆâ–Ž                 | 102kB 6.8MB/s eta 0:00:01[K    49% |â–ˆâ–ˆâ–ˆâ–ˆâ–ˆâ–ˆâ–ˆâ–ˆâ–ˆâ–ˆâ–ˆâ–ˆâ–ˆâ–ˆâ–ˆâ–Š                | 112kB 6.9MB/s eta 0:00:01[K    53% |â–ˆâ–ˆâ–ˆâ–ˆâ–ˆâ–ˆâ–ˆâ–ˆâ–ˆâ–ˆâ–ˆâ–ˆâ–ˆâ–ˆâ–ˆâ–ˆâ–ˆâ–              | 122kB 7.4MB/s eta 0:00:01[K    58% |â–ˆâ–ˆâ–ˆâ–ˆâ–ˆâ–ˆâ–ˆâ–ˆâ–ˆâ–ˆâ–ˆâ–ˆâ–ˆâ–ˆâ–ˆâ–ˆâ–ˆâ–ˆâ–‹             | 133kB 8.3MB/s eta 0:00:01[K    62% |â–ˆâ–ˆâ–ˆâ–ˆâ–ˆâ–ˆâ–ˆâ–ˆâ–ˆâ–ˆâ–ˆâ–ˆâ–ˆâ–ˆâ–ˆâ–ˆâ–ˆâ–ˆâ–ˆâ–ˆ            | 143kB 10.2MB/s eta 0:00:01[K    66% |â–ˆâ–ˆâ–ˆâ–ˆâ–ˆâ–ˆâ–ˆâ–ˆâ–ˆâ–ˆâ–ˆâ–ˆâ–ˆâ–ˆâ–ˆâ–ˆâ–ˆâ–ˆâ–ˆâ–ˆâ–ˆâ–          | 153kB 11.5MB/s eta 0:00:01[K    71% |â–ˆâ–ˆâ–ˆâ–ˆâ–ˆâ–ˆâ–ˆâ–ˆâ–ˆâ–ˆâ–ˆâ–ˆâ–ˆâ–ˆâ–ˆâ–ˆâ–ˆâ–ˆâ–ˆâ–ˆâ–ˆâ–ˆâ–‰         | 163kB 9.9MB/s eta 0:00:01[K    75% |â–ˆâ–ˆâ–ˆâ–ˆâ–ˆâ–ˆâ–ˆâ–ˆâ–ˆâ–ˆâ–ˆâ–ˆï¿½ï¿½ï¿½â–ˆâ–ˆâ–ˆâ–ˆâ–ˆâ–ˆâ–ˆâ–ˆâ–ˆâ–ˆâ–ˆâ–Ž       | 174kB 12.2MB/s eta 0:00:01[K    80% |â–ˆâ–ˆâ–ˆâ–ˆâ–ˆâ–ˆâ–ˆâ–ˆâ–ˆâ–ˆâ–ˆâ–ˆâ–ˆâ–ˆâ–ˆâ–ˆâ–ˆâ–ˆâ–ˆâ–ˆâ–ˆâ–ˆâ–ˆâ–ˆâ–ˆâ–Š      | 184kB 12.4MB/s eta 0:00:01[K    84% |â–ˆâ–ˆâ–ˆâ–ˆâ–ˆâ–ˆâ–ˆâ–ˆâ–ˆâ–ˆâ–ˆâ–ˆâ–ˆâ–ˆâ–ˆâ–ˆâ–ˆâ–ˆâ–ˆâ–ˆâ–ˆâ–ˆâ–ˆâ–ˆâ–ˆâ–ˆâ–ˆâ–    | 194kB 12.4MB/s eta 0:00:01[K    89% |â–ˆâ–ˆâ–ˆâ–ˆâ–ˆâ–ˆâ–ˆâ–ˆâ–ˆâ–ˆâ–ˆâ–ˆâ–ˆâ–ˆâ–ˆâ–ˆâ–ˆâ–ˆâ–ˆâ–ˆâ–ˆâ–ˆâ–ˆâ–ˆâ–ˆâ–ˆâ–ˆâ–ˆâ–Œ   | 204kB 14.4MB/s eta 0:00:01[K    93% |â–ˆâ–ˆâ–ˆâ–ˆâ–ˆâ–ˆâ–ˆâ–ˆâ–ˆâ–ˆâ–ˆâ–ˆâ–ˆâ–ˆâ–ˆâ–ˆâ–ˆâ–ˆâ–ˆâ–ˆâ–ˆâ–ˆâ–ˆâ–ˆâ–ˆâ–ˆâ–ˆâ–ˆâ–ˆâ–ˆ  | 215kB 12.5MB/s eta 0:00:01[K    98% |â–ˆâ–ˆâ–ˆâ–ˆâ–ˆâ–ˆâ–ˆâ–ˆâ–ˆâ–ˆâ–ˆâ–ˆâ–ˆâ–ˆâ–ˆâ–ˆâ–ˆâ–ˆâ–ˆâ–ˆâ–ˆâ–ˆâ–ˆâ–ˆâ–ˆâ–ˆâ–ˆâ–ˆâ–ˆâ–ˆâ–ˆâ–| 225kB 14.7MB/s eta 0:00:01[K    100% |â–ˆâ–ˆâ–ˆâ–ˆâ–ˆâ–ˆâ–ˆâ–ˆâ–ˆâ–ˆâ–ˆâ–ˆâ–ˆâ–ˆâ–ˆâ–ˆâ–ˆâ–ˆâ–ˆâ–ˆâ–ˆâ–ˆâ–ˆâ–ˆâ–ˆâ–ˆâ–ˆâ–ˆâ–ˆâ–ˆâ–ˆâ–ˆ| 235kB 2.8MB/s 
[?25hCollecting pint
  Downloading Pint-0.8.1.tar.gz (162kB)
[?25l[K    6% |â–ˆâ–ˆ                              | 10kB 37.2MB/s eta 0:00:01[K    12% |â–ˆâ–ˆâ–ˆâ–ˆ                            | 20kB 31.9MB/s eta 0:00:01[K    18% |â–ˆâ–ˆâ–ˆâ–ˆâ–ˆâ–ˆ                          | 30kB 34.2MB/s eta 0:00:01[K    25% |â–ˆâ–ˆâ–ˆâ–ˆâ–ˆâ–ˆâ–ˆâ–ˆ                        | 40kB 33.6MB/s eta 0:00:01[K    31% |â–ˆâ–ˆâ–ˆâ–ˆâ–ˆâ–ˆâ–ˆâ–ˆâ–ˆâ–ˆ                      | 51kB 33.4MB/s eta 0:00:01[K    37% |â–ˆâ–ˆâ–ˆâ–ˆâ–ˆâ–ˆâ–ˆâ–ˆâ–ˆâ–ˆâ–ˆâ–ˆâ–                   | 61kB 34.5MB/s eta 0:00:01[K    44% |â–ˆâ–ˆâ–ˆâ–ˆâ–ˆâ–ˆâ–ˆâ–ˆâ–ˆâ–ˆâ–ˆâ–ˆâ–ˆâ–ˆâ–                 | 71kB 34.2MB/s eta 0:00:01[K    50% |â–ˆâ–ˆâ–ˆâ–ˆâ–ˆâ–ˆâ–ˆâ–ˆâ–ˆâ–ˆâ–ˆâ–ˆâ–ˆâ–ˆâ–ˆâ–ˆâ–               | 81kB 34.1MB/s eta 0:00:01[K    56% |â–ˆâ–ˆâ–ˆâ–ˆâ–ˆâ–ˆâ–ˆâ–ˆâ–ˆâ–ˆâ–ˆâ–ˆâ–ˆâ–ˆâ–ˆâ–ˆâ–ˆâ–ˆâ–             | 92kB 34.9MB/s eta 0:00:01[K    63% |â–ˆâ–ˆâ–ˆâ–ˆâ–ˆâ–ˆâ–ˆâ–ˆâ–ˆâ–ˆâ–ˆâ–ˆâ–ˆâ–ˆâ–ˆâ–ˆâ–ˆâ–ˆâ–ˆâ–ˆâ–           | 102kB 33.9MB/s eta 0:00:01[K    69% |â–ˆâ–ˆâ–ˆâ–ˆâ–ˆâ–ˆâ–ˆâ–ˆâ–ˆâ–ˆâ–ˆâ–ˆâ–ˆâ–ˆâ–ˆâ–ˆâ–ˆâ–ˆâ–ˆâ–ˆâ–ˆâ–ˆâ–Ž         | 112kB 34.3MB/s eta 0:00:01[K    75% |â–ˆâ–ˆâ–ˆâ–ˆâ–ˆâ–ˆâ–ˆâ–ˆâ–ˆâ–ˆâ–ˆâ–ˆâ–ˆâ–ˆâ–ˆâ–ˆâ–ˆâ–ˆâ–ˆâ–ˆâ–ˆâ–ˆâ–ˆâ–ˆâ–Ž       | 122kB 34.4MB/s eta 0:00:01[K    82% |â–ˆâ–ˆâ–ˆâ–ˆâ–ˆâ–ˆâ–ˆâ–ˆâ–ˆâ–ˆâ–ˆâ–ˆâ–ˆâ–ˆâ–ˆâ–ˆâ–ˆâ–ˆâ–ˆâ–ˆâ–ˆâ–ˆâ–ˆâ–ˆâ–ˆâ–ˆâ–Ž     | 133kB 33.5MB/s eta 0:00:01[K    88% |â–ˆâ–ˆâ–ˆâ–ˆâ–ˆâ–ˆâ–ˆâ–ˆâ–ˆâ–ˆâ–ˆâ–ˆâ–ˆâ–ˆâ–ˆâ–ˆâ–ˆâ–ˆâ–ˆâ–ˆâ–ˆâ–ˆâ–ˆâ–ˆâ–ˆâ–ˆâ–ˆâ–ˆâ–Ž   | 143kB 34.3MB/s eta 0:00:01[K    94% |â–ˆâ–ˆâ–ˆâ–ˆâ–ˆâ–ˆâ–ˆâ–ˆâ–ˆâ–ˆâ–ˆâ–ˆâ–ˆâ–ˆâ–ˆâ–ˆâ–ˆâ–ˆâ–ˆâ–ˆâ–ˆâ–ˆâ–ˆâ–ˆâ–ˆâ–ˆâ–ˆâ–ˆâ–ˆâ–ˆâ–Ž | 153kB 34.3MB/s eta 0:00:01[K    100% |â–ˆâ–ˆâ–ˆâ–ˆâ–ˆâ–ˆâ–ˆâ–ˆâ–ˆâ–ˆâ–ˆâ–ˆâ–ˆâ–ˆâ–ˆâ–ˆâ–ˆâ–ˆâ–ˆâ–ˆâ–ˆâ–ˆâ–ˆâ–ˆâ–ˆâ–ˆâ–ˆâ–ˆâ–ˆâ–ˆâ–ˆâ–ˆ| 163kB 4.2MB/s 
[?25hCollecting codecov
  Downloading codecov-2.0.15-py2.py3-none-any.whl
Collecting coverage
  Downloading coverage-4.5-cp27-cp27mu-manylinux1_x86_64.whl (199kB)
[?25l[K    5% |â–ˆâ–‹                              | 10kB 40.9MB/s eta 0:00:01[K    10% |â–ˆâ–ˆâ–ˆâ–Ž                            | 20kB 29.7MB/s eta 0:00:01[K    15% |â–ˆâ–ˆâ–ˆâ–ˆâ–ˆ                           | 30kB 32.3MB/s eta 0:00:01[K    20% |â–ˆâ–ˆâ–ˆâ–ˆâ–ˆâ–ˆâ–‹                         | 40kB 31.3MB/s eta 0:00:01[K    25% |â–ˆâ–ˆâ–ˆâ–ˆâ–ˆâ–ˆâ–ˆâ–ˆâ–                       | 51kB 31.0MB/s eta 0:00:01[K    30% |â–ˆâ–ˆâ–ˆâ–ˆâ–ˆâ–ˆâ–ˆâ–ˆâ–ˆâ–‰                      | 61kB 32.0MB/s eta 0:00:01[K    35% |â–ˆâ–ˆâ–ˆâ–ˆâ–ˆâ–ˆâ–ˆâ–ˆâ–ˆâ–ˆâ–ˆâ–Œ                    | 71kB 32.3MB/s eta 0:00:01[K    41% |â–ˆâ–ˆâ–ˆâ–ˆâ–ˆâ–ˆâ–ˆâ–ˆâ–ˆâ–ˆâ–ˆâ–ˆâ–ˆâ–                  | 81kB 32.1MB/s eta 0:00:01[K    46% |â–ˆâ–ˆâ–ˆâ–ˆâ–ˆâ–ˆâ–ˆâ–ˆâ–ˆâ–ˆâ–ˆâ–ˆâ–ˆâ–ˆâ–‰                 | 92kB 32.9MB/s eta 0:00:01[K    51% |â–ˆâ–ˆâ–ˆâ–ˆâ–ˆâ–ˆâ–ˆâ–ˆâ–ˆâ–ˆâ–ˆâ–ˆâ–ˆâ–ˆâ–ˆâ–ˆâ–               | 102kB 32.7MB/s eta 0:00:01[K    56% |â–ˆâ–ˆâ–ˆâ–ˆâ–ˆâ–ˆâ–ˆâ–ˆâ–ˆâ–ˆâ–ˆâ–ˆâ–ˆâ–ˆâ–ˆâ–ˆâ–ˆâ–ˆ              | 112kB 32.5MB/s eta 0:00:01[K    61% |â–ˆâ–ˆâ–ˆâ–ˆâ–ˆâ–ˆâ–ˆâ–ˆâ–ˆâ–ˆâ–ˆâ–ˆâ–ˆâ–ˆâ–ˆâ–ˆâ–ˆâ–ˆâ–ˆâ–Š            | 122kB 33.1MB/s eta 0:00:01[K    66% |â–ˆâ–ˆâ–ˆâ–ˆâ–ˆâ–ˆâ–ˆâ–ˆâ–ˆâ–ˆâ–ˆâ–ˆâ–ˆâ–ˆâ–ˆâ–ˆâ–ˆâ–ˆâ–ˆâ–ˆâ–ˆâ–          | 133kB 32.2MB/s eta 0:00:01[K    71% |â–ˆâ–ˆâ–ˆâ–ˆâ–ˆâ–ˆâ–ˆâ–ˆâ–ˆâ–ˆâ–ˆâ–ˆâ–ˆâ–ˆâ–ˆâ–ˆâ–ˆâ–ˆâ–ˆâ–ˆâ–ˆâ–ˆâ–ˆ         | 143kB 33.3MB/s eta 0:00:01[K    77% |â–ˆâ–ˆâ–ˆâ–ˆâ–ˆâ–ˆâ–ˆâ–ˆâ–ˆâ–ˆâ–ˆâ–ˆâ–ˆâ–ˆâ–ˆâ–ˆâ–ˆâ–ˆâ–ˆâ–ˆâ–ˆâ–ˆâ–ˆâ–ˆâ–‹       | 153kB 33.6MB/s eta 0:00:01[K    82% |â–ˆâ–ˆâ–ˆâ–ˆâ–ˆâ–ˆâ–ˆâ–ˆâ–ˆâ–ˆâ–ˆâ–ˆâ–ˆâ–ˆâ–ˆâ–ˆâ–ˆâ–ˆâ–ˆâ–ˆâ–ˆâ–ˆâ–ˆâ–ˆï¿½ï¿½ï¿½â–ˆâ–Ž     | 163kB 32.9MB/s eta 0:00:01[K    87% |â–ˆâ–ˆâ–ˆâ–ˆâ–ˆâ–ˆâ–ˆâ–ˆâ–ˆâ–ˆâ–ˆâ–ˆâ–ˆâ–ˆâ–ˆâ–ˆâ–ˆâ–ˆâ–ˆâ–ˆâ–ˆâ–ˆâ–ˆâ–ˆâ–ˆâ–ˆâ–ˆâ–ˆ    | 174kB 32.0MB/s eta 0:00:01[K    92% |â–ˆâ–ˆâ–ˆâ–ˆâ–ˆâ–ˆâ–ˆâ–ˆâ–ˆâ–ˆâ–ˆâ–ˆâ–ˆâ–ˆâ–ˆâ–ˆâ–ˆâ–ˆâ–ˆâ–ˆâ–ˆâ–ˆâ–ˆâ–ˆâ–ˆâ–ˆâ–ˆâ–ˆâ–ˆâ–‹  | 184kB 32.0MB/s eta 0:00:01[K    97% |â–ˆâ–ˆâ–ˆâ–ˆâ–ˆâ–ˆâ–ˆâ–ˆâ–ˆâ–ˆâ–ˆâ–ˆâ–ˆâ–ˆâ–ˆâ–ˆâ–ˆâ–ˆâ–ˆâ–ˆâ–ˆâ–ˆâ–ˆâ–ˆâ–ˆâ–ˆâ–ˆâ–ˆâ–ˆâ–ˆâ–ˆâ–Ž| 194kB 32.0MB/s eta 0:00:01[K    100% |â–ˆâ–ˆâ–ˆâ–ˆâ–ˆâ–ˆâ–ˆâ–ˆâ–ˆâ–ˆâ–ˆâ–ˆâ–ˆâ–ˆâ–ˆâ–ˆâ–ˆâ–ˆâ–ˆâ–ˆâ–ˆâ–ˆâ–ˆâ–ˆâ–ˆâ–ˆâ–ˆâ–ˆâ–ˆâ–ˆâ–ˆâ–ˆ| 204kB 3.7MB/s 
[?25hCollecting requests>=2.7.9 (from codecov)
  Downloading requests-2.18.4-py2.py3-none-any.whl (88kB)
[?25l[K    11% |â–ˆâ–ˆâ–ˆâ–Š                            | 10kB 38.2MB/s eta 0:00:01[K    23% |â–ˆâ–ˆâ–ˆâ–ˆâ–ˆâ–ˆâ–ˆâ–                        | 20kB 31.9MB/s eta 0:00:01[K    34% |â–ˆâ–ˆâ–ˆâ–ˆâ–ˆâ–ˆâ–ˆâ–ˆâ–ˆâ–ˆâ–ˆ                     | 30kB 34.1MB/s eta 0:00:01[K    46% |â–ˆâ–ˆâ–ˆâ–ˆâ–ˆâ–ˆâ–ˆâ–ˆâ–ˆâ–ˆâ–ˆâ–ˆâ–ˆâ–ˆâ–Š                 | 40kB 33.2MB/s eta 0:00:01[K    57% |â–ˆâ–ˆâ–ˆâ–ˆâ–ˆâ–ˆâ–ˆâ–ˆâ–ˆâ–ˆâ–ˆâ–ˆâ–ˆâ–ˆâ–ˆâ–ˆâ–ˆâ–ˆâ–Œ             | 51kB 33.1MB/s eta 0:00:01[K    69% |â–ˆâ–ˆâ–ˆâ–ˆâ–ˆâ–ˆâ–ˆâ–ˆâ–ˆâ–ˆâ–ˆâ–ˆâ–ˆâ–ˆâ–ˆâ–ˆâ–ˆâ–ˆâ–ˆâ–ˆâ–ˆâ–ˆâ–         | 61kB 34.2MB/s eta 0:00:01[K    80% |â–ˆâ–ˆâ–ˆâ–ˆâ–ˆâ–ˆâ–ˆâ–ˆâ–ˆâ–ˆâ–ˆâ–ˆâ–ˆâ–ˆâ–ˆâ–ˆâ–ˆâ–ˆâ–ˆâ–ˆâ–ˆâ–ˆâ–ˆâ–ˆâ–ˆâ–‰      | 71kB 33.8MB/s eta 0:00:01[K    92% |â–ˆâ–ˆâ–ˆâ–ˆâ–ˆâ–ˆâ–ˆâ–ˆâ–ˆâ–ˆâ–ˆâ–ˆâ–ˆâ–ˆâ–ˆâ–ˆâ–ˆâ–ˆâ–ˆâ–ˆâ–ˆâ–ˆâ–ˆâ–ˆâ–ˆâ–ˆâ–ˆâ–ˆâ–ˆâ–Œ  | 81kB 33.8MB/s eta 0:00:01[K    100% |â–ˆâ–ˆâ–ˆâ–ˆâ–ˆâ–ˆâ–ˆâ–ˆâ–ˆâ–ˆâ–ˆâ–ˆâ–ˆâ–ˆâ–ˆâ–ˆâ–ˆâ–ˆâ–ˆâ–ˆâ–ˆâ–ˆâ–ˆâ–ˆâ–ˆâ–ˆâ–ˆâ–ˆâ–ˆâ–ˆâ–ˆâ–ˆ| 92kB 6.5MB/s 
[?25hCollecting urllib3<1.23,>=1.21.1 (from requests>=2.7.9->codecov)
  Downloading urllib3-1.22-py2.py3-none-any.whl (132kB)
[?25l[K    7% |â–ˆâ–ˆâ–Œ                             | 10kB 39.2MB/s eta 0:00:01[K    15% |â–ˆâ–ˆâ–ˆâ–ˆâ–ˆ                           | 20kB 33.0MB/s eta 0:00:01[K    23% |â–ˆâ–ˆâ–ˆâ–ˆâ–ˆâ–ˆâ–ˆâ–                        | 30kB 34.7MB/s eta 0:00:01[K    30% |â–ˆâ–ˆâ–ˆâ–ˆâ–ˆâ–ˆâ–ˆâ–ˆâ–ˆâ–ˆ                      | 40kB 33.9MB/s eta 0:00:01[K    38% |â–ˆâ–ˆâ–ˆâ–ˆâ–ˆâ–ˆâ–ˆâ–ˆâ–ˆâ–ˆâ–ˆâ–ˆâ–                   | 51kB 33.2MB/s eta 0:00:01[K    46% |â–ˆâ–ˆâ–ˆâ–ˆâ–ˆâ–ˆâ–ˆâ–ˆâ–ˆâ–ˆâ–ˆâ–ˆâ–ˆâ–ˆâ–‰                 | 61kB 34.0MB/s eta 0:00:01[K    54% |â–ˆâ–ˆâ–ˆâ–ˆâ–ˆâ–ˆâ–ˆâ–ˆâ–ˆâ–ˆâ–ˆâ–ˆâ–ˆâ–ˆâ–ˆâ–ˆâ–ˆâ–              | 71kB 33.6MB/s eta 0:00:01[K    61% |â–ˆâ–ˆâ–ˆâ–ˆâ–ˆâ–ˆâ–ˆâ–ˆâ–ˆâ–ˆâ–ˆâ–ˆâ–ˆâ–ˆâ–ˆâ–ˆâ–ˆâ–ˆâ–ˆâ–‰            | 81kB 33.4MB/s eta 0:00:01[K    69% |â–ˆâ–ˆâ–ˆâ–ˆâ–ˆâ–ˆâ–ˆâ–ˆâ–ˆâ–ˆâ–ˆâ–ˆâ–ˆâ–ˆâ–ˆâ–ˆâ–ˆâ–ˆâ–ˆâ–ˆâ–ˆâ–ˆâ–Ž         | 92kB 34.2MB/s eta 0:00:01[K    77% |â–ˆâ–ˆâ–ˆâ–ˆâ–ˆâ–ˆâ–ˆâ–ˆâ–ˆâ–ˆâ–ˆâ–ˆâ–ˆâ–ˆâ–ˆâ–ˆâ–ˆâ–ˆâ–ˆâ–ˆâ–ˆâ–ˆâ–ˆâ–ˆâ–Š       | 102kB 34.0MB/s eta 0:00:01[K    85% |â–ˆâ–ˆâ–ˆâ–ˆâ–ˆâ–ˆâ–ˆâ–ˆâ–ˆâ–ˆâ–ˆâ–ˆâ–ˆâ–ˆâ–ˆâ–ˆâ–ˆâ–ˆâ–ˆâ–ˆâ–ˆâ–ˆâ–ˆâ–ˆâ–ˆâ–ˆâ–ˆâ–Ž    | 112kB 34.3MB/s eta 0:00:01[K    92% |â–ˆâ–ˆâ–ˆâ–ˆâ–ˆâ–ˆâ–ˆâ–ˆâ–ˆâ–ˆâ–ˆâ–ˆâ–ˆâ–ˆâ–ˆâ–ˆâ–ˆâ–ˆâ–ˆâ–ˆâ–ˆâ–ˆâ–ˆâ–ˆâ–ˆâ–ˆâ–ˆâ–ˆâ–ˆâ–Š  | 122kB 35.1MB/s eta 0:00:01[K    100% |â–ˆâ–ˆâ–ˆâ–ˆâ–ˆâ–ˆâ–ˆâ–ˆâ–ˆâ–ˆâ–ˆâ–ˆâ–ˆâ–ˆâ–ˆâ–ˆâ–ˆâ–ˆâ–ˆâ–ˆâ–ˆâ–ˆâ–ˆâ–ˆâ–ˆâ–ˆâ–ˆâ–ˆâ–ˆâ–ˆâ–ˆâ–ˆ| 133kB 5.1MB/s 
[?25hCollecting idna<2.7,>=2.5 (from requests>=2.7.9->codecov)
  Downloading idna-2.6-py2.py3-none-any.whl (56kB)
[?25l[K    18% |â–ˆâ–ˆâ–ˆâ–ˆâ–ˆâ–‰                          | 10kB 39.4MB/s eta 0:00:01[K    36% |â–ˆâ–ˆâ–ˆâ–ˆâ–ˆâ–ˆâ–ˆâ–ˆâ–ˆâ–ˆâ–ˆâ–‹                    | 20kB 31.5MB/s eta 0:00:01[K    54% |â–ˆâ–ˆâ–ˆâ–ˆâ–ˆâ–ˆâ–ˆâ–ˆâ–ˆâ–ˆâ–ˆâ–ˆâ–ˆâ–ˆâ–ˆâ–ˆâ–ˆâ–              | 30kB 33.8MB/s eta 0:00:01[K    72% |â–ˆâ–ˆâ–ˆâ–ˆâ–ˆâ–ˆâ–ˆâ–ˆâ–ˆâ–ˆâ–ˆâ–ˆâ–ˆâ–ˆâ–ˆâ–ˆâ–ˆâ–ˆâ–ˆâ–ˆâ–ˆâ–ˆâ–ˆâ–        | 40kB 33.2MB/s eta 0:00:01[K    90% |â–ˆâ–ˆâ–ˆâ–ˆâ–ˆâ–ˆâ–ˆâ–ˆâ–ˆâ–ˆâ–ˆâ–ˆâ–ˆâ–ˆâ–ˆâ–ˆâ–ˆâ–ˆâ–ˆâ–ˆâ–ˆâ–ˆâ–ˆâ–ˆâ–ˆâ–ˆâ–ˆâ–ˆâ–ˆ   | 51kB 33.2MB/s eta 0:00:01[K    100% |â–ˆâ–ˆâ–ˆâ–ˆâ–ˆâ–ˆâ–ˆâ–ˆâ–ˆâ–ˆâ–ˆâ–ˆâ–ˆâ–ˆâ–ˆâ–ˆâ–ˆâ–ˆâ–ˆâ–ˆâ–ˆâ–ˆâ–ˆâ–ˆâ–ˆâ–ˆâ–ˆâ–ˆâ–ˆâ–ˆâ–ˆâ–ˆ| 61kB 6.2MB/s 
[?25hCollecting chardet<3.1.0,>=3.0.2 (from requests>=2.7.9->codecov)
  Downloading chardet-3.0.4-py2.py3-none-any.whl (133kB)
[?25l[K    7% |â–ˆâ–ˆâ–Œ                             | 10kB 37.9MB/s eta 0:00:01[K    15% |â–ˆâ–ˆâ–ˆâ–ˆâ–ˆ                           | 20kB 31.1MB/s eta 0:00:01[K    23% |â–ˆâ–ˆâ–ˆâ–ˆâ–ˆâ–ˆâ–ˆâ–                        | 30kB 33.8MB/s eta 0:00:01[K    30% |â–ˆâ–ˆâ–ˆâ–ˆâ–ˆâ–ˆâ–ˆâ–ˆâ–ˆâ–‰                      | 40kB 33.3MB/s eta 0:00:01[K    38% |â–ˆâ–ˆâ–ˆâ–ˆâ–ˆâ–ˆâ–ˆâ–ˆâ–ˆâ–ˆâ–ˆâ–ˆâ–Ž                   | 51kB 32.6MB/s eta 0:00:01[K    46% |â–ˆâ–ˆâ–ˆâ–ˆâ–ˆâ–ˆâ–ˆâ–ˆâ–ˆâ–ˆâ–ˆâ–ˆâ–ˆâ–ˆâ–Š                 | 61kB 32.3MB/s eta 0:00:01[K    53% |â–ˆâ–ˆâ–ˆâ–ˆâ–ˆâ–ˆâ–ˆâ–ˆâ–ˆâ–ˆâ–ˆâ–ˆâ–ˆâ–ˆâ–ˆâ–ˆâ–ˆâ–              | 71kB 32.0MB/s eta 0:00:01[K    61% |â–ˆâ–ˆâ–ˆâ–ˆâ–ˆâ–ˆâ–ˆâ–ˆâ–ˆâ–ˆâ–ˆâ–ˆâ–ˆâ–ˆâ–ˆâ–ˆâ–ˆâ–ˆâ–ˆâ–‹            | 81kB 32.0MB/s eta 0:00:01[K    69% |â–ˆâ–ˆâ–ˆâ–ˆâ–ˆâ–ˆâ–ˆâ–ˆâ–ˆâ–ˆâ–ˆâ–ˆâ–ˆâ–ˆâ–ˆâ–ˆâ–ˆâ–ˆâ–ˆâ–ˆâ–ˆâ–ˆâ–         | 92kB 32.8MB/s eta 0:00:01[K    76% |â–ˆâ–ˆâ–ˆâ–ˆâ–ˆâ–ˆâ–ˆâ–ˆâ–ˆâ–ˆâ–ˆâ–ˆâ–ˆâ–ˆâ–ˆâ–ˆâ–ˆâ–ˆâ–ˆâ–ˆâ–ˆâ–ˆâ–ˆâ–ˆâ–‹       | 102kB 32.7MB/s eta 0:00:01[K    84% |â–ˆâ–ˆâ–ˆâ–ˆâ–ˆâ–ˆâ–ˆâ–ˆâ–ˆâ–ˆâ–ˆâ–ˆâ–ˆâ–ˆâ–ˆâ–ˆâ–ˆâ–ˆâ–ˆâ–ˆâ–ˆâ–ˆâ–ˆâ–ˆâ–ˆâ–ˆâ–ˆ     | 112kB 32.9MB/s eta 0:00:01[K    92% |â–ˆâ–ˆâ–ˆâ–ˆâ–ˆâ–ˆâ–ˆâ–ˆâ–ˆâ–ˆâ–ˆâ–ˆâ–ˆâ–ˆâ–ˆâ–ˆâ–ˆâ–ˆâ–ˆâ–ˆâ–ˆâ–ˆâ–ˆâ–ˆâ–ˆâ–ˆâ–ˆâ–ˆâ–ˆâ–Œ  | 122kB 33.7MB/s eta 0:00:01[K    99% |â–ˆâ–ˆâ–ˆâ–ˆâ–ˆâ–ˆâ–ˆâ–ˆâ–ˆâ–ˆâ–ˆâ–ˆâ–ˆâ–ˆâ–ˆâ–ˆâ–ˆâ–ˆâ–ˆâ–ˆâ–ˆâ–ˆâ–ˆâ–ˆâ–ˆâ–ˆâ–ˆâ–ˆâ–ˆâ–ˆâ–ˆâ–ˆ| 133kB 33.3MB/s eta 0:00:01[K    100% |â–ˆâ–ˆâ–ˆâ–ˆâ–ˆâ–ˆâ–ˆâ–ˆâ–ˆâ–ˆâ–ˆâ–ˆâ–ˆâ–ˆâ–ˆâ–ˆâ–ˆâ–ˆâ–ˆâ–ˆâ–ˆâ–ˆâ–ˆâ–ˆâ–ˆâ–ˆâ–ˆâ–ˆâ–ˆâ–ˆâ–ˆâ–ˆ| 143kB 5.1MB/s 
[?25hRequirement already satisfied: certifi>=2017.4.17 in /home/travis/miniconda2/envs/pychron-test/lib/python2.7/site-packages (from requests>=2.7.9->codecov)
Building wheels for collected packages: uncertainties, pint
  Running setup.py bdist_wheel for uncertainties ... [?25l- done
[?25h  Stored in directory: /home/travis/.cache/pip/wheels/5a/c6/b5/fa008b03fae830511862dea3654a498c829983a65e7f0bf9c1
  Running setup.py bdist_wheel for pint ... [?25l- \ done
[?25h  Stored in directory: /home/travis/.cache/pip/wheels/eb/4a/fd/4598c33759911844c4b34e87fbd9106bb5919f82af165937bb
Successfully built uncertainties pint
Installing collected packages: uncertainties, pint, urllib3, idna, chardet, requests, coverage, codecov
Successfully installed chardet-3.0.4 codecov-2.0.15 coverage-4.5 idna-2.6 pint-0.8.1 requests-2.18.4 uncertainties-3.0.2 urllib3-1.22

travis_time:end:13867e2a:start=1517868869433553173,finish=1517868876764149958,duration=7330596785[0Ktravis_fold:end:install.4[0Ktravis_time:start:009323ac[0K$ coverage run setup.py test
running test
running egg_info
creating pychron.egg-info
writing pychron.egg-info/PKG-INFO
writing top-level names to pychron.egg-info/top_level.txt
writing dependency_links to pychron.egg-info/dependency_links.txt
writing manifest file 'pychron.egg-info/SOURCES.txt'
reading manifest file 'pychron.egg-info/SOURCES.txt'
writing manifest file 'pychron.egg-info/SOURCES.txt'
running build_ext
/home/travis/miniconda2/envs/pychron-test/lib/python2.7/site-packages/statsmodels/compat/pandas.py:56: FutureWarning: The pandas.core.datetools module is deprecated and will be removed in a future version. Please use the pandas.tseries module instead.
  from pandas.core import datetools
test_36_count_xs (pychron.data_mapper.tests.nu_file_source.NuFileSourceUnittest) ... ok
test_36_count_ys (pychron.data_mapper.tests.nu_file_source.NuFileSourceUnittest) ... ok
test_37_count_xs (pychron.data_mapper.tests.nu_file_source.NuFileSourceUnittest) ... ok
test_37_count_ys (pychron.data_mapper.tests.nu_file_source.NuFileSourceUnittest) ... ok
test_38_count_xs (pychron.data_mapper.tests.nu_file_source.NuFileSourceUnittest) ... ok
test_38_count_ys (pychron.data_mapper.tests.nu_file_source.NuFileSourceUnittest) ... ok
test_39_count_xs (pychron.data_mapper.tests.nu_file_source.NuFileSourceUnittest) ... ok
test_39_count_ys (pychron.data_mapper.tests.nu_file_source.NuFileSourceUnittest) ... ok
test_40_count_xs (pychron.data_mapper.tests.nu_file_source.NuFileSourceUnittest) ... ok
test_40_count_ys (pychron.data_mapper.tests.nu_file_source.NuFileSourceUnittest) ... ok
test_runid (pychron.data_mapper.tests.nu_file_source.NuFileSourceUnittest) ... ok
test_timestamp (pychron.data_mapper.tests.nu_file_source.NuFileSourceUnittest) ... ok
test_uuid (pychron.data_mapper.tests.nu_file_source.NuFileSourceUnittest) ... ok
test_36_count_xs (pychron.data_mapper.tests.usgs_vsc_file_source.USGSVSCFileSourceUnittest) ... ok
test_36_count_ys (pychron.data_mapper.tests.usgs_vsc_file_source.USGSVSCFileSourceUnittest) ... ok
test_37_count_xs (pychron.data_mapper.tests.usgs_vsc_file_source.USGSVSCFileSourceUnittest) ... ok
test_37_count_ys (pychron.data_mapper.tests.usgs_vsc_file_source.USGSVSCFileSourceUnittest) ... ok
test_38_count_xs (pychron.data_mapper.tests.usgs_vsc_file_source.USGSVSCFileSourceUnittest) ... ok
test_38_count_ys (pychron.data_mapper.tests.usgs_vsc_file_source.USGSVSCFileSourceUnittest) ... ok
test_39_count_xs (pychron.data_mapper.tests.usgs_vsc_file_source.USGSVSCFileSourceUnittest) ... ok
test_39_count_ys (pychron.data_mapper.tests.usgs_vsc_file_source.USGSVSCFileSourceUnittest) ... ok
test_40_count_xs (pychron.data_mapper.tests.usgs_vsc_file_source.USGSVSCFileSourceUnittest) ... ok
test_40_count_ys (pychron.data_mapper.tests.usgs_vsc_file_source.USGSVSCFileSourceUnittest) ... ok
test_irradiation (pychron.data_mapper.tests.usgs_vsc_file_source.USGSVSCFileSourceUnittest) ... ok
test_j (pychron.data_mapper.tests.usgs_vsc_file_source.USGSVSCFileSourceUnittest) ... ok
test_j_err (pychron.data_mapper.tests.usgs_vsc_file_source.USGSVSCFileSourceUnittest) ... ok
test_level (pychron.data_mapper.tests.usgs_vsc_file_source.USGSVSCFileSourceUnittest) ... ok
test_material (pychron.data_mapper.tests.usgs_vsc_file_source.USGSVSCFileSourceUnittest) ... ok
test_project (pychron.data_mapper.tests.usgs_vsc_file_source.USGSVSCFileSourceUnittest) ... ok
test_runid (pychron.data_mapper.tests.usgs_vsc_file_source.USGSVSCFileSourceUnittest) ... ok
test_sample (pychron.data_mapper.tests.usgs_vsc_file_source.USGSVSCFileSourceUnittest) ... ok
test_timestamp (pychron.data_mapper.tests.usgs_vsc_file_source.USGSVSCFileSourceUnittest) ... ok
test_uuid (pychron.data_mapper.tests.usgs_vsc_file_source.USGSVSCFileSourceUnittest) ... ok
test_3637 (pychron.data_mapper.tests.usgs_vsc_file_source.USGSVSCIrradiationSourceUnittest) ... ok
test_3837 (pychron.data_mapper.tests.usgs_vsc_file_source.USGSVSCIrradiationSourceUnittest) ... ok
test_3839 (pychron.data_mapper.tests.usgs_vsc_file_source.USGSVSCIrradiationSourceUnittest) ... ok
test_3937 (pychron.data_mapper.tests.usgs_vsc_file_source.USGSVSCIrradiationSourceUnittest) ... ok
test_4039 (pychron.data_mapper.tests.usgs_vsc_file_source.USGSVSCIrradiationSourceUnittest) ... ok
test_doses (pychron.data_mapper.tests.usgs_vsc_file_source.USGSVSCIrradiationSourceUnittest) ... ok
test_name (pychron.data_mapper.tests.usgs_vsc_file_source.USGSVSCIrradiationSourceUnittest) ... ok
test_map_mass_to_dac (pychron.spectrometer.tests.mftable.MFTableTestCase) ... No handlers could be found for logger "FieldTable                              "
ok
test_mass_func (pychron.spectrometer.tests.mftable.MFTableTestCase) ... ok
test_discrete1 (pychron.spectrometer.tests.mftable.DiscreteMFTableTestCase) ... ERROR
test_mass_func (pychron.spectrometer.tests.mftable.DiscreteMFTableTestCase) ... ERROR
test_missing (pychron.spectrometer.tests.mftable.DiscreteMFTableTestCase) ... ERROR
test_generate_hops (pychron.experiment.tests.peak_hop_parse.PeakHopTxtCase) ... ok
test_parse_baseline (pychron.experiment.tests.peak_hop_parse.PeakHopTxtCase) ... ok
test_parse_hop1 (pychron.experiment.tests.peak_hop_parse.PeakHopTxtCase) ... ok
test_hop1_counts (pychron.experiment.tests.peak_hop_parse.PeakHopYamlCase1) ... ok
test_hop1_detectors (pychron.experiment.tests.peak_hop_parse.PeakHopYamlCase1) ... ok
test_hop1_settle (pychron.experiment.tests.peak_hop_parse.PeakHopYamlCase1) ... ok
test_hop2_counts (pychron.experiment.tests.peak_hop_parse.PeakHopYamlCase1) ... ok
test_hop2_detectors (pychron.experiment.tests.peak_hop_parse.PeakHopYamlCase1) ... ok
test_hop2_settle (pychron.experiment.tests.peak_hop_parse.PeakHopYamlCase1) ... ok
test_hop1_deflections (pychron.experiment.tests.peak_hop_parse.PeakHopYamlCase2) ... ok
test_hop2_deflections (pychron.experiment.tests.peak_hop_parse.PeakHopYamlCase2) ... ok
test_calc_rotation_east_clockwise (pychron.canvas.canvas2D.tests.calibration_item.CalibrationObjectTestCase) ... ok
test_calc_rotation_east_counter_clockwise (pychron.canvas.canvas2D.tests.calibration_item.CalibrationObjectTestCase) ... ok
test_calc_rotation_north_clockwise (pychron.canvas.canvas2D.tests.calibration_item.CalibrationObjectTestCase) ... ok
test_calc_rotation_north_counter_clockwise (pychron.canvas.canvas2D.tests.calibration_item.CalibrationObjectTestCase) ... ok
test_calc_rotation_south_clockwise (pychron.canvas.canvas2D.tests.calibration_item.CalibrationObjectTestCase) ... ok
test_calc_rotation_south_counter_clockwise (pychron.canvas.canvas2D.tests.calibration_item.CalibrationObjectTestCase) ... ok
test_calc_rotation_west_clockwise (pychron.canvas.canvas2D.tests.calibration_item.CalibrationObjectTestCase) ... x=-1, y=1, cx=0.0, cy=0.0
ok
test_calc_rotation_west_counter_clockwise (pychron.canvas.canvas2D.tests.calibration_item.CalibrationObjectTestCase) ... x=-1, y=-1, cx=0.0, cy=0.0
ok
test_prob (pychron.experiment.tests.duration_tracker.DurationTrackerTestCase) ... ok
test_prob2 (pychron.experiment.tests.duration_tracker.DurationTrackerTestCase) ... ok
test_spell_correct1 (pychron.core.tests.spell_correct.SpellCorrectTestCase) ... ok
test_spell_correct2 (pychron.core.tests.spell_correct.SpellCorrectTestCase) ... ok
test_and_ufloats (pychron.core.tests.filtering_tests.FilteringTestCase) ... ok
test_multichar_str (pychron.core.tests.filtering_tests.FilteringTestCase) ... ok
test_or_indices (pychron.core.tests.filtering_tests.FilteringTestCase) ... ok
test_or_items (pychron.core.tests.filtering_tests.FilteringTestCase) ... ok
test_or_ufloats (pychron.core.tests.filtering_tests.FilteringTestCase) ... ok
test_or_ufloats_percent (pychron.core.tests.filtering_tests.FilteringTestCase) ... ok
test_sigma_filter_masked (pychron.core.tests.filtering_tests.FilteringTestCase) ... ok
test_sigma_filter_masked2 (pychron.core.tests.filtering_tests.FilteringTestCase) ... ok
test_sigma_filter_masked3 (pychron.core.tests.filtering_tests.FilteringTestCase) ... ok
test_ufloats (pychron.core.tests.filtering_tests.FilteringTestCase) ... ok
test_find_max_peaks (pychron.core.stats.tests.peak_detection_test.MultiPeakDetectionTestCase) ... ok
test_find_min_peaks (pychron.core.stats.tests.peak_detection_test.MultiPeakDetectionTestCase) ... ok
test_max_peak_x (pychron.core.stats.tests.peak_detection_test.MultiPeakDetectionTestCase) ... ok
test_max_peak_x2 (pychron.core.stats.tests.peak_detection_test.MultiPeakDetectionTestCase) ... ok
test3 (pychron.experiment.tests.repository_identifier.ExperimentIdentifierTestCase) ... ok
test_circumference_holes (pychron.stage.tests.stage_map.StageMapTestCase) ... ok
test_circumference_holes2 (pychron.stage.tests.stage_map.StageMapTestCase) ... ok
test_generate_interpolation (pychron.stage.tests.stage_map.StageMapTestCase) ... ok
test_generate_interpolation_no_end (pychron.stage.tests.stage_map.StageMapTestCase) ... ok
test_generate_interpolation_no_mid (pychron.stage.tests.stage_map.StageMapTestCase) ... ok
test_generate_interpolation_no_points (pychron.stage.tests.stage_map.StageMapTestCase) ... ok
test_generate_interpolation_no_start (pychron.stage.tests.stage_map.StageMapTestCase) ... ok
test_mid_holes (pychron.stage.tests.stage_map.StageMapTestCase) ... ok
test_row_ends (pychron.stage.tests.stage_map.StageMapTestCase) ... ok
test_row_ends2 (pychron.stage.tests.stage_map.StageMapTestCase) ... ok
test_itransform_point (pychron.stage.tests.stage_map.TransformTestCase) ... ok
test_itransform_point_nrot (pychron.stage.tests.stage_map.TransformTestCase) ... ok
test_itransform_point_ntran_nrot (pychron.stage.tests.stage_map.TransformTestCase) ... ok
test_transform_point (pychron.stage.tests.stage_map.TransformTestCase) ... ok
test_transform_point2 (pychron.stage.tests.stage_map.TransformTestCase) ... ok
test_transform_point3 (pychron.stage.tests.stage_map.TransformTestCase) ... ok
test_transform_point4 (pychron.stage.tests.stage_map.TransformTestCase) ... ok
test_transform_point_nrot (pychron.stage.tests.stage_map.TransformTestCase) ... ok
test_transform_point_ntran_nrot (pychron.stage.tests.stage_map.TransformTestCase) ... ok
test_transform_point_ntrans (pychron.stage.tests.stage_map.TransformTestCase) ... ok
test_unique_date_path (pychron.experiment.tests.backup.BackupTestCase) ... ok
test_unique_date_path_dash (pychron.experiment.tests.backup.BackupTestCase) ... ok
test_unique_date_path_underscore (pychron.experiment.tests.backup.BackupTestCase) ... ok
test_pprint (pychron.core.xml.tests.xml_parser.XMLParserTestCase) ... ok
test_pprint1 (pychron.core.xml.tests.xml_parser.XMLParserTestCase) ... ok
test_pprint2 (pychron.core.xml.tests.xml_parser.XMLParserTestCase) ... ok
test_pprint4 (pychron.core.xml.tests.xml_parser.XMLParserTestCase) ... ok
test_pprint5 (pychron.core.xml.tests.xml_parser.XMLParserTestCase) ... ok
test_pprint_initialization (pychron.core.xml.tests.xml_parser.XMLParserTestCase) ... ok
test_den (pychron.processing.tests.ratio.RatioTestCase) ... ok
test_float_value (pychron.processing.tests.ratio.RatioTestCase) ... ok
test_int_value (pychron.processing.tests.ratio.RatioTestCase) ... ok
test_nom (pychron.processing.tests.ratio.RatioTestCase) ... ok
test_tuple1 (pychron.processing.tests.ratio.RatioTestCase) ... ok
test_tuple2 (pychron.processing.tests.ratio.RatioTestCase) ... ok
test_execute_snippet (pychron.pyscripts.tests.measurement_pyscript.InterpolationTestCase) ... ok
test_execute_snippet_fail (pychron.pyscripts.tests.measurement_pyscript.InterpolationTestCase) ... ok
test_fail_attr (pychron.pyscripts.tests.measurement_pyscript.InterpolationTestCase) ... ok
test_float (pychron.pyscripts.tests.measurement_pyscript.InterpolationTestCase) ... ok
test_warm_cdd (pychron.pyscripts.tests.measurement_pyscript.InterpolationTestCase) ... ok
test_mx (pychron.pyscripts.tests.measurement_pyscript.DocstrContextTestCase) ... ok
test_mx_baseline_counts (pychron.pyscripts.tests.measurement_pyscript.DocstrContextTestCase) ... ok
test_mx_multicollect_counts (pychron.pyscripts.tests.measurement_pyscript.DocstrContextTestCase) ... ok
testN (pychron.core.regression.tests.regression.OLSRegressionTest) ... ok
testPredictErrorSEM (pychron.core.regression.tests.regression.OLSRegressionTest) ... ok
testSlope (pychron.core.regression.tests.regression.OLSRegressionTest) ... ok
testYIntercept (pychron.core.regression.tests.regression.OLSRegressionTest) ... ok
testN (pychron.core.regression.tests.regression.OLSRegressionTest2) ... ok
testcoefficients (pychron.core.regression.tests.regression.OLSRegressionTest2) ... ok
testMean (pychron.core.regression.tests.regression.MeanRegressionTest) ... ok
testN (pychron.core.regression.tests.regression.MeanRegressionTest) ... ok
testStd (pychron.core.regression.tests.regression.MeanRegressionTest) ... ok
testN (pychron.core.regression.tests.regression.FilterOLSRegressionTest) ... ok
testPredictErrorSEM (pychron.core.regression.tests.regression.FilterOLSRegressionTest) ... ok
testSlope (pychron.core.regression.tests.regression.FilterOLSRegressionTest) ... ok
testYIntercept (pychron.core.regression.tests.regression.FilterOLSRegressionTest) ... ok
test_find_plateaus_exclude_pass (pychron.processing.tests.plateau.PlateauTestCase) ... ok
test_find_plateaus_fail1 (pychron.processing.tests.plateau.PlateauTestCase) ... ok
test_find_plateaus_pass1 (pychron.processing.tests.plateau.PlateauTestCase) ... ok
test_find_plateaus_pass2 (pychron.processing.tests.plateau.PlateauTestCase) ... ok
test_find_plateaus_real_fail (pychron.processing.tests.plateau.PlateauTestCase) ... ok
test_extract_pipette_explicit (pychron.external_pipette.tests.external_pipette.ExternalPipetteTestCase) ... ok
test_extract_pipette_explicit_invalid_name (pychron.external_pipette.tests.external_pipette.ExternalPipetteTestCase) ... ok
test_extract_pipette_implicit (pychron.external_pipette.tests.external_pipette.ExternalPipetteTestCase) ... ok
test_extract_pipette_timeout (pychron.external_pipette.tests.external_pipette.ExternalPipetteTestCase) ... ok
test_waitfor_dev (pychron.pyscripts.tests.extraction_script.WaitForTestCase) ... ok
test_waitfor_func (pychron.pyscripts.tests.extraction_script.WaitForTestCase) ... ok
test_waitfor_timeout (pychron.pyscripts.tests.extraction_script.WaitForTestCase) ... ok
test_waitfor_timing (pychron.pyscripts.tests.extraction_script.WaitForTestCase) ... ok
test_double_mixed_xyz_pass (pychron.experiment.tests.position_regex_test.XYTestCase) ... ok
test_double_pass (pychron.experiment.tests.position_regex_test.XYTestCase) ... ok
test_double_xyz_pass (pychron.experiment.tests.position_regex_test.XYTestCase) ... ok
test_leading_delim (pychron.experiment.tests.position_regex_test.XYTestCase) ... ok
test_single_fail1 (pychron.experiment.tests.position_regex_test.XYTestCase) ... ok
test_single_fail2 (pychron.experiment.tests.position_regex_test.XYTestCase) ... ok
test_single_fail3 (pychron.experiment.tests.position_regex_test.XYTestCase) ... ok
test_single_fail4 (pychron.experiment.tests.position_regex_test.XYTestCase) ... ok
test_single_pass (pychron.experiment.tests.position_regex_test.XYTestCase) ... ok
test_single_xyz_pass (pychron.experiment.tests.position_regex_test.XYTestCase) ... ok
test_trailing_comma (pychron.experiment.tests.position_regex_test.XYTestCase) ... ok
test_trailing_delim (pychron.experiment.tests.position_regex_test.XYTestCase) ... ok
test_after (pychron.experiment.tests.frequency_test.FrequencyTestCase) ... ok
test_after_subset1 (pychron.experiment.tests.frequency_test.FrequencyTestCase) ... ok
test_after_subset2 (pychron.experiment.tests.frequency_test.FrequencyTestCase) ... ok
test_after_subset3 (pychron.experiment.tests.frequency_test.FrequencyTestCase) ... ok
test_before (pychron.experiment.tests.frequency_test.FrequencyTestCase) ... ok
test_before_and_after (pychron.experiment.tests.frequency_test.FrequencyTestCase) ... ok
test_not_before_or_after (pychron.experiment.tests.frequency_test.FrequencyTestCase) ... ok
test_not_before_or_after3 (pychron.experiment.tests.frequency_test.FrequencyTestCase) ... ok
test_fail_validate1 (pychron.experiment.tests.frequency_test.FrequencyTemplateTestCase) ... ok
test_fail_validate2 (pychron.experiment.tests.frequency_test.FrequencyTemplateTestCase) ... ok
test_fail_validate3 (pychron.experiment.tests.frequency_test.FrequencyTemplateTestCase) ... ok
test_fail_validate4 (pychron.experiment.tests.frequency_test.FrequencyTemplateTestCase) ... ok
test_fail_validate5 (pychron.experiment.tests.frequency_test.FrequencyTemplateTestCase) ... ok
test_fail_validate6 (pychron.experiment.tests.frequency_test.FrequencyTemplateTestCase) ... ok
test_fail_validate7 (pychron.experiment.tests.frequency_test.FrequencyTemplateTestCase) ... ok
test_fail_validate8 (pychron.experiment.tests.frequency_test.FrequencyTemplateTestCase) ... ok
test_fail_validate9 (pychron.experiment.tests.frequency_test.FrequencyTemplateTestCase) ... ok
test_parse1 (pychron.experiment.tests.frequency_test.FrequencyTemplateTestCase) ... ok
test_parse2 (pychron.experiment.tests.frequency_test.FrequencyTemplateTestCase) ... ok
test_parse3 (pychron.experiment.tests.frequency_test.FrequencyTemplateTestCase) ... ok
test_parse4 (pychron.experiment.tests.frequency_test.FrequencyTemplateTestCase) ... ok
test_pass_validate1 (pychron.experiment.tests.frequency_test.FrequencyTemplateTestCase) ... ok
test_pass_validate10 (pychron.experiment.tests.frequency_test.FrequencyTemplateTestCase) ... ok
test_pass_validate2 (pychron.experiment.tests.frequency_test.FrequencyTemplateTestCase) ... ok
test_pass_validate3 (pychron.experiment.tests.frequency_test.FrequencyTemplateTestCase) ... ok
test_pass_validate4 (pychron.experiment.tests.frequency_test.FrequencyTemplateTestCase) ... ok
test_pass_validate5 (pychron.experiment.tests.frequency_test.FrequencyTemplateTestCase) ... ok
test_pass_validate6 (pychron.experiment.tests.frequency_test.FrequencyTemplateTestCase) ... ok
test_pass_validate7 (pychron.experiment.tests.frequency_test.FrequencyTemplateTestCase) ... ok
test_pass_validate8 (pychron.experiment.tests.frequency_test.FrequencyTemplateTestCase) ... ok
test_pass_validate9 (pychron.experiment.tests.frequency_test.FrequencyTemplateTestCase) ... ok
test_template_compress (pychron.experiment.tests.frequency_test.FrequencyTemplateTestCase) ... ok
test_template_end (pychron.experiment.tests.frequency_test.FrequencyTemplateTestCase) ... ok
test_template_end2 (pychron.experiment.tests.frequency_test.FrequencyTemplateTestCase) ... ok
test_template_start (pychron.experiment.tests.frequency_test.FrequencyTemplateTestCase) ... ok
test_template_start2 (pychron.experiment.tests.frequency_test.FrequencyTemplateTestCase) ... ok
test_template_start_end (pychron.experiment.tests.frequency_test.FrequencyTemplateTestCase) ... ok
test_template_start_end2 (pychron.experiment.tests.frequency_test.FrequencyTemplateTestCase) ... ok
test_template_start_end_ex (pychron.experiment.tests.frequency_test.FrequencyTemplateTestCase) ... ok
test_template_start_end_ex2 (pychron.experiment.tests.frequency_test.FrequencyTemplateTestCase) ... ok
test_template_start_end_ex3 (pychron.experiment.tests.frequency_test.FrequencyTemplateTestCase) ... ok
test_template_start_end_idx (pychron.experiment.tests.frequency_test.FrequencyTemplateTestCase) ... ok
test_template_start_end_idx2 (pychron.experiment.tests.frequency_test.FrequencyTemplateTestCase) ... ok
test_template_start_idx (pychron.experiment.tests.frequency_test.FrequencyTemplateTestCase) ... ok
test_template_start_idx2 (pychron.experiment.tests.frequency_test.FrequencyTemplateTestCase) ... ok
test_template_start_idx3 (pychron.experiment.tests.frequency_test.FrequencyTemplateTestCase) ... ok
test_template_start_idx4 (pychron.experiment.tests.frequency_test.FrequencyTemplateTestCase) ... ok
test_renumber (pychron.experiment.tests.renumber_aliquot_test.RenumberAliquotTestCase) ... ok
test_Age (pychron.experiment.tests.conditionals.ConditionalsTestCase) ... ok
test_And (pychron.experiment.tests.conditionals.ConditionalsTestCase) ... ok
test_AndBetween (pychron.experiment.tests.conditionals.ConditionalsTestCase) ... ok
test_Average (pychron.experiment.tests.conditionals.ConditionalsTestCase) ... ok
test_AverageWindow (pychron.experiment.tests.conditionals.ConditionalsTestCase) ... ok
test_Baseline (pychron.experiment.tests.conditionals.ConditionalsTestCase) ... ok
test_BaselineCorrected (pychron.experiment.tests.conditionals.ConditionalsTestCase) ... ok
test_Between1 (pychron.experiment.tests.conditionals.ConditionalsTestCase) ... ok
test_Between2 (pychron.experiment.tests.conditionals.ConditionalsTestCase) ... ok
test_Between3 (pychron.experiment.tests.conditionals.ConditionalsTestCase) ... ok
test_Between4 (pychron.experiment.tests.conditionals.ConditionalsTestCase) ... ok
test_Between5 (pychron.experiment.tests.conditionals.ConditionalsTestCase) ... ok
test_Between6 (pychron.experiment.tests.conditionals.ConditionalsTestCase) ... ok
test_Between7 (pychron.experiment.tests.conditionals.ConditionalsTestCase) ... ok
test_Between8 (pychron.experiment.tests.conditionals.ConditionalsTestCase) ... ok
test_Between9 (pychron.experiment.tests.conditionals.ConditionalsTestCase) ... ok
test_BetweenModifier (pychron.experiment.tests.conditionals.ConditionalsTestCase) ... ok
test_Current (pychron.experiment.tests.conditionals.ConditionalsTestCase) ... ok
test_Deflection (pychron.experiment.tests.conditionals.ConditionalsTestCase) ... ok
test_Deflection2 (pychron.experiment.tests.conditionals.ConditionalsTestCase) ... ok
test_Inactive1 (pychron.experiment.tests.conditionals.ConditionalsTestCase) ... ok
test_Inactive2 (pychron.experiment.tests.conditionals.ConditionalsTestCase) ... ok
test_Mapper (pychron.experiment.tests.conditionals.ConditionalsTestCase) ... ok
test_Max (pychron.experiment.tests.conditionals.ConditionalsTestCase) ... ok
test_MaxBetween (pychron.experiment.tests.conditionals.ConditionalsTestCase) ... ok
test_Min (pychron.experiment.tests.conditionals.ConditionalsTestCase) ... ok
test_MinBetween (pychron.experiment.tests.conditionals.ConditionalsTestCase) ... ok
test_MinWindow (pychron.experiment.tests.conditionals.ConditionalsTestCase) ... ok
test_NotAge (pychron.experiment.tests.conditionals.ConditionalsTestCase) ... ok
test_NotAr40 (pychron.experiment.tests.conditionals.ConditionalsTestCase) ... ok
test_NotBetween (pychron.experiment.tests.conditionals.ConditionalsTestCase) ... ok
test_NotSlope (pychron.experiment.tests.conditionals.ConditionalsTestCase) ... ok
test_OrA (pychron.experiment.tests.conditionals.ConditionalsTestCase) ... ok
test_OrB (pychron.experiment.tests.conditionals.ConditionalsTestCase) ... ok
test_Pressure (pychron.experiment.tests.conditionals.ConditionalsTestCase) ... ok
test_Ratio (pychron.experiment.tests.conditionals.ConditionalsTestCase) ... ok
test_Slope (pychron.experiment.tests.conditionals.ConditionalsTestCase) ... ok
test_device (pychron.experiment.tests.conditionals.ConditionalsTestCase) ... ok
test_and_or (pychron.experiment.tests.conditionals.ParseConditionalsTestCase) ... ok
test_device (pychron.experiment.tests.conditionals.ParseConditionalsTestCase) ... ok
test_not (pychron.experiment.tests.conditionals.ParseConditionalsTestCase) ... ok
test_parse_deflection (pychron.experiment.tests.conditionals.ParseConditionalsTestCase) ... ok
test_parse_deflection2 (pychron.experiment.tests.conditionals.ParseConditionalsTestCase) ... ok
test_pressure (pychron.experiment.tests.conditionals.ParseConditionalsTestCase) ... ok
test_single (pychron.experiment.tests.conditionals.ParseConditionalsTestCase) ... ok
test_single_and (pychron.experiment.tests.conditionals.ParseConditionalsTestCase) ... ok
test_single_or (pychron.experiment.tests.conditionals.ParseConditionalsTestCase) ... ok
test_air (pychron.experiment.tests.identifier.IdentifierTestCase) ... ok
test_background (pychron.experiment.tests.identifier.IdentifierTestCase) ... ok
test_blank_air (pychron.experiment.tests.identifier.IdentifierTestCase) ... ok
test_blank_cocktail (pychron.experiment.tests.identifier.IdentifierTestCase) ... ok
test_blank_unknown (pychron.experiment.tests.identifier.IdentifierTestCase) ... ok
test_cocktail (pychron.experiment.tests.identifier.IdentifierTestCase) ... ok
test_degas (pychron.experiment.tests.identifier.IdentifierTestCase) ... ok
test_detector_ic (pychron.experiment.tests.identifier.IdentifierTestCase) ... ok
test_pause (pychron.experiment.tests.identifier.IdentifierTestCase) ... ok
test_unknown (pychron.experiment.tests.identifier.IdentifierTestCase) ... ok
test_render1 (pychron.experiment.tests.comment_template.CommentTemplaterTestCase) ... ok
test_render2 (pychron.experiment.tests.comment_template.CommentTemplaterTestCase) ... ok
test_render3 (pychron.experiment.tests.comment_template.CommentTemplaterTestCase) ... ok
test_convert_to_scientific1 (pychron.core.helpers.tests.floatfmt.FloatfmtTestCase) ... skipped 'debugging'
test_convert_to_scientific2 (pychron.core.helpers.tests.floatfmt.FloatfmtTestCase) ... skipped 'debugging'
test_convert_to_scientific3 (pychron.core.helpers.tests.floatfmt.FloatfmtTestCase) ... skipped 'debugging'
test_hundreds (pychron.core.helpers.tests.floatfmt.FloatfmtTestCase) ... skipped 'debugging'
test_hundreths (pychron.core.helpers.tests.floatfmt.FloatfmtTestCase) ... skipped 'debugging'
test_rounding (pychron.core.helpers.tests.floatfmt.FloatfmtTestCase) ... ok
test_rounding2 (pychron.core.helpers.tests.floatfmt.FloatfmtTestCase) ... ok
test_thousands (pychron.core.helpers.tests.floatfmt.FloatfmtTestCase) ... skipped 'debugging'
test_truncate (pychron.core.helpers.tests.floatfmt.FloatfmtTestCase) ... skipped 'debugging'
test_all_lowercase (pychron.core.helpers.tests.strtools.CamelCaseTestCase) ... ok
test_already_camelcase (pychron.core.helpers.tests.strtools.CamelCaseTestCase) ... ok
test_slash (pychron.core.helpers.tests.strtools.CamelCaseTestCase) ... ok
test_space (pychron.core.helpers.tests.strtools.CamelCaseTestCase) ... ok
test_underscore (pychron.core.helpers.tests.strtools.CamelCaseTestCase) ... ok

======================================================================
ERROR: test_discrete1 (pychron.spectrometer.tests.mftable.DiscreteMFTableTestCase)
----------------------------------------------------------------------
Traceback (most recent call last):
  File "/home/travis/build/NMGRL/pychron/pychron/spectrometer/tests/mftable.py", line 40, in setUp
    self.mftable.load_mftable(path=p)
AttributeError: 'FieldTable' object has no attribute 'load_mftable'

======================================================================
ERROR: test_mass_func (pychron.spectrometer.tests.mftable.DiscreteMFTableTestCase)
----------------------------------------------------------------------
Traceback (most recent call last):
  File "/home/travis/build/NMGRL/pychron/pychron/spectrometer/tests/mftable.py", line 40, in setUp
    self.mftable.load_mftable(path=p)
AttributeError: 'FieldTable' object has no attribute 'load_mftable'

======================================================================
ERROR: test_missing (pychron.spectrometer.tests.mftable.DiscreteMFTableTestCase)
----------------------------------------------------------------------
Traceback (most recent call last):
  File "/home/travis/build/NMGRL/pychron/pychron/spectrometer/tests/mftable.py", line 40, in setUp
    self.mftable.load_mftable(path=p)
AttributeError: 'FieldTable' object has no attribute 'load_mftable'

----------------------------------------------------------------------
Ran 286 tests in 13.023s

FAILED (errors=3, skipped=7)
Test failed: <unittest.runner.TextTestResult run=286 errors=3 failures=0>
error: Test failed: <unittest.runner.TextTestResult run=286 errors=3 failures=0>

travis_time:end:009323ac:start=1517868876772406074,finish=1517868894483198615,duration=17710792541[0K
[31;1mThe command "coverage run setup.py test" exited with 1.[0m

Done. Your build exited with 1.
