travis_fold:start:worker_info[0K[33;1mWorker information[0m
hostname: 74d83998-cbf6-41df-9ee7-3e5c5aa35a8e@1.i-0ccc169-production-2-worker-org-ec2.travisci.net
version: v3.4.0 https://github.com/travis-ci/worker/tree/ce0440bc30c289a49a9b0c21e4e1e6f7d7825101
instance: b400ce6 travisci/ci-garnet:packer-1512502276-986baf0 (via amqp)
startup: 606.374129ms
travis_fold:end:worker_info[0Kmode of â€˜/usr/local/clang-5.0.0/binâ€™ changed from 0777 (rwxrwxrwx) to 0775 (rwxrwxr-x)
travis_fold:start:system_info[0K[33;1mBuild system information[0m
Build language: python
Build group: stable
Build dist: trusty
Build id: 337823335
Job id: 337823336
Runtime kernel version: 4.14.12-041412-generic
travis-build version: 67d5b3464
[34m[1mBuild image provisioning date and time[0m
Tue Dec  5 20:11:19 UTC 2017
[34m[1mOperating System Details[0m
Distributor ID:	Ubuntu
Description:	Ubuntu 14.04.5 LTS
Release:	14.04
Codename:	trusty
[34m[1mCookbooks Version[0m
7c2c6a6 https://github.com/travis-ci/travis-cookbooks/tree/7c2c6a6
[34m[1mgit version[0m
git version 2.15.1
[34m[1mbash version[0m
GNU bash, version 4.3.11(1)-release (x86_64-pc-linux-gnu)
[34m[1mgcc version[0m
gcc (Ubuntu 4.8.4-2ubuntu1~14.04.3) 4.8.4
Copyright (C) 2013 Free Software Foundation, Inc.
This is free software; see the source for copying conditions.  There is NO
warranty; not even for MERCHANTABILITY or FITNESS FOR A PARTICULAR PURPOSE.

[34m[1mdocker version[0m
Client:
 Version:      17.09.0-ce
 API version:  1.32
 Go version:   go1.8.3
 Git commit:   afdb6d4
 Built:        Tue Sep 26 22:39:28 2017
 OS/Arch:      linux/amd64
[34m[1mclang version[0m
clang version 5.0.0 (tags/RELEASE_500/final)
Target: x86_64-unknown-linux-gnu
Thread model: posix
InstalledDir: /usr/local/clang-5.0.0/bin
[34m[1mjq version[0m
jq-1.5
[34m[1mbats version[0m
Bats 0.4.0
[34m[1mshellcheck version[0m
0.4.6
[34m[1mshfmt version[0m
v2.0.0
[34m[1mccache version[0m
ccache version 3.1.9

Copyright (C) 2002-2007 Andrew Tridgell
Copyright (C) 2009-2011 Joel Rosdahl

This program is free software; you can redistribute it and/or modify it under
the terms of the GNU General Public License as published by the Free Software
Foundation; either version 3 of the License, or (at your option) any later
version.
[34m[1mcmake version[0m
cmake version 3.9.2

CMake suite maintained and supported by Kitware (kitware.com/cmake).
[34m[1mheroku version[0m
heroku-cli/6.14.39-addc925 (linux-x64) node-v9.2.0
[34m[1mimagemagick version[0m
Version: ImageMagick 6.7.7-10 2017-07-31 Q16 http://www.imagemagick.org
[34m[1mmd5deep version[0m
4.2
[34m[1mmercurial version[0m
Mercurial Distributed SCM (version 4.2.2)
(see https://mercurial-scm.org for more information)

Copyright (C) 2005-2017 Matt Mackall and others
This is free software; see the source for copying conditions. There is NO
warranty; not even for MERCHANTABILITY or FITNESS FOR A PARTICULAR PURPOSE.
[34m[1mmysql version[0m
mysql  Ver 14.14 Distrib 5.6.33, for debian-linux-gnu (x86_64) using  EditLine wrapper
[34m[1mopenssl version[0m
OpenSSL 1.0.1f 6 Jan 2014
[34m[1mpacker version[0m
Packer v1.0.2

Your version of Packer is out of date! The latest version
is 1.1.2. You can update by downloading from www.packer.io
[34m[1mpostgresql client version[0m
psql (PostgreSQL) 9.6.6
[34m[1mragel version[0m
Ragel State Machine Compiler version 6.8 Feb 2013
Copyright (c) 2001-2009 by Adrian Thurston
[34m[1msubversion version[0m
svn, version 1.8.8 (r1568071)
   compiled Aug 10 2017, 17:20:39 on x86_64-pc-linux-gnu

Copyright (C) 2013 The Apache Software Foundation.
This software consists of contributions made by many people;
see the NOTICE file for more information.
Subversion is open source software, see http://subversion.apache.org/

The following repository access (RA) modules are available:

* ra_svn : Module for accessing a repository using the svn network protocol.
  - with Cyrus SASL authentication
  - handles 'svn' scheme
* ra_local : Module for accessing a repository on local disk.
  - handles 'file' scheme
* ra_serf : Module for accessing a repository via WebDAV protocol using serf.
  - using serf 1.3.3
  - handles 'http' scheme
  - handles 'https' scheme

[34m[1msudo version[0m
Sudo version 1.8.9p5
Configure options: --prefix=/usr -v --with-all-insults --with-pam --with-fqdn --with-logging=syslog --with-logfac=authpriv --with-env-editor --with-editor=/usr/bin/editor --with-timeout=15 --with-password-timeout=0 --with-passprompt=[sudo] password for %p:  --without-lecture --with-tty-tickets --disable-root-mailer --enable-admin-flag --with-sendmail=/usr/sbin/sendmail --with-timedir=/var/lib/sudo --mandir=/usr/share/man --libexecdir=/usr/lib/sudo --with-sssd --with-sssd-lib=/usr/lib/x86_64-linux-gnu --with-selinux
Sudoers policy plugin version 1.8.9p5
Sudoers file grammar version 43

Sudoers path: /etc/sudoers
Authentication methods: 'pam'
Syslog facility if syslog is being used for logging: authpriv
Syslog priority to use when user authenticates successfully: notice
Syslog priority to use when user authenticates unsuccessfully: alert
Send mail if the user is not in sudoers
Use a separate timestamp for each user/tty combo
Lecture user the first time they run sudo
Root may run sudo
Allow some information gathering to give useful error messages
Require fully-qualified hostnames in the sudoers file
Visudo will honor the EDITOR environment variable
Set the LOGNAME and USER environment variables
Length at which to wrap log file lines (0 for no wrap): 80
Authentication timestamp timeout: 15.0 minutes
Password prompt timeout: 0.0 minutes
Number of tries to enter a password: 3
Umask to use or 0777 to use user's: 022
Path to mail program: /usr/sbin/sendmail
Flags for mail program: -t
Address to send mail to: root
Subject line for mail messages: *** SECURITY information for %h ***
Incorrect password message: Sorry, try again.
Path to authentication timestamp dir: /var/lib/sudo
Default password prompt: [sudo] password for %p: 
Default user to run commands as: root
Value to override user's $PATH with: /usr/local/sbin:/usr/local/bin:/usr/sbin:/usr/bin:/sbin:/bin:/snap/bin
Path to the editor for use by visudo: /usr/bin/editor
When to require a password for 'list' pseudocommand: any
When to require a password for 'verify' pseudocommand: all
File descriptors >= 3 will be closed before executing a command
Environment variables to check for sanity:
	TZ
	TERM
	LINGUAS
	LC_*
	LANGUAGE
	LANG
	COLORTERM
Environment variables to remove:
	RUBYOPT
	RUBYLIB
	PYTHONUSERBASE
	PYTHONINSPECT
	PYTHONPATH
	PYTHONHOME
	TMPPREFIX
	ZDOTDIR
	READNULLCMD
	NULLCMD
	FPATH
	PERL5DB
	PERL5OPT
	PERL5LIB
	PERLLIB
	PERLIO_DEBUG 
	JAVA_TOOL_OPTIONS
	SHELLOPTS
	GLOBIGNORE
	PS4
	BASH_ENV
	ENV
	TERMCAP
	TERMPATH
	TERMINFO_DIRS
	TERMINFO
	_RLD*
	LD_*
	PATH_LOCALE
	NLSPATH
	HOSTALIASES
	RES_OPTIONS
	LOCALDOMAIN
	CDPATH
	IFS
Environment variables to preserve:
	JAVA_HOME
	TRAVIS
	CI
	DEBIAN_FRONTEND
	XAUTHORIZATION
	XAUTHORITY
	PS2
	PS1
	PATH
	LS_COLORS
	KRB5CCNAME
	HOSTNAME
	HOME
	DISPLAY
	COLORS
Locale to use while parsing sudoers: C
Directory in which to store input/output logs: /var/log/sudo-io
File in which to store the input/output log: %{seq}
Add an entry to the utmp/utmpx file when allocating a pty
PAM service name to use
PAM service name to use for login shells
Create a new PAM session for the command to run in
Maximum I/O log sequence number: 0

Local IP address and netmask pairs:
	172.17.0.2/255.255.0.0

Sudoers I/O plugin version 1.8.9p5
[34m[1mgzip version[0m
gzip 1.6
Copyright (C) 2007, 2010, 2011 Free Software Foundation, Inc.
Copyright (C) 1993 Jean-loup Gailly.
This is free software.  You may redistribute copies of it under the terms of
the GNU General Public License <http://www.gnu.org/licenses/gpl.html>.
There is NO WARRANTY, to the extent permitted by law.

Written by Jean-loup Gailly.
[34m[1mzip version[0m
Copyright (c) 1990-2008 Info-ZIP - Type 'zip "-L"' for software license.
This is Zip 3.0 (July 5th 2008), by Info-ZIP.
Currently maintained by E. Gordon.  Please send bug reports to
the authors using the web page at www.info-zip.org; see README for details.

Latest sources and executables are at ftp://ftp.info-zip.org/pub/infozip,
as of above date; see http://www.info-zip.org/ for other sites.

Compiled with gcc 4.8.2 for Unix (Linux ELF) on Oct 21 2013.

Zip special compilation options:
	USE_EF_UT_TIME       (store Universal Time)
	BZIP2_SUPPORT        (bzip2 library version 1.0.6, 6-Sept-2010)
	    bzip2 code and library copyright (c) Julian R Seward
	    (See the bzip2 license for terms of use)
	SYMLINK_SUPPORT      (symbolic links supported)
	LARGE_FILE_SUPPORT   (can read and write large files on file system)
	ZIP64_SUPPORT        (use Zip64 to store large files in archives)
	UNICODE_SUPPORT      (store and read UTF-8 Unicode paths)
	STORE_UNIX_UIDs_GIDs (store UID/GID sizes/values using new extra field)
	UIDGID_NOT_16BIT     (old Unix 16-bit UID/GID extra field not used)
	[encryption, version 2.91 of 05 Jan 2007] (modified for Zip 3)

Encryption notice:
	The encryption code of this program is not copyrighted and is
	put in the public domain.  It was originally written in Europe
	and, to the best of our knowledge, can be freely distributed
	in both source and object forms from any country, including
	the USA under License Exception TSU of the U.S. Export
	Administration Regulations (section 740.13(e)) of 6 June 2002.

Zip environment options:
             ZIP:  [none]
          ZIPOPT:  [none]
[34m[1mvim version[0m
VIM - Vi IMproved 7.4 (2013 Aug 10, compiled Nov 24 2016 16:43:18)
Included patches: 1-52
Extra patches: 8.0.0056
Modified by pkg-vim-maintainers@lists.alioth.debian.org
Compiled by buildd@
Huge version without GUI.  Features included (+) or not (-):
+acl             +farsi           +mouse_netterm   +syntax
+arabic          +file_in_path    +mouse_sgr       +tag_binary
+autocmd         +find_in_path    -mouse_sysmouse  +tag_old_static
-balloon_eval    +float           +mouse_urxvt     -tag_any_white
-browse          +folding         +mouse_xterm     -tcl
++builtin_terms  -footer          +multi_byte      +terminfo
+byte_offset     +fork()          +multi_lang      +termresponse
+cindent         +gettext         -mzscheme        +textobjects
-clientserver    -hangul_input    +netbeans_intg   +title
-clipboard       +iconv           +path_extra      -toolbar
+cmdline_compl   +insert_expand   -perl            +user_commands
+cmdline_hist    +jumplist        +persistent_undo +vertsplit
+cmdline_info    +keymap          +postscript      +virtualedit
+comments        +langmap         +printer         +visual
+conceal         +libcall         +profile         +visualextra
+cryptv          +linebreak       +python          +viminfo
+cscope          +lispindent      -python3         +vreplace
+cursorbind      +listcmds        +quickfix        +wildignore
+cursorshape     +localmap        +reltime         +wildmenu
+dialog_con      -lua             +rightleft       +windows
+diff            +menu            -ruby            +writebackup
+digraphs        +mksession       +scrollbind      -X11
-dnd             +modify_fname    +signs           -xfontset
-ebcdic          +mouse           +smartindent     -xim
+emacs_tags      -mouseshape      -sniff           -xsmp
+eval            +mouse_dec       +startuptime     -xterm_clipboard
+ex_extra        +mouse_gpm       +statusline      -xterm_save
+extra_search    -mouse_jsbterm   -sun_workshop    -xpm
   system vimrc file: "$VIM/vimrc"
     user vimrc file: "$HOME/.vimrc"
 2nd user vimrc file: "~/.vim/vimrc"
      user exrc file: "$HOME/.exrc"
  fall-back for $VIM: "/usr/share/vim"
Compilation: gcc -c -I. -Iproto -DHAVE_CONFIG_H     -g -O2 -fstack-protector --param=ssp-buffer-size=4 -Wformat -Werror=format-security -U_FORTIFY_SOURCE -D_FORTIFY_SOURCE=1      
Linking: gcc   -Wl,-Bsymbolic-functions -Wl,-z,relro -Wl,--as-needed -o vim        -lm -ltinfo -lnsl  -lselinux  -lacl -lattr -lgpm -ldl    -L/usr/lib/python2.7/config-x86_64-linux-gnu -lpython2.7 -lpthread -ldl -lutil -lm -Xlinker -export-dynamic -Wl,-O1 -Wl,-Bsymbolic-functions      
[34m[1miptables version[0m
iptables v1.4.21
[34m[1mcurl version[0m
curl 7.35.0 (x86_64-pc-linux-gnu) libcurl/7.35.0 OpenSSL/1.0.1f zlib/1.2.8 libidn/1.28 librtmp/2.3
[34m[1mwget version[0m
GNU Wget 1.15 built on linux-gnu.
[34m[1mrsync version[0m
rsync  version 3.1.0  protocol version 31
[34m[1mgimme version[0m
v1.2.0
[34m[1mnvm version[0m
0.33.6
[34m[1mperlbrew version[0m
/home/travis/perl5/perlbrew/bin/perlbrew  - App::perlbrew/0.80
[34m[1mphpenv version[0m
rbenv 1.1.1-25-g6aa70b6
[34m[1mrvm version[0m
rvm 1.29.3 (latest) by Michal Papis, Piotr Kuczynski, Wayne E. Seguin [https://rvm.io]
[34m[1mdefault ruby version[0m
ruby 2.4.1p111 (2017-03-22 revision 58053) [x86_64-linux]
[34m[1mCouchDB version[0m
couchdb 1.6.1
[34m[1mElasticSearch version[0m
5.5.0
[34m[1mInstalled Firefox version[0m
firefox 56.0.2
[34m[1mMongoDB version[0m
MongoDB 3.4.10
[34m[1mPhantomJS version[0m
2.1.1
[34m[1mPre-installed PostgreSQL versions[0m
9.2.24
9.3.20
9.4.15
9.5.10
9.6.6
[34m[1mRabbitMQ Version[0m
3.6.14
[34m[1mRedis version[0m
redis-server 4.0.6
[34m[1mriak version[0m
2.2.3
[34m[1mPre-installed Go versions[0m
1.7.4
[34m[1mant version[0m
Apache Ant(TM) version 1.9.3 compiled on April 8 2014
[34m[1mmvn version[0m
Apache Maven 3.5.2 (138edd61fd100ec658bfa2d307c43b76940a5d7d; 2017-10-18T07:58:13Z)
Maven home: /usr/local/maven-3.5.2
Java version: 1.8.0_151, vendor: Oracle Corporation
Java home: /usr/lib/jvm/java-8-oracle/jre
Default locale: en_US, platform encoding: UTF-8
OS name: "linux", version: "4.4.0-101-generic", arch: "amd64", family: "unix"
[34m[1mgradle version[0m

------------------------------------------------------------
Gradle 4.0.1
------------------------------------------------------------

Build time:   2017-07-07 14:02:41 UTC
Revision:     38e5dc0f772daecca1d2681885d3d85414eb6826

Groovy:       2.4.11
Ant:          Apache Ant(TM) version 1.9.6 compiled on June 29 2015
JVM:          1.8.0_151 (Oracle Corporation 25.151-b12)
OS:           Linux 4.4.0-101-generic amd64

[34m[1mlein version[0m
Leiningen 2.8.1 on Java 1.8.0_151 Java HotSpot(TM) 64-Bit Server VM
[34m[1mPre-installed Node.js versions[0m
v4.8.6
v6.12.0
v6.12.1
v8.9
v8.9.1
[34m[1mphpenv versions[0m
  system
  5.6
* 5.6.32 (set by /home/travis/.phpenv/version)
  7.0
  7.0.25
  7.1
  7.1.11
  hhvm
  hhvm-stable
[34m[1mcomposer --version[0m
Composer version 1.5.2 2017-09-11 16:59:25
[34m[1mPre-installed Ruby versions[0m
ruby-2.2.7
ruby-2.3.4
ruby-2.4.1
travis_fold:end:system_info[0K
removed â€˜/etc/apt/sources.list.d/basho_riak.listâ€™
W: http://ppa.launchpad.net/couchdb/stable/ubuntu/dists/trusty/Release.gpg: Signature by key 15866BAFD9BCC4F3C1E0DFC7D69548E1C17EAB57 uses weak digest algorithm (SHA1)
127.0.0.1	localhost
::1	 ip6-localhost ip6-loopback
fe00::0	ip6-localnet
ff00::0	ip6-mcastprefix
ff02::1	ip6-allnodes
ff02::2	ip6-allrouters
172.17.0.8	travis-job-nmgrl-pychron-337823336.travisci.net travis-job-nmgrl-pychron-337823336
travis_fold:start:git.checkout[0Ktravis_time:start:08e7af10[0K$ git clone --depth=50 --branch=release/v18.2 https://github.com/NMGRL/pychron.git NMGRL/pychron
Cloning into 'NMGRL/pychron'...
remote: Counting objects: 5857, done.[K
remote: Compressing objects:   0% (1/3758)   [Kremote: Compressing objects:   1% (38/3758)   [Kremote: Compressing objects:   2% (76/3758)   [Kremote: Compressing objects:   3% (113/3758)   [Kremote: Compressing objects:   4% (151/3758)   [Kremote: Compressing objects:   5% (188/3758)   [Kremote: Compressing objects:   6% (226/3758)   [Kremote: Compressing objects:   7% (264/3758)   [Kremote: Compressing objects:   8% (301/3758)   [Kremote: Compressing objects:   9% (339/3758)   [Kremote: Compressing objects:  10% (376/3758)   [Kremote: Compressing objects:  11% (414/3758)   [Kremote: Compressing objects:  12% (451/3758)   [Kremote: Compressing objects:  13% (489/3758)   [Kremote: Compressing objects:  14% (527/3758)   [Kremote: Compressing objects:  15% (564/3758)   [Kremote: Compressing objects:  16% (602/3758)   [Kremote: Compressing objects:  17% (639/3758)   [Kremote: Compressing objects:  18% (677/3758)   [Kremote: Compressing objects:  19% (715/3758)   [Kremote: Compressing objects:  20% (752/3758)   [Kremote: Compressing objects:  21% (790/3758)   [Kremote: Compressing objects:  22% (827/3758)   [Kremote: Compressing objects:  23% (865/3758)   [Kremote: Compressing objects:  24% (902/3758)   [Kremote: Compressing objects:  25% (940/3758)   [Kremote: Compressing objects:  26% (978/3758)   [Kremote: Compressing objects:  27% (1015/3758)   [Kremote: Compressing objects:  28% (1053/3758)   [Kremote: Compressing objects:  29% (1090/3758)   [Kremote: Compressing objects:  30% (1128/3758)   [Kremote: Compressing objects:  31% (1165/3758)   [Kremote: Compressing objects:  32% (1203/3758)   [Kremote: Compressing objects:  33% (1241/3758)   [Kremote: Compressing objects:  34% (1278/3758)   [Kremote: Compressing objects:  35% (1316/3758)   [Kremote: Compressing objects:  36% (1353/3758)   [Kremote: Compressing objects:  37% (1391/3758)   [Kremote: Compressing objects:  38% (1429/3758)   [Kremote: Compressing objects:  39% (1466/3758)   [Kremote: Compressing objects:  40% (1504/3758)   [Kremote: Compressing objects:  41% (1541/3758)   [Kremote: Compressing objects:  42% (1579/3758)   [Kremote: Compressing objects:  43% (1616/3758)   [Kremote: Compressing objects:  44% (1654/3758)   [Kremote: Compressing objects:  45% (1692/3758)   [Kremote: Compressing objects:  46% (1729/3758)   [Kremote: Compressing objects:  47% (1767/3758)   [Kremote: Compressing objects:  48% (1804/3758)   [Kremote: Compressing objects:  49% (1842/3758)   [Kremote: Compressing objects:  50% (1879/3758)   [Kremote: Compressing objects:  51% (1917/3758)   [Kremote: Compressing objects:  52% (1955/3758)   [Kremote: Compressing objects:  53% (1992/3758)   [Kremote: Compressing objects:  54% (2030/3758)   [Kremote: Compressing objects:  55% (2067/3758)   [Kremote: Compressing objects:  56% (2105/3758)   [Kremote: Compressing objects:  57% (2143/3758)   [Kremote: Compressing objects:  58% (2180/3758)   [Kremote: Compressing objects:  59% (2218/3758)   [Kremote: Compressing objects:  60% (2255/3758)   [Kremote: Compressing objects:  61% (2293/3758)   [Kremote: Compressing objects:  62% (2330/3758)   [Kremote: Compressing objects:  63% (2368/3758)   [Kremote: Compressing objects:  64% (2406/3758)   [Kremote: Compressing objects:  65% (2443/3758)   [Kremote: Compressing objects:  66% (2481/3758)   [Kremote: Compressing objects:  67% (2518/3758)   [Kremote: Compressing objects:  68% (2556/3758)   [Kremote: Compressing objects:  69% (2594/3758)   [Kremote: Compressing objects:  70% (2631/3758)   [Kremote: Compressing objects:  71% (2669/3758)   [Kremote: Compressing objects:  72% (2706/3758)   [Kremote: Compressing objects:  73% (2744/3758)   [Kremote: Compressing objects:  74% (2781/3758)   [Kremote: Compressing objects:  75% (2819/3758)   [Kremote: Compressing objects:  76% (2857/3758)   [Kremote: Compressing objects:  77% (2894/3758)   [Kremote: Compressing objects:  78% (2932/3758)   [Kremote: Compressing objects:  79% (2969/3758)   [Kremote: Compressing objects:  80% (3007/3758)   [Kremote: Compressing objects:  81% (3044/3758)   [Kremote: Compressing objects:  82% (3082/3758)   [Kremote: Compressing objects:  83% (3120/3758)   [Kremote: Compressing objects:  84% (3157/3758)   [Kremote: Compressing objects:  85% (3195/3758)   [Kremote: Compressing objects:  86% (3232/3758)   [Kremote: Compressing objects:  87% (3270/3758)   [Kremote: Compressing objects:  88% (3308/3758)   [Kremote: Compressing objects:  89% (3345/3758)   [Kremote: Compressing objects:  90% (3383/3758)   [Kremote: Compressing objects:  91% (3420/3758)   [Kremote: Compressing objects:  92% (3458/3758)   [Kremote: Compressing objects:  93% (3495/3758)   [Kremote: Compressing objects:  94% (3533/3758)   [Kremote: Compressing objects:  95% (3571/3758)   [Kremote: Compressing objects:  96% (3608/3758)   [Kremote: Compressing objects:  97% (3646/3758)   [Kremote: Compressing objects:  98% (3683/3758)   [Kremote: Compressing objects:  99% (3721/3758)   [Kremote: Compressing objects: 100% (3758/3758)   [Kremote: Compressing objects: 100% (3758/3758), done.[K
Receiving objects:   0% (1/5857)   Receiving objects:   1% (59/5857)   Receiving objects:   2% (118/5857)   Receiving objects:   3% (176/5857)   Receiving objects:   4% (235/5857)   Receiving objects:   5% (293/5857)   Receiving objects:   6% (352/5857)   Receiving objects:   7% (410/5857)   Receiving objects:   8% (469/5857)   Receiving objects:   9% (528/5857)   Receiving objects:  10% (586/5857)   Receiving objects:  11% (645/5857)   Receiving objects:  12% (703/5857)   Receiving objects:  13% (762/5857)   Receiving objects:  14% (820/5857)   Receiving objects:  15% (879/5857)   Receiving objects:  16% (938/5857)   Receiving objects:  17% (996/5857)   Receiving objects:  18% (1055/5857)   Receiving objects:  19% (1113/5857)   Receiving objects:  20% (1172/5857)   Receiving objects:  21% (1230/5857)   Receiving objects:  22% (1289/5857)   Receiving objects:  23% (1348/5857)   Receiving objects:  24% (1406/5857)   Receiving objects:  25% (1465/5857)   Receiving objects:  26% (1523/5857)   Receiving objects:  27% (1582/5857)   Receiving objects:  28% (1640/5857)   Receiving objects:  29% (1699/5857)   Receiving objects:  30% (1758/5857)   Receiving objects:  31% (1816/5857)   Receiving objects:  32% (1875/5857)   Receiving objects:  33% (1933/5857)   Receiving objects:  34% (1992/5857)   Receiving objects:  35% (2050/5857)   Receiving objects:  36% (2109/5857)   Receiving objects:  37% (2168/5857)   Receiving objects:  38% (2226/5857), 8.33 MiB | 16.66 MiB/s   Receiving objects:  39% (2285/5857), 8.33 MiB | 16.66 MiB/s   Receiving objects:  40% (2343/5857), 8.33 MiB | 16.66 MiB/s   Receiving objects:  41% (2402/5857), 8.33 MiB | 16.66 MiB/s   Receiving objects:  42% (2460/5857), 8.33 MiB | 16.66 MiB/s   Receiving objects:  43% (2519/5857), 8.33 MiB | 16.66 MiB/s   Receiving objects:  44% (2578/5857), 8.33 MiB | 16.66 MiB/s   Receiving objects:  45% (2636/5857), 8.33 MiB | 16.66 MiB/s   Receiving objects:  46% (2695/5857), 8.33 MiB | 16.66 MiB/s   Receiving objects:  47% (2753/5857), 8.33 MiB | 16.66 MiB/s   Receiving objects:  48% (2812/5857), 8.33 MiB | 16.66 MiB/s   Receiving objects:  49% (2870/5857), 8.33 MiB | 16.66 MiB/s   Receiving objects:  50% (2929/5857), 8.33 MiB | 16.66 MiB/s   Receiving objects:  51% (2988/5857), 8.33 MiB | 16.66 MiB/s   Receiving objects:  52% (3046/5857), 8.33 MiB | 16.66 MiB/s   Receiving objects:  53% (3105/5857), 8.33 MiB | 16.66 MiB/s   Receiving objects:  54% (3163/5857), 8.33 MiB | 16.66 MiB/s   Receiving objects:  55% (3222/5857), 8.33 MiB | 16.66 MiB/s   Receiving objects:  56% (3280/5857), 8.33 MiB | 16.66 MiB/s   Receiving objects:  57% (3339/5857), 8.33 MiB | 16.66 MiB/s   Receiving objects:  58% (3398/5857), 8.33 MiB | 16.66 MiB/s   Receiving objects:  59% (3456/5857), 8.33 MiB | 16.66 MiB/s   Receiving objects:  60% (3515/5857), 8.33 MiB | 16.66 MiB/s   Receiving objects:  61% (3573/5857), 8.33 MiB | 16.66 MiB/s   Receiving objects:  62% (3632/5857), 8.33 MiB | 16.66 MiB/s   Receiving objects:  63% (3690/5857), 8.33 MiB | 16.66 MiB/s   Receiving objects:  64% (3749/5857), 8.33 MiB | 16.66 MiB/s   Receiving objects:  65% (3808/5857), 8.33 MiB | 16.66 MiB/s   Receiving objects:  66% (3866/5857), 8.33 MiB | 16.66 MiB/s   Receiving objects:  67% (3925/5857), 8.33 MiB | 16.66 MiB/s   Receiving objects:  68% (3983/5857), 8.33 MiB | 16.66 MiB/s   Receiving objects:  69% (4042/5857), 8.33 MiB | 16.66 MiB/s   Receiving objects:  70% (4100/5857), 8.33 MiB | 16.66 MiB/s   Receiving objects:  71% (4159/5857), 8.33 MiB | 16.66 MiB/s   Receiving objects:  72% (4218/5857), 8.33 MiB | 16.66 MiB/s   Receiving objects:  73% (4276/5857), 8.33 MiB | 16.66 MiB/s   Receiving objects:  74% (4335/5857), 8.33 MiB | 16.66 MiB/s   Receiving objects:  75% (4393/5857), 8.33 MiB | 16.66 MiB/s   Receiving objects:  76% (4452/5857), 8.33 MiB | 16.66 MiB/s   Receiving objects:  77% (4510/5857), 8.33 MiB | 16.66 MiB/s   Receiving objects:  78% (4569/5857), 8.33 MiB | 16.66 MiB/s   Receiving objects:  79% (4628/5857), 8.33 MiB | 16.66 MiB/s   Receiving objects:  80% (4686/5857), 8.33 MiB | 16.66 MiB/s   Receiving objects:  81% (4745/5857), 8.33 MiB | 16.66 MiB/s   Receiving objects:  82% (4803/5857), 8.33 MiB | 16.66 MiB/s   Receiving objects:  83% (4862/5857), 8.33 MiB | 16.66 MiB/s   Receiving objects:  84% (4920/5857), 8.33 MiB | 16.66 MiB/s   Receiving objects:  85% (4979/5857), 8.33 MiB | 16.66 MiB/s   Receiving objects:  86% (5038/5857), 8.33 MiB | 16.66 MiB/s   Receiving objects:  87% (5096/5857), 8.33 MiB | 16.66 MiB/s   Receiving objects:  88% (5155/5857), 8.33 MiB | 16.66 MiB/s   Receiving objects:  89% (5213/5857), 8.33 MiB | 16.66 MiB/s   Receiving objects:  89% (5266/5857), 8.33 MiB | 16.66 MiB/s   Receiving objects:  90% (5272/5857), 8.33 MiB | 16.66 MiB/s   Receiving objects:  91% (5330/5857), 8.33 MiB | 16.66 MiB/s   Receiving objects:  92% (5389/5857), 20.07 MiB | 20.07 MiB/s   Receiving objects:  93% (5448/5857), 20.07 MiB | 20.07 MiB/s   Receiving objects:  94% (5506/5857), 20.07 MiB | 20.07 MiB/s   remote: Total 5857 (delta 3492), reused 3226 (delta 2073), pack-reused 0[K
Receiving objects:  95% (5565/5857), 20.07 MiB | 20.07 MiB/s   Receiving objects:  96% (5623/5857), 20.07 MiB | 20.07 MiB/s   Receiving objects:  97% (5682/5857), 20.07 MiB | 20.07 MiB/s   Receiving objects:  98% (5740/5857), 20.07 MiB | 20.07 MiB/s   Receiving objects:  99% (5799/5857), 20.07 MiB | 20.07 MiB/s   Receiving objects: 100% (5857/5857), 20.07 MiB | 20.07 MiB/s   Receiving objects: 100% (5857/5857), 20.12 MiB | 20.10 MiB/s, done.
Resolving deltas:   0% (0/3492)   Resolving deltas:   5% (208/3492)   Resolving deltas:   6% (210/3492)   Resolving deltas:   7% (245/3492)   Resolving deltas:   8% (296/3492)   Resolving deltas:  13% (477/3492)   Resolving deltas:  14% (490/3492)   Resolving deltas:  15% (529/3492)   Resolving deltas:  16% (559/3492)   Resolving deltas:  17% (595/3492)   Resolving deltas:  18% (633/3492)   Resolving deltas:  19% (666/3492)   Resolving deltas:  20% (713/3492)   Resolving deltas:  21% (735/3492)   Resolving deltas:  22% (769/3492)   Resolving deltas:  23% (804/3492)   Resolving deltas:  24% (839/3492)   Resolving deltas:  25% (884/3492)   Resolving deltas:  26% (914/3492)   Resolving deltas:  27% (947/3492)   Resolving deltas:  28% (980/3492)   Resolving deltas:  29% (1013/3492)   Resolving deltas:  30% (1049/3492)   Resolving deltas:  31% (1083/3492)   Resolving deltas:  32% (1119/3492)   Resolving deltas:  33% (1156/3492)   Resolving deltas:  34% (1190/3492)   Resolving deltas:  35% (1224/3492)   Resolving deltas:  36% (1261/3492)   Resolving deltas:  37% (1294/3492)   Resolving deltas:  38% (1327/3492)   Resolving deltas:  39% (1375/3492)   Resolving deltas:  40% (1397/3492)   Resolving deltas:  41% (1432/3492)   Resolving deltas:  42% (1501/3492)   Resolving deltas:  43% (1530/3492)   Resolving deltas:  44% (1550/3492)   Resolving deltas:  45% (1579/3492)   Resolving deltas:  46% (1612/3492)   Resolving deltas:  47% (1648/3492)   Resolving deltas:  48% (1677/3492)   Resolving deltas:  49% (1712/3492)   Resolving deltas:  50% (1747/3492)   Resolving deltas:  51% (1786/3492)   Resolving deltas:  52% (1820/3492)   Resolving deltas:  53% (1851/3492)   Resolving deltas:  54% (1888/3492)   Resolving deltas:  55% (1925/3492)   Resolving deltas:  56% (1961/3492)   Resolving deltas:  58% (2030/3492)   Resolving deltas:  59% (2071/3492)   Resolving deltas:  60% (2104/3492)   Resolving deltas:  61% (2131/3492)   Resolving deltas:  62% (2183/3492)   Resolving deltas:  63% (2201/3492)   Resolving deltas:  64% (2239/3492)   Resolving deltas:  65% (2273/3492)   Resolving deltas:  66% (2335/3492)   Resolving deltas:  67% (2353/3492)   Resolving deltas:  68% (2385/3492)   Resolving deltas:  69% (2414/3492)   Resolving deltas:  70% (2456/3492)   Resolving deltas:  71% (2482/3492)   Resolving deltas:  72% (2523/3492)   Resolving deltas:  73% (2550/3492)   Resolving deltas:  74% (2585/3492)   Resolving deltas:  75% (2620/3492)   Resolving deltas:  76% (2654/3492)   Resolving deltas:  77% (2707/3492)   Resolving deltas:  78% (2732/3492)   Resolving deltas:  79% (2764/3492)   Resolving deltas:  80% (2795/3492)   Resolving deltas:  81% (2830/3492)   Resolving deltas:  82% (2873/3492)   Resolving deltas:  83% (2905/3492)   Resolving deltas:  84% (2940/3492)   Resolving deltas:  85% (2972/3492)   Resolving deltas:  86% (3007/3492)   Resolving deltas:  87% (3040/3492)   Resolving deltas:  88% (3074/3492)   Resolving deltas:  89% (3116/3492)   Resolving deltas:  90% (3148/3492)   Resolving deltas:  91% (3178/3492)   Resolving deltas:  92% (3214/3492)   Resolving deltas:  93% (3251/3492)   Resolving deltas:  94% (3284/3492)   Resolving deltas:  95% (3318/3492)   Resolving deltas:  96% (3353/3492)   Resolving deltas:  97% (3389/3492)   Resolving deltas:  98% (3432/3492)   Resolving deltas:  99% (3467/3492)   Resolving deltas: 100% (3492/3492)   Resolving deltas: 100% (3492/3492), done.

travis_time:end:08e7af10:start=1517879945969297769,finish=1517879948614942066,duration=2645644297[0K$ cd NMGRL/pychron
$ git checkout -qf ceb6a1cfceeb1959e0d19ac8461680b6a6bcc1a0
travis_fold:end:git.checkout[0Ktravis_time:start:11e9bedc[0K$ source ~/virtualenv/python2.7/bin/activate

travis_time:end:11e9bedc:start=1517879954051544652,finish=1517879954059807761,duration=8263109[0K$ python --version
Python 2.7.14
$ pip --version
pip 9.0.1 from /home/travis/virtualenv/python2.7.14/lib/python2.7/site-packages (python 2.7)
travis_fold:start:before_install.1[0Ktravis_time:start:16f5f000[0K$ export TZ=America/Denver

travis_time:end:16f5f000:start=1517879954895186521,finish=1517879954900623906,duration=5437385[0Ktravis_fold:end:before_install.1[0Ktravis_fold:start:before_install.2[0Ktravis_time:start:10910fbb[0K$ wget http://repo.continuum.io/miniconda/Miniconda2-latest-Linux-x86_64.sh -O miniconda.sh
--2018-02-05 18:19:14--  http://repo.continuum.io/miniconda/Miniconda2-latest-Linux-x86_64.sh
Resolving repo.continuum.io (repo.continuum.io)... 104.16.19.10, 104.16.18.10, 2400:cb00:2048:1::6810:120a, ...
Connecting to repo.continuum.io (repo.continuum.io)|104.16.19.10|:80... connected.
HTTP request sent, awaiting response... 301 Moved Permanently
Location: https://repo.continuum.io/miniconda/Miniconda2-latest-Linux-x86_64.sh [following]
--2018-02-05 18:19:14--  https://repo.continuum.io/miniconda/Miniconda2-latest-Linux-x86_64.sh
Connecting to repo.continuum.io (repo.continuum.io)|104.16.19.10|:443... connected.
HTTP request sent, awaiting response... 200 OK
Length: 39339874 (38M) [application/x-sh]
Saving to: â€˜miniconda.shâ€™

 0% [                                       ] 0           --.-K/s              82% [===============================>       ] 32,545,719   155MB/s             100%[======================================>] 39,339,874   160MB/s   in 0.2s   

2018-02-05 18:19:15 (160 MB/s) - â€˜miniconda.shâ€™ saved [39339874/39339874]


travis_time:end:10910fbb:start=1517879954906515187,finish=1517879955180215055,duration=273699868[0Ktravis_fold:end:before_install.2[0Ktravis_fold:start:before_install.3[0Ktravis_time:start:2b4f0ed5[0K$ chmod +x miniconda.sh

travis_time:end:2b4f0ed5:start=1517879955186565341,finish=1517879955192799470,duration=6234129[0Ktravis_fold:end:before_install.3[0Ktravis_fold:start:before_install.4[0Ktravis_time:start:10a16531[0K$ ./miniconda.sh -b
PREFIX=/home/travis/miniconda2
installing: python-2.7.14-h1571d57_29 ...
Python 2.7.14 :: Anaconda, Inc.
installing: ca-certificates-2017.08.26-h1d4fec5_0 ...
installing: conda-env-2.6.0-h36134e3_1 ...
installing: libgcc-ng-7.2.0-h7cc24e2_2 ...
installing: libstdcxx-ng-7.2.0-h7a57d05_2 ...
installing: libffi-3.2.1-hd88cf55_4 ...
installing: ncurses-6.0-h9df7e31_2 ...
installing: openssl-1.0.2n-hb7f436b_0 ...
installing: tk-8.6.7-hc745277_3 ...
installing: yaml-0.1.7-had09818_2 ...
installing: zlib-1.2.11-ha838bed_2 ...
installing: libedit-3.1-heed3624_0 ...
installing: readline-7.0-ha6073c6_4 ...
installing: sqlite-3.20.1-hb898158_2 ...
installing: asn1crypto-0.23.0-py27h7b0c810_0 ...
installing: certifi-2017.11.5-py27h71e7faf_0 ...
installing: chardet-3.0.4-py27hfa10054_1 ...
installing: enum34-1.1.6-py27h99a27e9_1 ...
installing: idna-2.6-py27h5722d68_1 ...
installing: ipaddress-1.0.18-py27h337fd85_0 ...
installing: pycosat-0.6.3-py27ha4109ae_0 ...
installing: pycparser-2.18-py27hefa08c5_1 ...
installing: pysocks-1.6.7-py27he2db6d2_1 ...
installing: ruamel_yaml-0.11.14-py27h672d447_2 ...
installing: six-1.11.0-py27h5f960f1_1 ...
installing: cffi-1.11.2-py27ha7929c6_0 ...
installing: setuptools-36.5.0-py27h68b189e_0 ...
installing: cryptography-2.1.4-py27h6697b16_0 ...
installing: wheel-0.30.0-py27h2bc6bb2_1 ...
installing: pip-9.0.1-py27ha730c48_4 ...
installing: pyopenssl-17.5.0-py27hcee3be0_0 ...
installing: urllib3-1.22-py27ha55213b_0 ...
installing: requests-2.18.4-py27hc5b0589_1 ...
installing: conda-4.3.31-py27_0 ...
installation finished.

travis_time:end:10a16531:start=1517879955198668345,finish=1517879963403786562,duration=8205118217[0Ktravis_fold:end:before_install.4[0Ktravis_fold:start:before_install.5[0Ktravis_time:start:283bb43c[0K$ export PATH=/home/travis/miniconda2/bin:$PATH

travis_time:end:283bb43c:start=1517879963410186697,finish=1517879963415350079,duration=5163382[0Ktravis_fold:end:before_install.5[0Ktravis_fold:start:before_install.6[0Ktravis_time:start:00e25680[0K$ conda update --yes --quiet conda


Package plan for installation in environment /home/travis/miniconda2:

The following NEW packages will be INSTALLED:

    futures: 3.2.0-py27h7b459c0_0

The following packages will be UPDATED:

    conda:   4.3.31-py27_0        --> 4.4.8-py27_0


travis_time:end:00e25680:start=1517879963421647485,finish=1517879976832718501,duration=13411071016[0Ktravis_fold:end:before_install.6[0Ktravis_fold:start:before_install.7[0Ktravis_time:start:031e0994[0K$ export DISPLAY=:99.0

travis_time:end:031e0994:start=1517879976839114190,finish=1517879976844364630,duration=5250440[0Ktravis_fold:end:before_install.7[0Ktravis_fold:start:before_install.8[0Ktravis_time:start:2074fd8b[0K$ sh -e /etc/init.d/xvfb start
Starting virtual X frame buffer: Xvfb.

travis_time:end:2074fd8b:start=1517879976850454446,finish=1517879976861861019,duration=11406573[0Ktravis_fold:end:before_install.8[0Ktravis_fold:start:install.1[0Ktravis_time:start:0b817fa8[0K$ conda create --yes --quiet -n pychron-test python=2.7
Solving environment: ...working... done

## Package Plan ##

  environment location: /home/travis/miniconda2/envs/pychron-test

  added / updated specs: 
    - python=2.7


The following packages will be downloaded:

    package                    |            build
    ---------------------------|-----------------
    sqlite-3.22.0              |       h1bed415_0         1.5 MB
    certifi-2018.1.18          |           py27_0         143 KB
    setuptools-38.4.0          |           py27_0         510 KB
    ------------------------------------------------------------
                                           Total:         2.1 MB

The following NEW packages will be INSTALLED:

    ca-certificates: 2017.08.26-h1d4fec5_0
    certifi:         2018.1.18-py27_0     
    libedit:         3.1-heed3624_0       
    libffi:          3.2.1-hd88cf55_4     
    libgcc-ng:       7.2.0-h7cc24e2_2     
    libstdcxx-ng:    7.2.0-h7a57d05_2     
    ncurses:         6.0-h9df7e31_2       
    openssl:         1.0.2n-hb7f436b_0    
    pip:             9.0.1-py27ha730c48_4 
    python:          2.7.14-h1571d57_29   
    readline:        7.0-ha6073c6_4       
    setuptools:      38.4.0-py27_0        
    sqlite:          3.22.0-h1bed415_0    
    tk:              8.6.7-hc745277_3     
    wheel:           0.30.0-py27h2bc6bb2_1
    zlib:            1.2.11-ha838bed_2    

Preparing transaction: ...working... done
Verifying transaction: ...working... done
Executing transaction: ...working... done

travis_time:end:0b817fa8:start=1517879976868495193,finish=1517879993672787381,duration=16804292188[0Ktravis_fold:end:install.1[0Ktravis_fold:start:install.2[0Ktravis_time:start:03571e5a[0K$ source activate pychron-test

travis_time:end:03571e5a:start=1517879993679868388,finish=1517879993799742431,duration=119874043[0Ktravis_fold:end:install.2[0Ktravis_fold:start:install.3[0Ktravis_time:start:06377d38[0K$ conda install --yes qt=4.8.5 pyside statsmodels PyYAML traits pyface traitsui enable chaco xlrd xlwt lxml sqlalchemy apptools
Solving environment: - \ | / - \ | / - \ | / - \ | / - \ | / - \ | / - \ | / - \ | / - \ | / - \ | / - \ | / - \ | / - \ | / - \ | / - \ | / - \ | / - done

## Package Plan ##

  environment location: /home/travis/miniconda2/envs/pychron-test

  added / updated specs: 
    - apptools
    - chaco
    - enable
    - lxml
    - pyface
    - pyside
    - pyyaml
    - qt=4.8.5
    - sqlalchemy
    - statsmodels
    - traits
    - traitsui
    - xlrd
    - xlwt


The following packages will be downloaded:

    package                    |            build
    ---------------------------|-----------------
    freetype-2.5.5             |                2         2.5 MB
    pillow-3.4.2               |           py27_0         852 KB
    pandas-0.21.1              |   py27h38cdd7d_0        10.5 MB
    shiboken-1.2.1             |           py27_0         894 KB
    libpng-1.6.34              |       hb9fc6fc_0         334 KB
    pil-1.1.7                  |           py27_2         681 KB
    patsy-0.5.0                |           py27_0         302 KB
    xz-5.2.3                   |       h55aa19d_2         357 KB
    sqlalchemy-1.2.1           |   py27h14c3975_0         1.5 MB
    icu-58.2                   |       h9c2bf20_1        22.5 MB
    intel-openmp-2018.0.0      |       hc7b2577_8         618 KB
    pyface-4.5.2               |           py27_0         757 KB
    configobj-5.0.6            |           py27_0          50 KB
    libxslt-1.1.32             |       h1312cb7_0         538 KB
    chaco-4.5.0                |      np110py27_0        1000 KB
    enable-4.5.1               |      np110py27_0         4.0 MB
    qt-4.8.5                   |                0        32.9 MB
    lcms-1.19                  |                0         595 KB
    python-dateutil-2.6.1      |   py27h4ca5741_1         237 KB
    numpy-1.10.2               |           py27_0         5.9 MB
    pyqt-4.10.4                |           py27_0         4.4 MB
    pyyaml-3.12                |   py27h2d70dd7_1         159 KB
    xlwt-1.3.0                 |   py27h3d85d97_0         160 KB
    traits-4.5.0               |           py27_0         423 KB
    pytz-2017.3                |   py27h001bace_0         210 KB
    traitsui-4.5.1             |           py27_0         848 KB
    jbig-2.1                   |       hdba287a_0          41 KB
    jpeg-8d                    |                2         806 KB
    libgfortran-3.0.0          |                1         281 KB
    libxml2-2.9.7              |       h26e45fe_0         2.0 MB
    mkl-2018.0.1               |       h19d6760_4       184.7 MB
    scipy-1.0.0                |   py27hf5f0f52_0        17.8 MB
    apptools-4.3.0             |           py27_0         348 KB
    libtiff-4.0.6              |                2         1.5 MB
    pygments-2.2.0             |   py27h4a8b6f5_0         1.3 MB
    pyside-1.2.1               |           py27_1         5.6 MB
    xlrd-1.1.0                 |   py27ha77178f_1         193 KB
    lxml-4.1.1                 |   py27hf71bdeb_1         1.5 MB
    libgfortran-ng-7.2.0       |       h9f7466a_2         349 KB
    statsmodels-0.8.0          |   py27hc87d62d_0         6.3 MB
    openblas-0.2.14            |                4         3.6 MB
    sip-4.15.5                 |           py27_0         243 KB
    ------------------------------------------------------------
                                           Total:       319.5 MB

The following NEW packages will be INSTALLED:

    apptools:        4.3.0-py27_0         
    chaco:           4.5.0-np110py27_0    
    configobj:       5.0.6-py27_0         
    enable:          4.5.1-np110py27_0    
    freetype:        2.5.5-2              
    icu:             58.2-h9c2bf20_1      
    intel-openmp:    2018.0.0-hc7b2577_8  
    jbig:            2.1-hdba287a_0       
    jpeg:            8d-2                 
    lcms:            1.19-0               
    libgfortran:     3.0.0-1              
    libgfortran-ng:  7.2.0-h9f7466a_2     
    libpng:          1.6.34-hb9fc6fc_0    
    libtiff:         4.0.6-2              
    libxml2:         2.9.7-h26e45fe_0     
    libxslt:         1.1.32-h1312cb7_0    
    lxml:            4.1.1-py27hf71bdeb_1 
    mkl:             2018.0.1-h19d6760_4  
    numpy:           1.10.2-py27_0        
    openblas:        0.2.14-4             
    pandas:          0.21.1-py27h38cdd7d_0
    patsy:           0.5.0-py27_0         
    pil:             1.1.7-py27_2         
    pillow:          3.4.2-py27_0         
    pyface:          4.5.2-py27_0         
    pygments:        2.2.0-py27h4a8b6f5_0 
    pyqt:            4.10.4-py27_0        
    pyside:          1.2.1-py27_1         
    python-dateutil: 2.6.1-py27h4ca5741_1 
    pytz:            2017.3-py27h001bace_0
    pyyaml:          3.12-py27h2d70dd7_1  
    qt:              4.8.5-0              
    scipy:           1.0.0-py27hf5f0f52_0 
    shiboken:        1.2.1-py27_0         
    sip:             4.15.5-py27_0        
    six:             1.11.0-py27h5f960f1_1
    sqlalchemy:      1.2.1-py27h14c3975_0 
    statsmodels:     0.8.0-py27hc87d62d_0 
    traits:          4.5.0-py27_0         
    traitsui:        4.5.1-py27_0         
    xlrd:            1.1.0-py27ha77178f_1 
    xlwt:            1.3.0-py27h3d85d97_0 
    xz:              5.2.3-h55aa19d_2     
    yaml:            0.1.7-had09818_2     


Downloading and Extracting Packages
freetype 2.5.5:   0% 0/1 [00:00<?, ?it/s]freetype 2.5.5:  75% 0.75/1 [00:00<00:00,  1.90it/s]freetype 2.5.5:  97% 0.973880597015/1 [00:00<00:00,  1.34it/s]freetype 2.5.5: 100% 1.0/1 [00:00<00:00,  1.28it/s]           
pillow 3.4.2:   0% 0/1 [00:00<?, ?it/s]pillow 3.4.2:  75% 0.75/1 [00:00<00:00,  4.39it/s]pillow 3.4.2:  96% 0.95641025641/1 [00:00<00:00,  3.27it/s]pillow 3.4.2: 100% 1.0/1 [00:00<00:00,  2.93it/s]          
pandas 0.21.1:   0% 0/1 [00:00<?, ?it/s]pandas 0.21.1:  24% 0.240811043197/1 [00:00<00:00,  2.41it/s]pandas 0.21.1:  75% 0.75/1 [00:02<00:00,  1.42s/it]          pandas 0.21.1:  82% 0.819063926941/1 [00:02<00:00,  1.50s/it]pandas 0.21.1:  88% 0.877853881279/1 [00:02<00:00,  1.72s/it]pandas 0.21.1:  93% 0.932648401826/1 [00:02<00:00,  2.44s/it]pandas 0.21.1:  98% 0.978310502283/1 [00:02<00:00,  4.67s/it]pandas 0.21.1: 100% 1.0/1 [00:04<00:00,  4.13s/it]           
shiboken 1.2.1:   0% 0/1 [00:00<?, ?it/s]shiboken 1.2.1:  75% 0.75/1 [00:00<00:00,  5.14it/s]shiboken 1.2.1:  91% 0.907142857143/1 [00:00<00:00,  2.66it/s]shiboken 1.2.1: 100% 1.0/1 [00:00<00:00,  3.60it/s]           
libpng 1.6.34:   0% 0/1 [00:00<?, ?it/s]libpng 1.6.34:  99% 0.986842105263/1 [00:00<00:00,  9.47it/s]libpng 1.6.34: 100% 1.0/1 [00:00<00:00,  8.49it/s]           
pil 1.1.7:   0% 0/1 [00:00<?, ?it/s]pil 1.1.7:  75% 0.75/1 [00:00<00:00,  6.20it/s]pil 1.1.7:  94% 0.936797752809/1 [00:00<00:00,  3.42it/s]pil 1.1.7: 100% 1.0/1 [00:00<00:00,  4.05it/s]           
patsy 0.5.0:   0% 0/1 [00:00<?, ?it/s]patsy 0.5.0:  87% 0.871710526316/1 [00:00<00:00,  8.69it/s]patsy 0.5.0: 100% 1.0/1 [00:00<00:00,  6.81it/s]           
xz 5.2.3:   0% 0/1 [00:00<?, ?it/s]xz 5.2.3:  75% 0.752293577982/1 [00:00<00:00,  6.80it/s]xz 5.2.3: 100% 1.0/1 [00:00<00:00,  6.43it/s]           
sqlalchemy 1.2.1:   0% 0/1 [00:00<?, ?it/s]sqlalchemy 1.2.1:  75% 0.75/1 [00:00<00:00,  2.25it/s]sqlalchemy 1.2.1:  90% 0.896875/1 [00:00<00:00,  1.94it/s]sqlalchemy 1.2.1:  99% 0.98875/1 [00:00<00:00,  1.04s/it] sqlalchemy 1.2.1: 100% 1.0/1 [00:00<00:00,  1.39it/s]    
icu 58.2:   0% 0/1 [00:00<?, ?it/s]icu 58.2:  31% 0.314778473861/1 [00:00<00:00,  3.15it/s]icu 58.2:  66% 0.660254352612/1 [00:00<00:00,  3.23it/s]icu 58.2:  83% 0.830039525692/1 [00:03<00:00,  5.32s/it]icu 58.2:  95% 0.950592885375/1 [00:03<00:00,  3.98s/it]icu 58.2: 100% 1.0/1 [00:06<00:00,  6.12s/it]           
intel-openmp 2018.0.0:   0% 0/1 [00:00<?, ?it/s]intel-openmp 2018.0.0:  77% 0.769230769231/1 [00:00<00:00,  6.57it/s]intel-openmp 2018.0.0: 100% 1.0/1 [00:00<00:00,  5.62it/s]           
pyface 4.5.2:   0% 0/1 [00:00<?, ?it/s]pyface 4.5.2:  75% 0.75/1 [00:00<00:00,  3.21it/s]pyface 4.5.2:  85% 0.846590909091/1 [00:00<00:00,  1.61it/s]pyface 4.5.2:  94% 0.936553030303/1 [00:00<00:00,  1.15it/s]pyface 4.5.2: 100% 1.0/1 [00:00<00:00,  1.76it/s]           
configobj 5.0.6:   0% 0/1 [00:00<?, ?it/s]configobj 5.0.6: 100% 1.0/1 [00:00<00:00, 26.89it/s]
libxslt 1.1.32:   0% 0/1 [00:00<?, ?it/s]libxslt 1.1.32:  75% 0.75/1 [00:00<00:00,  6.52it/s]libxslt 1.1.32:  99% 0.988255033557/1 [00:00<00:00,  4.18it/s]libxslt 1.1.32: 100% 1.0/1 [00:00<00:00,  4.09it/s]           
chaco 4.5.0:   0% 0/1 [00:00<?, ?it/s]chaco 4.5.0:  75% 0.75/1 [00:00<00:00,  3.05it/s]chaco 4.5.0:  84% 0.841943957968/1 [00:00<00:00,  1.57it/s]chaco 4.5.0:  93% 0.92819614711/1 [00:00<00:00,  1.25it/s] chaco 4.5.0: 100% 1.0/1 [00:00<00:00,  1.92it/s]          
enable 4.5.1:   0% 0/1 [00:00<?, ?it/s]enable 4.5.1:  75% 0.75/1 [00:00<00:00,  1.03it/s]enable 4.5.1:  84% 0.839015151515/1 [00:00<00:00,  1.02s/it]enable 4.5.1:  94% 0.943181818182/1 [00:00<00:00,  1.02s/it]enable 4.5.1: 100% 1.0/1 [00:01<00:00,  1.49s/it]           
qt 4.8.5:   0% 0/1 [00:00<?, ?it/s]qt 4.8.5:  20% 0.196731461823/1 [00:00<00:00,  1.97it/s]qt 4.8.5:  42% 0.424113115161/1 [00:00<00:00,  2.05it/s]qt 4.8.5:  65% 0.646861600015/1 [00:00<00:00,  2.10it/s]qt 4.8.5:  79% 0.790343668285/1 [00:09<00:04, 19.80s/it]qt 4.8.5:  89% 0.891202838999/1 [00:09<00:01, 14.80s/it]qt 4.8.5:  97% 0.971329846843/1 [00:10<00:00, 11.17s/it]qt 4.8.5: 100% 1.0/1 [00:10<00:00, 10.21s/it]           
lcms 1.19:   0% 0/1 [00:00<?, ?it/s]lcms 1.19:  75% 0.75/1 [00:00<00:00,  6.33it/s]lcms 1.19: 100% 1.0/1 [00:00<00:00,  4.93it/s] 
python-dateutil 2.6.1:   0% 0/1 [00:00<?, ?it/s]python-dateutil 2.6.1: 100% 1.0/1 [00:00<00:00, 11.00it/s]
numpy 1.10.2:   0% 0/1 [00:00<?, ?it/s]numpy 1.10.2:  75% 0.75/1 [00:01<00:00,  1.35s/it]numpy 1.10.2:  78% 0.777662517289/1 [00:01<00:01,  4.92s/it]numpy 1.10.2:  80% 0.800829875519/1 [00:01<00:00,  4.74s/it]numpy 1.10.2:  82% 0.820539419087/1 [00:01<00:01,  5.70s/it]numpy 1.10.2:  89% 0.890733056708/1 [00:01<00:00,  4.42s/it]numpy 1.10.2:  94% 0.940525587828/1 [00:01<00:00,  3.70s/it]numpy 1.10.2:  98% 0.978907330567/1 [00:01<00:00,  3.66s/it]numpy 1.10.2: 100% 1.0/1 [00:02<00:00,  2.08s/it]           
pyqt 4.10.4:   0% 0/1 [00:00<?, ?it/s]pyqt 4.10.4:  75% 0.75/1 [00:00<00:00,  1.07s/it]pyqt 4.10.4:  78% 0.778359511344/1 [00:01<00:01,  8.24s/it]pyqt 4.10.4:  90% 0.903141361257/1 [00:01<00:00,  6.01s/it]pyqt 4.10.4: 100% 1.0/1 [00:01<00:00,  1.67s/it]           
pyyaml 3.12:   0% 0/1 [00:00<?, ?it/s]pyyaml 3.12:   8% 0.075468453474/1 [00:00<00:02,  2.96s/it]pyyaml 3.12: 100% 1.0/1 [00:00<00:00,  3.53it/s]           
xlwt 1.3.0:   0% 0/1 [00:00<?, ?it/s]xlwt 1.3.0: 100% 1.0/1 [00:00<00:00, 11.73it/s]
traits 4.5.0:   0% 0/1 [00:00<?, ?it/s]traits 4.5.0:  75% 0.75/1 [00:00<00:00,  6.72it/s]traits 4.5.0:  96% 0.955102040816/1 [00:00<00:00,  3.76it/s]traits 4.5.0: 100% 1.0/1 [00:00<00:00,  4.15it/s]           
pytz 2017.3:   0% 0/1 [00:00<?, ?it/s]pytz 2017.3:  75% 0.750396825397/1 [00:00<00:00,  6.87it/s]pytz 2017.3:  97% 0.967857142857/1 [00:00<00:00,  4.17it/s]pytz 2017.3: 100% 1.0/1 [00:00<00:00,  4.15it/s]           
traitsui 4.5.1:   0% 0/1 [00:00<?, ?it/s]traitsui 4.5.1:  75% 0.75/1 [00:00<00:00,  3.49it/s]traitsui 4.5.1:  86% 0.857438016529/1 [00:00<00:00,  2.08it/s]traitsui 4.5.1:  96% 0.963223140496/1 [00:00<00:00,  1.54it/s]traitsui 4.5.1: 100% 1.0/1 [00:00<00:00,  2.08it/s]           
jbig 2.1:   0% 0/1 [00:00<?, ?it/s]jbig 2.1: 100% 1.0/1 [00:00<00:00, 34.47it/s]
jpeg 8d:   0% 0/1 [00:00<?, ?it/s]jpeg 8d:  75% 0.75/1 [00:00<00:00,  5.38it/s]jpeg 8d: 100% 1.0/1 [00:00<00:00,  3.58it/s] 
libgfortran 3.0.0:   0% 0/1 [00:00<?, ?it/s]libgfortran 3.0.0: 100% 1.0/1 [00:00<00:00,  9.61it/s]
libxml2 2.9.7:   0% 0/1 [00:00<?, ?it/s]libxml2 2.9.7:  75% 0.75/1 [00:00<00:00,  2.00it/s]libxml2 2.9.7:  95% 0.946551724138/1 [00:00<00:00,  1.97it/s]libxml2 2.9.7: 100% 1.0/1 [00:00<00:00,  1.28it/s]           
mkl 2018.0.1:   0% 0/1 [00:00<?, ?it/s]mkl 2018.0.1:   4% 0.0356661204703/1 [00:00<00:02,  2.81s/it]mkl 2018.0.1:   8% 0.0789477826779/1 [00:00<00:02,  2.66s/it]mkl 2018.0.1:  12% 0.119246691038/1 [00:00<00:02,  2.61s/it] mkl 2018.0.1:  16% 0.161576410529/1 [00:00<00:02,  2.53s/it]mkl 2018.0.1:  20% 0.204350369954/1 [00:00<00:01,  2.48s/it]mkl 2018.0.1:  25% 0.246680089445/1 [00:00<00:01,  2.44s/it]mkl 2018.0.1:  29% 0.286978997805/1 [00:00<00:01,  2.46s/it]mkl 2018.0.1:  32% 0.324866317949/1 [00:01<00:03,  5.61s/it]mkl 2018.0.1:  37% 0.366117169026/1 [00:01<00:02,  4.65s/it]mkl 2018.0.1:  41% 0.407368020104/1 [00:01<00:02,  3.98s/it]mkl 2018.0.1:  45% 0.447666928465/1 [00:01<00:01,  3.53s/it]mkl 2018.0.1:  49% 0.489362019477/1 [00:01<00:01,  3.19s/it]mkl 2018.0.1:  53% 0.531310961881/1 [00:01<00:01,  2.95s/it]mkl 2018.0.1:  57% 0.573259904284/1 [00:01<00:01,  2.78s/it]mkl 2018.0.1:  62% 0.615018458144/1 [00:01<00:01,  2.67s/it]mkl 2018.0.1:  66% 0.655634680744/1 [00:01<00:00,  2.65s/it]mkl 2018.0.1:  70% 0.69694899467/1 [00:02<00:00,  2.58s/it] mkl 2018.0.1:  74% 0.737311365878/1 [00:02<00:00,  2.56s/it]mkl 2018.0.1:  78% 0.780612244898/1 [00:30<00:43, 200.15s/it]mkl 2018.0.1:  85% 0.852040816327/1 [00:31<00:20, 141.33s/it]mkl 2018.0.1:  86% 0.862244897959/1 [00:31<00:16, 116.36s/it]mkl 2018.0.1:  87% 0.872448979592/1 [00:32<00:12, 101.71s/it]mkl 2018.0.1:  88% 0.877551020408/1 [00:32<00:11, 91.09s/it] mkl 2018.0.1:  88% 0.882653061224/1 [00:33<00:09, 83.32s/it]mkl 2018.0.1:  89% 0.887755102041/1 [00:33<00:08, 79.82s/it]mkl 2018.0.1:  89% 0.892857142857/1 [00:33<00:08, 80.10s/it]mkl 2018.0.1:  90% 0.897959183673/1 [00:34<00:08, 83.86s/it]mkl 2018.0.1:  90% 0.90306122449/1 [00:34<00:08, 88.76s/it] mkl 2018.0.1:  91% 0.908163265306/1 [00:35<00:08, 90.53s/it]mkl 2018.0.1:  91% 0.913265306122/1 [00:35<00:08, 95.94s/it]mkl 2018.0.1:  92% 0.918367346939/1 [00:36<00:08, 99.62s/it]mkl 2018.0.1:  92% 0.923469387755/1 [00:37<00:07, 103.99s/it]mkl 2018.0.1:  93% 0.928571428571/1 [00:37<00:07, 108.27s/it]mkl 2018.0.1:  93% 0.933673469388/1 [00:38<00:08, 124.03s/it]mkl 2018.0.1:  94% 0.938775510204/1 [00:39<00:08, 140.28s/it]mkl 2018.0.1:  94% 0.94387755102/1 [00:40<00:08, 153.30s/it] mkl 2018.0.1:  95% 0.948979591837/1 [00:41<00:09, 190.41s/it]mkl 2018.0.1:  95% 0.954081632653/1 [00:43<00:10, 223.41s/it]mkl 2018.0.1:  96% 0.959183673469/1 [00:44<00:09, 236.57s/it]mkl 2018.0.1:  96% 0.964285714286/1 [00:46<00:09, 255.42s/it]mkl 2018.0.1:  97% 0.969387755102/1 [00:47<00:08, 277.20s/it]mkl 2018.0.1:  97% 0.974489795918/1 [00:49<00:07, 296.27s/it]mkl 2018.0.1:  98% 0.979591836735/1 [00:51<00:06, 322.34s/it]mkl 2018.0.1:  98% 0.984693877551/1 [00:53<00:05, 333.14s/it]mkl 2018.0.1:  99% 0.989795918367/1 [00:55<00:03, 356.32s/it]mkl 2018.0.1:  99% 0.994897959184/1 [00:57<00:02, 396.51s/it]mkl 2018.0.1: 100% 1.0/1 [01:00<00:00, 440.57s/it]           
scipy 1.0.0:   0% 0/1 [00:00<?, ?it/s]scipy 1.0.0:  40% 0.397511163404/1 [00:00<00:00,  3.97it/s]scipy 1.0.0:  75% 0.75/1 [00:02<00:00,  2.24s/it]          scipy 1.0.0:  84% 0.837962962963/1 [00:02<00:00,  2.03s/it]scipy 1.0.0:  92% 0.919067215364/1 [00:02<00:00,  2.11s/it]scipy 1.0.0:  99% 0.988854595336/1 [00:03<00:00,  4.59s/it]scipy 1.0.0: 100% 1.0/1 [00:05<00:00,  5.19s/it]           
apptools 4.3.0:   0% 0/1 [00:00<?, ?it/s]apptools 4.3.0:  75% 0.75/1 [00:00<00:00,  6.09it/s]apptools 4.3.0:  93% 0.932692307692/1 [00:00<00:00,  3.09it/s]apptools 4.3.0: 100% 1.0/1 [00:00<00:00,  3.37it/s]           
libtiff 4.0.6:   0% 0/1 [00:00<?, ?it/s]libtiff 4.0.6:  75% 0.75/1 [00:00<00:00,  3.19it/s]libtiff 4.0.6:  85% 0.846590909091/1 [00:00<00:00,  1.22it/s]libtiff 4.0.6: 100% 1.0/1 [00:00<00:00,  2.10it/s]           
pygments 2.2.0:   0% 0/1 [00:00<?, ?it/s]pygments 2.2.0:  75% 0.75/1 [00:00<00:00,  2.92it/s]pygments 2.2.0:  91% 0.908450704225/1 [00:00<00:00,  2.33it/s]pygments 2.2.0: 100% 1.0/1 [00:00<00:00,  1.81it/s]           
pyside 1.2.1:   0% 0/1 [00:00<?, ?it/s]pyside 1.2.1:  75% 0.75/1 [00:00<00:00,  1.26s/it]pyside 1.2.1:  78% 0.784574468085/1 [00:01<00:00,  1.75s/it]pyside 1.2.1:  81% 0.813829787234/1 [00:01<00:00,  2.58s/it]pyside 1.2.1:  84% 0.840425531915/1 [00:01<00:01,  9.34s/it]pyside 1.2.1: 100% 1.0/1 [00:01<00:00,  1.88s/it]           
xlrd 1.1.0:   0% 0/1 [00:00<?, ?it/s]xlrd 1.1.0: 100% 1.0/1 [00:00<00:00, 12.55it/s]
lxml 4.1.1:   0% 0/1 [00:00<?, ?it/s]lxml 4.1.1:  75% 0.75/1 [00:00<00:00,  3.50it/s]lxml 4.1.1: 100% 0.997395833333/1 [00:00<00:00,  2.90it/s]lxml 4.1.1: 100% 1.0/1 [00:00<00:00,  2.33it/s]           
libgfortran-ng 7.2.0:   0% 0/1 [00:00<?, ?it/s]libgfortran-ng 7.2.0:  99% 0.986842105263/1 [00:00<00:00,  8.59it/s]libgfortran-ng 7.2.0: 100% 1.0/1 [00:00<00:00,  8.50it/s]           
statsmodels 0.8.0:   0% 0/1 [00:00<?, ?it/s]statsmodels 0.8.0:  75% 0.75/1 [00:01<00:00,  1.43s/it]statsmodels 0.8.0:  82% 0.82037037037/1 [00:01<00:00,  1.51s/it]statsmodels 0.8.0:  88% 0.878282828283/1 [00:01<00:00,  1.58s/it]statsmodels 0.8.0:  92% 0.91835016835/1 [00:01<00:00,  2.15s/it] statsmodels 0.8.0:  96% 0.955050505051/1 [00:01<00:00,  3.12s/it]statsmodels 0.8.0:  99% 0.986363636364/1 [00:01<00:00,  5.11s/it]statsmodels 0.8.0: 100% 1.0/1 [00:02<00:00,  2.26s/it]           
openblas 0.2.14:   0% 0/1 [00:00<?, ?it/s]openblas 0.2.14:  75% 0.75/1 [00:00<00:00,  1.31it/s]openblas 0.2.14:  79% 0.791666666667/1 [00:01<00:00,  4.47s/it]openblas 0.2.14: 100% 1.0/1 [00:01<00:00,  1.14s/it]           
sip 4.15.5:   0% 0/1 [00:00<?, ?it/s]sip 4.15.5: 100% 1.0/1 [00:00<00:00, 12.07it/s]
Preparing transaction: | / - \ | / - \ | / - \ | done
Verifying transaction: - \ | / - \ | / - \ | / - \ | / - \ | / - \ | / - \ | / - \ | / - \ | / - \ | / - \ | / - \ | / - \ | / - \ | / - \ | / - \ | / - \ | / - \ | / - \ | / - \ | / - \ | / - \ | / - \ | / done
Executing transaction: \ | / - \ | / - \ | / - \ | / - \ | / - \ | / - \ | / done

travis_time:end:06377d38:start=1517879993805857246,finish=1517880120677149777,duration=126871292531[0Ktravis_fold:end:install.3[0Ktravis_fold:start:install.4[0Ktravis_time:start:028d6862[0K$ pip install uncertainties pint codecov coverage
Collecting uncertainties
  Downloading uncertainties-3.0.2.tar.gz (229kB)
[?25l[K    4% |â–ˆâ–                              | 10kB 9.4MB/s eta 0:00:01[K    8% |â–ˆâ–ˆâ–‰                             | 20kB 8.2MB/s eta 0:00:01[K    13% |â–ˆâ–ˆâ–ˆâ–ˆâ–Ž                           | 30kB 6.6MB/s eta 0:00:01[K    17% |â–ˆâ–ˆâ–ˆâ–ˆâ–ˆâ–Š                          | 40kB 5.4MB/s eta 0:00:01[K    22% |â–ˆâ–ˆâ–ˆâ–ˆâ–ˆâ–ˆâ–ˆâ–                        | 51kB 5.3MB/s eta 0:00:01[K    26% |â–ˆâ–ˆâ–ˆâ–ˆâ–ˆâ–ˆâ–ˆâ–ˆâ–‹                       | 61kB 6.2MB/s eta 0:00:01[K    31% |â–ˆâ–ˆâ–ˆâ–ˆâ–ˆâ–ˆâ–ˆâ–ˆâ–ˆâ–ˆ                      | 71kB 6.4MB/s eta 0:00:01[K    35% |â–ˆâ–ˆâ–ˆâ–ˆâ–ˆâ–ˆâ–ˆâ–ˆâ–ˆâ–ˆâ–ˆâ–                    | 81kB 6.3MB/s eta 0:00:01[K    40% |â–ˆâ–ˆâ–ˆâ–ˆâ–ˆâ–ˆâ–ˆâ–ˆâ–ˆâ–ˆâ–ˆâ–ˆâ–‰                   | 92kB 7.0MB/s eta 0:00:01[K    44% |â–ˆâ–ˆâ–ˆâ–ˆâ–ˆâ–ˆâ–ˆâ–ˆâ–ˆâ–ˆâ–ˆâ–ˆâ–ˆâ–ˆâ–Ž                 | 102kB 7.0MB/s eta 0:00:01[K    49% |â–ˆâ–ˆâ–ˆâ–ˆâ–ˆâ–ˆâ–ˆâ–ˆâ–ˆâ–ˆâ–ˆâ–ˆâ–ˆâ–ˆâ–ˆâ–Š                | 112kB 7.5MB/s eta 0:00:01[K    53% |â–ˆâ–ˆâ–ˆâ–ˆâ–ˆâ–ˆâ–ˆâ–ˆâ–ˆâ–ˆâ–ˆâ–ˆâ–ˆâ–ˆâ–ˆâ–ˆâ–ˆâ–              | 122kB 7.4MB/s eta 0:00:01[K    58% |â–ˆâ–ˆâ–ˆâ–ˆâ–ˆâ–ˆâ–ˆâ–ˆâ–ˆâ–ˆâ–ˆâ–ˆâ–ˆâ–ˆâ–ˆâ–ˆâ–ˆâ–ˆâ–‹             | 133kB 8.2MB/s eta 0:00:01[K    62% |â–ˆâ–ˆâ–ˆâ–ˆâ–ˆâ–ˆâ–ˆâ–ˆâ–ˆâ–ˆâ–ˆâ–ˆâ–ˆâ–ˆâ–ˆâ–ˆâ–ˆâ–ˆâ–ˆâ–ˆ            | 143kB 10.6MB/s eta 0:00:01[K    66% |â–ˆâ–ˆâ–ˆâ–ˆâ–ˆâ–ˆâ–ˆâ–ˆâ–ˆâ–ˆâ–ˆâ–ˆâ–ˆâ–ˆâ–ˆâ–ˆâ–ˆâ–ˆâ–ˆâ–ˆâ–ˆâ–          | 153kB 11.7MB/s eta 0:00:01[K    71% |â–ˆâ–ˆâ–ˆâ–ˆâ–ˆâ–ˆâ–ˆâ–ˆâ–ˆâ–ˆâ–ˆâ–ˆâ–ˆâ–ˆâ–ˆâ–ˆâ–ˆâ–ˆâ–ˆâ–ˆâ–ˆâ–ˆâ–‰         | 163kB 10.8MB/s eta 0:00:01[K    75% |â–ˆâ–ˆâ–ˆâ–ˆâ–ˆâ–ˆâ–ˆâ–ˆâ–ˆâ–ˆâ–ˆâ–ˆâ–ˆâ–ˆâ–ˆâ–ˆâ–ˆâ–ˆâ–ˆâ–ˆâ–ˆâ–ˆâ–ˆâ–ˆâ–Ž       | 174kB 12.2MB/s eta 0:00:01[K    80% |â–ˆâ–ˆâ–ˆâ–ˆâ–ˆâ–ˆâ–ˆâ–ˆâ–ˆâ–ˆâ–ˆâ–ˆâ–ˆâ–ˆâ–ˆâ–ˆâ–ˆâ–ˆâ–ˆâ–ˆâ–ˆâ–ˆâ–ˆâ–ˆâ–ˆâ–Š      | 184kB 13.2MB/s eta 0:00:01[K    84% |â–ˆâ–ˆâ–ˆâ–ˆâ–ˆâ–ˆâ–ˆâ–ˆâ–ˆâ–ˆâ–ˆâ–ˆâ–ˆâ–ˆâ–ˆâ–ˆâ–ˆâ–ˆâ–ˆâ–ˆâ–ˆâ–ˆâ–ˆâ–ˆâ–ˆâ–ˆâ–ˆâ–    | 194kB 13.3MB/s eta 0:00:01[K    89% |â–ˆâ–ˆâ–ˆâ–ˆâ–ˆâ–ˆâ–ˆâ–ˆâ–ˆâ–ˆâ–ˆâ–ˆâ–ˆâ–ˆâ–ˆâ–ˆâ–ˆâ–ˆâ–ˆâ–ˆâ–ˆâ–ˆâ–ˆâ–ˆâ–ˆâ–ˆâ–ˆâ–ˆâ–Œ   | 204kB 15.3MB/s eta 0:00:01[K    93% |â–ˆâ–ˆâ–ˆâ–ˆâ–ˆâ–ˆâ–ˆâ–ˆâ–ˆâ–ˆâ–ˆâ–ˆâ–ˆâ–ˆâ–ˆâ–ˆâ–ˆâ–ˆâ–ˆâ–ˆâ–ˆâ–ˆâ–ˆâ–ˆâ–ˆâ–ˆâ–ˆâ–ˆâ–ˆâ–ˆ  | 215kB 13.6MB/s eta 0:00:01[K    98% |â–ˆâ–ˆâ–ˆâ–ˆâ–ˆâ–ˆâ–ˆâ–ˆâ–ˆâ–ˆâ–ˆâ–ˆâ–ˆâ–ˆâ–ˆâ–ˆâ–ˆâ–ˆâ–ˆâ–ˆâ–ˆâ–ˆâ–ˆâ–ˆâ–ˆâ–ˆâ–ˆâ–ˆâ–ˆâ–ˆâ–ˆâ–| 225kB 16.9MB/s eta 0:00:01[K    100% |â–ˆâ–ˆâ–ˆâ–ˆâ–ˆâ–ˆâ–ˆâ–ˆâ–ˆâ–ˆâ–ˆâ–ˆâ–ˆâ–ˆâ–ˆâ–ˆâ–ˆâ–ˆâ–ˆâ–ˆâ–ˆâ–ˆâ–ˆâ–ˆâ–ˆâ–ˆâ–ˆâ–ˆâ–ˆâ–ˆâ–ˆâ–ˆ| 235kB 4.1MB/s 
[?25hCollecting pint
  Downloading Pint-0.8.1.tar.gz (162kB)
[?25l[K    6% |â–ˆâ–ˆ                              | 10kB 45.5MB/s eta 0:00:01[K    12% |â–ˆâ–ˆâ–ˆâ–ˆ                            | 20kB 39.8MB/s eta 0:00:01[K    18% |â–ˆâ–ˆâ–ˆâ–ˆâ–ˆâ–ˆ                          | 30kB 45.3MB/s eta 0:00:01[K    25% |â–ˆâ–ˆâ–ˆâ–ˆâ–ˆâ–ˆâ–ˆâ–ˆ                        | 40kB 47.2MB/s eta 0:00:01[K    31% |â–ˆâ–ˆâ–ˆâ–ˆâ–ˆâ–ˆâ–ˆâ–ˆâ–ˆâ–ˆ                      | 51kB 41.3MB/s eta 0:00:01[K    37% |â–ˆâ–ˆâ–ˆâ–ˆâ–ˆâ–ˆâ–ˆâ–ˆâ–ˆâ–ˆâ–ˆâ–ˆâ–                   | 61kB 43.9MB/s eta 0:00:01[K    44% |â–ˆâ–ˆâ–ˆâ–ˆâ–ˆâ–ˆâ–ˆâ–ˆâ–ˆâ–ˆâ–ˆâ–ˆâ–ˆâ–ˆâ–                 | 71kB 41.3MB/s eta 0:00:01[K    50% |â–ˆâ–ˆâ–ˆâ–ˆâ–ˆâ–ˆâ–ˆâ–ˆâ–ˆâ–ˆâ–ˆâ–ˆâ–ˆâ–ˆâ–ˆâ–ˆâ–               | 81kB 35.5MB/s eta 0:00:01[K    56% |â–ˆâ–ˆâ–ˆâ–ˆâ–ˆâ–ˆâ–ˆâ–ˆâ–ˆâ–ˆâ–ˆâ–ˆâ–ˆâ–ˆâ–ˆâ–ˆâ–ˆâ–ˆâ–             | 92kB 37.4MB/s eta 0:00:01[K    63% |â–ˆâ–ˆâ–ˆâ–ˆâ–ˆâ–ˆâ–ˆâ–ˆâ–ˆâ–ˆâ–ˆâ–ˆâ–ˆâ–ˆâ–ˆâ–ˆâ–ˆâ–ˆâ–ˆâ–ˆâ–           | 102kB 37.1MB/s eta 0:00:01[K    69% |â–ˆâ–ˆâ–ˆâ–ˆâ–ˆâ–ˆâ–ˆâ–ˆâ–ˆâ–ˆâ–ˆâ–ˆâ–ˆâ–ˆâ–ˆâ–ˆâ–ˆâ–ˆâ–ˆâ–ˆâ–ˆâ–ˆâ–Ž         | 112kB 38.1MB/s eta 0:00:01[K    75% |â–ˆâ–ˆâ–ˆâ–ˆâ–ˆâ–ˆâ–ˆâ–ˆâ–ˆâ–ˆâ–ˆâ–ˆâ–ˆâ–ˆâ–ˆâ–ˆâ–ˆâ–ˆâ–ˆâ–ˆâ–ˆâ–ˆâ–ˆâ–ˆâ–Ž       | 122kB 37.0MB/s eta 0:00:01[K    82% |â–ˆâ–ˆâ–ˆâ–ˆâ–ˆâ–ˆâ–ˆâ–ˆâ–ˆâ–ˆâ–ˆâ–ˆâ–ˆâ–ˆâ–ˆâ–ˆâ–ˆâ–ˆâ–ˆâ–ˆâ–ˆâ–ˆâ–ˆâ–ˆâ–ˆâ–ˆâ–Ž     | 133kB 33.4MB/s eta 0:00:01[K    88% |â–ˆâ–ˆâ–ˆâ–ˆâ–ˆâ–ˆâ–ˆâ–ˆâ–ˆâ–ˆâ–ˆâ–ˆâ–ˆâ–ˆâ–ˆâ–ˆâ–ˆâ–ˆâ–ˆâ–ˆâ–ˆâ–ˆâ–ˆâ–ˆâ–ˆâ–ˆâ–ˆâ–ˆâ–Ž   | 143kB 33.2MB/s eta 0:00:01[K    94% |â–ˆâ–ˆâ–ˆâ–ˆâ–ˆâ–ˆâ–ˆâ–ˆâ–ˆâ–ˆâ–ˆâ–ˆâ–ˆâ–ˆâ–ˆâ–ˆâ–ˆâ–ˆâ–ˆâ–ˆâ–ˆâ–ˆâ–ˆâ–ˆâ–ˆâ–ˆâ–ˆâ–ˆâ–ˆâ–ˆâ–Ž | 153kB 33.5MB/s eta 0:00:01[K    100% |â–ˆâ–ˆâ–ˆâ–ˆâ–ˆâ–ˆâ–ˆâ–ˆâ–ˆâ–ˆâ–ˆâ–ˆâ–ˆâ–ˆâ–ˆâ–ˆâ–ˆâ–ˆâ–ˆâ–ˆâ–ˆâ–ˆâ–ˆâ–ˆâ–ˆâ–ˆâ–ˆâ–ˆâ–ˆâ–ˆâ–ˆâ–ˆ| 163kB 5.8MB/s 
[?25hCollecting codecov
  Downloading codecov-2.0.15-py2.py3-none-any.whl
Collecting coverage
  Downloading coverage-4.5-cp27-cp27mu-manylinux1_x86_64.whl (199kB)
[?25l[K    5% |â–ˆâ–‹                              | 10kB 53.6MB/s eta 0:00:01[K    10% |â–ˆâ–ˆâ–ˆâ–Ž                            | 20kB 16.3MB/s eta 0:00:01[K    15% |â–ˆâ–ˆâ–ˆâ–ˆâ–ˆ                           | 30kB 20.5MB/s eta 0:00:01[K    20% |â–ˆâ–ˆâ–ˆâ–ˆâ–ˆâ–ˆâ–‹                         | 40kB 12.1MB/s eta 0:00:01[K    25% |â–ˆâ–ˆâ–ˆâ–ˆâ–ˆâ–ˆâ–ˆâ–ˆâ–                       | 51kB 10.1MB/s eta 0:00:01[K    30% |â–ˆâ–ˆâ–ˆâ–ˆâ–ˆâ–ˆâ–ˆâ–ˆâ–ˆâ–‰                      | 61kB 11.6MB/s eta 0:00:01[K    35% |â–ˆâ–ˆâ–ˆâ–ˆâ–ˆâ–ˆâ–ˆâ–ˆâ–ˆâ–ˆâ–ˆâ–Œ                    | 71kB 11.2MB/s eta 0:00:01[K    41% |â–ˆâ–ˆâ–ˆâ–ˆâ–ˆâ–ˆâ–ˆâ–ˆâ–ˆâ–ˆâ–ˆâ–ˆâ–ˆâ–                  | 81kB 11.3MB/s eta 0:00:01[K    46% |â–ˆâ–ˆâ–ˆâ–ˆâ–ˆâ–ˆâ–ˆâ–ˆâ–ˆâ–ˆâ–ˆâ–ˆâ–ˆâ–ˆâ–‰                 | 92kB 12.4MB/s eta 0:00:01[K    51% |â–ˆâ–ˆâ–ˆâ–ˆâ–ˆâ–ˆâ–ˆâ–ˆâ–ˆâ–ˆâ–ˆâ–ˆâ–ˆâ–ˆâ–ˆâ–ˆâ–               | 102kB 12.6MB/s eta 0:00:01[K    56% |â–ˆâ–ˆâ–ˆâ–ˆâ–ˆâ–ˆâ–ˆâ–ˆâ–ˆâ–ˆâ–ˆâ–ˆâ–ˆâ–ˆâ–ˆâ–ˆâ–ˆâ–ˆ              | 112kB 12.6MB/s eta 0:00:01[K    61% |â–ˆâ–ˆâ–ˆâ–ˆâ–ˆâ–ˆâ–ˆâ–ˆâ–ˆâ–ˆâ–ˆâ–ˆâ–ˆâ–ˆâ–ˆâ–ˆâ–ˆâ–ˆâ–ˆâ–Š            | 122kB 12.2MB/s eta 0:00:01[K    66% |â–ˆâ–ˆâ–ˆâ–ˆâ–ˆâ–ˆâ–ˆâ–ˆâ–ˆâ–ˆâ–ˆâ–ˆâ–ˆâ–ˆâ–ˆâ–ˆâ–ˆâ–ˆâ–ˆâ–ˆâ–ˆâ–          | 133kB 11.2MB/s eta 0:00:01[K    71% |â–ˆâ–ˆâ–ˆâ–ˆâ–ˆâ–ˆâ–ˆâ–ˆâ–ˆâ–ˆâ–ˆâ–ˆâ–ˆâ–ˆâ–ˆâ–ˆâ–ˆâ–ˆâ–ˆâ–ˆâ–ˆâ–ˆâ–ˆ         | 143kB 13.8MB/s eta 0:00:01[K    77% |â–ˆâ–ˆâ–ˆâ–ˆâ–ˆâ–ˆâ–ˆâ–ˆâ–ˆâ–ˆâ–ˆâ–ˆâ–ˆâ–ˆâ–ˆâ–ˆâ–ˆâ–ˆâ–ˆâ–ˆâ–ˆâ–ˆâ–ˆâ–ˆâ–‹       | 153kB 16.0MB/s eta 0:00:01[K    82% |â–ˆâ–ˆâ–ˆâ–ˆâ–ˆâ–ˆâ–ˆâ–ˆâ–ˆâ–ˆâ–ˆâ–ˆâ–ˆâ–ˆâ–ˆâ–ˆâ–ˆâ–ˆâ–ˆâ–ˆâ–ˆâ–ˆâ–ˆâ–ˆï¿½ï¿½ï¿½â–ˆâ–Ž     | 163kB 14.7MB/s eta 0:00:01[K    87% |â–ˆâ–ˆâ–ˆâ–ˆâ–ˆâ–ˆâ–ˆâ–ˆâ–ˆâ–ˆâ–ˆâ–ˆâ–ˆâ–ˆâ–ˆâ–ˆâ–ˆâ–ˆâ–ˆâ–ˆâ–ˆâ–ˆâ–ˆâ–ˆâ–ˆâ–ˆâ–ˆâ–ˆ    | 174kB 16.7MB/s eta 0:00:01[K    92% |â–ˆâ–ˆâ–ˆâ–ˆâ–ˆâ–ˆâ–ˆâ–ˆâ–ˆâ–ˆâ–ˆâ–ˆâ–ˆâ–ˆâ–ˆâ–ˆâ–ˆâ–ˆâ–ˆâ–ˆâ–ˆâ–ˆâ–ˆâ–ˆâ–ˆâ–ˆâ–ˆâ–ˆâ–ˆâ–‹  | 184kB 17.5MB/s eta 0:00:01[K    97% |â–ˆâ–ˆâ–ˆâ–ˆâ–ˆâ–ˆâ–ˆâ–ˆâ–ˆâ–ˆâ–ˆâ–ˆâ–ˆâ–ˆâ–ˆâ–ˆâ–ˆâ–ˆâ–ˆâ–ˆâ–ˆâ–ˆâ–ˆâ–ˆâ–ˆâ–ˆâ–ˆâ–ˆâ–ˆâ–ˆâ–ˆâ–Ž| 194kB 17.6MB/s eta 0:00:01[K    100% |â–ˆâ–ˆâ–ˆâ–ˆâ–ˆâ–ˆâ–ˆâ–ˆâ–ˆâ–ˆâ–ˆâ–ˆâ–ˆâ–ˆâ–ˆâ–ˆâ–ˆâ–ˆâ–ˆâ–ˆâ–ˆâ–ˆâ–ˆâ–ˆâ–ˆâ–ˆâ–ˆâ–ˆâ–ˆâ–ˆâ–ˆâ–ˆ| 204kB 4.7MB/s 
[?25hCollecting requests>=2.7.9 (from codecov)
  Downloading requests-2.18.4-py2.py3-none-any.whl (88kB)
[?25l[K    11% |â–ˆâ–ˆâ–ˆâ–Š                            | 10kB 43.8MB/s eta 0:00:01[K    23% |â–ˆâ–ˆâ–ˆâ–ˆâ–ˆâ–ˆâ–ˆâ–                        | 20kB 38.1MB/s eta 0:00:01[K    34% |â–ˆâ–ˆâ–ˆâ–ˆâ–ˆâ–ˆâ–ˆâ–ˆâ–ˆâ–ˆâ–ˆ                     | 30kB 42.1MB/s eta 0:00:01[K    46% |â–ˆâ–ˆâ–ˆâ–ˆâ–ˆâ–ˆâ–ˆâ–ˆâ–ˆâ–ˆâ–ˆâ–ˆâ–ˆâ–ˆâ–Š                 | 40kB 42.7MB/s eta 0:00:01[K    57% |â–ˆâ–ˆâ–ˆâ–ˆâ–ˆâ–ˆâ–ˆâ–ˆâ–ˆâ–ˆâ–ˆâ–ˆâ–ˆâ–ˆâ–ˆâ–ˆâ–ˆâ–ˆâ–Œ             | 51kB 43.3MB/s eta 0:00:01[K    69% |â–ˆâ–ˆâ–ˆâ–ˆâ–ˆâ–ˆâ–ˆâ–ˆâ–ˆâ–ˆâ–ˆâ–ˆâ–ˆâ–ˆâ–ˆâ–ˆâ–ˆâ–ˆâ–ˆâ–ˆâ–ˆâ–ˆâ–         | 61kB 43.4MB/s eta 0:00:01[K    80% |â–ˆâ–ˆâ–ˆâ–ˆâ–ˆâ–ˆâ–ˆâ–ˆâ–ˆâ–ˆâ–ˆâ–ˆâ–ˆâ–ˆâ–ˆâ–ˆâ–ˆâ–ˆâ–ˆâ–ˆâ–ˆâ–ˆâ–ˆâ–ˆâ–ˆâ–‰      | 71kB 43.7MB/s eta 0:00:01[K    92% |â–ˆâ–ˆâ–ˆâ–ˆâ–ˆâ–ˆâ–ˆâ–ˆâ–ˆâ–ˆâ–ˆâ–ˆâ–ˆâ–ˆâ–ˆâ–ˆâ–ˆâ–ˆâ–ˆâ–ˆâ–ˆâ–ˆâ–ˆâ–ˆâ–ˆâ–ˆâ–ˆâ–ˆâ–ˆâ–Œ  | 81kB 44.2MB/s eta 0:00:01[K    100% |â–ˆâ–ˆâ–ˆâ–ˆâ–ˆâ–ˆâ–ˆâ–ˆâ–ˆâ–ˆâ–ˆâ–ˆâ–ˆâ–ˆâ–ˆâ–ˆâ–ˆâ–ˆâ–ˆâ–ˆâ–ˆâ–ˆâ–ˆâ–ˆâ–ˆâ–ˆâ–ˆâ–ˆâ–ˆâ–ˆâ–ˆâ–ˆ| 92kB 10.2MB/s 
[?25hCollecting urllib3<1.23,>=1.21.1 (from requests>=2.7.9->codecov)
  Downloading urllib3-1.22-py2.py3-none-any.whl (132kB)
[?25l[K    7% |â–ˆâ–ˆâ–Œ                             | 10kB 60.9MB/s eta 0:00:01[K    15% |â–ˆâ–ˆâ–ˆâ–ˆâ–ˆ                           | 20kB 47.5MB/s eta 0:00:01[K    23% |â–ˆâ–ˆâ–ˆâ–ˆâ–ˆâ–ˆâ–ˆâ–                        | 30kB 49.2MB/s eta 0:00:01[K    30% |â–ˆâ–ˆâ–ˆâ–ˆâ–ˆâ–ˆâ–ˆâ–ˆâ–ˆâ–ˆ                      | 40kB 48.3MB/s eta 0:00:01[K    38% |â–ˆâ–ˆâ–ˆâ–ˆâ–ˆâ–ˆâ–ˆâ–ˆâ–ˆâ–ˆâ–ˆâ–ˆâ–                   | 51kB 46.4MB/s eta 0:00:01[K    46% |â–ˆâ–ˆâ–ˆâ–ˆâ–ˆâ–ˆâ–ˆâ–ˆâ–ˆâ–ˆâ–ˆâ–ˆâ–ˆâ–ˆâ–‰                 | 61kB 46.8MB/s eta 0:00:01[K    54% |â–ˆâ–ˆâ–ˆâ–ˆâ–ˆâ–ˆâ–ˆâ–ˆâ–ˆâ–ˆâ–ˆâ–ˆâ–ˆâ–ˆâ–ˆâ–ˆâ–ˆâ–              | 71kB 45.0MB/s eta 0:00:01[K    61% |â–ˆâ–ˆâ–ˆâ–ˆâ–ˆâ–ˆâ–ˆâ–ˆâ–ˆâ–ˆâ–ˆâ–ˆâ–ˆâ–ˆâ–ˆâ–ˆâ–ˆâ–ˆâ–ˆâ–‰            | 81kB 44.2MB/s eta 0:00:01[K    69% |â–ˆâ–ˆâ–ˆâ–ˆâ–ˆâ–ˆâ–ˆâ–ˆâ–ˆâ–ˆâ–ˆâ–ˆâ–ˆâ–ˆâ–ˆâ–ˆâ–ˆâ–ˆâ–ˆâ–ˆâ–ˆâ–ˆâ–Ž         | 92kB 45.4MB/s eta 0:00:01[K    77% |â–ˆâ–ˆâ–ˆâ–ˆâ–ˆâ–ˆâ–ˆâ–ˆâ–ˆâ–ˆâ–ˆâ–ˆâ–ˆâ–ˆâ–ˆâ–ˆâ–ˆâ–ˆâ–ˆâ–ˆâ–ˆâ–ˆâ–ˆâ–ˆâ–Š       | 102kB 45.7MB/s eta 0:00:01[K    85% |â–ˆâ–ˆâ–ˆâ–ˆâ–ˆâ–ˆâ–ˆâ–ˆâ–ˆâ–ˆâ–ˆâ–ˆâ–ˆâ–ˆâ–ˆâ–ˆâ–ˆâ–ˆâ–ˆâ–ˆâ–ˆâ–ˆâ–ˆâ–ˆâ–ˆâ–ˆâ–ˆâ–Ž    | 112kB 45.1MB/s eta 0:00:01[K    92% |â–ˆâ–ˆâ–ˆâ–ˆâ–ˆâ–ˆâ–ˆâ–ˆâ–ˆâ–ˆâ–ˆâ–ˆâ–ˆâ–ˆâ–ˆâ–ˆâ–ˆâ–ˆâ–ˆâ–ˆâ–ˆâ–ˆâ–ˆâ–ˆâ–ˆâ–ˆâ–ˆâ–ˆâ–ˆâ–Š  | 122kB 45.8MB/s eta 0:00:01[K    100% |â–ˆâ–ˆâ–ˆâ–ˆâ–ˆâ–ˆâ–ˆâ–ˆâ–ˆâ–ˆâ–ˆâ–ˆâ–ˆâ–ˆâ–ˆâ–ˆâ–ˆâ–ˆâ–ˆâ–ˆâ–ˆâ–ˆâ–ˆâ–ˆâ–ˆâ–ˆâ–ˆâ–ˆâ–ˆâ–ˆâ–ˆâ–ˆ| 133kB 7.9MB/s 
[?25hCollecting idna<2.7,>=2.5 (from requests>=2.7.9->codecov)
  Downloading idna-2.6-py2.py3-none-any.whl (56kB)
[?25l[K    18% |â–ˆâ–ˆâ–ˆâ–ˆâ–ˆâ–‰                          | 10kB 58.5MB/s eta 0:00:01[K    36% |â–ˆâ–ˆâ–ˆâ–ˆâ–ˆâ–ˆâ–ˆâ–ˆâ–ˆâ–ˆâ–ˆâ–‹                    | 20kB 45.7MB/s eta 0:00:01[K    54% |â–ˆâ–ˆâ–ˆâ–ˆâ–ˆâ–ˆâ–ˆâ–ˆâ–ˆâ–ˆâ–ˆâ–ˆâ–ˆâ–ˆâ–ˆâ–ˆâ–ˆâ–              | 30kB 48.5MB/s eta 0:00:01[K    72% |â–ˆâ–ˆâ–ˆâ–ˆâ–ˆâ–ˆâ–ˆâ–ˆâ–ˆâ–ˆâ–ˆâ–ˆâ–ˆâ–ˆâ–ˆâ–ˆâ–ˆâ–ˆâ–ˆâ–ˆâ–ˆâ–ˆâ–ˆâ–        | 40kB 45.7MB/s eta 0:00:01[K    90% |â–ˆâ–ˆâ–ˆâ–ˆâ–ˆâ–ˆâ–ˆâ–ˆâ–ˆâ–ˆâ–ˆâ–ˆâ–ˆâ–ˆâ–ˆâ–ˆâ–ˆâ–ˆâ–ˆâ–ˆâ–ˆâ–ˆâ–ˆâ–ˆâ–ˆâ–ˆâ–ˆâ–ˆâ–ˆ   | 51kB 46.2MB/s eta 0:00:01[K    100% |â–ˆâ–ˆâ–ˆâ–ˆâ–ˆâ–ˆâ–ˆâ–ˆâ–ˆâ–ˆâ–ˆâ–ˆâ–ˆâ–ˆâ–ˆâ–ˆâ–ˆâ–ˆâ–ˆâ–ˆâ–ˆâ–ˆâ–ˆâ–ˆâ–ˆâ–ˆâ–ˆâ–ˆâ–ˆâ–ˆâ–ˆâ–ˆ| 61kB 9.8MB/s 
[?25hCollecting chardet<3.1.0,>=3.0.2 (from requests>=2.7.9->codecov)
  Downloading chardet-3.0.4-py2.py3-none-any.whl (133kB)
[?25l[K    7% |â–ˆâ–ˆâ–Œ                             | 10kB 69.2MB/s eta 0:00:01[K    15% |â–ˆâ–ˆâ–ˆâ–ˆâ–ˆ                           | 20kB 53.1MB/s eta 0:00:01[K    23% |â–ˆâ–ˆâ–ˆâ–ˆâ–ˆâ–ˆâ–ˆâ–                        | 30kB 56.9MB/s eta 0:00:01[K    30% |â–ˆâ–ˆâ–ˆâ–ˆâ–ˆâ–ˆâ–ˆâ–ˆâ–ˆâ–‰                      | 40kB 56.0MB/s eta 0:00:01[K    38% |â–ˆâ–ˆâ–ˆâ–ˆâ–ˆâ–ˆâ–ˆâ–ˆâ–ˆâ–ˆâ–ˆâ–ˆâ–Ž                   | 51kB 55.8MB/s eta 0:00:01[K    46% |â–ˆâ–ˆâ–ˆâ–ˆâ–ˆâ–ˆâ–ˆâ–ˆâ–ˆâ–ˆâ–ˆâ–ˆâ–ˆâ–ˆâ–Š                 | 61kB 56.0MB/s eta 0:00:01[K    53% |â–ˆâ–ˆâ–ˆâ–ˆâ–ˆâ–ˆâ–ˆâ–ˆâ–ˆâ–ˆâ–ˆâ–ˆâ–ˆâ–ˆâ–ˆâ–ˆâ–ˆâ–              | 71kB 52.7MB/s eta 0:00:01[K    61% |â–ˆâ–ˆâ–ˆâ–ˆâ–ˆâ–ˆâ–ˆâ–ˆâ–ˆâ–ˆâ–ˆâ–ˆâ–ˆâ–ˆâ–ˆâ–ˆâ–ˆâ–ˆâ–ˆâ–‹            | 81kB 50.8MB/s eta 0:00:01[K    69% |â–ˆâ–ˆâ–ˆâ–ˆâ–ˆâ–ˆâ–ˆâ–ˆâ–ˆâ–ˆâ–ˆâ–ˆâ–ˆâ–ˆâ–ˆâ–ˆâ–ˆâ–ˆâ–ˆâ–ˆâ–ˆâ–ˆâ–         | 92kB 52.2MB/s eta 0:00:01[K    76% |â–ˆâ–ˆâ–ˆâ–ˆâ–ˆâ–ˆâ–ˆâ–ˆâ–ˆâ–ˆâ–ˆâ–ˆâ–ˆâ–ˆâ–ˆâ–ˆâ–ˆâ–ˆâ–ˆâ–ˆâ–ˆâ–ˆâ–ˆâ–ˆâ–‹       | 102kB 52.6MB/s eta 0:00:01[K    84% |â–ˆâ–ˆâ–ˆâ–ˆâ–ˆâ–ˆâ–ˆâ–ˆâ–ˆâ–ˆâ–ˆâ–ˆâ–ˆâ–ˆâ–ˆâ–ˆâ–ˆâ–ˆâ–ˆâ–ˆâ–ˆâ–ˆâ–ˆâ–ˆâ–ˆâ–ˆâ–ˆ     | 112kB 52.8MB/s eta 0:00:01[K    92% |â–ˆâ–ˆâ–ˆâ–ˆâ–ˆâ–ˆâ–ˆâ–ˆâ–ˆâ–ˆâ–ˆâ–ˆâ–ˆâ–ˆâ–ˆâ–ˆâ–ˆâ–ˆâ–ˆâ–ˆâ–ˆâ–ˆâ–ˆâ–ˆâ–ˆâ–ˆâ–ˆâ–ˆâ–ˆâ–Œ  | 122kB 54.4MB/s eta 0:00:01[K    99% |â–ˆâ–ˆâ–ˆâ–ˆâ–ˆâ–ˆâ–ˆâ–ˆâ–ˆâ–ˆâ–ˆâ–ˆâ–ˆâ–ˆâ–ˆâ–ˆâ–ˆâ–ˆâ–ˆâ–ˆâ–ˆâ–ˆâ–ˆâ–ˆâ–ˆâ–ˆâ–ˆâ–ˆâ–ˆâ–ˆâ–ˆâ–ˆ| 133kB 54.0MB/s eta 0:00:01[K    100% |â–ˆâ–ˆâ–ˆâ–ˆâ–ˆâ–ˆâ–ˆâ–ˆâ–ˆâ–ˆâ–ˆâ–ˆâ–ˆâ–ˆâ–ˆâ–ˆâ–ˆâ–ˆâ–ˆâ–ˆâ–ˆâ–ˆâ–ˆâ–ˆâ–ˆâ–ˆâ–ˆâ–ˆâ–ˆâ–ˆâ–ˆâ–ˆ| 143kB 8.1MB/s 
[?25hRequirement already satisfied: certifi>=2017.4.17 in /home/travis/miniconda2/envs/pychron-test/lib/python2.7/site-packages (from requests>=2.7.9->codecov)
Building wheels for collected packages: uncertainties, pint
  Running setup.py bdist_wheel for uncertainties ... [?25l- done
[?25h  Stored in directory: /home/travis/.cache/pip/wheels/5a/c6/b5/fa008b03fae830511862dea3654a498c829983a65e7f0bf9c1
  Running setup.py bdist_wheel for pint ... [?25l- done
[?25h  Stored in directory: /home/travis/.cache/pip/wheels/eb/4a/fd/4598c33759911844c4b34e87fbd9106bb5919f82af165937bb
Successfully built uncertainties pint
Installing collected packages: uncertainties, pint, urllib3, idna, chardet, requests, coverage, codecov
Successfully installed chardet-3.0.4 codecov-2.0.15 coverage-4.5 idna-2.6 pint-0.8.1 requests-2.18.4 uncertainties-3.0.2 urllib3-1.22

travis_time:end:028d6862:start=1517880120682814750,finish=1517880124577847211,duration=3895032461[0Ktravis_fold:end:install.4[0Ktravis_time:start:06fdb882[0K$ coverage run setup.py test
running test
running egg_info
creating pychron.egg-info
writing pychron.egg-info/PKG-INFO
writing top-level names to pychron.egg-info/top_level.txt
writing dependency_links to pychron.egg-info/dependency_links.txt
writing manifest file 'pychron.egg-info/SOURCES.txt'
reading manifest file 'pychron.egg-info/SOURCES.txt'
writing manifest file 'pychron.egg-info/SOURCES.txt'
running build_ext
/home/travis/miniconda2/envs/pychron-test/lib/python2.7/site-packages/statsmodels/compat/pandas.py:56: FutureWarning: The pandas.core.datetools module is deprecated and will be removed in a future version. Please use the pandas.tseries module instead.
  from pandas.core import datetools
test_36_count_xs (pychron.data_mapper.tests.nu_file_source.NuFileSourceUnittest) ... ok
test_36_count_ys (pychron.data_mapper.tests.nu_file_source.NuFileSourceUnittest) ... ok
test_37_count_xs (pychron.data_mapper.tests.nu_file_source.NuFileSourceUnittest) ... ok
test_37_count_ys (pychron.data_mapper.tests.nu_file_source.NuFileSourceUnittest) ... ok
test_38_count_xs (pychron.data_mapper.tests.nu_file_source.NuFileSourceUnittest) ... ok
test_38_count_ys (pychron.data_mapper.tests.nu_file_source.NuFileSourceUnittest) ... ok
test_39_count_xs (pychron.data_mapper.tests.nu_file_source.NuFileSourceUnittest) ... ok
test_39_count_ys (pychron.data_mapper.tests.nu_file_source.NuFileSourceUnittest) ... ok
test_40_count_xs (pychron.data_mapper.tests.nu_file_source.NuFileSourceUnittest) ... ok
test_40_count_ys (pychron.data_mapper.tests.nu_file_source.NuFileSourceUnittest) ... ok
test_runid (pychron.data_mapper.tests.nu_file_source.NuFileSourceUnittest) ... ok
test_timestamp (pychron.data_mapper.tests.nu_file_source.NuFileSourceUnittest) ... ok
test_uuid (pychron.data_mapper.tests.nu_file_source.NuFileSourceUnittest) ... ok
test_36_count_xs (pychron.data_mapper.tests.usgs_vsc_file_source.USGSVSCFileSourceUnittest) ... ok
test_36_count_ys (pychron.data_mapper.tests.usgs_vsc_file_source.USGSVSCFileSourceUnittest) ... ok
test_37_count_xs (pychron.data_mapper.tests.usgs_vsc_file_source.USGSVSCFileSourceUnittest) ... ok
test_37_count_ys (pychron.data_mapper.tests.usgs_vsc_file_source.USGSVSCFileSourceUnittest) ... ok
test_38_count_xs (pychron.data_mapper.tests.usgs_vsc_file_source.USGSVSCFileSourceUnittest) ... ok
test_38_count_ys (pychron.data_mapper.tests.usgs_vsc_file_source.USGSVSCFileSourceUnittest) ... ok
test_39_count_xs (pychron.data_mapper.tests.usgs_vsc_file_source.USGSVSCFileSourceUnittest) ... ok
test_39_count_ys (pychron.data_mapper.tests.usgs_vsc_file_source.USGSVSCFileSourceUnittest) ... ok
test_40_count_xs (pychron.data_mapper.tests.usgs_vsc_file_source.USGSVSCFileSourceUnittest) ... ok
test_40_count_ys (pychron.data_mapper.tests.usgs_vsc_file_source.USGSVSCFileSourceUnittest) ... ok
test_irradiation (pychron.data_mapper.tests.usgs_vsc_file_source.USGSVSCFileSourceUnittest) ... ok
test_j (pychron.data_mapper.tests.usgs_vsc_file_source.USGSVSCFileSourceUnittest) ... ok
test_j_err (pychron.data_mapper.tests.usgs_vsc_file_source.USGSVSCFileSourceUnittest) ... ok
test_level (pychron.data_mapper.tests.usgs_vsc_file_source.USGSVSCFileSourceUnittest) ... ok
test_material (pychron.data_mapper.tests.usgs_vsc_file_source.USGSVSCFileSourceUnittest) ... ok
test_project (pychron.data_mapper.tests.usgs_vsc_file_source.USGSVSCFileSourceUnittest) ... ok
test_runid (pychron.data_mapper.tests.usgs_vsc_file_source.USGSVSCFileSourceUnittest) ... ok
test_sample (pychron.data_mapper.tests.usgs_vsc_file_source.USGSVSCFileSourceUnittest) ... ok
test_timestamp (pychron.data_mapper.tests.usgs_vsc_file_source.USGSVSCFileSourceUnittest) ... ok
test_uuid (pychron.data_mapper.tests.usgs_vsc_file_source.USGSVSCFileSourceUnittest) ... ok
test_3637 (pychron.data_mapper.tests.usgs_vsc_file_source.USGSVSCIrradiationSourceUnittest) ... ok
test_3837 (pychron.data_mapper.tests.usgs_vsc_file_source.USGSVSCIrradiationSourceUnittest) ... ok
test_3839 (pychron.data_mapper.tests.usgs_vsc_file_source.USGSVSCIrradiationSourceUnittest) ... ok
test_3937 (pychron.data_mapper.tests.usgs_vsc_file_source.USGSVSCIrradiationSourceUnittest) ... ok
test_4039 (pychron.data_mapper.tests.usgs_vsc_file_source.USGSVSCIrradiationSourceUnittest) ... ok
test_doses (pychron.data_mapper.tests.usgs_vsc_file_source.USGSVSCIrradiationSourceUnittest) ... ok
test_name (pychron.data_mapper.tests.usgs_vsc_file_source.USGSVSCIrradiationSourceUnittest) ... ok
test_map_mass_to_dac (pychron.spectrometer.tests.mftable.MFTableTestCase) ... No handlers could be found for logger "FieldTable                              "
ok
test_mass_func (pychron.spectrometer.tests.mftable.MFTableTestCase) ... ok
test_discrete1 (pychron.spectrometer.tests.mftable.DiscreteMFTableTestCase) ... ok
test_mass_func (pychron.spectrometer.tests.mftable.DiscreteMFTableTestCase) ... ok
test_missing (pychron.spectrometer.tests.mftable.DiscreteMFTableTestCase) ... ok
test_generate_hops (pychron.experiment.tests.peak_hop_parse.PeakHopTxtCase) ... ok
test_parse_baseline (pychron.experiment.tests.peak_hop_parse.PeakHopTxtCase) ... ok
test_parse_hop1 (pychron.experiment.tests.peak_hop_parse.PeakHopTxtCase) ... ok
test_hop1_counts (pychron.experiment.tests.peak_hop_parse.PeakHopYamlCase1) ... ok
test_hop1_detectors (pychron.experiment.tests.peak_hop_parse.PeakHopYamlCase1) ... ok
test_hop1_settle (pychron.experiment.tests.peak_hop_parse.PeakHopYamlCase1) ... ok
test_hop2_counts (pychron.experiment.tests.peak_hop_parse.PeakHopYamlCase1) ... ok
test_hop2_detectors (pychron.experiment.tests.peak_hop_parse.PeakHopYamlCase1) ... ok
test_hop2_settle (pychron.experiment.tests.peak_hop_parse.PeakHopYamlCase1) ... ok
test_hop1_deflections (pychron.experiment.tests.peak_hop_parse.PeakHopYamlCase2) ... ok
test_hop2_deflections (pychron.experiment.tests.peak_hop_parse.PeakHopYamlCase2) ... ok
test_calc_rotation_east_clockwise (pychron.canvas.canvas2D.tests.calibration_item.CalibrationObjectTestCase) ... ok
test_calc_rotation_east_counter_clockwise (pychron.canvas.canvas2D.tests.calibration_item.CalibrationObjectTestCase) ... ok
test_calc_rotation_north_clockwise (pychron.canvas.canvas2D.tests.calibration_item.CalibrationObjectTestCase) ... ok
test_calc_rotation_north_counter_clockwise (pychron.canvas.canvas2D.tests.calibration_item.CalibrationObjectTestCase) ... ok
test_calc_rotation_south_clockwise (pychron.canvas.canvas2D.tests.calibration_item.CalibrationObjectTestCase) ... ok
test_calc_rotation_south_counter_clockwise (pychron.canvas.canvas2D.tests.calibration_item.CalibrationObjectTestCase) ... ok
test_calc_rotation_west_clockwise (pychron.canvas.canvas2D.tests.calibration_item.CalibrationObjectTestCase) ... x=-1, y=1, cx=0.0, cy=0.0
ok
test_calc_rotation_west_counter_clockwise (pychron.canvas.canvas2D.tests.calibration_item.CalibrationObjectTestCase) ... x=-1, y=-1, cx=0.0, cy=0.0
ok
test_prob (pychron.experiment.tests.duration_tracker.DurationTrackerTestCase) ... ok
test_prob2 (pychron.experiment.tests.duration_tracker.DurationTrackerTestCase) ... ok
test_spell_correct1 (pychron.core.tests.spell_correct.SpellCorrectTestCase) ... ok
test_spell_correct2 (pychron.core.tests.spell_correct.SpellCorrectTestCase) ... ok
test_and_ufloats (pychron.core.tests.filtering_tests.FilteringTestCase) ... ok
test_multichar_str (pychron.core.tests.filtering_tests.FilteringTestCase) ... ok
test_or_indices (pychron.core.tests.filtering_tests.FilteringTestCase) ... ok
test_or_items (pychron.core.tests.filtering_tests.FilteringTestCase) ... ok
test_or_ufloats (pychron.core.tests.filtering_tests.FilteringTestCase) ... ok
test_or_ufloats_percent (pychron.core.tests.filtering_tests.FilteringTestCase) ... ok
test_sigma_filter_masked (pychron.core.tests.filtering_tests.FilteringTestCase) ... ok
test_sigma_filter_masked2 (pychron.core.tests.filtering_tests.FilteringTestCase) ... ok
test_sigma_filter_masked3 (pychron.core.tests.filtering_tests.FilteringTestCase) ... ok
test_ufloats (pychron.core.tests.filtering_tests.FilteringTestCase) ... ok
test_find_max_peaks (pychron.core.stats.tests.peak_detection_test.MultiPeakDetectionTestCase) ... ok
test_find_min_peaks (pychron.core.stats.tests.peak_detection_test.MultiPeakDetectionTestCase) ... ok
test_max_peak_x (pychron.core.stats.tests.peak_detection_test.MultiPeakDetectionTestCase) ... ok
test_max_peak_x2 (pychron.core.stats.tests.peak_detection_test.MultiPeakDetectionTestCase) ... ok
test3 (pychron.experiment.tests.repository_identifier.ExperimentIdentifierTestCase) ... ok
test_circumference_holes (pychron.stage.tests.stage_map.StageMapTestCase) ... ok
test_circumference_holes2 (pychron.stage.tests.stage_map.StageMapTestCase) ... ok
test_generate_interpolation (pychron.stage.tests.stage_map.StageMapTestCase) ... ok
test_generate_interpolation_no_end (pychron.stage.tests.stage_map.StageMapTestCase) ... ok
test_generate_interpolation_no_mid (pychron.stage.tests.stage_map.StageMapTestCase) ... ok
test_generate_interpolation_no_points (pychron.stage.tests.stage_map.StageMapTestCase) ... ok
test_generate_interpolation_no_start (pychron.stage.tests.stage_map.StageMapTestCase) ... ok
test_mid_holes (pychron.stage.tests.stage_map.StageMapTestCase) ... ok
test_row_ends (pychron.stage.tests.stage_map.StageMapTestCase) ... ok
test_row_ends2 (pychron.stage.tests.stage_map.StageMapTestCase) ... ok
test_itransform_point (pychron.stage.tests.stage_map.TransformTestCase) ... ok
test_itransform_point_nrot (pychron.stage.tests.stage_map.TransformTestCase) ... ok
test_itransform_point_ntran_nrot (pychron.stage.tests.stage_map.TransformTestCase) ... ok
test_transform_point (pychron.stage.tests.stage_map.TransformTestCase) ... ok
test_transform_point2 (pychron.stage.tests.stage_map.TransformTestCase) ... ok
test_transform_point3 (pychron.stage.tests.stage_map.TransformTestCase) ... ok
test_transform_point4 (pychron.stage.tests.stage_map.TransformTestCase) ... ok
test_transform_point_nrot (pychron.stage.tests.stage_map.TransformTestCase) ... ok
test_transform_point_ntran_nrot (pychron.stage.tests.stage_map.TransformTestCase) ... ok
test_transform_point_ntrans (pychron.stage.tests.stage_map.TransformTestCase) ... ok
test_unique_date_path (pychron.experiment.tests.backup.BackupTestCase) ... ok
test_unique_date_path_dash (pychron.experiment.tests.backup.BackupTestCase) ... ok
test_unique_date_path_underscore (pychron.experiment.tests.backup.BackupTestCase) ... ok
test_pprint (pychron.core.xml.tests.xml_parser.XMLParserTestCase) ... ok
test_pprint1 (pychron.core.xml.tests.xml_parser.XMLParserTestCase) ... ok
test_pprint2 (pychron.core.xml.tests.xml_parser.XMLParserTestCase) ... ok
test_pprint4 (pychron.core.xml.tests.xml_parser.XMLParserTestCase) ... ok
test_pprint5 (pychron.core.xml.tests.xml_parser.XMLParserTestCase) ... ok
test_pprint_initialization (pychron.core.xml.tests.xml_parser.XMLParserTestCase) ... ok
test_den (pychron.processing.tests.ratio.RatioTestCase) ... ok
test_float_value (pychron.processing.tests.ratio.RatioTestCase) ... ok
test_int_value (pychron.processing.tests.ratio.RatioTestCase) ... ok
test_nom (pychron.processing.tests.ratio.RatioTestCase) ... ok
test_tuple1 (pychron.processing.tests.ratio.RatioTestCase) ... ok
test_tuple2 (pychron.processing.tests.ratio.RatioTestCase) ... ok
test_execute_snippet (pychron.pyscripts.tests.measurement_pyscript.InterpolationTestCase) ... ok
test_execute_snippet_fail (pychron.pyscripts.tests.measurement_pyscript.InterpolationTestCase) ... ok
test_fail_attr (pychron.pyscripts.tests.measurement_pyscript.InterpolationTestCase) ... ok
test_float (pychron.pyscripts.tests.measurement_pyscript.InterpolationTestCase) ... ok
test_warm_cdd (pychron.pyscripts.tests.measurement_pyscript.InterpolationTestCase) ... ok
test_mx (pychron.pyscripts.tests.measurement_pyscript.DocstrContextTestCase) ... ok
test_mx_baseline_counts (pychron.pyscripts.tests.measurement_pyscript.DocstrContextTestCase) ... ok
test_mx_multicollect_counts (pychron.pyscripts.tests.measurement_pyscript.DocstrContextTestCase) ... ok
testN (pychron.core.regression.tests.regression.OLSRegressionTest) ... ok
testPredictErrorSEM (pychron.core.regression.tests.regression.OLSRegressionTest) ... ok
testSlope (pychron.core.regression.tests.regression.OLSRegressionTest) ... ok
testYIntercept (pychron.core.regression.tests.regression.OLSRegressionTest) ... ok
testN (pychron.core.regression.tests.regression.OLSRegressionTest2) ... ok
testcoefficients (pychron.core.regression.tests.regression.OLSRegressionTest2) ... ok
testMean (pychron.core.regression.tests.regression.MeanRegressionTest) ... ok
testN (pychron.core.regression.tests.regression.MeanRegressionTest) ... ok
testStd (pychron.core.regression.tests.regression.MeanRegressionTest) ... ok
testN (pychron.core.regression.tests.regression.FilterOLSRegressionTest) ... ok
testPredictErrorSEM (pychron.core.regression.tests.regression.FilterOLSRegressionTest) ... ok
testSlope (pychron.core.regression.tests.regression.FilterOLSRegressionTest) ... ok
testYIntercept (pychron.core.regression.tests.regression.FilterOLSRegressionTest) ... ok
test_find_plateaus_exclude_pass (pychron.processing.tests.plateau.PlateauTestCase) ... FAIL
test_find_plateaus_fail1 (pychron.processing.tests.plateau.PlateauTestCase) ... ok
test_find_plateaus_pass1 (pychron.processing.tests.plateau.PlateauTestCase) ... ok
test_find_plateaus_pass2 (pychron.processing.tests.plateau.PlateauTestCase) ... ok
test_find_plateaus_real_fail (pychron.processing.tests.plateau.PlateauTestCase) ... ok
test_extract_pipette_explicit (pychron.external_pipette.tests.external_pipette.ExternalPipetteTestCase) ... ok
test_extract_pipette_explicit_invalid_name (pychron.external_pipette.tests.external_pipette.ExternalPipetteTestCase) ... ok
test_extract_pipette_implicit (pychron.external_pipette.tests.external_pipette.ExternalPipetteTestCase) ... ok
test_extract_pipette_timeout (pychron.external_pipette.tests.external_pipette.ExternalPipetteTestCase) ... ok
test_waitfor_dev (pychron.pyscripts.tests.extraction_script.WaitForTestCase) ... ok
test_waitfor_func (pychron.pyscripts.tests.extraction_script.WaitForTestCase) ... ok
test_waitfor_timeout (pychron.pyscripts.tests.extraction_script.WaitForTestCase) ... ok
test_waitfor_timing (pychron.pyscripts.tests.extraction_script.WaitForTestCase) ... ok
test_double_mixed_xyz_pass (pychron.experiment.tests.position_regex_test.XYTestCase) ... ok
test_double_pass (pychron.experiment.tests.position_regex_test.XYTestCase) ... ok
test_double_xyz_pass (pychron.experiment.tests.position_regex_test.XYTestCase) ... ok
test_leading_delim (pychron.experiment.tests.position_regex_test.XYTestCase) ... ok
test_single_fail1 (pychron.experiment.tests.position_regex_test.XYTestCase) ... ok
test_single_fail2 (pychron.experiment.tests.position_regex_test.XYTestCase) ... ok
test_single_fail3 (pychron.experiment.tests.position_regex_test.XYTestCase) ... ok
test_single_fail4 (pychron.experiment.tests.position_regex_test.XYTestCase) ... ok
test_single_pass (pychron.experiment.tests.position_regex_test.XYTestCase) ... ok
test_single_xyz_pass (pychron.experiment.tests.position_regex_test.XYTestCase) ... ok
test_trailing_comma (pychron.experiment.tests.position_regex_test.XYTestCase) ... ok
test_trailing_delim (pychron.experiment.tests.position_regex_test.XYTestCase) ... ok
test_after (pychron.experiment.tests.frequency_test.FrequencyTestCase) ... ok
test_after_subset1 (pychron.experiment.tests.frequency_test.FrequencyTestCase) ... ok
test_after_subset2 (pychron.experiment.tests.frequency_test.FrequencyTestCase) ... ok
test_after_subset3 (pychron.experiment.tests.frequency_test.FrequencyTestCase) ... ok
test_before (pychron.experiment.tests.frequency_test.FrequencyTestCase) ... ok
test_before_and_after (pychron.experiment.tests.frequency_test.FrequencyTestCase) ... ok
test_not_before_or_after (pychron.experiment.tests.frequency_test.FrequencyTestCase) ... ok
test_not_before_or_after3 (pychron.experiment.tests.frequency_test.FrequencyTestCase) ... ok
test_fail_validate1 (pychron.experiment.tests.frequency_test.FrequencyTemplateTestCase) ... ok
test_fail_validate2 (pychron.experiment.tests.frequency_test.FrequencyTemplateTestCase) ... ok
test_fail_validate3 (pychron.experiment.tests.frequency_test.FrequencyTemplateTestCase) ... ok
test_fail_validate4 (pychron.experiment.tests.frequency_test.FrequencyTemplateTestCase) ... ok
test_fail_validate5 (pychron.experiment.tests.frequency_test.FrequencyTemplateTestCase) ... ok
test_fail_validate6 (pychron.experiment.tests.frequency_test.FrequencyTemplateTestCase) ... ok
test_fail_validate7 (pychron.experiment.tests.frequency_test.FrequencyTemplateTestCase) ... ok
test_fail_validate8 (pychron.experiment.tests.frequency_test.FrequencyTemplateTestCase) ... ok
test_fail_validate9 (pychron.experiment.tests.frequency_test.FrequencyTemplateTestCase) ... ok
test_parse1 (pychron.experiment.tests.frequency_test.FrequencyTemplateTestCase) ... ok
test_parse2 (pychron.experiment.tests.frequency_test.FrequencyTemplateTestCase) ... ok
test_parse3 (pychron.experiment.tests.frequency_test.FrequencyTemplateTestCase) ... ok
test_parse4 (pychron.experiment.tests.frequency_test.FrequencyTemplateTestCase) ... ok
test_pass_validate1 (pychron.experiment.tests.frequency_test.FrequencyTemplateTestCase) ... ok
test_pass_validate10 (pychron.experiment.tests.frequency_test.FrequencyTemplateTestCase) ... ok
test_pass_validate2 (pychron.experiment.tests.frequency_test.FrequencyTemplateTestCase) ... ok
test_pass_validate3 (pychron.experiment.tests.frequency_test.FrequencyTemplateTestCase) ... ok
test_pass_validate4 (pychron.experiment.tests.frequency_test.FrequencyTemplateTestCase) ... ok
test_pass_validate5 (pychron.experiment.tests.frequency_test.FrequencyTemplateTestCase) ... ok
test_pass_validate6 (pychron.experiment.tests.frequency_test.FrequencyTemplateTestCase) ... ok
test_pass_validate7 (pychron.experiment.tests.frequency_test.FrequencyTemplateTestCase) ... ok
test_pass_validate8 (pychron.experiment.tests.frequency_test.FrequencyTemplateTestCase) ... ok
test_pass_validate9 (pychron.experiment.tests.frequency_test.FrequencyTemplateTestCase) ... ok
test_template_compress (pychron.experiment.tests.frequency_test.FrequencyTemplateTestCase) ... ok
test_template_end (pychron.experiment.tests.frequency_test.FrequencyTemplateTestCase) ... ok
test_template_end2 (pychron.experiment.tests.frequency_test.FrequencyTemplateTestCase) ... ok
test_template_start (pychron.experiment.tests.frequency_test.FrequencyTemplateTestCase) ... ok
test_template_start2 (pychron.experiment.tests.frequency_test.FrequencyTemplateTestCase) ... ok
test_template_start_end (pychron.experiment.tests.frequency_test.FrequencyTemplateTestCase) ... ok
test_template_start_end2 (pychron.experiment.tests.frequency_test.FrequencyTemplateTestCase) ... ok
test_template_start_end_ex (pychron.experiment.tests.frequency_test.FrequencyTemplateTestCase) ... ok
test_template_start_end_ex2 (pychron.experiment.tests.frequency_test.FrequencyTemplateTestCase) ... ok
test_template_start_end_ex3 (pychron.experiment.tests.frequency_test.FrequencyTemplateTestCase) ... ok
test_template_start_end_idx (pychron.experiment.tests.frequency_test.FrequencyTemplateTestCase) ... ok
test_template_start_end_idx2 (pychron.experiment.tests.frequency_test.FrequencyTemplateTestCase) ... ok
test_template_start_idx (pychron.experiment.tests.frequency_test.FrequencyTemplateTestCase) ... ok
test_template_start_idx2 (pychron.experiment.tests.frequency_test.FrequencyTemplateTestCase) ... ok
test_template_start_idx3 (pychron.experiment.tests.frequency_test.FrequencyTemplateTestCase) ... ok
test_template_start_idx4 (pychron.experiment.tests.frequency_test.FrequencyTemplateTestCase) ... ok
test_renumber (pychron.experiment.tests.renumber_aliquot_test.RenumberAliquotTestCase) ... ok
test_Age (pychron.experiment.tests.conditionals.ConditionalsTestCase) ... ok
test_And (pychron.experiment.tests.conditionals.ConditionalsTestCase) ... ok
test_AndBetween (pychron.experiment.tests.conditionals.ConditionalsTestCase) ... ok
test_Average (pychron.experiment.tests.conditionals.ConditionalsTestCase) ... ok
test_AverageWindow (pychron.experiment.tests.conditionals.ConditionalsTestCase) ... ok
test_Baseline (pychron.experiment.tests.conditionals.ConditionalsTestCase) ... ok
test_BaselineCorrected (pychron.experiment.tests.conditionals.ConditionalsTestCase) ... ok
test_Between1 (pychron.experiment.tests.conditionals.ConditionalsTestCase) ... ok
test_Between2 (pychron.experiment.tests.conditionals.ConditionalsTestCase) ... ok
test_Between3 (pychron.experiment.tests.conditionals.ConditionalsTestCase) ... ok
test_Between4 (pychron.experiment.tests.conditionals.ConditionalsTestCase) ... ok
test_Between5 (pychron.experiment.tests.conditionals.ConditionalsTestCase) ... ok
test_Between6 (pychron.experiment.tests.conditionals.ConditionalsTestCase) ... ok
test_Between7 (pychron.experiment.tests.conditionals.ConditionalsTestCase) ... ok
test_Between8 (pychron.experiment.tests.conditionals.ConditionalsTestCase) ... ok
test_Between9 (pychron.experiment.tests.conditionals.ConditionalsTestCase) ... ok
test_BetweenModifier (pychron.experiment.tests.conditionals.ConditionalsTestCase) ... ok
test_Current (pychron.experiment.tests.conditionals.ConditionalsTestCase) ... ok
test_Deflection (pychron.experiment.tests.conditionals.ConditionalsTestCase) ... ok
test_Deflection2 (pychron.experiment.tests.conditionals.ConditionalsTestCase) ... ok
test_Inactive1 (pychron.experiment.tests.conditionals.ConditionalsTestCase) ... ok
test_Inactive2 (pychron.experiment.tests.conditionals.ConditionalsTestCase) ... ok
test_Mapper (pychron.experiment.tests.conditionals.ConditionalsTestCase) ... ok
test_Max (pychron.experiment.tests.conditionals.ConditionalsTestCase) ... ok
test_MaxBetween (pychron.experiment.tests.conditionals.ConditionalsTestCase) ... ok
test_Min (pychron.experiment.tests.conditionals.ConditionalsTestCase) ... ok
test_MinBetween (pychron.experiment.tests.conditionals.ConditionalsTestCase) ... ok
test_MinWindow (pychron.experiment.tests.conditionals.ConditionalsTestCase) ... ok
test_NotAge (pychron.experiment.tests.conditionals.ConditionalsTestCase) ... ok
test_NotAr40 (pychron.experiment.tests.conditionals.ConditionalsTestCase) ... ok
test_NotBetween (pychron.experiment.tests.conditionals.ConditionalsTestCase) ... ok
test_NotSlope (pychron.experiment.tests.conditionals.ConditionalsTestCase) ... ok
test_OrA (pychron.experiment.tests.conditionals.ConditionalsTestCase) ... ok
test_OrB (pychron.experiment.tests.conditionals.ConditionalsTestCase) ... ok
test_Pressure (pychron.experiment.tests.conditionals.ConditionalsTestCase) ... ok
test_Ratio (pychron.experiment.tests.conditionals.ConditionalsTestCase) ... ok
test_Slope (pychron.experiment.tests.conditionals.ConditionalsTestCase) ... ok
test_device (pychron.experiment.tests.conditionals.ConditionalsTestCase) ... ok
test_and_or (pychron.experiment.tests.conditionals.ParseConditionalsTestCase) ... ok
test_device (pychron.experiment.tests.conditionals.ParseConditionalsTestCase) ... ok
test_not (pychron.experiment.tests.conditionals.ParseConditionalsTestCase) ... ok
test_parse_deflection (pychron.experiment.tests.conditionals.ParseConditionalsTestCase) ... ok
test_parse_deflection2 (pychron.experiment.tests.conditionals.ParseConditionalsTestCase) ... ok
test_pressure (pychron.experiment.tests.conditionals.ParseConditionalsTestCase) ... ok
test_single (pychron.experiment.tests.conditionals.ParseConditionalsTestCase) ... ok
test_single_and (pychron.experiment.tests.conditionals.ParseConditionalsTestCase) ... ok
test_single_or (pychron.experiment.tests.conditionals.ParseConditionalsTestCase) ... ok
test_air (pychron.experiment.tests.identifier.IdentifierTestCase) ... ok
test_background (pychron.experiment.tests.identifier.IdentifierTestCase) ... ok
test_blank_air (pychron.experiment.tests.identifier.IdentifierTestCase) ... ok
test_blank_cocktail (pychron.experiment.tests.identifier.IdentifierTestCase) ... ok
test_blank_unknown (pychron.experiment.tests.identifier.IdentifierTestCase) ... ok
test_cocktail (pychron.experiment.tests.identifier.IdentifierTestCase) ... ok
test_degas (pychron.experiment.tests.identifier.IdentifierTestCase) ... ok
test_detector_ic (pychron.experiment.tests.identifier.IdentifierTestCase) ... ok
test_pause (pychron.experiment.tests.identifier.IdentifierTestCase) ... ok
test_unknown (pychron.experiment.tests.identifier.IdentifierTestCase) ... ok
test_render1 (pychron.experiment.tests.comment_template.CommentTemplaterTestCase) ... ok
test_render2 (pychron.experiment.tests.comment_template.CommentTemplaterTestCase) ... ok
test_render3 (pychron.experiment.tests.comment_template.CommentTemplaterTestCase) ... ok
test_convert_to_scientific1 (pychron.core.helpers.tests.floatfmt.FloatfmtTestCase) ... skipped 'debugging'
test_convert_to_scientific2 (pychron.core.helpers.tests.floatfmt.FloatfmtTestCase) ... skipped 'debugging'
test_convert_to_scientific3 (pychron.core.helpers.tests.floatfmt.FloatfmtTestCase) ... skipped 'debugging'
test_hundreds (pychron.core.helpers.tests.floatfmt.FloatfmtTestCase) ... skipped 'debugging'
test_hundreths (pychron.core.helpers.tests.floatfmt.FloatfmtTestCase) ... skipped 'debugging'
test_rounding (pychron.core.helpers.tests.floatfmt.FloatfmtTestCase) ... ok
test_rounding2 (pychron.core.helpers.tests.floatfmt.FloatfmtTestCase) ... ok
test_thousands (pychron.core.helpers.tests.floatfmt.FloatfmtTestCase) ... skipped 'debugging'
test_truncate (pychron.core.helpers.tests.floatfmt.FloatfmtTestCase) ... skipped 'debugging'
test_all_lowercase (pychron.core.helpers.tests.strtools.CamelCaseTestCase) ... ok
test_already_camelcase (pychron.core.helpers.tests.strtools.CamelCaseTestCase) ... ok
test_slash (pychron.core.helpers.tests.strtools.CamelCaseTestCase) ... ok
test_space (pychron.core.helpers.tests.strtools.CamelCaseTestCase) ... ok
test_underscore (pychron.core.helpers.tests.strtools.CamelCaseTestCase) ... ok

======================================================================
FAIL: test_find_plateaus_exclude_pass (pychron.processing.tests.plateau.PlateauTestCase)
----------------------------------------------------------------------
Traceback (most recent call last):
  File "/home/travis/build/NMGRL/pychron/pychron/processing/tests/plateau.py", line 108, in test_find_plateaus_exclude_pass
    self.assertEqual(pidx, idx)
AssertionError: [] != (1, 4)

----------------------------------------------------------------------
Ran 286 tests in 11.363s

FAILED (failures=1, skipped=7)
Test failed: <unittest.runner.TextTestResult run=286 errors=0 failures=1>
error: Test failed: <unittest.runner.TextTestResult run=286 errors=0 failures=1>

travis_time:end:06fdb882:start=1517880124583689119,finish=1517880138647109575,duration=14063420456[0K
[31;1mThe command "coverage run setup.py test" exited with 1.[0m

Done. Your build exited with 1.
