travis_fold:start:worker_info[0K[33;1mWorker information[0m
hostname: 8a3fc88d-aaf7-487e-9783-127bacb8c032@1.i-087a6c7-production-2-worker-org-ec2.travisci.net
version: v3.4.0 https://github.com/travis-ci/worker/tree/ce0440bc30c289a49a9b0c21e4e1e6f7d7825101
instance: 9d1e7ed travisci/ci-garnet:packer-1503972846 (via amqp)
startup: 562.258373ms
travis_fold:end:worker_info[0Ktravis_fold:start:system_info[0K[33;1mBuild system information[0m
Build language: python
Build group: stable
Build dist: trusty
Build id: 312315937
Job id: 312315943
Runtime kernel version: 4.9.6-040906-generic
travis-build version: cb2c71d52
[34m[1mBuild image provisioning date and time[0m
Tue Aug 29 02:50:02 UTC 2017
[34m[1mOperating System Details[0m
Distributor ID:	Ubuntu
Description:	Ubuntu 14.04.5 LTS
Release:	14.04
Codename:	trusty
[34m[1mCookbooks Version[0m
4642454 https://github.com/travis-ci/travis-cookbooks/tree/4642454
[34m[1mgit version[0m
git version 2.14.1
[34m[1mbash version[0m
GNU bash, version 4.3.11(1)-release (x86_64-pc-linux-gnu)
[34m[1mgcc version[0m
gcc (Ubuntu 4.8.4-2ubuntu1~14.04.3) 4.8.4
Copyright (C) 2013 Free Software Foundation, Inc.
This is free software; see the source for copying conditions.  There is NO
warranty; not even for MERCHANTABILITY or FITNESS FOR A PARTICULAR PURPOSE.

[34m[1mdocker version[0m
Client:
 Version:      17.03.1-ce
 API version:  1.27
 Go version:   go1.7.5
 Git commit:   c6d412e
 Built:        Mon Mar 27 16:58:30 2017
 OS/Arch:      linux/amd64
[34m[1mclang version[0m
clang version 3.9.0 (tags/RELEASE_390/final)
Target: x86_64-unknown-linux-gnu
Thread model: posix
InstalledDir: /usr/local/clang-3.9.0/bin
[34m[1mjq version[0m
jq-1.5
[34m[1mbats version[0m
Bats 0.4.0
[34m[1mshellcheck version[0m
0.4.6
[34m[1mshfmt version[0m
v1.3.1
[34m[1mccache version[0m
ccache version 3.1.9

Copyright (C) 2002-2007 Andrew Tridgell
Copyright (C) 2009-2011 Joel Rosdahl

This program is free software; you can redistribute it and/or modify it under
the terms of the GNU General Public License as published by the Free Software
Foundation; either version 3 of the License, or (at your option) any later
version.
[34m[1mcmake version[0m
cmake version 3.2.2

CMake suite maintained and supported by Kitware (kitware.com/cmake).
[34m[1mheroku version[0m
heroku-cli/6.13.19-6cd27b3 (linux-x64) node-v8.3.0
[34m[1mimagemagick version[0m
Version: ImageMagick 6.7.7-10 2017-07-31 Q16 http://www.imagemagick.org
[34m[1mmd5deep version[0m
4.2
[34m[1mmercurial version[0m
Mercurial Distributed SCM (version 4.2.2)
(see https://mercurial-scm.org for more information)

Copyright (C) 2005-2017 Matt Mackall and others
This is free software; see the source for copying conditions. There is NO
warranty; not even for MERCHANTABILITY or FITNESS FOR A PARTICULAR PURPOSE.
[34m[1mmysql version[0m
mysql  Ver 14.14 Distrib 5.6.33, for debian-linux-gnu (x86_64) using  EditLine wrapper
[34m[1mopenssl version[0m
OpenSSL 1.0.1f 6 Jan 2014
[34m[1mpacker version[0m
Packer v1.0.2

Your version of Packer is out of date! The latest version
is 1.0.4. You can update by downloading from www.packer.io
[34m[1mpostgresql client version[0m
psql (PostgreSQL) 9.6.4
[34m[1mragel version[0m
Ragel State Machine Compiler version 6.8 Feb 2013
Copyright (c) 2001-2009 by Adrian Thurston
[34m[1msubversion version[0m
svn, version 1.8.8 (r1568071)
   compiled Aug 10 2017, 17:20:39 on x86_64-pc-linux-gnu

Copyright (C) 2013 The Apache Software Foundation.
This software consists of contributions made by many people;
see the NOTICE file for more information.
Subversion is open source software, see http://subversion.apache.org/

The following repository access (RA) modules are available:

* ra_svn : Module for accessing a repository using the svn network protocol.
  - with Cyrus SASL authentication
  - handles 'svn' scheme
* ra_local : Module for accessing a repository on local disk.
  - handles 'file' scheme
* ra_serf : Module for accessing a repository via WebDAV protocol using serf.
  - using serf 1.3.3
  - handles 'http' scheme
  - handles 'https' scheme

[34m[1msudo version[0m
Sudo version 1.8.9p5
Configure options: --prefix=/usr -v --with-all-insults --with-pam --with-fqdn --with-logging=syslog --with-logfac=authpriv --with-env-editor --with-editor=/usr/bin/editor --with-timeout=15 --with-password-timeout=0 --with-passprompt=[sudo] password for %p:  --without-lecture --with-tty-tickets --disable-root-mailer --enable-admin-flag --with-sendmail=/usr/sbin/sendmail --with-timedir=/var/lib/sudo --mandir=/usr/share/man --libexecdir=/usr/lib/sudo --with-sssd --with-sssd-lib=/usr/lib/x86_64-linux-gnu --with-selinux
Sudoers policy plugin version 1.8.9p5
Sudoers file grammar version 43

Sudoers path: /etc/sudoers
Authentication methods: 'pam'
Syslog facility if syslog is being used for logging: authpriv
Syslog priority to use when user authenticates successfully: notice
Syslog priority to use when user authenticates unsuccessfully: alert
Send mail if the user is not in sudoers
Use a separate timestamp for each user/tty combo
Lecture user the first time they run sudo
Root may run sudo
Allow some information gathering to give useful error messages
Require fully-qualified hostnames in the sudoers file
Visudo will honor the EDITOR environment variable
Set the LOGNAME and USER environment variables
Length at which to wrap log file lines (0 for no wrap): 80
Authentication timestamp timeout: 15.0 minutes
Password prompt timeout: 0.0 minutes
Number of tries to enter a password: 3
Umask to use or 0777 to use user's: 022
Path to mail program: /usr/sbin/sendmail
Flags for mail program: -t
Address to send mail to: root
Subject line for mail messages: *** SECURITY information for %h ***
Incorrect password message: Sorry, try again.
Path to authentication timestamp dir: /var/lib/sudo
Default password prompt: [sudo] password for %p: 
Default user to run commands as: root
Value to override user's $PATH with: /usr/local/sbin:/usr/local/bin:/usr/sbin:/usr/bin:/sbin:/bin:/snap/bin
Path to the editor for use by visudo: /usr/bin/editor
When to require a password for 'list' pseudocommand: any
When to require a password for 'verify' pseudocommand: all
File descriptors >= 3 will be closed before executing a command
Environment variables to check for sanity:
	TZ
	TERM
	LINGUAS
	LC_*
	LANGUAGE
	LANG
	COLORTERM
Environment variables to remove:
	RUBYOPT
	RUBYLIB
	PYTHONUSERBASE
	PYTHONINSPECT
	PYTHONPATH
	PYTHONHOME
	TMPPREFIX
	ZDOTDIR
	READNULLCMD
	NULLCMD
	FPATH
	PERL5DB
	PERL5OPT
	PERL5LIB
	PERLLIB
	PERLIO_DEBUG 
	JAVA_TOOL_OPTIONS
	SHELLOPTS
	GLOBIGNORE
	PS4
	BASH_ENV
	ENV
	TERMCAP
	TERMPATH
	TERMINFO_DIRS
	TERMINFO
	_RLD*
	LD_*
	PATH_LOCALE
	NLSPATH
	HOSTALIASES
	RES_OPTIONS
	LOCALDOMAIN
	CDPATH
	IFS
Environment variables to preserve:
	JAVA_HOME
	TRAVIS
	CI
	DEBIAN_FRONTEND
	XAUTHORIZATION
	XAUTHORITY
	PS2
	PS1
	PATH
	LS_COLORS
	KRB5CCNAME
	HOSTNAME
	HOME
	DISPLAY
	COLORS
Locale to use while parsing sudoers: C
Directory in which to store input/output logs: /var/log/sudo-io
File in which to store the input/output log: %{seq}
Add an entry to the utmp/utmpx file when allocating a pty
PAM service name to use
PAM service name to use for login shells
Create a new PAM session for the command to run in
Maximum I/O log sequence number: 0

Local IP address and netmask pairs:
	172.17.0.2/255.255.0.0

Sudoers I/O plugin version 1.8.9p5
[34m[1mgzip version[0m
gzip 1.6
Copyright (C) 2007, 2010, 2011 Free Software Foundation, Inc.
Copyright (C) 1993 Jean-loup Gailly.
This is free software.  You may redistribute copies of it under the terms of
the GNU General Public License <http://www.gnu.org/licenses/gpl.html>.
There is NO WARRANTY, to the extent permitted by law.

Written by Jean-loup Gailly.
[34m[1mzip version[0m
Copyright (c) 1990-2008 Info-ZIP - Type 'zip "-L"' for software license.
This is Zip 3.0 (July 5th 2008), by Info-ZIP.
Currently maintained by E. Gordon.  Please send bug reports to
the authors using the web page at www.info-zip.org; see README for details.

Latest sources and executables are at ftp://ftp.info-zip.org/pub/infozip,
as of above date; see http://www.info-zip.org/ for other sites.

Compiled with gcc 4.8.2 for Unix (Linux ELF) on Oct 21 2013.

Zip special compilation options:
	USE_EF_UT_TIME       (store Universal Time)
	BZIP2_SUPPORT        (bzip2 library version 1.0.6, 6-Sept-2010)
	    bzip2 code and library copyright (c) Julian R Seward
	    (See the bzip2 license for terms of use)
	SYMLINK_SUPPORT      (symbolic links supported)
	LARGE_FILE_SUPPORT   (can read and write large files on file system)
	ZIP64_SUPPORT        (use Zip64 to store large files in archives)
	UNICODE_SUPPORT      (store and read UTF-8 Unicode paths)
	STORE_UNIX_UIDs_GIDs (store UID/GID sizes/values using new extra field)
	UIDGID_NOT_16BIT     (old Unix 16-bit UID/GID extra field not used)
	[encryption, version 2.91 of 05 Jan 2007] (modified for Zip 3)

Encryption notice:
	The encryption code of this program is not copyrighted and is
	put in the public domain.  It was originally written in Europe
	and, to the best of our knowledge, can be freely distributed
	in both source and object forms from any country, including
	the USA under License Exception TSU of the U.S. Export
	Administration Regulations (section 740.13(e)) of 6 June 2002.

Zip environment options:
             ZIP:  [none]
          ZIPOPT:  [none]
[34m[1mvim version[0m
VIM - Vi IMproved 7.4 (2013 Aug 10, compiled Nov 24 2016 16:43:18)
Included patches: 1-52
Extra patches: 8.0.0056
Modified by pkg-vim-maintainers@lists.alioth.debian.org
Compiled by buildd@
Huge version without GUI.  Features included (+) or not (-):
+acl             +farsi           +mouse_netterm   +syntax
+arabic          +file_in_path    +mouse_sgr       +tag_binary
+autocmd         +find_in_path    -mouse_sysmouse  +tag_old_static
-balloon_eval    +float           +mouse_urxvt     -tag_any_white
-browse          +folding         +mouse_xterm     -tcl
++builtin_terms  -footer          +multi_byte      +terminfo
+byte_offset     +fork()          +multi_lang      +termresponse
+cindent         +gettext         -mzscheme        +textobjects
-clientserver    -hangul_input    +netbeans_intg   +title
-clipboard       +iconv           +path_extra      -toolbar
+cmdline_compl   +insert_expand   -perl            +user_commands
+cmdline_hist    +jumplist        +persistent_undo +vertsplit
+cmdline_info    +keymap          +postscript      +virtualedit
+comments        +langmap         +printer         +visual
+conceal         +libcall         +profile         +visualextra
+cryptv          +linebreak       +python          +viminfo
+cscope          +lispindent      -python3         +vreplace
+cursorbind      +listcmds        +quickfix        +wildignore
+cursorshape     +localmap        +reltime         +wildmenu
+dialog_con      -lua             +rightleft       +windows
+diff            +menu            -ruby            +writebackup
+digraphs        +mksession       +scrollbind      -X11
-dnd             +modify_fname    +signs           -xfontset
-ebcdic          +mouse           +smartindent     -xim
+emacs_tags      -mouseshape      -sniff           -xsmp
+eval            +mouse_dec       +startuptime     -xterm_clipboard
+ex_extra        +mouse_gpm       +statusline      -xterm_save
+extra_search    -mouse_jsbterm   -sun_workshop    -xpm
   system vimrc file: "$VIM/vimrc"
     user vimrc file: "$HOME/.vimrc"
 2nd user vimrc file: "~/.vim/vimrc"
      user exrc file: "$HOME/.exrc"
  fall-back for $VIM: "/usr/share/vim"
Compilation: gcc -c -I. -Iproto -DHAVE_CONFIG_H     -g -O2 -fstack-protector --param=ssp-buffer-size=4 -Wformat -Werror=format-security -U_FORTIFY_SOURCE -D_FORTIFY_SOURCE=1      
Linking: gcc   -Wl,-Bsymbolic-functions -Wl,-z,relro -Wl,--as-needed -o vim        -lm -ltinfo -lnsl  -lselinux  -lacl -lattr -lgpm -ldl    -L/usr/lib/python2.7/config-x86_64-linux-gnu -lpython2.7 -lpthread -ldl -lutil -lm -Xlinker -export-dynamic -Wl,-O1 -Wl,-Bsymbolic-functions      
[34m[1miptables version[0m
iptables v1.4.21
[34m[1mcurl version[0m
curl 7.35.0 (x86_64-pc-linux-gnu) libcurl/7.35.0 OpenSSL/1.0.1f zlib/1.2.8 libidn/1.28 librtmp/2.3
[34m[1mwget version[0m
GNU Wget 1.15 built on linux-gnu.
[34m[1mrsync version[0m
rsync  version 3.1.0  protocol version 31
[34m[1mgimme version[0m
v1.2.0
[34m[1mnvm version[0m
0.33.2
[34m[1mperlbrew version[0m
/home/travis/perl5/perlbrew/bin/perlbrew  - App::perlbrew/0.80
[34m[1mphpenv version[0m
rbenv 1.1.1-4-g4ebd1bd
[34m[1mrvm version[0m
rvm 1.29.2 (latest) by Michal Papis, Piotr Kuczynski, Wayne E. Seguin [https://rvm.io/]
[34m[1mdefault ruby version[0m
ruby 2.4.1p111 (2017-03-22 revision 58053) [x86_64-linux]
[34m[1mCouchDB version[0m
couchdb 1.6.1
[34m[1mElasticSearch version[0m
5.5.0
[34m[1mInstalled Firefox version[0m
firefox 55.0.2
[34m[1mMongoDB version[0m
MongoDB 3.2.16
[34m[1mPre-installed PostgreSQL versions[0m
9.2.22
9.3.18
9.4.13
9.5.8
9.6.4
[34m[1mRabbitMQ Version[0m
3.6.11
[34m[1mRedis version[0m
redis-server 4.0.1
[34m[1mriak version[0m
2.2.3
[34m[1mPre-installed Go versions[0m
1.7.4
[34m[1mant version[0m
Apache Ant(TM) version 1.9.3 compiled on April 8 2014
[34m[1mmvn version[0m
Apache Maven 3.5.0 (ff8f5e7444045639af65f6095c62210b5713f426; 2017-04-03T19:39:06Z)
Maven home: /usr/local/maven-3.5.0
Java version: 1.8.0_144, vendor: Oracle Corporation
Java home: /usr/lib/jvm/java-8-oracle/jre
Default locale: en_US, platform encoding: UTF-8
OS name: "linux", version: "4.4.0-92-generic", arch: "amd64", family: "unix"
[34m[1mgradle version[0m

------------------------------------------------------------
Gradle 4.0.1
------------------------------------------------------------

Build time:   2017-07-07 14:02:41 UTC
Revision:     38e5dc0f772daecca1d2681885d3d85414eb6826

Groovy:       2.4.11
Ant:          Apache Ant(TM) version 1.9.6 compiled on June 29 2015
JVM:          1.8.0_144 (Oracle Corporation 25.144-b01)
OS:           Linux 4.4.0-92-generic amd64

[34m[1mlein version[0m
WARNING: You're currently running as root; probably by accident.
Press control-C to abort or Enter to continue as root.
Set LEIN_ROOT to disable this warning.
Leiningen 2.7.1 on Java 1.8.0_144 Java HotSpot(TM) 64-Bit Server VM
[34m[1mPre-installed Node.js versions[0m
v4.8.4
v6.11.2
v6.9.4
v7.4.0
v8.4
[34m[1mphpenv versions[0m
  system
  5.6
* 5.6.31 (set by /home/travis/.phpenv/version)
  7.0
  7.0.22
  hhvm
  hhvm-stable
[34m[1mcomposer --version[0m
Composer version 1.4.2 2017-05-17 08:17:52
[34m[1mPre-installed Ruby versions[0m
ruby-2.2.7
ruby-2.3.4
ruby-2.4.1
travis_fold:end:system_info[0K
removed â€˜/etc/apt/sources.list.d/basho_riak.listâ€™
Executing: /tmp/tmp.NadPNbTdjJ/gpg.1.sh --keyserver
hkp://keyserver.ubuntu.com:80
--recv
EA312927
gpg: requesting key EA312927 from hkp server keyserver.ubuntu.com
gpg: key EA312927: "MongoDB 3.2 Release Signing Key <packaging@mongodb.com>" 1 new signature
gpg: Total number processed: 1
gpg:         new signatures: 1
W: http://ppa.launchpad.net/couchdb/stable/ubuntu/dists/trusty/Release.gpg: Signature by key 15866BAFD9BCC4F3C1E0DFC7D69548E1C17EAB57 uses weak digest algorithm (SHA1)
127.0.0.1	localhost
::1	 ip6-localhost ip6-loopback
fe00::0	ip6-localnet
ff00::0	ip6-mcastprefix
ff02::1	ip6-allnodes
ff02::2	ip6-allrouters
172.17.0.8	travis-job-numpy-numpy-312315943.travisci.net travis-job-numpy-numpy-312315943
[33;1m3.4 is not installed; attempting download[0m
[33;1mDownloading archive: https://s3.amazonaws.com/travis-python-archives/binaries/ubuntu/14.04/x86_64/python-3.4.tar.bz2[0m
$ sudo tar xjf python-3.4.tar.bz2 --directory /
travis_fold:start:git.checkout[0Ktravis_time:start:06740f57[0K$ git clone --depth=50 https://github.com/numpy/numpy.git numpy/numpy
Cloning into 'numpy/numpy'...
remote: Counting objects: 12179, done.[K
remote: Compressing objects:   0% (1/4158)   [Kremote: Compressing objects:   1% (42/4158)   [Kremote: Compressing objects:   2% (84/4158)   [Kremote: Compressing objects:   3% (125/4158)   [Kremote: Compressing objects:   4% (167/4158)   [Kremote: Compressing objects:   5% (208/4158)   [Kremote: Compressing objects:   6% (250/4158)   [Kremote: Compressing objects:   7% (292/4158)   [Kremote: Compressing objects:   8% (333/4158)   [Kremote: Compressing objects:   9% (375/4158)   [Kremote: Compressing objects:  10% (416/4158)   [Kremote: Compressing objects:  11% (458/4158)   [Kremote: Compressing objects:  12% (499/4158)   [Kremote: Compressing objects:  13% (541/4158)   [Kremote: Compressing objects:  14% (583/4158)   [Kremote: Compressing objects:  15% (624/4158)   [Kremote: Compressing objects:  16% (666/4158)   [Kremote: Compressing objects:  17% (707/4158)   [Kremote: Compressing objects:  18% (749/4158)   [Kremote: Compressing objects:  19% (791/4158)   [Kremote: Compressing objects:  20% (832/4158)   [Kremote: Compressing objects:  21% (874/4158)   [Kremote: Compressing objects:  22% (915/4158)   [Kremote: Compressing objects:  23% (957/4158)   [Kremote: Compressing objects:  24% (998/4158)   [Kremote: Compressing objects:  25% (1040/4158)   [Kremote: Compressing objects:  26% (1082/4158)   [Kremote: Compressing objects:  27% (1123/4158)   [Kremote: Compressing objects:  28% (1165/4158)   [Kremote: Compressing objects:  29% (1206/4158)   [Kremote: Compressing objects:  30% (1248/4158)   [Kremote: Compressing objects:  31% (1289/4158)   [Kremote: Compressing objects:  32% (1331/4158)   [Kremote: Compressing objects:  33% (1373/4158)   [Kremote: Compressing objects:  34% (1414/4158)   [Kremote: Compressing objects:  35% (1456/4158)   [Kremote: Compressing objects:  36% (1497/4158)   [Kremote: Compressing objects:  37% (1539/4158)   [Kremote: Compressing objects:  38% (1581/4158)   [Kremote: Compressing objects:  39% (1622/4158)   [Kremote: Compressing objects:  39% (1663/4158)   [Kremote: Compressing objects:  40% (1664/4158)   [Kremote: Compressing objects:  41% (1705/4158)   [Kremote: Compressing objects:  42% (1747/4158)   [Kremote: Compressing objects:  43% (1788/4158)   [Kremote: Compressing objects:  44% (1830/4158)   [Kremote: Compressing objects:  45% (1872/4158)   [Kremote: Compressing objects:  46% (1913/4158)   [Kremote: Compressing objects:  47% (1955/4158)   [Kremote: Compressing objects:  48% (1996/4158)   [Kremote: Compressing objects:  49% (2038/4158)   [Kremote: Compressing objects:  50% (2079/4158)   [Kremote: Compressing objects:  51% (2121/4158)   [Kremote: Compressing objects:  52% (2163/4158)   [Kremote: Compressing objects:  53% (2204/4158)   [Kremote: Compressing objects:  54% (2246/4158)   [Kremote: Compressing objects:  55% (2287/4158)   [Kremote: Compressing objects:  56% (2329/4158)   [Kremote: Compressing objects:  57% (2371/4158)   [Kremote: Compressing objects:  58% (2412/4158)   [Kremote: Compressing objects:  59% (2454/4158)   [Kremote: Compressing objects:  60% (2495/4158)   [Kremote: Compressing objects:  61% (2537/4158)   [Kremote: Compressing objects:  62% (2578/4158)   [Kremote: Compressing objects:  63% (2620/4158)   [Kremote: Compressing objects:  64% (2662/4158)   [Kremote: Compressing objects:  65% (2703/4158)   [Kremote: Compressing objects:  66% (2745/4158)   [Kremote: Compressing objects:  67% (2786/4158)   [Kremote: Compressing objects:  68% (2828/4158)   [Kremote: Compressing objects:  69% (2870/4158)   [Kremote: Compressing objects:  70% (2911/4158)   [Kremote: Compressing objects:  71% (2953/4158)   [Kremote: Compressing objects:  72% (2994/4158)   [Kremote: Compressing objects:  73% (3036/4158)   [Kremote: Compressing objects:  74% (3077/4158)   [Kremote: Compressing objects:  75% (3119/4158)   [Kremote: Compressing objects:  76% (3161/4158)   [Kremote: Compressing objects:  77% (3202/4158)   [Kremote: Compressing objects:  78% (3244/4158)   [Kremote: Compressing objects:  79% (3285/4158)   [Kremote: Compressing objects:  80% (3327/4158)   [Kremote: Compressing objects:  81% (3368/4158)   [Kremote: Compressing objects:  82% (3410/4158)   [Kremote: Compressing objects:  83% (3452/4158)   [Kremote: Compressing objects:  84% (3493/4158)   [Kremote: Compressing objects:  85% (3535/4158)   [Kremote: Compressing objects:  86% (3576/4158)   [Kremote: Compressing objects:  87% (3618/4158)   [Kremote: Compressing objects:  88% (3660/4158)   [Kremote: Compressing objects:  89% (3701/4158)   [Kremote: Compressing objects:  90% (3743/4158)   [Kremote: Compressing objects:  91% (3784/4158)   [Kremote: Compressing objects:  92% (3826/4158)   [Kremote: Compressing objects:  93% (3867/4158)   [Kremote: Compressing objects:  94% (3909/4158)   [Kremote: Compressing objects:  95% (3951/4158)   [Kremote: Compressing objects:  96% (3992/4158)   [Kremote: Compressing objects:  97% (4034/4158)   [Kremote: Compressing objects:  98% (4075/4158)   [Kremote: Compressing objects:  99% (4117/4158)   [Kremote: Compressing objects: 100% (4158/4158)   [Kremote: Compressing objects: 100% (4158/4158), done.[K
Receiving objects:   0% (1/12179)   Receiving objects:   1% (122/12179)   Receiving objects:   2% (244/12179)   Receiving objects:   3% (366/12179)   Receiving objects:   4% (488/12179)   Receiving objects:   5% (609/12179)   Receiving objects:   6% (731/12179)   Receiving objects:   7% (853/12179)   Receiving objects:   8% (975/12179)   Receiving objects:   9% (1097/12179)   Receiving objects:  10% (1218/12179)   Receiving objects:  11% (1340/12179)   Receiving objects:  12% (1462/12179)   Receiving objects:  13% (1584/12179)   Receiving objects:  14% (1706/12179)   Receiving objects:  15% (1827/12179)   Receiving objects:  16% (1949/12179)   Receiving objects:  17% (2071/12179)   Receiving objects:  18% (2193/12179)   Receiving objects:  19% (2315/12179)   Receiving objects:  20% (2436/12179)   Receiving objects:  21% (2558/12179)   Receiving objects:  22% (2680/12179)   Receiving objects:  23% (2802/12179)   Receiving objects:  24% (2923/12179)   Receiving objects:  25% (3045/12179)   Receiving objects:  26% (3167/12179)   Receiving objects:  27% (3289/12179)   Receiving objects:  28% (3411/12179)   Receiving objects:  29% (3532/12179)   Receiving objects:  30% (3654/12179)   Receiving objects:  31% (3776/12179)   Receiving objects:  32% (3898/12179)   Receiving objects:  33% (4020/12179)   Receiving objects:  34% (4141/12179)   Receiving objects:  35% (4263/12179)   Receiving objects:  36% (4385/12179)   Receiving objects:  37% (4507/12179)   Receiving objects:  38% (4629/12179)   Receiving objects:  39% (4750/12179)   Receiving objects:  40% (4872/12179)   Receiving objects:  41% (4994/12179)   Receiving objects:  42% (5116/12179)   Receiving objects:  43% (5237/12179)   Receiving objects:  44% (5359/12179)   Receiving objects:  45% (5481/12179)   Receiving objects:  46% (5603/12179)   Receiving objects:  47% (5725/12179)   Receiving objects:  48% (5846/12179)   Receiving objects:  49% (5968/12179)   Receiving objects:  50% (6090/12179)   Receiving objects:  51% (6212/12179), 5.48 MiB | 10.72 MiB/s   Receiving objects:  52% (6334/12179), 5.48 MiB | 10.72 MiB/s   Receiving objects:  53% (6455/12179), 5.48 MiB | 10.72 MiB/s   Receiving objects:  54% (6577/12179), 5.48 MiB | 10.72 MiB/s   Receiving objects:  55% (6699/12179), 5.48 MiB | 10.72 MiB/s   Receiving objects:  56% (6821/12179), 5.48 MiB | 10.72 MiB/s   Receiving objects:  57% (6943/12179), 5.48 MiB | 10.72 MiB/s   Receiving objects:  58% (7064/12179), 5.48 MiB | 10.72 MiB/s   Receiving objects:  59% (7186/12179), 5.48 MiB | 10.72 MiB/s   Receiving objects:  60% (7308/12179), 5.48 MiB | 10.72 MiB/s   Receiving objects:  61% (7430/12179), 5.48 MiB | 10.72 MiB/s   Receiving objects:  62% (7551/12179), 5.48 MiB | 10.72 MiB/s   Receiving objects:  63% (7673/12179), 5.48 MiB | 10.72 MiB/s   Receiving objects:  64% (7795/12179), 5.48 MiB | 10.72 MiB/s   Receiving objects:  65% (7917/12179), 5.48 MiB | 10.72 MiB/s   Receiving objects:  66% (8039/12179), 5.48 MiB | 10.72 MiB/s   Receiving objects:  67% (8160/12179), 5.48 MiB | 10.72 MiB/s   Receiving objects:  68% (8282/12179), 5.48 MiB | 10.72 MiB/s   Receiving objects:  69% (8404/12179), 5.48 MiB | 10.72 MiB/s   Receiving objects:  70% (8526/12179), 5.48 MiB | 10.72 MiB/s   Receiving objects:  71% (8648/12179), 5.48 MiB | 10.72 MiB/s   Receiving objects:  72% (8769/12179), 5.48 MiB | 10.72 MiB/s   Receiving objects:  73% (8891/12179), 5.48 MiB | 10.72 MiB/s   Receiving objects:  74% (9013/12179), 5.48 MiB | 10.72 MiB/s   Receiving objects:  75% (9135/12179), 5.48 MiB | 10.72 MiB/s   Receiving objects:  76% (9257/12179), 5.48 MiB | 10.72 MiB/s   Receiving objects:  77% (9378/12179), 5.48 MiB | 10.72 MiB/s   Receiving objects:  78% (9500/12179), 5.48 MiB | 10.72 MiB/s   Receiving objects:  79% (9622/12179), 5.48 MiB | 10.72 MiB/s   Receiving objects:  80% (9744/12179), 5.48 MiB | 10.72 MiB/s   Receiving objects:  81% (9865/12179), 5.48 MiB | 10.72 MiB/s   Receiving objects:  82% (9987/12179), 5.48 MiB | 10.72 MiB/s   Receiving objects:  83% (10109/12179), 5.48 MiB | 10.72 MiB/s   Receiving objects:  84% (10231/12179), 5.48 MiB | 10.72 MiB/s   Receiving objects:  85% (10353/12179), 5.48 MiB | 10.72 MiB/s   Receiving objects:  86% (10474/12179), 5.48 MiB | 10.72 MiB/s   Receiving objects:  87% (10596/12179), 5.48 MiB | 10.72 MiB/s   Receiving objects:  88% (10718/12179), 5.48 MiB | 10.72 MiB/s   Receiving objects:  89% (10840/12179), 5.48 MiB | 10.72 MiB/s   Receiving objects:  90% (10962/12179), 5.48 MiB | 10.72 MiB/s   Receiving objects:  91% (11083/12179), 5.48 MiB | 10.72 MiB/s   Receiving objects:  92% (11205/12179), 5.48 MiB | 10.72 MiB/s   Receiving objects:  93% (11327/12179), 5.48 MiB | 10.72 MiB/s   Receiving objects:  94% (11449/12179), 5.48 MiB | 10.72 MiB/s   Receiving objects:  95% (11571/12179), 5.48 MiB | 10.72 MiB/s   Receiving objects:  96% (11692/12179), 5.48 MiB | 10.72 MiB/s   Receiving objects:  97% (11814/12179), 5.48 MiB | 10.72 MiB/s   Receiving objects:  98% (11936/12179), 5.48 MiB | 10.72 MiB/s   Receiving objects:  99% (12058/12179), 5.48 MiB | 10.72 MiB/s   remote: Total 12179 (delta 9170), reused 10304 (delta 7969), pack-reused 0[K
Receiving objects: 100% (12179/12179), 5.48 MiB | 10.72 MiB/s   Receiving objects: 100% (12179/12179), 7.45 MiB | 11.69 MiB/s, done.
Resolving deltas:   0% (0/9170)   Resolving deltas:   3% (283/9170)   Resolving deltas:   5% (522/9170)   Resolving deltas:   6% (560/9170)   Resolving deltas:   7% (643/9170)   Resolving deltas:   8% (734/9170)   Resolving deltas:   9% (826/9170)   Resolving deltas:  10% (939/9170)   Resolving deltas:  11% (1009/9170)   Resolving deltas:  12% (1102/9170)   Resolving deltas:  13% (1193/9170)   Resolving deltas:  16% (1479/9170)   Resolving deltas:  17% (1568/9170)   Resolving deltas:  18% (1656/9170)   Resolving deltas:  19% (1758/9170)   Resolving deltas:  20% (1839/9170)   Resolving deltas:  21% (1927/9170)   Resolving deltas:  23% (2149/9170)   Resolving deltas:  24% (2202/9170)   Resolving deltas:  25% (2294/9170)   Resolving deltas:  26% (2393/9170)   Resolving deltas:  27% (2494/9170)   Resolving deltas:  28% (2572/9170)   Resolving deltas:  29% (2732/9170)   Resolving deltas:  30% (2780/9170)   Resolving deltas:  31% (2843/9170)   Resolving deltas:  32% (2938/9170)   Resolving deltas:  33% (3037/9170)   Resolving deltas:  34% (3134/9170)   Resolving deltas:  35% (3212/9170)   Resolving deltas:  36% (3305/9170)   Resolving deltas:  37% (3397/9170)   Resolving deltas:  38% (3496/9170)   Resolving deltas:  39% (3577/9170)   Resolving deltas:  40% (3683/9170)   Resolving deltas:  41% (3761/9170)   Resolving deltas:  42% (3853/9170)   Resolving deltas:  43% (3965/9170)   Resolving deltas:  44% (4035/9170)   Resolving deltas:  45% (4144/9170)   Resolving deltas:  46% (4221/9170)   Resolving deltas:  47% (4313/9170)   Resolving deltas:  48% (4403/9170)   Resolving deltas:  49% (4498/9170)   Resolving deltas:  50% (4599/9170)   Resolving deltas:  51% (4678/9170)   Resolving deltas:  52% (4789/9170)   Resolving deltas:  53% (4881/9170)   Resolving deltas:  54% (4956/9170)   Resolving deltas:  55% (5074/9170)   Resolving deltas:  58% (5386/9170)   Resolving deltas:  59% (5446/9170)   Resolving deltas:  63% (5788/9170)   Resolving deltas:  64% (5877/9170)   Resolving deltas:  65% (5995/9170)   Resolving deltas:  66% (6107/9170)   Resolving deltas:  67% (6187/9170)   Resolving deltas:  68% (6253/9170)   Resolving deltas:  69% (6335/9170)   Resolving deltas:  70% (6432/9170)   Resolving deltas:  72% (6685/9170)   Resolving deltas:  73% (6701/9170)   Resolving deltas:  74% (6789/9170)   Resolving deltas:  75% (6879/9170)   Resolving deltas:  76% (6977/9170)   Resolving deltas:  77% (7061/9170)   Resolving deltas:  78% (7166/9170)   Resolving deltas:  79% (7260/9170)   Resolving deltas:  80% (7396/9170)   Resolving deltas:  81% (7433/9170)   Resolving deltas:  82% (7558/9170)   Resolving deltas:  83% (7619/9170)   Resolving deltas:  84% (7708/9170)   Resolving deltas:  85% (7819/9170)   Resolving deltas:  87% (8027/9170)   Resolving deltas:  88% (8074/9170)   Resolving deltas:  89% (8181/9170)   Resolving deltas:  90% (8313/9170)   Resolving deltas:  91% (8374/9170)   Resolving deltas:  92% (8500/9170)   Resolving deltas:  93% (8540/9170)   Resolving deltas:  95% (8722/9170)   Resolving deltas:  96% (8815/9170)   Resolving deltas:  97% (8913/9170)   Resolving deltas:  98% (8987/9170)   Resolving deltas:  99% (9083/9170)   Resolving deltas: 100% (9170/9170)   Resolving deltas: 100% (9170/9170), done.

travis_time:end:06740f57:start=1512553662889027830,finish=1512553666925784263,duration=4036756433[0K$ cd numpy/numpy
travis_time:start:151e62db[0K$ git fetch origin +refs/pull/10164/merge:
remote: Counting objects: 19, done.[K
remote: Compressing objects:  12% (1/8)   [Kremote: Compressing objects:  25% (2/8)   [Kremote: Compressing objects:  37% (3/8)   [Kremote: Compressing objects:  50% (4/8)   [Kremote: Compressing objects:  62% (5/8)   [Kremote: Compressing objects:  75% (6/8)   [Kremote: Compressing objects:  87% (7/8)   [Kremote: Compressing objects: 100% (8/8)   [Kremote: Compressing objects: 100% (8/8), done.[K
remote: Total 19 (delta 15), reused 14 (delta 11), pack-reused 0[K
Unpacking objects:   5% (1/19)   Unpacking objects:  10% (2/19)   Unpacking objects:  15% (3/19)   Unpacking objects:  21% (4/19)   Unpacking objects:  26% (5/19)   Unpacking objects:  31% (6/19)   Unpacking objects:  36% (7/19)   Unpacking objects:  42% (8/19)   Unpacking objects:  47% (9/19)   Unpacking objects:  52% (10/19)   Unpacking objects:  57% (11/19)   Unpacking objects:  63% (12/19)   Unpacking objects:  68% (13/19)   Unpacking objects:  73% (14/19)   Unpacking objects:  78% (15/19)   Unpacking objects:  84% (16/19)   Unpacking objects:  89% (17/19)   Unpacking objects:  94% (18/19)   Unpacking objects: 100% (19/19)   Unpacking objects: 100% (19/19), done.
From https://github.com/numpy/numpy
 * branch            refs/pull/10164/merge -> FETCH_HEAD

travis_time:end:151e62db:start=1512553666932570961,finish=1512553667339443898,duration=406872937[0K$ git checkout -qf FETCH_HEAD
travis_fold:end:git.checkout[0Ktravis_fold:start:git.submodule[0Ktravis_time:start:1d8aa49a[0K$ git submodule update --init --recursive
Submodule 'doc/scipy-sphinx-theme' (https://github.com/scipy/scipy-sphinx-theme.git) registered for path 'doc/scipy-sphinx-theme'
Submodule 'doc/sphinxext' (https://github.com/numpy/numpydoc.git) registered for path 'doc/sphinxext'
Cloning into '/home/travis/build/numpy/numpy/doc/scipy-sphinx-theme'...
Cloning into '/home/travis/build/numpy/numpy/doc/sphinxext'...
Submodule path 'doc/scipy-sphinx-theme': checked out 'c466764e2231ba132c09826b5b138fffa1cfcec3'
Submodule path 'doc/sphinxext': checked out 'ef988a4a4658c991f4445f6241ab02d74710c6e3'

travis_time:end:1d8aa49a:start=1512553667536706475,finish=1512553668766206444,duration=1229499969[0Ktravis_fold:end:git.submodule[0Ktravis_fold:start:apt[0K[33;1mInstalling APT Packages (BETA)[0m
$ export DEBIAN_FRONTEND=noninteractive
travis_time:start:02deb898[0K$ sudo -E apt-get -yq update &>> ~/apt-get-update.log

travis_time:end:02deb898:start=1512553668774597849,finish=1512553675101353620,duration=6326755771[0Ktravis_time:start:08023e7e[0K$ sudo -E apt-get -yq --no-install-suggests --no-install-recommends --force-yes install gfortran libatlas-dev libatlas-base-dev eatmydata cython3-dbg python3-dbg python3-dev python3-nose python3-setuptools
Reading package lists...
Building dependency tree...
Reading state information...
eatmydata is already the newest version (26-2).
python3-dev is already the newest version (3.4.0-0ubuntu2).
The following additional packages will be installed:
  cython3 gfortran-4.8 libatlas3-base libblas-dev libblas3 libgfortran-4.8-dev
  libgfortran3 libpython3-dbg libpython3.4 libpython3.4-dbg libpython3.4-dev
  libpython3.4-minimal libpython3.4-stdlib python3-pkg-resources python3.4
  python3.4-dbg python3.4-dev python3.4-minimal
Suggested packages:
  gfortran-multilib gfortran-doc gfortran-4.8-multilib gfortran-4.8-doc
  libgfortran3-dbg libblas-doc liblapack-doc liblapack-dev liblapack3
  python-nose-doc python3.4-venv python3.4-doc python3-gdbm-dbg python3-tk-dbg
Recommended packages:
  gdb
The following NEW packages will be installed:
  cython3 cython3-dbg gfortran gfortran-4.8 libatlas-base-dev libatlas-dev
  libatlas3-base libblas-dev libblas3 libgfortran-4.8-dev libgfortran3
  libpython3-dbg libpython3.4-dbg python3-dbg python3-nose
  python3-pkg-resources python3-setuptools python3.4-dbg
The following packages will be upgraded:
  libpython3.4 libpython3.4-dev libpython3.4-minimal libpython3.4-stdlib
  python3.4 python3.4-dev python3.4-minimal
7 upgraded, 18 newly installed, 0 to remove and 120 not upgraded.
Need to get 53.8 MB of archives.
After this operation, 157 MB of additional disk space will be used.
Get:1 http://archive.ubuntu.com/ubuntu trusty-updates/main amd64 python3.4-dev amd64 3.4.3-1ubuntu1~14.04.6 [419 kB]
Get:2 http://archive.ubuntu.com/ubuntu trusty-updates/main amd64 libpython3.4-dev amd64 3.4.3-1ubuntu1~14.04.6 [17.8 MB]
Get:3 http://archive.ubuntu.com/ubuntu trusty-updates/main amd64 libpython3.4 amd64 3.4.3-1ubuntu1~14.04.6 [1,305 kB]
Get:4 http://archive.ubuntu.com/ubuntu trusty-updates/main amd64 python3.4 amd64 3.4.3-1ubuntu1~14.04.6 [178 kB]
Get:5 http://archive.ubuntu.com/ubuntu trusty-updates/main amd64 libpython3.4-stdlib amd64 3.4.3-1ubuntu1~14.04.6 [1,987 kB]
Get:6 http://archive.ubuntu.com/ubuntu trusty-updates/main amd64 python3.4-minimal amd64 3.4.3-1ubuntu1~14.04.6 [1,224 kB]
Get:7 http://archive.ubuntu.com/ubuntu trusty-updates/main amd64 libpython3.4-minimal amd64 3.4.3-1ubuntu1~14.04.6 [460 kB]
Get:8 http://archive.ubuntu.com/ubuntu trusty-updates/main amd64 libgfortran3 amd64 4.8.4-2ubuntu1~14.04.3 [248 kB]
Get:9 http://archive.ubuntu.com/ubuntu trusty-updates/main amd64 libpython3.4-dbg amd64 3.4.3-1ubuntu1~14.04.6 [5,275 kB]
Get:10 http://archive.ubuntu.com/ubuntu trusty/main amd64 cython3 amd64 0.20.1+git90-g0e6e38e-1ubuntu2 [1,350 kB]
Get:11 http://archive.ubuntu.com/ubuntu trusty-updates/main amd64 libgfortran-4.8-dev amd64 4.8.4-2ubuntu1~14.04.3 [269 kB]
Get:12 http://archive.ubuntu.com/ubuntu trusty-updates/main amd64 gfortran-4.8 amd64 4.8.4-2ubuntu1~14.04.3 [4,883 kB]
Get:13 http://archive.ubuntu.com/ubuntu trusty/main amd64 gfortran amd64 4:4.8.2-1ubuntu6 [1,252 B]
Get:14 http://archive.ubuntu.com/ubuntu trusty/universe amd64 libatlas3-base amd64 3.10.1-4 [2,677 kB]
Get:15 http://archive.ubuntu.com/ubuntu trusty/main amd64 libblas3 amd64 1.2.20110419-7 [215 kB]
Get:16 http://archive.ubuntu.com/ubuntu trusty/main amd64 libblas-dev amd64 1.2.20110419-7 [240 kB]
Get:17 http://archive.ubuntu.com/ubuntu trusty/universe amd64 libatlas-dev all 3.10.1-4 [22.7 kB]
Get:18 http://archive.ubuntu.com/ubuntu trusty/universe amd64 libatlas-base-dev amd64 3.10.1-4 [3,348 kB]
Get:19 http://archive.ubuntu.com/ubuntu trusty-updates/main amd64 python3-pkg-resources all 3.3-1ubuntu2 [31.7 kB]
Get:20 http://archive.ubuntu.com/ubuntu trusty/main amd64 python3-nose all 1.3.1-2 [116 kB]
Get:21 http://archive.ubuntu.com/ubuntu trusty-updates/main amd64 python3-setuptools all 3.3-1ubuntu2 [144 kB]
Get:22 http://archive.ubuntu.com/ubuntu trusty/main amd64 cython3-dbg amd64 0.20.1+git90-g0e6e38e-1ubuntu2 [4,016 kB]
Get:23 http://archive.ubuntu.com/ubuntu trusty/main amd64 libpython3-dbg amd64 3.4.0-0ubuntu2 [6,950 B]
Get:24 http://archive.ubuntu.com/ubuntu trusty-updates/main amd64 python3.4-dbg amd64 3.4.3-1ubuntu1~14.04.6 [7,605 kB]
Get:25 http://archive.ubuntu.com/ubuntu trusty/main amd64 python3-dbg amd64 3.4.0-0ubuntu2 [1,248 B]
Fetched 53.8 MB in 17s (3,161 kB/s)
(Reading database ... (Reading database ... 5%(Reading database ... 10%(Reading database ... 15%(Reading database ... 20%(Reading database ... 25%(Reading database ... 30%(Reading database ... 35%(Reading database ... 40%(Reading database ... 45%(Reading database ... 50%(Reading database ... 55%(Reading database ... 60%(Reading database ... 65%(Reading database ... 70%(Reading database ... 75%(Reading database ... 80%(Reading database ... 85%(Reading database ... 90%(Reading database ... 95%(Reading database ... 100%(Reading database ... 74154 files and directories currently installed.)
Preparing to unpack .../python3.4-dev_3.4.3-1ubuntu1~14.04.6_amd64.deb ...
Unpacking python3.4-dev (3.4.3-1ubuntu1~14.04.6) over (3.4.3-1ubuntu1~14.04.5) ...
Preparing to unpack .../libpython3.4-dev_3.4.3-1ubuntu1~14.04.6_amd64.deb ...
Unpacking libpython3.4-dev:amd64 (3.4.3-1ubuntu1~14.04.6) over (3.4.3-1ubuntu1~14.04.5) ...
Preparing to unpack .../libpython3.4_3.4.3-1ubuntu1~14.04.6_amd64.deb ...
Unpacking libpython3.4:amd64 (3.4.3-1ubuntu1~14.04.6) over (3.4.3-1ubuntu1~14.04.5) ...
Preparing to unpack .../python3.4_3.4.3-1ubuntu1~14.04.6_amd64.deb ...
Unpacking python3.4 (3.4.3-1ubuntu1~14.04.6) over (3.4.3-1ubuntu1~14.04.5) ...
Preparing to unpack .../libpython3.4-stdlib_3.4.3-1ubuntu1~14.04.6_amd64.deb ...
Unpacking libpython3.4-stdlib:amd64 (3.4.3-1ubuntu1~14.04.6) over (3.4.3-1ubuntu1~14.04.5) ...
Preparing to unpack .../python3.4-minimal_3.4.3-1ubuntu1~14.04.6_amd64.deb ...
Unpacking python3.4-minimal (3.4.3-1ubuntu1~14.04.6) over (3.4.3-1ubuntu1~14.04.5) ...
Preparing to unpack .../libpython3.4-minimal_3.4.3-1ubuntu1~14.04.6_amd64.deb ...
Unpacking libpython3.4-minimal:amd64 (3.4.3-1ubuntu1~14.04.6) over (3.4.3-1ubuntu1~14.04.5) ...
Selecting previously unselected package libgfortran3:amd64.
Preparing to unpack .../libgfortran3_4.8.4-2ubuntu1~14.04.3_amd64.deb ...
Unpacking libgfortran3:amd64 (4.8.4-2ubuntu1~14.04.3) ...
Selecting previously unselected package libpython3.4-dbg:amd64.
Preparing to unpack .../libpython3.4-dbg_3.4.3-1ubuntu1~14.04.6_amd64.deb ...
Unpacking libpython3.4-dbg:amd64 (3.4.3-1ubuntu1~14.04.6) ...
Selecting previously unselected package cython3.
Preparing to unpack .../cython3_0.20.1+git90-g0e6e38e-1ubuntu2_amd64.deb ...
Unpacking cython3 (0.20.1+git90-g0e6e38e-1ubuntu2) ...
Selecting previously unselected package libgfortran-4.8-dev:amd64.
Preparing to unpack .../libgfortran-4.8-dev_4.8.4-2ubuntu1~14.04.3_amd64.deb ...
Unpacking libgfortran-4.8-dev:amd64 (4.8.4-2ubuntu1~14.04.3) ...
Selecting previously unselected package gfortran-4.8.
Preparing to unpack .../gfortran-4.8_4.8.4-2ubuntu1~14.04.3_amd64.deb ...
Unpacking gfortran-4.8 (4.8.4-2ubuntu1~14.04.3) ...
Selecting previously unselected package gfortran.
Preparing to unpack .../gfortran_4%3a4.8.2-1ubuntu6_amd64.deb ...
Unpacking gfortran (4:4.8.2-1ubuntu6) ...
Selecting previously unselected package libatlas3-base.
Preparing to unpack .../libatlas3-base_3.10.1-4_amd64.deb ...
Unpacking libatlas3-base (3.10.1-4) ...
Selecting previously unselected package libblas3.
Preparing to unpack .../libblas3_1.2.20110419-7_amd64.deb ...
Unpacking libblas3 (1.2.20110419-7) ...
Selecting previously unselected package libblas-dev.
Preparing to unpack .../libblas-dev_1.2.20110419-7_amd64.deb ...
Unpacking libblas-dev (1.2.20110419-7) ...
Selecting previously unselected package libatlas-dev.
Preparing to unpack .../libatlas-dev_3.10.1-4_all.deb ...
Unpacking libatlas-dev (3.10.1-4) ...
Selecting previously unselected package libatlas-base-dev.
Preparing to unpack .../libatlas-base-dev_3.10.1-4_amd64.deb ...
Unpacking libatlas-base-dev (3.10.1-4) ...
Selecting previously unselected package python3-pkg-resources.
Preparing to unpack .../python3-pkg-resources_3.3-1ubuntu2_all.deb ...
Unpacking python3-pkg-resources (3.3-1ubuntu2) ...
Selecting previously unselected package python3-nose.
Preparing to unpack .../python3-nose_1.3.1-2_all.deb ...
Unpacking python3-nose (1.3.1-2) ...
Selecting previously unselected package python3-setuptools.
Preparing to unpack .../python3-setuptools_3.3-1ubuntu2_all.deb ...
Unpacking python3-setuptools (3.3-1ubuntu2) ...
Selecting previously unselected package cython3-dbg.
Preparing to unpack .../cython3-dbg_0.20.1+git90-g0e6e38e-1ubuntu2_amd64.deb ...
Unpacking cython3-dbg (0.20.1+git90-g0e6e38e-1ubuntu2) ...
Selecting previously unselected package libpython3-dbg:amd64.
Preparing to unpack .../libpython3-dbg_3.4.0-0ubuntu2_amd64.deb ...
Unpacking libpython3-dbg:amd64 (3.4.0-0ubuntu2) ...
Selecting previously unselected package python3.4-dbg.
Preparing to unpack .../python3.4-dbg_3.4.3-1ubuntu1~14.04.6_amd64.deb ...
Unpacking python3.4-dbg (3.4.3-1ubuntu1~14.04.6) ...
Selecting previously unselected package python3-dbg.
Preparing to unpack .../python3-dbg_3.4.0-0ubuntu2_amd64.deb ...
Unpacking python3-dbg (3.4.0-0ubuntu2) ...
Processing triggers for man-db (2.6.7.1-1ubuntu1) ...
Processing triggers for mime-support (3.54ubuntu1.1) ...
Processing triggers for ccache (3.1.9-1) ...
Updating symlinks in /usr/lib/ccache ...
Setting up libpython3.4-minimal:amd64 (3.4.3-1ubuntu1~14.04.6) ...
Setting up python3.4-minimal (3.4.3-1ubuntu1~14.04.6) ...
update-binfmts: warning: Couldn't load the binfmt_misc module.
Setting up libpython3.4-stdlib:amd64 (3.4.3-1ubuntu1~14.04.6) ...
Setting up python3.4 (3.4.3-1ubuntu1~14.04.6) ...
Setting up libpython3.4:amd64 (3.4.3-1ubuntu1~14.04.6) ...
Setting up libpython3.4-dev:amd64 (3.4.3-1ubuntu1~14.04.6) ...
Setting up python3.4-dev (3.4.3-1ubuntu1~14.04.6) ...
Setting up libgfortran3:amd64 (4.8.4-2ubuntu1~14.04.3) ...
Setting up libpython3.4-dbg:amd64 (3.4.3-1ubuntu1~14.04.6) ...
Setting up cython3 (0.20.1+git90-g0e6e38e-1ubuntu2) ...
Setting up libgfortran-4.8-dev:amd64 (4.8.4-2ubuntu1~14.04.3) ...
Setting up gfortran-4.8 (4.8.4-2ubuntu1~14.04.3) ...
Setting up gfortran (4:4.8.2-1ubuntu6) ...
update-alternatives: using /usr/bin/gfortran to provide /usr/bin/f95 (f95) in auto mode
Setting up libatlas3-base (3.10.1-4) ...
update-alternatives: using /usr/lib/atlas-base/atlas/libblas.so.3 to provide /usr/lib/libblas.so.3 (libblas.so.3) in auto mode
update-alternatives: using /usr/lib/atlas-base/atlas/liblapack.so.3 to provide /usr/lib/liblapack.so.3 (liblapack.so.3) in auto mode
Setting up libblas3 (1.2.20110419-7) ...
Setting up libblas-dev (1.2.20110419-7) ...
update-alternatives: using /usr/lib/libblas/libblas.so to provide /usr/lib/libblas.so (libblas.so) in auto mode
Setting up libatlas-dev (3.10.1-4) ...
Setting up libatlas-base-dev (3.10.1-4) ...
update-alternatives: using /usr/lib/atlas-base/atlas/libblas.so to provide /usr/lib/libblas.so (libblas.so) in auto mode
update-alternatives: using /usr/lib/atlas-base/atlas/liblapack.so to provide /usr/lib/liblapack.so (liblapack.so) in auto mode
Setting up python3-pkg-resources (3.3-1ubuntu2) ...
Setting up python3-nose (1.3.1-2) ...
Setting up python3-setuptools (3.3-1ubuntu2) ...
Setting up cython3-dbg (0.20.1+git90-g0e6e38e-1ubuntu2) ...
Setting up libpython3-dbg:amd64 (3.4.0-0ubuntu2) ...
Setting up python3.4-dbg (3.4.3-1ubuntu1~14.04.6) ...
Setting up python3-dbg (3.4.0-0ubuntu2) ...
Processing triggers for libc-bin (2.19-0ubuntu6.13) ...
W: --force-yes is deprecated, use one of the options starting with --allow instead.

travis_time:end:08023e7e:start=1512553675106033835,finish=1512553713740382248,duration=38634348413[0Ktravis_fold:end:apt[0K
[33;1mSetting environment variables from .travis.yml[0m
$ export WHEELHOUSE_UPLOADER_USERNAME=travis.numpy
$ export USE_DEBUG=1

travis_time:start:0fb841b0[0K$ source ~/virtualenv/python3.4/bin/activate

travis_time:end:0fb841b0:start=1512553719428099200,finish=1512553719437154038,duration=9054838[0Ktravis_fold:start:cache.1[0KSetting up build cache
$ export CASHER_DIR=$HOME/.casher
travis_time:start:216d3734[0K$ Installing caching utilities

travis_time:end:216d3734:start=1512553723117377439,finish=1512553723169985633,duration=52608194[0Ktravis_time:start:12391d85[0K
travis_time:end:12391d85:start=1512553723176077296,finish=1512553723180615762,duration=4538466[0Ktravis_time:start:0350bf9e[0K[32;1mattempting to download cache archive[0m
[32;1mfetching PR.10164/cache-linux-trusty-0b776ca4e3285905f8cd7e4da0830f865a31d8287301198a9976536887f1b10f--python-3.4.tgz[0m
[32;1mfound cache[0m

travis_time:end:0350bf9e:start=1512553723185736461,finish=1512553728730912024,duration=5545175563[0Ktravis_time:start:137a87c2[0K
travis_time:end:137a87c2:start=1512553728736802494,finish=1512553728741430411,duration=4627917[0Ktravis_time:start:0a205b11[0K[32;1madding /home/travis/.cache/pip to cache[0m

travis_time:end:0a205b11:start=1512553728746839479,finish=1512553731152566980,duration=2405727501[0Ktravis_fold:end:cache.1[0K$ python --version
Python 3.4.6
$ pip --version
pip 9.0.1 from /home/travis/virtualenv/python3.4.6/lib/python3.4/site-packages (python 3.4)
travis_fold:start:before_install[0Ktravis_time:start:0142879e[0K$ ./tools/travis-before-install.sh
Linux travis-job-numpy-numpy-312315943.travisci.net 4.9.6-040906-generic #201701260330 SMP Thu Jan 26 08:32:10 UTC 2017 x86_64 x86_64 x86_64 GNU/Linux
             total       used       free     shared    buffers     cached
Mem:         60379      35877      24501        208        313      22173
-/+ buffers/cache:      13389      46989
Swap:            0          0          0
Filesystem                                                                                          Size  Used Avail Use% Mounted on
/dev/mapper/docker-202:16-1409034-4d59f311e6490b65d1fdc6153a5c5d651700e2382913401fd8dd5915d622e30b   19G  9.6G  9.5G  51% /
tmpfs                                                                                                64M  4.0K   64M   1% /dev
tmpfs                                                                                                30G     0   30G   0% /sys/fs/cgroup
tmpfs                                                                                                64M   48K   64M   1% /run
/dev/xvdb                                                                                           315G  100M  299G   1% /etc/hosts
shm                                                                                                  64M     0   64M   0% /dev/shm
udev                                                                                                 30G   12K   30G   1% /dev/tty
tmpfs                                                                                                30G     0   30G   0% /sys/firmware
core file size          (blocks, -c) 0
data seg size           (kbytes, -d) unlimited
scheduling priority             (-e) 0
file size               (blocks, -f) unlimited
pending signals                 (-i) 241382
max locked memory       (kbytes, -l) 64
max memory size         (kbytes, -m) unlimited
open files                      (-n) 30000
pipe size            (512 bytes, -p) 8
POSIX message queues     (bytes, -q) 819200
real-time priority              (-r) 0
stack size              (kbytes, -s) 8192
cpu time               (seconds, -t) unlimited
max user processes              (-u) unlimited
virtual memory          (kbytes, -v) unlimited
file locks                      (-x) unlimited
~/build/numpy/numpy/builds ~/build/numpy/numpy
Collecting virtualenv==14.0.6
  Using cached virtualenv-14.0.6-py2.py3-none-any.whl
Installing collected packages: virtualenv
Successfully installed virtualenv-14.0.6
Running virtualenv with interpreter /usr/bin/python3-dbg
Using base prefix '/usr'
New python executable in /home/travis/build/numpy/numpy/builds/venv/bin/python3-dbg
Also creating executable in /home/travis/build/numpy/numpy/builds/venv/bin/python
Installing setuptools, pip, wheel.../home/travis/virtualenv/python3.4.6/lib/python3.4/site-packages/virtualenv.py:877: ResourceWarning: unclosed file <_io.BufferedReader name=4>
  call_subprocess(cmd, show_stdout=False, extra_env=env)
done.
Python 3.4.3
Requirement already up-to-date: pip in ./venv/lib/python3.4/site-packages
Requirement already up-to-date: setuptools in ./venv/lib/python3.4/site-packages
Collecting nose
  Using cached nose-1.3.7-py3-none-any.whl
Collecting pytz
  Using cached pytz-2017.3-py2.py3-none-any.whl
Collecting cython
Installing collected packages: nose, pytz, cython
Successfully installed cython-0.27.3 nose-1.3.7 pytz-2017.3
~/build/numpy/numpy

travis_time:end:0142879e:start=1512553731852564033,finish=1512553761001825799,duration=29149261766[0Ktravis_fold:end:before_install[0KCould not locate requirements.txt. Override the install: key in your .travis.yml to install dependencies.
travis_time:start:025b2994[0K$ ./tools/travis-test.sh
+export NPY_NUM_BUILD_JOBS=2
+NPY_NUM_BUILD_JOBS=2
+'[' -r /usr/lib/libeatmydata/libeatmydata.so ']'
+export LD_PRELOAD=/usr/lib/libeatmydata/libeatmydata.so
+LD_PRELOAD=/usr/lib/libeatmydata/libeatmydata.so
+source builds/venv/bin/activate
++deactivate nondestructive
++unset -f pydoc
++'[' -z '' ']'
++'[' -z '' ']'
++'[' -n /bin/bash ']'
++hash -r
++'[' -z '' ']'
++unset VIRTUAL_ENV
++'[' '!' nondestructive = nondestructive ']'
++VIRTUAL_ENV=/home/travis/build/numpy/numpy/builds/venv
++export VIRTUAL_ENV
++_OLD_VIRTUAL_PATH=/home/travis/.rvm/gems/ruby-2.4.1/bin:/home/travis/.rvm/gems/ruby-2.4.1@global/bin:/home/travis/.rvm/rubies/ruby-2.4.1/bin:/home/travis/.rvm/bin:/home/travis/virtualenv/python3.4.6/bin:/home/travis/bin:/home/travis/.local/bin:/opt/pyenv/shims:/home/travis/.phpenv/shims:/home/travis/perl5/perlbrew/bin:/home/travis/.nvm/versions/node/v7.4.0/bin:/home/travis/.kiex/elixirs/elixir-1.4.5/bin:/home/travis/.kiex/bin:/home/travis/gopath/bin:/usr/local/phantomjs/bin:/usr/local/phantomjs:/usr/local/neo4j-3.2.1/bin:/usr/local/clang-3.9.0/bin:/home/travis/.gimme/versions/go1.7.4.linux.amd64/bin:/usr/local/sbin:/usr/local/bin:/usr/sbin:/usr/bin:/sbin:/bin:/home/travis/.phpenv/bin:/opt/pyenv/bin
++PATH=/home/travis/build/numpy/numpy/builds/venv/bin:/home/travis/.rvm/gems/ruby-2.4.1/bin:/home/travis/.rvm/gems/ruby-2.4.1@global/bin:/home/travis/.rvm/rubies/ruby-2.4.1/bin:/home/travis/.rvm/bin:/home/travis/virtualenv/python3.4.6/bin:/home/travis/bin:/home/travis/.local/bin:/opt/pyenv/shims:/home/travis/.phpenv/shims:/home/travis/perl5/perlbrew/bin:/home/travis/.nvm/versions/node/v7.4.0/bin:/home/travis/.kiex/elixirs/elixir-1.4.5/bin:/home/travis/.kiex/bin:/home/travis/gopath/bin:/usr/local/phantomjs/bin:/usr/local/phantomjs:/usr/local/neo4j-3.2.1/bin:/usr/local/clang-3.9.0/bin:/home/travis/.gimme/versions/go1.7.4.linux.amd64/bin:/usr/local/sbin:/usr/local/bin:/usr/sbin:/usr/bin:/sbin:/bin:/home/travis/.phpenv/bin:/opt/pyenv/bin
++export PATH
++'[' -z '' ']'
++'[' -z '' ']'
++_OLD_VIRTUAL_PS1=
++'[' x '!=' x ']'
+++basename /home/travis/build/numpy/numpy/builds/venv
++PS1='(venv) '
++export PS1
++alias pydoc
++'[' -n /bin/bash ']'
++hash -r
+PYTHON=python
+PIP=pip
+'[' -n '' ']'
+werrors='-Werror=declaration-after-statement -Werror=vla '
+werrors+='-Werror=nonnull -Werror=pointer-arith'
+export PYTHON
+export PIP
+pip install setuptools
Requirement already satisfied: setuptools in ./builds/venv/lib/python3.4/site-packages
+'[' -n '' ']'
+'[' -n '' ']'
+'[' -n '' ']'
+setup_base
++python -c 'from distutils import sysconfig;     print (sysconfig.get_config_var('\''CFLAGS'\''))'
+sysflags='-Wno-unused-result -g -O0 -Wall -Wstrict-prototypes -g -O0 -fstack-protector --param=ssp-buffer-size=4 -Wformat -Werror=format-security  -g -O0 -fstack-protector --param=ssp-buffer-size=4 -Wformat -Werror=format-security'
+export 'CFLAGS=-Wno-unused-result -g -O0 -Wall -Wstrict-prototypes -g -O0 -fstack-protector --param=ssp-buffer-size=4 -Wformat -Werror=format-security  -g -O0 -fstack-protector --param=ssp-buffer-size=4 -Wformat -Werror=format-security -Werror=declaration-after-statement -Werror=vla -Werror=nonnull -Werror=pointer-arith -Wlogical-op -Wno-sign-compare'
+CFLAGS='-Wno-unused-result -g -O0 -Wall -Wstrict-prototypes -g -O0 -fstack-protector --param=ssp-buffer-size=4 -Wformat -Werror=format-security  -g -O0 -fstack-protector --param=ssp-buffer-size=4 -Wformat -Werror=format-security -Werror=declaration-after-statement -Werror=vla -Werror=nonnull -Werror=pointer-arith -Wlogical-op -Wno-sign-compare'
+'[' -z 1 ']'
+python setup.py build_ext --inplace
+tee log
Processing numpy/random/mtrand/randint_helpers.pxi.in
Processing numpy/random/mtrand/mtrand.pyx
Cythonizing sources
blas_opt_info:
blas_mkl_info:
customize UnixCCompiler
  libraries mkl_rt not found in ['/home/travis/build/numpy/numpy/builds/venv/lib', '/usr/local/lib', '/usr/lib', '/usr/lib/x86_64-linux-gnu']
  NOT AVAILABLE

blis_info:
customize UnixCCompiler
  libraries blis not found in ['/home/travis/build/numpy/numpy/builds/venv/lib', '/usr/local/lib', '/usr/lib', '/usr/lib/x86_64-linux-gnu']
  NOT AVAILABLE

openblas_info:
customize UnixCCompiler
customize UnixCCompiler
  libraries openblas not found in ['/home/travis/build/numpy/numpy/builds/venv/lib', '/usr/local/lib', '/usr/lib', '/usr/lib/x86_64-linux-gnu']
  NOT AVAILABLE

atlas_3_10_blas_threads_info:
Setting PTATLAS=ATLAS
customize UnixCCompiler
  libraries tatlas not found in ['/home/travis/build/numpy/numpy/builds/venv/lib', '/usr/local/lib', '/usr/lib/atlas-base', '/usr/lib', '/usr/lib/x86_64-linux-gnu']
  NOT AVAILABLE

atlas_3_10_blas_info:
customize UnixCCompiler
  libraries satlas not found in ['/home/travis/build/numpy/numpy/builds/venv/lib', '/usr/local/lib', '/usr/lib/atlas-base', '/usr/lib', '/usr/lib/x86_64-linux-gnu']
  NOT AVAILABLE

atlas_blas_threads_info:
Setting PTATLAS=ATLAS
customize UnixCCompiler
  libraries ptf77blas,ptcblas,atlas not found in ['/home/travis/build/numpy/numpy/builds/venv/lib', '/usr/local/lib', '/usr/lib/atlas-base', '/usr/lib', '/usr/lib/x86_64-linux-gnu']
  NOT AVAILABLE

atlas_blas_info:
customize UnixCCompiler
get_default_fcompiler: matching types: '['gnu95', 'intel', 'lahey', 'pg', 'absoft', 'nag', 'vast', 'compaq', 'intele', 'intelem', 'gnu', 'g95', 'pathf95', 'nagfor']'
customize Gnu95FCompiler
Found executable /usr/bin/gfortran
customize Gnu95FCompiler
customize Gnu95FCompiler using config
compiling '_configtest.c':

/* This file is generated from numpy/distutils/system_info.py */
void ATL_buildinfo(void);
int main(void) {
  ATL_buildinfo();
  return 0;
}

C compiler: x86_64-linux-gnu-gcc -pthread -g -O0 -Wall -Wstrict-prototypes -Wno-unused-result -g -O0 -Wall -Wstrict-prototypes -g -O0 -fstack-protector --param=ssp-buffer-size=4 -Wformat -Werror=format-security -g -O0 -fstack-protector --param=ssp-buffer-size=4 -Wformat -Werror=format-security -Werror=declaration-after-statement -Werror=vla -Werror=nonnull -Werror=pointer-arith -Wlogical-op -Wno-sign-compare -D_FORTIFY_SOURCE=2 -fPIC

compile options: '-c'
x86_64-linux-gnu-gcc: _configtest.c
x86_64-linux-gnu-gcc -pthread _configtest.o -L/usr/lib/atlas-base -lf77blas -lcblas -latlas -o _configtest
ATLAS version 3.10.1 built by buildd on Mon Feb  3 23:10:50 UTC 2014:
   UNAME    : Linux toyol 3.2.0-54-generic #82-Ubuntu SMP Tue Sep 10 20:08:42 UTC 2013 x86_64 x86_64 x86_64 GNU/Linux
   INSTFLG  : -1 0 -a 1 -l 1
   ARCHDEFS : -DATL_OS_Linux -DATL_ARCH_x86SSE2 -DATL_CPUMHZ=1596 -DATL_SSE2 -DATL_SSE1 -DATL_USE64BITS -DATL_GAS_x8664
   F2CDEFS  : -DAdd_ -DF77_INTEGER=int -DStringSunStyle
   CACHEEDGE: 1048576
   F77      : /usr/bin/x86_64-linux-gnu-gfortran, version GNU Fortran (Ubuntu/Linaro 4.8.2-14ubuntu4) 4.8.2
   F77FLAGS : -fomit-frame-pointer -mfpmath=sse -O2 -msse2 -fPIC -m64
   SMC      : /usr/bin/c99-gcc, version gcc (Ubuntu/Linaro 4.8.2-14ubuntu4) 4.8.2
   SMCFLAGS : -fomit-frame-pointer -mfpmath=sse -O2 -msse2 -fPIC -m64
   SKC      : /usr/bin/c99-gcc, version gcc (Ubuntu/Linaro 4.8.2-14ubuntu4) 4.8.2
   SKCFLAGS : -fomit-frame-pointer -mfpmath=sse -O2 -msse2 -fPIC -m64
success!
removing: _configtest.c _configtest.o _configtest
customize UnixCCompiler
customize UnixCCompiler
  FOUND:
    libraries = ['f77blas', 'cblas', 'atlas', 'f77blas', 'cblas']
    library_dirs = ['/usr/lib/atlas-base']
    define_macros = [('HAVE_CBLAS', None), ('ATLAS_INFO', '"\\"3.10.1\\""')]
    language = c
    include_dirs = ['/usr/include/atlas']

  FOUND:
    include_dirs = ['/usr/include/atlas']
    library_dirs = ['/usr/lib/atlas-base']
    define_macros = [('HAVE_CBLAS', None), ('ATLAS_INFO', '"\\"3.10.1\\""')]
    language = c
    libraries = ['f77blas', 'cblas', 'atlas', 'f77blas', 'cblas']

non-existing path in 'numpy/distutils': 'site.cfg'
F2PY Version 2
lapack_opt_info:
lapack_mkl_info:
customize UnixCCompiler
  libraries mkl_rt not found in ['/home/travis/build/numpy/numpy/builds/venv/lib', '/usr/local/lib', '/usr/lib', '/usr/lib/x86_64-linux-gnu']
  NOT AVAILABLE

openblas_lapack_info:
customize UnixCCompiler
customize UnixCCompiler
  libraries openblas not found in ['/home/travis/build/numpy/numpy/builds/venv/lib', '/usr/local/lib', '/usr/lib', '/usr/lib/x86_64-linux-gnu']
  NOT AVAILABLE

openblas_clapack_info:
customize UnixCCompiler
customize UnixCCompiler
  libraries openblas,lapack not found in ['/home/travis/build/numpy/numpy/builds/venv/lib', '/usr/local/lib', '/usr/lib', '/usr/lib/x86_64-linux-gnu']
  NOT AVAILABLE

atlas_3_10_threads_info:
Setting PTATLAS=ATLAS
customize UnixCCompiler
  libraries tatlas,tatlas not found in /home/travis/build/numpy/numpy/builds/venv/lib
customize UnixCCompiler
  libraries lapack_atlas not found in /home/travis/build/numpy/numpy/builds/venv/lib
customize UnixCCompiler
  libraries tatlas,tatlas not found in /usr/local/lib
customize UnixCCompiler
  libraries lapack_atlas not found in /usr/local/lib
customize UnixCCompiler
  libraries tatlas,tatlas not found in /usr/lib/atlas-base
customize UnixCCompiler
customize UnixCCompiler
  libraries tatlas,tatlas not found in /usr/lib
customize UnixCCompiler
customize UnixCCompiler
  libraries tatlas,tatlas not found in /usr/lib/x86_64-linux-gnu
customize UnixCCompiler
  libraries lapack_atlas not found in /usr/lib/x86_64-linux-gnu
<class 'numpy.distutils.system_info.atlas_3_10_threads_info'>
  NOT AVAILABLE

atlas_3_10_info:
customize UnixCCompiler
  libraries satlas,satlas not found in /home/travis/build/numpy/numpy/builds/venv/lib
customize UnixCCompiler
  libraries lapack_atlas not found in /home/travis/build/numpy/numpy/builds/venv/lib
customize UnixCCompiler
  libraries satlas,satlas not found in /usr/local/lib
customize UnixCCompiler
  libraries lapack_atlas not found in /usr/local/lib
customize UnixCCompiler
  libraries satlas,satlas not found in /usr/lib/atlas-base
customize UnixCCompiler
customize UnixCCompiler
  libraries satlas,satlas not found in /usr/lib
customize UnixCCompiler
customize UnixCCompiler
  libraries satlas,satlas not found in /usr/lib/x86_64-linux-gnu
customize UnixCCompiler
  libraries lapack_atlas not found in /usr/lib/x86_64-linux-gnu
<class 'numpy.distutils.system_info.atlas_3_10_info'>
  NOT AVAILABLE

atlas_threads_info:
Setting PTATLAS=ATLAS
customize UnixCCompiler
  libraries ptf77blas,ptcblas,atlas not found in /home/travis/build/numpy/numpy/builds/venv/lib
customize UnixCCompiler
  libraries lapack_atlas not found in /home/travis/build/numpy/numpy/builds/venv/lib
customize UnixCCompiler
  libraries ptf77blas,ptcblas,atlas not found in /usr/local/lib
customize UnixCCompiler
  libraries lapack_atlas not found in /usr/local/lib
customize UnixCCompiler
  libraries ptf77blas,ptcblas,atlas not found in /usr/lib/atlas-base
customize UnixCCompiler
customize UnixCCompiler
  libraries ptf77blas,ptcblas,atlas not found in /usr/lib
customize UnixCCompiler
customize UnixCCompiler
  libraries ptf77blas,ptcblas,atlas not found in /usr/lib/x86_64-linux-gnu
customize UnixCCompiler
  libraries lapack_atlas not found in /usr/lib/x86_64-linux-gnu
<class 'numpy.distutils.system_info.atlas_threads_info'>
  NOT AVAILABLE

atlas_info:
customize UnixCCompiler
  libraries f77blas,cblas,atlas not found in /home/travis/build/numpy/numpy/builds/venv/lib
customize UnixCCompiler
  libraries lapack_atlas not found in /home/travis/build/numpy/numpy/builds/venv/lib
customize UnixCCompiler
  libraries f77blas,cblas,atlas not found in /usr/local/lib
customize UnixCCompiler
  libraries lapack_atlas not found in /usr/local/lib
customize UnixCCompiler
customize UnixCCompiler
customize UnixCCompiler
<class 'numpy.distutils.system_info.atlas_info'>
customize UnixCCompiler
customize UnixCCompiler
customize UnixCCompiler
  FOUND:
    libraries = ['lapack', 'f77blas', 'cblas', 'atlas', 'f77blas', 'cblas']
    include_dirs = ['/usr/include/atlas']
    library_dirs = ['/usr/lib/atlas-base/atlas', '/usr/lib/atlas-base']
    language = f77
    define_macros = [('ATLAS_INFO', '"\\"3.10.1\\""')]

  FOUND:
    include_dirs = ['/usr/include/atlas']
    libraries = ['lapack', 'f77blas', 'cblas', 'atlas', 'f77blas', 'cblas']
    library_dirs = ['/usr/lib/atlas-base/atlas', '/usr/lib/atlas-base']
    language = f77
    define_macros = [('ATLAS_INFO', '"\\"3.10.1\\""')]

running build_ext
running build_src
build_src
building py_modules sources
building library "npymath" sources
creating build
creating build/src.linux-x86_64-3.4
get_default_fcompiler: matching types: '['gnu95', 'intel', 'lahey', 'pg', 'absoft', 'nag', 'vast', 'compaq', 'intele', 'intelem', 'gnu', 'g95', 'pathf95', 'nagfor']'
customize Gnu95FCompiler
customize Gnu95FCompiler
customize Gnu95FCompiler using config
C compiler: x86_64-linux-gnu-gcc -pthread -g -O0 -Wall -Wstrict-prototypes -Wno-unused-result -g -O0 -Wall -Wstrict-prototypes -g -O0 -fstack-protector --param=ssp-buffer-size=4 -Wformat -Werror=format-security -g -O0 -fstack-protector --param=ssp-buffer-size=4 -Wformat -Werror=format-security -Werror=declaration-after-statement -Werror=vla -Werror=nonnull -Werror=pointer-arith -Wlogical-op -Wno-sign-compare -D_FORTIFY_SOURCE=2 -fPIC

compile options: '-Inumpy/core/src/private -Inumpy/core/src -Inumpy/core -Inumpy/core/src/npymath -Inumpy/core/src/multiarray -Inumpy/core/src/umath -Inumpy/core/src/npysort -I/usr/include/python3.4dm -I/home/travis/build/numpy/numpy/builds/venv/include/python3.4dm -c'
x86_64-linux-gnu-gcc: _configtest.c
x86_64-linux-gnu-gcc -pthread _configtest.o -o _configtest
success!
removing: _configtest.c _configtest.o _configtest
C compiler: x86_64-linux-gnu-gcc -pthread -g -O0 -Wall -Wstrict-prototypes -Wno-unused-result -g -O0 -Wall -Wstrict-prototypes -g -O0 -fstack-protector --param=ssp-buffer-size=4 -Wformat -Werror=format-security -g -O0 -fstack-protector --param=ssp-buffer-size=4 -Wformat -Werror=format-security -Werror=declaration-after-statement -Werror=vla -Werror=nonnull -Werror=pointer-arith -Wlogical-op -Wno-sign-compare -D_FORTIFY_SOURCE=2 -fPIC

compile options: '-Inumpy/core/src/private -Inumpy/core/src -Inumpy/core -Inumpy/core/src/npymath -Inumpy/core/src/multiarray -Inumpy/core/src/umath -Inumpy/core/src/npysort -I/usr/include/python3.4dm -I/home/travis/build/numpy/numpy/builds/venv/include/python3.4dm -c'
x86_64-linux-gnu-gcc: _configtest.c
_configtest.c:1:5: warning: conflicting types for built-in function â€˜expâ€™ [enabled by default]
 int exp (void);
     ^
x86_64-linux-gnu-gcc -pthread _configtest.o -o _configtest
_configtest.o: In function `main':
/home/travis/build/numpy/numpy/_configtest.c:6: undefined reference to `exp'
collect2: error: ld returned 1 exit status
_configtest.o: In function `main':
/home/travis/build/numpy/numpy/_configtest.c:6: undefined reference to `exp'
collect2: error: ld returned 1 exit status
failure.
removing: _configtest.c _configtest.o
C compiler: x86_64-linux-gnu-gcc -pthread -g -O0 -Wall -Wstrict-prototypes -Wno-unused-result -g -O0 -Wall -Wstrict-prototypes -g -O0 -fstack-protector --param=ssp-buffer-size=4 -Wformat -Werror=format-security -g -O0 -fstack-protector --param=ssp-buffer-size=4 -Wformat -Werror=format-security -Werror=declaration-after-statement -Werror=vla -Werror=nonnull -Werror=pointer-arith -Wlogical-op -Wno-sign-compare -D_FORTIFY_SOURCE=2 -fPIC

compile options: '-Inumpy/core/src/private -Inumpy/core/src -Inumpy/core -Inumpy/core/src/npymath -Inumpy/core/src/multiarray -Inumpy/core/src/umath -Inumpy/core/src/npysort -I/usr/include/python3.4dm -I/home/travis/build/numpy/numpy/builds/venv/include/python3.4dm -c'
x86_64-linux-gnu-gcc: _configtest.c
_configtest.c:1:5: warning: conflicting types for built-in function â€˜expâ€™ [enabled by default]
 int exp (void);
     ^
x86_64-linux-gnu-gcc -pthread _configtest.o -lm -o _configtest
success!
removing: _configtest.c _configtest.o _configtest
conv_template:> numpy/core/src/npymath/npy_math_internal.h
  adding 'numpy/core/src/npymath' to include_dirs.
conv_template:> numpy/core/src/npymath/ieee754.c
conv_template:> numpy/core/src/npymath/npy_math_complex.c
None - nothing done with h_files = ['numpy/core/src/npymath/npy_math_internal.h']
building library "npysort" sources
conv_template:> numpy/core/src/npysort/quicksort.c
conv_template:> numpy/core/src/npysort/mergesort.c
conv_template:> numpy/core/src/npysort/heapsort.c
conv_template:> numpy/core/src/private/npy_partition.h
  adding 'numpy/core/src/private' to include_dirs.
conv_template:> numpy/core/src/npysort/selection.c
conv_template:> numpy/core/src/private/npy_binsearch.h
conv_template:> numpy/core/src/npysort/binsearch.c
None - nothing done with h_files = ['numpy/core/src/private/npy_partition.h', 'numpy/core/src/private/npy_binsearch.h']
building extension "numpy.core._dummy" sources
Generating numpy/core/include/numpy/config.h
C compiler: x86_64-linux-gnu-gcc -pthread -g -O0 -Wall -Wstrict-prototypes -Wno-unused-result -g -O0 -Wall -Wstrict-prototypes -g -O0 -fstack-protector --param=ssp-buffer-size=4 -Wformat -Werror=format-security -g -O0 -fstack-protector --param=ssp-buffer-size=4 -Wformat -Werror=format-security -Werror=declaration-after-statement -Werror=vla -Werror=nonnull -Werror=pointer-arith -Wlogical-op -Wno-sign-compare -D_FORTIFY_SOURCE=2 -fPIC

compile options: '-Inumpy/core/src/private -Inumpy/core/src -Inumpy/core -Inumpy/core/src/npymath -Inumpy/core/src/multiarray -Inumpy/core/src/umath -Inumpy/core/src/npysort -I/usr/include/python3.4dm -I/home/travis/build/numpy/numpy/builds/venv/include/python3.4dm -c'
x86_64-linux-gnu-gcc: _configtest.c
success!
removing: _configtest.c _configtest.o
C compiler: x86_64-linux-gnu-gcc -pthread -g -O0 -Wall -Wstrict-prototypes -Wno-unused-result -g -O0 -Wall -Wstrict-prototypes -g -O0 -fstack-protector --param=ssp-buffer-size=4 -Wformat -Werror=format-security -g -O0 -fstack-protector --param=ssp-buffer-size=4 -Wformat -Werror=format-security -Werror=declaration-after-statement -Werror=vla -Werror=nonnull -Werror=pointer-arith -Wlogical-op -Wno-sign-compare -D_FORTIFY_SOURCE=2 -fPIC

compile options: '-Inumpy/core/src/private -Inumpy/core/src -Inumpy/core -Inumpy/core/src/npymath -Inumpy/core/src/multiarray -Inumpy/core/src/umath -Inumpy/core/src/npysort -I/usr/include/python3.4dm -I/home/travis/build/numpy/numpy/builds/venv/include/python3.4dm -c'
x86_64-linux-gnu-gcc: _configtest.c
success!
removing: _configtest.c _configtest.o
C compiler: x86_64-linux-gnu-gcc -pthread -g -O0 -Wall -Wstrict-prototypes -Wno-unused-result -g -O0 -Wall -Wstrict-prototypes -g -O0 -fstack-protector --param=ssp-buffer-size=4 -Wformat -Werror=format-security -g -O0 -fstack-protector --param=ssp-buffer-size=4 -Wformat -Werror=format-security -Werror=declaration-after-statement -Werror=vla -Werror=nonnull -Werror=pointer-arith -Wlogical-op -Wno-sign-compare -D_FORTIFY_SOURCE=2 -fPIC

compile options: '-Inumpy/core/src/private -Inumpy/core/src -Inumpy/core -Inumpy/core/src/npymath -Inumpy/core/src/multiarray -Inumpy/core/src/umath -Inumpy/core/src/npysort -I/usr/include/python3.4dm -I/home/travis/build/numpy/numpy/builds/venv/include/python3.4dm -c'
x86_64-linux-gnu-gcc: _configtest.c
_configtest.c:1:24: fatal error: sys/endian.h: No such file or directory
 #include <sys/endian.h>
                        ^
compilation terminated.
_configtest.c:1:24: fatal error: sys/endian.h: No such file or directory
 #include <sys/endian.h>
                        ^
compilation terminated.
failure.
removing: _configtest.c _configtest.o
C compiler: x86_64-linux-gnu-gcc -pthread -g -O0 -Wall -Wstrict-prototypes -Wno-unused-result -g -O0 -Wall -Wstrict-prototypes -g -O0 -fstack-protector --param=ssp-buffer-size=4 -Wformat -Werror=format-security -g -O0 -fstack-protector --param=ssp-buffer-size=4 -Wformat -Werror=format-security -Werror=declaration-after-statement -Werror=vla -Werror=nonnull -Werror=pointer-arith -Wlogical-op -Wno-sign-compare -D_FORTIFY_SOURCE=2 -fPIC

compile options: '-Inumpy/core/src/private -Inumpy/core/src -Inumpy/core -Inumpy/core/src/npymath -Inumpy/core/src/multiarray -Inumpy/core/src/umath -Inumpy/core/src/npysort -I/usr/include/python3.4dm -I/home/travis/build/numpy/numpy/builds/venv/include/python3.4dm -c'
x86_64-linux-gnu-gcc: _configtest.c
success!
removing: _configtest.c _configtest.o
C compiler: x86_64-linux-gnu-gcc -pthread -g -O0 -Wall -Wstrict-prototypes -Wno-unused-result -g -O0 -Wall -Wstrict-prototypes -g -O0 -fstack-protector --param=ssp-buffer-size=4 -Wformat -Werror=format-security -g -O0 -fstack-protector --param=ssp-buffer-size=4 -Wformat -Werror=format-security -Werror=declaration-after-statement -Werror=vla -Werror=nonnull -Werror=pointer-arith -Wlogical-op -Wno-sign-compare -D_FORTIFY_SOURCE=2 -fPIC

compile options: '-Inumpy/core/src/private -Inumpy/core/src -Inumpy/core -Inumpy/core/src/npymath -Inumpy/core/src/multiarray -Inumpy/core/src/umath -Inumpy/core/src/npysort -I/usr/include/python3.4dm -I/home/travis/build/numpy/numpy/builds/venv/include/python3.4dm -c'
x86_64-linux-gnu-gcc: _configtest.c
success!
removing: _configtest.c _configtest.o
C compiler: x86_64-linux-gnu-gcc -pthread -g -O0 -Wall -Wstrict-prototypes -Wno-unused-result -g -O0 -Wall -Wstrict-prototypes -g -O0 -fstack-protector --param=ssp-buffer-size=4 -Wformat -Werror=format-security -g -O0 -fstack-protector --param=ssp-buffer-size=4 -Wformat -Werror=format-security -Werror=declaration-after-statement -Werror=vla -Werror=nonnull -Werror=pointer-arith -Wlogical-op -Wno-sign-compare -D_FORTIFY_SOURCE=2 -fPIC

compile options: '-Inumpy/core/src/private -Inumpy/core/src -Inumpy/core -Inumpy/core/src/npymath -Inumpy/core/src/multiarray -Inumpy/core/src/umath -Inumpy/core/src/npysort -I/usr/include/python3.4dm -I/home/travis/build/numpy/numpy/builds/venv/include/python3.4dm -c'
x86_64-linux-gnu-gcc: _configtest.c
success!
removing: _configtest.c _configtest.o
C compiler: x86_64-linux-gnu-gcc -pthread -g -O0 -Wall -Wstrict-prototypes -Wno-unused-result -g -O0 -Wall -Wstrict-prototypes -g -O0 -fstack-protector --param=ssp-buffer-size=4 -Wformat -Werror=format-security -g -O0 -fstack-protector --param=ssp-buffer-size=4 -Wformat -Werror=format-security -Werror=declaration-after-statement -Werror=vla -Werror=nonnull -Werror=pointer-arith -Wlogical-op -Wno-sign-compare -D_FORTIFY_SOURCE=2 -fPIC

compile options: '-Inumpy/core/src/private -Inumpy/core/src -Inumpy/core -Inumpy/core/src/npymath -Inumpy/core/src/multiarray -Inumpy/core/src/umath -Inumpy/core/src/npysort -I/usr/include/python3.4dm -I/home/travis/build/numpy/numpy/builds/venv/include/python3.4dm -c'
x86_64-linux-gnu-gcc: _configtest.c
success!
removing: _configtest.c _configtest.o
C compiler: x86_64-linux-gnu-gcc -pthread -g -O0 -Wall -Wstrict-prototypes -Wno-unused-result -g -O0 -Wall -Wstrict-prototypes -g -O0 -fstack-protector --param=ssp-buffer-size=4 -Wformat -Werror=format-security -g -O0 -fstack-protector --param=ssp-buffer-size=4 -Wformat -Werror=format-security -Werror=declaration-after-statement -Werror=vla -Werror=nonnull -Werror=pointer-arith -Wlogical-op -Wno-sign-compare -D_FORTIFY_SOURCE=2 -fPIC

compile options: '-Inumpy/core/src/private -Inumpy/core/src -Inumpy/core -Inumpy/core/src/npymath -Inumpy/core/src/multiarray -Inumpy/core/src/umath -Inumpy/core/src/npysort -I/usr/include/python3.4dm -I/home/travis/build/numpy/numpy/builds/venv/include/python3.4dm -c'
x86_64-linux-gnu-gcc: _configtest.c
_configtest.c: In function â€˜mainâ€™:
_configtest.c:5:16: warning: variable â€˜test_arrayâ€™ set but not used [-Wunused-but-set-variable]
     static int test_array [1 - 2 * !(((long) (sizeof (npy_check_sizeof_type))) >= 0)];
                ^
removing: _configtest.c _configtest.o
C compiler: x86_64-linux-gnu-gcc -pthread -g -O0 -Wall -Wstrict-prototypes -Wno-unused-result -g -O0 -Wall -Wstrict-prototypes -g -O0 -fstack-protector --param=ssp-buffer-size=4 -Wformat -Werror=format-security -g -O0 -fstack-protector --param=ssp-buffer-size=4 -Wformat -Werror=format-security -Werror=declaration-after-statement -Werror=vla -Werror=nonnull -Werror=pointer-arith -Wlogical-op -Wno-sign-compare -D_FORTIFY_SOURCE=2 -fPIC

compile options: '-Inumpy/core/src/private -Inumpy/core/src -Inumpy/core -Inumpy/core/src/npymath -Inumpy/core/src/multiarray -Inumpy/core/src/umath -Inumpy/core/src/npysort -I/usr/include/python3.4dm -I/home/travis/build/numpy/numpy/builds/venv/include/python3.4dm -c'
x86_64-linux-gnu-gcc: _configtest.c
_configtest.c: In function â€˜mainâ€™:
_configtest.c:5:16: warning: variable â€˜test_arrayâ€™ set but not used [-Wunused-but-set-variable]
     static int test_array [1 - 2 * !(((long) (sizeof (npy_check_sizeof_type))) == 4)];
                ^
removing: _configtest.c _configtest.o
C compiler: x86_64-linux-gnu-gcc -pthread -g -O0 -Wall -Wstrict-prototypes -Wno-unused-result -g -O0 -Wall -Wstrict-prototypes -g -O0 -fstack-protector --param=ssp-buffer-size=4 -Wformat -Werror=format-security -g -O0 -fstack-protector --param=ssp-buffer-size=4 -Wformat -Werror=format-security -Werror=declaration-after-statement -Werror=vla -Werror=nonnull -Werror=pointer-arith -Wlogical-op -Wno-sign-compare -D_FORTIFY_SOURCE=2 -fPIC

compile options: '-Inumpy/core/src/private -Inumpy/core/src -Inumpy/core -Inumpy/core/src/npymath -Inumpy/core/src/multiarray -Inumpy/core/src/umath -Inumpy/core/src/npysort -I/usr/include/python3.4dm -I/home/travis/build/numpy/numpy/builds/venv/include/python3.4dm -c'
x86_64-linux-gnu-gcc: _configtest.c
_configtest.c: In function â€˜mainâ€™:
_configtest.c:5:16: warning: variable â€˜test_arrayâ€™ set but not used [-Wunused-but-set-variable]
     static int test_array [1 - 2 * !(((long) (sizeof (npy_check_sizeof_type))) >= 0)];
                ^
removing: _configtest.c _configtest.o
C compiler: x86_64-linux-gnu-gcc -pthread -g -O0 -Wall -Wstrict-prototypes -Wno-unused-result -g -O0 -Wall -Wstrict-prototypes -g -O0 -fstack-protector --param=ssp-buffer-size=4 -Wformat -Werror=format-security -g -O0 -fstack-protector --param=ssp-buffer-size=4 -Wformat -Werror=format-security -Werror=declaration-after-statement -Werror=vla -Werror=nonnull -Werror=pointer-arith -Wlogical-op -Wno-sign-compare -D_FORTIFY_SOURCE=2 -fPIC

compile options: '-Inumpy/core/src/private -Inumpy/core/src -Inumpy/core -Inumpy/core/src/npymath -Inumpy/core/src/multiarray -Inumpy/core/src/umath -Inumpy/core/src/npysort -I/usr/include/python3.4dm -I/home/travis/build/numpy/numpy/builds/venv/include/python3.4dm -c'
x86_64-linux-gnu-gcc: _configtest.c
_configtest.c: In function â€˜mainâ€™:
_configtest.c:5:16: warning: variable â€˜test_arrayâ€™ set but not used [-Wunused-but-set-variable]
     static int test_array [1 - 2 * !(((long) (sizeof (npy_check_sizeof_type))) == 8)];
                ^
removing: _configtest.c _configtest.o
C compiler: x86_64-linux-gnu-gcc -pthread -g -O0 -Wall -Wstrict-prototypes -Wno-unused-result -g -O0 -Wall -Wstrict-prototypes -g -O0 -fstack-protector --param=ssp-buffer-size=4 -Wformat -Werror=format-security -g -O0 -fstack-protector --param=ssp-buffer-size=4 -Wformat -Werror=format-security -Werror=declaration-after-statement -Werror=vla -Werror=nonnull -Werror=pointer-arith -Wlogical-op -Wno-sign-compare -D_FORTIFY_SOURCE=2 -fPIC

compile options: '-Inumpy/core/src/private -Inumpy/core/src -Inumpy/core -Inumpy/core/src/npymath -Inumpy/core/src/multiarray -Inumpy/core/src/umath -Inumpy/core/src/npysort -I/usr/include/python3.4dm -I/home/travis/build/numpy/numpy/builds/venv/include/python3.4dm -c'
x86_64-linux-gnu-gcc: _configtest.c
success!
removing: _configtest.c _configtest.o
C compiler: x86_64-linux-gnu-gcc -pthread -g -O0 -Wall -Wstrict-prototypes -Wno-unused-result -g -O0 -Wall -Wstrict-prototypes -g -O0 -fstack-protector --param=ssp-buffer-size=4 -Wformat -Werror=format-security -g -O0 -fstack-protector --param=ssp-buffer-size=4 -Wformat -Werror=format-security -Werror=declaration-after-statement -Werror=vla -Werror=nonnull -Werror=pointer-arith -Wlogical-op -Wno-sign-compare -D_FORTIFY_SOURCE=2 -fPIC

compile options: '-Inumpy/core/src/private -Inumpy/core/src -Inumpy/core -Inumpy/core/src/npymath -Inumpy/core/src/multiarray -Inumpy/core/src/umath -Inumpy/core/src/npysort -I/usr/include/python3.4dm -I/home/travis/build/numpy/numpy/builds/venv/include/python3.4dm -c'
x86_64-linux-gnu-gcc: _configtest.c
_configtest.c: In function â€˜mainâ€™:
_configtest.c:5:16: warning: variable â€˜test_arrayâ€™ set but not used [-Wunused-but-set-variable]
     static int test_array [1 - 2 * !(((long) (sizeof (npy_check_sizeof_type))) >= 0)];
                ^
removing: _configtest.c _configtest.o
C compiler: x86_64-linux-gnu-gcc -pthread -g -O0 -Wall -Wstrict-prototypes -Wno-unused-result -g -O0 -Wall -Wstrict-prototypes -g -O0 -fstack-protector --param=ssp-buffer-size=4 -Wformat -Werror=format-security -g -O0 -fstack-protector --param=ssp-buffer-size=4 -Wformat -Werror=format-security -Werror=declaration-after-statement -Werror=vla -Werror=nonnull -Werror=pointer-arith -Wlogical-op -Wno-sign-compare -D_FORTIFY_SOURCE=2 -fPIC

compile options: '-Inumpy/core/src/private -Inumpy/core/src -Inumpy/core -Inumpy/core/src/npymath -Inumpy/core/src/multiarray -Inumpy/core/src/umath -Inumpy/core/src/npysort -I/usr/include/python3.4dm -I/home/travis/build/numpy/numpy/builds/venv/include/python3.4dm -c'
x86_64-linux-gnu-gcc: _configtest.c
_configtest.c: In function â€˜mainâ€™:
_configtest.c:5:16: warning: variable â€˜test_arrayâ€™ set but not used [-Wunused-but-set-variable]
     static int test_array [1 - 2 * !(((long) (sizeof (npy_check_sizeof_type))) == 8)];
                ^
removing: _configtest.c _configtest.o
C compiler: x86_64-linux-gnu-gcc -pthread -g -O0 -Wall -Wstrict-prototypes -Wno-unused-result -g -O0 -Wall -Wstrict-prototypes -g -O0 -fstack-protector --param=ssp-buffer-size=4 -Wformat -Werror=format-security -g -O0 -fstack-protector --param=ssp-buffer-size=4 -Wformat -Werror=format-security -Werror=declaration-after-statement -Werror=vla -Werror=nonnull -Werror=pointer-arith -Wlogical-op -Wno-sign-compare -D_FORTIFY_SOURCE=2 -fPIC

compile options: '-Inumpy/core/src/private -Inumpy/core/src -Inumpy/core -Inumpy/core/src/npymath -Inumpy/core/src/multiarray -Inumpy/core/src/umath -Inumpy/core/src/npysort -I/usr/include/python3.4dm -I/home/travis/build/numpy/numpy/builds/venv/include/python3.4dm -c'
x86_64-linux-gnu-gcc: _configtest.c
_configtest.c: In function â€˜mainâ€™:
_configtest.c:5:16: warning: variable â€˜test_arrayâ€™ set but not used [-Wunused-but-set-variable]
     static int test_array [1 - 2 * !(((long) (sizeof (npy_check_sizeof_type))) >= 0)];
                ^
removing: _configtest.c _configtest.o
C compiler: x86_64-linux-gnu-gcc -pthread -g -O0 -Wall -Wstrict-prototypes -Wno-unused-result -g -O0 -Wall -Wstrict-prototypes -g -O0 -fstack-protector --param=ssp-buffer-size=4 -Wformat -Werror=format-security -g -O0 -fstack-protector --param=ssp-buffer-size=4 -Wformat -Werror=format-security -Werror=declaration-after-statement -Werror=vla -Werror=nonnull -Werror=pointer-arith -Wlogical-op -Wno-sign-compare -D_FORTIFY_SOURCE=2 -fPIC

compile options: '-Inumpy/core/src/private -Inumpy/core/src -Inumpy/core -Inumpy/core/src/npymath -Inumpy/core/src/multiarray -Inumpy/core/src/umath -Inumpy/core/src/npysort -I/usr/include/python3.4dm -I/home/travis/build/numpy/numpy/builds/venv/include/python3.4dm -c'
x86_64-linux-gnu-gcc: _configtest.c
_configtest.c: In function â€˜mainâ€™:
_configtest.c:5:16: warning: variable â€˜test_arrayâ€™ set but not used [-Wunused-but-set-variable]
     static int test_array [1 - 2 * !(((long) (sizeof (npy_check_sizeof_type))) == 16)];
                ^
removing: _configtest.c _configtest.o
C compiler: x86_64-linux-gnu-gcc -pthread -g -O0 -Wall -Wstrict-prototypes -Wno-unused-result -g -O0 -Wall -Wstrict-prototypes -g -O0 -fstack-protector --param=ssp-buffer-size=4 -Wformat -Werror=format-security -g -O0 -fstack-protector --param=ssp-buffer-size=4 -Wformat -Werror=format-security -Werror=declaration-after-statement -Werror=vla -Werror=nonnull -Werror=pointer-arith -Wlogical-op -Wno-sign-compare -D_FORTIFY_SOURCE=2 -fPIC

compile options: '-Inumpy/core/src/private -Inumpy/core/src -Inumpy/core -Inumpy/core/src/npymath -Inumpy/core/src/multiarray -Inumpy/core/src/umath -Inumpy/core/src/npysort -I/usr/include/python3.4dm -I/home/travis/build/numpy/numpy/builds/venv/include/python3.4dm -c'
x86_64-linux-gnu-gcc: _configtest.c
_configtest.c: In function â€˜mainâ€™:
_configtest.c:7:12: error: â€˜SIZEOF_LONGDOUBLEâ€™ undeclared (first use in this function)
     (void) SIZEOF_LONGDOUBLE;
            ^
_configtest.c:7:12: note: each undeclared identifier is reported only once for each function it appears in
_configtest.c: In function â€˜mainâ€™:
_configtest.c:7:12: error: â€˜SIZEOF_LONGDOUBLEâ€™ undeclared (first use in this function)
     (void) SIZEOF_LONGDOUBLE;
            ^
_configtest.c:7:12: note: each undeclared identifier is reported only once for each function it appears in
failure.
removing: _configtest.c _configtest.o
C compiler: x86_64-linux-gnu-gcc -pthread -g -O0 -Wall -Wstrict-prototypes -Wno-unused-result -g -O0 -Wall -Wstrict-prototypes -g -O0 -fstack-protector --param=ssp-buffer-size=4 -Wformat -Werror=format-security -g -O0 -fstack-protector --param=ssp-buffer-size=4 -Wformat -Werror=format-security -Werror=declaration-after-statement -Werror=vla -Werror=nonnull -Werror=pointer-arith -Wlogical-op -Wno-sign-compare -D_FORTIFY_SOURCE=2 -fPIC

compile options: '-Inumpy/core/src/private -Inumpy/core/src -Inumpy/core -Inumpy/core/src/npymath -Inumpy/core/src/multiarray -Inumpy/core/src/umath -Inumpy/core/src/npysort -I/usr/include/python3.4dm -I/home/travis/build/numpy/numpy/builds/venv/include/python3.4dm -c'
x86_64-linux-gnu-gcc: _configtest.c
_configtest.c: In function â€˜mainâ€™:
_configtest.c:5:16: warning: variable â€˜test_arrayâ€™ set but not used [-Wunused-but-set-variable]
     static int test_array [1 - 2 * !(((long) (sizeof (npy_check_sizeof_type))) >= 0)];
                ^
removing: _configtest.c _configtest.o
C compiler: x86_64-linux-gnu-gcc -pthread -g -O0 -Wall -Wstrict-prototypes -Wno-unused-result -g -O0 -Wall -Wstrict-prototypes -g -O0 -fstack-protector --param=ssp-buffer-size=4 -Wformat -Werror=format-security -g -O0 -fstack-protector --param=ssp-buffer-size=4 -Wformat -Werror=format-security -Werror=declaration-after-statement -Werror=vla -Werror=nonnull -Werror=pointer-arith -Wlogical-op -Wno-sign-compare -D_FORTIFY_SOURCE=2 -fPIC

compile options: '-Inumpy/core/src/private -Inumpy/core/src -Inumpy/core -Inumpy/core/src/npymath -Inumpy/core/src/multiarray -Inumpy/core/src/umath -Inumpy/core/src/npysort -I/usr/include/python3.4dm -I/home/travis/build/numpy/numpy/builds/venv/include/python3.4dm -c'
x86_64-linux-gnu-gcc: _configtest.c
_configtest.c: In function â€˜mainâ€™:
_configtest.c:5:16: warning: variable â€˜test_arrayâ€™ set but not used [-Wunused-but-set-variable]
     static int test_array [1 - 2 * !(((long) (sizeof (npy_check_sizeof_type))) == 16)];
                ^
removing: _configtest.c _configtest.o
C compiler: x86_64-linux-gnu-gcc -pthread -g -O0 -Wall -Wstrict-prototypes -Wno-unused-result -g -O0 -Wall -Wstrict-prototypes -g -O0 -fstack-protector --param=ssp-buffer-size=4 -Wformat -Werror=format-security -g -O0 -fstack-protector --param=ssp-buffer-size=4 -Wformat -Werror=format-security -Werror=declaration-after-statement -Werror=vla -Werror=nonnull -Werror=pointer-arith -Wlogical-op -Wno-sign-compare -D_FORTIFY_SOURCE=2 -fPIC

compile options: '-Inumpy/core/src/private -Inumpy/core/src -Inumpy/core -Inumpy/core/src/npymath -Inumpy/core/src/multiarray -Inumpy/core/src/umath -Inumpy/core/src/npysort -I/usr/include/python3.4dm -I/home/travis/build/numpy/numpy/builds/venv/include/python3.4dm -c'
x86_64-linux-gnu-gcc: _configtest.c
_configtest.c: In function â€˜mainâ€™:
_configtest.c:5:16: warning: variable â€˜test_arrayâ€™ set but not used [-Wunused-but-set-variable]
     static int test_array [1 - 2 * !(((long) (sizeof (npy_check_sizeof_type))) >= 0)];
                ^
removing: _configtest.c _configtest.o
C compiler: x86_64-linux-gnu-gcc -pthread -g -O0 -Wall -Wstrict-prototypes -Wno-unused-result -g -O0 -Wall -Wstrict-prototypes -g -O0 -fstack-protector --param=ssp-buffer-size=4 -Wformat -Werror=format-security -g -O0 -fstack-protector --param=ssp-buffer-size=4 -Wformat -Werror=format-security -Werror=declaration-after-statement -Werror=vla -Werror=nonnull -Werror=pointer-arith -Wlogical-op -Wno-sign-compare -D_FORTIFY_SOURCE=2 -fPIC

compile options: '-Inumpy/core/src/private -Inumpy/core/src -Inumpy/core -Inumpy/core/src/npymath -Inumpy/core/src/multiarray -Inumpy/core/src/umath -Inumpy/core/src/npysort -I/usr/include/python3.4dm -I/home/travis/build/numpy/numpy/builds/venv/include/python3.4dm -c'
x86_64-linux-gnu-gcc: _configtest.c
_configtest.c: In function â€˜mainâ€™:
_configtest.c:5:16: warning: variable â€˜test_arrayâ€™ set but not used [-Wunused-but-set-variable]
     static int test_array [1 - 2 * !(((long) (sizeof (npy_check_sizeof_type))) == 32)];
                ^
removing: _configtest.c _configtest.o
C compiler: x86_64-linux-gnu-gcc -pthread -g -O0 -Wall -Wstrict-prototypes -Wno-unused-result -g -O0 -Wall -Wstrict-prototypes -g -O0 -fstack-protector --param=ssp-buffer-size=4 -Wformat -Werror=format-security -g -O0 -fstack-protector --param=ssp-buffer-size=4 -Wformat -Werror=format-security -Werror=declaration-after-statement -Werror=vla -Werror=nonnull -Werror=pointer-arith -Wlogical-op -Wno-sign-compare -D_FORTIFY_SOURCE=2 -fPIC

compile options: '-Inumpy/core/src/private -Inumpy/core/src -Inumpy/core -Inumpy/core/src/npymath -Inumpy/core/src/multiarray -Inumpy/core/src/umath -Inumpy/core/src/npysort -I/usr/include/python3.4dm -I/home/travis/build/numpy/numpy/builds/venv/include/python3.4dm -c'
x86_64-linux-gnu-gcc: _configtest.c
_configtest.c: In function â€˜mainâ€™:
_configtest.c:7:16: warning: variable â€˜test_arrayâ€™ set but not used [-Wunused-but-set-variable]
     static int test_array [1 - 2 * !(((long) (sizeof (npy_check_sizeof_type))) >= 0)];
                ^
removing: _configtest.c _configtest.o
C compiler: x86_64-linux-gnu-gcc -pthread -g -O0 -Wall -Wstrict-prototypes -Wno-unused-result -g -O0 -Wall -Wstrict-prototypes -g -O0 -fstack-protector --param=ssp-buffer-size=4 -Wformat -Werror=format-security -g -O0 -fstack-protector --param=ssp-buffer-size=4 -Wformat -Werror=format-security -Werror=declaration-after-statement -Werror=vla -Werror=nonnull -Werror=pointer-arith -Wlogical-op -Wno-sign-compare -D_FORTIFY_SOURCE=2 -fPIC

compile options: '-Inumpy/core/src/private -Inumpy/core/src -Inumpy/core -Inumpy/core/src/npymath -Inumpy/core/src/multiarray -Inumpy/core/src/umath -Inumpy/core/src/npysort -I/usr/include/python3.4dm -I/home/travis/build/numpy/numpy/builds/venv/include/python3.4dm -c'
x86_64-linux-gnu-gcc: _configtest.c
_configtest.c: In function â€˜mainâ€™:
_configtest.c:7:16: warning: variable â€˜test_arrayâ€™ set but not used [-Wunused-but-set-variable]
     static int test_array [1 - 2 * !(((long) (sizeof (npy_check_sizeof_type))) == 8)];
                ^
removing: _configtest.c _configtest.o
C compiler: x86_64-linux-gnu-gcc -pthread -g -O0 -Wall -Wstrict-prototypes -Wno-unused-result -g -O0 -Wall -Wstrict-prototypes -g -O0 -fstack-protector --param=ssp-buffer-size=4 -Wformat -Werror=format-security -g -O0 -fstack-protector --param=ssp-buffer-size=4 -Wformat -Werror=format-security -Werror=declaration-after-statement -Werror=vla -Werror=nonnull -Werror=pointer-arith -Wlogical-op -Wno-sign-compare -D_FORTIFY_SOURCE=2 -fPIC

compile options: '-Inumpy/core/src/private -Inumpy/core/src -Inumpy/core -Inumpy/core/src/npymath -Inumpy/core/src/multiarray -Inumpy/core/src/umath -Inumpy/core/src/npysort -I/usr/include/python3.4dm -I/home/travis/build/numpy/numpy/builds/venv/include/python3.4dm -c'
x86_64-linux-gnu-gcc: _configtest.c
_configtest.c: In function â€˜mainâ€™:
_configtest.c:7:16: warning: variable â€˜test_arrayâ€™ set but not used [-Wunused-but-set-variable]
     static int test_array [1 - 2 * !(((long) (sizeof (npy_check_sizeof_type))) >= 0)];
                ^
removing: _configtest.c _configtest.o
C compiler: x86_64-linux-gnu-gcc -pthread -g -O0 -Wall -Wstrict-prototypes -Wno-unused-result -g -O0 -Wall -Wstrict-prototypes -g -O0 -fstack-protector --param=ssp-buffer-size=4 -Wformat -Werror=format-security -g -O0 -fstack-protector --param=ssp-buffer-size=4 -Wformat -Werror=format-security -Werror=declaration-after-statement -Werror=vla -Werror=nonnull -Werror=pointer-arith -Wlogical-op -Wno-sign-compare -D_FORTIFY_SOURCE=2 -fPIC

compile options: '-Inumpy/core/src/private -Inumpy/core/src -Inumpy/core -Inumpy/core/src/npymath -Inumpy/core/src/multiarray -Inumpy/core/src/umath -Inumpy/core/src/npysort -I/usr/include/python3.4dm -I/home/travis/build/numpy/numpy/builds/venv/include/python3.4dm -c'
x86_64-linux-gnu-gcc: _configtest.c
_configtest.c: In function â€˜mainâ€™:
_configtest.c:7:16: warning: variable â€˜test_arrayâ€™ set but not used [-Wunused-but-set-variable]
     static int test_array [1 - 2 * !(((long) (sizeof (npy_check_sizeof_type))) == 8)];
                ^
removing: _configtest.c _configtest.o
C compiler: x86_64-linux-gnu-gcc -pthread -g -O0 -Wall -Wstrict-prototypes -Wno-unused-result -g -O0 -Wall -Wstrict-prototypes -g -O0 -fstack-protector --param=ssp-buffer-size=4 -Wformat -Werror=format-security -g -O0 -fstack-protector --param=ssp-buffer-size=4 -Wformat -Werror=format-security -Werror=declaration-after-statement -Werror=vla -Werror=nonnull -Werror=pointer-arith -Wlogical-op -Wno-sign-compare -D_FORTIFY_SOURCE=2 -fPIC

compile options: '-Inumpy/core/src/private -Inumpy/core/src -Inumpy/core -Inumpy/core/src/npymath -Inumpy/core/src/multiarray -Inumpy/core/src/umath -Inumpy/core/src/npysort -I/usr/include/python3.4dm -I/home/travis/build/numpy/numpy/builds/venv/include/python3.4dm -c'
x86_64-linux-gnu-gcc: _configtest.c
success!
removing: _configtest.c _configtest.o
C compiler: x86_64-linux-gnu-gcc -pthread -g -O0 -Wall -Wstrict-prototypes -Wno-unused-result -g -O0 -Wall -Wstrict-prototypes -g -O0 -fstack-protector --param=ssp-buffer-size=4 -Wformat -Werror=format-security -g -O0 -fstack-protector --param=ssp-buffer-size=4 -Wformat -Werror=format-security -Werror=declaration-after-statement -Werror=vla -Werror=nonnull -Werror=pointer-arith -Wlogical-op -Wno-sign-compare -D_FORTIFY_SOURCE=2 -fPIC

compile options: '-Inumpy/core/src/private -Inumpy/core/src -Inumpy/core -Inumpy/core/src/npymath -Inumpy/core/src/multiarray -Inumpy/core/src/umath -Inumpy/core/src/npysort -I/usr/include/python3.4dm -I/home/travis/build/numpy/numpy/builds/venv/include/python3.4dm -c'
x86_64-linux-gnu-gcc: _configtest.c
_configtest.c: In function â€˜mainâ€™:
_configtest.c:7:16: warning: variable â€˜test_arrayâ€™ set but not used [-Wunused-but-set-variable]
     static int test_array [1 - 2 * !(((long) (sizeof (npy_check_sizeof_type))) >= 0)];
                ^
removing: _configtest.c _configtest.o
C compiler: x86_64-linux-gnu-gcc -pthread -g -O0 -Wall -Wstrict-prototypes -Wno-unused-result -g -O0 -Wall -Wstrict-prototypes -g -O0 -fstack-protector --param=ssp-buffer-size=4 -Wformat -Werror=format-security -g -O0 -fstack-protector --param=ssp-buffer-size=4 -Wformat -Werror=format-security -Werror=declaration-after-statement -Werror=vla -Werror=nonnull -Werror=pointer-arith -Wlogical-op -Wno-sign-compare -D_FORTIFY_SOURCE=2 -fPIC

compile options: '-Inumpy/core/src/private -Inumpy/core/src -Inumpy/core -Inumpy/core/src/npymath -Inumpy/core/src/multiarray -Inumpy/core/src/umath -Inumpy/core/src/npysort -I/usr/include/python3.4dm -I/home/travis/build/numpy/numpy/builds/venv/include/python3.4dm -c'
x86_64-linux-gnu-gcc: _configtest.c
_configtest.c: In function â€˜mainâ€™:
_configtest.c:7:16: warning: variable â€˜test_arrayâ€™ set but not used [-Wunused-but-set-variable]
     static int test_array [1 - 2 * !(((long) (sizeof (npy_check_sizeof_type))) == 8)];
                ^
removing: _configtest.c _configtest.o
C compiler: x86_64-linux-gnu-gcc -pthread -g -O0 -Wall -Wstrict-prototypes -Wno-unused-result -g -O0 -Wall -Wstrict-prototypes -g -O0 -fstack-protector --param=ssp-buffer-size=4 -Wformat -Werror=format-security -g -O0 -fstack-protector --param=ssp-buffer-size=4 -Wformat -Werror=format-security -Werror=declaration-after-statement -Werror=vla -Werror=nonnull -Werror=pointer-arith -Wlogical-op -Wno-sign-compare -D_FORTIFY_SOURCE=2 -fPIC

compile options: '-Inumpy/core/src/private -Inumpy/core/src -Inumpy/core -Inumpy/core/src/npymath -Inumpy/core/src/multiarray -Inumpy/core/src/umath -Inumpy/core/src/npysort -I/usr/include/python3.4dm -I/home/travis/build/numpy/numpy/builds/venv/include/python3.4dm -c'
x86_64-linux-gnu-gcc: _configtest.c
_configtest.c: In function â€˜mainâ€™:
_configtest.c:5:16: warning: variable â€˜test_arrayâ€™ set but not used [-Wunused-but-set-variable]
     static int test_array [1 - 2 * !(((long) (sizeof (npy_check_sizeof_type))) >= 0)];
                ^
removing: _configtest.c _configtest.o
C compiler: x86_64-linux-gnu-gcc -pthread -g -O0 -Wall -Wstrict-prototypes -Wno-unused-result -g -O0 -Wall -Wstrict-prototypes -g -O0 -fstack-protector --param=ssp-buffer-size=4 -Wformat -Werror=format-security -g -O0 -fstack-protector --param=ssp-buffer-size=4 -Wformat -Werror=format-security -Werror=declaration-after-statement -Werror=vla -Werror=nonnull -Werror=pointer-arith -Wlogical-op -Wno-sign-compare -D_FORTIFY_SOURCE=2 -fPIC

compile options: '-Inumpy/core/src/private -Inumpy/core/src -Inumpy/core -Inumpy/core/src/npymath -Inumpy/core/src/multiarray -Inumpy/core/src/umath -Inumpy/core/src/npysort -I/usr/include/python3.4dm -I/home/travis/build/numpy/numpy/builds/venv/include/python3.4dm -c'
x86_64-linux-gnu-gcc: _configtest.c
_configtest.c: In function â€˜mainâ€™:
_configtest.c:5:16: warning: variable â€˜test_arrayâ€™ set but not used [-Wunused-but-set-variable]
     static int test_array [1 - 2 * !(((long) (sizeof (npy_check_sizeof_type))) == 8)];
                ^
removing: _configtest.c _configtest.o
C compiler: x86_64-linux-gnu-gcc -pthread -g -O0 -Wall -Wstrict-prototypes -Wno-unused-result -g -O0 -Wall -Wstrict-prototypes -g -O0 -fstack-protector --param=ssp-buffer-size=4 -Wformat -Werror=format-security -g -O0 -fstack-protector --param=ssp-buffer-size=4 -Wformat -Werror=format-security -Werror=declaration-after-statement -Werror=vla -Werror=nonnull -Werror=pointer-arith -Wlogical-op -Wno-sign-compare -D_FORTIFY_SOURCE=2 -fPIC

compile options: '-Inumpy/core/src/private -Inumpy/core/src -Inumpy/core -Inumpy/core/src/npymath -Inumpy/core/src/multiarray -Inumpy/core/src/umath -Inumpy/core/src/npysort -I/usr/include/python3.4dm -I/home/travis/build/numpy/numpy/builds/venv/include/python3.4dm -c'
x86_64-linux-gnu-gcc: _configtest.c
success!
removing: _configtest.c _configtest.o
C compiler: x86_64-linux-gnu-gcc -pthread -g -O0 -Wall -Wstrict-prototypes -Wno-unused-result -g -O0 -Wall -Wstrict-prototypes -g -O0 -fstack-protector --param=ssp-buffer-size=4 -Wformat -Werror=format-security -g -O0 -fstack-protector --param=ssp-buffer-size=4 -Wformat -Werror=format-security -Werror=declaration-after-statement -Werror=vla -Werror=nonnull -Werror=pointer-arith -Wlogical-op -Wno-sign-compare -D_FORTIFY_SOURCE=2 -fPIC

compile options: '-Inumpy/core/src/private -Inumpy/core/src -Inumpy/core -Inumpy/core/src/npymath -Inumpy/core/src/multiarray -Inumpy/core/src/umath -Inumpy/core/src/npysort -I/usr/include/python3.4dm -I/home/travis/build/numpy/numpy/builds/venv/include/python3.4dm -c'
x86_64-linux-gnu-gcc: _configtest.c
_configtest.c:1:5: warning: conflicting types for built-in function â€˜expâ€™ [enabled by default]
 int exp (void);
     ^
x86_64-linux-gnu-gcc -pthread _configtest.o -o _configtest
_configtest.o: In function `main':
/home/travis/build/numpy/numpy/_configtest.c:6: undefined reference to `exp'
collect2: error: ld returned 1 exit status
_configtest.o: In function `main':
/home/travis/build/numpy/numpy/_configtest.c:6: undefined reference to `exp'
collect2: error: ld returned 1 exit status
failure.
removing: _configtest.c _configtest.o
C compiler: x86_64-linux-gnu-gcc -pthread -g -O0 -Wall -Wstrict-prototypes -Wno-unused-result -g -O0 -Wall -Wstrict-prototypes -g -O0 -fstack-protector --param=ssp-buffer-size=4 -Wformat -Werror=format-security -g -O0 -fstack-protector --param=ssp-buffer-size=4 -Wformat -Werror=format-security -Werror=declaration-after-statement -Werror=vla -Werror=nonnull -Werror=pointer-arith -Wlogical-op -Wno-sign-compare -D_FORTIFY_SOURCE=2 -fPIC

compile options: '-Inumpy/core/src/private -Inumpy/core/src -Inumpy/core -Inumpy/core/src/npymath -Inumpy/core/src/multiarray -Inumpy/core/src/umath -Inumpy/core/src/npysort -I/usr/include/python3.4dm -I/home/travis/build/numpy/numpy/builds/venv/include/python3.4dm -c'
x86_64-linux-gnu-gcc: _configtest.c
_configtest.c:1:5: warning: conflicting types for built-in function â€˜expâ€™ [enabled by default]
 int exp (void);
     ^
x86_64-linux-gnu-gcc -pthread _configtest.o -lm -o _configtest
success!
removing: _configtest.c _configtest.o _configtest
C compiler: x86_64-linux-gnu-gcc -pthread -g -O0 -Wall -Wstrict-prototypes -Wno-unused-result -g -O0 -Wall -Wstrict-prototypes -g -O0 -fstack-protector --param=ssp-buffer-size=4 -Wformat -Werror=format-security -g -O0 -fstack-protector --param=ssp-buffer-size=4 -Wformat -Werror=format-security -Werror=declaration-after-statement -Werror=vla -Werror=nonnull -Werror=pointer-arith -Wlogical-op -Wno-sign-compare -D_FORTIFY_SOURCE=2 -fPIC

compile options: '-Inumpy/core/src/private -Inumpy/core/src -Inumpy/core -Inumpy/core/src/npymath -Inumpy/core/src/multiarray -Inumpy/core/src/umath -Inumpy/core/src/npysort -I/usr/include/python3.4dm -I/home/travis/build/numpy/numpy/builds/venv/include/python3.4dm -c'
x86_64-linux-gnu-gcc: _configtest.c
_configtest.c:1:5: warning: conflicting types for built-in function â€˜expâ€™ [enabled by default]
 int exp (void);
     ^
_configtest.c:2:5: warning: conflicting types for built-in function â€˜fmodâ€™ [enabled by default]
 int fmod (void);
     ^
_configtest.c:3:5: warning: conflicting types for built-in function â€˜fabsâ€™ [enabled by default]
 int fabs (void);
     ^
_configtest.c:4:5: warning: conflicting types for built-in function â€˜cosâ€™ [enabled by default]
 int cos (void);
     ^
_configtest.c:5:5: warning: conflicting types for built-in function â€˜sinâ€™ [enabled by default]
 int sin (void);
     ^
_configtest.c:6:5: warning: conflicting types for built-in function â€˜frexpâ€™ [enabled by default]
 int frexp (void);
     ^
_configtest.c:7:5: warning: conflicting types for built-in function â€˜asinâ€™ [enabled by default]
 int asin (void);
     ^
_configtest.c:8:5: warning: conflicting types for built-in function â€˜acosâ€™ [enabled by default]
 int acos (void);
     ^
_configtest.c:9:5: warning: conflicting types for built-in function â€˜tanâ€™ [enabled by default]
 int tan (void);
     ^
_configtest.c:10:5: warning: conflicting types for built-in function â€˜modfâ€™ [enabled by default]
 int modf (void);
     ^
_configtest.c:11:5: warning: conflicting types for built-in function â€˜sqrtâ€™ [enabled by default]
 int sqrt (void);
     ^
_configtest.c:12:5: warning: conflicting types for built-in function â€˜logâ€™ [enabled by default]
 int log (void);
     ^
_configtest.c:13:5: warning: conflicting types for built-in function â€˜ldexpâ€™ [enabled by default]
 int ldexp (void);
     ^
_configtest.c:14:5: warning: conflicting types for built-in function â€˜log10â€™ [enabled by default]
 int log10 (void);
     ^
_configtest.c:15:5: warning: conflicting types for built-in function â€˜coshâ€™ [enabled by default]
 int cosh (void);
     ^
_configtest.c:16:5: warning: conflicting types for built-in function â€˜tanhâ€™ [enabled by default]
 int tanh (void);
     ^
_configtest.c:17:5: warning: conflicting types for built-in function â€˜atanâ€™ [enabled by default]
 int atan (void);
     ^
_configtest.c:18:5: warning: conflicting types for built-in function â€˜sinhâ€™ [enabled by default]
 int sinh (void);
     ^
_configtest.c:19:5: warning: conflicting types for built-in function â€˜floorâ€™ [enabled by default]
 int floor (void);
     ^
_configtest.c:20:5: warning: conflicting types for built-in function â€˜ceilâ€™ [enabled by default]
 int ceil (void);
     ^
x86_64-linux-gnu-gcc -pthread _configtest.o -lm -o _configtest
success!
removing: _configtest.c _configtest.o _configtest
C compiler: x86_64-linux-gnu-gcc -pthread -g -O0 -Wall -Wstrict-prototypes -Wno-unused-result -g -O0 -Wall -Wstrict-prototypes -g -O0 -fstack-protector --param=ssp-buffer-size=4 -Wformat -Werror=format-security -g -O0 -fstack-protector --param=ssp-buffer-size=4 -Wformat -Werror=format-security -Werror=declaration-after-statement -Werror=vla -Werror=nonnull -Werror=pointer-arith -Wlogical-op -Wno-sign-compare -D_FORTIFY_SOURCE=2 -fPIC

compile options: '-Inumpy/core/src/private -Inumpy/core/src -Inumpy/core -Inumpy/core/src/npymath -Inumpy/core/src/multiarray -Inumpy/core/src/umath -Inumpy/core/src/npysort -I/usr/include/python3.4dm -I/home/travis/build/numpy/numpy/builds/venv/include/python3.4dm -c'
x86_64-linux-gnu-gcc: _configtest.c
success!
removing: _configtest.c _configtest.o
C compiler: x86_64-linux-gnu-gcc -pthread -g -O0 -Wall -Wstrict-prototypes -Wno-unused-result -g -O0 -Wall -Wstrict-prototypes -g -O0 -fstack-protector --param=ssp-buffer-size=4 -Wformat -Werror=format-security -g -O0 -fstack-protector --param=ssp-buffer-size=4 -Wformat -Werror=format-security -Werror=declaration-after-statement -Werror=vla -Werror=nonnull -Werror=pointer-arith -Wlogical-op -Wno-sign-compare -D_FORTIFY_SOURCE=2 -fPIC

compile options: '-Inumpy/core/src/private -Inumpy/core/src -Inumpy/core -Inumpy/core/src/npymath -Inumpy/core/src/multiarray -Inumpy/core/src/umath -Inumpy/core/src/npysort -I/usr/include/python3.4dm -I/home/travis/build/numpy/numpy/builds/venv/include/python3.4dm -c'
x86_64-linux-gnu-gcc: _configtest.c
success!
removing: _configtest.c _configtest.o
C compiler: x86_64-linux-gnu-gcc -pthread -g -O0 -Wall -Wstrict-prototypes -Wno-unused-result -g -O0 -Wall -Wstrict-prototypes -g -O0 -fstack-protector --param=ssp-buffer-size=4 -Wformat -Werror=format-security -g -O0 -fstack-protector --param=ssp-buffer-size=4 -Wformat -Werror=format-security -Werror=declaration-after-statement -Werror=vla -Werror=nonnull -Werror=pointer-arith -Wlogical-op -Wno-sign-compare -D_FORTIFY_SOURCE=2 -fPIC

compile options: '-Inumpy/core/src/private -Inumpy/core/src -Inumpy/core -Inumpy/core/src/npymath -Inumpy/core/src/multiarray -Inumpy/core/src/umath -Inumpy/core/src/npysort -I/usr/include/python3.4dm -I/home/travis/build/numpy/numpy/builds/venv/include/python3.4dm -c'
x86_64-linux-gnu-gcc: _configtest.c
success!
removing: _configtest.c _configtest.o
C compiler: x86_64-linux-gnu-gcc -pthread -g -O0 -Wall -Wstrict-prototypes -Wno-unused-result -g -O0 -Wall -Wstrict-prototypes -g -O0 -fstack-protector --param=ssp-buffer-size=4 -Wformat -Werror=format-security -g -O0 -fstack-protector --param=ssp-buffer-size=4 -Wformat -Werror=format-security -Werror=declaration-after-statement -Werror=vla -Werror=nonnull -Werror=pointer-arith -Wlogical-op -Wno-sign-compare -D_FORTIFY_SOURCE=2 -fPIC

compile options: '-Inumpy/core/src/private -Inumpy/core/src -Inumpy/core -Inumpy/core/src/npymath -Inumpy/core/src/multiarray -Inumpy/core/src/umath -Inumpy/core/src/npysort -I/usr/include/python3.4dm -I/home/travis/build/numpy/numpy/builds/venv/include/python3.4dm -c'
x86_64-linux-gnu-gcc: _configtest.c
success!
removing: _configtest.c _configtest.o
C compiler: x86_64-linux-gnu-gcc -pthread -g -O0 -Wall -Wstrict-prototypes -Wno-unused-result -g -O0 -Wall -Wstrict-prototypes -g -O0 -fstack-protector --param=ssp-buffer-size=4 -Wformat -Werror=format-security -g -O0 -fstack-protector --param=ssp-buffer-size=4 -Wformat -Werror=format-security -Werror=declaration-after-statement -Werror=vla -Werror=nonnull -Werror=pointer-arith -Wlogical-op -Wno-sign-compare -D_FORTIFY_SOURCE=2 -fPIC

compile options: '-Inumpy/core/src/private -Inumpy/core/src -Inumpy/core -Inumpy/core/src/npymath -Inumpy/core/src/multiarray -Inumpy/core/src/umath -Inumpy/core/src/npysort -I/usr/include/python3.4dm -I/home/travis/build/numpy/numpy/builds/venv/include/python3.4dm -c'
x86_64-linux-gnu-gcc: _configtest.c
success!
removing: _configtest.c _configtest.o
C compiler: x86_64-linux-gnu-gcc -pthread -g -O0 -Wall -Wstrict-prototypes -Wno-unused-result -g -O0 -Wall -Wstrict-prototypes -g -O0 -fstack-protector --param=ssp-buffer-size=4 -Wformat -Werror=format-security -g -O0 -fstack-protector --param=ssp-buffer-size=4 -Wformat -Werror=format-security -Werror=declaration-after-statement -Werror=vla -Werror=nonnull -Werror=pointer-arith -Wlogical-op -Wno-sign-compare -D_FORTIFY_SOURCE=2 -fPIC

compile options: '-Inumpy/core/src/private -Inumpy/core/src -Inumpy/core -Inumpy/core/src/npymath -Inumpy/core/src/multiarray -Inumpy/core/src/umath -Inumpy/core/src/npysort -I/usr/include/python3.4dm -I/home/travis/build/numpy/numpy/builds/venv/include/python3.4dm -c'
x86_64-linux-gnu-gcc: _configtest.c
success!
removing: _configtest.c _configtest.o
C compiler: x86_64-linux-gnu-gcc -pthread -g -O0 -Wall -Wstrict-prototypes -Wno-unused-result -g -O0 -Wall -Wstrict-prototypes -g -O0 -fstack-protector --param=ssp-buffer-size=4 -Wformat -Werror=format-security -g -O0 -fstack-protector --param=ssp-buffer-size=4 -Wformat -Werror=format-security -Werror=declaration-after-statement -Werror=vla -Werror=nonnull -Werror=pointer-arith -Wlogical-op -Wno-sign-compare -D_FORTIFY_SOURCE=2 -fPIC

compile options: '-Inumpy/core/src/private -Inumpy/core/src -Inumpy/core -Inumpy/core/src/npymath -Inumpy/core/src/multiarray -Inumpy/core/src/umath -Inumpy/core/src/npysort -I/usr/include/python3.4dm -I/home/travis/build/numpy/numpy/builds/venv/include/python3.4dm -c'
x86_64-linux-gnu-gcc: _configtest.c
success!
removing: _configtest.c _configtest.o
C compiler: x86_64-linux-gnu-gcc -pthread -g -O0 -Wall -Wstrict-prototypes -Wno-unused-result -g -O0 -Wall -Wstrict-prototypes -g -O0 -fstack-protector --param=ssp-buffer-size=4 -Wformat -Werror=format-security -g -O0 -fstack-protector --param=ssp-buffer-size=4 -Wformat -Werror=format-security -Werror=declaration-after-statement -Werror=vla -Werror=nonnull -Werror=pointer-arith -Wlogical-op -Wno-sign-compare -D_FORTIFY_SOURCE=2 -fPIC

compile options: '-Inumpy/core/src/private -Inumpy/core/src -Inumpy/core -Inumpy/core/src/npymath -Inumpy/core/src/multiarray -Inumpy/core/src/umath -Inumpy/core/src/npysort -I/usr/include/python3.4dm -I/home/travis/build/numpy/numpy/builds/venv/include/python3.4dm -c'
x86_64-linux-gnu-gcc: _configtest.c
success!
removing: _configtest.c _configtest.o
C compiler: x86_64-linux-gnu-gcc -pthread -g -O0 -Wall -Wstrict-prototypes -Wno-unused-result -g -O0 -Wall -Wstrict-prototypes -g -O0 -fstack-protector --param=ssp-buffer-size=4 -Wformat -Werror=format-security -g -O0 -fstack-protector --param=ssp-buffer-size=4 -Wformat -Werror=format-security -Werror=declaration-after-statement -Werror=vla -Werror=nonnull -Werror=pointer-arith -Wlogical-op -Wno-sign-compare -D_FORTIFY_SOURCE=2 -fPIC

compile options: '-Inumpy/core/src/private -Inumpy/core/src -Inumpy/core -Inumpy/core/src/npymath -Inumpy/core/src/multiarray -Inumpy/core/src/umath -Inumpy/core/src/npysort -I/usr/include/python3.4dm -I/home/travis/build/numpy/numpy/builds/venv/include/python3.4dm -c'
x86_64-linux-gnu-gcc: _configtest.c
success!
removing: _configtest.c _configtest.o
C compiler: x86_64-linux-gnu-gcc -pthread -g -O0 -Wall -Wstrict-prototypes -Wno-unused-result -g -O0 -Wall -Wstrict-prototypes -g -O0 -fstack-protector --param=ssp-buffer-size=4 -Wformat -Werror=format-security -g -O0 -fstack-protector --param=ssp-buffer-size=4 -Wformat -Werror=format-security -Werror=declaration-after-statement -Werror=vla -Werror=nonnull -Werror=pointer-arith -Wlogical-op -Wno-sign-compare -D_FORTIFY_SOURCE=2 -fPIC

compile options: '-Inumpy/core/src/private -Inumpy/core/src -Inumpy/core -Inumpy/core/src/npymath -Inumpy/core/src/multiarray -Inumpy/core/src/umath -Inumpy/core/src/npysort -I/usr/include/python3.4dm -I/home/travis/build/numpy/numpy/builds/venv/include/python3.4dm -c'
x86_64-linux-gnu-gcc: _configtest.c
_configtest.c:2:5: warning: conflicting types for built-in function â€˜nextafterâ€™ [enabled by default]
 int nextafter (void);
     ^
_configtest.c:3:5: warning: conflicting types for built-in function â€˜powâ€™ [enabled by default]
 int pow (void);
     ^
_configtest.c:4:5: warning: conflicting types for built-in function â€˜truncâ€™ [enabled by default]
 int trunc (void);
     ^
_configtest.c:6:5: warning: conflicting types for built-in function â€˜exp2â€™ [enabled by default]
 int exp2 (void);
     ^
_configtest.c:9:5: warning: conflicting types for built-in function â€˜cbrtâ€™ [enabled by default]
 int cbrt (void);
     ^
_configtest.c:10:5: warning: conflicting types for built-in function â€˜log2â€™ [enabled by default]
 int log2 (void);
     ^
_configtest.c:11:5: warning: conflicting types for built-in function â€˜atan2â€™ [enabled by default]
 int atan2 (void);
     ^
_configtest.c:12:5: warning: conflicting types for built-in function â€˜rintâ€™ [enabled by default]
 int rint (void);
     ^
x86_64-linux-gnu-gcc -pthread _configtest.o -lm -o _configtest
success!
removing: _configtest.c _configtest.o _configtest
C compiler: x86_64-linux-gnu-gcc -pthread -g -O0 -Wall -Wstrict-prototypes -Wno-unused-result -g -O0 -Wall -Wstrict-prototypes -g -O0 -fstack-protector --param=ssp-buffer-size=4 -Wformat -Werror=format-security -g -O0 -fstack-protector --param=ssp-buffer-size=4 -Wformat -Werror=format-security -Werror=declaration-after-statement -Werror=vla -Werror=nonnull -Werror=pointer-arith -Wlogical-op -Wno-sign-compare -D_FORTIFY_SOURCE=2 -fPIC

compile options: '-Inumpy/core/src/private -Inumpy/core/src -Inumpy/core -Inumpy/core/src/npymath -Inumpy/core/src/multiarray -Inumpy/core/src/umath -Inumpy/core/src/npysort -I/usr/include/python3.4dm -I/home/travis/build/numpy/numpy/builds/venv/include/python3.4dm -c'
x86_64-linux-gnu-gcc: _configtest.c
x86_64-linux-gnu-gcc -pthread _configtest.o -o _configtest
success!
removing: _configtest.c _configtest.o _configtest
C compiler: x86_64-linux-gnu-gcc -pthread -g -O0 -Wall -Wstrict-prototypes -Wno-unused-result -g -O0 -Wall -Wstrict-prototypes -g -O0 -fstack-protector --param=ssp-buffer-size=4 -Wformat -Werror=format-security -g -O0 -fstack-protector --param=ssp-buffer-size=4 -Wformat -Werror=format-security -Werror=declaration-after-statement -Werror=vla -Werror=nonnull -Werror=pointer-arith -Wlogical-op -Wno-sign-compare -D_FORTIFY_SOURCE=2 -fPIC

compile options: '-Inumpy/core/src/private -Inumpy/core/src -Inumpy/core -Inumpy/core/src/npymath -Inumpy/core/src/multiarray -Inumpy/core/src/umath -Inumpy/core/src/npysort -I/usr/include/python3.4dm -I/home/travis/build/numpy/numpy/builds/venv/include/python3.4dm -c'
x86_64-linux-gnu-gcc: _configtest.c
x86_64-linux-gnu-gcc -pthread _configtest.o -o _configtest
success!
removing: _configtest.c _configtest.o _configtest
C compiler: x86_64-linux-gnu-gcc -pthread -g -O0 -Wall -Wstrict-prototypes -Wno-unused-result -g -O0 -Wall -Wstrict-prototypes -g -O0 -fstack-protector --param=ssp-buffer-size=4 -Wformat -Werror=format-security -g -O0 -fstack-protector --param=ssp-buffer-size=4 -Wformat -Werror=format-security -Werror=declaration-after-statement -Werror=vla -Werror=nonnull -Werror=pointer-arith -Wlogical-op -Wno-sign-compare -D_FORTIFY_SOURCE=2 -fPIC

compile options: '-Inumpy/core/src/private -Inumpy/core/src -Inumpy/core -Inumpy/core/src/npymath -Inumpy/core/src/multiarray -Inumpy/core/src/umath -Inumpy/core/src/npysort -I/usr/include/python3.4dm -I/home/travis/build/numpy/numpy/builds/venv/include/python3.4dm -c'
x86_64-linux-gnu-gcc: _configtest.c
x86_64-linux-gnu-gcc -pthread _configtest.o -o _configtest
success!
removing: _configtest.c _configtest.o _configtest
C compiler: x86_64-linux-gnu-gcc -pthread -g -O0 -Wall -Wstrict-prototypes -Wno-unused-result -g -O0 -Wall -Wstrict-prototypes -g -O0 -fstack-protector --param=ssp-buffer-size=4 -Wformat -Werror=format-security -g -O0 -fstack-protector --param=ssp-buffer-size=4 -Wformat -Werror=format-security -Werror=declaration-after-statement -Werror=vla -Werror=nonnull -Werror=pointer-arith -Wlogical-op -Wno-sign-compare -D_FORTIFY_SOURCE=2 -fPIC

compile options: '-Inumpy/core/src/private -Inumpy/core/src -Inumpy/core -Inumpy/core/src/npymath -Inumpy/core/src/multiarray -Inumpy/core/src/umath -Inumpy/core/src/npysort -I/usr/include/python3.4dm -I/home/travis/build/numpy/numpy/builds/venv/include/python3.4dm -c'
x86_64-linux-gnu-gcc: _configtest.c
x86_64-linux-gnu-gcc -pthread _configtest.o -o _configtest
success!
removing: _configtest.c _configtest.o _configtest
C compiler: x86_64-linux-gnu-gcc -pthread -g -O0 -Wall -Wstrict-prototypes -Wno-unused-result -g -O0 -Wall -Wstrict-prototypes -g -O0 -fstack-protector --param=ssp-buffer-size=4 -Wformat -Werror=format-security -g -O0 -fstack-protector --param=ssp-buffer-size=4 -Wformat -Werror=format-security -Werror=declaration-after-statement -Werror=vla -Werror=nonnull -Werror=pointer-arith -Wlogical-op -Wno-sign-compare -D_FORTIFY_SOURCE=2 -fPIC

compile options: '-Inumpy/core/src/private -Inumpy/core/src -Inumpy/core -Inumpy/core/src/npymath -Inumpy/core/src/multiarray -Inumpy/core/src/umath -Inumpy/core/src/npysort -I/usr/include/python3.4dm -I/home/travis/build/numpy/numpy/builds/venv/include/python3.4dm -c'
x86_64-linux-gnu-gcc: _configtest.c
x86_64-linux-gnu-gcc -pthread _configtest.o -o _configtest
success!
removing: _configtest.c _configtest.o _configtest
C compiler: x86_64-linux-gnu-gcc -pthread -g -O0 -Wall -Wstrict-prototypes -Wno-unused-result -g -O0 -Wall -Wstrict-prototypes -g -O0 -fstack-protector --param=ssp-buffer-size=4 -Wformat -Werror=format-security -g -O0 -fstack-protector --param=ssp-buffer-size=4 -Wformat -Werror=format-security -Werror=declaration-after-statement -Werror=vla -Werror=nonnull -Werror=pointer-arith -Wlogical-op -Wno-sign-compare -D_FORTIFY_SOURCE=2 -fPIC

compile options: '-Inumpy/core/src/private -Inumpy/core/src -Inumpy/core -Inumpy/core/src/npymath -Inumpy/core/src/multiarray -Inumpy/core/src/umath -Inumpy/core/src/npysort -I/usr/include/python3.4dm -I/home/travis/build/numpy/numpy/builds/venv/include/python3.4dm -c'
x86_64-linux-gnu-gcc: _configtest.c
_configtest.c: In function â€˜mainâ€™:
_configtest.c:5:3: warning: statement with no effect [-Wunused-value]
   __builtin_isnan(5.);
   ^
x86_64-linux-gnu-gcc -pthread _configtest.o -o _configtest
success!
removing: _configtest.c _configtest.o _configtest
C compiler: x86_64-linux-gnu-gcc -pthread -g -O0 -Wall -Wstrict-prototypes -Wno-unused-result -g -O0 -Wall -Wstrict-prototypes -g -O0 -fstack-protector --param=ssp-buffer-size=4 -Wformat -Werror=format-security -g -O0 -fstack-protector --param=ssp-buffer-size=4 -Wformat -Werror=format-security -Werror=declaration-after-statement -Werror=vla -Werror=nonnull -Werror=pointer-arith -Wlogical-op -Wno-sign-compare -D_FORTIFY_SOURCE=2 -fPIC

compile options: '-Inumpy/core/src/private -Inumpy/core/src -Inumpy/core -Inumpy/core/src/npymath -Inumpy/core/src/multiarray -Inumpy/core/src/umath -Inumpy/core/src/npysort -I/usr/include/python3.4dm -I/home/travis/build/numpy/numpy/builds/venv/include/python3.4dm -c'
x86_64-linux-gnu-gcc: _configtest.c
_configtest.c: In function â€˜mainâ€™:
_configtest.c:5:3: warning: statement with no effect [-Wunused-value]
   __builtin_isinf(5.);
   ^
x86_64-linux-gnu-gcc -pthread _configtest.o -o _configtest
success!
removing: _configtest.c _configtest.o _configtest
C compiler: x86_64-linux-gnu-gcc -pthread -g -O0 -Wall -Wstrict-prototypes -Wno-unused-result -g -O0 -Wall -Wstrict-prototypes -g -O0 -fstack-protector --param=ssp-buffer-size=4 -Wformat -Werror=format-security -g -O0 -fstack-protector --param=ssp-buffer-size=4 -Wformat -Werror=format-security -Werror=declaration-after-statement -Werror=vla -Werror=nonnull -Werror=pointer-arith -Wlogical-op -Wno-sign-compare -D_FORTIFY_SOURCE=2 -fPIC

compile options: '-Inumpy/core/src/private -Inumpy/core/src -Inumpy/core -Inumpy/core/src/npymath -Inumpy/core/src/multiarray -Inumpy/core/src/umath -Inumpy/core/src/npysort -I/usr/include/python3.4dm -I/home/travis/build/numpy/numpy/builds/venv/include/python3.4dm -c'
x86_64-linux-gnu-gcc: _configtest.c
_configtest.c: In function â€˜mainâ€™:
_configtest.c:5:3: warning: statement with no effect [-Wunused-value]
   __builtin_isfinite(5.);
   ^
x86_64-linux-gnu-gcc -pthread _configtest.o -o _configtest
success!
removing: _configtest.c _configtest.o _configtest
C compiler: x86_64-linux-gnu-gcc -pthread -g -O0 -Wall -Wstrict-prototypes -Wno-unused-result -g -O0 -Wall -Wstrict-prototypes -g -O0 -fstack-protector --param=ssp-buffer-size=4 -Wformat -Werror=format-security -g -O0 -fstack-protector --param=ssp-buffer-size=4 -Wformat -Werror=format-security -Werror=declaration-after-statement -Werror=vla -Werror=nonnull -Werror=pointer-arith -Wlogical-op -Wno-sign-compare -D_FORTIFY_SOURCE=2 -fPIC

compile options: '-Inumpy/core/src/private -Inumpy/core/src -Inumpy/core -Inumpy/core/src/npymath -Inumpy/core/src/multiarray -Inumpy/core/src/umath -Inumpy/core/src/npysort -I/usr/include/python3.4dm -I/home/travis/build/numpy/numpy/builds/venv/include/python3.4dm -c'
x86_64-linux-gnu-gcc: _configtest.c
_configtest.c: In function â€˜mainâ€™:
_configtest.c:5:3: warning: statement with no effect [-Wunused-value]
   __builtin_bswap32(5u);
   ^
x86_64-linux-gnu-gcc -pthread _configtest.o -o _configtest
success!
removing: _configtest.c _configtest.o _configtest
C compiler: x86_64-linux-gnu-gcc -pthread -g -O0 -Wall -Wstrict-prototypes -Wno-unused-result -g -O0 -Wall -Wstrict-prototypes -g -O0 -fstack-protector --param=ssp-buffer-size=4 -Wformat -Werror=format-security -g -O0 -fstack-protector --param=ssp-buffer-size=4 -Wformat -Werror=format-security -Werror=declaration-after-statement -Werror=vla -Werror=nonnull -Werror=pointer-arith -Wlogical-op -Wno-sign-compare -D_FORTIFY_SOURCE=2 -fPIC

compile options: '-Inumpy/core/src/private -Inumpy/core/src -Inumpy/core -Inumpy/core/src/npymath -Inumpy/core/src/multiarray -Inumpy/core/src/umath -Inumpy/core/src/npysort -I/usr/include/python3.4dm -I/home/travis/build/numpy/numpy/builds/venv/include/python3.4dm -c'
x86_64-linux-gnu-gcc: _configtest.c
_configtest.c: In function â€˜mainâ€™:
_configtest.c:5:3: warning: statement with no effect [-Wunused-value]
   __builtin_bswap64(5u);
   ^
x86_64-linux-gnu-gcc -pthread _configtest.o -o _configtest
success!
removing: _configtest.c _configtest.o _configtest
C compiler: x86_64-linux-gnu-gcc -pthread -g -O0 -Wall -Wstrict-prototypes -Wno-unused-result -g -O0 -Wall -Wstrict-prototypes -g -O0 -fstack-protector --param=ssp-buffer-size=4 -Wformat -Werror=format-security -g -O0 -fstack-protector --param=ssp-buffer-size=4 -Wformat -Werror=format-security -Werror=declaration-after-statement -Werror=vla -Werror=nonnull -Werror=pointer-arith -Wlogical-op -Wno-sign-compare -D_FORTIFY_SOURCE=2 -fPIC

compile options: '-Inumpy/core/src/private -Inumpy/core/src -Inumpy/core -Inumpy/core/src/npymath -Inumpy/core/src/multiarray -Inumpy/core/src/umath -Inumpy/core/src/npysort -I/usr/include/python3.4dm -I/home/travis/build/numpy/numpy/builds/venv/include/python3.4dm -c'
x86_64-linux-gnu-gcc: _configtest.c
_configtest.c: In function â€˜mainâ€™:
_configtest.c:5:3: warning: statement with no effect [-Wunused-value]
   __builtin_expect(5, 0);
   ^
x86_64-linux-gnu-gcc -pthread _configtest.o -o _configtest
success!
removing: _configtest.c _configtest.o _configtest
C compiler: x86_64-linux-gnu-gcc -pthread -g -O0 -Wall -Wstrict-prototypes -Wno-unused-result -g -O0 -Wall -Wstrict-prototypes -g -O0 -fstack-protector --param=ssp-buffer-size=4 -Wformat -Werror=format-security -g -O0 -fstack-protector --param=ssp-buffer-size=4 -Wformat -Werror=format-security -Werror=declaration-after-statement -Werror=vla -Werror=nonnull -Werror=pointer-arith -Wlogical-op -Wno-sign-compare -D_FORTIFY_SOURCE=2 -fPIC

compile options: '-Inumpy/core/src/private -Inumpy/core/src -Inumpy/core -Inumpy/core/src/npymath -Inumpy/core/src/multiarray -Inumpy/core/src/umath -Inumpy/core/src/npysort -I/usr/include/python3.4dm -I/home/travis/build/numpy/numpy/builds/venv/include/python3.4dm -c'
x86_64-linux-gnu-gcc: _configtest.c
_configtest.c: In function â€˜mainâ€™:
_configtest.c:5:3: warning: implicit declaration of function â€˜__builtin_mul_overflowâ€™ [-Wimplicit-function-declaration]
   __builtin_mul_overflow(5, 5, (int*)5);
   ^
x86_64-linux-gnu-gcc -pthread _configtest.o -o _configtest
_configtest.o: In function `main':
/home/travis/build/numpy/numpy/_configtest.c:5: undefined reference to `__builtin_mul_overflow'
collect2: error: ld returned 1 exit status
_configtest.o: In function `main':
/home/travis/build/numpy/numpy/_configtest.c:5: undefined reference to `__builtin_mul_overflow'
collect2: error: ld returned 1 exit status
failure.
removing: _configtest.c _configtest.o
C compiler: x86_64-linux-gnu-gcc -pthread -g -O0 -Wall -Wstrict-prototypes -Wno-unused-result -g -O0 -Wall -Wstrict-prototypes -g -O0 -fstack-protector --param=ssp-buffer-size=4 -Wformat -Werror=format-security -g -O0 -fstack-protector --param=ssp-buffer-size=4 -Wformat -Werror=format-security -Werror=declaration-after-statement -Werror=vla -Werror=nonnull -Werror=pointer-arith -Wlogical-op -Wno-sign-compare -D_FORTIFY_SOURCE=2 -fPIC

compile options: '-Inumpy/core/src/private -Inumpy/core/src -Inumpy/core -Inumpy/core/src/npymath -Inumpy/core/src/multiarray -Inumpy/core/src/umath -Inumpy/core/src/npysort -I/usr/include/python3.4dm -I/home/travis/build/numpy/numpy/builds/venv/include/python3.4dm -c'
x86_64-linux-gnu-gcc: _configtest.c
_configtest.c: In function â€˜mainâ€™:
_configtest.c:7:16: warning: unused variable â€˜râ€™ [-Wunused-variable]
   volatile int r = __builtin_cpu_supports("sse");
                ^
x86_64-linux-gnu-gcc -pthread _configtest.o -o _configtest
success!
removing: _configtest.c _configtest.o _configtest
C compiler: x86_64-linux-gnu-gcc -pthread -g -O0 -Wall -Wstrict-prototypes -Wno-unused-result -g -O0 -Wall -Wstrict-prototypes -g -O0 -fstack-protector --param=ssp-buffer-size=4 -Wformat -Werror=format-security -g -O0 -fstack-protector --param=ssp-buffer-size=4 -Wformat -Werror=format-security -Werror=declaration-after-statement -Werror=vla -Werror=nonnull -Werror=pointer-arith -Wlogical-op -Wno-sign-compare -D_FORTIFY_SOURCE=2 -fPIC

compile options: '-Inumpy/core/src/private -Inumpy/core/src -Inumpy/core -Inumpy/core/src/npymath -Inumpy/core/src/multiarray -Inumpy/core/src/umath -Inumpy/core/src/npysort -I/usr/include/python3.4dm -I/home/travis/build/numpy/numpy/builds/venv/include/python3.4dm -c'
x86_64-linux-gnu-gcc: _configtest.c
x86_64-linux-gnu-gcc -pthread _configtest.o -o _configtest
success!
removing: _configtest.c _configtest.o _configtest
C compiler: x86_64-linux-gnu-gcc -pthread -g -O0 -Wall -Wstrict-prototypes -Wno-unused-result -g -O0 -Wall -Wstrict-prototypes -g -O0 -fstack-protector --param=ssp-buffer-size=4 -Wformat -Werror=format-security -g -O0 -fstack-protector --param=ssp-buffer-size=4 -Wformat -Werror=format-security -Werror=declaration-after-statement -Werror=vla -Werror=nonnull -Werror=pointer-arith -Wlogical-op -Wno-sign-compare -D_FORTIFY_SOURCE=2 -fPIC

compile options: '-Inumpy/core/src/private -Inumpy/core/src -Inumpy/core -Inumpy/core/src/npymath -Inumpy/core/src/multiarray -Inumpy/core/src/umath -Inumpy/core/src/npysort -I/usr/include/python3.4dm -I/home/travis/build/numpy/numpy/builds/venv/include/python3.4dm -c'
x86_64-linux-gnu-gcc: _configtest.c
x86_64-linux-gnu-gcc -pthread _configtest.o -o _configtest
success!
removing: _configtest.c _configtest.o _configtest
C compiler: x86_64-linux-gnu-gcc -pthread -g -O0 -Wall -Wstrict-prototypes -Wno-unused-result -g -O0 -Wall -Wstrict-prototypes -g -O0 -fstack-protector --param=ssp-buffer-size=4 -Wformat -Werror=format-security -g -O0 -fstack-protector --param=ssp-buffer-size=4 -Wformat -Werror=format-security -Werror=declaration-after-statement -Werror=vla -Werror=nonnull -Werror=pointer-arith -Wlogical-op -Wno-sign-compare -D_FORTIFY_SOURCE=2 -fPIC

compile options: '-Inumpy/core/src/private -Inumpy/core/src -Inumpy/core -Inumpy/core/src/npymath -Inumpy/core/src/multiarray -Inumpy/core/src/umath -Inumpy/core/src/npysort -I/usr/include/python3.4dm -I/home/travis/build/numpy/numpy/builds/venv/include/python3.4dm -c'
x86_64-linux-gnu-gcc: _configtest.c
x86_64-linux-gnu-gcc -pthread _configtest.o -o _configtest
success!
removing: _configtest.c _configtest.o _configtest
C compiler: x86_64-linux-gnu-gcc -pthread -g -O0 -Wall -Wstrict-prototypes -Wno-unused-result -g -O0 -Wall -Wstrict-prototypes -g -O0 -fstack-protector --param=ssp-buffer-size=4 -Wformat -Werror=format-security -g -O0 -fstack-protector --param=ssp-buffer-size=4 -Wformat -Werror=format-security -Werror=declaration-after-statement -Werror=vla -Werror=nonnull -Werror=pointer-arith -Wlogical-op -Wno-sign-compare -D_FORTIFY_SOURCE=2 -fPIC

compile options: '-Inumpy/core/src/private -Inumpy/core/src -Inumpy/core -Inumpy/core/src/npymath -Inumpy/core/src/multiarray -Inumpy/core/src/umath -Inumpy/core/src/npysort -I/usr/include/python3.4dm -I/home/travis/build/numpy/numpy/builds/venv/include/python3.4dm -c'
x86_64-linux-gnu-gcc: _configtest.c
x86_64-linux-gnu-gcc -pthread _configtest.o -o _configtest
success!
removing: _configtest.c _configtest.o _configtest
C compiler: x86_64-linux-gnu-gcc -pthread -g -O0 -Wall -Wstrict-prototypes -Wno-unused-result -g -O0 -Wall -Wstrict-prototypes -g -O0 -fstack-protector --param=ssp-buffer-size=4 -Wformat -Werror=format-security -g -O0 -fstack-protector --param=ssp-buffer-size=4 -Wformat -Werror=format-security -Werror=declaration-after-statement -Werror=vla -Werror=nonnull -Werror=pointer-arith -Wlogical-op -Wno-sign-compare -D_FORTIFY_SOURCE=2 -fPIC

compile options: '-Inumpy/core/src/private -Inumpy/core/src -Inumpy/core -Inumpy/core/src/npymath -Inumpy/core/src/multiarray -Inumpy/core/src/umath -Inumpy/core/src/npysort -I/usr/include/python3.4dm -I/home/travis/build/numpy/numpy/builds/venv/include/python3.4dm -c'
x86_64-linux-gnu-gcc: _configtest.c
x86_64-linux-gnu-gcc -pthread _configtest.o -o _configtest
success!
removing: _configtest.c _configtest.o _configtest
C compiler: x86_64-linux-gnu-gcc -pthread -g -O0 -Wall -Wstrict-prototypes -Wno-unused-result -g -O0 -Wall -Wstrict-prototypes -g -O0 -fstack-protector --param=ssp-buffer-size=4 -Wformat -Werror=format-security -g -O0 -fstack-protector --param=ssp-buffer-size=4 -Wformat -Werror=format-security -Werror=declaration-after-statement -Werror=vla -Werror=nonnull -Werror=pointer-arith -Wlogical-op -Wno-sign-compare -D_FORTIFY_SOURCE=2 -fPIC

compile options: '-Inumpy/core/src/private -Inumpy/core/src -Inumpy/core -Inumpy/core/src/npymath -Inumpy/core/src/multiarray -Inumpy/core/src/umath -Inumpy/core/src/npysort -I/usr/include/python3.4dm -I/home/travis/build/numpy/numpy/builds/venv/include/python3.4dm -c'
x86_64-linux-gnu-gcc: _configtest.c
x86_64-linux-gnu-gcc -pthread _configtest.o -o _configtest
success!
removing: _configtest.c _configtest.o _configtest
C compiler: x86_64-linux-gnu-gcc -pthread -g -O0 -Wall -Wstrict-prototypes -Wno-unused-result -g -O0 -Wall -Wstrict-prototypes -g -O0 -fstack-protector --param=ssp-buffer-size=4 -Wformat -Werror=format-security -g -O0 -fstack-protector --param=ssp-buffer-size=4 -Wformat -Werror=format-security -Werror=declaration-after-statement -Werror=vla -Werror=nonnull -Werror=pointer-arith -Wlogical-op -Wno-sign-compare -D_FORTIFY_SOURCE=2 -fPIC

compile options: '-Inumpy/core/src/private -Inumpy/core/src -Inumpy/core -Inumpy/core/src/npymath -Inumpy/core/src/multiarray -Inumpy/core/src/umath -Inumpy/core/src/npysort -I/usr/include/python3.4dm -I/home/travis/build/numpy/numpy/builds/venv/include/python3.4dm -c'
x86_64-linux-gnu-gcc: _configtest.c
x86_64-linux-gnu-gcc -pthread _configtest.o -o _configtest
success!
removing: _configtest.c _configtest.o _configtest
C compiler: x86_64-linux-gnu-gcc -pthread -g -O0 -Wall -Wstrict-prototypes -Wno-unused-result -g -O0 -Wall -Wstrict-prototypes -g -O0 -fstack-protector --param=ssp-buffer-size=4 -Wformat -Werror=format-security -g -O0 -fstack-protector --param=ssp-buffer-size=4 -Wformat -Werror=format-security -Werror=declaration-after-statement -Werror=vla -Werror=nonnull -Werror=pointer-arith -Wlogical-op -Wno-sign-compare -D_FORTIFY_SOURCE=2 -fPIC

compile options: '-Inumpy/core/src/private -Inumpy/core/src -Inumpy/core -Inumpy/core/src/npymath -Inumpy/core/src/multiarray -Inumpy/core/src/umath -Inumpy/core/src/npysort -I/usr/include/python3.4dm -I/home/travis/build/numpy/numpy/builds/venv/include/python3.4dm -c'
x86_64-linux-gnu-gcc: _configtest.c
_configtest.c:3:0: warning: ignoring #pragma clang diagnostic [-Wunknown-pragmas]
 #pragma clang diagnostic error "-Wattributes"
 ^
_configtest.c:8:1: warning: function declaration isnâ€™t a prototype [-Wstrict-prototypes]
 main()
 ^
success!
removing: _configtest.c _configtest.o
C compiler: x86_64-linux-gnu-gcc -pthread -g -O0 -Wall -Wstrict-prototypes -Wno-unused-result -g -O0 -Wall -Wstrict-prototypes -g -O0 -fstack-protector --param=ssp-buffer-size=4 -Wformat -Werror=format-security -g -O0 -fstack-protector --param=ssp-buffer-size=4 -Wformat -Werror=format-security -Werror=declaration-after-statement -Werror=vla -Werror=nonnull -Werror=pointer-arith -Wlogical-op -Wno-sign-compare -D_FORTIFY_SOURCE=2 -fPIC

compile options: '-Inumpy/core/src/private -Inumpy/core/src -Inumpy/core -Inumpy/core/src/npymath -Inumpy/core/src/multiarray -Inumpy/core/src/umath -Inumpy/core/src/npysort -I/usr/include/python3.4dm -I/home/travis/build/numpy/numpy/builds/venv/include/python3.4dm -c'
x86_64-linux-gnu-gcc: _configtest.c
_configtest.c:3:0: warning: ignoring #pragma clang diagnostic [-Wunknown-pragmas]
 #pragma clang diagnostic error "-Wattributes"
 ^
_configtest.c:8:1: warning: function declaration isnâ€™t a prototype [-Wstrict-prototypes]
 main()
 ^
success!
removing: _configtest.c _configtest.o
C compiler: x86_64-linux-gnu-gcc -pthread -g -O0 -Wall -Wstrict-prototypes -Wno-unused-result -g -O0 -Wall -Wstrict-prototypes -g -O0 -fstack-protector --param=ssp-buffer-size=4 -Wformat -Werror=format-security -g -O0 -fstack-protector --param=ssp-buffer-size=4 -Wformat -Werror=format-security -Werror=declaration-after-statement -Werror=vla -Werror=nonnull -Werror=pointer-arith -Wlogical-op -Wno-sign-compare -D_FORTIFY_SOURCE=2 -fPIC

compile options: '-Inumpy/core/src/private -Inumpy/core/src -Inumpy/core -Inumpy/core/src/npymath -Inumpy/core/src/multiarray -Inumpy/core/src/umath -Inumpy/core/src/npysort -I/usr/include/python3.4dm -I/home/travis/build/numpy/numpy/builds/venv/include/python3.4dm -c'
x86_64-linux-gnu-gcc: _configtest.c
_configtest.c:3:0: warning: ignoring #pragma clang diagnostic [-Wunknown-pragmas]
 #pragma clang diagnostic error "-Wattributes"
 ^
_configtest.c:8:1: warning: function declaration isnâ€™t a prototype [-Wstrict-prototypes]
 main()
 ^
success!
removing: _configtest.c _configtest.o
C compiler: x86_64-linux-gnu-gcc -pthread -g -O0 -Wall -Wstrict-prototypes -Wno-unused-result -g -O0 -Wall -Wstrict-prototypes -g -O0 -fstack-protector --param=ssp-buffer-size=4 -Wformat -Werror=format-security -g -O0 -fstack-protector --param=ssp-buffer-size=4 -Wformat -Werror=format-security -Werror=declaration-after-statement -Werror=vla -Werror=nonnull -Werror=pointer-arith -Wlogical-op -Wno-sign-compare -D_FORTIFY_SOURCE=2 -fPIC

compile options: '-Inumpy/core/src/private -Inumpy/core/src -Inumpy/core -Inumpy/core/src/npymath -Inumpy/core/src/multiarray -Inumpy/core/src/umath -Inumpy/core/src/npysort -I/usr/include/python3.4dm -I/home/travis/build/numpy/numpy/builds/venv/include/python3.4dm -c'
x86_64-linux-gnu-gcc: _configtest.c
_configtest.c:3:0: warning: ignoring #pragma clang diagnostic [-Wunknown-pragmas]
 #pragma clang diagnostic error "-Wattributes"
 ^
_configtest.c:8:1: warning: function declaration isnâ€™t a prototype [-Wstrict-prototypes]
 main()
 ^
success!
removing: _configtest.c _configtest.o
C compiler: x86_64-linux-gnu-gcc -pthread -g -O0 -Wall -Wstrict-prototypes -Wno-unused-result -g -O0 -Wall -Wstrict-prototypes -g -O0 -fstack-protector --param=ssp-buffer-size=4 -Wformat -Werror=format-security -g -O0 -fstack-protector --param=ssp-buffer-size=4 -Wformat -Werror=format-security -Werror=declaration-after-statement -Werror=vla -Werror=nonnull -Werror=pointer-arith -Wlogical-op -Wno-sign-compare -D_FORTIFY_SOURCE=2 -fPIC

compile options: '-Inumpy/core/src/private -Inumpy/core/src -Inumpy/core -Inumpy/core/src/npymath -Inumpy/core/src/multiarray -Inumpy/core/src/umath -Inumpy/core/src/npysort -I/usr/include/python3.4dm -I/home/travis/build/numpy/numpy/builds/venv/include/python3.4dm -c'
x86_64-linux-gnu-gcc: _configtest.c
_configtest.c:3:0: warning: ignoring #pragma clang diagnostic [-Wunknown-pragmas]
 #pragma clang diagnostic error "-Wattributes"
 ^
_configtest.c:8:1: warning: function declaration isnâ€™t a prototype [-Wstrict-prototypes]
 main()
 ^
success!
removing: _configtest.c _configtest.o
C compiler: x86_64-linux-gnu-gcc -pthread -g -O0 -Wall -Wstrict-prototypes -Wno-unused-result -g -O0 -Wall -Wstrict-prototypes -g -O0 -fstack-protector --param=ssp-buffer-size=4 -Wformat -Werror=format-security -g -O0 -fstack-protector --param=ssp-buffer-size=4 -Wformat -Werror=format-security -Werror=declaration-after-statement -Werror=vla -Werror=nonnull -Werror=pointer-arith -Wlogical-op -Wno-sign-compare -D_FORTIFY_SOURCE=2 -fPIC

compile options: '-Inumpy/core/src/private -Inumpy/core/src -Inumpy/core -Inumpy/core/src/npymath -Inumpy/core/src/multiarray -Inumpy/core/src/umath -Inumpy/core/src/npysort -I/usr/include/python3.4dm -I/home/travis/build/numpy/numpy/builds/venv/include/python3.4dm -c'
x86_64-linux-gnu-gcc: _configtest.c
_configtest.c:3:0: warning: ignoring #pragma clang diagnostic [-Wunknown-pragmas]
 #pragma clang diagnostic error "-Wattributes"
 ^
_configtest.c:8:1: warning: function declaration isnâ€™t a prototype [-Wstrict-prototypes]
 main()
 ^
success!
removing: _configtest.c _configtest.o
C compiler: x86_64-linux-gnu-gcc -pthread -g -O0 -Wall -Wstrict-prototypes -Wno-unused-result -g -O0 -Wall -Wstrict-prototypes -g -O0 -fstack-protector --param=ssp-buffer-size=4 -Wformat -Werror=format-security -g -O0 -fstack-protector --param=ssp-buffer-size=4 -Wformat -Werror=format-security -Werror=declaration-after-statement -Werror=vla -Werror=nonnull -Werror=pointer-arith -Wlogical-op -Wno-sign-compare -D_FORTIFY_SOURCE=2 -fPIC

compile options: '-Inumpy/core/src/private -Inumpy/core/src -Inumpy/core -Inumpy/core/src/npymath -Inumpy/core/src/multiarray -Inumpy/core/src/umath -Inumpy/core/src/npysort -I/usr/include/python3.4dm -I/home/travis/build/numpy/numpy/builds/venv/include/python3.4dm -c'
x86_64-linux-gnu-gcc: _configtest.c
_configtest.c:3:0: warning: ignoring #pragma clang diagnostic [-Wunknown-pragmas]
 #pragma clang diagnostic error "-Wattributes"
 ^
_configtest.c:5:5: warning: function declaration isnâ€™t a prototype [-Wstrict-prototypes]
 int __declspec(thread) foo;
     ^
_configtest.c: In function â€˜__declspecâ€™:
_configtest.c:5:24: error: expected declaration specifiers before â€˜fooâ€™
 int __declspec(thread) foo;
                        ^
_configtest.c:9:1: error: expected â€˜=â€™, â€˜,â€™, â€˜;â€™, â€˜asmâ€™ or â€˜__attribute__â€™ before â€˜{â€™ token
 {
 ^
_configtest.c:11:1: error: expected â€˜{â€™ at end of input
 }
 ^
_configtest.c:11:1: warning: control reaches end of non-void function [-Wreturn-type]
 }
 ^
_configtest.c:3:0: warning: ignoring #pragma clang diagnostic [-Wunknown-pragmas]
 #pragma clang diagnostic error "-Wattributes"
 ^
_configtest.c:5:5: warning: function declaration isnâ€™t a prototype [-Wstrict-prototypes]
 int __declspec(thread) foo;
     ^
_configtest.c: In function â€˜__declspecâ€™:
_configtest.c:5:24: error: expected declaration specifiers before â€˜fooâ€™
 int __declspec(thread) foo;
                        ^
_configtest.c:9:1: error: expected â€˜=â€™, â€˜,â€™, â€˜;â€™, â€˜asmâ€™ or â€˜__attribute__â€™ before â€˜{â€™ token
 {
 ^
_configtest.c:11:1: error: expected â€˜{â€™ at end of input
 }
 ^
_configtest.c:11:1: warning: control reaches end of non-void function [-Wreturn-type]
 }
 ^
failure.
removing: _configtest.c _configtest.o
C compiler: x86_64-linux-gnu-gcc -pthread -g -O0 -Wall -Wstrict-prototypes -Wno-unused-result -g -O0 -Wall -Wstrict-prototypes -g -O0 -fstack-protector --param=ssp-buffer-size=4 -Wformat -Werror=format-security -g -O0 -fstack-protector --param=ssp-buffer-size=4 -Wformat -Werror=format-security -Werror=declaration-after-statement -Werror=vla -Werror=nonnull -Werror=pointer-arith -Wlogical-op -Wno-sign-compare -D_FORTIFY_SOURCE=2 -fPIC

compile options: '-Inumpy/core/src/private -Inumpy/core/src -Inumpy/core -Inumpy/core/src/npymath -Inumpy/core/src/multiarray -Inumpy/core/src/umath -Inumpy/core/src/npysort -I/usr/include/python3.4dm -I/home/travis/build/numpy/numpy/builds/venv/include/python3.4dm -c'
x86_64-linux-gnu-gcc: _configtest.c
_configtest.c:1:5: warning: conflicting types for built-in function â€˜expm1fâ€™ [enabled by default]
 int expm1f (void);
     ^
_configtest.c:2:5: warning: conflicting types for built-in function â€˜nextafterfâ€™ [enabled by default]
 int nextafterf (void);
     ^
_configtest.c:3:5: warning: conflicting types for built-in function â€˜floorfâ€™ [enabled by default]
 int floorf (void);
     ^
_configtest.c:4:5: warning: conflicting types for built-in function â€˜ldexpfâ€™ [enabled by default]
 int ldexpf (void);
     ^
_configtest.c:5:5: warning: conflicting types for built-in function â€˜logfâ€™ [enabled by default]
 int logf (void);
     ^
_configtest.c:6:5: warning: conflicting types for built-in function â€˜sinhfâ€™ [enabled by default]
 int sinhf (void);
     ^
_configtest.c:7:5: warning: conflicting types for built-in function â€˜log1pfâ€™ [enabled by default]
 int log1pf (void);
     ^
_configtest.c:8:5: warning: conflicting types for built-in function â€˜expfâ€™ [enabled by default]
 int expf (void);
     ^
_configtest.c:9:5: warning: conflicting types for built-in function â€˜sqrtfâ€™ [enabled by default]
 int sqrtf (void);
     ^
_configtest.c:10:5: warning: conflicting types for built-in function â€˜fabsfâ€™ [enabled by default]
 int fabsf (void);
     ^
_configtest.c:11:5: warning: conflicting types for built-in function â€˜hypotfâ€™ [enabled by default]
 int hypotf (void);
     ^
_configtest.c:12:5: warning: conflicting types for built-in function â€˜rintfâ€™ [enabled by default]
 int rintf (void);
     ^
_configtest.c:13:5: warning: conflicting types for built-in function â€˜asinfâ€™ [enabled by default]
 int asinf (void);
     ^
_configtest.c:14:5: warning: conflicting types for built-in function â€˜modffâ€™ [enabled by default]
 int modff (void);
     ^
_configtest.c:15:5: warning: conflicting types for built-in function â€˜sinfâ€™ [enabled by default]
 int sinf (void);
     ^
_configtest.c:16:5: warning: conflicting types for built-in function â€˜exp2fâ€™ [enabled by default]
 int exp2f (void);
     ^
_configtest.c:17:5: warning: conflicting types for built-in function â€˜ceilfâ€™ [enabled by default]
 int ceilf (void);
     ^
_configtest.c:18:5: warning: conflicting types for built-in function â€˜log2fâ€™ [enabled by default]
 int log2f (void);
     ^
_configtest.c:19:5: warning: conflicting types for built-in function â€˜coshfâ€™ [enabled by default]
 int coshf (void);
     ^
_configtest.c:20:5: warning: conflicting types for built-in function â€˜tanhfâ€™ [enabled by default]
 int tanhf (void);
     ^
_configtest.c:21:5: warning: conflicting types for built-in function â€˜log10fâ€™ [enabled by default]
 int log10f (void);
     ^
_configtest.c:22:5: warning: conflicting types for built-in function â€˜copysignfâ€™ [enabled by default]
 int copysignf (void);
     ^
_configtest.c:23:5: warning: conflicting types for built-in function â€˜acoshfâ€™ [enabled by default]
 int acoshf (void);
     ^
_configtest.c:24:5: warning: conflicting types for built-in function â€˜atanhfâ€™ [enabled by default]
 int atanhf (void);
     ^
_configtest.c:25:5: warning: conflicting types for built-in function â€˜cbrtfâ€™ [enabled by default]
 int cbrtf (void);
     ^
_configtest.c:26:5: warning: conflicting types for built-in function â€˜truncfâ€™ [enabled by default]
 int truncf (void);
     ^
_configtest.c:27:5: warning: conflicting types for built-in function â€˜cosfâ€™ [enabled by default]
 int cosf (void);
     ^
_configtest.c:28:5: warning: conflicting types for built-in function â€˜tanfâ€™ [enabled by default]
 int tanf (void);
     ^
_configtest.c:29:5: warning: conflicting types for built-in function â€˜powfâ€™ [enabled by default]
 int powf (void);
     ^
_configtest.c:30:5: warning: conflicting types for built-in function â€˜fmodfâ€™ [enabled by default]
 int fmodf (void);
     ^
_configtest.c:31:5: warning: conflicting types for built-in function â€˜atanfâ€™ [enabled by default]
 int atanf (void);
     ^
_configtest.c:32:5: warning: conflicting types for built-in function â€˜frexpfâ€™ [enabled by default]
 int frexpf (void);
     ^
_configtest.c:33:5: warning: conflicting types for built-in function â€˜acosfâ€™ [enabled by default]
 int acosf (void);
     ^
_configtest.c:34:5: warning: conflicting types for built-in function â€˜atan2fâ€™ [enabled by default]
 int atan2f (void);
     ^
_configtest.c:35:5: warning: conflicting types for built-in function â€˜asinhfâ€™ [enabled by default]
 int asinhf (void);
     ^
x86_64-linux-gnu-gcc -pthread _configtest.o -lm -o _configtest
success!
removing: _configtest.c _configtest.o _configtest
C compiler: x86_64-linux-gnu-gcc -pthread -g -O0 -Wall -Wstrict-prototypes -Wno-unused-result -g -O0 -Wall -Wstrict-prototypes -g -O0 -fstack-protector --param=ssp-buffer-size=4 -Wformat -Werror=format-security -g -O0 -fstack-protector --param=ssp-buffer-size=4 -Wformat -Werror=format-security -Werror=declaration-after-statement -Werror=vla -Werror=nonnull -Werror=pointer-arith -Wlogical-op -Wno-sign-compare -D_FORTIFY_SOURCE=2 -fPIC

compile options: '-Inumpy/core/src/private -Inumpy/core/src -Inumpy/core -Inumpy/core/src/npymath -Inumpy/core/src/multiarray -Inumpy/core/src/umath -Inumpy/core/src/npysort -I/usr/include/python3.4dm -I/home/travis/build/numpy/numpy/builds/venv/include/python3.4dm -c'
x86_64-linux-gnu-gcc: _configtest.c
_configtest.c:1:5: warning: conflicting types for built-in function â€˜coslâ€™ [enabled by default]
 int cosl (void);
     ^
_configtest.c:2:5: warning: conflicting types for built-in function â€˜log10lâ€™ [enabled by default]
 int log10l (void);
     ^
_configtest.c:3:5: warning: conflicting types for built-in function â€˜coshlâ€™ [enabled by default]
 int coshl (void);
     ^
_configtest.c:4:5: warning: conflicting types for built-in function â€˜log2lâ€™ [enabled by default]
 int log2l (void);
     ^
_configtest.c:5:5: warning: conflicting types for built-in function â€˜ceillâ€™ [enabled by default]
 int ceill (void);
     ^
_configtest.c:6:5: warning: conflicting types for built-in function â€˜atan2lâ€™ [enabled by default]
 int atan2l (void);
     ^
_configtest.c:7:5: warning: conflicting types for built-in function â€˜tanhlâ€™ [enabled by default]
 int tanhl (void);
     ^
_configtest.c:8:5: warning: conflicting types for built-in function â€˜expm1lâ€™ [enabled by default]
 int expm1l (void);
     ^
_configtest.c:9:5: warning: conflicting types for built-in function â€˜asinlâ€™ [enabled by default]
 int asinl (void);
     ^
_configtest.c:10:5: warning: conflicting types for built-in function â€˜sqrtlâ€™ [enabled by default]
 int sqrtl (void);
     ^
_configtest.c:11:5: warning: conflicting types for built-in function â€˜acoshlâ€™ [enabled by default]
 int acoshl (void);
     ^
_configtest.c:12:5: warning: conflicting types for built-in function â€˜rintlâ€™ [enabled by default]
 int rintl (void);
     ^
_configtest.c:13:5: warning: conflicting types for built-in function â€˜cbrtlâ€™ [enabled by default]
 int cbrtl (void);
     ^
_configtest.c:14:5: warning: conflicting types for built-in function â€˜hypotlâ€™ [enabled by default]
 int hypotl (void);
     ^
_configtest.c:15:5: warning: conflicting types for built-in function â€˜exp2lâ€™ [enabled by default]
 int exp2l (void);
     ^
_configtest.c:16:5: warning: conflicting types for built-in function â€˜sinlâ€™ [enabled by default]
 int sinl (void);
     ^
_configtest.c:17:5: warning: conflicting types for built-in function â€˜floorlâ€™ [enabled by default]
 int floorl (void);
     ^
_configtest.c:18:5: warning: conflicting types for built-in function â€˜asinhlâ€™ [enabled by default]
 int asinhl (void);
     ^
_configtest.c:19:5: warning: conflicting types for built-in function â€˜trunclâ€™ [enabled by default]
 int truncl (void);
     ^
_configtest.c:20:5: warning: conflicting types for built-in function â€˜sinhlâ€™ [enabled by default]
 int sinhl (void);
     ^
_configtest.c:21:5: warning: conflicting types for built-in function â€˜fmodlâ€™ [enabled by default]
 int fmodl (void);
     ^
_configtest.c:22:5: warning: conflicting types for built-in function â€˜atanhlâ€™ [enabled by default]
 int atanhl (void);
     ^
_configtest.c:23:5: warning: conflicting types for built-in function â€˜copysignlâ€™ [enabled by default]
 int copysignl (void);
     ^
_configtest.c:24:5: warning: conflicting types for built-in function â€˜acoslâ€™ [enabled by default]
 int acosl (void);
     ^
_configtest.c:25:5: warning: conflicting types for built-in function â€˜fabslâ€™ [enabled by default]
 int fabsl (void);
     ^
_configtest.c:26:5: warning: conflicting types for built-in function â€˜tanlâ€™ [enabled by default]
 int tanl (void);
     ^
_configtest.c:27:5: warning: conflicting types for built-in function â€˜atanlâ€™ [enabled by default]
 int atanl (void);
     ^
_configtest.c:28:5: warning: conflicting types for built-in function â€˜modflâ€™ [enabled by default]
 int modfl (void);
     ^
_configtest.c:29:5: warning: conflicting types for built-in function â€˜powlâ€™ [enabled by default]
 int powl (void);
     ^
_configtest.c:30:5: warning: conflicting types for built-in function â€˜loglâ€™ [enabled by default]
 int logl (void);
     ^
_configtest.c:31:5: warning: conflicting types for built-in function â€˜nextafterlâ€™ [enabled by default]
 int nextafterl (void);
     ^
_configtest.c:32:5: warning: conflicting types for built-in function â€˜frexplâ€™ [enabled by default]
 int frexpl (void);
     ^
_configtest.c:33:5: warning: conflicting types for built-in function â€˜explâ€™ [enabled by default]
 int expl (void);
     ^
_configtest.c:34:5: warning: conflicting types for built-in function â€˜log1plâ€™ [enabled by default]
 int log1pl (void);
     ^
_configtest.c:35:5: warning: conflicting types for built-in function â€˜ldexplâ€™ [enabled by default]
 int ldexpl (void);
     ^
x86_64-linux-gnu-gcc -pthread _configtest.o -lm -o _configtest
success!
removing: _configtest.c _configtest.o _configtest
C compiler: x86_64-linux-gnu-gcc -pthread -g -O0 -Wall -Wstrict-prototypes -Wno-unused-result -g -O0 -Wall -Wstrict-prototypes -g -O0 -fstack-protector --param=ssp-buffer-size=4 -Wformat -Werror=format-security -g -O0 -fstack-protector --param=ssp-buffer-size=4 -Wformat -Werror=format-security -Werror=declaration-after-statement -Werror=vla -Werror=nonnull -Werror=pointer-arith -Wlogical-op -Wno-sign-compare -D_FORTIFY_SOURCE=2 -fPIC

compile options: '-Inumpy/core/src/private -Inumpy/core/src -Inumpy/core -Inumpy/core/src/npymath -Inumpy/core/src/multiarray -Inumpy/core/src/umath -Inumpy/core/src/npysort -I/usr/include/python3.4dm -I/home/travis/build/numpy/numpy/builds/venv/include/python3.4dm -c'
x86_64-linux-gnu-gcc: _configtest.c
success!
removing: _configtest.c _configtest.o
C compiler: x86_64-linux-gnu-gcc -pthread -g -O0 -Wall -Wstrict-prototypes -Wno-unused-result -g -O0 -Wall -Wstrict-prototypes -g -O0 -fstack-protector --param=ssp-buffer-size=4 -Wformat -Werror=format-security -g -O0 -fstack-protector --param=ssp-buffer-size=4 -Wformat -Werror=format-security -Werror=declaration-after-statement -Werror=vla -Werror=nonnull -Werror=pointer-arith -Wlogical-op -Wno-sign-compare -D_FORTIFY_SOURCE=2 -fPIC

compile options: '-Inumpy/core/src/private -Inumpy/core/src -Inumpy/core -Inumpy/core/src/npymath -Inumpy/core/src/multiarray -Inumpy/core/src/umath -Inumpy/core/src/npysort -I/usr/include/python3.4dm -I/home/travis/build/numpy/numpy/builds/venv/include/python3.4dm -c'
x86_64-linux-gnu-gcc: _configtest.c
success!
removing: _configtest.c _configtest.o
C compiler: x86_64-linux-gnu-gcc -pthread -g -O0 -Wall -Wstrict-prototypes -Wno-unused-result -g -O0 -Wall -Wstrict-prototypes -g -O0 -fstack-protector --param=ssp-buffer-size=4 -Wformat -Werror=format-security -g -O0 -fstack-protector --param=ssp-buffer-size=4 -Wformat -Werror=format-security -Werror=declaration-after-statement -Werror=vla -Werror=nonnull -Werror=pointer-arith -Wlogical-op -Wno-sign-compare -D_FORTIFY_SOURCE=2 -fPIC

compile options: '-Inumpy/core/src/private -Inumpy/core/src -Inumpy/core -Inumpy/core/src/npymath -Inumpy/core/src/multiarray -Inumpy/core/src/umath -Inumpy/core/src/npysort -I/usr/include/python3.4dm -I/home/travis/build/numpy/numpy/builds/venv/include/python3.4dm -c'
x86_64-linux-gnu-gcc: _configtest.c
success!
removing: _configtest.c _configtest.o
C compiler: x86_64-linux-gnu-gcc -pthread -g -O0 -Wall -Wstrict-prototypes -Wno-unused-result -g -O0 -Wall -Wstrict-prototypes -g -O0 -fstack-protector --param=ssp-buffer-size=4 -Wformat -Werror=format-security -g -O0 -fstack-protector --param=ssp-buffer-size=4 -Wformat -Werror=format-security -Werror=declaration-after-statement -Werror=vla -Werror=nonnull -Werror=pointer-arith -Wlogical-op -Wno-sign-compare -D_FORTIFY_SOURCE=2 -fPIC

compile options: '-Inumpy/core/src/private -Inumpy/core/src -Inumpy/core -Inumpy/core/src/npymath -Inumpy/core/src/multiarray -Inumpy/core/src/umath -Inumpy/core/src/npysort -I/usr/include/python3.4dm -I/home/travis/build/numpy/numpy/builds/venv/include/python3.4dm -c'
x86_64-linux-gnu-gcc: _configtest.c
success!
removing: _configtest.c _configtest.o
C compiler: x86_64-linux-gnu-gcc -pthread -g -O0 -Wall -Wstrict-prototypes -Wno-unused-result -g -O0 -Wall -Wstrict-prototypes -g -O0 -fstack-protector --param=ssp-buffer-size=4 -Wformat -Werror=format-security -g -O0 -fstack-protector --param=ssp-buffer-size=4 -Wformat -Werror=format-security -Werror=declaration-after-statement -Werror=vla -Werror=nonnull -Werror=pointer-arith -Wlogical-op -Wno-sign-compare -D_FORTIFY_SOURCE=2 -fPIC

compile options: '-Inumpy/core/src/private -Inumpy/core/src -Inumpy/core -Inumpy/core/src/npymath -Inumpy/core/src/multiarray -Inumpy/core/src/umath -Inumpy/core/src/npysort -I/usr/include/python3.4dm -I/home/travis/build/numpy/numpy/builds/venv/include/python3.4dm -c'
x86_64-linux-gnu-gcc: _configtest.c
_configtest.c: In function â€˜mainâ€™:
_configtest.c:8:12: error: â€˜HAVE_DECL_SIGNBITâ€™ undeclared (first use in this function)
     (void) HAVE_DECL_SIGNBIT;
            ^
_configtest.c:8:12: note: each undeclared identifier is reported only once for each function it appears in
_configtest.c: In function â€˜mainâ€™:
_configtest.c:8:12: error: â€˜HAVE_DECL_SIGNBITâ€™ undeclared (first use in this function)
     (void) HAVE_DECL_SIGNBIT;
            ^
_configtest.c:8:12: note: each undeclared identifier is reported only once for each function it appears in
failure.
removing: _configtest.c _configtest.o
C compiler: x86_64-linux-gnu-gcc -pthread -g -O0 -Wall -Wstrict-prototypes -Wno-unused-result -g -O0 -Wall -Wstrict-prototypes -g -O0 -fstack-protector --param=ssp-buffer-size=4 -Wformat -Werror=format-security -g -O0 -fstack-protector --param=ssp-buffer-size=4 -Wformat -Werror=format-security -Werror=declaration-after-statement -Werror=vla -Werror=nonnull -Werror=pointer-arith -Wlogical-op -Wno-sign-compare -D_FORTIFY_SOURCE=2 -fPIC

compile options: '-Inumpy/core/src/private -Inumpy/core/src -Inumpy/core -Inumpy/core/src/npymath -Inumpy/core/src/multiarray -Inumpy/core/src/umath -Inumpy/core/src/npysort -I/usr/include/python3.4dm -I/home/travis/build/numpy/numpy/builds/venv/include/python3.4dm -c'
x86_64-linux-gnu-gcc: _configtest.c
success!
removing: _configtest.c _configtest.o
C compiler: x86_64-linux-gnu-gcc -pthread -g -O0 -Wall -Wstrict-prototypes -Wno-unused-result -g -O0 -Wall -Wstrict-prototypes -g -O0 -fstack-protector --param=ssp-buffer-size=4 -Wformat -Werror=format-security -g -O0 -fstack-protector --param=ssp-buffer-size=4 -Wformat -Werror=format-security -Werror=declaration-after-statement -Werror=vla -Werror=nonnull -Werror=pointer-arith -Wlogical-op -Wno-sign-compare -D_FORTIFY_SOURCE=2 -fPIC

compile options: '-Inumpy/core/src/private -Inumpy/core/src -Inumpy/core -Inumpy/core/src/npymath -Inumpy/core/src/multiarray -Inumpy/core/src/umath -Inumpy/core/src/npysort -I/usr/include/python3.4dm -I/home/travis/build/numpy/numpy/builds/venv/include/python3.4dm -c'
x86_64-linux-gnu-gcc: _configtest.c
success!
removing: _configtest.c _configtest.o
C compiler: x86_64-linux-gnu-gcc -pthread -g -O0 -Wall -Wstrict-prototypes -Wno-unused-result -g -O0 -Wall -Wstrict-prototypes -g -O0 -fstack-protector --param=ssp-buffer-size=4 -Wformat -Werror=format-security -g -O0 -fstack-protector --param=ssp-buffer-size=4 -Wformat -Werror=format-security -Werror=declaration-after-statement -Werror=vla -Werror=nonnull -Werror=pointer-arith -Wlogical-op -Wno-sign-compare -D_FORTIFY_SOURCE=2 -fPIC

compile options: '-Inumpy/core/src/private -Inumpy/core/src -Inumpy/core -Inumpy/core/src/npymath -Inumpy/core/src/multiarray -Inumpy/core/src/umath -Inumpy/core/src/npysort -I/usr/include/python3.4dm -I/home/travis/build/numpy/numpy/builds/venv/include/python3.4dm -c'
x86_64-linux-gnu-gcc: _configtest.c
success!
removing: _configtest.c _configtest.o
C compiler: x86_64-linux-gnu-gcc -pthread -g -O0 -Wall -Wstrict-prototypes -Wno-unused-result -g -O0 -Wall -Wstrict-prototypes -g -O0 -fstack-protector --param=ssp-buffer-size=4 -Wformat -Werror=format-security -g -O0 -fstack-protector --param=ssp-buffer-size=4 -Wformat -Werror=format-security -Werror=declaration-after-statement -Werror=vla -Werror=nonnull -Werror=pointer-arith -Wlogical-op -Wno-sign-compare -D_FORTIFY_SOURCE=2 -fPIC

compile options: '-Inumpy/core/src/private -Inumpy/core/src -Inumpy/core -Inumpy/core/src/npymath -Inumpy/core/src/multiarray -Inumpy/core/src/umath -Inumpy/core/src/npysort -I/usr/include/python3.4dm -I/home/travis/build/numpy/numpy/builds/venv/include/python3.4dm -c'
x86_64-linux-gnu-gcc: _configtest.c
success!
removing: _configtest.c _configtest.o
C compiler: x86_64-linux-gnu-gcc -pthread -g -O0 -Wall -Wstrict-prototypes -Wno-unused-result -g -O0 -Wall -Wstrict-prototypes -g -O0 -fstack-protector --param=ssp-buffer-size=4 -Wformat -Werror=format-security -g -O0 -fstack-protector --param=ssp-buffer-size=4 -Wformat -Werror=format-security -Werror=declaration-after-statement -Werror=vla -Werror=nonnull -Werror=pointer-arith -Wlogical-op -Wno-sign-compare -D_FORTIFY_SOURCE=2 -fPIC

compile options: '-Inumpy/core/src/private -Inumpy/core/src -Inumpy/core -Inumpy/core/src/npymath -Inumpy/core/src/multiarray -Inumpy/core/src/umath -Inumpy/core/src/npysort -I/usr/include/python3.4dm -I/home/travis/build/numpy/numpy/builds/venv/include/python3.4dm -c'
x86_64-linux-gnu-gcc: _configtest.c
removing: _configtest.c _configtest.o
C compiler: x86_64-linux-gnu-gcc -pthread -g -O0 -Wall -Wstrict-prototypes -Wno-unused-result -g -O0 -Wall -Wstrict-prototypes -g -O0 -fstack-protector --param=ssp-buffer-size=4 -Wformat -Werror=format-security -g -O0 -fstack-protector --param=ssp-buffer-size=4 -Wformat -Werror=format-security -Werror=declaration-after-statement -Werror=vla -Werror=nonnull -Werror=pointer-arith -Wlogical-op -Wno-sign-compare -D_FORTIFY_SOURCE=2 -fPIC

compile options: '-Inumpy/core/src/private -Inumpy/core/src -Inumpy/core -Inumpy/core/src/npymath -Inumpy/core/src/multiarray -Inumpy/core/src/umath -Inumpy/core/src/npysort -I/usr/include/python3.4dm -I/home/travis/build/numpy/numpy/builds/venv/include/python3.4dm -c'
x86_64-linux-gnu-gcc: _configtest.c
removing: _configtest.c _configtest.o
C compiler: x86_64-linux-gnu-gcc -pthread -g -O0 -Wall -Wstrict-prototypes -Wno-unused-result -g -O0 -Wall -Wstrict-prototypes -g -O0 -fstack-protector --param=ssp-buffer-size=4 -Wformat -Werror=format-security -g -O0 -fstack-protector --param=ssp-buffer-size=4 -Wformat -Werror=format-security -Werror=declaration-after-statement -Werror=vla -Werror=nonnull -Werror=pointer-arith -Wlogical-op -Wno-sign-compare -D_FORTIFY_SOURCE=2 -fPIC

compile options: '-Inumpy/core/src/private -Inumpy/core/src -Inumpy/core -Inumpy/core/src/npymath -Inumpy/core/src/multiarray -Inumpy/core/src/umath -Inumpy/core/src/npysort -I/usr/include/python3.4dm -I/home/travis/build/numpy/numpy/builds/venv/include/python3.4dm -c'
x86_64-linux-gnu-gcc: _configtest.c
removing: _configtest.c _configtest.o
C compiler: x86_64-linux-gnu-gcc -pthread -g -O0 -Wall -Wstrict-prototypes -Wno-unused-result -g -O0 -Wall -Wstrict-prototypes -g -O0 -fstack-protector --param=ssp-buffer-size=4 -Wformat -Werror=format-security -g -O0 -fstack-protector --param=ssp-buffer-size=4 -Wformat -Werror=format-security -Werror=declaration-after-statement -Werror=vla -Werror=nonnull -Werror=pointer-arith -Wlogical-op -Wno-sign-compare -D_FORTIFY_SOURCE=2 -fPIC

compile options: '-Inumpy/core/src/private -Inumpy/core/src -Inumpy/core -Inumpy/core/src/npymath -Inumpy/core/src/multiarray -Inumpy/core/src/umath -Inumpy/core/src/npysort -I/usr/include/python3.4dm -I/home/travis/build/numpy/numpy/builds/venv/include/python3.4dm -c'
x86_64-linux-gnu-gcc: _configtest.c
_configtest.c:1:5: warning: conflicting types for built-in function â€˜ccosâ€™ [enabled by default]
 int ccos (void);
     ^
_configtest.c:2:5: warning: conflicting types for built-in function â€˜ccoshâ€™ [enabled by default]
 int ccosh (void);
     ^
_configtest.c:3:5: warning: conflicting types for built-in function â€˜casinhâ€™ [enabled by default]
 int casinh (void);
     ^
_configtest.c:4:5: warning: conflicting types for built-in function â€˜cacoshâ€™ [enabled by default]
 int cacosh (void);
     ^
_configtest.c:5:5: warning: conflicting types for built-in function â€˜cacosâ€™ [enabled by default]
 int cacos (void);
     ^
_configtest.c:6:5: warning: conflicting types for built-in function â€˜casinâ€™ [enabled by default]
 int casin (void);
     ^
_configtest.c:7:5: warning: conflicting types for built-in function â€˜cpowâ€™ [enabled by default]
 int cpow (void);
     ^
_configtest.c:8:5: warning: conflicting types for built-in function â€˜catanâ€™ [enabled by default]
 int catan (void);
     ^
_configtest.c:9:5: warning: conflicting types for built-in function â€˜cprojâ€™ [enabled by default]
 int cproj (void);
     ^
_configtest.c:10:5: warning: conflicting types for built-in function â€˜conjâ€™ [enabled by default]
 int conj (void);
     ^
_configtest.c:11:5: warning: conflicting types for built-in function â€˜ctanâ€™ [enabled by default]
 int ctan (void);
     ^
_configtest.c:12:5: warning: conflicting types for built-in function â€˜catanhâ€™ [enabled by default]
 int catanh (void);
     ^
_configtest.c:13:5: warning: conflicting types for built-in function â€˜clogâ€™ [enabled by default]
 int clog (void);
     ^
_configtest.c:14:5: warning: conflicting types for built-in function â€˜csqrtâ€™ [enabled by default]
 int csqrt (void);
     ^
_configtest.c:15:5: warning: conflicting types for built-in function â€˜cimagâ€™ [enabled by default]
 int cimag (void);
     ^
_configtest.c:16:5: warning: conflicting types for built-in function â€˜csinâ€™ [enabled by default]
 int csin (void);
     ^
_configtest.c:17:5: warning: conflicting types for built-in function â€˜ctanhâ€™ [enabled by default]
 int ctanh (void);
     ^
_configtest.c:18:5: warning: conflicting types for built-in function â€˜cabsâ€™ [enabled by default]
 int cabs (void);
     ^
_configtest.c:19:5: warning: conflicting types for built-in function â€˜crealâ€™ [enabled by default]
 int creal (void);
     ^
_configtest.c:20:5: warning: conflicting types for built-in function â€˜cargâ€™ [enabled by default]
 int carg (void);
     ^
_configtest.c:21:5: warning: conflicting types for built-in function â€˜csinhâ€™ [enabled by default]
 int csinh (void);
     ^
_configtest.c:22:5: warning: conflicting types for built-in function â€˜cexpâ€™ [enabled by default]
 int cexp (void);
     ^
x86_64-linux-gnu-gcc -pthread _configtest.o -lm -o _configtest
success!
removing: _configtest.c _configtest.o _configtest
C compiler: x86_64-linux-gnu-gcc -pthread -g -O0 -Wall -Wstrict-prototypes -Wno-unused-result -g -O0 -Wall -Wstrict-prototypes -g -O0 -fstack-protector --param=ssp-buffer-size=4 -Wformat -Werror=format-security -g -O0 -fstack-protector --param=ssp-buffer-size=4 -Wformat -Werror=format-security -Werror=declaration-after-statement -Werror=vla -Werror=nonnull -Werror=pointer-arith -Wlogical-op -Wno-sign-compare -D_FORTIFY_SOURCE=2 -fPIC

compile options: '-Inumpy/core/src/private -Inumpy/core/src -Inumpy/core -Inumpy/core/src/npymath -Inumpy/core/src/multiarray -Inumpy/core/src/umath -Inumpy/core/src/npysort -I/usr/include/python3.4dm -I/home/travis/build/numpy/numpy/builds/venv/include/python3.4dm -c'
x86_64-linux-gnu-gcc: _configtest.c
_configtest.c:1:5: warning: conflicting types for built-in function â€˜cpowfâ€™ [enabled by default]
 int cpowf (void);
     ^
_configtest.c:2:5: warning: conflicting types for built-in function â€˜crealfâ€™ [enabled by default]
 int crealf (void);
     ^
_configtest.c:3:5: warning: conflicting types for built-in function â€˜cargfâ€™ [enabled by default]
 int cargf (void);
     ^
_configtest.c:4:5: warning: conflicting types for built-in function â€˜csqrtfâ€™ [enabled by default]
 int csqrtf (void);
     ^
_configtest.c:5:5: warning: conflicting types for built-in function â€˜ctanhfâ€™ [enabled by default]
 int ctanhf (void);
     ^
_configtest.c:6:5: warning: conflicting types for built-in function â€˜csinfâ€™ [enabled by default]
 int csinf (void);
     ^
_configtest.c:7:5: warning: conflicting types for built-in function â€˜casinhfâ€™ [enabled by default]
 int casinhf (void);
     ^
_configtest.c:8:5: warning: conflicting types for built-in function â€˜cexpfâ€™ [enabled by default]
 int cexpf (void);
     ^
_configtest.c:9:5: warning: conflicting types for built-in function â€˜ctanfâ€™ [enabled by default]
 int ctanf (void);
     ^
_configtest.c:10:5: warning: conflicting types for built-in function â€˜csinhfâ€™ [enabled by default]
 int csinhf (void);
     ^
_configtest.c:11:5: warning: conflicting types for built-in function â€˜cacoshfâ€™ [enabled by default]
 int cacoshf (void);
     ^
_configtest.c:12:5: warning: conflicting types for built-in function â€˜cprojfâ€™ [enabled by default]
 int cprojf (void);
     ^
_configtest.c:13:5: warning: conflicting types for built-in function â€˜catanhfâ€™ [enabled by default]
 int catanhf (void);
     ^
_configtest.c:14:5: warning: conflicting types for built-in function â€˜cabsfâ€™ [enabled by default]
 int cabsf (void);
     ^
_configtest.c:15:5: warning: conflicting types for built-in function â€˜ccosfâ€™ [enabled by default]
 int ccosf (void);
     ^
_configtest.c:16:5: warning: conflicting types for built-in function â€˜casinfâ€™ [enabled by default]
 int casinf (void);
     ^
_configtest.c:17:5: warning: conflicting types for built-in function â€˜cacosfâ€™ [enabled by default]
 int cacosf (void);
     ^
_configtest.c:18:5: warning: conflicting types for built-in function â€˜catanfâ€™ [enabled by default]
 int catanf (void);
     ^
_configtest.c:19:5: warning: conflicting types for built-in function â€˜clogfâ€™ [enabled by default]
 int clogf (void);
     ^
_configtest.c:20:5: warning: conflicting types for built-in function â€˜cimagfâ€™ [enabled by default]
 int cimagf (void);
     ^
_configtest.c:21:5: warning: conflicting types for built-in function â€˜conjfâ€™ [enabled by default]
 int conjf (void);
     ^
_configtest.c:22:5: warning: conflicting types for built-in function â€˜ccoshfâ€™ [enabled by default]
 int ccoshf (void);
     ^
x86_64-linux-gnu-gcc -pthread _configtest.o -lm -o _configtest
success!
removing: _configtest.c _configtest.o _configtest
C compiler: x86_64-linux-gnu-gcc -pthread -g -O0 -Wall -Wstrict-prototypes -Wno-unused-result -g -O0 -Wall -Wstrict-prototypes -g -O0 -fstack-protector --param=ssp-buffer-size=4 -Wformat -Werror=format-security -g -O0 -fstack-protector --param=ssp-buffer-size=4 -Wformat -Werror=format-security -Werror=declaration-after-statement -Werror=vla -Werror=nonnull -Werror=pointer-arith -Wlogical-op -Wno-sign-compare -D_FORTIFY_SOURCE=2 -fPIC

compile options: '-Inumpy/core/src/private -Inumpy/core/src -Inumpy/core -Inumpy/core/src/npymath -Inumpy/core/src/multiarray -Inumpy/core/src/umath -Inumpy/core/src/npysort -I/usr/include/python3.4dm -I/home/travis/build/numpy/numpy/builds/venv/include/python3.4dm -c'
x86_64-linux-gnu-gcc: _configtest.c
_configtest.c:1:5: warning: conflicting types for built-in function â€˜ctanlâ€™ [enabled by default]
 int ctanl (void);
     ^
_configtest.c:2:5: warning: conflicting types for built-in function â€˜cprojlâ€™ [enabled by default]
 int cprojl (void);
     ^
_configtest.c:3:5: warning: conflicting types for built-in function â€˜csinhlâ€™ [enabled by default]
 int csinhl (void);
     ^
_configtest.c:4:5: warning: conflicting types for built-in function â€˜casinhlâ€™ [enabled by default]
 int casinhl (void);
     ^
_configtest.c:5:5: warning: conflicting types for built-in function â€˜ccoshlâ€™ [enabled by default]
 int ccoshl (void);
     ^
_configtest.c:6:5: warning: conflicting types for built-in function â€˜carglâ€™ [enabled by default]
 int cargl (void);
     ^
_configtest.c:7:5: warning: conflicting types for built-in function â€˜ctanhlâ€™ [enabled by default]
 int ctanhl (void);
     ^
_configtest.c:8:5: warning: conflicting types for built-in function â€˜cacoslâ€™ [enabled by default]
 int cacosl (void);
     ^
_configtest.c:9:5: warning: conflicting types for built-in function â€˜cloglâ€™ [enabled by default]
 int clogl (void);
     ^
_configtest.c:10:5: warning: conflicting types for built-in function â€˜creallâ€™ [enabled by default]
 int creall (void);
     ^
_configtest.c:11:5: warning: conflicting types for built-in function â€˜casinlâ€™ [enabled by default]
 int casinl (void);
     ^
_configtest.c:12:5: warning: conflicting types for built-in function â€˜cexplâ€™ [enabled by default]
 int cexpl (void);
     ^
_configtest.c:13:5: warning: conflicting types for built-in function â€˜csinlâ€™ [enabled by default]
 int csinl (void);
     ^
_configtest.c:14:5: warning: conflicting types for built-in function â€˜cacoshlâ€™ [enabled by default]
 int cacoshl (void);
     ^
_configtest.c:15:5: warning: conflicting types for built-in function â€˜cabslâ€™ [enabled by default]
 int cabsl (void);
     ^
_configtest.c:16:5: warning: conflicting types for built-in function â€˜cimaglâ€™ [enabled by default]
 int cimagl (void);
     ^
_configtest.c:17:5: warning: conflicting types for built-in function â€˜csqrtlâ€™ [enabled by default]
 int csqrtl (void);
     ^
_configtest.c:18:5: warning: conflicting types for built-in function â€˜catanlâ€™ [enabled by default]
 int catanl (void);
     ^
_configtest.c:19:5: warning: conflicting types for built-in function â€˜cpowlâ€™ [enabled by default]
 int cpowl (void);
     ^
_configtest.c:20:5: warning: conflicting types for built-in function â€˜ccoslâ€™ [enabled by default]
 int ccosl (void);
     ^
_configtest.c:21:5: warning: conflicting types for built-in function â€˜conjlâ€™ [enabled by default]
 int conjl (void);
     ^
_configtest.c:22:5: warning: conflicting types for built-in function â€˜catanhlâ€™ [enabled by default]
 int catanhl (void);
     ^
x86_64-linux-gnu-gcc -pthread _configtest.o -lm -o _configtest
success!
removing: _configtest.c _configtest.o _configtest
C compiler: x86_64-linux-gnu-gcc -pthread -g -O0 -Wall -Wstrict-prototypes -Wno-unused-result -g -O0 -Wall -Wstrict-prototypes -g -O0 -fstack-protector --param=ssp-buffer-size=4 -Wformat -Werror=format-security -g -O0 -fstack-protector --param=ssp-buffer-size=4 -Wformat -Werror=format-security -Werror=declaration-after-statement -Werror=vla -Werror=nonnull -Werror=pointer-arith -Wlogical-op -Wno-sign-compare -D_FORTIFY_SOURCE=2 -fPIC

compile options: '-Inumpy/core/src/private -Inumpy/core/src -Inumpy/core -Inumpy/core/src/npymath -Inumpy/core/src/multiarray -Inumpy/core/src/umath -Inumpy/core/src/npysort -I/usr/include/python3.4dm -I/home/travis/build/numpy/numpy/builds/venv/include/python3.4dm -c'
x86_64-linux-gnu-gcc: _configtest.c
_configtest.c:2:41: error: expected â€˜;â€™, â€˜,â€™ or â€˜)â€™ before â€˜aâ€™
 static int static_func (char * restrict a)
                                         ^
_configtest.c:2:41: error: expected â€˜;â€™, â€˜,â€™ or â€˜)â€™ before â€˜aâ€™
 static int static_func (char * restrict a)
                                         ^
failure.
removing: _configtest.c _configtest.o
C compiler: x86_64-linux-gnu-gcc -pthread -g -O0 -Wall -Wstrict-prototypes -Wno-unused-result -g -O0 -Wall -Wstrict-prototypes -g -O0 -fstack-protector --param=ssp-buffer-size=4 -Wformat -Werror=format-security -g -O0 -fstack-protector --param=ssp-buffer-size=4 -Wformat -Werror=format-security -Werror=declaration-after-statement -Werror=vla -Werror=nonnull -Werror=pointer-arith -Wlogical-op -Wno-sign-compare -D_FORTIFY_SOURCE=2 -fPIC

compile options: '-Inumpy/core/src/private -Inumpy/core/src -Inumpy/core -Inumpy/core/src/npymath -Inumpy/core/src/multiarray -Inumpy/core/src/umath -Inumpy/core/src/npysort -I/usr/include/python3.4dm -I/home/travis/build/numpy/numpy/builds/venv/include/python3.4dm -c'
x86_64-linux-gnu-gcc: _configtest.c
_configtest.c:2:12: warning: â€˜static_funcâ€™ defined but not used [-Wunused-function]
 static int static_func (char * __restrict__ a)
            ^
success!
removing: _configtest.c _configtest.o
C compiler: x86_64-linux-gnu-gcc -pthread -g -O0 -Wall -Wstrict-prototypes -Wno-unused-result -g -O0 -Wall -Wstrict-prototypes -g -O0 -fstack-protector --param=ssp-buffer-size=4 -Wformat -Werror=format-security -g -O0 -fstack-protector --param=ssp-buffer-size=4 -Wformat -Werror=format-security -Werror=declaration-after-statement -Werror=vla -Werror=nonnull -Werror=pointer-arith -Wlogical-op -Wno-sign-compare -D_FORTIFY_SOURCE=2 -fPIC

compile options: '-Inumpy/core/src/private -Inumpy/core/src -Inumpy/core -Inumpy/core/src/npymath -Inumpy/core/src/multiarray -Inumpy/core/src/umath -Inumpy/core/src/npysort -I/usr/include/python3.4dm -I/home/travis/build/numpy/numpy/builds/venv/include/python3.4dm -c'
x86_64-linux-gnu-gcc: _configtest.c
success!
removing: _configtest.c _configtest.o
C compiler: x86_64-linux-gnu-gcc -pthread -g -O0 -Wall -Wstrict-prototypes -Wno-unused-result -g -O0 -Wall -Wstrict-prototypes -g -O0 -fstack-protector --param=ssp-buffer-size=4 -Wformat -Werror=format-security -g -O0 -fstack-protector --param=ssp-buffer-size=4 -Wformat -Werror=format-security -Werror=declaration-after-statement -Werror=vla -Werror=nonnull -Werror=pointer-arith -Wlogical-op -Wno-sign-compare -D_FORTIFY_SOURCE=2 -fPIC

compile options: '-Inumpy/core/src/private -Inumpy/core/src -Inumpy/core -Inumpy/core/src/npymath -Inumpy/core/src/multiarray -Inumpy/core/src/umath -Inumpy/core/src/npysort -I/usr/include/python3.4dm -I/home/travis/build/numpy/numpy/builds/venv/include/python3.4dm -c'
x86_64-linux-gnu-gcc: _configtest.c
removing: _configtest.c _configtest.o
File: numpy/core/include/numpy/config.h
#define HAVE_ENDIAN_H 1
#define SIZEOF_PY_INTPTR_T 8
#define SIZEOF_OFF_T 8
#define SIZEOF_PY_LONG_LONG 8
#define MATHLIB m
#define HAVE_SIN 1
#define HAVE_COS 1
#define HAVE_TAN 1
#define HAVE_SINH 1
#define HAVE_COSH 1
#define HAVE_TANH 1
#define HAVE_FABS 1
#define HAVE_FLOOR 1
#define HAVE_CEIL 1
#define HAVE_SQRT 1
#define HAVE_LOG10 1
#define HAVE_LOG 1
#define HAVE_EXP 1
#define HAVE_ASIN 1
#define HAVE_ACOS 1
#define HAVE_ATAN 1
#define HAVE_FMOD 1
#define HAVE_MODF 1
#define HAVE_FREXP 1
#define HAVE_LDEXP 1
#define HAVE_RINT 1
#define HAVE_TRUNC 1
#define HAVE_EXP2 1
#define HAVE_LOG2 1
#define HAVE_ATAN2 1
#define HAVE_POW 1
#define HAVE_NEXTAFTER 1
#define HAVE_STRTOLL 1
#define HAVE_STRTOULL 1
#define HAVE_CBRT 1
#define HAVE_STRTOLD_L 1
#define HAVE_FALLOCATE 1
#define HAVE_BACKTRACE 1
#define HAVE_XMMINTRIN_H 1
#define HAVE_EMMINTRIN_H 1
#define HAVE_FEATURES_H 1
#define HAVE_XLOCALE_H 1
#define HAVE_DLFCN_H 1
#define HAVE___BUILTIN_ISNAN 1
#define HAVE___BUILTIN_ISINF 1
#define HAVE___BUILTIN_ISFINITE 1
#define HAVE___BUILTIN_BSWAP32 1
#define HAVE___BUILTIN_BSWAP64 1
#define HAVE___BUILTIN_EXPECT 1
#define HAVE___BUILTIN_CPU_SUPPORTS 1
#define HAVE__M_FROM_INT64 1
#define HAVE__MM_LOAD_PS 1
#define HAVE__MM_PREFETCH 1
#define HAVE__MM_LOAD_PD 1
#define HAVE___BUILTIN_PREFETCH 1
#define HAVE_LINK_AVX 1
#define HAVE_LINK_AVX2 1
#define HAVE_ATTRIBUTE_OPTIMIZE_UNROLL_LOOPS 1
#define HAVE_ATTRIBUTE_OPTIMIZE_OPT_3 1
#define HAVE_ATTRIBUTE_NONNULL 1
#define HAVE_ATTRIBUTE_TARGET_AVX 1
#define HAVE_ATTRIBUTE_TARGET_AVX2 1
#define HAVE___THREAD 1
#define HAVE_SINF 1
#define HAVE_COSF 1
#define HAVE_TANF 1
#define HAVE_SINHF 1
#define HAVE_COSHF 1
#define HAVE_TANHF 1
#define HAVE_FABSF 1
#define HAVE_FLOORF 1
#define HAVE_CEILF 1
#define HAVE_RINTF 1
#define HAVE_TRUNCF 1
#define HAVE_SQRTF 1
#define HAVE_LOG10F 1
#define HAVE_LOGF 1
#define HAVE_LOG1PF 1
#define HAVE_EXPF 1
#define HAVE_EXPM1F 1
#define HAVE_ASINF 1
#define HAVE_ACOSF 1
#define HAVE_ATANF 1
#define HAVE_ASINHF 1
#define HAVE_ACOSHF 1
#define HAVE_ATANHF 1
#define HAVE_HYPOTF 1
#define HAVE_ATAN2F 1
#define HAVE_POWF 1
#define HAVE_FMODF 1
#define HAVE_MODFF 1
#define HAVE_FREXPF 1
#define HAVE_LDEXPF 1
#define HAVE_EXP2F 1
#define HAVE_LOG2F 1
#define HAVE_COPYSIGNF 1
#define HAVE_NEXTAFTERF 1
#define HAVE_CBRTF 1
#define HAVE_SINL 1
#define HAVE_COSL 1
#define HAVE_TANL 1
#define HAVE_SINHL 1
#define HAVE_COSHL 1
#define HAVE_TANHL 1
#define HAVE_FABSL 1
#define HAVE_FLOORL 1
#define HAVE_CEILL 1
#define HAVE_RINTL 1
#define HAVE_TRUNCL 1
#define HAVE_SQRTL 1
#define HAVE_LOG10L 1
#define HAVE_LOGL 1
#define HAVE_LOG1PL 1
#define HAVE_EXPL 1
#define HAVE_EXPM1L 1
#define HAVE_ASINL 1
#define HAVE_ACOSL 1
#define HAVE_ATANL 1
#define HAVE_ASINHL 1
#define HAVE_ACOSHL 1
#define HAVE_ATANHL 1
#define HAVE_HYPOTL 1
#define HAVE_ATAN2L 1
#define HAVE_POWL 1
#define HAVE_FMODL 1
#define HAVE_MODFL 1
#define HAVE_FREXPL 1
#define HAVE_LDEXPL 1
#define HAVE_EXP2L 1
#define HAVE_LOG2L 1
#define HAVE_COPYSIGNL 1
#define HAVE_NEXTAFTERL 1
#define HAVE_CBRTL 1
#define HAVE_DECL_SIGNBIT
#define HAVE_COMPLEX_H 1
#define HAVE_CABS 1
#define HAVE_CACOS 1
#define HAVE_CACOSH 1
#define HAVE_CARG 1
#define HAVE_CASIN 1
#define HAVE_CASINH 1
#define HAVE_CATAN 1
#define HAVE_CATANH 1
#define HAVE_CCOS 1
#define HAVE_CCOSH 1
#define HAVE_CEXP 1
#define HAVE_CIMAG 1
#define HAVE_CLOG 1
#define HAVE_CONJ 1
#define HAVE_CPOW 1
#define HAVE_CPROJ 1
#define HAVE_CREAL 1
#define HAVE_CSIN 1
#define HAVE_CSINH 1
#define HAVE_CSQRT 1
#define HAVE_CTAN 1
#define HAVE_CTANH 1
#define HAVE_CABSF 1
#define HAVE_CACOSF 1
#define HAVE_CACOSHF 1
#define HAVE_CARGF 1
#define HAVE_CASINF 1
#define HAVE_CASINHF 1
#define HAVE_CATANF 1
#define HAVE_CATANHF 1
#define HAVE_CCOSF 1
#define HAVE_CCOSHF 1
#define HAVE_CEXPF 1
#define HAVE_CIMAGF 1
#define HAVE_CLOGF 1
#define HAVE_CONJF 1
#define HAVE_CPOWF 1
#define HAVE_CPROJF 1
#define HAVE_CREALF 1
#define HAVE_CSINF 1
#define HAVE_CSINHF 1
#define HAVE_CSQRTF 1
#define HAVE_CTANF 1
#define HAVE_CTANHF 1
#define HAVE_CABSL 1
#define HAVE_CACOSL 1
#define HAVE_CACOSHL 1
#define HAVE_CARGL 1
#define HAVE_CASINL 1
#define HAVE_CASINHL 1
#define HAVE_CATANL 1
#define HAVE_CATANHL 1
#define HAVE_CCOSL 1
#define HAVE_CCOSHL 1
#define HAVE_CEXPL 1
#define HAVE_CIMAGL 1
#define HAVE_CLOGL 1
#define HAVE_CONJL 1
#define HAVE_CPOWL 1
#define HAVE_CPROJL 1
#define HAVE_CREALL 1
#define HAVE_CSINL 1
#define HAVE_CSINHL 1
#define HAVE_CSQRTL 1
#define HAVE_CTANL 1
#define HAVE_CTANHL 1
#define NPY_RESTRICT __restrict__
#define NPY_RELAXED_STRIDES_CHECKING 1
#define HAVE_LDOUBLE_INTEL_EXTENDED_16_BYTES_LE 1
#define NPY_PY3K 1
#ifndef __cplusplus
/* #undef inline */
#endif

#ifndef _NPY_NPY_CONFIG_H_
#error config.h should never be included directly, include npy_config.h instead
#endif

EOF
  adding 'numpy/core/include/numpy/config.h' to sources.
Generating numpy/core/include/numpy/_numpyconfig.h
C compiler: x86_64-linux-gnu-gcc -pthread -g -O0 -Wall -Wstrict-prototypes -Wno-unused-result -g -O0 -Wall -Wstrict-prototypes -g -O0 -fstack-protector --param=ssp-buffer-size=4 -Wformat -Werror=format-security -g -O0 -fstack-protector --param=ssp-buffer-size=4 -Wformat -Werror=format-security -Werror=declaration-after-statement -Werror=vla -Werror=nonnull -Werror=pointer-arith -Wlogical-op -Wno-sign-compare -D_FORTIFY_SOURCE=2 -fPIC

compile options: '-Inumpy/core/src/private -Inumpy/core/src -Inumpy/core -Inumpy/core/src/npymath -Inumpy/core/src/multiarray -Inumpy/core/src/umath -Inumpy/core/src/npysort -I/usr/include/python3.4dm -I/home/travis/build/numpy/numpy/builds/venv/include/python3.4dm -c'
x86_64-linux-gnu-gcc: _configtest.c
_configtest.c:1:5: warning: conflicting types for built-in function â€˜expâ€™ [enabled by default]
 int exp (void);
     ^
x86_64-linux-gnu-gcc -pthread _configtest.o -o _configtest
_configtest.o: In function `main':
/home/travis/build/numpy/numpy/_configtest.c:6: undefined reference to `exp'
collect2: error: ld returned 1 exit status
_configtest.o: In function `main':
/home/travis/build/numpy/numpy/_configtest.c:6: undefined reference to `exp'
collect2: error: ld returned 1 exit status
failure.
removing: _configtest.c _configtest.o
C compiler: x86_64-linux-gnu-gcc -pthread -g -O0 -Wall -Wstrict-prototypes -Wno-unused-result -g -O0 -Wall -Wstrict-prototypes -g -O0 -fstack-protector --param=ssp-buffer-size=4 -Wformat -Werror=format-security -g -O0 -fstack-protector --param=ssp-buffer-size=4 -Wformat -Werror=format-security -Werror=declaration-after-statement -Werror=vla -Werror=nonnull -Werror=pointer-arith -Wlogical-op -Wno-sign-compare -D_FORTIFY_SOURCE=2 -fPIC

compile options: '-Inumpy/core/src/private -Inumpy/core/src -Inumpy/core -Inumpy/core/src/npymath -Inumpy/core/src/multiarray -Inumpy/core/src/umath -Inumpy/core/src/npysort -I/usr/include/python3.4dm -I/home/travis/build/numpy/numpy/builds/venv/include/python3.4dm -c'
x86_64-linux-gnu-gcc: _configtest.c
_configtest.c:1:5: warning: conflicting types for built-in function â€˜expâ€™ [enabled by default]
 int exp (void);
     ^
x86_64-linux-gnu-gcc -pthread _configtest.o -lm -o _configtest
success!
removing: _configtest.c _configtest.o _configtest
C compiler: x86_64-linux-gnu-gcc -pthread -g -O0 -Wall -Wstrict-prototypes -Wno-unused-result -g -O0 -Wall -Wstrict-prototypes -g -O0 -fstack-protector --param=ssp-buffer-size=4 -Wformat -Werror=format-security -g -O0 -fstack-protector --param=ssp-buffer-size=4 -Wformat -Werror=format-security -Werror=declaration-after-statement -Werror=vla -Werror=nonnull -Werror=pointer-arith -Wlogical-op -Wno-sign-compare -D_FORTIFY_SOURCE=2 -fPIC

compile options: '-Inumpy/core/src/private -Inumpy/core/src -Inumpy/core -Inumpy/core/src/npymath -Inumpy/core/src/multiarray -Inumpy/core/src/umath -Inumpy/core/src/npysort -I/usr/include/python3.4dm -I/home/travis/build/numpy/numpy/builds/venv/include/python3.4dm -c'
x86_64-linux-gnu-gcc: _configtest.c
success!
removing: _configtest.c _configtest.o
C compiler: x86_64-linux-gnu-gcc -pthread -g -O0 -Wall -Wstrict-prototypes -Wno-unused-result -g -O0 -Wall -Wstrict-prototypes -g -O0 -fstack-protector --param=ssp-buffer-size=4 -Wformat -Werror=format-security -g -O0 -fstack-protector --param=ssp-buffer-size=4 -Wformat -Werror=format-security -Werror=declaration-after-statement -Werror=vla -Werror=nonnull -Werror=pointer-arith -Wlogical-op -Wno-sign-compare -D_FORTIFY_SOURCE=2 -fPIC

compile options: '-Inumpy/core/src/private -Inumpy/core/src -Inumpy/core -Inumpy/core/src/npymath -Inumpy/core/src/multiarray -Inumpy/core/src/umath -Inumpy/core/src/npysort -I/usr/include/python3.4dm -I/home/travis/build/numpy/numpy/builds/venv/include/python3.4dm -c'
x86_64-linux-gnu-gcc: _configtest.c
_configtest.c:3:1: warning: function declaration isnâ€™t a prototype [-Wstrict-prototypes]
 main()
 ^
success!
removing: _configtest.c _configtest.o
File: numpy/core/include/numpy/_numpyconfig.h
#define NPY_HAVE_ENDIAN_H 1
#define NPY_SIZEOF_SHORT SIZEOF_SHORT
#define NPY_SIZEOF_INT SIZEOF_INT
#define NPY_SIZEOF_LONG SIZEOF_LONG
#define NPY_SIZEOF_FLOAT 4
#define NPY_SIZEOF_COMPLEX_FLOAT 8
#define NPY_SIZEOF_DOUBLE 8
#define NPY_SIZEOF_COMPLEX_DOUBLE 16
#define NPY_SIZEOF_LONGDOUBLE 16
#define NPY_SIZEOF_COMPLEX_LONGDOUBLE 32
#define NPY_SIZEOF_PY_INTPTR_T 8
#define NPY_SIZEOF_OFF_T 8
#define NPY_SIZEOF_PY_LONG_LONG 8
#define NPY_SIZEOF_LONGLONG 8
#define NPY_NO_SMP 0
#define NPY_HAVE_DECL_ISNAN
#define NPY_HAVE_DECL_ISINF
#define NPY_HAVE_DECL_ISFINITE
#define NPY_HAVE_DECL_SIGNBIT
#define NPY_USE_C99_COMPLEX 1
#define NPY_HAVE_COMPLEX_DOUBLE 1
#define NPY_HAVE_COMPLEX_FLOAT 1
#define NPY_HAVE_COMPLEX_LONG_DOUBLE 1
#define NPY_RELAXED_STRIDES_CHECKING 1
#define NPY_USE_C99_FORMATS 1
#define NPY_VISIBILITY_HIDDEN __attribute__((visibility("hidden")))
#define NPY_ABI_VERSION 0x01000009
#define NPY_API_VERSION 0x0000000C

#ifndef __STDC_FORMAT_MACROS
#define __STDC_FORMAT_MACROS 1
#endif

EOF
  adding 'numpy/core/include/numpy/_numpyconfig.h' to sources.
executing numpy/core/code_generators/generate_numpy_api.py
  adding 'numpy/core/include/numpy/__multiarray_api.h' to sources.
numpy.core - nothing done with h_files = ['numpy/core/include/numpy/config.h', 'numpy/core/include/numpy/_numpyconfig.h', 'numpy/core/include/numpy/__multiarray_api.h']
building extension "numpy.core.multiarray" sources
  adding 'numpy/core/include/numpy/config.h' to sources.
  adding 'numpy/core/include/numpy/_numpyconfig.h' to sources.
executing numpy/core/code_generators/generate_numpy_api.py
  adding 'numpy/core/include/numpy/__multiarray_api.h' to sources.
conv_template:> numpy/core/src/multiarray/arraytypes.c
conv_template:> numpy/core/src/multiarray/einsum.c
conv_template:> numpy/core/src/multiarray/lowlevel_strided_loops.c
conv_template:> numpy/core/src/multiarray/nditer_templ.c
conv_template:> numpy/core/src/multiarray/scalartypes.c
conv_template:> numpy/core/src/private/templ_common.h
  adding 'numpy/core/src/private' to include_dirs.
numpy.core - nothing done with h_files = ['numpy/core/src/private/templ_common.h', 'numpy/core/include/numpy/config.h', 'numpy/core/include/numpy/_numpyconfig.h', 'numpy/core/include/numpy/__multiarray_api.h']
building extension "numpy.core.umath" sources
  adding 'numpy/core/include/numpy/config.h' to sources.
  adding 'numpy/core/include/numpy/_numpyconfig.h' to sources.
executing numpy/core/code_generators/generate_ufunc_api.py
  adding 'numpy/core/include/numpy/__ufunc_api.h' to sources.
conv_template:> numpy/core/src/umath/funcs.inc
  adding 'numpy/core/src/umath' to include_dirs.
conv_template:> numpy/core/src/umath/simd.inc
conv_template:> numpy/core/src/umath/loops.h
conv_template:> numpy/core/src/umath/loops.c
conv_template:> numpy/core/src/umath/scalarmath.c
numpy.core - nothing done with h_files = ['numpy/core/src/umath/funcs.inc', 'numpy/core/src/umath/simd.inc', 'numpy/core/src/umath/loops.h', 'numpy/core/include/numpy/config.h', 'numpy/core/include/numpy/_numpyconfig.h', 'numpy/core/include/numpy/__ufunc_api.h']
building extension "numpy.core.umath_tests" sources
conv_template:> numpy/core/src/umath/umath_tests.c
building extension "numpy.core.test_rational" sources
conv_template:> numpy/core/src/umath/test_rational.c
building extension "numpy.core.struct_ufunc_test" sources
conv_template:> numpy/core/src/umath/struct_ufunc_test.c
building extension "numpy.core.multiarray_tests" sources
conv_template:> numpy/core/src/multiarray/multiarray_tests.c
building extension "numpy.core.operand_flag_tests" sources
conv_template:> numpy/core/src/umath/operand_flag_tests.c
building extension "numpy.fft.fftpack_lite" sources
building extension "numpy.linalg.lapack_lite" sources
  adding 'numpy/linalg/lapack_lite/python_xerbla.c' to sources.
building extension "numpy.linalg._umath_linalg" sources
  adding 'numpy/linalg/lapack_lite/python_xerbla.c' to sources.
conv_template:> numpy/linalg/umath_linalg.c
building extension "numpy.random.mtrand" sources
building data_files sources
build_src: building npy-pkg config files
customize UnixCCompiler
customize UnixCCompiler using build_clib
building 'npymath' library
compiling C sources
C compiler: x86_64-linux-gnu-gcc -pthread -g -O0 -Wall -Wstrict-prototypes -Wno-unused-result -g -O0 -Wall -Wstrict-prototypes -g -O0 -fstack-protector --param=ssp-buffer-size=4 -Wformat -Werror=format-security -g -O0 -fstack-protector --param=ssp-buffer-size=4 -Wformat -Werror=format-security -Werror=declaration-after-statement -Werror=vla -Werror=nonnull -Werror=pointer-arith -Wlogical-op -Wno-sign-compare -D_FORTIFY_SOURCE=2 -fPIC

creating build/temp.linux-x86_64-3.4-pydebug
creating build/temp.linux-x86_64-3.4-pydebug/numpy
creating build/temp.linux-x86_64-3.4-pydebug/numpy/core
creating build/temp.linux-x86_64-3.4-pydebug/numpy/core/src
creating build/temp.linux-x86_64-3.4-pydebug/numpy/core/src/npymath
compile options: '-Inumpy/core/src/npymath -Inumpy/core/include -Inumpy/core/include/numpy -Inumpy/core/src/private -Inumpy/core/src -Inumpy/core -Inumpy/core/src/npymath -Inumpy/core/src/multiarray -Inumpy/core/src/umath -Inumpy/core/src/npysort -I/usr/include/python3.4dm -I/home/travis/build/numpy/numpy/builds/venv/include/python3.4dm -Inumpy/core/src/private -Inumpy/core/src/npymath -Inumpy/core/src/private -Inumpy/core/src/npymath -Inumpy/core/src/private -Inumpy/core/src/npymath -c'
x86_64-linux-gnu-gcc: numpy/core/src/npymath/npy_math_complex.c
x86_64-linux-gnu-gcc: numpy/core/src/npymath/ieee754.c
x86_64-linux-gnu-gcc: numpy/core/src/npymath/npy_math.c
x86_64-linux-gnu-gcc: numpy/core/src/npymath/halffloat.c
x86_64-linux-gnu-gcc-ar: adding 4 object files to build/temp.linux-x86_64-3.4-pydebug/libnpymath.a
building 'npysort' library
compiling C sources
C compiler: x86_64-linux-gnu-gcc -pthread -g -O0 -Wall -Wstrict-prototypes -Wno-unused-result -g -O0 -Wall -Wstrict-prototypes -g -O0 -fstack-protector --param=ssp-buffer-size=4 -Wformat -Werror=format-security -g -O0 -fstack-protector --param=ssp-buffer-size=4 -Wformat -Werror=format-security -Werror=declaration-after-statement -Werror=vla -Werror=nonnull -Werror=pointer-arith -Wlogical-op -Wno-sign-compare -D_FORTIFY_SOURCE=2 -fPIC

creating build/temp.linux-x86_64-3.4-pydebug/numpy/core/src/npysort
compile options: '-Inumpy/core/src/private -Inumpy/core/include -Inumpy/core/include/numpy -Inumpy/core/src/private -Inumpy/core/src -Inumpy/core -Inumpy/core/src/npymath -Inumpy/core/src/multiarray -Inumpy/core/src/umath -Inumpy/core/src/npysort -I/usr/include/python3.4dm -I/home/travis/build/numpy/numpy/builds/venv/include/python3.4dm -Inumpy/core/src/private -Inumpy/core/src/npymath -Inumpy/core/src/private -Inumpy/core/src/npymath -Inumpy/core/src/private -Inumpy/core/src/npymath -c'
x86_64-linux-gnu-gcc: numpy/core/src/npysort/mergesort.c
x86_64-linux-gnu-gcc: numpy/core/src/npysort/heapsort.c
x86_64-linux-gnu-gcc: numpy/core/src/npysort/binsearch.c
x86_64-linux-gnu-gcc: numpy/core/src/npysort/selection.c
x86_64-linux-gnu-gcc: numpy/core/src/npysort/quicksort.c
x86_64-linux-gnu-gcc-ar: adding 5 object files to build/temp.linux-x86_64-3.4-pydebug/libnpysort.a
customize UnixCCompiler
customize UnixCCompiler using build_ext
get_default_fcompiler: matching types: '['gnu95', 'intel', 'lahey', 'pg', 'absoft', 'nag', 'vast', 'compaq', 'intele', 'intelem', 'gnu', 'g95', 'pathf95', 'nagfor']'
customize Gnu95FCompiler
customize Gnu95FCompiler
customize Gnu95FCompiler using build_ext
building 'numpy.core._dummy' extension
compiling C sources
C compiler: x86_64-linux-gnu-gcc -pthread -g -O0 -Wall -Wstrict-prototypes -Wno-unused-result -g -O0 -Wall -Wstrict-prototypes -g -O0 -fstack-protector --param=ssp-buffer-size=4 -Wformat -Werror=format-security -g -O0 -fstack-protector --param=ssp-buffer-size=4 -Wformat -Werror=format-security -Werror=declaration-after-statement -Werror=vla -Werror=nonnull -Werror=pointer-arith -Wlogical-op -Wno-sign-compare -D_FORTIFY_SOURCE=2 -fPIC

compile options: '-DNPY_INTERNAL_BUILD=1 -DHAVE_NPY_CONFIG_H=1 -D_FILE_OFFSET_BITS=64 -D_LARGEFILE_SOURCE=1 -D_LARGEFILE64_SOURCE=1 -Inumpy/core/include -Inumpy/core/include/numpy -Inumpy/core/src/private -Inumpy/core/src -Inumpy/core -Inumpy/core/src/npymath -Inumpy/core/src/multiarray -Inumpy/core/src/umath -Inumpy/core/src/npysort -I/usr/include/python3.4dm -I/home/travis/build/numpy/numpy/builds/venv/include/python3.4dm -Inumpy/core/src/private -Inumpy/core/src/npymath -Inumpy/core/src/private -Inumpy/core/src/npymath -Inumpy/core/src/private -Inumpy/core/src/npymath -c'
x86_64-linux-gnu-gcc: numpy/core/src/dummymodule.c
x86_64-linux-gnu-gcc -pthread -shared -Wl,-O1 -Wl,-Bsymbolic-functions -Wl,-Bsymbolic-functions -Wl,-z,relro -Wl,-Bsymbolic-functions -Wl,-z,relro -Wno-unused-result -g -O0 -Wall -Wstrict-prototypes -g -O0 -fstack-protector --param=ssp-buffer-size=4 -Wformat -Werror=format-security -g -O0 -fstack-protector --param=ssp-buffer-size=4 -Wformat -Werror=format-security -Werror=declaration-after-statement -Werror=vla -Werror=nonnull -Werror=pointer-arith -Wlogical-op -Wno-sign-compare -D_FORTIFY_SOURCE=2 build/temp.linux-x86_64-3.4-pydebug/numpy/core/src/dummymodule.o -Lbuild/temp.linux-x86_64-3.4-pydebug -lm -o numpy/core/_dummy.cpython-34dm.so
building 'numpy.core.multiarray' extension
compiling C sources
C compiler: x86_64-linux-gnu-gcc -pthread -g -O0 -Wall -Wstrict-prototypes -Wno-unused-result -g -O0 -Wall -Wstrict-prototypes -g -O0 -fstack-protector --param=ssp-buffer-size=4 -Wformat -Werror=format-security -g -O0 -fstack-protector --param=ssp-buffer-size=4 -Wformat -Werror=format-security -Werror=declaration-after-statement -Werror=vla -Werror=nonnull -Werror=pointer-arith -Wlogical-op -Wno-sign-compare -D_FORTIFY_SOURCE=2 -fPIC

creating build/temp.linux-x86_64-3.4-pydebug/numpy/core/src/multiarray
creating build/temp.linux-x86_64-3.4-pydebug/numpy/core/src/private
compile options: '-DNPY_INTERNAL_BUILD=1 -DHAVE_NPY_CONFIG_H=1 -D_FILE_OFFSET_BITS=64 -D_LARGEFILE_SOURCE=1 -D_LARGEFILE64_SOURCE=1 -DHAVE_CBLAS -DATLAS_INFO="\"3.10.1\"" -I/usr/include/atlas -Inumpy/core/src/private -Inumpy/core/include -Inumpy/core/include/numpy -Inumpy/core/src/private -Inumpy/core/src -Inumpy/core -Inumpy/core/src/npymath -Inumpy/core/src/multiarray -Inumpy/core/src/umath -Inumpy/core/src/npysort -I/usr/include/python3.4dm -I/home/travis/build/numpy/numpy/builds/venv/include/python3.4dm -Inumpy/core/src/private -Inumpy/core/src/npymath -Inumpy/core/src/private -Inumpy/core/src/npymath -Inumpy/core/src/private -Inumpy/core/src/npymath -c'
x86_64-linux-gnu-gcc: numpy/core/src/multiarray/descriptor.c
x86_64-linux-gnu-gcc: numpy/core/src/multiarray/array_assign_scalar.c
x86_64-linux-gnu-gcc: numpy/core/src/multiarray/alloc.c
x86_64-linux-gnu-gcc: numpy/core/src/multiarray/einsum.c
x86_64-linux-gnu-gcc: numpy/core/src/multiarray/scalarapi.c
x86_64-linux-gnu-gcc: numpy/core/src/multiarray/compiled_base.c
x86_64-linux-gnu-gcc: numpy/core/src/multiarray/flagsobject.c
x86_64-linux-gnu-gcc: numpy/core/src/multiarray/python_xerbla.c
x86_64-linux-gnu-gcc: numpy/core/src/multiarray/calculation.c
x86_64-linux-gnu-gcc: numpy/core/src/private/mem_overlap.c
x86_64-linux-gnu-gcc: numpy/core/src/private/npy_longdouble.c
x86_64-linux-gnu-gcc: numpy/core/src/multiarray/nditer_pywrap.c
x86_64-linux-gnu-gcc: numpy/core/src/multiarray/numpyos.c
x86_64-linux-gnu-gcc: numpy/core/src/multiarray/common.c
x86_64-linux-gnu-gcc: numpy/core/src/multiarray/datetime_strings.c
x86_64-linux-gnu-gcc: numpy/core/src/multiarray/refcount.c
x86_64-linux-gnu-gcc: numpy/core/src/multiarray/arrayobject.c
x86_64-linux-gnu-gcc: numpy/core/src/multiarray/lowlevel_strided_loops.c
x86_64-linux-gnu-gcc: numpy/core/src/multiarray/arraytypes.c
x86_64-linux-gnu-gcc: numpy/core/src/multiarray/temp_elide.c
x86_64-linux-gnu-gcc: numpy/core/src/multiarray/datetime_busday.c
x86_64-linux-gnu-gcc: numpy/core/src/multiarray/datetime_busdaycal.c
x86_64-linux-gnu-gcc: numpy/core/src/multiarray/number.c
x86_64-linux-gnu-gcc: numpy/core/src/multiarray/iterators.c
x86_64-linux-gnu-gcc: numpy/core/src/multiarray/dtype_transfer.c
x86_64-linux-gnu-gcc: numpy/core/src/multiarray/array_assign.c
x86_64-linux-gnu-gcc: numpy/core/src/multiarray/hashdescr.c
x86_64-linux-gnu-gcc: numpy/core/src/multiarray/multiarraymodule.c
x86_64-linux-gnu-gcc: numpy/core/src/multiarray/conversion_utils.c
x86_64-linux-gnu-gcc: numpy/core/src/multiarray/convert.c
x86_64-linux-gnu-gcc: numpy/core/src/multiarray/item_selection.c
x86_64-linux-gnu-gcc: numpy/core/src/multiarray/usertypes.c
x86_64-linux-gnu-gcc: numpy/core/src/multiarray/vdot.c
x86_64-linux-gnu-gcc: numpy/core/src/multiarray/nditer_api.c
x86_64-linux-gnu-gcc: numpy/core/src/multiarray/methods.c
x86_64-linux-gnu-gcc: numpy/core/src/multiarray/sequence.c
x86_64-linux-gnu-gcc: numpy/core/src/multiarray/datetime.c
x86_64-linux-gnu-gcc: numpy/core/src/multiarray/strfuncs.c
x86_64-linux-gnu-gcc: numpy/core/src/multiarray/nditer_constr.c
x86_64-linux-gnu-gcc: numpy/core/src/multiarray/shape.c
x86_64-linux-gnu-gcc: numpy/core/src/multiarray/nditer_templ.c
x86_64-linux-gnu-gcc: numpy/core/src/multiarray/convert_datatype.c
x86_64-linux-gnu-gcc: numpy/core/src/multiarray/mapping.c
x86_64-linux-gnu-gcc: numpy/core/src/multiarray/ucsnarrow.c
x86_64-linux-gnu-gcc: numpy/core/src/multiarray/dragon4.c
x86_64-linux-gnu-gcc: numpy/core/src/multiarray/cblasfuncs.c
x86_64-linux-gnu-gcc: numpy/core/src/multiarray/scalartypes.c
x86_64-linux-gnu-gcc: numpy/core/src/multiarray/ctors.c
x86_64-linux-gnu-gcc: numpy/core/src/multiarray/buffer.c
x86_64-linux-gnu-gcc: numpy/core/src/private/ufunc_override.c
x86_64-linux-gnu-gcc: numpy/core/src/multiarray/getset.c
x86_64-linux-gnu-gcc: numpy/core/src/multiarray/array_assign_array.c
x86_64-linux-gnu-gcc -pthread -shared -Wl,-O1 -Wl,-Bsymbolic-functions -Wl,-Bsymbolic-functions -Wl,-z,relro -Wl,-Bsymbolic-functions -Wl,-z,relro -Wno-unused-result -g -O0 -Wall -Wstrict-prototypes -g -O0 -fstack-protector --param=ssp-buffer-size=4 -Wformat -Werror=format-security -g -O0 -fstack-protector --param=ssp-buffer-size=4 -Wformat -Werror=format-security -Werror=declaration-after-statement -Werror=vla -Werror=nonnull -Werror=pointer-arith -Wlogical-op -Wno-sign-compare -D_FORTIFY_SOURCE=2 build/temp.linux-x86_64-3.4-pydebug/numpy/core/src/multiarray/alloc.o build/temp.linux-x86_64-3.4-pydebug/numpy/core/src/multiarray/arrayobject.o build/temp.linux-x86_64-3.4-pydebug/numpy/core/src/multiarray/arraytypes.o build/temp.linux-x86_64-3.4-pydebug/numpy/core/src/multiarray/array_assign.o build/temp.linux-x86_64-3.4-pydebug/numpy/core/src/multiarray/array_assign_scalar.o build/temp.linux-x86_64-3.4-pydebug/numpy/core/src/multiarray/array_assign_array.o build/temp.linux-x86_64-3.4-pydebug/numpy/core/src/multiarray/buffer.o build/temp.linux-x86_64-3.4-pydebug/numpy/core/src/multiarray/calculation.o build/temp.linux-x86_64-3.4-pydebug/numpy/core/src/multiarray/compiled_base.o build/temp.linux-x86_64-3.4-pydebug/numpy/core/src/multiarray/common.o build/temp.linux-x86_64-3.4-pydebug/numpy/core/src/multiarray/convert.o build/temp.linux-x86_64-3.4-pydebug/numpy/core/src/multiarray/convert_datatype.o build/temp.linux-x86_64-3.4-pydebug/numpy/core/src/multiarray/conversion_utils.o build/temp.linux-x86_64-3.4-pydebug/numpy/core/src/multiarray/ctors.o build/temp.linux-x86_64-3.4-pydebug/numpy/core/src/multiarray/datetime.o build/temp.linux-x86_64-3.4-pydebug/numpy/core/src/multiarray/datetime_strings.o build/temp.linux-x86_64-3.4-pydebug/numpy/core/src/multiarray/datetime_busday.o build/temp.linux-x86_64-3.4-pydebug/numpy/core/src/multiarray/datetime_busdaycal.o build/temp.linux-x86_64-3.4-pydebug/numpy/core/src/multiarray/descriptor.o build/temp.linux-x86_64-3.4-pydebug/numpy/core/src/multiarray/dragon4.o build/temp.linux-x86_64-3.4-pydebug/numpy/core/src/multiarray/dtype_transfer.o build/temp.linux-x86_64-3.4-pydebug/numpy/core/src/multiarray/einsum.o build/temp.linux-x86_64-3.4-pydebug/numpy/core/src/multiarray/flagsobject.o build/temp.linux-x86_64-3.4-pydebug/numpy/core/src/multiarray/getset.o build/temp.linux-x86_64-3.4-pydebug/numpy/core/src/multiarray/hashdescr.o build/temp.linux-x86_64-3.4-pydebug/numpy/core/src/multiarray/item_selection.o build/temp.linux-x86_64-3.4-pydebug/numpy/core/src/multiarray/iterators.o build/temp.linux-x86_64-3.4-pydebug/numpy/core/src/multiarray/lowlevel_strided_loops.o build/temp.linux-x86_64-3.4-pydebug/numpy/core/src/multiarray/mapping.o build/temp.linux-x86_64-3.4-pydebug/numpy/core/src/multiarray/methods.o build/temp.linux-x86_64-3.4-pydebug/numpy/core/src/multiarray/multiarraymodule.o build/temp.linux-x86_64-3.4-pydebug/numpy/core/src/multiarray/nditer_templ.o build/temp.linux-x86_64-3.4-pydebug/numpy/core/src/multiarray/nditer_api.o build/temp.linux-x86_64-3.4-pydebug/numpy/core/src/multiarray/nditer_constr.o build/temp.linux-x86_64-3.4-pydebug/numpy/core/src/multiarray/nditer_pywrap.o build/temp.linux-x86_64-3.4-pydebug/numpy/core/src/multiarray/number.o build/temp.linux-x86_64-3.4-pydebug/numpy/core/src/multiarray/numpyos.o build/temp.linux-x86_64-3.4-pydebug/numpy/core/src/multiarray/refcount.o build/temp.linux-x86_64-3.4-pydebug/numpy/core/src/multiarray/sequence.o build/temp.linux-x86_64-3.4-pydebug/numpy/core/src/multiarray/shape.o build/temp.linux-x86_64-3.4-pydebug/numpy/core/src/multiarray/scalarapi.o build/temp.linux-x86_64-3.4-pydebug/numpy/core/src/multiarray/scalartypes.o build/temp.linux-x86_64-3.4-pydebug/numpy/core/src/multiarray/strfuncs.o build/temp.linux-x86_64-3.4-pydebug/numpy/core/src/multiarray/temp_elide.o build/temp.linux-x86_64-3.4-pydebug/numpy/core/src/multiarray/usertypes.o build/temp.linux-x86_64-3.4-pydebug/numpy/core/src/multiarray/ucsnarrow.o build/temp.linux-x86_64-3.4-pydebug/numpy/core/src/multiarray/vdot.o build/temp.linux-x86_64-3.4-pydebug/numpy/core/src/private/mem_overlap.o build/temp.linux-x86_64-3.4-pydebug/numpy/core/src/private/npy_longdouble.o build/temp.linux-x86_64-3.4-pydebug/numpy/core/src/private/ufunc_override.o build/temp.linux-x86_64-3.4-pydebug/numpy/core/src/multiarray/cblasfuncs.o build/temp.linux-x86_64-3.4-pydebug/numpy/core/src/multiarray/python_xerbla.o -L/usr/lib/atlas-base -Lbuild/temp.linux-x86_64-3.4-pydebug -lnpymath -lnpysort -lf77blas -lcblas -latlas -lf77blas -lcblas -lm -o numpy/core/multiarray.cpython-34dm.so
building 'numpy.core.umath' extension
compiling C sources
C compiler: x86_64-linux-gnu-gcc -pthread -g -O0 -Wall -Wstrict-prototypes -Wno-unused-result -g -O0 -Wall -Wstrict-prototypes -g -O0 -fstack-protector --param=ssp-buffer-size=4 -Wformat -Werror=format-security -g -O0 -fstack-protector --param=ssp-buffer-size=4 -Wformat -Werror=format-security -Werror=declaration-after-statement -Werror=vla -Werror=nonnull -Werror=pointer-arith -Wlogical-op -Wno-sign-compare -D_FORTIFY_SOURCE=2 -fPIC

creating build/temp.linux-x86_64-3.4-pydebug/numpy/core/src/umath
compile options: '-DNPY_INTERNAL_BUILD=1 -DHAVE_NPY_CONFIG_H=1 -D_FILE_OFFSET_BITS=64 -D_LARGEFILE_SOURCE=1 -D_LARGEFILE64_SOURCE=1 -Inumpy/core/src/umath -Inumpy/core/include -Inumpy/core/include/numpy -Inumpy/core/src/private -Inumpy/core/src -Inumpy/core -Inumpy/core/src/npymath -Inumpy/core/src/multiarray -Inumpy/core/src/umath -Inumpy/core/src/npysort -I/usr/include/python3.4dm -I/home/travis/build/numpy/numpy/builds/venv/include/python3.4dm -Inumpy/core/src/private -Inumpy/core/src/npymath -Inumpy/core/src/private -Inumpy/core/src/npymath -Inumpy/core/src/private -Inumpy/core/src/npymath -c'
x86_64-linux-gnu-gcc: numpy/core/src/umath/ufunc_object.c
x86_64-linux-gnu-gcc: numpy/core/src/umath/extobj.c
x86_64-linux-gnu-gcc: numpy/core/src/umath/override.c
x86_64-linux-gnu-gcc: numpy/core/src/umath/ufunc_type_resolution.c
x86_64-linux-gnu-gcc: numpy/core/src/umath/reduction.c
x86_64-linux-gnu-gcc: numpy/core/src/private/npy_longdouble.c
x86_64-linux-gnu-gcc: numpy/core/src/umath/scalarmath.c
x86_64-linux-gnu-gcc: numpy/core/src/umath/umathmodule.c
x86_64-linux-gnu-gcc: numpy/core/src/umath/loops.c
x86_64-linux-gnu-gcc: numpy/core/src/private/mem_overlap.c
x86_64-linux-gnu-gcc: numpy/core/src/private/ufunc_override.c
x86_64-linux-gnu-gcc -pthread -shared -Wl,-O1 -Wl,-Bsymbolic-functions -Wl,-Bsymbolic-functions -Wl,-z,relro -Wl,-Bsymbolic-functions -Wl,-z,relro -Wno-unused-result -g -O0 -Wall -Wstrict-prototypes -g -O0 -fstack-protector --param=ssp-buffer-size=4 -Wformat -Werror=format-security -g -O0 -fstack-protector --param=ssp-buffer-size=4 -Wformat -Werror=format-security -Werror=declaration-after-statement -Werror=vla -Werror=nonnull -Werror=pointer-arith -Wlogical-op -Wno-sign-compare -D_FORTIFY_SOURCE=2 build/temp.linux-x86_64-3.4-pydebug/numpy/core/src/umath/umathmodule.o build/temp.linux-x86_64-3.4-pydebug/numpy/core/src/umath/reduction.o build/temp.linux-x86_64-3.4-pydebug/numpy/core/src/umath/loops.o build/temp.linux-x86_64-3.4-pydebug/numpy/core/src/umath/ufunc_object.o build/temp.linux-x86_64-3.4-pydebug/numpy/core/src/umath/extobj.o build/temp.linux-x86_64-3.4-pydebug/numpy/core/src/umath/scalarmath.o build/temp.linux-x86_64-3.4-pydebug/numpy/core/src/umath/ufunc_type_resolution.o build/temp.linux-x86_64-3.4-pydebug/numpy/core/src/umath/override.o build/temp.linux-x86_64-3.4-pydebug/numpy/core/src/private/mem_overlap.o build/temp.linux-x86_64-3.4-pydebug/numpy/core/src/private/npy_longdouble.o build/temp.linux-x86_64-3.4-pydebug/numpy/core/src/private/ufunc_override.o -Lbuild/temp.linux-x86_64-3.4-pydebug -lnpymath -lm -o numpy/core/umath.cpython-34dm.so
building 'numpy.core.umath_tests' extension
compiling C sources
C compiler: x86_64-linux-gnu-gcc -pthread -g -O0 -Wall -Wstrict-prototypes -Wno-unused-result -g -O0 -Wall -Wstrict-prototypes -g -O0 -fstack-protector --param=ssp-buffer-size=4 -Wformat -Werror=format-security -g -O0 -fstack-protector --param=ssp-buffer-size=4 -Wformat -Werror=format-security -Werror=declaration-after-statement -Werror=vla -Werror=nonnull -Werror=pointer-arith -Wlogical-op -Wno-sign-compare -D_FORTIFY_SOURCE=2 -fPIC

compile options: '-DNPY_INTERNAL_BUILD=1 -DHAVE_NPY_CONFIG_H=1 -D_FILE_OFFSET_BITS=64 -D_LARGEFILE_SOURCE=1 -D_LARGEFILE64_SOURCE=1 -Inumpy/core/include -Inumpy/core/include/numpy -Inumpy/core/src/private -Inumpy/core/src -Inumpy/core -Inumpy/core/src/npymath -Inumpy/core/src/multiarray -Inumpy/core/src/umath -Inumpy/core/src/npysort -I/usr/include/python3.4dm -I/home/travis/build/numpy/numpy/builds/venv/include/python3.4dm -Inumpy/core/src/private -Inumpy/core/src/npymath -Inumpy/core/src/private -Inumpy/core/src/npymath -Inumpy/core/src/private -Inumpy/core/src/npymath -c'
x86_64-linux-gnu-gcc: numpy/core/src/umath/umath_tests.c
x86_64-linux-gnu-gcc -pthread -shared -Wl,-O1 -Wl,-Bsymbolic-functions -Wl,-Bsymbolic-functions -Wl,-z,relro -Wl,-Bsymbolic-functions -Wl,-z,relro -Wno-unused-result -g -O0 -Wall -Wstrict-prototypes -g -O0 -fstack-protector --param=ssp-buffer-size=4 -Wformat -Werror=format-security -g -O0 -fstack-protector --param=ssp-buffer-size=4 -Wformat -Werror=format-security -Werror=declaration-after-statement -Werror=vla -Werror=nonnull -Werror=pointer-arith -Wlogical-op -Wno-sign-compare -D_FORTIFY_SOURCE=2 build/temp.linux-x86_64-3.4-pydebug/numpy/core/src/umath/umath_tests.o -Lbuild/temp.linux-x86_64-3.4-pydebug -o numpy/core/umath_tests.cpython-34dm.so
building 'numpy.core.test_rational' extension
compiling C sources
C compiler: x86_64-linux-gnu-gcc -pthread -g -O0 -Wall -Wstrict-prototypes -Wno-unused-result -g -O0 -Wall -Wstrict-prototypes -g -O0 -fstack-protector --param=ssp-buffer-size=4 -Wformat -Werror=format-security -g -O0 -fstack-protector --param=ssp-buffer-size=4 -Wformat -Werror=format-security -Werror=declaration-after-statement -Werror=vla -Werror=nonnull -Werror=pointer-arith -Wlogical-op -Wno-sign-compare -D_FORTIFY_SOURCE=2 -fPIC

compile options: '-DNPY_INTERNAL_BUILD=1 -DHAVE_NPY_CONFIG_H=1 -D_FILE_OFFSET_BITS=64 -D_LARGEFILE_SOURCE=1 -D_LARGEFILE64_SOURCE=1 -Inumpy/core/include -Inumpy/core/include/numpy -Inumpy/core/src/private -Inumpy/core/src -Inumpy/core -Inumpy/core/src/npymath -Inumpy/core/src/multiarray -Inumpy/core/src/umath -Inumpy/core/src/npysort -I/usr/include/python3.4dm -I/home/travis/build/numpy/numpy/builds/venv/include/python3.4dm -Inumpy/core/src/private -Inumpy/core/src/npymath -Inumpy/core/src/private -Inumpy/core/src/npymath -Inumpy/core/src/private -Inumpy/core/src/npymath -c'
x86_64-linux-gnu-gcc: numpy/core/src/umath/test_rational.c
x86_64-linux-gnu-gcc -pthread -shared -Wl,-O1 -Wl,-Bsymbolic-functions -Wl,-Bsymbolic-functions -Wl,-z,relro -Wl,-Bsymbolic-functions -Wl,-z,relro -Wno-unused-result -g -O0 -Wall -Wstrict-prototypes -g -O0 -fstack-protector --param=ssp-buffer-size=4 -Wformat -Werror=format-security -g -O0 -fstack-protector --param=ssp-buffer-size=4 -Wformat -Werror=format-security -Werror=declaration-after-statement -Werror=vla -Werror=nonnull -Werror=pointer-arith -Wlogical-op -Wno-sign-compare -D_FORTIFY_SOURCE=2 build/temp.linux-x86_64-3.4-pydebug/numpy/core/src/umath/test_rational.o -Lbuild/temp.linux-x86_64-3.4-pydebug -o numpy/core/test_rational.cpython-34dm.so
building 'numpy.core.struct_ufunc_test' extension
compiling C sources
C compiler: x86_64-linux-gnu-gcc -pthread -g -O0 -Wall -Wstrict-prototypes -Wno-unused-result -g -O0 -Wall -Wstrict-prototypes -g -O0 -fstack-protector --param=ssp-buffer-size=4 -Wformat -Werror=format-security -g -O0 -fstack-protector --param=ssp-buffer-size=4 -Wformat -Werror=format-security -Werror=declaration-after-statement -Werror=vla -Werror=nonnull -Werror=pointer-arith -Wlogical-op -Wno-sign-compare -D_FORTIFY_SOURCE=2 -fPIC

compile options: '-DNPY_INTERNAL_BUILD=1 -DHAVE_NPY_CONFIG_H=1 -D_FILE_OFFSET_BITS=64 -D_LARGEFILE_SOURCE=1 -D_LARGEFILE64_SOURCE=1 -Inumpy/core/include -Inumpy/core/include/numpy -Inumpy/core/src/private -Inumpy/core/src -Inumpy/core -Inumpy/core/src/npymath -Inumpy/core/src/multiarray -Inumpy/core/src/umath -Inumpy/core/src/npysort -I/usr/include/python3.4dm -I/home/travis/build/numpy/numpy/builds/venv/include/python3.4dm -Inumpy/core/src/private -Inumpy/core/src/npymath -Inumpy/core/src/private -Inumpy/core/src/npymath -Inumpy/core/src/private -Inumpy/core/src/npymath -c'
x86_64-linux-gnu-gcc: numpy/core/src/umath/struct_ufunc_test.c
x86_64-linux-gnu-gcc -pthread -shared -Wl,-O1 -Wl,-Bsymbolic-functions -Wl,-Bsymbolic-functions -Wl,-z,relro -Wl,-Bsymbolic-functions -Wl,-z,relro -Wno-unused-result -g -O0 -Wall -Wstrict-prototypes -g -O0 -fstack-protector --param=ssp-buffer-size=4 -Wformat -Werror=format-security -g -O0 -fstack-protector --param=ssp-buffer-size=4 -Wformat -Werror=format-security -Werror=declaration-after-statement -Werror=vla -Werror=nonnull -Werror=pointer-arith -Wlogical-op -Wno-sign-compare -D_FORTIFY_SOURCE=2 build/temp.linux-x86_64-3.4-pydebug/numpy/core/src/umath/struct_ufunc_test.o -Lbuild/temp.linux-x86_64-3.4-pydebug -o numpy/core/struct_ufunc_test.cpython-34dm.so
building 'numpy.core.multiarray_tests' extension
compiling C sources
C compiler: x86_64-linux-gnu-gcc -pthread -g -O0 -Wall -Wstrict-prototypes -Wno-unused-result -g -O0 -Wall -Wstrict-prototypes -g -O0 -fstack-protector --param=ssp-buffer-size=4 -Wformat -Werror=format-security -g -O0 -fstack-protector --param=ssp-buffer-size=4 -Wformat -Werror=format-security -Werror=declaration-after-statement -Werror=vla -Werror=nonnull -Werror=pointer-arith -Wlogical-op -Wno-sign-compare -D_FORTIFY_SOURCE=2 -fPIC

compile options: '-DNPY_INTERNAL_BUILD=1 -DHAVE_NPY_CONFIG_H=1 -D_FILE_OFFSET_BITS=64 -D_LARGEFILE_SOURCE=1 -D_LARGEFILE64_SOURCE=1 -Inumpy/core/include -Inumpy/core/include/numpy -Inumpy/core/src/private -Inumpy/core/src -Inumpy/core -Inumpy/core/src/npymath -Inumpy/core/src/multiarray -Inumpy/core/src/umath -Inumpy/core/src/npysort -I/usr/include/python3.4dm -I/home/travis/build/numpy/numpy/builds/venv/include/python3.4dm -Inumpy/core/src/private -Inumpy/core/src/npymath -Inumpy/core/src/private -Inumpy/core/src/npymath -Inumpy/core/src/private -Inumpy/core/src/npymath -c'
x86_64-linux-gnu-gcc: numpy/core/src/multiarray/multiarray_tests.c
x86_64-linux-gnu-gcc: numpy/core/src/private/mem_overlap.c
x86_64-linux-gnu-gcc -pthread -shared -Wl,-O1 -Wl,-Bsymbolic-functions -Wl,-Bsymbolic-functions -Wl,-z,relro -Wl,-Bsymbolic-functions -Wl,-z,relro -Wno-unused-result -g -O0 -Wall -Wstrict-prototypes -g -O0 -fstack-protector --param=ssp-buffer-size=4 -Wformat -Werror=format-security -g -O0 -fstack-protector --param=ssp-buffer-size=4 -Wformat -Werror=format-security -Werror=declaration-after-statement -Werror=vla -Werror=nonnull -Werror=pointer-arith -Wlogical-op -Wno-sign-compare -D_FORTIFY_SOURCE=2 build/temp.linux-x86_64-3.4-pydebug/numpy/core/src/multiarray/multiarray_tests.o build/temp.linux-x86_64-3.4-pydebug/numpy/core/src/private/mem_overlap.o -Lbuild/temp.linux-x86_64-3.4-pydebug -lnpymath -o numpy/core/multiarray_tests.cpython-34dm.so
building 'numpy.core.operand_flag_tests' extension
compiling C sources
C compiler: x86_64-linux-gnu-gcc -pthread -g -O0 -Wall -Wstrict-prototypes -Wno-unused-result -g -O0 -Wall -Wstrict-prototypes -g -O0 -fstack-protector --param=ssp-buffer-size=4 -Wformat -Werror=format-security -g -O0 -fstack-protector --param=ssp-buffer-size=4 -Wformat -Werror=format-security -Werror=declaration-after-statement -Werror=vla -Werror=nonnull -Werror=pointer-arith -Wlogical-op -Wno-sign-compare -D_FORTIFY_SOURCE=2 -fPIC

compile options: '-DNPY_INTERNAL_BUILD=1 -DHAVE_NPY_CONFIG_H=1 -D_FILE_OFFSET_BITS=64 -D_LARGEFILE_SOURCE=1 -D_LARGEFILE64_SOURCE=1 -Inumpy/core/include -Inumpy/core/include/numpy -Inumpy/core/src/private -Inumpy/core/src -Inumpy/core -Inumpy/core/src/npymath -Inumpy/core/src/multiarray -Inumpy/core/src/umath -Inumpy/core/src/npysort -I/usr/include/python3.4dm -I/home/travis/build/numpy/numpy/builds/venv/include/python3.4dm -Inumpy/core/src/private -Inumpy/core/src/npymath -Inumpy/core/src/private -Inumpy/core/src/npymath -Inumpy/core/src/private -Inumpy/core/src/npymath -c'
x86_64-linux-gnu-gcc: numpy/core/src/umath/operand_flag_tests.c
x86_64-linux-gnu-gcc -pthread -shared -Wl,-O1 -Wl,-Bsymbolic-functions -Wl,-Bsymbolic-functions -Wl,-z,relro -Wl,-Bsymbolic-functions -Wl,-z,relro -Wno-unused-result -g -O0 -Wall -Wstrict-prototypes -g -O0 -fstack-protector --param=ssp-buffer-size=4 -Wformat -Werror=format-security -g -O0 -fstack-protector --param=ssp-buffer-size=4 -Wformat -Werror=format-security -Werror=declaration-after-statement -Werror=vla -Werror=nonnull -Werror=pointer-arith -Wlogical-op -Wno-sign-compare -D_FORTIFY_SOURCE=2 build/temp.linux-x86_64-3.4-pydebug/numpy/core/src/umath/operand_flag_tests.o -Lbuild/temp.linux-x86_64-3.4-pydebug -o numpy/core/operand_flag_tests.cpython-34dm.so
building 'numpy.fft.fftpack_lite' extension
compiling C sources
C compiler: x86_64-linux-gnu-gcc -pthread -g -O0 -Wall -Wstrict-prototypes -Wno-unused-result -g -O0 -Wall -Wstrict-prototypes -g -O0 -fstack-protector --param=ssp-buffer-size=4 -Wformat -Werror=format-security -g -O0 -fstack-protector --param=ssp-buffer-size=4 -Wformat -Werror=format-security -Werror=declaration-after-statement -Werror=vla -Werror=nonnull -Werror=pointer-arith -Wlogical-op -Wno-sign-compare -D_FORTIFY_SOURCE=2 -fPIC

creating build/temp.linux-x86_64-3.4-pydebug/numpy/fft
compile options: '-Inumpy/core/include -Inumpy/core/include/numpy -Inumpy/core/src/private -Inumpy/core/src -Inumpy/core -Inumpy/core/src/npymath -Inumpy/core/src/multiarray -Inumpy/core/src/umath -Inumpy/core/src/npysort -I/usr/include/python3.4dm -I/home/travis/build/numpy/numpy/builds/venv/include/python3.4dm -Inumpy/core/src/private -Inumpy/core/src/npymath -Inumpy/core/src/private -Inumpy/core/src/npymath -Inumpy/core/src/private -Inumpy/core/src/npymath -c'
x86_64-linux-gnu-gcc: numpy/fft/fftpack_litemodule.c
x86_64-linux-gnu-gcc: numpy/fft/fftpack.c
x86_64-linux-gnu-gcc -pthread -shared -Wl,-O1 -Wl,-Bsymbolic-functions -Wl,-Bsymbolic-functions -Wl,-z,relro -Wl,-Bsymbolic-functions -Wl,-z,relro -Wno-unused-result -g -O0 -Wall -Wstrict-prototypes -g -O0 -fstack-protector --param=ssp-buffer-size=4 -Wformat -Werror=format-security -g -O0 -fstack-protector --param=ssp-buffer-size=4 -Wformat -Werror=format-security -Werror=declaration-after-statement -Werror=vla -Werror=nonnull -Werror=pointer-arith -Wlogical-op -Wno-sign-compare -D_FORTIFY_SOURCE=2 build/temp.linux-x86_64-3.4-pydebug/numpy/fft/fftpack_litemodule.o build/temp.linux-x86_64-3.4-pydebug/numpy/fft/fftpack.o -Lbuild/temp.linux-x86_64-3.4-pydebug -o numpy/fft/fftpack_lite.cpython-34dm.so
building 'numpy.linalg.lapack_lite' extension
compiling C sources
C compiler: x86_64-linux-gnu-gcc -pthread -g -O0 -Wall -Wstrict-prototypes -Wno-unused-result -g -O0 -Wall -Wstrict-prototypes -g -O0 -fstack-protector --param=ssp-buffer-size=4 -Wformat -Werror=format-security -g -O0 -fstack-protector --param=ssp-buffer-size=4 -Wformat -Werror=format-security -Werror=declaration-after-statement -Werror=vla -Werror=nonnull -Werror=pointer-arith -Wlogical-op -Wno-sign-compare -D_FORTIFY_SOURCE=2 -fPIC

creating build/temp.linux-x86_64-3.4-pydebug/numpy/linalg
creating build/temp.linux-x86_64-3.4-pydebug/numpy/linalg/lapack_lite
compile options: '-DATLAS_INFO="\"3.10.1\"" -I/usr/include/atlas -Inumpy/core/include -Inumpy/core/include/numpy -Inumpy/core/src/private -Inumpy/core/src -Inumpy/core -Inumpy/core/src/npymath -Inumpy/core/src/multiarray -Inumpy/core/src/umath -Inumpy/core/src/npysort -I/usr/include/python3.4dm -I/home/travis/build/numpy/numpy/builds/venv/include/python3.4dm -Inumpy/core/src/private -Inumpy/core/src/npymath -Inumpy/core/src/private -Inumpy/core/src/npymath -Inumpy/core/src/private -Inumpy/core/src/npymath -c'
x86_64-linux-gnu-gcc: numpy/linalg/lapack_litemodule.c
x86_64-linux-gnu-gcc: numpy/linalg/lapack_lite/python_xerbla.c
/usr/bin/gfortran -Wall -g -Wall -g -shared build/temp.linux-x86_64-3.4-pydebug/numpy/linalg/lapack_litemodule.o build/temp.linux-x86_64-3.4-pydebug/numpy/linalg/lapack_lite/python_xerbla.o -L/usr/lib/atlas-base/atlas -L/usr/lib/atlas-base -L/usr/lib/gcc/x86_64-linux-gnu/4.8 -L/usr/lib/gcc/x86_64-linux-gnu/4.8 -Lbuild/temp.linux-x86_64-3.4-pydebug -llapack -lf77blas -lcblas -latlas -lf77blas -lcblas -lgfortran -o numpy/linalg/lapack_lite.cpython-34dm.so
building 'numpy.linalg._umath_linalg' extension
compiling C sources
C compiler: x86_64-linux-gnu-gcc -pthread -g -O0 -Wall -Wstrict-prototypes -Wno-unused-result -g -O0 -Wall -Wstrict-prototypes -g -O0 -fstack-protector --param=ssp-buffer-size=4 -Wformat -Werror=format-security -g -O0 -fstack-protector --param=ssp-buffer-size=4 -Wformat -Werror=format-security -Werror=declaration-after-statement -Werror=vla -Werror=nonnull -Werror=pointer-arith -Wlogical-op -Wno-sign-compare -D_FORTIFY_SOURCE=2 -fPIC

compile options: '-DATLAS_INFO="\"3.10.1\"" -I/usr/include/atlas -Inumpy/core/include -Inumpy/core/include/numpy -Inumpy/core/src/private -Inumpy/core/src -Inumpy/core -Inumpy/core/src/npymath -Inumpy/core/src/multiarray -Inumpy/core/src/umath -Inumpy/core/src/npysort -I/usr/include/python3.4dm -I/home/travis/build/numpy/numpy/builds/venv/include/python3.4dm -Inumpy/core/src/private -Inumpy/core/src/npymath -Inumpy/core/src/private -Inumpy/core/src/npymath -Inumpy/core/src/private -Inumpy/core/src/npymath -c'
x86_64-linux-gnu-gcc: numpy/linalg/umath_linalg.c
/usr/bin/gfortran -Wall -g -Wall -g -shared build/temp.linux-x86_64-3.4-pydebug/numpy/linalg/umath_linalg.o build/temp.linux-x86_64-3.4-pydebug/numpy/linalg/lapack_lite/python_xerbla.o -L/usr/lib/atlas-base/atlas -L/usr/lib/atlas-base -L/usr/lib/gcc/x86_64-linux-gnu/4.8 -L/usr/lib/gcc/x86_64-linux-gnu/4.8 -Lbuild/temp.linux-x86_64-3.4-pydebug -lnpymath -llapack -lf77blas -lcblas -latlas -lf77blas -lcblas -lgfortran -o numpy/linalg/_umath_linalg.cpython-34dm.so
building 'numpy.random.mtrand' extension
compiling C sources
C compiler: x86_64-linux-gnu-gcc -pthread -g -O0 -Wall -Wstrict-prototypes -Wno-unused-result -g -O0 -Wall -Wstrict-prototypes -g -O0 -fstack-protector --param=ssp-buffer-size=4 -Wformat -Werror=format-security -g -O0 -fstack-protector --param=ssp-buffer-size=4 -Wformat -Werror=format-security -Werror=declaration-after-statement -Werror=vla -Werror=nonnull -Werror=pointer-arith -Wlogical-op -Wno-sign-compare -D_FORTIFY_SOURCE=2 -fPIC

creating build/temp.linux-x86_64-3.4-pydebug/numpy/random
creating build/temp.linux-x86_64-3.4-pydebug/numpy/random/mtrand
compile options: '-D_FILE_OFFSET_BITS=64 -D_LARGEFILE_SOURCE=1 -D_LARGEFILE64_SOURCE=1 -Inumpy/core/include -Inumpy/core/include/numpy -Inumpy/core/src/private -Inumpy/core/src -Inumpy/core -Inumpy/core/src/npymath -Inumpy/core/src/multiarray -Inumpy/core/src/umath -Inumpy/core/src/npysort -I/usr/include/python3.4dm -I/home/travis/build/numpy/numpy/builds/venv/include/python3.4dm -Inumpy/core/src/private -Inumpy/core/src/npymath -Inumpy/core/src/private -Inumpy/core/src/npymath -Inumpy/core/src/private -Inumpy/core/src/npymath -c'
x86_64-linux-gnu-gcc: numpy/random/mtrand/mtrand.c
x86_64-linux-gnu-gcc: numpy/random/mtrand/randomkit.c
x86_64-linux-gnu-gcc: numpy/random/mtrand/initarray.c
x86_64-linux-gnu-gcc: numpy/random/mtrand/distributions.c
x86_64-linux-gnu-gcc -pthread -shared -Wl,-O1 -Wl,-Bsymbolic-functions -Wl,-Bsymbolic-functions -Wl,-z,relro -Wl,-Bsymbolic-functions -Wl,-z,relro -Wno-unused-result -g -O0 -Wall -Wstrict-prototypes -g -O0 -fstack-protector --param=ssp-buffer-size=4 -Wformat -Werror=format-security -g -O0 -fstack-protector --param=ssp-buffer-size=4 -Wformat -Werror=format-security -Werror=declaration-after-statement -Werror=vla -Werror=nonnull -Werror=pointer-arith -Wlogical-op -Wno-sign-compare -D_FORTIFY_SOURCE=2 build/temp.linux-x86_64-3.4-pydebug/numpy/random/mtrand/mtrand.o build/temp.linux-x86_64-3.4-pydebug/numpy/random/mtrand/randomkit.o build/temp.linux-x86_64-3.4-pydebug/numpy/random/mtrand/initarray.o build/temp.linux-x86_64-3.4-pydebug/numpy/random/mtrand/distributions.o -Lbuild/temp.linux-x86_64-3.4-pydebug -o numpy/random/mtrand.cpython-34dm.so
Running from numpy source directory.
/usr/lib/python3.4/subprocess.py:754: ResourceWarning: unclosed file <_io.BufferedReader name=4>
  _cleanup()
/home/travis/build/numpy/numpy/numpy/distutils/misc_util.py:1990: ResourceWarning: unclosed file <_io.BufferedReader name=4>
  revision = self._get_svn_revision(self.local_path)
/usr/lib/python3.4/distutils/dist.py:260: UserWarning: Unknown distribution option: 'define_macros'
  warnings.warn(msg)
+grep -v _configtest log
+grep -vE 'ld returned 1|no previously-included files matching|manifest_maker: standard file '\''-c'\'''
+tee warnings
+grep -E 'warning\>'
+'[' '' '!=' None ']'
++wc -l
+[[ 0 -lt 1 ]]
+run_test
+'[' -n 1 ']'
+export PYTHONPATH=/home/travis/build/numpy/numpy
+PYTHONPATH=/home/travis/build/numpy/numpy
+mkdir -p empty
+cd empty
++python -c 'import os; import numpy; print(os.path.dirname(numpy.__file__))'
+INSTALLDIR=/home/travis/build/numpy/numpy/numpy
+export PYTHONWARNINGS=default
+PYTHONWARNINGS=default
+'[' -n '' ']'
+python ../tools/test-installed-numpy.py
/home/travis/build/numpy/numpy/builds/venv/lib/python3.4/imp.py:32: PendingDeprecationWarning: the imp module is deprecated in favour of importlib; see the module's documentation for alternative uses
  PendingDeprecationWarning)
Running unit tests for numpy
NumPy version 1.14.0.dev0+ff44586
NumPy relaxed strides checking option: True
NumPy is installed in /home/travis/build/numpy/numpy/numpy
Python version 3.4.3 (default, Nov 28 2017, 16:48:24) [GCC 4.8.4]
nose version 1.3.7
................E..EE...........E......E...............................................................................................................................................................................................................S.................................................................................................................................................................................................................KKK........................................................................................................................................................................................................................................................................................................................................................................................................................................................................................................................................................................................................................................................................................................................................................................................................................................................................................................................................................................................................................................................................................................................................................................................................................KK..................................S......................................................................................................................................................................................................................................................................................................................................................................................................................................................................................................................................................................................................................K..............................................................................................................................................................................................................................................................................................................................................................................................................................................................................................................................................................................................................................K..............K................................................................................................................................................................................................................................................................................................................................................................K......................K............................................................................................................................................................................................................................................................................................................................................................................................................................................................................................................................................................................................................................................................................................................................................................................................................................................................................................................................................................................................................................................................................................................................................................................................................................................................................................................................................................................................................................................................................................................................................................................................................................................................................................................................................................................................................................K.............................................................................................................................................................................................................................................................................................................................................................................................E....................................................................................................................................................................................................................................EE..............................................................................................................................................................K..SK.......................................................................................................................................................................................................................................................................................................................................................................................................................................................................................................................................................................................................................................................................................................................................................................................................................................................................................................................................................................................................................S
======================================================================
ERROR: numpy.core.tests.test_arrayprint.TestArray2String.test_edgeitems_kwarg
----------------------------------------------------------------------
Traceback (most recent call last):
  File "/home/travis/build/numpy/numpy/builds/venv/lib/python3.4/site-packages/nose/case.py", line 198, in runTest
    self.test(*self.arg)
  File "/home/travis/build/numpy/numpy/numpy/core/tests/test_arrayprint.py", line 237, in test_edgeitems_kwarg
    np.array2string(arr, edgeitems=1, threshold=0),
  File "/home/travis/build/numpy/numpy/numpy/core/arrayprint.py", line 615, in array2string
    return _array2string(a, options, separator, prefix)
  File "/home/travis/build/numpy/numpy/numpy/core/arrayprint.py", line 422, in wrapper
    return f(self, *args, **kwargs)
  File "/home/travis/build/numpy/numpy/numpy/core/arrayprint.py", line 453, in _array2string
    summary_insert, options['legacy'])
  File "/home/travis/build/numpy/numpy/numpy/core/arrayprint.py", line 709, in _formatArray
    return recurser(index=(), hanging_indent=next_line_prefix)
  File "/home/travis/build/numpy/numpy/numpy/core/arrayprint.py", line 667, in recurser
    s, line = _extendLine(s, line, word, max_line_len, hanging_indent)
UnboundLocalError: local variable 'word' referenced before assignment

======================================================================
ERROR: numpy.core.tests.test_arrayprint.TestArray2String.test_summarize_1d
----------------------------------------------------------------------
Traceback (most recent call last):
  File "/home/travis/build/numpy/numpy/builds/venv/lib/python3.4/site-packages/nose/case.py", line 198, in runTest
    self.test(*self.arg)
  File "/home/travis/build/numpy/numpy/numpy/core/tests/test_arrayprint.py", line 244, in test_summarize_1d
    assert_equal(str(A), strA)
  File "/home/travis/build/numpy/numpy/numpy/core/arrayprint.py", line 1359, in array_str
    return array2string(a, max_line_width, precision, suppress_small, ' ', "")
  File "/home/travis/build/numpy/numpy/numpy/core/arrayprint.py", line 615, in array2string
    return _array2string(a, options, separator, prefix)
  File "/home/travis/build/numpy/numpy/numpy/core/arrayprint.py", line 422, in wrapper
    return f(self, *args, **kwargs)
  File "/home/travis/build/numpy/numpy/numpy/core/arrayprint.py", line 453, in _array2string
    summary_insert, options['legacy'])
  File "/home/travis/build/numpy/numpy/numpy/core/arrayprint.py", line 709, in _formatArray
    return recurser(index=(), hanging_indent=next_line_prefix)
  File "/home/travis/build/numpy/numpy/numpy/core/arrayprint.py", line 667, in recurser
    s, line = _extendLine(s, line, word, max_line_len, hanging_indent)
UnboundLocalError: local variable 'word' referenced before assignment

======================================================================
ERROR: numpy.core.tests.test_arrayprint.TestArray2String.test_summarize_2d
----------------------------------------------------------------------
Traceback (most recent call last):
  File "/home/travis/build/numpy/numpy/builds/venv/lib/python3.4/site-packages/nose/case.py", line 198, in runTest
    self.test(*self.arg)
  File "/home/travis/build/numpy/numpy/numpy/core/tests/test_arrayprint.py", line 253, in test_summarize_2d
    assert_equal(str(A), strA)
  File "/home/travis/build/numpy/numpy/numpy/core/arrayprint.py", line 1359, in array_str
    return array2string(a, max_line_width, precision, suppress_small, ' ', "")
  File "/home/travis/build/numpy/numpy/numpy/core/arrayprint.py", line 615, in array2string
    return _array2string(a, options, separator, prefix)
  File "/home/travis/build/numpy/numpy/numpy/core/arrayprint.py", line 422, in wrapper
    return f(self, *args, **kwargs)
  File "/home/travis/build/numpy/numpy/numpy/core/arrayprint.py", line 453, in _array2string
    summary_insert, options['legacy'])
  File "/home/travis/build/numpy/numpy/numpy/core/arrayprint.py", line 709, in _formatArray
    return recurser(index=(), hanging_indent=next_line_prefix)
  File "/home/travis/build/numpy/numpy/numpy/core/arrayprint.py", line 700, in recurser
    s += hanging_indent + recurser(index + (-i,), next_hanging_indent) + line_sep
  File "/home/travis/build/numpy/numpy/numpy/core/arrayprint.py", line 667, in recurser
    s, line = _extendLine(s, line, word, max_line_len, hanging_indent)
UnboundLocalError: local variable 'word' referenced before assignment

======================================================================
ERROR: numpy.core.tests.test_arrayprint.TestPrintOptions.test_edgeitems
----------------------------------------------------------------------
Traceback (most recent call last):
  File "/home/travis/build/numpy/numpy/builds/venv/lib/python3.4/site-packages/nose/case.py", line 198, in runTest
    self.test(*self.arg)
  File "/home/travis/build/numpy/numpy/numpy/core/tests/test_arrayprint.py", line 542, in test_edgeitems
    repr(a),
  File "/home/travis/build/numpy/numpy/numpy/core/arrayprint.py", line 1289, in array_repr
    ', ', class_name + "(")
  File "/home/travis/build/numpy/numpy/numpy/core/arrayprint.py", line 615, in array2string
    return _array2string(a, options, separator, prefix)
  File "/home/travis/build/numpy/numpy/numpy/core/arrayprint.py", line 422, in wrapper
    return f(self, *args, **kwargs)
  File "/home/travis/build/numpy/numpy/numpy/core/arrayprint.py", line 453, in _array2string
    summary_insert, options['legacy'])
  File "/home/travis/build/numpy/numpy/numpy/core/arrayprint.py", line 709, in _formatArray
    return recurser(index=(), hanging_indent=next_line_prefix)
  File "/home/travis/build/numpy/numpy/numpy/core/arrayprint.py", line 690, in recurser
    s += hanging_indent + recurser(index + (i,), next_hanging_indent) + line_sep
  File "/home/travis/build/numpy/numpy/numpy/core/arrayprint.py", line 690, in recurser
    s += hanging_indent + recurser(index + (i,), next_hanging_indent) + line_sep
  File "/home/travis/build/numpy/numpy/numpy/core/arrayprint.py", line 667, in recurser
    s, line = _extendLine(s, line, word, max_line_len, hanging_indent)
UnboundLocalError: local variable 'word' referenced before assignment

======================================================================
ERROR: numpy.core.tests.test_arrayprint.TestPrintOptions.test_legacy_stray_comma
----------------------------------------------------------------------
Traceback (most recent call last):
  File "/home/travis/build/numpy/numpy/builds/venv/lib/python3.4/site-packages/nose/case.py", line 198, in runTest
    self.test(*self.arg)
  File "/home/travis/build/numpy/numpy/numpy/core/tests/test_arrayprint.py", line 518, in test_legacy_stray_comma
    assert_equal(str(np.arange(10000)), '[   0    1    2 ..., 9997 9998 9999]')
  File "/home/travis/build/numpy/numpy/numpy/core/arrayprint.py", line 1359, in array_str
    return array2string(a, max_line_width, precision, suppress_small, ' ', "")
  File "/home/travis/build/numpy/numpy/numpy/core/arrayprint.py", line 615, in array2string
    return _array2string(a, options, separator, prefix)
  File "/home/travis/build/numpy/numpy/numpy/core/arrayprint.py", line 422, in wrapper
    return f(self, *args, **kwargs)
  File "/home/travis/build/numpy/numpy/numpy/core/arrayprint.py", line 453, in _array2string
    summary_insert, options['legacy'])
  File "/home/travis/build/numpy/numpy/numpy/core/arrayprint.py", line 709, in _formatArray
    return recurser(index=(), hanging_indent=next_line_prefix)
  File "/home/travis/build/numpy/numpy/numpy/core/arrayprint.py", line 667, in recurser
    s, line = _extendLine(s, line, word, max_line_len, hanging_indent)
UnboundLocalError: local variable 'word' referenced before assignment

======================================================================
ERROR: numpy.linalg.tests.test_linalg.TestCholesky.test_basic_property
----------------------------------------------------------------------
Traceback (most recent call last):
  File "/home/travis/build/numpy/numpy/builds/venv/lib/python3.4/site-packages/nose/case.py", line 198, in runTest
    self.test(*self.arg)
  File "/home/travis/build/numpy/numpy/numpy/linalg/tests/test_linalg.py", line 1531, in test_basic_property
    err_msg="{} {}\n{}\n{}".format(shape, dtype, a, c),
  File "/home/travis/build/numpy/numpy/numpy/core/arrayprint.py", line 1359, in array_str
    return array2string(a, max_line_width, precision, suppress_small, ' ', "")
  File "/home/travis/build/numpy/numpy/numpy/core/arrayprint.py", line 615, in array2string
    return _array2string(a, options, separator, prefix)
  File "/home/travis/build/numpy/numpy/numpy/core/arrayprint.py", line 422, in wrapper
    return f(self, *args, **kwargs)
  File "/home/travis/build/numpy/numpy/numpy/core/arrayprint.py", line 453, in _array2string
    summary_insert, options['legacy'])
  File "/home/travis/build/numpy/numpy/numpy/core/arrayprint.py", line 709, in _formatArray
    return recurser(index=(), hanging_indent=next_line_prefix)
  File "/home/travis/build/numpy/numpy/numpy/core/arrayprint.py", line 690, in recurser
    s += hanging_indent + recurser(index + (i,), next_hanging_indent) + line_sep
  File "/home/travis/build/numpy/numpy/numpy/core/arrayprint.py", line 667, in recurser
    s, line = _extendLine(s, line, word, max_line_len, hanging_indent)
UnboundLocalError: local variable 'word' referenced before assignment

======================================================================
ERROR: numpy.ma.tests.test_core.TestMaskedArray.test_str_repr
----------------------------------------------------------------------
Traceback (most recent call last):
  File "/home/travis/build/numpy/numpy/builds/venv/lib/python3.4/site-packages/nose/case.py", line 198, in runTest
    self.test(*self.arg)
  File "/home/travis/build/numpy/numpy/numpy/ma/tests/test_core.py", line 503, in test_str_repr
    repr(a),
  File "/home/travis/build/numpy/numpy/numpy/ma/core.py", line 3940, in __repr__
    prefix=indents['data'] + 'data=')
  File "/home/travis/build/numpy/numpy/numpy/core/arrayprint.py", line 615, in array2string
    return _array2string(a, options, separator, prefix)
  File "/home/travis/build/numpy/numpy/numpy/core/arrayprint.py", line 422, in wrapper
    return f(self, *args, **kwargs)
  File "/home/travis/build/numpy/numpy/numpy/core/arrayprint.py", line 453, in _array2string
    summary_insert, options['legacy'])
  File "/home/travis/build/numpy/numpy/numpy/core/arrayprint.py", line 709, in _formatArray
    return recurser(index=(), hanging_indent=next_line_prefix)
  File "/home/travis/build/numpy/numpy/numpy/core/arrayprint.py", line 667, in recurser
    s, line = _extendLine(s, line, word, max_line_len, hanging_indent)
UnboundLocalError: local variable 'word' referenced before assignment

======================================================================
ERROR: numpy.ma.tests.test_core.TestMaskedArray.test_str_repr_legacy
----------------------------------------------------------------------
Traceback (most recent call last):
  File "/home/travis/build/numpy/numpy/builds/venv/lib/python3.4/site-packages/nose/case.py", line 198, in runTest
    self.test(*self.arg)
  File "/home/travis/build/numpy/numpy/numpy/ma/tests/test_core.py", line 573, in test_str_repr_legacy
    repr(a),
  File "/home/travis/build/numpy/numpy/numpy/ma/core.py", line 3891, in __repr__
    data=str(self),
  File "/home/travis/build/numpy/numpy/numpy/ma/core.py", line 3868, in __str__
    return str(self._insert_masked_print())
  File "/home/travis/build/numpy/numpy/numpy/core/arrayprint.py", line 1359, in array_str
    return array2string(a, max_line_width, precision, suppress_small, ' ', "")
  File "/home/travis/build/numpy/numpy/numpy/core/arrayprint.py", line 615, in array2string
    return _array2string(a, options, separator, prefix)
  File "/home/travis/build/numpy/numpy/numpy/core/arrayprint.py", line 422, in wrapper
    return f(self, *args, **kwargs)
  File "/home/travis/build/numpy/numpy/numpy/core/arrayprint.py", line 453, in _array2string
    summary_insert, options['legacy'])
  File "/home/travis/build/numpy/numpy/numpy/core/arrayprint.py", line 709, in _formatArray
    return recurser(index=(), hanging_indent=next_line_prefix)
  File "/home/travis/build/numpy/numpy/numpy/core/arrayprint.py", line 667, in recurser
    s, line = _extendLine(s, line, word, max_line_len, hanging_indent)
UnboundLocalError: local variable 'word' referenced before assignment

----------------------------------------------------------------------
Ran 6786 tests in 175.569s

FAILED (KNOWNFAIL=13, SKIP=4, errors=8)

travis_time:end:025b2994:start=1512553761009906710,finish=1512554079307592388,duration=318297685678[0K
[31;1mThe command "./tools/travis-test.sh" exited with 1.[0m
travis_fold:start:cache.2[0Kstore build cache
travis_time:start:006e01dc[0K
travis_time:end:006e01dc:start=1512554079315677002,finish=1512554079322041837,duration=6364835[0Ktravis_time:start:05dc8720[0K[32;1mchange detected (content changed, file is created, or file is deleted):
/home/travis/.cache/pip/http/3/a/f/3/a/3af3addf06e983a6c02f46e7bea70c221d3ff95bf1418fa6da354e14
/home/travis/.cache/pip/http/a/6/9/b/d/a69bdb984343de3b3653d7a852dbd14dd4ccdd03ced4b06d1352ba0b
/home/travis/.cache/pip/http/c/7/8/b/f/c78bfaa069d1f3e78afd86d99cc903d81ce72721afc254357ad6c831
/home/travis/.cache/pip/http/d/9/f/5/0/d9f5007c5cc7fe7a953d81df1938d0a96573b4be7f6b4aea55ab2559
/home/travis/.cache/pip/http/e/4/8/2/b/e482bb47f4716e2d35342a0cb10668bc661a91614e8afefe1cdc50b3
/home/travis/.cache/pip/http/e/e/3/2/8/ee3289a8797caea4fe12c6b48ca736e92850c8c2e1747e0e4d2bf0f1
/home/travis/.cache/pip/http/f/5/0/6/9/f506919a8bb750672325e1782eaa71c75e5cd4236546883e66769b54

[0m
[32;1mchanges detected, packing new archive[0m
[32;1muploading archive[0m

travis_time:end:05dc8720:start=1512554079329658943,finish=1512554085256883954,duration=5927225011[0Ktravis_fold:end:cache.2[0K
Done. Your build exited with 1.
