travis_fold:start:worker_info[0K[33;1mWorker information[0m
hostname: 282b9c6e-b8b2-43d3-8333-e212efe33fa8@1.production-1-worker-org-gce-ght5
version: v6.2.0 https://github.com/travis-ci/worker/tree/5e5476e01646095f48eec13196fdb3faf8f5cbf7
instance: travis-job-3f3c0d75-d4d5-40f7-8155-46740c457e04 travis-ci-garnet-trusty-1512502259-986baf0 (via amqp)
startup: 10.875534283s
travis_fold:end:worker_info[0Ktravis_fold:start:system_info[0K[33;1mBuild system information[0m
Build language: java
Build group: stable
Build dist: trusty
Build id: 549626450
Job id: 549626458
Runtime kernel version: 4.4.0-101-generic
travis-build version: 541266b83
[34m[1mBuild image provisioning date and time[0m
Tue Dec  5 19:58:13 UTC 2017
[34m[1mOperating System Details[0m
Distributor ID:	Ubuntu
Description:	Ubuntu 14.04.5 LTS
Release:	14.04
Codename:	trusty
[34m[1mCookbooks Version[0m
7c2c6a6 https://github.com/travis-ci/travis-cookbooks/tree/7c2c6a6
[34m[1mgit version[0m
git version 2.15.1
[34m[1mbash version[0m
GNU bash, version 4.3.11(1)-release (x86_64-pc-linux-gnu)
[34m[1mgcc version[0m
gcc (Ubuntu 4.8.4-2ubuntu1~14.04.3) 4.8.4
Copyright (C) 2013 Free Software Foundation, Inc.
This is free software; see the source for copying conditions.  There is NO
warranty; not even for MERCHANTABILITY or FITNESS FOR A PARTICULAR PURPOSE.

[34m[1mdocker version[0m
Client:
 Version:      17.09.0-ce
 API version:  1.32
 Go version:   go1.8.3
 Git commit:   afdb6d4
 Built:        Tue Sep 26 22:42:38 2017
 OS/Arch:      linux/amd64

Server:
 Version:      17.09.0-ce
 API version:  1.32 (minimum version 1.12)
 Go version:   go1.8.3
 Git commit:   afdb6d4
 Built:        Tue Sep 26 22:41:20 2017
 OS/Arch:      linux/amd64
 Experimental: false
[34m[1mclang version[0m
clang version 5.0.0 (tags/RELEASE_500/final)
Target: x86_64-unknown-linux-gnu
Thread model: posix
InstalledDir: /usr/local/clang-5.0.0/bin
[34m[1mjq version[0m
jq-1.5
[34m[1mbats version[0m
Bats 0.4.0
[34m[1mshellcheck version[0m
0.4.6
[34m[1mshfmt version[0m
v2.0.0
[34m[1mccache version[0m
ccache version 3.1.9

Copyright (C) 2002-2007 Andrew Tridgell
Copyright (C) 2009-2011 Joel Rosdahl

This program is free software; you can redistribute it and/or modify it under
the terms of the GNU General Public License as published by the Free Software
Foundation; either version 3 of the License, or (at your option) any later
version.
[34m[1mcmake version[0m
cmake version 3.9.2

CMake suite maintained and supported by Kitware (kitware.com/cmake).
[34m[1mheroku version[0m
heroku-cli/6.14.39-addc925 (linux-x64) node-v9.2.0
[34m[1mimagemagick version[0m
Version: ImageMagick 6.7.7-10 2017-07-31 Q16 http://www.imagemagick.org
[34m[1mmd5deep version[0m
4.2
[34m[1mmercurial version[0m
Mercurial Distributed SCM (version 4.2.2)
(see https://mercurial-scm.org for more information)

Copyright (C) 2005-2017 Matt Mackall and others
This is free software; see the source for copying conditions. There is NO
warranty; not even for MERCHANTABILITY or FITNESS FOR A PARTICULAR PURPOSE.
[34m[1mmysql version[0m
mysql  Ver 14.14 Distrib 5.6.33, for debian-linux-gnu (x86_64) using  EditLine wrapper
[34m[1mopenssl version[0m
OpenSSL 1.0.1f 6 Jan 2014
[34m[1mpacker version[0m
Packer v1.0.2

Your version of Packer is out of date! The latest version
is 1.1.2. You can update by downloading from www.packer.io
[34m[1mpostgresql client version[0m
psql (PostgreSQL) 9.6.6
[34m[1mragel version[0m
Ragel State Machine Compiler version 6.8 Feb 2013
Copyright (c) 2001-2009 by Adrian Thurston
[34m[1msubversion version[0m
svn, version 1.8.8 (r1568071)
   compiled Aug 10 2017, 17:20:39 on x86_64-pc-linux-gnu

Copyright (C) 2013 The Apache Software Foundation.
This software consists of contributions made by many people;
see the NOTICE file for more information.
Subversion is open source software, see http://subversion.apache.org/

The following repository access (RA) modules are available:

* ra_svn : Module for accessing a repository using the svn network protocol.
  - with Cyrus SASL authentication
  - handles 'svn' scheme
* ra_local : Module for accessing a repository on local disk.
  - handles 'file' scheme
* ra_serf : Module for accessing a repository via WebDAV protocol using serf.
  - using serf 1.3.3
  - handles 'http' scheme
  - handles 'https' scheme

[34m[1msudo version[0m
Sudo version 1.8.9p5
Configure options: --prefix=/usr -v --with-all-insults --with-pam --with-fqdn --with-logging=syslog --with-logfac=authpriv --with-env-editor --with-editor=/usr/bin/editor --with-timeout=15 --with-password-timeout=0 --with-passprompt=[sudo] password for %p:  --without-lecture --with-tty-tickets --disable-root-mailer --enable-admin-flag --with-sendmail=/usr/sbin/sendmail --with-timedir=/var/lib/sudo --mandir=/usr/share/man --libexecdir=/usr/lib/sudo --with-sssd --with-sssd-lib=/usr/lib/x86_64-linux-gnu --with-selinux
Sudoers policy plugin version 1.8.9p5
Sudoers file grammar version 43

Sudoers path: /etc/sudoers
Authentication methods: 'pam'
Syslog facility if syslog is being used for logging: authpriv
Syslog priority to use when user authenticates successfully: notice
Syslog priority to use when user authenticates unsuccessfully: alert
Send mail if the user is not in sudoers
Use a separate timestamp for each user/tty combo
Lecture user the first time they run sudo
Root may run sudo
Allow some information gathering to give useful error messages
Require fully-qualified hostnames in the sudoers file
Visudo will honor the EDITOR environment variable
Set the LOGNAME and USER environment variables
Length at which to wrap log file lines (0 for no wrap): 80
Authentication timestamp timeout: 15.0 minutes
Password prompt timeout: 0.0 minutes
Number of tries to enter a password: 3
Umask to use or 0777 to use user's: 022
Path to mail program: /usr/sbin/sendmail
Flags for mail program: -t
Address to send mail to: root
Subject line for mail messages: *** SECURITY information for %h ***
Incorrect password message: Sorry, try again.
Path to authentication timestamp dir: /var/lib/sudo
Default password prompt: [sudo] password for %p: 
Default user to run commands as: root
Value to override user's $PATH with: /usr/local/sbin:/usr/local/bin:/usr/sbin:/usr/bin:/sbin:/bin:/snap/bin
Path to the editor for use by visudo: /usr/bin/editor
When to require a password for 'list' pseudocommand: any
When to require a password for 'verify' pseudocommand: all
File descriptors >= 3 will be closed before executing a command
Environment variables to check for sanity:
	TZ
	TERM
	LINGUAS
	LC_*
	LANGUAGE
	LANG
	COLORTERM
Environment variables to remove:
	RUBYOPT
	RUBYLIB
	PYTHONUSERBASE
	PYTHONINSPECT
	PYTHONPATH
	PYTHONHOME
	TMPPREFIX
	ZDOTDIR
	READNULLCMD
	NULLCMD
	FPATH
	PERL5DB
	PERL5OPT
	PERL5LIB
	PERLLIB
	PERLIO_DEBUG 
	JAVA_TOOL_OPTIONS
	SHELLOPTS
	GLOBIGNORE
	PS4
	BASH_ENV
	ENV
	TERMCAP
	TERMPATH
	TERMINFO_DIRS
	TERMINFO
	_RLD*
	LD_*
	PATH_LOCALE
	NLSPATH
	HOSTALIASES
	RES_OPTIONS
	LOCALDOMAIN
	CDPATH
	IFS
Environment variables to preserve:
	JAVA_HOME
	TRAVIS
	CI
	DEBIAN_FRONTEND
	XAUTHORIZATION
	XAUTHORITY
	PS2
	PS1
	PATH
	LS_COLORS
	KRB5CCNAME
	HOSTNAME
	HOME
	DISPLAY
	COLORS
Locale to use while parsing sudoers: C
Directory in which to store input/output logs: /var/log/sudo-io
File in which to store the input/output log: %{seq}
Add an entry to the utmp/utmpx file when allocating a pty
PAM service name to use
PAM service name to use for login shells
Create a new PAM session for the command to run in
Maximum I/O log sequence number: 0

Local IP address and netmask pairs:
	10.240.0.28/255.255.255.255
	172.17.0.1/255.255.0.0

Sudoers I/O plugin version 1.8.9p5
[34m[1mgzip version[0m
gzip 1.6
Copyright (C) 2007, 2010, 2011 Free Software Foundation, Inc.
Copyright (C) 1993 Jean-loup Gailly.
This is free software.  You may redistribute copies of it under the terms of
the GNU General Public License <http://www.gnu.org/licenses/gpl.html>.
There is NO WARRANTY, to the extent permitted by law.

Written by Jean-loup Gailly.
[34m[1mzip version[0m
Copyright (c) 1990-2008 Info-ZIP - Type 'zip "-L"' for software license.
This is Zip 3.0 (July 5th 2008), by Info-ZIP.
Currently maintained by E. Gordon.  Please send bug reports to
the authors using the web page at www.info-zip.org; see README for details.

Latest sources and executables are at ftp://ftp.info-zip.org/pub/infozip,
as of above date; see http://www.info-zip.org/ for other sites.

Compiled with gcc 4.8.2 for Unix (Linux ELF) on Oct 21 2013.

Zip special compilation options:
	USE_EF_UT_TIME       (store Universal Time)
	BZIP2_SUPPORT        (bzip2 library version 1.0.6, 6-Sept-2010)
	    bzip2 code and library copyright (c) Julian R Seward
	    (See the bzip2 license for terms of use)
	SYMLINK_SUPPORT      (symbolic links supported)
	LARGE_FILE_SUPPORT   (can read and write large files on file system)
	ZIP64_SUPPORT        (use Zip64 to store large files in archives)
	UNICODE_SUPPORT      (store and read UTF-8 Unicode paths)
	STORE_UNIX_UIDs_GIDs (store UID/GID sizes/values using new extra field)
	UIDGID_NOT_16BIT     (old Unix 16-bit UID/GID extra field not used)
	[encryption, version 2.91 of 05 Jan 2007] (modified for Zip 3)

Encryption notice:
	The encryption code of this program is not copyrighted and is
	put in the public domain.  It was originally written in Europe
	and, to the best of our knowledge, can be freely distributed
	in both source and object forms from any country, including
	the USA under License Exception TSU of the U.S. Export
	Administration Regulations (section 740.13(e)) of 6 June 2002.

Zip environment options:
             ZIP:  [none]
          ZIPOPT:  [none]
[34m[1mvim version[0m
VIM - Vi IMproved 7.4 (2013 Aug 10, compiled Nov 24 2016 16:43:18)
Included patches: 1-52
Extra patches: 8.0.0056
Modified by pkg-vim-maintainers@lists.alioth.debian.org
Compiled by buildd@
Huge version without GUI.  Features included (+) or not (-):
+acl             +farsi           +mouse_netterm   +syntax
+arabic          +file_in_path    +mouse_sgr       +tag_binary
+autocmd         +find_in_path    -mouse_sysmouse  +tag_old_static
-balloon_eval    +float           +mouse_urxvt     -tag_any_white
-browse          +folding         +mouse_xterm     -tcl
++builtin_terms  -footer          +multi_byte      +terminfo
+byte_offset     +fork()          +multi_lang      +termresponse
+cindent         +gettext         -mzscheme        +textobjects
-clientserver    -hangul_input    +netbeans_intg   +title
-clipboard       +iconv           +path_extra      -toolbar
+cmdline_compl   +insert_expand   -perl            +user_commands
+cmdline_hist    +jumplist        +persistent_undo +vertsplit
+cmdline_info    +keymap          +postscript      +virtualedit
+comments        +langmap         +printer         +visual
+conceal         +libcall         +profile         +visualextra
+cryptv          +linebreak       +python          +viminfo
+cscope          +lispindent      -python3         +vreplace
+cursorbind      +listcmds        +quickfix        +wildignore
+cursorshape     +localmap        +reltime         +wildmenu
+dialog_con      -lua             +rightleft       +windows
+diff            +menu            -ruby            +writebackup
+digraphs        +mksession       +scrollbind      -X11
-dnd             +modify_fname    +signs           -xfontset
-ebcdic          +mouse           +smartindent     -xim
+emacs_tags      -mouseshape      -sniff           -xsmp
+eval            +mouse_dec       +startuptime     -xterm_clipboard
+ex_extra        +mouse_gpm       +statusline      -xterm_save
+extra_search    -mouse_jsbterm   -sun_workshop    -xpm
   system vimrc file: "$VIM/vimrc"
     user vimrc file: "$HOME/.vimrc"
 2nd user vimrc file: "~/.vim/vimrc"
      user exrc file: "$HOME/.exrc"
  fall-back for $VIM: "/usr/share/vim"
Compilation: gcc -c -I. -Iproto -DHAVE_CONFIG_H     -g -O2 -fstack-protector --param=ssp-buffer-size=4 -Wformat -Werror=format-security -U_FORTIFY_SOURCE -D_FORTIFY_SOURCE=1      
Linking: gcc   -Wl,-Bsymbolic-functions -Wl,-z,relro -Wl,--as-needed -o vim        -lm -ltinfo -lnsl  -lselinux  -lacl -lattr -lgpm -ldl    -L/usr/lib/python2.7/config-x86_64-linux-gnu -lpython2.7 -lpthread -ldl -lutil -lm -Xlinker -export-dynamic -Wl,-O1 -Wl,-Bsymbolic-functions      
[34m[1miptables version[0m
iptables v1.4.21
[34m[1mcurl version[0m
curl 7.35.0 (x86_64-pc-linux-gnu) libcurl/7.35.0 OpenSSL/1.0.1f zlib/1.2.8 libidn/1.28 librtmp/2.3
[34m[1mwget version[0m
GNU Wget 1.15 built on linux-gnu.
[34m[1mrsync version[0m
rsync  version 3.1.0  protocol version 31
[34m[1mgimme version[0m
v1.2.0
[34m[1mnvm version[0m
0.33.6
[34m[1mperlbrew version[0m
/home/travis/perl5/perlbrew/bin/perlbrew  - App::perlbrew/0.80
[34m[1mphpenv version[0m
rbenv 1.1.1-25-g6aa70b6
[34m[1mrvm version[0m
rvm 1.29.3 (latest) by Michal Papis, Piotr Kuczynski, Wayne E. Seguin [https://rvm.io]
[34m[1mdefault ruby version[0m
ruby 2.4.1p111 (2017-03-22 revision 58053) [x86_64-linux]
[34m[1mCouchDB version[0m
couchdb 1.6.1
[34m[1mElasticSearch version[0m
5.5.0
[34m[1mInstalled Firefox version[0m
firefox 56.0.2
[34m[1mMongoDB version[0m
MongoDB 3.4.10
[34m[1mPhantomJS version[0m
2.1.1
[34m[1mPre-installed PostgreSQL versions[0m
9.2.24
9.3.20
9.4.15
9.5.10
9.6.6
[34m[1mRabbitMQ Version[0m
3.6.14
[34m[1mRedis version[0m
redis-server 4.0.6
[34m[1mriak version[0m
2.2.3
[34m[1mPre-installed Go versions[0m
1.7.4
[34m[1mant version[0m
Apache Ant(TM) version 1.9.3 compiled on April 8 2014
[34m[1mmvn version[0m
Apache Maven 3.5.2 (138edd61fd100ec658bfa2d307c43b76940a5d7d; 2017-10-18T07:58:13Z)
Maven home: /usr/local/maven-3.5.2
Java version: 1.8.0_151, vendor: Oracle Corporation
Java home: /usr/lib/jvm/java-8-oracle/jre
Default locale: en_US, platform encoding: UTF-8
OS name: "linux", version: "4.4.0-98-generic", arch: "amd64", family: "unix"
[34m[1mgradle version[0m

------------------------------------------------------------
Gradle 4.0.1
------------------------------------------------------------

Build time:   2017-07-07 14:02:41 UTC
Revision:     38e5dc0f772daecca1d2681885d3d85414eb6826

Groovy:       2.4.11
Ant:          Apache Ant(TM) version 1.9.6 compiled on June 29 2015
JVM:          1.8.0_151 (Oracle Corporation 25.151-b12)
OS:           Linux 4.4.0-98-generic amd64

[34m[1mlein version[0m
Leiningen 2.8.1 on Java 1.8.0_151 Java HotSpot(TM) 64-Bit Server VM
[34m[1mPre-installed Node.js versions[0m
v4.8.6
v6.12.0
v6.12.1
v8.9
v8.9.1
[34m[1mphpenv versions[0m
  system
  5.6
* 5.6.32 (set by /home/travis/.phpenv/version)
  7.0
  7.0.25
  7.1
  7.1.11
  hhvm
  hhvm-stable
[34m[1mcomposer --version[0m
Composer version 1.5.2 2017-09-11 16:59:25
[34m[1mPre-installed Ruby versions[0m
ruby-2.2.7
ruby-2.3.4
ruby-2.4.1
travis_fold:end:system_info[0K
travis_fold:start:docker_mtu[0Kdocker stop/waiting
docker start/running, process 3698
travis_fold:end:docker_mtu[0Ktravis_fold:start:resolvconf[0Kresolvconf stop/waiting
resolvconf start/running
travis_fold:end:resolvconf[0K
travis_fold:start:install_jdk[0K[33;1mInstalling oraclejdk8[0m
$ jdk_switcher use "oraclejdk8"
Switching to Oracle JDK8 (java-8-oracle), JAVA_HOME will be set to /usr/lib/jvm/java-8-oracle
travis_fold:end:install_jdk[0Ktravis_fold:start:postgresql[0Ktravis_time:start:0bdce2d8[0K$ travis_setup_postgresql 9.4
[33;1mStarting PostgreSQL v9.4[0K
 * Stopping PostgreSQL 9.2 database server       [80G [74G[ OK ]
 * Stopping PostgreSQL 9.3 database server       [80G [74G[ OK ]
 * Stopping PostgreSQL 9.4 database server       [80G [74G[ OK ]
 * Stopping PostgreSQL 9.5 database server       [80G [74G[ OK ]
 * Stopping PostgreSQL 9.6 database server       [80G [74G[ OK ]
 * Starting PostgreSQL 9.4 database server       [80G [74G[ OK ]
sudo service postgresql start 9.4
travis_time:end:0bdce2d8:start=1561365763820175377,finish=1561365767720170963,duration=3899995586[0Ktravis_fold:end:postgresql[0K
travis_fold:start:git.checkout[0Ktravis_time:start:037dc200[0K$ git clone --depth=50 https://github.com/pgjdbc/pgjdbc.git pgjdbc/pgjdbc
Cloning into 'pgjdbc/pgjdbc'...
remote: Enumerating objects: 1567, done.[K
remote: Counting objects:   0% (1/1567)   [Kremote: Counting objects:   1% (16/1567)   [Kremote: Counting objects:   2% (32/1567)   [Kremote: Counting objects:   3% (48/1567)   [Kremote: Counting objects:   4% (63/1567)   [Kremote: Counting objects:   5% (79/1567)   [Kremote: Counting objects:   6% (95/1567)   [Kremote: Counting objects:   7% (110/1567)   [Kremote: Counting objects:   8% (126/1567)   [Kremote: Counting objects:   9% (142/1567)   [Kremote: Counting objects:  10% (157/1567)   [Kremote: Counting objects:  11% (173/1567)   [Kremote: Counting objects:  12% (189/1567)   [Kremote: Counting objects:  13% (204/1567)   [Kremote: Counting objects:  14% (220/1567)   [Kremote: Counting objects:  15% (236/1567)   [Kremote: Counting objects:  16% (251/1567)   [Kremote: Counting objects:  17% (267/1567)   [Kremote: Counting objects:  18% (283/1567)   [Kremote: Counting objects:  19% (298/1567)   [Kremote: Counting objects:  20% (314/1567)   [Kremote: Counting objects:  21% (330/1567)   [Kremote: Counting objects:  22% (345/1567)   [Kremote: Counting objects:  23% (361/1567)   [Kremote: Counting objects:  24% (377/1567)   [Kremote: Counting objects:  25% (392/1567)   [Kremote: Counting objects:  26% (408/1567)   [Kremote: Counting objects:  27% (424/1567)   [Kremote: Counting objects:  28% (439/1567)   [Kremote: Counting objects:  29% (455/1567)   [Kremote: Counting objects:  30% (471/1567)   [Kremote: Counting objects:  31% (486/1567)   [Kremote: Counting objects:  32% (502/1567)   [Kremote: Counting objects:  33% (518/1567)   [Kremote: Counting objects:  34% (533/1567)   [Kremote: Counting objects:  35% (549/1567)   [Kremote: Counting objects:  36% (565/1567)   [Kremote: Counting objects:  37% (580/1567)   [Kremote: Counting objects:  38% (596/1567)   [Kremote: Counting objects:  39% (612/1567)   [Kremote: Counting objects:  40% (627/1567)   [Kremote: Counting objects:  41% (643/1567)   [Kremote: Counting objects:  42% (659/1567)   [Kremote: Counting objects:  43% (674/1567)   [Kremote: Counting objects:  44% (690/1567)   [Kremote: Counting objects:  45% (706/1567)   [Kremote: Counting objects:  46% (721/1567)   [Kremote: Counting objects:  47% (737/1567)   [Kremote: Counting objects:  48% (753/1567)   [Kremote: Counting objects:  49% (768/1567)   [Kremote: Counting objects:  50% (784/1567)   [Kremote: Counting objects:  51% (800/1567)   [Kremote: Counting objects:  52% (815/1567)   [Kremote: Counting objects:  53% (831/1567)   [Kremote: Counting objects:  54% (847/1567)   [Kremote: Counting objects:  55% (862/1567)   [Kremote: Counting objects:  56% (878/1567)   [Kremote: Counting objects:  57% (894/1567)   [Kremote: Counting objects:  58% (909/1567)   [Kremote: Counting objects:  59% (925/1567)   [Kremote: Counting objects:  60% (941/1567)   [Kremote: Counting objects:  61% (956/1567)   [Kremote: Counting objects:  62% (972/1567)   [Kremote: Counting objects:  63% (988/1567)   [Kremote: Counting objects:  64% (1003/1567)   [Kremote: Counting objects:  65% (1019/1567)   [Kremote: Counting objects:  66% (1035/1567)   [Kremote: Counting objects:  67% (1050/1567)   [Kremote: Counting objects:  68% (1066/1567)   [Kremote: Counting objects:  69% (1082/1567)   [Kremote: Counting objects:  70% (1097/1567)   [Kremote: Counting objects:  71% (1113/1567)   [Kremote: Counting objects:  72% (1129/1567)   [Kremote: Counting objects:  73% (1144/1567)   [Kremote: Counting objects:  74% (1160/1567)   [Kremote: Counting objects:  75% (1176/1567)   [Kremote: Counting objects:  76% (1191/1567)   [Kremote: Counting objects:  77% (1207/1567)   [Kremote: Counting objects:  78% (1223/1567)   [Kremote: Counting objects:  79% (1238/1567)   [Kremote: Counting objects:  80% (1254/1567)   [Kremote: Counting objects:  81% (1270/1567)   [Kremote: Counting objects:  82% (1285/1567)   [Kremote: Counting objects:  83% (1301/1567)   [Kremote: Counting objects:  84% (1317/1567)   [Kremote: Counting objects:  85% (1332/1567)   [Kremote: Counting objects:  86% (1348/1567)   [Kremote: Counting objects:  87% (1364/1567)   [Kremote: Counting objects:  88% (1379/1567)   [Kremote: Counting objects:  89% (1395/1567)   [Kremote: Counting objects:  90% (1411/1567)   [Kremote: Counting objects:  91% (1426/1567)   [Kremote: Counting objects:  92% (1442/1567)   [Kremote: Counting objects:  93% (1458/1567)   [Kremote: Counting objects:  94% (1473/1567)   [Kremote: Counting objects:  95% (1489/1567)   [Kremote: Counting objects:  96% (1505/1567)   [Kremote: Counting objects:  97% (1520/1567)   [Kremote: Counting objects:  98% (1536/1567)   [Kremote: Counting objects:  99% (1552/1567)   [Kremote: Counting objects: 100% (1567/1567)   [Kremote: Counting objects: 100% (1567/1567), done.[K
remote: Compressing objects:   0% (1/1039)   [Kremote: Compressing objects:   1% (11/1039)   [Kremote: Compressing objects:   2% (21/1039)   [Kremote: Compressing objects:   3% (32/1039)   [Kremote: Compressing objects:   4% (42/1039)   [Kremote: Compressing objects:   5% (52/1039)   [Kremote: Compressing objects:   6% (63/1039)   [Kremote: Compressing objects:   7% (73/1039)   [Kremote: Compressing objects:   8% (84/1039)   [Kremote: Compressing objects:   9% (94/1039)   [Kremote: Compressing objects:  10% (104/1039)   [Kremote: Compressing objects:  11% (115/1039)   [Kremote: Compressing objects:  12% (125/1039)   [Kremote: Compressing objects:  13% (136/1039)   [Kremote: Compressing objects:  14% (146/1039)   [Kremote: Compressing objects:  15% (156/1039)   [Kremote: Compressing objects:  16% (167/1039)   [Kremote: Compressing objects:  17% (177/1039)   [Kremote: Compressing objects:  18% (188/1039)   [Kremote: Compressing objects:  19% (198/1039)   [Kremote: Compressing objects:  20% (208/1039)   [Kremote: Compressing objects:  21% (219/1039)   [Kremote: Compressing objects:  22% (229/1039)   [Kremote: Compressing objects:  23% (239/1039)   [Kremote: Compressing objects:  24% (250/1039)   [Kremote: Compressing objects:  25% (260/1039)   [Kremote: Compressing objects:  26% (271/1039)   [Kremote: Compressing objects:  27% (281/1039)   [Kremote: Compressing objects:  28% (291/1039)   [Kremote: Compressing objects:  29% (302/1039)   [Kremote: Compressing objects:  30% (312/1039)   [Kremote: Compressing objects:  31% (323/1039)   [Kremote: Compressing objects:  32% (333/1039)   [Kremote: Compressing objects:  33% (343/1039)   [Kremote: Compressing objects:  34% (354/1039)   [Kremote: Compressing objects:  35% (364/1039)   [Kremote: Compressing objects:  36% (375/1039)   [Kremote: Compressing objects:  37% (385/1039)   [Kremote: Compressing objects:  38% (395/1039)   [Kremote: Compressing objects:  39% (406/1039)   [Kremote: Compressing objects:  40% (416/1039)   [Kremote: Compressing objects:  41% (426/1039)   [Kremote: Compressing objects:  42% (437/1039)   [Kremote: Compressing objects:  43% (447/1039)   [Kremote: Compressing objects:  44% (458/1039)   [Kremote: Compressing objects:  45% (468/1039)   [Kremote: Compressing objects:  46% (478/1039)   [Kremote: Compressing objects:  47% (489/1039)   [Kremote: Compressing objects:  48% (499/1039)   [Kremote: Compressing objects:  49% (510/1039)   [Kremote: Compressing objects:  50% (520/1039)   [Kremote: Compressing objects:  51% (530/1039)   [Kremote: Compressing objects:  52% (541/1039)   [Kremote: Compressing objects:  53% (551/1039)   [Kremote: Compressing objects:  54% (562/1039)   [Kremote: Compressing objects:  55% (572/1039)   [Kremote: Compressing objects:  56% (582/1039)   [Kremote: Compressing objects:  57% (593/1039)   [Kremote: Compressing objects:  58% (603/1039)   [Kremote: Compressing objects:  59% (614/1039)   [Kremote: Compressing objects:  60% (624/1039)   [Kremote: Compressing objects:  61% (634/1039)   [Kremote: Compressing objects:  62% (645/1039)   [Kremote: Compressing objects:  63% (655/1039)   [Kremote: Compressing objects:  64% (665/1039)   [Kremote: Compressing objects:  65% (676/1039)   [Kremote: Compressing objects:  66% (686/1039)   [Kremote: Compressing objects:  67% (697/1039)   [Kremote: Compressing objects:  68% (707/1039)   [Kremote: Compressing objects:  69% (717/1039)   [Kremote: Compressing objects:  70% (728/1039)   [Kremote: Compressing objects:  71% (738/1039)   [Kremote: Compressing objects:  72% (749/1039)   [Kremote: Compressing objects:  73% (759/1039)   [Kremote: Compressing objects:  74% (769/1039)   [Kremote: Compressing objects:  75% (780/1039)   [Kremote: Compressing objects:  76% (790/1039)   [Kremote: Compressing objects:  77% (801/1039)   [Kremote: Compressing objects:  78% (811/1039)   [Kremote: Compressing objects:  79% (821/1039)   [Kremote: Compressing objects:  80% (832/1039)   [Kremote: Compressing objects:  81% (842/1039)   [Kremote: Compressing objects:  82% (852/1039)   [Kremote: Compressing objects:  83% (863/1039)   [Kremote: Compressing objects:  84% (873/1039)   [Kremote: Compressing objects:  85% (884/1039)   [Kremote: Compressing objects:  86% (894/1039)   [Kremote: Compressing objects:  87% (904/1039)   [Kremote: Compressing objects:  88% (915/1039)   [Kremote: Compressing objects:  89% (925/1039)   [Kremote: Compressing objects:  90% (936/1039)   [Kremote: Compressing objects:  91% (946/1039)   [Kremote: Compressing objects:  92% (956/1039)   [Kremote: Compressing objects:  93% (967/1039)   [Kremote: Compressing objects:  94% (977/1039)   [Kremote: Compressing objects:  95% (988/1039)   [Kremote: Compressing objects:  96% (998/1039)   [Kremote: Compressing objects:  97% (1008/1039)   [Kremote: Compressing objects:  98% (1019/1039)   [Kremote: Compressing objects:  99% (1029/1039)   [Kremote: Compressing objects: 100% (1039/1039)   [Kremote: Compressing objects: 100% (1039/1039), done.[K
Receiving objects:   0% (1/1567)   Receiving objects:   1% (16/1567)   Receiving objects:   2% (32/1567)   Receiving objects:   3% (48/1567)   Receiving objects:   4% (63/1567)   Receiving objects:   5% (79/1567)   Receiving objects:   6% (95/1567)   Receiving objects:   7% (110/1567)   Receiving objects:   8% (126/1567)   Receiving objects:   9% (142/1567)   Receiving objects:  10% (157/1567)   Receiving objects:  11% (173/1567)   Receiving objects:  12% (189/1567)   Receiving objects:  13% (204/1567)   Receiving objects:  14% (220/1567)   Receiving objects:  15% (236/1567)   Receiving objects:  16% (251/1567)   Receiving objects:  17% (267/1567)   Receiving objects:  18% (283/1567)   Receiving objects:  19% (298/1567)   Receiving objects:  20% (314/1567)   Receiving objects:  21% (330/1567)   Receiving objects:  22% (345/1567)   Receiving objects:  23% (361/1567)   Receiving objects:  24% (377/1567)   Receiving objects:  25% (392/1567)   Receiving objects:  26% (408/1567)   Receiving objects:  27% (424/1567)   Receiving objects:  28% (439/1567)   Receiving objects:  29% (455/1567)   Receiving objects:  30% (471/1567)   Receiving objects:  31% (486/1567)   Receiving objects:  32% (502/1567)   Receiving objects:  33% (518/1567)   Receiving objects:  34% (533/1567)   Receiving objects:  35% (549/1567)   Receiving objects:  36% (565/1567)   Receiving objects:  37% (580/1567)   Receiving objects:  38% (596/1567)   Receiving objects:  39% (612/1567)   Receiving objects:  40% (627/1567)   Receiving objects:  41% (643/1567)   Receiving objects:  42% (659/1567)   Receiving objects:  43% (674/1567)   Receiving objects:  44% (690/1567)   Receiving objects:  45% (706/1567)   Receiving objects:  46% (721/1567)   Receiving objects:  47% (737/1567)   Receiving objects:  48% (753/1567)   Receiving objects:  49% (768/1567)   Receiving objects:  50% (784/1567)   Receiving objects:  51% (800/1567)   Receiving objects:  52% (815/1567)   Receiving objects:  53% (831/1567)   Receiving objects:  54% (847/1567)   Receiving objects:  55% (862/1567)   Receiving objects:  56% (878/1567)   Receiving objects:  57% (894/1567)   Receiving objects:  58% (909/1567)   Receiving objects:  59% (925/1567)   Receiving objects:  60% (941/1567)   Receiving objects:  61% (956/1567)   Receiving objects:  62% (972/1567)   Receiving objects:  63% (988/1567)   Receiving objects:  64% (1003/1567)   Receiving objects:  65% (1019/1567)   Receiving objects:  66% (1035/1567)   Receiving objects:  67% (1050/1567)   Receiving objects:  68% (1066/1567)   Receiving objects:  69% (1082/1567)   Receiving objects:  70% (1097/1567)   Receiving objects:  71% (1113/1567)   Receiving objects:  72% (1129/1567)   Receiving objects:  73% (1144/1567)   Receiving objects:  74% (1160/1567)   Receiving objects:  75% (1176/1567)   Receiving objects:  76% (1191/1567)   Receiving objects:  77% (1207/1567)   Receiving objects:  78% (1223/1567)   Receiving objects:  79% (1238/1567)   Receiving objects:  80% (1254/1567)   Receiving objects:  81% (1270/1567)   Receiving objects:  82% (1285/1567)   Receiving objects:  83% (1301/1567)   Receiving objects:  84% (1317/1567)   Receiving objects:  85% (1332/1567)   Receiving objects:  86% (1348/1567)   Receiving objects:  87% (1364/1567)   Receiving objects:  88% (1379/1567)   Receiving objects:  89% (1395/1567)   Receiving objects:  90% (1411/1567)   Receiving objects:  91% (1426/1567)   Receiving objects:  92% (1442/1567)   Receiving objects:  93% (1458/1567)   remote: Total 1567 (delta 602), reused 1045 (delta 405), pack-reused 0[K
Receiving objects:  94% (1473/1567)   Receiving objects:  95% (1489/1567)   Receiving objects:  96% (1505/1567)   Receiving objects:  97% (1520/1567)   Receiving objects:  98% (1536/1567)   Receiving objects:  99% (1552/1567)   Receiving objects: 100% (1567/1567)   Receiving objects: 100% (1567/1567), 1.51 MiB | 9.93 MiB/s, done.
Resolving deltas:   0% (0/602)   Resolving deltas:   4% (29/602)   Resolving deltas:   5% (31/602)   Resolving deltas:   6% (40/602)   Resolving deltas:   7% (43/602)   Resolving deltas:   8% (49/602)   Resolving deltas:   9% (55/602)   Resolving deltas:  11% (70/602)   Resolving deltas:  13% (79/602)   Resolving deltas:  14% (87/602)   Resolving deltas:  16% (99/602)   Resolving deltas:  17% (108/602)   Resolving deltas:  18% (114/602)   Resolving deltas:  19% (116/602)   Resolving deltas:  20% (121/602)   Resolving deltas:  21% (127/602)   Resolving deltas:  22% (133/602)   Resolving deltas:  24% (149/602)   Resolving deltas:  25% (156/602)   Resolving deltas:  28% (174/602)   Resolving deltas:  29% (175/602)   Resolving deltas:  30% (181/602)   Resolving deltas:  31% (191/602)   Resolving deltas:  32% (194/602)   Resolving deltas:  33% (204/602)   Resolving deltas:  34% (206/602)   Resolving deltas:  35% (216/602)   Resolving deltas:  36% (218/602)   Resolving deltas:  37% (223/602)   Resolving deltas:  39% (238/602)   Resolving deltas:  40% (241/602)   Resolving deltas:  41% (247/602)   Resolving deltas:  42% (253/602)   Resolving deltas:  43% (259/602)   Resolving deltas:  44% (265/602)   Resolving deltas:  45% (271/602)   Resolving deltas:  46% (277/602)   Resolving deltas:  47% (287/602)   Resolving deltas:  48% (292/602)   Resolving deltas:  49% (295/602)   Resolving deltas:  50% (301/602)   Resolving deltas:  51% (308/602)   Resolving deltas:  52% (316/602)   Resolving deltas:  53% (320/602)   Resolving deltas:  54% (326/602)   Resolving deltas:  55% (333/602)   Resolving deltas:  56% (338/602)   Resolving deltas:  57% (345/602)   Resolving deltas:  58% (350/602)   Resolving deltas:  59% (357/602)   Resolving deltas:  60% (362/602)   Resolving deltas:  61% (368/602)   Resolving deltas:  63% (383/602)   Resolving deltas:  64% (386/602)   Resolving deltas:  65% (393/602)   Resolving deltas:  66% (399/602)   Resolving deltas:  67% (404/602)   Resolving deltas:  68% (410/602)   Resolving deltas:  69% (416/602)   Resolving deltas:  70% (424/602)   Resolving deltas:  74% (448/602)   Resolving deltas:  75% (454/602)   Resolving deltas:  76% (458/602)   Resolving deltas:  77% (464/602)   Resolving deltas:  78% (473/602)   Resolving deltas:  79% (476/602)   Resolving deltas:  80% (482/602)   Resolving deltas:  81% (488/602)   Resolving deltas:  82% (495/602)   Resolving deltas:  83% (502/602)   Resolving deltas:  84% (507/602)   Resolving deltas:  85% (512/602)   Resolving deltas:  86% (518/602)   Resolving deltas:  87% (526/602)   Resolving deltas:  88% (531/602)   Resolving deltas:  89% (536/602)   Resolving deltas:  90% (542/602)   Resolving deltas:  91% (549/602)   Resolving deltas:  92% (556/602)   Resolving deltas:  93% (562/602)   Resolving deltas:  94% (569/602)   Resolving deltas:  95% (572/602)   Resolving deltas:  96% (578/602)   Resolving deltas:  97% (584/602)   Resolving deltas:  98% (591/602)   Resolving deltas:  99% (596/602)   Resolving deltas: 100% (602/602)   Resolving deltas: 100% (602/602), done.
travis_time:end:037dc200:start=1561365767724579958,finish=1561365768871215225,duration=1146635267[0K$ cd pgjdbc/pgjdbc
travis_time:start:0b49fad8[0K$ git fetch origin +refs/pull/1457/merge:
remote: Enumerating objects: 195, done.[K
remote: Counting objects:   0% (1/178)   [Kremote: Counting objects:   1% (2/178)   [Kremote: Counting objects:   2% (4/178)   [Kremote: Counting objects:   3% (6/178)   [Kremote: Counting objects:   4% (8/178)   [Kremote: Counting objects:   5% (9/178)   [Kremote: Counting objects:   6% (11/178)   [Kremote: Counting objects:   7% (13/178)   [Kremote: Counting objects:   8% (15/178)   [Kremote: Counting objects:   9% (17/178)   [Kremote: Counting objects:  10% (18/178)   [Kremote: Counting objects:  11% (20/178)   [Kremote: Counting objects:  12% (22/178)   [Kremote: Counting objects:  13% (24/178)   [Kremote: Counting objects:  14% (25/178)   [Kremote: Counting objects:  15% (27/178)   [Kremote: Counting objects:  16% (29/178)   [Kremote: Counting objects:  17% (31/178)   [Kremote: Counting objects:  18% (33/178)   [Kremote: Counting objects:  19% (34/178)   [Kremote: Counting objects:  20% (36/178)   [Kremote: Counting objects:  21% (38/178)   [Kremote: Counting objects:  22% (40/178)   [Kremote: Counting objects:  23% (41/178)   [Kremote: Counting objects:  24% (43/178)   [Kremote: Counting objects:  25% (45/178)   [Kremote: Counting objects:  26% (47/178)   [Kremote: Counting objects:  27% (49/178)   [Kremote: Counting objects:  28% (50/178)   [Kremote: Counting objects:  29% (52/178)   [Kremote: Counting objects:  30% (54/178)   [Kremote: Counting objects:  31% (56/178)   [Kremote: Counting objects:  32% (57/178)   [Kremote: Counting objects:  33% (59/178)   [Kremote: Counting objects:  34% (61/178)   [Kremote: Counting objects:  35% (63/178)   [Kremote: Counting objects:  36% (65/178)   [Kremote: Counting objects:  37% (66/178)   [Kremote: Counting objects:  38% (68/178)   [Kremote: Counting objects:  39% (70/178)   [Kremote: Counting objects:  40% (72/178)   [Kremote: Counting objects:  41% (73/178)   [Kremote: Counting objects:  42% (75/178)   [Kremote: Counting objects:  43% (77/178)   [Kremote: Counting objects:  44% (79/178)   [Kremote: Counting objects:  45% (81/178)   [Kremote: Counting objects:  46% (82/178)   [Kremote: Counting objects:  47% (84/178)   [Kremote: Counting objects:  48% (86/178)   [Kremote: Counting objects:  49% (88/178)   [Kremote: Counting objects:  50% (89/178)   [Kremote: Counting objects:  51% (91/178)   [Kremote: Counting objects:  52% (93/178)   [Kremote: Counting objects:  53% (95/178)   [Kremote: Counting objects:  54% (97/178)   [Kremote: Counting objects:  55% (98/178)   [Kremote: Counting objects:  56% (100/178)   [Kremote: Counting objects:  57% (102/178)   [Kremote: Counting objects:  58% (104/178)   [Kremote: Counting objects:  59% (106/178)   [Kremote: Counting objects:  60% (107/178)   [Kremote: Counting objects:  61% (109/178)   [Kremote: Counting objects:  62% (111/178)   [Kremote: Counting objects:  63% (113/178)   [Kremote: Counting objects:  64% (114/178)   [Kremote: Counting objects:  65% (116/178)   [Kremote: Counting objects:  66% (118/178)   [Kremote: Counting objects:  67% (120/178)   [Kremote: Counting objects:  68% (122/178)   [Kremote: Counting objects:  69% (123/178)   [Kremote: Counting objects:  70% (125/178)   [Kremote: Counting objects:  71% (127/178)   [Kremote: Counting objects:  72% (129/178)   [Kremote: Counting objects:  73% (130/178)   [Kremote: Counting objects:  74% (132/178)   [Kremote: Counting objects:  75% (134/178)   [Kremote: Counting objects:  76% (136/178)   [Kremote: Counting objects:  77% (138/178)   [Kremote: Counting objects:  78% (139/178)   [Kremote: Counting objects:  79% (141/178)   [Kremote: Counting objects:  80% (143/178)   [Kremote: Counting objects:  81% (145/178)   [Kremote: Counting objects:  82% (146/178)   [Kremote: Counting objects:  83% (148/178)   [Kremote: Counting objects:  84% (150/178)   [Kremote: Counting objects:  85% (152/178)   [Kremote: Counting objects:  86% (154/178)   [Kremote: Counting objects:  87% (155/178)   [Kremote: Counting objects:  88% (157/178)   [Kremote: Counting objects:  89% (159/178)   [Kremote: Counting objects:  90% (161/178)   [Kremote: Counting objects:  91% (162/178)   [Kremote: Counting objects:  92% (164/178)   [Kremote: Counting objects:  93% (166/178)   [Kremote: Counting objects:  94% (168/178)   [Kremote: Counting objects:  95% (170/178)   [Kremote: Counting objects:  96% (171/178)   [Kremote: Counting objects:  97% (173/178)   [Kremote: Counting objects:  98% (175/178)   [Kremote: Counting objects:  99% (177/178)   [Kremote: Counting objects: 100% (178/178)   [Kremote: Counting objects: 100% (178/178), done.[K
remote: Compressing objects:   1% (1/86)   [Kremote: Compressing objects:   2% (2/86)   [Kremote: Compressing objects:   3% (3/86)   [Kremote: Compressing objects:   4% (4/86)   [Kremote: Compressing objects:   5% (5/86)   [Kremote: Compressing objects:   6% (6/86)   [Kremote: Compressing objects:   8% (7/86)   [Kremote: Compressing objects:   9% (8/86)   [Kremote: Compressing objects:  10% (9/86)   [Kremote: Compressing objects:  11% (10/86)   [Kremote: Compressing objects:  12% (11/86)   [Kremote: Compressing objects:  13% (12/86)   [Kremote: Compressing objects:  15% (13/86)   [Kremote: Compressing objects:  16% (14/86)   [Kremote: Compressing objects:  17% (15/86)   [Kremote: Compressing objects:  18% (16/86)   [Kremote: Compressing objects:  19% (17/86)   [Kremote: Compressing objects:  20% (18/86)   [Kremote: Compressing objects:  22% (19/86)   [Kremote: Compressing objects:  23% (20/86)   [Kremote: Compressing objects:  24% (21/86)   [Kremote: Compressing objects:  25% (22/86)   [Kremote: Compressing objects:  26% (23/86)   [Kremote: Compressing objects:  27% (24/86)   [Kremote: Compressing objects:  29% (25/86)   [Kremote: Compressing objects:  30% (26/86)   [Kremote: Compressing objects:  31% (27/86)   [Kremote: Compressing objects:  32% (28/86)   [Kremote: Compressing objects:  33% (29/86)   [Kremote: Compressing objects:  34% (30/86)   [Kremote: Compressing objects:  36% (31/86)   [Kremote: Compressing objects:  37% (32/86)   [Kremote: Compressing objects:  38% (33/86)   [Kremote: Compressing objects:  39% (34/86)   [Kremote: Compressing objects:  40% (35/86)   [Kremote: Compressing objects:  41% (36/86)   [Kremote: Compressing objects:  43% (37/86)   [Kremote: Compressing objects:  44% (38/86)   [Kremote: Compressing objects:  45% (39/86)   [Kremote: Compressing objects:  46% (40/86)   [Kremote: Compressing objects:  47% (41/86)   [Kremote: Compressing objects:  48% (42/86)   [Kremote: Compressing objects:  50% (43/86)   [Kremote: Compressing objects:  51% (44/86)   [Kremote: Compressing objects:  52% (45/86)   [Kremote: Compressing objects:  53% (46/86)   [Kremote: Compressing objects:  54% (47/86)   [Kremote: Compressing objects:  55% (48/86)   [Kremote: Compressing objects:  56% (49/86)   [Kremote: Compressing objects:  58% (50/86)   [Kremote: Compressing objects:  59% (51/86)   [Kremote: Compressing objects:  60% (52/86)   [Kremote: Compressing objects:  61% (53/86)   [Kremote: Compressing objects:  62% (54/86)   [Kremote: Compressing objects:  63% (55/86)   [Kremote: Compressing objects:  65% (56/86)   [Kremote: Compressing objects:  66% (57/86)   [Kremote: Compressing objects:  67% (58/86)   [Kremote: Compressing objects:  68% (59/86)   [Kremote: Compressing objects:  69% (60/86)   [Kremote: Compressing objects:  70% (61/86)   [Kremote: Compressing objects:  72% (62/86)   [Kremote: Compressing objects:  73% (63/86)   [Kremote: Compressing objects:  74% (64/86)   [Kremote: Compressing objects:  75% (65/86)   [Kremote: Compressing objects:  76% (66/86)   [Kremote: Compressing objects:  77% (67/86)   [Kremote: Compressing objects:  79% (68/86)   [Kremote: Compressing objects:  80% (69/86)   [Kremote: Compressing objects:  81% (70/86)   [Kremote: Compressing objects:  82% (71/86)   [Kremote: Compressing objects:  83% (72/86)   [Kremote: Compressing objects:  84% (73/86)   [Kremote: Compressing objects:  86% (74/86)   [Kremote: Compressing objects:  87% (75/86)   [Kremote: Compressing objects:  88% (76/86)   [Kremote: Compressing objects:  89% (77/86)   [Kremote: Compressing objects:  90% (78/86)   [Kremote: Compressing objects:  91% (79/86)   [Kremote: Compressing objects:  93% (80/86)   [Kremote: Compressing objects:  94% (81/86)   [Kremote: Compressing objects:  95% (82/86)   [Kremote: Compressing objects:  96% (83/86)   [Kremote: Compressing objects:  97% (84/86)   [Kremote: Compressing objects:  98% (85/86)   [Kremote: Compressing objects: 100% (86/86)   [Kremote: Compressing objects: 100% (86/86), done.[K
Receiving objects:   0% (1/144)   Receiving objects:   1% (2/144)   Receiving objects:   2% (3/144)   Receiving objects:   3% (5/144)   Receiving objects:   4% (6/144)   Receiving objects:   5% (8/144)   Receiving objects:   6% (9/144)   Receiving objects:   7% (11/144)   Receiving objects:   8% (12/144)   Receiving objects:   9% (13/144)   Receiving objects:  10% (15/144)   Receiving objects:  11% (16/144)   Receiving objects:  12% (18/144)   Receiving objects:  13% (19/144)   Receiving objects:  14% (21/144)   Receiving objects:  15% (22/144)   Receiving objects:  16% (24/144)   Receiving objects:  17% (25/144)   Receiving objects:  18% (26/144)   Receiving objects:  19% (28/144)   Receiving objects:  20% (29/144)   Receiving objects:  21% (31/144)   Receiving objects:  22% (32/144)   Receiving objects:  23% (34/144)   Receiving objects:  24% (35/144)   Receiving objects:  25% (36/144)   Receiving objects:  26% (38/144)   Receiving objects:  27% (39/144)   Receiving objects:  28% (41/144)   Receiving objects:  29% (42/144)   Receiving objects:  30% (44/144)   Receiving objects:  31% (45/144)   Receiving objects:  32% (47/144)   Receiving objects:  33% (48/144)   Receiving objects:  34% (49/144)   Receiving objects:  35% (51/144)   Receiving objects:  36% (52/144)   Receiving objects:  37% (54/144)   Receiving objects:  38% (55/144)   Receiving objects:  39% (57/144)   Receiving objects:  40% (58/144)   Receiving objects:  41% (60/144)   Receiving objects:  42% (61/144)   remote: Total 144 (delta 64), reused 98 (delta 29), pack-reused 0[K
Receiving objects:  43% (62/144)   Receiving objects:  44% (64/144)   Receiving objects:  45% (65/144)   Receiving objects:  46% (67/144)   Receiving objects:  47% (68/144)   Receiving objects:  48% (70/144)   Receiving objects:  49% (71/144)   Receiving objects:  50% (72/144)   Receiving objects:  51% (74/144)   Receiving objects:  52% (75/144)   Receiving objects:  53% (77/144)   Receiving objects:  54% (78/144)   Receiving objects:  55% (80/144)   Receiving objects:  56% (81/144)   Receiving objects:  57% (83/144)   Receiving objects:  58% (84/144)   Receiving objects:  59% (85/144)   Receiving objects:  60% (87/144)   Receiving objects:  61% (88/144)   Receiving objects:  62% (90/144)   Receiving objects:  63% (91/144)   Receiving objects:  64% (93/144)   Receiving objects:  65% (94/144)   Receiving objects:  66% (96/144)   Receiving objects:  67% (97/144)   Receiving objects:  68% (98/144)   Receiving objects:  69% (100/144)   Receiving objects:  70% (101/144)   Receiving objects:  71% (103/144)   Receiving objects:  72% (104/144)   Receiving objects:  73% (106/144)   Receiving objects:  74% (107/144)   Receiving objects:  75% (108/144)   Receiving objects:  76% (110/144)   Receiving objects:  77% (111/144)   Receiving objects:  78% (113/144)   Receiving objects:  79% (114/144)   Receiving objects:  80% (116/144)   Receiving objects:  81% (117/144)   Receiving objects:  82% (119/144)   Receiving objects:  83% (120/144)   Receiving objects:  84% (121/144)   Receiving objects:  85% (123/144)   Receiving objects:  86% (124/144)   Receiving objects:  87% (126/144)   Receiving objects:  88% (127/144)   Receiving objects:  89% (129/144)   Receiving objects:  90% (130/144)   Receiving objects:  91% (132/144)   Receiving objects:  92% (133/144)   Receiving objects:  93% (134/144)   Receiving objects:  94% (136/144)   Receiving objects:  95% (137/144)   Receiving objects:  96% (139/144)   Receiving objects:  97% (140/144)   Receiving objects:  98% (142/144)   Receiving objects:  99% (143/144)   Receiving objects: 100% (144/144)   Receiving objects: 100% (144/144), 13.97 KiB | 2.33 MiB/s, done.
Resolving deltas:   0% (0/64)   Resolving deltas:   7% (5/64)   Resolving deltas:  12% (8/64)   Resolving deltas:  14% (9/64)   Resolving deltas:  15% (10/64)   Resolving deltas:  17% (11/64)   Resolving deltas:  28% (18/64)   Resolving deltas:  29% (19/64)   Resolving deltas:  31% (20/64)   Resolving deltas:  40% (26/64)   Resolving deltas:  54% (35/64)   Resolving deltas:  64% (41/64)   Resolving deltas:  73% (47/64)   Resolving deltas:  82% (53/64)   Resolving deltas:  92% (59/64)   Resolving deltas: 100% (64/64)   Resolving deltas: 100% (64/64), completed with 13 local objects.
From https://github.com/pgjdbc/pgjdbc
 * branch            refs/pull/1457/merge -> FETCH_HEAD
travis_time:end:0b49fad8:start=1561365768875286609,finish=1561365769469568217,duration=594281608[0K$ git checkout -qf FETCH_HEAD
travis_fold:end:git.checkout[0K

[33;1mEncrypted environment variables have been removed for security reasons.[0m
[33;1mSee https://docs.travis-ci.com/user/pull-requests/#pull-requests-and-security-restrictions[0m

[33;1mSetting environment variables from .travis.yml[0m
$ export PG_VERSION=9.4
$ export QUERY_MODE=extendedCacheEverything
$ export COVERAGE=Y
$ export TZ=Europe/Moscow

travis_fold:start:cache.1[0KSetting up build cache
$ export CASHER_DIR=${TRAVIS_HOME}/.casher
travis_time:start:263fa47d[0K$ Installing caching utilities
travis_time:end:263fa47d:start=1561365774099876154,finish=1561365774265557841,duration=165681687[0Ktravis_time:start:00d5b950[0Ktravis_time:end:00d5b950:start=1561365774271224670,finish=1561365774274204209,duration=2979539[0Ktravis_time:start:0aacbadc[0Kattempting to download cache archive[0m
[32;1mfetching PR.1457/cache-linux-trusty-d35796e3b73085e1295ae0099d3407a4204a6b5f41d79eec12f0a01af240d9eb--jdk-oraclejdk8.tgz[0m
[32;1mfetching PR.1457/cache--jdk-oraclejdk8.tgz[0m
[32;1mfetching master/cache-linux-trusty-d35796e3b73085e1295ae0099d3407a4204a6b5f41d79eec12f0a01af240d9eb--jdk-oraclejdk8.tgz[0m
[32;1mfound cache[0m
travis_time:end:0aacbadc:start=1561365774278006345,finish=1561365775975697017,duration=1697690672[0Ktravis_time:start:291a529e[0Ktravis_time:end:291a529e:start=1561365775980033380,finish=1561365775983178222,duration=3144842[0Ktravis_time:start:0d7a1938[0Kadding /home/travis/.m2/repository to cache[0m
creating directory /home/travis/.m2/repository[0m
adding /home/travis/.ivy2/cache to cache[0m
creating directory /home/travis/.ivy2/cache[0m
adding /home/travis/.sbt/boot to cache[0m
creating directory /home/travis/.sbt/boot[0m
travis_time:end:0d7a1938:start=1561365775987141424,finish=1561365777628203902,duration=1641062478[0Ktravis_fold:end:cache.1[0K
$ java -Xmx32m -version
java version "1.8.0_151"
Java(TM) SE Runtime Environment (build 1.8.0_151-b12)
Java HotSpot(TM) 64-Bit Server VM (build 25.151-b12, mixed mode)
$ javac -J-Xmx32m -version
javac 1.8.0_151
travis_fold:start:before_install.1[0Ktravis_time:start:00fe6688[0K$ ./.travis/travis_install_zulu.sh
+[[ true == \t\r\u\e ]]
+[[ -n '' ]]
travis_time:end:00fe6688:start=1561365778482356933,finish=1561365778487703385,duration=5346452[0Ktravis_fold:end:before_install.1[0Ktravis_fold:start:before_install.2[0Ktravis_time:start:0c39bee2[0K$ test -z "${ZULU_JDK}" || export JDK${ZULU_JDK}_HOME=/usr/lib/jvm/zulu-${ZULU_JDK}-amd64
travis_time:end:0c39bee2:start=1561365778492208915,finish=1561365778495111177,duration=2902262[0Ktravis_fold:end:before_install.2[0Ktravis_fold:start:before_install.3[0Ktravis_time:start:1c4fe724[0K$ unset _JAVA_OPTIONS
travis_time:end:1c4fe724:start=1561365778499511741,finish=1561365778502377667,duration=2865926[0Ktravis_fold:end:before_install.3[0Ktravis_fold:start:install[0Ktravis_time:start:21ff6300[0K$ true
travis_time:end:21ff6300:start=1561365778507106804,finish=1561365778510029811,duration=2923007[0Ktravis_fold:end:install[0Ktravis_fold:start:before_script.1[0Ktravis_time:start:120e03dd[0K$ test $(grep "after_n_builds" codecov.yml | tr -d '[:space:]' | cut -d":" -f2) -eq $(grep -e "COVERAGE=Y$" .travis.yml | wc -l) || exit 1
travis_time:end:120e03dd:start=1561365778514753019,finish=1561365778526623669,duration=11870650[0Ktravis_fold:end:before_script.1[0Ktravis_fold:start:before_script.2[0Ktravis_time:start:125b7208[0K$ export PG_DATADIR="/etc/postgresql/${PG_VERSION}/main"
travis_time:end:125b7208:start=1561365778531092022,finish=1561365778533818138,duration=2726116[0Ktravis_fold:end:before_script.2[0Ktravis_fold:start:before_script.3[0Ktravis_time:start:0d761c52[0K$ export PG_SLAVE1_DATADIR="/etc/postgresql/${PG_VERSION}/slave1"
travis_time:end:0d761c52:start=1561365778539649220,finish=1561365778542381588,duration=2732368[0Ktravis_fold:end:before_script.3[0Ktravis_fold:start:before_script.4[0Ktravis_time:start:01d4779d[0K$ export PG_SLAVE2_DATADIR="/etc/postgresql/${PG_VERSION}/slave2"
travis_time:end:01d4779d:start=1561365778546335241,finish=1561365778548955541,duration=2620300[0Ktravis_fold:end:before_script.4[0Ktravis_fold:start:before_script.5[0Ktravis_time:start:03dfcc68[0K$ ./.travis/travis_install_postgres.sh
+'[' -z 9.4 ']'
+'[' 9.4 = HEAD ']'
+'[' '!' -d /etc/postgresql/9.4/main ']'
travis_time:end:03dfcc68:start=1561365778552883255,finish=1561365778557673540,duration=4790285[0Ktravis_fold:end:before_script.5[0Ktravis_fold:start:before_script.6[0Ktravis_time:start:19ab8222[0K$ test "x$XA" == 'x' || ./.travis/travis_configure_xa.sh
travis_time:end:19ab8222:start=1561365778562027269,finish=1561365778564845619,duration=2818350[0Ktravis_fold:end:before_script.6[0Ktravis_fold:start:before_script.7[0Ktravis_time:start:0001fca0[0K$ test "x$REPLICATION" == 'x' || ./.travis/travis_configure_replication.sh
travis_time:end:0001fca0:start=1561365778569102469,finish=1561365778571895237,duration=2792768[0Ktravis_fold:end:before_script.7[0Ktravis_fold:start:before_script.8[0Ktravis_time:start:047ffc34[0K$ test "x$SSLTEST" == 'x' || ./.travis/travis_configure_ssl.sh
travis_time:end:047ffc34:start=1561365778576142748,finish=1561365778578962297,duration=2819549[0Ktravis_fold:end:before_script.8[0Ktravis_fold:start:before_script.9[0Ktravis_time:start:05cc5aa6[0K$ ./.travis/travis_start_postgres.sh
+'[' -z 9.4 ']'
+'[' x9.4 = xHEAD ']'
+'[' '' = true ']'
+'[' '' = Y ']'
+'[' '' = Y ']'
travis_time:end:05cc5aa6:start=1561365778583547953,finish=1561365778588617838,duration=5069885[0Ktravis_fold:end:before_script.9[0Ktravis_fold:start:before_script.10[0Ktravis_time:start:0b494880[0K$ test "x$PG_VERSION" != 'xHEAD' || psql -U postgres -c "set password_encryption='scram-sha-256'; create user test with password 'test';"
travis_time:end:0b494880:start=1561365778592792569,finish=1561365778597103985,duration=4311416[0Ktravis_fold:end:before_script.10[0Ktravis_fold:start:before_script.11[0Ktravis_time:start:251b59fc[0K$ test "x$PG_VERSION" = 'xHEAD' || psql -U postgres -c "create user test with password 'test';"
CREATE ROLE
travis_time:end:251b59fc:start=1561365778602101868,finish=1561365778613269524,duration=11167656[0Ktravis_fold:end:before_script.11[0Ktravis_fold:start:before_script.12[0Ktravis_time:start:2a5772d8[0K$ test "x$REPLICATION" == 'x' || psql -U postgres -c "alter user test with replication;"
travis_time:end:2a5772d8:start=1561365778617788313,finish=1561365778620710554,duration=2922241[0Ktravis_fold:end:before_script.12[0Ktravis_fold:start:before_script.13[0Ktravis_time:start:096888b8[0K$ psql -c 'create database test owner test;' -U postgres
CREATE DATABASE
travis_time:end:096888b8:start=1561365778625017523,finish=1561365778842089685,duration=217072162[0Ktravis_fold:end:before_script.13[0Ktravis_fold:start:before_script.14[0Ktravis_time:start:098342a8[0K$ test "x$SSLTEST" == 'x' || ./.travis/travis_ssl_users.sh
travis_time:end:098342a8:start=1561365778846775700,finish=1561365778849677292,duration=2901592[0Ktravis_fold:end:before_script.14[0Ktravis_fold:start:before_script.15[0Ktravis_time:start:215d9a24[0K$ test "x$REPLICATION" == 'x' || ./.travis/travis_create_slaves.sh
travis_time:end:215d9a24:start=1561365778854072884,finish=1561365778857060527,duration=2987643[0Ktravis_fold:end:before_script.15[0Ktravis_fold:start:before_script.16[0Ktravis_time:start:03122a2d[0K$ if [[ $TRAVIS_BRANCH == release/* ]]; then echo "MAVEN_OPTS='-Xmx1g'" > ~/.mavenrc; else echo "MAVEN_OPTS='-Xmx1g -Dgpg.skip=true'" > ~/.mavenrc; fi
travis_time:end:03122a2d:start=1561365778861725607,finish=1561365778864673826,duration=2948219[0Ktravis_fold:end:before_script.16[0Ktravis_fold:start:before_script.17[0Ktravis_time:start:2adf564c[0K$ test "x$PG_VERSION" == 'x' || test "x$NO_HSTORE" == 'xY' || psql test -c 'CREATE EXTENSION hstore;' -U postgres
CREATE EXTENSION
travis_time:end:2adf564c:start=1561365778868868280,finish=1561365778899872288,duration=31004008[0Ktravis_fold:end:before_script.17[0Ktravis_fold:start:before_script.18[0Ktravis_time:start:0ea9df3b[0K$ test "x$PG_VERSION" == 'x' || test "x$CREATE_PLPGSQL" == 'x' || createlang -U postgres plpgsql test
travis_time:end:0ea9df3b:start=1561365778904386676,finish=1561365778907211783,duration=2825107[0Ktravis_fold:end:before_script.18[0Ktravis_time:start:05b8e1ba[0K$ rm -rf $HOME/.m2/repository/org/postgresql || true
travis_time:end:05b8e1ba:start=1561365778911669738,finish=1561365778915600878,duration=3931140[0K[32;1mThe command "rm -rf $HOME/.m2/repository/org/postgresql || true" exited with 0.[0m

travis_time:start:0a361d24[0K$ test -d "${JDK6_HOME}" || export JDK6_HOME=$(jdk_switcher home openjdk6)
travis_time:end:0a361d24:start=1561365778919773756,finish=1561365778924493197,duration=4719441[0K[32;1mThe command "test -d "${JDK6_HOME}" || export JDK6_HOME=$(jdk_switcher home openjdk6)" exited with 0.[0m

travis_time:start:27e02fec[0K$ test -d "${JDK7_HOME}" || export JDK7_HOME=$(jdk_switcher home openjdk7)
travis_time:end:27e02fec:start=1561365778928741887,finish=1561365778933228627,duration=4486740[0K[32;1mThe command "test -d "${JDK7_HOME}" || export JDK7_HOME=$(jdk_switcher home openjdk7)" exited with 0.[0m

travis_time:start:2c6ddf16[0K$ test -d "${JDK8_HOME}" || export JDK8_HOME=$(jdk_switcher home oraclejdk8)
travis_time:end:2c6ddf16:start=1561365778937372177,finish=1561365778941877943,duration=4505766[0K[32;1mThe command "test -d "${JDK8_HOME}" || export JDK8_HOME=$(jdk_switcher home oraclejdk8)" exited with 0.[0m

travis_time:start:0d61b0e4[0K$ test -d "${JDK9_HOME}" || export JDK9_HOME=$(jdk_switcher home oraclejdk9)
travis_time:end:0d61b0e4:start=1561365778946151489,finish=1561365778950846657,duration=4695168[0K[32;1mThe command "test -d "${JDK9_HOME}" || export JDK9_HOME=$(jdk_switcher home oraclejdk9)" exited with 0.[0m

travis_time:start:1a637444[0K$ test -d "${JDK9_HOME}" || export JDK9_HOME=$(jdk_switcher home oraclejdk8)
travis_time:end:1a637444:start=1561365778955018230,finish=1561365778957744943,duration=2726713[0K[32;1mThe command "test -d "${JDK9_HOME}" || export JDK9_HOME=$(jdk_switcher home oraclejdk8)" exited with 0.[0m

travis_time:start:10b8b065[0K$ envsubst < toolchains.xml > ~/.m2/toolchains.xml
travis_time:end:10b8b065:start=1561365778962001040,finish=1561365778968261579,duration=6260539[0K[32;1mThe command "envsubst < toolchains.xml > ~/.m2/toolchains.xml" exited with 0.[0m

travis_time:start:07652ad9[0K$ test ${JDK} -eq 9 || jdk_switcher use oraclejdk8
/home/travis/.travis/functions: line 104: test: -eq: unary operator expected
Switching to Oracle JDK8 (java-8-oracle), JAVA_HOME will be set to /usr/lib/jvm/java-8-oracle
travis_time:end:07652ad9:start=1561365778972684855,finish=1561365779422043077,duration=449358222[0K[32;1mThe command "test ${JDK} -eq 9 || jdk_switcher use oraclejdk8" exited with 0.[0m

travis_time:start:0c50a182[0K$ test -z "${ZULU_JDK}" || export TRAVIS_JDK_VERSION=zulujdk${ZULU_JDK}
travis_time:end:0c50a182:start=1561365779426714011,finish=1561365779429709444,duration=2995433[0K[32;1mThe command "test -z "${ZULU_JDK}" || export TRAVIS_JDK_VERSION=zulujdk${ZULU_JDK}" exited with 0.[0m

travis_time:start:0a869250[0K$ if [[ $TRAVIS_BRANCH == release/* ]]; then .travis/travis_release.sh; else ./.travis/travis_build.sh; fi
+[[ '' == *\Y ]]
+MVN_ARGS='clean package -B -V '
+MVN_PROFILES=release
+[[ '' == *\Y* ]]
+[[ xextendedCacheEverything == *\x* ]]
+MVN_ARGS='clean package -B -V  -DpreferQueryMode=extendedCacheEverything'
+[[ Y == *\Y* ]]
+MVN_PROFILES=release,coverage
+[[ '' == *\9* ]]
+[[ '' == *\Y* ]]
+[[ oraclejdk8 == *\j\d\k\6* ]]
+[[ oraclejdk8 == *\j\d\k\7* ]]
+mvn clean package -B -V -DpreferQueryMode=extendedCacheEverything -P release,coverage
Apache Maven 3.5.2 (138edd61fd100ec658bfa2d307c43b76940a5d7d; 2017-10-18T10:58:13+03:00)
Maven home: /usr/local/maven-3.5.2
Java version: 1.8.0_151, vendor: Oracle Corporation
Java home: /usr/lib/jvm/java-8-oracle/jre
Default locale: en_US, platform encoding: UTF-8
OS name: "linux", version: "4.4.0-101-generic", arch: "amd64", family: "unix"
[INFO] Scanning for projects...
[INFO] Downloading from central: http://repo.maven.apache.org/maven2/org/postgresql/pgjdbc-versions/1.1.6/pgjdbc-versions-1.1.6.pom
[INFO] Downloaded from central: http://repo.maven.apache.org/maven2/org/postgresql/pgjdbc-versions/1.1.6/pgjdbc-versions-1.1.6.pom (23 kB at 118 kB/s)
[INFO] Downloading from central: http://repo.maven.apache.org/maven2/org/postgresql/pgjdbc-core-parent/1.1.5/pgjdbc-core-parent-1.1.5.pom
[INFO] Downloaded from central: http://repo.maven.apache.org/maven2/org/postgresql/pgjdbc-core-parent/1.1.5/pgjdbc-core-parent-1.1.5.pom (18 kB at 484 kB/s)
[INFO] Downloading from central: http://repo.maven.apache.org/maven2/org/postgresql/pgjdbc-versions/1.1.5/pgjdbc-versions-1.1.5.pom
[INFO] Downloaded from central: http://repo.maven.apache.org/maven2/org/postgresql/pgjdbc-versions/1.1.5/pgjdbc-versions-1.1.5.pom (23 kB at 724 kB/s)
[INFO] ------------------------------------------------------------------------
[INFO] Reactor Build Order:
[INFO] 
[INFO] PostgreSQL JDBC Driver - JDBC 4.2
[INFO] PostgreSQL JDBC Driver aggregate
[INFO] 
[INFO] ------------------------------------------------------------------------
[INFO] Building PostgreSQL JDBC Driver - JDBC 4.2 42.2.7-SNAPSHOT
[INFO] ------------------------------------------------------------------------
[INFO] 
[INFO] --- maven-clean-plugin:2.5:clean (default-clean) @ postgresql ---
[INFO] 
[INFO] --- maven-enforcer-plugin:1.3.1:enforce (enforce-java) @ postgresql ---
[INFO] Skipping Rule Enforcement.
[INFO] 
[INFO] --- maven-toolchains-plugin:1.1:toolchain (default) @ postgresql ---
[INFO] Required toolchain: jdk [ version='1.8' ]
[INFO] Found matching toolchain for type jdk: JDK[/usr/lib/jvm/java-8-oracle]
[INFO] 
[INFO] --- jacoco-maven-plugin:0.7.5.201505241946:prepare-agent (default) @ postgresql ---
[INFO] argLine set to -javaagent:/home/travis/.m2/repository/org/jacoco/org.jacoco.agent/0.7.5.201505241946/org.jacoco.agent-0.7.5.201505241946-runtime.jar=destfile=/home/travis/build/pgjdbc/pgjdbc/pgjdbc/target/jacoco.exec -Xmx512m
[INFO] 
[INFO] --- build-helper-maven-plugin:1.5:parse-version (parse-version) @ postgresql ---
[INFO] 
[INFO] --- properties-maven-plugin:1.0-alpha-2:read-project-properties (default) @ postgresql ---
[WARNING] Ignoring missing properties file: /home/travis/build/pgjdbc/pgjdbc/pgjdbc/../build.local.properties
[INFO] 
[INFO] --- maven-antrun-plugin:1.7:run (create-unzipjdkant.xml) @ postgresql ---
[INFO] Executing tasks

main:
     [echo] Generating /home/travis/build/pgjdbc/pgjdbc/pgjdbc/target/unzip-jdk-ant.xml
[INFO] Executed tasks
[INFO] 
[INFO] --- exec-maven-plugin:1.4.0:exec (unzip-jdk-src) @ postgresql ---
[INFO] skipping execute as per configuraion
[INFO] 
[INFO] --- jcp:6.0.1:preprocess (preprocessSources) @ postgresql ---
[INFO] Added MAVEN property mvn.project.name=PostgreSQL JDBC Driver - JDBC 4.2
[INFO] Added MAVEN property mvn.project.version=42.2.7-SNAPSHOT
[INFO] Added MAVEN property mvn.project.url=https://github.com/pgjdbc/pgjdbc
[INFO] Added MAVEN property mvn.project.packaging=bundle
[INFO] Added MAVEN property mvn.project.modelversion=4.0.0
[INFO] Added MAVEN property mvn.project.inceptionyear=
[INFO] Added MAVEN property mvn.project.id=org.postgresql:postgresql:bundle:42.2.7-SNAPSHOT
[INFO] Added MAVEN property mvn.project.groupid=org.postgresql
[INFO] Added MAVEN property mvn.project.description=Java JDBC 4.2 (JRE 8+) driver for PostgreSQL database
[INFO] Added MAVEN property mvn.project.artifact.id=org.postgresql:postgresql:bundle:42.2.7-SNAPSHOT
[INFO] Added MAVEN property mvn.project.artifact.artifactid=postgresql
[INFO] Added MAVEN property mvn.project.artifact.baseversion=42.2.7-SNAPSHOT
[INFO] Added MAVEN property mvn.project.artifact.dependencyconflictid=org.postgresql:postgresql:bundle
[INFO] Added MAVEN property mvn.project.artifact.downloadurl=
[INFO] Added MAVEN property mvn.project.artifact.groupid=org.postgresql
[INFO] Added MAVEN property mvn.project.artifact.scope=
[INFO] Added MAVEN property mvn.project.artifact.type=bundle
[INFO] Added MAVEN property mvn.project.artifact.version=42.2.7-SNAPSHOT
[INFO] Added MAVEN property mvn.project.build.directory=/home/travis/build/pgjdbc/pgjdbc/pgjdbc/target
[INFO] Added MAVEN property mvn.project.build.defaultgoal=
[INFO] Added MAVEN property mvn.project.build.outputdirectory=/home/travis/build/pgjdbc/pgjdbc/pgjdbc/target/classes
[INFO] Added MAVEN property mvn.project.build.scriptsourcedirectory=/home/travis/build/pgjdbc/pgjdbc/pgjdbc/src/main/scripts
[INFO] Added MAVEN property mvn.project.build.sourcedirectory=/home/travis/build/pgjdbc/pgjdbc/pgjdbc/src/main/java
[INFO] Added MAVEN property mvn.project.build.testoutputdirectory=/home/travis/build/pgjdbc/pgjdbc/pgjdbc/target/test-classes
[INFO] Added MAVEN property mvn.project.build.testsourcedirectory=/home/travis/build/pgjdbc/pgjdbc/pgjdbc/src/test/java
[INFO] Added MAVEN property mvn.project.organization.name=PostgreSQL Global Development Group
[INFO] Added MAVEN property mvn.project.organization.url=https://jdbc.postgresql.org/
[INFO] Added MAVEN property mvn.project.activeprofiles=standard-with-extra-repos
[INFO] Added MAVEN property mvn.project.property.postgresql.enforce.jdk.version=1.8
[INFO] Added MAVEN property mvn.project.property.postgresql.preprocessed.test.sources.directory=/home/travis/build/pgjdbc/pgjdbc/pgjdbc/target/gen-test-src
[INFO] Added MAVEN property mvn.project.property.loggerlevel=OFF
[INFO] Added MAVEN property mvn.project.property.javac.target=1.8
[INFO] Added MAVEN property mvn.project.property.postgresql.driver.fullversion=PostgreSQL JDBC4.2
[INFO] Added MAVEN property mvn.project.property.jdbc.specification.version=4.2
[INFO] Added MAVEN property mvn.project.property.unzip.jdk.ant.build.xml=/home/travis/build/pgjdbc/pgjdbc/pgjdbc/target/unzip-jdk-ant.xml
[INFO] Added MAVEN property mvn.project.property.loggerfile=target/pgjdbc-tests.log
[INFO] Added MAVEN property mvn.project.property.parsedversion.minorversion=2
[INFO] Added MAVEN property mvn.project.property.project.build.sourceencoding=UTF-8
[INFO] Added MAVEN property mvn.project.property.build.properties.relative.path=/home/travis/build/pgjdbc/pgjdbc/pgjdbc/..
[INFO] Added MAVEN property mvn.project.property.secondaryport2=5434
[INFO] Added MAVEN property mvn.project.property.secondaryport1=5433
[INFO] Added MAVEN property mvn.project.property.privilegedpassword=***** [hidden because may contain private info]
[INFO] Added MAVEN property mvn.project.property.waffleenabled=true
[INFO] Added MAVEN property mvn.project.property.skip.assembly=false
[INFO] Added MAVEN property mvn.project.property.protocolversion=0
[INFO] Added MAVEN property mvn.project.property.postgresql.preprocessed.sources.directory=/home/travis/build/pgjdbc/pgjdbc/pgjdbc/target/gen-src
[INFO] Added MAVEN property mvn.project.property.osgienabled=true
[INFO] Added MAVEN property mvn.project.property.preparethreshold=5
[INFO] Added MAVEN property mvn.project.property.secondaryserver2=localhost
[INFO] Added MAVEN property mvn.project.property.secondaryserver1=localhost
[INFO] Added MAVEN property mvn.project.property.password=***** [hidden because may contain private info]
[INFO] Added MAVEN property mvn.project.property.jdbc.specification.version.nodot=42
[INFO] Added MAVEN property mvn.project.property.username=test
[INFO] Added MAVEN property mvn.project.property.parsedversion.buildnumber=0
[INFO] Added MAVEN property mvn.project.property.server=localhost
[INFO] Added MAVEN property mvn.project.property.port=5432
[INFO] Added MAVEN property mvn.project.property.template.default.pg.port=5432
[INFO] Added MAVEN property mvn.project.property.parsedversion.qualifier=SNAPSHOT
[INFO] Added MAVEN property mvn.project.property.sslpassword=***** [hidden because may contain private info]
[INFO] Added MAVEN property mvn.project.property.waffle-jna.version=1.7.5
[INFO] Added MAVEN property mvn.project.property.skip.unzip-jdk-src=true
[INFO] Added MAVEN property mvn.project.property.database=test
[INFO] Added MAVEN property mvn.project.property.parsedversion.incrementalversion=7
[INFO] Added MAVEN property mvn.project.property.sspiusername=testsspi
[INFO] Added MAVEN property mvn.project.property.privilegeduser=postgres
[INFO] Added MAVEN property mvn.project.property.checkstyle.version=[8.18,)
[INFO] Added MAVEN property mvn.project.property.parsedversion.majorversion=42
[INFO] Added MAVEN property mvn.project.property.parsedversion.osgiversion=42.2.7.SNAPSHOT
[INFO] Added MAVEN property mvn.project.property.postgresql.jdbc.spec=JDBC4.2
[INFO] Added MAVEN property mvn.project.property.argline=-javaagent:/home/travis/.m2/repository/org/jacoco/org.jacoco.agent/0.7.5.201505241946/org.jacoco.agent-0.7.5.201505241946-runtime.jar=destfile=/home/travis/build/pgjdbc/pgjdbc/pgjdbc/target/jacoco.exec -Xmx512m
[INFO] Preprocess sources : /home/travis/build/pgjdbc/pgjdbc/pgjdbc/src/main/java
[INFO] Preprocess destination : /home/travis/build/pgjdbc/pgjdbc/pgjdbc/target/gen-src
[INFO] -----------------------------------------------------------------
[INFO] Completed, preprocessed 237 files, copied 16 files, elapsed time 495ms
[INFO] A Compile source root has been removed from the root list [/home/travis/build/pgjdbc/pgjdbc/pgjdbc/src/main/java]
[INFO] The New compile source root has been added into the list [/home/travis/build/pgjdbc/pgjdbc/pgjdbc/target/gen-src]
[INFO] 
[INFO] --- maven-clean-plugin:2.5:clean (remove-future-jre-sources) @ postgresql ---
[INFO] 
[INFO] --- maven-resources-plugin:2.6:resources (default-resources) @ postgresql ---
[INFO] Using 'UTF-8' encoding to copy filtered resources.
[INFO] Copying 2 resources
[INFO] 
[INFO] --- maven-compiler-plugin:3.3:compile (default-compile) @ postgresql ---
[INFO] Toolchain in maven-compiler-plugin: JDK[/usr/lib/jvm/java-8-oracle]
[INFO] Changes detected - recompiling the module!
[INFO] Compiling 237 source files to /home/travis/build/pgjdbc/pgjdbc/pgjdbc/target/classes
[INFO] 
[INFO] --- jcp:6.0.1:preprocess (preprocessTestSources) @ postgresql ---
[INFO] Added MAVEN property mvn.project.name=PostgreSQL JDBC Driver - JDBC 4.2
[INFO] Added MAVEN property mvn.project.version=42.2.7-SNAPSHOT
[INFO] Added MAVEN property mvn.project.url=https://github.com/pgjdbc/pgjdbc
[INFO] Added MAVEN property mvn.project.packaging=bundle
[INFO] Added MAVEN property mvn.project.modelversion=4.0.0
[INFO] Added MAVEN property mvn.project.inceptionyear=
[INFO] Added MAVEN property mvn.project.id=org.postgresql:postgresql:bundle:42.2.7-SNAPSHOT
[INFO] Added MAVEN property mvn.project.groupid=org.postgresql
[INFO] Added MAVEN property mvn.project.description=Java JDBC 4.2 (JRE 8+) driver for PostgreSQL database
[INFO] Added MAVEN property mvn.project.artifact.id=org.postgresql:postgresql:bundle:42.2.7-SNAPSHOT
[INFO] Added MAVEN property mvn.project.artifact.artifactid=postgresql
[INFO] Added MAVEN property mvn.project.artifact.baseversion=42.2.7-SNAPSHOT
[INFO] Added MAVEN property mvn.project.artifact.dependencyconflictid=org.postgresql:postgresql:bundle
[INFO] Added MAVEN property mvn.project.artifact.downloadurl=
[INFO] Added MAVEN property mvn.project.artifact.groupid=org.postgresql
[INFO] Added MAVEN property mvn.project.artifact.scope=
[INFO] Added MAVEN property mvn.project.artifact.type=bundle
[INFO] Added MAVEN property mvn.project.artifact.version=42.2.7-SNAPSHOT
[INFO] Added MAVEN property mvn.project.build.directory=/home/travis/build/pgjdbc/pgjdbc/pgjdbc/target
[INFO] Added MAVEN property mvn.project.build.defaultgoal=
[INFO] Added MAVEN property mvn.project.build.outputdirectory=/home/travis/build/pgjdbc/pgjdbc/pgjdbc/target/classes
[INFO] Added MAVEN property mvn.project.build.scriptsourcedirectory=/home/travis/build/pgjdbc/pgjdbc/pgjdbc/src/main/scripts
[INFO] Added MAVEN property mvn.project.build.sourcedirectory=/home/travis/build/pgjdbc/pgjdbc/pgjdbc/src/main/java
[INFO] Added MAVEN property mvn.project.build.testoutputdirectory=/home/travis/build/pgjdbc/pgjdbc/pgjdbc/target/test-classes
[INFO] Added MAVEN property mvn.project.build.testsourcedirectory=/home/travis/build/pgjdbc/pgjdbc/pgjdbc/src/test/java
[INFO] Added MAVEN property mvn.project.organization.name=PostgreSQL Global Development Group
[INFO] Added MAVEN property mvn.project.organization.url=https://jdbc.postgresql.org/
[INFO] Added MAVEN property mvn.project.activeprofiles=standard-with-extra-repos
[INFO] Added MAVEN property mvn.project.property.postgresql.enforce.jdk.version=1.8
[INFO] Added MAVEN property mvn.project.property.postgresql.preprocessed.test.sources.directory=/home/travis/build/pgjdbc/pgjdbc/pgjdbc/target/gen-test-src
[INFO] Added MAVEN property mvn.project.property.loggerlevel=OFF
[INFO] Added MAVEN property mvn.project.property.javac.target=1.8
[INFO] Added MAVEN property mvn.project.property.postgresql.driver.fullversion=PostgreSQL JDBC4.2
[INFO] Added MAVEN property mvn.project.property.jdbc.specification.version=4.2
[INFO] Added MAVEN property mvn.project.property.unzip.jdk.ant.build.xml=/home/travis/build/pgjdbc/pgjdbc/pgjdbc/target/unzip-jdk-ant.xml
[INFO] Added MAVEN property mvn.project.property.loggerfile=target/pgjdbc-tests.log
[INFO] Added MAVEN property mvn.project.property.parsedversion.minorversion=2
[INFO] Added MAVEN property mvn.project.property.project.build.sourceencoding=UTF-8
[INFO] Added MAVEN property mvn.project.property.build.properties.relative.path=/home/travis/build/pgjdbc/pgjdbc/pgjdbc/..
[INFO] Added MAVEN property mvn.project.property.secondaryport2=5434
[INFO] Added MAVEN property mvn.project.property.secondaryport1=5433
[INFO] Added MAVEN property mvn.project.property.privilegedpassword=***** [hidden because may contain private info]
[INFO] Added MAVEN property mvn.project.property.waffleenabled=true
[INFO] Added MAVEN property mvn.project.property.skip.assembly=false
[INFO] Added MAVEN property mvn.project.property.protocolversion=0
[INFO] Added MAVEN property mvn.project.property.postgresql.preprocessed.sources.directory=/home/travis/build/pgjdbc/pgjdbc/pgjdbc/target/gen-src
[INFO] Added MAVEN property mvn.project.property.osgienabled=true
[INFO] Added MAVEN property mvn.project.property.preparethreshold=5
[INFO] Added MAVEN property mvn.project.property.secondaryserver2=localhost
[INFO] Added MAVEN property mvn.project.property.secondaryserver1=localhost
[INFO] Added MAVEN property mvn.project.property.password=***** [hidden because may contain private info]
[INFO] Added MAVEN property mvn.project.property.jdbc.specification.version.nodot=42
[INFO] Added MAVEN property mvn.project.property.username=test
[INFO] Added MAVEN property mvn.project.property.parsedversion.buildnumber=0
[INFO] Added MAVEN property mvn.project.property.server=localhost
[INFO] Added MAVEN property mvn.project.property.port=5432
[INFO] Added MAVEN property mvn.project.property.template.default.pg.port=5432
[INFO] Added MAVEN property mvn.project.property.parsedversion.qualifier=SNAPSHOT
[INFO] Added MAVEN property mvn.project.property.sslpassword=***** [hidden because may contain private info]
[INFO] Added MAVEN property mvn.project.property.waffle-jna.version=1.7.5
[INFO] Added MAVEN property mvn.project.property.skip.unzip-jdk-src=true
[INFO] Added MAVEN property mvn.project.property.database=test
[INFO] Added MAVEN property mvn.project.property.parsedversion.incrementalversion=7
[INFO] Added MAVEN property mvn.project.property.sspiusername=testsspi
[INFO] Added MAVEN property mvn.project.property.privilegeduser=postgres
[INFO] Added MAVEN property mvn.project.property.checkstyle.version=[8.18,)
[INFO] Added MAVEN property mvn.project.property.parsedversion.majorversion=42
[INFO] Added MAVEN property mvn.project.property.parsedversion.osgiversion=42.2.7.SNAPSHOT
[INFO] Added MAVEN property mvn.project.property.postgresql.jdbc.spec=JDBC4.2
[INFO] Added MAVEN property mvn.project.property.argline=-javaagent:/home/travis/.m2/repository/org/jacoco/org.jacoco.agent/0.7.5.201505241946/org.jacoco.agent-0.7.5.201505241946-runtime.jar=destfile=/home/travis/build/pgjdbc/pgjdbc/pgjdbc/target/jacoco.exec -Xmx512m
[INFO] Preprocess sources : /home/travis/build/pgjdbc/pgjdbc/pgjdbc/src/test/java
[INFO] Preprocess destination : /home/travis/build/pgjdbc/pgjdbc/pgjdbc/target/gen-test-src
[INFO] -----------------------------------------------------------------
[INFO] Completed, preprocessed 167 files, copied 1 files, elapsed time 219ms
[INFO] A Compile source root has been removed from the root list [/home/travis/build/pgjdbc/pgjdbc/pgjdbc/src/test/java]
[INFO] The New compile source root has been added into the list [/home/travis/build/pgjdbc/pgjdbc/pgjdbc/target/gen-test-src]
[INFO] 
[INFO] --- maven-clean-plugin:2.5:clean (remove-future-jre-test-sources) @ postgresql ---
[INFO] 
[INFO] --- maven-resources-plugin:2.6:testResources (default-testResources) @ postgresql ---
[INFO] Using 'UTF-8' encoding to copy filtered resources.
[INFO] Copying 1 resource
[INFO] 
[INFO] --- maven-compiler-plugin:3.3:testCompile (default-testCompile) @ postgresql ---
[INFO] Toolchain in maven-compiler-plugin: JDK[/usr/lib/jvm/java-8-oracle]
[INFO] Changes detected - recompiling the module!
[INFO] Compiling 167 source files to /home/travis/build/pgjdbc/pgjdbc/pgjdbc/target/test-classes
[INFO] 
[INFO] --- maven-surefire-plugin:2.18.1:test (default-test) @ postgresql ---
[INFO] Toolchain in maven-surefire-plugin: JDK[/usr/lib/jvm/java-8-oracle]
[INFO] Surefire report directory: /home/travis/build/pgjdbc/pgjdbc/pgjdbc/target/surefire-reports

-------------------------------------------------------
 T E S T S
-------------------------------------------------------
Configuration file /home/travis/build/pgjdbc/pgjdbc/pgjdbc/../build.local.properties does not exist. Consider adding it to specify test db host and login
Skipping SingleCertSocketFactoryTests. To enable set the property testsinglecertfactory=true in the ssltest.properties file.
Configuration file /home/travis/build/pgjdbc/pgjdbc/pgjdbc/../ssltest.local.properties does not exist. Consider adding it to specify test db host and login
enableSslTests is null, skipping SSL tests
Running org.postgresql.replication.ReplicationTestSuite
Configuration file /home/travis/build/pgjdbc/pgjdbc/pgjdbc/../build.local.properties does not exist. Consider adding it to specify test db host and login
Tests run: 1, Failures: 0, Errors: 0, Skipped: 1, Time elapsed: 0.672 sec - in org.postgresql.replication.ReplicationTestSuite
Running org.postgresql.test.ssl.SingleCertValidatingFactoryTestSuite
Skipping SingleCertSocketFactoryTests. To enable set the property testsinglecertfactory=true in the ssltest.properties file.
Tests run: 0, Failures: 0, Errors: 0, Skipped: 0, Time elapsed: 0 sec - in org.postgresql.test.ssl.SingleCertValidatingFactoryTestSuite
Running org.postgresql.test.ssl.SslTestSuite
Configuration file /home/travis/build/pgjdbc/pgjdbc/pgjdbc/../ssltest.local.properties does not exist. Consider adding it to specify test db host and login
enableSslTests is null, skipping SSL tests
Tests run: 25, Failures: 0, Errors: 0, Skipped: 0, Time elapsed: 0.03 sec - in org.postgresql.test.ssl.SslTestSuite
Running org.postgresql.test.hostchooser.MultiHostTestSuite
Tests run: 1, Failures: 0, Errors: 0, Skipped: 1, Time elapsed: 0.015 sec - in org.postgresql.test.hostchooser.MultiHostTestSuite
Running org.postgresql.test.socketfactory.SocketFactoryTestSuite
Tests run: 1, Failures: 0, Errors: 0, Skipped: 0, Time elapsed: 0.054 sec - in org.postgresql.test.socketfactory.SocketFactoryTestSuite
Running org.postgresql.test.xa.XATestSuite
Tests run: 28, Failures: 0, Errors: 0, Skipped: 28, Time elapsed: 0.818 sec - in org.postgresql.test.xa.XATestSuite
Running org.postgresql.test.jdbc42.Jdbc42TestSuite
Tests run: 60, Failures: 0, Errors: 0, Skipped: 3, Time elapsed: 12.805 sec - in org.postgresql.test.jdbc42.Jdbc42TestSuite
Running org.postgresql.test.osgi.OsgiTestSuite
Tests run: 8, Failures: 0, Errors: 0, Skipped: 0, Time elapsed: 0.008 sec - in org.postgresql.test.osgi.OsgiTestSuite
Running org.postgresql.test.jdbc2.AutoRollbackTestSuite
Tests run: 984, Failures: 0, Errors: 0, Skipped: 0, Time elapsed: 18.037 sec - in org.postgresql.test.jdbc2.AutoRollbackTestSuite
Running org.postgresql.test.jdbc2.Jdbc2TestSuite
java.version = 1.8.0_151, JavaVersion.getRuntimeVersion() = v1_8
[testFastCloses] total counts for each sql state: {0=603, 55000=397}
Using seed = 1561365936636 for StrangeInputStream. Set -DStrangeInputStream.seed=1561365936636 to reproduce the test
Using seed = 1561365937102 for StrangeInputStream. Set -DStrangeInputStream.seed=1561365937102 to reproduce the test
Using seed = 1561365937562 for StrangeInputStream. Set -DStrangeInputStream.seed=1561365937562 to reproduce the test
Using seed = 1561365938025 for StrangeInputStream. Set -DStrangeInputStream.seed=1561365938025 to reproduce the test
Using seed = 1561365938552 for StrangeInputStream. Set -DStrangeInputStream.seed=1561365938552 to reproduce the test
Using seed = 1561365939022 for StrangeInputStream. Set -DStrangeInputStream.seed=1561365939022 to reproduce the test
Using seed = 1561365939486 for StrangeInputStream. Set -DStrangeInputStream.seed=1561365939486 to reproduce the test
Using seed = 1561365940044 for StrangeInputStream. Set -DStrangeInputStream.seed=1561365940044 to reproduce the test
Using seed = 1561365940504 for StrangeInputStream. Set -DStrangeInputStream.seed=1561365940504 to reproduce the test
Using seed = 1561365940968 for StrangeInputStream. Set -DStrangeInputStream.seed=1561365940968 to reproduce the test
Tests run: 4163, Failures: 0, Errors: 0, Skipped: 47, Time elapsed: 108.289 sec - in org.postgresql.test.jdbc2.Jdbc2TestSuite
Running org.postgresql.test.jdbc2.optional.OptionalTestSuite
Tests run: 59, Failures: 0, Errors: 0, Skipped: 1, Time elapsed: 2.42 sec - in org.postgresql.test.jdbc2.optional.OptionalTestSuite
Running org.postgresql.test.jre8.core.Jre8TestSuite
Tests run: 1, Failures: 0, Errors: 0, Skipped: 0, Time elapsed: 0.022 sec - in org.postgresql.test.jre8.core.Jre8TestSuite
Running org.postgresql.test.jdbc3.Jdbc3TestSuite
Tests run: 260, Failures: 0, Errors: 0, Skipped: 6, Time elapsed: 4.514 sec - in org.postgresql.test.jdbc3.Jdbc3TestSuite
Running org.postgresql.test.jdbc4.jdbc41.Jdbc41TestSuite
JUnit used sun.misc.Launcher$AppClassLoader@18b4aac2
SeparateClassLoaderInvokeMethod used sun.misc.Launcher$AppClassLoader@18b4aac2
se.jiderhamn.classloader.RedefiningClassLoader[org.postgresql.test.jdbc4.jdbc41.SharedTimerClassLoaderLeakTest.sharedTimerDoesNotCauseLeak]@f8cf9c0 is being finalized
Tests run: 59, Failures: 0, Errors: 0, Skipped: 1, Time elapsed: 2.47 sec - in org.postgresql.test.jdbc4.jdbc41.Jdbc41TestSuite
Running org.postgresql.test.jdbc4.Jdbc4TestSuite
Tests run: 131, Failures: 0, Errors: 0, Skipped: 0, Time elapsed: 276.068 sec - in org.postgresql.test.jdbc4.Jdbc4TestSuite
Running org.postgresql.test.extensions.ExtensionsTestSuite
Tests run: 5, Failures: 0, Errors: 0, Skipped: 0, Time elapsed: 0.089 sec - in org.postgresql.test.extensions.ExtensionsTestSuite

Results :

Tests run: 5786, Failures: 0, Errors: 0, Skipped: 88

[INFO] 
[INFO] --- jacoco-maven-plugin:0.7.5.201505241946:report (report) @ postgresql ---
[INFO] Analyzed bundle 'PostgreSQL JDBC Driver - JDBC 4.2' with 273 classes
[INFO] 
[INFO] --- maven-bundle-plugin:2.5.3:bundle (default-bundle) @ postgresql ---
[INFO] 
[INFO] --- maven-shade-plugin:3.1.0:shade (default) @ postgresql ---
[INFO] Including com.ongres.scram:client:jar:1.0.0-beta.2 in the shaded jar.
[INFO] Including com.ongres.scram:common:jar:1.0.0-beta.2 in the shaded jar.
[INFO] Including com.github.dblock.waffle:waffle-jna:jar:1.7.5 in the shaded jar.
[INFO] Including net.java.dev.jna:jna:jar:4.2.1 in the shaded jar.
[INFO] Including net.java.dev.jna:jna-platform:jar:4.2.1 in the shaded jar.
[INFO] Including org.slf4j:jcl-over-slf4j:jar:1.7.12 in the shaded jar.
[INFO] No artifact matching filter com.github.waffle:waffle-jna
[INFO] Minimizing jar org.postgresql:postgresql:bundle:42.2.7-SNAPSHOT
[INFO] Minimized 420 -> 391 (93%)
[INFO] Replacing original artifact with shaded artifact.
[INFO] Replacing /home/travis/build/pgjdbc/pgjdbc/pgjdbc/target/postgresql-42.2.7-SNAPSHOT.jar with /home/travis/build/pgjdbc/pgjdbc/pgjdbc/target/postgresql-42.2.7-SNAPSHOT-shaded.jar
[INFO] Dependency-reduced POM written at: /home/travis/build/pgjdbc/pgjdbc/pgjdbc/dependency-reduced-pom.xml
[INFO] 
[INFO] ------------------------------------------------------------------------
[INFO] Building PostgreSQL JDBC Driver aggregate 42.2.7-SNAPSHOT
[INFO] ------------------------------------------------------------------------
[INFO] 
[INFO] --- maven-clean-plugin:2.5:clean (default-clean) @ pgjdbc-aggregate ---
[INFO] 
[INFO] --- jacoco-maven-plugin:0.7.5.201505241946:prepare-agent (default) @ pgjdbc-aggregate ---
[INFO] argLine set to -javaagent:/home/travis/.m2/repository/org/jacoco/org.jacoco.agent/0.7.5.201505241946/org.jacoco.agent-0.7.5.201505241946-runtime.jar=destfile=/home/travis/build/pgjdbc/pgjdbc/target/jacoco.exec -Xmx512m
[INFO] 
[INFO] --- maven-antrun-plugin:1.7:run (create-unzipjdkant.xml) @ pgjdbc-aggregate ---
[INFO] Executing tasks

main:
     [echo] Generating /home/travis/build/pgjdbc/pgjdbc/target/unzip-jdk-ant.xml
[INFO] Executed tasks
[INFO] 
[INFO] --- jacoco-maven-plugin:0.7.5.201505241946:report (report) @ pgjdbc-aggregate ---
[INFO] Skipping JaCoCo execution due to missing execution data file:/home/travis/build/pgjdbc/pgjdbc/target/jacoco.exec
[INFO] ------------------------------------------------------------------------
[INFO] Reactor Summary:
[INFO] 
[INFO] PostgreSQL JDBC Driver - JDBC 4.2 .................. SUCCESS [07:27 min]
[INFO] PostgreSQL JDBC Driver aggregate ................... SUCCESS [  0.503 s]
[INFO] ------------------------------------------------------------------------
[INFO] BUILD SUCCESS
[INFO] ------------------------------------------------------------------------
[INFO] Total time: 07:30 min
[INFO] Finished at: 2019-06-24T11:50:32+03:00
[INFO] Final Memory: 36M/413M
[INFO] ------------------------------------------------------------------------
+[[ Y == \Y ]]
+pip install --user codecov
Collecting codecov
/usr/local/lib/python2.7/dist-packages/pip/_vendor/requests/packages/urllib3/util/ssl_.py:318: SNIMissingWarning: An HTTPS request has been made, but the SNI (Subject Name Indication) extension to TLS is not available on this platform. This may cause the server to present an incorrect TLS certificate, which can cause validation failures. You can upgrade to a newer version of Python to solve this. For more information, see https://urllib3.readthedocs.io/en/latest/security.html#snimissingwarning.
  SNIMissingWarning
/usr/local/lib/python2.7/dist-packages/pip/_vendor/requests/packages/urllib3/util/ssl_.py:122: InsecurePlatformWarning: A true SSLContext object is not available. This prevents urllib3 from configuring SSL appropriately and may cause certain SSL connections to fail. You can upgrade to a newer version of Python to solve this. For more information, see https://urllib3.readthedocs.io/en/latest/security.html#insecureplatformwarning.
  InsecurePlatformWarning
/usr/local/lib/python2.7/dist-packages/pip/_vendor/requests/packages/urllib3/util/ssl_.py:122: InsecurePlatformWarning: A true SSLContext object is not available. This prevents urllib3 from configuring SSL appropriately and may cause certain SSL connections to fail. You can upgrade to a newer version of Python to solve this. For more information, see https://urllib3.readthedocs.io/en/latest/security.html#insecureplatformwarning.
  InsecurePlatformWarning
/usr/local/lib/python2.7/dist-packages/pip/_vendor/requests/packages/urllib3/util/ssl_.py:122: InsecurePlatformWarning: A true SSLContext object is not available. This prevents urllib3 from configuring SSL appropriately and may cause certain SSL connections to fail. You can upgrade to a newer version of Python to solve this. For more information, see https://urllib3.readthedocs.io/en/latest/security.html#insecureplatformwarning.
  InsecurePlatformWarning
  Downloading https://files.pythonhosted.org/packages/8b/28/4c1950a61c3c5786f0f34d643d0d28ec832433c9a7c0bd157690d4eb1d5f/codecov-2.0.15-py2.py3-none-any.whl
Collecting requests>=2.7.9 (from codecov)
/usr/local/lib/python2.7/dist-packages/pip/_vendor/requests/packages/urllib3/util/ssl_.py:122: InsecurePlatformWarning: A true SSLContext object is not available. This prevents urllib3 from configuring SSL appropriately and may cause certain SSL connections to fail. You can upgrade to a newer version of Python to solve this. For more information, see https://urllib3.readthedocs.io/en/latest/security.html#insecureplatformwarning.
  InsecurePlatformWarning
  Downloading https://files.pythonhosted.org/packages/51/bd/23c926cd341ea6b7dd0b2a00aba99ae0f828be89d72b2190f27c11d4b7fb/requests-2.22.0-py2.py3-none-any.whl (57kB)
[?25l[K    17% |█████▋                          | 10kB 33.3MB/s eta 0:00:01[K    35% |███████████▎                    | 20kB 2.1MB/s eta 0:00:01[K    53% |█████████████████               | 30kB 3.1MB/s eta 0:00:01[K    70% |██████████████████████▋         | 40kB 4.0MB/s eta 0:00:01[K    88% |████████████████████████████▎   | 51kB 4.8MB/s eta 0:00:01[K    100% |████████████████████████████████| 61kB 3.8MB/s 
[?25hCollecting coverage (from codecov)
/usr/local/lib/python2.7/dist-packages/pip/_vendor/requests/packages/urllib3/util/ssl_.py:122: InsecurePlatformWarning: A true SSLContext object is not available. This prevents urllib3 from configuring SSL appropriately and may cause certain SSL connections to fail. You can upgrade to a newer version of Python to solve this. For more information, see https://urllib3.readthedocs.io/en/latest/security.html#insecureplatformwarning.
  InsecurePlatformWarning
  Downloading https://files.pythonhosted.org/packages/d7/ce/8553e6325b16d8c2ccba52eaebe92bb38bb7c64c8f34ad4ef87fd327b9bb/coverage-4.5.3-cp27-cp27mu-manylinux1_x86_64.whl (201kB)
[?25l[K    5% |█▋                              | 10kB 37.0MB/s eta 0:00:01[K    10% |███▎                            | 20kB 36.9MB/s eta 0:00:01[K    15% |████▉                           | 30kB 37.1MB/s eta 0:00:01[K    20% |██████▌                         | 40kB 38.0MB/s eta 0:00:01[K    25% |████████▏                       | 51kB 38.4MB/s eta 0:00:01[K    30% |█████████▊                      | 61kB 40.1MB/s eta 0:00:01[K    35% |███████████▍                    | 71kB 7.6MB/s eta 0:00:01[K    40% |█████████████                   | 81kB 8.4MB/s eta 0:00:01[K    45% |██████████████▋                 | 92kB 9.2MB/s eta 0:00:01[K    50% |████████████████▎               | 102kB 10.0MB/s eta 0:00:01[K    55% |█████████████████▉              | 112kB 10.0MB/s eta 0:00:01[K    60% |███████████████████▌            | 122kB 10.0MB/s eta 0:00:01[K    65% |█████████████████████           | 133kB 10.0MB/s eta 0:00:01[K    71% |██████████████████████▊         | 143kB 10.0MB/s eta 0:00:01[K    76% |████████████████████████▍       | 153kB 10.0MB/s eta 0:00:01[K    81% |██████████████████████████      | 163kB 10.0MB/s eta 0:00:01[K    86% |███████████████████████████▋    | 174kB 38.5MB/s eta 0:00:01[K    91% |████████████���████████████████▏  | 184kB 40.1MB/s eta 0:00:01[K    96% |██████████████████████████████▉ | 194kB 39.9MB/s eta 0:00:01[K    100% |████████████████████████████████| 204kB 5.2MB/s 
[?25hCollecting idna<2.9,>=2.5 (from requests>=2.7.9->codecov)
/usr/local/lib/python2.7/dist-packages/pip/_vendor/requests/packages/urllib3/util/ssl_.py:122: InsecurePlatformWarning: A true SSLContext object is not available. This prevents urllib3 from configuring SSL appropriately and may cause certain SSL connections to fail. You can upgrade to a newer version of Python to solve this. For more information, see https://urllib3.readthedocs.io/en/latest/security.html#insecureplatformwarning.
  InsecurePlatformWarning
  Downloading https://files.pythonhosted.org/packages/14/2c/cd551d81dbe15200be1cf41cd03869a46fe7226e7450af7a6545bfc474c9/idna-2.8-py2.py3-none-any.whl (58kB)
[?25l[K    17% |█████▋                          | 10kB 30.2MB/s eta 0:00:01[K    34% |███████████▏                    | 20kB 31.5MB/s eta 0:00:01[K    52% |████████████████▊               | 30kB 35.5MB/s eta 0:00:01[K    69% |██████████████████████▍         | 40kB 37.2MB/s eta 0:00:01[K    87% |████████████████████████████    | 51kB 37.7MB/s eta 0:00:01[K    100% |████████████████████████████████| 61kB 8.6MB/s 
[?25hCollecting chardet<3.1.0,>=3.0.2 (from requests>=2.7.9->codecov)
/usr/local/lib/python2.7/dist-packages/pip/_vendor/requests/packages/urllib3/util/ssl_.py:122: InsecurePlatformWarning: A true SSLContext object is not available. This prevents urllib3 from configuring SSL appropriately and may cause certain SSL connections to fail. You can upgrade to a newer version of Python to solve this. For more information, see https://urllib3.readthedocs.io/en/latest/security.html#insecureplatformwarning.
  InsecurePlatformWarning
  Downloading https://files.pythonhosted.org/packages/bc/a9/01ffebfb562e4274b6487b4bb1ddec7ca55ec7510b22e4c51f14098443b8/chardet-3.0.4-py2.py3-none-any.whl (133kB)
[?25l[K    7% |██▌                             | 10kB 36.2MB/s eta 0:00:01[K    15% |█████                           | 20kB 37.4MB/s eta 0:00:01[K    23% |███████▍                        | 30kB 40.9MB/s eta 0:00:01[K    30% |█████████▉                      | 40kB 41.7MB/s eta 0:00:01[K    38% |████████████▎                   | 51kB 41.4MB/s eta 0:00:01[K    46% |██████████████▊                 | 61kB 42.4MB/s eta 0:00:01[K    53% |█████████████████▏              | 71kB 42.8MB/s eta 0:00:01[K    61% |███████████████████▋            | 81kB 42.5MB/s eta 0:00:01[K    69% |██████████████████████▏         | 92kB 42.9MB/s eta 0:00:01[K    76% |████████████████████████▋       | 102kB 43.1MB/s eta 0:00:01[K    84% |███████████████████████████     | 112kB 44.2MB/s eta 0:00:01[K    92% |█████████████████████████████▌  | 122kB 44.8MB/s eta 0:00:01[K    99% |████████████████████████████████| 133kB 43.8MB/s eta 0:00:01[K    100% |████████████████████████████████| 143kB 7.6MB/s 
[?25hCollecting certifi>=2017.4.17 (from requests>=2.7.9->codecov)
/usr/local/lib/python2.7/dist-packages/pip/_vendor/requests/packages/urllib3/util/ssl_.py:122: InsecurePlatformWarning: A true SSLContext object is not available. This prevents urllib3 from configuring SSL appropriately and may cause certain SSL connections to fail. You can upgrade to a newer version of Python to solve this. For more information, see https://urllib3.readthedocs.io/en/latest/security.html#insecureplatformwarning.
  InsecurePlatformWarning
  Downloading https://files.pythonhosted.org/packages/69/1b/b853c7a9d4f6a6d00749e94eb6f3a041e342a885b87340b79c1ef73e3a78/certifi-2019.6.16-py2.py3-none-any.whl (157kB)
[?25l[K    6% |██                              | 10kB 37.4MB/s eta 0:00:01[K    13% |████▏                           | 20kB 36.6MB/s eta 0:00:01[K    19% |██████▎                         | 30kB 41.2MB/s eta 0:00:01[K    26% |████████▍                       | 40kB 41.6MB/s eta 0:00:01[K    32% |██████████▍                     | 51kB 41.4MB/s eta 0:00:01[K    39% |████████████▌                   | 61kB 42.6MB/s eta 0:00:01[K    45% |██████████████▋                 | 71kB 42.2MB/s eta 0:00:01[K    52% |████████████████▊               | 81kB 42.0MB/s eta 0:00:01[K    58% |██████████████████▊             | 92kB 42.5MB/s eta 0:00:01[K    65% |████████████████████▉           | 102kB 42.6MB/s eta 0:00:01[K    71% |███████████████████████         | 112kB 43.5MB/s eta 0:00:01[K    78% |█████████████████████████       | 122kB 44.6MB/s eta 0:00:01[K    84% |███████████████████████████▏    | 133kB 43.4MB/s eta 0:00:01[K    91% |█████████████████████████████▏  | 143kB 44.0MB/s eta 0:00:01[K    97% |███████████████████████████████▎| 153kB 44.5MB/s eta 0:00:01[K    100% |████████████████████████████████| 163kB 6.5MB/s 
[?25hCollecting urllib3!=1.25.0,!=1.25.1,<1.26,>=1.21.1 (from requests>=2.7.9->codecov)
/usr/local/lib/python2.7/dist-packages/pip/_vendor/requests/packages/urllib3/util/ssl_.py:122: InsecurePlatformWarning: A true SSLContext object is not available. This prevents urllib3 from configuring SSL appropriately and may cause certain SSL connections to fail. You can upgrade to a newer version of Python to solve this. For more information, see https://urllib3.readthedocs.io/en/latest/security.html#insecureplatformwarning.
  InsecurePlatformWarning
  Downloading https://files.pythonhosted.org/packages/e6/60/247f23a7121ae632d62811ba7f273d0e58972d75e58a94d329d51550a47d/urllib3-1.25.3-py2.py3-none-any.whl (150kB)
[?25l[K    6% |██▏                             | 10kB 33.6MB/s eta 0:00:01[K    13% |████▍                           | 20kB 34.6MB/s eta 0:00:01[K    20% |██████▌                         | 30kB 37.0MB/s eta 0:00:01[K    27% |████████▊                       | 40kB 38.4MB/s eta 0:00:01[K    33% |██████████▉                     | 51kB 39.7MB/s eta 0:00:01[K    40% |█████████████                   | 61kB 40.8MB/s eta 0:00:01[K    47% |███████████████▏                | 71kB 40.9MB/s eta 0:00:01[K    54% |████████████���████▍              | 81kB 41.5MB/s eta 0:00:01[K    61% |███████████████████▌            | 92kB 41.9MB/s eta 0:00:01[K    67% |█████████████████████▊          | 102kB 41.9MB/s eta 0:00:01[K    74% |███████████████████████▉        | 112kB 43.7MB/s eta 0:00:01[K    81% |██████████████████████████      | 122kB 44.3MB/s eta 0:00:01[K    88% |████████████████████████████▏   | 133kB 43.9MB/s eta 0:00:01[K    94% |██████████████████████████████▍ | 143kB 44.2MB/s eta 0:00:01[K    100% |████████████████████████████████| 153kB 6.8MB/s 
[?25hInstalling collected packages: idna, chardet, certifi, urllib3, requests, coverage, codecov
Successfully installed certifi-2019.6.16 chardet-3.0.4 codecov-2.0.15 coverage-4.5.3 idna-2.8 requests-2.22.0 urllib3-1.25.3
/usr/local/lib/python2.7/dist-packages/pip/_vendor/requests/packages/urllib3/util/ssl_.py:122: InsecurePlatformWarning: A true SSLContext object is not available. This prevents urllib3 from configuring SSL appropriately and may cause certain SSL connections to fail. You can upgrade to a newer version of Python to solve this. For more information, see https://urllib3.readthedocs.io/en/latest/security.html#insecureplatformwarning.
  InsecurePlatformWarning
/usr/local/lib/python2.7/dist-packages/pip/_vendor/requests/packages/urllib3/util/ssl_.py:122: InsecurePlatformWarning: A true SSLContext object is not available. This prevents urllib3 from configuring SSL appropriately and may cause certain SSL connections to fail. You can upgrade to a newer version of Python to solve this. For more information, see https://urllib3.readthedocs.io/en/latest/security.html#insecureplatformwarning.
  InsecurePlatformWarning
[33mYou are using pip version 9.0.1, however version 19.1.1 is available.
You should consider upgrading via the 'pip install --upgrade pip' command.[0m
+codecov

      _____          _
     / ____|        | |
    | |     ___   __| | ___  ___ _____   __
    | |    / _ \ / _  |/ _ \/ __/ _ \ \ / /
    | |___| (_) | (_| |  __/ (_| (_) \ V /
     \_____\___/ \____|\___|\___\___/ \_/
                                    v2.0.15

[90m==>[0m Detecting CI provider
    Travis Detected
    Fixing merge commit SHA
[90m==>[0m Preparing upload
[90m==>[0m Processing gcov (disable by -X gcov)
    Executing gcov (find /home/travis/build/pgjdbc/pgjdbc -not -path './bower_components/**' -not -path './node_modules/**' -not -path './vendor/**' -type f -name '*.gcno'  -exec gcov -pb  {} +)
[90m==>[0m Collecting reports
    [32m+[0m /home/travis/build/pgjdbc/pgjdbc/pgjdbc/target/site/jacoco/jacoco.xml bytes=1981642
[90m==>[0m Appending environment variables
    [32m+[0m TRAVIS_JDK_VERSION
    [32m+[0m TRAVIS_OS_NAME
[90m==>[0m Uploading
    .url https://codecov.io
    .query pr=1457&service=travis&package=py2.0.15&yaml=codecov.yml&job=549626458&build=4056.8&branch=master&commit=e06e4e3013948cd7a9ffee8ad2aa089aa512ba1c&slug=pgjdbc%2Fpgjdbc
    Pinging Codecov...
    Uploading to S3...
[92m    https://codecov.io/github/pgjdbc/pgjdbc/commit/e06e4e3013948cd7a9ffee8ad2aa089aa512ba1c[0m
+[[ '' == *\Y ]]
travis_time:end:0a869250:start=1561365779433986366,finish=1561366237063083005,duration=457629096639[0K[32;1mThe command "if [[ $TRAVIS_BRANCH == release/* ]]; then .travis/travis_release.sh; else ./.travis/travis_build.sh; fi" exited with 0.[0m

travis_time:start:1ac29175[0K$ ./.travis/travis_check_postgres_health.sh
travis_time:end:1ac29175:start=1561366237071896713,finish=1561366237084034853,duration=12138140[0K[32;1mThe command "./.travis/travis_check_postgres_health.sh" exited with 0.[0m

travis_fold:start:before_cache.1[0Ktravis_time:start:05686199[0K$ rm -rf $HOME/.m2/repository/org/postgresql
travis_time:end:05686199:start=1561366237093083786,finish=1561366237102159405,duration=9075619[0Ktravis_fold:end:before_cache.1[0Ktravis_fold:start:before_cache.2[0Ktravis_time:start:0f98c114[0K$ find $HOME/.ivy2 -name "ivydata-*.properties" -delete
travis_time:end:0f98c114:start=1561366237111299457,finish=1561366237119085681,duration=7786224[0Ktravis_fold:end:before_cache.2[0Ktravis_fold:start:before_cache.3[0Ktravis_time:start:0ae934a0[0K$ find $HOME/.sbt -name "*.lock" -delete
travis_time:end:0ae934a0:start=1561366237128224515,finish=1561366237136834217,duration=8609702[0Ktravis_fold:end:before_cache.3[0Ktravis_fold:start:cache.2[0Kstore build cache
travis_time:start:0249d644[0Ktravis_time:end:0249d644:start=1561366237146169497,finish=1561366237151840975,duration=5671478[0Ktravis_time:start:0306951c[0K[32;1mnothing changed[0m
travis_time:end:0306951c:start=1561366237160087130,finish=1561366238526410856,duration=1366323726[0Ktravis_fold:end:cache.2[0K
travis_fold:start:after_success[0Ktravis_time:start:0d28dab0[0K$ test $TRAVIS_PULL_REQUEST == 'false' && test $TRAVIS_BRANCH == 'master' && test $MCENTRAL == 'Y' && ./.travis/travis_deploy.sh
travis_time:end:0d28dab0:start=1561366238534823859,finish=1561366238539991351,duration=5167492[0Ktravis_fold:end:after_success[0K
Done. Your build exited with 0.
