travis_fold:start:worker_info[0K[33;1mWorker information[0m
hostname: b814b569-c8b8-4769-9b5f-323689914ebf@1.i-039d70a-production-2-worker-org-ec2.travisci.net
version: v3.4.0 https://github.com/travis-ci/worker/tree/ce0440bc30c289a49a9b0c21e4e1e6f7d7825101
instance: b096a16 travisci/ci-garnet:packer-1503972846 (via amqp)
startup: 2.140806445s
travis_fold:end:worker_info[0Ktravis_fold:start:system_info[0K[33;1mBuild system information[0m
Build language: python
Build group: stable
Build dist: trusty
Build id: 306489661
Job id: 306489662
Runtime kernel version: 4.9.6-040906-generic
travis-build version: 97c4a12f8
[34m[1mBuild image provisioning date and time[0m
Tue Aug 29 02:50:02 UTC 2017
[34m[1mOperating System Details[0m
Distributor ID:	Ubuntu
Description:	Ubuntu 14.04.5 LTS
Release:	14.04
Codename:	trusty
[34m[1mCookbooks Version[0m
4642454 https://github.com/travis-ci/travis-cookbooks/tree/4642454
[34m[1mgit version[0m
git version 2.14.1
[34m[1mbash version[0m
GNU bash, version 4.3.11(1)-release (x86_64-pc-linux-gnu)
[34m[1mgcc version[0m
gcc (Ubuntu 4.8.4-2ubuntu1~14.04.3) 4.8.4
Copyright (C) 2013 Free Software Foundation, Inc.
This is free software; see the source for copying conditions.  There is NO
warranty; not even for MERCHANTABILITY or FITNESS FOR A PARTICULAR PURPOSE.

[34m[1mdocker version[0m
Client:
 Version:      17.03.1-ce
 API version:  1.27
 Go version:   go1.7.5
 Git commit:   c6d412e
 Built:        Mon Mar 27 16:58:30 2017
 OS/Arch:      linux/amd64
[34m[1mclang version[0m
clang version 3.9.0 (tags/RELEASE_390/final)
Target: x86_64-unknown-linux-gnu
Thread model: posix
InstalledDir: /usr/local/clang-3.9.0/bin
[34m[1mjq version[0m
jq-1.5
[34m[1mbats version[0m
Bats 0.4.0
[34m[1mshellcheck version[0m
0.4.6
[34m[1mshfmt version[0m
v1.3.1
[34m[1mccache version[0m
ccache version 3.1.9

Copyright (C) 2002-2007 Andrew Tridgell
Copyright (C) 2009-2011 Joel Rosdahl

This program is free software; you can redistribute it and/or modify it under
the terms of the GNU General Public License as published by the Free Software
Foundation; either version 3 of the License, or (at your option) any later
version.
[34m[1mcmake version[0m
cmake version 3.2.2

CMake suite maintained and supported by Kitware (kitware.com/cmake).
[34m[1mheroku version[0m
heroku-cli/6.13.19-6cd27b3 (linux-x64) node-v8.3.0
[34m[1mimagemagick version[0m
Version: ImageMagick 6.7.7-10 2017-07-31 Q16 http://www.imagemagick.org
[34m[1mmd5deep version[0m
4.2
[34m[1mmercurial version[0m
Mercurial Distributed SCM (version 4.2.2)
(see https://mercurial-scm.org for more information)

Copyright (C) 2005-2017 Matt Mackall and others
This is free software; see the source for copying conditions. There is NO
warranty; not even for MERCHANTABILITY or FITNESS FOR A PARTICULAR PURPOSE.
[34m[1mmysql version[0m
mysql  Ver 14.14 Distrib 5.6.33, for debian-linux-gnu (x86_64) using  EditLine wrapper
[34m[1mopenssl version[0m
OpenSSL 1.0.1f 6 Jan 2014
[34m[1mpacker version[0m
Packer v1.0.2

Your version of Packer is out of date! The latest version
is 1.0.4. You can update by downloading from www.packer.io
[34m[1mpostgresql client version[0m
psql (PostgreSQL) 9.6.4
[34m[1mragel version[0m
Ragel State Machine Compiler version 6.8 Feb 2013
Copyright (c) 2001-2009 by Adrian Thurston
[34m[1msubversion version[0m
svn, version 1.8.8 (r1568071)
   compiled Aug 10 2017, 17:20:39 on x86_64-pc-linux-gnu

Copyright (C) 2013 The Apache Software Foundation.
This software consists of contributions made by many people;
see the NOTICE file for more information.
Subversion is open source software, see http://subversion.apache.org/

The following repository access (RA) modules are available:

* ra_svn : Module for accessing a repository using the svn network protocol.
  - with Cyrus SASL authentication
  - handles 'svn' scheme
* ra_local : Module for accessing a repository on local disk.
  - handles 'file' scheme
* ra_serf : Module for accessing a repository via WebDAV protocol using serf.
  - using serf 1.3.3
  - handles 'http' scheme
  - handles 'https' scheme

[34m[1msudo version[0m
Sudo version 1.8.9p5
Configure options: --prefix=/usr -v --with-all-insults --with-pam --with-fqdn --with-logging=syslog --with-logfac=authpriv --with-env-editor --with-editor=/usr/bin/editor --with-timeout=15 --with-password-timeout=0 --with-passprompt=[sudo] password for %p:  --without-lecture --with-tty-tickets --disable-root-mailer --enable-admin-flag --with-sendmail=/usr/sbin/sendmail --with-timedir=/var/lib/sudo --mandir=/usr/share/man --libexecdir=/usr/lib/sudo --with-sssd --with-sssd-lib=/usr/lib/x86_64-linux-gnu --with-selinux
Sudoers policy plugin version 1.8.9p5
Sudoers file grammar version 43

Sudoers path: /etc/sudoers
Authentication methods: 'pam'
Syslog facility if syslog is being used for logging: authpriv
Syslog priority to use when user authenticates successfully: notice
Syslog priority to use when user authenticates unsuccessfully: alert
Send mail if the user is not in sudoers
Use a separate timestamp for each user/tty combo
Lecture user the first time they run sudo
Root may run sudo
Allow some information gathering to give useful error messages
Require fully-qualified hostnames in the sudoers file
Visudo will honor the EDITOR environment variable
Set the LOGNAME and USER environment variables
Length at which to wrap log file lines (0 for no wrap): 80
Authentication timestamp timeout: 15.0 minutes
Password prompt timeout: 0.0 minutes
Number of tries to enter a password: 3
Umask to use or 0777 to use user's: 022
Path to mail program: /usr/sbin/sendmail
Flags for mail program: -t
Address to send mail to: root
Subject line for mail messages: *** SECURITY information for %h ***
Incorrect password message: Sorry, try again.
Path to authentication timestamp dir: /var/lib/sudo
Default password prompt: [sudo] password for %p: 
Default user to run commands as: root
Value to override user's $PATH with: /usr/local/sbin:/usr/local/bin:/usr/sbin:/usr/bin:/sbin:/bin:/snap/bin
Path to the editor for use by visudo: /usr/bin/editor
When to require a password for 'list' pseudocommand: any
When to require a password for 'verify' pseudocommand: all
File descriptors >= 3 will be closed before executing a command
Environment variables to check for sanity:
	TZ
	TERM
	LINGUAS
	LC_*
	LANGUAGE
	LANG
	COLORTERM
Environment variables to remove:
	RUBYOPT
	RUBYLIB
	PYTHONUSERBASE
	PYTHONINSPECT
	PYTHONPATH
	PYTHONHOME
	TMPPREFIX
	ZDOTDIR
	READNULLCMD
	NULLCMD
	FPATH
	PERL5DB
	PERL5OPT
	PERL5LIB
	PERLLIB
	PERLIO_DEBUG 
	JAVA_TOOL_OPTIONS
	SHELLOPTS
	GLOBIGNORE
	PS4
	BASH_ENV
	ENV
	TERMCAP
	TERMPATH
	TERMINFO_DIRS
	TERMINFO
	_RLD*
	LD_*
	PATH_LOCALE
	NLSPATH
	HOSTALIASES
	RES_OPTIONS
	LOCALDOMAIN
	CDPATH
	IFS
Environment variables to preserve:
	JAVA_HOME
	TRAVIS
	CI
	DEBIAN_FRONTEND
	XAUTHORIZATION
	XAUTHORITY
	PS2
	PS1
	PATH
	LS_COLORS
	KRB5CCNAME
	HOSTNAME
	HOME
	DISPLAY
	COLORS
Locale to use while parsing sudoers: C
Directory in which to store input/output logs: /var/log/sudo-io
File in which to store the input/output log: %{seq}
Add an entry to the utmp/utmpx file when allocating a pty
PAM service name to use
PAM service name to use for login shells
Create a new PAM session for the command to run in
Maximum I/O log sequence number: 0

Local IP address and netmask pairs:
	172.17.0.2/255.255.0.0

Sudoers I/O plugin version 1.8.9p5
[34m[1mgzip version[0m
gzip 1.6
Copyright (C) 2007, 2010, 2011 Free Software Foundation, Inc.
Copyright (C) 1993 Jean-loup Gailly.
This is free software.  You may redistribute copies of it under the terms of
the GNU General Public License <http://www.gnu.org/licenses/gpl.html>.
There is NO WARRANTY, to the extent permitted by law.

Written by Jean-loup Gailly.
[34m[1mzip version[0m
Copyright (c) 1990-2008 Info-ZIP - Type 'zip "-L"' for software license.
This is Zip 3.0 (July 5th 2008), by Info-ZIP.
Currently maintained by E. Gordon.  Please send bug reports to
the authors using the web page at www.info-zip.org; see README for details.

Latest sources and executables are at ftp://ftp.info-zip.org/pub/infozip,
as of above date; see http://www.info-zip.org/ for other sites.

Compiled with gcc 4.8.2 for Unix (Linux ELF) on Oct 21 2013.

Zip special compilation options:
	USE_EF_UT_TIME       (store Universal Time)
	BZIP2_SUPPORT        (bzip2 library version 1.0.6, 6-Sept-2010)
	    bzip2 code and library copyright (c) Julian R Seward
	    (See the bzip2 license for terms of use)
	SYMLINK_SUPPORT      (symbolic links supported)
	LARGE_FILE_SUPPORT   (can read and write large files on file system)
	ZIP64_SUPPORT        (use Zip64 to store large files in archives)
	UNICODE_SUPPORT      (store and read UTF-8 Unicode paths)
	STORE_UNIX_UIDs_GIDs (store UID/GID sizes/values using new extra field)
	UIDGID_NOT_16BIT     (old Unix 16-bit UID/GID extra field not used)
	[encryption, version 2.91 of 05 Jan 2007] (modified for Zip 3)

Encryption notice:
	The encryption code of this program is not copyrighted and is
	put in the public domain.  It was originally written in Europe
	and, to the best of our knowledge, can be freely distributed
	in both source and object forms from any country, including
	the USA under License Exception TSU of the U.S. Export
	Administration Regulations (section 740.13(e)) of 6 June 2002.

Zip environment options:
             ZIP:  [none]
          ZIPOPT:  [none]
[34m[1mvim version[0m
VIM - Vi IMproved 7.4 (2013 Aug 10, compiled Nov 24 2016 16:43:18)
Included patches: 1-52
Extra patches: 8.0.0056
Modified by pkg-vim-maintainers@lists.alioth.debian.org
Compiled by buildd@
Huge version without GUI.  Features included (+) or not (-):
+acl             +farsi           +mouse_netterm   +syntax
+arabic          +file_in_path    +mouse_sgr       +tag_binary
+autocmd         +find_in_path    -mouse_sysmouse  +tag_old_static
-balloon_eval    +float           +mouse_urxvt     -tag_any_white
-browse          +folding         +mouse_xterm     -tcl
++builtin_terms  -footer          +multi_byte      +terminfo
+byte_offset     +fork()          +multi_lang      +termresponse
+cindent         +gettext         -mzscheme        +textobjects
-clientserver    -hangul_input    +netbeans_intg   +title
-clipboard       +iconv           +path_extra      -toolbar
+cmdline_compl   +insert_expand   -perl            +user_commands
+cmdline_hist    +jumplist        +persistent_undo +vertsplit
+cmdline_info    +keymap          +postscript      +virtualedit
+comments        +langmap         +printer         +visual
+conceal         +libcall         +profile         +visualextra
+cryptv          +linebreak       +python          +viminfo
+cscope          +lispindent      -python3         +vreplace
+cursorbind      +listcmds        +quickfix        +wildignore
+cursorshape     +localmap        +reltime         +wildmenu
+dialog_con      -lua             +rightleft       +windows
+diff            +menu            -ruby            +writebackup
+digraphs        +mksession       +scrollbind      -X11
-dnd             +modify_fname    +signs           -xfontset
-ebcdic          +mouse           +smartindent     -xim
+emacs_tags      -mouseshape      -sniff           -xsmp
+eval            +mouse_dec       +startuptime     -xterm_clipboard
+ex_extra        +mouse_gpm       +statusline      -xterm_save
+extra_search    -mouse_jsbterm   -sun_workshop    -xpm
   system vimrc file: "$VIM/vimrc"
     user vimrc file: "$HOME/.vimrc"
 2nd user vimrc file: "~/.vim/vimrc"
      user exrc file: "$HOME/.exrc"
  fall-back for $VIM: "/usr/share/vim"
Compilation: gcc -c -I. -Iproto -DHAVE_CONFIG_H     -g -O2 -fstack-protector --param=ssp-buffer-size=4 -Wformat -Werror=format-security -U_FORTIFY_SOURCE -D_FORTIFY_SOURCE=1      
Linking: gcc   -Wl,-Bsymbolic-functions -Wl,-z,relro -Wl,--as-needed -o vim        -lm -ltinfo -lnsl  -lselinux  -lacl -lattr -lgpm -ldl    -L/usr/lib/python2.7/config-x86_64-linux-gnu -lpython2.7 -lpthread -ldl -lutil -lm -Xlinker -export-dynamic -Wl,-O1 -Wl,-Bsymbolic-functions      
[34m[1miptables version[0m
iptables v1.4.21
[34m[1mcurl version[0m
curl 7.35.0 (x86_64-pc-linux-gnu) libcurl/7.35.0 OpenSSL/1.0.1f zlib/1.2.8 libidn/1.28 librtmp/2.3
[34m[1mwget version[0m
GNU Wget 1.15 built on linux-gnu.
[34m[1mrsync version[0m
rsync  version 3.1.0  protocol version 31
[34m[1mgimme version[0m
v1.2.0
[34m[1mnvm version[0m
0.33.2
[34m[1mperlbrew version[0m
/home/travis/perl5/perlbrew/bin/perlbrew  - App::perlbrew/0.80
[34m[1mphpenv version[0m
rbenv 1.1.1-4-g4ebd1bd
[34m[1mrvm version[0m
rvm 1.29.2 (latest) by Michal Papis, Piotr Kuczynski, Wayne E. Seguin [https://rvm.io/]
[34m[1mdefault ruby version[0m
ruby 2.4.1p111 (2017-03-22 revision 58053) [x86_64-linux]
[34m[1mCouchDB version[0m
couchdb 1.6.1
[34m[1mElasticSearch version[0m
5.5.0
[34m[1mInstalled Firefox version[0m
firefox 55.0.2
[34m[1mMongoDB version[0m
MongoDB 3.2.16
[34m[1mPre-installed PostgreSQL versions[0m
9.2.22
9.3.18
9.4.13
9.5.8
9.6.4
[34m[1mRabbitMQ Version[0m
3.6.11
[34m[1mRedis version[0m
redis-server 4.0.1
[34m[1mriak version[0m
2.2.3
[34m[1mPre-installed Go versions[0m
1.7.4
[34m[1mant version[0m
Apache Ant(TM) version 1.9.3 compiled on April 8 2014
[34m[1mmvn version[0m
Apache Maven 3.5.0 (ff8f5e7444045639af65f6095c62210b5713f426; 2017-04-03T19:39:06Z)
Maven home: /usr/local/maven-3.5.0
Java version: 1.8.0_144, vendor: Oracle Corporation
Java home: /usr/lib/jvm/java-8-oracle/jre
Default locale: en_US, platform encoding: UTF-8
OS name: "linux", version: "4.4.0-92-generic", arch: "amd64", family: "unix"
[34m[1mgradle version[0m

------------------------------------------------------------
Gradle 4.0.1
------------------------------------------------------------

Build time:   2017-07-07 14:02:41 UTC
Revision:     38e5dc0f772daecca1d2681885d3d85414eb6826

Groovy:       2.4.11
Ant:          Apache Ant(TM) version 1.9.6 compiled on June 29 2015
JVM:          1.8.0_144 (Oracle Corporation 25.144-b01)
OS:           Linux 4.4.0-92-generic amd64

[34m[1mlein version[0m
WARNING: You're currently running as root; probably by accident.
Press control-C to abort or Enter to continue as root.
Set LEIN_ROOT to disable this warning.
Leiningen 2.7.1 on Java 1.8.0_144 Java HotSpot(TM) 64-Bit Server VM
[34m[1mPre-installed Node.js versions[0m
v4.8.4
v6.11.2
v6.9.4
v7.4.0
v8.4
[34m[1mphpenv versions[0m
  system
  5.6
* 5.6.31 (set by /home/travis/.phpenv/version)
  7.0
  7.0.22
  hhvm
  hhvm-stable
[34m[1mcomposer --version[0m
Composer version 1.4.2 2017-05-17 08:17:52
[34m[1mPre-installed Ruby versions[0m
ruby-2.2.7
ruby-2.3.4
ruby-2.4.1
travis_fold:end:system_info[0K
removed ‚Äò/etc/apt/sources.list.d/basho_riak.list‚Äô
Executing: /tmp/tmp.wekBIhZ6yO/gpg.1.sh --keyserver
hkp://keyserver.ubuntu.com:80
--recv
EA312927
gpg: requesting key EA312927 from hkp server keyserver.ubuntu.com
gpg: key EA312927: "MongoDB 3.2 Release Signing Key <packaging@mongodb.com>" 1 new signature
gpg: Total number processed: 1
gpg:         new signatures: 1
W: https://dl.hhvm.com/ubuntu/dists/trusty/InRelease: Signature by key 36AEF64D0207E7EEE352D4875A16E7281BE7A449 uses weak digest algorithm (SHA1)
W: http://ppa.launchpad.net/couchdb/stable/ubuntu/dists/trusty/Release.gpg: Signature by key 15866BAFD9BCC4F3C1E0DFC7D69548E1C17EAB57 uses weak digest algorithm (SHA1)
127.0.0.1	localhost
::1	 ip6-localhost ip6-loopback
fe00::0	ip6-localnet
ff00::0	ip6-mcastprefix
ff02::1	ip6-allnodes
ff02::2	ip6-allrouters
172.17.0.58	travis-job-python-mypy-306489662.travisci.net travis-job-python-mypy-306489662
[33;1m3.4 is not installed; attempting download[0m
[33;1mDownloading archive: https://s3.amazonaws.com/travis-python-archives/binaries/ubuntu/14.04/x86_64/python-3.4.tar.bz2[0m
$ sudo tar xjf python-3.4.tar.bz2 --directory /
travis_fold:start:git.checkout[0Ktravis_time:start:11b375e0[0K$ git clone --depth=50 https://github.com/python/mypy.git python/mypy
Cloning into 'python/mypy'...
remote: Counting objects: 775, done.[K
remote: Compressing objects:   0% (1/531)   [Kremote: Compressing objects:   1% (6/531)   [Kremote: Compressing objects:   2% (11/531)   [Kremote: Compressing objects:   3% (16/531)   [Kremote: Compressing objects:   4% (22/531)   [Kremote: Compressing objects:   5% (27/531)   [Kremote: Compressing objects:   6% (32/531)   [Kremote: Compressing objects:   7% (38/531)   [Kremote: Compressing objects:   8% (43/531)   [Kremote: Compressing objects:   9% (48/531)   [Kremote: Compressing objects:  10% (54/531)   [Kremote: Compressing objects:  11% (59/531)   [Kremote: Compressing objects:  12% (64/531)   [Kremote: Compressing objects:  13% (70/531)   [Kremote: Compressing objects:  14% (75/531)   [Kremote: Compressing objects:  15% (80/531)   [Kremote: Compressing objects:  16% (85/531)   [Kremote: Compressing objects:  17% (91/531)   [Kremote: Compressing objects:  18% (96/531)   [Kremote: Compressing objects:  19% (101/531)   [Kremote: Compressing objects:  20% (107/531)   [Kremote: Compressing objects:  21% (112/531)   [Kremote: Compressing objects:  22% (117/531)   [Kremote: Compressing objects:  23% (123/531)   [Kremote: Compressing objects:  24% (128/531)   [Kremote: Compressing objects:  25% (133/531)   [Kremote: Compressing objects:  26% (139/531)   [Kremote: Compressing objects:  27% (144/531)   [Kremote: Compressing objects:  28% (149/531)   [Kremote: Compressing objects:  29% (154/531)   [Kremote: Compressing objects:  30% (160/531)   [Kremote: Compressing objects:  31% (165/531)   [Kremote: Compressing objects:  32% (170/531)   [Kremote: Compressing objects:  33% (176/531)   [Kremote: Compressing objects:  34% (181/531)   [Kremote: Compressing objects:  35% (186/531)   [Kremote: Compressing objects:  36% (192/531)   [Kremote: Compressing objects:  37% (197/531)   [Kremote: Compressing objects:  38% (202/531)   [Kremote: Compressing objects:  39% (208/531)   [Kremote: Compressing objects:  40% (213/531)   [Kremote: Compressing objects:  41% (218/531)   [Kremote: Compressing objects:  42% (224/531)   [Kremote: Compressing objects:  43% (229/531)   [Kremote: Compressing objects:  44% (234/531)   [Kremote: Compressing objects:  45% (239/531)   [Kremote: Compressing objects:  46% (245/531)   [Kremote: Compressing objects:  47% (250/531)   [Kremote: Compressing objects:  48% (255/531)   [Kremote: Compressing objects:  49% (261/531)   [Kremote: Compressing objects:  50% (266/531)   [Kremote: Compressing objects:  51% (271/531)   [Kremote: Compressing objects:  52% (277/531)   [Kremote: Compressing objects:  53% (282/531)   [Kremote: Compressing objects:  54% (287/531)   [Kremote: Compressing objects:  55% (293/531)   [Kremote: Compressing objects:  56% (298/531)   [Kremote: Compressing objects:  57% (303/531)   [Kremote: Compressing objects:  58% (308/531)   [Kremote: Compressing objects:  59% (314/531)   [Kremote: Compressing objects:  60% (319/531)   [Kremote: Compressing objects:  61% (324/531)   [Kremote: Compressing objects:  62% (330/531)   [Kremote: Compressing objects:  63% (335/531)   [Kremote: Compressing objects:  64% (340/531)   [Kremote: Compressing objects:  65% (346/531)   [Kremote: Compressing objects:  66% (351/531)   [Kremote: Compressing objects:  67% (356/531)   [Kremote: Compressing objects:  68% (362/531)   [Kremote: Compressing objects:  69% (367/531)   [Kremote: Compressing objects:  70% (372/531)   [Kremote: Compressing objects:  71% (378/531)   [Kremote: Compressing objects:  72% (383/531)   [Kremote: Compressing objects:  73% (388/531)   [Kremote: Compressing objects:  74% (393/531)   [Kremote: Compressing objects:  75% (399/531)   [Kremote: Compressing objects:  76% (404/531)   [Kremote: Compressing objects:  77% (409/531)   [Kremote: Compressing objects:  78% (415/531)   [Kremote: Compressing objects:  79% (420/531)   [Kremote: Compressing objects:  80% (425/531)   [Kremote: Compressing objects:  81% (431/531)   [Kremote: Compressing objects:  82% (436/531)   [Kremote: Compressing objects:  83% (441/531)   [Kremote: Compressing objects:  84% (447/531)   [Kremote: Compressing objects:  85% (452/531)   [Kremote: Compressing objects:  86% (457/531)   [Kremote: Compressing objects:  87% (462/531)   [Kremote: Compressing objects:  88% (468/531)   [Kremote: Compressing objects:  89% (473/531)   [Kremote: Compressing objects:  90% (478/531)   [Kremote: Compressing objects:  91% (484/531)   [Kremote: Compressing objects:  92% (489/531)   [Kremote: Compressing objects:  93% (494/531)   [Kremote: Compressing objects:  94% (500/531)   [Kremote: Compressing objects:  95% (505/531)   [Kremote: Compressing objects:  96% (510/531)   [Kremote: Compressing objects:  97% (516/531)   [Kremote: Compressing objects:  98% (521/531)   [Kremote: Compressing objects:  99% (526/531)   [Kremote: Compressing objects: 100% (531/531)   [Kremote: Compressing objects: 100% (531/531), done.[K
Receiving objects:   0% (1/775)   Receiving objects:   1% (8/775)   Receiving objects:   2% (16/775)   Receiving objects:   3% (24/775)   Receiving objects:   4% (31/775)   Receiving objects:   5% (39/775)   Receiving objects:   6% (47/775)   Receiving objects:   7% (55/775)   Receiving objects:   8% (62/775)   Receiving objects:   9% (70/775)   Receiving objects:  10% (78/775)   Receiving objects:  11% (86/775)   Receiving objects:  12% (93/775)   Receiving objects:  13% (101/775)   Receiving objects:  14% (109/775)   Receiving objects:  15% (117/775)   Receiving objects:  16% (124/775)   Receiving objects:  17% (132/775)   Receiving objects:  18% (140/775)   Receiving objects:  19% (148/775)   Receiving objects:  20% (155/775)   Receiving objects:  21% (163/775)   Receiving objects:  22% (171/775)   Receiving objects:  23% (179/775)   Receiving objects:  24% (186/775)   Receiving objects:  25% (194/775)   Receiving objects:  26% (202/775)   Receiving objects:  27% (210/775)   Receiving objects:  28% (217/775)   Receiving objects:  29% (225/775)   Receiving objects:  30% (233/775)   Receiving objects:  31% (241/775)   Receiving objects:  32% (248/775)   Receiving objects:  33% (256/775)   Receiving objects:  34% (264/775)   Receiving objects:  35% (272/775)   Receiving objects:  36% (279/775)   Receiving objects:  37% (287/775)   Receiving objects:  38% (295/775)   Receiving objects:  39% (303/775)   Receiving objects:  40% (310/775)   Receiving objects:  41% (318/775)   Receiving objects:  42% (326/775)   Receiving objects:  43% (334/775)   Receiving objects:  44% (341/775)   Receiving objects:  45% (349/775)   Receiving objects:  46% (357/775)   Receiving objects:  47% (365/775)   Receiving objects:  48% (372/775)   Receiving objects:  49% (380/775)   Receiving objects:  50% (388/775)   Receiving objects:  51% (396/775)   Receiving objects:  52% (403/775)   Receiving objects:  53% (411/775)   Receiving objects:  54% (419/775)   Receiving objects:  55% (427/775)   Receiving objects:  56% (434/775)   Receiving objects:  57% (442/775)   Receiving objects:  58% (450/775)   Receiving objects:  59% (458/775)   Receiving objects:  60% (465/775)   Receiving objects:  61% (473/775)   Receiving objects:  62% (481/775)   Receiving objects:  63% (489/775)   Receiving objects:  64% (496/775)   Receiving objects:  65% (504/775)   Receiving objects:  66% (512/775)   Receiving objects:  67% (520/775)   Receiving objects:  68% (527/775)   Receiving objects:  69% (535/775)   Receiving objects:  70% (543/775)   Receiving objects:  71% (551/775)   Receiving objects:  72% (558/775)   Receiving objects:  73% (566/775)   Receiving objects:  74% (574/775)   Receiving objects:  75% (582/775)   Receiving objects:  76% (589/775)   Receiving objects:  77% (597/775)   Receiving objects:  78% (605/775)   Receiving objects:  79% (613/775)   Receiving objects:  80% (620/775)   Receiving objects:  81% (628/775)   Receiving objects:  82% (636/775)   Receiving objects:  83% (644/775)   Receiving objects:  84% (651/775)   Receiving objects:  85% (659/775)   Receiving objects:  86% (667/775)   Receiving objects:  87% (675/775)   Receiving objects:  88% (682/775)   Receiving objects:  89% (690/775)   Receiving objects:  90% (698/775)   Receiving objects:  91% (706/775)   remote: Total 775 (delta 323), reused 411 (delta 229), pack-reused 0[K
Receiving objects:  92% (713/775)   Receiving objects:  93% (721/775)   Receiving objects:  94% (729/775)   Receiving objects:  95% (737/775)   Receiving objects:  96% (744/775)   Receiving objects:  97% (752/775)   Receiving objects:  98% (760/775)   Receiving objects:  99% (768/775)   Receiving objects: 100% (775/775)   Receiving objects: 100% (775/775), 1.16 MiB | 11.14 MiB/s, done.
Resolving deltas:   0% (0/323)   Resolving deltas:   4% (14/323)   Resolving deltas:   6% (20/323)   Resolving deltas:   7% (24/323)   Resolving deltas:   8% (27/323)   Resolving deltas:  10% (33/323)   Resolving deltas:  11% (37/323)   Resolving deltas:  21% (71/323)   Resolving deltas:  24% (79/323)   Resolving deltas:  25% (83/323)   Resolving deltas:  26% (85/323)   Resolving deltas:  27% (88/323)   Resolving deltas:  28% (93/323)   Resolving deltas:  29% (94/323)   Resolving deltas:  33% (108/323)   Resolving deltas:  34% (112/323)   Resolving deltas:  35% (114/323)   Resolving deltas:  36% (119/323)   Resolving deltas:  37% (121/323)   Resolving deltas:  38% (125/323)   Resolving deltas:  39% (126/323)   Resolving deltas:  40% (131/323)   Resolving deltas:  41% (135/323)   Resolving deltas:  47% (152/323)   Resolving deltas:  49% (161/323)   Resolving deltas:  50% (162/323)   Resolving deltas:  52% (170/323)   Resolving deltas:  53% (172/323)   Resolving deltas:  54% (175/323)   Resolving deltas:  55% (178/323)   Resolving deltas:  56% (182/323)   Resolving deltas:  57% (185/323)   Resolving deltas:  58% (188/323)   Resolving deltas:  60% (195/323)   Resolving deltas:  61% (198/323)   Resolving deltas:  62% (202/323)   Resolving deltas:  63% (204/323)   Resolving deltas:  70% (229/323)   Resolving deltas:  78% (255/323)   Resolving deltas:  79% (256/323)   Resolving deltas:  80% (259/323)   Resolving deltas:  81% (262/323)   Resolving deltas:  82% (267/323)   Resolving deltas:  83% (271/323)   Resolving deltas:  84% (272/323)   Resolving deltas:  85% (275/323)   Resolving deltas:  86% (278/323)   Resolving deltas:  87% (282/323)   Resolving deltas:  88% (285/323)   Resolving deltas:  89% (288/323)   Resolving deltas:  90% (291/323)   Resolving deltas:  91% (295/323)   Resolving deltas:  92% (299/323)   Resolving deltas:  93% (301/323)   Resolving deltas:  94% (304/323)   Resolving deltas:  95% (307/323)   Resolving deltas:  96% (312/323)   Resolving deltas:  97% (315/323)   Resolving deltas:  98% (317/323)   Resolving deltas: 100% (323/323)   Resolving deltas: 100% (323/323), done.

travis_time:end:11b375e0:start=1511470289453804675,finish=1511470290768438144,duration=1314633469[0K$ cd python/mypy
travis_time:start:123a0536[0K$ git fetch origin +refs/pull/3973/merge:
remote: Counting objects: 38564, done.[K
remote: Compressing objects:   0% (1/10321)   [Kremote: Compressing objects:   1% (104/10321)   [Kremote: Compressing objects:   2% (207/10321)   [Kremote: Compressing objects:   3% (310/10321)   [Kremote: Compressing objects:   4% (413/10321)   [Kremote: Compressing objects:   5% (517/10321)   [Kremote: Compressing objects:   6% (620/10321)   [Kremote: Compressing objects:   7% (723/10321)   [Kremote: Compressing objects:   8% (826/10321)   [Kremote: Compressing objects:   9% (929/10321)   [Kremote: Compressing objects:  10% (1033/10321)   [Kremote: Compressing objects:  11% (1136/10321)   [Kremote: Compressing objects:  12% (1239/10321)   [Kremote: Compressing objects:  13% (1342/10321)   [Kremote: Compressing objects:  14% (1445/10321)   [Kremote: Compressing objects:  15% (1549/10321)   [Kremote: Compressing objects:  16% (1652/10321)   [Kremote: Compressing objects:  17% (1755/10321)   [Kremote: Compressing objects:  18% (1858/10321)   [Kremote: Compressing objects:  19% (1961/10321)   [Kremote: Compressing objects:  20% (2065/10321)   [Kremote: Compressing objects:  21% (2168/10321)   [Kremote: Compressing objects:  22% (2271/10321)   [Kremote: Compressing objects:  23% (2374/10321)   [Kremote: Compressing objects:  24% (2478/10321)   [Kremote: Compressing objects:  25% (2581/10321)   [Kremote: Compressing objects:  26% (2684/10321)   remote: Compressing objects:  27% (2787/10321)   [Kremote: Compressing objects:  28% (2890/10321)   [Kremote: Compressing objects:  29% (2994/10321)   [Kremote: Compressing objects:  30% (3097/10321)   [Kremote: Compressing objects:  31% (3200/10321)   [Kremote: Compressing objects:  32% (3303/10321)   [Kremote: Compressing objects:  33% (3406/10321)   [Kremote: Compressing objects:  34% (3510/10321)   [Kremote: Compressing objects:  35% (3613/10321)   [Kremote: Compressing objects:  36% (3716/10321)   [Kremote: Compressing objects:  37% (3819/10321)   [Kremote: Compressing objects:  38% (3922/10321)   [Kremote: Compressing objects:  39% (4026/10321)   [Kremote: Compressing objects:  40% (4129/10321)   [Kremote: Compressing objects:  41% (4232/10321)   [Kremote: Compressing objects:  42% (4335/10321)   [Kremote: Compressing objects:  43% (4439/10321)   [Kremote: Compressing objects:  44% (4542/10321)   [Kremote: Compressing objects:  45% (4645/10321)   [Kremote: Compressing objects:  46% (4748/10321)   [Kremote: Compressing objects:  47% (4851/10321)   [Kremote: Compressing objects:  48% (4955/10321)   [Kremote: Compressing objects:  49% (5058/10321)   [Kremote: Compressing objects:  50% (5161/10321)   [Kremote: Compressing objects:  51% (5264/10321)   [Kremote: Compressing objects:  52% (5367/10321)   [Kremote: Compressing objects:  53% (5471/10321)   [Kremote: Compressing objects:  54% (5574/10321)   [Kremote: Compressing objects:  55% (5677/10321)   [Kremote: Compressing objects:  56% (5780/10321)   [Kremote: Compressing objects:  57% (5883/10321)   [Kremote: Compressing objects:  58% (5987/10321)   [Kremote: Compressing objects:  59% (6090/10321)   [Kremote: Compressing objects:  60% (6193/10321)   [Kremote: Compressing objects:  61% (6296/10321)   [Kremote: Compressing objects:  62% (6400/10321)   [Kremote: Compressing objects:  63% (6503/10321)   [Kremote: Compressing objects:  64% (6606/10321)   [Kremote: Compressing objects:  65% (6709/10321)   [Kremote: Compressing objects:  66% (6812/10321)   [Kremote: Compressing objects:  67% (6916/10321)   [Kremote: Compressing objects:  68% (7019/10321)   [Kremote: Compressing objects:  69% (7122/10321)   [Kremote: Compressing objects:  70% (7225/10321)   [Kremote: Compressing objects:  71% (7328/10321)   [Kremote: Compressing objects:  72% (7432/10321)   [Kremote: Compressing objects:  73% (7535/10321)   [Kremote: Compressing objects:  74% (7638/10321)   [Kremote: Compressing objects:  75% (7741/10321)   [Kremote: Compressing objects:  76% (7844/10321)   [Kremote: Compressing objects:  77% (7948/10321)   [Kremote: Compressing objects:  78% (8051/10321)   [Kremote: Compressing objects:  79% (8154/10321)   [Kremote: Compressing objects:  80% (8257/10321)   [Kremote: Compressing objects:  81% (8361/10321)   [Kremote: Compressing objects:  82% (8464/10321)   [Kremote: Compressing objects:  83% (8567/10321)   [Kremote: Compressing objects:  84% (8670/10321)   [Kremote: Compressing objects:  85% (8773/10321)   [Kremote: Compressing objects:  86% (8877/10321)   [Kremote: Compressing objects:  87% (8980/10321)   [Kremote: Compressing objects:  88% (9083/10321)   [Kremote: Compressing objects:  89% (9186/10321)   [Kremote: Compressing objects:  90% (9289/10321)   [Kremote: Compressing objects:  91% (9393/10321)   [Kremote: Compressing objects:  92% (9496/10321)   [Kremote: Compressing objects:  93% (9599/10321)   [Kremote: Compressing objects:  94% (9702/10321)   [Kremote: Compressing objects:  95% (9805/10321)   [Kremote: Compressing objects:  96% (9909/10321)   [Kremote: Compressing objects:  97% (10012/10321)   [Kremote: Compressing objects:  98% (10115/10321)   [Kremote: Compressing objects:  99% (10218/10321)   [Kremote: Compressing objects: 100% (10321/10321)   [Kremote: Compressing objects: 100% (10321/10321), done.[K
Receiving objects:   0% (1/38564)   Receiving objects:   1% (386/38564)   Receiving objects:   2% (772/38564)   Receiving objects:   3% (1157/38564)   Receiving objects:   4% (1543/38564)   Receiving objects:   5% (1929/38564)   Receiving objects:   6% (2314/38564)   Receiving objects:   7% (2700/38564)   Receiving objects:   8% (3086/38564)   Receiving objects:   9% (3471/38564)   Receiving objects:  10% (3857/38564)   Receiving objects:  11% (4243/38564)   Receiving objects:  12% (4628/38564)   Receiving objects:  13% (5014/38564)   Receiving objects:  14% (5399/38564)   Receiving objects:  15% (5785/38564)   Receiving objects:  16% (6171/38564)   Receiving objects:  17% (6556/38564)   Receiving objects:  18% (6942/38564)   Receiving objects:  19% (7328/38564)   Receiving objects:  20% (7713/38564)   Receiving objects:  21% (8099/38564)   Receiving objects:  22% (8485/38564)   Receiving objects:  23% (8870/38564)   Receiving objects:  24% (9256/38564)   Receiving objects:  25% (9641/38564)   Receiving objects:  26% (10027/38564)   Receiving objects:  27% (10413/38564)   Receiving objects:  28% (10798/38564)   Receiving objects:  29% (11184/38564)   Receiving objects:  30% (11570/38564)   Receiving objects:  31% (11955/38564)   Receiving objects:  32% (12341/38564)   Receiving objects:  33% (12727/38564)   Receiving objects:  34% (13112/38564)   Receiving objects:  35% (13498/38564)   Receiving objects:  36% (13884/38564)   Receiving objects:  37% (14269/38564), 12.04 MiB | 24.06 MiB/s   Receiving objects:  38% (14655/38564), 12.04 MiB | 24.06 MiB/s   Receiving objects:  39% (15040/38564), 12.04 MiB | 24.06 MiB/s   Receiving objects:  40% (15426/38564), 12.04 MiB | 24.06 MiB/s   Receiving objects:  41% (15812/38564), 12.04 MiB | 24.06 MiB/s   Receiving objects:  42% (16197/38564), 12.04 MiB | 24.06 MiB/s   Receiving objects:  43% (16583/38564), 12.04 MiB | 24.06 MiB/s   Receiving objects:  44% (16969/38564), 12.04 MiB | 24.06 MiB/s   Receiving objects:  45% (17354/38564), 12.04 MiB | 24.06 MiB/s   Receiving objects:  46% (17740/38564), 12.04 MiB | 24.06 MiB/s   Receiving objects:  47% (18126/38564), 12.04 MiB | 24.06 MiB/s   Receiving objects:  48% (18511/38564), 12.04 MiB | 24.06 MiB/s   Receiving objects:  49% (18897/38564), 12.04 MiB | 24.06 MiB/s   Receiving objects:  50% (19282/38564), 12.04 MiB | 24.06 MiB/s   Receiving objects:  51% (19668/38564), 12.04 MiB | 24.06 MiB/s   Receiving objects:  52% (20054/38564), 12.04 MiB | 24.06 MiB/s   Receiving objects:  53% (20439/38564), 12.04 MiB | 24.06 MiB/s   Receiving objects:  54% (20825/38564), 12.04 MiB | 24.06 MiB/s   Receiving objects:  55% (21211/38564), 12.04 MiB | 24.06 MiB/s   Receiving objects:  56% (21596/38564), 12.04 MiB | 24.06 MiB/s   Receiving objects:  57% (21982/38564), 12.04 MiB | 24.06 MiB/s   Receiving objects:  58% (22368/38564), 12.04 MiB | 24.06 MiB/s   Receiving objects:  59% (22753/38564), 12.04 MiB | 24.06 MiB/s   Receiving objects:  60% (23139/38564), 12.04 MiB | 24.06 MiB/s   Receiving objects:  61% (23525/38564), 12.04 MiB | 24.06 MiB/s   Receiving objects:  62% (23910/38564), 12.04 MiB | 24.06 MiB/s   Receiving objects:  63% (24296/38564), 12.04 MiB | 24.06 MiB/s   Receiving objects:  64% (24681/38564), 12.04 MiB | 24.06 MiB/s   Receiving objects:  65% (25067/38564), 12.04 MiB | 24.06 MiB/s   Receiving objects:  66% (25453/38564), 12.04 MiB | 24.06 MiB/s   Receiving objects:  67% (25838/38564), 12.04 MiB | 24.06 MiB/s   Receiving objects:  68% (26224/38564), 12.04 MiB | 24.06 MiB/s   Receiving objects:  69% (26610/38564), 12.04 MiB | 24.06 MiB/s   Receiving objects:  70% (26995/38564), 12.04 MiB | 24.06 MiB/s   Receiving objects:  71% (27381/38564), 12.04 MiB | 24.06 MiB/s   Receiving objects:  72% (27767/38564), 12.04 MiB | 24.06 MiB/s   Receiving objects:  73% (28152/38564), 12.04 MiB | 24.06 MiB/s   Receiving objects:  74% (28538/38564), 12.04 MiB | 24.06 MiB/s   Receiving objects:  75% (28923/38564), 12.04 MiB | 24.06 MiB/s   Receiving objects:  76% (29309/38564), 12.04 MiB | 24.06 MiB/s   Receiving objects:  77% (29695/38564), 12.04 MiB | 24.06 MiB/s   Receiving objects:  78% (30080/38564), 12.04 MiB | 24.06 MiB/s   Receiving objects:  79% (30466/38564), 12.04 MiB | 24.06 MiB/s   Receiving objects:  80% (30852/38564), 12.04 MiB | 24.06 MiB/s   Receiving objects:  81% (31237/38564), 12.04 MiB | 24.06 MiB/s   Receiving objects:  82% (31623/38564), 12.04 MiB | 24.06 MiB/s   Receiving objects:  83% (32009/38564), 12.04 MiB | 24.06 MiB/s   Receiving objects:  84% (32394/38564), 12.04 MiB | 24.06 MiB/s   Receiving objects:  85% (32780/38564), 12.04 MiB | 24.06 MiB/s   Receiving objects:  86% (33166/38564), 12.04 MiB | 24.06 MiB/s   Receiving objects:  87% (33551/38564), 12.04 MiB | 24.06 MiB/s   Receiving objects:  88% (33937/38564), 12.04 MiB | 24.06 MiB/s   Receiving objects:  89% (34322/38564), 12.04 MiB | 24.06 MiB/s   Receiving objects:  90% (34708/38564), 12.04 MiB | 24.06 MiB/s   Receiving objects:  91% (35094/38564), 12.04 MiB | 24.06 MiB/s   Receiving objects:  92% (35479/38564), 12.04 MiB | 24.06 MiB/s   Receiving objects:  93% (35865/38564), 12.04 MiB | 24.06 MiB/s   Receiving objects:  94% (36251/38564), 12.04 MiB | 24.06 MiB/s   Receiving objects:  95% (36636/38564), 12.04 MiB | 24.06 MiB/s   Receiving objects:  96% (37022/38564), 12.04 MiB | 24.06 MiB/s   Receiving objects:  97% (37408/38564), 12.04 MiB | 24.06 MiB/s   Receiving objects:  98% (37793/38564), 12.04 MiB | 24.06 MiB/s   Receiving objects:  99% (38179/38564), 12.04 MiB | 24.06 MiB/s   remote: Total 38564 (delta 28017), reused 37697 (delta 27156), pack-reused 0[K
Receiving objects: 100% (38564/38564), 12.04 MiB | 24.06 MiB/s   Receiving objects: 100% (38564/38564), 21.18 MiB | 24.31 MiB/s, done.
Resolving deltas:   0% (0/28017)   Resolving deltas:   1% (285/28017)   Resolving deltas:   2% (598/28017)   Resolving deltas:   3% (863/28017)   Resolving deltas:   4% (1121/28017)   Resolving deltas:   5% (1449/28017)   Resolving deltas:   6% (1690/28017)   Resolving deltas:   7% (2001/28017)   Resolving deltas:   8% (2244/28017)   Resolving deltas:   9% (2532/28017)   Resolving deltas:  10% (2802/28017)   Resolving deltas:  11% (3110/28017)   Resolving deltas:  12% (3367/28017)   Resolving deltas:  13% (3822/28017)   Resolving deltas:  14% (3969/28017)   Resolving deltas:  15% (4213/28017)   Resolving deltas:  16% (4716/28017)   Resolving deltas:  17% (4844/28017)   Resolving deltas:  18% (5054/28017)   Resolving deltas:  19% (5342/28017)   Resolving deltas:  20% (5604/28017)   Resolving deltas:  21% (5899/28017)   Resolving deltas:  22% (6171/28017)   Resolving deltas:  23% (6586/28017)   Resolving deltas:  24% (6898/28017)   Resolving deltas:  25% (7074/28017)   Resolving deltas:  26% (7421/28017)   Resolving deltas:  27% (7624/28017)   Resolving deltas:  28% (7912/28017)   Resolving deltas:  29% (8337/28017)   Resolving deltas:  30% (8414/28017)   Resolving deltas:  31% (8924/28017)   Resolving deltas:  32% (9079/28017)   Resolving deltas:  33% (9365/28017)   Resolving deltas:  34% (9558/28017)   Resolving deltas:  35% (9814/28017)   Resolving deltas:  36% (10198/28017)   Resolving deltas:  37% (10477/28017)   Resolving deltas:  38% (10647/28017)   Resolving deltas:  40% (11339/28017)   Resolving deltas:  41% (11537/28017)   Resolving deltas:  42% (11897/28017)   Resolving deltas:  43% (12079/28017)   Resolving deltas:  44% (12366/28017)   Resolving deltas:  45% (12627/28017)   Resolving deltas:  46% (12961/28017)   Resolving deltas:  47% (13187/28017)   Resolving deltas:  48% (13480/28017)   Resolving deltas:  49% (13887/28017)   Resolving deltas:  50% (14034/28017)   Resolving deltas:  51% (14295/28017)   Resolving deltas:  52% (14641/28017)   Resolving deltas:  53% (14880/28017)   Resolving deltas:  54% (15136/28017)   Resolving deltas:  55% (15411/28017)   Resolving deltas:  56% (15695/28017)   Resolving deltas:  57% (15971/28017)   Resolving deltas:  58% (16277/28017)   Resolving deltas:  59% (16553/28017)   Resolving deltas:  60% (16817/28017)   Resolving deltas:  61% (17099/28017)   Resolving deltas:  62% (17374/28017)   Resolving deltas:  63% (17652/28017)   Resolving deltas:  64% (17947/28017)   Resolving deltas:  65% (18212/28017)   Resolving deltas:  66% (18492/28017)   Resolving deltas:  67% (18772/28017)   Resolving deltas:  68% (19053/28017)   Resolving deltas:  69% (19332/28017)   Resolving deltas:  70% (19613/28017)   Resolving deltas:  71% (19932/28017)   Resolving deltas:  72% (20174/28017)   Resolving deltas:  73% (20461/28017)   Resolving deltas:  74% (20927/28017)   Resolving deltas:  75% (21021/28017)   Resolving deltas:  76% (21374/28017)   Resolving deltas:  77% (21623/28017)   Resolving deltas:  78% (21927/28017)   Resolving deltas:  79% (22219/28017)   Resolving deltas:  81% (22763/28017)   Resolving deltas:  82% (23037/28017)   Resolving deltas:  83% (23301/28017)   Resolving deltas:  84% (23685/28017)   Resolving deltas:  85% (23859/28017)   Resolving deltas:  85% (23914/28017)   Resolving deltas:  86% (24164/28017)   Resolving deltas:  87% (24408/28017)   Resolving deltas:  88% (24757/28017)   Resolving deltas:  89% (24960/28017)   Resolving deltas:  90% (25463/28017)   Resolving deltas:  91% (25534/28017)   Resolving deltas:  92% (25879/28017)   Resolving deltas:  93% (26078/28017)   Resolving deltas:  94% (26391/28017)   Resolving deltas:  95% (26619/28017)   Resolving deltas:  96% (26907/28017)   Resolving deltas:  97% (27178/28017)   Resolving deltas:  98% (27473/28017)   Resolving deltas:  99% (27740/28017)   Resolving deltas: 100% (28017/28017)   Resolving deltas: 100% (28017/28017), completed with 272 local objects.
From https://github.com/python/mypy
 * branch              refs/pull/3973/merge -> FETCH_HEAD

travis_time:end:123a0536:start=1511470290775130217,finish=1511470293466935361,duration=2691805144[0K$ git checkout -qf FETCH_HEAD
travis_fold:end:git.checkout[0Ktravis_fold:start:git.submodule[0Ktravis_time:start:1e4b0804[0K$ git submodule update --init --recursive
Submodule 'typeshed' (https://github.com/python/typeshed) registered for path 'typeshed'
Cloning into '/home/travis/build/python/mypy/typeshed'...
Submodule path 'typeshed': checked out 'ec2cb8e44fb924f32c5d925942c5818495400b57'

travis_time:end:1e4b0804:start=1511470293511840903,finish=1511470294650307157,duration=1138466254[0Ktravis_fold:end:git.submodule[0Ktravis_time:start:3069758a[0K$ source ~/virtualenv/python3.4/bin/activate

travis_time:end:3069758a:start=1511470301988665603,finish=1511470301996028840,duration=7363237[0Ktravis_fold:start:cache.1[0KSetting up build cache
$ export CASHER_DIR=$HOME/.casher
travis_time:start:058c5324[0K$ Installing caching utilities

travis_time:end:058c5324:start=1511470307412113234,finish=1511470307446474034,duration=34360800[0Ktravis_time:start:1d92fb9f[0K
travis_time:end:1d92fb9f:start=1511470307453025442,finish=1511470307457894237,duration=4868795[0Ktravis_time:start:08f113aa[0K[32;1mattempting to download cache archive[0m
[32;1mfetching PR.3973/cache-linux-trusty-e3b0c44298fc1c149afbf4c8996fb92427ae41e4649b934ca495991b7852b855--python-3.4.tgz[0m
[32;1mfound cache[0m

travis_time:end:08f113aa:start=1511470307463458558,finish=1511470312391841498,duration=4928382940[0Ktravis_fold:end:cache.1[0Ktravis_fold:start:cache.pip[0K
travis_time:start:079eabc5[0K
travis_time:end:079eabc5:start=1511470312398055390,finish=1511470312402822954,duration=4767564[0Ktravis_time:start:0de4b670[0K[32;1madding /home/travis/.cache/pip to cache[0m

travis_time:end:0de4b670:start=1511470312408485778,finish=1511470314552577960,duration=2144092182[0Ktravis_fold:end:cache.pip[0K$ python --version
Python 3.4.6
$ pip --version
pip 9.0.1 from /home/travis/virtualenv/python3.4.6/lib/python3.4/site-packages (python 3.4)
travis_fold:start:install.1[0Ktravis_time:start:1dd34fbb[0K$ pip install -U pip setuptools wheel
Requirement already up-to-date: pip in /home/travis/virtualenv/python3.4.6/lib/python3.4/site-packages
Collecting setuptools
  Downloading setuptools-37.0.0-py2.py3-none-any.whl (481kB)
[?25l[K    2% |‚ñä                               | 10kB 55.2MB/s eta 0:00:01[K    4% |‚ñà‚ñç                              | 20kB 44.1MB/s eta 0:00:01[K    6% |‚ñà‚ñà                              | 30kB 46.7MB/s eta 0:00:01[K    8% |‚ñà‚ñà‚ñä                             | 40kB 20.1MB/s eta 0:00:01[K    10% |‚ñà‚ñà‚ñà‚ñç                            | 51kB 16.7MB/s eta 0:00:01[K    12% |‚ñà‚ñà‚ñà‚ñà                            | 61kB 18.9MB/s eta 0:00:01[K    14% |‚ñà‚ñà‚ñà‚ñà‚ñä                           | 71kB 19.5MB/s eta 0:00:01[K    17% |‚ñà‚ñà‚ñà‚ñà‚ñà‚ñç                          | 81kB 15.8MB/s eta 0:00:01[K    19% |‚ñà‚ñà‚ñà‚ñà‚ñà‚ñà‚ñè                         | 92kB 17.3MB/s eta 0:00:01[K    21% |‚ñà‚ñà‚ñà‚ñà‚ñà‚ñà‚ñâ                         | 102kB 17.0MB/s eta 0:00:01[K    23% |‚ñà‚ñà‚ñà‚ñà‚ñà‚ñà‚ñà‚ñå                        | 112kB 17.0MB/s eta 0:00:01[K    25% |‚ñà‚ñà‚ñà‚ñà‚ñà‚ñà‚ñà‚ñà‚ñè                       | 122kB 15.9MB/s eta 0:00:01[K    27% |‚ñà‚ñà‚ñà‚ñà‚ñà‚ñà‚ñà‚ñà‚ñâ                       | 133kB 14.4MB/s eta 0:00:01[K    29% |‚ñà‚ñà‚ñà‚ñà‚ñà‚ñà‚ñà‚ñà‚ñà‚ñå                      | 143kB 17.1MB/s eta 0:00:01[K    31% |‚ñà‚ñà‚ñà‚ñà‚ñà‚ñà‚ñà‚ñà‚ñà‚ñà‚ñè                     | 153kB 19.0MB/s eta 0:00:01[K    34% |‚ñà‚ñà‚ñà‚ñà‚ñà‚ñà‚ñà‚ñà‚ñà‚ñà‚ñâ                     | 163kB 16.5MB/s eta 0:00:01[K    36% |‚ñà‚ñà‚ñà‚ñà‚ñà‚ñà‚ñà‚ñà‚ñà‚ñà‚ñà‚ñã                    | 174kB 16.9MB/s eta 0:00:01[K    38% |‚ñà‚ñà‚ñà‚ñà‚ñà‚ñà‚ñà‚ñà‚ñà‚ñà‚ñà‚ñà‚ñé                   | 184kB 20.1MB/s eta 0:00:01[K    40% |‚ñà‚ñà‚ñà‚ñà‚ñà‚ñà‚ñàÔøΩÔøΩÔøΩ‚ñà‚ñà‚ñà‚ñà‚ñà                   | 194kB 20.1MB/s eta 0:00:01[K    42% |‚ñà‚ñà‚ñà‚ñà‚ñà‚ñà‚ñà‚ñà‚ñà‚ñà‚ñà‚ñà‚ñà‚ñã                  | 204kB 20.7MB/s eta 0:00:01[K    44% |‚ñà‚ñà‚ñà‚ñà‚ñà‚ñà‚ñà‚ñà‚ñà‚ñà‚ñà‚ñà‚ñà‚ñà‚ñé                 | 215kB 18.2MB/s eta 0:00:01[K    46% |‚ñà‚ñà‚ñà‚ñà‚ñà‚ñà‚ñà‚ñà‚ñà‚ñà‚ñà‚ñà‚ñà‚ñà‚ñà                 | 225kB 19.8MB/s eta 0:00:01[K    48% |‚ñà‚ñà‚ñà‚ñà‚ñà‚ñà‚ñà‚ñà‚ñà‚ñà‚ñà‚ñà‚ñà‚ñà‚ñà‚ñã                | 235kB 21.0MB/s eta 0:00:01[K    51% |‚ñà‚ñà‚ñà‚ñà‚ñà‚ñà‚ñà‚ñà‚ñà‚ñà‚ñà‚ñà‚ñà‚ñà‚ñà‚ñà‚ñé               | 245kB 18.9MB/s eta 0:00:01[K    53% |‚ñà‚ñà‚ñà‚ñà‚ñà‚ñà‚ñà‚ñà‚ñà‚ñà‚ñà‚ñà‚ñà‚ñà‚ñà‚ñà‚ñà               | 256kB 19.8MB/s eta 0:00:01[K    55% |‚ñà‚ñà‚ñà‚ñà‚ñà‚ñà‚ñà‚ñà‚ñà‚ñà‚ñà‚ñà‚ñà‚ñà‚ñà‚ñà‚ñà‚ñä              | 266kB 22.6MB/s eta 0:00:01[K    57% |‚ñà‚ñà‚ñà‚ñà‚ñà‚ñà‚ñà‚ñà‚ñà‚ñà‚ñà‚ñà‚ñà‚ñà‚ñà‚ñà‚ñà‚ñà‚ñç             | 276kB 23.0MB/s eta 0:00:01[K    59% |‚ñà‚ñà‚ñà‚ñà‚ñà‚ñà‚ñà‚ñà‚ñà‚ñà‚ñà‚ñà‚ñà‚ñà‚ñà‚ñà‚ñà‚ñà‚ñà             | 286kB 24.6MB/s eta 0:00:01[K    61% |‚ñà‚ñà‚ñà‚ñà‚ñà‚ñà‚ñà‚ñà‚ñà‚ñà‚ñà‚ñà‚ñà‚ñà‚ñà‚ñà‚ñà‚ñà‚ñà‚ñä            | 296kB 22.6MB/s eta 0:00:01[K    63% |‚ñà‚ñà‚ñà‚ñà‚ñà‚ñà‚ñà‚ñà‚ñà‚ñà‚ñà‚ñà‚ñà‚ñà‚ñà‚ñà‚ñà‚ñà‚ñà‚ñà‚ñç           | 307kB 24.3MB/s eta 0:00:01[K    65% |‚ñà‚ñà‚ñà‚ñà‚ñà‚ñà‚ñà‚ñà‚ñà‚ñà‚ñà‚ñà‚ñà‚ñà‚ñà‚ñà‚ñà‚ñà‚ñà‚ñà‚ñà           | 317kB 28.3MB/s eta 0:00:01[K    68% |‚ñà‚ñà‚ñà‚ñà‚ñà‚ñà‚ñà‚ñà‚ñà‚ñà‚ñà‚ñà‚ñà‚ñà‚ñà‚ñà‚ñà‚ñà‚ñà‚ñà‚ñà‚ñä          | 327kB 25.2MB/s eta 0:00:01[K    70% |‚ñà‚ñà‚ñà‚ñà‚ñà‚ñà‚ñà‚ñà‚ñà‚ñà‚ñà‚ñà‚ñà‚ñà‚ñà‚ñà‚ñà‚ñà‚ñà‚ñà‚ñà‚ñà‚ñå         | 337kB 27.4MB/s eta 0:00:01[K    72% |‚ñà‚ñà‚ñà‚ñà‚ñà‚ñà‚ñà‚ñà‚ñà‚ñà‚ñà‚ñà‚ñàÔøΩÔøΩÔøΩ‚ñà‚ñà‚ñà‚ñà‚ñà‚ñà‚ñà‚ñà‚ñà‚ñè        | 348kB 28.7MB/s eta 0:00:01[K    74% |‚ñà‚ñà‚ñà‚ñà‚ñà‚ñà‚ñà‚ñà‚ñà‚ñà‚ñà‚ñà‚ñà‚ñà‚ñà‚ñà‚ñà‚ñà‚ñà‚ñà‚ñà‚ñà‚ñà‚ñâ        | 358kB 28.7MB/s eta 0:00:01[K    76% |‚ñà‚ñà‚ñà‚ñà‚ñà‚ñà‚ñà‚ñà‚ñà‚ñà‚ñà‚ñà‚ñà‚ñà‚ñà‚ñà‚ñà‚ñà‚ñà‚ñà‚ñà‚ñà‚ñà‚ñà‚ñå       | 368kB 28.4MB/s eta 0:00:01[K    78% |‚ñà‚ñà‚ñà‚ñà‚ñà‚ñà‚ñà‚ñà‚ñà‚ñà‚ñà‚ñà‚ñà‚ñà‚ñà‚ñà‚ñà‚ñà‚ñà‚ñà‚ñà‚ñà‚ñà‚ñà‚ñà‚ñè      | 378kB 27.9MB/s eta 0:00:01[K    80% |‚ñà‚ñà‚ñà‚ñà‚ñà‚ñà‚ñà‚ñà‚ñà‚ñà‚ñà‚ñà‚ñà‚ñà‚ñà‚ñà‚ñà‚ñà‚ñà‚ñà‚ñà‚ñà‚ñà‚ñà‚ñà‚ñâ      | 389kB 28.1MB/s eta 0:00:01[K    82% |‚ñà‚ñà‚ñà‚ñà‚ñà‚ñà‚ñà‚ñà‚ñà‚ñà‚ñà‚ñà‚ñà‚ñà‚ñà‚ñà‚ñà‚ñà‚ñà‚ñà‚ñà‚ñà‚ñà‚ñà‚ñà‚ñà‚ñå     | 399kB 30.5MB/s eta 0:00:01[K    85% |‚ñà‚ñà‚ñà‚ñà‚ñà‚ñà‚ñà‚ñà‚ñà‚ñà‚ñà‚ñà‚ñà‚ñà‚ñà‚ñà‚ñà‚ñà‚ñà‚ñà‚ñà‚ñà‚ñà‚ñà‚ñà‚ñà‚ñà‚ñè    | 409kB 26.9MB/s eta 0:00:01[K    87% |‚ñà‚ñà‚ñà‚ñà‚ñà‚ñà‚ñà‚ñà‚ñà‚ñà‚ñà‚ñà‚ñà‚ñà‚ñà‚ñà‚ñà‚ñà‚ñà‚ñà‚ñà‚ñà‚ñà‚ñà‚ñà‚ñà‚ñà‚ñà    | 419kB 27.2MB/s eta 0:00:01[K    89% |‚ñà‚ñà‚ñà‚ñà‚ñà‚ñà‚ñà‚ñà‚ñà‚ñà‚ñà‚ñà‚ñà‚ñà‚ñà‚ñà‚ñà‚ñà‚ñà‚ñà‚ñà‚ñà‚ñà‚ñà‚ñà‚ñà‚ñà‚ñà‚ñã   | 430kB 30.7MB/s eta 0:00:01[K    91% |‚ñà‚ñà‚ñà‚ñà‚ñà‚ñà‚ñà‚ñà‚ñà‚ñà‚ñà‚ñà‚ñà‚ñà‚ñà‚ñà‚ñà‚ñà‚ñà‚ñà‚ñà‚ñà‚ñà‚ñà‚ñà‚ñà‚ñà‚ñà‚ñà‚ñé  | 440kB 30.8MB/s eta 0:00:01[K    93% |‚ñà‚ñà‚ñà‚ñà‚ñà‚ñà‚ñà‚ñà‚ñà‚ñà‚ñà‚ñà‚ñà‚ñà‚ñà‚ñà‚ñà‚ñà‚ñà‚ñà‚ñà‚ñà‚ñà‚ñà‚ñà‚ñà‚ñà‚ñà‚ñà‚ñà  | 450kB 34.6MB/s eta 0:00:01[K    95% |‚ñà‚ñà‚ñà‚ñà‚ñà‚ñà‚ñà‚ñà‚ñà‚ñà‚ñà‚ñà‚ñà‚ñà‚ñà‚ñà‚ñà‚ñà‚ñà‚ñà‚ñà‚ñà‚ñà‚ñà‚ñà‚ñà‚ñà‚ñà‚ñà‚ñà‚ñã | 460kB 33.2MB/s eta 0:00:01[K    97% |‚ñà‚ñà‚ñà‚ñà‚ñà‚ñà‚ñà‚ñà‚ñà‚ñà‚ñà‚ñà‚ñà‚ñà‚ñà‚ñà‚ñà‚ñà‚ñà‚ñà‚ñà‚ñà‚ñà‚ñà‚ñà‚ñà‚ñà‚ñà‚ñà‚ñà‚ñà‚ñé| 471kB 35.4MB/s eta 0:00:01[K    99% |‚ñà‚ñà‚ñà‚ñà‚ñà‚ñà‚ñà‚ñàÔøΩÔøΩÔøΩ‚ñà‚ñà‚ñà‚ñà‚ñà‚ñà‚ñà‚ñà‚ñà‚ñà‚ñà‚ñà‚ñà‚ñà‚ñà‚ñà‚ñà‚ñà‚ñà‚ñà‚ñà‚ñà‚ñà| 481kB 36.2MB/s eta 0:00:01[K    100% |‚ñà‚ñà‚ñà‚ñà‚ñà‚ñà‚ñà‚ñà‚ñà‚ñà‚ñà‚ñà‚ñà‚ñà‚ñà‚ñà‚ñà‚ñà‚ñà‚ñà‚ñà‚ñà‚ñà‚ñà‚ñà‚ñà‚ñà‚ñà‚ñà‚ñà‚ñà‚ñà| 491kB 3.0MB/s 
[?25hCollecting wheel
  Using cached wheel-0.30.0-py2.py3-none-any.whl
Installing collected packages: setuptools, wheel
  Found existing installation: setuptools 35.0.2
    Uninstalling setuptools-35.0.2:
      Successfully uninstalled setuptools-35.0.2
  Found existing installation: wheel 0.29.0
    Uninstalling wheel-0.29.0:
      Successfully uninstalled wheel-0.29.0
Successfully installed setuptools-37.0.0 wheel-0.30.0

travis_time:end:1dd34fbb:start=1511470314943156054,finish=1511470316928156716,duration=1985000662[0Ktravis_fold:end:install.1[0Ktravis_fold:start:install.2[0Ktravis_time:start:0d0c4bce[0K$ pip install -r test-requirements.txt
[33mIgnoring flake8-bugbear: markers 'python_version >= "3.5"' don't match your environment[0m
[33mIgnoring flake8-pyi: markers 'python_version >= "3.6"' don't match your environment[0m
Collecting flake8 (from -r test-requirements.txt (line 1))
  Using cached flake8-3.5.0-py2.py3-none-any.whl
Collecting lxml==4.0.0 (from -r test-requirements.txt (line 4))
  Using cached lxml-4.0.0-cp34-cp34m-manylinux1_x86_64.whl
Collecting psutil==5.4.0 (from -r test-requirements.txt (line 5))
Requirement already satisfied: pytest>=3.0 in /home/travis/virtualenv/python3.4.6/lib/python3.4/site-packages (from -r test-requirements.txt (line 6))
Collecting pytest-xdist>=1.18 (from -r test-requirements.txt (line 7))
  Using cached pytest_xdist-1.20.1-py2.py3-none-any.whl
Collecting pytest-cov>=2.4.0 (from -r test-requirements.txt (line 8))
  Using cached pytest_cov-2.5.1-py2.py3-none-any.whl
Collecting typed-ast<1.2.0,>=1.1.0 (from -r test-requirements.txt (line 9))
  Using cached typed_ast-1.1.0-cp34-cp34m-manylinux1_x86_64.whl
Collecting typing>=3.5.2 (from -r test-requirements.txt (line 10))
  Using cached typing-3.6.2-py3-none-any.whl
Collecting py>=1.5.2 (from -r test-requirements.txt (line 11))
  Downloading py-1.5.2-py2.py3-none-any.whl (88kB)
[?25l[K    11% |‚ñà‚ñà‚ñà‚ñä                            | 10kB 56.9MB/s eta 0:00:01[K    23% |‚ñà‚ñà‚ñà‚ñà‚ñà‚ñà‚ñà‚ñç                        | 20kB 45.5MB/s eta 0:00:01[K    34% |‚ñà‚ñà‚ñà‚ñà‚ñà‚ñà‚ñà‚ñà‚ñà‚ñà‚ñà‚ñè                    | 30kB 48.8MB/s eta 0:00:01[K    46% |‚ñà‚ñà‚ñà‚ñà‚ñà‚ñà‚ñà‚ñà‚ñà‚ñà‚ñà‚ñà‚ñà‚ñà‚ñâ                 | 40kB 43.7MB/s eta 0:00:01[K    57% |‚ñà‚ñà‚ñà‚ñà‚ñà‚ñà‚ñà‚ñà‚ñà‚ñà‚ñà‚ñà‚ñà‚ñà‚ñà‚ñà‚ñà‚ñà‚ñå             | 51kB 36.4MB/s eta 0:00:01[K    69% |‚ñà‚ñà‚ñà‚ñà‚ñà‚ñà‚ñà‚ñà‚ñà‚ñà‚ñà‚ñà‚ñà‚ñà‚ñà‚ñà‚ñà‚ñà‚ñà‚ñà‚ñà‚ñà‚ñé         | 61kB 38.8MB/s eta 0:00:01[K    81% |‚ñà‚ñà‚ñà‚ñà‚ñà‚ñà‚ñà‚ñà‚ñà‚ñà‚ñà‚ñà‚ñà‚ñà‚ñà‚ñà‚ñà‚ñà‚ñà‚ñà‚ñà‚ñà‚ñà‚ñà‚ñà‚ñà      | 71kB 32.6MB/s eta 0:00:01[K    92% |‚ñà‚ñà‚ñà‚ñà‚ñà‚ñà‚ñà‚ñà‚ñà‚ñà‚ñà‚ñà‚ñà‚ñà‚ñà‚ñà‚ñà‚ñà‚ñà‚ñà‚ñà‚ñà‚ñà‚ñà‚ñà‚ñà‚ñà‚ñà‚ñà‚ñã  | 81kB 33.8MB/s eta 0:00:01[K    100% |‚ñà‚ñà‚ñà‚ñà‚ñà‚ñà‚ñà‚ñà‚ñà‚ñà‚ñà‚ñà‚ñà‚ñà‚ñà‚ñà‚ñà‚ñà‚ñà‚ñà‚ñà‚ñà‚ñà‚ñà‚ñà‚ñà‚ñà‚ñà‚ñà‚ñà‚ñà‚ñà| 92kB 10.6MB/s 
[?25hCollecting mccabe<0.7.0,>=0.6.0 (from flake8->-r test-requirements.txt (line 1))
  Using cached mccabe-0.6.1-py2.py3-none-any.whl
Collecting pyflakes<1.7.0,>=1.5.0 (from flake8->-r test-requirements.txt (line 1))
  Using cached pyflakes-1.6.0-py2.py3-none-any.whl
Collecting pycodestyle<2.4.0,>=2.0.0 (from flake8->-r test-requirements.txt (line 1))
  Using cached pycodestyle-2.3.1-py2.py3-none-any.whl
Requirement already satisfied: setuptools in /home/travis/virtualenv/python3.4.6/lib/python3.4/site-packages (from pytest>=3.0->-r test-requirements.txt (line 6))
Collecting execnet>=1.1 (from pytest-xdist>=1.18->-r test-requirements.txt (line 7))
  Using cached execnet-1.5.0-py2.py3-none-any.whl
Collecting pytest-forked (from pytest-xdist>=1.18->-r test-requirements.txt (line 7))
  Using cached pytest_forked-0.2-py2.py3-none-any.whl
Collecting coverage>=3.7.1 (from pytest-cov>=2.4.0->-r test-requirements.txt (line 8))
  Using cached coverage-4.4.2-cp34-cp34m-manylinux1_x86_64.whl
Collecting apipkg>=1.4 (from execnet>=1.1->pytest-xdist>=1.18->-r test-requirements.txt (line 7))
  Using cached apipkg-1.4-py2.py3-none-any.whl
Installing collected packages: mccabe, pyflakes, pycodestyle, flake8, lxml, psutil, apipkg, execnet, pytest-forked, pytest-xdist, coverage, pytest-cov, typed-ast, typing, py
  Found existing installation: py 1.4.33
    Uninstalling py-1.4.33:
      Successfully uninstalled py-1.4.33
Successfully installed apipkg-1.4 coverage-4.4.2 execnet-1.5.0 flake8-3.5.0 lxml-4.0.0 mccabe-0.6.1 psutil-5.4.0 py-1.5.2 pycodestyle-2.3.1 pyflakes-1.6.0 pytest-cov-2.5.1 pytest-forked-0.2 pytest-xdist-1.20.1 typed-ast-1.1.0 typing-3.6.2

travis_time:end:0d0c4bce:start=1511470316934049721,finish=1511470323548877932,duration=6614828211[0Ktravis_fold:end:install.2[0Ktravis_fold:start:install.3[0Ktravis_time:start:06e7f4c0[0K$ python2 -m pip install --user typing
Collecting typing
  Using cached typing-3.6.2-py2-none-any.whl
Installing collected packages: typing
Successfully installed typing-3.6.2

travis_time:end:06e7f4c0:start=1511470323554907010,finish=1511470326546368716,duration=2991461706[0Ktravis_fold:end:install.3[0Ktravis_fold:start:install.4[0Ktravis_time:start:0a0b2f09[0K$ pip install .
Processing /home/travis/build/python/mypy
Requirement already satisfied: typed-ast<1.2.0,>=1.1.0 in /home/travis/virtualenv/python3.4.6/lib/python3.4/site-packages (from mypy===0.560-dev-59eebec41b2116178ac0818ccb712b5e5e940048)
Requirement already satisfied: psutil<5.5.0,>=5.4.0 in /home/travis/virtualenv/python3.4.6/lib/python3.4/site-packages (from mypy===0.560-dev-59eebec41b2116178ac0818ccb712b5e5e940048)
Requirement already satisfied: typing>=3.5.3 in /home/travis/virtualenv/python3.4.6/lib/python3.4/site-packages (from mypy===0.560-dev-59eebec41b2116178ac0818ccb712b5e5e940048)
Installing collected packages: mypy
  Running setup.py install for mypy ... [?25l- \ | / - \ | / done
[?25hSuccessfully installed mypy-0.560-dev-59eebec41b2116178ac0818ccb712b5e5e940048

travis_time:end:0a0b2f09:start=1511470326552590667,finish=1511470329729730929,duration=3177140262[0Ktravis_fold:end:install.4[0Ktravis_time:start:20013194[0K$ python runtests.py -j12 -x lint -x package
PARALLEL 12
SUMMARY  128 tasks selected
passed 0, failed 0, pending 127; running 1                                      [1m============================= test session starts ==============================[0m
platform linux -- Python 3.4.6, pytest-3.0.7, py-1.5.2, pluggy-0.4.0
rootdir: /home/travis/build/python/mypy, inifile: pytest.ini
plugins: xdist-1.20.1, forked-0.2, cov-2.5.1
[1mgw0 I / gw1 I / gw2 I / gw3 I / gw4 I / gw5 I / gw6 I / gw7 I / gw8 I / gw9 I / gw10 I / gw11 I[0m[1mgw0 C / gw1 I / gw2 I / gw3 I / gw4 I / gw5 I / gw6 I / gw7 I / gw8 I / gw9 I / gw10 I / gw11 I[0m[1mgw0 C / gw1 C / gw2 I / gw3 I / gw4 I / gw5 I / gw6 I / gw7 I / gw8 I / gw9 I / gw10 I / gw11 I[0m[1mgw0 C / gw1 C / gw2 C / gw3 I / gw4 I / gw5 I / gw6 I / gw7 I / gw8 I / gw9 I / gw10 I / gw11 I[0m[1mgw0 C / gw1 C / gw2 C / gw3 C / gw4 I / gw5 I / gw6 I / gw7 I / gw8 I / gw9 I / gw10 I / gw11 I[0m[1mgw0 C / gw1 C / gw2 C / gw3 C / gw4 C / gw5 I / gw6 I / gw7 I / gw8 I / gw9 I / gw10 I / gw11 I[0m[1mgw0 C / gw1 C / gw2 C / gw3 C / gw4 C / gw5 C / gw6 I / gw7 I / gw8 I / gw9 I / gw10 I / gw11 I[0m[1mgw0 C / gw1 C / gw2 C / gw3 C / gw4 C / gw5 C / gw6 C / gw7 I / gw8 I / gw9 I / gw10 I / gw11 I[0m[1mgw0 C / gw1 C / gw2 C / gw3 C / gw4 C / gw5 C / gw6 C / gw7 C / gw8 I / gw9 I / gw10 I / gw11 I[0m[1mgw0 C / gw1 C / gw2 C / gw3 C / gw4 C / gw5 C / gw6 C / gw7 C / gw8 C / gw9 I / gw10 I / gw11 I[0m[1mgw0 C / gw1 C / gw2 C / gw3 C / gw4 C / gw5 C / gw6 C / gw7 C / gw8 C / gw9 C / gw10 I / gw11 I[0m[1mgw0 C / gw1 C / gw2 C / gw3 C / gw4 C / gw5 C / gw6 C / gw7 C / gw8 C / gw9 C / gw10 C / gw11 I[0m[1mgw0 C / gw1 C / gw2 C / gw3 C / gw4 C / gw5 C / gw6 C / gw7 C / gw8 C / gw9 C / gw10 C / gw11 C[0m[1mgw0 C / gw1 ok / gw2 C / gw3 C / gw4 C / gw5 C / gw6 C / gw7 C / gw8 C / gw9 C / gw10 C / gw11 C[0m[1mgw0 ok / gw1 ok / gw2 C / gw3 C / gw4 C / gw5 C / gw6 C / gw7 C / gw8 C / gw9 C / gw10 C / gw11 C[0m[1mgw0 ok / gw1 ok / gw2 ok / gw3 C / gw4 C / gw5 C / gw6 C / gw7 C / gw8 C / gw9 C / gw10 C / gw11 C[0m[1mgw0 ok / gw1 ok / gw2 ok / gw3 C / gw4 ok / gw5 C / gw6 C / gw7 C / gw8 C / gw9 C / gw10 C / gw11 C[0m[1mgw0 ok / gw1 ok / gw2 ok / gw3 ok / gw4 ok / gw5 C / gw6 C / gw7 C / gw8 C / gw9 C / gw10 C / gw11 C[0m[1mgw0 ok / gw1 ok / gw2 ok / gw3 ok / gw4 ok / gw5 ok / gw6 C / gw7 C / gw8 C / gw9 C / gw10 C / gw11 C[0m[1mgw0 ok / gw1 ok / gw2 ok / gw3 ok / gw4 ok / gw5 ok / gw6 C / gw7 ok / gw8 C / gw9 C / gw10 C / gw11 C[0m[1mgw0 ok / gw1 ok / gw2 ok / gw3 ok / gw4 ok / gw5 ok / gw6 ok / gw7 ok / gw8 C / gw9 C / gw10 C / gw11 C[0m[1mgw0 ok / gw1 ok / gw2 ok / gw3 ok / gw4 ok / gw5 ok / gw6 ok / gw7 ok / gw8 ok / gw9 C / gw10 C / gw11 C[0m[1mgw0 ok / gw1 ok / gw2 ok / gw3 ok / gw4 ok / gw5 ok / gw6 ok / gw7 ok / gw8 ok / gw9 ok / gw10 C / gw11 C[0m[1mgw0 ok / gw1 ok / gw2 ok / gw3 ok / gw4 ok / gw5 ok / gw6 ok / gw7 ok / gw8 ok / gw9 ok / gw10 ok / gw11 C[0m[1mgw0 ok / gw1 ok / gw2 ok / gw3 ok / gw4 ok / gw5 ok / gw6 ok / gw7 ok / gw8 ok / gw9 ok / gw10 ok / gw11 ok[0m[1mgw0 ok / gw1 [5056] / gw2 ok / gw3 ok / gw4 ok / gw5 ok / gw6 ok / gw7 ok / gw8 ok / gw9 ok / gw10 ok / gw11 ok[0m[1mgw0 ok / gw1 [5056] / gw2 ok / gw3 [5056] / gw4 ok / gw5 ok / gw6 ok / gw7 ok / gw8 ok / gw9 ok / gw10 ok / gw11 ok[0m[1mgw0 ok / gw1 [5056] / gw2 ok / gw3 [5056] / gw4 ok / gw5 ok / gw6 ok / gw7 ok / gw8 ok / gw9 ok / gw10 ok / gw11 [5056][0m[1mgw0 ok / gw1 [5056] / gw2 ok / gw3 [5056] / gw4 ok / gw5 ok / gw6 ok / gw7 ok / gw8 ok / gw9 ok / gw10 [5056] / gw11 [5056][0m[1mgw0 ok / gw1 [5056] / gw2 ok / gw3 [5056] / gw4 ok / gw5 [5056] / gw6 ok / gw7 ok / gw8 ok / gw9 ok / gw10 [5056] / gw11 [5056][0m[1mgw0 [5056] / gw1 [5056] / gw2 ok / gw3 [5056] / gw4 ok / gw5 [5056] / gw6 ok / gw7 ok / gw8 ok / gw9 ok / gw10 [5056] / gw11 [5056][0m[1mgw0 [5056] / gw1 [5056] / gw2 ok / gw3 [5056] / gw4 [5056] / gw5 [5056] / gw6 ok / gw7 ok / gw8 ok / gw9 ok / gw10 [5056] / gw11 [5056][0m[1mgw0 [5056] / gw1 [5056] / gw2 [5056] / gw3 [5056] / gw4 [5056] / gw5 [5056] / gw6 ok / gw7 ok / gw8 ok / gw9 ok / gw10 [5056] / gw11 [5056][0m[1mgw0 [5056] / gw1 [5056] / gw2 [5056] / gw3 [5056] / gw4 [5056] / gw5 [5056] / gw6 ok / gw7 [5056] / gw8 ok / gw9 ok / gw10 [5056] / gw11 [5056][0m[1mgw0 [5056] / gw1 [5056] / gw2 [5056] / gw3 [5056] / gw4 [5056] / gw5 [5056] / gw6 ok / gw7 [5056] / gw8 ok / gw9 [5056] / gw10 [5056] / gw11 [5056][0m[1mgw0 [5056] / gw1 [5056] / gw2 [5056] / gw3 [5056] / gw4 [5056] / gw5 [5056] / gw6 [5056] / gw7 [5056] / gw8 ok / gw9 [5056] / gw10 [5056] / gw11 [5056][0m[1mgw0 [5056] / gw1 [5056] / gw2 [5056] / gw3 [5056] / gw4 [5056] / gw5 [5056] / gw6 [5056] / gw7 [5056] / gw8 [5056] / gw9 [5056] / gw10 [5056] / gw11 [5056][0m
scheduling tests via LoadScheduling
..............................s.................................................................................................................................................................................................................................................................................................................................................................................................................................................................................................................................................................................................s..........................................................................................s...........................................s..........................................................................................................................................................................................................................................................................................................................................................................................................................................................................................s.......................................................................................................................................................................................................................................................................................................................................................s......s...............................................................................................................................s..s.................................s.............................................................................................................................................................................................................................................................s.s.....................................................................................................................................................................................................................s...........................................................................................................................................................................................................................................................................................................................................................................................................................................................s...........................................................................................................................................................................................................................................................................................................................................................................................................s.....s..s...................................................................................................................................................Fs...............F............F....F...........F.........F......F.............F...F............F......F.......F.............F.F.............FF..........FF.................ss.........F............s............F.........................F............................F...............................................F................F.............F..............................F.........F....................FF....................F.......F...............................................F..............F.........................F.........................................s............FF.....................................................................F...........F...........................................s..s.s..............F...............F.............................FF........................F.................F..............................................FF................s........F..F.....F..............F.........F...............F.F...................FF................FF......................F...............F............F..F.............F.......F..............F...............F...........................FF...............F..............F...........F............F..........F......................F.F.............................F....................................F.........................F..................F........F................................F................F......................................F..................F................F................F..........F......F..F.......s..................................................................................s..............................................................................................................................................................................................................................................................................
=================================== FAILURES ===================================
[31m[1m____________________________ testImportLineNumber1 _____________________________[0m
[gw2] linux -- Python 3.4.6 /home/travis/virtualenv/python3.4.6/bin/python
data: /home/travis/build/python/mypy/test-data/unit/fine-grained-modules.test:108:
/home/travis/build/python/mypy/mypy/test/testfinegrained.py:54: in run_case
    steps = testcase.find_steps()
/home/travis/build/python/mypy/mypy/test/data.py:329: in find_steps
    module = module_from_path(target_path)
/home/travis/build/python/mypy/mypy/test/data.py:345: in module_from_path
    assert parts[0] == test_temp_dir
E   NameError: name 'test_temp_dir' is not defined
[31m[1m____________________________ testImportLineNumber2 _____________________________[0m
[gw2] linux -- Python 3.4.6 /home/travis/virtualenv/python3.4.6/bin/python
data: /home/travis/build/python/mypy/test-data/unit/fine-grained-modules.test:119:
/home/travis/build/python/mypy/mypy/test/testfinegrained.py:54: in run_case
    steps = testcase.find_steps()
/home/travis/build/python/mypy/mypy/test/data.py:329: in find_steps
    module = module_from_path(target_path)
/home/travis/build/python/mypy/mypy/test/data.py:345: in module_from_path
    assert parts[0] == test_temp_dir
E   NameError: name 'test_temp_dir' is not defined
[31m[1m_______________________________ testDeleteBasic ________________________________[0m
[gw2] linux -- Python 3.4.6 /home/travis/virtualenv/python3.4.6/bin/python
data: /home/travis/build/python/mypy/test-data/unit/fine-grained-modules.test:142:
/home/travis/build/python/mypy/mypy/test/testfinegrained.py:54: in run_case
    steps = testcase.find_steps()
/home/travis/build/python/mypy/mypy/test/data.py:329: in find_steps
    module = module_from_path(target_path)
/home/travis/build/python/mypy/mypy/test/data.py:345: in module_from_path
    assert parts[0] == test_temp_dir
E   NameError: name 'test_temp_dir' is not defined
[31m[1m_______________ testModifyBaseClassMethodCausingInvalidOverride ________________[0m
[gw5] linux -- Python 3.4.6 /home/travis/virtualenv/python3.4.6/bin/python
data: /home/travis/build/python/mypy/test-data/unit/fine-grained.test:396:
/home/travis/build/python/mypy/mypy/test/testfinegrained.py:54: in run_case
    steps = testcase.find_steps()
/home/travis/build/python/mypy/mypy/test/data.py:329: in find_steps
    module = module_from_path(target_path)
/home/travis/build/python/mypy/mypy/test/data.py:345: in module_from_path
    assert parts[0] == test_temp_dir
E   NameError: name 'test_temp_dir' is not defined
[31m[1m________________________ testDeletionTriggersImportFrom ________________________[0m
[gw2] linux -- Python 3.4.6 /home/travis/virtualenv/python3.4.6/bin/python
data: /home/travis/build/python/mypy/test-data/unit/fine-grained-modules.test:154:
/home/travis/build/python/mypy/mypy/test/testfinegrained.py:54: in run_case
    steps = testcase.find_steps()
/home/travis/build/python/mypy/mypy/test/data.py:329: in find_steps
    module = module_from_path(target_path)
/home/travis/build/python/mypy/mypy/test/data.py:345: in module_from_path
    assert parts[0] == test_temp_dir
E   NameError: name 'test_temp_dir' is not defined
[31m[1m_______________ testAddBaseClassAttributeCausingErrorInSubclass ________________[0m
[gw5] linux -- Python 3.4.6 /home/travis/virtualenv/python3.4.6/bin/python
data: /home/travis/build/python/mypy/test-data/unit/fine-grained.test:410:
/home/travis/build/python/mypy/mypy/test/testfinegrained.py:54: in run_case
    steps = testcase.find_steps()
/home/travis/build/python/mypy/mypy/test/data.py:329: in find_steps
    module = module_from_path(target_path)
/home/travis/build/python/mypy/mypy/test/data.py:345: in module_from_path
    assert parts[0] == test_temp_dir
E   NameError: name 'test_temp_dir' is not defined
[31m[1m__________________________ testDeletionTriggersImport __________________________[0m
[gw2] linux -- Python 3.4.6 /home/travis/virtualenv/python3.4.6/bin/python
data: /home/travis/build/python/mypy/test-data/unit/fine-grained-modules.test:173:
/home/travis/build/python/mypy/mypy/test/testfinegrained.py:54: in run_case
    steps = testcase.find_steps()
/home/travis/build/python/mypy/mypy/test/data.py:329: in find_steps
    module = module_from_path(target_path)
/home/travis/build/python/mypy/mypy/test/data.py:345: in module_from_path
    assert parts[0] == test_temp_dir
E   NameError: name 'test_temp_dir' is not defined
[31m[1m_______________________ testChangeBaseClassAttributeType _______________________[0m
[gw5] linux -- Python 3.4.6 /home/travis/virtualenv/python3.4.6/bin/python
data: /home/travis/build/python/mypy/test-data/unit/fine-grained.test:435:
/home/travis/build/python/mypy/mypy/test/testfinegrained.py:54: in run_case
    steps = testcase.find_steps()
/home/travis/build/python/mypy/mypy/test/data.py:329: in find_steps
    module = module_from_path(target_path)
/home/travis/build/python/mypy/mypy/test/data.py:345: in module_from_path
    assert parts[0] == test_temp_dir
E   NameError: name 'test_temp_dir' is not defined
[31m[1m__________________ testDeletionOfSubmoduleTriggersImportFrom1 __________________[0m
[gw2] linux -- Python 3.4.6 /home/travis/virtualenv/python3.4.6/bin/python
data: /home/travis/build/python/mypy/test-data/unit/fine-grained-modules.test:186:
/home/travis/build/python/mypy/mypy/test/testfinegrained.py:54: in run_case
    steps = testcase.find_steps()
/home/travis/build/python/mypy/mypy/test/data.py:329: in find_steps
    module = module_from_path(target_path)
/home/travis/build/python/mypy/mypy/test/data.py:345: in module_from_path
    assert parts[0] == test_temp_dir
E   NameError: name 'test_temp_dir' is not defined
[31m[1m________________________ testRemoveAttributeInBaseClass ________________________[0m
[gw5] linux -- Python 3.4.6 /home/travis/virtualenv/python3.4.6/bin/python
data: /home/travis/build/python/mypy/test-data/unit/fine-grained.test:452:
/home/travis/build/python/mypy/mypy/test/testfinegrained.py:54: in run_case
    steps = testcase.find_steps()
/home/travis/build/python/mypy/mypy/test/data.py:329: in find_steps
    module = module_from_path(target_path)
/home/travis/build/python/mypy/mypy/test/data.py:345: in module_from_path
    assert parts[0] == test_temp_dir
E   NameError: name 'test_temp_dir' is not defined
[31m[1m__________________ testDeletionOfSubmoduleTriggersImportFrom2 __________________[0m
[gw2] linux -- Python 3.4.6 /home/travis/virtualenv/python3.4.6/bin/python
data: /home/travis/build/python/mypy/test-data/unit/fine-grained-modules.test:200:
/home/travis/build/python/mypy/mypy/test/testfinegrained.py:54: in run_case
    steps = testcase.find_steps()
/home/travis/build/python/mypy/mypy/test/data.py:329: in find_steps
    module = module_from_path(target_path)
/home/travis/build/python/mypy/mypy/test/data.py:345: in module_from_path
    assert parts[0] == test_temp_dir
E   NameError: name 'test_temp_dir' is not defined
[31m[1m______________________ testTestSignatureOfInheritedMethod ______________________[0m
[gw5] linux -- Python 3.4.6 /home/travis/virtualenv/python3.4.6/bin/python
data: /home/travis/build/python/mypy/test-data/unit/fine-grained.test:468:
/home/travis/build/python/mypy/mypy/test/testfinegrained.py:54: in run_case
    steps = testcase.find_steps()
/home/travis/build/python/mypy/mypy/test/data.py:329: in find_steps
    module = module_from_path(target_path)
/home/travis/build/python/mypy/mypy/test/data.py:345: in module_from_path
    assert parts[0] == test_temp_dir
E   NameError: name 'test_temp_dir' is not defined
[31m[1m____________________ testDeletionOfSubmoduleTriggersImport _____________________[0m
[gw2] linux -- Python 3.4.6 /home/travis/virtualenv/python3.4.6/bin/python
data: /home/travis/build/python/mypy/test-data/unit/fine-grained-modules.test:216:
/home/travis/build/python/mypy/mypy/test/testfinegrained.py:54: in run_case
    steps = testcase.find_steps()
/home/travis/build/python/mypy/mypy/test/data.py:329: in find_steps
    module = module_from_path(target_path)
/home/travis/build/python/mypy/mypy/test/data.py:345: in module_from_path
    assert parts[0] == test_temp_dir
E   NameError: name 'test_temp_dir' is not defined
[31m[1m_____________________________ testRemoveBaseClass ______________________________[0m
[gw5] linux -- Python 3.4.6 /home/travis/virtualenv/python3.4.6/bin/python
data: /home/travis/build/python/mypy/test-data/unit/fine-grained.test:483:
/home/travis/build/python/mypy/mypy/test/testfinegrained.py:54: in run_case
    steps = testcase.find_steps()
/home/travis/build/python/mypy/mypy/test/data.py:329: in find_steps
    module = module_from_path(target_path)
/home/travis/build/python/mypy/mypy/test/data.py:345: in module_from_path
    assert parts[0] == test_temp_dir
E   NameError: name 'test_temp_dir' is not defined
[31m[1m_____________________________ testRemoveBaseClass2 _____________________________[0m
[gw5] linux -- Python 3.4.6 /home/travis/virtualenv/python3.4.6/bin/python
data: /home/travis/build/python/mypy/test-data/unit/fine-grained.test:503:
/home/travis/build/python/mypy/mypy/test/testfinegrained.py:54: in run_case
    steps = testcase.find_steps()
/home/travis/build/python/mypy/mypy/test/data.py:329: in find_steps
    module = module_from_path(target_path)
/home/travis/build/python/mypy/mypy/test/data.py:345: in module_from_path
    assert parts[0] == test_temp_dir
E   NameError: name 'test_temp_dir' is not defined
[31m[1m__________________________ testDeleteModuleWithError ___________________________[0m
[gw2] linux -- Python 3.4.6 /home/travis/virtualenv/python3.4.6/bin/python
data: /home/travis/build/python/mypy/test-data/unit/fine-grained-modules.test:230:
/home/travis/build/python/mypy/mypy/test/testfinegrained.py:54: in run_case
    steps = testcase.find_steps()
/home/travis/build/python/mypy/mypy/test/data.py:329: in find_steps
    module = module_from_path(target_path)
/home/travis/build/python/mypy/mypy/test/data.py:345: in module_from_path
    assert parts[0] == test_temp_dir
E   NameError: name 'test_temp_dir' is not defined
[31m[1m____________________ testDeleteModuleWithErrorInsidePackage ____________________[0m
[gw2] linux -- Python 3.4.6 /home/travis/virtualenv/python3.4.6/bin/python
data: /home/travis/build/python/mypy/test-data/unit/fine-grained-modules.test:248:
/home/travis/build/python/mypy/mypy/test/testfinegrained.py:54: in run_case
    steps = testcase.find_steps()
/home/travis/build/python/mypy/mypy/test/data.py:335: in find_steps
    module = module_from_path(path)
/home/travis/build/python/mypy/mypy/test/data.py:345: in module_from_path
    assert parts[0] == test_temp_dir
E   NameError: name 'test_temp_dir' is not defined
[31m[1m_____________________________ testChangeInPackage ______________________________[0m
[gw5] linux -- Python 3.4.6 /home/travis/virtualenv/python3.4.6/bin/python
data: /home/travis/build/python/mypy/test-data/unit/fine-grained.test:525:
/home/travis/build/python/mypy/mypy/test/testfinegrained.py:54: in run_case
    steps = testcase.find_steps()
/home/travis/build/python/mypy/mypy/test/data.py:329: in find_steps
    module = module_from_path(target_path)
/home/travis/build/python/mypy/mypy/test/data.py:345: in module_from_path
    assert parts[0] == test_temp_dir
E   NameError: name 'test_temp_dir' is not defined
[31m[1m__________________________ testTriggerTargetInPackage __________________________[0m
[gw5] linux -- Python 3.4.6 /home/travis/virtualenv/python3.4.6/bin/python
data: /home/travis/build/python/mypy/test-data/unit/fine-grained.test:538:
/home/travis/build/python/mypy/mypy/test/testfinegrained.py:54: in run_case
    steps = testcase.find_steps()
/home/travis/build/python/mypy/mypy/test/data.py:329: in find_steps
    module = module_from_path(target_path)
/home/travis/build/python/mypy/mypy/test/data.py:345: in module_from_path
    assert parts[0] == test_temp_dir
E   NameError: name 'test_temp_dir' is not defined
[31m[1m_________________________ testChangeInPackage__init__ __________________________[0m
[gw5] linux -- Python 3.4.6 /home/travis/virtualenv/python3.4.6/bin/python
data: /home/travis/build/python/mypy/test-data/unit/fine-grained.test:553:
/home/travis/build/python/mypy/mypy/test/testfinegrained.py:54: in run_case
    steps = testcase.find_steps()
/home/travis/build/python/mypy/mypy/test/data.py:329: in find_steps
    module = module_from_path(target_path)
/home/travis/build/python/mypy/mypy/test/data.py:345: in module_from_path
    assert parts[0] == test_temp_dir
E   NameError: name 'test_temp_dir' is not defined
[31m[1m______________________ testTriggerTargetInPackage__init__ ______________________[0m
[gw5] linux -- Python 3.4.6 /home/travis/virtualenv/python3.4.6/bin/python
data: /home/travis/build/python/mypy/test-data/unit/fine-grained.test:567:
/home/travis/build/python/mypy/mypy/test/testfinegrained.py:54: in run_case
    steps = testcase.find_steps()
/home/travis/build/python/mypy/mypy/test/data.py:329: in find_steps
    module = module_from_path(target_path)
/home/travis/build/python/mypy/mypy/test/data.py:345: in module_from_path
    assert parts[0] == test_temp_dir
E   NameError: name 'test_temp_dir' is not defined
[31m[1m________________________ testModuleAttributeTypeChanges ________________________[0m
[gw5] linux -- Python 3.4.6 /home/travis/virtualenv/python3.4.6/bin/python
data: /home/travis/build/python/mypy/test-data/unit/fine-grained.test:583:
/home/travis/build/python/mypy/mypy/test/testfinegrained.py:54: in run_case
    steps = testcase.find_steps()
/home/travis/build/python/mypy/mypy/test/data.py:329: in find_steps
    module = module_from_path(target_path)
/home/travis/build/python/mypy/mypy/test/data.py:345: in module_from_path
    assert parts[0] == test_temp_dir
E   NameError: name 'test_temp_dir' is not defined
[31m[1m_______________________ testTwoStepsDueToModuleAttribute _______________________[0m
[gw5] linux -- Python 3.4.6 /home/travis/virtualenv/python3.4.6/bin/python
data: /home/travis/build/python/mypy/test-data/unit/fine-grained.test:596:
/home/travis/build/python/mypy/mypy/test/testfinegrained.py:54: in run_case
    steps = testcase.find_steps()
/home/travis/build/python/mypy/mypy/test/data.py:329: in find_steps
    module = module_from_path(target_path)
/home/travis/build/python/mypy/mypy/test/data.py:345: in module_from_path
    assert parts[0] == test_temp_dir
E   NameError: name 'test_temp_dir' is not defined
[31m[1m_____________________ testTwoStepsDueToMultipleNamespaces ______________________[0m
[gw5] linux -- Python 3.4.6 /home/travis/virtualenv/python3.4.6/bin/python
data: /home/travis/build/python/mypy/test-data/unit/fine-grained.test:611:
/home/travis/build/python/mypy/mypy/test/testfinegrained.py:54: in run_case
    steps = testcase.find_steps()
/home/travis/build/python/mypy/mypy/test/data.py:329: in find_steps
    module = module_from_path(target_path)
/home/travis/build/python/mypy/mypy/test/data.py:345: in module_from_path
    assert parts[0] == test_temp_dir
E   NameError: name 'test_temp_dir' is not defined
[31m[1m_______________________ testConstructorSignatureChanged ________________________[0m
[gw5] linux -- Python 3.4.6 /home/travis/virtualenv/python3.4.6/bin/python
data: /home/travis/build/python/mypy/test-data/unit/fine-grained.test:643:
/home/travis/build/python/mypy/mypy/test/testfinegrained.py:54: in run_case
    steps = testcase.find_steps()
/home/travis/build/python/mypy/mypy/test/data.py:329: in find_steps
    module = module_from_path(target_path)
/home/travis/build/python/mypy/mypy/test/data.py:345: in module_from_path
    assert parts[0] == test_temp_dir
E   NameError: name 'test_temp_dir' is not defined
[31m[1m_____________________________ testConstructorAdded _____________________________[0m
[gw5] linux -- Python 3.4.6 /home/travis/virtualenv/python3.4.6/bin/python
data: /home/travis/build/python/mypy/test-data/unit/fine-grained.test:658:
/home/travis/build/python/mypy/mypy/test/testfinegrained.py:54: in run_case
    steps = testcase.find_steps()
/home/travis/build/python/mypy/mypy/test/data.py:329: in find_steps
    module = module_from_path(target_path)
/home/travis/build/python/mypy/mypy/test/data.py:345: in module_from_path
    assert parts[0] == test_temp_dir
E   NameError: name 'test_temp_dir' is not defined
[31m[1m____________________________ testReprocessFunction _____________________________[0m
[gw6] linux -- Python 3.4.6 /home/travis/virtualenv/python3.4.6/bin/python
data: /home/travis/build/python/mypy/test-data/unit/fine-grained.test:19:
/home/travis/build/python/mypy/mypy/test/testfinegrained.py:54: in run_case
    steps = testcase.find_steps()
/home/travis/build/python/mypy/mypy/test/data.py:329: in find_steps
    module = module_from_path(target_path)
/home/travis/build/python/mypy/mypy/test/data.py:345: in module_from_path
    assert parts[0] == test_temp_dir
E   NameError: name 'test_temp_dir' is not defined
[31m[1m____________________________ testConstructorDeleted ____________________________[0m
[gw5] linux -- Python 3.4.6 /home/travis/virtualenv/python3.4.6/bin/python
data: /home/travis/build/python/mypy/test-data/unit/fine-grained.test:672:
/home/travis/build/python/mypy/mypy/test/testfinegrained.py:54: in run_case
    steps = testcase.find_steps()
/home/travis/build/python/mypy/mypy/test/data.py:329: in find_steps
    module = module_from_path(target_path)
/home/travis/build/python/mypy/mypy/test/data.py:345: in module_from_path
    assert parts[0] == test_temp_dir
E   NameError: name 'test_temp_dir' is not defined
[31m[1m____________________________ testReprocessTopLevel _____________________________[0m
[gw6] linux -- Python 3.4.6 /home/travis/virtualenv/python3.4.6/bin/python
data: /home/travis/build/python/mypy/test-data/unit/fine-grained.test:33:
/home/travis/build/python/mypy/mypy/test/testfinegrained.py:54: in run_case
    steps = testcase.find_steps()
/home/travis/build/python/mypy/mypy/test/data.py:329: in find_steps
    module = module_from_path(target_path)
/home/travis/build/python/mypy/mypy/test/data.py:345: in module_from_path
    assert parts[0] == test_temp_dir
E   NameError: name 'test_temp_dir' is not defined
[31m[1m_______________________ testBaseClassConstructorChanged ________________________[0m
[gw5] linux -- Python 3.4.6 /home/travis/virtualenv/python3.4.6/bin/python
data: /home/travis/build/python/mypy/test-data/unit/fine-grained.test:686:
/home/travis/build/python/mypy/mypy/test/testfinegrained.py:54: in run_case
    steps = testcase.find_steps()
/home/travis/build/python/mypy/mypy/test/data.py:329: in find_steps
    module = module_from_path(target_path)
/home/travis/build/python/mypy/mypy/test/data.py:345: in module_from_path
    assert parts[0] == test_temp_dir
E   NameError: name 'test_temp_dir' is not defined
[31m[1m_____________________________ testReprocessMethod ______________________________[0m
[gw6] linux -- Python 3.4.6 /home/travis/virtualenv/python3.4.6/bin/python
data: /home/travis/build/python/mypy/test-data/unit/fine-grained.test:45:
/home/travis/build/python/mypy/mypy/test/testfinegrained.py:54: in run_case
    steps = testcase.find_steps()
/home/travis/build/python/mypy/mypy/test/data.py:329: in find_steps
    module = module_from_path(target_path)
/home/travis/build/python/mypy/mypy/test/data.py:345: in module_from_path
    assert parts[0] == test_temp_dir
E   NameError: name 'test_temp_dir' is not defined
[31m[1m________________________________ testImportFrom ________________________________[0m
[gw5] linux -- Python 3.4.6 /home/travis/virtualenv/python3.4.6/bin/python
data: /home/travis/build/python/mypy/test-data/unit/fine-grained.test:703:
/home/travis/build/python/mypy/mypy/test/testfinegrained.py:54: in run_case
    steps = testcase.find_steps()
/home/travis/build/python/mypy/mypy/test/data.py:329: in find_steps
    module = module_from_path(target_path)
/home/travis/build/python/mypy/mypy/test/data.py:345: in module_from_path
    assert parts[0] == test_temp_dir
E   NameError: name 'test_temp_dir' is not defined
[31m[1m______________________ testFunctionMissingModuleAttribute ______________________[0m
[gw6] linux -- Python 3.4.6 /home/travis/virtualenv/python3.4.6/bin/python
data: /home/travis/build/python/mypy/test-data/unit/fine-grained.test:60:
/home/travis/build/python/mypy/mypy/test/testfinegrained.py:54: in run_case
    steps = testcase.find_steps()
/home/travis/build/python/mypy/mypy/test/data.py:329: in find_steps
    module = module_from_path(target_path)
/home/travis/build/python/mypy/mypy/test/data.py:345: in module_from_path
    assert parts[0] == test_temp_dir
E   NameError: name 'test_temp_dir' is not defined
[31m[1m_______________________________ testImportFrom2 ________________________________[0m
[gw5] linux -- Python 3.4.6 /home/travis/virtualenv/python3.4.6/bin/python
data: /home/travis/build/python/mypy/test-data/unit/fine-grained.test:717:
/home/travis/build/python/mypy/mypy/test/testfinegrained.py:54: in run_case
    steps = testcase.find_steps()
/home/travis/build/python/mypy/mypy/test/data.py:329: in find_steps
    module = module_from_path(target_path)
/home/travis/build/python/mypy/mypy/test/data.py:345: in module_from_path
    assert parts[0] == test_temp_dir
E   NameError: name 'test_temp_dir' is not defined
[31m[1m__________________________ testImportFromTargetsClass __________________________[0m
[gw5] linux -- Python 3.4.6 /home/travis/virtualenv/python3.4.6/bin/python
data: /home/travis/build/python/mypy/test-data/unit/fine-grained.test:728:
/home/travis/build/python/mypy/mypy/test/testfinegrained.py:54: in run_case
    steps = testcase.find_steps()
/home/travis/build/python/mypy/mypy/test/data.py:329: in find_steps
    module = module_from_path(target_path)
/home/travis/build/python/mypy/mypy/test/data.py:345: in module_from_path
    assert parts[0] == test_temp_dir
E   NameError: name 'test_temp_dir' is not defined
[31m[1m______________________ testTopLevelMissingModuleAttribute ______________________[0m
[gw6] linux -- Python 3.4.6 /home/travis/virtualenv/python3.4.6/bin/python
data: /home/travis/build/python/mypy/test-data/unit/fine-grained.test:73:
/home/travis/build/python/mypy/mypy/test/testfinegrained.py:54: in run_case
    steps = testcase.find_steps()
/home/travis/build/python/mypy/mypy/test/data.py:329: in find_steps
    module = module_from_path(target_path)
/home/travis/build/python/mypy/mypy/test/data.py:345: in module_from_path
    assert parts[0] == test_temp_dir
E   NameError: name 'test_temp_dir' is not defined
[31m[1m_________________________ testClassChangedIntoFunction _________________________[0m
[gw6] linux -- Python 3.4.6 /home/travis/virtualenv/python3.4.6/bin/python
data: /home/travis/build/python/mypy/test-data/unit/fine-grained.test:86:
/home/travis/build/python/mypy/mypy/test/testfinegrained.py:54: in run_case
    steps = testcase.find_steps()
/home/travis/build/python/mypy/mypy/test/data.py:329: in find_steps
    module = module_from_path(target_path)
/home/travis/build/python/mypy/mypy/test/data.py:345: in module_from_path
    assert parts[0] == test_temp_dir
E   NameError: name 'test_temp_dir' is not defined
[31m[1m________________________ testImportFromTargetsVariable _________________________[0m
[gw5] linux -- Python 3.4.6 /home/travis/virtualenv/python3.4.6/bin/python
data: /home/travis/build/python/mypy/test-data/unit/fine-grained.test:743:
/home/travis/build/python/mypy/mypy/test/testfinegrained.py:54: in run_case
    steps = testcase.find_steps()
/home/travis/build/python/mypy/mypy/test/data.py:329: in find_steps
    module = module_from_path(target_path)
/home/travis/build/python/mypy/mypy/test/data.py:345: in module_from_path
    assert parts[0] == test_temp_dir
E   NameError: name 'test_temp_dir' is not defined
[31m[1m________________________ testClassChangedIntoFunction2 _________________________[0m
[gw6] linux -- Python 3.4.6 /home/travis/virtualenv/python3.4.6/bin/python
data: /home/travis/build/python/mypy/test-data/unit/fine-grained.test:98:
/home/travis/build/python/mypy/mypy/test/testfinegrained.py:54: in run_case
    steps = testcase.find_steps()
/home/travis/build/python/mypy/mypy/test/data.py:329: in find_steps
    module = module_from_path(target_path)
/home/travis/build/python/mypy/mypy/test/data.py:345: in module_from_path
    assert parts[0] == test_temp_dir
E   NameError: name 'test_temp_dir' is not defined
[31m[1m_______________________ testImportFromSubmoduleOfPackage _______________________[0m
[gw5] linux -- Python 3.4.6 /home/travis/virtualenv/python3.4.6/bin/python
data: /home/travis/build/python/mypy/test-data/unit/fine-grained.test:757:
/home/travis/build/python/mypy/mypy/test/testfinegrained.py:54: in run_case
    steps = testcase.find_steps()
/home/travis/build/python/mypy/mypy/test/data.py:329: in find_steps
    module = module_from_path(target_path)
/home/travis/build/python/mypy/mypy/test/data.py:345: in module_from_path
    assert parts[0] == test_temp_dir
E   NameError: name 'test_temp_dir' is not defined
[31m[1m___________________________ testAttributeTypeChanged ___________________________[0m
[gw6] linux -- Python 3.4.6 /home/travis/virtualenv/python3.4.6/bin/python
data: /home/travis/build/python/mypy/test-data/unit/fine-grained.test:110:
/home/travis/build/python/mypy/mypy/test/testfinegrained.py:54: in run_case
    steps = testcase.find_steps()
/home/travis/build/python/mypy/mypy/test/data.py:329: in find_steps
    module = module_from_path(target_path)
/home/travis/build/python/mypy/mypy/test/data.py:345: in module_from_path
    assert parts[0] == test_temp_dir
E   NameError: name 'test_temp_dir' is not defined
[31m[1m_______________________ testImportedFunctionGetsImported _______________________[0m
[gw5] linux -- Python 3.4.6 /home/travis/virtualenv/python3.4.6/bin/python
data: /home/travis/build/python/mypy/test-data/unit/fine-grained.test:771:
/home/travis/build/python/mypy/mypy/test/testfinegrained.py:54: in run_case
    steps = testcase.find_steps()
/home/travis/build/python/mypy/mypy/test/data.py:329: in find_steps
    module = module_from_path(target_path)
/home/travis/build/python/mypy/mypy/test/data.py:345: in module_from_path
    assert parts[0] == test_temp_dir
E   NameError: name 'test_temp_dir' is not defined
[31m[1m_____________________________ testAttributeRemoved _____________________________[0m
[gw6] linux -- Python 3.4.6 /home/travis/virtualenv/python3.4.6/bin/python
data: /home/travis/build/python/mypy/test-data/unit/fine-grained.test:126:
/home/travis/build/python/mypy/mypy/test/testfinegrained.py:54: in run_case
    steps = testcase.find_steps()
/home/travis/build/python/mypy/mypy/test/data.py:329: in find_steps
    module = module_from_path(target_path)
/home/travis/build/python/mypy/mypy/test/data.py:345: in module_from_path
    assert parts[0] == test_temp_dir
E   NameError: name 'test_temp_dir' is not defined
[31m[1m____________________ testNestedClassMethodSignatureChanges _____________________[0m
[gw5] linux -- Python 3.4.6 /home/travis/virtualenv/python3.4.6/bin/python
data: /home/travis/build/python/mypy/test-data/unit/fine-grained.test:786:
/home/travis/build/python/mypy/mypy/test/testfinegrained.py:54: in run_case
    steps = testcase.find_steps()
/home/travis/build/python/mypy/mypy/test/data.py:329: in find_steps
    module = module_from_path(target_path)
/home/travis/build/python/mypy/mypy/test/data.py:345: in module_from_path
    assert parts[0] == test_temp_dir
E   NameError: name 'test_temp_dir' is not defined
[31m[1m________________________ testVariableTypeBecomesInvalid ________________________[0m
[gw6] linux -- Python 3.4.6 /home/travis/virtualenv/python3.4.6/bin/python
data: /home/travis/build/python/mypy/test-data/unit/fine-grained.test:141:
/home/travis/build/python/mypy/mypy/test/testfinegrained.py:54: in run_case
    steps = testcase.find_steps()
/home/travis/build/python/mypy/mypy/test/data.py:329: in find_steps
    module = module_from_path(target_path)
/home/travis/build/python/mypy/mypy/test/data.py:345: in module_from_path
    assert parts[0] == test_temp_dir
E   NameError: name 'test_temp_dir' is not defined
[31m[1m_____________________ testNestedClassAttributeTypeChanges ______________________[0m
[gw5] linux -- Python 3.4.6 /home/travis/virtualenv/python3.4.6/bin/python
data: /home/travis/build/python/mypy/test-data/unit/fine-grained.test:803:
/home/travis/build/python/mypy/mypy/test/testfinegrained.py:54: in run_case
    steps = testcase.find_steps()
/home/travis/build/python/mypy/mypy/test/data.py:329: in find_steps
    module = module_from_path(target_path)
/home/travis/build/python/mypy/mypy/test/data.py:345: in module_from_path
    assert parts[0] == test_temp_dir
E   NameError: name 'test_temp_dir' is not defined
[31m[1m_______________________ testReprocessMethodInNestedClass _______________________[0m
[gw5] linux -- Python 3.4.6 /home/travis/virtualenv/python3.4.6/bin/python
data: /home/travis/build/python/mypy/test-data/unit/fine-grained.test:823:
/home/travis/build/python/mypy/mypy/test/testfinegrained.py:54: in run_case
    steps = testcase.find_steps()
/home/travis/build/python/mypy/mypy/test/data.py:329: in find_steps
    module = module_from_path(target_path)
/home/travis/build/python/mypy/mypy/test/data.py:345: in module_from_path
    assert parts[0] == test_temp_dir
E   NameError: name 'test_temp_dir' is not defined
[31m[1m___________________________ testTwoIncrementalSteps ____________________________[0m
[gw6] linux -- Python 3.4.6 /home/travis/virtualenv/python3.4.6/bin/python
data: /home/travis/build/python/mypy/test-data/unit/fine-grained.test:152:
/home/travis/build/python/mypy/mypy/test/testfinegrained.py:54: in run_case
    steps = testcase.find_steps()
/home/travis/build/python/mypy/mypy/test/data.py:329: in find_steps
    module = module_from_path(target_path)
/home/travis/build/python/mypy/mypy/test/data.py:345: in module_from_path
    assert parts[0] == test_temp_dir
E   NameError: name 'test_temp_dir' is not defined
[31m[1m_____________________________ testBaseClassDeleted _____________________________[0m
[gw5] linux -- Python 3.4.6 /home/travis/virtualenv/python3.4.6/bin/python
data: /home/travis/build/python/mypy/test-data/unit/fine-grained.test:839:
/home/travis/build/python/mypy/mypy/test/testfinegrained.py:54: in run_case
    steps = testcase.find_steps()
/home/travis/build/python/mypy/mypy/test/data.py:329: in find_steps
    module = module_from_path(target_path)
/home/travis/build/python/mypy/mypy/test/data.py:345: in module_from_path
    assert parts[0] == test_temp_dir
E   NameError: name 'test_temp_dir' is not defined
[31m[1m______________________ testBaseClassOfNestedClassDeleted _______________________[0m
[gw5] linux -- Python 3.4.6 /home/travis/virtualenv/python3.4.6/bin/python
data: /home/travis/build/python/mypy/test-data/unit/fine-grained.test:856:
/home/travis/build/python/mypy/mypy/test/testfinegrained.py:54: in run_case
    steps = testcase.find_steps()
/home/travis/build/python/mypy/mypy/test/data.py:329: in find_steps
    module = module_from_path(target_path)
/home/travis/build/python/mypy/mypy/test/data.py:345: in module_from_path
    assert parts[0] == test_temp_dir
E   NameError: name 'test_temp_dir' is not defined
[31m[1m________________________________ testTwoRounds _________________________________[0m
[gw6] linux -- Python 3.4.6 /home/travis/virtualenv/python3.4.6/bin/python
data: /home/travis/build/python/mypy/test-data/unit/fine-grained.test:176:
/home/travis/build/python/mypy/mypy/test/testfinegrained.py:54: in run_case
    steps = testcase.find_steps()
/home/travis/build/python/mypy/mypy/test/data.py:329: in find_steps
    module = module_from_path(target_path)
/home/travis/build/python/mypy/mypy/test/data.py:345: in module_from_path
    assert parts[0] == test_temp_dir
E   NameError: name 'test_temp_dir' is not defined
[31m[1m________________________ testImportQualifiedModuleName _________________________[0m
[gw5] linux -- Python 3.4.6 /home/travis/virtualenv/python3.4.6/bin/python
data: /home/travis/build/python/mypy/test-data/unit/fine-grained.test:874:
/home/travis/build/python/mypy/mypy/test/testfinegrained.py:54: in run_case
    steps = testcase.find_steps()
/home/travis/build/python/mypy/mypy/test/data.py:329: in find_steps
    module = module_from_path(target_path)
/home/travis/build/python/mypy/mypy/test/data.py:345: in module_from_path
    assert parts[0] == test_temp_dir
E   NameError: name 'test_temp_dir' is not defined
[31m[1m_______________________________ testFixTypeError _______________________________[0m
[gw6] linux -- Python 3.4.6 /home/travis/virtualenv/python3.4.6/bin/python
data: /home/travis/build/python/mypy/test-data/unit/fine-grained.test:195:
/home/travis/build/python/mypy/mypy/test/testfinegrained.py:54: in run_case
    steps = testcase.find_steps()
/home/travis/build/python/mypy/mypy/test/data.py:329: in find_steps
    module = module_from_path(target_path)
/home/travis/build/python/mypy/mypy/test/data.py:345: in module_from_path
    assert parts[0] == test_temp_dir
E   NameError: name 'test_temp_dir' is not defined
[31m[1m_____________________________ testTypeAliasRefresh _____________________________[0m
[gw5] linux -- Python 3.4.6 /home/travis/virtualenv/python3.4.6/bin/python
data: /home/travis/build/python/mypy/test-data/unit/fine-grained.test:888:
/home/travis/build/python/mypy/mypy/test/testfinegrained.py:54: in run_case
    steps = testcase.find_steps()
/home/travis/build/python/mypy/mypy/test/data.py:329: in find_steps
    module = module_from_path(target_path)
/home/travis/build/python/mypy/mypy/test/data.py:345: in module_from_path
    assert parts[0] == test_temp_dir
E   NameError: name 'test_temp_dir' is not defined
[31m[1m______________________________ testFixTypeError2 _______________________________[0m
[gw6] linux -- Python 3.4.6 /home/travis/virtualenv/python3.4.6/bin/python
data: /home/travis/build/python/mypy/test-data/unit/fine-grained.test:213:
/home/travis/build/python/mypy/mypy/test/testfinegrained.py:54: in run_case
    steps = testcase.find_steps()
/home/travis/build/python/mypy/mypy/test/data.py:329: in find_steps
    module = module_from_path(target_path)
/home/travis/build/python/mypy/mypy/test/data.py:345: in module_from_path
    assert parts[0] == test_temp_dir
E   NameError: name 'test_temp_dir' is not defined
[31m[1m______________________________ testTypeVarRefresh ______________________________[0m
[gw5] linux -- Python 3.4.6 /home/travis/virtualenv/python3.4.6/bin/python
data: /home/travis/build/python/mypy/test-data/unit/fine-grained.test:899:
/home/travis/build/python/mypy/mypy/test/testfinegrained.py:54: in run_case
    steps = testcase.find_steps()
/home/travis/build/python/mypy/mypy/test/data.py:329: in find_steps
    module = module_from_path(target_path)
/home/travis/build/python/mypy/mypy/test/data.py:345: in module_from_path
    assert parts[0] == test_temp_dir
E   NameError: name 'test_temp_dir' is not defined
[31m[1m_________________________ testFixSemanticAnalysisError _________________________[0m
[gw6] linux -- Python 3.4.6 /home/travis/virtualenv/python3.4.6/bin/python
data: /home/travis/build/python/mypy/test-data/unit/fine-grained.test:231:
/home/travis/build/python/mypy/mypy/test/testfinegrained.py:54: in run_case
    steps = testcase.find_steps()
/home/travis/build/python/mypy/mypy/test/data.py:329: in find_steps
    module = module_from_path(target_path)
/home/travis/build/python/mypy/mypy/test/data.py:345: in module_from_path
    assert parts[0] == test_temp_dir
E   NameError: name 'test_temp_dir' is not defined
[31m[1m______________________ testContinueToReportTypeCheckError ______________________[0m
[gw6] linux -- Python 3.4.6 /home/travis/virtualenv/python3.4.6/bin/python
data: /home/travis/build/python/mypy/test-data/unit/fine-grained.test:247:
/home/travis/build/python/mypy/mypy/test/testfinegrained.py:54: in run_case
    steps = testcase.find_steps()
/home/travis/build/python/mypy/mypy/test/data.py:329: in find_steps
    module = module_from_path(target_path)
/home/travis/build/python/mypy/mypy/test/data.py:345: in module_from_path
    assert parts[0] == test_temp_dir
E   NameError: name 'test_temp_dir' is not defined
[31m[1m____________________________ testNamedTupleRefresh _____________________________[0m
[gw5] linux -- Python 3.4.6 /home/travis/virtualenv/python3.4.6/bin/python
data: /home/travis/build/python/mypy/test-data/unit/fine-grained.test:910:
/home/travis/build/python/mypy/mypy/test/testfinegrained.py:54: in run_case
    steps = testcase.find_steps()
/home/travis/build/python/mypy/mypy/test/data.py:329: in find_steps
    module = module_from_path(target_path)
/home/travis/build/python/mypy/mypy/test/data.py:345: in module_from_path
    assert parts[0] == test_temp_dir
E   NameError: name 'test_temp_dir' is not defined
[31m[1m__________________ testContinueToReportSemanticAnalysisError ___________________[0m
[gw6] linux -- Python 3.4.6 /home/travis/virtualenv/python3.4.6/bin/python
data: /home/travis/build/python/mypy/test-data/unit/fine-grained.test:269:
/home/travis/build/python/mypy/mypy/test/testfinegrained.py:54: in run_case
    steps = testcase.find_steps()
/home/travis/build/python/mypy/mypy/test/data.py:329: in find_steps
    module = module_from_path(target_path)
/home/travis/build/python/mypy/mypy/test/data.py:345: in module_from_path
    assert parts[0] == test_temp_dir
E   NameError: name 'test_temp_dir' is not defined
[31m[1m_______________________ testModuleLevelAttributeRefresh ________________________[0m
[gw5] linux -- Python 3.4.6 /home/travis/virtualenv/python3.4.6/bin/python
data: /home/travis/build/python/mypy/test-data/unit/fine-grained.test:921:
/home/travis/build/python/mypy/mypy/test/testfinegrained.py:54: in run_case
    steps = testcase.find_steps()
/home/travis/build/python/mypy/mypy/test/data.py:329: in find_steps
    module = module_from_path(target_path)
/home/travis/build/python/mypy/mypy/test/data.py:345: in module_from_path
    assert parts[0] == test_temp_dir
E   NameError: name 'test_temp_dir' is not defined
[31m[1m_____________________ testContinueToReportErrorAtTopLevel ______________________[0m
[gw6] linux -- Python 3.4.6 /home/travis/virtualenv/python3.4.6/bin/python
data: /home/travis/build/python/mypy/test-data/unit/fine-grained.test:289:
/home/travis/build/python/mypy/mypy/test/testfinegrained.py:54: in run_case
    steps = testcase.find_steps()
/home/travis/build/python/mypy/mypy/test/data.py:329: in find_steps
    module = module_from_path(target_path)
/home/travis/build/python/mypy/mypy/test/data.py:345: in module_from_path
    assert parts[0] == test_temp_dir
E   NameError: name 'test_temp_dir' is not defined
[31m[1m_____________________________ testClassBodyRefresh _____________________________[0m
[gw5] linux -- Python 3.4.6 /home/travis/virtualenv/python3.4.6/bin/python
data: /home/travis/build/python/mypy/test-data/unit/fine-grained.test:933:
/home/travis/build/python/mypy/mypy/test/testfinegrained.py:54: in run_case
    steps = testcase.find_steps()
/home/travis/build/python/mypy/mypy/test/data.py:329: in find_steps
    module = module_from_path(target_path)
/home/travis/build/python/mypy/mypy/test/data.py:345: in module_from_path
    assert parts[0] == test_temp_dir
E   NameError: name 'test_temp_dir' is not defined
[31m[1m______________________ testContinueToReportErrorInMethod _______________________[0m
[gw6] linux -- Python 3.4.6 /home/travis/virtualenv/python3.4.6/bin/python
data: /home/travis/build/python/mypy/test-data/unit/fine-grained.test:312:
/home/travis/build/python/mypy/mypy/test/testfinegrained.py:54: in run_case
    steps = testcase.find_steps()
/home/travis/build/python/mypy/mypy/test/data.py:329: in find_steps
    module = module_from_path(target_path)
/home/travis/build/python/mypy/mypy/test/data.py:345: in module_from_path
    assert parts[0] == test_temp_dir
E   NameError: name 'test_temp_dir' is not defined
[31m[1m__________________________ testDecoratedMethodRefresh __________________________[0m
[gw5] linux -- Python 3.4.6 /home/travis/virtualenv/python3.4.6/bin/python
data: /home/travis/build/python/mypy/test-data/unit/fine-grained.test:948:
/home/travis/build/python/mypy/mypy/test/testfinegrained.py:54: in run_case
    steps = testcase.find_steps()
/home/travis/build/python/mypy/mypy/test/data.py:329: in find_steps
    module = module_from_path(target_path)
/home/travis/build/python/mypy/mypy/test/data.py:345: in module_from_path
    assert parts[0] == test_temp_dir
E   NameError: name 'test_temp_dir' is not defined
[31m[1m________________________ testInitialBatchGeneratedError ________________________[0m
[gw6] linux -- Python 3.4.6 /home/travis/virtualenv/python3.4.6/bin/python
data: /home/travis/build/python/mypy/test-data/unit/fine-grained.test:335:
/home/travis/build/python/mypy/mypy/test/testfinegrained.py:54: in run_case
    steps = testcase.find_steps()
/home/travis/build/python/mypy/mypy/test/data.py:329: in find_steps
    module = module_from_path(target_path)
/home/travis/build/python/mypy/mypy/test/data.py:345: in module_from_path
    assert parts[0] == test_temp_dir
E   NameError: name 'test_temp_dir' is not defined
[31m[1m_________________ testFunctionSelfReferenceThroughImportCycle __________________[0m
[gw5] linux -- Python 3.4.6 /home/travis/virtualenv/python3.4.6/bin/python
data: /home/travis/build/python/mypy/test-data/unit/fine-grained-cycles.test:6:
/home/travis/build/python/mypy/mypy/test/testfinegrained.py:54: in run_case
    steps = testcase.find_steps()
/home/travis/build/python/mypy/mypy/test/data.py:329: in find_steps
    module = module_from_path(target_path)
/home/travis/build/python/mypy/mypy/test/data.py:345: in module_from_path
    assert parts[0] == test_temp_dir
E   NameError: name 'test_temp_dir' is not defined
[31m[1m___________________ testClassSelfReferenceThroughImportCycle ___________________[0m
[gw5] linux -- Python 3.4.6 /home/travis/virtualenv/python3.4.6/bin/python
data: /home/travis/build/python/mypy/test-data/unit/fine-grained-cycles.test:24:
/home/travis/build/python/mypy/mypy/test/testfinegrained.py:54: in run_case
    steps = testcase.find_steps()
/home/travis/build/python/mypy/mypy/test/data.py:329: in find_steps
    module = module_from_path(target_path)
/home/travis/build/python/mypy/mypy/test/data.py:345: in module_from_path
    assert parts[0] == test_temp_dir
E   NameError: name 'test_temp_dir' is not defined
[31m[1m______________________ testKeepReportingErrorIfNoChanges _______________________[0m
[gw6] linux -- Python 3.4.6 /home/travis/virtualenv/python3.4.6/bin/python
data: /home/travis/build/python/mypy/test-data/unit/fine-grained.test:356:
/home/travis/build/python/mypy/mypy/test/testfinegrained.py:54: in run_case
    steps = testcase.find_steps()
/home/travis/build/python/mypy/mypy/test/data.py:329: in find_steps
    module = module_from_path(target_path)
/home/travis/build/python/mypy/mypy/test/data.py:345: in module_from_path
    assert parts[0] == test_temp_dir
E   NameError: name 'test_temp_dir' is not defined
[31m[1m________________ testAnnotationSelfReferenceThroughImportCycle _________________[0m
[gw5] linux -- Python 3.4.6 /home/travis/virtualenv/python3.4.6/bin/python
data: /home/travis/build/python/mypy/test-data/unit/fine-grained-cycles.test:48:
/home/travis/build/python/mypy/mypy/test/testfinegrained.py:54: in run_case
    steps = testcase.find_steps()
/home/travis/build/python/mypy/mypy/test/data.py:329: in find_steps
    module = module_from_path(target_path)
/home/travis/build/python/mypy/mypy/test/data.py:345: in module_from_path
    assert parts[0] == test_temp_dir
E   NameError: name 'test_temp_dir' is not defined
[31m[1m__________________________ testFixErrorAndReintroduce __________________________[0m
[gw6] linux -- Python 3.4.6 /home/travis/virtualenv/python3.4.6/bin/python
data: /home/travis/build/python/mypy/test-data/unit/fine-grained.test:368:
/home/travis/build/python/mypy/mypy/test/testfinegrained.py:54: in run_case
    steps = testcase.find_steps()
/home/travis/build/python/mypy/mypy/test/data.py:329: in find_steps
    module = module_from_path(target_path)
/home/travis/build/python/mypy/mypy/test/data.py:345: in module_from_path
    assert parts[0] == test_temp_dir
E   NameError: name 'test_temp_dir' is not defined
[31m[1m__________________ testModuleSelfReferenceThroughImportCycle ___________________[0m
[gw5] linux -- Python 3.4.6 /home/travis/virtualenv/python3.4.6/bin/python
data: /home/travis/build/python/mypy/test-data/unit/fine-grained-cycles.test:76:
/home/travis/build/python/mypy/mypy/test/testfinegrained.py:54: in run_case
    steps = testcase.find_steps()
/home/travis/build/python/mypy/mypy/test/data.py:329: in find_steps
    module = module_from_path(target_path)
/home/travis/build/python/mypy/mypy/test/data.py:345: in module_from_path
    assert parts[0] == test_temp_dir
E   NameError: name 'test_temp_dir' is not defined
[31m[1m_________________ testVariableSelfReferenceThroughImportCycle __________________[0m
[gw5] linux -- Python 3.4.6 /home/travis/virtualenv/python3.4.6/bin/python
data: /home/travis/build/python/mypy/test-data/unit/fine-grained-cycles.test:94:
/home/travis/build/python/mypy/mypy/test/testfinegrained.py:54: in run_case
    steps = testcase.find_steps()
/home/travis/build/python/mypy/mypy/test/data.py:329: in find_steps
    module = module_from_path(target_path)
/home/travis/build/python/mypy/mypy/test/data.py:345: in module_from_path
    assert parts[0] == test_temp_dir
E   NameError: name 'test_temp_dir' is not defined
[31m[1m_________________ testAddBaseClassMethodCausingInvalidOverride _________________[0m
[gw6] linux -- Python 3.4.6 /home/travis/virtualenv/python3.4.6/bin/python
data: /home/travis/build/python/mypy/test-data/unit/fine-grained.test:383:
/home/travis/build/python/mypy/mypy/test/testfinegrained.py:54: in run_case
    steps = testcase.find_steps()
/home/travis/build/python/mypy/mypy/test/data.py:329: in find_steps
    module = module_from_path(target_path)
/home/travis/build/python/mypy/mypy/test/data.py:345: in module_from_path
    assert parts[0] == test_temp_dir
E   NameError: name 'test_temp_dir' is not defined
[31m[1m_______________________ testReferenceToTypeThroughCycle ________________________[0m
[gw5] linux -- Python 3.4.6 /home/travis/virtualenv/python3.4.6/bin/python
data: /home/travis/build/python/mypy/test-data/unit/fine-grained-cycles.test:116:
/home/travis/build/python/mypy/mypy/test/testfinegrained.py:54: in run_case
    steps = testcase.find_steps()
/home/travis/build/python/mypy/mypy/test/data.py:329: in find_steps
    module = module_from_path(target_path)
/home/travis/build/python/mypy/mypy/test/data.py:345: in module_from_path
    assert parts[0] == test_temp_dir
E   NameError: name 'test_temp_dir' is not defined
[31m[1m_________________ testReferenceToTypeThroughCycleAndDeleteType _________________[0m
[gw5] linux -- Python 3.4.6 /home/travis/virtualenv/python3.4.6/bin/python
data: /home/travis/build/python/mypy/test-data/unit/fine-grained-cycles.test:148:
/home/travis/build/python/mypy/mypy/test/testfinegrained.py:54: in run_case
    steps = testcase.find_steps()
/home/travis/build/python/mypy/mypy/test/data.py:329: in find_steps
    module = module_from_path(target_path)
/home/travis/build/python/mypy/mypy/test/data.py:345: in module_from_path
    assert parts[0] == test_temp_dir
E   NameError: name 'test_temp_dir' is not defined
[31m[1m____________ testReferenceToTypeThroughCycleAndReplaceWithFunction _____________[0m
[gw5] linux -- Python 3.4.6 /home/travis/virtualenv/python3.4.6/bin/python
data: /home/travis/build/python/mypy/test-data/unit/fine-grained-cycles.test:177:
/home/travis/build/python/mypy/mypy/test/testfinegrained.py:54: in run_case
    steps = testcase.find_steps()
/home/travis/build/python/mypy/mypy/test/data.py:329: in find_steps
    module = module_from_path(target_path)
/home/travis/build/python/mypy/mypy/test/data.py:345: in module_from_path
    assert parts[0] == test_temp_dir
E   NameError: name 'test_temp_dir' is not defined
[31m[1m________________________________ testParseError ________________________________[0m
[gw5] linux -- Python 3.4.6 /home/travis/virtualenv/python3.4.6/bin/python
data: /home/travis/build/python/mypy/test-data/unit/fine-grained-blockers.test:11:
/home/travis/build/python/mypy/mypy/test/testfinegrained.py:54: in run_case
    steps = testcase.find_steps()
/home/travis/build/python/mypy/mypy/test/data.py:329: in find_steps
    module = module_from_path(target_path)
/home/travis/build/python/mypy/mypy/test/data.py:345: in module_from_path
    assert parts[0] == test_temp_dir
E   NameError: name 'test_temp_dir' is not defined
[31m[1m_________________________ testParseErrorMultipleTimes __________________________[0m
[gw5] linux -- Python 3.4.6 /home/travis/virtualenv/python3.4.6/bin/python
data: /home/travis/build/python/mypy/test-data/unit/fine-grained-blockers.test:29:
/home/travis/build/python/mypy/mypy/test/testfinegrained.py:54: in run_case
    steps = testcase.find_steps()
/home/travis/build/python/mypy/mypy/test/data.py:329: in find_steps
    module = module_from_path(target_path)
/home/travis/build/python/mypy/mypy/test/data.py:345: in module_from_path
    assert parts[0] == test_temp_dir
E   NameError: name 'test_temp_dir' is not defined
[31m[1m______________________ testSemanticAnalysisBlockingError _______________________[0m
[gw5] linux -- Python 3.4.6 /home/travis/virtualenv/python3.4.6/bin/python
data: /home/travis/build/python/mypy/test-data/unit/fine-grained-blockers.test:49:
/home/travis/build/python/mypy/mypy/test/testfinegrained.py:54: in run_case
    steps = testcase.find_steps()
/home/travis/build/python/mypy/mypy/test/data.py:329: in find_steps
    module = module_from_path(target_path)
/home/travis/build/python/mypy/mypy/test/data.py:345: in module_from_path
    assert parts[0] == test_temp_dir
E   NameError: name 'test_temp_dir' is not defined
[31m[1m______________________ testBlockingErrorWithPreviousError ______________________[0m
[gw5] linux -- Python 3.4.6 /home/travis/virtualenv/python3.4.6/bin/python
data: /home/travis/build/python/mypy/test-data/unit/fine-grained-blockers.test:65:
/home/travis/build/python/mypy/mypy/test/testfinegrained.py:54: in run_case
    steps = testcase.find_steps()
/home/travis/build/python/mypy/mypy/test/data.py:329: in find_steps
    module = module_from_path(target_path)
/home/travis/build/python/mypy/mypy/test/data.py:345: in module_from_path
    assert parts[0] == test_temp_dir
E   NameError: name 'test_temp_dir' is not defined
[31m[1m_________________ testUpdateClassReferenceAcrossBlockingError __________________[0m
[gw5] linux -- Python 3.4.6 /home/travis/virtualenv/python3.4.6/bin/python
data: /home/travis/build/python/mypy/test-data/unit/fine-grained-blockers.test:88:
/home/travis/build/python/mypy/mypy/test/testfinegrained.py:54: in run_case
    steps = testcase.find_steps()
/home/travis/build/python/mypy/mypy/test/data.py:329: in find_steps
    module = module_from_path(target_path)
/home/travis/build/python/mypy/mypy/test/data.py:345: in module_from_path
    assert parts[0] == test_temp_dir
E   NameError: name 'test_temp_dir' is not defined
[31m[1m_________________________________ testAddFile __________________________________[0m
[gw5] linux -- Python 3.4.6 /home/travis/virtualenv/python3.4.6/bin/python
data: /home/travis/build/python/mypy/test-data/unit/fine-grained-modules.test:16:
/home/travis/build/python/mypy/mypy/test/testfinegrained.py:54: in run_case
    steps = testcase.find_steps()
/home/travis/build/python/mypy/mypy/test/data.py:329: in find_steps
    module = module_from_path(target_path)
/home/travis/build/python/mypy/mypy/test/data.py:345: in module_from_path
    assert parts[0] == test_temp_dir
E   NameError: name 'test_temp_dir' is not defined
[31m[1m____________________________ testAddFileWithErrors _____________________________[0m
[gw5] linux -- Python 3.4.6 /home/travis/virtualenv/python3.4.6/bin/python
data: /home/travis/build/python/mypy/test-data/unit/fine-grained-modules.test:29:
/home/travis/build/python/mypy/mypy/test/testfinegrained.py:54: in run_case
    steps = testcase.find_steps()
/home/travis/build/python/mypy/mypy/test/data.py:329: in find_steps
    module = module_from_path(target_path)
/home/travis/build/python/mypy/mypy/test/data.py:345: in module_from_path
    assert parts[0] == test_temp_dir
E   NameError: name 'test_temp_dir' is not defined
[31m[1m____________________________ testAddFileFixesError _____________________________[0m
[gw5] linux -- Python 3.4.6 /home/travis/virtualenv/python3.4.6/bin/python
data: /home/travis/build/python/mypy/test-data/unit/fine-grained-modules.test:48:
/home/travis/build/python/mypy/mypy/test/testfinegrained.py:54: in run_case
    steps = testcase.find_steps()
/home/travis/build/python/mypy/mypy/test/data.py:329: in find_steps
    module = module_from_path(target_path)
/home/travis/build/python/mypy/mypy/test/data.py:345: in module_from_path
    assert parts[0] == test_temp_dir
E   NameError: name 'test_temp_dir' is not defined
[31m[1m______________________ testAddFileFixesAndGeneratesError _______________________[0m
[gw5] linux -- Python 3.4.6 /home/travis/virtualenv/python3.4.6/bin/python
data: /home/travis/build/python/mypy/test-data/unit/fine-grained-modules.test:62:
/home/travis/build/python/mypy/mypy/test/testfinegrained.py:54: in run_case
    steps = testcase.find_steps()
/home/travis/build/python/mypy/mypy/test/data.py:329: in find_steps
    module = module_from_path(target_path)
/home/travis/build/python/mypy/mypy/test/data.py:345: in module_from_path
    assert parts[0] == test_temp_dir
E   NameError: name 'test_temp_dir' is not defined
[31m[1m__________________________ testAddFilePreservesError1 __________________________[0m
[gw5] linux -- Python 3.4.6 /home/travis/virtualenv/python3.4.6/bin/python
data: /home/travis/build/python/mypy/test-data/unit/fine-grained-modules.test:82:
/home/travis/build/python/mypy/mypy/test/testfinegrained.py:54: in run_case
    steps = testcase.find_steps()
/home/travis/build/python/mypy/mypy/test/data.py:329: in find_steps
    module = module_from_path(target_path)
/home/travis/build/python/mypy/mypy/test/data.py:345: in module_from_path
    assert parts[0] == test_temp_dir
E   NameError: name 'test_temp_dir' is not defined
[31m[1m__________________________ testAddFilePreservesError2 __________________________[0m
[gw5] linux -- Python 3.4.6 /home/travis/virtualenv/python3.4.6/bin/python
data: /home/travis/build/python/mypy/test-data/unit/fine-grained-modules.test:98:
/home/travis/build/python/mypy/mypy/test/testfinegrained.py:54: in run_case
    steps = testcase.find_steps()
/home/travis/build/python/mypy/mypy/test/data.py:329: in find_steps
    module = module_from_path(target_path)
/home/travis/build/python/mypy/mypy/test/data.py:345: in module_from_path
    assert parts[0] == test_temp_dir
E   NameError: name 'test_temp_dir' is not defined
[31m[1m============= 88 failed, 4940 passed, 28 skipped in 301.96 seconds =============[0m
passed 0, failed 1, pending 127; running 0                                      

FAILURE  #0 pytest


passed 0, failed 1, pending 126; running 1                                      passed 0, failed 1, pending 125; running 2                                      passed 0, failed 1, pending 124; running 3                                      passed 0, failed 1, pending 123; running 4                                      passed 0, failed 1, pending 122; running 5                                      passed 0, failed 1, pending 121; running 6                                      passed 0, failed 1, pending 120; running 7                                      passed 0, failed 1, pending 119; running 8                                      passed 0, failed 1, pending 118; running 9                                      passed 0, failed 1, pending 117; running 10                                     passed 0, failed 1, pending 116; running 11                                     passed 0, failed 1, pending 115; running 12                                     passed 1, failed 1, pending 115; running 11                                     passed 1, failed 1, pending 114; running 12                                     passed 2, failed 1, pending 114; running 11                                     passed 2, failed 1, pending 113; running 12                                     passed 3, failed 1, pending 113; running 11                                     passed 3, failed 1, pending 112; running 12                                     passed 4, failed 1, pending 112; running 11                                     passed 4, failed 1, pending 111; running 12                                     passed 5, failed 1, pending 111; running 11                                     passed 5, failed 1, pending 110; running 12                                     passed 6, failed 1, pending 110; running 11                                     passed 6, failed 1, pending 109; running 12                                     passed 7, failed 1, pending 109; running 11                                     passed 7, failed 1, pending 108; running 12                                     passed 8, failed 1, pending 108; running 11                                     passed 8, failed 1, pending 107; running 12                                     passed 9, failed 1, pending 107; running 11                                     passed 9, failed 1, pending 106; running 12                                     passed 10, failed 1, pending 106; running 11                                    passed 10, failed 1, pending 105; running 12                                    passed 11, failed 1, pending 105; running 11                                    passed 11, failed 1, pending 104; running 12                                    passed 12, failed 1, pending 104; running 11                                    passed 12, failed 1, pending 103; running 12                                    passed 13, failed 1, pending 103; running 11                                    passed 13, failed 1, pending 102; running 12                                    passed 14, failed 1, pending 102; running 11                                    passed 14, failed 1, pending 101; running 12                                    passed 15, failed 1, pending 101; running 11                                    passed 15, failed 1, pending 100; running 12                                    passed 16, failed 1, pending 100; running 11                                    passed 16, failed 1, pending 99; running 12                                     passed 17, failed 1, pending 99; running 11                                     passed 17, failed 1, pending 98; running 12                                     passed 18, failed 1, pending 98; running 11                                     passed 18, failed 1, pending 97; running 12                                     passed 19, failed 1, pending 97; running 11                                     passed 19, failed 1, pending 96; running 12                                     passed 20, failed 1, pending 96; running 11                                     passed 20, failed 1, pending 95; running 12                                     passed 21, failed 1, pending 95; running 11                                     passed 21, failed 1, pending 94; running 12                                     passed 22, failed 1, pending 94; running 11                                     passed 22, failed 1, pending 93; running 12                                     passed 23, failed 1, pending 93; running 11                                     passed 23, failed 1, pending 92; running 12                                     passed 24, failed 1, pending 92; running 11                                     passed 24, failed 1, pending 91; running 12                                     passed 25, failed 1, pending 91; running 11                                     passed 25, failed 1, pending 90; running 12                                     passed 26, failed 1, pending 90; running 11                                     passed 26, failed 1, pending 89; running 12                                     passed 27, failed 1, pending 89; running 11                                     passed 27, failed 1, pending 88; running 12                                     passed 28, failed 1, pending 88; running 11                                     passed 28, failed 1, pending 87; running 12                                     passed 29, failed 1, pending 87; running 11                                     passed 29, failed 1, pending 86; running 12                                     passed 30, failed 1, pending 86; running 11                                     passed 30, failed 1, pending 85; running 12                                     passed 31, failed 1, pending 85; running 11                                     passed 31, failed 1, pending 84; running 12                                     passed 32, failed 1, pending 84; running 11                                     passed 32, failed 1, pending 83; running 12                                     passed 33, failed 1, pending 83; running 11                                     passed 33, failed 1, pending 82; running 12                                     passed 34, failed 1, pending 82; running 11                                     passed 34, failed 1, pending 81; running 12                                     passed 35, failed 1, pending 81; running 11                                     passed 35, failed 1, pending 80; running 12                                     passed 36, failed 1, pending 80; running 11                                     passed 36, failed 1, pending 79; running 12                                     passed 37, failed 1, pending 79; running 11                                     passed 37, failed 1, pending 78; running 12                                     passed 38, failed 1, pending 78; running 11                                     passed 38, failed 1, pending 77; running 12                                     passed 39, failed 1, pending 77; running 11                                     passed 39, failed 1, pending 76; running 12                                     passed 40, failed 1, pending 76; running 11                                     passed 40, failed 1, pending 75; running 12                                     passed 41, failed 1, pending 75; running 11                                     passed 41, failed 1, pending 74; running 12                                     passed 42, failed 1, pending 74; running 11                                     passed 42, failed 1, pending 73; running 12                                     passed 43, failed 1, pending 73; running 11                                     passed 43, failed 1, pending 72; running 12                                     passed 44, failed 1, pending 72; running 11                                     passed 44, failed 1, pending 71; running 12                                     passed 45, failed 1, pending 71; running 11                                     passed 45, failed 1, pending 70; running 12                                     passed 46, failed 1, pending 70; running 11                                     passed 46, failed 1, pending 69; running 12                                     passed 47, failed 1, pending 69; running 11                                     passed 47, failed 1, pending 68; running 12                                     passed 48, failed 1, pending 68; running 11                                     passed 48, failed 1, pending 67; running 12                                     passed 49, failed 1, pending 67; running 11                                     passed 49, failed 1, pending 66; running 12                                     passed 50, failed 1, pending 66; running 11                                     passed 50, failed 1, pending 65; running 12                                     passed 51, failed 1, pending 65; running 11                                     passed 51, failed 1, pending 64; running 12                                     passed 52, failed 1, pending 64; running 11                                     passed 52, failed 1, pending 63; running 12                                     passed 53, failed 1, pending 63; running 11                                     passed 53, failed 1, pending 62; running 12                                     passed 54, failed 1, pending 62; running 11                                     passed 54, failed 1, pending 61; running 12                                     passed 55, failed 1, pending 61; running 11                                     passed 55, failed 1, pending 60; running 12                                     passed 56, failed 1, pending 60; running 11                                     passed 56, failed 1, pending 59; running 12                                     passed 57, failed 1, pending 59; running 11                                     passed 57, failed 1, pending 58; running 12                                     passed 58, failed 1, pending 58; running 11                                     passed 58, failed 1, pending 57; running 12                                     passed 59, failed 1, pending 57; running 11                                     passed 59, failed 1, pending 56; running 12                                     passed 60, failed 1, pending 56; running 11                                     passed 60, failed 1, pending 55; running 12                                     passed 61, failed 1, pending 55; running 11                                     passed 61, failed 1, pending 54; running 12                                     passed 62, failed 1, pending 54; running 11                                     passed 62, failed 1, pending 53; running 12                                     passed 63, failed 1, pending 53; running 11                                     passed 63, failed 1, pending 52; running 12                                     passed 64, failed 1, pending 52; running 11                                     passed 64, failed 1, pending 51; running 12                                     passed 65, failed 1, pending 51; running 11                                     passed 65, failed 1, pending 50; running 12                                     passed 66, failed 1, pending 50; running 11                                     passed 66, failed 1, pending 49; running 12                                     passed 67, failed 1, pending 49; running 11                                     passed 67, failed 1, pending 48; running 12                                     passed 68, failed 1, pending 48; running 11                                     passed 68, failed 1, pending 47; running 12                                     passed 69, failed 1, pending 47; running 11                                     passed 69, failed 1, pending 46; running 12                                     passed 70, failed 1, pending 46; running 11                                     passed 70, failed 1, pending 45; running 12                                     passed 71, failed 1, pending 45; running 11                                     passed 71, failed 1, pending 44; running 12                                     passed 72, failed 1, pending 44; running 11                                     passed 72, failed 1, pending 43; running 12                                     passed 73, failed 1, pending 43; running 11                                     passed 73, failed 1, pending 42; running 12                                     passed 74, failed 1, pending 42; running 11                                     passed 74, failed 1, pending 41; running 12                                     passed 75, failed 1, pending 41; running 11                                     passed 75, failed 1, pending 40; running 12                                     passed 76, failed 1, pending 40; running 11                                     passed 76, failed 1, pending 39; running 12                                     passed 77, failed 1, pending 39; running 11                                     passed 77, failed 1, pending 38; running 12                                     passed 78, failed 1, pending 38; running 11                                     passed 78, failed 1, pending 37; running 12                                     passed 79, failed 1, pending 37; running 11                                     passed 79, failed 1, pending 36; running 12                                     passed 80, failed 1, pending 36; running 11                                     passed 80, failed 1, pending 35; running 12                                     passed 81, failed 1, pending 35; running 11                                     passed 81, failed 1, pending 34; running 12                                     passed 82, failed 1, pending 34; running 11                                     passed 82, failed 1, pending 33; running 12                                     passed 83, failed 1, pending 33; running 11                                     passed 83, failed 1, pending 32; running 12                                     passed 84, failed 1, pending 32; running 11                                     passed 84, failed 1, pending 31; running 12                                     passed 85, failed 1, pending 31; running 11                                     passed 85, failed 1, pending 30; running 12                                     passed 86, failed 1, pending 30; running 11                                     passed 86, failed 1, pending 29; running 12                                     passed 87, failed 1, pending 29; running 11                                     passed 87, failed 1, pending 28; running 12                                     passed 88, failed 1, pending 28; running 11                                     passed 88, failed 1, pending 27; running 12                                     passed 89, failed 1, pending 27; running 11                                     passed 89, failed 1, pending 26; running 12                                     passed 90, failed 1, pending 26; running 11                                     passed 90, failed 1, pending 25; running 12                                     passed 91, failed 1, pending 25; running 11                                     passed 91, failed 1, pending 24; running 12                                     passed 92, failed 1, pending 24; running 11                                     passed 92, failed 1, pending 23; running 12                                     passed 93, failed 1, pending 23; running 11                                     passed 93, failed 1, pending 22; running 12                                     passed 94, failed 1, pending 22; running 11                                     passed 94, failed 1, pending 21; running 12                                     passed 95, failed 1, pending 21; running 11                                     passed 95, failed 1, pending 20; running 12                                     passed 96, failed 1, pending 20; running 11                                     passed 96, failed 1, pending 19; running 12                                     passed 97, failed 1, pending 19; running 11                                     passed 97, failed 1, pending 18; running 12                                     passed 98, failed 1, pending 18; running 11                                     passed 98, failed 1, pending 17; running 12                                     passed 99, failed 1, pending 17; running 11                                     passed 99, failed 1, pending 16; running 12                                     passed 100, failed 1, pending 16; running 11                                    passed 100, failed 1, pending 15; running 12                                    passed 101, failed 1, pending 15; running 11                                    passed 101, failed 1, pending 14; running 12                                    passed 102, failed 1, pending 14; running 11                                    passed 102, failed 1, pending 13; running 12                                    passed 103, failed 1, pending 13; running 11                                    passed 103, failed 1, pending 12; running 12                                    passed 104, failed 1, pending 12; running 11                                    passed 104, failed 1, pending 11; running 12                                    passed 105, failed 1, pending 11; running 11                                    passed 105, failed 1, pending 10; running 12                                    passed 106, failed 1, pending 10; running 11                                    passed 106, failed 1, pending 9; running 12                                     passed 107, failed 1, pending 9; running 11                                     passed 107, failed 1, pending 8; running 12                                     passed 108, failed 1, pending 8; running 11                                     passed 108, failed 1, pending 7; running 12                                     passed 109, failed 1, pending 7; running 11                                     passed 109, failed 1, pending 6; running 12                                     passed 110, failed 1, pending 6; running 11                                     passed 110, failed 1, pending 5; running 12                                     passed 111, failed 1, pending 5; running 11                                     passed 111, failed 1, pending 4; running 12                                     passed 112, failed 1, pending 4; running 11                                     passed 112, failed 1, pending 3; running 12                                     passed 113, failed 1, pending 3; running 11                                     passed 113, failed 1, pending 2; running 12                                     passed 114, failed 1, pending 2; running 11                                     passed 114, failed 1, pending 1; running 12                                     passed 115, failed 1, pending 1; running 11                                     passed 115, failed 1, pending 0; running 12                                     passed 116, failed 1, pending 0; running 11                                     passed 117, failed 1, pending 0; running 10                                     passed 118, failed 1, pending 0; running 9                                      passed 119, failed 1, pending 0; running 8                                      passed 120, failed 1, pending 0; running 7                                      passed 121, failed 1, pending 0; running 6                                      passed 122, failed 1, pending 0; running 5                                      passed 123, failed 1, pending 0; running 4                                      passed 124, failed 1, pending 0; running 3                                      passed 125, failed 1, pending 0; running 2                                      passed 126, failed 1, pending 0; running 1                                      passed 127, failed 1, pending 0; running 0                                                                                                                      SUMMARY  1/128 tasks and 1/274 tests failed
 FAILURE pytest
SUMMARY  1/128 tasks and 1/274 tests failed
*** FAILURE ***
total runtime: 354.9156341659982 sec

travis_time:end:20013194:start=1511470329735584996,finish=1511470684781027247,duration=355045442251[0K
[31;1mThe command "python runtests.py -j12 -x lint -x package" exited with 1.[0m
travis_time:start:19c0d62a[0K$ if [[ $TRAVIS_PYTHON_VERSION == '3.6' ]]; then flake8; fi

travis_time:end:19c0d62a:start=1511470684786980607,finish=1511470684791558300,duration=4577693[0K
[32;1mThe command "if [[ $TRAVIS_PYTHON_VERSION == '3.6' ]]; then flake8; fi" exited with 0.[0m
travis_time:start:01ea9c48[0K$ if [[ $TRAVIS_PYTHON_VERSION == '3.5.1' ]]; then python runtests.py package; fi

travis_time:end:01ea9c48:start=1511470684797386423,finish=1511470684801997220,duration=4610797[0K
[32;1mThe command "if [[ $TRAVIS_PYTHON_VERSION == '3.5.1' ]]; then python runtests.py package; fi" exited with 0.[0m
travis_fold:start:cache.2[0Kstore build cache
travis_time:start:080b4fc6[0K
travis_time:end:080b4fc6:start=1511470684807927702,finish=1511470684812642652,duration=4714950[0Ktravis_time:start:030384f0[0K[32;1mchange detected (content changed, file is created, or file is deleted):
/home/travis/.cache/pip/http/0/1/3/4/f/0134f4b5f5dc24d5a2e17d657916561e530ab3e23e477f736932ec7a
/home/travis/.cache/pip/http/0/1/8/3/f/0183f4bedef6ace8b7028449ee07d629d2d739e6e6ca06c5ba39ce83
/home/travis/.cache/pip/http/0/c/7/8/c/0c78cc5ddccddcf3238359feeac7e1cddd59216d6ded4659cf5965cd
/home/travis/.cache/pip/http/0/e/0/a/b/0e0ab53e00e77082f3dbaac4909c2cd08e48803df6ad279051a370ed
/home/travis/.cache/pip/http/1/b/b/d/e/1bbde7f10876562f138fa536953ad413bfc645c4f5f79dd4f103eae5
/home/travis/.cache/pip/http/3/a/f/3/a/3af3addf06e983a6c02f46e7bea70c221d3ff95bf1418fa6da354e14
/home/travis/.cache/pip/http/3/d/0/7/9/3d0790aa6d8aba43447ad4d8fdc684c544812f2cc57ad084f4b1b2db
/home/travis/.cache/pip/http/4/0/6/e/9/406e9b27a390d51d6f5ba6446b20eddf170d46e00b171bdfa0fbde6b
/home/travis/.cache/pip/http/6/3/7/d/d/637ddeefd88d7cc4cd623d2cc6880ec9fbe18fc216d5628bd0493043
/home/travis/.cache/pip/http/6/6/a/8/2/66a824166d39267eb4dfa0ee80bb65a30106494f8240ec06d28ccc5c
/home/travis/.cache/pip/http/8/7/9/8/e/87
[0m
[32;1m...
[0m
[32;1mchanges detected, packing new archive[0m
[32;1muploading archive[0m

travis_time:end:030384f0:start=1511470684818356523,finish=1511470688558564009,duration=3740207486[0Ktravis_fold:end:cache.2[0K
Done. Your build exited with 1.
