travis_fold:start:worker_info[0K[33;1mWorker information[0m
hostname: 4aefb9e2-bd1e-41bc-a186-0febda7d4d09@1.i-01c3aa4-production-2-worker-org-ec2.travisci.net
version: v3.1.0 https://github.com/travis-ci/worker/tree/5b106cb773802277034d07b0a865af58d67bb1d2
instance: e898ce4:travisci/ci-garnet:packer-1503972846 (via amqp)
startup: 617.842282ms
travis_fold:end:worker_info[0Ktravis_fold:start:system_info[0K[33;1mBuild system information[0m
Build language: python
Build group: stable
Build dist: trusty
Build id: 290421735
Job id: 290421737
Runtime kernel version: 4.11.6-041106-generic
travis-build version: 3fd6c3fda
[34m[1mBuild image provisioning date and time[0m
Tue Aug 29 02:50:02 UTC 2017
[34m[1mOperating System Details[0m
Distributor ID:	Ubuntu
Description:	Ubuntu 14.04.5 LTS
Release:	14.04
Codename:	trusty
[34m[1mCookbooks Version[0m
4642454 https://github.com/travis-ci/travis-cookbooks/tree/4642454
[34m[1mgit version[0m
git version 2.14.1
[34m[1mbash version[0m
GNU bash, version 4.3.11(1)-release (x86_64-pc-linux-gnu)
[34m[1mgcc version[0m
gcc (Ubuntu 4.8.4-2ubuntu1~14.04.3) 4.8.4
Copyright (C) 2013 Free Software Foundation, Inc.
This is free software; see the source for copying conditions.  There is NO
warranty; not even for MERCHANTABILITY or FITNESS FOR A PARTICULAR PURPOSE.

[34m[1mdocker version[0m
Client:
 Version:      17.03.1-ce
 API version:  1.27
 Go version:   go1.7.5
 Git commit:   c6d412e
 Built:        Mon Mar 27 16:58:30 2017
 OS/Arch:      linux/amd64
[34m[1mclang version[0m
clang version 3.9.0 (tags/RELEASE_390/final)
Target: x86_64-unknown-linux-gnu
Thread model: posix
InstalledDir: /usr/local/clang-3.9.0/bin
[34m[1mjq version[0m
jq-1.5
[34m[1mbats version[0m
Bats 0.4.0
[34m[1mshellcheck version[0m
0.4.6
[34m[1mshfmt version[0m
v1.3.1
[34m[1mccache version[0m
ccache version 3.1.9

Copyright (C) 2002-2007 Andrew Tridgell
Copyright (C) 2009-2011 Joel Rosdahl

This program is free software; you can redistribute it and/or modify it under
the terms of the GNU General Public License as published by the Free Software
Foundation; either version 3 of the License, or (at your option) any later
version.
[34m[1mcmake version[0m
cmake version 3.2.2

CMake suite maintained and supported by Kitware (kitware.com/cmake).
[34m[1mheroku version[0m
heroku-cli/6.13.19-6cd27b3 (linux-x64) node-v8.3.0
[34m[1mimagemagick version[0m
Version: ImageMagick 6.7.7-10 2017-07-31 Q16 http://www.imagemagick.org
[34m[1mmd5deep version[0m
4.2
[34m[1mmercurial version[0m
Mercurial Distributed SCM (version 4.2.2)
(see https://mercurial-scm.org for more information)

Copyright (C) 2005-2017 Matt Mackall and others
This is free software; see the source for copying conditions. There is NO
warranty; not even for MERCHANTABILITY or FITNESS FOR A PARTICULAR PURPOSE.
[34m[1mmysql version[0m
mysql  Ver 14.14 Distrib 5.6.33, for debian-linux-gnu (x86_64) using  EditLine wrapper
[34m[1mopenssl version[0m
OpenSSL 1.0.1f 6 Jan 2014
[34m[1mpacker version[0m
Packer v1.0.2

Your version of Packer is out of date! The latest version
is 1.0.4. You can update by downloading from www.packer.io
[34m[1mpostgresql client version[0m
psql (PostgreSQL) 9.6.4
[34m[1mragel version[0m
Ragel State Machine Compiler version 6.8 Feb 2013
Copyright (c) 2001-2009 by Adrian Thurston
[34m[1msubversion version[0m
svn, version 1.8.8 (r1568071)
   compiled Aug 10 2017, 17:20:39 on x86_64-pc-linux-gnu

Copyright (C) 2013 The Apache Software Foundation.
This software consists of contributions made by many people;
see the NOTICE file for more information.
Subversion is open source software, see http://subversion.apache.org/

The following repository access (RA) modules are available:

* ra_svn : Module for accessing a repository using the svn network protocol.
  - with Cyrus SASL authentication
  - handles 'svn' scheme
* ra_local : Module for accessing a repository on local disk.
  - handles 'file' scheme
* ra_serf : Module for accessing a repository via WebDAV protocol using serf.
  - using serf 1.3.3
  - handles 'http' scheme
  - handles 'https' scheme

[34m[1msudo version[0m
Sudo version 1.8.9p5
Configure options: --prefix=/usr -v --with-all-insults --with-pam --with-fqdn --with-logging=syslog --with-logfac=authpriv --with-env-editor --with-editor=/usr/bin/editor --with-timeout=15 --with-password-timeout=0 --with-passprompt=[sudo] password for %p:  --without-lecture --with-tty-tickets --disable-root-mailer --enable-admin-flag --with-sendmail=/usr/sbin/sendmail --with-timedir=/var/lib/sudo --mandir=/usr/share/man --libexecdir=/usr/lib/sudo --with-sssd --with-sssd-lib=/usr/lib/x86_64-linux-gnu --with-selinux
Sudoers policy plugin version 1.8.9p5
Sudoers file grammar version 43

Sudoers path: /etc/sudoers
Authentication methods: 'pam'
Syslog facility if syslog is being used for logging: authpriv
Syslog priority to use when user authenticates successfully: notice
Syslog priority to use when user authenticates unsuccessfully: alert
Send mail if the user is not in sudoers
Use a separate timestamp for each user/tty combo
Lecture user the first time they run sudo
Root may run sudo
Allow some information gathering to give useful error messages
Require fully-qualified hostnames in the sudoers file
Visudo will honor the EDITOR environment variable
Set the LOGNAME and USER environment variables
Length at which to wrap log file lines (0 for no wrap): 80
Authentication timestamp timeout: 15.0 minutes
Password prompt timeout: 0.0 minutes
Number of tries to enter a password: 3
Umask to use or 0777 to use user's: 022
Path to mail program: /usr/sbin/sendmail
Flags for mail program: -t
Address to send mail to: root
Subject line for mail messages: *** SECURITY information for %h ***
Incorrect password message: Sorry, try again.
Path to authentication timestamp dir: /var/lib/sudo
Default password prompt: [sudo] password for %p: 
Default user to run commands as: root
Value to override user's $PATH with: /usr/local/sbin:/usr/local/bin:/usr/sbin:/usr/bin:/sbin:/bin:/snap/bin
Path to the editor for use by visudo: /usr/bin/editor
When to require a password for 'list' pseudocommand: any
When to require a password for 'verify' pseudocommand: all
File descriptors >= 3 will be closed before executing a command
Environment variables to check for sanity:
	TZ
	TERM
	LINGUAS
	LC_*
	LANGUAGE
	LANG
	COLORTERM
Environment variables to remove:
	RUBYOPT
	RUBYLIB
	PYTHONUSERBASE
	PYTHONINSPECT
	PYTHONPATH
	PYTHONHOME
	TMPPREFIX
	ZDOTDIR
	READNULLCMD
	NULLCMD
	FPATH
	PERL5DB
	PERL5OPT
	PERL5LIB
	PERLLIB
	PERLIO_DEBUG 
	JAVA_TOOL_OPTIONS
	SHELLOPTS
	GLOBIGNORE
	PS4
	BASH_ENV
	ENV
	TERMCAP
	TERMPATH
	TERMINFO_DIRS
	TERMINFO
	_RLD*
	LD_*
	PATH_LOCALE
	NLSPATH
	HOSTALIASES
	RES_OPTIONS
	LOCALDOMAIN
	CDPATH
	IFS
Environment variables to preserve:
	JAVA_HOME
	TRAVIS
	CI
	DEBIAN_FRONTEND
	XAUTHORIZATION
	XAUTHORITY
	PS2
	PS1
	PATH
	LS_COLORS
	KRB5CCNAME
	HOSTNAME
	HOME
	DISPLAY
	COLORS
Locale to use while parsing sudoers: C
Directory in which to store input/output logs: /var/log/sudo-io
File in which to store the input/output log: %{seq}
Add an entry to the utmp/utmpx file when allocating a pty
PAM service name to use
PAM service name to use for login shells
Create a new PAM session for the command to run in
Maximum I/O log sequence number: 0

Local IP address and netmask pairs:
	172.17.0.2/255.255.0.0

Sudoers I/O plugin version 1.8.9p5
[34m[1mgzip version[0m
gzip 1.6
Copyright (C) 2007, 2010, 2011 Free Software Foundation, Inc.
Copyright (C) 1993 Jean-loup Gailly.
This is free software.  You may redistribute copies of it under the terms of
the GNU General Public License <http://www.gnu.org/licenses/gpl.html>.
There is NO WARRANTY, to the extent permitted by law.

Written by Jean-loup Gailly.
[34m[1mzip version[0m
Copyright (c) 1990-2008 Info-ZIP - Type 'zip "-L"' for software license.
This is Zip 3.0 (July 5th 2008), by Info-ZIP.
Currently maintained by E. Gordon.  Please send bug reports to
the authors using the web page at www.info-zip.org; see README for details.

Latest sources and executables are at ftp://ftp.info-zip.org/pub/infozip,
as of above date; see http://www.info-zip.org/ for other sites.

Compiled with gcc 4.8.2 for Unix (Linux ELF) on Oct 21 2013.

Zip special compilation options:
	USE_EF_UT_TIME       (store Universal Time)
	BZIP2_SUPPORT        (bzip2 library version 1.0.6, 6-Sept-2010)
	    bzip2 code and library copyright (c) Julian R Seward
	    (See the bzip2 license for terms of use)
	SYMLINK_SUPPORT      (symbolic links supported)
	LARGE_FILE_SUPPORT   (can read and write large files on file system)
	ZIP64_SUPPORT        (use Zip64 to store large files in archives)
	UNICODE_SUPPORT      (store and read UTF-8 Unicode paths)
	STORE_UNIX_UIDs_GIDs (store UID/GID sizes/values using new extra field)
	UIDGID_NOT_16BIT     (old Unix 16-bit UID/GID extra field not used)
	[encryption, version 2.91 of 05 Jan 2007] (modified for Zip 3)

Encryption notice:
	The encryption code of this program is not copyrighted and is
	put in the public domain.  It was originally written in Europe
	and, to the best of our knowledge, can be freely distributed
	in both source and object forms from any country, including
	the USA under License Exception TSU of the U.S. Export
	Administration Regulations (section 740.13(e)) of 6 June 2002.

Zip environment options:
             ZIP:  [none]
          ZIPOPT:  [none]
[34m[1mvim version[0m
VIM - Vi IMproved 7.4 (2013 Aug 10, compiled Nov 24 2016 16:43:18)
Included patches: 1-52
Extra patches: 8.0.0056
Modified by pkg-vim-maintainers@lists.alioth.debian.org
Compiled by buildd@
Huge version without GUI.  Features included (+) or not (-):
+acl             +farsi           +mouse_netterm   +syntax
+arabic          +file_in_path    +mouse_sgr       +tag_binary
+autocmd         +find_in_path    -mouse_sysmouse  +tag_old_static
-balloon_eval    +float           +mouse_urxvt     -tag_any_white
-browse          +folding         +mouse_xterm     -tcl
++builtin_terms  -footer          +multi_byte      +terminfo
+byte_offset     +fork()          +multi_lang      +termresponse
+cindent         +gettext         -mzscheme        +textobjects
-clientserver    -hangul_input    +netbeans_intg   +title
-clipboard       +iconv           +path_extra      -toolbar
+cmdline_compl   +insert_expand   -perl            +user_commands
+cmdline_hist    +jumplist        +persistent_undo +vertsplit
+cmdline_info    +keymap          +postscript      +virtualedit
+comments        +langmap         +printer         +visual
+conceal         +libcall         +profile         +visualextra
+cryptv          +linebreak       +python          +viminfo
+cscope          +lispindent      -python3         +vreplace
+cursorbind      +listcmds        +quickfix        +wildignore
+cursorshape     +localmap        +reltime         +wildmenu
+dialog_con      -lua             +rightleft       +windows
+diff            +menu            -ruby            +writebackup
+digraphs        +mksession       +scrollbind      -X11
-dnd             +modify_fname    +signs           -xfontset
-ebcdic          +mouse           +smartindent     -xim
+emacs_tags      -mouseshape      -sniff           -xsmp
+eval            +mouse_dec       +startuptime     -xterm_clipboard
+ex_extra        +mouse_gpm       +statusline      -xterm_save
+extra_search    -mouse_jsbterm   -sun_workshop    -xpm
   system vimrc file: "$VIM/vimrc"
     user vimrc file: "$HOME/.vimrc"
 2nd user vimrc file: "~/.vim/vimrc"
      user exrc file: "$HOME/.exrc"
  fall-back for $VIM: "/usr/share/vim"
Compilation: gcc -c -I. -Iproto -DHAVE_CONFIG_H     -g -O2 -fstack-protector --param=ssp-buffer-size=4 -Wformat -Werror=format-security -U_FORTIFY_SOURCE -D_FORTIFY_SOURCE=1      
Linking: gcc   -Wl,-Bsymbolic-functions -Wl,-z,relro -Wl,--as-needed -o vim        -lm -ltinfo -lnsl  -lselinux  -lacl -lattr -lgpm -ldl    -L/usr/lib/python2.7/config-x86_64-linux-gnu -lpython2.7 -lpthread -ldl -lutil -lm -Xlinker -export-dynamic -Wl,-O1 -Wl,-Bsymbolic-functions      
[34m[1miptables version[0m
iptables v1.4.21
[34m[1mcurl version[0m
curl 7.35.0 (x86_64-pc-linux-gnu) libcurl/7.35.0 OpenSSL/1.0.1f zlib/1.2.8 libidn/1.28 librtmp/2.3
[34m[1mwget version[0m
GNU Wget 1.15 built on linux-gnu.
[34m[1mrsync version[0m
rsync  version 3.1.0  protocol version 31
[34m[1mgimme version[0m
v1.2.0
[34m[1mnvm version[0m
0.33.2
[34m[1mperlbrew version[0m
/home/travis/perl5/perlbrew/bin/perlbrew  - App::perlbrew/0.80
[34m[1mphpenv version[0m
rbenv 1.1.1-4-g4ebd1bd
[34m[1mrvm version[0m
rvm 1.29.2 (latest) by Michal Papis, Piotr Kuczynski, Wayne E. Seguin [https://rvm.io/]
[34m[1mdefault ruby version[0m
ruby 2.4.1p111 (2017-03-22 revision 58053) [x86_64-linux]
[34m[1mCouchDB version[0m
couchdb 1.6.1
[34m[1mElasticSearch version[0m
5.5.0
[34m[1mInstalled Firefox version[0m
firefox 55.0.2
[34m[1mMongoDB version[0m
MongoDB 3.2.16
[34m[1mPre-installed PostgreSQL versions[0m
9.2.22
9.3.18
9.4.13
9.5.8
9.6.4
[34m[1mRabbitMQ Version[0m
3.6.11
[34m[1mRedis version[0m
redis-server 4.0.1
[34m[1mriak version[0m
2.2.3
[34m[1mPre-installed Go versions[0m
1.7.4
[34m[1mant version[0m
Apache Ant(TM) version 1.9.3 compiled on April 8 2014
[34m[1mmvn version[0m
Apache Maven 3.5.0 (ff8f5e7444045639af65f6095c62210b5713f426; 2017-04-03T19:39:06Z)
Maven home: /usr/local/maven-3.5.0
Java version: 1.8.0_144, vendor: Oracle Corporation
Java home: /usr/lib/jvm/java-8-oracle/jre
Default locale: en_US, platform encoding: UTF-8
OS name: "linux", version: "4.4.0-92-generic", arch: "amd64", family: "unix"
[34m[1mgradle version[0m

------------------------------------------------------------
Gradle 4.0.1
------------------------------------------------------------

Build time:   2017-07-07 14:02:41 UTC
Revision:     38e5dc0f772daecca1d2681885d3d85414eb6826

Groovy:       2.4.11
Ant:          Apache Ant(TM) version 1.9.6 compiled on June 29 2015
JVM:          1.8.0_144 (Oracle Corporation 25.144-b01)
OS:           Linux 4.4.0-92-generic amd64

[34m[1mlein version[0m
WARNING: You're currently running as root; probably by accident.
Press control-C to abort or Enter to continue as root.
Set LEIN_ROOT to disable this warning.
Leiningen 2.7.1 on Java 1.8.0_144 Java HotSpot(TM) 64-Bit Server VM
[34m[1mPre-installed Node.js versions[0m
v4.8.4
v6.11.2
v6.9.4
v7.4.0
v8.4
[34m[1mphpenv versions[0m
  system
  5.6
* 5.6.31 (set by /home/travis/.phpenv/version)
  7.0
  7.0.22
  hhvm
  hhvm-stable
[34m[1mcomposer --version[0m
Composer version 1.4.2 2017-05-17 08:17:52
[34m[1mPre-installed Ruby versions[0m
ruby-2.2.7
ruby-2.3.4
ruby-2.4.1
travis_fold:end:system_info[0K
removed â€˜/etc/apt/sources.list.d/basho_riak.listâ€™
W: GPG error: http://repo.mongodb.org/apt/ubuntu trusty/mongodb-org/3.2 Release: The following signatures were invalid: KEYEXPIRED 1507497109
W: The repository 'http://repo.mongodb.org/apt/ubuntu trusty/mongodb-org/3.2 Release' is not signed.
W: http://dl.hhvm.com/ubuntu/dists/trusty/InRelease: Signature by key 36AEF64D0207E7EEE352D4875A16E7281BE7A449 uses weak digest algorithm (SHA1)
W: http://ppa.launchpad.net/couchdb/stable/ubuntu/dists/trusty/Release.gpg: Signature by key 15866BAFD9BCC4F3C1E0DFC7D69548E1C17EAB57 uses weak digest algorithm (SHA1)
Executing: /tmp/tmp.d4cImAFY3d/gpg.1.sh --keyserver
hkp://keyserver.ubuntu.com:80
--recv
EA312927
gpg: requesting key EA312927 from hkp server keyserver.ubuntu.com
gpg: key EA312927: "MongoDB 3.2 Release Signing Key <packaging@mongodb.com>" 1 new signature
gpg: Total number processed: 1
gpg:         new signatures: 1
[33;1m3.4 is not installed; attempting download[0m
[33;1mDownloading archive: https://s3.amazonaws.com/travis-python-archives/binaries/ubuntu/14.04/x86_64/python-3.4.tar.bz2[0m
$ sudo tar xjf python-3.4.tar.bz2 --directory /
travis_fold:start:git.checkout[0Ktravis_time:start:14d1e248[0K$ git clone --depth=50 --branch=master https://github.com/python/mypy.git python/mypy
Cloning into 'python/mypy'...
remote: Counting objects: 761, done.[K
remote: Compressing objects:   0% (1/548)   [Kremote: Compressing objects:   1% (6/548)   [Kremote: Compressing objects:   2% (11/548)   [Kremote: Compressing objects:   3% (17/548)   [Kremote: Compressing objects:   4% (22/548)   [Kremote: Compressing objects:   5% (28/548)   [Kremote: Compressing objects:   6% (33/548)   [Kremote: Compressing objects:   7% (39/548)   [Kremote: Compressing objects:   8% (44/548)   [Kremote: Compressing objects:   9% (50/548)   [Kremote: Compressing objects:  10% (55/548)   [Kremote: Compressing objects:  11% (61/548)   [Kremote: Compressing objects:  12% (66/548)   [Kremote: Compressing objects:  13% (72/548)   [Kremote: Compressing objects:  14% (77/548)   [Kremote: Compressing objects:  15% (83/548)   [Kremote: Compressing objects:  16% (88/548)   [Kremote: Compressing objects:  17% (94/548)   [Kremote: Compressing objects:  18% (99/548)   [Kremote: Compressing objects:  19% (105/548)   [Kremote: Compressing objects:  20% (110/548)   [Kremote: Compressing objects:  21% (116/548)   [Kremote: Compressing objects:  22% (121/548)   [Kremote: Compressing objects:  23% (127/548)   [Kremote: Compressing objects:  24% (132/548)   [Kremote: Compressing objects:  25% (137/548)   [Kremote: Compressing objects:  26% (143/548)   [Kremote: Compressing objects:  27% (148/548)   [Kremote: Compressing objects:  28% (154/548)   [Kremote: Compressing objects:  29% (159/548)   [Kremote: Compressing objects:  30% (165/548)   [Kremote: Compressing objects:  31% (170/548)   [Kremote: Compressing objects:  32% (176/548)   [Kremote: Compressing objects:  33% (181/548)   [Kremote: Compressing objects:  34% (187/548)   [Kremote: Compressing objects:  35% (192/548)   [Kremote: Compressing objects:  36% (198/548)   [Kremote: Compressing objects:  37% (203/548)   [Kremote: Compressing objects:  38% (209/548)   [Kremote: Compressing objects:  39% (214/548)   [Kremote: Compressing objects:  40% (220/548)   [Kremote: Compressing objects:  41% (225/548)   [Kremote: Compressing objects:  42% (231/548)   [Kremote: Compressing objects:  43% (236/548)   [Kremote: Compressing objects:  44% (242/548)   [Kremote: Compressing objects:  45% (247/548)   [Kremote: Compressing objects:  46% (253/548)   [Kremote: Compressing objects:  47% (258/548)   [Kremote: Compressing objects:  48% (264/548)   [Kremote: Compressing objects:  49% (269/548)   [Kremote: Compressing objects:  50% (274/548)   [Kremote: Compressing objects:  51% (280/548)   [Kremote: Compressing objects:  52% (285/548)   [Kremote: Compressing objects:  53% (291/548)   [Kremote: Compressing objects:  54% (296/548)   [Kremote: Compressing objects:  55% (302/548)   [Kremote: Compressing objects:  56% (307/548)   [Kremote: Compressing objects:  57% (313/548)   [Kremote: Compressing objects:  58% (318/548)   [Kremote: Compressing objects:  59% (324/548)   [Kremote: Compressing objects:  60% (329/548)   [Kremote: Compressing objects:  61% (335/548)   [Kremote: Compressing objects:  62% (340/548)   [Kremote: Compressing objects:  63% (346/548)   [Kremote: Compressing objects:  64% (351/548)   [Kremote: Compressing objects:  65% (357/548)   [Kremote: Compressing objects:  66% (362/548)   [Kremote: Compressing objects:  67% (368/548)   [Kremote: Compressing objects:  68% (373/548)   [Kremote: Compressing objects:  69% (379/548)   [Kremote: Compressing objects:  70% (384/548)   [Kremote: Compressing objects:  71% (390/548)   [Kremote: Compressing objects:  72% (395/548)   [Kremote: Compressing objects:  73% (401/548)   [Kremote: Compressing objects:  74% (406/548)   [Kremote: Compressing objects:  75% (411/548)   [Kremote: Compressing objects:  76% (417/548)   [Kremote: Compressing objects:  77% (422/548)   [Kremote: Compressing objects:  78% (428/548)   [Kremote: Compressing objects:  79% (433/548)   [Kremote: Compressing objects:  80% (439/548)   [Kremote: Compressing objects:  81% (444/548)   [Kremote: Compressing objects:  82% (450/548)   [Kremote: Compressing objects:  83% (455/548)   [Kremote: Compressing objects:  84% (461/548)   [Kremote: Compressing objects:  85% (466/548)   [Kremote: Compressing objects:  86% (472/548)   [Kremote: Compressing objects:  87% (477/548)   [Kremote: Compressing objects:  88% (483/548)   [Kremote: Compressing objects:  89% (488/548)   [Kremote: Compressing objects:  90% (494/548)   [Kremote: Compressing objects:  91% (499/548)   [Kremote: Compressing objects:  92% (505/548)   [Kremote: Compressing objects:  93% (510/548)   [Kremote: Compressing objects:  94% (516/548)   [Kremote: Compressing objects:  95% (521/548)   [Kremote: Compressing objects:  96% (527/548)   [Kremote: Compressing objects:  97% (532/548)   [Kremote: Compressing objects:  98% (538/548)   [Kremote: Compressing objects:  99% (543/548)   [Kremote: Compressing objects: 100% (548/548)   [Kremote: Compressing objects: 100% (548/548), done.[K
Receiving objects:   0% (1/761)   Receiving objects:   1% (8/761)   Receiving objects:   2% (16/761)   Receiving objects:   3% (23/761)   Receiving objects:   4% (31/761)   Receiving objects:   5% (39/761)   Receiving objects:   6% (46/761)   Receiving objects:   7% (54/761)   Receiving objects:   8% (61/761)   Receiving objects:   9% (69/761)   Receiving objects:  10% (77/761)   Receiving objects:  11% (84/761)   Receiving objects:  12% (92/761)   Receiving objects:  13% (99/761)   Receiving objects:  14% (107/761)   Receiving objects:  15% (115/761)   Receiving objects:  16% (122/761)   Receiving objects:  17% (130/761)   Receiving objects:  18% (137/761)   Receiving objects:  19% (145/761)   Receiving objects:  20% (153/761)   Receiving objects:  21% (160/761)   Receiving objects:  22% (168/761)   Receiving objects:  23% (176/761)   Receiving objects:  24% (183/761)   Receiving objects:  25% (191/761)   Receiving objects:  26% (198/761)   Receiving objects:  27% (206/761)   Receiving objects:  28% (214/761)   Receiving objects:  29% (221/761)   Receiving objects:  30% (229/761)   Receiving objects:  31% (236/761)   Receiving objects:  32% (244/761)   Receiving objects:  33% (252/761)   Receiving objects:  34% (259/761)   Receiving objects:  35% (267/761)   Receiving objects:  36% (274/761)   Receiving objects:  37% (282/761)   Receiving objects:  38% (290/761)   Receiving objects:  39% (297/761)   Receiving objects:  40% (305/761)   Receiving objects:  41% (313/761)   Receiving objects:  42% (320/761)   Receiving objects:  43% (328/761)   Receiving objects:  44% (335/761)   Receiving objects:  45% (343/761)   Receiving objects:  46% (351/761)   Receiving objects:  47% (358/761)   Receiving objects:  48% (366/761)   Receiving objects:  49% (373/761)   Receiving objects:  50% (381/761)   Receiving objects:  51% (389/761)   Receiving objects:  52% (396/761)   Receiving objects:  53% (404/761)   Receiving objects:  54% (411/761)   Receiving objects:  55% (419/761)   Receiving objects:  56% (427/761)   Receiving objects:  57% (434/761)   Receiving objects:  58% (442/761)   Receiving objects:  59% (449/761)   Receiving objects:  60% (457/761)   Receiving objects:  61% (465/761)   Receiving objects:  62% (472/761)   Receiving objects:  63% (480/761)   Receiving objects:  64% (488/761)   Receiving objects:  65% (495/761)   Receiving objects:  66% (503/761)   Receiving objects:  67% (510/761)   Receiving objects:  68% (518/761)   Receiving objects:  69% (526/761)   Receiving objects:  70% (533/761)   Receiving objects:  71% (541/761)   Receiving objects:  72% (548/761)   Receiving objects:  73% (556/761)   Receiving objects:  74% (564/761)   Receiving objects:  75% (571/761)   Receiving objects:  76% (579/761)   Receiving objects:  77% (586/761)   Receiving objects:  78% (594/761)   Receiving objects:  79% (602/761)   Receiving objects:  80% (609/761)   Receiving objects:  81% (617/761)   Receiving objects:  82% (625/761)   Receiving objects:  83% (632/761)   Receiving objects:  84% (640/761)   Receiving objects:  85% (647/761)   Receiving objects:  86% (655/761)   Receiving objects:  87% (663/761)   Receiving objects:  88% (670/761)   Receiving objects:  89% (678/761)   Receiving objects:  90% (685/761)   Receiving objects:  91% (693/761)   Receiving objects:  92% (701/761)   Receiving objects:  93% (708/761)   remote: Total 761 (delta 322), reused 378 (delta 199), pack-reused 0[K
Receiving objects:  94% (716/761)   Receiving objects:  95% (723/761)   Receiving objects:  96% (731/761)   Receiving objects:  97% (739/761)   Receiving objects:  98% (746/761)   Receiving objects:  99% (754/761)   Receiving objects: 100% (761/761)   Receiving objects: 100% (761/761), 1.11 MiB | 11.65 MiB/s, done.
Resolving deltas:   0% (0/322)   Resolving deltas:   1% (4/322)   Resolving deltas:   2% (7/322)   Resolving deltas:   7% (23/322)   Resolving deltas:   9% (30/322)   Resolving deltas:  11% (38/322)   Resolving deltas:  17% (55/322)   Resolving deltas:  18% (58/322)   Resolving deltas:  19% (63/322)   Resolving deltas:  20% (65/322)   Resolving deltas:  22% (71/322)   Resolving deltas:  24% (80/322)   Resolving deltas:  33% (107/322)   Resolving deltas:  34% (110/322)   Resolving deltas:  36% (116/322)   Resolving deltas:  37% (120/322)   Resolving deltas:  38% (123/322)   Resolving deltas:  39% (126/322)   Resolving deltas:  40% (131/322)   Resolving deltas:  43% (141/322)   Resolving deltas:  47% (152/322)   Resolving deltas:  48% (155/322)   Resolving deltas:  49% (158/322)   Resolving deltas:  50% (161/322)   Resolving deltas:  51% (167/322)   Resolving deltas:  52% (168/322)   Resolving deltas:  53% (172/322)   Resolving deltas:  54% (176/322)   Resolving deltas:  55% (178/322)   Resolving deltas:  56% (181/322)   Resolving deltas:  57% (186/322)   Resolving deltas:  58% (188/322)   Resolving deltas:  59% (192/322)   Resolving deltas:  60% (194/322)   Resolving deltas:  67% (216/322)   Resolving deltas:  73% (237/322)   Resolving deltas:  75% (242/322)   Resolving deltas:  76% (247/322)   Resolving deltas:  77% (248/322)   Resolving deltas:  78% (253/322)   Resolving deltas:  80% (258/322)   Resolving deltas:  81% (262/322)   Resolving deltas:  82% (266/322)   Resolving deltas:  83% (268/322)   Resolving deltas:  84% (271/322)   Resolving deltas:  85% (274/322)   Resolving deltas:  86% (278/322)   Resolving deltas:  87% (282/322)   Resolving deltas:  88% (285/322)   Resolving deltas:  90% (290/322)   Resolving deltas:  91% (294/322)   Resolving deltas:  92% (299/322)   Resolving deltas:  93% (300/322)   Resolving deltas:  94% (303/322)   Resolving deltas:  95% (306/322)   Resolving deltas:  96% (310/322)   Resolving deltas:  97% (313/322)   Resolving deltas:  98% (317/322)   Resolving deltas: 100% (322/322)   Resolving deltas: 100% (322/322), done.

travis_time:end:14d1e248:start=1508501062912179615,finish=1508501063777019431,duration=864839816[0K$ cd python/mypy
$ git checkout -qf 2dbeaf756b0284dc1c53a5d60d66e0bdc5116aed
travis_fold:end:git.checkout[0Ktravis_fold:start:git.submodule[0Ktravis_time:start:12329474[0K$ git submodule update --init --recursive
Submodule 'typeshed' (https://github.com/python/typeshed) registered for path 'typeshed'
Cloning into '/home/travis/build/python/mypy/typeshed'...
Submodule path 'typeshed': checked out 'c10dc67ad2569fa0c8de4124461b298e23e2f4d7'

travis_time:end:12329474:start=1508501063843550334,finish=1508501064569926614,duration=726376280[0Ktravis_fold:end:git.submodule[0Ktravis_time:start:211ebcb4[0K$ source ~/virtualenv/python3.4/bin/activate

travis_time:end:211ebcb4:start=1508501070500831984,finish=1508501070508508587,duration=7676603[0Ktravis_fold:start:cache.1[0KSetting up build cache
$ export CASHER_DIR=$HOME/.casher
travis_time:start:04324610[0K$ Installing caching utilities

travis_time:end:04324610:start=1508501074781369348,finish=1508501075275657602,duration=494288254[0Ktravis_time:start:0adcfe18[0K
travis_time:end:0adcfe18:start=1508501075291677158,finish=1508501075297244162,duration=5567004[0Ktravis_time:start:048235b6[0K[32;1mattempting to download cache archive[0m
[32;1mfetching master/cache-linux-trusty-e3b0c44298fc1c149afbf4c8996fb92427ae41e4649b934ca495991b7852b855--python-3.4.tgz[0m
[32;1mfound cache[0m

travis_time:end:048235b6:start=1508501075303709256,finish=1508501080609878642,duration=5306169386[0Ktravis_fold:end:cache.1[0Ktravis_fold:start:cache.pip[0K
travis_time:start:179a51ed[0K
travis_time:end:179a51ed:start=1508501080617342631,finish=1508501080623933513,duration=6590882[0Ktravis_time:start:180cfbc4[0K[32;1madding /home/travis/.cache/pip to cache[0m

travis_time:end:180cfbc4:start=1508501080631444895,finish=1508501083020411084,duration=2388966189[0Ktravis_fold:end:cache.pip[0K$ python --version
Python 3.4.6
$ pip --version
pip 9.0.1 from /home/travis/virtualenv/python3.4.6/lib/python3.4/site-packages (python 3.4)
travis_fold:start:install.1[0Ktravis_time:start:044baa37[0K$ pip install -U pip setuptools wheel
Requirement already up-to-date: pip in /home/travis/virtualenv/python3.4.6/lib/python3.4/site-packages
Collecting setuptools
  Using cached setuptools-36.6.0-py2.py3-none-any.whl
Collecting wheel
  Using cached wheel-0.30.0-py2.py3-none-any.whl
Installing collected packages: setuptools, wheel
  Found existing installation: setuptools 35.0.2
    Uninstalling setuptools-35.0.2:
      Successfully uninstalled setuptools-35.0.2
  Found existing installation: wheel 0.29.0
    Uninstalling wheel-0.29.0:
      Successfully uninstalled wheel-0.29.0
Successfully installed setuptools-36.6.0 wheel-0.30.0

travis_time:end:044baa37:start=1508501083568627955,finish=1508501086259947725,duration=2691319770[0Ktravis_fold:end:install.1[0Ktravis_fold:start:install.2[0Ktravis_time:start:0e244be6[0K$ pip install -r test-requirements.txt
[33mIgnoring flake8-bugbear: markers 'python_version >= "3.5"' don't match your environment[0m
[33mIgnoring flake8-pyi: markers 'python_version >= "3.6"' don't match your environment[0m
Collecting flake8 (from -r test-requirements.txt (line 1))
  Using cached flake8-3.4.1-py2.py3-none-any.whl
Collecting lxml==4.0.0 (from -r test-requirements.txt (line 4))
  Using cached lxml-4.0.0-cp34-cp34m-manylinux1_x86_64.whl
Collecting typed-ast<1.2.0,>=1.1.0 (from -r test-requirements.txt (line 5))
  Using cached typed_ast-1.1.0-cp34-cp34m-manylinux1_x86_64.whl
Requirement already satisfied: pytest>=3.0 in /home/travis/virtualenv/python3.4.6/lib/python3.4/site-packages (from -r test-requirements.txt (line 6))
Collecting pytest-xdist>=1.18 (from -r test-requirements.txt (line 7))
  Using cached pytest_xdist-1.20.1-py2.py3-none-any.whl
Collecting pytest-cov>=2.4.0 (from -r test-requirements.txt (line 8))
  Using cached pytest_cov-2.5.1-py2.py3-none-any.whl
Collecting typing>=3.5.2 (from -r test-requirements.txt (line 9))
  Using cached typing-3.6.2-py3-none-any.whl
Collecting pycodestyle<2.4.0,>=2.0.0 (from flake8->-r test-requirements.txt (line 1))
  Using cached pycodestyle-2.3.1-py2.py3-none-any.whl
Collecting pyflakes<1.6.0,>=1.5.0 (from flake8->-r test-requirements.txt (line 1))
  Using cached pyflakes-1.5.0-py2.py3-none-any.whl
Collecting mccabe<0.7.0,>=0.6.0 (from flake8->-r test-requirements.txt (line 1))
  Using cached mccabe-0.6.1-py2.py3-none-any.whl
Requirement already satisfied: py>=1.4.29 in /home/travis/virtualenv/python3.4.6/lib/python3.4/site-packages (from pytest>=3.0->-r test-requirements.txt (line 6))
Requirement already satisfied: setuptools in /home/travis/virtualenv/python3.4.6/lib/python3.4/site-packages (from pytest>=3.0->-r test-requirements.txt (line 6))
Collecting execnet>=1.1 (from pytest-xdist>=1.18->-r test-requirements.txt (line 7))
  Using cached execnet-1.5.0-py2.py3-none-any.whl
Collecting pytest-forked (from pytest-xdist>=1.18->-r test-requirements.txt (line 7))
  Using cached pytest_forked-0.2-py2.py3-none-any.whl
Collecting coverage>=3.7.1 (from pytest-cov>=2.4.0->-r test-requirements.txt (line 8))
  Using cached coverage-4.4.1-cp34-cp34m-manylinux1_x86_64.whl
Collecting apipkg>=1.4 (from execnet>=1.1->pytest-xdist>=1.18->-r test-requirements.txt (line 7))
  Using cached apipkg-1.4-py2.py3-none-any.whl
Installing collected packages: pycodestyle, pyflakes, mccabe, flake8, lxml, typed-ast, apipkg, execnet, pytest-forked, pytest-xdist, coverage, pytest-cov, typing
Successfully installed apipkg-1.4 coverage-4.4.1 execnet-1.5.0 flake8-3.4.1 lxml-4.0.0 mccabe-0.6.1 pycodestyle-2.3.1 pyflakes-1.5.0 pytest-cov-2.5.1 pytest-forked-0.2 pytest-xdist-1.20.1 typed-ast-1.1.0 typing-3.6.2

travis_time:end:0e244be6:start=1508501086266627261,finish=1508501090322769097,duration=4056141836[0Ktravis_fold:end:install.2[0Ktravis_fold:start:install.3[0Ktravis_time:start:05e9be61[0K$ python2 -m pip install --user typing
Collecting typing
  Using cached typing-3.6.2-py2-none-any.whl
Installing collected packages: typing
Successfully installed typing-3.6.2

travis_time:end:05e9be61:start=1508501090329241857,finish=1508501090992975781,duration=663733924[0Ktravis_fold:end:install.3[0Ktravis_fold:start:install.4[0Ktravis_time:start:198b56f2[0K$ pip install .
Processing /home/travis/build/python/mypy
Requirement already satisfied: typed-ast<1.2.0,>=1.1.0 in /home/travis/virtualenv/python3.4.6/lib/python3.4/site-packages (from mypy===0.540-dev-2dbeaf756b0284dc1c53a5d60d66e0bdc5116aed)
Collecting psutil<5.5.0,>=5.4.0 (from mypy===0.540-dev-2dbeaf756b0284dc1c53a5d60d66e0bdc5116aed)
  Downloading psutil-5.4.0.tar.gz (406kB)
[?25l[K    2% |â–‰                               | 10kB 36.6MB/s eta 0:00:01[K    5% |â–ˆâ–‹                              | 20kB 26.5MB/s eta 0:00:01[K    7% |â–ˆâ–ˆâ–                             | 30kB 28.7MB/s eta 0:00:01[K    10% |â–ˆâ–ˆâ–ˆâ–                            | 40kB 27.8MB/s eta 0:00:01[K    12% |â–ˆâ–ˆâ–ˆâ–ˆ                            | 51kB 28.1MB/s eta 0:00:01[K    15% |â–ˆâ–ˆâ–ˆâ–ˆâ–‰                           | 61kB 29.2MB/s eta 0:00:01[K    17% |â–ˆâ–ˆâ–ˆâ–ˆâ–ˆâ–‹                          | 71kB 22.4MB/s eta 0:00:01[K    20% |â–ˆâ–ˆâ–ˆâ–ˆâ–ˆâ–ˆâ–                         | 81kB 17.4MB/s eta 0:00:01[K    22% |â–ˆâ–ˆâ–ˆâ–ˆâ–ˆâ–ˆâ–ˆâ–Ž                        | 92kB 18.5MB/s eta 0:00:01[K    25% |â–ˆâ–ˆâ–ˆâ–ˆâ–ˆâ–ˆâ–ˆâ–ˆ                        | 102kB 17.9MB/s eta 0:00:01[K    27% |â–ˆâ–ˆâ–ˆâ–ˆâ–ˆâ–ˆâ–ˆâ–ˆâ–‰                       | 112kB 18.1MB/s eta 0:00:01[K    30% |â–ˆâ–ˆâ–ˆâ–ˆâ–ˆâ–ˆâ–ˆâ–ˆâ–ˆâ–‹                      | 122kB 17.8MB/s eta 0:00:01[K    32% |â–ˆâ–ˆâ–ˆâ–ˆâ–ˆâ–ˆâ–ˆâ–ˆâ–ˆâ–ˆâ–Œ                     | 133kB 16.3MB/s eta 0:00:01[K    35% |â–ˆâ–ˆâ–ˆâ–ˆâ–ˆâ–ˆâ–ˆâ–ˆâ–ˆâ–ˆâ–ˆâ–Ž                    | 143kB 16.9MB/s eta 0:00:01[K    37% |â–ˆâ–ˆâ–ˆâ–ˆâ–ˆâ–ˆâ–ˆâ–ˆâ–ˆâ–ˆâ–ˆâ–ˆ                    | 153kB 15.8MB/s eta 0:00:01[K    40% |â–ˆâ–ˆâ–ˆâ–ˆâ–ˆâ–ˆâ–ˆâ–ˆâ–ˆâ–ˆâ–ˆâ–ˆâ–‰                   | 163kB 14.8MB/s eta 0:00:01[K    42% |â–ˆâ–ˆâ–ˆâ–ˆâ–ˆâ–ˆâ–ˆâ–ˆâ–ˆâ–ˆâ–ˆâ–ˆâ–ˆâ–Š                  | 174kB 17.0MB/s eta 0:00:01[K    45% |â–ˆâ–ˆâ–ˆâ–ˆâ–ˆâ–ˆâ–ˆâ–ˆâ–ˆâ–ˆâ–ˆâ–ˆâ–ˆâ–ˆâ–Œ                 | 184kB 21.2MB/s eta 0:00:01[K    47% |â–ˆâ–ˆâ–ˆâ–ˆâ–ˆâ–ˆâ–ˆâ–ˆâ–ˆâ–ˆâ–ˆâ–ˆâ–ˆâ–ˆâ–ˆâ–Ž                | 194kB 21.2MB/s eta 0:00:01[K    50% |â–ˆâ–ˆâ–ˆâ–ˆâ–ˆâ–ˆâ–ˆâ–ˆâ–ˆâ–ˆâ–ˆâ–ˆâ–ˆâ–ˆâ–ˆâ–ˆ                | 204kB 22.5MB/s eta 0:00:01[K    52% |â–ˆâ–ˆâ–ˆâ–ˆâ–ˆâ–ˆâ–ˆâ–ˆâ–ˆâ–ˆâ–ˆâ–ˆâ–ˆâ–ˆâ–ˆâ–ˆâ–ˆ               | 215kB 19.8MB/s eta 0:00:01[K    55% |â–ˆâ–ˆâ–ˆâ–ˆâ–ˆâ–ˆâ–ˆâ–ˆâ–ˆâ–ˆâ–ˆâ–ˆâ–ˆâ–ˆâ–ˆâ–ˆâ–ˆâ–Š              | 225kB 21.3MB/s eta 0:00:01[K    57% |â–ˆâ–ˆâ–ˆâ–ˆâ–ˆâ–ˆâ–ˆâ–ˆâ–ˆâ–ˆâ–ˆâ–ˆâ–ˆâ–ˆâ–ˆâ–ˆâ–ˆâ–ˆâ–Œ             | 235kB 24.1MB/s eta 0:00:01[K    60% |â–ˆâ–ˆâ–ˆâ–ˆâ–ˆâ–ˆâ–ˆâ–ˆâ–ˆâ–ˆâ–ˆâ–ˆâ–ˆâ–ˆâ–ˆâ–ˆâ–ˆâ–ˆâ–ˆâ–Ž            | 245kB 21.5MB/s eta 0:00:01[K    62% |â–ˆâ–ˆâ–ˆâ–ˆâ–ˆâ–ˆâ–ˆâ–ˆâ–ˆâ–ˆâ–ˆâ–ˆâ–ˆâ–ˆâ–ˆâ–ˆâ–ˆâ–ˆâ–ˆâ–ˆâ–           | 256kB 24.3MB/s eta 0:00:01[K    65% |â–ˆâ–ˆâ–ˆâ–ˆâ–ˆâ–ˆâ–ˆâ–ˆâ–ˆâ–ˆâ–ˆâ–ˆâ–ˆâ–ˆâ–ˆâ–ˆâ–ˆâ–ˆâ–ˆâ–ˆâ–ˆ           | 266kB 25.4MB/s eta 0:00:01[K    67% |â–ˆâ–ˆâ–ˆâ–ˆâ–ˆâ–ˆâ–ˆâ–ˆâ–ˆâ–ˆâ–ˆâ–ˆâ–ˆâ–ˆâ–ˆâ–ˆâ–ˆâ–ˆâ–ˆâ–ˆâ–ˆâ–Š          | 276kB 25.3MB/s eta 0:00:01[K    70% |â–ˆâ–ˆâ–ˆâ–ˆâ–ˆâ–ˆâ–ˆâ–ˆâ–ˆâ–ˆâ–ˆâ–ˆâ–ˆâ–ˆâ–ˆâ–ˆâ–ˆâ–ˆâ–ˆâ–ˆâ–ˆâ–ˆâ–Œ         | 286kB 25.5MB/s eta 0:00:01[K    72% |â–ˆâ–ˆâ–ˆâ–ˆâ–ˆâ–ˆâ–ˆâ–ˆâ–ˆâ–ˆâ–ˆâ–ˆâ–ˆâ–ˆâ–ˆâ–ˆâ–ˆâ–ˆâ–ˆâ–ˆâ–ˆâ–ˆâ–ˆâ–        | 296kB 22.9MB/s eta 0:00:01[K    75% |â–ˆâ–ˆâ–ˆâ–ˆâ–ˆâ–ˆâ–ˆâ–ˆâ–ˆâ–ˆâ–ˆâ–ˆâ–ˆâ–ˆâ–ˆâ–ˆâ–ˆâ–ˆâ–ˆâ–ˆâ–ˆâ–ˆâ–ˆâ–ˆâ–       | 307kB 24.5MB/s eta 0:00:01[K    78% |â–ˆâ–ˆï¿½ï¿½ï¿½â–ˆâ–ˆâ–ˆâ–ˆâ–ˆâ–ˆâ–ˆâ–ˆâ–ˆâ–ˆâ–ˆâ–ˆâ–ˆâ–ˆâ–ˆâ–ˆâ–ˆâ–ˆâ–ˆâ–ˆâ–ˆâ–ˆ       | 317kB 28.4MB/s eta 0:00:01[K    80% |â–ˆâ–ˆâ–ˆâ–ˆâ–ˆâ–ˆâ–ˆâ–ˆâ–ˆâ–ˆâ–ˆâ–ˆâ–ˆâ–ˆâ–ˆâ–ˆâ–ˆâ–ˆâ–ˆâ–ˆâ–ˆâ–ˆâ–ˆâ–ˆâ–ˆâ–Š      | 327kB 26.2MB/s eta 0:00:01[K    83% |â–ˆâ–ˆâ–ˆâ–ˆâ–ˆâ–ˆâ–ˆâ–ˆâ–ˆâ–ˆâ–ˆâ–ˆâ–ˆâ–ˆâ–ˆâ–ˆâ–ˆâ–ˆâ–ˆâ–ˆâ–ˆâ–ˆâ–ˆâ–ˆâ–ˆâ–ˆâ–‹     | 337kB 26.7MB/s eta 0:00:01[K    85% |â–ˆâ–ˆâ–ˆâ–ˆâ–ˆâ–ˆâ–ˆâ–ˆâ–ˆâ–ˆâ–ˆâ–ˆâ–ˆâ–ˆâ–ˆâ–ˆâ–ˆâ–ˆâ–ˆâ–ˆâ–ˆâ–ˆâ–ˆâ–ˆâ–ˆâ–ˆâ–ˆâ–    | 348kB 30.5MB/s eta 0:00:01[K    88% |â–ˆâ–ˆâ–ˆâ–ˆâ–ˆâ–ˆâ–ˆâ–ˆâ–ˆâ–ˆâ–ˆâ–ˆâ–ˆâ–ˆâ–ˆâ–ˆâ–ˆâ–ˆâ–ˆâ–ˆâ–ˆâ–ˆâ–ˆâ–ˆâ–ˆâ–ˆâ–ˆâ–ˆâ–   | 358kB 30.6MB/s eta 0:00:01[K    90% |â–ˆâ–ˆâ–ˆâ–ˆâ–ˆâ–ˆâ–ˆâ–ˆâ–ˆâ–ˆâ–ˆâ–ˆâ–ˆâ–ˆâ–ˆâ–ˆâ–ˆâ–ˆâ–ˆâ–ˆâ–ˆâ–ˆâ–ˆâ–ˆâ–ˆâ–ˆâ–ˆâ–ˆâ–ˆ   | 368kB 32.7MB/s eta 0:00:01[K    93% |â–ˆâ–ˆâ–ˆâ–ˆâ–ˆâ–ˆâ–ˆâ–ˆâ–ˆâ–ˆâ–ˆâ–ˆâ–ˆâ–ˆâ–ˆâ–ˆâ–ˆâ–ˆâ–ˆâ–ˆâ–ˆâ–ˆâ–ˆâ–ˆâ–ˆâ–ˆâ–ˆâ–ˆâ–ˆâ–‰  | 378kB 30.7MB/s eta 0:00:01[K    95% |â–ˆâ–ˆâ–ˆâ–ˆâ–ˆâ–ˆâ–ˆâ–ˆâ–ˆâ–ˆâ–ˆâ–ˆâ–ˆâ–ˆâ–ˆâ–ˆâ–ˆâ–ˆâ–ˆâ–ˆâ–ˆâ–ˆâ–ˆâ–ˆâ–ˆâ–ˆâ–ˆâ–ˆâ–ˆâ–ˆâ–‹ | 389kB 31.8MB/s eta 0:00:01[K    98% |â–ˆâ–ˆâ–ˆâ–ˆâ–ˆâ–ˆâ–ˆâ–ˆâ–ˆâ–ˆâ–ˆâ–ˆâ–ˆâ–ˆâ–ˆâ–ˆâ–ˆâ–ˆâ–ˆâ–ˆâ–ˆâ–ˆâ–ˆâ–ˆâ–ˆâ–ˆâ–ˆâ–ˆâ–ˆâ–ˆâ–ˆâ–| 399kB 37.3MB/s eta 0:00:01[K    100% |â–ˆâ–ˆâ–ˆâ–ˆâ–ˆâ–ˆâ–ˆâ–ˆâ–ˆâ–ˆâ–ˆâ–ˆâ–ˆâ–ˆâ–ˆâ–ˆâ–ˆâ–ˆâ–ˆâ–ˆâ–ˆâ–ˆâ–ˆâ–ˆâ–ˆâ–ˆâ–ˆâ–ˆâ–ˆâ–ˆâ–ˆâ–ˆ| 409kB 3.4MB/s 
[?25hRequirement already satisfied: typing>=3.5.3 in /home/travis/virtualenv/python3.4.6/lib/python3.4/site-packages (from mypy===0.540-dev-2dbeaf756b0284dc1c53a5d60d66e0bdc5116aed)
Building wheels for collected packages: psutil
  Running setup.py bdist_wheel for psutil ... [?25l- \ | / - \ | done
[?25h  Stored in directory: /home/travis/.cache/pip/wheels/9d/a4/0b/a9a6155c8b775f3c45f2790171a2dab0a8503122ccb689cf29
Successfully built psutil
Installing collected packages: psutil, mypy
  Running setup.py install for mypy ... [?25l- \ | / - \ | done
[?25hSuccessfully installed mypy-0.540-dev-2dbeaf756b0284dc1c53a5d60d66e0bdc5116aed psutil-5.4.0

travis_time:end:198b56f2:start=1508501090999030085,finish=1508501097310112093,duration=6311082008[0Ktravis_fold:end:install.4[0Ktravis_time:start:000ca79f[0K$ python runtests.py -j12 -x lint -x package
PARALLEL 12
SUMMARY  128 tasks selected
passed 0, failed 0, pending 127; running 1                                      [1m============================= test session starts ==============================[0m
platform linux -- Python 3.4.6, pytest-3.0.7, py-1.4.33, pluggy-0.4.0
rootdir: /home/travis/build/python/mypy, inifile: pytest.ini
plugins: xdist-1.20.1, forked-0.2, cov-2.5.1
[1mgw0 I / gw1 I / gw2 I / gw3 I / gw4 I / gw5 I / gw6 I / gw7 I / gw8 I / gw9 I / gw10 I / gw11 I[0m[1mgw0 C / gw1 I / gw2 I / gw3 I / gw4 I / gw5 I / gw6 I / gw7 I / gw8 I / gw9 I / gw10 I / gw11 I[0m[1mgw0 C / gw1 C / gw2 I / gw3 I / gw4 I / gw5 I / gw6 I / gw7 I / gw8 I / gw9 I / gw10 I / gw11 I[0m[1mgw0 C / gw1 C / gw2 C / gw3 I / gw4 I / gw5 I / gw6 I / gw7 I / gw8 I / gw9 I / gw10 I / gw11 I[0m[1mgw0 C / gw1 C / gw2 C / gw3 C / gw4 I / gw5 I / gw6 I / gw7 I / gw8 I / gw9 I / gw10 I / gw11 I[0m[1mgw0 C / gw1 C / gw2 C / gw3 C / gw4 C / gw5 I / gw6 I / gw7 I / gw8 I / gw9 I / gw10 I / gw11 I[0m[1mgw0 C / gw1 C / gw2 C / gw3 C / gw4 C / gw5 C / gw6 I / gw7 I / gw8 I / gw9 I / gw10 I / gw11 I[0m[1mgw0 C / gw1 C / gw2 C / gw3 C / gw4 C / gw5 C / gw6 C / gw7 I / gw8 I / gw9 I / gw10 I / gw11 I[0m[1mgw0 C / gw1 C / gw2 C / gw3 C / gw4 C / gw5 C / gw6 C / gw7 C / gw8 I / gw9 I / gw10 I / gw11 I[0m[1mgw0 C / gw1 C / gw2 C / gw3 C / gw4 C / gw5 C / gw6 C / gw7 C / gw8 C / gw9 I / gw10 I / gw11 I[0m[1mgw0 C / gw1 C / gw2 C / gw3 C / gw4 C / gw5 C / gw6 C / gw7 C / gw8 C / gw9 C / gw10 I / gw11 I[0m[1mgw0 C / gw1 C / gw2 C / gw3 C / gw4 C / gw5 C / gw6 C / gw7 C / gw8 C / gw9 C / gw10 C / gw11 I[0m[1mgw0 C / gw1 C / gw2 C / gw3 C / gw4 C / gw5 C / gw6 C / gw7 C / gw8 C / gw9 C / gw10 C / gw11 C[0m[1mgw0 ok / gw1 C / gw2 C / gw3 C / gw4 C / gw5 C / gw6 C / gw7 C / gw8 C / gw9 C / gw10 C / gw11 C[0m[1mgw0 ok / gw1 C / gw2 C / gw3 ok / gw4 C / gw5 C / gw6 C / gw7 C / gw8 C / gw9 C / gw10 C / gw11 C[0m[1mgw0 ok / gw1 ok / gw2 C / gw3 ok / gw4 C / gw5 C / gw6 C / gw7 C / gw8 C / gw9 C / gw10 C / gw11 C[0m[1mgw0 ok / gw1 ok / gw2 ok / gw3 ok / gw4 C / gw5 C / gw6 C / gw7 C / gw8 C / gw9 C / gw10 C / gw11 C[0m[1mgw0 ok / gw1 ok / gw2 ok / gw3 ok / gw4 ok / gw5 C / gw6 C / gw7 C / gw8 C / gw9 C / gw10 C / gw11 C[0m[1mgw0 ok / gw1 ok / gw2 ok / gw3 ok / gw4 ok / gw5 C / gw6 C / gw7 ok / gw8 C / gw9 C / gw10 C / gw11 C[0m[1mgw0 ok / gw1 ok / gw2 ok / gw3 ok / gw4 ok / gw5 C / gw6 ok / gw7 ok / gw8 C / gw9 C / gw10 C / gw11 C[0m[1mgw0 ok / gw1 ok / gw2 ok / gw3 ok / gw4 ok / gw5 ok / gw6 ok / gw7 ok / gw8 C / gw9 C / gw10 C / gw11 C[0m[1mgw0 ok / gw1 ok / gw2 ok / gw3 ok / gw4 ok / gw5 ok / gw6 ok / gw7 ok / gw8 ok / gw9 C / gw10 C / gw11 C[0m[1mgw0 ok / gw1 ok / gw2 ok / gw3 ok / gw4 ok / gw5 ok / gw6 ok / gw7 ok / gw8 ok / gw9 ok / gw10 C / gw11 C[0m[1mgw0 ok / gw1 ok / gw2 ok / gw3 ok / gw4 ok / gw5 ok / gw6 ok / gw7 ok / gw8 ok / gw9 ok / gw10 ok / gw11 C[0m[1mgw0 ok / gw1 ok / gw2 ok / gw3 ok / gw4 ok / gw5 ok / gw6 ok / gw7 ok / gw8 ok / gw9 ok / gw10 ok / gw11 ok[0m[1mgw0 ok / gw1 ok / gw2 ok / gw3 ok / gw4 ok / gw5 ok / gw6 ok / gw7 ok / gw8 ok / gw9 [4854] / gw10 ok / gw11 ok[0m[1mgw0 ok / gw1 ok / gw2 ok / gw3 ok / gw4 ok / gw5 ok / gw6 [4854] / gw7 ok / gw8 ok / gw9 [4854] / gw10 ok / gw11 ok[0m[1mgw0 ok / gw1 ok / gw2 ok / gw3 [4854] / gw4 ok / gw5 ok / gw6 [4854] / gw7 ok / gw8 ok / gw9 [4854] / gw10 ok / gw11 ok[0m[1mgw0 ok / gw1 ok / gw2 ok / gw3 [4854] / gw4 ok / gw5 ok / gw6 [4854] / gw7 ok / gw8 ok / gw9 [4854] / gw10 [4854] / gw11 ok[0m[1mgw0 ok / gw1 ok / gw2 ok / gw3 [4854] / gw4 ok / gw5 ok / gw6 [4854] / gw7 [4854] / gw8 ok / gw9 [4854] / gw10 [4854] / gw11 ok[0m[1mgw0 ok / gw1 ok / gw2 ok / gw3 [4854] / gw4 ok / gw5 ok / gw6 [4854] / gw7 [4854] / gw8 ok / gw9 [4854] / gw10 [4854] / gw11 [4854][0m[1mgw0 ok / gw1 ok / gw2 [4854] / gw3 [4854] / gw4 ok / gw5 ok / gw6 [4854] / gw7 [4854] / gw8 ok / gw9 [4854] / gw10 [4854] / gw11 [4854][0m[1mgw0 ok / gw1 ok / gw2 [4854] / gw3 [4854] / gw4 [4854] / gw5 ok / gw6 [4854] / gw7 [4854] / gw8 ok / gw9 [4854] / gw10 [4854] / gw11 [4854][0m[1mgw0 ok / gw1 ok / gw2 [4854] / gw3 [4854] / gw4 [4854] / gw5 ok / gw6 [4854] / gw7 [4854] / gw8 [4854] / gw9 [4854] / gw10 [4854] / gw11 [4854][0m[1mgw0 ok / gw1 ok / gw2 [4854] / gw3 [4854] / gw4 [4854] / gw5 [4854] / gw6 [4854] / gw7 [4854] / gw8 [4854] / gw9 [4854] / gw10 [4854] / gw11 [4854][0m[1mgw0 [4854] / gw1 ok / gw2 [4854] / gw3 [4854] / gw4 [4854] / gw5 [4854] / gw6 [4854] / gw7 [4854] / gw8 [4854] / gw9 [4854] / gw10 [4854] / gw11 [4854][0m[1mgw0 [4854] / gw1 [4854] / gw2 [4854] / gw3 [4854] / gw4 [4854] / gw5 [4854] / gw6 [4854] / gw7 [4854] / gw8 [4854] / gw9 [4854] / gw10 [4854] / gw11 [4854][0m
scheduling tests via LoadScheduling
.........................s................................................................................................................................................................................................................................................................................................................................................................................................................................................................................................................s.....................................................................................................................................s.....F.................................................................................s..........................................................F.....................................................................................F.......................F.........................................................................................................................................................................................s...................................................................................................................................................................................................................................................................ss...................................s.................................................................................................................................................................ss................................................................................................................................................ss..................................................................................................................................................................................................................................................................................................................................................................................................................................................................................................................................................................................................................................................................................................................................................................................................................................................................................s............................................ss...............................................................................................................................................................................................................................................s...............................................................................................................................................................................................................s............................................................................................................................................................................................s.......................................................................................................................................................................................................................................................................................................................................................................................s................................................s...s...................................................................................s...........s....s.s................................................................................................................................................................................................................................................................................................................................................................................................................................................................................................................................................................................................................................................................................................................................................s.....................................................................s...................................................................................................................................................................................................................................................................................................
=================================== FAILURES ===================================
[31m[1m______________________ testUnderspecifiedInferenceResult _______________________[0m
[gw6] linux -- Python 3.4.6 /home/travis/virtualenv/python3.4.6/bin/python
data: /home/travis/build/python/mypy/test-data/unit/check-inference.test:416:
/home/travis/build/python/mypy/mypy/test/testcheck.py:122: in run_case
    self.run_case_once(testcase)
/home/travis/build/python/mypy/mypy/test/testcheck.py:208: in run_case_once
    assert_string_arrays_equal(output, a, msg.format(testcase.file, testcase.line))
/home/travis/build/python/mypy/mypy/test/helpers.py:86: in assert_string_arrays_equal
    raise AssertionFailure(msg)
E   mypy.myunit.AssertionFailure: Unexpected type checker output (/home/travis/build/python/mypy/test-data/unit/check-inference.test, line 416)
----------------------------- Captured stderr call -----------------------------
Expected:
  main:7: error: Need type annotation for variable
Actual:
  main:7: error: Need type annotation for variable
  main:8: error: Revealed type is 'Any'         (diff)

[31m[1m______________ testDontMarkUnreachableAfterInferenceUninhabited3 _______________[0m
[gw6] linux -- Python 3.4.6 /home/travis/virtualenv/python3.4.6/bin/python
data: /home/travis/build/python/mypy/test-data/unit/check-inference.test:1983:
/home/travis/build/python/mypy/mypy/test/testcheck.py:122: in run_case
    self.run_case_once(testcase)
/home/travis/build/python/mypy/mypy/test/testcheck.py:208: in run_case_once
    assert_string_arrays_equal(output, a, msg.format(testcase.file, testcase.line))
/home/travis/build/python/mypy/mypy/test/helpers.py:86: in assert_string_arrays_equal
    raise AssertionFailure(msg)
E   mypy.myunit.AssertionFailure: Unexpected type checker output (/home/travis/build/python/mypy/test-data/unit/check-inference.test, line 1983)
----------------------------- Captured stderr call -----------------------------
Expected:
  main:8: error: Incompatible return value type (got "int", expected "str") (diff)
  main:12: error: Unsupported left operand type for + ("int") (diff)
Actual:
  main:6: error: Need type annotation for variable (diff)
  main:8: error: Incompatible return value type (got "int", expected "str") (diff)
  main:12: error: Unsupported left operand type for + ("int") (diff)

Alignment of first line difference:
  E: main:8: error: Incompatible return value type (got "int", expected "str"...
  A: main:6: error: Need type annotation for variable...
          ^
[31m[1m_______________ testDontMarkUnreachableAfterInferenceUninhabited _______________[0m
[gw9] linux -- Python 3.4.6 /home/travis/virtualenv/python3.4.6/bin/python
data: /home/travis/build/python/mypy/test-data/unit/check-inference.test:1950:
/home/travis/build/python/mypy/mypy/test/testcheck.py:122: in run_case
    self.run_case_once(testcase)
/home/travis/build/python/mypy/mypy/test/testcheck.py:208: in run_case_once
    assert_string_arrays_equal(output, a, msg.format(testcase.file, testcase.line))
/home/travis/build/python/mypy/mypy/test/helpers.py:86: in assert_string_arrays_equal
    raise AssertionFailure(msg)
E   mypy.myunit.AssertionFailure: Unexpected type checker output (/home/travis/build/python/mypy/test-data/unit/check-inference.test, line 1950)
----------------------------- Captured stderr call -----------------------------
Expected:
  main:8: error: Incompatible return value type (got "int", expected "str") (diff)
  main:12: error: Unsupported left operand type for + ("int") (diff)
Actual:
  main:6: error: Need type annotation for variable (diff)
  main:8: error: Incompatible return value type (got "int", expected "str") (diff)
  main:12: error: Unsupported left operand type for + ("int") (diff)

Alignment of first line difference:
  E: main:8: error: Incompatible return value type (got "int", expected "str"...
  A: main:6: error: Need type annotation for variable...
          ^
[31m[1m______________ testDontMarkUnreachableAfterInferenceUninhabited2 _______________[0m
[gw5] linux -- Python 3.4.6 /home/travis/virtualenv/python3.4.6/bin/python
data: /home/travis/build/python/mypy/test-data/unit/check-inference.test:1966:
/home/travis/build/python/mypy/mypy/test/testcheck.py:122: in run_case
    self.run_case_once(testcase)
/home/travis/build/python/mypy/mypy/test/testcheck.py:208: in run_case_once
    assert_string_arrays_equal(output, a, msg.format(testcase.file, testcase.line))
/home/travis/build/python/mypy/mypy/test/helpers.py:86: in assert_string_arrays_equal
    raise AssertionFailure(msg)
E   mypy.myunit.AssertionFailure: Unexpected type checker output (/home/travis/build/python/mypy/test-data/unit/check-inference.test, line 1966)
----------------------------- Captured stderr call -----------------------------
Expected:
  main:9: error: Incompatible return value type (got "int", expected "str") (diff)
  main:13: error: Unsupported left operand type for + ("int") (diff)
Actual:
  main:7: error: Need type annotation for variable (diff)
  main:9: error: Incompatible return value type (got "int", expected "str") (diff)
  main:13: error: Unsupported left operand type for + ("int") (diff)

Alignment of first line difference:
  E: main:9: error: Incompatible return value type (got "int", expected "str"...
  A: main:7: error: Need type annotation for variable...
          ^
[31m[1m============= 4 failed, 4823 passed, 27 skipped in 456.28 seconds ==============[0m
passed 0, failed 1, pending 127; running 0                                      

FAILURE  #0 pytest


passed 0, failed 1, pending 126; running 1                                      passed 0, failed 1, pending 125; running 2                                      passed 0, failed 1, pending 124; running 3                                      passed 0, failed 1, pending 123; running 4                                      passed 0, failed 1, pending 122; running 5                                      passed 0, failed 1, pending 121; running 6                                      passed 0, failed 1, pending 120; running 7                                      passed 0, failed 1, pending 119; running 8                                      passed 0, failed 1, pending 118; running 9                                      passed 0, failed 1, pending 117; running 10                                     passed 0, failed 1, pending 116; running 11                                     passed 0, failed 1, pending 115; running 12                                     passed 1, failed 1, pending 115; running 11                                     passed 1, failed 1, pending 114; running 12                                     passed 2, failed 1, pending 114; running 11                                     passed 2, failed 1, pending 113; running 12                                     passed 3, failed 1, pending 113; running 11                                     passed 3, failed 1, pending 112; running 12                                     passed 4, failed 1, pending 112; running 11                                     passed 4, failed 1, pending 111; running 12                                     passed 5, failed 1, pending 111; running 11                                     passed 5, failed 1, pending 110; running 12                                     passed 6, failed 1, pending 110; running 11                                     passed 6, failed 1, pending 109; running 12                                     passed 7, failed 1, pending 109; running 11                                     passed 7, failed 1, pending 108; running 12                                     passed 8, failed 1, pending 108; running 11                                     passed 8, failed 1, pending 107; running 12                                     passed 9, failed 1, pending 107; running 11                                     passed 9, failed 1, pending 106; running 12                                     passed 10, failed 1, pending 106; running 11                                    passed 10, failed 1, pending 105; running 12                                    passed 11, failed 1, pending 105; running 11                                    passed 11, failed 1, pending 104; running 12                                    passed 12, failed 1, pending 104; running 11                                    passed 12, failed 1, pending 103; running 12                                    passed 13, failed 1, pending 103; running 11                                    passed 13, failed 1, pending 102; running 12                                    passed 14, failed 1, pending 102; running 11                                    passed 14, failed 1, pending 101; running 12                                    passed 15, failed 1, pending 101; running 11                                    passed 15, failed 1, pending 100; running 12                                    passed 16, failed 1, pending 100; running 11                                    passed 16, failed 1, pending 99; running 12                                     passed 17, failed 1, pending 99; running 11                                     passed 17, failed 1, pending 98; running 12                                     passed 18, failed 1, pending 98; running 11                                     passed 18, failed 1, pending 97; running 12                                     passed 19, failed 1, pending 97; running 11                                     passed 19, failed 1, pending 96; running 12                                     passed 20, failed 1, pending 96; running 11                                     passed 20, failed 1, pending 95; running 12                                     passed 21, failed 1, pending 95; running 11                                     passed 21, failed 1, pending 94; running 12                                     passed 22, failed 1, pending 94; running 11                                     passed 22, failed 1, pending 93; running 12                                     passed 23, failed 1, pending 93; running 11                                     passed 23, failed 1, pending 92; running 12                                     passed 24, failed 1, pending 92; running 11                                     passed 24, failed 1, pending 91; running 12                                     passed 25, failed 1, pending 91; running 11                                     passed 25, failed 1, pending 90; running 12                                     passed 26, failed 1, pending 90; running 11                                     passed 26, failed 1, pending 89; running 12                                     passed 27, failed 1, pending 89; running 11                                     passed 27, failed 1, pending 88; running 12                                     passed 28, failed 1, pending 88; running 11                                     passed 28, failed 1, pending 87; running 12                                     passed 29, failed 1, pending 87; running 11                                     passed 29, failed 1, pending 86; running 12                                     passed 30, failed 1, pending 86; running 11                                     passed 30, failed 1, pending 85; running 12                                     passed 31, failed 1, pending 85; running 11                                     passed 31, failed 1, pending 84; running 12                                     passed 32, failed 1, pending 84; running 11                                     passed 32, failed 1, pending 83; running 12                                     passed 33, failed 1, pending 83; running 11                                     passed 33, failed 1, pending 82; running 12                                     passed 34, failed 1, pending 82; running 11                                     passed 34, failed 1, pending 81; running 12                                     passed 35, failed 1, pending 81; running 11                                     passed 35, failed 1, pending 80; running 12                                     passed 36, failed 1, pending 80; running 11                                     passed 36, failed 1, pending 79; running 12                                     passed 37, failed 1, pending 79; running 11                                     passed 37, failed 1, pending 78; running 12                                     passed 38, failed 1, pending 78; running 11                                     passed 38, failed 1, pending 77; running 12                                     passed 39, failed 1, pending 77; running 11                                     passed 39, failed 1, pending 76; running 12                                     passed 40, failed 1, pending 76; running 11                                     passed 40, failed 1, pending 75; running 12                                     passed 41, failed 1, pending 75; running 11                                     passed 41, failed 1, pending 74; running 12                                     passed 42, failed 1, pending 74; running 11                                     passed 42, failed 1, pending 73; running 12                                     passed 43, failed 1, pending 73; running 11                                     passed 43, failed 1, pending 72; running 12                                     passed 44, failed 1, pending 72; running 11                                     passed 44, failed 1, pending 71; running 12                                     passed 45, failed 1, pending 71; running 11                                     passed 45, failed 1, pending 70; running 12                                     passed 46, failed 1, pending 70; running 11                                     passed 46, failed 1, pending 69; running 12                                     passed 47, failed 1, pending 69; running 11                                     passed 47, failed 1, pending 68; running 12                                     passed 48, failed 1, pending 68; running 11                                     passed 48, failed 1, pending 67; running 12                                     passed 49, failed 1, pending 67; running 11                                     passed 49, failed 1, pending 66; running 12                                     passed 50, failed 1, pending 66; running 11                                     passed 50, failed 1, pending 65; running 12                                     passed 51, failed 1, pending 65; running 11                                     passed 51, failed 1, pending 64; running 12                                     passed 52, failed 1, pending 64; running 11                                     passed 52, failed 1, pending 63; running 12                                     passed 53, failed 1, pending 63; running 11                                     passed 53, failed 1, pending 62; running 12                                     passed 54, failed 1, pending 62; running 11                                     passed 54, failed 1, pending 61; running 12                                     passed 55, failed 1, pending 61; running 11                                     passed 55, failed 1, pending 60; running 12                                     passed 56, failed 1, pending 60; running 11                                     passed 56, failed 1, pending 59; running 12                                     passed 57, failed 1, pending 59; running 11                                     passed 57, failed 1, pending 58; running 12                                     passed 58, failed 1, pending 58; running 11                                     passed 58, failed 1, pending 57; running 12                                     passed 59, failed 1, pending 57; running 11                                     passed 59, failed 1, pending 56; running 12                                     passed 60, failed 1, pending 56; running 11                                     passed 60, failed 1, pending 55; running 12                                     passed 61, failed 1, pending 55; running 11                                     passed 61, failed 1, pending 54; running 12                                     passed 62, failed 1, pending 54; running 11                                     passed 62, failed 1, pending 53; running 12                                     passed 63, failed 1, pending 53; running 11                                     passed 63, failed 1, pending 52; running 12                                     passed 64, failed 1, pending 52; running 11                                     passed 64, failed 1, pending 51; running 12                                     passed 65, failed 1, pending 51; running 11                                     passed 65, failed 1, pending 50; running 12                                     passed 66, failed 1, pending 50; running 11                                     passed 66, failed 1, pending 49; running 12                                     passed 67, failed 1, pending 49; running 11                                     passed 67, failed 1, pending 48; running 12                                     passed 68, failed 1, pending 48; running 11                                     passed 68, failed 1, pending 47; running 12                                     passed 69, failed 1, pending 47; running 11                                     passed 69, failed 1, pending 46; running 12                                     passed 70, failed 1, pending 46; running 11                                     passed 70, failed 1, pending 45; running 12                                     passed 71, failed 1, pending 45; running 11                                     passed 71, failed 1, pending 44; running 12                                     passed 72, failed 1, pending 44; running 11                                     passed 72, failed 1, pending 43; running 12                                     passed 73, failed 1, pending 43; running 11                                     passed 73, failed 1, pending 42; running 12                                     passed 74, failed 1, pending 42; running 11                                     passed 74, failed 1, pending 41; running 12                                     passed 75, failed 1, pending 41; running 11                                     passed 75, failed 1, pending 40; running 12                                     passed 76, failed 1, pending 40; running 11                                     passed 76, failed 1, pending 39; running 12                                     passed 77, failed 1, pending 39; running 11                                     passed 77, failed 1, pending 38; running 12                                     passed 78, failed 1, pending 38; running 11                                     passed 78, failed 1, pending 37; running 12                                     passed 79, failed 1, pending 37; running 11                                     passed 79, failed 1, pending 36; running 12                                     passed 80, failed 1, pending 36; running 11                                     passed 80, failed 1, pending 35; running 12                                     passed 81, failed 1, pending 35; running 11                                     passed 81, failed 1, pending 34; running 12                                     passed 82, failed 1, pending 34; running 11                                     passed 82, failed 1, pending 33; running 12                                     passed 83, failed 1, pending 33; running 11                                     passed 83, failed 1, pending 32; running 12                                     passed 84, failed 1, pending 32; running 11                                     passed 84, failed 1, pending 31; running 12                                     passed 85, failed 1, pending 31; running 11                                     passed 85, failed 1, pending 30; running 12                                     passed 86, failed 1, pending 30; running 11                                     passed 86, failed 1, pending 29; running 12                                     passed 87, failed 1, pending 29; running 11                                     passed 87, failed 1, pending 28; running 12                                     passed 88, failed 1, pending 28; running 11                                     passed 88, failed 1, pending 27; running 12                                     passed 89, failed 1, pending 27; running 11                                     passed 89, failed 1, pending 26; running 12                                     passed 90, failed 1, pending 26; running 11                                     passed 90, failed 1, pending 25; running 12                                     passed 91, failed 1, pending 25; running 11                                     passed 91, failed 1, pending 24; running 12                                     passed 92, failed 1, pending 24; running 11                                     passed 92, failed 1, pending 23; running 12                                     passed 93, failed 1, pending 23; running 11                                     passed 93, failed 1, pending 22; running 12                                     passed 94, failed 1, pending 22; running 11                                     passed 94, failed 1, pending 21; running 12                                     passed 95, failed 1, pending 21; running 11                                     passed 95, failed 1, pending 20; running 12                                     passed 96, failed 1, pending 20; running 11                                     passed 96, failed 1, pending 19; running 12                                     passed 97, failed 1, pending 19; running 11                                     passed 97, failed 1, pending 18; running 12                                     passed 98, failed 1, pending 18; running 11                                     passed 98, failed 1, pending 17; running 12                                     passed 99, failed 1, pending 17; running 11                                     passed 99, failed 1, pending 16; running 12                                     passed 100, failed 1, pending 16; running 11                                    passed 100, failed 1, pending 15; running 12                                    passed 101, failed 1, pending 15; running 11                                    passed 101, failed 1, pending 14; running 12                                    passed 102, failed 1, pending 14; running 11                                    passed 102, failed 1, pending 13; running 12                                    passed 103, failed 1, pending 13; running 11                                    passed 103, failed 1, pending 12; running 12                                    passed 104, failed 1, pending 12; running 11                                    passed 104, failed 1, pending 11; running 12                                    passed 105, failed 1, pending 11; running 11                                    passed 105, failed 1, pending 10; running 12                                    passed 106, failed 1, pending 10; running 11                                    passed 106, failed 1, pending 9; running 12                                     passed 107, failed 1, pending 9; running 11                                     passed 107, failed 1, pending 8; running 12                                     passed 108, failed 1, pending 8; running 11                                     passed 108, failed 1, pending 7; running 12                                     passed 109, failed 1, pending 7; running 11                                     passed 109, failed 1, pending 6; running 12                                     passed 110, failed 1, pending 6; running 11                                     passed 110, failed 1, pending 5; running 12                                     passed 111, failed 1, pending 5; running 11                                     passed 111, failed 1, pending 4; running 12                                     passed 112, failed 1, pending 4; running 11                                     passed 112, failed 1, pending 3; running 12                                     passed 113, failed 1, pending 3; running 11                                     passed 113, failed 1, pending 2; running 12                                     passed 114, failed 1, pending 2; running 11                                     passed 114, failed 1, pending 1; running 12                                     passed 115, failed 1, pending 1; running 11                                     passed 115, failed 1, pending 0; running 12                                     passed 116, failed 1, pending 0; running 11                                     passed 117, failed 1, pending 0; running 10                                     passed 118, failed 1, pending 0; running 9                                      passed 119, failed 1, pending 0; running 8                                      passed 120, failed 1, pending 0; running 7                                      passed 121, failed 1, pending 0; running 6                                      passed 122, failed 1, pending 0; running 5                                      passed 123, failed 1, pending 0; running 4                                      passed 124, failed 1, pending 0; running 3                                      passed 125, failed 1, pending 0; running 2                                      passed 126, failed 1, pending 0; running 1                                      passed 127, failed 1, pending 0; running 0                                                                                                                      SUMMARY  1/128 tasks and 1/274 tests failed
 FAILURE pytest
SUMMARY  1/128 tasks and 1/274 tests failed
*** FAILURE ***
total runtime: 545.8516194050026 sec

travis_time:end:000ca79f:start=1508501097316480997,finish=1508501643313483800,duration=545997002803[0K
[31;1mThe command "python runtests.py -j12 -x lint -x package" exited with 1.[0m
travis_time:start:2afb00bb[0K$ if [[ $TRAVIS_PYTHON_VERSION == '3.6' ]]; then flake8; fi

travis_time:end:2afb00bb:start=1508501643321851678,finish=1508501643328569311,duration=6717633[0K
[32;1mThe command "if [[ $TRAVIS_PYTHON_VERSION == '3.6' ]]; then flake8; fi" exited with 0.[0m
travis_time:start:004caa90[0K$ if [[ $TRAVIS_PYTHON_VERSION == '3.5.1' ]]; then python runtests.py package; fi

travis_time:end:004caa90:start=1508501643337002925,finish=1508501643343795617,duration=6792692[0K
[32;1mThe command "if [[ $TRAVIS_PYTHON_VERSION == '3.5.1' ]]; then python runtests.py package; fi" exited with 0.[0m
travis_fold:start:cache.2[0Kstore build cache
travis_time:start:059c742b[0K
travis_time:end:059c742b:start=1508501643352765455,finish=1508501643360036108,duration=7270653[0Ktravis_time:start:007a1c86[0K[32;1mchange detected (content changed, file is created, or file is deleted):
/home/travis/.cache/pip/http/0/1/3/4/f/0134f4b5f5dc24d5a2e17d657916561e530ab3e23e477f736932ec7a
/home/travis/.cache/pip/http/0/c/7/8/c/0c78cc5ddccddcf3238359feeac7e1cddd59216d6ded4659cf5965cd
/home/travis/.cache/pip/http/0/e/0/a/b/0e0ab53e00e77082f3dbaac4909c2cd08e48803df6ad279051a370ed
/home/travis/.cache/pip/http/1/b/b/d/e/1bbde7f10876562f138fa536953ad413bfc645c4f5f79dd4f103eae5
/home/travis/.cache/pip/http/3/a/f/3/a/3af3addf06e983a6c02f46e7bea70c221d3ff95bf1418fa6da354e14
/home/travis/.cache/pip/http/4/0/6/e/9/406e9b27a390d51d6f5ba6446b20eddf170d46e00b171bdfa0fbde6b
/home/travis/.cache/pip/http/4/d/e/0/5/4de05fb8980f452a4f9a7aa14f5b00ac65cea0a8a17b55c6b9e5175f
/home/travis/.cache/pip/http/6/3/7/d/d/637ddeefd88d7cc4cd623d2cc6880ec9fbe18fc216d5628bd0493043
/home/travis/.cache/pip/http/6/6/a/8/2/66a824166d39267eb4dfa0ee80bb65a30106494f8240ec06d28ccc5c
/home/travis/.cache/pip/http/8/7/9/8/e/8798e1a358dac413add90e628bb3d1fdf797d752747841a07425ff45
/home/travis/.cache/pip/http/9/8/6/9/9/98
[0m
[32;1m...
[0m
[32;1mchanges detected, packing new archive[0m
[32;1muploading archive[0m

travis_time:end:007a1c86:start=1508501643368630496,finish=1508501647728041005,duration=4359410509[0Ktravis_fold:end:cache.2[0K
Done. Your build exited with 1.
