travis_fold:start:worker_info[0K[33;1mWorker information[0m
hostname: ffca6360-feab-48c8-b8e7-a8d0ce6525b0@1.production-1-worker-org-gce-bwjr
version: v5.1.0 https://github.com/travis-ci/worker/tree/0bdbc36fc39a4c4c18f44c0a80f1eadac7a66a65
instance: travis-job-693b4ee8-c9d9-489e-adc5-9265f2dac1bc travis-ci-garnet-trusty-1512502259-986baf0 (via amqp)
startup: 6.490283358s
travis_fold:end:worker_info[0Ktravis_fold:start:system_info[0K[33;1mBuild system information[0m
Build language: java
Build group: stable
Build dist: trusty
Build id: 463768848
Job id: 463768849
Runtime kernel version: 4.4.0-101-generic
travis-build version: 1c5b8c38a
[34m[1mBuild image provisioning date and time[0m
Tue Dec  5 19:58:13 UTC 2017
[34m[1mOperating System Details[0m
Distributor ID:	Ubuntu
Description:	Ubuntu 14.04.5 LTS
Release:	14.04
Codename:	trusty
[34m[1mCookbooks Version[0m
7c2c6a6 https://github.com/travis-ci/travis-cookbooks/tree/7c2c6a6
[34m[1mgit version[0m
git version 2.15.1
[34m[1mbash version[0m
GNU bash, version 4.3.11(1)-release (x86_64-pc-linux-gnu)
[34m[1mgcc version[0m
gcc (Ubuntu 4.8.4-2ubuntu1~14.04.3) 4.8.4
Copyright (C) 2013 Free Software Foundation, Inc.
This is free software; see the source for copying conditions.  There is NO
warranty; not even for MERCHANTABILITY or FITNESS FOR A PARTICULAR PURPOSE.

[34m[1mdocker version[0m
Client:
 Version:      17.09.0-ce
 API version:  1.32
 Go version:   go1.8.3
 Git commit:   afdb6d4
 Built:        Tue Sep 26 22:42:38 2017
 OS/Arch:      linux/amd64

Server:
 Version:      17.09.0-ce
 API version:  1.32 (minimum version 1.12)
 Go version:   go1.8.3
 Git commit:   afdb6d4
 Built:        Tue Sep 26 22:41:20 2017
 OS/Arch:      linux/amd64
 Experimental: false
[34m[1mclang version[0m
clang version 5.0.0 (tags/RELEASE_500/final)
Target: x86_64-unknown-linux-gnu
Thread model: posix
InstalledDir: /usr/local/clang-5.0.0/bin
[34m[1mjq version[0m
jq-1.5
[34m[1mbats version[0m
Bats 0.4.0
[34m[1mshellcheck version[0m
0.4.6
[34m[1mshfmt version[0m
v2.0.0
[34m[1mccache version[0m
ccache version 3.1.9

Copyright (C) 2002-2007 Andrew Tridgell
Copyright (C) 2009-2011 Joel Rosdahl

This program is free software; you can redistribute it and/or modify it under
the terms of the GNU General Public License as published by the Free Software
Foundation; either version 3 of the License, or (at your option) any later
version.
[34m[1mcmake version[0m
cmake version 3.9.2

CMake suite maintained and supported by Kitware (kitware.com/cmake).
[34m[1mheroku version[0m
heroku-cli/6.14.39-addc925 (linux-x64) node-v9.2.0
[34m[1mimagemagick version[0m
Version: ImageMagick 6.7.7-10 2017-07-31 Q16 http://www.imagemagick.org
[34m[1mmd5deep version[0m
4.2
[34m[1mmercurial version[0m
Mercurial Distributed SCM (version 4.2.2)
(see https://mercurial-scm.org for more information)

Copyright (C) 2005-2017 Matt Mackall and others
This is free software; see the source for copying conditions. There is NO
warranty; not even for MERCHANTABILITY or FITNESS FOR A PARTICULAR PURPOSE.
[34m[1mmysql version[0m
mysql  Ver 14.14 Distrib 5.6.33, for debian-linux-gnu (x86_64) using  EditLine wrapper
[34m[1mopenssl version[0m
OpenSSL 1.0.1f 6 Jan 2014
[34m[1mpacker version[0m
Packer v1.0.2

Your version of Packer is out of date! The latest version
is 1.1.2. You can update by downloading from www.packer.io
[34m[1mpostgresql client version[0m
psql (PostgreSQL) 9.6.6
[34m[1mragel version[0m
Ragel State Machine Compiler version 6.8 Feb 2013
Copyright (c) 2001-2009 by Adrian Thurston
[34m[1msubversion version[0m
svn, version 1.8.8 (r1568071)
   compiled Aug 10 2017, 17:20:39 on x86_64-pc-linux-gnu

Copyright (C) 2013 The Apache Software Foundation.
This software consists of contributions made by many people;
see the NOTICE file for more information.
Subversion is open source software, see http://subversion.apache.org/

The following repository access (RA) modules are available:

* ra_svn : Module for accessing a repository using the svn network protocol.
  - with Cyrus SASL authentication
  - handles 'svn' scheme
* ra_local : Module for accessing a repository on local disk.
  - handles 'file' scheme
* ra_serf : Module for accessing a repository via WebDAV protocol using serf.
  - using serf 1.3.3
  - handles 'http' scheme
  - handles 'https' scheme

[34m[1msudo version[0m
Sudo version 1.8.9p5
Configure options: --prefix=/usr -v --with-all-insults --with-pam --with-fqdn --with-logging=syslog --with-logfac=authpriv --with-env-editor --with-editor=/usr/bin/editor --with-timeout=15 --with-password-timeout=0 --with-passprompt=[sudo] password for %p:  --without-lecture --with-tty-tickets --disable-root-mailer --enable-admin-flag --with-sendmail=/usr/sbin/sendmail --with-timedir=/var/lib/sudo --mandir=/usr/share/man --libexecdir=/usr/lib/sudo --with-sssd --with-sssd-lib=/usr/lib/x86_64-linux-gnu --with-selinux
Sudoers policy plugin version 1.8.9p5
Sudoers file grammar version 43

Sudoers path: /etc/sudoers
Authentication methods: 'pam'
Syslog facility if syslog is being used for logging: authpriv
Syslog priority to use when user authenticates successfully: notice
Syslog priority to use when user authenticates unsuccessfully: alert
Send mail if the user is not in sudoers
Use a separate timestamp for each user/tty combo
Lecture user the first time they run sudo
Root may run sudo
Allow some information gathering to give useful error messages
Require fully-qualified hostnames in the sudoers file
Visudo will honor the EDITOR environment variable
Set the LOGNAME and USER environment variables
Length at which to wrap log file lines (0 for no wrap): 80
Authentication timestamp timeout: 15.0 minutes
Password prompt timeout: 0.0 minutes
Number of tries to enter a password: 3
Umask to use or 0777 to use user's: 022
Path to mail program: /usr/sbin/sendmail
Flags for mail program: -t
Address to send mail to: root
Subject line for mail messages: *** SECURITY information for %h ***
Incorrect password message: Sorry, try again.
Path to authentication timestamp dir: /var/lib/sudo
Default password prompt: [sudo] password for %p: 
Default user to run commands as: root
Value to override user's $PATH with: /usr/local/sbin:/usr/local/bin:/usr/sbin:/usr/bin:/sbin:/bin:/snap/bin
Path to the editor for use by visudo: /usr/bin/editor
When to require a password for 'list' pseudocommand: any
When to require a password for 'verify' pseudocommand: all
File descriptors >= 3 will be closed before executing a command
Environment variables to check for sanity:
	TZ
	TERM
	LINGUAS
	LC_*
	LANGUAGE
	LANG
	COLORTERM
Environment variables to remove:
	RUBYOPT
	RUBYLIB
	PYTHONUSERBASE
	PYTHONINSPECT
	PYTHONPATH
	PYTHONHOME
	TMPPREFIX
	ZDOTDIR
	READNULLCMD
	NULLCMD
	FPATH
	PERL5DB
	PERL5OPT
	PERL5LIB
	PERLLIB
	PERLIO_DEBUG 
	JAVA_TOOL_OPTIONS
	SHELLOPTS
	GLOBIGNORE
	PS4
	BASH_ENV
	ENV
	TERMCAP
	TERMPATH
	TERMINFO_DIRS
	TERMINFO
	_RLD*
	LD_*
	PATH_LOCALE
	NLSPATH
	HOSTALIASES
	RES_OPTIONS
	LOCALDOMAIN
	CDPATH
	IFS
Environment variables to preserve:
	JAVA_HOME
	TRAVIS
	CI
	DEBIAN_FRONTEND
	XAUTHORIZATION
	XAUTHORITY
	PS2
	PS1
	PATH
	LS_COLORS
	KRB5CCNAME
	HOSTNAME
	HOME
	DISPLAY
	COLORS
Locale to use while parsing sudoers: C
Directory in which to store input/output logs: /var/log/sudo-io
File in which to store the input/output log: %{seq}
Add an entry to the utmp/utmpx file when allocating a pty
PAM service name to use
PAM service name to use for login shells
Create a new PAM session for the command to run in
Maximum I/O log sequence number: 0

Local IP address and netmask pairs:
	10.240.0.28/255.255.255.255
	172.17.0.1/255.255.0.0

Sudoers I/O plugin version 1.8.9p5
[34m[1mgzip version[0m
gzip 1.6
Copyright (C) 2007, 2010, 2011 Free Software Foundation, Inc.
Copyright (C) 1993 Jean-loup Gailly.
This is free software.  You may redistribute copies of it under the terms of
the GNU General Public License <http://www.gnu.org/licenses/gpl.html>.
There is NO WARRANTY, to the extent permitted by law.

Written by Jean-loup Gailly.
[34m[1mzip version[0m
Copyright (c) 1990-2008 Info-ZIP - Type 'zip "-L"' for software license.
This is Zip 3.0 (July 5th 2008), by Info-ZIP.
Currently maintained by E. Gordon.  Please send bug reports to
the authors using the web page at www.info-zip.org; see README for details.

Latest sources and executables are at ftp://ftp.info-zip.org/pub/infozip,
as of above date; see http://www.info-zip.org/ for other sites.

Compiled with gcc 4.8.2 for Unix (Linux ELF) on Oct 21 2013.

Zip special compilation options:
	USE_EF_UT_TIME       (store Universal Time)
	BZIP2_SUPPORT        (bzip2 library version 1.0.6, 6-Sept-2010)
	    bzip2 code and library copyright (c) Julian R Seward
	    (See the bzip2 license for terms of use)
	SYMLINK_SUPPORT      (symbolic links supported)
	LARGE_FILE_SUPPORT   (can read and write large files on file system)
	ZIP64_SUPPORT        (use Zip64 to store large files in archives)
	UNICODE_SUPPORT      (store and read UTF-8 Unicode paths)
	STORE_UNIX_UIDs_GIDs (store UID/GID sizes/values using new extra field)
	UIDGID_NOT_16BIT     (old Unix 16-bit UID/GID extra field not used)
	[encryption, version 2.91 of 05 Jan 2007] (modified for Zip 3)

Encryption notice:
	The encryption code of this program is not copyrighted and is
	put in the public domain.  It was originally written in Europe
	and, to the best of our knowledge, can be freely distributed
	in both source and object forms from any country, including
	the USA under License Exception TSU of the U.S. Export
	Administration Regulations (section 740.13(e)) of 6 June 2002.

Zip environment options:
             ZIP:  [none]
          ZIPOPT:  [none]
[34m[1mvim version[0m
VIM - Vi IMproved 7.4 (2013 Aug 10, compiled Nov 24 2016 16:43:18)
Included patches: 1-52
Extra patches: 8.0.0056
Modified by pkg-vim-maintainers@lists.alioth.debian.org
Compiled by buildd@
Huge version without GUI.  Features included (+) or not (-):
+acl             +farsi           +mouse_netterm   +syntax
+arabic          +file_in_path    +mouse_sgr       +tag_binary
+autocmd         +find_in_path    -mouse_sysmouse  +tag_old_static
-balloon_eval    +float           +mouse_urxvt     -tag_any_white
-browse          +folding         +mouse_xterm     -tcl
++builtin_terms  -footer          +multi_byte      +terminfo
+byte_offset     +fork()          +multi_lang      +termresponse
+cindent         +gettext         -mzscheme        +textobjects
-clientserver    -hangul_input    +netbeans_intg   +title
-clipboard       +iconv           +path_extra      -toolbar
+cmdline_compl   +insert_expand   -perl            +user_commands
+cmdline_hist    +jumplist        +persistent_undo +vertsplit
+cmdline_info    +keymap          +postscript      +virtualedit
+comments        +langmap         +printer         +visual
+conceal         +libcall         +profile         +visualextra
+cryptv          +linebreak       +python          +viminfo
+cscope          +lispindent      -python3         +vreplace
+cursorbind      +listcmds        +quickfix        +wildignore
+cursorshape     +localmap        +reltime         +wildmenu
+dialog_con      -lua             +rightleft       +windows
+diff            +menu            -ruby            +writebackup
+digraphs        +mksession       +scrollbind      -X11
-dnd             +modify_fname    +signs           -xfontset
-ebcdic          +mouse           +smartindent     -xim
+emacs_tags      -mouseshape      -sniff           -xsmp
+eval            +mouse_dec       +startuptime     -xterm_clipboard
+ex_extra        +mouse_gpm       +statusline      -xterm_save
+extra_search    -mouse_jsbterm   -sun_workshop    -xpm
   system vimrc file: "$VIM/vimrc"
     user vimrc file: "$HOME/.vimrc"
 2nd user vimrc file: "~/.vim/vimrc"
      user exrc file: "$HOME/.exrc"
  fall-back for $VIM: "/usr/share/vim"
Compilation: gcc -c -I. -Iproto -DHAVE_CONFIG_H     -g -O2 -fstack-protector --param=ssp-buffer-size=4 -Wformat -Werror=format-security -U_FORTIFY_SOURCE -D_FORTIFY_SOURCE=1      
Linking: gcc   -Wl,-Bsymbolic-functions -Wl,-z,relro -Wl,--as-needed -o vim        -lm -ltinfo -lnsl  -lselinux  -lacl -lattr -lgpm -ldl    -L/usr/lib/python2.7/config-x86_64-linux-gnu -lpython2.7 -lpthread -ldl -lutil -lm -Xlinker -export-dynamic -Wl,-O1 -Wl,-Bsymbolic-functions      
[34m[1miptables version[0m
iptables v1.4.21
[34m[1mcurl version[0m
curl 7.35.0 (x86_64-pc-linux-gnu) libcurl/7.35.0 OpenSSL/1.0.1f zlib/1.2.8 libidn/1.28 librtmp/2.3
[34m[1mwget version[0m
GNU Wget 1.15 built on linux-gnu.
[34m[1mrsync version[0m
rsync  version 3.1.0  protocol version 31
[34m[1mgimme version[0m
v1.2.0
[34m[1mnvm version[0m
0.33.6
[34m[1mperlbrew version[0m
/home/travis/perl5/perlbrew/bin/perlbrew  - App::perlbrew/0.80
[34m[1mphpenv version[0m
rbenv 1.1.1-25-g6aa70b6
[34m[1mrvm version[0m
rvm 1.29.3 (latest) by Michal Papis, Piotr Kuczynski, Wayne E. Seguin [https://rvm.io]
[34m[1mdefault ruby version[0m
ruby 2.4.1p111 (2017-03-22 revision 58053) [x86_64-linux]
[34m[1mCouchDB version[0m
couchdb 1.6.1
[34m[1mElasticSearch version[0m
5.5.0
[34m[1mInstalled Firefox version[0m
firefox 56.0.2
[34m[1mMongoDB version[0m
MongoDB 3.4.10
[34m[1mPhantomJS version[0m
2.1.1
[34m[1mPre-installed PostgreSQL versions[0m
9.2.24
9.3.20
9.4.15
9.5.10
9.6.6
[34m[1mRabbitMQ Version[0m
3.6.14
[34m[1mRedis version[0m
redis-server 4.0.6
[34m[1mriak version[0m
2.2.3
[34m[1mPre-installed Go versions[0m
1.7.4
[34m[1mant version[0m
Apache Ant(TM) version 1.9.3 compiled on April 8 2014
[34m[1mmvn version[0m
Apache Maven 3.5.2 (138edd61fd100ec658bfa2d307c43b76940a5d7d; 2017-10-18T07:58:13Z)
Maven home: /usr/local/maven-3.5.2
Java version: 1.8.0_151, vendor: Oracle Corporation
Java home: /usr/lib/jvm/java-8-oracle/jre
Default locale: en_US, platform encoding: UTF-8
OS name: "linux", version: "4.4.0-98-generic", arch: "amd64", family: "unix"
[34m[1mgradle version[0m

------------------------------------------------------------
Gradle 4.0.1
------------------------------------------------------------

Build time:   2017-07-07 14:02:41 UTC
Revision:     38e5dc0f772daecca1d2681885d3d85414eb6826

Groovy:       2.4.11
Ant:          Apache Ant(TM) version 1.9.6 compiled on June 29 2015
JVM:          1.8.0_151 (Oracle Corporation 25.151-b12)
OS:           Linux 4.4.0-98-generic amd64

[34m[1mlein version[0m
Leiningen 2.8.1 on Java 1.8.0_151 Java HotSpot(TM) 64-Bit Server VM
[34m[1mPre-installed Node.js versions[0m
v4.8.6
v6.12.0
v6.12.1
v8.9
v8.9.1
[34m[1mphpenv versions[0m
  system
  5.6
* 5.6.32 (set by /home/travis/.phpenv/version)
  7.0
  7.0.25
  7.1
  7.1.11
  hhvm
  hhvm-stable
[34m[1mcomposer --version[0m
Composer version 1.5.2 2017-09-11 16:59:25
[34m[1mPre-installed Ruby versions[0m
ruby-2.2.7
ruby-2.3.4
ruby-2.4.1
travis_fold:end:system_info[0K
$ jdk_switcher use oraclejdk8
Switching to Oracle JDK8 (java-8-oracle), JAVA_HOME will be set to /usr/lib/jvm/java-8-oracle

travis_fold:start:git.checkout[0Ktravis_time:start:276172aa[0K$ git clone --depth=50 https://github.com/SonarSource/sonar-xml.git SonarSource/sonar-xml
Cloning into 'SonarSource/sonar-xml'...
travis_time:end:276172aa:start=1544005191534609418,finish=1544005192258484597,duration=723875179[0K$ cd SonarSource/sonar-xml
travis_time:start:107d8a12[0K$ git fetch origin +refs/pull/86/merge:
From https://github.com/SonarSource/sonar-xml
 * branch            refs/pull/86/merge -> FETCH_HEAD
travis_time:end:107d8a12:start=1544005192264508570,finish=1544005192669591123,duration=405082553[0K$ git checkout -qf FETCH_HEAD
travis_fold:end:git.checkout[0K

[33;1mSetting environment variables from repository settings[0m
$ export ARTIFACTORY_URL=[secure]
$ export ARTIFACTORY_DEPLOY_REPO=[secure]
$ export ARTIFACTORY_DEPLOY_USERNAME=[secure]
$ export ARTIFACTORY_DEPLOY_PASSWORD=[secure]
$ export SONAR_TOKEN=[secure]
$ export SONAR_HOST_URL=[secure]
$ export GITHUB_TOKEN=[secure]

[33;1mSetting environment variables from .travis.yml[0m
$ export TEST=ci

travis_fold:start:cache.1[0KSetting up build cache
$ export CASHER_DIR=${TRAVIS_HOME}/.casher
travis_time:start:0fa085b0[0K$ Installing caching utilities
travis_time:end:0fa085b0:start=1544005197032487708,finish=1544005197185186171,duration=152698463[0Ktravis_time:start:0b28429a[0Ktravis_time:end:0b28429a:start=1544005197191414522,finish=1544005197194331994,duration=2917472[0Ktravis_time:start:0a093120[0K[32;1mattempting to download cache archive[0m
[32;1mfetching PR.86/cache-linux-trusty-aaf0f2a7697dc26eaa8f7fe2f6db204894f90918909ca69314e3747c529d7f1c--jdk-oraclejdk8.tgz[0m
[32;1mfetching PR.86/cache--jdk-oraclejdk8.tgz[0m
[32;1mfetching master/cache-linux-trusty-aaf0f2a7697dc26eaa8f7fe2f6db204894f90918909ca69314e3747c529d7f1c--jdk-oraclejdk8.tgz[0m
[32;1mfound cache[0m
travis_time:end:0a093120:start=1544005197199021166,finish=1544005199211485819,duration=2012464653[0Ktravis_time:start:14be2800[0Ktravis_time:end:14be2800:start=1544005199216101677,finish=1544005199219439898,duration=3338221[0Ktravis_time:start:02aa4d0c[0K[32;1madding /home/travis/.m2/repository to cache[0m
[32;1mcreating directory /home/travis/.m2/repository[0m
travis_time:end:02aa4d0c:start=1544005199224648461,finish=1544005201599141281,duration=2374492820[0Ktravis_fold:end:cache.1[0K
$ java -Xmx32m -version
java version "1.8.0_151"
Java(TM) SE Runtime Environment (build 1.8.0_151-b12)
Java HotSpot(TM) 64-Bit Server VM (build 25.151-b12, mixed mode)
$ javac -J-Xmx32m -version
javac 1.8.0_151
travis_fold:start:install[0Ktravis_time:start:0308c6b8[0K$ true
travis_time:end:0308c6b8:start=1544005202298017013,finish=1544005202301174057,duration=3157044[0Ktravis_fold:end:install[0Ktravis_time:start:07eb786c[0K$ ./travis.sh
Copy public Maven settings
Setting .npmrc
Setup Maven 3.5.2
Download Maven 3.5.2
Maven 3.5.2 installed
From https://github.com/SonarSource/sonar-xml
 * [new tag]         0.1        -> 0.1
 * [new tag]         0.2        -> 0.2
 * [new tag]         1.0        -> 1.0
 * [new tag]         1.0.1      -> 1.0.1
 * [new tag]         1.1        -> 1.1
 * [new tag]         1.2        -> 1.2
 * [new tag]         1.3        -> 1.3
 * [new tag]         1.4        -> 1.4
 * [new tag]         1.4-M1     -> 1.4-M1
 * [new tag]         1.4-M2     -> 1.4-M2
 * [new tag]         1.4-M3     -> 1.4-M3
 * [new tag]         1.4-M4     -> 1.4-M4
 * [new tag]         1.4-RC     -> 1.4-RC
 * [new tag]         1.4-RC2    -> 1.4-RC2
 * [new tag]         1.4.1      -> 1.4.1
 * [new tag]         1.4.1-RC1  -> 1.4.1-RC1
======= Build and analyze pull request
Replacing version 1.6.0-SNAPSHOT with 1.6.0.1732
[INFO] Error stacktraces are turned on.
[INFO] Scanning for projects...
[INFO] ------------------------------------------------------------------------
[INFO] Reactor Build Order:
[INFO] 
[INFO] SonarXML
[INFO] SonarXML :: SonarQube Plugin
[INFO] 
[INFO] ------------------------------------------------------------------------
[INFO] Building SonarXML 1.6.0-SNAPSHOT
[INFO] ------------------------------------------------------------------------
[INFO] 
[INFO] --- versions-maven-plugin:2.2:set (default-cli) @ xml ---
[INFO] Searching for local aggregator root...
[INFO] Local aggregation root: /home/travis/build/SonarSource/sonar-xml
[INFO] Processing change of org.sonarsource.xml:xml:1.6.0-SNAPSHOT -> 1.6.0.1732
[INFO] Processing org.sonarsource.xml:xml
[INFO]     Updating project org.sonarsource.xml:xml
[INFO]         from version 1.6.0-SNAPSHOT to 1.6.0.1732
[INFO] 
[INFO] Processing org.sonarsource.xml:sonar-xml-plugin
[INFO]     Updating parent org.sonarsource.xml:xml
[INFO]         from version 1.6.0-SNAPSHOT to 1.6.0.1732
[INFO] 
[INFO] Processing org.sonarsource.xml:xml-its
[INFO]     Updating parent org.sonarsource.xml:xml
[INFO]         from version 1.6.0-SNAPSHOT to 1.6.0.1732
[INFO] 
[INFO] Processing org.sonarsource.xml:it-xml
[INFO]     Updating parent org.sonarsource.xml:xml-its
[INFO]         from version 1.6.0-SNAPSHOT to 1.6.0.1732
[INFO] 
[INFO] ------------------------------------------------------------------------
[INFO] Reactor Summary:
[INFO] 
[INFO] SonarXML ........................................... SUCCESS [  0.899 s]
[INFO] SonarXML :: SonarQube Plugin ....................... SKIPPED
[INFO] ------------------------------------------------------------------------
[INFO] BUILD SUCCESS
[INFO] ------------------------------------------------------------------------
[INFO] Total time: 1.803 s
[INFO] Finished at: 2018-12-05T10:20:14Z
[INFO] Final Memory: 14M/203M
[INFO] ------------------------------------------------------------------------
======= with deploy
Apache Maven 3.5.2 (138edd61fd100ec658bfa2d307c43b76940a5d7d; 2017-10-18T07:58:13Z)
Maven home: /home/travis/maven/apache-maven-3.5.2
Java version: 1.8.0_151, vendor: Oracle Corporation
Java home: /usr/lib/jvm/java-8-oracle/jre
Default locale: en_US, platform encoding: UTF-8
OS name: "linux", version: "4.4.0-101-generic", arch: "amd64", family: "unix"
[INFO] Error stacktraces are turned on.
[INFO] Scanning for projects...
[INFO] ------------------------------------------------------------------------
[INFO] Reactor Build Order:
[INFO] 
[INFO] SonarXML
[INFO] SonarXML :: SonarQube Plugin
[INFO] Downloading from sonarsource: [secure]/sonarsource/org/jacoco/jacoco-maven-plugin/maven-metadata.xml
[INFO] Downloaded from sonarsource: [secure]/sonarsource/org/jacoco/jacoco-maven-plugin/maven-metadata.xml (1.4 kB at 1.2 kB/s)
[INFO] Downloading from sonarsource: [secure]/sonarsource/org/apache/maven/plugins/maven-metadata.xml
[INFO] Downloading from sonarsource: [secure]/sonarsource/org/codehaus/mojo/maven-metadata.xml
[INFO] Downloaded from sonarsource: [secure]/sonarsource/org/apache/maven/plugins/maven-metadata.xml (14 kB at 48 kB/s)
[INFO] Downloaded from sonarsource: [secure]/sonarsource/org/codehaus/mojo/maven-metadata.xml (20 kB at 41 kB/s)
[INFO] Downloading from sonarsource: [secure]/sonarsource/org/codehaus/mojo/sonar-maven-plugin/maven-metadata.xml
[INFO] Downloaded from sonarsource: [secure]/sonarsource/org/codehaus/mojo/sonar-maven-plugin/maven-metadata.xml (1.1 kB at 2.7 kB/s)
[INFO] 
[INFO] ------------------------------------------------------------------------
[INFO] Building SonarXML 1.6.0.1732
[INFO] ------------------------------------------------------------------------
[INFO] 
[INFO] --- jacoco-maven-plugin:0.8.2:prepare-agent (default-cli) @ xml ---
[INFO] argLine set to -javaagent:/home/travis/.m2/repository/org/jacoco/org.jacoco.agent/0.8.2/org.jacoco.agent-0.8.2-runtime.jar=destfile=/home/travis/build/SonarSource/sonar-xml/target/jacoco.exec
[INFO] 
[INFO] --- buildnumber-maven-plugin:1.4:create (default) @ xml ---
[INFO] Executing: /bin/sh -c cd '/home/travis/build/SonarSource/sonar-xml' && 'git' 'rev-parse' '--verify' 'HEAD'
[INFO] Working directory: /home/travis/build/SonarSource/sonar-xml
[INFO] Storing buildNumber: e902f8d599135b1f08db4b2775150b919d34ad4d at timestamp: 1544005221524
[WARNING] Cannot get the branch information from the git repository: 
Detecting the current branch failed: fatal: ref HEAD is not a symbolic ref

[INFO] Executing: /bin/sh -c cd '/home/travis/build/SonarSource/sonar-xml' && 'git' 'rev-parse' '--verify' 'HEAD'
[INFO] Working directory: /home/travis/build/SonarSource/sonar-xml
[INFO] Storing buildScmBranch: UNKNOWN
[INFO] 
[INFO] --- maven-enforcer-plugin:3.0.0-M1:enforce (enforce) @ xml ---
[INFO] 
[INFO] --- maven-enforcer-plugin:3.0.0-M1:enforce (enforce-deploy-settings) @ xml ---
[INFO] 
[INFO] --- license-maven-plugin:3.0:check (enforce-license-headers) @ xml ---
[INFO] Checking licenses...
[INFO] 
[INFO] --- artifactory-maven-plugin:2.6.1:publish (build-info) @ xml ---
[INFO] Merged properties file:/tmp/buildInfo7835499350334996712.properties created
[INFO] [buildinfo] Properties file found at '/tmp/buildInfo7835499350334996712.properties'
[INFO] Initializing Artifactory Build-Info Recording
[INFO] ------------------------------------------------------------------------
[INFO] Reactor Build Order:
[INFO] 
[INFO] SonarXML
[INFO] SonarXML :: SonarQube Plugin
[INFO] 
[INFO] ------------------------------------------------------------------------
[INFO] Building SonarXML 1.6.0.1732
[INFO] ------------------------------------------------------------------------
[INFO] 
[INFO] --- beanshell-maven-plugin:1.4:run (compute-artifact-display-version) @ xml ---
[INFO] Executing Script
[INFO] file class java.lang.Object
[INFO] script class java.lang.String
[INFO] evaluating script if (! "1.6.0.1732".endsWith("-SNAPSHOT")) { [+ 14 omitted line(s)]
[INFO] 
[INFO] --- maven-source-plugin:3.0.1:jar-no-fork (attach-sources) @ xml ---
[INFO] 
[INFO] --- maven-install-plugin:2.5.2:install (default-install) @ xml ---
[INFO] Installing /home/travis/build/SonarSource/sonar-xml/pom.xml to /home/travis/.m2/repository/org/sonarsource/xml/xml/1.6.0.1732/xml-1.6.0.1732.pom
[INFO] 
[INFO] --- maven-deploy-plugin:2.8.2:deploy (default-deploy) @ xml ---
[INFO] Skipping artifact deployment
[INFO] 
[INFO] ------------------------------------------------------------------------
[INFO] Building SonarXML :: SonarQube Plugin 1.6.0.1732
[INFO] ------------------------------------------------------------------------
[INFO] 
[INFO] --- jacoco-maven-plugin:0.8.2:prepare-agent (default-cli) @ sonar-xml-plugin ---
[INFO] argLine set to -javaagent:/home/travis/.m2/repository/org/jacoco/org.jacoco.agent/0.8.2/org.jacoco.agent-0.8.2-runtime.jar=destfile=/home/travis/build/SonarSource/sonar-xml/sonar-xml-plugin/target/jacoco.exec
[INFO] 
[INFO] --- buildnumber-maven-plugin:1.4:create (default) @ sonar-xml-plugin ---
[INFO] 
[INFO] --- maven-enforcer-plugin:3.0.0-M1:enforce (enforce) @ sonar-xml-plugin ---
[INFO] 
[INFO] --- maven-enforcer-plugin:3.0.0-M1:enforce (enforce-deploy-settings) @ sonar-xml-plugin ---
[INFO] 
[INFO] --- license-maven-plugin:3.0:check (enforce-license-headers) @ sonar-xml-plugin ---
[INFO] Checking licenses...
[INFO] 
[INFO] --- artifactory-maven-plugin:2.6.1:publish (build-info) @ sonar-xml-plugin ---
[INFO] 
[INFO] --- sonar-packaging-maven-plugin:1.18.0.372:check (default-check) @ sonar-xml-plugin ---
[INFO] 
[INFO] --- beanshell-maven-plugin:1.4:run (compute-artifact-display-version) @ sonar-xml-plugin ---
[INFO] Executing Script
[INFO] file class java.lang.Object
[INFO] script class java.lang.String
[INFO] evaluating script if (! "1.6.0.1732".endsWith("-SNAPSHOT")) { [+ 14 omitted line(s)]
[INFO] 
[INFO] --- maven-resources-plugin:3.0.2:resources (default-resources) @ sonar-xml-plugin ---
[INFO] Using 'UTF-8' encoding to copy filtered resources.
[INFO] Copying 42 resources
[INFO] 
[INFO] --- maven-compiler-plugin:3.7.0:compile (default-compile) @ sonar-xml-plugin ---
[INFO] Changes detected - recompiling the module!
[INFO] Compiling 42 source files to /home/travis/build/SonarSource/sonar-xml/sonar-xml-plugin/target/classes
[INFO] /home/travis/build/SonarSource/sonar-xml/sonar-xml-plugin/src/main/java/org/sonar/plugins/xml/rules/XmlSonarWayProfile.java: Some input files use or override a deprecated API.
[INFO] /home/travis/build/SonarSource/sonar-xml/sonar-xml-plugin/src/main/java/org/sonar/plugins/xml/rules/XmlSonarWayProfile.java: Recompile with -Xlint:deprecation for details.
[INFO] 
[INFO] --- maven-resources-plugin:3.0.2:testResources (default-testResources) @ sonar-xml-plugin ---
[INFO] Using 'UTF-8' encoding to copy filtered resources.
[INFO] Copying 26 resources
[INFO] 
[INFO] --- maven-compiler-plugin:3.7.0:testCompile (default-testCompile) @ sonar-xml-plugin ---
[INFO] Changes detected - recompiling the module!
[INFO] Compiling 24 source files to /home/travis/build/SonarSource/sonar-xml/sonar-xml-plugin/target/test-classes
[INFO] /home/travis/build/SonarSource/sonar-xml/sonar-xml-plugin/src/test/java/org/sonar/plugins/xml/rules/XmlSonarWayProfileTest.java: Some input files use or override a deprecated API.
[INFO] /home/travis/build/SonarSource/sonar-xml/sonar-xml-plugin/src/test/java/org/sonar/plugins/xml/rules/XmlSonarWayProfileTest.java: Recompile with -Xlint:deprecation for details.
[INFO] /home/travis/build/SonarSource/sonar-xml/sonar-xml-plugin/src/test/java/org/sonar/plugins/xml/XmlPluginTest.java: /home/travis/build/SonarSource/sonar-xml/sonar-xml-plugin/src/test/java/org/sonar/plugins/xml/XmlPluginTest.java uses unchecked or unsafe operations.
[INFO] /home/travis/build/SonarSource/sonar-xml/sonar-xml-plugin/src/test/java/org/sonar/plugins/xml/XmlPluginTest.java: Recompile with -Xlint:unchecked for details.
[INFO] 
[INFO] --- maven-surefire-plugin:2.22.0:test (default-test) @ sonar-xml-plugin ---
[INFO] Surefire report directory: /home/travis/build/SonarSource/sonar-xml/sonar-xml-plugin/target/surefire-reports
[INFO] 
[INFO] -------------------------------------------------------
[INFO]  T E S T S
[INFO] -------------------------------------------------------
[INFO] Running org.sonar.plugins.xml.checks.XmlSchemaCheckTest
INFO  Validating file:///home/travis/build/SonarSource/sonar-xml/sonar-xml-plugin/src/test/resources/checks/generic/TenderNed-Aankondigingen.xhtml with schema src/main/resources/org/sonar/plugins/xml/schemas/xhtml1/xhtml1-frameset.xsd
WARN  Could not find schema does-not-exist
WARN  Cannot validate file file:///home/travis/build/SonarSource/sonar-xml/sonar-xml-plugin/src/test/resources/checks/generic/TenderNed-Aankondigingen.xhtml
WARN  Cause: org.sonar.plugins.xml.checks.XmlSchemaCheck$SchemaNotFoundException: Could not load schema "does-not-exist"
INFO  Validating file:///home/travis/build/SonarSource/sonar-xml/sonar-xml-plugin/src/test/resources/checks/generic/catalog.xml with schema src/test/resources/checks/generic/catalog.xsd
INFO  Validating file:///home/travis/build/SonarSource/sonar-xml/sonar-xml-plugin/pom.xml with schema http://maven.apache.org/POM/4.0.0
INFO  Validating file:///home/travis/build/SonarSource/sonar-xml/sonar-xml-plugin/src/test/resources/checks/generic/TenderNed-Aankondigingen.xhtml with schema -//W3C//DTD XHTML 1.0 Strict//EN
INFO  Validating file:///home/travis/build/SonarSource/sonar-xml/sonar-xml-plugin/src/test/resources/checks/generic/create-salesorder.xhtml with schema xhtml1-transitional
INFO  Validating file:///home/travis/build/SonarSource/sonar-xml/sonar-xml-plugin/src/test/resources/checks/generic/create-salesorder2.xhtml with schema http://java.sun.com/jsf/core
INFO  Validating file:///home/travis/build/SonarSource/sonar-xml/sonar-xml-plugin/src/test/resources/checks/generic/create-salesorder2.xhtml with schema http://java.sun.com/jsf/html
INFO  Validating file:///home/travis/build/SonarSource/sonar-xml/sonar-xml-plugin/src/test/resources/checks/generic/catalog.xml with schema src/test/resources/checks/generic/catalog.xsd
WARN  Could not validate file file:///home/travis/build/SonarSource/sonar-xml/sonar-xml-plugin/src/test/resources/checks/generic/catalog.xml
WARN  Reason: Unable to create schema for [src/test/resources/checks/XmlSchemaCheck/invalid.xsd]
WARN  Cause:  org.xml.sax.SAXParseException; Premature end of file.
INFO  Validating file:///home/travis/build/SonarSource/sonar-xml/sonar-xml-plugin/src/test/resources/checks/generic/catalog.xml with schema /org/sonar/plugins/xml/schemas/xml.xsd
INFO  Validating file:///home/travis/build/SonarSource/sonar-xml/sonar-xml-plugin/src/test/resources/checks/generic/catalog.xml with schema file:/home/travis/build/SonarSource/sonar-xml/sonar-xml-plugin/src/test/resources/checks/generic/catalog.xsd
INFO  Validating file:///home/travis/build/SonarSource/sonar-xml/sonar-xml-plugin/src/test/resources/checks/generic/TenderNed-Aankondigingen.xhtml with schema xhtml1-strict
INFO  Validating file:///home/travis/build/SonarSource/sonar-xml/sonar-xml-plugin/src/test/resources/checks/generic/create-salesorder.xhtml with schema xhtml1-transitional
INFO  Validating file:///home/travis/build/SonarSource/sonar-xml/sonar-xml-plugin/src/test/resources/checks/XmlSchemaCheck/dtd_and_xsd/entities.xml with schema src/test/resources/checks/XmlSchemaCheck/dtd_and_xsd/entities.xsd
WARN  Unable to validate file file:///home/travis/build/SonarSource/sonar-xml/sonar-xml-plugin/src/test/resources/checks/XmlSchemaCheck/dtd_and_xsd/entities.xml
WARN  Cause: /home/travis/build/SonarSource/sonar-xml/sonar-xml-plugin/nested.xml (No such file or directory)
WARN  Could not find schema http://redone/cbs/apiEntities
WARN  Cannot validate file file:///home/travis/build/SonarSource/sonar-xml/sonar-xml-plugin/src/test/resources/checks/XmlSchemaCheck/dtd_and_xsd/entities.xml
WARN  Cause: org.sonar.plugins.xml.checks.XmlSchemaCheck$SchemaNotFoundException: Could not load schema "http://redone/cbs/apiEntities"
WARN  Could not validate file file:///home/travis/build/SonarSource/sonar-xml/sonar-xml-plugin/src/test/resources/checks/XmlSchemaCheck/using_default_namespace.xml
WARN  Reason: Unable to create schema for [http://www.springframework.org/schema/beans]
WARN  Cause:  org.xml.sax.SAXParseException; lineNumber: 1; columnNumber: 55; White spaces are required between publicId and systemId.
WARN  Could not validate file file:///home/travis/build/SonarSource/sonar-xml/sonar-xml-plugin/src/test/resources/checks/XmlSchemaCheck/dtd_and_xsd/entities.xsd
WARN  Reason: Unable to create schema for [http://www.w3.org/2001/XMLSchema]
WARN  Cause:  org.xml.sax.SAXParseException; lineNumber: 7; columnNumber: 18; s4s-elt-character: Non-whitespace characters are not allowed in schema elements other than 'xs:appinfo' and 'xs:documentation'. Saw 'XML Schema'.
[INFO] Tests run: 20, Failures: 0, Errors: 0, Skipped: 0, Time elapsed: 4.718 s - in org.sonar.plugins.xml.checks.XmlSchemaCheckTest
[INFO] Running org.sonar.plugins.xml.checks.XPathCheckTest
[INFO] Tests run: 6, Failures: 0, Errors: 0, Skipped: 0, Time elapsed: 0.322 s - in org.sonar.plugins.xml.checks.XPathCheckTest
[INFO] Running org.sonar.plugins.xml.XmlSensorTest
WARN  Unable to parse file file:///home/travis/build/SonarSource/sonar-xml/sonar-xml-plugin/src/test/resources/checks/generic/wrong-ampersand.xhtml
WARN  Cause: org.xml.sax.SAXParseException; lineNumber: 7; columnNumber: 27; Element type "as.length" must be followed by either attribute specifications, ">" or "/>".
WARN  Unable to parse file file:///home/travis/build/SonarSource/sonar-xml/sonar-xml-plugin/src/test/resources/checks/generic/wrong-ampersand.xhtml
WARN  Cause: org.xml.sax.SAXParseException; lineNumber: 7; columnNumber: 27; Element type "as.length" must be followed by either attribute specifications, ">" or "/>".
WARN  Invalid character encountered in file /tmp/junit2921368993481639563/junit7125077840364877923/utf16.xml at line 1 for encoding UTF-8. Please fix file content or configure the encoding to be used using property 'sonar.sourceEncoding'.
[INFO] Tests run: 7, Failures: 0, Errors: 0, Skipped: 0, Time elapsed: 9.703 s - in org.sonar.plugins.xml.XmlSensorTest
[INFO] Running org.sonar.plugins.xml.LineCountDataTest
[INFO] Tests run: 1, Failures: 0, Errors: 0, Skipped: 0, Time elapsed: 0.011 s - in org.sonar.plugins.xml.LineCountDataTest
[INFO] Running org.sonar.plugins.xml.checks.IllegalTabCheckTest
[INFO] Tests run: 2, Failures: 0, Errors: 0, Skipped: 0, Time elapsed: 0.023 s - in org.sonar.plugins.xml.checks.IllegalTabCheckTest
[INFO] Running org.sonar.plugins.xml.XmlPluginTest
[INFO] Tests run: 2, Failures: 0, Errors: 0, Skipped: 0, Time elapsed: 0.027 s - in org.sonar.plugins.xml.XmlPluginTest
[INFO] Running org.sonar.plugins.xml.checks.IndentCheckTest
[INFO] Tests run: 8, Failures: 0, Errors: 0, Skipped: 0, Time elapsed: 0.082 s - in org.sonar.plugins.xml.checks.IndentCheckTest
[INFO] Running org.sonar.plugins.xml.parsers.LineCountParserTest
[INFO] Tests run: 4, Failures: 0, Errors: 0, Skipped: 0, Time elapsed: 0.02 s - in org.sonar.plugins.xml.parsers.LineCountParserTest
[INFO] Running org.sonar.plugins.xml.checks.XmlFileTest
[INFO] Tests run: 4, Failures: 0, Errors: 0, Skipped: 0, Time elapsed: 0.02 s - in org.sonar.plugins.xml.checks.XmlFileTest
[INFO] Running org.sonar.plugins.xml.LineCounterTest
[INFO] Tests run: 3, Failures: 0, Errors: 0, Skipped: 0, Time elapsed: 0.065 s - in org.sonar.plugins.xml.LineCounterTest
[INFO] Running org.sonar.plugins.xml.checks.CharBeforePrologCheckTest
[INFO] Tests run: 3, Failures: 0, Errors: 0, Skipped: 0, Time elapsed: 0.037 s - in org.sonar.plugins.xml.checks.CharBeforePrologCheckTest
[INFO] Running org.sonar.plugins.xml.checks.XmlSourceCodeTest
WARN  Unable to analyse file file:///home/travis/build/SonarSource/sonar-xml/sonar-xml-plugin/src/test/resources/unknown.xml
java.nio.file.NoSuchFileException: /home/travis/build/SonarSource/sonar-xml/sonar-xml-plugin/src/test/resources/unknown.xml
	at sun.nio.fs.UnixException.translateToIOException(UnixException.java:86)
	at sun.nio.fs.UnixException.rethrowAsIOException(UnixException.java:102)
	at sun.nio.fs.UnixException.rethrowAsIOException(UnixException.java:107)
	at sun.nio.fs.UnixFileSystemProvider.newByteChannel(UnixFileSystemProvider.java:214)
	at java.nio.file.Files.newByteChannel(Files.java:361)
	at java.nio.file.Files.newByteChannel(Files.java:407)
	at java.nio.file.spi.FileSystemProvider.newInputStream(FileSystemProvider.java:384)
	at java.nio.file.Files.newInputStream(Files.java:152)
	at org.sonar.api.batch.fs.internal.DefaultInputFile.inputStream(DefaultInputFile.java:84)
	at org.sonar.api.batch.fs.internal.DefaultInputFile.contents(DefaultInputFile.java:94)
	at org.sonar.plugins.xml.checks.XmlFile.checkForCharactersBeforeProlog(XmlFile.java:76)
	at org.sonar.plugins.xml.checks.XmlFile.<init>(XmlFile.java:63)
	at org.sonar.plugins.xml.checks.XmlSourceCodeTest.createXmlSourceCode(XmlSourceCodeTest.java:49)
	at org.sonar.plugins.xml.checks.XmlSourceCodeTest.unknown_file(XmlSourceCodeTest.java:38)
	at sun.reflect.NativeMethodAccessorImpl.invoke0(Native Method)
	at sun.reflect.NativeMethodAccessorImpl.invoke(NativeMethodAccessorImpl.java:62)
	at sun.reflect.DelegatingMethodAccessorImpl.invoke(DelegatingMethodAccessorImpl.java:43)
	at java.lang.reflect.Method.invoke(Method.java:498)
	at org.junit.runners.model.FrameworkMethod$1.runReflectiveCall(FrameworkMethod.java:45)
	at org.junit.internal.runners.model.ReflectiveCallable.run(ReflectiveCallable.java:15)
	at org.junit.runners.model.FrameworkMethod.invokeExplosively(FrameworkMethod.java:42)
	at org.junit.internal.runners.statements.InvokeMethod.evaluate(InvokeMethod.java:20)
	at org.junit.rules.ExpectedException$ExpectedExceptionStatement.evaluate(ExpectedException.java:110)
	at org.junit.rules.RunRules.evaluate(RunRules.java:18)
	at org.junit.runners.ParentRunner.runLeaf(ParentRunner.java:263)
	at org.junit.runners.BlockJUnit4ClassRunner.runChild(BlockJUnit4ClassRunner.java:68)
	at org.junit.runners.BlockJUnit4ClassRunner.runChild(BlockJUnit4ClassRunner.java:47)
	at org.junit.runners.ParentRunner$3.run(ParentRunner.java:231)
	at org.junit.runners.ParentRunner$1.schedule(ParentRunner.java:60)
	at org.junit.runners.ParentRunner.runChildren(ParentRunner.java:229)
	at org.junit.runners.ParentRunner.access$000(ParentRunner.java:50)
	at org.junit.runners.ParentRunner$2.evaluate(ParentRunner.java:222)
	at org.junit.runners.ParentRunner.run(ParentRunner.java:300)
	at org.apache.maven.surefire.junit4.JUnit4Provider.execute(JUnit4Provider.java:365)
	at org.apache.maven.surefire.junit4.JUnit4Provider.executeWithRerun(JUnit4Provider.java:273)
	at org.apache.maven.surefire.junit4.JUnit4Provider.executeTestSet(JUnit4Provider.java:238)
	at org.apache.maven.surefire.junit4.JUnit4Provider.invoke(JUnit4Provider.java:159)
	at org.apache.maven.surefire.booter.ForkedBooter.invokeProviderInSameClassLoader(ForkedBooter.java:383)
	at org.apache.maven.surefire.booter.ForkedBooter.runSuitesInProcess(ForkedBooter.java:344)
	at org.apache.maven.surefire.booter.ForkedBooter.execute(ForkedBooter.java:125)
	at org.apache.maven.surefire.booter.ForkedBooter.main(ForkedBooter.java:417)
[INFO] Tests run: 1, Failures: 0, Errors: 0, Skipped: 0, Time elapsed: 0.06 s - in org.sonar.plugins.xml.checks.XmlSourceCodeTest
[INFO] Running org.sonar.plugins.xml.checks.CheckRepositoryTest
[INFO] Tests run: 4, Failures: 0, Errors: 0, Skipped: 0, Time elapsed: 0.109 s - in org.sonar.plugins.xml.checks.CheckRepositoryTest
[INFO] Running org.sonar.plugins.xml.schemas.DetectSchemaParserTest
[INFO] Tests run: 3, Failures: 0, Errors: 0, Skipped: 0, Time elapsed: 0.157 s - in org.sonar.plugins.xml.schemas.DetectSchemaParserTest
[INFO] Running org.sonar.plugins.xml.checks.NewlineCheckTest
[INFO] Tests run: 7, Failures: 0, Errors: 0, Skipped: 0, Time elapsed: 0.055 s - in org.sonar.plugins.xml.checks.NewlineCheckTest
[INFO] Running org.sonar.plugins.xml.highlighting.XmlHighlightingTest
[ERROR] Tests run: 24, Failures: 0, Errors: 5, Skipped: 0, Time elapsed: 0.239 s <<< FAILURE! - in org.sonar.plugins.xml.highlighting.XmlHighlightingTest
[ERROR] testCDATAWithTagsInside(org.sonar.plugins.xml.highlighting.XmlHighlightingTest)  Time elapsed: 0.01 s  <<< ERROR!
java.lang.IllegalStateException: Missing start location on XML CDATA node
	at org.sonar.plugins.xml.highlighting.XmlHighlightingTest.getHighlightingData(XmlHighlightingTest.java:409)
	at org.sonar.plugins.xml.highlighting.XmlHighlightingTest.getHighlightingDataFromContent(XmlHighlightingTest.java:404)
	at org.sonar.plugins.xml.highlighting.XmlHighlightingTest.testCDATAWithTagsInside(XmlHighlightingTest.java:56)

[ERROR] testCDATAWithBracketInside(org.sonar.plugins.xml.highlighting.XmlHighlightingTest)  Time elapsed: 0.003 s  <<< ERROR!
java.lang.IllegalStateException: Missing start location on XML CDATA node
	at org.sonar.plugins.xml.highlighting.XmlHighlightingTest.getHighlightingData(XmlHighlightingTest.java:409)
	at org.sonar.plugins.xml.highlighting.XmlHighlightingTest.getHighlightingDataFromContent(XmlHighlightingTest.java:404)
	at org.sonar.plugins.xml.highlighting.XmlHighlightingTest.testCDATAWithBracketInside(XmlHighlightingTest.java:74)

[ERROR] testCDATA(org.sonar.plugins.xml.highlighting.XmlHighlightingTest)  Time elapsed: 0.007 s  <<< ERROR!
java.lang.IllegalStateException: Missing start location on XML CDATA node
	at org.sonar.plugins.xml.highlighting.XmlHighlightingTest.getHighlightingData(XmlHighlightingTest.java:409)
	at org.sonar.plugins.xml.highlighting.XmlHighlightingTest.getHighlightingDataFromContent(XmlHighlightingTest.java:404)
	at org.sonar.plugins.xml.highlighting.XmlHighlightingTest.testCDATA(XmlHighlightingTest.java:181)

[ERROR] testCDATAMultiline(org.sonar.plugins.xml.highlighting.XmlHighlightingTest)  Time elapsed: 0.007 s  <<< ERROR!
java.lang.IllegalStateException: Missing start location on XML CDATA node
	at org.sonar.plugins.xml.highlighting.XmlHighlightingTest.getHighlightingData(XmlHighlightingTest.java:409)
	at org.sonar.plugins.xml.highlighting.XmlHighlightingTest.getHighlightingDataFromContent(XmlHighlightingTest.java:404)
	at org.sonar.plugins.xml.highlighting.XmlHighlightingTest.testCDATAMultiline(XmlHighlightingTest.java:189)

[ERROR] testBigCDATA(org.sonar.plugins.xml.highlighting.XmlHighlightingTest)  Time elapsed: 0.07 s  <<< ERROR!
java.lang.IllegalStateException: Missing start location on XML CDATA node
	at org.sonar.plugins.xml.highlighting.XmlHighlightingTest.getHighlightingData(XmlHighlightingTest.java:409)
	at org.sonar.plugins.xml.highlighting.XmlHighlightingTest.getHighlightingDataFromContent(XmlHighlightingTest.java:404)
	at org.sonar.plugins.xml.highlighting.XmlHighlightingTest.testBigCDATA(XmlHighlightingTest.java:201)

[INFO] Running org.sonar.plugins.xml.UtilsTest
[INFO] Tests run: 3, Failures: 0, Errors: 0, Skipped: 0, Time elapsed: 0.151 s - in org.sonar.plugins.xml.UtilsTest
[INFO] Running org.sonar.plugins.xml.rules.XmlRulesDefinitionTest
[INFO] Tests run: 1, Failures: 0, Errors: 0, Skipped: 0, Time elapsed: 1.194 s - in org.sonar.plugins.xml.rules.XmlRulesDefinitionTest
[INFO] Running org.sonar.plugins.xml.language.XmlTest
[INFO] Tests run: 2, Failures: 0, Errors: 0, Skipped: 0, Time elapsed: 0.021 s - in org.sonar.plugins.xml.language.XmlTest
[INFO] Running org.sonar.plugins.xml.parsers.SaxParserTest
[INFO] Tests run: 1, Failures: 0, Errors: 0, Skipped: 0, Time elapsed: 0.01 s - in org.sonar.plugins.xml.parsers.SaxParserTest
[INFO] Running org.sonar.plugins.xml.newparser.NewXmlParserTest
[Fatal Error] :1:10: The entity "ouml" was referenced, but not declared.
[ERROR] Tests run: 13, Failures: 0, Errors: 1, Skipped: 0, Time elapsed: 0.083 s <<< FAILURE! - in org.sonar.plugins.xml.newparser.NewXmlParserTest
[ERROR] testCdata(org.sonar.plugins.xml.newparser.NewXmlParserTest)  Time elapsed: 0.002 s  <<< ERROR!
java.lang.NullPointerException
	at org.sonar.plugins.xml.newparser.NewXmlParserTest.assertRange(NewXmlParserTest.java:243)
	at org.sonar.plugins.xml.newparser.NewXmlParserTest.assertRange(NewXmlParserTest.java:239)
	at org.sonar.plugins.xml.newparser.NewXmlParserTest.testCdata(NewXmlParserTest.java:161)

[INFO] Running org.sonar.plugins.xml.rules.XmlSonarWayProfileTest
[INFO] Tests run: 1, Failures: 0, Errors: 0, Skipped: 0, Time elapsed: 0.097 s - in org.sonar.plugins.xml.rules.XmlSonarWayProfileTest
[INFO] 
[INFO] Results:
[INFO] 
[ERROR] Errors: 
[ERROR]   XmlHighlightingTest.testBigCDATA:201->getHighlightingDataFromContent:404->getHighlightingData:409 Â» IllegalState
[ERROR]   XmlHighlightingTest.testCDATA:181->getHighlightingDataFromContent:404->getHighlightingData:409 Â» IllegalState
[ERROR]   XmlHighlightingTest.testCDATAMultiline:189->getHighlightingDataFromContent:404->getHighlightingData:409 Â» IllegalState
[ERROR]   XmlHighlightingTest.testCDATAWithBracketInside:74->getHighlightingDataFromContent:404->getHighlightingData:409 Â» IllegalState
[ERROR]   XmlHighlightingTest.testCDATAWithTagsInside:56->getHighlightingDataFromContent:404->getHighlightingData:409 Â» IllegalState
[ERROR]   NewXmlParserTest.testCdata:161->assertRange:239->assertRange:243 NullPointer
[INFO] 
[ERROR] Tests run: 120, Failures: 0, Errors: 6, Skipped: 0
[INFO] 
[INFO] 
[INFO] ------------------------------------------------------------------------
[INFO] Skipping SonarXML
[INFO] This project has been banned from the build due to previous failures.
[INFO] ------------------------------------------------------------------------
[INFO] ------------------------------------------------------------------------
[INFO] Reactor Summary:
[INFO] 
[INFO] SonarXML ........................................... SUCCESS [  3.358 s]
[INFO] SonarXML :: SonarQube Plugin ....................... FAILURE [ 22.771 s]
[INFO] ------------------------------------------------------------------------
[INFO] BUILD FAILURE
[INFO] ------------------------------------------------------------------------
[INFO] Total time: 30.459 s
[INFO] Finished at: 2018-12-05T10:20:47Z
[INFO] Final Memory: 49M/403M
[INFO] ------------------------------------------------------------------------
[ERROR] Failed to execute goal org.apache.maven.plugins:maven-surefire-plugin:2.22.0:test (default-test) on project sonar-xml-plugin: There are test failures.
[ERROR] 
[ERROR] Please refer to /home/travis/build/SonarSource/sonar-xml/sonar-xml-plugin/target/surefire-reports for the individual test results.
[ERROR] Please refer to dump files (if any exist) [date]-jvmRun[N].dump, [date].dumpstream and [date]-jvmRun[N].dumpstream.
[ERROR] -> [Help 1]
org.apache.maven.lifecycle.LifecycleExecutionException: Failed to execute goal org.apache.maven.plugins:maven-surefire-plugin:2.22.0:test (default-test) on project sonar-xml-plugin: There are test failures.

Please refer to /home/travis/build/SonarSource/sonar-xml/sonar-xml-plugin/target/surefire-reports for the individual test results.
Please refer to dump files (if any exist) [date]-jvmRun[N].dump, [date].dumpstream and [date]-jvmRun[N].dumpstream.
    at org.apache.maven.lifecycle.internal.MojoExecutor.execute (MojoExecutor.java:213)
    at org.apache.maven.lifecycle.internal.MojoExecutor.execute (MojoExecutor.java:154)
    at org.apache.maven.lifecycle.internal.MojoExecutor.execute (MojoExecutor.java:146)
    at org.apache.maven.lifecycle.internal.LifecycleModuleBuilder.buildProject (LifecycleModuleBuilder.java:117)
    at org.apache.maven.lifecycle.internal.LifecycleModuleBuilder.buildProject (LifecycleModuleBuilder.java:81)
    at org.apache.maven.lifecycle.internal.builder.singlethreaded.SingleThreadedBuilder.build (SingleThreadedBuilder.java:51)
    at org.apache.maven.lifecycle.internal.LifecycleStarter.execute (LifecycleStarter.java:128)
    at org.apache.maven.DefaultMaven.doExecute (DefaultMaven.java:309)
    at org.apache.maven.DefaultMaven.doExecute (DefaultMaven.java:194)
    at org.apache.maven.DefaultMaven.execute (DefaultMaven.java:107)
    at org.apache.maven.cli.MavenCli.execute (MavenCli.java:955)
    at org.apache.maven.cli.MavenCli.doMain (MavenCli.java:290)
    at org.apache.maven.cli.MavenCli.main (MavenCli.java:194)
    at sun.reflect.NativeMethodAccessorImpl.invoke0 (Native Method)
    at sun.reflect.NativeMethodAccessorImpl.invoke (NativeMethodAccessorImpl.java:62)
    at sun.reflect.DelegatingMethodAccessorImpl.invoke (DelegatingMethodAccessorImpl.java:43)
    at java.lang.reflect.Method.invoke (Method.java:498)
    at org.codehaus.plexus.classworlds.launcher.Launcher.launchEnhanced (Launcher.java:289)
    at org.codehaus.plexus.classworlds.launcher.Launcher.launch (Launcher.java:229)
    at org.codehaus.plexus.classworlds.launcher.Launcher.mainWithExitCode (Launcher.java:415)
    at org.codehaus.plexus.classworlds.launcher.Launcher.main (Launcher.java:356)
Caused by: org.apache.maven.plugin.MojoFailureException: There are test failures.

Please refer to /home/travis/build/SonarSource/sonar-xml/sonar-xml-plugin/target/surefire-reports for the individual test results.
Please refer to dump files (if any exist) [date]-jvmRun[N].dump, [date].dumpstream and [date]-jvmRun[N].dumpstream.
    at org.apache.maven.plugin.surefire.SurefireHelper.throwException (SurefireHelper.java:240)
    at org.apache.maven.plugin.surefire.SurefireHelper.reportExecution (SurefireHelper.java:112)
    at org.apache.maven.plugin.surefire.SurefirePlugin.handleSummary (SurefirePlugin.java:364)
    at org.apache.maven.plugin.surefire.AbstractSurefireMojo.executeAfterPreconditionsChecked (AbstractSurefireMojo.java:1052)
    at org.apache.maven.plugin.surefire.AbstractSurefireMojo.execute (AbstractSurefireMojo.java:868)
    at org.apache.maven.plugin.DefaultBuildPluginManager.executeMojo (DefaultBuildPluginManager.java:134)
    at org.apache.maven.lifecycle.internal.MojoExecutor.execute (MojoExecutor.java:208)
    at org.apache.maven.lifecycle.internal.MojoExecutor.execute (MojoExecutor.java:154)
    at org.apache.maven.lifecycle.internal.MojoExecutor.execute (MojoExecutor.java:146)
    at org.apache.maven.lifecycle.internal.LifecycleModuleBuilder.buildProject (LifecycleModuleBuilder.java:117)
    at org.apache.maven.lifecycle.internal.LifecycleModuleBuilder.buildProject (LifecycleModuleBuilder.java:81)
    at org.apache.maven.lifecycle.internal.builder.singlethreaded.SingleThreadedBuilder.build (SingleThreadedBuilder.java:51)
    at org.apache.maven.lifecycle.internal.LifecycleStarter.execute (LifecycleStarter.java:128)
    at org.apache.maven.DefaultMaven.doExecute (DefaultMaven.java:309)
    at org.apache.maven.DefaultMaven.doExecute (DefaultMaven.java:194)
    at org.apache.maven.DefaultMaven.execute (DefaultMaven.java:107)
    at org.apache.maven.cli.MavenCli.execute (MavenCli.java:955)
    at org.apache.maven.cli.MavenCli.doMain (MavenCli.java:290)
    at org.apache.maven.cli.MavenCli.main (MavenCli.java:194)
    at sun.reflect.NativeMethodAccessorImpl.invoke0 (Native Method)
    at sun.reflect.NativeMethodAccessorImpl.invoke (NativeMethodAccessorImpl.java:62)
    at sun.reflect.DelegatingMethodAccessorImpl.invoke (DelegatingMethodAccessorImpl.java:43)
    at java.lang.reflect.Method.invoke (Method.java:498)
    at org.codehaus.plexus.classworlds.launcher.Launcher.launchEnhanced (Launcher.java:289)
    at org.codehaus.plexus.classworlds.launcher.Launcher.launch (Launcher.java:229)
    at org.codehaus.plexus.classworlds.launcher.Launcher.mainWithExitCode (Launcher.java:415)
    at org.codehaus.plexus.classworlds.launcher.Launcher.main (Launcher.java:356)
[ERROR] 
[ERROR] Re-run Maven using the -X switch to enable full debug logging.
[ERROR] 
[ERROR] For more information about the errors and possible solutions, please read the following articles:
[ERROR] [Help 1] http://cwiki.apache.org/confluence/display/MAVEN/MojoFailureException
[ERROR] 
[ERROR] After correcting the problems, you can resume the build with the command
[ERROR]   mvn <goals> -rf :sonar-xml-plugin
travis_time:end:07eb786c:start=1544005202306860172,finish=1544005247396442157,duration=45089581985[0K[31;1mThe command "./travis.sh" exited with 1.[0m

travis_fold:start:cache.2[0Kstore build cache
travis_time:start:06dd2c68[0Ktravis_time:end:06dd2c68:start=1544005247401899419,finish=1544005247405768599,duration=3869180[0Ktravis_time:start:00da87dd[0K[32;1mchange detected (content changed, file is created, or file is deleted):
/home/travis/.m2/repository/org/apache/maven/plugins/resolver-status.properties
/home/travis/.m2/repository/org/codehaus/mojo/resolver-status.properties
/home/travis/.m2/repository/org/codehaus/mojo/sonar-maven-plugin/resolver-status.properties
/home/travis/.m2/repository/org/jacoco/jacoco-maven-plugin/resolver-status.properties
/home/travis/.m2/repository/org/sonarsource/xml/xml/1.6.0.1732/_remote.repositories
/home/travis/.m2/repository/org/sonarsource/xml/xml/1.6.0.1732/xml-1.6.0.1732.pom
/home/travis/.m2/repository/org/sonarsource/xml/xml/maven-metadata-local.xml

[0m
[32;1mchanges detected, packing new archive[0m
[32;1muploading PR.86/cache-linux-trusty-aaf0f2a7697dc26eaa8f7fe2f6db204894f90918909ca69314e3747c529d7f1c--jdk-oraclejdk8.tgz[0m
[32;1mcache uploaded[0m
travis_time:end:00da87dd:start=1544005247409936323,finish=1544005253932908563,duration=6522972240[0Ktravis_fold:end:cache.2[0K

Done. Your build exited with 1.
