travis_fold:start:worker_info[0K[33;1mWorker information[0m
hostname: a278863e-9fa7-4c03-961f-7d834ffdedd4@1.i-0ec199d-production-2-worker-org-ec2.travisci.net
version: v4.1.2 https://github.com/travis-ci/worker/tree/91246b057ccd93649046771f29221f839c19a7d3
instance: 8c1d0f8 travisci/ci-garnet:packer-1512502276-986baf0 (via amqp)
startup: 6.38867723s
travis_fold:end:worker_info[0Ktravis_fold:start:system_info[0K[33;1mBuild system information[0m
Build language: java
Build group: stable
Build dist: trusty
Build id: 449822598
Job id: 449822599
Runtime kernel version: 4.14.12-041412-generic
travis-build version: 9e5f2dec6
[34m[1mBuild image provisioning date and time[0m
Tue Dec  5 20:11:19 UTC 2017
[34m[1mOperating System Details[0m
Distributor ID:	Ubuntu
Description:	Ubuntu 14.04.5 LTS
Release:	14.04
Codename:	trusty
[34m[1mCookbooks Version[0m
7c2c6a6 https://github.com/travis-ci/travis-cookbooks/tree/7c2c6a6
[34m[1mgit version[0m
git version 2.15.1
[34m[1mbash version[0m
GNU bash, version 4.3.11(1)-release (x86_64-pc-linux-gnu)
[34m[1mgcc version[0m
gcc (Ubuntu 4.8.4-2ubuntu1~14.04.3) 4.8.4
Copyright (C) 2013 Free Software Foundation, Inc.
This is free software; see the source for copying conditions.  There is NO
warranty; not even for MERCHANTABILITY or FITNESS FOR A PARTICULAR PURPOSE.

[34m[1mdocker version[0m
Client:
 Version:      17.09.0-ce
 API version:  1.32
 Go version:   go1.8.3
 Git commit:   afdb6d4
 Built:        Tue Sep 26 22:39:28 2017
 OS/Arch:      linux/amd64
[34m[1mclang version[0m
clang version 5.0.0 (tags/RELEASE_500/final)
Target: x86_64-unknown-linux-gnu
Thread model: posix
InstalledDir: /usr/local/clang-5.0.0/bin
[34m[1mjq version[0m
jq-1.5
[34m[1mbats version[0m
Bats 0.4.0
[34m[1mshellcheck version[0m
0.4.6
[34m[1mshfmt version[0m
v2.0.0
[34m[1mccache version[0m
ccache version 3.1.9

Copyright (C) 2002-2007 Andrew Tridgell
Copyright (C) 2009-2011 Joel Rosdahl

This program is free software; you can redistribute it and/or modify it under
the terms of the GNU General Public License as published by the Free Software
Foundation; either version 3 of the License, or (at your option) any later
version.
[34m[1mcmake version[0m
cmake version 3.9.2

CMake suite maintained and supported by Kitware (kitware.com/cmake).
[34m[1mheroku version[0m
heroku-cli/6.14.39-addc925 (linux-x64) node-v9.2.0
[34m[1mimagemagick version[0m
Version: ImageMagick 6.7.7-10 2017-07-31 Q16 http://www.imagemagick.org
[34m[1mmd5deep version[0m
4.2
[34m[1mmercurial version[0m
Mercurial Distributed SCM (version 4.2.2)
(see https://mercurial-scm.org for more information)

Copyright (C) 2005-2017 Matt Mackall and others
This is free software; see the source for copying conditions. There is NO
warranty; not even for MERCHANTABILITY or FITNESS FOR A PARTICULAR PURPOSE.
[34m[1mmysql version[0m
mysql  Ver 14.14 Distrib 5.6.33, for debian-linux-gnu (x86_64) using  EditLine wrapper
[34m[1mopenssl version[0m
OpenSSL 1.0.1f 6 Jan 2014
[34m[1mpacker version[0m
Packer v1.0.2

Your version of Packer is out of date! The latest version
is 1.1.2. You can update by downloading from www.packer.io
[34m[1mpostgresql client version[0m
psql (PostgreSQL) 9.6.6
[34m[1mragel version[0m
Ragel State Machine Compiler version 6.8 Feb 2013
Copyright (c) 2001-2009 by Adrian Thurston
[34m[1msubversion version[0m
svn, version 1.8.8 (r1568071)
   compiled Aug 10 2017, 17:20:39 on x86_64-pc-linux-gnu

Copyright (C) 2013 The Apache Software Foundation.
This software consists of contributions made by many people;
see the NOTICE file for more information.
Subversion is open source software, see http://subversion.apache.org/

The following repository access (RA) modules are available:

* ra_svn : Module for accessing a repository using the svn network protocol.
  - with Cyrus SASL authentication
  - handles 'svn' scheme
* ra_local : Module for accessing a repository on local disk.
  - handles 'file' scheme
* ra_serf : Module for accessing a repository via WebDAV protocol using serf.
  - using serf 1.3.3
  - handles 'http' scheme
  - handles 'https' scheme

[34m[1msudo version[0m
Sudo version 1.8.9p5
Configure options: --prefix=/usr -v --with-all-insults --with-pam --with-fqdn --with-logging=syslog --with-logfac=authpriv --with-env-editor --with-editor=/usr/bin/editor --with-timeout=15 --with-password-timeout=0 --with-passprompt=[sudo] password for %p:  --without-lecture --with-tty-tickets --disable-root-mailer --enable-admin-flag --with-sendmail=/usr/sbin/sendmail --with-timedir=/var/lib/sudo --mandir=/usr/share/man --libexecdir=/usr/lib/sudo --with-sssd --with-sssd-lib=/usr/lib/x86_64-linux-gnu --with-selinux
Sudoers policy plugin version 1.8.9p5
Sudoers file grammar version 43

Sudoers path: /etc/sudoers
Authentication methods: 'pam'
Syslog facility if syslog is being used for logging: authpriv
Syslog priority to use when user authenticates successfully: notice
Syslog priority to use when user authenticates unsuccessfully: alert
Send mail if the user is not in sudoers
Use a separate timestamp for each user/tty combo
Lecture user the first time they run sudo
Root may run sudo
Allow some information gathering to give useful error messages
Require fully-qualified hostnames in the sudoers file
Visudo will honor the EDITOR environment variable
Set the LOGNAME and USER environment variables
Length at which to wrap log file lines (0 for no wrap): 80
Authentication timestamp timeout: 15.0 minutes
Password prompt timeout: 0.0 minutes
Number of tries to enter a password: 3
Umask to use or 0777 to use user's: 022
Path to mail program: /usr/sbin/sendmail
Flags for mail program: -t
Address to send mail to: root
Subject line for mail messages: *** SECURITY information for %h ***
Incorrect password message: Sorry, try again.
Path to authentication timestamp dir: /var/lib/sudo
Default password prompt: [sudo] password for %p: 
Default user to run commands as: root
Value to override user's $PATH with: /usr/local/sbin:/usr/local/bin:/usr/sbin:/usr/bin:/sbin:/bin:/snap/bin
Path to the editor for use by visudo: /usr/bin/editor
When to require a password for 'list' pseudocommand: any
When to require a password for 'verify' pseudocommand: all
File descriptors >= 3 will be closed before executing a command
Environment variables to check for sanity:
	TZ
	TERM
	LINGUAS
	LC_*
	LANGUAGE
	LANG
	COLORTERM
Environment variables to remove:
	RUBYOPT
	RUBYLIB
	PYTHONUSERBASE
	PYTHONINSPECT
	PYTHONPATH
	PYTHONHOME
	TMPPREFIX
	ZDOTDIR
	READNULLCMD
	NULLCMD
	FPATH
	PERL5DB
	PERL5OPT
	PERL5LIB
	PERLLIB
	PERLIO_DEBUG 
	JAVA_TOOL_OPTIONS
	SHELLOPTS
	GLOBIGNORE
	PS4
	BASH_ENV
	ENV
	TERMCAP
	TERMPATH
	TERMINFO_DIRS
	TERMINFO
	_RLD*
	LD_*
	PATH_LOCALE
	NLSPATH
	HOSTALIASES
	RES_OPTIONS
	LOCALDOMAIN
	CDPATH
	IFS
Environment variables to preserve:
	JAVA_HOME
	TRAVIS
	CI
	DEBIAN_FRONTEND
	XAUTHORIZATION
	XAUTHORITY
	PS2
	PS1
	PATH
	LS_COLORS
	KRB5CCNAME
	HOSTNAME
	HOME
	DISPLAY
	COLORS
Locale to use while parsing sudoers: C
Directory in which to store input/output logs: /var/log/sudo-io
File in which to store the input/output log: %{seq}
Add an entry to the utmp/utmpx file when allocating a pty
PAM service name to use
PAM service name to use for login shells
Create a new PAM session for the command to run in
Maximum I/O log sequence number: 0

Local IP address and netmask pairs:
	172.17.0.2/255.255.0.0

Sudoers I/O plugin version 1.8.9p5
[34m[1mgzip version[0m
gzip 1.6
Copyright (C) 2007, 2010, 2011 Free Software Foundation, Inc.
Copyright (C) 1993 Jean-loup Gailly.
This is free software.  You may redistribute copies of it under the terms of
the GNU General Public License <http://www.gnu.org/licenses/gpl.html>.
There is NO WARRANTY, to the extent permitted by law.

Written by Jean-loup Gailly.
[34m[1mzip version[0m
Copyright (c) 1990-2008 Info-ZIP - Type 'zip "-L"' for software license.
This is Zip 3.0 (July 5th 2008), by Info-ZIP.
Currently maintained by E. Gordon.  Please send bug reports to
the authors using the web page at www.info-zip.org; see README for details.

Latest sources and executables are at ftp://ftp.info-zip.org/pub/infozip,
as of above date; see http://www.info-zip.org/ for other sites.

Compiled with gcc 4.8.2 for Unix (Linux ELF) on Oct 21 2013.

Zip special compilation options:
	USE_EF_UT_TIME       (store Universal Time)
	BZIP2_SUPPORT        (bzip2 library version 1.0.6, 6-Sept-2010)
	    bzip2 code and library copyright (c) Julian R Seward
	    (See the bzip2 license for terms of use)
	SYMLINK_SUPPORT      (symbolic links supported)
	LARGE_FILE_SUPPORT   (can read and write large files on file system)
	ZIP64_SUPPORT        (use Zip64 to store large files in archives)
	UNICODE_SUPPORT      (store and read UTF-8 Unicode paths)
	STORE_UNIX_UIDs_GIDs (store UID/GID sizes/values using new extra field)
	UIDGID_NOT_16BIT     (old Unix 16-bit UID/GID extra field not used)
	[encryption, version 2.91 of 05 Jan 2007] (modified for Zip 3)

Encryption notice:
	The encryption code of this program is not copyrighted and is
	put in the public domain.  It was originally written in Europe
	and, to the best of our knowledge, can be freely distributed
	in both source and object forms from any country, including
	the USA under License Exception TSU of the U.S. Export
	Administration Regulations (section 740.13(e)) of 6 June 2002.

Zip environment options:
             ZIP:  [none]
          ZIPOPT:  [none]
[34m[1mvim version[0m
VIM - Vi IMproved 7.4 (2013 Aug 10, compiled Nov 24 2016 16:43:18)
Included patches: 1-52
Extra patches: 8.0.0056
Modified by pkg-vim-maintainers@lists.alioth.debian.org
Compiled by buildd@
Huge version without GUI.  Features included (+) or not (-):
+acl             +farsi           +mouse_netterm   +syntax
+arabic          +file_in_path    +mouse_sgr       +tag_binary
+autocmd         +find_in_path    -mouse_sysmouse  +tag_old_static
-balloon_eval    +float           +mouse_urxvt     -tag_any_white
-browse          +folding         +mouse_xterm     -tcl
++builtin_terms  -footer          +multi_byte      +terminfo
+byte_offset     +fork()          +multi_lang      +termresponse
+cindent         +gettext         -mzscheme        +textobjects
-clientserver    -hangul_input    +netbeans_intg   +title
-clipboard       +iconv           +path_extra      -toolbar
+cmdline_compl   +insert_expand   -perl            +user_commands
+cmdline_hist    +jumplist        +persistent_undo +vertsplit
+cmdline_info    +keymap          +postscript      +virtualedit
+comments        +langmap         +printer         +visual
+conceal         +libcall         +profile         +visualextra
+cryptv          +linebreak       +python          +viminfo
+cscope          +lispindent      -python3         +vreplace
+cursorbind      +listcmds        +quickfix        +wildignore
+cursorshape     +localmap        +reltime         +wildmenu
+dialog_con      -lua             +rightleft       +windows
+diff            +menu            -ruby            +writebackup
+digraphs        +mksession       +scrollbind      -X11
-dnd             +modify_fname    +signs           -xfontset
-ebcdic          +mouse           +smartindent     -xim
+emacs_tags      -mouseshape      -sniff           -xsmp
+eval            +mouse_dec       +startuptime     -xterm_clipboard
+ex_extra        +mouse_gpm       +statusline      -xterm_save
+extra_search    -mouse_jsbterm   -sun_workshop    -xpm
   system vimrc file: "$VIM/vimrc"
     user vimrc file: "$HOME/.vimrc"
 2nd user vimrc file: "~/.vim/vimrc"
      user exrc file: "$HOME/.exrc"
  fall-back for $VIM: "/usr/share/vim"
Compilation: gcc -c -I. -Iproto -DHAVE_CONFIG_H     -g -O2 -fstack-protector --param=ssp-buffer-size=4 -Wformat -Werror=format-security -U_FORTIFY_SOURCE -D_FORTIFY_SOURCE=1      
Linking: gcc   -Wl,-Bsymbolic-functions -Wl,-z,relro -Wl,--as-needed -o vim        -lm -ltinfo -lnsl  -lselinux  -lacl -lattr -lgpm -ldl    -L/usr/lib/python2.7/config-x86_64-linux-gnu -lpython2.7 -lpthread -ldl -lutil -lm -Xlinker -export-dynamic -Wl,-O1 -Wl,-Bsymbolic-functions      
[34m[1miptables version[0m
iptables v1.4.21
[34m[1mcurl version[0m
curl 7.35.0 (x86_64-pc-linux-gnu) libcurl/7.35.0 OpenSSL/1.0.1f zlib/1.2.8 libidn/1.28 librtmp/2.3
[34m[1mwget version[0m
GNU Wget 1.15 built on linux-gnu.
[34m[1mrsync version[0m
rsync  version 3.1.0  protocol version 31
[34m[1mgimme version[0m
v1.2.0
[34m[1mnvm version[0m
0.33.6
[34m[1mperlbrew version[0m
/home/travis/perl5/perlbrew/bin/perlbrew  - App::perlbrew/0.80
[34m[1mphpenv version[0m
rbenv 1.1.1-25-g6aa70b6
[34m[1mrvm version[0m
rvm 1.29.3 (latest) by Michal Papis, Piotr Kuczynski, Wayne E. Seguin [https://rvm.io]
[34m[1mdefault ruby version[0m
ruby 2.4.1p111 (2017-03-22 revision 58053) [x86_64-linux]
[34m[1mCouchDB version[0m
couchdb 1.6.1
[34m[1mElasticSearch version[0m
5.5.0
[34m[1mInstalled Firefox version[0m
firefox 56.0.2
[34m[1mMongoDB version[0m
MongoDB 3.4.10
[34m[1mPhantomJS version[0m
2.1.1
[34m[1mPre-installed PostgreSQL versions[0m
9.2.24
9.3.20
9.4.15
9.5.10
9.6.6
[34m[1mRabbitMQ Version[0m
3.6.14
[34m[1mRedis version[0m
redis-server 4.0.6
[34m[1mriak version[0m
2.2.3
[34m[1mPre-installed Go versions[0m
1.7.4
[34m[1mant version[0m
Apache Ant(TM) version 1.9.3 compiled on April 8 2014
[34m[1mmvn version[0m
Apache Maven 3.5.2 (138edd61fd100ec658bfa2d307c43b76940a5d7d; 2017-10-18T07:58:13Z)
Maven home: /usr/local/maven-3.5.2
Java version: 1.8.0_151, vendor: Oracle Corporation
Java home: /usr/lib/jvm/java-8-oracle/jre
Default locale: en_US, platform encoding: UTF-8
OS name: "linux", version: "4.4.0-101-generic", arch: "amd64", family: "unix"
[34m[1mgradle version[0m

------------------------------------------------------------
Gradle 4.0.1
------------------------------------------------------------

Build time:   2017-07-07 14:02:41 UTC
Revision:     38e5dc0f772daecca1d2681885d3d85414eb6826

Groovy:       2.4.11
Ant:          Apache Ant(TM) version 1.9.6 compiled on June 29 2015
JVM:          1.8.0_151 (Oracle Corporation 25.151-b12)
OS:           Linux 4.4.0-101-generic amd64

[34m[1mlein version[0m
Leiningen 2.8.1 on Java 1.8.0_151 Java HotSpot(TM) 64-Bit Server VM
[34m[1mPre-installed Node.js versions[0m
v4.8.6
v6.12.0
v6.12.1
v8.9
v8.9.1
[34m[1mphpenv versions[0m
  system
  5.6
* 5.6.32 (set by /home/travis/.phpenv/version)
  7.0
  7.0.25
  7.1
  7.1.11
  hhvm
  hhvm-stable
[34m[1mcomposer --version[0m
Composer version 1.5.2 2017-09-11 16:59:25
[34m[1mPre-installed Ruby versions[0m
ruby-2.2.7
ruby-2.3.4
ruby-2.4.1
travis_fold:end:system_info[0K

[33;1mSetting APT mirror in /etc/apt/sources.list: http://us-east-1.ec2.archive.ubuntu.com/ubuntu/[0m
$ jdk_switcher use oraclejdk8
Switching to Oracle JDK8 (java-8-oracle), JAVA_HOME will be set to /usr/lib/jvm/java-8-oracle
travis_fold:start:apt[0K[33;1mInstalling APT Packages[0m
travis_time:start:0f2cc668[0K$ travis_apt_get_update

travis_time:end:0f2cc668:start=1541162681365263437,finish=1541162688570923044,duration=7205659607[0Ktravis_time:start:08c7ff72[0K$ sudo -E apt-get -yq --no-install-suggests --no-install-recommends $(travis_apt_get_options) install oracle-java8-installer
Reading package lists...
Building dependency tree...
Reading state information...
Suggested packages:
  visualvm ttf-baekmuk | ttf-unfonts | ttf-unfonts-core ttf-kochi-gothic
  | ttf-sazanami-gothic ttf-kochi-mincho | ttf-sazanami-mincho
  ttf-arphic-uming
Recommended packages:
  oracle-java8-set-default
The following packages will be upgraded:
  oracle-java8-installer
1 upgraded, 0 newly installed, 0 to remove and 248 not upgraded.
Need to get 33.1 kB of archives.
After this operation, 0 B of additional disk space will be used.
Get:1 http://ppa.launchpad.net/webupd8team/java/ubuntu trusty/main amd64 oracle-java8-installer all 8u191-1~webupd8~1 [33.1 kB]
Fetched 33.1 kB in 0s (98.9 kB/s)
Preconfiguring packages ...
(Reading database ... (Reading database ... 5%(Reading database ... 10%(Reading database ... 15%(Reading database ... 20%(Reading database ... 25%(Reading database ... 30%(Reading database ... 35%(Reading database ... 40%(Reading database ... 45%(Reading database ... 50%(Reading database ... 55%(Reading database ... 60%(Reading database ... 65%(Reading database ... 70%(Reading database ... 75%(Reading database ... 80%(Reading database ... 85%(Reading database ... 90%(Reading database ... 95%(Reading database ... 100%(Reading database ... 72204 files and directories currently installed.)
Preparing to unpack .../oracle-java8-installer_8u191-1~webupd8~1_all.deb ...
oracle-license-v1-1 license has already been accepted
Unpacking oracle-java8-installer (8u191-1~webupd8~1) over (8u151-1~webupd8~0) ...
Processing triggers for mime-support (3.54ubuntu1.1) ...
Processing triggers for shared-mime-info (1.2-0ubuntu3) ...
Processing triggers for hicolor-icon-theme (0.13-1) ...
Setting up oracle-java8-installer (8u191-1~webupd8~1) ...
No /var/cache/oracle-jdk8-installer/wgetrc file found.
Creating /var/cache/oracle-jdk8-installer/wgetrc and
using default oracle-java8-installer wgetrc settings for it.
Downloading Oracle Java 8...
--2018-11-02 12:44:57--  http://download.oracle.com/otn-pub/java/jdk/8u191-b12/2787e4a523244c269598db4e85c51e0c/jdk-8u191-linux-x64.tar.gz
Resolving download.oracle.com (download.oracle.com)... 23.40.68.88
Connecting to download.oracle.com (download.oracle.com)|23.40.68.88|:80... connected.
HTTP request sent, awaiting response... 302 Moved Temporarily
Location: https://edelivery.oracle.com/otn-pub/java/jdk/8u191-b12/2787e4a523244c269598db4e85c51e0c/jdk-8u191-linux-x64.tar.gz [following]
--2018-11-02 12:44:57--  https://edelivery.oracle.com/otn-pub/java/jdk/8u191-b12/2787e4a523244c269598db4e85c51e0c/jdk-8u191-linux-x64.tar.gz
Resolving edelivery.oracle.com (edelivery.oracle.com)... 96.6.58.35, 2600:1408:17:188::2d3e, 2600:1408:17:186::2d3e
Connecting to edelivery.oracle.com (edelivery.oracle.com)|96.6.58.35|:443... connected.
HTTP request sent, awaiting response... 302 Moved Temporarily
Location: http://download.oracle.com/otn-pub/java/jdk/8u191-b12/2787e4a523244c269598db4e85c51e0c/jdk-8u191-linux-x64.tar.gz?AuthParam=1541162817_662d71339dc9f5a9c0aea04508751e0c [following]
--2018-11-02 12:44:58--  http://download.oracle.com/otn-pub/java/jdk/8u191-b12/2787e4a523244c269598db4e85c51e0c/jdk-8u191-linux-x64.tar.gz?AuthParam=1541162817_662d71339dc9f5a9c0aea04508751e0c
Connecting to download.oracle.com (download.oracle.com)|23.40.68.88|:80... connected.
HTTP request sent, awaiting response... 301 Moved Permanently
Location: https://download.oracle.com/otn-pub/java/jdk/8u191-b12/2787e4a523244c269598db4e85c51e0c/jdk-8u191-linux-x64.tar.gz?AuthParam=1541162817_662d71339dc9f5a9c0aea04508751e0c [following]
--2018-11-02 12:44:58--  https://download.oracle.com/otn-pub/java/jdk/8u191-b12/2787e4a523244c269598db4e85c51e0c/jdk-8u191-linux-x64.tar.gz?AuthParam=1541162817_662d71339dc9f5a9c0aea04508751e0c
Connecting to download.oracle.com (download.oracle.com)|23.40.68.88|:443... connected.
HTTP request sent, awaiting response... 200 OK
Length: 191753373 (183M) [application/x-gzip]
Saving to: â€˜jdk-8u191-linux-x64.tar.gzâ€™

     0K ........ ........ ........ ........ ........ ........  1%  173M 1s
  3072K ........ ........ ........ ........ ........ ........  3% 20.0M 5s
  6144K ........ ........ ........ ........ ........ ........  4%  209M 4s
  9216K ........ ........ ........ ........ ........ ........  6%  215M 3s
 12288K ........ ........ ........ ........ ........ ........  8%  134M 2s
 15360K ........ ........ ........ ........ ........ ........  9%  116M 2s
 18432K ........ ........ ........ ........ ........ ........ 11% 10.2M 4s
 21504K ........ ........ ........ ........ ........ ........ 13%  212M 4s
 24576K ........ ........ ........ ........ ........ ........ 14% 40.4M 4s
 27648K ........ ........ ........ ........ ........ ........ 16% 19.6M 4s
 30720K ........ ........ ........ ........ ........ ........ 18%  180M 4s
 33792K ........ ........ ........ ........ ........ ........ 19%  199M 3s
 36864K ........ ........ ........ ........ ........ ........ 21%  196M 3s
 39936K ........ ........ ........ ........ ........ ........ 22%  208M 3s
 43008K ........ ........ ........ ........ ........ ........ 24% 71.4M 3s
 46080K ........ ........ ........ ........ ........ ........ 26%  186M 3s
 49152K ........ ........ ........ ........ ........ ........ 27%  189M 2s
 52224K ........ ........ ........ ........ ........ ........ 29%  193M 2s
 55296K ........ ........ ........ ........ ........ ........ 31%  210M 2s
 58368K ........ ........ ........ ........ ........ ........ 32% 10.1M 3s
 61440K ........ ........ ........ ........ ........ ........ 34%  171M 2s
 64512K ........ ........ ........ ........ ........ ........ 36%  205M 2s
 67584K ........ ........ ........ ........ ........ ........ 37%  211M 2s
 70656K ........ ........ ........ ........ ........ ........ 39%  233M 2s
 73728K ........ ........ ........ ........ ........ ........ 41%  232M 2s
 76800K ........ ........ ........ ........ ........ ........ 42%  234M 2s
 79872K ........ ........ ........ ........ ........ ........ 44% 62.3M 2s
 82944K ........ ........ ........ ........ ........ ........ 45%  195M 2s
 86016K ........ ........ ........ ........ ........ ........ 47%  149M 2s
 89088K ........ ........ ........ ........ ........ ........ 49% 85.2M 1s
 92160K ........ ........ ........ ........ ........ ........ 50%  113M 1s
 95232K ........ ........ ........ ........ ........ ........ 52%  237M 1s
 98304K ........ ........ ........ ........ ........ ........ 54%  204M 1s
101376K ........ ........ ........ ........ ........ ........ 55%  143M 1s
104448K ........ ........ ........ ........ ........ ........ 57%  114M 1s
107520K ........ ........ ........ ........ ........ ........ 59%  192M 1s
110592K ........ ........ ........ ........ ........ ........ 60%  158M 1s
113664K ........ ........ ........ ........ ........ ........ 62%  204M 1s
116736K ........ ........ ........ ........ ........ ........ 63%  163M 1s
119808K ........ ........ ........ ........ ........ ........ 65%  195M 1s
122880K ........ ........ ........ ........ ........ ........ 67%  198M 1s
125952K ........ ........ ........ ........ ........ ........ 68%  190M 1s
129024K ........ ........ ........ ........ ........ ........ 70%  189M 1s
132096K ........ ........ ........ ........ ........ ........ 72%  217M 1s
135168K ........ ........ ........ ........ ........ ........ 73%  158M 1s
138240K ........ ........ ........ ........ ........ ........ 75% 92.0M 1s
141312K ........ ........ ........ ........ ........ ........ 77%  223M 1s
144384K ........ ........ ........ ........ ........ ........ 78%  234M 0s
147456K ........ ........ ........ ........ ........ ........ 80%  225M 0s
150528K ........ ........ ........ ........ ........ ........ 82% 93.0M 0s
153600K ........ ........ ........ ........ ........ ........ 83%  213M 0s
156672K ........ ........ ........ ........ ........ ........ 85%  206M 0s
159744K ........ ........ ........ ........ ........ ........ 86%  192M 0s
162816K ........ ........ ........ ........ ........ ........ 88%  199M 0s
165888K ........ ........ ........ ........ ........ ........ 90%  196M 0s
168960K ........ ........ ........ ........ ........ ........ 91%  211M 0s
172032K ........ ........ ........ ........ ........ ........ 93%  212M 0s
175104K ........ ........ ........ ........ ........ ........ 95% 73.9M 0s
178176K ........ ........ ........ ........ ........ ........ 96%  127M 0s
181248K ........ ........ ........ ........ ........ ........ 98%  208M 0s
184320K ........ ........ ........ ........ ........ .....   100%  211M=2.0s

2018-11-02 12:45:00 (90.9 MB/s) - â€˜jdk-8u191-linux-x64.tar.gzâ€™ saved [191753373/191753373]

Download done.
Removing outdated cached downloads...
update-binfmts: warning: current package is oracle-java8, but binary format already installed by openjdk-7
Oracle JDK 8 installed

#####Important########
To set Oracle JDK8 as default, install the "oracle-java8-set-default" package.
E.g.: sudo apt install oracle-java8-set-default
On Ubuntu systems, oracle-java8-set-default is most probably installed
automatically with this package.
######################


travis_time:end:08c7ff72:start=1541162688574578298,finish=1541162706540863628,duration=17966285330[0Ktravis_fold:end:apt[0K
travis_fold:start:git.checkout[0Ktravis_time:start:1018c580[0K$ git clone --depth=50 https://github.com/square/okhttp.git square/okhttp
Cloning into 'square/okhttp'...
remote: Enumerating objects: 2992, done.[K
remote: Counting objects:   0% (1/2992)   [Kremote: Counting objects:   1% (30/2992)   [Kremote: Counting objects:   2% (60/2992)   [Kremote: Counting objects:   3% (90/2992)   [Kremote: Counting objects:   4% (120/2992)   [Kremote: Counting objects:   5% (150/2992)   [Kremote: Counting objects:   6% (180/2992)   [Kremote: Counting objects:   7% (210/2992)   [Kremote: Counting objects:   8% (240/2992)   [Kremote: Counting objects:   9% (270/2992)   [Kremote: Counting objects:  10% (300/2992)   [Kremote: Counting objects:  11% (330/2992)   [Kremote: Counting objects:  12% (360/2992)   [Kremote: Counting objects:  13% (389/2992)   [Kremote: Counting objects:  14% (419/2992)   [Kremote: Counting objects:  15% (449/2992)   [Kremote: Counting objects:  16% (479/2992)   [Kremote: Counting objects:  17% (509/2992)   [Kremote: Counting objects:  18% (539/2992)   [Kremote: Counting objects:  19% (569/2992)   [Kremote: Counting objects:  20% (599/2992)   [Kremote: Counting objects:  21% (629/2992)   [Kremote: Counting objects:  22% (659/2992)   [Kremote: Counting objects:  23% (689/2992)   [Kremote: Counting objects:  24% (719/2992)   [Kremote: Counting objects:  25% (748/2992)   [Kremote: Counting objects:  26% (778/2992)   [Kremote: Counting objects:  27% (808/2992)   [Kremote: Counting objects:  28% (838/2992)   [Kremote: Counting objects:  29% (868/2992)   [Kremote: Counting objects:  30% (898/2992)   [Kremote: Counting objects:  31% (928/2992)   [Kremote: Counting objects:  32% (958/2992)   [Kremote: Counting objects:  33% (988/2992)   [Kremote: Counting objects:  34% (1018/2992)   [Kremote: Counting objects:  35% (1048/2992)   [Kremote: Counting objects:  36% (1078/2992)   [Kremote: Counting objects:  37% (1108/2992)   [Kremote: Counting objects:  38% (1137/2992)   [Kremote: Counting objects:  39% (1167/2992)   [Kremote: Counting objects:  40% (1197/2992)   [Kremote: Counting objects:  41% (1227/2992)   [Kremote: Counting objects:  42% (1257/2992)   [Kremote: Counting objects:  43% (1287/2992)   [Kremote: Counting objects:  44% (1317/2992)   [Kremote: Counting objects:  45% (1347/2992)   [Kremote: Counting objects:  46% (1377/2992)   [Kremote: Counting objects:  47% (1407/2992)   [Kremote: Counting objects:  48% (1437/2992)   [Kremote: Counting objects:  49% (1467/2992)   [Kremote: Counting objects:  50% (1496/2992)   [Kremote: Counting objects:  51% (1526/2992)   [Kremote: Counting objects:  52% (1556/2992)   [Kremote: Counting objects:  53% (1586/2992)   [Kremote: Counting objects:  54% (1616/2992)   [Kremote: Counting objects:  55% (1646/2992)   [Kremote: Counting objects:  56% (1676/2992)   [Kremote: Counting objects:  57% (1706/2992)   [Kremote: Counting objects:  58% (1736/2992)   [Kremote: Counting objects:  59% (1766/2992)   [Kremote: Counting objects:  60% (1796/2992)   [Kremote: Counting objects:  61% (1826/2992)   [Kremote: Counting objects:  62% (1856/2992)   [Kremote: Counting objects:  63% (1885/2992)   [Kremote: Counting objects:  64% (1915/2992)   [Kremote: Counting objects:  65% (1945/2992)   [Kremote: Counting objects:  66% (1975/2992)   [Kremote: Counting objects:  67% (2005/2992)   [Kremote: Counting objects:  68% (2035/2992)   [Kremote: Counting objects:  69% (2065/2992)   [Kremote: Counting objects:  70% (2095/2992)   [Kremote: Counting objects:  71% (2125/2992)   [Kremote: Counting objects:  72% (2155/2992)   [Kremote: Counting objects:  73% (2185/2992)   [Kremote: Counting objects:  74% (2215/2992)   [Kremote: Counting objects:  75% (2244/2992)   [Kremote: Counting objects:  76% (2274/2992)   [Kremote: Counting objects:  77% (2304/2992)   [Kremote: Counting objects:  78% (2334/2992)   [Kremote: Counting objects:  79% (2364/2992)   [Kremote: Counting objects:  80% (2394/2992)   [Kremote: Counting objects:  81% (2424/2992)   [Kremote: Counting objects:  82% (2454/2992)   [Kremote: Counting objects:  83% (2484/2992)   [Kremote: Counting objects:  84% (2514/2992)   [Kremote: Counting objects:  85% (2544/2992)   [Kremote: Counting objects:  86% (2574/2992)   [Kremote: Counting objects:  87% (2604/2992)   [Kremote: Counting objects:  88% (2633/2992)   [Kremote: Counting objects:  89% (2663/2992)   [Kremote: Counting objects:  90% (2693/2992)   [Kremote: Counting objects:  91% (2723/2992)   [Kremote: Counting objects:  92% (2753/2992)   [Kremote: Counting objects:  93% (2783/2992)   [Kremote: Counting objects:  94% (2813/2992)   [Kremote: Counting objects:  95% (2843/2992)   [Kremote: Counting objects:  96% (2873/2992)   [Kremote: Counting objects:  97% (2903/2992)   [Kremote: Counting objects:  98% (2933/2992)   [Kremote: Counting objects:  99% (2963/2992)   [Kremote: Counting objects: 100% (2992/2992)   [Kremote: Counting objects: 100% (2992/2992), done.[K
remote: Compressing objects:   0% (1/1514)   [Kremote: Compressing objects:   1% (16/1514)   [Kremote: Compressing objects:   2% (31/1514)   [Kremote: Compressing objects:   3% (46/1514)   [Kremote: Compressing objects:   4% (61/1514)   [Kremote: Compressing objects:   5% (76/1514)   [Kremote: Compressing objects:   6% (91/1514)   [Kremote: Compressing objects:   7% (106/1514)   [Kremote: Compressing objects:   8% (122/1514)   [Kremote: Compressing objects:   9% (137/1514)   [Kremote: Compressing objects:  10% (152/1514)   [Kremote: Compressing objects:  11% (167/1514)   [Kremote: Compressing objects:  12% (182/1514)   [Kremote: Compressing objects:  13% (197/1514)   [Kremote: Compressing objects:  14% (212/1514)   [Kremote: Compressing objects:  15% (228/1514)   [Kremote: Compressing objects:  16% (243/1514)   [Kremote: Compressing objects:  17% (258/1514)   [Kremote: Compressing objects:  18% (273/1514)   [Kremote: Compressing objects:  19% (288/1514)   [Kremote: Compressing objects:  20% (303/1514)   [Kremote: Compressing objects:  21% (318/1514)   [Kremote: Compressing objects:  22% (334/1514)   [Kremote: Compressing objects:  23% (349/1514)   [Kremote: Compressing objects:  24% (364/1514)   [Kremote: Compressing objects:  25% (379/1514)   [Kremote: Compressing objects:  26% (394/1514)   [Kremote: Compressing objects:  27% (409/1514)   [Kremote: Compressing objects:  28% (424/1514)   [Kremote: Compressing objects:  29% (440/1514)   [Kremote: Compressing objects:  30% (455/1514)   [Kremote: Compressing objects:  31% (470/1514)   [Kremote: Compressing objects:  32% (485/1514)   [Kremote: Compressing objects:  33% (500/1514)   [Kremote: Compressing objects:  34% (515/1514)   [Kremote: Compressing objects:  35% (530/1514)   [Kremote: Compressing objects:  36% (546/1514)   [Kremote: Compressing objects:  37% (561/1514)   [Kremote: Compressing objects:  38% (576/1514)   [Kremote: Compressing objects:  39% (591/1514)   [Kremote: Compressing objects:  40% (606/1514)   [Kremote: Compressing objects:  41% (621/1514)   [Kremote: Compressing objects:  42% (636/1514)   [Kremote: Compressing objects:  43% (652/1514)   [Kremote: Compressing objects:  44% (667/1514)   [Kremote: Compressing objects:  45% (682/1514)   [Kremote: Compressing objects:  46% (697/1514)   [Kremote: Compressing objects:  47% (712/1514)   [Kremote: Compressing objects:  48% (727/1514)   [Kremote: Compressing objects:  49% (742/1514)   [Kremote: Compressing objects:  50% (757/1514)   [Kremote: Compressing objects:  51% (773/1514)   [Kremote: Compressing objects:  52% (788/1514)   [Kremote: Compressing objects:  53% (803/1514)   [Kremote: Compressing objects:  54% (818/1514)   [Kremote: Compressing objects:  55% (833/1514)   [Kremote: Compressing objects:  56% (848/1514)   [Kremote: Compressing objects:  57% (863/1514)   [Kremote: Compressing objects:  58% (879/1514)   [Kremote: Compressing objects:  59% (894/1514)   [Kremote: Compressing objects:  60% (909/1514)   [Kremote: Compressing objects:  61% (924/1514)   [Kremote: Compressing objects:  62% (939/1514)   [Kremote: Compressing objects:  63% (954/1514)   [Kremote: Compressing objects:  64% (969/1514)   [Kremote: Compressing objects:  65% (985/1514)   [Kremote: Compressing objects:  66% (1000/1514)   [Kremote: Compressing objects:  67% (1015/1514)   [Kremote: Compressing objects:  68% (1030/1514)   [Kremote: Compressing objects:  69% (1045/1514)   [Kremote: Compressing objects:  70% (1060/1514)   [Kremote: Compressing objects:  71% (1075/1514)   [Kremote: Compressing objects:  72% (1091/1514)   [Kremote: Compressing objects:  73% (1106/1514)   [Kremote: Compressing objects:  74% (1121/1514)   [Kremote: Compressing objects:  75% (1136/1514)   [Kremote: Compressing objects:  76% (1151/1514)   [Kremote: Compressing objects:  77% (1166/1514)   [Kremote: Compressing objects:  78% (1181/1514)   [Kremote: Compressing objects:  79% (1197/1514)   [Kremote: Compressing objects:  80% (1212/1514)   [Kremote: Compressing objects:  81% (1227/1514)   [Kremote: Compressing objects:  82% (1242/1514)   [Kremote: Compressing objects:  83% (1257/1514)   [Kremote: Compressing objects:  84% (1272/1514)   [Kremote: Compressing objects:  85% (1287/1514)   [Kremote: Compressing objects:  86% (1303/1514)   [Kremote: Compressing objects:  87% (1318/1514)   [Kremote: Compressing objects:  88% (1333/1514)   [Kremote: Compressing objects:  89% (1348/1514)   [Kremote: Compressing objects:  90% (1363/1514)   [Kremote: Compressing objects:  91% (1378/1514)   [Kremote: Compressing objects:  92% (1393/1514)   [Kremote: Compressing objects:  93% (1409/1514)   [Kremote: Compressing objects:  94% (1424/1514)   [Kremote: Compressing objects:  95% (1439/1514)   [Kremote: Compressing objects:  96% (1454/1514)   [Kremote: Compressing objects:  97% (1469/1514)   [Kremote: Compressing objects:  98% (1484/1514)   [Kremote: Compressing objects:  99% (1499/1514)   [Kremote: Compressing objects: 100% (1514/1514)   [Kremote: Compressing objects: 100% (1514/1514), done.[K
Receiving objects:   0% (1/2992)   Receiving objects:   1% (30/2992)   Receiving objects:   2% (60/2992)   Receiving objects:   3% (90/2992)   Receiving objects:   4% (120/2992)   Receiving objects:   5% (150/2992)   Receiving objects:   6% (180/2992)   Receiving objects:   7% (210/2992)   Receiving objects:   8% (240/2992)   Receiving objects:   9% (270/2992)   Receiving objects:  10% (300/2992)   Receiving objects:  11% (330/2992)   Receiving objects:  12% (360/2992)   Receiving objects:  13% (389/2992)   Receiving objects:  14% (419/2992)   Receiving objects:  15% (449/2992)   Receiving objects:  16% (479/2992)   Receiving objects:  17% (509/2992)   Receiving objects:  18% (539/2992)   Receiving objects:  19% (569/2992)   Receiving objects:  20% (599/2992)   Receiving objects:  21% (629/2992)   Receiving objects:  22% (659/2992)   Receiving objects:  23% (689/2992)   Receiving objects:  24% (719/2992)   Receiving objects:  25% (748/2992)   Receiving objects:  26% (778/2992)   Receiving objects:  27% (808/2992)   Receiving objects:  28% (838/2992)   Receiving objects:  29% (868/2992)   Receiving objects:  30% (898/2992)   Receiving objects:  31% (928/2992)   Receiving objects:  32% (958/2992)   Receiving objects:  33% (988/2992)   Receiving objects:  34% (1018/2992)   Receiving objects:  35% (1048/2992)   Receiving objects:  36% (1078/2992)   Receiving objects:  37% (1108/2992)   Receiving objects:  38% (1137/2992)   Receiving objects:  39% (1167/2992)   Receiving objects:  40% (1197/2992)   Receiving objects:  41% (1227/2992)   Receiving objects:  42% (1257/2992)   Receiving objects:  43% (1287/2992)   Receiving objects:  44% (1317/2992)   Receiving objects:  45% (1347/2992)   Receiving objects:  46% (1377/2992)   Receiving objects:  47% (1407/2992)   Receiving objects:  48% (1437/2992)   Receiving objects:  49% (1467/2992)   Receiving objects:  50% (1496/2992)   Receiving objects:  51% (1526/2992)   Receiving objects:  52% (1556/2992)   Receiving objects:  53% (1586/2992)   Receiving objects:  54% (1616/2992)   Receiving objects:  55% (1646/2992)   Receiving objects:  56% (1676/2992)   Receiving objects:  57% (1706/2992)   Receiving objects:  58% (1736/2992)   Receiving objects:  59% (1766/2992)   Receiving objects:  60% (1796/2992)   Receiving objects:  61% (1826/2992)   Receiving objects:  62% (1856/2992)   Receiving objects:  63% (1885/2992)   Receiving objects:  64% (1915/2992)   Receiving objects:  65% (1945/2992)   Receiving objects:  66% (1975/2992)   Receiving objects:  67% (2005/2992)   Receiving objects:  68% (2035/2992)   Receiving objects:  69% (2065/2992)   Receiving objects:  70% (2095/2992)   Receiving objects:  71% (2125/2992)   Receiving objects:  72% (2155/2992)   Receiving objects:  73% (2185/2992)   Receiving objects:  74% (2215/2992)   Receiving objects:  75% (2244/2992)   Receiving objects:  76% (2274/2992)   Receiving objects:  77% (2304/2992)   Receiving objects:  78% (2334/2992)   Receiving objects:  79% (2364/2992)   Receiving objects:  80% (2394/2992)   Receiving objects:  81% (2424/2992)   Receiving objects:  82% (2454/2992)   Receiving objects:  83% (2484/2992)   Receiving objects:  84% (2514/2992)   Receiving objects:  85% (2544/2992)   Receiving objects:  86% (2574/2992)   Receiving objects:  87% (2604/2992)   Receiving objects:  88% (2633/2992)   Receiving objects:  89% (2663/2992)   Receiving objects:  90% (2693/2992)   Receiving objects:  91% (2723/2992)   Receiving objects:  92% (2753/2992)   Receiving objects:  93% (2783/2992)   Receiving objects:  94% (2813/2992)   Receiving objects:  95% (2843/2992)   Receiving objects:  96% (2873/2992)   Receiving objects:  97% (2903/2992)   Receiving objects:  98% (2933/2992)   Receiving objects:  99% (2963/2992)   remote: Total 2992 (delta 1197), reused 2448 (delta 909), pack-reused 0[K
Receiving objects: 100% (2992/2992)   Receiving objects: 100% (2992/2992), 1.21 MiB | 13.28 MiB/s, done.
Resolving deltas:   0% (0/1197)   Resolving deltas:   1% (19/1197)   Resolving deltas:   2% (24/1197)   Resolving deltas:   7% (88/1197)   Resolving deltas:  12% (152/1197)   Resolving deltas:  18% (217/1197)   Resolving deltas:  24% (291/1197)   Resolving deltas:  26% (322/1197)   Resolving deltas:  27% (325/1197)   Resolving deltas:  28% (340/1197)   Resolving deltas:  31% (378/1197)   Resolving deltas:  32% (384/1197)   Resolving deltas:  34% (412/1197)   Resolving deltas:  35% (419/1197)   Resolving deltas:  36% (432/1197)   Resolving deltas:  37% (443/1197)   Resolving deltas:  38% (455/1197)   Resolving deltas:  39% (472/1197)   Resolving deltas:  40% (480/1197)   Resolving deltas:  41% (491/1197)   Resolving deltas:  49% (587/1197)   Resolving deltas:  50% (604/1197)   Resolving deltas:  51% (611/1197)   Resolving deltas:  60% (726/1197)   Resolving deltas:  61% (733/1197)   Resolving deltas:  62% (745/1197)   Resolving deltas:  63% (759/1197)   Resolving deltas:  64% (773/1197)   Resolving deltas:  65% (779/1197)   Resolving deltas:  66% (801/1197)   Resolving deltas:  67% (804/1197)   Resolving deltas:  68% (815/1197)   Resolving deltas:  69% (832/1197)   Resolving deltas:  70% (839/1197)   Resolving deltas:  71% (850/1197)   Resolving deltas:  72% (870/1197)   Resolving deltas:  73% (875/1197)   Resolving deltas:  74% (886/1197)   Resolving deltas:  75% (899/1197)   Resolving deltas:  76% (912/1197)   Resolving deltas:  77% (923/1197)   Resolving deltas:  78% (934/1197)   Resolving deltas:  79% (950/1197)   Resolving deltas:  80% (958/1197)   Resolving deltas:  81% (973/1197)   Resolving deltas:  82% (987/1197)   Resolving deltas:  83% (995/1197)   Resolving deltas:  84% (1007/1197)   Resolving deltas:  85% (1018/1197)   Resolving deltas:  86% (1033/1197)   Resolving deltas:  87% (1042/1197)   Resolving deltas:  88% (1055/1197)   Resolving deltas:  89% (1068/1197)   Resolving deltas:  90% (1080/1197)   Resolving deltas:  91% (1090/1197)   Resolving deltas:  92% (1105/1197)   Resolving deltas:  93% (1115/1197)   Resolving deltas:  95% (1145/1197)   Resolving deltas:  96% (1156/1197)   Resolving deltas:  97% (1163/1197)   Resolving deltas:  98% (1174/1197)   Resolving deltas:  99% (1191/1197)   Resolving deltas: 100% (1197/1197)   Resolving deltas: 100% (1197/1197), done.

travis_time:end:1018c580:start=1541162723172519684,finish=1541162723903991291,duration=731471607[0K$ cd square/okhttp
travis_time:start:041d8d20[0K$ git fetch origin +refs/pull/4353/merge:
remote: Enumerating objects: 119, done.[K
remote: Counting objects:   1% (1/88)   [Kremote: Counting objects:   2% (2/88)   [Kremote: Counting objects:   3% (3/88)   [Kremote: Counting objects:   4% (4/88)   [Kremote: Counting objects:   5% (5/88)   [Kremote: Counting objects:   6% (6/88)   [Kremote: Counting objects:   7% (7/88)   [Kremote: Counting objects:   9% (8/88)   [Kremote: Counting objects:  10% (9/88)   [Kremote: Counting objects:  11% (10/88)   [Kremote: Counting objects:  12% (11/88)   [Kremote: Counting objects:  13% (12/88)   [Kremote: Counting objects:  14% (13/88)   [Kremote: Counting objects:  15% (14/88)   [Kremote: Counting objects:  17% (15/88)   [Kremote: Counting objects:  18% (16/88)   [Kremote: Counting objects:  19% (17/88)   [Kremote: Counting objects:  20% (18/88)   [Kremote: Counting objects:  21% (19/88)   [Kremote: Counting objects:  22% (20/88)   [Kremote: Counting objects:  23% (21/88)   [Kremote: Counting objects:  25% (22/88)   [Kremote: Counting objects:  26% (23/88)   [Kremote: Counting objects:  27% (24/88)   [Kremote: Counting objects:  28% (25/88)   [Kremote: Counting objects:  29% (26/88)   [Kremote: Counting objects:  30% (27/88)   [Kremote: Counting objects:  31% (28/88)   [Kremote: Counting objects:  32% (29/88)   [Kremote: Counting objects:  34% (30/88)   [Kremote: Counting objects:  35% (31/88)   [Kremote: Counting objects:  36% (32/88)   [Kremote: Counting objects:  37% (33/88)   [Kremote: Counting objects:  38% (34/88)   [Kremote: Counting objects:  39% (35/88)   [Kremote: Counting objects:  40% (36/88)   [Kremote: Counting objects:  42% (37/88)   [Kremote: Counting objects:  43% (38/88)   [Kremote: Counting objects:  44% (39/88)   [Kremote: Counting objects:  45% (40/88)   [Kremote: Counting objects:  46% (41/88)   [Kremote: Counting objects:  47% (42/88)   [Kremote: Counting objects:  48% (43/88)   [Kremote: Counting objects:  50% (44/88)   [Kremote: Counting objects:  51% (45/88)   [Kremote: Counting objects:  52% (46/88)   [Kremote: Counting objects:  53% (47/88)   [Kremote: Counting objects:  54% (48/88)   [Kremote: Counting objects:  55% (49/88)   [Kremote: Counting objects:  56% (50/88)   [Kremote: Counting objects:  57% (51/88)   [Kremote: Counting objects:  59% (52/88)   [Kremote: Counting objects:  60% (53/88)   [Kremote: Counting objects:  61% (54/88)   [Kremote: Counting objects:  62% (55/88)   [Kremote: Counting objects:  63% (56/88)   [Kremote: Counting objects:  64% (57/88)   [Kremote: Counting objects:  65% (58/88)   [Kremote: Counting objects:  67% (59/88)   [Kremote: Counting objects:  68% (60/88)   [Kremote: Counting objects:  69% (61/88)   [Kremote: Counting objects:  70% (62/88)   [Kremote: Counting objects:  71% (63/88)   [Kremote: Counting objects:  72% (64/88)   [Kremote: Counting objects:  73% (65/88)   [Kremote: Counting objects:  75% (66/88)   [Kremote: Counting objects:  76% (67/88)   [Kremote: Counting objects:  77% (68/88)   [Kremote: Counting objects:  78% (69/88)   [Kremote: Counting objects:  79% (70/88)   [Kremote: Counting objects:  80% (71/88)   [Kremote: Counting objects:  81% (72/88)   [Kremote: Counting objects:  82% (73/88)   [Kremote: Counting objects:  84% (74/88)   [Kremote: Counting objects:  85% (75/88)   [Kremote: Counting objects:  86% (76/88)   [Kremote: Counting objects:  87% (77/88)   [Kremote: Counting objects:  88% (78/88)   [Kremote: Counting objects:  89% (79/88)   [Kremote: Counting objects:  90% (80/88)   [Kremote: Counting objects:  92% (81/88)   [Kremote: Counting objects:  93% (82/88)   [Kremote: Counting objects:  94% (83/88)   [Kremote: Counting objects:  95% (84/88)   [Kremote: Counting objects:  96% (85/88)   [Kremote: Counting objects:  97% (86/88)   [Kremote: Counting objects:  98% (87/88)   [Kremote: Counting objects: 100% (88/88)   [Kremote: Counting objects: 100% (88/88), done.[K
remote: Compressing objects:   4% (1/23)   [Kremote: Compressing objects:   8% (2/23)   [Kremote: Compressing objects:  13% (3/23)   [Kremote: Compressing objects:  17% (4/23)   [Kremote: Compressing objects:  21% (5/23)   [Kremote: Compressing objects:  26% (6/23)   [Kremote: Compressing objects:  30% (7/23)   [Kremote: Compressing objects:  34% (8/23)   [Kremote: Compressing objects:  39% (9/23)   [Kremote: Compressing objects:  43% (10/23)   [Kremote: Compressing objects:  47% (11/23)   [Kremote: Compressing objects:  52% (12/23)   [Kremote: Compressing objects:  56% (13/23)   [Kremote: Compressing objects:  60% (14/23)   [Kremote: Compressing objects:  65% (15/23)   [Kremote: Compressing objects:  69% (16/23)   [Kremote: Compressing objects:  73% (17/23)   [Kremote: Compressing objects:  78% (18/23)   [Kremote: Compressing objects:  82% (19/23)   [Kremote: Compressing objects:  86% (20/23)   [Kremote: Compressing objects:  91% (21/23)   [Kremote: Compressing objects:  95% (22/23)   [Kremote: Compressing objects: 100% (23/23)   [Kremote: Compressing objects: 100% (23/23), done.[K
remote: Total 51 (delta 17), reused 43 (delta 10), pack-reused 0[K
Unpacking objects:   1% (1/51)   Unpacking objects:   3% (2/51)   Unpacking objects:   5% (3/51)   Unpacking objects:   7% (4/51)   Unpacking objects:   9% (5/51)   Unpacking objects:  11% (6/51)   Unpacking objects:  13% (7/51)   Unpacking objects:  15% (8/51)   Unpacking objects:  17% (9/51)   Unpacking objects:  19% (10/51)   Unpacking objects:  21% (11/51)   Unpacking objects:  23% (12/51)   Unpacking objects:  25% (13/51)   Unpacking objects:  27% (14/51)   Unpacking objects:  29% (15/51)   Unpacking objects:  31% (16/51)   Unpacking objects:  33% (17/51)   Unpacking objects:  35% (18/51)   Unpacking objects:  37% (19/51)   Unpacking objects:  39% (20/51)   Unpacking objects:  41% (21/51)   Unpacking objects:  43% (22/51)   Unpacking objects:  45% (23/51)   Unpacking objects:  47% (24/51)   Unpacking objects:  49% (25/51)   Unpacking objects:  50% (26/51)   Unpacking objects:  52% (27/51)   Unpacking objects:  54% (28/51)   Unpacking objects:  56% (29/51)   Unpacking objects:  58% (30/51)   Unpacking objects:  60% (31/51)   Unpacking objects:  62% (32/51)   Unpacking objects:  64% (33/51)   Unpacking objects:  66% (34/51)   Unpacking objects:  68% (35/51)   Unpacking objects:  70% (36/51)   Unpacking objects:  72% (37/51)   Unpacking objects:  74% (38/51)   Unpacking objects:  76% (39/51)   Unpacking objects:  78% (40/51)   Unpacking objects:  80% (41/51)   Unpacking objects:  82% (42/51)   Unpacking objects:  84% (43/51)   Unpacking objects:  86% (44/51)   Unpacking objects:  88% (45/51)   Unpacking objects:  90% (46/51)   Unpacking objects:  92% (47/51)   Unpacking objects:  94% (48/51)   Unpacking objects:  96% (49/51)   Unpacking objects:  98% (50/51)   Unpacking objects: 100% (51/51)   Unpacking objects: 100% (51/51), done.
From https://github.com/square/okhttp
 * branch            refs/pull/4353/merge -> FETCH_HEAD

travis_time:end:041d8d20:start=1541162723907536794,finish=1541162724175900845,duration=268364051[0K$ git checkout -qf FETCH_HEAD
travis_fold:end:git.checkout[0Ktravis_fold:start:git.submodule[0Ktravis_time:start:32fa42f1[0K$ git submodule update --init --recursive
Submodule 'okhttp-hpacktests/src/test/resources/hpack-test-case' (git://github.com/http2jp/hpack-test-case.git) registered for path 'okhttp-hpacktests/src/test/resources/hpack-test-case'
Cloning into '/home/travis/build/square/okhttp/okhttp-hpacktests/src/test/resources/hpack-test-case'...
Submodule path 'okhttp-hpacktests/src/test/resources/hpack-test-case': checked out 'a5652bc2bc3d2a992f39446369fb004a72e881d4'

travis_time:end:32fa42f1:start=1541162724211765497,finish=1541162726700824248,duration=2489058751[0Ktravis_fold:end:git.submodule[0Ktravis_fold:start:cache.1[0KSetting up build cache
$ export CASHER_DIR=${TRAVIS_HOME}/.casher
travis_time:start:324ca450[0K$ Installing caching utilities

travis_time:end:324ca450:start=1541162730795070699,finish=1541162730826095868,duration=31025169[0Ktravis_time:start:0889831b[0K
travis_time:end:0889831b:start=1541162730830891340,finish=1541162730833733745,duration=2842405[0Ktravis_time:start:00e4a2e0[0K[32;1mattempting to download cache archive[0m
[32;1mfetching PR.4353/cache-linux-trusty-e3b0c44298fc1c149afbf4c8996fb92427ae41e4649b934ca495991b7852b855--jdk-oraclejdk8.tgz[0m
[32;1mfound cache[0m

travis_time:end:00e4a2e0:start=1541162730837451681,finish=1541162732976791083,duration=2139339402[0Ktravis_time:start:04ee14b0[0K
travis_time:end:04ee14b0:start=1541162732980598996,finish=1541162732983544806,duration=2945810[0Ktravis_time:start:06fd9af7[0K[32;1madding /home/travis/.m2 to cache[0m

travis_time:end:06fd9af7:start=1541162732987433602,finish=1541162735447046661,duration=2459613059[0Ktravis_fold:end:cache.1[0K$ java -Xmx32m -version
Picked up _JAVA_OPTIONS: -Xmx2048m -Xms512m
java version "1.8.0_191"
Java(TM) SE Runtime Environment (build 1.8.0_191-b12)
Java HotSpot(TM) 64-Bit Server VM (build 25.191-b12, mixed mode)
$ javac -J-Xmx32m -version
Picked up _JAVA_OPTIONS: -Xmx2048m -Xms512m
javac 1.8.0_191
travis_fold:start:install[0Ktravis_time:start:12676218[0K$ mvn install -DskipTests=true -Dmaven.javadoc.skip=true -B -V
Picked up _JAVA_OPTIONS: -Xmx2048m -Xms512m
Apache Maven 3.5.2 (138edd61fd100ec658bfa2d307c43b76940a5d7d; 2017-10-18T07:58:13Z)
Maven home: /usr/local/maven-3.5.2
Java version: 1.8.0_191, vendor: Oracle Corporation
Java home: /usr/lib/jvm/java-8-oracle/jre
Default locale: en_US, platform encoding: UTF-8
OS name: "linux", version: "4.14.12-041412-generic", arch: "amd64", family: "unix"
[INFO] Scanning for projects...
[INFO] ------------------------------------------------------------------------
[INFO] Reactor Build Order:
[INFO] 
[INFO] OkHttp (Parent)
[INFO] OkHttp
[INFO] OkHttp test support classes
[INFO] OkHttp Transport Layer Security (TLS)
[INFO] MockWebServer
[INFO] OkHttp URLConnection
[INFO] OkHttp Logging Interceptor
[INFO] OkHttp Tests
[INFO] OkHttp Android Platform Support
[INFO] OkHttp Apache HttpClient
[INFO] OkHttp Server-Sent Events
[INFO] OkHttp DNS over HTTPS
[INFO] OkCurl
[INFO] OkHttp (Bill of Materials)
[INFO] Samples (Parent)
[INFO] Sample: Guide
[INFO] Sample: Crawler
[INFO] Sample: Simple Client
[INFO] Sample: Slack
[INFO] Sample: Static Server
[INFO] Sample: UNIX domain sockets
[INFO] Benchmarks
[INFO] 
[INFO] ------------------------------------------------------------------------
[INFO] Building OkHttp (Parent) 3.12.0-SNAPSHOT
[INFO] ------------------------------------------------------------------------
[INFO] 
[INFO] --- maven-enforcer-plugin:1.0:enforce (enforce-maven) @ parent ---
[INFO] 
[INFO] --- animal-sniffer-maven-plugin:1.15:check (default) @ parent ---
[INFO] Checking unresolved references to org.codehaus.mojo.signature:java16:1.1
[INFO] 
[INFO] --- maven-checkstyle-plugin:2.17:checkstyle (default) @ parent ---
[INFO] 
[INFO] --- maven-install-plugin:2.4:install (default-install) @ parent ---
[INFO] Installing /home/travis/build/square/okhttp/pom.xml to /home/travis/.m2/repository/com/squareup/okhttp3/parent/3.12.0-SNAPSHOT/parent-3.12.0-SNAPSHOT.pom
[INFO] 
[INFO] ------------------------------------------------------------------------
[INFO] Building OkHttp 3.12.0-SNAPSHOT
[INFO] ------------------------------------------------------------------------
[INFO] 
[INFO] --- maven-enforcer-plugin:1.0:enforce (enforce-maven) @ okhttp ---
[INFO] 
[INFO] --- templating-maven-plugin:1.0-alpha-3:filter-sources (default) @ okhttp ---
[INFO] Using 'UTF-8' encoding to copy filtered resources.
[INFO] Copying 1 resource
[INFO] Source directory: /home/travis/build/square/okhttp/okhttp/target/generated-sources/java-templates added.
[INFO] 
[INFO] --- maven-resources-plugin:2.6:resources (default-resources) @ okhttp ---
[INFO] Using 'UTF-8' encoding to copy filtered resources.
[INFO] Copying 2 resources
[INFO] 
[INFO] --- maven-compiler-plugin:3.7.0:compile (default-compile) @ okhttp ---
[INFO] Changes detected - recompiling the module!
[INFO] Compiling 103 source files to /home/travis/build/square/okhttp/okhttp/target/classes
[INFO] /home/travis/build/square/okhttp/okhttp/src/main/java/okhttp3/OkHttpClient.java:[-1,-1] /home/travis/build/square/okhttp/okhttp/src/main/java/okhttp3/OkHttpClient.java uses or overrides a deprecated API.
[INFO] /home/travis/build/square/okhttp/okhttp/src/main/java/okhttp3/OkHttpClient.java:[-1,-1] Recompile with -Xlint:deprecation for details.
[INFO] /home/travis/build/square/okhttp/okhttp/src/main/java/okhttp3/internal/Util.java:[-1,-1] Some input files use unchecked or unsafe operations.
[INFO] /home/travis/build/square/okhttp/okhttp/src/main/java/okhttp3/internal/Util.java:[-1,-1] Recompile with -Xlint:unchecked for details.
[INFO] 
[INFO] --- maven-resources-plugin:2.6:testResources (default-testResources) @ okhttp ---
[INFO] Using 'UTF-8' encoding to copy filtered resources.
[INFO] skip non existing resourceDirectory /home/travis/build/square/okhttp/okhttp/src/test/resources
[INFO] 
[INFO] --- maven-compiler-plugin:3.7.0:testCompile (default-testCompile) @ okhttp ---
[INFO] Changes detected - recompiling the module!
[INFO] Compiling 1 source file to /home/travis/build/square/okhttp/okhttp/target/test-classes
[INFO] 
[INFO] --- maven-surefire-plugin:2.21.0:test (default-test) @ okhttp ---
[INFO] Tests are skipped.
[INFO] 
[INFO] --- animal-sniffer-maven-plugin:1.15:check (default) @ okhttp ---
[INFO] Checking unresolved references to org.codehaus.mojo.signature:java16:1.1
[INFO] 
[INFO] --- maven-jar-plugin:3.0.2:jar (default-jar) @ okhttp ---
[INFO] Building jar: /home/travis/build/square/okhttp/okhttp/target/okhttp-3.12.0-SNAPSHOT.jar
[INFO] 
[INFO] --- maven-checkstyle-plugin:2.17:checkstyle (default) @ okhttp ---
[INFO] Starting audit...
Audit done.
[WARNING] Unable to locate Source XRef to link to - DISABLED
[INFO] 
[INFO] --- maven-install-plugin:2.4:install (default-install) @ okhttp ---
[INFO] Installing /home/travis/build/square/okhttp/okhttp/target/okhttp-3.12.0-SNAPSHOT.jar to /home/travis/.m2/repository/com/squareup/okhttp3/okhttp/3.12.0-SNAPSHOT/okhttp-3.12.0-SNAPSHOT.jar
[INFO] Installing /home/travis/build/square/okhttp/okhttp/pom.xml to /home/travis/.m2/repository/com/squareup/okhttp3/okhttp/3.12.0-SNAPSHOT/okhttp-3.12.0-SNAPSHOT.pom
[INFO] 
[INFO] ------------------------------------------------------------------------
[INFO] Building OkHttp test support classes 3.12.0-SNAPSHOT
[INFO] ------------------------------------------------------------------------
[INFO] 
[INFO] --- maven-enforcer-plugin:1.0:enforce (enforce-maven) @ okhttp-testing-support ---
[INFO] 
[INFO] --- maven-resources-plugin:2.6:resources (default-resources) @ okhttp-testing-support ---
[INFO] Using 'UTF-8' encoding to copy filtered resources.
[INFO] skip non existing resourceDirectory /home/travis/build/square/okhttp/okhttp-testing-support/src/main/resources
[INFO] 
[INFO] --- maven-compiler-plugin:3.7.0:compile (default-compile) @ okhttp-testing-support ---
[INFO] Changes detected - recompiling the module!
[INFO] Compiling 7 source files to /home/travis/build/square/okhttp/okhttp-testing-support/target/classes
[INFO] 
[INFO] --- maven-resources-plugin:2.6:testResources (default-testResources) @ okhttp-testing-support ---
[INFO] Using 'UTF-8' encoding to copy filtered resources.
[INFO] skip non existing resourceDirectory /home/travis/build/square/okhttp/okhttp-testing-support/src/test/resources
[INFO] 
[INFO] --- maven-compiler-plugin:3.7.0:testCompile (default-testCompile) @ okhttp-testing-support ---
[INFO] No sources to compile
[INFO] 
[INFO] --- maven-surefire-plugin:2.21.0:test (default-test) @ okhttp-testing-support ---
[INFO] Tests are skipped.
[INFO] 
[INFO] --- animal-sniffer-maven-plugin:1.15:check (default) @ okhttp-testing-support ---
[INFO] Checking unresolved references to org.codehaus.mojo.signature:java16:1.1
[INFO] 
[INFO] --- maven-jar-plugin:3.0.2:jar (default-jar) @ okhttp-testing-support ---
[INFO] Building jar: /home/travis/build/square/okhttp/okhttp-testing-support/target/okhttp-testing-support-3.12.0-SNAPSHOT.jar
[INFO] 
[INFO] --- maven-checkstyle-plugin:2.17:checkstyle (default) @ okhttp-testing-support ---
[INFO] Starting audit...
Audit done.
[WARNING] Unable to locate Source XRef to link to - DISABLED
[INFO] 
[INFO] --- maven-install-plugin:2.4:install (default-install) @ okhttp-testing-support ---
[INFO] Installing /home/travis/build/square/okhttp/okhttp-testing-support/target/okhttp-testing-support-3.12.0-SNAPSHOT.jar to /home/travis/.m2/repository/com/squareup/okhttp3/okhttp-testing-support/3.12.0-SNAPSHOT/okhttp-testing-support-3.12.0-SNAPSHOT.jar
[INFO] Installing /home/travis/build/square/okhttp/okhttp-testing-support/pom.xml to /home/travis/.m2/repository/com/squareup/okhttp3/okhttp-testing-support/3.12.0-SNAPSHOT/okhttp-testing-support-3.12.0-SNAPSHOT.pom
[INFO] 
[INFO] ------------------------------------------------------------------------
[INFO] Building OkHttp Transport Layer Security (TLS) 3.12.0-SNAPSHOT
[INFO] ------------------------------------------------------------------------
[INFO] 
[INFO] --- maven-enforcer-plugin:1.0:enforce (enforce-maven) @ okhttp-tls ---
[INFO] 
[INFO] --- maven-resources-plugin:2.6:resources (default-resources) @ okhttp-tls ---
[INFO] Using 'UTF-8' encoding to copy filtered resources.
[INFO] skip non existing resourceDirectory /home/travis/build/square/okhttp/okhttp-tls/src/main/resources
[INFO] 
[INFO] --- maven-compiler-plugin:3.7.0:compile (default-compile) @ okhttp-tls ---
[INFO] Changes detected - recompiling the module!
[INFO] Compiling 4 source files to /home/travis/build/square/okhttp/okhttp-tls/target/classes
[INFO] /home/travis/build/square/okhttp/okhttp-tls/src/main/java/okhttp3/tls/HeldCertificate.java:[-1,-1] /home/travis/build/square/okhttp/okhttp-tls/src/main/java/okhttp3/tls/HeldCertificate.java uses or overrides a deprecated API.
[INFO] /home/travis/build/square/okhttp/okhttp-tls/src/main/java/okhttp3/tls/HeldCertificate.java:[-1,-1] Recompile with -Xlint:deprecation for details.
[INFO] 
[INFO] --- maven-resources-plugin:2.6:testResources (default-testResources) @ okhttp-tls ---
[INFO] Using 'UTF-8' encoding to copy filtered resources.
[INFO] skip non existing resourceDirectory /home/travis/build/square/okhttp/okhttp-tls/src/test/resources
[INFO] 
[INFO] --- maven-compiler-plugin:3.7.0:testCompile (default-testCompile) @ okhttp-tls ---
[INFO] Changes detected - recompiling the module!
[INFO] Compiling 2 source files to /home/travis/build/square/okhttp/okhttp-tls/target/test-classes
[INFO] 
[INFO] --- maven-surefire-plugin:2.21.0:test (default-test) @ okhttp-tls ---
[INFO] Tests are skipped.
[INFO] 
[INFO] --- animal-sniffer-maven-plugin:1.15:check (default) @ okhttp-tls ---
[INFO] Checking unresolved references to org.codehaus.mojo.signature:java16:1.1
[INFO] 
[INFO] --- maven-jar-plugin:3.0.2:jar (default-jar) @ okhttp-tls ---
[INFO] Building jar: /home/travis/build/square/okhttp/okhttp-tls/target/okhttp-tls-3.12.0-SNAPSHOT.jar
[INFO] 
[INFO] --- maven-checkstyle-plugin:2.17:checkstyle (default) @ okhttp-tls ---
[INFO] Starting audit...
Audit done.
[WARNING] Unable to locate Source XRef to link to - DISABLED
[INFO] 
[INFO] --- maven-install-plugin:2.4:install (default-install) @ okhttp-tls ---
[INFO] Installing /home/travis/build/square/okhttp/okhttp-tls/target/okhttp-tls-3.12.0-SNAPSHOT.jar to /home/travis/.m2/repository/com/squareup/okhttp3/okhttp-tls/3.12.0-SNAPSHOT/okhttp-tls-3.12.0-SNAPSHOT.jar
[INFO] Installing /home/travis/build/square/okhttp/okhttp-tls/pom.xml to /home/travis/.m2/repository/com/squareup/okhttp3/okhttp-tls/3.12.0-SNAPSHOT/okhttp-tls-3.12.0-SNAPSHOT.pom
[INFO] 
[INFO] ------------------------------------------------------------------------
[INFO] Building MockWebServer 3.12.0-SNAPSHOT
[INFO] ------------------------------------------------------------------------
[INFO] 
[INFO] --- maven-enforcer-plugin:1.0:enforce (enforce-maven) @ mockwebserver ---
[INFO] 
[INFO] --- maven-resources-plugin:2.6:resources (default-resources) @ mockwebserver ---
[INFO] Using 'UTF-8' encoding to copy filtered resources.
[INFO] skip non existing resourceDirectory /home/travis/build/square/okhttp/mockwebserver/src/main/resources
[INFO] 
[INFO] --- maven-compiler-plugin:3.7.0:compile (default-compile) @ mockwebserver ---
[INFO] Changes detected - recompiling the module!
[INFO] Compiling 7 source files to /home/travis/build/square/okhttp/mockwebserver/target/classes
[INFO] 
[INFO] --- maven-resources-plugin:2.6:testResources (default-testResources) @ mockwebserver ---
[INFO] Using 'UTF-8' encoding to copy filtered resources.
[INFO] skip non existing resourceDirectory /home/travis/build/square/okhttp/mockwebserver/src/test/resources
[INFO] 
[INFO] --- maven-compiler-plugin:3.7.0:testCompile (default-testCompile) @ mockwebserver ---
[INFO] Changes detected - recompiling the module!
[INFO] Compiling 4 source files to /home/travis/build/square/okhttp/mockwebserver/target/test-classes
[INFO] 
[INFO] --- maven-surefire-plugin:2.21.0:test (default-test) @ mockwebserver ---
[INFO] Tests are skipped.
[INFO] 
[INFO] --- animal-sniffer-maven-plugin:1.15:check (default) @ mockwebserver ---
[INFO] Checking unresolved references to org.codehaus.mojo.signature:java16:1.1
[INFO] 
[INFO] --- maven-jar-plugin:3.0.2:jar (default-jar) @ mockwebserver ---
[INFO] Building jar: /home/travis/build/square/okhttp/mockwebserver/target/mockwebserver-3.12.0-SNAPSHOT.jar
[INFO] 
[INFO] --- maven-assembly-plugin:3.0.0:single (default) @ mockwebserver ---
[INFO] Building jar: /home/travis/build/square/okhttp/mockwebserver/target/mockwebserver-3.12.0-SNAPSHOT-jar-with-dependencies.jar
[INFO] 
[INFO] --- maven-checkstyle-plugin:2.17:checkstyle (default) @ mockwebserver ---
[INFO] Starting audit...
Audit done.
[WARNING] Unable to locate Source XRef to link to - DISABLED
[INFO] 
[INFO] --- maven-install-plugin:2.4:install (default-install) @ mockwebserver ---
[INFO] Installing /home/travis/build/square/okhttp/mockwebserver/target/mockwebserver-3.12.0-SNAPSHOT.jar to /home/travis/.m2/repository/com/squareup/okhttp3/mockwebserver/3.12.0-SNAPSHOT/mockwebserver-3.12.0-SNAPSHOT.jar
[INFO] Installing /home/travis/build/square/okhttp/mockwebserver/pom.xml to /home/travis/.m2/repository/com/squareup/okhttp3/mockwebserver/3.12.0-SNAPSHOT/mockwebserver-3.12.0-SNAPSHOT.pom
[INFO] Installing /home/travis/build/square/okhttp/mockwebserver/target/mockwebserver-3.12.0-SNAPSHOT-jar-with-dependencies.jar to /home/travis/.m2/repository/com/squareup/okhttp3/mockwebserver/3.12.0-SNAPSHOT/mockwebserver-3.12.0-SNAPSHOT-jar-with-dependencies.jar
[INFO] 
[INFO] ------------------------------------------------------------------------
[INFO] Building OkHttp URLConnection 3.12.0-SNAPSHOT
[INFO] ------------------------------------------------------------------------
[INFO] 
[INFO] --- maven-enforcer-plugin:1.0:enforce (enforce-maven) @ okhttp-urlconnection ---
[INFO] 
[INFO] --- maven-resources-plugin:2.6:resources (default-resources) @ okhttp-urlconnection ---
[INFO] Using 'UTF-8' encoding to copy filtered resources.
[INFO] skip non existing resourceDirectory /home/travis/build/square/okhttp/okhttp-urlconnection/src/main/resources
[INFO] 
[INFO] --- maven-compiler-plugin:3.7.0:compile (default-compile) @ okhttp-urlconnection ---
[INFO] Changes detected - recompiling the module!
[INFO] Compiling 12 source files to /home/travis/build/square/okhttp/okhttp-urlconnection/target/classes
[INFO] /home/travis/build/square/okhttp/okhttp-urlconnection/src/main/java/okhttp3/internal/huc/OkHttpURLConnection.java:[-1,-1] Some input files use or override a deprecated API.
[INFO] /home/travis/build/square/okhttp/okhttp-urlconnection/src/main/java/okhttp3/internal/huc/OkHttpURLConnection.java:[-1,-1] Recompile with -Xlint:deprecation for details.
[INFO] 
[INFO] --- maven-resources-plugin:2.6:testResources (default-testResources) @ okhttp-urlconnection ---
[INFO] Using 'UTF-8' encoding to copy filtered resources.
[INFO] skip non existing resourceDirectory /home/travis/build/square/okhttp/okhttp-urlconnection/src/test/resources
[INFO] 
[INFO] --- maven-compiler-plugin:3.7.0:testCompile (default-testCompile) @ okhttp-urlconnection ---
[INFO] Changes detected - recompiling the module!
[INFO] Compiling 3 source files to /home/travis/build/square/okhttp/okhttp-urlconnection/target/test-classes
[INFO] /home/travis/build/square/okhttp/okhttp-urlconnection/src/test/java/okhttp3/OkUrlFactoryTest.java:[-1,-1] Some input files use or override a deprecated API.
[INFO] /home/travis/build/square/okhttp/okhttp-urlconnection/src/test/java/okhttp3/OkUrlFactoryTest.java:[-1,-1] Recompile with -Xlint:deprecation for details.
[INFO] 
[INFO] --- maven-surefire-plugin:2.21.0:test (default-test) @ okhttp-urlconnection ---
[INFO] Tests are skipped.
[INFO] 
[INFO] --- animal-sniffer-maven-plugin:1.15:check (default) @ okhttp-urlconnection ---
[INFO] Checking unresolved references to org.codehaus.mojo.signature:java16:1.1
[INFO] 
[INFO] --- maven-jar-plugin:3.0.2:jar (default-jar) @ okhttp-urlconnection ---
[INFO] Building jar: /home/travis/build/square/okhttp/okhttp-urlconnection/target/okhttp-urlconnection-3.12.0-SNAPSHOT.jar
[INFO] 
[INFO] --- maven-checkstyle-plugin:2.17:checkstyle (default) @ okhttp-urlconnection ---
[INFO] Starting audit...
Audit done.
[WARNING] Unable to locate Source XRef to link to - DISABLED
[INFO] 
[INFO] --- maven-install-plugin:2.4:install (default-install) @ okhttp-urlconnection ---
[INFO] Installing /home/travis/build/square/okhttp/okhttp-urlconnection/target/okhttp-urlconnection-3.12.0-SNAPSHOT.jar to /home/travis/.m2/repository/com/squareup/okhttp3/okhttp-urlconnection/3.12.0-SNAPSHOT/okhttp-urlconnection-3.12.0-SNAPSHOT.jar
[INFO] Installing /home/travis/build/square/okhttp/okhttp-urlconnection/pom.xml to /home/travis/.m2/repository/com/squareup/okhttp3/okhttp-urlconnection/3.12.0-SNAPSHOT/okhttp-urlconnection-3.12.0-SNAPSHOT.pom
[INFO] 
[INFO] ------------------------------------------------------------------------
[INFO] Building OkHttp Logging Interceptor 3.12.0-SNAPSHOT
[INFO] ------------------------------------------------------------------------
[INFO] 
[INFO] --- maven-enforcer-plugin:1.0:enforce (enforce-maven) @ logging-interceptor ---
[INFO] 
[INFO] --- maven-resources-plugin:2.6:resources (default-resources) @ logging-interceptor ---
[INFO] Using 'UTF-8' encoding to copy filtered resources.
[INFO] skip non existing resourceDirectory /home/travis/build/square/okhttp/okhttp-logging-interceptor/src/main/resources
[INFO] 
[INFO] --- maven-compiler-plugin:3.7.0:compile (default-compile) @ logging-interceptor ---
[INFO] Changes detected - recompiling the module!
[INFO] Compiling 3 source files to /home/travis/build/square/okhttp/okhttp-logging-interceptor/target/classes
[INFO] 
[INFO] --- maven-resources-plugin:2.6:testResources (default-testResources) @ logging-interceptor ---
[INFO] Using 'UTF-8' encoding to copy filtered resources.
[INFO] skip non existing resourceDirectory /home/travis/build/square/okhttp/okhttp-logging-interceptor/src/test/resources
[INFO] 
[INFO] --- maven-compiler-plugin:3.7.0:testCompile (default-testCompile) @ logging-interceptor ---
[INFO] Changes detected - recompiling the module!
[INFO] Compiling 2 source files to /home/travis/build/square/okhttp/okhttp-logging-interceptor/target/test-classes
[INFO] 
[INFO] --- maven-surefire-plugin:2.21.0:test (default-test) @ logging-interceptor ---
[INFO] Tests are skipped.
[INFO] 
[INFO] --- animal-sniffer-maven-plugin:1.15:check (default) @ logging-interceptor ---
[INFO] Checking unresolved references to org.codehaus.mojo.signature:java16:1.1
[INFO] 
[INFO] --- maven-jar-plugin:3.0.2:jar (default-jar) @ logging-interceptor ---
[INFO] Building jar: /home/travis/build/square/okhttp/okhttp-logging-interceptor/target/logging-interceptor-3.12.0-SNAPSHOT.jar
[INFO] 
[INFO] --- maven-checkstyle-plugin:2.17:checkstyle (default) @ logging-interceptor ---
[INFO] Starting audit...
Audit done.
[WARNING] Unable to locate Source XRef to link to - DISABLED
[INFO] 
[INFO] --- maven-install-plugin:2.4:install (default-install) @ logging-interceptor ---
[INFO] Installing /home/travis/build/square/okhttp/okhttp-logging-interceptor/target/logging-interceptor-3.12.0-SNAPSHOT.jar to /home/travis/.m2/repository/com/squareup/okhttp3/logging-interceptor/3.12.0-SNAPSHOT/logging-interceptor-3.12.0-SNAPSHOT.jar
[INFO] Installing /home/travis/build/square/okhttp/okhttp-logging-interceptor/pom.xml to /home/travis/.m2/repository/com/squareup/okhttp3/logging-interceptor/3.12.0-SNAPSHOT/logging-interceptor-3.12.0-SNAPSHOT.pom
[INFO] 
[INFO] ------------------------------------------------------------------------
[INFO] Building OkHttp Tests 3.12.0-SNAPSHOT
[INFO] ------------------------------------------------------------------------
[INFO] 
[INFO] --- maven-enforcer-plugin:1.0:enforce (enforce-maven) @ okhttp-tests ---
[INFO] 
[INFO] --- maven-resources-plugin:2.6:resources (default-resources) @ okhttp-tests ---
[INFO] Using 'UTF-8' encoding to copy filtered resources.
[INFO] skip non existing resourceDirectory /home/travis/build/square/okhttp/okhttp-tests/src/main/resources
[INFO] 
[INFO] --- maven-compiler-plugin:3.7.0:compile (default-compile) @ okhttp-tests ---
[INFO] Changes detected - recompiling the module!
[INFO] Compiling 2 source files to /home/travis/build/square/okhttp/okhttp-tests/target/classes
[INFO] 
[INFO] --- maven-resources-plugin:2.6:testResources (default-testResources) @ okhttp-tests ---
[INFO] Using 'UTF-8' encoding to copy filtered resources.
[INFO] Copying 1 resource
[INFO] 
[INFO] --- maven-compiler-plugin:3.7.0:testCompile (default-testCompile) @ okhttp-tests ---
[INFO] Changes detected - recompiling the module!
[INFO] Compiling 86 source files to /home/travis/build/square/okhttp/okhttp-tests/target/test-classes
[INFO] /home/travis/build/square/okhttp/okhttp-tests/src/test/java/okhttp3/internal/http/ThreadInterruptTest.java:[-1,-1] Some input files use or override a deprecated API.
[INFO] /home/travis/build/square/okhttp/okhttp-tests/src/test/java/okhttp3/internal/http/ThreadInterruptTest.java:[-1,-1] Recompile with -Xlint:deprecation for details.
[INFO] /home/travis/build/square/okhttp/okhttp-tests/src/test/java/okhttp3/DelegatingSSLSocket.java:[-1,-1] Some input files use unchecked or unsafe operations.
[INFO] /home/travis/build/square/okhttp/okhttp-tests/src/test/java/okhttp3/DelegatingSSLSocket.java:[-1,-1] Recompile with -Xlint:unchecked for details.
[INFO] 
[INFO] --- maven-surefire-plugin:2.21.0:test (default-test) @ okhttp-tests ---
[INFO] Tests are skipped.
[INFO] 
[INFO] --- animal-sniffer-maven-plugin:1.15:check (default) @ okhttp-tests ---
[INFO] Checking unresolved references to org.codehaus.mojo.signature:java16:1.1
[INFO] 
[INFO] --- maven-jar-plugin:2.4:jar (default-jar) @ okhttp-tests ---
[INFO] Building jar: /home/travis/build/square/okhttp/okhttp-tests/target/okhttp-tests-3.12.0-SNAPSHOT.jar
[INFO] 
[INFO] --- maven-assembly-plugin:3.1.0:single (default) @ okhttp-tests ---
[INFO] Building jar: /home/travis/build/square/okhttp/okhttp-tests/target/okhttp-tests-3.12.0-SNAPSHOT-jar-with-dependencies.jar
[INFO] 
[INFO] --- maven-checkstyle-plugin:2.17:checkstyle (default) @ okhttp-tests ---
[INFO] Starting audit...
Audit done.
[WARNING] Unable to locate Source XRef to link to - DISABLED
[INFO] 
[INFO] --- maven-install-plugin:2.4:install (default-install) @ okhttp-tests ---
[INFO] Installing /home/travis/build/square/okhttp/okhttp-tests/target/okhttp-tests-3.12.0-SNAPSHOT.jar to /home/travis/.m2/repository/com/squareup/okhttp3/okhttp-tests/3.12.0-SNAPSHOT/okhttp-tests-3.12.0-SNAPSHOT.jar
[INFO] Installing /home/travis/build/square/okhttp/okhttp-tests/pom.xml to /home/travis/.m2/repository/com/squareup/okhttp3/okhttp-tests/3.12.0-SNAPSHOT/okhttp-tests-3.12.0-SNAPSHOT.pom
[INFO] Installing /home/travis/build/square/okhttp/okhttp-tests/target/okhttp-tests-3.12.0-SNAPSHOT-jar-with-dependencies.jar to /home/travis/.m2/repository/com/squareup/okhttp3/okhttp-tests/3.12.0-SNAPSHOT/okhttp-tests-3.12.0-SNAPSHOT-jar-with-dependencies.jar
[INFO] 
[INFO] ------------------------------------------------------------------------
[INFO] Building OkHttp Android Platform Support 3.12.0-SNAPSHOT
[INFO] ------------------------------------------------------------------------
[INFO] 
[INFO] --- maven-enforcer-plugin:1.0:enforce (enforce-maven) @ okhttp-android-support ---
[INFO] 
[INFO] --- maven-resources-plugin:2.6:resources (default-resources) @ okhttp-android-support ---
[INFO] Using 'UTF-8' encoding to copy filtered resources.
[INFO] skip non existing resourceDirectory /home/travis/build/square/okhttp/okhttp-android-support/src/main/resources
[INFO] 
[INFO] --- maven-compiler-plugin:3.7.0:compile (default-compile) @ okhttp-android-support ---
[INFO] Changes detected - recompiling the module!
[INFO] Compiling 5 source files to /home/travis/build/square/okhttp/okhttp-android-support/target/classes
[INFO] /home/travis/build/square/okhttp/okhttp-android-support/src/main/java/okhttp3/AndroidInternal.java:[-1,-1] /home/travis/build/square/okhttp/okhttp-android-support/src/main/java/okhttp3/AndroidInternal.java uses or overrides a deprecated API.
[INFO] /home/travis/build/square/okhttp/okhttp-android-support/src/main/java/okhttp3/AndroidInternal.java:[-1,-1] Recompile with -Xlint:deprecation for details.
[INFO] 
[INFO] --- maven-resources-plugin:2.6:testResources (default-testResources) @ okhttp-android-support ---
[INFO] Using 'UTF-8' encoding to copy filtered resources.
[INFO] skip non existing resourceDirectory /home/travis/build/square/okhttp/okhttp-android-support/src/test/resources
[INFO] 
[INFO] --- maven-compiler-plugin:3.7.0:testCompile (default-testCompile) @ okhttp-android-support ---
[INFO] Changes detected - recompiling the module!
[INFO] Compiling 6 source files to /home/travis/build/square/okhttp/okhttp-android-support/target/test-classes
[INFO] /home/travis/build/square/okhttp/okhttp-android-support/src/test/java/okhttp3/android/HttpResponseCacheTest.java:[-1,-1] Some input files use or override a deprecated API.
[INFO] /home/travis/build/square/okhttp/okhttp-android-support/src/test/java/okhttp3/android/HttpResponseCacheTest.java:[-1,-1] Recompile with -Xlint:deprecation for details.
[INFO] 
[INFO] --- maven-surefire-plugin:2.21.0:test (default-test) @ okhttp-android-support ---
[INFO] Tests are skipped.
[INFO] 
[INFO] --- animal-sniffer-maven-plugin:1.15:check (default) @ okhttp-android-support ---
[INFO] Checking unresolved references to org.codehaus.mojo.signature:java16:1.1
[INFO] 
[INFO] --- maven-jar-plugin:3.0.2:jar (default-jar) @ okhttp-android-support ---
[INFO] Building jar: /home/travis/build/square/okhttp/okhttp-android-support/target/okhttp-android-support-3.12.0-SNAPSHOT.jar
[INFO] 
[INFO] --- maven-checkstyle-plugin:2.17:checkstyle (default) @ okhttp-android-support ---
[INFO] Starting audit...
Audit done.
[WARNING] Unable to locate Source XRef to link to - DISABLED
[INFO] 
[INFO] --- maven-install-plugin:2.4:install (default-install) @ okhttp-android-support ---
[INFO] Installing /home/travis/build/square/okhttp/okhttp-android-support/target/okhttp-android-support-3.12.0-SNAPSHOT.jar to /home/travis/.m2/repository/com/squareup/okhttp3/okhttp-android-support/3.12.0-SNAPSHOT/okhttp-android-support-3.12.0-SNAPSHOT.jar
[INFO] Installing /home/travis/build/square/okhttp/okhttp-android-support/pom.xml to /home/travis/.m2/repository/com/squareup/okhttp3/okhttp-android-support/3.12.0-SNAPSHOT/okhttp-android-support-3.12.0-SNAPSHOT.pom
[INFO] 
[INFO] ------------------------------------------------------------------------
[INFO] Building OkHttp Apache HttpClient 3.12.0-SNAPSHOT
[INFO] ------------------------------------------------------------------------
[INFO] 
[INFO] --- maven-enforcer-plugin:1.0:enforce (enforce-maven) @ okhttp-apache ---
[INFO] 
[INFO] --- maven-resources-plugin:2.6:resources (default-resources) @ okhttp-apache ---
[INFO] Using 'UTF-8' encoding to copy filtered resources.
[INFO] skip non existing resourceDirectory /home/travis/build/square/okhttp/okhttp-apache/src/main/resources
[INFO] 
[INFO] --- maven-compiler-plugin:3.7.0:compile (default-compile) @ okhttp-apache ---
[INFO] Changes detected - recompiling the module!
[INFO] Compiling 2 source files to /home/travis/build/square/okhttp/okhttp-apache/target/classes
[INFO] 
[INFO] --- maven-resources-plugin:2.6:testResources (default-testResources) @ okhttp-apache ---
[INFO] Using 'UTF-8' encoding to copy filtered resources.
[INFO] skip non existing resourceDirectory /home/travis/build/square/okhttp/okhttp-apache/src/test/resources
[INFO] 
[INFO] --- maven-compiler-plugin:3.7.0:testCompile (default-testCompile) @ okhttp-apache ---
[INFO] Changes detected - recompiling the module!
[INFO] Compiling 1 source file to /home/travis/build/square/okhttp/okhttp-apache/target/test-classes
[INFO] /home/travis/build/square/okhttp/okhttp-apache/src/test/java/okhttp3/apache/OkApacheClientTest.java:[-1,-1] /home/travis/build/square/okhttp/okhttp-apache/src/test/java/okhttp3/apache/OkApacheClientTest.java uses or overrides a deprecated API.
[INFO] /home/travis/build/square/okhttp/okhttp-apache/src/test/java/okhttp3/apache/OkApacheClientTest.java:[-1,-1] Recompile with -Xlint:deprecation for details.
[INFO] 
[INFO] --- maven-surefire-plugin:2.21.0:test (default-test) @ okhttp-apache ---
[INFO] Tests are skipped.
[INFO] 
[INFO] --- animal-sniffer-maven-plugin:1.15:check (default) @ okhttp-apache ---
[INFO] Checking unresolved references to org.codehaus.mojo.signature:java16:1.1
[INFO] 
[INFO] --- maven-jar-plugin:3.0.2:jar (default-jar) @ okhttp-apache ---
[INFO] Building jar: /home/travis/build/square/okhttp/okhttp-apache/target/okhttp-apache-3.12.0-SNAPSHOT.jar
[INFO] 
[INFO] --- maven-checkstyle-plugin:2.17:checkstyle (default) @ okhttp-apache ---
[INFO] Starting audit...
Audit done.
[WARNING] Unable to locate Source XRef to link to - DISABLED
[INFO] 
[INFO] --- maven-install-plugin:2.4:install (default-install) @ okhttp-apache ---
[INFO] Installing /home/travis/build/square/okhttp/okhttp-apache/target/okhttp-apache-3.12.0-SNAPSHOT.jar to /home/travis/.m2/repository/com/squareup/okhttp3/okhttp-apache/3.12.0-SNAPSHOT/okhttp-apache-3.12.0-SNAPSHOT.jar
[INFO] Installing /home/travis/build/square/okhttp/okhttp-apache/pom.xml to /home/travis/.m2/repository/com/squareup/okhttp3/okhttp-apache/3.12.0-SNAPSHOT/okhttp-apache-3.12.0-SNAPSHOT.pom
[INFO] 
[INFO] ------------------------------------------------------------------------
[INFO] Building OkHttp Server-Sent Events 3.12.0-SNAPSHOT
[INFO] ------------------------------------------------------------------------
[INFO] 
[INFO] --- maven-enforcer-plugin:1.0:enforce (enforce-maven) @ okhttp-sse ---
[INFO] 
[INFO] --- maven-resources-plugin:2.6:resources (default-resources) @ okhttp-sse ---
[INFO] Using 'UTF-8' encoding to copy filtered resources.
[INFO] skip non existing resourceDirectory /home/travis/build/square/okhttp/okhttp-sse/src/main/resources
[INFO] 
[INFO] --- maven-compiler-plugin:3.7.0:compile (default-compile) @ okhttp-sse ---
[INFO] Changes detected - recompiling the module!
[INFO] Compiling 7 source files to /home/travis/build/square/okhttp/okhttp-sse/target/classes
[INFO] 
[INFO] --- maven-resources-plugin:2.6:testResources (default-testResources) @ okhttp-sse ---
[INFO] Using 'UTF-8' encoding to copy filtered resources.
[INFO] skip non existing resourceDirectory /home/travis/build/square/okhttp/okhttp-sse/src/test/resources
[INFO] 
[INFO] --- maven-compiler-plugin:3.7.0:testCompile (default-testCompile) @ okhttp-sse ---
[INFO] Changes detected - recompiling the module!
[INFO] Compiling 4 source files to /home/travis/build/square/okhttp/okhttp-sse/target/test-classes
[INFO] 
[INFO] --- maven-surefire-plugin:2.21.0:test (default-test) @ okhttp-sse ---
[INFO] Tests are skipped.
[INFO] 
[INFO] --- animal-sniffer-maven-plugin:1.15:check (default) @ okhttp-sse ---
[INFO] Checking unresolved references to org.codehaus.mojo.signature:java16:1.1
[INFO] 
[INFO] --- maven-jar-plugin:3.0.2:jar (default-jar) @ okhttp-sse ---
[INFO] Building jar: /home/travis/build/square/okhttp/okhttp-sse/target/okhttp-sse-3.12.0-SNAPSHOT.jar
[INFO] 
[INFO] --- maven-checkstyle-plugin:2.17:checkstyle (default) @ okhttp-sse ---
[INFO] Starting audit...
Audit done.
[WARNING] Unable to locate Source XRef to link to - DISABLED
[INFO] 
[INFO] --- maven-install-plugin:2.4:install (default-install) @ okhttp-sse ---
[INFO] Installing /home/travis/build/square/okhttp/okhttp-sse/target/okhttp-sse-3.12.0-SNAPSHOT.jar to /home/travis/.m2/repository/com/squareup/okhttp3/okhttp-sse/3.12.0-SNAPSHOT/okhttp-sse-3.12.0-SNAPSHOT.jar
[INFO] Installing /home/travis/build/square/okhttp/okhttp-sse/pom.xml to /home/travis/.m2/repository/com/squareup/okhttp3/okhttp-sse/3.12.0-SNAPSHOT/okhttp-sse-3.12.0-SNAPSHOT.pom
[INFO] 
[INFO] ------------------------------------------------------------------------
[INFO] Building OkHttp DNS over HTTPS 3.12.0-SNAPSHOT
[INFO] ------------------------------------------------------------------------
[INFO] 
[INFO] --- maven-enforcer-plugin:1.0:enforce (enforce-maven) @ okhttp-dnsoverhttps ---
[INFO] 
[INFO] --- maven-resources-plugin:2.6:resources (default-resources) @ okhttp-dnsoverhttps ---
[INFO] Using 'UTF-8' encoding to copy filtered resources.
[INFO] skip non existing resourceDirectory /home/travis/build/square/okhttp/okhttp-dnsoverhttps/src/main/resources
[INFO] 
[INFO] --- maven-compiler-plugin:3.7.0:compile (default-compile) @ okhttp-dnsoverhttps ---
[INFO] Changes detected - recompiling the module!
[INFO] Compiling 4 source files to /home/travis/build/square/okhttp/okhttp-dnsoverhttps/target/classes
[INFO] 
[INFO] --- maven-resources-plugin:2.6:testResources (default-testResources) @ okhttp-dnsoverhttps ---
[INFO] Using 'UTF-8' encoding to copy filtered resources.
[INFO] skip non existing resourceDirectory /home/travis/build/square/okhttp/okhttp-dnsoverhttps/src/test/resources
[INFO] 
[INFO] --- maven-compiler-plugin:3.7.0:testCompile (default-testCompile) @ okhttp-dnsoverhttps ---
[INFO] Changes detected - recompiling the module!
[INFO] Compiling 4 source files to /home/travis/build/square/okhttp/okhttp-dnsoverhttps/target/test-classes
[INFO] 
[INFO] --- maven-surefire-plugin:2.21.0:test (default-test) @ okhttp-dnsoverhttps ---
[INFO] Tests are skipped.
[INFO] 
[INFO] --- animal-sniffer-maven-plugin:1.15:check (default) @ okhttp-dnsoverhttps ---
[INFO] Checking unresolved references to org.codehaus.mojo.signature:java16:1.1
[INFO] 
[INFO] --- maven-jar-plugin:3.0.2:jar (default-jar) @ okhttp-dnsoverhttps ---
[INFO] Building jar: /home/travis/build/square/okhttp/okhttp-dnsoverhttps/target/okhttp-dnsoverhttps-3.12.0-SNAPSHOT.jar
[INFO] 
[INFO] --- maven-checkstyle-plugin:2.17:checkstyle (default) @ okhttp-dnsoverhttps ---
[INFO] Starting audit...
Audit done.
[WARNING] Unable to locate Source XRef to link to - DISABLED
[INFO] 
[INFO] --- maven-install-plugin:2.4:install (default-install) @ okhttp-dnsoverhttps ---
[INFO] Installing /home/travis/build/square/okhttp/okhttp-dnsoverhttps/target/okhttp-dnsoverhttps-3.12.0-SNAPSHOT.jar to /home/travis/.m2/repository/com/squareup/okhttp3/okhttp-dnsoverhttps/3.12.0-SNAPSHOT/okhttp-dnsoverhttps-3.12.0-SNAPSHOT.jar
[INFO] Installing /home/travis/build/square/okhttp/okhttp-dnsoverhttps/pom.xml to /home/travis/.m2/repository/com/squareup/okhttp3/okhttp-dnsoverhttps/3.12.0-SNAPSHOT/okhttp-dnsoverhttps-3.12.0-SNAPSHOT.pom
[INFO] 
[INFO] ------------------------------------------------------------------------
[INFO] Building OkCurl 3.12.0-SNAPSHOT
[INFO] ------------------------------------------------------------------------
[INFO] 
[INFO] --- maven-enforcer-plugin:1.0:enforce (enforce-maven) @ okcurl ---
[INFO] 
[INFO] --- maven-resources-plugin:2.6:resources (default-resources) @ okcurl ---
[INFO] Using 'UTF-8' encoding to copy filtered resources.
[INFO] Copying 1 resource
[INFO] 
[INFO] --- maven-compiler-plugin:3.7.0:compile (default-compile) @ okcurl ---
[INFO] Changes detected - recompiling the module!
[INFO] Compiling 1 source file to /home/travis/build/square/okhttp/okcurl/target/classes
[INFO] 
[INFO] --- maven-resources-plugin:2.6:testResources (default-testResources) @ okcurl ---
[INFO] Using 'UTF-8' encoding to copy filtered resources.
[INFO] skip non existing resourceDirectory /home/travis/build/square/okhttp/okcurl/src/test/resources
[INFO] 
[INFO] --- maven-compiler-plugin:3.7.0:testCompile (default-testCompile) @ okcurl ---
[INFO] Changes detected - recompiling the module!
[INFO] Compiling 1 source file to /home/travis/build/square/okhttp/okcurl/target/test-classes
[INFO] 
[INFO] --- maven-surefire-plugin:2.21.0:test (default-test) @ okcurl ---
[INFO] Tests are skipped.
[INFO] 
[INFO] --- animal-sniffer-maven-plugin:1.15:check (default) @ okcurl ---
[INFO] Checking unresolved references to org.codehaus.mojo.signature:java16:1.1
[INFO] 
[INFO] --- maven-jar-plugin:3.0.2:jar (default-jar) @ okcurl ---
[INFO] Building jar: /home/travis/build/square/okhttp/okcurl/target/okcurl-3.12.0-SNAPSHOT.jar
[INFO] 
[INFO] --- maven-assembly-plugin:3.0.0:single (default) @ okcurl ---
[INFO] Building jar: /home/travis/build/square/okhttp/okcurl/target/okcurl-3.12.0-SNAPSHOT-jar-with-dependencies.jar
[INFO] 
[INFO] --- really-executable-jar-maven-plugin:1.1.0:really-executable-jar (default) @ okcurl ---
[INFO] 
[INFO] --- maven-checkstyle-plugin:2.17:checkstyle (default) @ okcurl ---
[INFO] Starting audit...
Audit done.
[WARNING] Unable to locate Source XRef to link to - DISABLED
[INFO] 
[INFO] --- maven-install-plugin:2.4:install (default-install) @ okcurl ---
[INFO] Installing /home/travis/build/square/okhttp/okcurl/target/okcurl-3.12.0-SNAPSHOT.jar to /home/travis/.m2/repository/com/squareup/okhttp3/okcurl/3.12.0-SNAPSHOT/okcurl-3.12.0-SNAPSHOT.jar
[INFO] Installing /home/travis/build/square/okhttp/okcurl/pom.xml to /home/travis/.m2/repository/com/squareup/okhttp3/okcurl/3.12.0-SNAPSHOT/okcurl-3.12.0-SNAPSHOT.pom
[INFO] Installing /home/travis/build/square/okhttp/okcurl/target/okcurl-3.12.0-SNAPSHOT-jar-with-dependencies.jar to /home/travis/.m2/repository/com/squareup/okhttp3/okcurl/3.12.0-SNAPSHOT/okcurl-3.12.0-SNAPSHOT-jar-with-dependencies.jar
[INFO] 
[INFO] ------------------------------------------------------------------------
[INFO] Building OkHttp (Bill of Materials) 3.12.0-SNAPSHOT
[INFO] ------------------------------------------------------------------------
[INFO] 
[INFO] --- maven-enforcer-plugin:1.0:enforce (enforce-maven) @ okhttp-bom ---
[INFO] 
[INFO] --- animal-sniffer-maven-plugin:1.15:check (default) @ okhttp-bom ---
[INFO] Checking unresolved references to org.codehaus.mojo.signature:java16:1.1
[INFO] 
[INFO] --- maven-checkstyle-plugin:2.17:checkstyle (default) @ okhttp-bom ---
[INFO] 
[INFO] --- maven-install-plugin:2.4:install (default-install) @ okhttp-bom ---
[INFO] Installing /home/travis/build/square/okhttp/bom/pom.xml to /home/travis/.m2/repository/com/squareup/okhttp3/okhttp-bom/3.12.0-SNAPSHOT/okhttp-bom-3.12.0-SNAPSHOT.pom
[INFO] 
[INFO] ------------------------------------------------------------------------
[INFO] Building Samples (Parent) 3.12.0-SNAPSHOT
[INFO] ------------------------------------------------------------------------
[INFO] 
[INFO] --- maven-enforcer-plugin:1.0:enforce (enforce-maven) @ sample-parent ---
[INFO] 
[INFO] --- maven-checkstyle-plugin:2.17:checkstyle (default) @ sample-parent ---
[INFO] 
[INFO] --- maven-install-plugin:2.4:install (default-install) @ sample-parent ---
[INFO] Installing /home/travis/build/square/okhttp/samples/pom.xml to /home/travis/.m2/repository/com/squareup/okhttp3/sample/sample-parent/3.12.0-SNAPSHOT/sample-parent-3.12.0-SNAPSHOT.pom
[INFO] 
[INFO] ------------------------------------------------------------------------
[INFO] Building Sample: Guide 3.12.0-SNAPSHOT
[INFO] ------------------------------------------------------------------------
[INFO] 
[INFO] --- maven-enforcer-plugin:1.0:enforce (enforce-maven) @ guide ---
[INFO] 
[INFO] --- maven-resources-plugin:2.6:resources (default-resources) @ guide ---
[INFO] Using 'UTF-8' encoding to copy filtered resources.
[INFO] skip non existing resourceDirectory /home/travis/build/square/okhttp/samples/guide/src/main/resources
[INFO] 
[INFO] --- maven-compiler-plugin:3.7.0:compile (default-compile) @ guide ---
[INFO] Changes detected - recompiling the module!
[INFO] Compiling 30 source files to /home/travis/build/square/okhttp/samples/guide/target/classes
[INFO] 
[INFO] --- maven-resources-plugin:2.6:testResources (default-testResources) @ guide ---
[INFO] Using 'UTF-8' encoding to copy filtered resources.
[INFO] skip non existing resourceDirectory /home/travis/build/square/okhttp/samples/guide/src/test/resources
[INFO] 
[INFO] --- maven-compiler-plugin:3.7.0:testCompile (default-testCompile) @ guide ---
[INFO] No sources to compile
[INFO] 
[INFO] --- maven-surefire-plugin:2.21.0:test (default-test) @ guide ---
[INFO] Tests are skipped.
[INFO] 
[INFO] --- maven-jar-plugin:2.4:jar (default-jar) @ guide ---
[INFO] Building jar: /home/travis/build/square/okhttp/samples/guide/target/guide-3.12.0-SNAPSHOT.jar
[INFO] 
[INFO] --- maven-checkstyle-plugin:2.17:checkstyle (default) @ guide ---
[INFO] Starting audit...
Audit done.
[WARNING] Unable to locate Source XRef to link to - DISABLED
[INFO] 
[INFO] --- maven-install-plugin:2.4:install (default-install) @ guide ---
[INFO] Installing /home/travis/build/square/okhttp/samples/guide/target/guide-3.12.0-SNAPSHOT.jar to /home/travis/.m2/repository/com/squareup/okhttp3/sample/guide/3.12.0-SNAPSHOT/guide-3.12.0-SNAPSHOT.jar
[INFO] Installing /home/travis/build/square/okhttp/samples/guide/pom.xml to /home/travis/.m2/repository/com/squareup/okhttp3/sample/guide/3.12.0-SNAPSHOT/guide-3.12.0-SNAPSHOT.pom
[INFO] 
[INFO] ------------------------------------------------------------------------
[INFO] Building Sample: Crawler 3.12.0-SNAPSHOT
[INFO] ------------------------------------------------------------------------
[INFO] 
[INFO] --- maven-enforcer-plugin:1.0:enforce (enforce-maven) @ crawler ---
[INFO] 
[INFO] --- maven-resources-plugin:2.6:resources (default-resources) @ crawler ---
[INFO] Using 'UTF-8' encoding to copy filtered resources.
[INFO] skip non existing resourceDirectory /home/travis/build/square/okhttp/samples/crawler/src/main/resources
[INFO] 
[INFO] --- maven-compiler-plugin:3.7.0:compile (default-compile) @ crawler ---
[INFO] Changes detected - recompiling the module!
[INFO] Compiling 1 source file to /home/travis/build/square/okhttp/samples/crawler/target/classes
[INFO] 
[INFO] --- maven-resources-plugin:2.6:testResources (default-testResources) @ crawler ---
[INFO] Using 'UTF-8' encoding to copy filtered resources.
[INFO] skip non existing resourceDirectory /home/travis/build/square/okhttp/samples/crawler/src/test/resources
[INFO] 
[INFO] --- maven-compiler-plugin:3.7.0:testCompile (default-testCompile) @ crawler ---
[INFO] No sources to compile
[INFO] 
[INFO] --- maven-surefire-plugin:2.21.0:test (default-test) @ crawler ---
[INFO] Tests are skipped.
[INFO] 
[INFO] --- maven-jar-plugin:2.4:jar (default-jar) @ crawler ---
[INFO] Building jar: /home/travis/build/square/okhttp/samples/crawler/target/crawler-3.12.0-SNAPSHOT.jar
[INFO] 
[INFO] --- maven-checkstyle-plugin:2.17:checkstyle (default) @ crawler ---
[INFO] Starting audit...
Audit done.
[WARNING] Unable to locate Source XRef to link to - DISABLED
[INFO] 
[INFO] --- maven-install-plugin:2.4:install (default-install) @ crawler ---
[INFO] Installing /home/travis/build/square/okhttp/samples/crawler/target/crawler-3.12.0-SNAPSHOT.jar to /home/travis/.m2/repository/com/squareup/okhttp3/sample/crawler/3.12.0-SNAPSHOT/crawler-3.12.0-SNAPSHOT.jar
[INFO] Installing /home/travis/build/square/okhttp/samples/crawler/pom.xml to /home/travis/.m2/repository/com/squareup/okhttp3/sample/crawler/3.12.0-SNAPSHOT/crawler-3.12.0-SNAPSHOT.pom
[INFO] 
[INFO] ------------------------------------------------------------------------
[INFO] Building Sample: Simple Client 3.12.0-SNAPSHOT
[INFO] ------------------------------------------------------------------------
[INFO] 
[INFO] --- maven-enforcer-plugin:1.0:enforce (enforce-maven) @ simple-client ---
[INFO] 
[INFO] --- maven-resources-plugin:2.6:resources (default-resources) @ simple-client ---
[INFO] Using 'UTF-8' encoding to copy filtered resources.
[INFO] skip non existing resourceDirectory /home/travis/build/square/okhttp/samples/simple-client/src/main/resources
[INFO] 
[INFO] --- maven-compiler-plugin:3.7.0:compile (default-compile) @ simple-client ---
[INFO] Changes detected - recompiling the module!
[INFO] Compiling 1 source file to /home/travis/build/square/okhttp/samples/simple-client/target/classes
[INFO] 
[INFO] --- maven-resources-plugin:2.6:testResources (default-testResources) @ simple-client ---
[INFO] Using 'UTF-8' encoding to copy filtered resources.
[INFO] skip non existing resourceDirectory /home/travis/build/square/okhttp/samples/simple-client/src/test/resources
[INFO] 
[INFO] --- maven-compiler-plugin:3.7.0:testCompile (default-testCompile) @ simple-client ---
[INFO] No sources to compile
[INFO] 
[INFO] --- maven-surefire-plugin:2.21.0:test (default-test) @ simple-client ---
[INFO] Tests are skipped.
[INFO] 
[INFO] --- maven-jar-plugin:2.4:jar (default-jar) @ simple-client ---
[INFO] Building jar: /home/travis/build/square/okhttp/samples/simple-client/target/simple-client-3.12.0-SNAPSHOT.jar
[INFO] 
[INFO] --- maven-checkstyle-plugin:2.17:checkstyle (default) @ simple-client ---
[INFO] Starting audit...
Audit done.
[WARNING] Unable to locate Source XRef to link to - DISABLED
[INFO] 
[INFO] --- maven-install-plugin:2.4:install (default-install) @ simple-client ---
[INFO] Installing /home/travis/build/square/okhttp/samples/simple-client/target/simple-client-3.12.0-SNAPSHOT.jar to /home/travis/.m2/repository/com/squareup/okhttp3/sample/simple-client/3.12.0-SNAPSHOT/simple-client-3.12.0-SNAPSHOT.jar
[INFO] Installing /home/travis/build/square/okhttp/samples/simple-client/pom.xml to /home/travis/.m2/repository/com/squareup/okhttp3/sample/simple-client/3.12.0-SNAPSHOT/simple-client-3.12.0-SNAPSHOT.pom
[INFO] 
[INFO] ------------------------------------------------------------------------
[INFO] Building Sample: Slack 3.12.0-SNAPSHOT
[INFO] ------------------------------------------------------------------------
[INFO] 
[INFO] --- maven-enforcer-plugin:1.0:enforce (enforce-maven) @ slack ---
[INFO] 
[INFO] --- maven-resources-plugin:2.6:resources (default-resources) @ slack ---
[INFO] Using 'UTF-8' encoding to copy filtered resources.
[INFO] skip non existing resourceDirectory /home/travis/build/square/okhttp/samples/slack/src/main/resources
[INFO] 
[INFO] --- maven-compiler-plugin:3.7.0:compile (default-compile) @ slack ---
[INFO] Changes detected - recompiling the module!
[INFO] Compiling 6 source files to /home/travis/build/square/okhttp/samples/slack/target/classes
[INFO] 
[INFO] --- maven-resources-plugin:2.6:testResources (default-testResources) @ slack ---
[INFO] Using 'UTF-8' encoding to copy filtered resources.
[INFO] skip non existing resourceDirectory /home/travis/build/square/okhttp/samples/slack/src/test/resources
[INFO] 
[INFO] --- maven-compiler-plugin:3.7.0:testCompile (default-testCompile) @ slack ---
[INFO] No sources to compile
[INFO] 
[INFO] --- maven-surefire-plugin:2.21.0:test (default-test) @ slack ---
[INFO] Tests are skipped.
[INFO] 
[INFO] --- maven-jar-plugin:2.4:jar (default-jar) @ slack ---
[INFO] Building jar: /home/travis/build/square/okhttp/samples/slack/target/slack-3.12.0-SNAPSHOT.jar
[INFO] 
[INFO] --- maven-checkstyle-plugin:2.17:checkstyle (default) @ slack ---
[INFO] Starting audit...
Audit done.
[WARNING] Unable to locate Source XRef to link to - DISABLED
[INFO] 
[INFO] --- maven-install-plugin:2.4:install (default-install) @ slack ---
[INFO] Installing /home/travis/build/square/okhttp/samples/slack/target/slack-3.12.0-SNAPSHOT.jar to /home/travis/.m2/repository/com/squareup/okhttp3/sample/slack/3.12.0-SNAPSHOT/slack-3.12.0-SNAPSHOT.jar
[INFO] Installing /home/travis/build/square/okhttp/samples/slack/pom.xml to /home/travis/.m2/repository/com/squareup/okhttp3/sample/slack/3.12.0-SNAPSHOT/slack-3.12.0-SNAPSHOT.pom
[INFO] 
[INFO] ------------------------------------------------------------------------
[INFO] Building Sample: Static Server 3.12.0-SNAPSHOT
[INFO] ------------------------------------------------------------------------
[INFO] 
[INFO] --- maven-enforcer-plugin:1.0:enforce (enforce-maven) @ static-server ---
[INFO] 
[INFO] --- maven-resources-plugin:2.6:resources (default-resources) @ static-server ---
[INFO] Using 'UTF-8' encoding to copy filtered resources.
[INFO] skip non existing resourceDirectory /home/travis/build/square/okhttp/samples/static-server/src/main/resources
[INFO] 
[INFO] --- maven-compiler-plugin:3.7.0:compile (default-compile) @ static-server ---
[INFO] Changes detected - recompiling the module!
[INFO] Compiling 1 source file to /home/travis/build/square/okhttp/samples/static-server/target/classes
[INFO] 
[INFO] --- maven-resources-plugin:2.6:testResources (default-testResources) @ static-server ---
[INFO] Using 'UTF-8' encoding to copy filtered resources.
[INFO] skip non existing resourceDirectory /home/travis/build/square/okhttp/samples/static-server/src/test/resources
[INFO] 
[INFO] --- maven-compiler-plugin:3.7.0:testCompile (default-testCompile) @ static-server ---
[INFO] No sources to compile
[INFO] 
[INFO] --- maven-surefire-plugin:2.21.0:test (default-test) @ static-server ---
[INFO] Tests are skipped.
[INFO] 
[INFO] --- maven-jar-plugin:2.4:jar (default-jar) @ static-server ---
[INFO] Building jar: /home/travis/build/square/okhttp/samples/static-server/target/static-server-3.12.0-SNAPSHOT.jar
[INFO] 
[INFO] --- maven-shade-plugin:2.1:shade (default) @ static-server ---
[WARNING] Map in class org.apache.maven.plugins.shade.resource.ManifestResourceTransformer declares value type as: class java.util.jar.Attributes but saw: class java.lang.String at runtime
[INFO] Including com.squareup.okhttp3:mockwebserver:jar:3.12.0-SNAPSHOT in the shaded jar.
[INFO] Including com.squareup.okhttp3:okhttp:jar:3.12.0-SNAPSHOT in the shaded jar.
[INFO] Including com.squareup.okio:okio:jar:1.15.0 in the shaded jar.
[INFO] Including junit:junit:jar:4.12 in the shaded jar.
[INFO] Including org.hamcrest:hamcrest-core:jar:1.3 in the shaded jar.
[INFO] Attaching shaded artifact.
[INFO] 
[INFO] --- maven-checkstyle-plugin:2.17:checkstyle (default) @ static-server ---
[INFO] Starting audit...
Audit done.
[WARNING] Unable to locate Source XRef to link to - DISABLED
[INFO] 
[INFO] --- maven-install-plugin:2.4:install (default-install) @ static-server ---
[INFO] Installing /home/travis/build/square/okhttp/samples/static-server/target/static-server-3.12.0-SNAPSHOT.jar to /home/travis/.m2/repository/com/squareup/okhttp3/sample/static-server/3.12.0-SNAPSHOT/static-server-3.12.0-SNAPSHOT.jar
[INFO] Installing /home/travis/build/square/okhttp/samples/static-server/pom.xml to /home/travis/.m2/repository/com/squareup/okhttp3/sample/static-server/3.12.0-SNAPSHOT/static-server-3.12.0-SNAPSHOT.pom
[INFO] Installing /home/travis/build/square/okhttp/samples/static-server/target/static-server-3.12.0-SNAPSHOT-shaded.jar to /home/travis/.m2/repository/com/squareup/okhttp3/sample/static-server/3.12.0-SNAPSHOT/static-server-3.12.0-SNAPSHOT-shaded.jar
[INFO] 
[INFO] ------------------------------------------------------------------------
[INFO] Building Sample: UNIX domain sockets 3.12.0-SNAPSHOT
[INFO] ------------------------------------------------------------------------
[INFO] 
[INFO] --- maven-enforcer-plugin:1.0:enforce (enforce-maven) @ unixdomainsockets ---
[INFO] 
[INFO] --- maven-resources-plugin:2.6:resources (default-resources) @ unixdomainsockets ---
[INFO] Using 'UTF-8' encoding to copy filtered resources.
[INFO] skip non existing resourceDirectory /home/travis/build/square/okhttp/samples/unixdomainsockets/src/main/resources
[INFO] 
[INFO] --- maven-compiler-plugin:3.7.0:compile (default-compile) @ unixdomainsockets ---
[INFO] Changes detected - recompiling the module!
[INFO] Compiling 3 source files to /home/travis/build/square/okhttp/samples/unixdomainsockets/target/classes
[INFO] 
[INFO] --- maven-resources-plugin:2.6:testResources (default-testResources) @ unixdomainsockets ---
[INFO] Using 'UTF-8' encoding to copy filtered resources.
[INFO] skip non existing resourceDirectory /home/travis/build/square/okhttp/samples/unixdomainsockets/src/test/resources
[INFO] 
[INFO] --- maven-compiler-plugin:3.7.0:testCompile (default-testCompile) @ unixdomainsockets ---
[INFO] No sources to compile
[INFO] 
[INFO] --- maven-surefire-plugin:2.21.0:test (default-test) @ unixdomainsockets ---
[INFO] Tests are skipped.
[INFO] 
[INFO] --- maven-jar-plugin:2.4:jar (default-jar) @ unixdomainsockets ---
[INFO] Building jar: /home/travis/build/square/okhttp/samples/unixdomainsockets/target/unixdomainsockets-3.12.0-SNAPSHOT.jar
[INFO] 
[INFO] --- maven-checkstyle-plugin:2.17:checkstyle (default) @ unixdomainsockets ---
[INFO] Starting audit...
Audit done.
[WARNING] Unable to locate Source XRef to link to - DISABLED
[INFO] 
[INFO] --- maven-install-plugin:2.4:install (default-install) @ unixdomainsockets ---
[INFO] Installing /home/travis/build/square/okhttp/samples/unixdomainsockets/target/unixdomainsockets-3.12.0-SNAPSHOT.jar to /home/travis/.m2/repository/com/squareup/okhttp3/sample/unixdomainsockets/3.12.0-SNAPSHOT/unixdomainsockets-3.12.0-SNAPSHOT.jar
[INFO] Installing /home/travis/build/square/okhttp/samples/unixdomainsockets/pom.xml to /home/travis/.m2/repository/com/squareup/okhttp3/sample/unixdomainsockets/3.12.0-SNAPSHOT/unixdomainsockets-3.12.0-SNAPSHOT.pom
[INFO] 
[INFO] ------------------------------------------------------------------------
[INFO] Building Benchmarks 3.12.0-SNAPSHOT
[INFO] ------------------------------------------------------------------------
[INFO] 
[INFO] --- maven-enforcer-plugin:1.0:enforce (enforce-maven) @ benchmarks ---
[INFO] 
[INFO] --- maven-resources-plugin:2.6:resources (default-resources) @ benchmarks ---
[INFO] Using 'UTF-8' encoding to copy filtered resources.
[INFO] skip non existing resourceDirectory /home/travis/build/square/okhttp/benchmarks/src/main/resources
[INFO] 
[INFO] --- maven-compiler-plugin:3.7.0:compile (default-compile) @ benchmarks ---
[INFO] Changes detected - recompiling the module!
[INFO] Compiling 9 source files to /home/travis/build/square/okhttp/benchmarks/target/classes
[INFO] 
[INFO] --- maven-resources-plugin:2.6:testResources (default-testResources) @ benchmarks ---
[INFO] Using 'UTF-8' encoding to copy filtered resources.
[INFO] skip non existing resourceDirectory /home/travis/build/square/okhttp/benchmarks/src/test/resources
[INFO] 
[INFO] --- maven-compiler-plugin:3.7.0:testCompile (default-testCompile) @ benchmarks ---
[INFO] No sources to compile
[INFO] 
[INFO] --- maven-surefire-plugin:2.21.0:test (default-test) @ benchmarks ---
[INFO] Tests are skipped.
[INFO] 
[INFO] --- maven-jar-plugin:2.4:jar (default-jar) @ benchmarks ---
[INFO] Building jar: /home/travis/build/square/okhttp/benchmarks/target/benchmarks-3.12.0-SNAPSHOT.jar
[INFO] 
[INFO] --- maven-checkstyle-plugin:2.17:checkstyle (default) @ benchmarks ---
[INFO] Starting audit...
Audit done.
[WARNING] Unable to locate Source XRef to link to - DISABLED
[INFO] 
[INFO] --- maven-install-plugin:2.4:install (default-install) @ benchmarks ---
[INFO] Installing /home/travis/build/square/okhttp/benchmarks/target/benchmarks-3.12.0-SNAPSHOT.jar to /home/travis/.m2/repository/com/squareup/okhttp3/benchmarks/3.12.0-SNAPSHOT/benchmarks-3.12.0-SNAPSHOT.jar
[INFO] Installing /home/travis/build/square/okhttp/benchmarks/pom.xml to /home/travis/.m2/repository/com/squareup/okhttp3/benchmarks/3.12.0-SNAPSHOT/benchmarks-3.12.0-SNAPSHOT.pom
[INFO] ------------------------------------------------------------------------
[INFO] Reactor Summary:
[INFO] 
[INFO] OkHttp (Parent) .................................... SUCCESS [  1.761 s]
[INFO] OkHttp ............................................. SUCCESS [ 14.503 s]
[INFO] OkHttp test support classes ........................ SUCCESS [  0.948 s]
[INFO] OkHttp Transport Layer Security (TLS) .............. SUCCESS [  1.623 s]
[INFO] MockWebServer ...................................... SUCCESS [  2.224 s]
[INFO] OkHttp URLConnection ............................... SUCCESS [  2.051 s]
[INFO] OkHttp Logging Interceptor ......................... SUCCESS [  2.715 s]
[INFO] OkHttp Tests ....................................... SUCCESS [ 12.208 s]
[INFO] OkHttp Android Platform Support .................... SUCCESS [  1.762 s]
[INFO] OkHttp Apache HttpClient ........................... SUCCESS [  1.313 s]
[INFO] OkHttp Server-Sent Events .......................... SUCCESS [  0.941 s]
[INFO] OkHttp DNS over HTTPS .............................. SUCCESS [  0.912 s]
[INFO] OkCurl ............................................. SUCCESS [  1.810 s]
[INFO] OkHttp (Bill of Materials) ......................... SUCCESS [  0.152 s]
[INFO] Samples (Parent) ................................... SUCCESS [  0.010 s]
[INFO] Sample: Guide ...................................... SUCCESS [  0.802 s]
[INFO] Sample: Crawler .................................... SUCCESS [  0.240 s]
[INFO] Sample: Simple Client .............................. SUCCESS [  0.212 s]
[INFO] Sample: Slack ...................................... SUCCESS [  0.324 s]
[INFO] Sample: Static Server .............................. SUCCESS [  0.560 s]
[INFO] Sample: UNIX domain sockets ........................ SUCCESS [  0.256 s]
[INFO] Benchmarks ......................................... SUCCESS [  0.517 s]
[INFO] ------------------------------------------------------------------------
[INFO] BUILD SUCCESS
[INFO] ------------------------------------------------------------------------
[INFO] Total time: 48.275 s
[INFO] Finished at: 2018-11-02T12:46:25Z
[INFO] Final Memory: 96M/989M
[INFO] ------------------------------------------------------------------------

travis_time:end:12676218:start=1541162735874996557,finish=1541162786022062184,duration=50147065627[0Ktravis_fold:end:install[0Ktravis_time:start:2aca049e[0K$ mvn test javadoc:jar source:jar -B
Picked up _JAVA_OPTIONS: -Xmx2048m -Xms512m
[INFO] Scanning for projects...
[INFO] ------------------------------------------------------------------------
[INFO] Reactor Build Order:
[INFO] 
[INFO] OkHttp (Parent)
[INFO] OkHttp
[INFO] OkHttp test support classes
[INFO] OkHttp Transport Layer Security (TLS)
[INFO] MockWebServer
[INFO] OkHttp URLConnection
[INFO] OkHttp Logging Interceptor
[INFO] OkHttp Tests
[INFO] OkHttp Android Platform Support
[INFO] OkHttp Apache HttpClient
[INFO] OkHttp Server-Sent Events
[INFO] OkHttp DNS over HTTPS
[INFO] OkCurl
[INFO] OkHttp (Bill of Materials)
[INFO] Samples (Parent)
[INFO] Sample: Guide
[INFO] Sample: Crawler
[INFO] Sample: Simple Client
[INFO] Sample: Slack
[INFO] Sample: Static Server
[INFO] Sample: UNIX domain sockets
[INFO] Benchmarks
[INFO] 
[INFO] ------------------------------------------------------------------------
[INFO] Building OkHttp (Parent) 3.12.0-SNAPSHOT
[INFO] ------------------------------------------------------------------------
[INFO] 
[INFO] --- maven-enforcer-plugin:1.0:enforce (enforce-maven) @ parent ---
[INFO] 
[INFO] --- animal-sniffer-maven-plugin:1.15:check (default) @ parent ---
[INFO] Checking unresolved references to org.codehaus.mojo.signature:java16:1.1
[INFO] 
[INFO] --- maven-javadoc-plugin:2.10.4:jar (default-cli) @ parent ---
[INFO] Not executing Javadoc as the project is not a Java classpath-capable package
[INFO] 
[INFO] >>> maven-source-plugin:3.0.1:jar (default-cli) > generate-sources @ parent >>>
[INFO] 
[INFO] --- maven-enforcer-plugin:1.0:enforce (enforce-maven) @ parent ---
[INFO] 
[INFO] <<< maven-source-plugin:3.0.1:jar (default-cli) < generate-sources @ parent <<<
[INFO] 
[INFO] 
[INFO] --- maven-source-plugin:3.0.1:jar (default-cli) @ parent ---
[INFO] 
[INFO] ------------------------------------------------------------------------
[INFO] Building OkHttp 3.12.0-SNAPSHOT
[INFO] ------------------------------------------------------------------------
[INFO] 
[INFO] --- maven-enforcer-plugin:1.0:enforce (enforce-maven) @ okhttp ---
[INFO] 
[INFO] --- templating-maven-plugin:1.0-alpha-3:filter-sources (default) @ okhttp ---
[INFO] Using 'UTF-8' encoding to copy filtered resources.
[INFO] Copying 1 resource
[INFO] Source directory: /home/travis/build/square/okhttp/okhttp/target/generated-sources/java-templates added.
[INFO] 
[INFO] --- maven-resources-plugin:2.6:resources (default-resources) @ okhttp ---
[INFO] Using 'UTF-8' encoding to copy filtered resources.
[INFO] Copying 2 resources
[INFO] 
[INFO] --- maven-compiler-plugin:3.7.0:compile (default-compile) @ okhttp ---
[INFO] Changes detected - recompiling the module!
[INFO] Compiling 103 source files to /home/travis/build/square/okhttp/okhttp/target/classes
[INFO] /home/travis/build/square/okhttp/okhttp/src/main/java/okhttp3/OkHttpClient.java:[-1,-1] /home/travis/build/square/okhttp/okhttp/src/main/java/okhttp3/OkHttpClient.java uses or overrides a deprecated API.
[INFO] /home/travis/build/square/okhttp/okhttp/src/main/java/okhttp3/OkHttpClient.java:[-1,-1] Recompile with -Xlint:deprecation for details.
[INFO] /home/travis/build/square/okhttp/okhttp/src/main/java/okhttp3/internal/Util.java:[-1,-1] Some input files use unchecked or unsafe operations.
[INFO] /home/travis/build/square/okhttp/okhttp/src/main/java/okhttp3/internal/Util.java:[-1,-1] Recompile with -Xlint:unchecked for details.
[INFO] 
[INFO] --- maven-resources-plugin:2.6:testResources (default-testResources) @ okhttp ---
[INFO] Using 'UTF-8' encoding to copy filtered resources.
[INFO] skip non existing resourceDirectory /home/travis/build/square/okhttp/okhttp/src/test/resources
[INFO] 
[INFO] --- maven-compiler-plugin:3.7.0:testCompile (default-testCompile) @ okhttp ---
[INFO] Nothing to compile - all classes are up to date
[INFO] 
[INFO] --- maven-surefire-plugin:2.21.0:test (default-test) @ okhttp ---
[INFO] 
[INFO] --- animal-sniffer-maven-plugin:1.15:check (default) @ okhttp ---
[INFO] Checking unresolved references to org.codehaus.mojo.signature:java16:1.1
[INFO] 
[INFO] --- maven-javadoc-plugin:2.10.4:jar (default-cli) @ okhttp ---
[INFO] 
Loading source files for package okhttp3...
Constructing Javadoc information...
Standard Doclet version 1.8.0_191
Building tree for all the packages and classes...
Generating /home/travis/build/square/okhttp/okhttp/target/apidocs/okhttp3/Address.html...
Generating /home/travis/build/square/okhttp/okhttp/target/apidocs/okhttp3/Authenticator.html...
Generating /home/travis/build/square/okhttp/okhttp/target/apidocs/okhttp3/Cache.html...
Generating /home/travis/build/square/okhttp/okhttp/target/apidocs/okhttp3/CacheControl.html...
Generating /home/travis/build/square/okhttp/okhttp/target/apidocs/okhttp3/CacheControl.Builder.html...
Generating /home/travis/build/square/okhttp/okhttp/target/apidocs/okhttp3/Call.html...
Generating /home/travis/build/square/okhttp/okhttp/target/apidocs/okhttp3/Call.Factory.html...
Generating /home/travis/build/square/okhttp/okhttp/target/apidocs/okhttp3/Callback.html...
Generating /home/travis/build/square/okhttp/okhttp/target/apidocs/okhttp3/CertificatePinner.html...
Generating /home/travis/build/square/okhttp/okhttp/target/apidocs/okhttp3/CertificatePinner.Builder.html...
Generating /home/travis/build/square/okhttp/okhttp/target/apidocs/okhttp3/Challenge.html...
Generating /home/travis/build/square/okhttp/okhttp/target/apidocs/okhttp3/CipherSuite.html...
Generating /home/travis/build/square/okhttp/okhttp/target/apidocs/okhttp3/Connection.html...
Generating /home/travis/build/square/okhttp/okhttp/target/apidocs/okhttp3/ConnectionPool.html...
Generating /home/travis/build/square/okhttp/okhttp/target/apidocs/okhttp3/ConnectionSpec.html...
Generating /home/travis/build/square/okhttp/okhttp/target/apidocs/okhttp3/ConnectionSpec.Builder.html...
Generating /home/travis/build/square/okhttp/okhttp/target/apidocs/okhttp3/Cookie.html...
Generating /home/travis/build/square/okhttp/okhttp/target/apidocs/okhttp3/Cookie.Builder.html...
Generating /home/travis/build/square/okhttp/okhttp/target/apidocs/okhttp3/CookieJar.html...
Generating /home/travis/build/square/okhttp/okhttp/target/apidocs/okhttp3/Credentials.html...
Generating /home/travis/build/square/okhttp/okhttp/target/apidocs/okhttp3/Dispatcher.html...
Generating /home/travis/build/square/okhttp/okhttp/target/apidocs/okhttp3/Dns.html...
Generating /home/travis/build/square/okhttp/okhttp/target/apidocs/okhttp3/EventListener.html...
Generating /home/travis/build/square/okhttp/okhttp/target/apidocs/okhttp3/EventListener.Factory.html...
Generating /home/travis/build/square/okhttp/okhttp/target/apidocs/okhttp3/FormBody.html...
Generating /home/travis/build/square/okhttp/okhttp/target/apidocs/okhttp3/FormBody.Builder.html...
Generating /home/travis/build/square/okhttp/okhttp/target/apidocs/okhttp3/Handshake.html...
Generating /home/travis/build/square/okhttp/okhttp/target/apidocs/okhttp3/Headers.html...
Generating /home/travis/build/square/okhttp/okhttp/target/apidocs/okhttp3/Headers.Builder.html...
Generating /home/travis/build/square/okhttp/okhttp/target/apidocs/okhttp3/HttpUrl.html...
Generating /home/travis/build/square/okhttp/okhttp/target/apidocs/okhttp3/HttpUrl.Builder.html...
Generating /home/travis/build/square/okhttp/okhttp/target/apidocs/okhttp3/Interceptor.html...
Generating /home/travis/build/square/okhttp/okhttp/target/apidocs/okhttp3/Interceptor.Chain.html...
Generating /home/travis/build/square/okhttp/okhttp/target/apidocs/okhttp3/MediaType.html...
Generating /home/travis/build/square/okhttp/okhttp/target/apidocs/okhttp3/MultipartBody.html...
Generating /home/travis/build/square/okhttp/okhttp/target/apidocs/okhttp3/MultipartBody.Builder.html...
Generating /home/travis/build/square/okhttp/okhttp/target/apidocs/okhttp3/MultipartBody.Part.html...
Generating /home/travis/build/square/okhttp/okhttp/target/apidocs/okhttp3/OkHttpClient.html...
Generating /home/travis/build/square/okhttp/okhttp/target/apidocs/okhttp3/OkHttpClient.Builder.html...
Generating /home/travis/build/square/okhttp/okhttp/target/apidocs/okhttp3/Protocol.html...
Generating /home/travis/build/square/okhttp/okhttp/target/apidocs/okhttp3/Request.html...
Generating /home/travis/build/square/okhttp/okhttp/target/apidocs/okhttp3/Request.Builder.html...
Generating /home/travis/build/square/okhttp/okhttp/target/apidocs/okhttp3/RequestBody.html...
Generating /home/travis/build/square/okhttp/okhttp/target/apidocs/okhttp3/Response.html...
Generating /home/travis/build/square/okhttp/okhttp/target/apidocs/okhttp3/Response.Builder.html...
Generating /home/travis/build/square/okhttp/okhttp/target/apidocs/okhttp3/ResponseBody.html...
Generating /home/travis/build/square/okhttp/okhttp/target/apidocs/okhttp3/Route.html...
Generating /home/travis/build/square/okhttp/okhttp/target/apidocs/okhttp3/TlsVersion.html...
Generating /home/travis/build/square/okhttp/okhttp/target/apidocs/okhttp3/WebSocket.html...
Generating /home/travis/build/square/okhttp/okhttp/target/apidocs/okhttp3/WebSocket.Factory.html...
Generating /home/travis/build/square/okhttp/okhttp/target/apidocs/okhttp3/WebSocketListener.html...
Generating /home/travis/build/square/okhttp/okhttp/target/apidocs/okhttp3/package-frame.html...
Generating /home/travis/build/square/okhttp/okhttp/target/apidocs/okhttp3/package-summary.html...
Generating /home/travis/build/square/okhttp/okhttp/target/apidocs/okhttp3/package-tree.html...
Generating /home/travis/build/square/okhttp/okhttp/target/apidocs/constant-values.html...
Generating /home/travis/build/square/okhttp/okhttp/target/apidocs/okhttp3/class-use/WebSocketListener.html...
Generating /home/travis/build/square/okhttp/okhttp/target/apidocs/okhttp3/class-use/WebSocket.html...
Generating /home/travis/build/square/okhttp/okhttp/target/apidocs/okhttp3/class-use/WebSocket.Factory.html...
Generating /home/travis/build/square/okhttp/okhttp/target/apidocs/okhttp3/class-use/TlsVersion.html...
Generating /home/travis/build/square/okhttp/okhttp/target/apidocs/okhttp3/class-use/Route.html...
Generating /home/travis/build/square/okhttp/okhttp/target/apidocs/okhttp3/class-use/ResponseBody.html...
Generating /home/travis/build/square/okhttp/okhttp/target/apidocs/okhttp3/class-use/Response.html...
Generating /home/travis/build/square/okhttp/okhttp/target/apidocs/okhttp3/class-use/Response.Builder.html...
Generating /home/travis/build/square/okhttp/okhttp/target/apidocs/okhttp3/class-use/RequestBody.html...
Generating /home/travis/build/square/okhttp/okhttp/target/apidocs/okhttp3/class-use/Request.html...
Generating /home/travis/build/square/okhttp/okhttp/target/apidocs/okhttp3/class-use/Request.Builder.html...
Generating /home/travis/build/square/okhttp/okhttp/target/apidocs/okhttp3/class-use/Protocol.html...
Generating /home/travis/build/square/okhttp/okhttp/target/apidocs/okhttp3/class-use/OkHttpClient.html...
Generating /home/travis/build/square/okhttp/okhttp/target/apidocs/okhttp3/class-use/OkHttpClient.Builder.html...
Generating /home/travis/build/square/okhttp/okhttp/target/apidocs/okhttp3/class-use/MultipartBody.html...
Generating /home/travis/build/square/okhttp/okhttp/target/apidocs/okhttp3/class-use/MultipartBody.Part.html...
Generating /home/travis/build/square/okhttp/okhttp/target/apidocs/okhttp3/class-use/MultipartBody.Builder.html...
Generating /home/travis/build/square/okhttp/okhttp/target/apidocs/okhttp3/class-use/MediaType.html...
Generating /home/travis/build/square/okhttp/okhttp/target/apidocs/okhttp3/class-use/Interceptor.html...
Generating /home/travis/build/square/okhttp/okhttp/target/apidocs/okhttp3/class-use/Interceptor.Chain.html...
Generating /home/travis/build/square/okhttp/okhttp/target/apidocs/okhttp3/class-use/HttpUrl.html...
Generating /home/travis/build/square/okhttp/okhttp/target/apidocs/okhttp3/class-use/HttpUrl.Builder.html...
Generating /home/travis/build/square/okhttp/okhttp/target/apidocs/okhttp3/class-use/Headers.html...
Generating /home/travis/build/square/okhttp/okhttp/target/apidocs/okhttp3/class-use/Headers.Builder.html...
Generating /home/travis/build/square/okhttp/okhttp/target/apidocs/okhttp3/class-use/Handshake.html...
Generating /home/travis/build/square/okhttp/okhttp/target/apidocs/okhttp3/class-use/FormBody.html...
Generating /home/travis/build/square/okhttp/okhttp/target/apidocs/okhttp3/class-use/FormBody.Builder.html...
Generating /home/travis/build/square/okhttp/okhttp/target/apidocs/okhttp3/class-use/EventListener.html...
Generating /home/travis/build/square/okhttp/okhttp/target/apidocs/okhttp3/class-use/EventListener.Factory.html...
Generating /home/travis/build/square/okhttp/okhttp/target/apidocs/okhttp3/class-use/Dns.html...
Generating /home/travis/build/square/okhttp/okhttp/target/apidocs/okhttp3/class-use/Dispatcher.html...
Generating /home/travis/build/square/okhttp/okhttp/target/apidocs/okhttp3/class-use/Credentials.html...
Generating /home/travis/build/square/okhttp/okhttp/target/apidocs/okhttp3/class-use/CookieJar.html...
Generating /home/travis/build/square/okhttp/okhttp/target/apidocs/okhttp3/class-use/Cookie.html...
Generating /home/travis/build/square/okhttp/okhttp/target/apidocs/okhttp3/class-use/Cookie.Builder.html...
Generating /home/travis/build/square/okhttp/okhttp/target/apidocs/okhttp3/class-use/ConnectionSpec.html...
Generating /home/travis/build/square/okhttp/okhttp/target/apidocs/okhttp3/class-use/ConnectionSpec.Builder.html...
Generating /home/travis/build/square/okhttp/okhttp/target/apidocs/okhttp3/class-use/ConnectionPool.html...
Generating /home/travis/build/square/okhttp/okhttp/target/apidocs/okhttp3/class-use/Connection.html...
Generating /home/travis/build/square/okhttp/okhttp/target/apidocs/okhttp3/class-use/CipherSuite.html...
Generating /home/travis/build/square/okhttp/okhttp/target/apidocs/okhttp3/class-use/Challenge.html...
Generating /home/travis/build/square/okhttp/okhttp/target/apidocs/okhttp3/class-use/CertificatePinner.html...
Generating /home/travis/build/square/okhttp/okhttp/target/apidocs/okhttp3/class-use/CertificatePinner.Builder.html...
Generating /home/travis/build/square/okhttp/okhttp/target/apidocs/okhttp3/class-use/Callback.html...
Generating /home/travis/build/square/okhttp/okhttp/target/apidocs/okhttp3/class-use/Call.html...
Generating /home/travis/build/square/okhttp/okhttp/target/apidocs/okhttp3/class-use/Call.Factory.html...
Generating /home/travis/build/square/okhttp/okhttp/target/apidocs/okhttp3/class-use/CacheControl.html...
Generating /home/travis/build/square/okhttp/okhttp/target/apidocs/okhttp3/class-use/CacheControl.Builder.html...
Generating /home/travis/build/square/okhttp/okhttp/target/apidocs/okhttp3/class-use/Cache.html...
Generating /home/travis/build/square/okhttp/okhttp/target/apidocs/okhttp3/class-use/Authenticator.html...
Generating /home/travis/build/square/okhttp/okhttp/target/apidocs/okhttp3/class-use/Address.html...
Generating /home/travis/build/square/okhttp/okhttp/target/apidocs/okhttp3/package-use.html...
Building index for all the packages and classes...
Generating /home/travis/build/square/okhttp/okhttp/target/apidocs/overview-tree.html...
Generating /home/travis/build/square/okhttp/okhttp/target/apidocs/index-all.html...
Generating /home/travis/build/square/okhttp/okhttp/target/apidocs/deprecated-list.html...
Building index for all classes...
Generating /home/travis/build/square/okhttp/okhttp/target/apidocs/allclasses-frame.html...
Generating /home/travis/build/square/okhttp/okhttp/target/apidocs/allclasses-noframe.html...
Generating /home/travis/build/square/okhttp/okhttp/target/apidocs/index.html...
Generating /home/travis/build/square/okhttp/okhttp/target/apidocs/help-doc.html...
100 warnings
[WARNING] Javadoc Warnings
[WARNING] Picked up _JAVA_OPTIONS: -Xmx2048m -Xms512m
[WARNING] javadoc: warning - Error fetching URL: http://square.github.io/okio/
[WARNING] /home/travis/build/square/okhttp/okhttp/src/main/java/okhttp3/Address.java:92: warning: no @return
[WARNING] public HttpUrl url() {
[WARNING] ^
[WARNING] /home/travis/build/square/okhttp/okhttp/src/main/java/okhttp3/Address.java:97: warning: no @return
[WARNING] public Dns dns() {
[WARNING] ^
[WARNING] /home/travis/build/square/okhttp/okhttp/src/main/java/okhttp3/Address.java:102: warning: no @return
[WARNING] public SocketFactory socketFactory() {
[WARNING] ^
[WARNING] /home/travis/build/square/okhttp/okhttp/src/main/java/okhttp3/Address.java:107: warning: no @return
[WARNING] public Authenticator proxyAuthenticator() {
[WARNING] ^
[WARNING] /home/travis/build/square/okhttp/okhttp/src/main/java/okhttp3/Address.java:115: warning: no @return
[WARNING] public List<Protocol> protocols() {
[WARNING] ^
[WARNING] /home/travis/build/square/okhttp/okhttp/src/main/java/okhttp3/Address.java:127: warning: no @return
[WARNING] public ProxySelector proxySelector() {
[WARNING] ^
[WARNING] /home/travis/build/square/okhttp/okhttp/src/main/java/okhttp3/Address.java:135: warning: no @return
[WARNING] public @Nullable Proxy proxy() {
[WARNING] ^
[WARNING] /home/travis/build/square/okhttp/okhttp/src/main/java/okhttp3/Address.java:140: warning: no @return
[WARNING] public @Nullable SSLSocketFactory sslSocketFactory() {
[WARNING] ^
[WARNING] /home/travis/build/square/okhttp/okhttp/src/main/java/okhttp3/Address.java:145: warning: no @return
[WARNING] public @Nullable HostnameVerifier hostnameVerifier() {
[WARNING] ^
[WARNING] /home/travis/build/square/okhttp/okhttp/src/main/java/okhttp3/Address.java:150: warning: no @return
[WARNING] public @Nullable CertificatePinner certificatePinner() {
[WARNING] ^
[WARNING] /home/travis/build/square/okhttp/okhttp/src/main/java/okhttp3/Authenticator.java:81: warning: no @return
[WARNING] @Nullable Request authenticate(@Nullable Route route, Response response) throws IOException;
[WARNING] ^
[WARNING] /home/travis/build/square/okhttp/okhttp/src/main/java/okhttp3/Authenticator.java:81: warning: no @throws for java.io.IOException
[WARNING] @Nullable Request authenticate(@Nullable Route route, Response response) throws IOException;
[WARNING] ^
[WARNING] /home/travis/build/square/okhttp/okhttp/src/main/java/okhttp3/Cache.java:298: warning: no @throws for java.io.IOException
[WARNING] public void initialize() throws IOException {
[WARNING] ^
[WARNING] /home/travis/build/square/okhttp/okhttp/src/main/java/okhttp3/Cache.java:306: warning: no @throws for java.io.IOException
[WARNING] public void delete() throws IOException {
[WARNING] ^
[WARNING] /home/travis/build/square/okhttp/okhttp/src/main/java/okhttp3/Cache.java:314: warning: no @throws for java.io.IOException
[WARNING] public void evictAll() throws IOException {
[WARNING] ^
[WARNING] /home/travis/build/square/okhttp/okhttp/src/main/java/okhttp3/Cache.java:327: warning: no @return
[WARNING] public Iterator<String> urls() throws IOException {
[WARNING] ^
[WARNING] /home/travis/build/square/okhttp/okhttp/src/main/java/okhttp3/Cache.java:327: warning: no @throws for java.io.IOException
[WARNING] public Iterator<String> urls() throws IOException {
[WARNING] ^
[WARNING] /home/travis/build/square/okhttp/okhttp/src/main/java/okhttp3/CacheControl.java:86: warning: no @return
[WARNING] public boolean noCache() {
[WARNING] ^
[WARNING] /home/travis/build/square/okhttp/okhttp/src/main/java/okhttp3/CacheControl.java:91: warning: no @return
[WARNING] public boolean noStore() {
[WARNING] ^
[WARNING] /home/travis/build/square/okhttp/okhttp/src/main/java/okhttp3/CacheControl.java:98: warning: no @return
[WARNING] public int maxAgeSeconds() {
[WARNING] ^
[WARNING] /home/travis/build/square/okhttp/okhttp/src/main/java/okhttp3/CacheControl.java:106: warning: no @return
[WARNING] public int sMaxAgeSeconds() {
[WARNING] ^
[WARNING] /home/travis/build/square/okhttp/okhttp/src/main/java/okhttp3/CacheControl.java:136: warning: no @return
[WARNING] public boolean onlyIfCached() {
[WARNING] ^
[WARNING] /home/travis/build/square/okhttp/okhttp/src/main/java/okhttp3/CacheControl.java:152: warning: no @param for headers
[WARNING] public static CacheControl parse(Headers headers) {
[WARNING] ^
[WARNING] /home/travis/build/square/okhttp/okhttp/src/main/java/okhttp3/CacheControl.java:152: warning: no @return
[WARNING] public static CacheControl parse(Headers headers) {
[WARNING] ^
[WARNING] /home/travis/build/square/okhttp/okhttp/src/main/java/okhttp3/CacheControl.java:289: warning: no @return
[WARNING] public Builder noCache() {
[WARNING] ^
[WARNING] /home/travis/build/square/okhttp/okhttp/src/main/java/okhttp3/CacheControl.java:295: warning: no @return
[WARNING] public Builder noStore() {
[WARNING] ^
[WARNING] /home/travis/build/square/okhttp/okhttp/src/main/java/okhttp3/CacheControl.java:307: warning: no @param for timeUnit
[WARNING] public Builder maxAge(int maxAge, TimeUnit timeUnit) {
[WARNING] ^
[WARNING] /home/travis/build/square/okhttp/okhttp/src/main/java/okhttp3/CacheControl.java:307: warning: no @return
[WARNING] public Builder maxAge(int maxAge, TimeUnit timeUnit) {
[WARNING] ^
[WARNING] /home/travis/build/square/okhttp/okhttp/src/main/java/okhttp3/CacheControl.java:323: warning: no @param for timeUnit
[WARNING] public Builder maxStale(int maxStale, TimeUnit timeUnit) {
[WARNING] ^
[WARNING] /home/travis/build/square/okhttp/okhttp/src/main/java/okhttp3/CacheControl.java:323: warning: no @return
[WARNING] public Builder maxStale(int maxStale, TimeUnit timeUnit) {
[WARNING] ^
[WARNING] /home/travis/build/square/okhttp/okhttp/src/main/java/okhttp3/CacheControl.java:340: warning: no @param for timeUnit
[WARNING] public Builder minFresh(int minFresh, TimeUnit timeUnit) {
[WARNING] ^
[WARNING] /home/travis/build/square/okhttp/okhttp/src/main/java/okhttp3/CacheControl.java:340: warning: no @return
[WARNING] public Builder minFresh(int minFresh, TimeUnit timeUnit) {
[WARNING] ^
[WARNING] /home/travis/build/square/okhttp/okhttp/src/main/java/okhttp3/CacheControl.java:353: warning: no @return
[WARNING] public Builder onlyIfCached() {
[WARNING] ^
[WARNING] /home/travis/build/square/okhttp/okhttp/src/main/java/okhttp3/CacheControl.java:359: warning: no @return
[WARNING] public Builder noTransform() {
[WARNING] ^
[WARNING] /home/travis/build/square/okhttp/okhttp/src/main/java/okhttp3/Call.java:26: warning: no @return
[WARNING] Request request();
[WARNING] ^
[WARNING] /home/travis/build/square/okhttp/okhttp/src/main/java/okhttp3/Call.java:57: warning: no @return
[WARNING] Response execute() throws IOException;
[WARNING] ^
[WARNING] /home/travis/build/square/okhttp/okhttp/src/main/java/okhttp3/Call.java:70: warning: no @param for responseCallback
[WARNING] void enqueue(Callback responseCallback);
[WARNING] ^
[WARNING] /home/travis/build/square/okhttp/okhttp/src/main/java/okhttp3/Call.java:79: warning: no @return
[WARNING] boolean isExecuted();
[WARNING] ^
[WARNING] /home/travis/build/square/okhttp/okhttp/src/main/java/okhttp3/Call.java:87: warning: no @return
[WARNING] Call clone();
[WARNING] ^
[WARNING] /home/travis/build/square/okhttp/okhttp/src/main/java/okhttp3/Callback.java:26: warning: no @param for call
[WARNING] void onFailure(Call call, IOException e);
[WARNING] ^
[WARNING] /home/travis/build/square/okhttp/okhttp/src/main/java/okhttp3/Callback.java:26: warning: no @param for e
[WARNING] void onFailure(Call call, IOException e);
[WARNING] ^
[WARNING] /home/travis/build/square/okhttp/okhttp/src/main/java/okhttp3/Callback.java:38: warning: no @param for call
[WARNING] void onResponse(Call call, Response response) throws IOException;
[WARNING] ^
[WARNING] /home/travis/build/square/okhttp/okhttp/src/main/java/okhttp3/Callback.java:38: warning: no @param for response
[WARNING] void onResponse(Call call, Response response) throws IOException;
[WARNING] ^
[WARNING] /home/travis/build/square/okhttp/okhttp/src/main/java/okhttp3/Callback.java:38: warning: no @throws for java.io.IOException
[WARNING] void onResponse(Call call, Response response) throws IOException;
[WARNING] ^
[WARNING] /home/travis/build/square/okhttp/okhttp/src/main/java/okhttp3/CertificatePinner.java:160: warning: no @param for hostname
[WARNING] public void check(String hostname, List<Certificate> peerCertificates)
[WARNING] ^
[WARNING] /home/travis/build/square/okhttp/okhttp/src/main/java/okhttp3/CertificatePinner.java:160: warning: no @param for peerCertificates
[WARNING] public void check(String hostname, List<Certificate> peerCertificates)
[WARNING] ^
[WARNING] /home/travis/build/square/okhttp/okhttp/src/main/java/okhttp3/CertificatePinner.java:208: warning: no @param for hostname
[WARNING] public void check(String hostname, Certificate... peerCertificates)
[WARNING] ^
[WARNING] /home/travis/build/square/okhttp/okhttp/src/main/java/okhttp3/CertificatePinner.java:208: warning: no @param for peerCertificates
[WARNING] public void check(String hostname, Certificate... peerCertificates)
[WARNING] ^
[WARNING] /home/travis/build/square/okhttp/okhttp/src/main/java/okhttp3/CertificatePinner.java:208: warning: no @throws for javax.net.ssl.SSLPeerUnverifiedException
[WARNING] public void check(String hostname, Certificate... peerCertificates)
[WARNING] ^
[WARNING] /home/travis/build/square/okhttp/okhttp/src/main/java/okhttp3/CertificatePinner.java:242: warning: no @param for certificate
[WARNING] public static String pin(Certificate certificate) {
[WARNING] ^
[WARNING] /home/travis/build/square/okhttp/okhttp/src/main/java/okhttp3/CertificatePinner.java:242: warning: no @return
[WARNING] public static String pin(Certificate certificate) {
[WARNING] ^
[WARNING] /home/travis/build/square/okhttp/okhttp/src/main/java/okhttp3/CertificatePinner.java:330: warning: no @return
[WARNING] public Builder add(String pattern, String... pins) {
[WARNING] ^
[WARNING] /home/travis/build/square/okhttp/okhttp/src/main/java/okhttp3/Challenge.java:54: warning: no @param for charset
[WARNING] public Challenge withCharset(Charset charset) {
[WARNING] ^
[WARNING] /home/travis/build/square/okhttp/okhttp/src/main/java/okhttp3/Challenge.java:54: warning: no @return
[WARNING] public Challenge withCharset(Charset charset) {
[WARNING] ^
[WARNING] /home/travis/build/square/okhttp/okhttp/src/main/java/okhttp3/Challenge.java:62: warning: no @return
[WARNING] public String scheme() {
[WARNING] ^
[WARNING] /home/travis/build/square/okhttp/okhttp/src/main/java/okhttp3/Challenge.java:71: warning: no @return
[WARNING] public Map<String, String> authParams() {
[WARNING] ^
[WARNING] /home/travis/build/square/okhttp/okhttp/src/main/java/okhttp3/Challenge.java:76: warning: no @return
[WARNING] public String realm() {
[WARNING] ^
[WARNING] /home/travis/build/square/okhttp/okhttp/src/main/java/okhttp3/Challenge.java:81: warning: no @return
[WARNING] public Charset charset() {
[WARNING] ^
[WARNING] /home/travis/build/square/okhttp/okhttp/src/main/java/okhttp3/CipherSuite.java:411: warning: no @return
[WARNING] public static synchronized CipherSuite forJavaName(String javaName) {
[WARNING] ^
[WARNING] /home/travis/build/square/okhttp/okhttp/src/main/java/okhttp3/CipherSuite.java:450: warning: no @return
[WARNING] public String javaName() {
[WARNING] ^
[WARNING] /home/travis/build/square/okhttp/okhttp/src/main/java/okhttp3/Connection.java:73: warning: no @return
[WARNING] Route route();
[WARNING] ^
[WARNING] /home/travis/build/square/okhttp/okhttp/src/main/java/okhttp3/Connection.java:80: warning: no @return
[WARNING] Socket socket();
[WARNING] ^
[WARNING] /home/travis/build/square/okhttp/okhttp/src/main/java/okhttp3/Connection.java:86: warning: no @return
[WARNING] @Nullable Handshake handshake();
[WARNING] ^
[WARNING] /home/travis/build/square/okhttp/okhttp/src/main/java/okhttp3/Connection.java:93: warning: no @return
[WARNING] Protocol protocol();
[WARNING] ^
[WARNING] /home/travis/build/square/okhttp/okhttp/src/main/java/okhttp3/ConnectionPool.java:100: warning: no @return
[WARNING] public synchronized int idleConnectionCount() {
[WARNING] ^
[WARNING] /home/travis/build/square/okhttp/okhttp/src/main/java/okhttp3/ConnectionPool.java:114: warning: no @return
[WARNING] public synchronized int connectionCount() {
[WARNING] ^
[WARNING] /home/travis/build/square/okhttp/okhttp/src/main/java/okhttp3/ConnectionSpec.java:134: warning: no @return
[WARNING] public @Nullable List<CipherSuite> cipherSuites() {
[WARNING] ^
[WARNING] /home/travis/build/square/okhttp/okhttp/src/main/java/okhttp3/ConnectionSpec.java:142: warning: no @return
[WARNING] public @Nullable List<TlsVersion> tlsVersions() {
[WARNING] ^
[WARNING] /home/travis/build/square/okhttp/okhttp/src/main/java/okhttp3/ConnectionSpec.java:201: warning: no @param for socket
[WARNING] public boolean isCompatible(SSLSocket socket) {
[WARNING] ^
[WARNING] /home/travis/build/square/okhttp/okhttp/src/main/java/okhttp3/ConnectionSpec.java:201: warning: no @return
[WARNING] public boolean isCompatible(SSLSocket socket) {
[WARNING] ^
[WARNING] /home/travis/build/square/okhttp/okhttp/src/main/java/okhttp3/Cookie.java:97: warning: no @return
[WARNING] public String name() {
[WARNING] ^
[WARNING] /home/travis/build/square/okhttp/okhttp/src/main/java/okhttp3/Cookie.java:102: warning: no @return
[WARNING] public String value() {
[WARNING] ^
[WARNING] /home/travis/build/square/okhttp/okhttp/src/main/java/okhttp3/Cookie.java:107: warning: no @return
[WARNING] public boolean persistent() {
[WARNING] ^
[WARNING] /home/travis/build/square/okhttp/okhttp/src/main/java/okhttp3/Cookie.java:120: warning: no @return
[WARNING] public long expiresAt() {
[WARNING] ^
[WARNING] /home/travis/build/square/okhttp/okhttp/src/main/java/okhttp3/Cookie.java:134: warning: no @return
[WARNING] public boolean hostOnly() {
[WARNING] ^
[WARNING] /home/travis/build/square/okhttp/okhttp/src/main/java/okhttp3/Cookie.java:142: warning: no @return
[WARNING] public String domain() {
[WARNING] ^
[WARNING] /home/travis/build/square/okhttp/okhttp/src/main/java/okhttp3/Cookie.java:151: warning: no @return
[WARNING] public String path() {
[WARNING] ^
[WARNING] /home/travis/build/square/okhttp/okhttp/src/main/java/okhttp3/Cookie.java:159: warning: no @return
[WARNING] public boolean httpOnly() {
[WARNING] ^
[WARNING] /home/travis/build/square/okhttp/okhttp/src/main/java/okhttp3/Cookie.java:164: warning: no @return
[WARNING] public boolean secure() {
[WARNING] ^
[WARNING] /home/travis/build/square/okhttp/okhttp/src/main/java/okhttp3/Cookie.java:172: warning: no @param for url
[WARNING] public boolean matches(HttpUrl url) {
[WARNING] ^
[WARNING] /home/travis/build/square/okhttp/okhttp/src/main/java/okhttp3/Cookie.java:172: warning: no @return
[WARNING] public boolean matches(HttpUrl url) {
[WARNING] ^
[WARNING] /home/travis/build/square/okhttp/okhttp/src/main/java/okhttp3/Cookie.java:218: warning: no @param for url
[WARNING] public static @Nullable Cookie parse(HttpUrl url, String setCookie) {
[WARNING] ^
[WARNING] /home/travis/build/square/okhttp/okhttp/src/main/java/okhttp3/Cookie.java:218: warning: no @param for setCookie
[WARNING] public static @Nullable Cookie parse(HttpUrl url, String setCookie) {
[WARNING] ^
[WARNING] /home/travis/build/square/okhttp/okhttp/src/main/java/okhttp3/Cookie.java:218: warning: no @return
[WARNING] public static @Nullable Cookie parse(HttpUrl url, String setCookie) {
[WARNING] ^
[WARNING] /home/travis/build/square/okhttp/okhttp/src/main/java/okhttp3/Cookie.java:440: warning: no @param for url
[WARNING] public static List<Cookie> parseAll(HttpUrl url, Headers headers) {
[WARNING] ^
[WARNING] /home/travis/build/square/okhttp/okhttp/src/main/java/okhttp3/Cookie.java:440: warning: no @param for headers
[WARNING] public static List<Cookie> parseAll(HttpUrl url, Headers headers) {
[WARNING] ^
[WARNING] /home/travis/build/square/okhttp/okhttp/src/main/java/okhttp3/Cookie.java:440: warning: no @return
[WARNING] public static List<Cookie> parseAll(HttpUrl url, Headers headers) {
[WARNING] ^
[WARNING] /home/travis/build/square/okhttp/okhttp/src/main/java/okhttp3/Cookie.java:497: warning: no @param for domain
[WARNING] public Builder domain(String domain) {
[WARNING] ^
[WARNING] /home/travis/build/square/okhttp/okhttp/src/main/java/okhttp3/Cookie.java:497: warning: no @return
[WARNING] public Builder domain(String domain) {
[WARNING] ^
[WARNING] /home/travis/build/square/okhttp/okhttp/src/main/java/okhttp3/Cookie.java:505: warning: no @param for domain
[WARNING] public Builder hostOnlyDomain(String domain) {
[WARNING] ^
[WARNING] /home/travis/build/square/okhttp/okhttp/src/main/java/okhttp3/Cookie.java:505: warning: no @return
[WARNING] public Builder hostOnlyDomain(String domain) {
[WARNING] ^
[WARNING] /home/travis/build/square/okhttp/okhttp/src/main/java/okhttp3/CookieJar.java:52: warning: no @param for url
[WARNING] void saveFromResponse(HttpUrl url, List<Cookie> cookies);
[WARNING] ^
[WARNING] /home/travis/build/square/okhttp/okhttp/src/main/java/okhttp3/CookieJar.java:52: warning: no @param for cookies
[WARNING] void saveFromResponse(HttpUrl url, List<Cookie> cookies);
[WARNING] ^
[WARNING] /home/travis/build/square/okhttp/okhttp/src/main/java/okhttp3/CookieJar.java:61: warning: no @param for url
[WARNING] List<Cookie> loadForRequest(HttpUrl url);
[WARNING] ^
[WARNING] /home/travis/build/square/okhttp/okhttp/src/main/java/okhttp3/CookieJar.java:61: warning: no @return
[WARNING] List<Cookie> loadForRequest(HttpUrl url);
[WARNING] ^
[WARNING] /home/travis/build/square/okhttp/okhttp/src/main/java/okhttp3/Credentials.java:29: warning: no @param for username
[WARNING] public static String basic(String username, String password) {
[WARNING] ^
[WARNING] /home/travis/build/square/okhttp/okhttp/src/main/java/okhttp3/Credentials.java:29: warning: no @param for password
[WARNING] public static String basic(String username, String password) {
[WARNING] ^
[WARNING] /home/travis/build/square/okhttp/okhttp/src/main/java/okhttp3/Credentials.java:29: warning: no @return
[WARNING] public static String basic(String username, String password) {
[WARNING] ^
[WARNING] /home/travis/build/square/okhttp/okhttp/src/main/java/okhttp3/Dispatcher.java:78: warning: no @param for maxRequests
[WARNING] public synchronized void setMaxRequests(int maxRequests) {
[WARNING] ^
[INFO] Building jar: /home/travis/build/square/okhttp/okhttp/target/okhttp-3.12.0-SNAPSHOT-javadoc.jar
[INFO] 
[INFO] >>> maven-source-plugin:3.0.1:jar (default-cli) > generate-sources @ okhttp >>>
[INFO] 
[INFO] --- maven-enforcer-plugin:1.0:enforce (enforce-maven) @ okhttp ---
[INFO] 
[INFO] --- templating-maven-plugin:1.0-alpha-3:filter-sources (default) @ okhttp ---
[INFO] Using 'UTF-8' encoding to copy filtered resources.
[INFO] Copying 1 resource
[INFO] Source directory: /home/travis/build/square/okhttp/okhttp/target/generated-sources/java-templates added.
[INFO] 
[INFO] <<< maven-source-plugin:3.0.1:jar (default-cli) < generate-sources @ okhttp <<<
[INFO] 
[INFO] 
[INFO] --- maven-source-plugin:3.0.1:jar (default-cli) @ okhttp ---
[INFO] Building jar: /home/travis/build/square/okhttp/okhttp/target/okhttp-3.12.0-SNAPSHOT-sources.jar
[INFO] 
[INFO] ------------------------------------------------------------------------
[INFO] Building OkHttp test support classes 3.12.0-SNAPSHOT
[INFO] ------------------------------------------------------------------------
[INFO] 
[INFO] --- maven-enforcer-plugin:1.0:enforce (enforce-maven) @ okhttp-testing-support ---
[INFO] 
[INFO] --- maven-resources-plugin:2.6:resources (default-resources) @ okhttp-testing-support ---
[INFO] Using 'UTF-8' encoding to copy filtered resources.
[INFO] skip non existing resourceDirectory /home/travis/build/square/okhttp/okhttp-testing-support/src/main/resources
[INFO] 
[INFO] --- maven-compiler-plugin:3.7.0:compile (default-compile) @ okhttp-testing-support ---
[INFO] Nothing to compile - all classes are up to date
[INFO] 
[INFO] --- maven-resources-plugin:2.6:testResources (default-testResources) @ okhttp-testing-support ---
[INFO] Using 'UTF-8' encoding to copy filtered resources.
[INFO] skip non existing resourceDirectory /home/travis/build/square/okhttp/okhttp-testing-support/src/test/resources
[INFO] 
[INFO] --- maven-compiler-plugin:3.7.0:testCompile (default-testCompile) @ okhttp-testing-support ---
[INFO] No sources to compile
[INFO] 
[INFO] --- maven-surefire-plugin:2.21.0:test (default-test) @ okhttp-testing-support ---
[INFO] No tests to run.
[INFO] 
[INFO] --- animal-sniffer-maven-plugin:1.15:check (default) @ okhttp-testing-support ---
[INFO] Checking unresolved references to org.codehaus.mojo.signature:java16:1.1
[INFO] 
[INFO] --- maven-javadoc-plugin:2.10.4:jar (default-cli) @ okhttp-testing-support ---
[INFO] 
Loading source files for package okhttp3...
Loading source files for package okhttp3.internal.io...
Loading source files for package okhttp3.testing...
Constructing Javadoc information...
Standard Doclet version 1.8.0_191
Building tree for all the packages and classes...
Generating /home/travis/build/square/okhttp/okhttp-testing-support/target/apidocs/okhttp3/FakeDns.html...
Generating /home/travis/build/square/okhttp/okhttp-testing-support/target/apidocs/okhttp3/FakeProxySelector.html...
Generating /home/travis/build/square/okhttp/okhttp-testing-support/target/apidocs/okhttp3/FakeSSLSession.html...
Generating /home/travis/build/square/okhttp/okhttp-testing-support/target/apidocs/okhttp3/RecordingCookieJar.html...
Generating /home/travis/build/square/okhttp/okhttp-testing-support/target/apidocs/okhttp3/RecordingHostnameVerifier.html...
Generating /home/travis/build/square/okhttp/okhttp-testing-support/target/apidocs/okhttp3/internal/io/InMemoryFileSystem.html...
Generating /home/travis/build/square/okhttp/okhttp-testing-support/target/apidocs/okhttp3/testing/InstallUncaughtExceptionHandlerListener.html...
Generating /home/travis/build/square/okhttp/okhttp-testing-support/target/apidocs/overview-frame.html...
Generating /home/travis/build/square/okhttp/okhttp-testing-support/target/apidocs/okhttp3/package-frame.html...
Generating /home/travis/build/square/okhttp/okhttp-testing-support/target/apidocs/okhttp3/package-summary.html...
Generating /home/travis/build/square/okhttp/okhttp-testing-support/target/apidocs/okhttp3/package-tree.html...
Generating /home/travis/build/square/okhttp/okhttp-testing-support/target/apidocs/okhttp3/internal/io/package-frame.html...
Generating /home/travis/build/square/okhttp/okhttp-testing-support/target/apidocs/okhttp3/internal/io/package-summary.html...
Generating /home/travis/build/square/okhttp/okhttp-testing-support/target/apidocs/okhttp3/internal/io/package-tree.html...
Generating /home/travis/build/square/okhttp/okhttp-testing-support/target/apidocs/okhttp3/testing/package-frame.html...
Generating /home/travis/build/square/okhttp/okhttp-testing-support/target/apidocs/okhttp3/testing/package-summary.html...
Generating /home/travis/build/square/okhttp/okhttp-testing-support/target/apidocs/okhttp3/testing/package-tree.html...
Generating /home/travis/build/square/okhttp/okhttp-testing-support/target/apidocs/constant-values.html...
Generating /home/travis/build/square/okhttp/okhttp-testing-support/target/apidocs/okhttp3/class-use/RecordingHostnameVerifier.html...
Generating /home/travis/build/square/okhttp/okhttp-testing-support/target/apidocs/okhttp3/class-use/RecordingCookieJar.html...
Generating /home/travis/build/square/okhttp/okhttp-testing-support/target/apidocs/okhttp3/class-use/FakeSSLSession.html...
Generating /home/travis/build/square/okhttp/okhttp-testing-support/target/apidocs/okhttp3/class-use/FakeProxySelector.html...
Generating /home/travis/build/square/okhttp/okhttp-testing-support/target/apidocs/okhttp3/class-use/FakeDns.html...
Generating /home/travis/build/square/okhttp/okhttp-testing-support/target/apidocs/okhttp3/internal/io/class-use/InMemoryFileSystem.html...
Generating /home/travis/build/square/okhttp/okhttp-testing-support/target/apidocs/okhttp3/testing/class-use/InstallUncaughtExceptionHandlerListener.html...
Generating /home/travis/build/square/okhttp/okhttp-testing-support/target/apidocs/okhttp3/package-use.html...
Generating /home/travis/build/square/okhttp/okhttp-testing-support/target/apidocs/okhttp3/internal/io/package-use.html...
Generating /home/travis/build/square/okhttp/okhttp-testing-support/target/apidocs/okhttp3/testing/package-use.html...
Building index for all the packages and classes...
Generating /home/travis/build/square/okhttp/okhttp-testing-support/target/apidocs/overview-tree.html...
Generating /home/travis/build/square/okhttp/okhttp-testing-support/target/apidocs/index-all.html...
Generating /home/travis/build/square/okhttp/okhttp-testing-support/target/apidocs/deprecated-list.html...
Building index for all classes...
Generating /home/travis/build/square/okhttp/okhttp-testing-support/target/apidocs/allclasses-frame.html...
Generating /home/travis/build/square/okhttp/okhttp-testing-support/target/apidocs/allclasses-noframe.html...
Generating /home/travis/build/square/okhttp/okhttp-testing-support/target/apidocs/index.html...
Generating /home/travis/build/square/okhttp/okhttp-testing-support/target/apidocs/overview-summary.html...
Generating /home/travis/build/square/okhttp/okhttp-testing-support/target/apidocs/help-doc.html...
7 warnings
[WARNING] Javadoc Warnings
[WARNING] Picked up _JAVA_OPTIONS: -Xmx2048m -Xms512m
[WARNING] /home/travis/build/square/okhttp/okhttp-testing-support/src/main/java/okhttp3/FakeDns.java:34: warning: no @param for hostname
[WARNING] public FakeDns set(String hostname, List<InetAddress> addresses) {
[WARNING] ^
[WARNING] /home/travis/build/square/okhttp/okhttp-testing-support/src/main/java/okhttp3/FakeDns.java:34: warning: no @param for addresses
[WARNING] public FakeDns set(String hostname, List<InetAddress> addresses) {
[WARNING] ^
[WARNING] /home/travis/build/square/okhttp/okhttp-testing-support/src/main/java/okhttp3/FakeDns.java:34: warning: no @return
[WARNING] public FakeDns set(String hostname, List<InetAddress> addresses) {
[WARNING] ^
[WARNING] /home/travis/build/square/okhttp/okhttp-testing-support/src/main/java/okhttp3/FakeDns.java:40: warning: no @param for hostname
[WARNING] public FakeDns clear(String hostname) {
[WARNING] ^
[WARNING] /home/travis/build/square/okhttp/okhttp-testing-support/src/main/java/okhttp3/FakeDns.java:40: warning: no @return
[WARNING] public FakeDns clear(String hostname) {
[WARNING] ^
[WARNING] /home/travis/build/square/okhttp/okhttp-testing-support/src/main/java/okhttp3/FakeDns.java:64: warning: no @param for count
[WARNING] public List<InetAddress> allocate(int count) {
[WARNING] ^
[WARNING] /home/travis/build/square/okhttp/okhttp-testing-support/src/main/java/okhttp3/FakeDns.java:64: warning: no @return
[WARNING] public List<InetAddress> allocate(int count) {
[WARNING] ^
[INFO] Building jar: /home/travis/build/square/okhttp/okhttp-testing-support/target/okhttp-testing-support-3.12.0-SNAPSHOT-javadoc.jar
[INFO] 
[INFO] >>> maven-source-plugin:3.0.1:jar (default-cli) > generate-sources @ okhttp-testing-support >>>
[INFO] 
[INFO] --- maven-enforcer-plugin:1.0:enforce (enforce-maven) @ okhttp-testing-support ---
[INFO] 
[INFO] <<< maven-source-plugin:3.0.1:jar (default-cli) < generate-sources @ okhttp-testing-support <<<
[INFO] 
[INFO] 
[INFO] --- maven-source-plugin:3.0.1:jar (default-cli) @ okhttp-testing-support ---
[INFO] Building jar: /home/travis/build/square/okhttp/okhttp-testing-support/target/okhttp-testing-support-3.12.0-SNAPSHOT-sources.jar
[INFO] 
[INFO] ------------------------------------------------------------------------
[INFO] Building OkHttp Transport Layer Security (TLS) 3.12.0-SNAPSHOT
[INFO] ------------------------------------------------------------------------
[INFO] 
[INFO] --- maven-enforcer-plugin:1.0:enforce (enforce-maven) @ okhttp-tls ---
[INFO] 
[INFO] --- maven-resources-plugin:2.6:resources (default-resources) @ okhttp-tls ---
[INFO] Using 'UTF-8' encoding to copy filtered resources.
[INFO] skip non existing resourceDirectory /home/travis/build/square/okhttp/okhttp-tls/src/main/resources
[INFO] 
[INFO] --- maven-compiler-plugin:3.7.0:compile (default-compile) @ okhttp-tls ---
[INFO] Nothing to compile - all classes are up to date
[INFO] 
[INFO] --- maven-resources-plugin:2.6:testResources (default-testResources) @ okhttp-tls ---
[INFO] Using 'UTF-8' encoding to copy filtered resources.
[INFO] skip non existing resourceDirectory /home/travis/build/square/okhttp/okhttp-tls/src/test/resources
[INFO] 
[INFO] --- maven-compiler-plugin:3.7.0:testCompile (default-testCompile) @ okhttp-tls ---
[INFO] Nothing to compile - all classes are up to date
[INFO] 
[INFO] --- maven-surefire-plugin:2.21.0:test (default-test) @ okhttp-tls ---
[INFO] 
[INFO] -------------------------------------------------------
[INFO]  T E S T S
[INFO] -------------------------------------------------------
[INFO] Running okhttp3.tls.HandshakeCertificatesTest
[INFO] Tests run: 3, Failures: 0, Errors: 0, Skipped: 0, Time elapsed: 1.452 s - in okhttp3.tls.HandshakeCertificatesTest
[INFO] Running okhttp3.tls.HeldCertificateTest
[INFO] Tests run: 9, Failures: 0, Errors: 0, Skipped: 0, Time elapsed: 0.86 s - in okhttp3.tls.HeldCertificateTest
[INFO] 
[INFO] Results:
[INFO] 
[INFO] Tests run: 12, Failures: 0, Errors: 0, Skipped: 0
[INFO] 
[INFO] 
[INFO] --- animal-sniffer-maven-plugin:1.15:check (default) @ okhttp-tls ---
[INFO] Checking unresolved references to org.codehaus.mojo.signature:java16:1.1
[INFO] 
[INFO] --- maven-javadoc-plugin:2.10.4:jar (default-cli) @ okhttp-tls ---
[INFO] 
Loading source files for package okhttp3.tls...
Loading source files for package okhttp3.tls.internal...
Constructing Javadoc information...
Standard Doclet version 1.8.0_191
Building tree for all the packages and classes...
Generating /home/travis/build/square/okhttp/okhttp-tls/target/apidocs/okhttp3/tls/HandshakeCertificates.html...
Generating /home/travis/build/square/okhttp/okhttp-tls/target/apidocs/okhttp3/tls/HandshakeCertificates.Builder.html...
Generating /home/travis/build/square/okhttp/okhttp-tls/target/apidocs/okhttp3/tls/HeldCertificate.html...
Generating /home/travis/build/square/okhttp/okhttp-tls/target/apidocs/okhttp3/tls/HeldCertificate.Builder.html...
Generating /home/travis/build/square/okhttp/okhttp-tls/target/apidocs/okhttp3/tls/internal/TlsUtil.html...
Generating /home/travis/build/square/okhttp/okhttp-tls/target/apidocs/overview-frame.html...
Generating /home/travis/build/square/okhttp/okhttp-tls/target/apidocs/okhttp3/tls/package-frame.html...
Generating /home/travis/build/square/okhttp/okhttp-tls/target/apidocs/okhttp3/tls/package-summary.html...
Generating /home/travis/build/square/okhttp/okhttp-tls/target/apidocs/okhttp3/tls/package-tree.html...
Generating /home/travis/build/square/okhttp/okhttp-tls/target/apidocs/okhttp3/tls/internal/package-frame.html...
Generating /home/travis/build/square/okhttp/okhttp-tls/target/apidocs/okhttp3/tls/internal/package-summary.html...
Generating /home/travis/build/square/okhttp/okhttp-tls/target/apidocs/okhttp3/tls/internal/package-tree.html...
Generating /home/travis/build/square/okhttp/okhttp-tls/target/apidocs/constant-values.html...
Generating /home/travis/build/square/okhttp/okhttp-tls/target/apidocs/okhttp3/tls/class-use/HeldCertificate.html...
Generating /home/travis/build/square/okhttp/okhttp-tls/target/apidocs/okhttp3/tls/class-use/HeldCertificate.Builder.html...
Generating /home/travis/build/square/okhttp/okhttp-tls/target/apidocs/okhttp3/tls/class-use/HandshakeCertificates.html...
Generating /home/travis/build/square/okhttp/okhttp-tls/target/apidocs/okhttp3/tls/class-use/HandshakeCertificates.Builder.html...
Generating /home/travis/build/square/okhttp/okhttp-tls/target/apidocs/okhttp3/tls/internal/class-use/TlsUtil.html...
Generating /home/travis/build/square/okhttp/okhttp-tls/target/apidocs/okhttp3/tls/package-use.html...
Generating /home/travis/build/square/okhttp/okhttp-tls/target/apidocs/okhttp3/tls/internal/package-use.html...
Building index for all the packages and classes...
Generating /home/travis/build/square/okhttp/okhttp-tls/target/apidocs/overview-tree.html...
Generating /home/travis/build/square/okhttp/okhttp-tls/target/apidocs/index-all.html...
Generating /home/travis/build/square/okhttp/okhttp-tls/target/apidocs/deprecated-list.html...
Building index for all classes...
Generating /home/travis/build/square/okhttp/okhttp-tls/target/apidocs/allclasses-frame.html...
Generating /home/travis/build/square/okhttp/okhttp-tls/target/apidocs/allclasses-noframe.html...
Generating /home/travis/build/square/okhttp/okhttp-tls/target/apidocs/index.html...
Generating /home/travis/build/square/okhttp/okhttp-tls/target/apidocs/overview-summary.html...
Generating /home/travis/build/square/okhttp/okhttp-tls/target/apidocs/help-doc.html...
47 warnings
[WARNING] Javadoc Warnings
[WARNING] Picked up _JAVA_OPTIONS: -Xmx2048m -Xms512m
[WARNING] javadoc: warning - Error fetching URL: http://square.github.io/okhttp/javadoc/
[WARNING] /home/travis/build/square/okhttp/okhttp-tls/src/main/java/okhttp3/tls/HandshakeCertificates.java:128: warning: no @param for heldCertificate
[WARNING] public Builder heldCertificate(HeldCertificate heldCertificate,
[WARNING] ^
[WARNING] /home/travis/build/square/okhttp/okhttp-tls/src/main/java/okhttp3/tls/HandshakeCertificates.java:128: warning: no @param for intermediates
[WARNING] public Builder heldCertificate(HeldCertificate heldCertificate,
[WARNING] ^
[WARNING] /home/travis/build/square/okhttp/okhttp-tls/src/main/java/okhttp3/tls/HandshakeCertificates.java:128: warning: no @return
[WARNING] public Builder heldCertificate(HeldCertificate heldCertificate,
[WARNING] ^
[WARNING] /home/travis/build/square/okhttp/okhttp-tls/src/main/java/okhttp3/tls/HandshakeCertificates.java:139: warning: no @param for certificate
[WARNING] public Builder addTrustedCertificate(X509Certificate certificate) {
[WARNING] ^
[WARNING] /home/travis/build/square/okhttp/okhttp-tls/src/main/java/okhttp3/tls/HandshakeCertificates.java:139: warning: no @return
[WARNING] public Builder addTrustedCertificate(X509Certificate certificate) {
[WARNING] ^
[WARNING] /home/travis/build/square/okhttp/okhttp-tls/src/main/java/okhttp3/tls/HandshakeCertificates.java:156: warning: no @return
[WARNING] public Builder addPlatformTrustedCertificates() {
[WARNING] ^
[WARNING] /home/travis/build/square/okhttp/okhttp-tls/src/main/java/okhttp3/tls/HeldCertificate.java:142: warning: no @return
[WARNING] public String certificatePem() {
[WARNING] ^
[WARNING] /home/travis/build/square/okhttp/okhttp-tls/src/main/java/okhttp3/tls/HeldCertificate.java:158: warning: no @return
[WARNING] public String privateKeyPkcs8Pem() {
[WARNING] ^
[WARNING] /home/travis/build/square/okhttp/okhttp-tls/src/main/java/okhttp3/tls/HeldCertificate.java:170: warning: no @return
[WARNING] public String privateKeyPkcs1Pem() {
[WARNING] ^
[WARNING] /home/travis/build/square/okhttp/okhttp-tls/src/main/java/okhttp3/tls/HeldCertificate.java:226: warning: no @param for notBefore
[WARNING] public Builder validityInterval(long notBefore, long notAfter) {
[WARNING] ^
[WARNING] /home/travis/build/square/okhttp/okhttp-tls/src/main/java/okhttp3/tls/HeldCertificate.java:226: warning: no @param for notAfter
[WARNING] public Builder validityInterval(long notBefore, long notAfter) {
[WARNING] ^
[WARNING] /home/travis/build/square/okhttp/okhttp-tls/src/main/java/okhttp3/tls/HeldCertificate.java:226: warning: no @return
[WARNING] public Builder validityInterval(long notBefore, long notAfter) {
[WARNING] ^
[WARNING] /home/travis/build/square/okhttp/okhttp-tls/src/main/java/okhttp3/tls/HeldCertificate.java:239: warning: no @param for duration
[WARNING] public Builder duration(long duration, TimeUnit unit) {
[WARNING] ^
[WARNING] /home/travis/build/square/okhttp/okhttp-tls/src/main/java/okhttp3/tls/HeldCertificate.java:239: warning: no @param for unit
[WARNING] public Builder duration(long duration, TimeUnit unit) {
[WARNING] ^
[WARNING] /home/travis/build/square/okhttp/okhttp-tls/src/main/java/okhttp3/tls/HeldCertificate.java:239: warning: no @return
[WARNING] public Builder duration(long duration, TimeUnit unit) {
[WARNING] ^
[WARNING] /home/travis/build/square/okhttp/okhttp-tls/src/main/java/okhttp3/tls/HeldCertificate.java:249: warning: no @param for altName
[WARNING] public Builder addSubjectAlternativeName(String altName) {
[WARNING] ^
[WARNING] /home/travis/build/square/okhttp/okhttp-tls/src/main/java/okhttp3/tls/HeldCertificate.java:249: warning: no @return
[WARNING] public Builder addSubjectAlternativeName(String altName) {
[WARNING] ^
[WARNING] /home/travis/build/square/okhttp/okhttp-tls/src/main/java/okhttp3/tls/HeldCertificate.java:262: warning: no @param for cn
[WARNING] public Builder commonName(String cn) {
[WARNING] ^
[WARNING] /home/travis/build/square/okhttp/okhttp-tls/src/main/java/okhttp3/tls/HeldCertificate.java:262: warning: no @return
[WARNING] public Builder commonName(String cn) {
[WARNING] ^
[WARNING] /home/travis/build/square/okhttp/okhttp-tls/src/main/java/okhttp3/tls/HeldCertificate.java:268: warning: no @param for ou
[WARNING] public Builder organizationalUnit(String ou) {
[WARNING] ^
[WARNING] /home/travis/build/square/okhttp/okhttp-tls/src/main/java/okhttp3/tls/HeldCertificate.java:268: warning: no @return
[WARNING] public Builder organizationalUnit(String ou) {
[WARNING] ^
[WARNING] /home/travis/build/square/okhttp/okhttp-tls/src/main/java/okhttp3/tls/HeldCertificate.java:274: warning: no @param for serialNumber
[WARNING] public Builder serialNumber(BigInteger serialNumber) {
[WARNING] ^
[WARNING] /home/travis/build/square/okhttp/okhttp-tls/src/main/java/okhttp3/tls/HeldCertificate.java:274: warning: no @return
[WARNING] public Builder serialNumber(BigInteger serialNumber) {
[WARNING] ^
[WARNING] /home/travis/build/square/okhttp/okhttp-tls/src/main/java/okhttp3/tls/HeldCertificate.java:280: warning: no @param for serialNumber
[WARNING] public Builder serialNumber(long serialNumber) {
[WARNING] ^
[WARNING] /home/travis/build/square/okhttp/okhttp-tls/src/main/java/okhttp3/tls/HeldCertificate.java:280: warning: no @return
[WARNING] public Builder serialNumber(long serialNumber) {
[WARNING] ^
[WARNING] /home/travis/build/square/okhttp/okhttp-tls/src/main/java/okhttp3/tls/HeldCertificate.java:288: warning: no @param for keyPair
[WARNING] public Builder keyPair(KeyPair keyPair) {
[WARNING] ^
[WARNING] /home/travis/build/square/okhttp/okhttp-tls/src/main/java/okhttp3/tls/HeldCertificate.java:288: warning: no @return
[WARNING] public Builder keyPair(KeyPair keyPair) {
[WARNING] ^
[WARNING] /home/travis/build/square/okhttp/okhttp-tls/src/main/java/okhttp3/tls/HeldCertificate.java:297: warning: no @param for publicKey
[WARNING] public Builder keyPair(PublicKey publicKey, PrivateKey privateKey) {
[WARNING] ^
[WARNING] /home/travis/build/square/okhttp/okhttp-tls/src/main/java/okhttp3/tls/HeldCertificate.java:297: warning: no @param for privateKey
[WARNING] public Builder keyPair(PublicKey publicKey, PrivateKey privateKey) {
[WARNING] ^
[WARNING] /home/travis/build/square/okhttp/okhttp-tls/src/main/java/okhttp3/tls/HeldCertificate.java:297: warning: no @return
[WARNING] public Builder keyPair(PublicKey publicKey, PrivateKey privateKey) {
[WARNING] ^
[WARNING] /home/travis/build/square/okhttp/okhttp-tls/src/main/java/okhttp3/tls/HeldCertificate.java:305: warning: no @param for signedBy
[WARNING] public Builder signedBy(HeldCertificate signedBy) {
[WARNING] ^
[WARNING] /home/travis/build/square/okhttp/okhttp-tls/src/main/java/okhttp3/tls/HeldCertificate.java:305: warning: no @return
[WARNING] public Builder signedBy(HeldCertificate signedBy) {
[WARNING] ^
[WARNING] /home/travis/build/square/okhttp/okhttp-tls/src/main/java/okhttp3/tls/HeldCertificate.java:319: warning: no @param for maxIntermediateCas
[WARNING] public Builder certificateAuthority(int maxIntermediateCas) {
[WARNING] ^
[WARNING] /home/travis/build/square/okhttp/okhttp-tls/src/main/java/okhttp3/tls/HeldCertificate.java:319: warning: no @return
[WARNING] public Builder certificateAuthority(int maxIntermediateCas) {
[WARNING] ^
[WARNING] /home/travis/build/square/okhttp/okhttp-tls/src/main/java/okhttp3/tls/HeldCertificate.java:334: warning: no @return
[WARNING] public Builder ecdsa256() {
[WARNING] ^
[WARNING] /home/travis/build/square/okhttp/okhttp-tls/src/main/java/okhttp3/tls/HeldCertificate.java:344: warning: no @return
[WARNING] public Builder rsa2048() {
[WARNING] ^
[WARNING] /home/travis/build/square/okhttp/okhttp-tls/src/main/java/okhttp3/tls/internal/TlsUtil.java:45: warning: no @return
[WARNING] public static synchronized HandshakeCertificates localhost() {
[WARNING] ^
[WARNING] /home/travis/build/square/okhttp/okhttp-tls/src/main/java/okhttp3/tls/internal/TlsUtil.java:67: warning: no @param for keyStoreType
[WARNING] public static X509TrustManager newTrustManager(String keyStoreType,
[WARNING] ^
[WARNING] /home/travis/build/square/okhttp/okhttp-tls/src/main/java/okhttp3/tls/internal/TlsUtil.java:67: warning: no @param for trustedCertificates
[WARNING] public static X509TrustManager newTrustManager(String keyStoreType,
[WARNING] ^
[WARNING] /home/travis/build/square/okhttp/okhttp-tls/src/main/java/okhttp3/tls/internal/TlsUtil.java:67: warning: no @return
[WARNING] public static X509TrustManager newTrustManager(String keyStoreType,
[WARNING] ^
[WARNING] /home/travis/build/square/okhttp/okhttp-tls/src/main/java/okhttp3/tls/internal/TlsUtil.java:67: warning: no @throws for java.security.GeneralSecurityException
[WARNING] public static X509TrustManager newTrustManager(String keyStoreType,
[WARNING] ^
[WARNING] /home/travis/build/square/okhttp/okhttp-tls/src/main/java/okhttp3/tls/internal/TlsUtil.java:87: warning: no @param for keyStoreType
[WARNING] public static X509KeyManager newKeyManager(String keyStoreType, HeldCertificate heldCertificate,
[WARNING] ^
[WARNING] /home/travis/build/square/okhttp/okhttp-tls/src/main/java/okhttp3/tls/internal/TlsUtil.java:87: warning: no @param for heldCertificate
[WARNING] public static X509KeyManager newKeyManager(String keyStoreType, HeldCertificate heldCertificate,
[WARNING] ^
[WARNING] /home/travis/build/square/okhttp/okhttp-tls/src/main/java/okhttp3/tls/internal/TlsUtil.java:87: warning: no @param for intermediates
[WARNING] public static X509KeyManager newKeyManager(String keyStoreType, HeldCertificate heldCertificate,
[WARNING] ^
[WARNING] /home/travis/build/square/okhttp/okhttp-tls/src/main/java/okhttp3/tls/internal/TlsUtil.java:87: warning: no @return
[WARNING] public static X509KeyManager newKeyManager(String keyStoreType, HeldCertificate heldCertificate,
[WARNING] ^
[WARNING] /home/travis/build/square/okhttp/okhttp-tls/src/main/java/okhttp3/tls/internal/TlsUtil.java:87: warning: no @throws for java.security.GeneralSecurityException
[WARNING] public static X509KeyManager newKeyManager(String keyStoreType, HeldCertificate heldCertificate,
[WARNING] ^
[INFO] Building jar: /home/travis/build/square/okhttp/okhttp-tls/target/okhttp-tls-3.12.0-SNAPSHOT-javadoc.jar
[INFO] 
[INFO] >>> maven-source-plugin:3.0.1:jar (default-cli) > generate-sources @ okhttp-tls >>>
[INFO] 
[INFO] --- maven-enforcer-plugin:1.0:enforce (enforce-maven) @ okhttp-tls ---
[INFO] 
[INFO] <<< maven-source-plugin:3.0.1:jar (default-cli) < generate-sources @ okhttp-tls <<<
[INFO] 
[INFO] 
[INFO] --- maven-source-plugin:3.0.1:jar (default-cli) @ okhttp-tls ---
[INFO] Building jar: /home/travis/build/square/okhttp/okhttp-tls/target/okhttp-tls-3.12.0-SNAPSHOT-sources.jar
[INFO] 
[INFO] ------------------------------------------------------------------------
[INFO] Building MockWebServer 3.12.0-SNAPSHOT
[INFO] ------------------------------------------------------------------------
[INFO] 
[INFO] --- maven-enforcer-plugin:1.0:enforce (enforce-maven) @ mockwebserver ---
[INFO] 
[INFO] --- maven-resources-plugin:2.6:resources (default-resources) @ mockwebserver ---
[INFO] Using 'UTF-8' encoding to copy filtered resources.
[INFO] skip non existing resourceDirectory /home/travis/build/square/okhttp/mockwebserver/src/main/resources
[INFO] 
[INFO] --- maven-compiler-plugin:3.7.0:compile (default-compile) @ mockwebserver ---
[INFO] Nothing to compile - all classes are up to date
[INFO] 
[INFO] --- maven-resources-plugin:2.6:testResources (default-testResources) @ mockwebserver ---
[INFO] Using 'UTF-8' encoding to copy filtered resources.
[INFO] skip non existing resourceDirectory /home/travis/build/square/okhttp/mockwebserver/src/test/resources
[INFO] 
[INFO] --- maven-compiler-plugin:3.7.0:testCompile (default-testCompile) @ mockwebserver ---
[INFO] Nothing to compile - all classes are up to date
[INFO] 
[INFO] --- maven-surefire-plugin:2.21.0:test (default-test) @ mockwebserver ---
[INFO] 
[INFO] -------------------------------------------------------
[INFO]  T E S T S
[INFO] -------------------------------------------------------
[INFO] Running okhttp3.mockwebserver.MockWebServerTest
[INFO] Tests run: 35, Failures: 0, Errors: 0, Skipped: 0, Time elapsed: 11.028 s - in okhttp3.mockwebserver.MockWebServerTest
[INFO] Running okhttp3.mockwebserver.CustomDispatcherTest
[INFO] Tests run: 2, Failures: 0, Errors: 0, Skipped: 0, Time elapsed: 0.054 s - in okhttp3.mockwebserver.CustomDispatcherTest
[INFO] Running okhttp3.mockwebserver.RecordedRequestTest
[INFO] Tests run: 3, Failures: 0, Errors: 0, Skipped: 0, Time elapsed: 0 s - in okhttp3.mockwebserver.RecordedRequestTest
[INFO] 
[INFO] Results:
[INFO] 
[INFO] Tests run: 40, Failures: 0, Errors: 0, Skipped: 0
[INFO] 
[INFO] 
[INFO] --- animal-sniffer-maven-plugin:1.15:check (default) @ mockwebserver ---
[INFO] Checking unresolved references to org.codehaus.mojo.signature:java16:1.1
[INFO] 
[INFO] --- maven-javadoc-plugin:2.10.4:jar (default-cli) @ mockwebserver ---
[INFO] 
Loading source files for package okhttp3.mockwebserver...
Constructing Javadoc information...
Standard Doclet version 1.8.0_191
Building tree for all the packages and classes...
Generating /home/travis/build/square/okhttp/mockwebserver/target/apidocs/okhttp3/mockwebserver/Dispatcher.html...
Generating /home/travis/build/square/okhttp/mockwebserver/target/apidocs/okhttp3/mockwebserver/MockResponse.html...
Generating /home/travis/build/square/okhttp/mockwebserver/target/apidocs/okhttp3/mockwebserver/MockWebServer.html...
Generating /home/travis/build/square/okhttp/mockwebserver/target/apidocs/okhttp3/mockwebserver/PushPromise.html...
Generating /home/travis/build/square/okhttp/mockwebserver/target/apidocs/okhttp3/mockwebserver/QueueDispatcher.html...
Generating /home/travis/build/square/okhttp/mockwebserver/target/apidocs/okhttp3/mockwebserver/RecordedRequest.html...
Generating /home/travis/build/square/okhttp/mockwebserver/target/apidocs/okhttp3/mockwebserver/SocketPolicy.html...
Generating /home/travis/build/square/okhttp/mockwebserver/target/apidocs/okhttp3/mockwebserver/package-frame.html...
Generating /home/travis/build/square/okhttp/mockwebserver/target/apidocs/okhttp3/mockwebserver/package-summary.html...
Generating /home/travis/build/square/okhttp/mockwebserver/target/apidocs/okhttp3/mockwebserver/package-tree.html...
Generating /home/travis/build/square/okhttp/mockwebserver/target/apidocs/constant-values.html...
Generating /home/travis/build/square/okhttp/mockwebserver/target/apidocs/okhttp3/mockwebserver/class-use/SocketPolicy.html...
Generating /home/travis/build/square/okhttp/mockwebserver/target/apidocs/okhttp3/mockwebserver/class-use/RecordedRequest.html...
Generating /home/travis/build/square/okhttp/mockwebserver/target/apidocs/okhttp3/mockwebserver/class-use/QueueDispatcher.html...
Generating /home/travis/build/square/okhttp/mockwebserver/target/apidocs/okhttp3/mockwebserver/class-use/PushPromise.html...
Generating /home/travis/build/square/okhttp/mockwebserver/target/apidocs/okhttp3/mockwebserver/class-use/MockWebServer.html...
Generating /home/travis/build/square/okhttp/mockwebserver/target/apidocs/okhttp3/mockwebserver/class-use/MockResponse.html...
Generating /home/travis/build/square/okhttp/mockwebserver/target/apidocs/okhttp3/mockwebserver/class-use/Dispatcher.html...
Generating /home/travis/build/square/okhttp/mockwebserver/target/apidocs/okhttp3/mockwebserver/package-use.html...
Building index for all the packages and classes...
Generating /home/travis/build/square/okhttp/mockwebserver/target/apidocs/overview-tree.html...
Generating /home/travis/build/square/okhttp/mockwebserver/target/apidocs/index-all.html...
Generating /home/travis/build/square/okhttp/mockwebserver/target/apidocs/deprecated-list.html...
Building index for all classes...
Generating /home/travis/build/square/okhttp/mockwebserver/target/apidocs/allclasses-frame.html...
Generating /home/travis/build/square/okhttp/mockwebserver/target/apidocs/allclasses-noframe.html...
Generating /home/travis/build/square/okhttp/mockwebserver/target/apidocs/index.html...
Generating /home/travis/build/square/okhttp/mockwebserver/target/apidocs/help-doc.html...
71 warnings
[WARNING] Javadoc Warnings
[WARNING] Picked up _JAVA_OPTIONS: -Xmx2048m -Xms512m
[WARNING] javadoc: warning - Error fetching URL: http://square.github.io/okhttp/javadoc/
[WARNING] javadoc: warning - Error fetching URL: http://square.github.io/okio/
[WARNING] /home/travis/build/square/okhttp/mockwebserver/src/main/java/okhttp3/mockwebserver/Dispatcher.java:24: warning: no @param for request
[WARNING] public abstract MockResponse dispatch(RecordedRequest request) throws InterruptedException;
[WARNING] ^
[WARNING] /home/travis/build/square/okhttp/mockwebserver/src/main/java/okhttp3/mockwebserver/Dispatcher.java:24: warning: no @return
[WARNING] public abstract MockResponse dispatch(RecordedRequest request) throws InterruptedException;
[WARNING] ^
[WARNING] /home/travis/build/square/okhttp/mockwebserver/src/main/java/okhttp3/mockwebserver/Dispatcher.java:24: warning: no @throws for java.lang.InterruptedException
[WARNING] public abstract MockResponse dispatch(RecordedRequest request) throws InterruptedException;
[WARNING] ^
[WARNING] /home/travis/build/square/okhttp/mockwebserver/src/main/java/okhttp3/mockwebserver/Dispatcher.java:32: warning: no @return
[WARNING] public MockResponse peek() {
[WARNING] ^
[WARNING] /home/travis/build/square/okhttp/mockwebserver/src/main/java/okhttp3/mockwebserver/MockResponse.java:71: warning: no @return
[WARNING] public String getStatus() {
[WARNING] ^
[WARNING] /home/travis/build/square/okhttp/mockwebserver/src/main/java/okhttp3/mockwebserver/MockResponse.java:97: warning: no @return
[WARNING] public Headers getHeaders() {
[WARNING] ^
[WARNING] /home/travis/build/square/okhttp/mockwebserver/src/main/java/okhttp3/mockwebserver/MockResponse.java:105: warning: no @return
[WARNING] public MockResponse clearHeaders() {
[WARNING] ^
[WARNING] /home/travis/build/square/okhttp/mockwebserver/src/main/java/okhttp3/mockwebserver/MockResponse.java:114: warning: no @param for header
[WARNING] public MockResponse addHeader(String header) {
[WARNING] ^
[WARNING] /home/travis/build/square/okhttp/mockwebserver/src/main/java/okhttp3/mockwebserver/MockResponse.java:114: warning: no @return
[WARNING] public MockResponse addHeader(String header) {
[WARNING] ^
[WARNING] /home/travis/build/square/okhttp/mockwebserver/src/main/java/okhttp3/mockwebserver/MockResponse.java:123: warning: no @param for name
[WARNING] public MockResponse addHeader(String name, Object value) {
[WARNING] ^
[WARNING] /home/travis/build/square/okhttp/mockwebserver/src/main/java/okhttp3/mockwebserver/MockResponse.java:123: warning: no @param for value
[WARNING] public MockResponse addHeader(String name, Object value) {
[WARNING] ^
[WARNING] /home/travis/build/square/okhttp/mockwebserver/src/main/java/okhttp3/mockwebserver/MockResponse.java:123: warning: no @return
[WARNING] public MockResponse addHeader(String name, Object value) {
[WARNING] ^
[WARNING] /home/travis/build/square/okhttp/mockwebserver/src/main/java/okhttp3/mockwebserver/MockResponse.java:133: warning: no @param for name
[WARNING] public MockResponse addHeaderLenient(String name, Object value) {
[WARNING] ^
[WARNING] /home/travis/build/square/okhttp/mockwebserver/src/main/java/okhttp3/mockwebserver/MockResponse.java:133: warning: no @param for value
[WARNING] public MockResponse addHeaderLenient(String name, Object value) {
[WARNING] ^
[WARNING] /home/travis/build/square/okhttp/mockwebserver/src/main/java/okhttp3/mockwebserver/MockResponse.java:133: warning: no @return
[WARNING] public MockResponse addHeaderLenient(String name, Object value) {
[WARNING] ^
[WARNING] /home/travis/build/square/okhttp/mockwebserver/src/main/java/okhttp3/mockwebserver/MockResponse.java:141: warning: no @param for name
[WARNING] public MockResponse setHeader(String name, Object value) {
[WARNING] ^
[WARNING] /home/travis/build/square/okhttp/mockwebserver/src/main/java/okhttp3/mockwebserver/MockResponse.java:141: warning: no @param for value
[WARNING] public MockResponse setHeader(String name, Object value) {
[WARNING] ^
[WARNING] /home/travis/build/square/okhttp/mockwebserver/src/main/java/okhttp3/mockwebserver/MockResponse.java:141: warning: no @return
[WARNING] public MockResponse setHeader(String name, Object value) {
[WARNING] ^
[WARNING] /home/travis/build/square/okhttp/mockwebserver/src/main/java/okhttp3/mockwebserver/MockResponse.java:147: warning: no @param for headers
[WARNING] public MockResponse setHeaders(Headers headers) {
[WARNING] ^
[WARNING] /home/travis/build/square/okhttp/mockwebserver/src/main/java/okhttp3/mockwebserver/MockResponse.java:147: warning: no @return
[WARNING] public MockResponse setHeaders(Headers headers) {
[WARNING] ^
[WARNING] /home/travis/build/square/okhttp/mockwebserver/src/main/java/okhttp3/mockwebserver/MockResponse.java:153: warning: no @param for name
[WARNING] public MockResponse removeHeader(String name) {
[WARNING] ^
[WARNING] /home/travis/build/square/okhttp/mockwebserver/src/main/java/okhttp3/mockwebserver/MockResponse.java:153: warning: no @return
[WARNING] public MockResponse removeHeader(String name) {
[WARNING] ^
[WARNING] /home/travis/build/square/okhttp/mockwebserver/src/main/java/okhttp3/mockwebserver/MockResponse.java:159: warning: no @return
[WARNING] public Buffer getBody() {
[WARNING] ^
[WARNING] /home/travis/build/square/okhttp/mockwebserver/src/main/java/okhttp3/mockwebserver/MockResponse.java:170: warning: no @param for body
[WARNING] public MockResponse setBody(String body) {
[WARNING] ^
[WARNING] /home/travis/build/square/okhttp/mockwebserver/src/main/java/okhttp3/mockwebserver/MockResponse.java:170: warning: no @return
[WARNING] public MockResponse setBody(String body) {
[WARNING] ^
[WARNING] /home/travis/build/square/okhttp/mockwebserver/src/main/java/okhttp3/mockwebserver/MockResponse.java:177: warning: no @param for body
[WARNING] public MockResponse setChunkedBody(Buffer body, int maxChunkSize) {
[WARNING] ^
[WARNING] /home/travis/build/square/okhttp/mockwebserver/src/main/java/okhttp3/mockwebserver/MockResponse.java:177: warning: no @param for maxChunkSize
[WARNING] public MockResponse setChunkedBody(Buffer body, int maxChunkSize) {
[WARNING] ^
[WARNING] /home/travis/build/square/okhttp/mockwebserver/src/main/java/okhttp3/mockwebserver/MockResponse.java:177: warning: no @return
[WARNING] public MockResponse setChunkedBody(Buffer body, int maxChunkSize) {
[WARNING] ^
[WARNING] /home/travis/build/square/okhttp/mockwebserver/src/main/java/okhttp3/mockwebserver/MockResponse.java:199: warning: no @param for body
[WARNING] public MockResponse setChunkedBody(String body, int maxChunkSize) {
[WARNING] ^
[WARNING] /home/travis/build/square/okhttp/mockwebserver/src/main/java/okhttp3/mockwebserver/MockResponse.java:199: warning: no @param for maxChunkSize
[WARNING] public MockResponse setChunkedBody(String body, int maxChunkSize) {
[WARNING] ^
[WARNING] /home/travis/build/square/okhttp/mockwebserver/src/main/java/okhttp3/mockwebserver/MockResponse.java:199: warning: no @return
[WARNING] public MockResponse setChunkedBody(String body, int maxChunkSize) {
[WARNING] ^
[WARNING] /home/travis/build/square/okhttp/mockwebserver/src/main/java/okhttp3/mockwebserver/MockResponse.java:221: warning: no @param for http2ErrorCode
[WARNING] public MockResponse setHttp2ErrorCode(int http2ErrorCode) {
[WARNING] ^
[WARNING] /home/travis/build/square/okhttp/mockwebserver/src/main/java/okhttp3/mockwebserver/MockResponse.java:221: warning: no @return
[WARNING] public MockResponse setHttp2ErrorCode(int http2ErrorCode) {
[WARNING] ^
[WARNING] /home/travis/build/square/okhttp/mockwebserver/src/main/java/okhttp3/mockwebserver/MockResponse.java:230: warning: no @param for bytesPerPeriod
[WARNING] public MockResponse throttleBody(long bytesPerPeriod, long period, TimeUnit unit) {
[WARNING] ^
[WARNING] /home/travis/build/square/okhttp/mockwebserver/src/main/java/okhttp3/mockwebserver/MockResponse.java:230: warning: no @param for period
[WARNING] public MockResponse throttleBody(long bytesPerPeriod, long period, TimeUnit unit) {
[WARNING] ^
[WARNING] /home/travis/build/square/okhttp/mockwebserver/src/main/java/okhttp3/mockwebserver/MockResponse.java:230: warning: no @param for unit
[WARNING] public MockResponse throttleBody(long bytesPerPeriod, long period, TimeUnit unit) {
[WARNING] ^
[WARNING] /home/travis/build/square/okhttp/mockwebserver/src/main/java/okhttp3/mockwebserver/MockResponse.java:230: warning: no @return
[WARNING] public MockResponse throttleBody(long bytesPerPeriod, long period, TimeUnit unit) {
[WARNING] ^
[WARNING] /home/travis/build/square/okhttp/mockwebserver/src/main/java/okhttp3/mockwebserver/MockResponse.java:249: warning: no @param for delay
[WARNING] public MockResponse setBodyDelay(long delay, TimeUnit unit) {
[WARNING] ^
[WARNING] /home/travis/build/square/okhttp/mockwebserver/src/main/java/okhttp3/mockwebserver/MockResponse.java:249: warning: no @param for unit
[WARNING] public MockResponse setBodyDelay(long delay, TimeUnit unit) {
[WARNING] ^
[WARNING] /home/travis/build/square/okhttp/mockwebserver/src/main/java/okhttp3/mockwebserver/MockResponse.java:249: warning: no @return
[WARNING] public MockResponse setBodyDelay(long delay, TimeUnit unit) {
[WARNING] ^
[WARNING] /home/travis/build/square/okhttp/mockwebserver/src/main/java/okhttp3/mockwebserver/MockResponse.java:273: warning: no @param for promise
[WARNING] public MockResponse withPush(PushPromise promise) {
[WARNING] ^
[WARNING] /home/travis/build/square/okhttp/mockwebserver/src/main/java/okhttp3/mockwebserver/MockResponse.java:273: warning: no @return
[WARNING] public MockResponse withPush(PushPromise promise) {
[WARNING] ^
[WARNING] /home/travis/build/square/okhttp/mockwebserver/src/main/java/okhttp3/mockwebserver/MockResponse.java:279: warning: no @return
[WARNING] public List<PushPromise> getPushPromises() {
[WARNING] ^
[WARNING] /home/travis/build/square/okhttp/mockwebserver/src/main/java/okhttp3/mockwebserver/MockResponse.java:287: warning: no @param for settings
[WARNING] public MockResponse withSettings(Settings settings) {
[WARNING] ^
[WARNING] /home/travis/build/square/okhttp/mockwebserver/src/main/java/okhttp3/mockwebserver/MockResponse.java:287: warning: no @return
[WARNING] public MockResponse withSettings(Settings settings) {
[WARNING] ^
[WARNING] /home/travis/build/square/okhttp/mockwebserver/src/main/java/okhttp3/mockwebserver/MockResponse.java:300: warning: no @param for listener
[WARNING] public MockResponse withWebSocketUpgrade(WebSocketListener listener) {
[WARNING] ^
[WARNING] /home/travis/build/square/okhttp/mockwebserver/src/main/java/okhttp3/mockwebserver/MockResponse.java:300: warning: no @return
[WARNING] public MockResponse withWebSocketUpgrade(WebSocketListener listener) {
[WARNING] ^
[WARNING] /home/travis/build/square/okhttp/mockwebserver/src/main/java/okhttp3/mockwebserver/MockWebServer.java:189: warning: no @return
[WARNING] public HttpUrl url(String path) {
[WARNING] ^
[WARNING] /home/travis/build/square/okhttp/mockwebserver/src/main/java/okhttp3/mockwebserver/MockWebServer.java:201: warning: no @param for maxBodyLength
[WARNING] public void setBodyLimit(long maxBodyLength) {
[WARNING] ^
[WARNING] /home/travis/build/square/okhttp/mockwebserver/src/main/java/okhttp3/mockwebserver/MockWebServer.java:209: warning: no @param for protocolNegotiationEnabled
[WARNING] public void setProtocolNegotiationEnabled(boolean protocolNegotiationEnabled) {
[WARNING] ^
[WARNING] /home/travis/build/square/okhttp/mockwebserver/src/main/java/okhttp3/mockwebserver/MockWebServer.java:245: warning: no @param for sslSocketFactory
[WARNING] public void useHttps(SSLSocketFactory sslSocketFactory, boolean tunnelProxy) {
[WARNING] ^
[WARNING] /home/travis/build/square/okhttp/mockwebserver/src/main/java/okhttp3/mockwebserver/MockWebServer.java:287: warning: no @throws for java.lang.InterruptedException
[WARNING] public RecordedRequest takeRequest() throws InterruptedException {
[WARNING] ^
[WARNING] /home/travis/build/square/okhttp/mockwebserver/src/main/java/okhttp3/mockwebserver/MockWebServer.java:300: warning: no @throws for java.lang.InterruptedException
[WARNING] public RecordedRequest takeRequest(long timeout, TimeUnit unit) throws InterruptedException {
[WARNING] ^
[WARNING] /home/travis/build/square/okhttp/mockwebserver/src/main/java/okhttp3/mockwebserver/MockWebServer.java:308: warning: no @return
[WARNING] public int getRequestCount() {
[WARNING] ^
[WARNING] /home/travis/build/square/okhttp/mockwebserver/src/main/java/okhttp3/mockwebserver/MockWebServer.java:320: warning: no @param for response
[WARNING] public void enqueue(MockResponse response) {
[WARNING] ^
[WARNING] /home/travis/build/square/okhttp/mockwebserver/src/main/java/okhttp3/mockwebserver/MockWebServer.java:325: warning: no @throws for java.io.IOException
[WARNING] public void start() throws IOException {
[WARNING] ^
[WARNING] /home/travis/build/square/okhttp/mockwebserver/src/main/java/okhttp3/mockwebserver/MockWebServer.java:335: warning: no @throws for java.io.IOException
[WARNING] public void start(int port) throws IOException {
[WARNING] ^
[WARNING] /home/travis/build/square/okhttp/mockwebserver/src/main/java/okhttp3/mockwebserver/MockWebServer.java:346: warning: no @throws for java.io.IOException
[WARNING] public void start(InetAddress inetAddress, int port) throws IOException {
[WARNING] ^
[WARNING] /home/travis/build/square/okhttp/mockwebserver/src/main/java/okhttp3/mockwebserver/MockWebServer.java:843: warning: no @param for dispatcher
[WARNING] public void setDispatcher(Dispatcher dispatcher) {
[WARNING] ^
[WARNING] /home/travis/build/square/okhttp/mockwebserver/src/main/java/okhttp3/mockwebserver/RecordedRequest.java:108: warning: no @return
[WARNING] public Headers getHeaders() {
[WARNING] ^
[WARNING] /home/travis/build/square/okhttp/mockwebserver/src/main/java/okhttp3/mockwebserver/RecordedRequest.java:113: warning: no @param for name
[WARNING] public String getHeader(String name) {
[WARNING] ^
[WARNING] /home/travis/build/square/okhttp/mockwebserver/src/main/java/okhttp3/mockwebserver/RecordedRequest.java:113: warning: no @return
[WARNING] public String getHeader(String name) {
[WARNING] ^
[WARNING] /home/travis/build/square/okhttp/mockwebserver/src/main/java/okhttp3/mockwebserver/RecordedRequest.java:122: warning: no @return
[WARNING] public List<Integer> getChunkSizes() {
[WARNING] ^
[WARNING] /home/travis/build/square/okhttp/mockwebserver/src/main/java/okhttp3/mockwebserver/RecordedRequest.java:129: warning: no @return
[WARNING] public long getBodySize() {
[WARNING] ^
[WARNING] /home/travis/build/square/okhttp/mockwebserver/src/main/java/okhttp3/mockwebserver/RecordedRequest.java:134: warning: no @return
[WARNING] public Buffer getBody() {
[WARNING] ^
[WARNING] /home/travis/build/square/okhttp/mockwebserver/src/main/java/okhttp3/mockwebserver/RecordedRequest.java:139: warning: no @return
[WARNING] public String getUtf8Body() {
[WARNING] ^
[WARNING] /home/travis/build/square/okhttp/mockwebserver/src/main/java/okhttp3/mockwebserver/RecordedRequest.java:147: warning: no @return
[WARNING] public int getSequenceNumber() {
[WARNING] ^
[WARNING] /home/travis/build/square/okhttp/mockwebserver/src/main/java/okhttp3/mockwebserver/RecordedRequest.java:152: warning: no @return
[WARNING] public TlsVersion getTlsVersion() {
[WARNING] ^
[WARNING] /home/travis/build/square/okhttp/mockwebserver/src/main/java/okhttp3/mockwebserver/RecordedRequest.java:160: warning: no @return
[WARNING] public Handshake getHandshake() {
[WARNING] ^
[INFO] Building jar: /home/travis/build/square/okhttp/mockwebserver/target/mockwebserver-3.12.0-SNAPSHOT-javadoc.jar
[INFO] 
[INFO] >>> maven-source-plugin:3.0.1:jar (default-cli) > generate-sources @ mockwebserver >>>
[INFO] 
[INFO] --- maven-enforcer-plugin:1.0:enforce (enforce-maven) @ mockwebserver ---
[INFO] 
[INFO] <<< maven-source-plugin:3.0.1:jar (default-cli) < generate-sources @ mockwebserver <<<
[INFO] 
[INFO] 
[INFO] --- maven-source-plugin:3.0.1:jar (default-cli) @ mockwebserver ---
[INFO] Building jar: /home/travis/build/square/okhttp/mockwebserver/target/mockwebserver-3.12.0-SNAPSHOT-sources.jar
[INFO] 
[INFO] ------------------------------------------------------------------------
[INFO] Building OkHttp URLConnection 3.12.0-SNAPSHOT
[INFO] ------------------------------------------------------------------------
[INFO] 
[INFO] --- maven-enforcer-plugin:1.0:enforce (enforce-maven) @ okhttp-urlconnection ---
[INFO] 
[INFO] --- maven-resources-plugin:2.6:resources (default-resources) @ okhttp-urlconnection ---
[INFO] Using 'UTF-8' encoding to copy filtered resources.
[INFO] skip non existing resourceDirectory /home/travis/build/square/okhttp/okhttp-urlconnection/src/main/resources
[INFO] 
[INFO] --- maven-compiler-plugin:3.7.0:compile (default-compile) @ okhttp-urlconnection ---
[INFO] Nothing to compile - all classes are up to date
[INFO] 
[INFO] --- maven-resources-plugin:2.6:testResources (default-testResources) @ okhttp-urlconnection ---
[INFO] Using 'UTF-8' encoding to copy filtered resources.
[INFO] skip non existing resourceDirectory /home/travis/build/square/okhttp/okhttp-urlconnection/src/test/resources
[INFO] 
[INFO] --- maven-compiler-plugin:3.7.0:testCompile (default-testCompile) @ okhttp-urlconnection ---
[INFO] Nothing to compile - all classes are up to date
[INFO] 
[INFO] --- maven-surefire-plugin:2.21.0:test (default-test) @ okhttp-urlconnection ---
[INFO] 
[INFO] -------------------------------------------------------
[INFO]  T E S T S
[INFO] -------------------------------------------------------
[INFO] Running okhttp3.UrlConnectionCacheTest
[INFO] Tests run: 109, Failures: 0, Errors: 0, Skipped: 0, Time elapsed: 9.338 s - in okhttp3.UrlConnectionCacheTest
[INFO] Running okhttp3.OkUrlFactoryTest
[INFO] Tests run: 15, Failures: 0, Errors: 0, Skipped: 0, Time elapsed: 0.364 s - in okhttp3.OkUrlFactoryTest
[INFO] Running okhttp3.internal.huc.URLEncodingTest
[WARNING] Tests run: 2, Failures: 0, Errors: 0, Skipped: 2, Time elapsed: 0 s - in okhttp3.internal.huc.URLEncodingTest
[INFO] 
[INFO] Results:
[INFO] 
[WARNING] Tests run: 126, Failures: 0, Errors: 0, Skipped: 2
[INFO] 
[INFO] 
[INFO] --- animal-sniffer-maven-plugin:1.15:check (default) @ okhttp-urlconnection ---
[INFO] Checking unresolved references to org.codehaus.mojo.signature:java16:1.1
[INFO] 
[INFO] --- maven-javadoc-plugin:2.10.4:jar (default-cli) @ okhttp-urlconnection ---
[INFO] 
Loading source files for package okhttp3...
Constructing Javadoc information...
Standard Doclet version 1.8.0_191
Building tree for all the packages and classes...
Generating /home/travis/build/square/okhttp/okhttp-urlconnection/target/apidocs/okhttp3/JavaNetAuthenticator.html...
Generating /home/travis/build/square/okhttp/okhttp-urlconnection/target/apidocs/okhttp3/JavaNetCookieJar.html...
Generating /home/travis/build/square/okhttp/okhttp-urlconnection/target/apidocs/okhttp3/OkUrlFactory.html...
Generating /home/travis/build/square/okhttp/okhttp-urlconnection/target/apidocs/okhttp3/package-frame.html...
Generating /home/travis/build/square/okhttp/okhttp-urlconnection/target/apidocs/okhttp3/package-summary.html...
Generating /home/travis/build/square/okhttp/okhttp-urlconnection/target/apidocs/okhttp3/package-tree.html...
Generating /home/travis/build/square/okhttp/okhttp-urlconnection/target/apidocs/constant-values.html...
Generating /home/travis/build/square/okhttp/okhttp-urlconnection/target/apidocs/okhttp3/class-use/OkUrlFactory.html...
Generating /home/travis/build/square/okhttp/okhttp-urlconnection/target/apidocs/okhttp3/class-use/JavaNetCookieJar.html...
Generating /home/travis/build/square/okhttp/okhttp-urlconnection/target/apidocs/okhttp3/class-use/JavaNetAuthenticator.html...
Generating /home/travis/build/square/okhttp/okhttp-urlconnection/target/apidocs/okhttp3/package-use.html...
Building index for all the packages and classes...
Generating /home/travis/build/square/okhttp/okhttp-urlconnection/target/apidocs/overview-tree.html...
Generating /home/travis/build/square/okhttp/okhttp-urlconnection/target/apidocs/index-all.html...
Generating /home/travis/build/square/okhttp/okhttp-urlconnection/target/apidocs/deprecated-list.html...
Building index for all classes...
Generating /home/travis/build/square/okhttp/okhttp-urlconnection/target/apidocs/allclasses-frame.html...
Generating /home/travis/build/square/okhttp/okhttp-urlconnection/target/apidocs/allclasses-noframe.html...
Generating /home/travis/build/square/okhttp/okhttp-urlconnection/target/apidocs/index.html...
Generating /home/travis/build/square/okhttp/okhttp-urlconnection/target/apidocs/help-doc.html...
1 warning
[WARNING] Javadoc Warnings
[WARNING] Picked up _JAVA_OPTIONS: -Xmx2048m -Xms512m
[WARNING] javadoc: warning - Error fetching URL: http://square.github.io/okhttp/javadoc/
[INFO] Building jar: /home/travis/build/square/okhttp/okhttp-urlconnection/target/okhttp-urlconnection-3.12.0-SNAPSHOT-javadoc.jar
[INFO] 
[INFO] >>> maven-source-plugin:3.0.1:jar (default-cli) > generate-sources @ okhttp-urlconnection >>>
[INFO] 
[INFO] --- maven-enforcer-plugin:1.0:enforce (enforce-maven) @ okhttp-urlconnection ---
[INFO] 
[INFO] <<< maven-source-plugin:3.0.1:jar (default-cli) < generate-sources @ okhttp-urlconnection <<<
[INFO] 
[INFO] 
[INFO] --- maven-source-plugin:3.0.1:jar (default-cli) @ okhttp-urlconnection ---
[INFO] Building jar: /home/travis/build/square/okhttp/okhttp-urlconnection/target/okhttp-urlconnection-3.12.0-SNAPSHOT-sources.jar
[INFO] 
[INFO] ------------------------------------------------------------------------
[INFO] Building OkHttp Logging Interceptor 3.12.0-SNAPSHOT
[INFO] ------------------------------------------------------------------------
[INFO] 
[INFO] --- maven-enforcer-plugin:1.0:enforce (enforce-maven) @ logging-interceptor ---
[INFO] 
[INFO] --- maven-resources-plugin:2.6:resources (default-resources) @ logging-interceptor ---
[INFO] Using 'UTF-8' encoding to copy filtered resources.
[INFO] skip non existing resourceDirectory /home/travis/build/square/okhttp/okhttp-logging-interceptor/src/main/resources
[INFO] 
[INFO] --- maven-compiler-plugin:3.7.0:compile (default-compile) @ logging-interceptor ---
[INFO] Nothing to compile - all classes are up to date
[INFO] 
[INFO] --- maven-resources-plugin:2.6:testResources (default-testResources) @ logging-interceptor ---
[INFO] Using 'UTF-8' encoding to copy filtered resources.
[INFO] skip non existing resourceDirectory /home/travis/build/square/okhttp/okhttp-logging-interceptor/src/test/resources
[INFO] 
[INFO] --- maven-compiler-plugin:3.7.0:testCompile (default-testCompile) @ logging-interceptor ---
[INFO] Nothing to compile - all classes are up to date
[INFO] 
[INFO] --- maven-surefire-plugin:2.21.0:test (default-test) @ logging-interceptor ---
[INFO] 
[INFO] -------------------------------------------------------
[INFO]  T E S T S
[INFO] -------------------------------------------------------
[INFO] Running okhttp3.logging.HttpLoggingInterceptorTest
[INFO] Tests run: 27, Failures: 0, Errors: 0, Skipped: 0, Time elapsed: 0.592 s - in okhttp3.logging.HttpLoggingInterceptorTest
[INFO] Running okhttp3.logging.LoggingEventListenerTest
[INFO] Tests run: 5, Failures: 0, Errors: 0, Skipped: 0, Time elapsed: 0.267 s - in okhttp3.logging.LoggingEventListenerTest
[INFO] 
[INFO] Results:
[INFO] 
[INFO] Tests run: 32, Failures: 0, Errors: 0, Skipped: 0
[INFO] 
[INFO] 
[INFO] --- animal-sniffer-maven-plugin:1.15:check (default) @ logging-interceptor ---
[INFO] Checking unresolved references to org.codehaus.mojo.signature:java16:1.1
[INFO] 
[INFO] --- maven-javadoc-plugin:2.10.4:jar (default-cli) @ logging-interceptor ---
[INFO] 
Loading source files for package okhttp3.logging...
Constructing Javadoc information...
Standard Doclet version 1.8.0_191
Building tree for all the packages and classes...
Generating /home/travis/build/square/okhttp/okhttp-logging-interceptor/target/apidocs/okhttp3/logging/HttpLoggingInterceptor.html...
Generating /home/travis/build/square/okhttp/okhttp-logging-interceptor/target/apidocs/okhttp3/logging/HttpLoggingInterceptor.Level.html...
Generating /home/travis/build/square/okhttp/okhttp-logging-interceptor/target/apidocs/okhttp3/logging/HttpLoggingInterceptor.Logger.html...
Generating /home/travis/build/square/okhttp/okhttp-logging-interceptor/target/apidocs/okhttp3/logging/LoggingEventListener.html...
Generating /home/travis/build/square/okhttp/okhttp-logging-interceptor/target/apidocs/okhttp3/logging/LoggingEventListener.Factory.html...
Generating /home/travis/build/square/okhttp/okhttp-logging-interceptor/target/apidocs/okhttp3/logging/LoggingEventListener.Logger.html...
Generating /home/travis/build/square/okhttp/okhttp-logging-interceptor/target/apidocs/okhttp3/logging/package-frame.html...
Generating /home/travis/build/square/okhttp/okhttp-logging-interceptor/target/apidocs/okhttp3/logging/package-summary.html...
Generating /home/travis/build/square/okhttp/okhttp-logging-interceptor/target/apidocs/okhttp3/logging/package-tree.html...
Generating /home/travis/build/square/okhttp/okhttp-logging-interceptor/target/apidocs/constant-values.html...
Generating /home/travis/build/square/okhttp/okhttp-logging-interceptor/target/apidocs/okhttp3/logging/class-use/LoggingEventListener.html...
Generating /home/travis/build/square/okhttp/okhttp-logging-interceptor/target/apidocs/okhttp3/logging/class-use/LoggingEventListener.Logger.html...
Generating /home/travis/build/square/okhttp/okhttp-logging-interceptor/target/apidocs/okhttp3/logging/class-use/LoggingEventListener.Factory.html...
Generating /home/travis/build/square/okhttp/okhttp-logging-interceptor/target/apidocs/okhttp3/logging/class-use/HttpLoggingInterceptor.html...
Generating /home/travis/build/square/okhttp/okhttp-logging-interceptor/target/apidocs/okhttp3/logging/class-use/HttpLoggingInterceptor.Level.html...
Generating /home/travis/build/square/okhttp/okhttp-logging-interceptor/target/apidocs/okhttp3/logging/class-use/HttpLoggingInterceptor.Logger.html...
Generating /home/travis/build/square/okhttp/okhttp-logging-interceptor/target/apidocs/okhttp3/logging/package-use.html...
Building index for all the packages and classes...
Generating /home/travis/build/square/okhttp/okhttp-logging-interceptor/target/apidocs/overview-tree.html...
Generating /home/travis/build/square/okhttp/okhttp-logging-interceptor/target/apidocs/index-all.html...
Generating /home/travis/build/square/okhttp/okhttp-logging-interceptor/target/apidocs/deprecated-list.html...
Building index for all classes...
Generating /home/travis/build/square/okhttp/okhttp-logging-interceptor/target/apidocs/allclasses-frame.html...
Generating /home/travis/build/square/okhttp/okhttp-logging-interceptor/target/apidocs/allclasses-noframe.html...
Generating /home/travis/build/square/okhttp/okhttp-logging-interceptor/target/apidocs/index.html...
Generating /home/travis/build/square/okhttp/okhttp-logging-interceptor/target/apidocs/help-doc.html...
1 error
2 warnings
[INFO] ------------------------------------------------------------------------
[INFO] Reactor Summary:
[INFO] 
[INFO] OkHttp (Parent) .................................... SUCCESS [  2.026 s]
[INFO] OkHttp ............................................. SUCCESS [ 14.026 s]
[INFO] OkHttp test support classes ........................ SUCCESS [  1.869 s]
[INFO] OkHttp Transport Layer Security (TLS) .............. SUCCESS [  5.893 s]
[INFO] MockWebServer ...................................... SUCCESS [ 15.252 s]
[INFO] OkHttp URLConnection ............................... SUCCESS [ 14.371 s]
[INFO] OkHttp Logging Interceptor ......................... FAILURE [  5.099 s]
[INFO] OkHttp Tests ....................................... SKIPPED
[INFO] OkHttp Android Platform Support .................... SKIPPED
[INFO] OkHttp Apache HttpClient ........................... SKIPPED
[INFO] OkHttp Server-Sent Events .......................... SKIPPED
[INFO] OkHttp DNS over HTTPS .............................. SKIPPED
[INFO] OkCurl ............................................. SKIPPED
[INFO] OkHttp (Bill of Materials) ......................... SKIPPED
[INFO] Samples (Parent) ................................... SKIPPED
[INFO] Sample: Guide ...................................... SKIPPED
[INFO] Sample: Crawler .................................... SKIPPED
[INFO] Sample: Simple Client .............................. SKIPPED
[INFO] Sample: Slack ...................................... SKIPPED
[INFO] Sample: Static Server .............................. SKIPPED
[INFO] Sample: UNIX domain sockets ........................ SKIPPED
[INFO] Benchmarks ......................................... SKIPPED
[INFO] ------------------------------------------------------------------------
[INFO] BUILD FAILURE
[INFO] ------------------------------------------------------------------------
[INFO] Total time: 59.464 s
[INFO] Finished at: 2018-11-02T12:47:26Z
[INFO] Final Memory: 43M/1001M
[INFO] ------------------------------------------------------------------------
[ERROR] Failed to execute goal org.apache.maven.plugins:maven-javadoc-plugin:2.10.4:jar (default-cli) on project logging-interceptor: MavenReportException: Error while generating Javadoc: 
[ERROR] Exit code: 1 - Picked up _JAVA_OPTIONS: -Xmx2048m -Xms512m
[ERROR] /home/travis/build/square/okhttp/okhttp-logging-interceptor/src/main/java/okhttp3/logging/HttpLoggingInterceptor.java:141: warning: no @param for level
[ERROR]   public HttpLoggingInterceptor setLevel(Level level) {
[ERROR]                                 ^
[ERROR] /home/travis/build/square/okhttp/okhttp-logging-interceptor/src/main/java/okhttp3/logging/HttpLoggingInterceptor.java:141: warning: no @return
[ERROR]   public HttpLoggingInterceptor setLevel(Level level) {
[ERROR]                                 ^
[ERROR] /home/travis/build/square/okhttp/okhttp-logging-interceptor/src/main/java/okhttp3/logging/LoggingEventListener.java:38: error: reference not found
[ERROR]  * OkHttpClient#eventListenerFactory() event listener factory}.
[ERROR]    ^
[ERROR] 
[ERROR] Command line was: /usr/lib/jvm/java-8-oracle/jre/../bin/javadoc @options @packages
[ERROR] 
[ERROR] Refer to the generated Javadoc files in '/home/travis/build/square/okhttp/okhttp-logging-interceptor/target/apidocs' dir.
[ERROR] -> [Help 1]
[ERROR] 
[ERROR] To see the full stack trace of the errors, re-run Maven with the -e switch.
[ERROR] Re-run Maven using the -X switch to enable full debug logging.
[ERROR] 
[ERROR] For more information about the errors and possible solutions, please read the following articles:
[ERROR] [Help 1] http://cwiki.apache.org/confluence/display/MAVEN/MojoExecutionException
[ERROR] 
[ERROR] After correcting the problems, you can resume the build with the command
[ERROR]   mvn <goals> -rf :logging-interceptor

travis_time:end:2aca049e:start=1541162786025991992,finish=1541162847153097347,duration=61127105355[0K
[31;1mThe command "mvn test javadoc:jar source:jar -B" exited with 1.[0m
travis_fold:start:cache.2[0Kstore build cache
travis_time:start:0877f7b4[0K
travis_time:end:0877f7b4:start=1541162847158611652,finish=1541162847162422926,duration=3811274[0Ktravis_time:start:11e6bf21[0K[32;1mchange detected (content changed, file is created, or file is deleted):
/home/travis/.m2/repository/com/squareup/okhttp3/benchmarks/3.12.0-SNAPSHOT/benchmarks-3.12.0-SNAPSHOT.jar
/home/travis/.m2/repository/com/squareup/okhttp3/benchmarks/3.12.0-SNAPSHOT/maven-metadata-local.xml
/home/travis/.m2/repository/com/squareup/okhttp3/benchmarks/3.12.0-SNAPSHOT/_remote.repositories
/home/travis/.m2/repository/com/squareup/okhttp3/benchmarks/maven-metadata-local.xml
/home/travis/.m2/repository/com/squareup/okhttp3/logging-interceptor/3.12.0-SNAPSHOT/logging-interceptor-3.12.0-SNAPSHOT.jar
/home/travis/.m2/repository/com/squareup/okhttp3/logging-interceptor/3.12.0-SNAPSHOT/maven-metadata-local.xml
/home/travis/.m2/repository/com/squareup/okhttp3/logging-interceptor/3.12.0-SNAPSHOT/_remote.repositories
/home/travis/.m2/repository/com/squareup/okhttp3/logging-interceptor/maven-metadata-local.xml
/home/travis/.m2/repository/com/squareup/okhttp3/mockwebserver/3.12.0-SNAPSHOT/maven-metadata-local.xml
/home/travis/.m2/repository/com/squareup/okhttp3/mockwebserver/3.12.0-SN
[0m
[32;1m...
[0m
[32;1mchanges detected, packing new archive[0m
.
[32;1muploading PR.4353/cache-linux-trusty-e3b0c44298fc1c149afbf4c8996fb92427ae41e4649b934ca495991b7852b855--jdk-oraclejdk8.tgz[0m
[32;1mcache uploaded[0m

travis_time:end:11e6bf21:start=1541162847167597508,finish=1541162856643454433,duration=9475856925[0Ktravis_fold:end:cache.2[0K
Done. Your build exited with 1.
