travis_fold:start:worker_info[0K[33;1mWorker information[0m
hostname: 65663e02-bbf6-46c5-90d4-2fec89e66046@1.production-1-worker-org-04-packet
version: v3.7.0 https://github.com/travis-ci/worker/tree/ef8bf771ffed8568b01c5f0ed14d615c8941e87e
instance: a416c91 travisci/ci-garnet:packer-1512502276-986baf0 (via amqp)
startup: 890.981827ms
travis_fold:end:worker_info[0Ktravis_fold:start:system_info[0K[33;1mBuild system information[0m
Build language: java
Build group: stable
Build dist: trusty
Build id: 392994207
Job id: 392994208
Runtime kernel version: 4.4.0-112-generic
travis-build version: d10a97633
[34m[1mBuild image provisioning date and time[0m
Tue Dec  5 20:11:19 UTC 2017
[34m[1mOperating System Details[0m
Distributor ID:	Ubuntu
Description:	Ubuntu 14.04.5 LTS
Release:	14.04
Codename:	trusty
[34m[1mCookbooks Version[0m
7c2c6a6 https://github.com/travis-ci/travis-cookbooks/tree/7c2c6a6
[34m[1mgit version[0m
git version 2.15.1
[34m[1mbash version[0m
GNU bash, version 4.3.11(1)-release (x86_64-pc-linux-gnu)
[34m[1mgcc version[0m
gcc (Ubuntu 4.8.4-2ubuntu1~14.04.3) 4.8.4
Copyright (C) 2013 Free Software Foundation, Inc.
This is free software; see the source for copying conditions.  There is NO
warranty; not even for MERCHANTABILITY or FITNESS FOR A PARTICULAR PURPOSE.

[34m[1mdocker version[0m
Client:
 Version:      17.09.0-ce
 API version:  1.32
 Go version:   go1.8.3
 Git commit:   afdb6d4
 Built:        Tue Sep 26 22:39:28 2017
 OS/Arch:      linux/amd64
[34m[1mclang version[0m
clang version 5.0.0 (tags/RELEASE_500/final)
Target: x86_64-unknown-linux-gnu
Thread model: posix
InstalledDir: /usr/local/clang-5.0.0/bin
[34m[1mjq version[0m
jq-1.5
[34m[1mbats version[0m
Bats 0.4.0
[34m[1mshellcheck version[0m
0.4.6
[34m[1mshfmt version[0m
v2.0.0
[34m[1mccache version[0m
ccache version 3.1.9

Copyright (C) 2002-2007 Andrew Tridgell
Copyright (C) 2009-2011 Joel Rosdahl

This program is free software; you can redistribute it and/or modify it under
the terms of the GNU General Public License as published by the Free Software
Foundation; either version 3 of the License, or (at your option) any later
version.
[34m[1mcmake version[0m
cmake version 3.9.2

CMake suite maintained and supported by Kitware (kitware.com/cmake).
[34m[1mheroku version[0m
heroku-cli/6.14.39-addc925 (linux-x64) node-v9.2.0
[34m[1mimagemagick version[0m
Version: ImageMagick 6.7.7-10 2017-07-31 Q16 http://www.imagemagick.org
[34m[1mmd5deep version[0m
4.2
[34m[1mmercurial version[0m
Mercurial Distributed SCM (version 4.2.2)
(see https://mercurial-scm.org for more information)

Copyright (C) 2005-2017 Matt Mackall and others
This is free software; see the source for copying conditions. There is NO
warranty; not even for MERCHANTABILITY or FITNESS FOR A PARTICULAR PURPOSE.
[34m[1mmysql version[0m
mysql  Ver 14.14 Distrib 5.6.33, for debian-linux-gnu (x86_64) using  EditLine wrapper
[34m[1mopenssl version[0m
OpenSSL 1.0.1f 6 Jan 2014
[34m[1mpacker version[0m
Packer v1.0.2

Your version of Packer is out of date! The latest version
is 1.1.2. You can update by downloading from www.packer.io
[34m[1mpostgresql client version[0m
psql (PostgreSQL) 9.6.6
[34m[1mragel version[0m
Ragel State Machine Compiler version 6.8 Feb 2013
Copyright (c) 2001-2009 by Adrian Thurston
[34m[1msubversion version[0m
svn, version 1.8.8 (r1568071)
   compiled Aug 10 2017, 17:20:39 on x86_64-pc-linux-gnu

Copyright (C) 2013 The Apache Software Foundation.
This software consists of contributions made by many people;
see the NOTICE file for more information.
Subversion is open source software, see http://subversion.apache.org/

The following repository access (RA) modules are available:

* ra_svn : Module for accessing a repository using the svn network protocol.
  - with Cyrus SASL authentication
  - handles 'svn' scheme
* ra_local : Module for accessing a repository on local disk.
  - handles 'file' scheme
* ra_serf : Module for accessing a repository via WebDAV protocol using serf.
  - using serf 1.3.3
  - handles 'http' scheme
  - handles 'https' scheme

[34m[1msudo version[0m
Sudo version 1.8.9p5
Configure options: --prefix=/usr -v --with-all-insults --with-pam --with-fqdn --with-logging=syslog --with-logfac=authpriv --with-env-editor --with-editor=/usr/bin/editor --with-timeout=15 --with-password-timeout=0 --with-passprompt=[sudo] password for %p:  --without-lecture --with-tty-tickets --disable-root-mailer --enable-admin-flag --with-sendmail=/usr/sbin/sendmail --with-timedir=/var/lib/sudo --mandir=/usr/share/man --libexecdir=/usr/lib/sudo --with-sssd --with-sssd-lib=/usr/lib/x86_64-linux-gnu --with-selinux
Sudoers policy plugin version 1.8.9p5
Sudoers file grammar version 43

Sudoers path: /etc/sudoers
Authentication methods: 'pam'
Syslog facility if syslog is being used for logging: authpriv
Syslog priority to use when user authenticates successfully: notice
Syslog priority to use when user authenticates unsuccessfully: alert
Send mail if the user is not in sudoers
Use a separate timestamp for each user/tty combo
Lecture user the first time they run sudo
Root may run sudo
Allow some information gathering to give useful error messages
Require fully-qualified hostnames in the sudoers file
Visudo will honor the EDITOR environment variable
Set the LOGNAME and USER environment variables
Length at which to wrap log file lines (0 for no wrap): 80
Authentication timestamp timeout: 15.0 minutes
Password prompt timeout: 0.0 minutes
Number of tries to enter a password: 3
Umask to use or 0777 to use user's: 022
Path to mail program: /usr/sbin/sendmail
Flags for mail program: -t
Address to send mail to: root
Subject line for mail messages: *** SECURITY information for %h ***
Incorrect password message: Sorry, try again.
Path to authentication timestamp dir: /var/lib/sudo
Default password prompt: [sudo] password for %p: 
Default user to run commands as: root
Value to override user's $PATH with: /usr/local/sbin:/usr/local/bin:/usr/sbin:/usr/bin:/sbin:/bin:/snap/bin
Path to the editor for use by visudo: /usr/bin/editor
When to require a password for 'list' pseudocommand: any
When to require a password for 'verify' pseudocommand: all
File descriptors >= 3 will be closed before executing a command
Environment variables to check for sanity:
	TZ
	TERM
	LINGUAS
	LC_*
	LANGUAGE
	LANG
	COLORTERM
Environment variables to remove:
	RUBYOPT
	RUBYLIB
	PYTHONUSERBASE
	PYTHONINSPECT
	PYTHONPATH
	PYTHONHOME
	TMPPREFIX
	ZDOTDIR
	READNULLCMD
	NULLCMD
	FPATH
	PERL5DB
	PERL5OPT
	PERL5LIB
	PERLLIB
	PERLIO_DEBUG 
	JAVA_TOOL_OPTIONS
	SHELLOPTS
	GLOBIGNORE
	PS4
	BASH_ENV
	ENV
	TERMCAP
	TERMPATH
	TERMINFO_DIRS
	TERMINFO
	_RLD*
	LD_*
	PATH_LOCALE
	NLSPATH
	HOSTALIASES
	RES_OPTIONS
	LOCALDOMAIN
	CDPATH
	IFS
Environment variables to preserve:
	JAVA_HOME
	TRAVIS
	CI
	DEBIAN_FRONTEND
	XAUTHORIZATION
	XAUTHORITY
	PS2
	PS1
	PATH
	LS_COLORS
	KRB5CCNAME
	HOSTNAME
	HOME
	DISPLAY
	COLORS
Locale to use while parsing sudoers: C
Directory in which to store input/output logs: /var/log/sudo-io
File in which to store the input/output log: %{seq}
Add an entry to the utmp/utmpx file when allocating a pty
PAM service name to use
PAM service name to use for login shells
Create a new PAM session for the command to run in
Maximum I/O log sequence number: 0

Local IP address and netmask pairs:
	172.17.0.2/255.255.0.0

Sudoers I/O plugin version 1.8.9p5
[34m[1mgzip version[0m
gzip 1.6
Copyright (C) 2007, 2010, 2011 Free Software Foundation, Inc.
Copyright (C) 1993 Jean-loup Gailly.
This is free software.  You may redistribute copies of it under the terms of
the GNU General Public License <http://www.gnu.org/licenses/gpl.html>.
There is NO WARRANTY, to the extent permitted by law.

Written by Jean-loup Gailly.
[34m[1mzip version[0m
Copyright (c) 1990-2008 Info-ZIP - Type 'zip "-L"' for software license.
This is Zip 3.0 (July 5th 2008), by Info-ZIP.
Currently maintained by E. Gordon.  Please send bug reports to
the authors using the web page at www.info-zip.org; see README for details.

Latest sources and executables are at ftp://ftp.info-zip.org/pub/infozip,
as of above date; see http://www.info-zip.org/ for other sites.

Compiled with gcc 4.8.2 for Unix (Linux ELF) on Oct 21 2013.

Zip special compilation options:
	USE_EF_UT_TIME       (store Universal Time)
	BZIP2_SUPPORT        (bzip2 library version 1.0.6, 6-Sept-2010)
	    bzip2 code and library copyright (c) Julian R Seward
	    (See the bzip2 license for terms of use)
	SYMLINK_SUPPORT      (symbolic links supported)
	LARGE_FILE_SUPPORT   (can read and write large files on file system)
	ZIP64_SUPPORT        (use Zip64 to store large files in archives)
	UNICODE_SUPPORT      (store and read UTF-8 Unicode paths)
	STORE_UNIX_UIDs_GIDs (store UID/GID sizes/values using new extra field)
	UIDGID_NOT_16BIT     (old Unix 16-bit UID/GID extra field not used)
	[encryption, version 2.91 of 05 Jan 2007] (modified for Zip 3)

Encryption notice:
	The encryption code of this program is not copyrighted and is
	put in the public domain.  It was originally written in Europe
	and, to the best of our knowledge, can be freely distributed
	in both source and object forms from any country, including
	the USA under License Exception TSU of the U.S. Export
	Administration Regulations (section 740.13(e)) of 6 June 2002.

Zip environment options:
             ZIP:  [none]
          ZIPOPT:  [none]
[34m[1mvim version[0m
VIM - Vi IMproved 7.4 (2013 Aug 10, compiled Nov 24 2016 16:43:18)
Included patches: 1-52
Extra patches: 8.0.0056
Modified by pkg-vim-maintainers@lists.alioth.debian.org
Compiled by buildd@
Huge version without GUI.  Features included (+) or not (-):
+acl             +farsi           +mouse_netterm   +syntax
+arabic          +file_in_path    +mouse_sgr       +tag_binary
+autocmd         +find_in_path    -mouse_sysmouse  +tag_old_static
-balloon_eval    +float           +mouse_urxvt     -tag_any_white
-browse          +folding         +mouse_xterm     -tcl
++builtin_terms  -footer          +multi_byte      +terminfo
+byte_offset     +fork()          +multi_lang      +termresponse
+cindent         +gettext         -mzscheme        +textobjects
-clientserver    -hangul_input    +netbeans_intg   +title
-clipboard       +iconv           +path_extra      -toolbar
+cmdline_compl   +insert_expand   -perl            +user_commands
+cmdline_hist    +jumplist        +persistent_undo +vertsplit
+cmdline_info    +keymap          +postscript      +virtualedit
+comments        +langmap         +printer         +visual
+conceal         +libcall         +profile         +visualextra
+cryptv          +linebreak       +python          +viminfo
+cscope          +lispindent      -python3         +vreplace
+cursorbind      +listcmds        +quickfix        +wildignore
+cursorshape     +localmap        +reltime         +wildmenu
+dialog_con      -lua             +rightleft       +windows
+diff            +menu            -ruby            +writebackup
+digraphs        +mksession       +scrollbind      -X11
-dnd             +modify_fname    +signs           -xfontset
-ebcdic          +mouse           +smartindent     -xim
+emacs_tags      -mouseshape      -sniff           -xsmp
+eval            +mouse_dec       +startuptime     -xterm_clipboard
+ex_extra        +mouse_gpm       +statusline      -xterm_save
+extra_search    -mouse_jsbterm   -sun_workshop    -xpm
   system vimrc file: "$VIM/vimrc"
     user vimrc file: "$HOME/.vimrc"
 2nd user vimrc file: "~/.vim/vimrc"
      user exrc file: "$HOME/.exrc"
  fall-back for $VIM: "/usr/share/vim"
Compilation: gcc -c -I. -Iproto -DHAVE_CONFIG_H     -g -O2 -fstack-protector --param=ssp-buffer-size=4 -Wformat -Werror=format-security -U_FORTIFY_SOURCE -D_FORTIFY_SOURCE=1      
Linking: gcc   -Wl,-Bsymbolic-functions -Wl,-z,relro -Wl,--as-needed -o vim        -lm -ltinfo -lnsl  -lselinux  -lacl -lattr -lgpm -ldl    -L/usr/lib/python2.7/config-x86_64-linux-gnu -lpython2.7 -lpthread -ldl -lutil -lm -Xlinker -export-dynamic -Wl,-O1 -Wl,-Bsymbolic-functions      
[34m[1miptables version[0m
iptables v1.4.21
[34m[1mcurl version[0m
curl 7.35.0 (x86_64-pc-linux-gnu) libcurl/7.35.0 OpenSSL/1.0.1f zlib/1.2.8 libidn/1.28 librtmp/2.3
[34m[1mwget version[0m
GNU Wget 1.15 built on linux-gnu.
[34m[1mrsync version[0m
rsync  version 3.1.0  protocol version 31
[34m[1mgimme version[0m
v1.2.0
[34m[1mnvm version[0m
0.33.6
[34m[1mperlbrew version[0m
/home/travis/perl5/perlbrew/bin/perlbrew  - App::perlbrew/0.80
[34m[1mphpenv version[0m
rbenv 1.1.1-25-g6aa70b6
[34m[1mrvm version[0m
rvm 1.29.3 (latest) by Michal Papis, Piotr Kuczynski, Wayne E. Seguin [https://rvm.io]
[34m[1mdefault ruby version[0m
ruby 2.4.1p111 (2017-03-22 revision 58053) [x86_64-linux]
[34m[1mCouchDB version[0m
couchdb 1.6.1
[34m[1mElasticSearch version[0m
5.5.0
[34m[1mInstalled Firefox version[0m
firefox 56.0.2
[34m[1mMongoDB version[0m
MongoDB 3.4.10
[34m[1mPhantomJS version[0m
2.1.1
[34m[1mPre-installed PostgreSQL versions[0m
9.2.24
9.3.20
9.4.15
9.5.10
9.6.6
[34m[1mRabbitMQ Version[0m
3.6.14
[34m[1mRedis version[0m
redis-server 4.0.6
[34m[1mriak version[0m
2.2.3
[34m[1mPre-installed Go versions[0m
1.7.4
[34m[1mant version[0m
Apache Ant(TM) version 1.9.3 compiled on April 8 2014
[34m[1mmvn version[0m
Apache Maven 3.5.2 (138edd61fd100ec658bfa2d307c43b76940a5d7d; 2017-10-18T07:58:13Z)
Maven home: /usr/local/maven-3.5.2
Java version: 1.8.0_151, vendor: Oracle Corporation
Java home: /usr/lib/jvm/java-8-oracle/jre
Default locale: en_US, platform encoding: UTF-8
OS name: "linux", version: "4.4.0-101-generic", arch: "amd64", family: "unix"
[34m[1mgradle version[0m

------------------------------------------------------------
Gradle 4.0.1
------------------------------------------------------------

Build time:   2017-07-07 14:02:41 UTC
Revision:     38e5dc0f772daecca1d2681885d3d85414eb6826

Groovy:       2.4.11
Ant:          Apache Ant(TM) version 1.9.6 compiled on June 29 2015
JVM:          1.8.0_151 (Oracle Corporation 25.151-b12)
OS:           Linux 4.4.0-101-generic amd64

[34m[1mlein version[0m
Leiningen 2.8.1 on Java 1.8.0_151 Java HotSpot(TM) 64-Bit Server VM
[34m[1mPre-installed Node.js versions[0m
v4.8.6
v6.12.0
v6.12.1
v8.9
v8.9.1
[34m[1mphpenv versions[0m
  system
  5.6
* 5.6.32 (set by /home/travis/.phpenv/version)
  7.0
  7.0.25
  7.1
  7.1.11
  hhvm
  hhvm-stable
[34m[1mcomposer --version[0m
Composer version 1.5.2 2017-09-11 16:59:25
[34m[1mPre-installed Ruby versions[0m
ruby-2.2.7
ruby-2.3.4
ruby-2.4.1
travis_fold:end:system_info[0K
[32;1mNetwork availability confirmed.[0m

$ jdk_switcher use oraclejdk8
Switching to Oracle JDK8 (java-8-oracle), JAVA_HOME will be set to /usr/lib/jvm/java-8-oracle
travis_fold:start:apt[0K[33;1mInstalling APT Packages (BETA)[0m
$ export DEBIAN_FRONTEND=noninteractive
travis_time:start:0734571c[0K$ sudo -E apt-get -yq update &>> ~/apt-get-update.log

travis_time:end:0734571c:start=1529162603157672116,finish=1529162634186512666,duration=31028840550[0Ktravis_time:start:13d92eb9[0K$ sudo -E apt-get -yq --no-install-suggests --no-install-recommends --force-yes install oracle-java8-installer
Reading package lists...
Building dependency tree...
Reading state information...
Suggested packages:
  visualvm ttf-baekmuk | ttf-unfonts | ttf-unfonts-core ttf-kochi-gothic
  | ttf-sazanami-gothic ttf-kochi-mincho | ttf-sazanami-mincho
  ttf-arphic-uming
Recommended packages:
  oracle-java8-set-default
The following packages will be upgraded:
  oracle-java8-installer
1 upgraded, 0 newly installed, 0 to remove and 206 not upgraded.
Need to get 33.3 kB of archives.
After this operation, 0 B of additional disk space will be used.
Get:1 http://ppa.launchpad.net/webupd8team/java/ubuntu trusty/main amd64 oracle-java8-installer all 8u171-1~webupd8~0 [33.3 kB]
Fetched 33.3 kB in 0s (70.1 kB/s)
Preconfiguring packages ...
(Reading database ... (Reading database ... 5%(Reading database ... 10%(Reading database ... 15%(Reading database ... 20%(Reading database ... 25%(Reading database ... 30%(Reading database ... 35%(Reading database ... 40%(Reading database ... 45%(Reading database ... 50%(Reading database ... 55%(Reading database ... 60%(Reading database ... 65%(Reading database ... 70%(Reading database ... 75%(Reading database ... 80%(Reading database ... 85%(Reading database ... 90%(Reading database ... 95%(Reading database ... 100%(Reading database ... 72205 files and directories currently installed.)
Preparing to unpack .../oracle-java8-installer_8u171-1~webupd8~0_all.deb ...
oracle-license-v1-1 license has already been accepted
Unpacking oracle-java8-installer (8u171-1~webupd8~0) over (8u151-1~webupd8~0) ...
Processing triggers for mime-support (3.54ubuntu1.1) ...
Processing triggers for hicolor-icon-theme (0.13-1) ...
Processing triggers for shared-mime-info (1.2-0ubuntu3) ...
Setting up oracle-java8-installer (8u171-1~webupd8~0) ...
No /var/cache/oracle-jdk8-installer/wgetrc file found.
Creating /var/cache/oracle-jdk8-installer/wgetrc and
using default oracle-java8-installer wgetrc settings for it.
Downloading Oracle Java 8...
--2018-06-16 15:24:02--  http://download.oracle.com/otn-pub/java/jdk/8u171-b11/512cd62ec5174c3487ac17c61aaa89e8/jdk-8u171-linux-x64.tar.gz
Resolving download.oracle.com (download.oracle.com)... 23.36.32.122
Connecting to download.oracle.com (download.oracle.com)|23.36.32.122|:80... connected.
HTTP request sent, awaiting response... 302 Moved Temporarily
Location: https://edelivery.oracle.com/otn-pub/java/jdk/8u171-b11/512cd62ec5174c3487ac17c61aaa89e8/jdk-8u171-linux-x64.tar.gz [following]
--2018-06-16 15:24:02--  https://edelivery.oracle.com/otn-pub/java/jdk/8u171-b11/512cd62ec5174c3487ac17c61aaa89e8/jdk-8u171-linux-x64.tar.gz
Resolving edelivery.oracle.com (edelivery.oracle.com)... 104.107.16.233, 2600:1400:d:181::2d3e, 2600:1400:d:185::2d3e
Connecting to edelivery.oracle.com (edelivery.oracle.com)|104.107.16.233|:443... connected.
HTTP request sent, awaiting response... 302 Moved Temporarily
Location: http://download.oracle.com/otn-pub/java/jdk/8u171-b11/512cd62ec5174c3487ac17c61aaa89e8/jdk-8u171-linux-x64.tar.gz?AuthParam=1529162763_9bdbe7709524d418c220e4b2bdfa836a [following]
--2018-06-16 15:24:03--  http://download.oracle.com/otn-pub/java/jdk/8u171-b11/512cd62ec5174c3487ac17c61aaa89e8/jdk-8u171-linux-x64.tar.gz?AuthParam=1529162763_9bdbe7709524d418c220e4b2bdfa836a
Connecting to download.oracle.com (download.oracle.com)|23.36.32.122|:80... connected.
HTTP request sent, awaiting response... 200 OK
Length: 190890122 (182M) [application/x-gzip]
Saving to: â€˜jdk-8u171-linux-x64.tar.gzâ€™

     0K ........ ........ ........ ........ ........ ........  1% 6.23M 29s
  3072K ........ ........ ........ ........ ........ ........  3% 18.2M 19s
  6144K ........ ........ ........ ........ ........ ........  4% 9.92M 18s
  9216K ........ ........ ........ ........ ........ ........  6% 11.0M 17s
 12288K ........ ........ ........ ........ ........ ........  8% 10.3M 17s
 15360K ........ ........ ........ ........ ........ ........  9% 9.81M 17s
 18432K ........ ........ ........ ........ ........ ........ 11% 10.1M 16s
 21504K ........ ........ ........ ........ ........ ........ 13% 9.98M 16s
 24576K ........ ........ ........ ........ ........ ........ 14% 11.1M 15s
 27648K ........ ........ ........ ........ ........ ........ 16% 11.4M 15s
 30720K ........ ........ ........ ........ ........ ........ 18% 12.0M 14s
 33792K ........ ........ ........ ........ ........ ........ 19% 11.8M 14s
 36864K ........ ........ ........ ........ ........ ........ 21% 11.1M 14s
 39936K ........ ........ ........ ........ ........ ........ 23% 11.5M 13s
 43008K ........ ........ ........ ........ ........ ........ 24% 11.4M 13s
 46080K ........ ........ ........ ........ ........ ........ 26% 10.5M 13s
 49152K ........ ........ ........ ........ ........ ........ 28% 10.0M 12s
 52224K ........ ........ ........ ........ ........ ........ 29% 9.48M 12s
 55296K ........ ........ ........ ........ ........ ........ 31% 10.9M 12s
 58368K ........ ........ ........ ........ ........ ........ 32% 10.8M 12s
 61440K ........ ........ ........ ........ ........ ........ 34% 10.7M 11s
 64512K ........ ........ ........ ........ ........ ........ 36% 10.1M 11s
 67584K ........ ........ ........ ........ ........ ........ 37% 9.95M 11s
 70656K ........ ........ ........ ........ ........ ........ 39% 10.0M 11s
 73728K ........ ........ ........ ........ ........ ........ 41% 11.7M 10s
 76800K ........ ........ ........ ........ ........ ........ 42% 11.6M 10s
 79872K ........ ........ ........ ........ ........ ........ 44% 12.0M 10s
 82944K ........ ........ ........ ........ ........ ........ 46% 14.0M 9s
 86016K ........ ........ ........ ........ ........ ........ 47% 13.4M 9s
 89088K ........ ........ ........ ........ ........ ........ 49% 10.5M 9s
 92160K ........ ........ ........ ........ ........ ........ 51% 11.1M 8s
 95232K ........ ........ ........ ........ ........ ........ 52% 13.3M 8s
 98304K ........ ........ ........ ........ ........ ........ 54% 12.8M 8s
101376K ........ ........ ........ ........ ........ ........ 56% 13.0M 7s
104448K ........ ........ ........ ........ ........ ........ 57% 10.6M 7s
107520K ........ ........ ........ ........ ........ ........ 59% 15.8M 7s
110592K ........ ........ ........ ........ ........ ........ 60% 15.1M 6s
113664K ........ ........ ........ ........ ........ ........ 62% 11.9M 6s
116736K ........ ........ ........ ........ ........ ........ 64% 9.62M 6s
119808K ........ ........ ........ ........ ........ ........ 65% 8.97M 6s
122880K ........ ........ ........ ........ ........ ........ 67% 9.23M 5s
125952K ........ ........ ........ ........ ........ ........ 69% 7.59M 5s
129024K ........ ........ ........ ........ ........ ........ 70% 7.95M 5s
132096K ........ ........ ........ ........ ........ ........ 72% 6.76M 5s
135168K ........ ........ ........ ........ ........ ........ 74% 7.57M 4s
138240K ........ ........ ........ ........ ........ ........ 75% 9.62M 4s
141312K ........ ........ ........ ........ ........ ........ 77% 9.82M 4s
144384K ........ ........ ........ ........ ........ ........ 79% 9.53M 4s
147456K ........ ........ ........ ........ ........ ........ 80% 9.84M 3s
150528K ........ ........ ........ ........ ........ ........ 82% 10.1M 3s
153600K ........ ........ ........ ........ ........ ........ 84% 9.43M 3s
156672K ........ ........ ........ ........ ........ ........ 85% 9.57M 3s
159744K ........ ........ ........ ........ ........ ........ 87% 9.08M 2s
162816K ........ ........ ........ ........ ........ ........ 88% 8.22M 2s
165888K ........ ........ ........ ........ ........ ........ 90% 8.31M 2s
168960K ........ ........ ........ ........ ........ ........ 92% 8.64M 1s
172032K ........ ........ ........ ........ ........ ........ 93% 8.10M 1s
175104K ........ ........ ........ ........ ........ ........ 95% 8.16M 1s
178176K ........ ........ ........ ........ ........ ........ 97% 6.68M 1s
181248K ........ ........ ........ ........ ........ ........ 98% 7.53M 0s
184320K ........ ........ ........ ........                  100% 6.71M=18s

2018-06-16 15:24:21 (9.95 MB/s) - â€˜jdk-8u171-linux-x64.tar.gzâ€™ saved [190890122/190890122]

Download done.
Removing outdated cached downloads...
update-binfmts: warning: current package is oracle-java8, but binary format already installed by openjdk-7
Oracle JDK 8 installed

#####Important########
To set Oracle JDK8 as default, install the "oracle-java8-set-default" package.
E.g.: sudo apt install oracle-java8-set-default
On Ubuntu systems, oracle-java8-set-default is most probably installed
automatically with this package.
######################

W: --force-yes is deprecated, use one of the options starting with --allow instead.

travis_time:end:13d92eb9:start=1529162634191107408,finish=1529162667393506978,duration=33202399570[0Ktravis_fold:end:apt[0K
travis_fold:start:git.checkout[0Ktravis_time:start:17793247[0K$ git clone --depth=50 https://github.com/square/okhttp.git square/okhttp
Cloning into 'square/okhttp'...
remote: Counting objects: 1291, done.[K
remote: Compressing objects:   0% (1/804)   [Kremote: Compressing objects:   1% (9/804)   [Kremote: Compressing objects:   2% (17/804)   [Kremote: Compressing objects:   3% (25/804)   [Kremote: Compressing objects:   4% (33/804)   [Kremote: Compressing objects:   5% (41/804)   [Kremote: Compressing objects:   6% (49/804)   [Kremote: Compressing objects:   7% (57/804)   [Kremote: Compressing objects:   8% (65/804)   [Kremote: Compressing objects:   9% (73/804)   [Kremote: Compressing objects:  10% (81/804)   [Kremote: Compressing objects:  11% (89/804)   [Kremote: Compressing objects:  12% (97/804)   [Kremote: Compressing objects:  13% (105/804)   [Kremote: Compressing objects:  14% (113/804)   [Kremote: Compressing objects:  15% (121/804)   [Kremote: Compressing objects:  16% (129/804)   [Kremote: Compressing objects:  17% (137/804)   [Kremote: Compressing objects:  18% (145/804)   [Kremote: Compressing objects:  19% (153/804)   [Kremote: Compressing objects:  20% (161/804)   [Kremote: Compressing objects:  21% (169/804)   [Kremote: Compressing objects:  22% (177/804)   [Kremote: Compressing objects:  23% (185/804)   [Kremote: Compressing objects:  24% (193/804)   [Kremote: Compressing objects:  25% (201/804)   [Kremote: Compressing objects:  26% (210/804)   [Kremote: Compressing objects:  27% (218/804)   [Kremote: Compressing objects:  28% (226/804)   [Kremote: Compressing objects:  29% (234/804)   [Kremote: Compressing objects:  30% (242/804)   [Kremote: Compressing objects:  31% (250/804)   [Kremote: Compressing objects:  32% (258/804)   [Kremote: Compressing objects:  33% (266/804)   [Kremote: Compressing objects:  34% (274/804)   [Kremote: Compressing objects:  35% (282/804)   [Kremote: Compressing objects:  36% (290/804)   [Kremote: Compressing objects:  37% (298/804)   [Kremote: Compressing objects:  38% (306/804)   [Kremote: Compressing objects:  39% (314/804)   [Kremote: Compressing objects:  40% (322/804)   [Kremote: Compressing objects:  41% (330/804)   [Kremote: Compressing objects:  42% (338/804)   [Kremote: Compressing objects:  43% (346/804)   [Kremote: Compressing objects:  44% (354/804)   [Kremote: Compressing objects:  45% (362/804)   [Kremote: Compressing objects:  46% (370/804)   [Kremote: Compressing objects:  47% (378/804)   [Kremote: Compressing objects:  48% (386/804)   [Kremote: Compressing objects:  49% (394/804)   [Kremote: Compressing objects:  50% (402/804)   [Kremote: Compressing objects:  51% (411/804)   [Kremote: Compressing objects:  52% (419/804)   [Kremote: Compressing objects:  53% (427/804)   [Kremote: Compressing objects:  54% (435/804)   [Kremote: Compressing objects:  55% (443/804)   [Kremote: Compressing objects:  56% (451/804)   [Kremote: Compressing objects:  57% (459/804)   [Kremote: Compressing objects:  58% (467/804)   [Kremote: Compressing objects:  59% (475/804)   [Kremote: Compressing objects:  60% (483/804)   [Kremote: Compressing objects:  61% (491/804)   [Kremote: Compressing objects:  62% (499/804)   [Kremote: Compressing objects:  63% (507/804)   [Kremote: Compressing objects:  64% (515/804)   [Kremote: Compressing objects:  65% (523/804)   [Kremote: Compressing objects:  66% (531/804)   [Kremote: Compressing objects:  67% (539/804)   [Kremote: Compressing objects:  68% (547/804)   [Kremote: Compressing objects:  69% (555/804)   [Kremote: Compressing objects:  70% (563/804)   [Kremote: Compressing objects:  71% (571/804)   [Kremote: Compressing objects:  72% (579/804)   [Kremote: Compressing objects:  73% (587/804)   [Kremote: Compressing objects:  74% (595/804)   [Kremote: Compressing objects:  75% (603/804)   [Kremote: Compressing objects:  76% (612/804)   [Kremote: Compressing objects:  77% (620/804)   [Kremote: Compressing objects:  78% (628/804)   [Kremote: Compressing objects:  79% (636/804)   [Kremote: Compressing objects:  80% (644/804)   [Kremote: Compressing objects:  81% (652/804)   [Kremote: Compressing objects:  82% (660/804)   [Kremote: Compressing objects:  83% (668/804)   [Kremote: Compressing objects:  84% (676/804)   [Kremote: Compressing objects:  85% (684/804)   [Kremote: Compressing objects:  86% (692/804)   [Kremote: Compressing objects:  87% (700/804)   [Kremote: Compressing objects:  88% (708/804)   [Kremote: Compressing objects:  89% (716/804)   [Kremote: Compressing objects:  90% (724/804)   [Kremote: Compressing objects:  91% (732/804)   [Kremote: Compressing objects:  92% (740/804)   [Kremote: Compressing objects:  93% (748/804)   [Kremote: Compressing objects:  94% (756/804)   [Kremote: Compressing objects:  95% (764/804)   [Kremote: Compressing objects:  96% (772/804)   [Kremote: Compressing objects:  97% (780/804)   [Kremote: Compressing objects:  98% (788/804)   [Kremote: Compressing objects:  99% (796/804)   [Kremote: Compressing objects: 100% (804/804)   [Kremote: Compressing objects: 100% (804/804), done.[K
Receiving objects:   0% (1/1291)   Receiving objects:   1% (13/1291)   Receiving objects:   2% (26/1291)   Receiving objects:   3% (39/1291)   Receiving objects:   4% (52/1291)   Receiving objects:   5% (65/1291)   Receiving objects:   6% (78/1291)   Receiving objects:   7% (91/1291)   Receiving objects:   8% (104/1291)   Receiving objects:   9% (117/1291)   Receiving objects:  10% (130/1291)   Receiving objects:  11% (143/1291)   Receiving objects:  12% (155/1291)   Receiving objects:  13% (168/1291)   Receiving objects:  14% (181/1291)   Receiving objects:  15% (194/1291)   Receiving objects:  16% (207/1291)   Receiving objects:  17% (220/1291)   Receiving objects:  18% (233/1291)   Receiving objects:  19% (246/1291)   Receiving objects:  20% (259/1291)   Receiving objects:  21% (272/1291)   Receiving objects:  22% (285/1291)   Receiving objects:  23% (297/1291)   Receiving objects:  24% (310/1291)   Receiving objects:  25% (323/1291)   Receiving objects:  26% (336/1291)   Receiving objects:  27% (349/1291)   Receiving objects:  28% (362/1291)   Receiving objects:  29% (375/1291)   Receiving objects:  30% (388/1291)   Receiving objects:  31% (401/1291)   Receiving objects:  32% (414/1291)   Receiving objects:  33% (427/1291)   Receiving objects:  34% (439/1291)   Receiving objects:  35% (452/1291)   Receiving objects:  36% (465/1291)   Receiving objects:  37% (478/1291)   Receiving objects:  38% (491/1291)   Receiving objects:  39% (504/1291)   Receiving objects:  40% (517/1291)   Receiving objects:  41% (530/1291)   Receiving objects:  42% (543/1291)   Receiving objects:  43% (556/1291)   Receiving objects:  44% (569/1291)   Receiving objects:  45% (581/1291)   Receiving objects:  46% (594/1291)   Receiving objects:  47% (607/1291)   Receiving objects:  48% (620/1291)   Receiving objects:  49% (633/1291)   Receiving objects:  50% (646/1291)   Receiving objects:  51% (659/1291)   Receiving objects:  52% (672/1291)   Receiving objects:  53% (685/1291)   Receiving objects:  54% (698/1291)   Receiving objects:  55% (711/1291)   Receiving objects:  56% (723/1291)   Receiving objects:  57% (736/1291)   Receiving objects:  58% (749/1291)   Receiving objects:  59% (762/1291)   Receiving objects:  60% (775/1291)   Receiving objects:  61% (788/1291)   Receiving objects:  62% (801/1291)   Receiving objects:  63% (814/1291)   Receiving objects:  64% (827/1291)   Receiving objects:  65% (840/1291)   Receiving objects:  66% (853/1291)   Receiving objects:  67% (865/1291)   Receiving objects:  68% (878/1291)   Receiving objects:  69% (891/1291)   Receiving objects:  70% (904/1291)   Receiving objects:  71% (917/1291)   Receiving objects:  72% (930/1291)   Receiving objects:  73% (943/1291)   Receiving objects:  74% (956/1291)   Receiving objects:  75% (969/1291)   Receiving objects:  76% (982/1291)   Receiving objects:  77% (995/1291)   Receiving objects:  78% (1007/1291)   Receiving objects:  79% (1020/1291)   Receiving objects:  80% (1033/1291)   Receiving objects:  81% (1046/1291)   Receiving objects:  82% (1059/1291)   Receiving objects:  83% (1072/1291)   Receiving objects:  84% (1085/1291)   Receiving objects:  85% (1098/1291)   Receiving objects:  86% (1111/1291)   Receiving objects:  87% (1124/1291)   Receiving objects:  88% (1137/1291)   Receiving objects:  89% (1149/1291)   Receiving objects:  90% (1162/1291)   Receiving objects:  91% (1175/1291)   Receiving objects:  92% (1188/1291)   Receiving objects:  93% (1201/1291)   Receiving objects:  94% (1214/1291)   remote: Total 1291 (delta 451), reused 860 (delta 284), pack-reused 0[K
Receiving objects:  95% (1227/1291)   Receiving objects:  96% (1240/1291)   Receiving objects:  97% (1253/1291)   Receiving objects:  98% (1266/1291)   Receiving objects:  99% (1279/1291)   Receiving objects: 100% (1291/1291)   Receiving objects: 100% (1291/1291), 881.40 KiB | 3.58 MiB/s, done.
Resolving deltas:   0% (0/451)   Resolving deltas:   1% (7/451)   Resolving deltas:   7% (32/451)   Resolving deltas:   9% (42/451)   Resolving deltas:  10% (48/451)   Resolving deltas:  11% (50/451)   Resolving deltas:  13% (59/451)   Resolving deltas:  14% (64/451)   Resolving deltas:  15% (68/451)   Resolving deltas:  17% (78/451)   Resolving deltas:  18% (83/451)   Resolving deltas:  19% (87/451)   Resolving deltas:  21% (98/451)   Resolving deltas:  31% (140/451)   Resolving deltas:  32% (148/451)   Resolving deltas:  33% (149/451)   Resolving deltas:  34% (154/451)   Resolving deltas:  38% (173/451)   Resolving deltas:  41% (185/451)   Resolving deltas:  42% (190/451)   Resolving deltas:  43% (194/451)   Resolving deltas:  44% (200/451)   Resolving deltas:  45% (206/451)   Resolving deltas:  48% (217/451)   Resolving deltas:  62% (282/451)   Resolving deltas:  63% (287/451)   Resolving deltas:  64% (289/451)   Resolving deltas:  67% (305/451)   Resolving deltas:  68% (308/451)   Resolving deltas:  69% (312/451)   Resolving deltas:  70% (317/451)   Resolving deltas:  71% (321/451)   Resolving deltas:  72% (325/451)   Resolving deltas:  73% (332/451)   Resolving deltas:  74% (334/451)   Resolving deltas:  75% (340/451)   Resolving deltas:  76% (344/451)   Resolving deltas:  77% (348/451)   Resolving deltas:  78% (352/451)   Resolving deltas:  79% (357/451)   Resolving deltas:  80% (361/451)   Resolving deltas:  81% (366/451)   Resolving deltas:  82% (370/451)   Resolving deltas:  83% (375/451)   Resolving deltas:  84% (379/451)   Resolving deltas:  85% (385/451)   Resolving deltas:  86% (388/451)   Resolving deltas:  87% (393/451)   Resolving deltas:  88% (397/451)   Resolving deltas:  89% (402/451)   Resolving deltas:  90% (406/451)   Resolving deltas:  91% (411/451)   Resolving deltas:  92% (415/451)   Resolving deltas:  93% (420/451)   Resolving deltas:  94% (425/451)   Resolving deltas:  96% (434/451)   Resolving deltas:  97% (439/451)   Resolving deltas:  98% (443/451)   Resolving deltas: 100% (451/451)   Resolving deltas: 100% (451/451), done.

travis_time:end:17793247:start=1529162674742734723,finish=1529162680828499211,duration=6085764488[0K$ cd square/okhttp
travis_time:start:234629e4[0K$ git fetch origin +refs/pull/3972/merge:
remote: Counting objects: 633, done.[K
remote: Compressing objects:   0% (1/165)   [Kremote: Compressing objects:   1% (2/165)   [Kremote: Compressing objects:   2% (4/165)   [Kremote: Compressing objects:   3% (5/165)   [Kremote: Compressing objects:   4% (7/165)   [Kremote: Compressing objects:   5% (9/165)   [Kremote: Compressing objects:   6% (10/165)   [Kremote: Compressing objects:   7% (12/165)   [Kremote: Compressing objects:   8% (14/165)   [Kremote: Compressing objects:   9% (15/165)   [Kremote: Compressing objects:  10% (17/165)   [Kremote: Compressing objects:  11% (19/165)   [Kremote: Compressing objects:  12% (20/165)   [Kremote: Compressing objects:  13% (22/165)   [Kremote: Compressing objects:  14% (24/165)   [Kremote: Compressing objects:  15% (25/165)   [Kremote: Compressing objects:  16% (27/165)   [Kremote: Compressing objects:  17% (29/165)   [Kremote: Compressing objects:  18% (30/165)   [Kremote: Compressing objects:  19% (32/165)   [Kremote: Compressing objects:  20% (33/165)   [Kremote: Compressing objects:  21% (35/165)   [Kremote: Compressing objects:  22% (37/165)   [Kremote: Compressing objects:  23% (38/165)   [Kremote: Compressing objects:  24% (40/165)   [Kremote: Compressing objects:  25% (42/165)   [Kremote: Compressing objects:  26% (43/165)   [Kremote: Compressing objects:  27% (45/165)   [Kremote: Compressing objects:  28% (47/165)   [Kremote: Compressing objects:  29% (48/165)   [Kremote: Compressing objects:  30% (50/165)   [Kremote: Compressing objects:  31% (52/165)   [Kremote: Compressing objects:  32% (53/165)   [Kremote: Compressing objects:  33% (55/165)   [Kremote: Compressing objects:  34% (57/165)   [Kremote: Compressing objects:  35% (58/165)   [Kremote: Compressing objects:  36% (60/165)   [Kremote: Compressing objects:  37% (62/165)   [Kremote: Compressing objects:  38% (63/165)   [Kremote: Compressing objects:  39% (65/165)   [Kremote: Compressing objects:  40% (66/165)   [Kremote: Compressing objects:  41% (68/165)   [Kremote: Compressing objects:  42% (70/165)   [Kremote: Compressing objects:  43% (71/165)   [Kremote: Compressing objects:  44% (73/165)   [Kremote: Compressing objects:  45% (75/165)   [Kremote: Compressing objects:  46% (76/165)   [Kremote: Compressing objects:  47% (78/165)   [Kremote: Compressing objects:  48% (80/165)   [Kremote: Compressing objects:  49% (81/165)   [Kremote: Compressing objects:  50% (83/165)   [Kremote: Compressing objects:  51% (85/165)   [Kremote: Compressing objects:  52% (86/165)   [Kremote: Compressing objects:  53% (88/165)   [Kremote: Compressing objects:  54% (90/165)   [Kremote: Compressing objects:  55% (91/165)   [Kremote: Compressing objects:  56% (93/165)   [Kremote: Compressing objects:  57% (95/165)   [Kremote: Compressing objects:  58% (96/165)   [Kremote: Compressing objects:  59% (98/165)   [Kremote: Compressing objects:  60% (99/165)   [Kremote: Compressing objects:  61% (101/165)   [Kremote: Compressing objects:  62% (103/165)   [Kremote: Compressing objects:  63% (104/165)   [Kremote: Compressing objects:  64% (106/165)   [Kremote: Compressing objects:  65% (108/165)   [Kremote: Compressing objects:  66% (109/165)   [Kremote: Compressing objects:  67% (111/165)   [Kremote: Compressing objects:  68% (113/165)   [Kremote: Compressing objects:  69% (114/165)   [Kremote: Compressing objects:  70% (116/165)   [Kremote: Compressing objects:  71% (118/165)   [Kremote: Compressing objects:  72% (119/165)   [Kremote: Compressing objects:  73% (121/165)   [Kremote: Compressing objects:  74% (123/165)   [Kremote: Compressing objects:  75% (124/165)   [Kremote: Compressing objects:  76% (126/165)   [Kremote: Compressing objects:  77% (128/165)   [Kremote: Compressing objects:  78% (129/165)   [Kremote: Compressing objects:  79% (131/165)   [Kremote: Compressing objects:  80% (132/165)   [Kremote: Compressing objects:  81% (134/165)   [Kremote: Compressing objects:  82% (136/165)   [Kremote: Compressing objects:  83% (137/165)   [Kremote: Compressing objects:  84% (139/165)   [Kremote: Compressing objects:  85% (141/165)   [Kremote: Compressing objects:  86% (142/165)   [Kremote: Compressing objects:  87% (144/165)   [Kremote: Compressing objects:  88% (146/165)   [Kremote: Compressing objects:  89% (147/165)   [Kremote: Compressing objects:  90% (149/165)   [Kremote: Compressing objects:  91% (151/165)   [Kremote: Compressing objects:  92% (152/165)   [Kremote: Compressing objects:  93% (154/165)   [Kremote: Compressing objects:  94% (156/165)   [Kremote: Compressing objects:  95% (157/165)   [Kremote: Compressing objects:  96% (159/165)   [Kremote: Compressing objects:  97% (161/165)   [Kremote: Compressing objects:  98% (162/165)   [Kremote: Compressing objects:  99% (164/165)   [Kremote: Compressing objects: 100% (165/165)   [Kremote: Compressing objects: 100% (165/165), done.[K
Receiving objects:   0% (1/633)   Receiving objects:   1% (7/633)   Receiving objects:   2% (13/633)   Receiving objects:   3% (19/633)   Receiving objects:   4% (26/633)   Receiving objects:   5% (32/633)   Receiving objects:   6% (38/633)   Receiving objects:   7% (45/633)   Receiving objects:   8% (51/633)   Receiving objects:   9% (57/633)   Receiving objects:  10% (64/633)   Receiving objects:  11% (70/633)   Receiving objects:  12% (76/633)   Receiving objects:  13% (83/633)   Receiving objects:  14% (89/633)   Receiving objects:  15% (95/633)   Receiving objects:  16% (102/633)   Receiving objects:  17% (108/633)   Receiving objects:  18% (114/633)   Receiving objects:  19% (121/633)   Receiving objects:  20% (127/633)   Receiving objects:  21% (133/633)   Receiving objects:  22% (140/633)   Receiving objects:  23% (146/633)   Receiving objects:  24% (152/633)   Receiving objects:  25% (159/633)   Receiving objects:  26% (165/633)   Receiving objects:  27% (171/633)   Receiving objects:  28% (178/633)   Receiving objects:  29% (184/633)   Receiving objects:  30% (190/633)   Receiving objects:  31% (197/633)   Receiving objects:  32% (203/633)   Receiving objects:  33% (209/633)   Receiving objects:  34% (216/633)   Receiving objects:  35% (222/633)   Receiving objects:  36% (228/633)   Receiving objects:  37% (235/633)   Receiving objects:  38% (241/633)   Receiving objects:  39% (247/633)   Receiving objects:  40% (254/633)   Receiving objects:  41% (260/633)   Receiving objects:  42% (266/633)   Receiving objects:  43% (273/633)   Receiving objects:  44% (279/633)   Receiving objects:  45% (285/633)   Receiving objects:  46% (292/633)   Receiving objects:  47% (298/633)   Receiving objects:  48% (304/633)   Receiving objects:  49% (311/633)   Receiving objects:  50% (317/633)   Receiving objects:  51% (323/633)   Receiving objects:  52% (330/633)   Receiving objects:  53% (336/633)   Receiving objects:  54% (342/633)   Receiving objects:  55% (349/633)   Receiving objects:  56% (355/633)   Receiving objects:  57% (361/633)   Receiving objects:  58% (368/633)   Receiving objects:  59% (374/633)   Receiving objects:  60% (380/633)   Receiving objects:  61% (387/633)   Receiving objects:  62% (393/633)   remote: Total 633 (delta 256), reused 617 (delta 246), pack-reused 0[K
Receiving objects:  63% (399/633)   Receiving objects:  64% (406/633)   Receiving objects:  65% (412/633)   Receiving objects:  66% (418/633)   Receiving objects:  67% (425/633)   Receiving objects:  68% (431/633)   Receiving objects:  69% (437/633)   Receiving objects:  70% (444/633)   Receiving objects:  71% (450/633)   Receiving objects:  72% (456/633)   Receiving objects:  73% (463/633)   Receiving objects:  74% (469/633)   Receiving objects:  75% (475/633)   Receiving objects:  76% (482/633)   Receiving objects:  77% (488/633)   Receiving objects:  78% (494/633)   Receiving objects:  79% (501/633)   Receiving objects:  80% (507/633)   Receiving objects:  81% (513/633)   Receiving objects:  82% (520/633)   Receiving objects:  83% (526/633)   Receiving objects:  84% (532/633)   Receiving objects:  85% (539/633)   Receiving objects:  86% (545/633)   Receiving objects:  87% (551/633)   Receiving objects:  88% (558/633)   Receiving objects:  89% (564/633)   Receiving objects:  90% (570/633)   Receiving objects:  91% (577/633)   Receiving objects:  92% (583/633)   Receiving objects:  93% (589/633)   Receiving objects:  94% (596/633)   Receiving objects:  95% (602/633)   Receiving objects:  96% (608/633)   Receiving objects:  97% (615/633)   Receiving objects:  98% (621/633)   Receiving objects:  99% (627/633)   Receiving objects: 100% (633/633)   Receiving objects: 100% (633/633), 77.05 KiB | 6.42 MiB/s, done.
Resolving deltas:   0% (0/256)   Resolving deltas:   1% (5/256)   Resolving deltas:   7% (18/256)   Resolving deltas:  21% (55/256)   Resolving deltas:  25% (64/256)   Resolving deltas:  32% (84/256)   Resolving deltas:  36% (94/256)   Resolving deltas:  37% (97/256)   Resolving deltas:  38% (98/256)   Resolving deltas:  41% (105/256)   Resolving deltas:  42% (108/256)   Resolving deltas:  51% (131/256)   Resolving deltas:  53% (138/256)   Resolving deltas:  58% (151/256)   Resolving deltas:  59% (152/256)   Resolving deltas:  61% (158/256)   Resolving deltas:  62% (161/256)   Resolving deltas:  68% (175/256)   Resolving deltas:  69% (178/256)   Resolving deltas:  71% (182/256)   Resolving deltas:  73% (189/256)   Resolving deltas:  74% (191/256)   Resolving deltas:  75% (194/256)   Resolving deltas:  76% (195/256)   Resolving deltas:  77% (198/256)   Resolving deltas:  78% (200/256)   Resolving deltas:  97% (249/256)   Resolving deltas:  98% (252/256)   Resolving deltas:  99% (254/256)   Resolving deltas: 100% (256/256)   Resolving deltas: 100% (256/256), completed with 11 local objects.
From https://github.com/square/okhttp
 * branch            refs/pull/3972/merge -> FETCH_HEAD

travis_time:end:234629e4:start=1529162680834251127,finish=1529162681263559223,duration=429308096[0K$ git checkout -qf FETCH_HEAD
travis_fold:end:git.checkout[0Ktravis_fold:start:git.submodule[0Ktravis_time:start:2e5fb002[0K$ git submodule update --init --recursive
Submodule 'okhttp-hpacktests/src/test/resources/hpack-test-case' (git://github.com/http2jp/hpack-test-case.git) registered for path 'okhttp-hpacktests/src/test/resources/hpack-test-case'
Cloning into '/home/travis/build/square/okhttp/okhttp-hpacktests/src/test/resources/hpack-test-case'...
Submodule path 'okhttp-hpacktests/src/test/resources/hpack-test-case': checked out 'a5652bc2bc3d2a992f39446369fb004a72e881d4'

travis_time:end:2e5fb002:start=1529162681295790396,finish=1529162687699346410,duration=6403556014[0Ktravis_fold:end:git.submodule[0K[33;1mDisabling Gradle daemon[0m
$ mkdir -p ~/.gradle && echo "org.gradle.daemon=false" >> ~/.gradle/gradle.properties
travis_fold:start:cache.1[0KSetting up build cache
$ export CASHER_DIR=$HOME/.casher
travis_time:start:1d775c54[0K$ Installing caching utilities

travis_time:end:1d775c54:start=1529162717306601150,finish=1529162717353888461,duration=47287311[0Ktravis_time:start:04ff896f[0K
travis_time:end:04ff896f:start=1529162717357979302,finish=1529162717362346786,duration=4367484[0Ktravis_time:start:0a991b2b[0K[32;1mattempting to download cache archive[0m
[32;1mfetching PR.3972/cache-linux-trusty-e3b0c44298fc1c149afbf4c8996fb92427ae41e4649b934ca495991b7852b855--jdk-oraclejdk8.tgz[0m
[32;1mfound cache[0m

travis_time:end:0a991b2b:start=1529162717367753981,finish=1529162735448325229,duration=18080571248[0Ktravis_time:start:0d7d3ba2[0K
travis_time:end:0d7d3ba2:start=1529162735454817102,finish=1529162735460287337,duration=5470235[0Ktravis_time:start:0abc88dd[0K[32;1madding /home/travis/.m2 to cache[0m

travis_time:end:0abc88dd:start=1529162735466918032,finish=1529162740620204927,duration=5153286895[0Ktravis_fold:end:cache.1[0K$ java -Xmx32m -version
Picked up _JAVA_OPTIONS: -Xmx2048m -Xms512m
java version "1.8.0_171"
Java(TM) SE Runtime Environment (build 1.8.0_171-b11)
Java HotSpot(TM) 64-Bit Server VM (build 25.171-b11, mixed mode)
$ javac -J-Xmx32m -version
Picked up _JAVA_OPTIONS: -Xmx2048m -Xms512m
javac 1.8.0_171
travis_fold:start:install[0Ktravis_time:start:1cf0bbd0[0K$ mvn install -DskipTests=true -Dmaven.javadoc.skip=true -B -V
Picked up _JAVA_OPTIONS: -Xmx2048m -Xms512m
Apache Maven 3.5.2 (138edd61fd100ec658bfa2d307c43b76940a5d7d; 2017-10-18T07:58:13Z)
Maven home: /usr/local/maven-3.5.2
Java version: 1.8.0_171, vendor: Oracle Corporation
Java home: /usr/lib/jvm/java-8-oracle/jre
Default locale: en_US, platform encoding: UTF-8
OS name: "linux", version: "4.4.0-112-generic", arch: "amd64", family: "unix"
[INFO] Scanning for projects...
[INFO] ------------------------------------------------------------------------
[INFO] Reactor Build Order:
[INFO] 
[INFO] OkHttp (Parent)
[INFO] OkHttp
[INFO] OkHttp test support classes
[INFO] MockWebServer
[INFO] OkHttp URLConnection
[INFO] OkHttp Tests
[INFO] OkHttp Android Platform Support
[INFO] OkHttp Apache HttpClient
[INFO] OkHttp Server-Sent Events
[INFO] OkHttp Logging Interceptor
[INFO] OkHttp DNS over HTTPS
[INFO] OkCurl
[INFO] Samples (Parent)
[INFO] Sample: Guide
[INFO] Sample: Crawler
[INFO] Sample: Simple Client
[INFO] Sample: Slack
[INFO] Sample: Static Server
[INFO] Benchmarks
[INFO] 
[INFO] ------------------------------------------------------------------------
[INFO] Building OkHttp (Parent) 3.11.0-SNAPSHOT
[INFO] ------------------------------------------------------------------------
[INFO] 
[INFO] --- maven-enforcer-plugin:1.0:enforce (enforce-maven) @ parent ---
[INFO] 
[INFO] --- animal-sniffer-maven-plugin:1.15:check (default) @ parent ---
[INFO] Checking unresolved references to org.codehaus.mojo.signature:java16:1.1
[INFO] 
[INFO] --- maven-checkstyle-plugin:2.17:checkstyle (default) @ parent ---
[INFO] 
[INFO] --- maven-install-plugin:2.4:install (default-install) @ parent ---
[INFO] Installing /home/travis/build/square/okhttp/pom.xml to /home/travis/.m2/repository/com/squareup/okhttp3/parent/3.11.0-SNAPSHOT/parent-3.11.0-SNAPSHOT.pom
[INFO] 
[INFO] ------------------------------------------------------------------------
[INFO] Building OkHttp 3.11.0-SNAPSHOT
[INFO] ------------------------------------------------------------------------
[INFO] 
[INFO] --- maven-enforcer-plugin:1.0:enforce (enforce-maven) @ okhttp ---
[INFO] 
[INFO] --- templating-maven-plugin:1.0-alpha-3:filter-sources (default) @ okhttp ---
[INFO] Using 'UTF-8' encoding to copy filtered resources.
[INFO] Copying 1 resource
[INFO] Source directory: /home/travis/build/square/okhttp/okhttp/target/generated-sources/java-templates added.
[INFO] 
[INFO] --- maven-resources-plugin:2.6:resources (default-resources) @ okhttp ---
[INFO] Using 'UTF-8' encoding to copy filtered resources.
[INFO] Copying 2 resources
[INFO] 
[INFO] --- maven-compiler-plugin:3.7.0:compile (default-compile) @ okhttp ---
[INFO] Changes detected - recompiling the module!
[INFO] Compiling 101 source files to /home/travis/build/square/okhttp/okhttp/target/classes
[INFO] /home/travis/build/square/okhttp/okhttp/src/main/java/okhttp3/OkHttpClient.java:[-1,-1] /home/travis/build/square/okhttp/okhttp/src/main/java/okhttp3/OkHttpClient.java uses or overrides a deprecated API.
[INFO] /home/travis/build/square/okhttp/okhttp/src/main/java/okhttp3/OkHttpClient.java:[-1,-1] Recompile with -Xlint:deprecation for details.
[INFO] /home/travis/build/square/okhttp/okhttp/src/main/java/okhttp3/internal/Util.java:[-1,-1] Some input files use unchecked or unsafe operations.
[INFO] /home/travis/build/square/okhttp/okhttp/src/main/java/okhttp3/internal/Util.java:[-1,-1] Recompile with -Xlint:unchecked for details.
[INFO] 
[INFO] --- maven-resources-plugin:2.6:testResources (default-testResources) @ okhttp ---
[INFO] Using 'UTF-8' encoding to copy filtered resources.
[INFO] skip non existing resourceDirectory /home/travis/build/square/okhttp/okhttp/src/test/resources
[INFO] 
[INFO] --- maven-compiler-plugin:3.7.0:testCompile (default-testCompile) @ okhttp ---
[INFO] Changes detected - recompiling the module!
[INFO] Compiling 1 source file to /home/travis/build/square/okhttp/okhttp/target/test-classes
[INFO] 
[INFO] --- maven-surefire-plugin:2.21.0:test (default-test) @ okhttp ---
[INFO] Tests are skipped.
[INFO] 
[INFO] --- animal-sniffer-maven-plugin:1.15:check (default) @ okhttp ---
[INFO] Checking unresolved references to org.codehaus.mojo.signature:java16:1.1
[INFO] 
[INFO] --- maven-jar-plugin:3.0.2:jar (default-jar) @ okhttp ---
[INFO] Building jar: /home/travis/build/square/okhttp/okhttp/target/okhttp-3.11.0-SNAPSHOT.jar
[INFO] 
[INFO] --- maven-checkstyle-plugin:2.17:checkstyle (default) @ okhttp ---
[INFO] Starting audit...
Audit done.
[WARNING] Unable to locate Source XRef to link to - DISABLED
[INFO] 
[INFO] --- maven-install-plugin:2.4:install (default-install) @ okhttp ---
[INFO] Installing /home/travis/build/square/okhttp/okhttp/target/okhttp-3.11.0-SNAPSHOT.jar to /home/travis/.m2/repository/com/squareup/okhttp3/okhttp/3.11.0-SNAPSHOT/okhttp-3.11.0-SNAPSHOT.jar
[INFO] Installing /home/travis/build/square/okhttp/okhttp/pom.xml to /home/travis/.m2/repository/com/squareup/okhttp3/okhttp/3.11.0-SNAPSHOT/okhttp-3.11.0-SNAPSHOT.pom
[INFO] 
[INFO] ------------------------------------------------------------------------
[INFO] Building OkHttp test support classes 3.11.0-SNAPSHOT
[INFO] ------------------------------------------------------------------------
[INFO] 
[INFO] --- maven-enforcer-plugin:1.0:enforce (enforce-maven) @ okhttp-testing-support ---
[INFO] 
[INFO] --- maven-resources-plugin:2.6:resources (default-resources) @ okhttp-testing-support ---
[INFO] Using 'UTF-8' encoding to copy filtered resources.
[INFO] skip non existing resourceDirectory /home/travis/build/square/okhttp/okhttp-testing-support/src/main/resources
[INFO] 
[INFO] --- maven-compiler-plugin:3.7.0:compile (default-compile) @ okhttp-testing-support ---
[INFO] Changes detected - recompiling the module!
[INFO] Compiling 7 source files to /home/travis/build/square/okhttp/okhttp-testing-support/target/classes
[INFO] 
[INFO] --- maven-resources-plugin:2.6:testResources (default-testResources) @ okhttp-testing-support ---
[INFO] Using 'UTF-8' encoding to copy filtered resources.
[INFO] skip non existing resourceDirectory /home/travis/build/square/okhttp/okhttp-testing-support/src/test/resources
[INFO] 
[INFO] --- maven-compiler-plugin:3.7.0:testCompile (default-testCompile) @ okhttp-testing-support ---
[INFO] No sources to compile
[INFO] 
[INFO] --- maven-surefire-plugin:2.21.0:test (default-test) @ okhttp-testing-support ---
[INFO] Tests are skipped.
[INFO] 
[INFO] --- animal-sniffer-maven-plugin:1.15:check (default) @ okhttp-testing-support ---
[INFO] Checking unresolved references to org.codehaus.mojo.signature:java16:1.1
[INFO] 
[INFO] --- maven-jar-plugin:3.0.2:jar (default-jar) @ okhttp-testing-support ---
[INFO] Building jar: /home/travis/build/square/okhttp/okhttp-testing-support/target/okhttp-testing-support-3.11.0-SNAPSHOT.jar
[INFO] 
[INFO] --- maven-checkstyle-plugin:2.17:checkstyle (default) @ okhttp-testing-support ---
[INFO] Starting audit...
Audit done.
[WARNING] Unable to locate Source XRef to link to - DISABLED
[INFO] 
[INFO] --- maven-install-plugin:2.4:install (default-install) @ okhttp-testing-support ---
[INFO] Installing /home/travis/build/square/okhttp/okhttp-testing-support/target/okhttp-testing-support-3.11.0-SNAPSHOT.jar to /home/travis/.m2/repository/com/squareup/okhttp3/okhttp-testing-support/3.11.0-SNAPSHOT/okhttp-testing-support-3.11.0-SNAPSHOT.jar
[INFO] Installing /home/travis/build/square/okhttp/okhttp-testing-support/pom.xml to /home/travis/.m2/repository/com/squareup/okhttp3/okhttp-testing-support/3.11.0-SNAPSHOT/okhttp-testing-support-3.11.0-SNAPSHOT.pom
[INFO] 
[INFO] ------------------------------------------------------------------------
[INFO] Building MockWebServer 3.11.0-SNAPSHOT
[INFO] ------------------------------------------------------------------------
[INFO] 
[INFO] --- maven-enforcer-plugin:1.0:enforce (enforce-maven) @ mockwebserver ---
[INFO] 
[INFO] --- maven-resources-plugin:2.6:resources (default-resources) @ mockwebserver ---
[INFO] Using 'UTF-8' encoding to copy filtered resources.
[INFO] skip non existing resourceDirectory /home/travis/build/square/okhttp/mockwebserver/src/main/resources
[INFO] 
[INFO] --- maven-compiler-plugin:3.7.0:compile (default-compile) @ mockwebserver ---
[INFO] Changes detected - recompiling the module!
[INFO] Compiling 10 source files to /home/travis/build/square/okhttp/mockwebserver/target/classes
[INFO] /home/travis/build/square/okhttp/mockwebserver/src/main/java/okhttp3/mockwebserver/internal/tls/HeldCertificate.java:[-1,-1] /home/travis/build/square/okhttp/mockwebserver/src/main/java/okhttp3/mockwebserver/internal/tls/HeldCertificate.java uses or overrides a deprecated API.
[INFO] /home/travis/build/square/okhttp/mockwebserver/src/main/java/okhttp3/mockwebserver/internal/tls/HeldCertificate.java:[-1,-1] Recompile with -Xlint:deprecation for details.
[INFO] 
[INFO] --- maven-resources-plugin:2.6:testResources (default-testResources) @ mockwebserver ---
[INFO] Using 'UTF-8' encoding to copy filtered resources.
[INFO] skip non existing resourceDirectory /home/travis/build/square/okhttp/mockwebserver/src/test/resources
[INFO] 
[INFO] --- maven-compiler-plugin:3.7.0:testCompile (default-testCompile) @ mockwebserver ---
[INFO] Changes detected - recompiling the module!
[INFO] Compiling 2 source files to /home/travis/build/square/okhttp/mockwebserver/target/test-classes
[INFO] 
[INFO] --- maven-surefire-plugin:2.21.0:test (default-test) @ mockwebserver ---
[INFO] Tests are skipped.
[INFO] 
[INFO] --- animal-sniffer-maven-plugin:1.15:check (default) @ mockwebserver ---
[INFO] Checking unresolved references to org.codehaus.mojo.signature:java16:1.1
[INFO] 
[INFO] --- maven-jar-plugin:3.0.2:jar (default-jar) @ mockwebserver ---
[INFO] Building jar: /home/travis/build/square/okhttp/mockwebserver/target/mockwebserver-3.11.0-SNAPSHOT.jar
[INFO] 
[INFO] --- maven-assembly-plugin:3.0.0:single (default) @ mockwebserver ---
[INFO] Building jar: /home/travis/build/square/okhttp/mockwebserver/target/mockwebserver-3.11.0-SNAPSHOT-jar-with-dependencies.jar
[INFO] 
[INFO] --- maven-checkstyle-plugin:2.17:checkstyle (default) @ mockwebserver ---
[INFO] Starting audit...
Audit done.
[WARNING] Unable to locate Source XRef to link to - DISABLED
[INFO] 
[INFO] --- maven-install-plugin:2.4:install (default-install) @ mockwebserver ---
[INFO] Installing /home/travis/build/square/okhttp/mockwebserver/target/mockwebserver-3.11.0-SNAPSHOT.jar to /home/travis/.m2/repository/com/squareup/okhttp3/mockwebserver/3.11.0-SNAPSHOT/mockwebserver-3.11.0-SNAPSHOT.jar
[INFO] Installing /home/travis/build/square/okhttp/mockwebserver/pom.xml to /home/travis/.m2/repository/com/squareup/okhttp3/mockwebserver/3.11.0-SNAPSHOT/mockwebserver-3.11.0-SNAPSHOT.pom
[INFO] Installing /home/travis/build/square/okhttp/mockwebserver/target/mockwebserver-3.11.0-SNAPSHOT-jar-with-dependencies.jar to /home/travis/.m2/repository/com/squareup/okhttp3/mockwebserver/3.11.0-SNAPSHOT/mockwebserver-3.11.0-SNAPSHOT-jar-with-dependencies.jar
[INFO] 
[INFO] ------------------------------------------------------------------------
[INFO] Building OkHttp URLConnection 3.11.0-SNAPSHOT
[INFO] ------------------------------------------------------------------------
[INFO] 
[INFO] --- maven-enforcer-plugin:1.0:enforce (enforce-maven) @ okhttp-urlconnection ---
[INFO] 
[INFO] --- maven-resources-plugin:2.6:resources (default-resources) @ okhttp-urlconnection ---
[INFO] Using 'UTF-8' encoding to copy filtered resources.
[INFO] skip non existing resourceDirectory /home/travis/build/square/okhttp/okhttp-urlconnection/src/main/resources
[INFO] 
[INFO] --- maven-compiler-plugin:3.7.0:compile (default-compile) @ okhttp-urlconnection ---
[INFO] Changes detected - recompiling the module!
[INFO] Compiling 11 source files to /home/travis/build/square/okhttp/okhttp-urlconnection/target/classes
[INFO] /home/travis/build/square/okhttp/okhttp-urlconnection/src/main/java/okhttp3/internal/huc/OkHttpURLConnection.java:[-1,-1] Some input files use or override a deprecated API.
[INFO] /home/travis/build/square/okhttp/okhttp-urlconnection/src/main/java/okhttp3/internal/huc/OkHttpURLConnection.java:[-1,-1] Recompile with -Xlint:deprecation for details.
[INFO] 
[INFO] --- maven-resources-plugin:2.6:testResources (default-testResources) @ okhttp-urlconnection ---
[INFO] Using 'UTF-8' encoding to copy filtered resources.
[INFO] skip non existing resourceDirectory /home/travis/build/square/okhttp/okhttp-urlconnection/src/test/resources
[INFO] 
[INFO] --- maven-compiler-plugin:3.7.0:testCompile (default-testCompile) @ okhttp-urlconnection ---
[INFO] Changes detected - recompiling the module!
[INFO] Compiling 3 source files to /home/travis/build/square/okhttp/okhttp-urlconnection/target/test-classes
[INFO] /home/travis/build/square/okhttp/okhttp-urlconnection/src/test/java/okhttp3/OkUrlFactoryTest.java:[-1,-1] Some input files use or override a deprecated API.
[INFO] /home/travis/build/square/okhttp/okhttp-urlconnection/src/test/java/okhttp3/OkUrlFactoryTest.java:[-1,-1] Recompile with -Xlint:deprecation for details.
[INFO] 
[INFO] --- maven-surefire-plugin:2.21.0:test (default-test) @ okhttp-urlconnection ---
[INFO] Tests are skipped.
[INFO] 
[INFO] --- animal-sniffer-maven-plugin:1.15:check (default) @ okhttp-urlconnection ---
[INFO] Checking unresolved references to org.codehaus.mojo.signature:java16:1.1
[INFO] 
[INFO] --- maven-jar-plugin:3.0.2:jar (default-jar) @ okhttp-urlconnection ---
[INFO] Building jar: /home/travis/build/square/okhttp/okhttp-urlconnection/target/okhttp-urlconnection-3.11.0-SNAPSHOT.jar
[INFO] 
[INFO] --- maven-checkstyle-plugin:2.17:checkstyle (default) @ okhttp-urlconnection ---
[INFO] Starting audit...
Audit done.
[WARNING] Unable to locate Source XRef to link to - DISABLED
[INFO] 
[INFO] --- maven-install-plugin:2.4:install (default-install) @ okhttp-urlconnection ---
[INFO] Installing /home/travis/build/square/okhttp/okhttp-urlconnection/target/okhttp-urlconnection-3.11.0-SNAPSHOT.jar to /home/travis/.m2/repository/com/squareup/okhttp3/okhttp-urlconnection/3.11.0-SNAPSHOT/okhttp-urlconnection-3.11.0-SNAPSHOT.jar
[INFO] Installing /home/travis/build/square/okhttp/okhttp-urlconnection/pom.xml to /home/travis/.m2/repository/com/squareup/okhttp3/okhttp-urlconnection/3.11.0-SNAPSHOT/okhttp-urlconnection-3.11.0-SNAPSHOT.pom
[INFO] 
[INFO] ------------------------------------------------------------------------
[INFO] Building OkHttp Tests 3.11.0-SNAPSHOT
[INFO] ------------------------------------------------------------------------
[INFO] 
[INFO] --- maven-enforcer-plugin:1.0:enforce (enforce-maven) @ okhttp-tests ---
[INFO] 
[INFO] --- maven-resources-plugin:2.6:resources (default-resources) @ okhttp-tests ---
[INFO] Using 'UTF-8' encoding to copy filtered resources.
[INFO] skip non existing resourceDirectory /home/travis/build/square/okhttp/okhttp-tests/src/main/resources
[INFO] 
[INFO] --- maven-compiler-plugin:3.7.0:compile (default-compile) @ okhttp-tests ---
[INFO] Changes detected - recompiling the module!
[INFO] Compiling 1 source file to /home/travis/build/square/okhttp/okhttp-tests/target/classes
[INFO] 
[INFO] --- maven-resources-plugin:2.6:testResources (default-testResources) @ okhttp-tests ---
[INFO] Using 'UTF-8' encoding to copy filtered resources.
[INFO] Copying 1 resource
[INFO] 
[INFO] --- maven-compiler-plugin:3.7.0:testCompile (default-testCompile) @ okhttp-tests ---
[INFO] Changes detected - recompiling the module!
[INFO] Compiling 86 source files to /home/travis/build/square/okhttp/okhttp-tests/target/test-classes
[INFO] /home/travis/build/square/okhttp/okhttp-tests/src/test/java/okhttp3/internal/http/ThreadInterruptTest.java:[-1,-1] Some input files use or override a deprecated API.
[INFO] /home/travis/build/square/okhttp/okhttp-tests/src/test/java/okhttp3/internal/http/ThreadInterruptTest.java:[-1,-1] Recompile with -Xlint:deprecation for details.
[INFO] /home/travis/build/square/okhttp/okhttp-tests/src/test/java/okhttp3/DelegatingSSLSocket.java:[-1,-1] Some input files use unchecked or unsafe operations.
[INFO] /home/travis/build/square/okhttp/okhttp-tests/src/test/java/okhttp3/DelegatingSSLSocket.java:[-1,-1] Recompile with -Xlint:unchecked for details.
[INFO] 
[INFO] --- maven-surefire-plugin:2.21.0:test (default-test) @ okhttp-tests ---
[INFO] Tests are skipped.
[INFO] 
[INFO] --- animal-sniffer-maven-plugin:1.15:check (default) @ okhttp-tests ---
[INFO] Checking unresolved references to org.codehaus.mojo.signature:java16:1.1
[INFO] 
[INFO] --- maven-jar-plugin:2.4:jar (default-jar) @ okhttp-tests ---
[INFO] Building jar: /home/travis/build/square/okhttp/okhttp-tests/target/okhttp-tests-3.11.0-SNAPSHOT.jar
[INFO] 
[INFO] --- maven-assembly-plugin:3.1.0:single (default) @ okhttp-tests ---
[INFO] Building jar: /home/travis/build/square/okhttp/okhttp-tests/target/okhttp-tests-3.11.0-SNAPSHOT-jar-with-dependencies.jar
[INFO] 
[INFO] --- maven-checkstyle-plugin:2.17:checkstyle (default) @ okhttp-tests ---
[INFO] Starting audit...
Audit done.
[WARNING] Unable to locate Source XRef to link to - DISABLED
[INFO] 
[INFO] --- maven-install-plugin:2.4:install (default-install) @ okhttp-tests ---
[INFO] Installing /home/travis/build/square/okhttp/okhttp-tests/target/okhttp-tests-3.11.0-SNAPSHOT.jar to /home/travis/.m2/repository/com/squareup/okhttp3/okhttp-tests/3.11.0-SNAPSHOT/okhttp-tests-3.11.0-SNAPSHOT.jar
[INFO] Installing /home/travis/build/square/okhttp/okhttp-tests/pom.xml to /home/travis/.m2/repository/com/squareup/okhttp3/okhttp-tests/3.11.0-SNAPSHOT/okhttp-tests-3.11.0-SNAPSHOT.pom
[INFO] Installing /home/travis/build/square/okhttp/okhttp-tests/target/okhttp-tests-3.11.0-SNAPSHOT-jar-with-dependencies.jar to /home/travis/.m2/repository/com/squareup/okhttp3/okhttp-tests/3.11.0-SNAPSHOT/okhttp-tests-3.11.0-SNAPSHOT-jar-with-dependencies.jar
[INFO] 
[INFO] ------------------------------------------------------------------------
[INFO] Building OkHttp Android Platform Support 3.11.0-SNAPSHOT
[INFO] ------------------------------------------------------------------------
[INFO] 
[INFO] --- maven-enforcer-plugin:1.0:enforce (enforce-maven) @ okhttp-android-support ---
[INFO] 
[INFO] --- maven-resources-plugin:2.6:resources (default-resources) @ okhttp-android-support ---
[INFO] Using 'UTF-8' encoding to copy filtered resources.
[INFO] skip non existing resourceDirectory /home/travis/build/square/okhttp/okhttp-android-support/src/main/resources
[INFO] 
[INFO] --- maven-compiler-plugin:3.7.0:compile (default-compile) @ okhttp-android-support ---
[INFO] Changes detected - recompiling the module!
[INFO] Compiling 5 source files to /home/travis/build/square/okhttp/okhttp-android-support/target/classes
[INFO] /home/travis/build/square/okhttp/okhttp-android-support/src/main/java/okhttp3/AndroidInternal.java:[-1,-1] /home/travis/build/square/okhttp/okhttp-android-support/src/main/java/okhttp3/AndroidInternal.java uses or overrides a deprecated API.
[INFO] /home/travis/build/square/okhttp/okhttp-android-support/src/main/java/okhttp3/AndroidInternal.java:[-1,-1] Recompile with -Xlint:deprecation for details.
[INFO] 
[INFO] --- maven-resources-plugin:2.6:testResources (default-testResources) @ okhttp-android-support ---
[INFO] Using 'UTF-8' encoding to copy filtered resources.
[INFO] skip non existing resourceDirectory /home/travis/build/square/okhttp/okhttp-android-support/src/test/resources
[INFO] 
[INFO] --- maven-compiler-plugin:3.7.0:testCompile (default-testCompile) @ okhttp-android-support ---
[INFO] Changes detected - recompiling the module!
[INFO] Compiling 6 source files to /home/travis/build/square/okhttp/okhttp-android-support/target/test-classes
[INFO] /home/travis/build/square/okhttp/okhttp-android-support/src/test/java/okhttp3/android/HttpResponseCacheTest.java:[-1,-1] Some input files use or override a deprecated API.
[INFO] /home/travis/build/square/okhttp/okhttp-android-support/src/test/java/okhttp3/android/HttpResponseCacheTest.java:[-1,-1] Recompile with -Xlint:deprecation for details.
[INFO] 
[INFO] --- maven-surefire-plugin:2.21.0:test (default-test) @ okhttp-android-support ---
[INFO] Tests are skipped.
[INFO] 
[INFO] --- animal-sniffer-maven-plugin:1.15:check (default) @ okhttp-android-support ---
[INFO] Checking unresolved references to org.codehaus.mojo.signature:java16:1.1
[INFO] 
[INFO] --- maven-jar-plugin:3.0.2:jar (default-jar) @ okhttp-android-support ---
[INFO] Building jar: /home/travis/build/square/okhttp/okhttp-android-support/target/okhttp-android-support-3.11.0-SNAPSHOT.jar
[INFO] 
[INFO] --- maven-checkstyle-plugin:2.17:checkstyle (default) @ okhttp-android-support ---
[INFO] Starting audit...
Audit done.
[WARNING] Unable to locate Source XRef to link to - DISABLED
[INFO] 
[INFO] --- maven-install-plugin:2.4:install (default-install) @ okhttp-android-support ---
[INFO] Installing /home/travis/build/square/okhttp/okhttp-android-support/target/okhttp-android-support-3.11.0-SNAPSHOT.jar to /home/travis/.m2/repository/com/squareup/okhttp3/okhttp-android-support/3.11.0-SNAPSHOT/okhttp-android-support-3.11.0-SNAPSHOT.jar
[INFO] Installing /home/travis/build/square/okhttp/okhttp-android-support/pom.xml to /home/travis/.m2/repository/com/squareup/okhttp3/okhttp-android-support/3.11.0-SNAPSHOT/okhttp-android-support-3.11.0-SNAPSHOT.pom
[INFO] 
[INFO] ------------------------------------------------------------------------
[INFO] Building OkHttp Apache HttpClient 3.11.0-SNAPSHOT
[INFO] ------------------------------------------------------------------------
[INFO] 
[INFO] --- maven-enforcer-plugin:1.0:enforce (enforce-maven) @ okhttp-apache ---
[INFO] 
[INFO] --- maven-resources-plugin:2.6:resources (default-resources) @ okhttp-apache ---
[INFO] Using 'UTF-8' encoding to copy filtered resources.
[INFO] skip non existing resourceDirectory /home/travis/build/square/okhttp/okhttp-apache/src/main/resources
[INFO] 
[INFO] --- maven-compiler-plugin:3.7.0:compile (default-compile) @ okhttp-apache ---
[INFO] Changes detected - recompiling the module!
[INFO] Compiling 2 source files to /home/travis/build/square/okhttp/okhttp-apache/target/classes
[INFO] 
[INFO] --- maven-resources-plugin:2.6:testResources (default-testResources) @ okhttp-apache ---
[INFO] Using 'UTF-8' encoding to copy filtered resources.
[INFO] skip non existing resourceDirectory /home/travis/build/square/okhttp/okhttp-apache/src/test/resources
[INFO] 
[INFO] --- maven-compiler-plugin:3.7.0:testCompile (default-testCompile) @ okhttp-apache ---
[INFO] Changes detected - recompiling the module!
[INFO] Compiling 1 source file to /home/travis/build/square/okhttp/okhttp-apache/target/test-classes
[INFO] /home/travis/build/square/okhttp/okhttp-apache/src/test/java/okhttp3/apache/OkApacheClientTest.java:[-1,-1] /home/travis/build/square/okhttp/okhttp-apache/src/test/java/okhttp3/apache/OkApacheClientTest.java uses or overrides a deprecated API.
[INFO] /home/travis/build/square/okhttp/okhttp-apache/src/test/java/okhttp3/apache/OkApacheClientTest.java:[-1,-1] Recompile with -Xlint:deprecation for details.
[INFO] 
[INFO] --- maven-surefire-plugin:2.21.0:test (default-test) @ okhttp-apache ---
[INFO] Tests are skipped.
[INFO] 
[INFO] --- animal-sniffer-maven-plugin:1.15:check (default) @ okhttp-apache ---
[INFO] Checking unresolved references to org.codehaus.mojo.signature:java16:1.1
[INFO] 
[INFO] --- maven-jar-plugin:3.0.2:jar (default-jar) @ okhttp-apache ---
[INFO] Building jar: /home/travis/build/square/okhttp/okhttp-apache/target/okhttp-apache-3.11.0-SNAPSHOT.jar
[INFO] 
[INFO] --- maven-checkstyle-plugin:2.17:checkstyle (default) @ okhttp-apache ---
[INFO] Starting audit...
Audit done.
[WARNING] Unable to locate Source XRef to link to - DISABLED
[INFO] 
[INFO] --- maven-install-plugin:2.4:install (default-install) @ okhttp-apache ---
[INFO] Installing /home/travis/build/square/okhttp/okhttp-apache/target/okhttp-apache-3.11.0-SNAPSHOT.jar to /home/travis/.m2/repository/com/squareup/okhttp3/okhttp-apache/3.11.0-SNAPSHOT/okhttp-apache-3.11.0-SNAPSHOT.jar
[INFO] Installing /home/travis/build/square/okhttp/okhttp-apache/pom.xml to /home/travis/.m2/repository/com/squareup/okhttp3/okhttp-apache/3.11.0-SNAPSHOT/okhttp-apache-3.11.0-SNAPSHOT.pom
[INFO] 
[INFO] ------------------------------------------------------------------------
[INFO] Building OkHttp Server-Sent Events 3.11.0-SNAPSHOT
[INFO] ------------------------------------------------------------------------
[INFO] 
[INFO] --- maven-enforcer-plugin:1.0:enforce (enforce-maven) @ okhttp-sse ---
[INFO] 
[INFO] --- maven-resources-plugin:2.6:resources (default-resources) @ okhttp-sse ---
[INFO] Using 'UTF-8' encoding to copy filtered resources.
[INFO] skip non existing resourceDirectory /home/travis/build/square/okhttp/okhttp-sse/src/main/resources
[INFO] 
[INFO] --- maven-compiler-plugin:3.7.0:compile (default-compile) @ okhttp-sse ---
[INFO] Changes detected - recompiling the module!
[INFO] Compiling 1 source file to /home/travis/build/square/okhttp/okhttp-sse/target/classes
[INFO] 
[INFO] --- maven-resources-plugin:2.6:testResources (default-testResources) @ okhttp-sse ---
[INFO] Using 'UTF-8' encoding to copy filtered resources.
[INFO] skip non existing resourceDirectory /home/travis/build/square/okhttp/okhttp-sse/src/test/resources
[INFO] 
[INFO] --- maven-compiler-plugin:3.7.0:testCompile (default-testCompile) @ okhttp-sse ---
[INFO] Changes detected - recompiling the module!
[INFO] Compiling 2 source files to /home/travis/build/square/okhttp/okhttp-sse/target/test-classes
[INFO] 
[INFO] --- maven-surefire-plugin:2.21.0:test (default-test) @ okhttp-sse ---
[INFO] Tests are skipped.
[INFO] 
[INFO] --- animal-sniffer-maven-plugin:1.15:check (default) @ okhttp-sse ---
[INFO] Checking unresolved references to org.codehaus.mojo.signature:java16:1.1
[INFO] 
[INFO] --- maven-jar-plugin:2.4:jar (default-jar) @ okhttp-sse ---
[INFO] Building jar: /home/travis/build/square/okhttp/okhttp-sse/target/okhttp-sse-3.11.0-SNAPSHOT.jar
[INFO] 
[INFO] --- maven-checkstyle-plugin:2.17:checkstyle (default) @ okhttp-sse ---
[INFO] Starting audit...
Audit done.
[WARNING] Unable to locate Source XRef to link to - DISABLED
[INFO] 
[INFO] --- maven-install-plugin:2.4:install (default-install) @ okhttp-sse ---
[INFO] Installing /home/travis/build/square/okhttp/okhttp-sse/target/okhttp-sse-3.11.0-SNAPSHOT.jar to /home/travis/.m2/repository/com/squareup/okhttp3/okhttp-sse/3.11.0-SNAPSHOT/okhttp-sse-3.11.0-SNAPSHOT.jar
[INFO] Installing /home/travis/build/square/okhttp/okhttp-sse/pom.xml to /home/travis/.m2/repository/com/squareup/okhttp3/okhttp-sse/3.11.0-SNAPSHOT/okhttp-sse-3.11.0-SNAPSHOT.pom
[INFO] 
[INFO] ------------------------------------------------------------------------
[INFO] Building OkHttp Logging Interceptor 3.11.0-SNAPSHOT
[INFO] ------------------------------------------------------------------------
[INFO] 
[INFO] --- maven-enforcer-plugin:1.0:enforce (enforce-maven) @ logging-interceptor ---
[INFO] 
[INFO] --- maven-resources-plugin:2.6:resources (default-resources) @ logging-interceptor ---
[INFO] Using 'UTF-8' encoding to copy filtered resources.
[INFO] skip non existing resourceDirectory /home/travis/build/square/okhttp/okhttp-logging-interceptor/src/main/resources
[INFO] 
[INFO] --- maven-compiler-plugin:3.7.0:compile (default-compile) @ logging-interceptor ---
[INFO] Changes detected - recompiling the module!
[INFO] Compiling 2 source files to /home/travis/build/square/okhttp/okhttp-logging-interceptor/target/classes
[INFO] 
[INFO] --- maven-resources-plugin:2.6:testResources (default-testResources) @ logging-interceptor ---
[INFO] Using 'UTF-8' encoding to copy filtered resources.
[INFO] skip non existing resourceDirectory /home/travis/build/square/okhttp/okhttp-logging-interceptor/src/test/resources
[INFO] 
[INFO] --- maven-compiler-plugin:3.7.0:testCompile (default-testCompile) @ logging-interceptor ---
[INFO] Changes detected - recompiling the module!
[INFO] Compiling 1 source file to /home/travis/build/square/okhttp/okhttp-logging-interceptor/target/test-classes
[INFO] 
[INFO] --- maven-surefire-plugin:2.21.0:test (default-test) @ logging-interceptor ---
[INFO] Tests are skipped.
[INFO] 
[INFO] --- animal-sniffer-maven-plugin:1.15:check (default) @ logging-interceptor ---
[INFO] Checking unresolved references to org.codehaus.mojo.signature:java16:1.1
[INFO] 
[INFO] --- maven-jar-plugin:3.0.2:jar (default-jar) @ logging-interceptor ---
[INFO] Building jar: /home/travis/build/square/okhttp/okhttp-logging-interceptor/target/logging-interceptor-3.11.0-SNAPSHOT.jar
[INFO] 
[INFO] --- maven-checkstyle-plugin:2.17:checkstyle (default) @ logging-interceptor ---
[INFO] Starting audit...
Audit done.
[WARNING] Unable to locate Source XRef to link to - DISABLED
[INFO] 
[INFO] --- maven-install-plugin:2.4:install (default-install) @ logging-interceptor ---
[INFO] Installing /home/travis/build/square/okhttp/okhttp-logging-interceptor/target/logging-interceptor-3.11.0-SNAPSHOT.jar to /home/travis/.m2/repository/com/squareup/okhttp3/logging-interceptor/3.11.0-SNAPSHOT/logging-interceptor-3.11.0-SNAPSHOT.jar
[INFO] Installing /home/travis/build/square/okhttp/okhttp-logging-interceptor/pom.xml to /home/travis/.m2/repository/com/squareup/okhttp3/logging-interceptor/3.11.0-SNAPSHOT/logging-interceptor-3.11.0-SNAPSHOT.pom
[INFO] 
[INFO] ------------------------------------------------------------------------
[INFO] Building OkHttp DNS over HTTPS 3.11.0-SNAPSHOT
[INFO] ------------------------------------------------------------------------
[INFO] 
[INFO] --- maven-enforcer-plugin:1.0:enforce (enforce-maven) @ okhttp-dnsoverhttps ---
[INFO] 
[INFO] --- maven-resources-plugin:2.6:resources (default-resources) @ okhttp-dnsoverhttps ---
[INFO] Using 'UTF-8' encoding to copy filtered resources.
[INFO] skip non existing resourceDirectory /home/travis/build/square/okhttp/okhttp-dnsoverhttps/src/main/resources
[INFO] 
[INFO] --- maven-compiler-plugin:3.7.0:compile (default-compile) @ okhttp-dnsoverhttps ---
[INFO] Changes detected - recompiling the module!
[INFO] Compiling 5 source files to /home/travis/build/square/okhttp/okhttp-dnsoverhttps/target/classes
[INFO] 
[INFO] --- maven-resources-plugin:2.6:testResources (default-testResources) @ okhttp-dnsoverhttps ---
[INFO] Using 'UTF-8' encoding to copy filtered resources.
[INFO] skip non existing resourceDirectory /home/travis/build/square/okhttp/okhttp-dnsoverhttps/src/test/resources
[INFO] 
[INFO] --- maven-compiler-plugin:3.7.0:testCompile (default-testCompile) @ okhttp-dnsoverhttps ---
[INFO] Changes detected - recompiling the module!
[INFO] Compiling 4 source files to /home/travis/build/square/okhttp/okhttp-dnsoverhttps/target/test-classes
[INFO] 
[INFO] --- maven-surefire-plugin:2.21.0:test (default-test) @ okhttp-dnsoverhttps ---
[INFO] Tests are skipped.
[INFO] 
[INFO] --- animal-sniffer-maven-plugin:1.15:check (default) @ okhttp-dnsoverhttps ---
[INFO] Checking unresolved references to org.codehaus.mojo.signature:java16:1.1
[INFO] 
[INFO] --- maven-jar-plugin:3.0.2:jar (default-jar) @ okhttp-dnsoverhttps ---
[INFO] Building jar: /home/travis/build/square/okhttp/okhttp-dnsoverhttps/target/okhttp-dnsoverhttps-3.11.0-SNAPSHOT.jar
[INFO] 
[INFO] --- maven-checkstyle-plugin:2.17:checkstyle (default) @ okhttp-dnsoverhttps ---
[INFO] Starting audit...
Audit done.
[WARNING] Unable to locate Source XRef to link to - DISABLED
[INFO] 
[INFO] --- maven-install-plugin:2.4:install (default-install) @ okhttp-dnsoverhttps ---
[INFO] Installing /home/travis/build/square/okhttp/okhttp-dnsoverhttps/target/okhttp-dnsoverhttps-3.11.0-SNAPSHOT.jar to /home/travis/.m2/repository/com/squareup/okhttp3/okhttp-dnsoverhttps/3.11.0-SNAPSHOT/okhttp-dnsoverhttps-3.11.0-SNAPSHOT.jar
[INFO] Installing /home/travis/build/square/okhttp/okhttp-dnsoverhttps/pom.xml to /home/travis/.m2/repository/com/squareup/okhttp3/okhttp-dnsoverhttps/3.11.0-SNAPSHOT/okhttp-dnsoverhttps-3.11.0-SNAPSHOT.pom
[INFO] 
[INFO] ------------------------------------------------------------------------
[INFO] Building OkCurl 3.11.0-SNAPSHOT
[INFO] ------------------------------------------------------------------------
[INFO] 
[INFO] --- maven-enforcer-plugin:1.0:enforce (enforce-maven) @ okcurl ---
[INFO] 
[INFO] --- maven-resources-plugin:2.6:resources (default-resources) @ okcurl ---
[INFO] Using 'UTF-8' encoding to copy filtered resources.
[INFO] Copying 1 resource
[INFO] 
[INFO] --- maven-compiler-plugin:3.7.0:compile (default-compile) @ okcurl ---
[INFO] Changes detected - recompiling the module!
[INFO] Compiling 1 source file to /home/travis/build/square/okhttp/okcurl/target/classes
[INFO] 
[INFO] --- maven-resources-plugin:2.6:testResources (default-testResources) @ okcurl ---
[INFO] Using 'UTF-8' encoding to copy filtered resources.
[INFO] skip non existing resourceDirectory /home/travis/build/square/okhttp/okcurl/src/test/resources
[INFO] 
[INFO] --- maven-compiler-plugin:3.7.0:testCompile (default-testCompile) @ okcurl ---
[INFO] Changes detected - recompiling the module!
[INFO] Compiling 1 source file to /home/travis/build/square/okhttp/okcurl/target/test-classes
[INFO] 
[INFO] --- maven-surefire-plugin:2.21.0:test (default-test) @ okcurl ---
[INFO] Tests are skipped.
[INFO] 
[INFO] --- animal-sniffer-maven-plugin:1.15:check (default) @ okcurl ---
[INFO] Checking unresolved references to org.codehaus.mojo.signature:java16:1.1
[INFO] 
[INFO] --- maven-jar-plugin:3.0.2:jar (default-jar) @ okcurl ---
[INFO] Building jar: /home/travis/build/square/okhttp/okcurl/target/okcurl-3.11.0-SNAPSHOT.jar
[INFO] 
[INFO] --- maven-assembly-plugin:3.0.0:single (default) @ okcurl ---
[INFO] Building jar: /home/travis/build/square/okhttp/okcurl/target/okcurl-3.11.0-SNAPSHOT-jar-with-dependencies.jar
[INFO] 
[INFO] --- really-executable-jar-maven-plugin:1.1.0:really-executable-jar (default) @ okcurl ---
[INFO] 
[INFO] --- maven-checkstyle-plugin:2.17:checkstyle (default) @ okcurl ---
[INFO] Starting audit...
Audit done.
[WARNING] Unable to locate Source XRef to link to - DISABLED
[INFO] 
[INFO] --- maven-install-plugin:2.4:install (default-install) @ okcurl ---
[INFO] Installing /home/travis/build/square/okhttp/okcurl/target/okcurl-3.11.0-SNAPSHOT.jar to /home/travis/.m2/repository/com/squareup/okhttp3/okcurl/3.11.0-SNAPSHOT/okcurl-3.11.0-SNAPSHOT.jar
[INFO] Installing /home/travis/build/square/okhttp/okcurl/pom.xml to /home/travis/.m2/repository/com/squareup/okhttp3/okcurl/3.11.0-SNAPSHOT/okcurl-3.11.0-SNAPSHOT.pom
[INFO] Installing /home/travis/build/square/okhttp/okcurl/target/okcurl-3.11.0-SNAPSHOT-jar-with-dependencies.jar to /home/travis/.m2/repository/com/squareup/okhttp3/okcurl/3.11.0-SNAPSHOT/okcurl-3.11.0-SNAPSHOT-jar-with-dependencies.jar
[INFO] 
[INFO] ------------------------------------------------------------------------
[INFO] Building Samples (Parent) 3.11.0-SNAPSHOT
[INFO] ------------------------------------------------------------------------
[INFO] 
[INFO] --- maven-enforcer-plugin:1.0:enforce (enforce-maven) @ sample-parent ---
[INFO] 
[INFO] --- maven-checkstyle-plugin:2.17:checkstyle (default) @ sample-parent ---
[INFO] 
[INFO] --- maven-install-plugin:2.4:install (default-install) @ sample-parent ---
[INFO] Installing /home/travis/build/square/okhttp/samples/pom.xml to /home/travis/.m2/repository/com/squareup/okhttp3/sample/sample-parent/3.11.0-SNAPSHOT/sample-parent-3.11.0-SNAPSHOT.pom
[INFO] 
[INFO] ------------------------------------------------------------------------
[INFO] Building Sample: Guide 3.11.0-SNAPSHOT
[INFO] ------------------------------------------------------------------------
[INFO] 
[INFO] --- maven-enforcer-plugin:1.0:enforce (enforce-maven) @ guide ---
[INFO] 
[INFO] --- maven-resources-plugin:2.6:resources (default-resources) @ guide ---
[INFO] Using 'UTF-8' encoding to copy filtered resources.
[INFO] skip non existing resourceDirectory /home/travis/build/square/okhttp/samples/guide/src/main/resources
[INFO] 
[INFO] --- maven-compiler-plugin:3.7.0:compile (default-compile) @ guide ---
[INFO] Changes detected - recompiling the module!
[INFO] Compiling 28 source files to /home/travis/build/square/okhttp/samples/guide/target/classes
[INFO] 
[INFO] --- maven-resources-plugin:2.6:testResources (default-testResources) @ guide ---
[INFO] Using 'UTF-8' encoding to copy filtered resources.
[INFO] skip non existing resourceDirectory /home/travis/build/square/okhttp/samples/guide/src/test/resources
[INFO] 
[INFO] --- maven-compiler-plugin:3.7.0:testCompile (default-testCompile) @ guide ---
[INFO] No sources to compile
[INFO] 
[INFO] --- maven-surefire-plugin:2.21.0:test (default-test) @ guide ---
[INFO] Tests are skipped.
[INFO] 
[INFO] --- maven-jar-plugin:2.4:jar (default-jar) @ guide ---
[INFO] Building jar: /home/travis/build/square/okhttp/samples/guide/target/guide-3.11.0-SNAPSHOT.jar
[INFO] 
[INFO] --- maven-checkstyle-plugin:2.17:checkstyle (default) @ guide ---
[INFO] Starting audit...
Audit done.
[WARNING] Unable to locate Source XRef to link to - DISABLED
[INFO] 
[INFO] --- maven-install-plugin:2.4:install (default-install) @ guide ---
[INFO] Installing /home/travis/build/square/okhttp/samples/guide/target/guide-3.11.0-SNAPSHOT.jar to /home/travis/.m2/repository/com/squareup/okhttp3/sample/guide/3.11.0-SNAPSHOT/guide-3.11.0-SNAPSHOT.jar
[INFO] Installing /home/travis/build/square/okhttp/samples/guide/pom.xml to /home/travis/.m2/repository/com/squareup/okhttp3/sample/guide/3.11.0-SNAPSHOT/guide-3.11.0-SNAPSHOT.pom
[INFO] 
[INFO] ------------------------------------------------------------------------
[INFO] Building Sample: Crawler 3.11.0-SNAPSHOT
[INFO] ------------------------------------------------------------------------
[INFO] 
[INFO] --- maven-enforcer-plugin:1.0:enforce (enforce-maven) @ crawler ---
[INFO] 
[INFO] --- maven-resources-plugin:2.6:resources (default-resources) @ crawler ---
[INFO] Using 'UTF-8' encoding to copy filtered resources.
[INFO] skip non existing resourceDirectory /home/travis/build/square/okhttp/samples/crawler/src/main/resources
[INFO] 
[INFO] --- maven-compiler-plugin:3.7.0:compile (default-compile) @ crawler ---
[INFO] Changes detected - recompiling the module!
[INFO] Compiling 1 source file to /home/travis/build/square/okhttp/samples/crawler/target/classes
[INFO] 
[INFO] --- maven-resources-plugin:2.6:testResources (default-testResources) @ crawler ---
[INFO] Using 'UTF-8' encoding to copy filtered resources.
[INFO] skip non existing resourceDirectory /home/travis/build/square/okhttp/samples/crawler/src/test/resources
[INFO] 
[INFO] --- maven-compiler-plugin:3.7.0:testCompile (default-testCompile) @ crawler ---
[INFO] No sources to compile
[INFO] 
[INFO] --- maven-surefire-plugin:2.21.0:test (default-test) @ crawler ---
[INFO] Tests are skipped.
[INFO] 
[INFO] --- maven-jar-plugin:2.4:jar (default-jar) @ crawler ---
[INFO] Building jar: /home/travis/build/square/okhttp/samples/crawler/target/crawler-3.11.0-SNAPSHOT.jar
[INFO] 
[INFO] --- maven-checkstyle-plugin:2.17:checkstyle (default) @ crawler ---
[INFO] Starting audit...
Audit done.
[WARNING] Unable to locate Source XRef to link to - DISABLED
[INFO] 
[INFO] --- maven-install-plugin:2.4:install (default-install) @ crawler ---
[INFO] Installing /home/travis/build/square/okhttp/samples/crawler/target/crawler-3.11.0-SNAPSHOT.jar to /home/travis/.m2/repository/com/squareup/okhttp3/sample/crawler/3.11.0-SNAPSHOT/crawler-3.11.0-SNAPSHOT.jar
[INFO] Installing /home/travis/build/square/okhttp/samples/crawler/pom.xml to /home/travis/.m2/repository/com/squareup/okhttp3/sample/crawler/3.11.0-SNAPSHOT/crawler-3.11.0-SNAPSHOT.pom
[INFO] 
[INFO] ------------------------------------------------------------------------
[INFO] Building Sample: Simple Client 3.11.0-SNAPSHOT
[INFO] ------------------------------------------------------------------------
[INFO] 
[INFO] --- maven-enforcer-plugin:1.0:enforce (enforce-maven) @ simple-client ---
[INFO] 
[INFO] --- maven-resources-plugin:2.6:resources (default-resources) @ simple-client ---
[INFO] Using 'UTF-8' encoding to copy filtered resources.
[INFO] skip non existing resourceDirectory /home/travis/build/square/okhttp/samples/simple-client/src/main/resources
[INFO] 
[INFO] --- maven-compiler-plugin:3.7.0:compile (default-compile) @ simple-client ---
[INFO] Changes detected - recompiling the module!
[INFO] Compiling 1 source file to /home/travis/build/square/okhttp/samples/simple-client/target/classes
[INFO] 
[INFO] --- maven-resources-plugin:2.6:testResources (default-testResources) @ simple-client ---
[INFO] Using 'UTF-8' encoding to copy filtered resources.
[INFO] skip non existing resourceDirectory /home/travis/build/square/okhttp/samples/simple-client/src/test/resources
[INFO] 
[INFO] --- maven-compiler-plugin:3.7.0:testCompile (default-testCompile) @ simple-client ---
[INFO] No sources to compile
[INFO] 
[INFO] --- maven-surefire-plugin:2.21.0:test (default-test) @ simple-client ---
[INFO] Tests are skipped.
[INFO] 
[INFO] --- maven-jar-plugin:2.4:jar (default-jar) @ simple-client ---
[INFO] Building jar: /home/travis/build/square/okhttp/samples/simple-client/target/simple-client-3.11.0-SNAPSHOT.jar
[INFO] 
[INFO] --- maven-checkstyle-plugin:2.17:checkstyle (default) @ simple-client ---
[INFO] Starting audit...
Audit done.
[WARNING] Unable to locate Source XRef to link to - DISABLED
[INFO] 
[INFO] --- maven-install-plugin:2.4:install (default-install) @ simple-client ---
[INFO] Installing /home/travis/build/square/okhttp/samples/simple-client/target/simple-client-3.11.0-SNAPSHOT.jar to /home/travis/.m2/repository/com/squareup/okhttp3/sample/simple-client/3.11.0-SNAPSHOT/simple-client-3.11.0-SNAPSHOT.jar
[INFO] Installing /home/travis/build/square/okhttp/samples/simple-client/pom.xml to /home/travis/.m2/repository/com/squareup/okhttp3/sample/simple-client/3.11.0-SNAPSHOT/simple-client-3.11.0-SNAPSHOT.pom
[INFO] 
[INFO] ------------------------------------------------------------------------
[INFO] Building Sample: Slack 3.11.0-SNAPSHOT
[INFO] ------------------------------------------------------------------------
[INFO] 
[INFO] --- maven-enforcer-plugin:1.0:enforce (enforce-maven) @ slack ---
[INFO] 
[INFO] --- maven-resources-plugin:2.6:resources (default-resources) @ slack ---
[INFO] Using 'UTF-8' encoding to copy filtered resources.
[INFO] skip non existing resourceDirectory /home/travis/build/square/okhttp/samples/slack/src/main/resources
[INFO] 
[INFO] --- maven-compiler-plugin:3.7.0:compile (default-compile) @ slack ---
[INFO] Changes detected - recompiling the module!
[INFO] Compiling 6 source files to /home/travis/build/square/okhttp/samples/slack/target/classes
[INFO] 
[INFO] --- maven-resources-plugin:2.6:testResources (default-testResources) @ slack ---
[INFO] Using 'UTF-8' encoding to copy filtered resources.
[INFO] skip non existing resourceDirectory /home/travis/build/square/okhttp/samples/slack/src/test/resources
[INFO] 
[INFO] --- maven-compiler-plugin:3.7.0:testCompile (default-testCompile) @ slack ---
[INFO] No sources to compile
[INFO] 
[INFO] --- maven-surefire-plugin:2.21.0:test (default-test) @ slack ---
[INFO] Tests are skipped.
[INFO] 
[INFO] --- maven-jar-plugin:2.4:jar (default-jar) @ slack ---
[INFO] Building jar: /home/travis/build/square/okhttp/samples/slack/target/slack-3.11.0-SNAPSHOT.jar
[INFO] 
[INFO] --- maven-checkstyle-plugin:2.17:checkstyle (default) @ slack ---
[INFO] Starting audit...
Audit done.
[WARNING] Unable to locate Source XRef to link to - DISABLED
[INFO] 
[INFO] --- maven-install-plugin:2.4:install (default-install) @ slack ---
[INFO] Installing /home/travis/build/square/okhttp/samples/slack/target/slack-3.11.0-SNAPSHOT.jar to /home/travis/.m2/repository/com/squareup/okhttp3/sample/slack/3.11.0-SNAPSHOT/slack-3.11.0-SNAPSHOT.jar
[INFO] Installing /home/travis/build/square/okhttp/samples/slack/pom.xml to /home/travis/.m2/repository/com/squareup/okhttp3/sample/slack/3.11.0-SNAPSHOT/slack-3.11.0-SNAPSHOT.pom
[INFO] 
[INFO] ------------------------------------------------------------------------
[INFO] Building Sample: Static Server 3.11.0-SNAPSHOT
[INFO] ------------------------------------------------------------------------
[INFO] 
[INFO] --- maven-enforcer-plugin:1.0:enforce (enforce-maven) @ static-server ---
[INFO] 
[INFO] --- maven-resources-plugin:2.6:resources (default-resources) @ static-server ---
[INFO] Using 'UTF-8' encoding to copy filtered resources.
[INFO] skip non existing resourceDirectory /home/travis/build/square/okhttp/samples/static-server/src/main/resources
[INFO] 
[INFO] --- maven-compiler-plugin:3.7.0:compile (default-compile) @ static-server ---
[INFO] Changes detected - recompiling the module!
[INFO] Compiling 1 source file to /home/travis/build/square/okhttp/samples/static-server/target/classes
[INFO] 
[INFO] --- maven-resources-plugin:2.6:testResources (default-testResources) @ static-server ---
[INFO] Using 'UTF-8' encoding to copy filtered resources.
[INFO] skip non existing resourceDirectory /home/travis/build/square/okhttp/samples/static-server/src/test/resources
[INFO] 
[INFO] --- maven-compiler-plugin:3.7.0:testCompile (default-testCompile) @ static-server ---
[INFO] No sources to compile
[INFO] 
[INFO] --- maven-surefire-plugin:2.21.0:test (default-test) @ static-server ---
[INFO] Tests are skipped.
[INFO] 
[INFO] --- maven-jar-plugin:2.4:jar (default-jar) @ static-server ---
[INFO] Building jar: /home/travis/build/square/okhttp/samples/static-server/target/static-server-3.11.0-SNAPSHOT.jar
[INFO] 
[INFO] --- maven-shade-plugin:2.1:shade (default) @ static-server ---
[WARNING] Map in class org.apache.maven.plugins.shade.resource.ManifestResourceTransformer declares value type as: class java.util.jar.Attributes but saw: class java.lang.String at runtime
[INFO] Including com.squareup.okhttp3:mockwebserver:jar:3.11.0-SNAPSHOT in the shaded jar.
[INFO] Including com.squareup.okhttp3:okhttp:jar:3.11.0-SNAPSHOT in the shaded jar.
[INFO] Including com.squareup.okio:okio:jar:1.14.0 in the shaded jar.
[INFO] Including org.bouncycastle:bcprov-jdk15on:jar:1.50 in the shaded jar.
[INFO] Including junit:junit:jar:4.12 in the shaded jar.
[INFO] Including org.hamcrest:hamcrest-core:jar:1.3 in the shaded jar.
[INFO] Attaching shaded artifact.
[INFO] 
[INFO] --- maven-checkstyle-plugin:2.17:checkstyle (default) @ static-server ---
[INFO] Starting audit...
Audit done.
[WARNING] Unable to locate Source XRef to link to - DISABLED
[INFO] 
[INFO] --- maven-install-plugin:2.4:install (default-install) @ static-server ---
[INFO] Installing /home/travis/build/square/okhttp/samples/static-server/target/static-server-3.11.0-SNAPSHOT.jar to /home/travis/.m2/repository/com/squareup/okhttp3/sample/static-server/3.11.0-SNAPSHOT/static-server-3.11.0-SNAPSHOT.jar
[INFO] Installing /home/travis/build/square/okhttp/samples/static-server/pom.xml to /home/travis/.m2/repository/com/squareup/okhttp3/sample/static-server/3.11.0-SNAPSHOT/static-server-3.11.0-SNAPSHOT.pom
[INFO] Installing /home/travis/build/square/okhttp/samples/static-server/target/static-server-3.11.0-SNAPSHOT-shaded.jar to /home/travis/.m2/repository/com/squareup/okhttp3/sample/static-server/3.11.0-SNAPSHOT/static-server-3.11.0-SNAPSHOT-shaded.jar
[INFO] 
[INFO] ------------------------------------------------------------------------
[INFO] Building Benchmarks 3.11.0-SNAPSHOT
[INFO] ------------------------------------------------------------------------
[INFO] 
[INFO] --- maven-enforcer-plugin:1.0:enforce (enforce-maven) @ benchmarks ---
[INFO] 
[INFO] --- maven-resources-plugin:2.6:resources (default-resources) @ benchmarks ---
[INFO] Using 'UTF-8' encoding to copy filtered resources.
[INFO] skip non existing resourceDirectory /home/travis/build/square/okhttp/benchmarks/src/main/resources
[INFO] 
[INFO] --- maven-compiler-plugin:3.7.0:compile (default-compile) @ benchmarks ---
[INFO] Changes detected - recompiling the module!
[INFO] Compiling 9 source files to /home/travis/build/square/okhttp/benchmarks/target/classes
[INFO] 
[INFO] --- maven-resources-plugin:2.6:testResources (default-testResources) @ benchmarks ---
[INFO] Using 'UTF-8' encoding to copy filtered resources.
[INFO] skip non existing resourceDirectory /home/travis/build/square/okhttp/benchmarks/src/test/resources
[INFO] 
[INFO] --- maven-compiler-plugin:3.7.0:testCompile (default-testCompile) @ benchmarks ---
[INFO] No sources to compile
[INFO] 
[INFO] --- maven-surefire-plugin:2.21.0:test (default-test) @ benchmarks ---
[INFO] Tests are skipped.
[INFO] 
[INFO] --- maven-jar-plugin:2.4:jar (default-jar) @ benchmarks ---
[INFO] Building jar: /home/travis/build/square/okhttp/benchmarks/target/benchmarks-3.11.0-SNAPSHOT.jar
[INFO] 
[INFO] --- maven-checkstyle-plugin:2.17:checkstyle (default) @ benchmarks ---
[INFO] Starting audit...
Audit done.
[WARNING] Unable to locate Source XRef to link to - DISABLED
[INFO] 
[INFO] --- maven-install-plugin:2.4:install (default-install) @ benchmarks ---
[INFO] Installing /home/travis/build/square/okhttp/benchmarks/target/benchmarks-3.11.0-SNAPSHOT.jar to /home/travis/.m2/repository/com/squareup/okhttp3/benchmarks/3.11.0-SNAPSHOT/benchmarks-3.11.0-SNAPSHOT.jar
[INFO] Installing /home/travis/build/square/okhttp/benchmarks/pom.xml to /home/travis/.m2/repository/com/squareup/okhttp3/benchmarks/3.11.0-SNAPSHOT/benchmarks-3.11.0-SNAPSHOT.pom
[INFO] ------------------------------------------------------------------------
[INFO] Reactor Summary:
[INFO] 
[INFO] OkHttp (Parent) .................................... SUCCESS [  1.801 s]
[INFO] OkHttp ............................................. SUCCESS [ 12.775 s]
[INFO] OkHttp test support classes ........................ SUCCESS [  0.951 s]
[INFO] MockWebServer ...................................... SUCCESS [ 49.932 s]
[INFO] OkHttp URLConnection ............................... SUCCESS [  9.376 s]
[INFO] OkHttp Tests ....................................... SUCCESS [ 20.022 s]
[INFO] OkHttp Android Platform Support .................... SUCCESS [  3.196 s]
[INFO] OkHttp Apache HttpClient ........................... SUCCESS [  1.320 s]
[INFO] OkHttp Server-Sent Events .......................... SUCCESS [  1.254 s]
[INFO] OkHttp Logging Interceptor ......................... SUCCESS [  1.438 s]
[INFO] OkHttp DNS over HTTPS .............................. SUCCESS [  1.266 s]
[INFO] OkCurl ............................................. SUCCESS [ 55.610 s]
[INFO] Samples (Parent) ................................... SUCCESS [  0.007 s]
[INFO] Sample: Guide ...................................... SUCCESS [  1.126 s]
[INFO] Sample: Crawler .................................... SUCCESS [  0.371 s]
[INFO] Sample: Simple Client .............................. SUCCESS [  0.445 s]
[INFO] Sample: Slack ...................................... SUCCESS [  0.512 s]
[INFO] Sample: Static Server .............................. SUCCESS [  1.494 s]
[INFO] Benchmarks ......................................... SUCCESS [  0.989 s]
[INFO] ------------------------------------------------------------------------
[INFO] BUILD SUCCESS
[INFO] ------------------------------------------------------------------------
[INFO] Total time: 02:44 min
[INFO] Finished at: 2018-06-16T15:28:27Z
[INFO] Final Memory: 133M/1071M
[INFO] ------------------------------------------------------------------------

travis_time:end:1cf0bbd0:start=1529162740897910925,finish=1529162907872327576,duration=166974416651[0Ktravis_fold:end:install[0Ktravis_time:start:0e17c632[0K$ mvn test javadoc:jar source:jar -B
Picked up _JAVA_OPTIONS: -Xmx2048m -Xms512m
[INFO] Scanning for projects...
[INFO] ------------------------------------------------------------------------
[INFO] Reactor Build Order:
[INFO] 
[INFO] OkHttp (Parent)
[INFO] OkHttp
[INFO] OkHttp test support classes
[INFO] MockWebServer
[INFO] OkHttp URLConnection
[INFO] OkHttp Tests
[INFO] OkHttp Android Platform Support
[INFO] OkHttp Apache HttpClient
[INFO] OkHttp Server-Sent Events
[INFO] OkHttp Logging Interceptor
[INFO] OkHttp DNS over HTTPS
[INFO] OkCurl
[INFO] Samples (Parent)
[INFO] Sample: Guide
[INFO] Sample: Crawler
[INFO] Sample: Simple Client
[INFO] Sample: Slack
[INFO] Sample: Static Server
[INFO] Benchmarks
[INFO] 
[INFO] ------------------------------------------------------------------------
[INFO] Building OkHttp (Parent) 3.11.0-SNAPSHOT
[INFO] ------------------------------------------------------------------------
[INFO] 
[INFO] --- maven-enforcer-plugin:1.0:enforce (enforce-maven) @ parent ---
[INFO] 
[INFO] --- animal-sniffer-maven-plugin:1.15:check (default) @ parent ---
[INFO] Checking unresolved references to org.codehaus.mojo.signature:java16:1.1
[INFO] 
[INFO] --- maven-javadoc-plugin:2.10.4:jar (default-cli) @ parent ---
[INFO] Not executing Javadoc as the project is not a Java classpath-capable package
[INFO] 
[INFO] >>> maven-source-plugin:3.0.1:jar (default-cli) > generate-sources @ parent >>>
[INFO] 
[INFO] --- maven-enforcer-plugin:1.0:enforce (enforce-maven) @ parent ---
[INFO] 
[INFO] <<< maven-source-plugin:3.0.1:jar (default-cli) < generate-sources @ parent <<<
[INFO] 
[INFO] 
[INFO] --- maven-source-plugin:3.0.1:jar (default-cli) @ parent ---
[INFO] 
[INFO] ------------------------------------------------------------------------
[INFO] Building OkHttp 3.11.0-SNAPSHOT
[INFO] ------------------------------------------------------------------------
[INFO] 
[INFO] --- maven-enforcer-plugin:1.0:enforce (enforce-maven) @ okhttp ---
[INFO] 
[INFO] --- templating-maven-plugin:1.0-alpha-3:filter-sources (default) @ okhttp ---
[INFO] Using 'UTF-8' encoding to copy filtered resources.
[INFO] Copying 1 resource
[INFO] Source directory: /home/travis/build/square/okhttp/okhttp/target/generated-sources/java-templates added.
[INFO] 
[INFO] --- maven-resources-plugin:2.6:resources (default-resources) @ okhttp ---
[INFO] Using 'UTF-8' encoding to copy filtered resources.
[INFO] Copying 2 resources
[INFO] 
[INFO] --- maven-compiler-plugin:3.7.0:compile (default-compile) @ okhttp ---
[INFO] Changes detected - recompiling the module!
[INFO] Compiling 101 source files to /home/travis/build/square/okhttp/okhttp/target/classes
[INFO] /home/travis/build/square/okhttp/okhttp/src/main/java/okhttp3/OkHttpClient.java:[-1,-1] /home/travis/build/square/okhttp/okhttp/src/main/java/okhttp3/OkHttpClient.java uses or overrides a deprecated API.
[INFO] /home/travis/build/square/okhttp/okhttp/src/main/java/okhttp3/OkHttpClient.java:[-1,-1] Recompile with -Xlint:deprecation for details.
[INFO] /home/travis/build/square/okhttp/okhttp/src/main/java/okhttp3/internal/Util.java:[-1,-1] Some input files use unchecked or unsafe operations.
[INFO] /home/travis/build/square/okhttp/okhttp/src/main/java/okhttp3/internal/Util.java:[-1,-1] Recompile with -Xlint:unchecked for details.
[INFO] 
[INFO] --- maven-resources-plugin:2.6:testResources (default-testResources) @ okhttp ---
[INFO] Using 'UTF-8' encoding to copy filtered resources.
[INFO] skip non existing resourceDirectory /home/travis/build/square/okhttp/okhttp/src/test/resources
[INFO] 
[INFO] --- maven-compiler-plugin:3.7.0:testCompile (default-testCompile) @ okhttp ---
[INFO] Nothing to compile - all classes are up to date
[INFO] 
[INFO] --- maven-surefire-plugin:2.21.0:test (default-test) @ okhttp ---
[INFO] 
[INFO] --- animal-sniffer-maven-plugin:1.15:check (default) @ okhttp ---
[INFO] Checking unresolved references to org.codehaus.mojo.signature:java16:1.1
[INFO] 
[INFO] --- maven-javadoc-plugin:2.10.4:jar (default-cli) @ okhttp ---
[INFO] 
Loading source files for package okhttp3...
Constructing Javadoc information...
Standard Doclet version 1.8.0_171
Building tree for all the packages and classes...
Generating /home/travis/build/square/okhttp/okhttp/target/apidocs/okhttp3/Address.html...
Generating /home/travis/build/square/okhttp/okhttp/target/apidocs/okhttp3/Authenticator.html...
Generating /home/travis/build/square/okhttp/okhttp/target/apidocs/okhttp3/Cache.html...
Generating /home/travis/build/square/okhttp/okhttp/target/apidocs/okhttp3/CacheControl.html...
Generating /home/travis/build/square/okhttp/okhttp/target/apidocs/okhttp3/CacheControl.Builder.html...
Generating /home/travis/build/square/okhttp/okhttp/target/apidocs/okhttp3/Call.html...
Generating /home/travis/build/square/okhttp/okhttp/target/apidocs/okhttp3/Call.Factory.html...
Generating /home/travis/build/square/okhttp/okhttp/target/apidocs/okhttp3/Callback.html...
Generating /home/travis/build/square/okhttp/okhttp/target/apidocs/okhttp3/CertificatePinner.html...
Generating /home/travis/build/square/okhttp/okhttp/target/apidocs/okhttp3/CertificatePinner.Builder.html...
Generating /home/travis/build/square/okhttp/okhttp/target/apidocs/okhttp3/Challenge.html...
Generating /home/travis/build/square/okhttp/okhttp/target/apidocs/okhttp3/CipherSuite.html...
Generating /home/travis/build/square/okhttp/okhttp/target/apidocs/okhttp3/Connection.html...
Generating /home/travis/build/square/okhttp/okhttp/target/apidocs/okhttp3/ConnectionPool.html...
Generating /home/travis/build/square/okhttp/okhttp/target/apidocs/okhttp3/ConnectionSpec.html...
Generating /home/travis/build/square/okhttp/okhttp/target/apidocs/okhttp3/ConnectionSpec.Builder.html...
Generating /home/travis/build/square/okhttp/okhttp/target/apidocs/okhttp3/Cookie.html...
Generating /home/travis/build/square/okhttp/okhttp/target/apidocs/okhttp3/Cookie.Builder.html...
Generating /home/travis/build/square/okhttp/okhttp/target/apidocs/okhttp3/CookieJar.html...
Generating /home/travis/build/square/okhttp/okhttp/target/apidocs/okhttp3/Credentials.html...
Generating /home/travis/build/square/okhttp/okhttp/target/apidocs/okhttp3/Dispatcher.html...
Generating /home/travis/build/square/okhttp/okhttp/target/apidocs/okhttp3/Dns.html...
Generating /home/travis/build/square/okhttp/okhttp/target/apidocs/okhttp3/EventListener.html...
Generating /home/travis/build/square/okhttp/okhttp/target/apidocs/okhttp3/EventListener.Factory.html...
Generating /home/travis/build/square/okhttp/okhttp/target/apidocs/okhttp3/FormBody.html...
Generating /home/travis/build/square/okhttp/okhttp/target/apidocs/okhttp3/FormBody.Builder.html...
Generating /home/travis/build/square/okhttp/okhttp/target/apidocs/okhttp3/Handshake.html...
Generating /home/travis/build/square/okhttp/okhttp/target/apidocs/okhttp3/Headers.html...
Generating /home/travis/build/square/okhttp/okhttp/target/apidocs/okhttp3/Headers.Builder.html...
Generating /home/travis/build/square/okhttp/okhttp/target/apidocs/okhttp3/HttpUrl.html...
Generating /home/travis/build/square/okhttp/okhttp/target/apidocs/okhttp3/HttpUrl.Builder.html...
Generating /home/travis/build/square/okhttp/okhttp/target/apidocs/okhttp3/Interceptor.html...
Generating /home/travis/build/square/okhttp/okhttp/target/apidocs/okhttp3/Interceptor.Chain.html...
Generating /home/travis/build/square/okhttp/okhttp/target/apidocs/okhttp3/MediaType.html...
Generating /home/travis/build/square/okhttp/okhttp/target/apidocs/okhttp3/MultipartBody.html...
Generating /home/travis/build/square/okhttp/okhttp/target/apidocs/okhttp3/MultipartBody.Builder.html...
Generating /home/travis/build/square/okhttp/okhttp/target/apidocs/okhttp3/MultipartBody.Part.html...
Generating /home/travis/build/square/okhttp/okhttp/target/apidocs/okhttp3/OkHttpClient.html...
Generating /home/travis/build/square/okhttp/okhttp/target/apidocs/okhttp3/OkHttpClient.Builder.html...
Generating /home/travis/build/square/okhttp/okhttp/target/apidocs/okhttp3/Protocol.html...
Generating /home/travis/build/square/okhttp/okhttp/target/apidocs/okhttp3/Request.html...
Generating /home/travis/build/square/okhttp/okhttp/target/apidocs/okhttp3/Request.Builder.html...
Generating /home/travis/build/square/okhttp/okhttp/target/apidocs/okhttp3/RequestBody.html...
Generating /home/travis/build/square/okhttp/okhttp/target/apidocs/okhttp3/Response.html...
Generating /home/travis/build/square/okhttp/okhttp/target/apidocs/okhttp3/Response.Builder.html...
Generating /home/travis/build/square/okhttp/okhttp/target/apidocs/okhttp3/ResponseBody.html...
Generating /home/travis/build/square/okhttp/okhttp/target/apidocs/okhttp3/Route.html...
Generating /home/travis/build/square/okhttp/okhttp/target/apidocs/okhttp3/TlsVersion.html...
Generating /home/travis/build/square/okhttp/okhttp/target/apidocs/okhttp3/WebSocket.html...
Generating /home/travis/build/square/okhttp/okhttp/target/apidocs/okhttp3/WebSocket.Factory.html...
Generating /home/travis/build/square/okhttp/okhttp/target/apidocs/okhttp3/WebSocketListener.html...
Generating /home/travis/build/square/okhttp/okhttp/target/apidocs/okhttp3/package-frame.html...
Generating /home/travis/build/square/okhttp/okhttp/target/apidocs/okhttp3/package-summary.html...
Generating /home/travis/build/square/okhttp/okhttp/target/apidocs/okhttp3/package-tree.html...
Generating /home/travis/build/square/okhttp/okhttp/target/apidocs/constant-values.html...
Generating /home/travis/build/square/okhttp/okhttp/target/apidocs/okhttp3/class-use/WebSocketListener.html...
Generating /home/travis/build/square/okhttp/okhttp/target/apidocs/okhttp3/class-use/WebSocket.html...
Generating /home/travis/build/square/okhttp/okhttp/target/apidocs/okhttp3/class-use/WebSocket.Factory.html...
Generating /home/travis/build/square/okhttp/okhttp/target/apidocs/okhttp3/class-use/TlsVersion.html...
Generating /home/travis/build/square/okhttp/okhttp/target/apidocs/okhttp3/class-use/Route.html...
Generating /home/travis/build/square/okhttp/okhttp/target/apidocs/okhttp3/class-use/ResponseBody.html...
Generating /home/travis/build/square/okhttp/okhttp/target/apidocs/okhttp3/class-use/Response.html...
Generating /home/travis/build/square/okhttp/okhttp/target/apidocs/okhttp3/class-use/Response.Builder.html...
Generating /home/travis/build/square/okhttp/okhttp/target/apidocs/okhttp3/class-use/RequestBody.html...
Generating /home/travis/build/square/okhttp/okhttp/target/apidocs/okhttp3/class-use/Request.html...
Generating /home/travis/build/square/okhttp/okhttp/target/apidocs/okhttp3/class-use/Request.Builder.html...
Generating /home/travis/build/square/okhttp/okhttp/target/apidocs/okhttp3/class-use/Protocol.html...
Generating /home/travis/build/square/okhttp/okhttp/target/apidocs/okhttp3/class-use/OkHttpClient.html...
Generating /home/travis/build/square/okhttp/okhttp/target/apidocs/okhttp3/class-use/OkHttpClient.Builder.html...
Generating /home/travis/build/square/okhttp/okhttp/target/apidocs/okhttp3/class-use/MultipartBody.html...
Generating /home/travis/build/square/okhttp/okhttp/target/apidocs/okhttp3/class-use/MultipartBody.Part.html...
Generating /home/travis/build/square/okhttp/okhttp/target/apidocs/okhttp3/class-use/MultipartBody.Builder.html...
Generating /home/travis/build/square/okhttp/okhttp/target/apidocs/okhttp3/class-use/MediaType.html...
Generating /home/travis/build/square/okhttp/okhttp/target/apidocs/okhttp3/class-use/Interceptor.html...
Generating /home/travis/build/square/okhttp/okhttp/target/apidocs/okhttp3/class-use/Interceptor.Chain.html...
Generating /home/travis/build/square/okhttp/okhttp/target/apidocs/okhttp3/class-use/HttpUrl.html...
Generating /home/travis/build/square/okhttp/okhttp/target/apidocs/okhttp3/class-use/HttpUrl.Builder.html...
Generating /home/travis/build/square/okhttp/okhttp/target/apidocs/okhttp3/class-use/Headers.html...
Generating /home/travis/build/square/okhttp/okhttp/target/apidocs/okhttp3/class-use/Headers.Builder.html...
Generating /home/travis/build/square/okhttp/okhttp/target/apidocs/okhttp3/class-use/Handshake.html...
Generating /home/travis/build/square/okhttp/okhttp/target/apidocs/okhttp3/class-use/FormBody.html...
Generating /home/travis/build/square/okhttp/okhttp/target/apidocs/okhttp3/class-use/FormBody.Builder.html...
Generating /home/travis/build/square/okhttp/okhttp/target/apidocs/okhttp3/class-use/EventListener.html...
Generating /home/travis/build/square/okhttp/okhttp/target/apidocs/okhttp3/class-use/EventListener.Factory.html...
Generating /home/travis/build/square/okhttp/okhttp/target/apidocs/okhttp3/class-use/Dns.html...
Generating /home/travis/build/square/okhttp/okhttp/target/apidocs/okhttp3/class-use/Dispatcher.html...
Generating /home/travis/build/square/okhttp/okhttp/target/apidocs/okhttp3/class-use/Credentials.html...
Generating /home/travis/build/square/okhttp/okhttp/target/apidocs/okhttp3/class-use/CookieJar.html...
Generating /home/travis/build/square/okhttp/okhttp/target/apidocs/okhttp3/class-use/Cookie.html...
Generating /home/travis/build/square/okhttp/okhttp/target/apidocs/okhttp3/class-use/Cookie.Builder.html...
Generating /home/travis/build/square/okhttp/okhttp/target/apidocs/okhttp3/class-use/ConnectionSpec.html...
Generating /home/travis/build/square/okhttp/okhttp/target/apidocs/okhttp3/class-use/ConnectionSpec.Builder.html...
Generating /home/travis/build/square/okhttp/okhttp/target/apidocs/okhttp3/class-use/ConnectionPool.html...
Generating /home/travis/build/square/okhttp/okhttp/target/apidocs/okhttp3/class-use/Connection.html...
Generating /home/travis/build/square/okhttp/okhttp/target/apidocs/okhttp3/class-use/CipherSuite.html...
Generating /home/travis/build/square/okhttp/okhttp/target/apidocs/okhttp3/class-use/Challenge.html...
Generating /home/travis/build/square/okhttp/okhttp/target/apidocs/okhttp3/class-use/CertificatePinner.html...
Generating /home/travis/build/square/okhttp/okhttp/target/apidocs/okhttp3/class-use/CertificatePinner.Builder.html...
Generating /home/travis/build/square/okhttp/okhttp/target/apidocs/okhttp3/class-use/Callback.html...
Generating /home/travis/build/square/okhttp/okhttp/target/apidocs/okhttp3/class-use/Call.html...
Generating /home/travis/build/square/okhttp/okhttp/target/apidocs/okhttp3/class-use/Call.Factory.html...
Generating /home/travis/build/square/okhttp/okhttp/target/apidocs/okhttp3/class-use/CacheControl.html...
Generating /home/travis/build/square/okhttp/okhttp/target/apidocs/okhttp3/class-use/CacheControl.Builder.html...
Generating /home/travis/build/square/okhttp/okhttp/target/apidocs/okhttp3/class-use/Cache.html...
Generating /home/travis/build/square/okhttp/okhttp/target/apidocs/okhttp3/class-use/Authenticator.html...
Generating /home/travis/build/square/okhttp/okhttp/target/apidocs/okhttp3/class-use/Address.html...
Generating /home/travis/build/square/okhttp/okhttp/target/apidocs/okhttp3/package-use.html...
Building index for all the packages and classes...
Generating /home/travis/build/square/okhttp/okhttp/target/apidocs/overview-tree.html...
Generating /home/travis/build/square/okhttp/okhttp/target/apidocs/index-all.html...
Generating /home/travis/build/square/okhttp/okhttp/target/apidocs/deprecated-list.html...
Building index for all classes...
Generating /home/travis/build/square/okhttp/okhttp/target/apidocs/allclasses-frame.html...
Generating /home/travis/build/square/okhttp/okhttp/target/apidocs/allclasses-noframe.html...
Generating /home/travis/build/square/okhttp/okhttp/target/apidocs/index.html...
Generating /home/travis/build/square/okhttp/okhttp/target/apidocs/help-doc.html...
100 warnings
[WARNING] Javadoc Warnings
[WARNING] Picked up _JAVA_OPTIONS: -Xmx2048m -Xms512m
[WARNING] javadoc: warning - Error fetching URL: http://square.github.io/okio/
[WARNING] /home/travis/build/square/okhttp/okhttp/src/main/java/okhttp3/Address.java:92: warning: no @return
[WARNING] public HttpUrl url() {
[WARNING] ^
[WARNING] /home/travis/build/square/okhttp/okhttp/src/main/java/okhttp3/Address.java:97: warning: no @return
[WARNING] public Dns dns() {
[WARNING] ^
[WARNING] /home/travis/build/square/okhttp/okhttp/src/main/java/okhttp3/Address.java:102: warning: no @return
[WARNING] public SocketFactory socketFactory() {
[WARNING] ^
[WARNING] /home/travis/build/square/okhttp/okhttp/src/main/java/okhttp3/Address.java:107: warning: no @return
[WARNING] public Authenticator proxyAuthenticator() {
[WARNING] ^
[WARNING] /home/travis/build/square/okhttp/okhttp/src/main/java/okhttp3/Address.java:115: warning: no @return
[WARNING] public List<Protocol> protocols() {
[WARNING] ^
[WARNING] /home/travis/build/square/okhttp/okhttp/src/main/java/okhttp3/Address.java:127: warning: no @return
[WARNING] public ProxySelector proxySelector() {
[WARNING] ^
[WARNING] /home/travis/build/square/okhttp/okhttp/src/main/java/okhttp3/Address.java:135: warning: no @return
[WARNING] public @Nullable Proxy proxy() {
[WARNING] ^
[WARNING] /home/travis/build/square/okhttp/okhttp/src/main/java/okhttp3/Address.java:140: warning: no @return
[WARNING] public @Nullable SSLSocketFactory sslSocketFactory() {
[WARNING] ^
[WARNING] /home/travis/build/square/okhttp/okhttp/src/main/java/okhttp3/Address.java:145: warning: no @return
[WARNING] public @Nullable HostnameVerifier hostnameVerifier() {
[WARNING] ^
[WARNING] /home/travis/build/square/okhttp/okhttp/src/main/java/okhttp3/Address.java:150: warning: no @return
[WARNING] public @Nullable CertificatePinner certificatePinner() {
[WARNING] ^
[WARNING] /home/travis/build/square/okhttp/okhttp/src/main/java/okhttp3/Authenticator.java:74: warning: no @param for route
[WARNING] @Nullable Request authenticate(Route route, Response response) throws IOException;
[WARNING] ^
[WARNING] /home/travis/build/square/okhttp/okhttp/src/main/java/okhttp3/Authenticator.java:74: warning: no @param for response
[WARNING] @Nullable Request authenticate(Route route, Response response) throws IOException;
[WARNING] ^
[WARNING] /home/travis/build/square/okhttp/okhttp/src/main/java/okhttp3/Authenticator.java:74: warning: no @return
[WARNING] @Nullable Request authenticate(Route route, Response response) throws IOException;
[WARNING] ^
[WARNING] /home/travis/build/square/okhttp/okhttp/src/main/java/okhttp3/Authenticator.java:74: warning: no @throws for java.io.IOException
[WARNING] @Nullable Request authenticate(Route route, Response response) throws IOException;
[WARNING] ^
[WARNING] /home/travis/build/square/okhttp/okhttp/src/main/java/okhttp3/Cache.java:298: warning: no @throws for java.io.IOException
[WARNING] public void initialize() throws IOException {
[WARNING] ^
[WARNING] /home/travis/build/square/okhttp/okhttp/src/main/java/okhttp3/Cache.java:306: warning: no @throws for java.io.IOException
[WARNING] public void delete() throws IOException {
[WARNING] ^
[WARNING] /home/travis/build/square/okhttp/okhttp/src/main/java/okhttp3/Cache.java:314: warning: no @throws for java.io.IOException
[WARNING] public void evictAll() throws IOException {
[WARNING] ^
[WARNING] /home/travis/build/square/okhttp/okhttp/src/main/java/okhttp3/Cache.java:327: warning: no @return
[WARNING] public Iterator<String> urls() throws IOException {
[WARNING] ^
[WARNING] /home/travis/build/square/okhttp/okhttp/src/main/java/okhttp3/Cache.java:327: warning: no @throws for java.io.IOException
[WARNING] public Iterator<String> urls() throws IOException {
[WARNING] ^
[WARNING] /home/travis/build/square/okhttp/okhttp/src/main/java/okhttp3/CacheControl.java:86: warning: no @return
[WARNING] public boolean noCache() {
[WARNING] ^
[WARNING] /home/travis/build/square/okhttp/okhttp/src/main/java/okhttp3/CacheControl.java:91: warning: no @return
[WARNING] public boolean noStore() {
[WARNING] ^
[WARNING] /home/travis/build/square/okhttp/okhttp/src/main/java/okhttp3/CacheControl.java:98: warning: no @return
[WARNING] public int maxAgeSeconds() {
[WARNING] ^
[WARNING] /home/travis/build/square/okhttp/okhttp/src/main/java/okhttp3/CacheControl.java:106: warning: no @return
[WARNING] public int sMaxAgeSeconds() {
[WARNING] ^
[WARNING] /home/travis/build/square/okhttp/okhttp/src/main/java/okhttp3/CacheControl.java:136: warning: no @return
[WARNING] public boolean onlyIfCached() {
[WARNING] ^
[WARNING] /home/travis/build/square/okhttp/okhttp/src/main/java/okhttp3/CacheControl.java:152: warning: no @param for headers
[WARNING] public static CacheControl parse(Headers headers) {
[WARNING] ^
[WARNING] /home/travis/build/square/okhttp/okhttp/src/main/java/okhttp3/CacheControl.java:152: warning: no @return
[WARNING] public static CacheControl parse(Headers headers) {
[WARNING] ^
[WARNING] /home/travis/build/square/okhttp/okhttp/src/main/java/okhttp3/CacheControl.java:289: warning: no @return
[WARNING] public Builder noCache() {
[WARNING] ^
[WARNING] /home/travis/build/square/okhttp/okhttp/src/main/java/okhttp3/CacheControl.java:295: warning: no @return
[WARNING] public Builder noStore() {
[WARNING] ^
[WARNING] /home/travis/build/square/okhttp/okhttp/src/main/java/okhttp3/CacheControl.java:307: warning: no @param for timeUnit
[WARNING] public Builder maxAge(int maxAge, TimeUnit timeUnit) {
[WARNING] ^
[WARNING] /home/travis/build/square/okhttp/okhttp/src/main/java/okhttp3/CacheControl.java:307: warning: no @return
[WARNING] public Builder maxAge(int maxAge, TimeUnit timeUnit) {
[WARNING] ^
[WARNING] /home/travis/build/square/okhttp/okhttp/src/main/java/okhttp3/CacheControl.java:323: warning: no @param for timeUnit
[WARNING] public Builder maxStale(int maxStale, TimeUnit timeUnit) {
[WARNING] ^
[WARNING] /home/travis/build/square/okhttp/okhttp/src/main/java/okhttp3/CacheControl.java:323: warning: no @return
[WARNING] public Builder maxStale(int maxStale, TimeUnit timeUnit) {
[WARNING] ^
[WARNING] /home/travis/build/square/okhttp/okhttp/src/main/java/okhttp3/CacheControl.java:340: warning: no @param for timeUnit
[WARNING] public Builder minFresh(int minFresh, TimeUnit timeUnit) {
[WARNING] ^
[WARNING] /home/travis/build/square/okhttp/okhttp/src/main/java/okhttp3/CacheControl.java:340: warning: no @return
[WARNING] public Builder minFresh(int minFresh, TimeUnit timeUnit) {
[WARNING] ^
[WARNING] /home/travis/build/square/okhttp/okhttp/src/main/java/okhttp3/CacheControl.java:353: warning: no @return
[WARNING] public Builder onlyIfCached() {
[WARNING] ^
[WARNING] /home/travis/build/square/okhttp/okhttp/src/main/java/okhttp3/CacheControl.java:359: warning: no @return
[WARNING] public Builder noTransform() {
[WARNING] ^
[WARNING] /home/travis/build/square/okhttp/okhttp/src/main/java/okhttp3/Call.java:26: warning: no @return
[WARNING] Request request();
[WARNING] ^
[WARNING] /home/travis/build/square/okhttp/okhttp/src/main/java/okhttp3/Call.java:57: warning: no @return
[WARNING] Response execute() throws IOException;
[WARNING] ^
[WARNING] /home/travis/build/square/okhttp/okhttp/src/main/java/okhttp3/Call.java:70: warning: no @param for responseCallback
[WARNING] void enqueue(Callback responseCallback);
[WARNING] ^
[WARNING] /home/travis/build/square/okhttp/okhttp/src/main/java/okhttp3/Call.java:79: warning: no @return
[WARNING] boolean isExecuted();
[WARNING] ^
[WARNING] /home/travis/build/square/okhttp/okhttp/src/main/java/okhttp3/Call.java:87: warning: no @return
[WARNING] Call clone();
[WARNING] ^
[WARNING] /home/travis/build/square/okhttp/okhttp/src/main/java/okhttp3/Callback.java:26: warning: no @param for call
[WARNING] void onFailure(Call call, IOException e);
[WARNING] ^
[WARNING] /home/travis/build/square/okhttp/okhttp/src/main/java/okhttp3/Callback.java:26: warning: no @param for e
[WARNING] void onFailure(Call call, IOException e);
[WARNING] ^
[WARNING] /home/travis/build/square/okhttp/okhttp/src/main/java/okhttp3/Callback.java:38: warning: no @param for call
[WARNING] void onResponse(Call call, Response response) throws IOException;
[WARNING] ^
[WARNING] /home/travis/build/square/okhttp/okhttp/src/main/java/okhttp3/Callback.java:38: warning: no @param for response
[WARNING] void onResponse(Call call, Response response) throws IOException;
[WARNING] ^
[WARNING] /home/travis/build/square/okhttp/okhttp/src/main/java/okhttp3/Callback.java:38: warning: no @throws for java.io.IOException
[WARNING] void onResponse(Call call, Response response) throws IOException;
[WARNING] ^
[WARNING] /home/travis/build/square/okhttp/okhttp/src/main/java/okhttp3/CertificatePinner.java:160: warning: no @param for hostname
[WARNING] public void check(String hostname, List<Certificate> peerCertificates)
[WARNING] ^
[WARNING] /home/travis/build/square/okhttp/okhttp/src/main/java/okhttp3/CertificatePinner.java:160: warning: no @param for peerCertificates
[WARNING] public void check(String hostname, List<Certificate> peerCertificates)
[WARNING] ^
[WARNING] /home/travis/build/square/okhttp/okhttp/src/main/java/okhttp3/CertificatePinner.java:208: warning: no @param for hostname
[WARNING] public void check(String hostname, Certificate... peerCertificates)
[WARNING] ^
[WARNING] /home/travis/build/square/okhttp/okhttp/src/main/java/okhttp3/CertificatePinner.java:208: warning: no @param for peerCertificates
[WARNING] public void check(String hostname, Certificate... peerCertificates)
[WARNING] ^
[WARNING] /home/travis/build/square/okhttp/okhttp/src/main/java/okhttp3/CertificatePinner.java:208: warning: no @throws for javax.net.ssl.SSLPeerUnverifiedException
[WARNING] public void check(String hostname, Certificate... peerCertificates)
[WARNING] ^
[WARNING] /home/travis/build/square/okhttp/okhttp/src/main/java/okhttp3/CertificatePinner.java:242: warning: no @param for certificate
[WARNING] public static String pin(Certificate certificate) {
[WARNING] ^
[WARNING] /home/travis/build/square/okhttp/okhttp/src/main/java/okhttp3/CertificatePinner.java:242: warning: no @return
[WARNING] public static String pin(Certificate certificate) {
[WARNING] ^
[WARNING] /home/travis/build/square/okhttp/okhttp/src/main/java/okhttp3/CertificatePinner.java:330: warning: no @return
[WARNING] public Builder add(String pattern, String... pins) {
[WARNING] ^
[WARNING] /home/travis/build/square/okhttp/okhttp/src/main/java/okhttp3/Challenge.java:43: warning: no @param for charset
[WARNING] public Challenge withCharset(Charset charset) {
[WARNING] ^
[WARNING] /home/travis/build/square/okhttp/okhttp/src/main/java/okhttp3/Challenge.java:43: warning: no @return
[WARNING] public Challenge withCharset(Charset charset) {
[WARNING] ^
[WARNING] /home/travis/build/square/okhttp/okhttp/src/main/java/okhttp3/Challenge.java:48: warning: no @return
[WARNING] public String scheme() {
[WARNING] ^
[WARNING] /home/travis/build/square/okhttp/okhttp/src/main/java/okhttp3/Challenge.java:53: warning: no @return
[WARNING] public String realm() {
[WARNING] ^
[WARNING] /home/travis/build/square/okhttp/okhttp/src/main/java/okhttp3/Challenge.java:58: warning: no @return
[WARNING] public Charset charset() {
[WARNING] ^
[WARNING] /home/travis/build/square/okhttp/okhttp/src/main/java/okhttp3/CipherSuite.java:404: warning: no @return
[WARNING] public static synchronized CipherSuite forJavaName(String javaName) {
[WARNING] ^
[WARNING] /home/travis/build/square/okhttp/okhttp/src/main/java/okhttp3/CipherSuite.java:443: warning: no @return
[WARNING] public String javaName() {
[WARNING] ^
[WARNING] /home/travis/build/square/okhttp/okhttp/src/main/java/okhttp3/Connection.java:73: warning: no @return
[WARNING] Route route();
[WARNING] ^
[WARNING] /home/travis/build/square/okhttp/okhttp/src/main/java/okhttp3/Connection.java:80: warning: no @return
[WARNING] Socket socket();
[WARNING] ^
[WARNING] /home/travis/build/square/okhttp/okhttp/src/main/java/okhttp3/Connection.java:86: warning: no @return
[WARNING] @Nullable Handshake handshake();
[WARNING] ^
[WARNING] /home/travis/build/square/okhttp/okhttp/src/main/java/okhttp3/Connection.java:93: warning: no @return
[WARNING] Protocol protocol();
[WARNING] ^
[WARNING] /home/travis/build/square/okhttp/okhttp/src/main/java/okhttp3/ConnectionPool.java:100: warning: no @return
[WARNING] public synchronized int idleConnectionCount() {
[WARNING] ^
[WARNING] /home/travis/build/square/okhttp/okhttp/src/main/java/okhttp3/ConnectionPool.java:114: warning: no @return
[WARNING] public synchronized int connectionCount() {
[WARNING] ^
[WARNING] /home/travis/build/square/okhttp/okhttp/src/main/java/okhttp3/ConnectionSpec.java:119: warning: no @return
[WARNING] public @Nullable List<CipherSuite> cipherSuites() {
[WARNING] ^
[WARNING] /home/travis/build/square/okhttp/okhttp/src/main/java/okhttp3/ConnectionSpec.java:127: warning: no @return
[WARNING] public @Nullable List<TlsVersion> tlsVersions() {
[WARNING] ^
[WARNING] /home/travis/build/square/okhttp/okhttp/src/main/java/okhttp3/ConnectionSpec.java:186: warning: no @param for socket
[WARNING] public boolean isCompatible(SSLSocket socket) {
[WARNING] ^
[WARNING] /home/travis/build/square/okhttp/okhttp/src/main/java/okhttp3/ConnectionSpec.java:186: warning: no @return
[WARNING] public boolean isCompatible(SSLSocket socket) {
[WARNING] ^
[WARNING] /home/travis/build/square/okhttp/okhttp/src/main/java/okhttp3/Cookie.java:97: warning: no @return
[WARNING] public String name() {
[WARNING] ^
[WARNING] /home/travis/build/square/okhttp/okhttp/src/main/java/okhttp3/Cookie.java:102: warning: no @return
[WARNING] public String value() {
[WARNING] ^
[WARNING] /home/travis/build/square/okhttp/okhttp/src/main/java/okhttp3/Cookie.java:107: warning: no @return
[WARNING] public boolean persistent() {
[WARNING] ^
[WARNING] /home/travis/build/square/okhttp/okhttp/src/main/java/okhttp3/Cookie.java:120: warning: no @return
[WARNING] public long expiresAt() {
[WARNING] ^
[WARNING] /home/travis/build/square/okhttp/okhttp/src/main/java/okhttp3/Cookie.java:134: warning: no @return
[WARNING] public boolean hostOnly() {
[WARNING] ^
[WARNING] /home/travis/build/square/okhttp/okhttp/src/main/java/okhttp3/Cookie.java:142: warning: no @return
[WARNING] public String domain() {
[WARNING] ^
[WARNING] /home/travis/build/square/okhttp/okhttp/src/main/java/okhttp3/Cookie.java:151: warning: no @return
[WARNING] public String path() {
[WARNING] ^
[WARNING] /home/travis/build/square/okhttp/okhttp/src/main/java/okhttp3/Cookie.java:159: warning: no @return
[WARNING] public boolean httpOnly() {
[WARNING] ^
[WARNING] /home/travis/build/square/okhttp/okhttp/src/main/java/okhttp3/Cookie.java:164: warning: no @return
[WARNING] public boolean secure() {
[WARNING] ^
[WARNING] /home/travis/build/square/okhttp/okhttp/src/main/java/okhttp3/Cookie.java:172: warning: no @param for url
[WARNING] public boolean matches(HttpUrl url) {
[WARNING] ^
[WARNING] /home/travis/build/square/okhttp/okhttp/src/main/java/okhttp3/Cookie.java:172: warning: no @return
[WARNING] public boolean matches(HttpUrl url) {
[WARNING] ^
[WARNING] /home/travis/build/square/okhttp/okhttp/src/main/java/okhttp3/Cookie.java:218: warning: no @param for url
[WARNING] public static @Nullable Cookie parse(HttpUrl url, String setCookie) {
[WARNING] ^
[WARNING] /home/travis/build/square/okhttp/okhttp/src/main/java/okhttp3/Cookie.java:218: warning: no @param for setCookie
[WARNING] public static @Nullable Cookie parse(HttpUrl url, String setCookie) {
[WARNING] ^
[WARNING] /home/travis/build/square/okhttp/okhttp/src/main/java/okhttp3/Cookie.java:218: warning: no @return
[WARNING] public static @Nullable Cookie parse(HttpUrl url, String setCookie) {
[WARNING] ^
[WARNING] /home/travis/build/square/okhttp/okhttp/src/main/java/okhttp3/Cookie.java:440: warning: no @param for url
[WARNING] public static List<Cookie> parseAll(HttpUrl url, Headers headers) {
[WARNING] ^
[WARNING] /home/travis/build/square/okhttp/okhttp/src/main/java/okhttp3/Cookie.java:440: warning: no @param for headers
[WARNING] public static List<Cookie> parseAll(HttpUrl url, Headers headers) {
[WARNING] ^
[WARNING] /home/travis/build/square/okhttp/okhttp/src/main/java/okhttp3/Cookie.java:440: warning: no @return
[WARNING] public static List<Cookie> parseAll(HttpUrl url, Headers headers) {
[WARNING] ^
[WARNING] /home/travis/build/square/okhttp/okhttp/src/main/java/okhttp3/Cookie.java:497: warning: no @param for domain
[WARNING] public Builder domain(String domain) {
[WARNING] ^
[WARNING] /home/travis/build/square/okhttp/okhttp/src/main/java/okhttp3/Cookie.java:497: warning: no @return
[WARNING] public Builder domain(String domain) {
[WARNING] ^
[WARNING] /home/travis/build/square/okhttp/okhttp/src/main/java/okhttp3/Cookie.java:505: warning: no @param for domain
[WARNING] public Builder hostOnlyDomain(String domain) {
[WARNING] ^
[WARNING] /home/travis/build/square/okhttp/okhttp/src/main/java/okhttp3/Cookie.java:505: warning: no @return
[WARNING] public Builder hostOnlyDomain(String domain) {
[WARNING] ^
[WARNING] /home/travis/build/square/okhttp/okhttp/src/main/java/okhttp3/CookieJar.java:52: warning: no @param for url
[WARNING] void saveFromResponse(HttpUrl url, List<Cookie> cookies);
[WARNING] ^
[WARNING] /home/travis/build/square/okhttp/okhttp/src/main/java/okhttp3/CookieJar.java:52: warning: no @param for cookies
[WARNING] void saveFromResponse(HttpUrl url, List<Cookie> cookies);
[WARNING] ^
[WARNING] /home/travis/build/square/okhttp/okhttp/src/main/java/okhttp3/CookieJar.java:61: warning: no @param for url
[WARNING] List<Cookie> loadForRequest(HttpUrl url);
[WARNING] ^
[WARNING] /home/travis/build/square/okhttp/okhttp/src/main/java/okhttp3/CookieJar.java:61: warning: no @return
[WARNING] List<Cookie> loadForRequest(HttpUrl url);
[WARNING] ^
[WARNING] /home/travis/build/square/okhttp/okhttp/src/main/java/okhttp3/Credentials.java:29: warning: no @param for username
[WARNING] public static String basic(String username, String password) {
[WARNING] ^
[WARNING] /home/travis/build/square/okhttp/okhttp/src/main/java/okhttp3/Credentials.java:29: warning: no @param for password
[WARNING] public static String basic(String username, String password) {
[WARNING] ^
[WARNING] /home/travis/build/square/okhttp/okhttp/src/main/java/okhttp3/Credentials.java:29: warning: no @return
[WARNING] public static String basic(String username, String password) {
[WARNING] ^
[INFO] Building jar: /home/travis/build/square/okhttp/okhttp/target/okhttp-3.11.0-SNAPSHOT-javadoc.jar
[INFO] 
[INFO] >>> maven-source-plugin:3.0.1:jar (default-cli) > generate-sources @ okhttp >>>
[INFO] 
[INFO] --- maven-enforcer-plugin:1.0:enforce (enforce-maven) @ okhttp ---
[INFO] 
[INFO] --- templating-maven-plugin:1.0-alpha-3:filter-sources (default) @ okhttp ---
[INFO] Using 'UTF-8' encoding to copy filtered resources.
[INFO] Copying 1 resource
[INFO] Source directory: /home/travis/build/square/okhttp/okhttp/target/generated-sources/java-templates added.
[INFO] 
[INFO] <<< maven-source-plugin:3.0.1:jar (default-cli) < generate-sources @ okhttp <<<
[INFO] 
[INFO] 
[INFO] --- maven-source-plugin:3.0.1:jar (default-cli) @ okhttp ---
[INFO] Building jar: /home/travis/build/square/okhttp/okhttp/target/okhttp-3.11.0-SNAPSHOT-sources.jar
[INFO] 
[INFO] ------------------------------------------------------------------------
[INFO] Building OkHttp test support classes 3.11.0-SNAPSHOT
[INFO] ------------------------------------------------------------------------
[INFO] 
[INFO] --- maven-enforcer-plugin:1.0:enforce (enforce-maven) @ okhttp-testing-support ---
[INFO] 
[INFO] --- maven-resources-plugin:2.6:resources (default-resources) @ okhttp-testing-support ---
[INFO] Using 'UTF-8' encoding to copy filtered resources.
[INFO] skip non existing resourceDirectory /home/travis/build/square/okhttp/okhttp-testing-support/src/main/resources
[INFO] 
[INFO] --- maven-compiler-plugin:3.7.0:compile (default-compile) @ okhttp-testing-support ---
[INFO] Nothing to compile - all classes are up to date
[INFO] 
[INFO] --- maven-resources-plugin:2.6:testResources (default-testResources) @ okhttp-testing-support ---
[INFO] Using 'UTF-8' encoding to copy filtered resources.
[INFO] skip non existing resourceDirectory /home/travis/build/square/okhttp/okhttp-testing-support/src/test/resources
[INFO] 
[INFO] --- maven-compiler-plugin:3.7.0:testCompile (default-testCompile) @ okhttp-testing-support ---
[INFO] No sources to compile
[INFO] 
[INFO] --- maven-surefire-plugin:2.21.0:test (default-test) @ okhttp-testing-support ---
[INFO] No tests to run.
[INFO] 
[INFO] --- animal-sniffer-maven-plugin:1.15:check (default) @ okhttp-testing-support ---
[INFO] Checking unresolved references to org.codehaus.mojo.signature:java16:1.1
[INFO] 
[INFO] --- maven-javadoc-plugin:2.10.4:jar (default-cli) @ okhttp-testing-support ---
[INFO] 
Loading source files for package okhttp3...
Loading source files for package okhttp3.internal.io...
Loading source files for package okhttp3.testing...
Constructing Javadoc information...
Standard Doclet version 1.8.0_171
Building tree for all the packages and classes...
Generating /home/travis/build/square/okhttp/okhttp-testing-support/target/apidocs/okhttp3/FakeDns.html...
Generating /home/travis/build/square/okhttp/okhttp-testing-support/target/apidocs/okhttp3/FakeProxySelector.html...
Generating /home/travis/build/square/okhttp/okhttp-testing-support/target/apidocs/okhttp3/FakeSSLSession.html...
Generating /home/travis/build/square/okhttp/okhttp-testing-support/target/apidocs/okhttp3/RecordingCookieJar.html...
Generating /home/travis/build/square/okhttp/okhttp-testing-support/target/apidocs/okhttp3/RecordingHostnameVerifier.html...
Generating /home/travis/build/square/okhttp/okhttp-testing-support/target/apidocs/okhttp3/internal/io/InMemoryFileSystem.html...
Generating /home/travis/build/square/okhttp/okhttp-testing-support/target/apidocs/okhttp3/testing/InstallUncaughtExceptionHandlerListener.html...
Generating /home/travis/build/square/okhttp/okhttp-testing-support/target/apidocs/overview-frame.html...
Generating /home/travis/build/square/okhttp/okhttp-testing-support/target/apidocs/okhttp3/package-frame.html...
Generating /home/travis/build/square/okhttp/okhttp-testing-support/target/apidocs/okhttp3/package-summary.html...
Generating /home/travis/build/square/okhttp/okhttp-testing-support/target/apidocs/okhttp3/package-tree.html...
Generating /home/travis/build/square/okhttp/okhttp-testing-support/target/apidocs/okhttp3/internal/io/package-frame.html...
Generating /home/travis/build/square/okhttp/okhttp-testing-support/target/apidocs/okhttp3/internal/io/package-summary.html...
Generating /home/travis/build/square/okhttp/okhttp-testing-support/target/apidocs/okhttp3/internal/io/package-tree.html...
Generating /home/travis/build/square/okhttp/okhttp-testing-support/target/apidocs/okhttp3/testing/package-frame.html...
Generating /home/travis/build/square/okhttp/okhttp-testing-support/target/apidocs/okhttp3/testing/package-summary.html...
Generating /home/travis/build/square/okhttp/okhttp-testing-support/target/apidocs/okhttp3/testing/package-tree.html...
Generating /home/travis/build/square/okhttp/okhttp-testing-support/target/apidocs/constant-values.html...
Generating /home/travis/build/square/okhttp/okhttp-testing-support/target/apidocs/okhttp3/class-use/RecordingHostnameVerifier.html...
Generating /home/travis/build/square/okhttp/okhttp-testing-support/target/apidocs/okhttp3/class-use/RecordingCookieJar.html...
Generating /home/travis/build/square/okhttp/okhttp-testing-support/target/apidocs/okhttp3/class-use/FakeSSLSession.html...
Generating /home/travis/build/square/okhttp/okhttp-testing-support/target/apidocs/okhttp3/class-use/FakeProxySelector.html...
Generating /home/travis/build/square/okhttp/okhttp-testing-support/target/apidocs/okhttp3/class-use/FakeDns.html...
Generating /home/travis/build/square/okhttp/okhttp-testing-support/target/apidocs/okhttp3/internal/io/class-use/InMemoryFileSystem.html...
Generating /home/travis/build/square/okhttp/okhttp-testing-support/target/apidocs/okhttp3/testing/class-use/InstallUncaughtExceptionHandlerListener.html...
Generating /home/travis/build/square/okhttp/okhttp-testing-support/target/apidocs/okhttp3/package-use.html...
Generating /home/travis/build/square/okhttp/okhttp-testing-support/target/apidocs/okhttp3/internal/io/package-use.html...
Generating /home/travis/build/square/okhttp/okhttp-testing-support/target/apidocs/okhttp3/testing/package-use.html...
Building index for all the packages and classes...
Generating /home/travis/build/square/okhttp/okhttp-testing-support/target/apidocs/overview-tree.html...
Generating /home/travis/build/square/okhttp/okhttp-testing-support/target/apidocs/index-all.html...
Generating /home/travis/build/square/okhttp/okhttp-testing-support/target/apidocs/deprecated-list.html...
Building index for all classes...
Generating /home/travis/build/square/okhttp/okhttp-testing-support/target/apidocs/allclasses-frame.html...
Generating /home/travis/build/square/okhttp/okhttp-testing-support/target/apidocs/allclasses-noframe.html...
Generating /home/travis/build/square/okhttp/okhttp-testing-support/target/apidocs/index.html...
Generating /home/travis/build/square/okhttp/okhttp-testing-support/target/apidocs/overview-summary.html...
Generating /home/travis/build/square/okhttp/okhttp-testing-support/target/apidocs/help-doc.html...
7 warnings
[WARNING] Javadoc Warnings
[WARNING] Picked up _JAVA_OPTIONS: -Xmx2048m -Xms512m
[WARNING] /home/travis/build/square/okhttp/okhttp-testing-support/src/main/java/okhttp3/FakeDns.java:34: warning: no @param for hostname
[WARNING] public FakeDns set(String hostname, List<InetAddress> addresses) {
[WARNING] ^
[WARNING] /home/travis/build/square/okhttp/okhttp-testing-support/src/main/java/okhttp3/FakeDns.java:34: warning: no @param for addresses
[WARNING] public FakeDns set(String hostname, List<InetAddress> addresses) {
[WARNING] ^
[WARNING] /home/travis/build/square/okhttp/okhttp-testing-support/src/main/java/okhttp3/FakeDns.java:34: warning: no @return
[WARNING] public FakeDns set(String hostname, List<InetAddress> addresses) {
[WARNING] ^
[WARNING] /home/travis/build/square/okhttp/okhttp-testing-support/src/main/java/okhttp3/FakeDns.java:40: warning: no @param for hostname
[WARNING] public FakeDns clear(String hostname) {
[WARNING] ^
[WARNING] /home/travis/build/square/okhttp/okhttp-testing-support/src/main/java/okhttp3/FakeDns.java:40: warning: no @return
[WARNING] public FakeDns clear(String hostname) {
[WARNING] ^
[WARNING] /home/travis/build/square/okhttp/okhttp-testing-support/src/main/java/okhttp3/FakeDns.java:64: warning: no @param for count
[WARNING] public List<InetAddress> allocate(int count) {
[WARNING] ^
[WARNING] /home/travis/build/square/okhttp/okhttp-testing-support/src/main/java/okhttp3/FakeDns.java:64: warning: no @return
[WARNING] public List<InetAddress> allocate(int count) {
[WARNING] ^
[INFO] Building jar: /home/travis/build/square/okhttp/okhttp-testing-support/target/okhttp-testing-support-3.11.0-SNAPSHOT-javadoc.jar
[INFO] 
[INFO] >>> maven-source-plugin:3.0.1:jar (default-cli) > generate-sources @ okhttp-testing-support >>>
[INFO] 
[INFO] --- maven-enforcer-plugin:1.0:enforce (enforce-maven) @ okhttp-testing-support ---
[INFO] 
[INFO] <<< maven-source-plugin:3.0.1:jar (default-cli) < generate-sources @ okhttp-testing-support <<<
[INFO] 
[INFO] 
[INFO] --- maven-source-plugin:3.0.1:jar (default-cli) @ okhttp-testing-support ---
[INFO] Building jar: /home/travis/build/square/okhttp/okhttp-testing-support/target/okhttp-testing-support-3.11.0-SNAPSHOT-sources.jar
[INFO] 
[INFO] ------------------------------------------------------------------------
[INFO] Building MockWebServer 3.11.0-SNAPSHOT
[INFO] ------------------------------------------------------------------------
[INFO] 
[INFO] --- maven-enforcer-plugin:1.0:enforce (enforce-maven) @ mockwebserver ---
[INFO] 
[INFO] --- maven-resources-plugin:2.6:resources (default-resources) @ mockwebserver ---
[INFO] Using 'UTF-8' encoding to copy filtered resources.
[INFO] skip non existing resourceDirectory /home/travis/build/square/okhttp/mockwebserver/src/main/resources
[INFO] 
[INFO] --- maven-compiler-plugin:3.7.0:compile (default-compile) @ mockwebserver ---
[INFO] Nothing to compile - all classes are up to date
[INFO] 
[INFO] --- maven-resources-plugin:2.6:testResources (default-testResources) @ mockwebserver ---
[INFO] Using 'UTF-8' encoding to copy filtered resources.
[INFO] skip non existing resourceDirectory /home/travis/build/square/okhttp/mockwebserver/src/test/resources
[INFO] 
[INFO] --- maven-compiler-plugin:3.7.0:testCompile (default-testCompile) @ mockwebserver ---
[INFO] Nothing to compile - all classes are up to date
[INFO] 
[INFO] --- maven-surefire-plugin:2.21.0:test (default-test) @ mockwebserver ---
[INFO] 
[INFO] -------------------------------------------------------
[INFO]  T E S T S
[INFO] -------------------------------------------------------
[INFO] Running okhttp3.mockwebserver.MockWebServerTest
[ERROR] Tests run: 32, Failures: 1, Errors: 0, Skipped: 0, Time elapsed: 5.308 s <<< FAILURE! - in okhttp3.mockwebserver.MockWebServerTest
[ERROR] disconnectRequestHalfway(okhttp3.mockwebserver.MockWebServerTest)  Time elapsed: 0.454 s  <<< FAILURE!
java.lang.AssertionError: expected:<512.0> but was:<533.0>
	at okhttp3.mockwebserver.MockWebServerTest.disconnectRequestHalfway(MockWebServerTest.java:320)

[INFO] Running okhttp3.mockwebserver.CustomDispatcherTest
[INFO] Tests run: 2, Failures: 0, Errors: 0, Skipped: 0, Time elapsed: 0.012 s - in okhttp3.mockwebserver.CustomDispatcherTest
[INFO] 
[INFO] Results:
[INFO] 
[ERROR] Failures: 
[ERROR]   MockWebServerTest.disconnectRequestHalfway:320 expected:<512.0> but was:<533.0>
[INFO] 
[ERROR] Tests run: 34, Failures: 1, Errors: 0, Skipped: 0
[INFO] 
[INFO] ------------------------------------------------------------------------
[INFO] Reactor Summary:
[INFO] 
[INFO] OkHttp (Parent) .................................... SUCCESS [  1.829 s]
[INFO] OkHttp ............................................. SUCCESS [ 14.829 s]
[INFO] OkHttp test support classes ........................ SUCCESS [  2.136 s]
[INFO] MockWebServer ...................................... FAILURE [  7.435 s]
[INFO] OkHttp URLConnection ............................... SKIPPED
[INFO] OkHttp Tests ....................................... SKIPPED
[INFO] OkHttp Android Platform Support .................... SKIPPED
[INFO] OkHttp Apache HttpClient ........................... SKIPPED
[INFO] OkHttp Server-Sent Events .......................... SKIPPED
[INFO] OkHttp Logging Interceptor ......................... SKIPPED
[INFO] OkHttp DNS over HTTPS .............................. SKIPPED
[INFO] OkCurl ............................................. SKIPPED
[INFO] Samples (Parent) ................................... SKIPPED
[INFO] Sample: Guide ...................................... SKIPPED
[INFO] Sample: Crawler .................................... SKIPPED
[INFO] Sample: Simple Client .............................. SKIPPED
[INFO] Sample: Slack ...................................... SKIPPED
[INFO] Sample: Static Server .............................. SKIPPED
[INFO] Benchmarks ......................................... SKIPPED
[INFO] ------------------------------------------------------------------------
[INFO] BUILD FAILURE
[INFO] ------------------------------------------------------------------------
[INFO] Total time: 27.016 s
[INFO] Finished at: 2018-06-16T15:28:56Z
[INFO] Final Memory: 43M/912M
[INFO] ------------------------------------------------------------------------
[ERROR] Failed to execute goal org.apache.maven.plugins:maven-surefire-plugin:2.21.0:test (default-test) on project mockwebserver: There are test failures.
[ERROR] 
[ERROR] Please refer to /home/travis/build/square/okhttp/mockwebserver/target/surefire-reports for the individual test results.
[ERROR] Please refer to dump files (if any exist) [date]-jvmRun[N].dump, [date].dumpstream and [date]-jvmRun[N].dumpstream.
[ERROR] -> [Help 1]
[ERROR] 
[ERROR] To see the full stack trace of the errors, re-run Maven with the -e switch.
[ERROR] Re-run Maven using the -X switch to enable full debug logging.
[ERROR] 
[ERROR] For more information about the errors and possible solutions, please read the following articles:
[ERROR] [Help 1] http://cwiki.apache.org/confluence/display/MAVEN/MojoFailureException
[ERROR] 
[ERROR] After correcting the problems, you can resume the build with the command
[ERROR]   mvn <goals> -rf :mockwebserver

travis_time:end:0e17c632:start=1529162907879118622,finish=1529162936598743646,duration=28719625024[0K
[31;1mThe command "mvn test javadoc:jar source:jar -B" exited with 1.[0m
travis_fold:start:cache.2[0Kstore build cache
travis_time:start:0c713ed5[0K
travis_time:end:0c713ed5:start=1529162936606547415,finish=1529162936611245815,duration=4698400[0Ktravis_time:start:01b5500a[0K[32;1mchange detected (content changed, file is created, or file is deleted):
/home/travis/.m2/repository/com/squareup/okhttp3/benchmarks/3.11.0-SNAPSHOT/benchmarks-3.11.0-SNAPSHOT.jar
/home/travis/.m2/repository/com/squareup/okhttp3/benchmarks/3.11.0-SNAPSHOT/maven-metadata-local.xml
/home/travis/.m2/repository/com/squareup/okhttp3/benchmarks/3.11.0-SNAPSHOT/_remote.repositories
/home/travis/.m2/repository/com/squareup/okhttp3/benchmarks/maven-metadata-local.xml
/home/travis/.m2/repository/com/squareup/okhttp3/logging-interceptor/3.11.0-SNAPSHOT/logging-interceptor-3.11.0-SNAPSHOT.jar
/home/travis/.m2/repository/com/squareup/okhttp3/logging-interceptor/3.11.0-SNAPSHOT/maven-metadata-local.xml
/home/travis/.m2/repository/com/squareup/okhttp3/logging-interceptor/3.11.0-SNAPSHOT/_remote.repositories
/home/travis/.m2/repository/com/squareup/okhttp3/logging-interceptor/maven-metadata-local.xml
/home/travis/.m2/repository/com/squareup/okhttp3/mockwebserver/3.11.0-SNAPSHOT/maven-metadata-local.xml
/home/travis/.m2/repository/com/squareup/okhttp3/mockwebserver/3.11.0-SN
[0m
[32;1m...
[0m
[32;1mchanges detected, packing new archive[0m
.
[32;1muploading archive[0m

travis_time:end:01b5500a:start=1529162936616935538,finish=1529162960560460751,duration=23943525213[0Ktravis_fold:end:cache.2[0K
Done. Your build exited with 1.
