travis_fold:start:worker_info[0K[33;1mWorker information[0m
hostname: 716578c1-d17c-4624-8f5d-fcdcd423ea98@1.i-014ce5c-production-2-worker-org-ec2.travisci.net
version: v3.3.1 https://github.com/travis-ci/worker/tree/1153e5010ef9863bf96264b75fba506109633460
instance: 14af973 travisci/ci-garnet:packer-1503972846 (via amqp)
startup: 1.351387643s
travis_fold:end:worker_info[0Ktravis_fold:start:system_info[0K[33;1mBuild system information[0m
Build language: java
Build group: stable
Build dist: trusty
Build id: 297485280
Job id: 297485281
Runtime kernel version: 4.11.6-041106-generic
travis-build version: d1a96d134
[34m[1mBuild image provisioning date and time[0m
Tue Aug 29 02:50:02 UTC 2017
[34m[1mOperating System Details[0m
Distributor ID:	Ubuntu
Description:	Ubuntu 14.04.5 LTS
Release:	14.04
Codename:	trusty
[34m[1mCookbooks Version[0m
4642454 https://github.com/travis-ci/travis-cookbooks/tree/4642454
[34m[1mgit version[0m
git version 2.14.1
[34m[1mbash version[0m
GNU bash, version 4.3.11(1)-release (x86_64-pc-linux-gnu)
[34m[1mgcc version[0m
gcc (Ubuntu 4.8.4-2ubuntu1~14.04.3) 4.8.4
Copyright (C) 2013 Free Software Foundation, Inc.
This is free software; see the source for copying conditions.  There is NO
warranty; not even for MERCHANTABILITY or FITNESS FOR A PARTICULAR PURPOSE.

[34m[1mdocker version[0m
Client:
 Version:      17.03.1-ce
 API version:  1.27
 Go version:   go1.7.5
 Git commit:   c6d412e
 Built:        Mon Mar 27 16:58:30 2017
 OS/Arch:      linux/amd64
[34m[1mclang version[0m
clang version 3.9.0 (tags/RELEASE_390/final)
Target: x86_64-unknown-linux-gnu
Thread model: posix
InstalledDir: /usr/local/clang-3.9.0/bin
[34m[1mjq version[0m
jq-1.5
[34m[1mbats version[0m
Bats 0.4.0
[34m[1mshellcheck version[0m
0.4.6
[34m[1mshfmt version[0m
v1.3.1
[34m[1mccache version[0m
ccache version 3.1.9

Copyright (C) 2002-2007 Andrew Tridgell
Copyright (C) 2009-2011 Joel Rosdahl

This program is free software; you can redistribute it and/or modify it under
the terms of the GNU General Public License as published by the Free Software
Foundation; either version 3 of the License, or (at your option) any later
version.
[34m[1mcmake version[0m
cmake version 3.2.2

CMake suite maintained and supported by Kitware (kitware.com/cmake).
[34m[1mheroku version[0m
heroku-cli/6.13.19-6cd27b3 (linux-x64) node-v8.3.0
[34m[1mimagemagick version[0m
Version: ImageMagick 6.7.7-10 2017-07-31 Q16 http://www.imagemagick.org
[34m[1mmd5deep version[0m
4.2
[34m[1mmercurial version[0m
Mercurial Distributed SCM (version 4.2.2)
(see https://mercurial-scm.org for more information)

Copyright (C) 2005-2017 Matt Mackall and others
This is free software; see the source for copying conditions. There is NO
warranty; not even for MERCHANTABILITY or FITNESS FOR A PARTICULAR PURPOSE.
[34m[1mmysql version[0m
mysql  Ver 14.14 Distrib 5.6.33, for debian-linux-gnu (x86_64) using  EditLine wrapper
[34m[1mopenssl version[0m
OpenSSL 1.0.1f 6 Jan 2014
[34m[1mpacker version[0m
Packer v1.0.2

Your version of Packer is out of date! The latest version
is 1.0.4. You can update by downloading from www.packer.io
[34m[1mpostgresql client version[0m
psql (PostgreSQL) 9.6.4
[34m[1mragel version[0m
Ragel State Machine Compiler version 6.8 Feb 2013
Copyright (c) 2001-2009 by Adrian Thurston
[34m[1msubversion version[0m
svn, version 1.8.8 (r1568071)
   compiled Aug 10 2017, 17:20:39 on x86_64-pc-linux-gnu

Copyright (C) 2013 The Apache Software Foundation.
This software consists of contributions made by many people;
see the NOTICE file for more information.
Subversion is open source software, see http://subversion.apache.org/

The following repository access (RA) modules are available:

* ra_svn : Module for accessing a repository using the svn network protocol.
  - with Cyrus SASL authentication
  - handles 'svn' scheme
* ra_local : Module for accessing a repository on local disk.
  - handles 'file' scheme
* ra_serf : Module for accessing a repository via WebDAV protocol using serf.
  - using serf 1.3.3
  - handles 'http' scheme
  - handles 'https' scheme

[34m[1msudo version[0m
Sudo version 1.8.9p5
Configure options: --prefix=/usr -v --with-all-insults --with-pam --with-fqdn --with-logging=syslog --with-logfac=authpriv --with-env-editor --with-editor=/usr/bin/editor --with-timeout=15 --with-password-timeout=0 --with-passprompt=[sudo] password for %p:  --without-lecture --with-tty-tickets --disable-root-mailer --enable-admin-flag --with-sendmail=/usr/sbin/sendmail --with-timedir=/var/lib/sudo --mandir=/usr/share/man --libexecdir=/usr/lib/sudo --with-sssd --with-sssd-lib=/usr/lib/x86_64-linux-gnu --with-selinux
Sudoers policy plugin version 1.8.9p5
Sudoers file grammar version 43

Sudoers path: /etc/sudoers
Authentication methods: 'pam'
Syslog facility if syslog is being used for logging: authpriv
Syslog priority to use when user authenticates successfully: notice
Syslog priority to use when user authenticates unsuccessfully: alert
Send mail if the user is not in sudoers
Use a separate timestamp for each user/tty combo
Lecture user the first time they run sudo
Root may run sudo
Allow some information gathering to give useful error messages
Require fully-qualified hostnames in the sudoers file
Visudo will honor the EDITOR environment variable
Set the LOGNAME and USER environment variables
Length at which to wrap log file lines (0 for no wrap): 80
Authentication timestamp timeout: 15.0 minutes
Password prompt timeout: 0.0 minutes
Number of tries to enter a password: 3
Umask to use or 0777 to use user's: 022
Path to mail program: /usr/sbin/sendmail
Flags for mail program: -t
Address to send mail to: root
Subject line for mail messages: *** SECURITY information for %h ***
Incorrect password message: Sorry, try again.
Path to authentication timestamp dir: /var/lib/sudo
Default password prompt: [sudo] password for %p: 
Default user to run commands as: root
Value to override user's $PATH with: /usr/local/sbin:/usr/local/bin:/usr/sbin:/usr/bin:/sbin:/bin:/snap/bin
Path to the editor for use by visudo: /usr/bin/editor
When to require a password for 'list' pseudocommand: any
When to require a password for 'verify' pseudocommand: all
File descriptors >= 3 will be closed before executing a command
Environment variables to check for sanity:
	TZ
	TERM
	LINGUAS
	LC_*
	LANGUAGE
	LANG
	COLORTERM
Environment variables to remove:
	RUBYOPT
	RUBYLIB
	PYTHONUSERBASE
	PYTHONINSPECT
	PYTHONPATH
	PYTHONHOME
	TMPPREFIX
	ZDOTDIR
	READNULLCMD
	NULLCMD
	FPATH
	PERL5DB
	PERL5OPT
	PERL5LIB
	PERLLIB
	PERLIO_DEBUG 
	JAVA_TOOL_OPTIONS
	SHELLOPTS
	GLOBIGNORE
	PS4
	BASH_ENV
	ENV
	TERMCAP
	TERMPATH
	TERMINFO_DIRS
	TERMINFO
	_RLD*
	LD_*
	PATH_LOCALE
	NLSPATH
	HOSTALIASES
	RES_OPTIONS
	LOCALDOMAIN
	CDPATH
	IFS
Environment variables to preserve:
	JAVA_HOME
	TRAVIS
	CI
	DEBIAN_FRONTEND
	XAUTHORIZATION
	XAUTHORITY
	PS2
	PS1
	PATH
	LS_COLORS
	KRB5CCNAME
	HOSTNAME
	HOME
	DISPLAY
	COLORS
Locale to use while parsing sudoers: C
Directory in which to store input/output logs: /var/log/sudo-io
File in which to store the input/output log: %{seq}
Add an entry to the utmp/utmpx file when allocating a pty
PAM service name to use
PAM service name to use for login shells
Create a new PAM session for the command to run in
Maximum I/O log sequence number: 0

Local IP address and netmask pairs:
	172.17.0.2/255.255.0.0

Sudoers I/O plugin version 1.8.9p5
[34m[1mgzip version[0m
gzip 1.6
Copyright (C) 2007, 2010, 2011 Free Software Foundation, Inc.
Copyright (C) 1993 Jean-loup Gailly.
This is free software.  You may redistribute copies of it under the terms of
the GNU General Public License <http://www.gnu.org/licenses/gpl.html>.
There is NO WARRANTY, to the extent permitted by law.

Written by Jean-loup Gailly.
[34m[1mzip version[0m
Copyright (c) 1990-2008 Info-ZIP - Type 'zip "-L"' for software license.
This is Zip 3.0 (July 5th 2008), by Info-ZIP.
Currently maintained by E. Gordon.  Please send bug reports to
the authors using the web page at www.info-zip.org; see README for details.

Latest sources and executables are at ftp://ftp.info-zip.org/pub/infozip,
as of above date; see http://www.info-zip.org/ for other sites.

Compiled with gcc 4.8.2 for Unix (Linux ELF) on Oct 21 2013.

Zip special compilation options:
	USE_EF_UT_TIME       (store Universal Time)
	BZIP2_SUPPORT        (bzip2 library version 1.0.6, 6-Sept-2010)
	    bzip2 code and library copyright (c) Julian R Seward
	    (See the bzip2 license for terms of use)
	SYMLINK_SUPPORT      (symbolic links supported)
	LARGE_FILE_SUPPORT   (can read and write large files on file system)
	ZIP64_SUPPORT        (use Zip64 to store large files in archives)
	UNICODE_SUPPORT      (store and read UTF-8 Unicode paths)
	STORE_UNIX_UIDs_GIDs (store UID/GID sizes/values using new extra field)
	UIDGID_NOT_16BIT     (old Unix 16-bit UID/GID extra field not used)
	[encryption, version 2.91 of 05 Jan 2007] (modified for Zip 3)

Encryption notice:
	The encryption code of this program is not copyrighted and is
	put in the public domain.  It was originally written in Europe
	and, to the best of our knowledge, can be freely distributed
	in both source and object forms from any country, including
	the USA under License Exception TSU of the U.S. Export
	Administration Regulations (section 740.13(e)) of 6 June 2002.

Zip environment options:
             ZIP:  [none]
          ZIPOPT:  [none]
[34m[1mvim version[0m
VIM - Vi IMproved 7.4 (2013 Aug 10, compiled Nov 24 2016 16:43:18)
Included patches: 1-52
Extra patches: 8.0.0056
Modified by pkg-vim-maintainers@lists.alioth.debian.org
Compiled by buildd@
Huge version without GUI.  Features included (+) or not (-):
+acl             +farsi           +mouse_netterm   +syntax
+arabic          +file_in_path    +mouse_sgr       +tag_binary
+autocmd         +find_in_path    -mouse_sysmouse  +tag_old_static
-balloon_eval    +float           +mouse_urxvt     -tag_any_white
-browse          +folding         +mouse_xterm     -tcl
++builtin_terms  -footer          +multi_byte      +terminfo
+byte_offset     +fork()          +multi_lang      +termresponse
+cindent         +gettext         -mzscheme        +textobjects
-clientserver    -hangul_input    +netbeans_intg   +title
-clipboard       +iconv           +path_extra      -toolbar
+cmdline_compl   +insert_expand   -perl            +user_commands
+cmdline_hist    +jumplist        +persistent_undo +vertsplit
+cmdline_info    +keymap          +postscript      +virtualedit
+comments        +langmap         +printer         +visual
+conceal         +libcall         +profile         +visualextra
+cryptv          +linebreak       +python          +viminfo
+cscope          +lispindent      -python3         +vreplace
+cursorbind      +listcmds        +quickfix        +wildignore
+cursorshape     +localmap        +reltime         +wildmenu
+dialog_con      -lua             +rightleft       +windows
+diff            +menu            -ruby            +writebackup
+digraphs        +mksession       +scrollbind      -X11
-dnd             +modify_fname    +signs           -xfontset
-ebcdic          +mouse           +smartindent     -xim
+emacs_tags      -mouseshape      -sniff           -xsmp
+eval            +mouse_dec       +startuptime     -xterm_clipboard
+ex_extra        +mouse_gpm       +statusline      -xterm_save
+extra_search    -mouse_jsbterm   -sun_workshop    -xpm
   system vimrc file: "$VIM/vimrc"
     user vimrc file: "$HOME/.vimrc"
 2nd user vimrc file: "~/.vim/vimrc"
      user exrc file: "$HOME/.exrc"
  fall-back for $VIM: "/usr/share/vim"
Compilation: gcc -c -I. -Iproto -DHAVE_CONFIG_H     -g -O2 -fstack-protector --param=ssp-buffer-size=4 -Wformat -Werror=format-security -U_FORTIFY_SOURCE -D_FORTIFY_SOURCE=1      
Linking: gcc   -Wl,-Bsymbolic-functions -Wl,-z,relro -Wl,--as-needed -o vim        -lm -ltinfo -lnsl  -lselinux  -lacl -lattr -lgpm -ldl    -L/usr/lib/python2.7/config-x86_64-linux-gnu -lpython2.7 -lpthread -ldl -lutil -lm -Xlinker -export-dynamic -Wl,-O1 -Wl,-Bsymbolic-functions      
[34m[1miptables version[0m
iptables v1.4.21
[34m[1mcurl version[0m
curl 7.35.0 (x86_64-pc-linux-gnu) libcurl/7.35.0 OpenSSL/1.0.1f zlib/1.2.8 libidn/1.28 librtmp/2.3
[34m[1mwget version[0m
GNU Wget 1.15 built on linux-gnu.
[34m[1mrsync version[0m
rsync  version 3.1.0  protocol version 31
[34m[1mgimme version[0m
v1.2.0
[34m[1mnvm version[0m
0.33.2
[34m[1mperlbrew version[0m
/home/travis/perl5/perlbrew/bin/perlbrew  - App::perlbrew/0.80
[34m[1mphpenv version[0m
rbenv 1.1.1-4-g4ebd1bd
[34m[1mrvm version[0m
rvm 1.29.2 (latest) by Michal Papis, Piotr Kuczynski, Wayne E. Seguin [https://rvm.io/]
[34m[1mdefault ruby version[0m
ruby 2.4.1p111 (2017-03-22 revision 58053) [x86_64-linux]
[34m[1mCouchDB version[0m
couchdb 1.6.1
[34m[1mElasticSearch version[0m
5.5.0
[34m[1mInstalled Firefox version[0m
firefox 55.0.2
[34m[1mMongoDB version[0m
MongoDB 3.2.16
[34m[1mPre-installed PostgreSQL versions[0m
9.2.22
9.3.18
9.4.13
9.5.8
9.6.4
[34m[1mRabbitMQ Version[0m
3.6.11
[34m[1mRedis version[0m
redis-server 4.0.1
[34m[1mriak version[0m
2.2.3
[34m[1mPre-installed Go versions[0m
1.7.4
[34m[1mant version[0m
Apache Ant(TM) version 1.9.3 compiled on April 8 2014
[34m[1mmvn version[0m
Apache Maven 3.5.0 (ff8f5e7444045639af65f6095c62210b5713f426; 2017-04-03T19:39:06Z)
Maven home: /usr/local/maven-3.5.0
Java version: 1.8.0_144, vendor: Oracle Corporation
Java home: /usr/lib/jvm/java-8-oracle/jre
Default locale: en_US, platform encoding: UTF-8
OS name: "linux", version: "4.4.0-92-generic", arch: "amd64", family: "unix"
[34m[1mgradle version[0m

------------------------------------------------------------
Gradle 4.0.1
------------------------------------------------------------

Build time:   2017-07-07 14:02:41 UTC
Revision:     38e5dc0f772daecca1d2681885d3d85414eb6826

Groovy:       2.4.11
Ant:          Apache Ant(TM) version 1.9.6 compiled on June 29 2015
JVM:          1.8.0_144 (Oracle Corporation 25.144-b01)
OS:           Linux 4.4.0-92-generic amd64

[34m[1mlein version[0m
WARNING: You're currently running as root; probably by accident.
Press control-C to abort or Enter to continue as root.
Set LEIN_ROOT to disable this warning.
Leiningen 2.7.1 on Java 1.8.0_144 Java HotSpot(TM) 64-Bit Server VM
[34m[1mPre-installed Node.js versions[0m
v4.8.4
v6.11.2
v6.9.4
v7.4.0
v8.4
[34m[1mphpenv versions[0m
  system
  5.6
* 5.6.31 (set by /home/travis/.phpenv/version)
  7.0
  7.0.22
  hhvm
  hhvm-stable
[34m[1mcomposer --version[0m
Composer version 1.4.2 2017-05-17 08:17:52
[34m[1mPre-installed Ruby versions[0m
ruby-2.2.7
ruby-2.3.4
ruby-2.4.1
travis_fold:end:system_info[0K
removed â€˜/etc/apt/sources.list.d/basho_riak.listâ€™
Executing: /tmp/tmp.wT4jlRZhwS/gpg.1.sh --keyserver
hkp://keyserver.ubuntu.com:80
--recv
EA312927
gpg: requesting key EA312927 from hkp server keyserver.ubuntu.com
gpg: key EA312927: "MongoDB 3.2 Release Signing Key <packaging@mongodb.com>" 1 new signature
gpg: Total number processed: 1
gpg:         new signatures: 1
W: http://dl.hhvm.com/ubuntu/dists/trusty/InRelease: Signature by key 36AEF64D0207E7EEE352D4875A16E7281BE7A449 uses weak digest algorithm (SHA1)
W: http://ppa.launchpad.net/couchdb/stable/ubuntu/dists/trusty/Release.gpg: Signature by key 15866BAFD9BCC4F3C1E0DFC7D69548E1C17EAB57 uses weak digest algorithm (SHA1)
$ jdk_switcher use oraclejdk8
Switching to Oracle JDK8 (java-8-oracle), JAVA_HOME will be set to /usr/lib/jvm/java-8-oracle
depth=3 C = US, O = "Entrust, Inc.", OU = www.entrust.net/CPS is incorporated by reference, OU = "(c) 2006 Entrust, Inc.", CN = Entrust Root Certification Authority
verify error:num=19:self signed certificate in certificate chain
verify return:0
DONE
travis_fold:start:git.checkout[0Ktravis_time:start:2116cf2f[0K$ git clone --depth=50 --branch=ajax-sampling https://github.com/stagemonitor/stagemonitor.git stagemonitor/stagemonitor
Cloning into 'stagemonitor/stagemonitor'...

travis_time:end:2116cf2f:start=1509873205295340653,finish=1509873206184915114,duration=889574461[0K$ cd stagemonitor/stagemonitor
$ git checkout -qf 9cabe7aa063b767e936ded125279d2c2edc32f6e
travis_fold:end:git.checkout[0Ktravis_fold:start:apt[0K[33;1mInstalling APT Packages (BETA)[0m
$ export DEBIAN_FRONTEND=noninteractive
travis_time:start:01d93f2e[0K$ sudo -E apt-get -yq update &>> ~/apt-get-update.log

travis_time:end:01d93f2e:start=1509873206330382334,finish=1509873211696763584,duration=5366381250[0Ktravis_time:start:04533f90[0K$ sudo -E apt-get -yq --no-install-suggests --no-install-recommends --force-yes install oracle-java8-installer
Reading package lists...
Building dependency tree...
Reading state information...
Suggested packages:
  visualvm ttf-baekmuk | ttf-unfonts | ttf-unfonts-core ttf-kochi-gothic
  | ttf-sazanami-gothic ttf-kochi-mincho | ttf-sazanami-mincho
  ttf-arphic-uming
Recommended packages:
  oracle-java8-set-default
The following packages will be upgraded:
  oracle-java8-installer
1 upgraded, 0 newly installed, 0 to remove and 94 not upgraded.
Need to get 32.9 kB of archives.
After this operation, 0 B of additional disk space will be used.
Get:1 http://ppa.launchpad.net/webupd8team/java/ubuntu trusty/main amd64 oracle-java8-installer all 8u151-1~webupd8~0 [32.9 kB]
Preconfiguring packages ...
Fetched 32.9 kB in 0s (144 kB/s)
(Reading database ... (Reading database ... 5%(Reading database ... 10%(Reading database ... 15%(Reading database ... 20%(Reading database ... 25%(Reading database ... 30%(Reading database ... 35%(Reading database ... 40%(Reading database ... 45%(Reading database ... 50%(Reading database ... 55%(Reading database ... 60%(Reading database ... 65%(Reading database ... 70%(Reading database ... 75%(Reading database ... 80%(Reading database ... 85%(Reading database ... 90%(Reading database ... 95%(Reading database ... 100%(Reading database ... 74154 files and directories currently installed.)
Preparing to unpack .../oracle-java8-installer_8u151-1~webupd8~0_all.deb ...
oracle-license-v1-1 license has already been accepted
Unpacking oracle-java8-installer (8u151-1~webupd8~0) over (8u144-1~webupd8~0) ...
Processing triggers for mime-support (3.54ubuntu1.1) ...
Processing triggers for hicolor-icon-theme (0.13-1) ...
Processing triggers for shared-mime-info (1.2-0ubuntu3) ...
Setting up oracle-java8-installer (8u151-1~webupd8~0) ...
No /var/cache/oracle-jdk8-installer/wgetrc file found.
Creating /var/cache/oracle-jdk8-installer/wgetrc and
using default oracle-java8-installer wgetrc settings for it.
Downloading Oracle Java 8...
--2017-11-05 09:13:42--  http://download.oracle.com/otn-pub/java/jdk/8u151-b12/e758a0de34e24606bca991d704f6dcbf/jdk-8u151-linux-x64.tar.gz
Resolving download.oracle.com (download.oracle.com)... 23.219.92.89, 23.219.92.96
Connecting to download.oracle.com (download.oracle.com)|23.219.92.89|:80... connected.
HTTP request sent, awaiting response... 302 Moved Temporarily
Location: https://edelivery.oracle.com/otn-pub/java/jdk/8u151-b12/e758a0de34e24606bca991d704f6dcbf/jdk-8u151-linux-x64.tar.gz [following]
--2017-11-05 09:13:42--  https://edelivery.oracle.com/otn-pub/java/jdk/8u151-b12/e758a0de34e24606bca991d704f6dcbf/jdk-8u151-linux-x64.tar.gz
Resolving edelivery.oracle.com (edelivery.oracle.com)... 23.49.182.138, 2600:1408:10:297::2d3e, 2600:1408:10:286::2d3e
Connecting to edelivery.oracle.com (edelivery.oracle.com)|23.49.182.138|:443... connected.
HTTP request sent, awaiting response... 302 Moved Temporarily
Location: http://download.oracle.com/otn-pub/java/jdk/8u151-b12/e758a0de34e24606bca991d704f6dcbf/jdk-8u151-linux-x64.tar.gz?AuthParam=1509873343_cf82f5bf1cd45d4ba464a9db34a0fcf9 [following]
--2017-11-05 09:13:42--  http://download.oracle.com/otn-pub/java/jdk/8u151-b12/e758a0de34e24606bca991d704f6dcbf/jdk-8u151-linux-x64.tar.gz?AuthParam=1509873343_cf82f5bf1cd45d4ba464a9db34a0fcf9
Connecting to download.oracle.com (download.oracle.com)|23.219.92.89|:80... connected.
HTTP request sent, awaiting response... 200 OK
Length: 189736377 (181M) [application/x-gzip]
Saving to: â€˜jdk-8u151-linux-x64.tar.gzâ€™

     0K ........ ........ ........ ........ ........ ........  1% 49.9M 4s
  3072K ........ ........ ........ ........ ........ ........  3% 82.5M 3s
  6144K ........ ........ ........ ........ ........ ........  4% 63.0M 3s
  9216K ........ ........ ........ ........ ........ ........  6% 69.1M 3s
 12288K ........ ........ ........ ........ ........ ........  8% 53.9M 3s
 15360K ........ ........ ........ ........ ........ ........  9% 38.1M 3s
 18432K ........ ........ ........ ........ ........ ........ 11% 34.8M 3s
 21504K ........ ........ ........ ........ ........ ........ 13% 38.8M 3s
 24576K ........ ........ ........ ........ ........ ........ 14% 39.0M 3s
 27648K ........ ........ ........ ........ ........ ........ 16% 40.6M 3s
 30720K ........ ........ ........ ........ ........ ........ 18% 39.9M 3s
 33792K ........ ........ ........ ........ ........ ........ 19% 42.4M 3s
 36864K ........ ........ ........ ........ ........ ........ 21% 45.1M 3s
 39936K ........ ........ ........ ........ ........ ........ 23% 47.6M 3s
 43008K ........ ........ ........ ........ ........ ........ 24% 47.8M 3s
 46080K ........ ........ ........ ........ ........ ........ 26% 48.6M 3s
 49152K ........ ........ ........ ........ ........ ........ 28% 50.5M 3s
 52224K ........ ........ ........ ........ ........ ........ 29% 50.3M 3s
 55296K ........ ........ ........ ........ ........ ........ 31% 53.0M 3s
 58368K ........ ........ ........ ........ ........ ........ 33% 56.0M 3s
 61440K ........ ........ ........ ........ ........ ........ 34% 50.3M 2s
 64512K ........ ........ ........ ........ ........ ........ 36% 54.7M 2s
 67584K ........ ........ ........ ........ ........ ........ 38% 54.8M 2s
 70656K ........ ........ ........ ........ ........ ........ 39% 45.2M 2s
 73728K ........ ........ ........ ........ ........ ........ 41% 57.8M 2s
 76800K ........ ........ ........ ........ ........ ........ 43% 58.3M 2s
 79872K ........ ........ ........ ........ ........ ........ 44% 58.3M 2s
 82944K ........ ........ ........ ........ ........ ........ 46% 60.2M 2s
 86016K ........ ........ ........ ........ ........ ........ 48% 60.7M 2s
 89088K ........ ........ ........ ........ ........ ........ 49% 62.5M 2s
 92160K ........ ........ ........ ........ ........ ........ 51% 44.7M 2s
 95232K ........ ........ ........ ........ ........ ........ 53% 65.8M 2s
 98304K ........ ........ ........ ........ ........ ........ 54% 60.2M 2s
101376K ........ ........ ........ ........ ........ ........ 56% 68.0M 2s
104448K ........ ........ ........ ........ ........ ........ 58% 36.2M 2s
107520K ........ ........ ........ ........ ........ ........ 59% 50.3M 1s
110592K ........ ........ ........ ........ ........ ........ 61% 59.3M 1s
113664K ........ ........ ........ ........ ........ ........ 63% 66.0M 1s
116736K ........ ........ ........ ........ ........ ........ 64% 51.7M 1s
119808K ........ ........ ........ ........ ........ ........ 66% 40.6M 1s
122880K ........ ........ ........ ........ ........ ........ 67% 39.8M 1s
125952K ........ ........ ........ ........ ........ ........ 69% 40.5M 1s
129024K ........ ........ ........ ........ ........ ........ 71% 36.3M 1s
132096K ........ ........ ........ ........ ........ ........ 72% 46.8M 1s
135168K ........ ........ ........ ........ ........ ........ 74% 46.9M 1s
138240K ........ ........ ........ ........ ........ ........ 76% 47.4M 1s
141312K ........ ........ ........ ........ ........ ........ 77% 47.1M 1s
144384K ........ ........ ........ ........ ........ ........ 79% 35.3M 1s
147456K ........ ........ ........ ........ ........ ........ 81% 50.8M 1s
150528K ........ ........ ........ ........ ........ ........ 82% 49.9M 1s
153600K ........ ........ ........ ........ ........ ........ 84% 51.9M 1s
156672K ........ ........ ........ ........ ........ ........ 86% 55.1M 1s
159744K ........ ........ ........ ........ ........ ........ 87% 53.5M 0s
162816K ........ ........ ........ ........ ........ ........ 89% 55.0M 0s
165888K ........ ........ ........ ........ ........ ........ 91% 55.2M 0s
168960K ........ ........ ........ ........ ........ ........ 92% 57.3M 0s
172032K ........ ........ ........ ........ ........ ........ 94% 27.9M 0s
175104K ........ ........ ........ ........ ........ ........ 96% 60.3M 0s
178176K ........ ........ ........ ........ ........ ........ 97% 58.7M 0s
181248K ........ ........ ........ ........ ........ ........ 99% 54.8M 0s
184320K ........ .......                                     100% 63.9M=3.7s

2017-11-05 09:13:46 (49.2 MB/s) - â€˜jdk-8u151-linux-x64.tar.gzâ€™ saved [189736377/189736377]

Download done.
Removing outdated cached downloads...
update-binfmts: warning: current package is oracle-java8, but binary format already installed by openjdk-7
Oracle JDK 8 installed

#####Important########
To set Oracle JDK8 as default, install the "oracle-java8-set-default" package.
E.g.: sudo apt install oracle-java8-set-default
On Ubuntu systems, oracle-java8-set-default is most probably installed
automatically with this package.
######################

W: --force-yes is deprecated, use one of the options starting with --allow instead.

travis_time:end:04533f90:start=1509873211702699110,finish=1509873232688312379,duration=20985613269[0Ktravis_fold:end:apt[0K
[33;1mSetting environment variables from .travis.yml[0m
$ export GH_TOKEN=[secure]
$ export COVERITY_SCAN_TOKEN=[secure]
$ export TERM=dumb

$ export TERM=dumb
[33;1mDisabling Gradle daemon[0m
travis_time:start:083405e2[0K$ mkdir -p ~/.gradle && echo "org.gradle.daemon=false" >> ~/.gradle/gradle.properties

travis_time:end:083405e2:start=1509873237342881397,finish=1509873237348541641,duration=5660244[0K$ export PATH=$JAVA_HOME/bin:$PATH
travis_fold:start:cache.1[0KSetting up build cache
$ export CASHER_DIR=$HOME/.casher
travis_time:start:059acd56[0K$ Installing caching utilities

travis_time:end:059acd56:start=1509873240922138072,finish=1509873240960230912,duration=38092840[0Ktravis_time:start:3d03266c[0K
travis_time:end:3d03266c:start=1509873240967910583,finish=1509873240972812363,duration=4901780[0Ktravis_time:start:1c609647[0K[32;1mattempting to download cache archive[0m
[32;1mfetching ajax-sampling/cache-linux-trusty-3517298fec68fa461026b229805df3fc0c5454187740fecd9f4d9993c2e9a038--jdk-oraclejdk8.tgz[0m
[32;1mfound cache[0m

travis_time:end:1c609647:start=1509873240979419221,finish=1509873250475822721,duration=9496403500[0Ktravis_time:start:04dcca40[0K
travis_time:end:04dcca40:start=1509873250481532053,finish=1509873250486299253,duration=4767200[0Ktravis_time:start:092d5878[0K[32;1madding /home/travis/.m2 to cache[0m
[32;1madding /home/travis/.gradle to cache[0m
sh: 1: sw_vers: not found

travis_time:end:092d5878:start=1509873250492340895,finish=1509873261206072920,duration=10713732025[0Ktravis_fold:end:cache.1[0K$ java -Xmx32m -version
Picked up _JAVA_OPTIONS: -Xmx2048m -Xms512m
java version "1.8.0_151"
Java(TM) SE Runtime Environment (build 1.8.0_151-b12)
Java HotSpot(TM) 64-Bit Server VM (build 25.151-b12, mixed mode)
$ javac -J-Xmx32m -version
Picked up _JAVA_OPTIONS: -Xmx2048m -Xms512m
javac 1.8.0_151
travis_fold:start:install[0Ktravis_time:start:1abb02f4[0K$ ./gradlew assemble --stacktrace
Picked up _JAVA_OPTIONS: -Xmx2048m -Xms512m
The Task.leftShift(Closure) method has been deprecated and is scheduled to be removed in Gradle 5.0. Please use Task.doLast(Action) instead.
	at org.gradle.api.internal.AbstractTask.leftShift(AbstractTask.java:597)
	at org.gradle.api.Task$leftShift.call(Unknown Source)
	at org.codehaus.groovy.runtime.callsite.CallSiteArray.defaultCall(CallSiteArray.java:48)
	at org.codehaus.groovy.runtime.callsite.AbstractCallSite.call(AbstractCallSite.java:113)
	at org.codehaus.groovy.runtime.callsite.AbstractCallSite.call(AbstractCallSite.java:125)
	at net.researchgate.release.ReleasePlugin.apply(ReleasePlugin.groovy:61)
	at net.researchgate.release.ReleasePlugin.apply(ReleasePlugin.groovy)
	at org.gradle.api.internal.plugins.ImperativeOnlyPluginTarget.applyImperative(ImperativeOnlyPluginTarget.java:42)
	at org.gradle.api.internal.plugins.RuleBasedPluginTarget.applyImperative(RuleBasedPluginTarget.java:50)
	at org.gradle.api.internal.plugins.DefaultPluginManager.addPlugin(DefaultPluginManager.java:165)
	at org.gradle.api.internal.plugins.DefaultPluginManager.access$200(DefaultPluginManager.java:47)
	at org.gradle.api.internal.plugins.DefaultPluginManager$AddPluginBuildOperation.run(DefaultPluginManager.java:252)
	at org.gradle.internal.progress.DefaultBuildOperationExecutor$RunnableBuildOperationWorker.execute(DefaultBuildOperationExecutor.java:336)
	at org.gradle.internal.progress.DefaultBuildOperationExecutor$RunnableBuildOperationWorker.execute(DefaultBuildOperationExecutor.java:328)
	at org.gradle.internal.progress.DefaultBuildOperationExecutor.execute(DefaultBuildOperationExecutor.java:199)
	at org.gradle.internal.progress.DefaultBuildOperationExecutor.run(DefaultBuildOperationExecutor.java:110)
	at org.gradle.api.internal.plugins.DefaultPluginManager.doApply(DefaultPluginManager.java:144)
	at org.gradle.api.internal.plugins.DefaultPluginManager.apply(DefaultPluginManager.java:125)
	at org.gradle.plugin.use.internal.DefaultPluginRequestApplicator$3.run(DefaultPluginRequestApplicator.java:154)
	at org.gradle.plugin.use.internal.DefaultPluginRequestApplicator.applyPlugin(DefaultPluginRequestApplicator.java:230)
	at org.gradle.plugin.use.internal.DefaultPluginRequestApplicator.applyPlugins(DefaultPluginRequestApplicator.java:151)
	at org.gradle.configuration.DefaultScriptPluginFactory$ScriptPluginImpl.apply(DefaultScriptPluginFactory.java:182)
	at org.gradle.configuration.BuildOperationScriptPlugin$1.run(BuildOperationScriptPlugin.java:61)
	at org.gradle.internal.progress.DefaultBuildOperationExecutor$RunnableBuildOperationWorker.execute(DefaultBuildOperationExecutor.java:336)
	at org.gradle.internal.progress.DefaultBuildOperationExecutor$RunnableBuildOperationWorker.execute(DefaultBuildOperationExecutor.java:328)
	at org.gradle.internal.progress.DefaultBuildOperationExecutor.execute(DefaultBuildOperationExecutor.java:199)
	at org.gradle.internal.progress.DefaultBuildOperationExecutor.run(DefaultBuildOperationExecutor.java:110)
	at org.gradle.configuration.BuildOperationScriptPlugin.apply(BuildOperationScriptPlugin.java:58)
	at org.gradle.configuration.project.BuildScriptProcessor.execute(BuildScriptProcessor.java:41)
	at org.gradle.configuration.project.BuildScriptProcessor.execute(BuildScriptProcessor.java:26)
	at org.gradle.configuration.project.ConfigureActionsProjectEvaluator.evaluate(ConfigureActionsProjectEvaluator.java:34)
	at org.gradle.configuration.project.LifecycleProjectEvaluator.doConfigure(LifecycleProjectEvaluator.java:64)
	at org.gradle.configuration.project.LifecycleProjectEvaluator.access$100(LifecycleProjectEvaluator.java:34)
	at org.gradle.configuration.project.LifecycleProjectEvaluator$ConfigureProject.run(LifecycleProjectEvaluator.java:110)
	at org.gradle.internal.progress.DefaultBuildOperationExecutor$RunnableBuildOperationWorker.execute(DefaultBuildOperationExecutor.java:336)
	at org.gradle.internal.progress.DefaultBuildOperationExecutor$RunnableBuildOperationWorker.execute(DefaultBuildOperationExecutor.java:328)
	at org.gradle.internal.progress.DefaultBuildOperationExecutor.execute(DefaultBuildOperationExecutor.java:199)
	at org.gradle.internal.progress.DefaultBuildOperationExecutor.run(DefaultBuildOperationExecutor.java:110)
	at org.gradle.configuration.project.LifecycleProjectEvaluator.evaluate(LifecycleProjectEvaluator.java:50)
	at org.gradle.api.internal.project.DefaultProject.evaluate(DefaultProject.java:656)
	at org.gradle.api.internal.project.DefaultProject.evaluate(DefaultProject.java:135)
	at org.gradle.execution.TaskPathProjectEvaluator.configure(TaskPathProjectEvaluator.java:35)
	at org.gradle.execution.TaskPathProjectEvaluator.configureHierarchy(TaskPathProjectEvaluator.java:60)
	at org.gradle.configuration.DefaultBuildConfigurer.configure(DefaultBuildConfigurer.java:38)
	at org.gradle.initialization.DefaultGradleLauncher$ConfigureBuild.run(DefaultGradleLauncher.java:249)
	at org.gradle.internal.progress.DefaultBuildOperationExecutor$RunnableBuildOperationWorker.execute(DefaultBuildOperationExecutor.java:336)
	at org.gradle.internal.progress.DefaultBuildOperationExecutor$RunnableBuildOperationWorker.execute(DefaultBuildOperationExecutor.java:328)
	at org.gradle.internal.progress.DefaultBuildOperationExecutor.execute(DefaultBuildOperationExecutor.java:199)
	at org.gradle.internal.progress.DefaultBuildOperationExecutor.run(DefaultBuildOperationExecutor.java:110)
	at org.gradle.initialization.DefaultGradleLauncher.configureBuild(DefaultGradleLauncher.java:167)
	at org.gradle.initialization.DefaultGradleLauncher.doBuildStages(DefaultGradleLauncher.java:126)
	at org.gradle.initialization.DefaultGradleLauncher.executeTasks(DefaultGradleLauncher.java:109)
	at org.gradle.internal.invocation.GradleBuildController$1.call(GradleBuildController.java:78)
	at org.gradle.internal.invocation.GradleBuildController$1.call(GradleBuildController.java:75)
	at org.gradle.internal.work.DefaultWorkerLeaseService.withLocks(DefaultWorkerLeaseService.java:152)
	at org.gradle.internal.invocation.GradleBuildController.doBuild(GradleBuildController.java:100)
	at org.gradle.internal.invocation.GradleBuildController.run(GradleBuildController.java:75)
	at org.gradle.tooling.internal.provider.ExecuteBuildActionRunner.run(ExecuteBuildActionRunner.java:28)
	at org.gradle.launcher.exec.ChainingBuildActionRunner.run(ChainingBuildActionRunner.java:35)
	at org.gradle.tooling.internal.provider.ValidatingBuildActionRunner.run(ValidatingBuildActionRunner.java:32)
	at org.gradle.launcher.exec.RunAsBuildOperationBuildActionRunner$1.run(RunAsBuildOperationBuildActionRunner.java:43)
	at org.gradle.internal.progress.DefaultBuildOperationExecutor$RunnableBuildOperationWorker.execute(DefaultBuildOperationExecutor.java:336)
	at org.gradle.internal.progress.DefaultBuildOperationExecutor$RunnableBuildOperationWorker.execute(DefaultBuildOperationExecutor.java:328)
	at org.gradle.internal.progress.DefaultBuildOperationExecutor.execute(DefaultBuildOperationExecutor.java:199)
	at org.gradle.internal.progress.DefaultBuildOperationExecutor.run(DefaultBuildOperationExecutor.java:110)
	at org.gradle.launcher.exec.RunAsBuildOperationBuildActionRunner.run(RunAsBuildOperationBuildActionRunner.java:40)
	at org.gradle.tooling.internal.provider.SubscribableBuildActionRunner.run(SubscribableBuildActionRunner.java:51)
	at org.gradle.launcher.exec.InProcessBuildActionExecuter.execute(InProcessBuildActionExecuter.java:47)
	at org.gradle.launcher.exec.InProcessBuildActionExecuter.execute(InProcessBuildActionExecuter.java:30)
	at org.gradle.launcher.exec.BuildTreeScopeBuildActionExecuter.execute(BuildTreeScopeBuildActionExecuter.java:39)
	at org.gradle.launcher.exec.BuildTreeScopeBuildActionExecuter.execute(BuildTreeScopeBuildActionExecuter.java:25)
	at org.gradle.tooling.internal.provider.ContinuousBuildActionExecuter.execute(ContinuousBuildActionExecuter.java:80)
	at org.gradle.tooling.internal.provider.ContinuousBuildActionExecuter.execute(ContinuousBuildActionExecuter.java:53)
	at org.gradle.tooling.internal.provider.ServicesSetupBuildActionExecuter.execute(ServicesSetupBuildActionExecuter.java:57)
	at org.gradle.tooling.internal.provider.ServicesSetupBuildActionExecuter.execute(ServicesSetupBuildActionExecuter.java:32)
	at org.gradle.tooling.internal.provider.GradleThreadBuildActionExecuter.execute(GradleThreadBuildActionExecuter.java:36)
	at org.gradle.tooling.internal.provider.GradleThreadBuildActionExecuter.execute(GradleThreadBuildActionExecuter.java:25)
	at org.gradle.tooling.internal.provider.ParallelismConfigurationBuildActionExecuter.execute(ParallelismConfigurationBuildActionExecuter.java:43)
	at org.gradle.tooling.internal.provider.ParallelismConfigurationBuildActionExecuter.execute(ParallelismConfigurationBuildActionExecuter.java:29)
	at org.gradle.tooling.internal.provider.StartParamsValidatingActionExecuter.execute(StartParamsValidatingActionExecuter.java:64)
	at org.gradle.tooling.internal.provider.StartParamsValidatingActionExecuter.execute(StartParamsValidatingActionExecuter.java:29)
	at org.gradle.tooling.internal.provider.SessionFailureReportingActionExecuter.execute(SessionFailureReportingActionExecuter.java:59)
	at org.gradle.tooling.internal.provider.SessionFailureReportingActionExecuter.execute(SessionFailureReportingActionExecuter.java:44)
	at org.gradle.tooling.internal.provider.SetupLoggingActionExecuter.execute(SetupLoggingActionExecuter.java:45)
	at org.gradle.tooling.internal.provider.SetupLoggingActionExecuter.execute(SetupLoggingActionExecuter.java:30)
	at org.gradle.launcher.cli.RunBuildAction.run(RunBuildAction.java:51)
	at org.gradle.internal.Actions$RunnableActionAdapter.execute(Actions.java:173)
	at org.gradle.launcher.cli.CommandLineActionFactory$ParseAndBuildAction.execute(CommandLineActionFactory.java:280)
	at org.gradle.launcher.cli.CommandLineActionFactory$ParseAndBuildAction.execute(CommandLineActionFactory.java:253)
	at org.gradle.launcher.cli.JavaRuntimeValidationAction.execute(JavaRuntimeValidationAction.java:33)
	at org.gradle.launcher.cli.JavaRuntimeValidationAction.execute(JavaRuntimeValidationAction.java:24)
	at org.gradle.launcher.cli.ExceptionReportingAction.execute(ExceptionReportingAction.java:33)
	at org.gradle.launcher.cli.ExceptionReportingAction.execute(ExceptionReportingAction.java:22)
	at org.gradle.launcher.cli.CommandLineActionFactory$WithLogging.execute(CommandLineActionFactory.java:246)
	at org.gradle.launcher.cli.CommandLineActionFactory$WithLogging.execute(CommandLineActionFactory.java:182)
	at org.gradle.launcher.Main.doAction(Main.java:33)
	at org.gradle.launcher.bootstrap.EntryPoint.run(EntryPoint.java:45)
	at sun.reflect.NativeMethodAccessorImpl.invoke0(Native Method)
	at sun.reflect.NativeMethodAccessorImpl.invoke(NativeMethodAccessorImpl.java:62)
	at sun.reflect.DelegatingMethodAccessorImpl.invoke(DelegatingMethodAccessorImpl.java:43)
	at java.lang.reflect.Method.invoke(Method.java:498)
	at org.gradle.launcher.bootstrap.ProcessBootstrap.runNoExit(ProcessBootstrap.java:60)
	at org.gradle.launcher.bootstrap.ProcessBootstrap.run(ProcessBootstrap.java:37)
	at org.gradle.launcher.GradleMain.main(GradleMain.java:23)
	at sun.reflect.NativeMethodAccessorImpl.invoke0(Native Method)
	at sun.reflect.NativeMethodAccessorImpl.invoke(NativeMethodAccessorImpl.java:62)
	at sun.reflect.DelegatingMethodAccessorImpl.invoke(DelegatingMethodAccessorImpl.java:43)
	at java.lang.reflect.Method.invoke(Method.java:498)
	at org.gradle.wrapper.BootstrapMainStarter.start(BootstrapMainStarter.java:31)
	at org.gradle.wrapper.WrapperExecutor.execute(WrapperExecutor.java:108)
	at org.gradle.wrapper.GradleWrapperMain.main(GradleWrapperMain.java:61)
Gradle now uses separate output directories for each JVM language, but this build assumes a single directory for all classes from a source set. This behaviour has been deprecated and is scheduled to be removed in Gradle 5.0
	at org.gradle.api.internal.tasks.DefaultSourceSetOutput.getClassesDir(DefaultSourceSetOutput.java:80)
	at org.gradle.api.internal.tasks.DefaultSourceSetOutput_Decorated.getClassesDir(Unknown Source)
	at sun.reflect.NativeMethodAccessorImpl.invoke0(Native Method)
	at sun.reflect.NativeMethodAccessorImpl.invoke(NativeMethodAccessorImpl.java:62)
	at sun.reflect.DelegatingMethodAccessorImpl.invoke(DelegatingMethodAccessorImpl.java:43)
	at java.lang.reflect.Method.invoke(Method.java:498)
	at org.codehaus.groovy.reflection.CachedMethod.invoke(CachedMethod.java:93)
	at org.codehaus.groovy.runtime.metaclass.MultipleSetterProperty.getProperty(MultipleSetterProperty.java:49)
	at org.gradle.internal.metaobject.BeanDynamicObject$MetaClassAdapter.getProperty(BeanDynamicObject.java:228)
	at org.gradle.internal.metaobject.BeanDynamicObject.tryGetProperty(BeanDynamicObject.java:171)
	at org.gradle.internal.metaobject.CompositeDynamicObject.tryGetProperty(CompositeDynamicObject.java:55)
	at org.gradle.internal.metaobject.AbstractDynamicObject.getProperty(AbstractDynamicObject.java:59)
	at org.gradle.api.internal.tasks.DefaultSourceSetOutput_Decorated.getProperty(Unknown Source)
	at org.codehaus.groovy.runtime.callsite.PogoGetPropertySite.getProperty(PogoGetPropertySite.java:50)
	at org.codehaus.groovy.runtime.callsite.AbstractCallSite.callGetProperty(AbstractCallSite.java:296)
	at net.saliman.gradle.plugin.cobertura.CoberturaExtension.initJava(CoberturaExtension.groovy:496)
	at sun.reflect.NativeMethodAccessorImpl.invoke0(Native Method)
	at sun.reflect.NativeMethodAccessorImpl.invoke(NativeMethodAccessorImpl.java:62)
	at sun.reflect.DelegatingMethodAccessorImpl.invoke(DelegatingMethodAccessorImpl.java:43)
	at java.lang.reflect.Method.invoke(Method.java:498)
	at org.codehaus.groovy.runtime.callsite.PogoMetaMethodSite$PogoCachedMethodSiteNoUnwrapNoCoerce.invoke(PogoMetaMethodSite.java:210)
	at org.codehaus.groovy.runtime.callsite.PogoMetaMethodSite.callCurrent(PogoMetaMethodSite.java:59)
	at org.codehaus.groovy.runtime.callsite.CallSiteArray.defaultCallCurrent(CallSiteArray.java:52)
	at org.codehaus.groovy.runtime.callsite.AbstractCallSite.callCurrent(AbstractCallSite.java:154)
	at org.codehaus.groovy.runtime.callsite.AbstractCallSite.callCurrent(AbstractCallSite.java:166)
	at net.saliman.gradle.plugin.cobertura.CoberturaExtension.<init>(CoberturaExtension.groovy:221)
	at net.saliman.gradle.plugin.cobertura.CoberturaExtension_Decorated.<init>(Unknown Source)
	at sun.reflect.NativeConstructorAccessorImpl.newInstance0(Native Method)
	at sun.reflect.NativeConstructorAccessorImpl.newInstance(NativeConstructorAccessorImpl.java:62)
	at sun.reflect.DelegatingConstructorAccessorImpl.newInstance(DelegatingConstructorAccessorImpl.java:45)
	at java.lang.reflect.Constructor.newInstance(Constructor.java:423)
	at org.gradle.internal.reflect.DirectInstantiator.newInstance(DirectInstantiator.java:51)
	at org.gradle.api.internal.ClassGeneratorBackedInstantiator.newInstance(ClassGeneratorBackedInstantiator.java:36)
	at org.gradle.api.internal.plugins.DefaultConvention.instantiate(DefaultConvention.java:236)
	at org.gradle.api.internal.plugins.DefaultConvention.create(DefaultConvention.java:138)
	at sun.reflect.NativeMethodAccessorImpl.invoke0(Native Method)
	at sun.reflect.NativeMethodAccessorImpl.invoke(NativeMethodAccessorImpl.java:62)
	at sun.reflect.DelegatingMethodAccessorImpl.invoke(DelegatingMethodAccessorImpl.java:43)
	at java.lang.reflect.Method.invoke(Method.java:498)
	at org.codehaus.groovy.runtime.callsite.PojoMetaMethodSite$PojoCachedMethodSite.invoke(PojoMetaMethodSite.java:192)
	at org.codehaus.groovy.runtime.callsite.PojoMetaMethodSite.call(PojoMetaMethodSite.java:56)
	at org.codehaus.groovy.runtime.callsite.CallSiteArray.defaultCall(CallSiteArray.java:48)
	at org.codehaus.groovy.runtime.callsite.AbstractCallSite.call(AbstractCallSite.java:113)
	at org.codehaus.groovy.runtime.callsite.AbstractCallSite.call(AbstractCallSite.java:141)
	at net.saliman.gradle.plugin.cobertura.CoberturaPlugin.apply(CoberturaPlugin.groovy:77)
	at net.saliman.gradle.plugin.cobertura.CoberturaPlugin.apply(CoberturaPlugin.groovy)
	at org.gradle.api.internal.plugins.ImperativeOnlyPluginTarget.applyImperative(ImperativeOnlyPluginTarget.java:42)
	at org.gradle.api.internal.plugins.RuleBasedPluginTarget.applyImperative(RuleBasedPluginTarget.java:50)
	at org.gradle.api.internal.plugins.DefaultPluginManager.addPlugin(DefaultPluginManager.java:165)
	at org.gradle.api.internal.plugins.DefaultPluginManager.access$200(DefaultPluginManager.java:47)
	at org.gradle.api.internal.plugins.DefaultPluginManager$AddPluginBuildOperation.run(DefaultPluginManager.java:252)
	at org.gradle.internal.progress.DefaultBuildOperationExecutor$RunnableBuildOperationWorker.execute(DefaultBuildOperationExecutor.java:336)
	at org.gradle.internal.progress.DefaultBuildOperationExecutor$RunnableBuildOperationWorker.execute(DefaultBuildOperationExecutor.java:328)
	at org.gradle.internal.progress.DefaultBuildOperationExecutor.execute(DefaultBuildOperationExecutor.java:199)
	at org.gradle.internal.progress.DefaultBuildOperationExecutor.run(DefaultBuildOperationExecutor.java:110)
	at org.gradle.api.internal.plugins.DefaultPluginManager.doApply(DefaultPluginManager.java:144)
	at org.gradle.api.internal.plugins.DefaultPluginManager.apply(DefaultPluginManager.java:125)
	at org.gradle.api.internal.plugins.DefaultObjectConfigurationAction.applyType(DefaultObjectConfigurationAction.java:120)
	at org.gradle.api.internal.plugins.DefaultObjectConfigurationAction.access$200(DefaultObjectConfigurationAction.java:38)
	at org.gradle.api.internal.plugins.DefaultObjectConfigurationAction$3.run(DefaultObjectConfigurationAction.java:86)
	at org.gradle.api.internal.plugins.DefaultObjectConfigurationAction.execute(DefaultObjectConfigurationAction.java:143)
	at org.gradle.api.internal.project.AbstractPluginAware.apply(AbstractPluginAware.java:46)
	at org.gradle.api.internal.project.ProjectScript.apply(ProjectScript.java:34)
	at org.gradle.api.Script$apply$0.callCurrent(Unknown Source)
	at org.codehaus.groovy.runtime.callsite.CallSiteArray.defaultCallCurrent(CallSiteArray.java:52)
	at org.codehaus.groovy.runtime.callsite.AbstractCallSite.callCurrent(AbstractCallSite.java:154)
	at org.codehaus.groovy.runtime.callsite.AbstractCallSite.callCurrent(AbstractCallSite.java:166)
	at build_aj0lh5f4taymcq9y2gzzzst3t.run(/home/travis/build/stagemonitor/stagemonitor/build.gradle:48)
	at org.gradle.groovy.scripts.internal.DefaultScriptRunnerFactory$ScriptRunnerImpl.run(DefaultScriptRunnerFactory.java:90)
	at org.gradle.configuration.DefaultScriptPluginFactory$ScriptPluginImpl$2.run(DefaultScriptPluginFactory.java:202)
	at org.gradle.configuration.ProjectScriptTarget.addConfiguration(ProjectScriptTarget.java:77)
	at org.gradle.configuration.DefaultScriptPluginFactory$ScriptPluginImpl.apply(DefaultScriptPluginFactory.java:207)
	at org.gradle.configuration.BuildOperationScriptPlugin$1.run(BuildOperationScriptPlugin.java:61)
	at org.gradle.internal.progress.DefaultBuildOperationExecutor$RunnableBuildOperationWorker.execute(DefaultBuildOperationExecutor.java:336)
	at org.gradle.internal.progress.DefaultBuildOperationExecutor$RunnableBuildOperationWorker.execute(DefaultBuildOperationExecutor.java:328)
	at org.gradle.internal.progress.DefaultBuildOperationExecutor.execute(DefaultBuildOperationExecutor.java:199)
	at org.gradle.internal.progress.DefaultBuildOperationExecutor.run(DefaultBuildOperationExecutor.java:110)
	at org.gradle.configuration.BuildOperationScriptPlugin.apply(BuildOperationScriptPlugin.java:58)
	at org.gradle.configuration.project.BuildScriptProcessor.execute(BuildScriptProcessor.java:41)
	at org.gradle.configuration.project.BuildScriptProcessor.execute(BuildScriptProcessor.java:26)
	at org.gradle.configuration.project.ConfigureActionsProjectEvaluator.evaluate(ConfigureActionsProjectEvaluator.java:34)
	at org.gradle.configuration.project.LifecycleProjectEvaluator.doConfigure(LifecycleProjectEvaluator.java:64)
	at org.gradle.configuration.project.LifecycleProjectEvaluator.access$100(LifecycleProjectEvaluator.java:34)
	at org.gradle.configuration.project.LifecycleProjectEvaluator$ConfigureProject.run(LifecycleProjectEvaluator.java:110)
	at org.gradle.internal.progress.DefaultBuildOperationExecutor$RunnableBuildOperationWorker.execute(DefaultBuildOperationExecutor.java:336)
	at org.gradle.internal.progress.DefaultBuildOperationExecutor$RunnableBuildOperationWorker.execute(DefaultBuildOperationExecutor.java:328)
	at org.gradle.internal.progress.DefaultBuildOperationExecutor.execute(DefaultBuildOperationExecutor.java:199)
	at org.gradle.internal.progress.DefaultBuildOperationExecutor.run(DefaultBuildOperationExecutor.java:110)
	at org.gradle.configuration.project.LifecycleProjectEvaluator.evaluate(LifecycleProjectEvaluator.java:50)
	at org.gradle.api.internal.project.DefaultProject.evaluate(DefaultProject.java:656)
	at org.gradle.api.internal.project.DefaultProject.evaluate(DefaultProject.java:135)
	at org.gradle.execution.TaskPathProjectEvaluator.configure(TaskPathProjectEvaluator.java:35)
	at org.gradle.execution.TaskPathProjectEvaluator.configureHierarchy(TaskPathProjectEvaluator.java:60)
	at org.gradle.configuration.DefaultBuildConfigurer.configure(DefaultBuildConfigurer.java:38)
	at org.gradle.initialization.DefaultGradleLauncher$ConfigureBuild.run(DefaultGradleLauncher.java:249)
	at org.gradle.internal.progress.DefaultBuildOperationExecutor$RunnableBuildOperationWorker.execute(DefaultBuildOperationExecutor.java:336)
	at org.gradle.internal.progress.DefaultBuildOperationExecutor$RunnableBuildOperationWorker.execute(DefaultBuildOperationExecutor.java:328)
	at org.gradle.internal.progress.DefaultBuildOperationExecutor.execute(DefaultBuildOperationExecutor.java:199)
	at org.gradle.internal.progress.DefaultBuildOperationExecutor.run(DefaultBuildOperationExecutor.java:110)
	at org.gradle.initialization.DefaultGradleLauncher.configureBuild(DefaultGradleLauncher.java:167)
	at org.gradle.initialization.DefaultGradleLauncher.doBuildStages(DefaultGradleLauncher.java:126)
	at org.gradle.initialization.DefaultGradleLauncher.executeTasks(DefaultGradleLauncher.java:109)
	at org.gradle.internal.invocation.GradleBuildController$1.call(GradleBuildController.java:78)
	at org.gradle.internal.invocation.GradleBuildController$1.call(GradleBuildController.java:75)
	at org.gradle.internal.work.DefaultWorkerLeaseService.withLocks(DefaultWorkerLeaseService.java:152)
	at org.gradle.internal.invocation.GradleBuildController.doBuild(GradleBuildController.java:100)
	at org.gradle.internal.invocation.GradleBuildController.run(GradleBuildController.java:75)
	at org.gradle.tooling.internal.provider.ExecuteBuildActionRunner.run(ExecuteBuildActionRunner.java:28)
	at org.gradle.launcher.exec.ChainingBuildActionRunner.run(ChainingBuildActionRunner.java:35)
	at org.gradle.tooling.internal.provider.ValidatingBuildActionRunner.run(ValidatingBuildActionRunner.java:32)
	at org.gradle.launcher.exec.RunAsBuildOperationBuildActionRunner$1.run(RunAsBuildOperationBuildActionRunner.java:43)
	at org.gradle.internal.progress.DefaultBuildOperationExecutor$RunnableBuildOperationWorker.execute(DefaultBuildOperationExecutor.java:336)
	at org.gradle.internal.progress.DefaultBuildOperationExecutor$RunnableBuildOperationWorker.execute(DefaultBuildOperationExecutor.java:328)
	at org.gradle.internal.progress.DefaultBuildOperationExecutor.execute(DefaultBuildOperationExecutor.java:199)
	at org.gradle.internal.progress.DefaultBuildOperationExecutor.run(DefaultBuildOperationExecutor.java:110)
	at org.gradle.launcher.exec.RunAsBuildOperationBuildActionRunner.run(RunAsBuildOperationBuildActionRunner.java:40)
	at org.gradle.tooling.internal.provider.SubscribableBuildActionRunner.run(SubscribableBuildActionRunner.java:51)
	at org.gradle.launcher.exec.InProcessBuildActionExecuter.execute(InProcessBuildActionExecuter.java:47)
	at org.gradle.launcher.exec.InProcessBuildActionExecuter.execute(InProcessBuildActionExecuter.java:30)
	at org.gradle.launcher.exec.BuildTreeScopeBuildActionExecuter.execute(BuildTreeScopeBuildActionExecuter.java:39)
	at org.gradle.launcher.exec.BuildTreeScopeBuildActionExecuter.execute(BuildTreeScopeBuildActionExecuter.java:25)
	at org.gradle.tooling.internal.provider.ContinuousBuildActionExecuter.execute(ContinuousBuildActionExecuter.java:80)
	at org.gradle.tooling.internal.provider.ContinuousBuildActionExecuter.execute(ContinuousBuildActionExecuter.java:53)
	at org.gradle.tooling.internal.provider.ServicesSetupBuildActionExecuter.execute(ServicesSetupBuildActionExecuter.java:57)
	at org.gradle.tooling.internal.provider.ServicesSetupBuildActionExecuter.execute(ServicesSetupBuildActionExecuter.java:32)
	at org.gradle.tooling.internal.provider.GradleThreadBuildActionExecuter.execute(GradleThreadBuildActionExecuter.java:36)
	at org.gradle.tooling.internal.provider.GradleThreadBuildActionExecuter.execute(GradleThreadBuildActionExecuter.java:25)
	at org.gradle.tooling.internal.provider.ParallelismConfigurationBuildActionExecuter.execute(ParallelismConfigurationBuildActionExecuter.java:43)
	at org.gradle.tooling.internal.provider.ParallelismConfigurationBuildActionExecuter.execute(ParallelismConfigurationBuildActionExecuter.java:29)
	at org.gradle.tooling.internal.provider.StartParamsValidatingActionExecuter.execute(StartParamsValidatingActionExecuter.java:64)
	at org.gradle.tooling.internal.provider.StartParamsValidatingActionExecuter.execute(StartParamsValidatingActionExecuter.java:29)
	at org.gradle.tooling.internal.provider.SessionFailureReportingActionExecuter.execute(SessionFailureReportingActionExecuter.java:59)
	at org.gradle.tooling.internal.provider.SessionFailureReportingActionExecuter.execute(SessionFailureReportingActionExecuter.java:44)
	at org.gradle.tooling.internal.provider.SetupLoggingActionExecuter.execute(SetupLoggingActionExecuter.java:45)
	at org.gradle.tooling.internal.provider.SetupLoggingActionExecuter.execute(SetupLoggingActionExecuter.java:30)
	at org.gradle.launcher.cli.RunBuildAction.run(RunBuildAction.java:51)
	at org.gradle.internal.Actions$RunnableActionAdapter.execute(Actions.java:173)
	at org.gradle.launcher.cli.CommandLineActionFactory$ParseAndBuildAction.execute(CommandLineActionFactory.java:280)
	at org.gradle.launcher.cli.CommandLineActionFactory$ParseAndBuildAction.execute(CommandLineActionFactory.java:253)
	at org.gradle.launcher.cli.JavaRuntimeValidationAction.execute(JavaRuntimeValidationAction.java:33)
	at org.gradle.launcher.cli.JavaRuntimeValidationAction.execute(JavaRuntimeValidationAction.java:24)
	at org.gradle.launcher.cli.ExceptionReportingAction.execute(ExceptionReportingAction.java:33)
	at org.gradle.launcher.cli.ExceptionReportingAction.execute(ExceptionReportingAction.java:22)
	at org.gradle.launcher.cli.CommandLineActionFactory$WithLogging.execute(CommandLineActionFactory.java:246)
	at org.gradle.launcher.cli.CommandLineActionFactory$WithLogging.execute(CommandLineActionFactory.java:182)
	at org.gradle.launcher.Main.doAction(Main.java:33)
	at org.gradle.launcher.bootstrap.EntryPoint.run(EntryPoint.java:45)
	at sun.reflect.NativeMethodAccessorImpl.invoke0(Native Method)
	at sun.reflect.NativeMethodAccessorImpl.invoke(NativeMethodAccessorImpl.java:62)
	at sun.reflect.DelegatingMethodAccessorImpl.invoke(DelegatingMethodAccessorImpl.java:43)
	at java.lang.reflect.Method.invoke(Method.java:498)
	at org.gradle.launcher.bootstrap.ProcessBootstrap.runNoExit(ProcessBootstrap.java:60)
	at org.gradle.launcher.bootstrap.ProcessBootstrap.run(ProcessBootstrap.java:37)
	at org.gradle.launcher.GradleMain.main(GradleMain.java:23)
	at sun.reflect.NativeMethodAccessorImpl.invoke0(Native Method)
	at sun.reflect.NativeMethodAccessorImpl.invoke(NativeMethodAccessorImpl.java:62)
	at sun.reflect.DelegatingMethodAccessorImpl.invoke(DelegatingMethodAccessorImpl.java:43)
	at java.lang.reflect.Method.invoke(Method.java:498)
	at org.gradle.wrapper.BootstrapMainStarter.start(BootstrapMainStarter.java:31)
	at org.gradle.wrapper.WrapperExecutor.execute(WrapperExecutor.java:108)
	at org.gradle.wrapper.GradleWrapperMain.main(GradleWrapperMain.java:61)
:compileJava NO-SOURCE
:processResources NO-SOURCE
:classes UP-TO-DATE
:jar
:assemble
:stagemonitor-configuration:compileJavawarning: [options] bootstrap class path not set in conjunction with -source 1.6
Note: /home/travis/build/stagemonitor/stagemonitor/stagemonitor-configuration/src/main/java/org/stagemonitor/configuration/ConfigurationRegistry.java uses unchecked or unsafe operations.
Note: Recompile with -Xlint:unchecked for details.
1 warning

:stagemonitor-configuration:processResources NO-SOURCE
:stagemonitor-configuration:classes
:stagemonitor-configuration:osgiClasses
:stagemonitor-configuration:jar
:stagemonitor-dispatcher:compileJavawarning: [options] bootstrap class path not set in conjunction with -source 1.6
1 warning

:stagemonitor-dispatcher:processResources NO-SOURCE
:stagemonitor-dispatcher:classes
:stagemonitor-dispatcher:osgiClasses
:stagemonitor-dispatcher:jar
:stagemonitor-core:compileJavawarning: [options] bootstrap class path not set in conjunction with -source 1.6
/home/travis/build/stagemonitor/stagemonitor/stagemonitor-core/src/main/java/org/stagemonitor/core/instrument/CallerUtil.java:7: warning: JavaLangAccess is internal proprietary API and may be removed in a future release
import sun.misc.JavaLangAccess;
               ^
/home/travis/build/stagemonitor/stagemonitor/stagemonitor-core/src/main/java/org/stagemonitor/core/instrument/CallerUtil.java:8: warning: SharedSecrets is internal proprietary API and may be removed in a future release
import sun.misc.SharedSecrets;
               ^
/home/travis/build/stagemonitor/stagemonitor/stagemonitor-core/src/main/java/org/stagemonitor/core/instrument/CallerUtil.java:16: warning: SharedSecrets is internal proprietary API and may be removed in a future release
			javaLangAccessObject = SharedSecrets.getJavaLangAccess();
			                       ^
/home/travis/build/stagemonitor/stagemonitor/stagemonitor-core/src/main/java/org/stagemonitor/core/instrument/CallerUtil.java:42: warning: JavaLangAccess is internal proprietary API and may be removed in a future release
		final JavaLangAccess javaLangAccess = (JavaLangAccess) javaLangAccessObject;
		      ^
/home/travis/build/stagemonitor/stagemonitor/stagemonitor-core/src/main/java/org/stagemonitor/core/instrument/CallerUtil.java:42: warning: JavaLangAccess is internal proprietary API and may be removed in a future release
		final JavaLangAccess javaLangAccess = (JavaLangAccess) javaLangAccessObject;
		                                       ^
Note: Some input files use or override a deprecated API.
Note: Recompile with -Xlint:deprecation for details.
Note: Some input files use unchecked or unsafe operations.
Note: Recompile with -Xlint:unchecked for details.
6 warnings

:stagemonitor-core:processResources
:stagemonitor-core:classes
:stagemonitor-core:osgiClasses
:stagemonitor-core:jar
:stagemonitor-tracing:compileJavawarning: [options] bootstrap class path not set in conjunction with -source 1.6
Note: Some input files use or override a deprecated API.
Note: Recompile with -Xlint:deprecation for details.
Note: Some input files use unchecked or unsafe operations.
Note: Recompile with -Xlint:unchecked for details.
1 warning

:stagemonitor-tracing:processResources
:stagemonitor-tracing:classes
:stagemonitor-tracing:osgiClasses
:stagemonitor-tracing:jar
:stagemonitor-jdbc:compileJavawarning: [options] bootstrap class path not set in conjunction with -source 1.6
Note: /home/travis/build/stagemonitor/stagemonitor/stagemonitor-jdbc/src/main/java/org/stagemonitor/jdbc/StagemonitorJdbcEventListener.java uses unchecked or unsafe operations.
Note: Recompile with -Xlint:unchecked for details.
1 warning

:stagemonitor-jdbc:processResources
:stagemonitor-jdbc:classes
:stagemonitor-jdbc:osgiClasses
:stagemonitor-jdbc:jar
:stagemonitor-jvm:compileJavawarning: [options] bootstrap class path not set in conjunction with -source 1.6
1 warning

:stagemonitor-jvm:processResources
:stagemonitor-jvm:classes
:stagemonitor-jvm:osgiClasses
:stagemonitor-jvm:jar
:stagemonitor-web-servlet:compileJavawarning: [options] bootstrap class path not set in conjunction with -source 1.6
Note: Some input files use or override a deprecated API.
Note: Recompile with -Xlint:deprecation for details.
1 warning

:stagemonitor-web-servlet:processResources
:stagemonitor-web-servlet:classes
:stagemonitor-web-servlet:osgiClasses
:stagemonitor-web-servlet:jar
:stagemonitor-alerting:compileJavawarning: [options] bootstrap class path not set in conjunction with -source 1.6
Note: /home/travis/build/stagemonitor/stagemonitor/stagemonitor-alerting/src/main/java/org/stagemonitor/alerting/AlertingPlugin.java uses or overrides a deprecated API.
Note: Recompile with -Xlint:deprecation for details.
Note: /home/travis/build/stagemonitor/stagemonitor/stagemonitor-alerting/src/main/java/org/stagemonitor/alerting/ThresholdMonitoringReporter.java uses unchecked or unsafe operations.
Note: Recompile with -Xlint:unchecked for details.
1 warning

:stagemonitor-alerting:processResources
:stagemonitor-alerting:classes
:stagemonitor-alerting:osgiClasses
:stagemonitor-alerting:jar
:stagemonitor-configuration:javadocPicked up _JAVA_OPTIONS: -Xmx2048m -Xms512m
/home/travis/build/stagemonitor/stagemonitor/stagemonitor-configuration/src/main/java/org/stagemonitor/configuration/source/ConfigurationSource.java:18: warning: no @throws for java.io.IOException
	void reload() throws IOException;
	     ^
/home/travis/build/stagemonitor/stagemonitor/stagemonitor-configuration/src/main/java/org/stagemonitor/configuration/ConfigurationOption.java:182: warning: no @param for <K>
	public static <K, V> ConfigurationOptionBuilder<Map<K, V>> mapOption(ValueConverter<K> keyConverter, ValueConverter<V> valueConverter) {
	                                                           ^
/home/travis/build/stagemonitor/stagemonitor/stagemonitor-configuration/src/main/java/org/stagemonitor/configuration/ConfigurationOption.java:182: warning: no @param for <V>
	public static <K, V> ConfigurationOptionBuilder<Map<K, V>> mapOption(ValueConverter<K> keyConverter, ValueConverter<V> valueConverter) {
	                                                           ^
/home/travis/build/stagemonitor/stagemonitor/stagemonitor-configuration/src/main/java/org/stagemonitor/configuration/ConfigurationOption.java:182: warning: no @param for keyConverter
	public static <K, V> ConfigurationOptionBuilder<Map<K, V>> mapOption(ValueConverter<K> keyConverter, ValueConverter<V> valueConverter) {
	                                                           ^
/home/travis/build/stagemonitor/stagemonitor/stagemonitor-configuration/src/main/java/org/stagemonitor/configuration/ConfigurationOption.java:182: warning: no @param for valueConverter
	public static <K, V> ConfigurationOptionBuilder<Map<K, V>> mapOption(ValueConverter<K> keyConverter, ValueConverter<V> valueConverter) {
	                                                           ^
/home/travis/build/stagemonitor/stagemonitor/stagemonitor-configuration/src/main/java/org/stagemonitor/configuration/ConfigurationOption.java:192: warning: no @param for <T>
	public static <T extends Enum<T>> ConfigurationOptionBuilder<T> enumOption(Class<T> clazz) {
	                                                                ^
/home/travis/build/stagemonitor/stagemonitor/stagemonitor-configuration/src/main/java/org/stagemonitor/configuration/ConfigurationOption.java:192: warning: no @param for clazz
	public static <T extends Enum<T>> ConfigurationOptionBuilder<T> enumOption(Class<T> clazz) {
	                                                                ^
/home/travis/build/stagemonitor/stagemonitor/stagemonitor-configuration/src/main/java/org/stagemonitor/configuration/ConfigurationOption.java:209: warning: no @param for <T>
	public static <T> ConfigurationOptionBuilder<T> serviceLoaderStrategyOption(Class<T> serviceLoaderInterface) {
	                                                ^
/home/travis/build/stagemonitor/stagemonitor/stagemonitor-configuration/src/main/java/org/stagemonitor/configuration/ConfigurationOption.java:209: warning: no @param for serviceLoaderInterface
	public static <T> ConfigurationOptionBuilder<T> serviceLoaderStrategyOption(Class<T> serviceLoaderInterface) {
	                                                ^
/home/travis/build/stagemonitor/stagemonitor/stagemonitor-configuration/src/main/java/org/stagemonitor/configuration/ConfigurationOption.java:209: warning: no @return
	public static <T> ConfigurationOptionBuilder<T> serviceLoaderStrategyOption(Class<T> serviceLoaderInterface) {
	                                                ^
/home/travis/build/stagemonitor/stagemonitor/stagemonitor-configuration/src/main/java/org/stagemonitor/configuration/ConfigurationOption.java:646: warning: no @return
		public ConfigurationOption<T> build() {
		                              ^
/home/travis/build/stagemonitor/stagemonitor/stagemonitor-configuration/src/main/java/org/stagemonitor/configuration/ConfigurationOption.java:664: warning: no @return
		public ConfigurationOption<T> buildRequired() {
		                              ^
/home/travis/build/stagemonitor/stagemonitor/stagemonitor-configuration/src/main/java/org/stagemonitor/configuration/ConfigurationOption.java:676: warning: no @return
		public ConfigurationOption<T> buildWithDefault(T defaultValue) {
		                              ^
/home/travis/build/stagemonitor/stagemonitor/stagemonitor-configuration/src/main/java/org/stagemonitor/configuration/ConfigurationOption.java:691: warning: no @return
		public ConfigurationOption<Optional<T>> buildOptional() {
		                                        ^
/home/travis/build/stagemonitor/stagemonitor/stagemonitor-configuration/src/main/java/org/stagemonitor/configuration/ConfigurationOption.java:722: warning: no @param for aliasKeys
		public ConfigurationOptionBuilder<T> aliasKeys(String... aliasKeys) {
		                                     ^
/home/travis/build/stagemonitor/stagemonitor/stagemonitor-configuration/src/main/java/org/stagemonitor/configuration/ConfigurationOption.java:741: warning: no @param for defaultValue
		public ConfigurationOptionBuilder<T> defaultValue(T defaultValue) {
		                                     ^
/home/travis/build/stagemonitor/stagemonitor/stagemonitor-configuration/src/main/java/org/stagemonitor/configuration/ConfigurationOption.java:741: warning: no @return
		public ConfigurationOptionBuilder<T> defaultValue(T defaultValue) {
		                                     ^
/home/travis/build/stagemonitor/stagemonitor/stagemonitor-configuration/src/main/java/org/stagemonitor/configuration/ConfigurationRegistry.java:98: warning: no @param for failOnMissingRequiredValues
	public ConfigurationRegistry(Iterable<? extends ConfigurationOptionProvider> optionProviders,
	       ^

18 warnings
:stagemonitor-dispatcher:javadocPicked up _JAVA_OPTIONS: -Xmx2048m -Xms512m
/home/travis/build/stagemonitor/stagemonitor/stagemonitor-dispatcher/src/main/java/__redirected/org/stagemonitor/dispatcher/Dispatcher.java:90: warning: no @param for o
	public static boolean isVisibleToCurrentContextClassLoader(Object o) {
	                      ^
/home/travis/build/stagemonitor/stagemonitor/stagemonitor-dispatcher/src/main/java/__redirected/org/stagemonitor/dispatcher/Dispatcher.java:90: warning: no @return
	public static boolean isVisibleToCurrentContextClassLoader(Object o) {
	                      ^

2 warnings
:stagemonitor-core:javadocPicked up _JAVA_OPTIONS: -Xmx2048m -Xms512m
/home/travis/build/stagemonitor/stagemonitor/stagemonitor-core/src/main/java/org/stagemonitor/core/elasticsearch/ElasticsearchClient.java:349: warning: no @param for optimizeAndMoveIndicesToColdNodesOlderThanDays
	public void scheduleIndexManagement(String indexPrefix, int optimizeAndMoveIndicesToColdNodesOlderThanDays, int deleteIndicesOlderThanDays) {
	            ^
/home/travis/build/stagemonitor/stagemonitor/stagemonitor-core/src/main/java/org/stagemonitor/core/elasticsearch/ElasticsearchClient.java:349: warning: no @param for deleteIndicesOlderThanDays
	public void scheduleIndexManagement(String indexPrefix, int optimizeAndMoveIndicesToColdNodesOlderThanDays, int deleteIndicesOlderThanDays) {
	            ^
/home/travis/build/stagemonitor/stagemonitor/stagemonitor-core/src/main/java/org/stagemonitor/core/instrument/StagemonitorByteBuddyTransformer.java:86: warning: no @return
	protected AgentBuilder.RawMatcher getRawMatcher() {
	                                  ^
/home/travis/build/stagemonitor/stagemonitor/stagemonitor-core/src/main/java/org/stagemonitor/core/instrument/CallerUtil.java:28: warning: no @return
	public static String getCallerSignature() {
	                     ^
/home/travis/build/stagemonitor/stagemonitor/stagemonitor-core/src/main/java/org/stagemonitor/core/metrics/prometheus/StagemonitorPrometheusCollector.java:44: warning: empty <p> tag
 * <p>
   ^
/home/travis/build/stagemonitor/stagemonitor/stagemonitor-core/src/main/java/org/stagemonitor/core/StagemonitorPlugin.java:47: warning: no description for @param
	 * @param initArguments
	   ^
/home/travis/build/stagemonitor/stagemonitor/stagemonitor-core/src/main/java/org/stagemonitor/core/StagemonitorPlugin.java:49: warning: no @throws for java.lang.Exception
	public void initializePlugin(InitArguments initArguments) throws Exception {
	            ^
/home/travis/build/stagemonitor/stagemonitor/stagemonitor-core/src/main/java/org/stagemonitor/core/StagemonitorPlugin.java:59: warning: no @throws for java.lang.Exception
	public void onShutDown() throws Exception {
	            ^
/home/travis/build/stagemonitor/stagemonitor/stagemonitor-core/src/main/java/org/stagemonitor/core/StagemonitorPlugin.java:73: warning: no @param for widgetTabPluginsRegistry
	public void registerWidgetTabPlugins(WidgetTabPluginsRegistry widgetTabPluginsRegistry) {
	            ^
/home/travis/build/stagemonitor/stagemonitor/stagemonitor-core/src/main/java/org/stagemonitor/core/StagemonitorPlugin.java:90: warning: no @param for widgetMetricTabPluginsRegistry
	public void registerWidgetMetricTabPlugins(WidgetMetricTabPluginsRegistry widgetMetricTabPluginsRegistry) {
	            ^
/home/travis/build/stagemonitor/stagemonitor/stagemonitor-core/src/main/java/org/stagemonitor/core/Stagemonitor.java:265: warning: no @return
	public static MetricRegistry getMetricRegistry() {
	                             ^
/home/travis/build/stagemonitor/stagemonitor/stagemonitor-core/src/main/java/org/stagemonitor/core/Stagemonitor.java:289: warning: no @param for <T>
	public static <T extends StagemonitorPlugin> T getConfiguration(Class<T> plugin) {
	                                               ^
/home/travis/build/stagemonitor/stagemonitor/stagemonitor-core/src/main/java/org/stagemonitor/core/Stagemonitor.java:289: warning: no @param for plugin
	public static <T extends StagemonitorPlugin> T getConfiguration(Class<T> plugin) {
	                                               ^
/home/travis/build/stagemonitor/stagemonitor/stagemonitor-core/src/main/java/org/stagemonitor/core/Stagemonitor.java:289: warning: no @return
	public static <T extends StagemonitorPlugin> T getConfiguration(Class<T> plugin) {
	                                               ^
/home/travis/build/stagemonitor/stagemonitor/stagemonitor-core/src/main/java/org/stagemonitor/core/Stagemonitor.java:316: warning: no @return
	public static List<String> getPathsOfWidgetTabPlugins() {
	                           ^
/home/travis/build/stagemonitor/stagemonitor/stagemonitor-core/src/main/java/org/stagemonitor/core/Stagemonitor.java:323: warning: no @return
	public static List<String> getPathsOfWidgetMetricTabPlugins() {
	                           ^
/home/travis/build/stagemonitor/stagemonitor/stagemonitor-core/src/main/java/org/stagemonitor/core/Stagemonitor.java:339: warning: no @param for measurementSession
	public static void reset(MeasurementSession measurementSession) {
	                   ^
/home/travis/build/stagemonitor/stagemonitor/stagemonitor-core/src/main/java/org/stagemonitor/core/StagemonitorConfigurationSourceInitializer.java:22: warning: no description for @param
	 * @param modifyArguments
	   ^
/home/travis/build/stagemonitor/stagemonitor/stagemonitor-core/src/main/java/org/stagemonitor/core/StagemonitorConfigurationSourceInitializer.java:31: warning: no description for @param
	 * @param configInitializedArguments@throws Exception if there was a initialisation error. If a exception is thrown, stagemonitor will be deactivated!
	   ^
/home/travis/build/stagemonitor/stagemonitor/stagemonitor-core/src/main/java/org/stagemonitor/core/metrics/metrics2/MetricName.java:194: warning - Tag @link: can't find MetricNameTemplate(MetricName, String...) in org.stagemonitor.core.metrics.metrics2.MetricName.MetricNameTemplate
/home/travis/build/stagemonitor/stagemonitor/stagemonitor-core/src/main/java/org/stagemonitor/core/metrics/metrics2/MetricName.java:216: warning - Tag @link: can't find MetricNameTemplate(MetricName, String) in org.stagemonitor.core.metrics.metrics2.MetricName.MetricNameTemplate
/home/travis/build/stagemonitor/stagemonitor/stagemonitor-core/src/main/java/org/stagemonitor/core/metrics/MetricNameFilter.java:15: warning: no description for @param
	 * @param patterns
	   ^
/home/travis/build/stagemonitor/stagemonitor/stagemonitor-core/src/main/java/org/stagemonitor/core/metrics/MetricNameFilter.java:16: warning: no description for @return
	 * @return
	   ^
/home/travis/build/stagemonitor/stagemonitor/stagemonitor-core/src/main/java/org/stagemonitor/core/metrics/MetricNameFilter.java:24: warning: no description for @param
	 * @param patterns
	   ^
/home/travis/build/stagemonitor/stagemonitor/stagemonitor-core/src/main/java/org/stagemonitor/core/metrics/MetricNameFilter.java:25: warning: no description for @return
	 * @return
	   ^
/home/travis/build/stagemonitor/stagemonitor/stagemonitor-core/src/main/java/org/stagemonitor/core/metrics/MetricNameFilter.java:34: warning: no description for @param
	 * @param patterns
	   ^
/home/travis/build/stagemonitor/stagemonitor/stagemonitor-core/src/main/java/org/stagemonitor/core/metrics/MetricNameFilter.java:35: warning: no description for @return
	 * @return
	   ^
/home/travis/build/stagemonitor/stagemonitor/stagemonitor-core/src/main/java/org/stagemonitor/core/metrics/MetricNameFilter.java:46: warning: no description for @param
	 * @param patterns
	   ^
/home/travis/build/stagemonitor/stagemonitor/stagemonitor-core/src/main/java/org/stagemonitor/core/util/Assert.java:18: warning: no @param for expression
	public static void checkArgument(boolean expression,
	                   ^
/home/travis/build/stagemonitor/stagemonitor/stagemonitor-core/src/main/java/org/stagemonitor/core/util/Assert.java:18: warning: no @param for errorMessageTemplate
	public static void checkArgument(boolean expression,
	                   ^
/home/travis/build/stagemonitor/stagemonitor/stagemonitor-core/src/main/java/org/stagemonitor/core/util/Assert.java:18: warning: no @param for errorMessageArgs
	public static void checkArgument(boolean expression,
	                   ^
/home/travis/build/stagemonitor/stagemonitor/stagemonitor-core/src/main/java/org/stagemonitor/core/util/GraphiteSanitizer.java:15: warning: empty <p> tag
	 * <p>
	   ^
/home/travis/build/stagemonitor/stagemonitor/stagemonitor-core/src/main/java/org/stagemonitor/core/util/Ints.java:30: warning: no @param for value
	public static byte[] toByteArray(int value) {
	                     ^
/home/travis/build/stagemonitor/stagemonitor/stagemonitor-core/src/main/java/org/stagemonitor/core/util/Ints.java:30: warning: no @return
	public static byte[] toByteArray(int value) {
	                     ^
/home/travis/build/stagemonitor/stagemonitor/stagemonitor-core/src/main/java/org/stagemonitor/core/util/JsonMerger.java:57: warning: no @throws for java.io.IOException
	public static JsonNode merge(JsonNode source, JsonNode replacement) throws IOException {
	                       ^
/home/travis/build/stagemonitor/stagemonitor/stagemonitor-core/src/main/java/org/stagemonitor/core/util/JsonMerger.java:71: warning: no @return
	public static JsonNode merge(JsonNode source, JsonNode replacement, MergeStrategy mergeStrategy) throws IOException {
	                       ^
/home/travis/build/stagemonitor/stagemonitor/stagemonitor-core/src/main/java/org/stagemonitor/core/util/JsonMerger.java:71: warning: no @throws for java.io.IOException
	public static JsonNode merge(JsonNode source, JsonNode replacement, MergeStrategy mergeStrategy) throws IOException {
	                       ^
/home/travis/build/stagemonitor/stagemonitor/stagemonitor-core/src/main/java/org/stagemonitor/core/util/JsonMerger.java:146: warning: no @return
		public MergeStrategy encodedArrayWithKey(String field, String key) {
		                     ^
/home/travis/build/stagemonitor/stagemonitor/stagemonitor-core/src/main/java/org/stagemonitor/core/util/JsonMerger.java:168: warning: no @return
		public MergeStrategy mergeEncodedObjects(String field) {
		                     ^
/home/travis/build/stagemonitor/stagemonitor/stagemonitor-core/src/main/java/org/stagemonitor/core/util/JsonMerger.java:178: warning: no @return
		public MergeStrategy defaultMerger(Merger defaultMerger) {
		                     ^
/home/travis/build/stagemonitor/stagemonitor/stagemonitor-core/src/main/java/org/stagemonitor/core/util/JsonMerger.java:189: warning: no @return
		public MergeStrategy addFieldMerger(String field, Merger merger) {
		                     ^

41 warnings
:stagemonitor-tracing:javadocPicked up _JAVA_OPTIONS: -Xmx2048m -Xms512m
/home/travis/build/stagemonitor/stagemonitor/stagemonitor-tracing/src/main/java/org/stagemonitor/tracing/TracerFactory.java:19: warning: no @param for span
	public abstract boolean isRoot(Span span);
	                        ^
/home/travis/build/stagemonitor/stagemonitor/stagemonitor-tracing/src/main/java/org/stagemonitor/tracing/TracerFactory.java:19: warning: no @return
	public abstract boolean isRoot(Span span);
	                        ^
/home/travis/build/stagemonitor/stagemonitor/stagemonitor-tracing/src/main/java/org/stagemonitor/tracing/TracerFactory.java:25: warning: no @param for span
	public abstract boolean isSampled(Span span);
	                        ^
/home/travis/build/stagemonitor/stagemonitor/stagemonitor-tracing/src/main/java/org/stagemonitor/tracing/TracerFactory.java:25: warning: no @return
	public abstract boolean isSampled(Span span);
	                        ^
/home/travis/build/stagemonitor/stagemonitor/stagemonitor-tracing/src/main/java/org/stagemonitor/tracing/profiler/CallStackElement.java:55: warning: no @param for signature
	public static CallStackElement create(CallStackElement parent, String signature, long startTimestamp) {
	                               ^
/home/travis/build/stagemonitor/stagemonitor/stagemonitor-tracing/src/main/java/org/stagemonitor/tracing/profiler/CallStackElement.java:55: warning: no @return
	public static CallStackElement create(CallStackElement parent, String signature, long startTimestamp) {
	                               ^
/home/travis/build/stagemonitor/stagemonitor/stagemonitor-tracing/src/main/java/org/stagemonitor/tracing/profiler/Profiler.java:48: warning: no @param for signature
	public static CallStackElement activateProfiling(String signature) {
	                               ^
/home/travis/build/stagemonitor/stagemonitor/stagemonitor-tracing/src/main/java/org/stagemonitor/tracing/profiler/Profiler.java:60: warning: no description for @return
	 * @return
	   ^
/home/travis/build/stagemonitor/stagemonitor/stagemonitor-tracing/src/main/java/org/stagemonitor/tracing/wrapper/SpanWrappingTracer.java:76: warning: no @param for spanEventListenerFactory
	public boolean removeEventListenerFactory(SpanEventListenerFactory spanEventListenerFactory) {
	               ^
/home/travis/build/stagemonitor/stagemonitor/stagemonitor-tracing/src/main/java/org/stagemonitor/tracing/wrapper/SpanWrappingTracer.java:76: warning: no @return
	public boolean removeEventListenerFactory(SpanEventListenerFactory spanEventListenerFactory) {
	               ^
/home/travis/build/stagemonitor/stagemonitor/stagemonitor-tracing/src/main/java/org/stagemonitor/tracing/MonitoredRequest.java:24: warning: no description for @throws
	 * @throws Exception
	   ^
/home/travis/build/stagemonitor/stagemonitor/stagemonitor-tracing/src/main/java/org/stagemonitor/tracing/SpanContextInformation.java:48: warning: no @param for span
	public static SpanContextInformation forSpan(Span span) {
	                                     ^
/home/travis/build/stagemonitor/stagemonitor/stagemonitor-tracing/src/main/java/org/stagemonitor/tracing/SpanContextInformation.java:48: warning: no @return
	public static SpanContextInformation forSpan(Span span) {
	                                     ^
/home/travis/build/stagemonitor/stagemonitor/stagemonitor-tracing/src/main/java/org/stagemonitor/tracing/SpanContextInformation.java:71: warning: no @param for key
	public void addRequestAttribute(String key, Object value) {
	            ^
/home/travis/build/stagemonitor/stagemonitor/stagemonitor-tracing/src/main/java/org/stagemonitor/tracing/SpanContextInformation.java:71: warning: no @param for value
	public void addRequestAttribute(String key, Object value) {
	            ^
/home/travis/build/stagemonitor/stagemonitor/stagemonitor-tracing/src/main/java/org/stagemonitor/tracing/SpanContextInformation.java:90: warning: no @param for callTree
	public void setCallTree(CallStackElement callTree) {
	            ^
/home/travis/build/stagemonitor/stagemonitor/stagemonitor-tracing/src/main/java/org/stagemonitor/tracing/SpanContextInformation.java:122: warning: no @param for postExecutionInterceptorContext
	public void setPostExecutionInterceptorContext(PostExecutionInterceptorContext postExecutionInterceptorContext) {
	            ^
/home/travis/build/stagemonitor/stagemonitor/stagemonitor-tracing/src/main/java/org/stagemonitor/tracing/SpanContextInformation.java:149: warning: no @param for preExecutionInterceptorContext
	public void setPreExecutionInterceptorContext(PreExecutionInterceptorContext preExecutionInterceptorContext) {
	            ^
/home/travis/build/stagemonitor/stagemonitor/stagemonitor-tracing/src/main/java/org/stagemonitor/tracing/TracingPlugin.java:384: warning: no @return
	public Tracer getTracer() {
	              ^
/home/travis/build/stagemonitor/stagemonitor/stagemonitor-tracing/src/main/java/org/stagemonitor/tracing/reporter/SpanReporter.java:24: warning: no @throws for java.lang.Exception
	public abstract void report(SpanContextInformation spanContext, SpanWrapper spanWrapper) throws Exception;
	                     ^

20 warnings
:stagemonitor-jdbc:javadocPicked up _JAVA_OPTIONS: -Xmx2048m -Xms512m

:stagemonitor-jvm:javadocPicked up _JAVA_OPTIONS: -Xmx2048m -Xms512m

:stagemonitor-web-servlet:javadocPicked up _JAVA_OPTIONS: -Xmx2048m -Xms512m
/home/travis/build/stagemonitor/stagemonitor/stagemonitor-web-servlet/src/main/java/org/stagemonitor/web/servlet/filter/HtmlInjector.java:22: warning: no description for @param
	 * @param initArguments
	   ^
/home/travis/build/stagemonitor/stagemonitor/stagemonitor-web-servlet/src/main/java/org/stagemonitor/web/servlet/filter/HtmlInjector.java:30: warning: no description for @param
	 * @param injectArguments
	   ^
/home/travis/build/stagemonitor/stagemonitor/stagemonitor-web-servlet/src/main/java/org/stagemonitor/web/servlet/filter/HtmlInjector.java:38: warning: no description for @param
	 * @param isActiveArguments
	   ^
/home/travis/build/stagemonitor/stagemonitor/stagemonitor-web-servlet/src/main/java/org/stagemonitor/web/servlet/filter/AbstractExclusionFilter.java:52: warning: no @param for filterConfig
	public void initInternal(FilterConfig filterConfig) throws ServletException {
	            ^
/home/travis/build/stagemonitor/stagemonitor/stagemonitor-web-servlet/src/main/java/org/stagemonitor/web/servlet/filter/AbstractExclusionFilter.java:52: warning: no @throws for javax.servlet.ServletException
	public void initInternal(FilterConfig filterConfig) throws ServletException {
	            ^
/home/travis/build/stagemonitor/stagemonitor/stagemonitor-web-servlet/src/main/java/org/stagemonitor/web/servlet/util/AntPathMatcher.java:124: warning: no @param for pathSeparator
	public void setPathSeparator(String pathSeparator) {
	            ^
/home/travis/build/stagemonitor/stagemonitor/stagemonitor-web-servlet/src/main/java/org/stagemonitor/web/servlet/util/AntPathMatcher.java:134: warning: no @param for caseSensitive
	public void setCaseSensitive(boolean caseSensitive) {
	            ^
/home/travis/build/stagemonitor/stagemonitor/stagemonitor-web-servlet/src/main/java/org/stagemonitor/web/servlet/util/AntPathMatcher.java:142: warning: no @param for trimTokens
	public void setTrimTokens(boolean trimTokens) {
	            ^
/home/travis/build/stagemonitor/stagemonitor/stagemonitor-web-servlet/src/main/java/org/stagemonitor/web/servlet/util/AntPathMatcher.java:158: warning: no @param for cachePatterns
	public void setCachePatterns(boolean cachePatterns) {
	            ^
/home/travis/build/stagemonitor/stagemonitor/stagemonitor-web-servlet/src/main/java/org/stagemonitor/web/servlet/util/AntPathMatcher.java:189: warning: no @param for uriTemplateVariables
	protected boolean doMatch(String pattern, String path, boolean fullMatch,
	                  ^
/home/travis/build/stagemonitor/stagemonitor/stagemonitor-web-servlet/src/main/java/org/stagemonitor/web/servlet/util/AntPathMatcher.java:468: warning: no @param for pattern
	public String extractPathWithinPattern(String pattern, String path) {
	              ^
/home/travis/build/stagemonitor/stagemonitor/stagemonitor-web-servlet/src/main/java/org/stagemonitor/web/servlet/util/AntPathMatcher.java:468: warning: no @param for path
	public String extractPathWithinPattern(String pattern, String path) {
	              ^
/home/travis/build/stagemonitor/stagemonitor/stagemonitor-web-servlet/src/main/java/org/stagemonitor/web/servlet/util/AntPathMatcher.java:468: warning: no @return
	public String extractPathWithinPattern(String pattern, String path) {
	              ^
/home/travis/build/stagemonitor/stagemonitor/stagemonitor-web-servlet/src/main/java/org/stagemonitor/web/servlet/util/AntPathMatcher.java:677: warning: no @param for str
		public boolean matchStrings(String str, Map<String, String> uriTemplateVariables) {
		               ^
/home/travis/build/stagemonitor/stagemonitor/stagemonitor-web-servlet/src/main/java/org/stagemonitor/web/servlet/util/AntPathMatcher.java:677: warning: no @param for uriTemplateVariables
		public boolean matchStrings(String str, Map<String, String> uriTemplateVariables) {
		               ^

15 warnings
:stagemonitor-alerting:javadocPicked up _JAVA_OPTIONS: -Xmx2048m -Xms512m
/home/travis/build/stagemonitor/stagemonitor/stagemonitor-alerting/src/main/java/org/stagemonitor/alerting/check/Threshold.java:108: warning: no description for @param
		 * @param actualValue
		   ^
/home/travis/build/stagemonitor/stagemonitor/stagemonitor-alerting/src/main/java/org/stagemonitor/alerting/check/Threshold.java:109: warning: no description for @param
		 * @param expectedValue
		   ^
/home/travis/build/stagemonitor/stagemonitor/stagemonitor-alerting/src/main/java/org/stagemonitor/alerting/check/Threshold.java:110: warning: no description for @return
		 * @return
		   ^
/home/travis/build/stagemonitor/stagemonitor/stagemonitor-alerting/src/main/java/org/stagemonitor/alerting/annotation/SLA.java:56: warning: no @return
	int alertAfterXFailures() default 1;
	    ^
/home/travis/build/stagemonitor/stagemonitor/stagemonitor-alerting/src/main/java/org/stagemonitor/alerting/annotation/SLA.java:29: warning: no @return
	double errorRateThreshold() default -1;
	       ^
/home/travis/build/stagemonitor/stagemonitor/stagemonitor-alerting/src/main/java/org/stagemonitor/alerting/annotation/SLA.java:36: warning: no @return
	MetricValueType[] metric() default {};
	                  ^
/home/travis/build/stagemonitor/stagemonitor/stagemonitor-alerting/src/main/java/org/stagemonitor/alerting/annotation/SLA.java:51: warning: no @return
	Threshold.Operator operator() default Threshold.Operator.LESS;
	                   ^
/home/travis/build/stagemonitor/stagemonitor/stagemonitor-alerting/src/main/java/org/stagemonitor/alerting/annotation/SLA.java:44: warning: no @return
	double[] threshold() default {};
	         ^
/home/travis/build/stagemonitor/stagemonitor/stagemonitor-alerting/src/main/java/org/stagemonitor/alerting/alerter/Alerter.java:22: warning: no description for @param
	 * @param alertArguments
	   ^
/home/travis/build/stagemonitor/stagemonitor/stagemonitor-alerting/src/main/java/org/stagemonitor/alerting/alerter/MailRequest.java:76: warning: no description for @throws
	 * @throws MessagingException
	   ^

10 warnings
:stagemonitor-alerting:javadocJar
:stagemonitor-alerting:sourcesJar
:stagemonitor-alerting:signArchives SKIPPED
:stagemonitor-alerting:assemble
:stagemonitor-ehcache:compileJavawarning: [options] bootstrap class path not set in conjunction with -source 1.6
Note: /home/travis/build/stagemonitor/stagemonitor/stagemonitor-ehcache/src/main/java/org/stagemonitor/ehcache/EhCachePlugin.java uses or overrides a deprecated API.
Note: Recompile with -Xlint:deprecation for details.
1 warning

:stagemonitor-ehcache:processResources
:stagemonitor-ehcache:classes
:stagemonitor-ehcache:osgiClasses
:stagemonitor-ehcache:jar
:stagemonitor-logging:compileJavawarning: [options] bootstrap class path not set in conjunction with -source 1.6
1 warning

:stagemonitor-logging:processResources
:stagemonitor-logging:classes
:stagemonitor-logging:osgiClasses
:stagemonitor-logging:jar
:stagemonitor-os:compileJavawarning: [options] bootstrap class path not set in conjunction with -source 1.6
1 warning

:stagemonitor-os:processResources
:stagemonitor-os:classes
:stagemonitor-os:osgiClasses
:stagemonitor-os:jar
:stagemonitor-tracing-elasticsearch:compileJavawarning: [options] bootstrap class path not set in conjunction with -source 1.6
Note: Some input files use or override a deprecated API.
Note: Recompile with -Xlint:deprecation for details.
1 warning

:stagemonitor-tracing-elasticsearch:processResources
:stagemonitor-tracing-elasticsearch:classes
:stagemonitor-tracing-elasticsearch:osgiClasses
:stagemonitor-tracing-elasticsearch:jar
:stagemonitor-benchmark:compileJava NO-SOURCE
:stagemonitor-benchmark:processResources NO-SOURCE
:stagemonitor-benchmark:classes UP-TO-DATE
:stagemonitor-benchmark:jar
:stagemonitor-benchmark:assemble
:stagemonitor-configuration:javadocJar
:stagemonitor-configuration:sourcesJar
:stagemonitor-configuration:signArchives SKIPPED
:stagemonitor-configuration:assemble
:stagemonitor-core:javadocJar
:stagemonitor-core:sourcesJar
:stagemonitor-core:signArchives SKIPPED
:stagemonitor-core:assemble
:stagemonitor-dispatcher:javadocJar
:stagemonitor-dispatcher:sourcesJar
:stagemonitor-dispatcher:signArchives SKIPPED
:stagemonitor-dispatcher:assemble
:stagemonitor-ehcache:javadocPicked up _JAVA_OPTIONS: -Xmx2048m -Xms512m

:stagemonitor-ehcache:javadocJar
:stagemonitor-ehcache:sourcesJar
:stagemonitor-ehcache:signArchives SKIPPED
:stagemonitor-ehcache:assemble
:stagemonitor-eum-server:compileJavawarning: [options] bootstrap class path not set in conjunction with -source 1.6
1 warning

:stagemonitor-eum-server:processResources
:stagemonitor-eum-server:classes
:stagemonitor-eum-server:bootWar
:stagemonitor-tracing-elasticsearch:javadocPicked up _JAVA_OPTIONS: -Xmx2048m -Xms512m

:stagemonitor-eum-server:javadocPicked up _JAVA_OPTIONS: -Xmx2048m -Xms512m

:stagemonitor-eum-server:javadocJar
:stagemonitor-eum-server:sourcesJar
:stagemonitor-eum-server:signArchives SKIPPED
:stagemonitor-eum-server:assemble
:stagemonitor-grafana-elasticsearch:compileJava NO-SOURCE
:stagemonitor-grafana-elasticsearch:processResources NO-SOURCE
:stagemonitor-grafana-elasticsearch:classes UP-TO-DATE
:stagemonitor-grafana-elasticsearch:jar
:stagemonitor-grafana-elasticsearch:assemble
:stagemonitor-jdbc:javadocJar
:stagemonitor-jdbc:sourcesJar
:stagemonitor-jdbc:signArchives SKIPPED
:stagemonitor-jdbc:assemble
:stagemonitor-jvm:javadocJar
:stagemonitor-jvm:sourcesJar
:stagemonitor-jvm:signArchives SKIPPED
:stagemonitor-jvm:assemble
:stagemonitor-logging:javadocPicked up _JAVA_OPTIONS: -Xmx2048m -Xms512m

:stagemonitor-logging:javadocJar
:stagemonitor-logging:sourcesJar
:stagemonitor-logging:signArchives SKIPPED
:stagemonitor-logging:assemble
:stagemonitor-os:startScripts
:stagemonitor-os:distTar
:stagemonitor-os:distZip
:stagemonitor-os:javadocPicked up _JAVA_OPTIONS: -Xmx2048m -Xms512m
/home/travis/build/stagemonitor/stagemonitor/stagemonitor-os/src/main/java/org/stagemonitor/os/SigarNativeBindingLoader.java:40: warning: no description for @throws
	 * @throws Exception
	   ^
/home/travis/build/stagemonitor/stagemonitor/stagemonitor-os/src/main/java/org/stagemonitor/os/SigarNativeBindingLoader.java:81: warning: no @param for tempDirectory
	public static void extractFromJarToTemp(String path, File tempDirectory) throws IOException {
	                   ^

2 warnings
:stagemonitor-os:javadocJar
:stagemonitor-os:sourcesJar
:stagemonitor-os:signArchives SKIPPED
:stagemonitor-os:assemble
:stagemonitor-tracing:javadocJar
:stagemonitor-tracing:sourcesJar
:stagemonitor-tracing:signArchives SKIPPED
:stagemonitor-tracing:assemble
:stagemonitor-tracing-elasticsearch:javadocJar
:stagemonitor-tracing-elasticsearch:sourcesJar
:stagemonitor-tracing-elasticsearch:signArchives SKIPPED
:stagemonitor-tracing-elasticsearch:assemble
:stagemonitor-tracing-zipkin:compileJavawarning: [options] bootstrap class path not set in conjunction with -source 1.6
Note: Some input files use or override a deprecated API.
Note: Recompile with -Xlint:deprecation for details.
1 warning

:stagemonitor-tracing-zipkin:processResources
:stagemonitor-tracing-zipkin:classes
:stagemonitor-tracing-zipkin:jar
:stagemonitor-tracing-zipkin:assemble
:stagemonitor-web-servlet:javadocJar
:stagemonitor-web-servlet:sourcesJar
:stagemonitor-web-servlet:signArchives SKIPPED
:stagemonitor-web-servlet:assemble

BUILD SUCCESSFUL in 1m 26s
97 actionable tasks: 97 executed

travis_time:end:1abb02f4:start=1509873261463111122,finish=1509873348302613051,duration=86839501929[0Ktravis_fold:end:install[0Kcoverity_scan:start$ export PROJECT_NAME=stagemonitor/stagemonitor
coverity_scan:endtravis_time:start:3007ed21[0K$ ./gradlew test
Picked up _JAVA_OPTIONS: -Xmx2048m -Xms512m
The Task.leftShift(Closure) method has been deprecated and is scheduled to be removed in Gradle 5.0. Please use Task.doLast(Action) instead.
Gradle now uses separate output directories for each JVM language, but this build assumes a single directory for all classes from a source set. This behaviour has been deprecated and is scheduled to be removed in Gradle 5.0
	at build_aj0lh5f4taymcq9y2gzzzst3t.run(/home/travis/build/stagemonitor/stagemonitor/build.gradle:48)
	(Run with --stacktrace to get the full stack trace of this deprecation warning.)
:compileJava NO-SOURCE
:processResources NO-SOURCE
:classes UP-TO-DATE
:instrument SKIPPED
:copyCoberturaDatafile SKIPPED
:compileTestJava NO-SOURCE
:processTestResources NO-SOURCE
:testClasses UP-TO-DATE
:stagemonitor-configuration:compileJava UP-TO-DATE
:stagemonitor-configuration:processResources NO-SOURCE
:stagemonitor-configuration:classes UP-TO-DATE
:stagemonitor-configuration:osgiClasses UP-TO-DATE
:stagemonitor-configuration:jar UP-TO-DATE
:stagemonitor-dispatcher:compileJava UP-TO-DATE
:stagemonitor-dispatcher:processResources NO-SOURCE
:stagemonitor-dispatcher:classes UP-TO-DATE
:stagemonitor-dispatcher:osgiClasses UP-TO-DATE
:stagemonitor-dispatcher:jar UP-TO-DATE
:stagemonitor-core:compileJava UP-TO-DATE
:stagemonitor-core:processResources UP-TO-DATE
:stagemonitor-core:classes UP-TO-DATE
:stagemonitor-core:osgiClasses UP-TO-DATE
:stagemonitor-core:jar UP-TO-DATE
:stagemonitor-tracing:compileJava UP-TO-DATE
:stagemonitor-tracing:processResources UP-TO-DATE
:stagemonitor-tracing:classes UP-TO-DATE
:stagemonitor-tracing:osgiClasses UP-TO-DATE
:stagemonitor-tracing:jar UP-TO-DATE
:stagemonitor-jdbc:compileJava UP-TO-DATE
:stagemonitor-jdbc:processResources UP-TO-DATE
:stagemonitor-jdbc:classes UP-TO-DATE
:stagemonitor-jdbc:osgiClasses UP-TO-DATE
:stagemonitor-jdbc:jar UP-TO-DATE
:stagemonitor-jvm:compileJava UP-TO-DATE
:stagemonitor-jvm:processResources UP-TO-DATE
:stagemonitor-jvm:classes UP-TO-DATE
:stagemonitor-jvm:osgiClasses UP-TO-DATE
:stagemonitor-jvm:jar UP-TO-DATE
:stagemonitor-web-servlet:compileJava UP-TO-DATE
:stagemonitor-web-servlet:processResources UP-TO-DATE
:stagemonitor-web-servlet:classes UP-TO-DATE
:stagemonitor-web-servlet:osgiClasses UP-TO-DATE
:stagemonitor-web-servlet:jar UP-TO-DATE
:stagemonitor-alerting:compileJava UP-TO-DATE
:stagemonitor-alerting:processResources UP-TO-DATE
:stagemonitor-alerting:classes UP-TO-DATE
:stagemonitor-alerting:instrument SKIPPED
:stagemonitor-alerting:copyCoberturaDatafile SKIPPED
:stagemonitor-core:compileTestJavaNote: Some input files use or override a deprecated API.
Note: Recompile with -Xlint:deprecation for details.
Note: /home/travis/build/stagemonitor/stagemonitor/stagemonitor-core/src/test/java/org/stagemonitor/core/metrics/metrics2/Metric2RegistryTest.java uses unchecked or unsafe operations.
Note: Recompile with -Xlint:unchecked for details.

:stagemonitor-core:processTestResources
:stagemonitor-core:testClasses
:stagemonitor-alerting:compileTestJavaNote: Some input files use or override a deprecated API.
Note: Recompile with -Xlint:deprecation for details.

:stagemonitor-alerting:processTestResources
:stagemonitor-alerting:testClasses
:stagemonitor-alerting:testPicked up _JAVA_OPTIONS: -Xmx2048m -Xms512m

:stagemonitor-configuration:instrument SKIPPED
:stagemonitor-configuration:copyCoberturaDatafile SKIPPED
:stagemonitor-configuration:compileTestJavaNote: Some input files use or override a deprecated API.
Note: Recompile with -Xlint:deprecation for details.

:stagemonitor-configuration:processTestResources
:stagemonitor-configuration:testClasses
:stagemonitor-configuration:testPicked up _JAVA_OPTIONS: -Xmx2048m -Xms512m

:stagemonitor-core:instrument SKIPPED
:stagemonitor-core:copyCoberturaDatafile SKIPPED
:stagemonitor-core:testPicked up _JAVA_OPTIONS: -Xmx2048m -Xms512m

:stagemonitor-dispatcher:instrument SKIPPED
:stagemonitor-dispatcher:copyCoberturaDatafile SKIPPED
:stagemonitor-dispatcher:compileTestJava NO-SOURCE
:stagemonitor-dispatcher:processTestResources NO-SOURCE
:stagemonitor-dispatcher:testClasses UP-TO-DATE
:stagemonitor-dispatcher:test NO-SOURCE
:stagemonitor-ehcache:compileJava UP-TO-DATE
:stagemonitor-ehcache:processResources UP-TO-DATE
:stagemonitor-ehcache:classes UP-TO-DATE
:stagemonitor-ehcache:instrument SKIPPED
:stagemonitor-ehcache:copyCoberturaDatafile SKIPPED
:stagemonitor-ehcache:compileTestJavaNote: /home/travis/build/stagemonitor/stagemonitor/stagemonitor-ehcache/src/test/java/org/stagemonitor/ehcache/StagemonitorCacheUsageListenerTest.java uses or overrides a deprecated API.
Note: Recompile with -Xlint:deprecation for details.

:stagemonitor-ehcache:processTestResources NO-SOURCE
:stagemonitor-ehcache:testClasses
:stagemonitor-ehcache:testPicked up _JAVA_OPTIONS: -Xmx2048m -Xms512m

:stagemonitor-tracing-elasticsearch:compileJava UP-TO-DATE
:stagemonitor-tracing-elasticsearch:processResources UP-TO-DATE
:stagemonitor-tracing-elasticsearch:classes UP-TO-DATE
:stagemonitor-tracing-elasticsearch:osgiClasses UP-TO-DATE
:stagemonitor-tracing-elasticsearch:jar UP-TO-DATE
:stagemonitor-eum-server:compileJava UP-TO-DATE
:stagemonitor-eum-server:processResources UP-TO-DATE
:stagemonitor-eum-server:classes UP-TO-DATE
:stagemonitor-eum-server:instrument SKIPPED
:stagemonitor-eum-server:copyCoberturaDatafile SKIPPED
:stagemonitor-eum-server:compileTestJava NO-SOURCE
:stagemonitor-eum-server:processTestResources NO-SOURCE
:stagemonitor-eum-server:testClasses UP-TO-DATE
:stagemonitor-eum-server:test NO-SOURCE
:stagemonitor-jdbc:instrument SKIPPED
:stagemonitor-jdbc:copyCoberturaDatafile SKIPPED
:stagemonitor-tracing:compileTestJavaNote: Some input files use or override a deprecated API.
Note: Recompile with -Xlint:deprecation for details.
Note: Some input files use unchecked or unsafe operations.
Note: Recompile with -Xlint:unchecked for details.

:stagemonitor-tracing:processTestResources
:stagemonitor-tracing:testClasses
:stagemonitor-jdbc:compileTestJavaNote: /home/travis/build/stagemonitor/stagemonitor/stagemonitor-jdbc/src/test/java/org/stagemonitor/jdbc/ConnectionMonitoringTransformerTest.java uses or overrides a deprecated API.
Note: Recompile with -Xlint:deprecation for details.

:stagemonitor-jdbc:processTestResources
:stagemonitor-jdbc:testClasses
:stagemonitor-jdbc:testPicked up _JAVA_OPTIONS: -Xmx2048m -Xms512m

09:17:09.655 [Thread-9] INFO org.stagemonitor.core.Stagemonitor - Shutting down stagemonitor
09:17:09.671 [Thread-9] INFO org.stagemonitor.tracing.soap.SoapHandlerTransformer - Removing SOAP handlers [org.stagemonitor.tracing.soap.TracingServerSOAPHandler@61b8dea6, org.stagemonitor.tracing.soap.TracingClientSOAPHandler@1fc5eec]
:stagemonitor-jvm:instrument SKIPPED
:stagemonitor-jvm:copyCoberturaDatafile SKIPPED
:stagemonitor-jvm:compileTestJava NO-SOURCE
:stagemonitor-jvm:processTestResources NO-SOURCE
:stagemonitor-jvm:testClasses UP-TO-DATE
:stagemonitor-jvm:test NO-SOURCE
:stagemonitor-logging:compileJava UP-TO-DATE
:stagemonitor-logging:processResources UP-TO-DATE
:stagemonitor-logging:classes UP-TO-DATE
:stagemonitor-logging:instrument SKIPPED
:stagemonitor-logging:copyCoberturaDatafile SKIPPED
:stagemonitor-logging:compileTestJavaNote: /home/travis/build/stagemonitor/stagemonitor/stagemonitor-logging/src/test/java/org/stagemonitor/logging/MeterLoggingInstrumenterTest.java uses or overrides a deprecated API.
Note: Recompile with -Xlint:deprecation for details.

:stagemonitor-logging:processTestResources
:stagemonitor-logging:testClasses
:stagemonitor-logging:testPicked up _JAVA_OPTIONS: -Xmx2048m -Xms512m

09:17:12.750 [Thread-8] INFO org.stagemonitor.core.Stagemonitor - Shutting down stagemonitor
09:17:12.750 [Thread-8] INFO org.stagemonitor.tracing.soap.SoapHandlerTransformer - Removing SOAP handlers [org.stagemonitor.tracing.soap.TracingServerSOAPHandler@5791c45d, org.stagemonitor.tracing.soap.TracingClientSOAPHandler@39cee19d]
:stagemonitor-os:compileJava UP-TO-DATE
:stagemonitor-os:processResources UP-TO-DATE
:stagemonitor-os:classes UP-TO-DATE
:stagemonitor-os:instrument SKIPPED
:stagemonitor-os:copyCoberturaDatafile SKIPPED
:stagemonitor-os:compileTestJava
:stagemonitor-os:processTestResources NO-SOURCE
:stagemonitor-os:testClasses
:stagemonitor-os:testPicked up _JAVA_OPTIONS: -Xmx2048m -Xms512m

:stagemonitor-tracing:instrument SKIPPED
:stagemonitor-tracing:copyCoberturaDatafile SKIPPED
:stagemonitor-tracing:testPicked up _JAVA_OPTIONS: -Xmx2048m -Xms512m

:stagemonitor-tracing-elasticsearch:instrument SKIPPED
:stagemonitor-tracing-elasticsearch:copyCoberturaDatafile SKIPPED
:stagemonitor-tracing-elasticsearch:compileTestJavaNote: Some input files use or override a deprecated API.
Note: Recompile with -Xlint:deprecation for details.
Note: Some input files use unchecked or unsafe operations.
Note: Recompile with -Xlint:unchecked for details.

:stagemonitor-tracing-elasticsearch:processTestResources NO-SOURCE
:stagemonitor-tracing-elasticsearch:testClasses
:stagemonitor-tracing-elasticsearch:testPicked up _JAVA_OPTIONS: -Xmx2048m -Xms512m

09:17:57.224 [Thread-70] INFO org.stagemonitor.core.Stagemonitor - Shutting down stagemonitor
09:17:57.252 [Thread-70] INFO org.stagemonitor.tracing.soap.SoapHandlerTransformer - Removing SOAP handlers [org.stagemonitor.tracing.soap.TracingServerSOAPHandler@171c9f7c, org.stagemonitor.tracing.soap.TracingClientSOAPHandler@731632ca]
:stagemonitor-web-servlet:instrument SKIPPED
:stagemonitor-web-servlet:copyCoberturaDatafile SKIPPED
:stagemonitor-web-servlet:compileTestJavaNote: Some input files use or override a deprecated API.
Note: Recompile with -Xlint:deprecation for details.
Note: Some input files use unchecked or unsafe operations.
Note: Recompile with -Xlint:unchecked for details.

:stagemonitor-web-servlet:processTestResources
:stagemonitor-web-servlet:testClasses
:stagemonitor-web-servlet:testPicked up _JAVA_OPTIONS: -Xmx2048m -Xms512m

:test NO-SOURCE
:generateCoberturaReport SKIPPED
:performCoverageCheck SKIPPED
:stagemonitor-alerting:generateCoberturaReport SKIPPED
:stagemonitor-alerting:performCoverageCheck SKIPPED
:stagemonitor-alerting:osgiClasses UP-TO-DATE
:stagemonitor-alerting:jar UP-TO-DATE
:stagemonitor-ehcache:osgiClasses UP-TO-DATE
:stagemonitor-ehcache:jar UP-TO-DATE
:stagemonitor-logging:osgiClasses UP-TO-DATE
:stagemonitor-logging:jar UP-TO-DATE
:stagemonitor-os:osgiClasses UP-TO-DATE
:stagemonitor-os:jar UP-TO-DATE
:stagemonitor-benchmark:compileJava NO-SOURCE
:stagemonitor-benchmark:processResources NO-SOURCE
:stagemonitor-benchmark:classes UP-TO-DATE
:stagemonitor-benchmark:instrument SKIPPED
:stagemonitor-benchmark:copyCoberturaDatafile SKIPPED
:stagemonitor-benchmark:compileTestJavaNote: Some input files use or override a deprecated API.
Note: Recompile with -Xlint:deprecation for details.

:stagemonitor-benchmark:processTestResources
:stagemonitor-benchmark:testClasses
:stagemonitor-benchmark:test
:stagemonitor-benchmark:generateCoberturaReport SKIPPED
:stagemonitor-benchmark:performCoverageCheck SKIPPED
:stagemonitor-configuration:generateCoberturaReport SKIPPED
:stagemonitor-configuration:performCoverageCheck SKIPPED
:stagemonitor-core:generateCoberturaReport SKIPPED
:stagemonitor-core:performCoverageCheck SKIPPED
:stagemonitor-dispatcher:generateCoberturaReport SKIPPED
:stagemonitor-dispatcher:performCoverageCheck SKIPPED
:stagemonitor-ehcache:generateCoberturaReport SKIPPED
:stagemonitor-ehcache:performCoverageCheck SKIPPED
:stagemonitor-eum-server:generateCoberturaReport SKIPPED
:stagemonitor-eum-server:performCoverageCheck SKIPPED
:stagemonitor-grafana-elasticsearch:compileJava NO-SOURCE
:stagemonitor-grafana-elasticsearch:processResources NO-SOURCE
:stagemonitor-grafana-elasticsearch:classes UP-TO-DATE
:stagemonitor-grafana-elasticsearch:instrument SKIPPED
:stagemonitor-grafana-elasticsearch:copyCoberturaDatafile SKIPPED
:stagemonitor-grafana-elasticsearch:compileTestJava NO-SOURCE
:stagemonitor-grafana-elasticsearch:processTestResources NO-SOURCE
:stagemonitor-grafana-elasticsearch:testClasses UP-TO-DATE
:stagemonitor-grafana-elasticsearch:test NO-SOURCE
:stagemonitor-grafana-elasticsearch:generateCoberturaReport SKIPPED
:stagemonitor-grafana-elasticsearch:performCoverageCheck SKIPPED
:stagemonitor-jdbc:generateCoberturaReport SKIPPED
:stagemonitor-jdbc:performCoverageCheck SKIPPED
:stagemonitor-jvm:generateCoberturaReport SKIPPED
:stagemonitor-jvm:performCoverageCheck SKIPPED
:stagemonitor-logging:generateCoberturaReport SKIPPED
:stagemonitor-logging:performCoverageCheck SKIPPED
:stagemonitor-os:generateCoberturaReport SKIPPED
:stagemonitor-os:performCoverageCheck SKIPPED
:stagemonitor-tracing:generateCoberturaReport SKIPPED
:stagemonitor-tracing:performCoverageCheck SKIPPED
:stagemonitor-tracing-elasticsearch:generateCoberturaReport SKIPPED
:stagemonitor-tracing-elasticsearch:performCoverageCheck SKIPPED
:stagemonitor-tracing-zipkin:compileJava UP-TO-DATE
:stagemonitor-tracing-zipkin:processResources UP-TO-DATE
:stagemonitor-tracing-zipkin:classes UP-TO-DATE
:stagemonitor-tracing-zipkin:instrument SKIPPED
:stagemonitor-tracing-zipkin:copyCoberturaDatafile SKIPPED
:stagemonitor-tracing-zipkin:compileTestJava NO-SOURCE
:stagemonitor-tracing-zipkin:processTestResources NO-SOURCE
:stagemonitor-tracing-zipkin:testClasses UP-TO-DATE
:stagemonitor-tracing-zipkin:test NO-SOURCE
:stagemonitor-tracing-zipkin:generateCoberturaReport SKIPPED
:stagemonitor-tracing-zipkin:performCoverageCheck SKIPPED
:stagemonitor-web-servlet:generateCoberturaReport SKIPPED
:stagemonitor-web-servlet:performCoverageCheck SKIPPED

BUILD SUCCESSFUL in 2m 24s
80 actionable tasks: 30 executed, 50 up-to-date

travis_time:end:3007ed21:start=1509873348354332186,finish=1509873493046508366,duration=144692176180[0K
[32;1mThe command "./gradlew test" exited with 0.[0m
travis_fold:start:cache.2[0Kstore build cache
travis_time:start:0b89de65[0K
travis_time:end:0b89de65:start=1509873493055080678,finish=1509873493060503366,duration=5422688[0Ktravis_time:start:07a7aad0[0K[32;1mchange detected (content changed, file is created, or file is deleted):
/home/travis/.gradle/caches/4.2/fileHashes/fileHashes.bin
/home/travis/.gradle/caches/4.2/fileHashes/fileHashes.lock
/home/travis/.gradle/caches/4.2/plugin-resolution/plugin-resolution.lock
/home/travis/.gradle/caches/modules-2/modules-2.lock

[0m
[32;1mchanges detected, packing new archive[0m
sh: 1: sw_vers: not found
.
.
.
.
.
[32;1muploading archive[0m

travis_time:end:07a7aad0:start=1509873493066690770,finish=1509873532353881851,duration=39287191081[0Ktravis_fold:end:cache.2[0Ktravis_fold:start:after_success[0Ktravis_time:start:250bbef5[0K$ ./gradlew cobertura coveralls
Picked up _JAVA_OPTIONS: -Xmx2048m -Xms512m
The Task.leftShift(Closure) method has been deprecated and is scheduled to be removed in Gradle 5.0. Please use Task.doLast(Action) instead.
Gradle now uses separate output directories for each JVM language, but this build assumes a single directory for all classes from a source set. This behaviour has been deprecated and is scheduled to be removed in Gradle 5.0
	at build_aj0lh5f4taymcq9y2gzzzst3t.run(/home/travis/build/stagemonitor/stagemonitor/build.gradle:48)
	(Run with --stacktrace to get the full stack trace of this deprecation warning.)
:coberturaReport UP-TO-DATE
:compileJava NO-SOURCE
:processResources NO-SOURCE
:classes UP-TO-DATE
:instrument
Download https://repo1.maven.org/maven2/net/sourceforge/cobertura/cobertura/2.1.1/cobertura-2.1.1.pom
Download https://repo1.maven.org/maven2/org/ow2/asm/asm/5.0.1/asm-5.0.1.pom
Download https://repo1.maven.org/maven2/org/ow2/asm/asm-parent/5.0.1/asm-parent-5.0.1.pom
Download https://repo1.maven.org/maven2/org/ow2/asm/asm-tree/5.0.1/asm-tree-5.0.1.pom
Download https://repo1.maven.org/maven2/org/ow2/ow2/1.3/ow2-1.3.pom
Download https://repo1.maven.org/maven2/org/ow2/asm/asm-analysis/5.0.1/asm-analysis-5.0.1.pom
Download https://repo1.maven.org/maven2/org/ow2/asm/asm-util/5.0.1/asm-util-5.0.1.pom
Download https://repo1.maven.org/maven2/oro/oro/2.0.8/oro-2.0.8.pom
Download https://repo1.maven.org/maven2/jaxen/jaxen/1.1.4/jaxen-1.1.4.pom
Download https://repo1.maven.org/maven2/org/apache/ant/ant/1.8.3/ant-1.8.3.pom
Download https://repo1.maven.org/maven2/org/apache/ant/ant-junit/1.8.3/ant-junit-1.8.3.pom
Download https://repo1.maven.org/maven2/org/apache/ant/ant-parent/1.8.3/ant-parent-1.8.3.pom
Download https://repo1.maven.org/maven2/org/mortbay/jetty/jetty/6.1.14/jetty-6.1.14.pom
Download https://repo1.maven.org/maven2/org/mortbay/jetty/servlet-api-2.5/6.1.14/servlet-api-2.5-6.1.14.pom
Download https://repo1.maven.org/maven2/org/mortbay/jetty/project/6.1.14/project-6.1.14.pom
Download https://repo1.maven.org/maven2/org/mortbay/jetty/jetty-parent/7/jetty-parent-7.pom
Download https://repo1.maven.org/maven2/org/mortbay/jetty/jetty-util/6.1.14/jetty-util-6.1.14.pom
Download https://repo1.maven.org/maven2/ch/qos/logback/logback-classic/1.0.13/logback-classic-1.0.13.pom
Download https://repo1.maven.org/maven2/ch/qos/logback/logback-parent/1.0.13/logback-parent-1.0.13.pom
Download https://repo1.maven.org/maven2/junit/junit/4.11/junit-4.11.pom
Download https://repo1.maven.org/maven2/org/apache/commons/commons-lang3/3.3.2/commons-lang3-3.3.2.pom
Download https://repo1.maven.org/maven2/org/apache/commons/commons-parent/33/commons-parent-33.pom
Download https://repo1.maven.org/maven2/org/ow2/asm/asm-commons/5.0.1/asm-commons-5.0.1.pom
Download https://repo1.maven.org/maven2/org/apache/ant/ant-launcher/1.8.3/ant-launcher-1.8.3.pom
Download https://repo1.maven.org/maven2/ch/qos/logback/logback-core/1.0.13/logback-core-1.0.13.pom
Download https://repo1.maven.org/maven2/net/sourceforge/cobertura/cobertura/2.1.1/cobertura-2.1.1.jar
Download https://repo1.maven.org/maven2/org/ow2/asm/asm-commons/5.0.1/asm-commons-5.0.1.jar
Download https://repo1.maven.org/maven2/org/ow2/asm/asm-analysis/5.0.1/asm-analysis-5.0.1.jar
Download https://repo1.maven.org/maven2/org/ow2/asm/asm-tree/5.0.1/asm-tree-5.0.1.jar
Download https://repo1.maven.org/maven2/org/ow2/asm/asm/5.0.1/asm-5.0.1.jar
Download https://repo1.maven.org/maven2/oro/oro/2.0.8/oro-2.0.8.jar
Download https://repo1.maven.org/maven2/org/apache/ant/ant-junit/1.8.3/ant-junit-1.8.3.jar
Download https://repo1.maven.org/maven2/jaxen/jaxen/1.1.4/jaxen-1.1.4.jar
Download https://repo1.maven.org/maven2/org/apache/ant/ant/1.8.3/ant-1.8.3.jar
Download https://repo1.maven.org/maven2/org/mortbay/jetty/jetty/6.1.14/jetty-6.1.14.jar
Download https://repo1.maven.org/maven2/org/mortbay/jetty/servlet-api-2.5/6.1.14/servlet-api-2.5-6.1.14.jar
Download https://repo1.maven.org/maven2/org/mortbay/jetty/jetty-util/6.1.14/jetty-util-6.1.14.jar
Download https://repo1.maven.org/maven2/ch/qos/logback/logback-classic/1.0.13/logback-classic-1.0.13.jar
Download https://repo1.maven.org/maven2/junit/junit/4.11/junit-4.11.jar
Download https://repo1.maven.org/maven2/org/apache/commons/commons-lang3/3.3.2/commons-lang3-3.3.2.jar
Download https://repo1.maven.org/maven2/org/apache/ant/ant-launcher/1.8.3/ant-launcher-1.8.3.jar
Download https://repo1.maven.org/maven2/ch/qos/logback/logback-core/1.0.13/logback-core-1.0.13.jar
Download https://repo1.maven.org/maven2/org/ow2/asm/asm-util/5.0.1/asm-util-5.0.1.jar
Cobertura 2.1.1 - GNU GPL License (NO WARRANTY) - See COPYRIGHT file
:copyCoberturaDatafile
:compileTestJava NO-SOURCE
:processTestResources NO-SOURCE
:testClasses UP-TO-DATE
:stagemonitor-configuration:compileJava UP-TO-DATE
:stagemonitor-configuration:processResources NO-SOURCE
:stagemonitor-configuration:classes UP-TO-DATE
:stagemonitor-configuration:osgiClasses UP-TO-DATE
:stagemonitor-configuration:jar UP-TO-DATE
:stagemonitor-dispatcher:compileJava UP-TO-DATE
:stagemonitor-dispatcher:processResources NO-SOURCE
:stagemonitor-dispatcher:classes UP-TO-DATE
:stagemonitor-dispatcher:osgiClasses UP-TO-DATE
:stagemonitor-dispatcher:jar UP-TO-DATE
:stagemonitor-core:compileJava UP-TO-DATE
:stagemonitor-core:processResources UP-TO-DATE
:stagemonitor-core:classes UP-TO-DATE
:stagemonitor-core:osgiClasses UP-TO-DATE
:stagemonitor-core:jar UP-TO-DATE
:stagemonitor-tracing:compileJava UP-TO-DATE
:stagemonitor-tracing:processResources UP-TO-DATE
:stagemonitor-tracing:classes UP-TO-DATE
:stagemonitor-tracing:osgiClasses UP-TO-DATE
:stagemonitor-tracing:jar UP-TO-DATE
:stagemonitor-jdbc:compileJava UP-TO-DATE
:stagemonitor-jdbc:processResources UP-TO-DATE
:stagemonitor-jdbc:classes UP-TO-DATE
:stagemonitor-jdbc:osgiClasses UP-TO-DATE
:stagemonitor-jdbc:jar UP-TO-DATE
:stagemonitor-jvm:compileJava UP-TO-DATE
:stagemonitor-jvm:processResources UP-TO-DATE
:stagemonitor-jvm:classes UP-TO-DATE
:stagemonitor-jvm:osgiClasses UP-TO-DATE
:stagemonitor-jvm:jar UP-TO-DATE
:stagemonitor-web-servlet:compileJava UP-TO-DATE
:stagemonitor-web-servlet:processResources UP-TO-DATE
:stagemonitor-web-servlet:classes UP-TO-DATE
:stagemonitor-web-servlet:osgiClasses UP-TO-DATE
:stagemonitor-web-servlet:jar UP-TO-DATE
:stagemonitor-alerting:compileJava UP-TO-DATE
:stagemonitor-alerting:processResources UP-TO-DATE
:stagemonitor-alerting:classes UP-TO-DATE
:stagemonitor-alerting:instrument
Cobertura 2.1.1 - GNU GPL License (NO WARRANTY) - See COPYRIGHT file
:stagemonitor-alerting:copyCoberturaDatafile
:stagemonitor-core:compileTestJava UP-TO-DATE
:stagemonitor-core:processTestResources UP-TO-DATE
:stagemonitor-core:testClasses UP-TO-DATE
:stagemonitor-alerting:compileTestJava UP-TO-DATE
:stagemonitor-alerting:processTestResources UP-TO-DATE
:stagemonitor-alerting:testClasses UP-TO-DATE
:stagemonitor-alerting:testPicked up _JAVA_OPTIONS: -Xmx2048m -Xms512m

[INFO] Cobertura: Loaded information on 48 classes.
[INFO] Cobertura: Saved information on 48 classes.
:stagemonitor-alerting:generateCoberturaReport
:stagemonitor-alerting:performCoverageCheck SKIPPED
:stagemonitor-configuration:instrument
Cobertura 2.1.1 - GNU GPL License (NO WARRANTY) - See COPYRIGHT file
Unable to instrument file /home/travis/build/stagemonitor/stagemonitor/stagemonitor-configuration/build/instrumented_classes/org/stagemonitor/util/IOUtils.class
java.lang.NullPointerException
	at java.util.LinkedList.addAll(LinkedList.java:408)
	at java.util.LinkedList.addAll(LinkedList.java:387)
	at java.util.LinkedList.<init>(LinkedList.java:119)
	at net.sourceforge.cobertura.instrument.FindTouchPointsMethodAdapter.visitLineNumber(FindTouchPointsMethodAdapter.java:196)
	at org.objectweb.asm.ClassReader.a(Unknown Source)
	at org.objectweb.asm.ClassReader.b(Unknown Source)
	at org.objectweb.asm.ClassReader.accept(Unknown Source)
	at org.objectweb.asm.ClassReader.accept(Unknown Source)
	at net.sourceforge.cobertura.instrument.CoberturaInstrumenter.instrumentClass(CoberturaInstrumenter.java:170)
	at net.sourceforge.cobertura.instrument.CoberturaInstrumenter.instrumentClass(CoberturaInstrumenter.java:129)
	at net.sourceforge.cobertura.instrument.CoberturaInstrumenter.addInstrumentationToSingleClass(CoberturaInstrumenter.java:243)
	at net.sourceforge.cobertura.instrument.CodeInstrumentationTask.addInstrumentationToSingleClass(CodeInstrumentationTask.java:299)
	at net.sourceforge.cobertura.instrument.CodeInstrumentationTask.addInstrumentation(CodeInstrumentationTask.java:308)
	at net.sourceforge.cobertura.instrument.CodeInstrumentationTask.addInstrumentation(CodeInstrumentationTask.java:317)
	at net.sourceforge.cobertura.instrument.CodeInstrumentationTask.addInstrumentation(CodeInstrumentationTask.java:317)
	at net.sourceforge.cobertura.instrument.CodeInstrumentationTask.addInstrumentation(CodeInstrumentationTask.java:317)
	at net.sourceforge.cobertura.instrument.CodeInstrumentationTask.addInstrumentation(CodeInstrumentationTask.java:317)
	at net.sourceforge.cobertura.instrument.CodeInstrumentationTask.instrument(CodeInstrumentationTask.java:90)
	at net.sourceforge.cobertura.dsl.Cobertura.instrumentCode(Cobertura.java:74)
	at net.sourceforge.cobertura.instrument.InstrumentMain.instrument(InstrumentMain.java:82)
	at sun.reflect.NativeMethodAccessorImpl.invoke0(Native Method)
	at sun.reflect.NativeMethodAccessorImpl.invoke(NativeMethodAccessorImpl.java:62)
	at sun.reflect.DelegatingMethodAccessorImpl.invoke(DelegatingMethodAccessorImpl.java:43)
	at java.lang.reflect.Method.invoke(Method.java:498)
	at sun.reflect.NativeMethodAccessorImpl.invoke0(Native Method)
	at sun.reflect.NativeMethodAccessorImpl.invoke(NativeMethodAccessorImpl.java:62)
	at sun.reflect.DelegatingMethodAccessorImpl.invoke(DelegatingMethodAccessorImpl.java:43)
	at java.lang.reflect.Method.invoke(Method.java:498)
	at org.codehaus.groovy.runtime.callsite.PojoMetaMethodSite$PojoCachedMethodSite.invoke(PojoMetaMethodSite.java:192)
	at org.codehaus.groovy.runtime.callsite.PojoMetaMethodSite.call(PojoMetaMethodSite.java:56)
	at org.codehaus.groovy.runtime.callsite.AbstractCallSite.call(AbstractCallSite.java:133)
	at net.saliman.gradle.plugin.cobertura.CoberturaRunner.executeCobertura(CoberturaRunner.groovy:224)
	at sun.reflect.NativeMethodAccessorImpl.invoke0(Native Method)
	at sun.reflect.NativeMethodAccessorImpl.invoke(NativeMethodAccessorImpl.java:62)
	at sun.reflect.DelegatingMethodAccessorImpl.invoke(DelegatingMethodAccessorImpl.java:43)
	at java.lang.reflect.Method.invoke(Method.java:498)
	at org.codehaus.groovy.runtime.callsite.PogoMetaMethodSite$PogoCachedMethodSiteNoUnwrapNoCoerce.invoke(PogoMetaMethodSite.java:210)
	at org.codehaus.groovy.runtime.callsite.PogoMetaMethodSite.callCurrent(PogoMetaMethodSite.java:59)
	at org.codehaus.groovy.runtime.callsite.AbstractCallSite.callCurrent(AbstractCallSite.java:190)
	at net.saliman.gradle.plugin.cobertura.CoberturaRunner.instrument(CoberturaRunner.groovy:89)
	at sun.reflect.NativeMethodAccessorImpl.invoke0(Native Method)
	at sun.reflect.NativeMethodAccessorImpl.invoke(NativeMethodAccessorImpl.java:62)
	at sun.reflect.DelegatingMethodAccessorImpl.invoke(DelegatingMethodAccessorImpl.java:43)
	at java.lang.reflect.Method.invoke(Method.java:498)
	at org.codehaus.groovy.runtime.callsite.PogoMetaMethodSite$PogoCachedMethodSite.invoke(PogoMetaMethodSite.java:169)
	at org.codehaus.groovy.runtime.callsite.PogoMetaMethodSite.call(PogoMetaMethodSite.java:71)
	at org.codehaus.groovy.runtime.callsite.AbstractCallSite.call(AbstractCallSite.java:149)
	at net.saliman.gradle.plugin.cobertura.InstrumentTask.instrument(InstrumentTask.groovy:145)
	at sun.reflect.NativeMethodAccessorImpl.invoke0(Native Method)
	at sun.reflect.NativeMethodAccessorImpl.invoke(NativeMethodAccessorImpl.java:62)
	at sun.reflect.DelegatingMethodAccessorImpl.invoke(DelegatingMethodAccessorImpl.java:43)
	at java.lang.reflect.Method.invoke(Method.java:498)
	at org.gradle.internal.reflect.JavaMethod.invoke(JavaMethod.java:73)
	at org.gradle.api.internal.project.taskfactory.DefaultTaskClassInfoStore$StandardTaskAction.doExecute(DefaultTaskClassInfoStore.java:142)
	at org.gradle.api.internal.project.taskfactory.DefaultTaskClassInfoStore$StandardTaskAction.execute(DefaultTaskClassInfoStore.java:135)
	at org.gradle.api.internal.project.taskfactory.DefaultTaskClassInfoStore$StandardTaskAction.execute(DefaultTaskClassInfoStore.java:122)
	at org.gradle.api.internal.AbstractTask$TaskActionWrapper.execute(AbstractTask.java:762)
	at org.gradle.api.internal.AbstractTask$TaskActionWrapper.execute(AbstractTask.java:729)
	at org.gradle.api.internal.tasks.execution.ExecuteActionsTaskExecuter$1.run(ExecuteActionsTaskExecuter.java:121)
	at org.gradle.internal.progress.DefaultBuildOperationExecutor$RunnableBuildOperationWorker.execute(DefaultBuildOperationExecutor.java:336)
	at org.gradle.internal.progress.DefaultBuildOperationExecutor$RunnableBuildOperationWorker.execute(DefaultBuildOperationExecutor.java:328)
	at org.gradle.internal.progress.DefaultBuildOperationExecutor.execute(DefaultBuildOperationExecutor.java:199)
	at org.gradle.internal.progress.DefaultBuildOperationExecutor.run(DefaultBuildOperationExecutor.java:110)
	at org.gradle.api.internal.tasks.execution.ExecuteActionsTaskExecuter.executeAction(ExecuteActionsTaskExecuter.java:110)
	at org.gradle.api.internal.tasks.execution.ExecuteActionsTaskExecuter.executeActions(ExecuteActionsTaskExecuter.java:92)
	at org.gradle.api.internal.tasks.execution.ExecuteActionsTaskExecuter.execute(ExecuteActionsTaskExecuter.java:70)
	at org.gradle.api.internal.tasks.execution.SkipUpToDateTaskExecuter.execute(SkipUpToDateTaskExecuter.java:62)
	at org.gradle.api.internal.tasks.execution.ResolveTaskOutputCachingStateExecuter.execute(ResolveTaskOutputCachingStateExecuter.java:54)
	at org.gradle.api.internal.tasks.execution.ValidatingTaskExecuter.execute(ValidatingTaskExecuter.java:58)
	at org.gradle.api.internal.tasks.execution.SkipEmptySourceFilesTaskExecuter.execute(SkipEmptySourceFilesTaskExecuter.java:97)
	at org.gradle.api.internal.tasks.execution.CleanupStaleOutputsExecuter.execute(CleanupStaleOutputsExecuter.java:87)
	at org.gradle.api.internal.tasks.execution.ResolveTaskArtifactStateTaskExecuter.execute(ResolveTaskArtifactStateTaskExecuter.java:52)
	at org.gradle.api.internal.tasks.execution.SkipTaskWithNoActionsExecuter.execute(SkipTaskWithNoActionsExecuter.java:52)
	at org.gradle.api.internal.tasks.execution.SkipOnlyIfTaskExecuter.execute(SkipOnlyIfTaskExecuter.java:54)
	at org.gradle.api.internal.tasks.execution.ExecuteAtMostOnceTaskExecuter.execute(ExecuteAtMostOnceTaskExecuter.java:43)
	at org.gradle.api.internal.tasks.execution.CatchExceptionTaskExecuter.execute(CatchExceptionTaskExecuter.java:34)
	at org.gradle.execution.taskgraph.DefaultTaskGraphExecuter$EventFiringTaskWorker$1.run(DefaultTaskGraphExecuter.java:248)
	at org.gradle.internal.progress.DefaultBuildOperationExecutor$RunnableBuildOperationWorker.execute(DefaultBuildOperationExecutor.java:336)
	at org.gradle.internal.progress.DefaultBuildOperationExecutor$RunnableBuildOperationWorker.execute(DefaultBuildOperationExecutor.java:328)
	at org.gradle.internal.progress.DefaultBuildOperationExecutor.execute(DefaultBuildOperationExecutor.java:199)
	at org.gradle.internal.progress.DefaultBuildOperationExecutor.run(DefaultBuildOperationExecutor.java:110)
	at org.gradle.execution.taskgraph.DefaultTaskGraphExecuter$EventFiringTaskWorker.execute(DefaultTaskGraphExecuter.java:241)
	at org.gradle.execution.taskgraph.DefaultTaskGraphExecuter$EventFiringTaskWorker.execute(DefaultTaskGraphExecuter.java:230)
	at org.gradle.execution.taskgraph.DefaultTaskPlanExecutor$TaskExecutorWorker.processTask(DefaultTaskPlanExecutor.java:123)
	at org.gradle.execution.taskgraph.DefaultTaskPlanExecutor$TaskExecutorWorker.access$200(DefaultTaskPlanExecutor.java:79)
	at org.gradle.execution.taskgraph.DefaultTaskPlanExecutor$TaskExecutorWorker$1.execute(DefaultTaskPlanExecutor.java:104)
	at org.gradle.execution.taskgraph.DefaultTaskPlanExecutor$TaskExecutorWorker$1.execute(DefaultTaskPlanExecutor.java:98)
	at org.gradle.execution.taskgraph.DefaultTaskExecutionPlan.execute(DefaultTaskExecutionPlan.java:625)
	at org.gradle.execution.taskgraph.DefaultTaskExecutionPlan.executeWithTask(DefaultTaskExecutionPlan.java:580)
	at org.gradle.execution.taskgraph.DefaultTaskPlanExecutor$TaskExecutorWorker.run(DefaultTaskPlanExecutor.java:98)
	at org.gradle.execution.taskgraph.DefaultTaskPlanExecutor.process(DefaultTaskPlanExecutor.java:59)
	at org.gradle.execution.taskgraph.DefaultTaskGraphExecuter.execute(DefaultTaskGraphExecuter.java:128)
	at org.gradle.execution.SelectedTaskExecutionAction.execute(SelectedTaskExecutionAction.java:37)
	at org.gradle.execution.DefaultBuildExecuter.execute(DefaultBuildExecuter.java:37)
	at org.gradle.execution.DefaultBuildExecuter.access$000(DefaultBuildExecuter.java:23)
	at org.gradle.execution.DefaultBuildExecuter$1.proceed(DefaultBuildExecuter.java:43)
	at org.gradle.execution.DryRunBuildExecutionAction.execute(DryRunBuildExecutionAction.java:46)
	at org.gradle.execution.DefaultBuildExecuter.execute(DefaultBuildExecuter.java:37)
	at org.gradle.execution.DefaultBuildExecuter.execute(DefaultBuildExecuter.java:30)
	at org.gradle.initialization.DefaultGradleLauncher$ExecuteTasks.run(DefaultGradleLauncher.java:314)
	at org.gradle.internal.progress.DefaultBuildOperationExecutor$RunnableBuildOperationWorker.execute(DefaultBuildOperationExecutor.java:336)
	at org.gradle.internal.progress.DefaultBuildOperationExecutor$RunnableBuildOperationWorker.execute(DefaultBuildOperationExecutor.java:328)
	at org.gradle.internal.progress.DefaultBuildOperationExecutor.execute(DefaultBuildOperationExecutor.java:199)
	at org.gradle.internal.progress.DefaultBuildOperationExecutor.run(DefaultBuildOperationExecutor.java:110)
	at org.gradle.initialization.DefaultGradleLauncher.runTasks(DefaultGradleLauncher.java:204)
	at org.gradle.initialization.DefaultGradleLauncher.doBuildStages(DefaultGradleLauncher.java:134)
	at org.gradle.initialization.DefaultGradleLauncher.executeTasks(DefaultGradleLauncher.java:109)
	at org.gradle.internal.invocation.GradleBuildController$1.call(GradleBuildController.java:78)
	at org.gradle.internal.invocation.GradleBuildController$1.call(GradleBuildController.java:75)
	at org.gradle.internal.work.DefaultWorkerLeaseService.withLocks(DefaultWorkerLeaseService.java:152)
	at org.gradle.internal.invocation.GradleBuildController.doBuild(GradleBuildController.java:100)
	at org.gradle.internal.invocation.GradleBuildController.run(GradleBuildController.java:75)
	at org.gradle.tooling.internal.provider.ExecuteBuildActionRunner.run(ExecuteBuildActionRunner.java:28)
	at org.gradle.launcher.exec.ChainingBuildActionRunner.run(ChainingBuildActionRunner.java:35)
	at org.gradle.tooling.internal.provider.ValidatingBuildActionRunner.run(ValidatingBuildActionRunner.java:32)
	at org.gradle.launcher.exec.RunAsBuildOperationBuildActionRunner$1.run(RunAsBuildOperationBuildActionRunner.java:43)
	at org.gradle.internal.progress.DefaultBuildOperationExecutor$RunnableBuildOperationWorker.execute(DefaultBuildOperationExecutor.java:336)
	at org.gradle.internal.progress.DefaultBuildOperationExecutor$RunnableBuildOperationWorker.execute(DefaultBuildOperationExecutor.java:328)
	at org.gradle.internal.progress.DefaultBuildOperationExecutor.execute(DefaultBuildOperationExecutor.java:199)
	at org.gradle.internal.progress.DefaultBuildOperationExecutor.run(DefaultBuildOperationExecutor.java:110)
	at org.gradle.launcher.exec.RunAsBuildOperationBuildActionRunner.run(RunAsBuildOperationBuildActionRunner.java:40)
	at org.gradle.tooling.internal.provider.SubscribableBuildActionRunner.run(SubscribableBuildActionRunner.java:51)
	at org.gradle.launcher.exec.InProcessBuildActionExecuter.execute(InProcessBuildActionExecuter.java:47)
	at org.gradle.launcher.exec.InProcessBuildActionExecuter.execute(InProcessBuildActionExecuter.java:30)
	at org.gradle.launcher.exec.BuildTreeScopeBuildActionExecuter.execute(BuildTreeScopeBuildActionExecuter.java:39)
	at org.gradle.launcher.exec.BuildTreeScopeBuildActionExecuter.execute(BuildTreeScopeBuildActionExecuter.java:25)
	at org.gradle.tooling.internal.provider.ContinuousBuildActionExecuter.execute(ContinuousBuildActionExecuter.java:80)
	at org.gradle.tooling.internal.provider.ContinuousBuildActionExecuter.execute(ContinuousBuildActionExecuter.java:53)
	at org.gradle.tooling.internal.provider.ServicesSetupBuildActionExecuter.execute(ServicesSetupBuildActionExecuter.java:57)
	at org.gradle.tooling.internal.provider.ServicesSetupBuildActionExecuter.execute(ServicesSetupBuildActionExecuter.java:32)
	at org.gradle.tooling.internal.provider.GradleThreadBuildActionExecuter.execute(GradleThreadBuildActionExecuter.java:36)
	at org.gradle.tooling.internal.provider.GradleThreadBuildActionExecuter.execute(GradleThreadBuildActionExecuter.java:25)
	at org.gradle.tooling.internal.provider.ParallelismConfigurationBuildActionExecuter.execute(ParallelismConfigurationBuildActionExecuter.java:43)
	at org.gradle.tooling.internal.provider.ParallelismConfigurationBuildActionExecuter.execute(ParallelismConfigurationBuildActionExecuter.java:29)
	at org.gradle.tooling.internal.provider.StartParamsValidatingActionExecuter.execute(StartParamsValidatingActionExecuter.java:64)
	at org.gradle.tooling.internal.provider.StartParamsValidatingActionExecuter.execute(StartParamsValidatingActionExecuter.java:29)
	at org.gradle.tooling.internal.provider.SessionFailureReportingActionExecuter.execute(SessionFailureReportingActionExecuter.java:59)
	at org.gradle.tooling.internal.provider.SessionFailureReportingActionExecuter.execute(SessionFailureReportingActionExecuter.java:44)
	at org.gradle.tooling.internal.provider.SetupLoggingActionExecuter.execute(SetupLoggingActionExecuter.java:45)
	at org.gradle.tooling.internal.provider.SetupLoggingActionExecuter.execute(SetupLoggingActionExecuter.java:30)
	at org.gradle.launcher.cli.RunBuildAction.run(RunBuildAction.java:51)
	at org.gradle.internal.Actions$RunnableActionAdapter.execute(Actions.java:173)
	at org.gradle.launcher.cli.CommandLineActionFactory$ParseAndBuildAction.execute(CommandLineActionFactory.java:280)
	at org.gradle.launcher.cli.CommandLineActionFactory$ParseAndBuildAction.execute(CommandLineActionFactory.java:253)
	at org.gradle.launcher.cli.JavaRuntimeValidationAction.execute(JavaRuntimeValidationAction.java:33)
	at org.gradle.launcher.cli.JavaRuntimeValidationAction.execute(JavaRuntimeValidationAction.java:24)
	at org.gradle.launcher.cli.ExceptionReportingAction.execute(ExceptionReportingAction.java:33)
	at org.gradle.launcher.cli.ExceptionReportingAction.execute(ExceptionReportingAction.java:22)
	at org.gradle.launcher.cli.CommandLineActionFactory$WithLogging.execute(CommandLineActionFactory.java:246)
	at org.gradle.launcher.cli.CommandLineActionFactory$WithLogging.execute(CommandLineActionFactory.java:182)
	at org.gradle.launcher.Main.doAction(Main.java:33)
	at org.gradle.launcher.bootstrap.EntryPoint.run(EntryPoint.java:45)
	at sun.reflect.NativeMethodAccessorImpl.invoke0(Native Method)
	at sun.reflect.NativeMethodAccessorImpl.invoke(NativeMethodAccessorImpl.java:62)
	at sun.reflect.DelegatingMethodAccessorImpl.invoke(DelegatingMethodAccessorImpl.java:43)
	at java.lang.reflect.Method.invoke(Method.java:498)
	at org.gradle.launcher.bootstrap.ProcessBootstrap.runNoExit(ProcessBootstrap.java:60)
	at org.gradle.launcher.bootstrap.ProcessBootstrap.run(ProcessBootstrap.java:37)
	at org.gradle.launcher.GradleMain.main(GradleMain.java:23)
	at sun.reflect.NativeMethodAccessorImpl.invoke0(Native Method)
	at sun.reflect.NativeMethodAccessorImpl.invoke(NativeMethodAccessorImpl.java:62)
	at sun.reflect.DelegatingMethodAccessorImpl.invoke(DelegatingMethodAccessorImpl.java:43)
	at java.lang.reflect.Method.invoke(Method.java:498)
	at org.gradle.wrapper.BootstrapMainStarter.start(BootstrapMainStarter.java:31)
	at org.gradle.wrapper.WrapperExecutor.execute(WrapperExecutor.java:108)
	at org.gradle.wrapper.GradleWrapperMain.main(GradleWrapperMain.java:61)
:stagemonitor-configuration:copyCoberturaDatafile
:stagemonitor-configuration:compileTestJava UP-TO-DATE
:stagemonitor-configuration:processTestResources UP-TO-DATE
:stagemonitor-configuration:testClasses UP-TO-DATE
:stagemonitor-configuration:testPicked up _JAVA_OPTIONS: -Xmx2048m -Xms512m

[INFO] Cobertura: Loaded information on 36 classes.
[INFO] Cobertura: Saved information on 36 classes.
:stagemonitor-configuration:generateCoberturaReport
:stagemonitor-configuration:performCoverageCheck SKIPPED
:stagemonitor-core:instrument
Cobertura 2.1.1 - GNU GPL License (NO WARRANTY) - See COPYRIGHT file
:stagemonitor-core:copyCoberturaDatafile
:stagemonitor-core:testPicked up _JAVA_OPTIONS: -Xmx2048m -Xms512m

[INFO] Cobertura: Loaded information on 187 classes.
[INFO] Cobertura: Saved information on 187 classes.
:stagemonitor-core:generateCoberturaReport
:stagemonitor-core:performCoverageCheck SKIPPED
:stagemonitor-dispatcher:instrument
Cobertura 2.1.1 - GNU GPL License (NO WARRANTY) - See COPYRIGHT file
:stagemonitor-dispatcher:copyCoberturaDatafile
:stagemonitor-dispatcher:compileTestJava NO-SOURCE
:stagemonitor-dispatcher:processTestResources NO-SOURCE
:stagemonitor-dispatcher:testClasses UP-TO-DATE
:stagemonitor-dispatcher:test NO-SOURCE
:stagemonitor-dispatcher:generateCoberturaReport
:stagemonitor-dispatcher:performCoverageCheck SKIPPED
:stagemonitor-ehcache:compileJava UP-TO-DATE
:stagemonitor-ehcache:processResources UP-TO-DATE
:stagemonitor-ehcache:classes UP-TO-DATE
:stagemonitor-ehcache:instrument
Cobertura 2.1.1 - GNU GPL License (NO WARRANTY) - See COPYRIGHT file
:stagemonitor-ehcache:copyCoberturaDatafile
:stagemonitor-ehcache:compileTestJava UP-TO-DATE
:stagemonitor-ehcache:processTestResources NO-SOURCE
:stagemonitor-ehcache:testClasses UP-TO-DATE
:stagemonitor-ehcache:testPicked up _JAVA_OPTIONS: -Xmx2048m -Xms512m

[INFO] Cobertura: Loaded information on 7 classes.
[INFO] Cobertura: Saved information on 7 classes.
:stagemonitor-ehcache:generateCoberturaReport
:stagemonitor-ehcache:performCoverageCheck SKIPPED
:stagemonitor-tracing-elasticsearch:compileJava UP-TO-DATE
:stagemonitor-tracing-elasticsearch:processResources UP-TO-DATE
:stagemonitor-tracing-elasticsearch:classes UP-TO-DATE
:stagemonitor-tracing-elasticsearch:osgiClasses UP-TO-DATE
:stagemonitor-tracing-elasticsearch:jar UP-TO-DATE
:stagemonitor-eum-server:compileJava UP-TO-DATE
:stagemonitor-eum-server:processResources UP-TO-DATE
:stagemonitor-eum-server:classes UP-TO-DATE
:stagemonitor-eum-server:instrument
Download https://repo1.maven.org/maven2/org/apache/commons/commons-lang3/3.6/commons-lang3-3.6.pom
Download https://repo1.maven.org/maven2/jaxen/jaxen/1.1.6/jaxen-1.1.6.pom
Download https://repo1.maven.org/maven2/jaxen/jaxen/1.1.6/jaxen-1.1.6.jar
Download https://repo1.maven.org/maven2/org/apache/commons/commons-lang3/3.6/commons-lang3-3.6.jar
Cobertura 2.1.1 - GNU GPL License (NO WARRANTY) - See COPYRIGHT file
:stagemonitor-eum-server:copyCoberturaDatafile
:stagemonitor-eum-server:compileTestJava NO-SOURCE
:stagemonitor-eum-server:processTestResources NO-SOURCE
:stagemonitor-eum-server:testClasses UP-TO-DATE
:stagemonitor-eum-server:test NO-SOURCE
:stagemonitor-eum-server:generateCoberturaReport
:stagemonitor-eum-server:performCoverageCheck SKIPPED
:stagemonitor-jdbc:instrument
Cobertura 2.1.1 - GNU GPL License (NO WARRANTY) - See COPYRIGHT file
:stagemonitor-jdbc:copyCoberturaDatafile
:stagemonitor-tracing:compileTestJava UP-TO-DATE
:stagemonitor-tracing:processTestResources UP-TO-DATE
:stagemonitor-tracing:testClasses UP-TO-DATE
:stagemonitor-jdbc:compileTestJava UP-TO-DATE
:stagemonitor-jdbc:processTestResources UP-TO-DATE
:stagemonitor-jdbc:testClasses UP-TO-DATE
:stagemonitor-jdbc:testPicked up _JAVA_OPTIONS: -Xmx2048m -Xms512m

[INFO] Cobertura: Loaded information on 10 classes.
[INFO] Cobertura: Saved information on 10 classes.
:stagemonitor-jdbc:generateCoberturaReport
:stagemonitor-jdbc:performCoverageCheck SKIPPED
:stagemonitor-jvm:instrument
Cobertura 2.1.1 - GNU GPL License (NO WARRANTY) - See COPYRIGHT file
:stagemonitor-jvm:copyCoberturaDatafile
:stagemonitor-jvm:compileTestJava NO-SOURCE
:stagemonitor-jvm:processTestResources NO-SOURCE
:stagemonitor-jvm:testClasses UP-TO-DATE
:stagemonitor-jvm:test NO-SOURCE
:stagemonitor-jvm:generateCoberturaReport
:stagemonitor-jvm:performCoverageCheck SKIPPED
:stagemonitor-logging:compileJava UP-TO-DATE
:stagemonitor-logging:processResources UP-TO-DATE
:stagemonitor-logging:classes UP-TO-DATE
:stagemonitor-logging:instrument
Cobertura 2.1.1 - GNU GPL License (NO WARRANTY) - See COPYRIGHT file
:stagemonitor-logging:copyCoberturaDatafile
:stagemonitor-logging:compileTestJava UP-TO-DATE
:stagemonitor-logging:processTestResources UP-TO-DATE
:stagemonitor-logging:testClasses UP-TO-DATE
:stagemonitor-logging:testPicked up _JAVA_OPTIONS: -Xmx2048m -Xms512m

[INFO] Cobertura: Loaded information on 2 classes.
[INFO] Cobertura: Saved information on 2 classes.
:stagemonitor-logging:generateCoberturaReport
:stagemonitor-logging:performCoverageCheck SKIPPED
:stagemonitor-os:compileJava UP-TO-DATE
:stagemonitor-os:processResources UP-TO-DATE
:stagemonitor-os:classes UP-TO-DATE
:stagemonitor-os:instrument
Cobertura 2.1.1 - GNU GPL License (NO WARRANTY) - See COPYRIGHT file
:stagemonitor-os:copyCoberturaDatafile
:stagemonitor-os:compileTestJava UP-TO-DATE
:stagemonitor-os:processTestResources NO-SOURCE
:stagemonitor-os:testClasses UP-TO-DATE
:stagemonitor-os:testPicked up _JAVA_OPTIONS: -Xmx2048m -Xms512m
[Thread-4] INFO net.sourceforge.cobertura.coveragedata.CoverageDataFileHandler - Cobertura: Loaded information on 55 classes.
[Thread-4] INFO net.sourceforge.cobertura.coveragedata.CoverageDataFileHandler - Cobertura: Saved information on 55 classes.

:stagemonitor-os:generateCoberturaReport
:stagemonitor-os:performCoverageCheck SKIPPED
:stagemonitor-tracing:instrument
Cobertura 2.1.1 - GNU GPL License (NO WARRANTY) - See COPYRIGHT file
:stagemonitor-tracing:copyCoberturaDatafile
:stagemonitor-tracing:testPicked up _JAVA_OPTIONS: -Xmx2048m -Xms512m


org.stagemonitor.tracing.soap.SoapClientTransformerTest > test FAILED
    java.lang.NoClassDefFoundError: org/stagemonitor/tracing/soap/SoapClientTransformer
        at javax.xml.ws.Service.getPort(Service.java:188)
        at org.stagemonitor.tracing.soap.SoapClientTransformerTest.test(SoapClientTransformerTest.java:45)
[INFO] Cobertura: Loaded information on 106 classes.
[INFO] Cobertura: Saved information on 106 classes.

100 tests completed, 1 failed, 2 skipped
:stagemonitor-tracing:test FAILED
:stagemonitor-tracing:generateCoberturaReport
:stagemonitor-tracing:performCoverageCheck SKIPPED

FAILURE: Build failed with an exception.

* What went wrong:
Execution failed for task ':stagemonitor-tracing:test'.
> There were failing tests. See the report at: file:///home/travis/build/stagemonitor/stagemonitor/stagemonitor-tracing/build/reports/tests/test/index.html

* Try:
Run with --stacktrace option to get the stack trace. Run with --info or --debug option to get more log output.

* Get more help at https://help.gradle.org

BUILD FAILED in 1m 54s
97 actionable tasks: 43 executed, 54 up-to-date

travis_time:end:250bbef5:start=1509873532361827882,finish=1509873646952974434,duration=114591146552[0Ktravis_fold:end:after_success[0K
Done. Your build exited with 0.
