Using worker: worker-linux-docker-44c990bd.prod.travis-ci.org:travis-linux-12

travis_fold:start:system_info[0K[33;1mBuild system information[0m
Build language: java
Build group: stable
Build dist: precise
[34m[1mBuild image provisioning date and time[0m
Thu Feb  5 15:09:33 UTC 2015
[34m[1mOperating System Details[0m
Distributor ID:	Ubuntu
Description:	Ubuntu 12.04.5 LTS
Release:	12.04
Codename:	precise
[34m[1mLinux Version[0m
3.13.0-29-generic
[34m[1mCookbooks Version[0m
a68419e https://github.com/travis-ci/travis-cookbooks/tree/a68419e
[34m[1mGCC version[0m
gcc (Ubuntu/Linaro 4.6.3-1ubuntu5) 4.6.3
Copyright (C) 2011 Free Software Foundation, Inc.
This is free software; see the source for copying conditions.  There is NO
warranty; not even for MERCHANTABILITY or FITNESS FOR A PARTICULAR PURPOSE.

[34m[1mLLVM version[0m
clang version 3.4 (tags/RELEASE_34/final)
Target: x86_64-unknown-linux-gnu
Thread model: posix
[34m[1mPre-installed Ruby versions[0m
ruby-1.9.3-p551
[34m[1mPre-installed Node.js versions[0m
v0.10.36
[34m[1mPre-installed Go versions[0m
1.4.1
[34m[1mRedis version[0m
redis-server 2.8.19
[34m[1mriak version[0m
2.0.2
[34m[1mMongoDB version[0m
MongoDB 2.4.12
[34m[1mCouchDB version[0m
couchdb 1.6.1
[34m[1mNeo4j version[0m
1.9.4
[34m[1mRabbitMQ Version[0m
3.4.3
[34m[1mElasticSearch version[0m
1.4.0
[34m[1mInstalled Sphinx versions[0m
2.0.10
2.1.9
2.2.6
[34m[1mDefault Sphinx version[0m
2.2.6
[34m[1mInstalled Firefox version[0m
firefox 31.0esr
[34m[1mPhantomJS version[0m
1.9.8
[34m[1mant -version[0m
Apache Ant(TM) version 1.8.2 compiled on December 3 2011
[34m[1mmvn -version[0m
Apache Maven 3.2.5 (12a6b3acb947671f09b81f49094c53f426d8cea1; 2014-12-14T17:29:23+00:00)
Maven home: /usr/local/maven
Java version: 1.7.0_76, vendor: Oracle Corporation
Java home: /usr/lib/jvm/java-7-oracle/jre
Default locale: en_US, platform encoding: ANSI_X3.4-1968
OS name: "linux", version: "3.13.0-29-generic", arch: "amd64", family: "unix"
travis_fold:end:system_info[0K
travis_fold:start:git.checkout[0Ktravis_time:start:01aad14c[0K$ git clone --depth=50 --branch=develop https://github.com/SynBioDex/libSBOLj.git SynBioDex/libSBOLj
Cloning into 'SynBioDex/libSBOLj'...
remote: Counting objects: 4846, done.[K
remote: Compressing objects:   0% (1/2179)   [Kremote: Compressing objects:   1% (22/2179)   [Kremote: Compressing objects:   2% (44/2179)   [Kremote: Compressing objects:   3% (66/2179)   [Kremote: Compressing objects:   4% (88/2179)   [Kremote: Compressing objects:   5% (109/2179)   [Kremote: Compressing objects:   6% (131/2179)   [Kremote: Compressing objects:   7% (153/2179)   [Kremote: Compressing objects:   8% (175/2179)   [Kremote: Compressing objects:   9% (197/2179)   [Kremote: Compressing objects:  10% (218/2179)   [Kremote: Compressing objects:  11% (240/2179)   [Kremote: Compressing objects:  12% (262/2179)   [Kremote: Compressing objects:  13% (284/2179)   [Kremote: Compressing objects:  14% (306/2179)   [Kremote: Compressing objects:  15% (327/2179)   [Kremote: Compressing objects:  16% (349/2179)   [Kremote: Compressing objects:  17% (371/2179)   [Kremote: Compressing objects:  18% (393/2179)   [Kremote: Compressing objects:  19% (415/2179)   [Kremote: Compressing objects:  20% (436/2179)   [Kremote: Compressing objects:  21% (458/2179)   [Kremote: Compressing objects:  22% (480/2179)   [Kremote: Compressing objects:  23% (502/2179)   [Kremote: Compressing objects:  24% (523/2179)   [Kremote: Compressing objects:  25% (545/2179)   [Kremote: Compressing objects:  26% (567/2179)   [Kremote: Compressing objects:  27% (589/2179)   [Kremote: Compressing objects:  28% (611/2179)   [Kremote: Compressing objects:  29% (632/2179)   [Kremote: Compressing objects:  30% (654/2179)   [Kremote: Compressing objects:  31% (676/2179)   [Kremote: Compressing objects:  32% (698/2179)   [Kremote: Compressing objects:  33% (720/2179)   [Kremote: Compressing objects:  34% (741/2179)   [Kremote: Compressing objects:  35% (763/2179)   [Kremote: Compressing objects:  36% (785/2179)   [Kremote: Compressing objects:  37% (807/2179)   [Kremote: Compressing objects:  38% (829/2179)   [Kremote: Compressing objects:  39% (850/2179)   [Kremote: Compressing objects:  40% (872/2179)   [Kremote: Compressing objects:  41% (894/2179)   [Kremote: Compressing objects:  42% (916/2179)   [Kremote: Compressing objects:  43% (937/2179)   [Kremote: Compressing objects:  44% (959/2179)   [Kremote: Compressing objects:  45% (981/2179)   [Kremote: Compressing objects:  46% (1003/2179)   [Kremote: Compressing objects:  47% (1025/2179)   [Kremote: Compressing objects:  48% (1046/2179)   [Kremote: Compressing objects:  49% (1068/2179)   [Kremote: Compressing objects:  50% (1090/2179)   [Kremote: Compressing objects:  51% (1112/2179)   [Kremote: Compressing objects:  52% (1134/2179)   [Kremote: Compressing objects:  53% (1155/2179)   [Kremote: Compressing objects:  54% (1177/2179)   [Kremote: Compressing objects:  55% (1199/2179)   [Kremote: Compressing objects:  56% (1221/2179)   [Kremote: Compressing objects:  57% (1243/2179)   [Kremote: Compressing objects:  58% (1264/2179)   [Kremote: Compressing objects:  59% (1286/2179)   [Kremote: Compressing objects:  60% (1308/2179)   [Kremote: Compressing objects:  61% (1330/2179)   [Kremote: Compressing objects:  62% (1351/2179)   [Kremote: Compressing objects:  63% (1373/2179)   [Kremote: Compressing objects:  64% (1395/2179)   [Kremote: Compressing objects:  65% (1417/2179)   [Kremote: Compressing objects:  66% (1439/2179)   [Kremote: Compressing objects:  67% (1460/2179)   [Kremote: Compressing objects:  68% (1482/2179)   [Kremote: Compressing objects:  69% (1504/2179)   [Kremote: Compressing objects:  70% (1526/2179)   [Kremote: Compressing objects:  71% (1548/2179)   [Kremote: Compressing objects:  72% (1569/2179)   [Kremote: Compressing objects:  73% (1591/2179)   [Kremote: Compressing objects:  74% (1613/2179)   [Kremote: Compressing objects:  75% (1635/2179)   [Kremote: Compressing objects:  76% (1657/2179)   [Kremote: Compressing objects:  77% (1678/2179)   [Kremote: Compressing objects:  78% (1700/2179)   [Kremote: Compressing objects:  79% (1722/2179)   [Kremote: Compressing objects:  80% (1744/2179)   [Kremote: Compressing objects:  81% (1765/2179)   [Kremote: Compressing objects:  82% (1787/2179)   [Kremote: Compressing objects:  83% (1809/2179)   [Kremote: Compressing objects:  84% (1831/2179)   [Kremote: Compressing objects:  85% (1853/2179)   [Kremote: Compressing objects:  86% (1874/2179)   [Kremote: Compressing objects:  87% (1896/2179)   [Kremote: Compressing objects:  88% (1918/2179)   [Kremote: Compressing objects:  89% (1940/2179)   [Kremote: Compressing objects:  90% (1962/2179)   [Kremote: Compressing objects:  91% (1983/2179)   [Kremote: Compressing objects:  92% (2005/2179)   [Kremote: Compressing objects:  93% (2027/2179)   [Kremote: Compressing objects:  94% (2049/2179)   [Kremote: Compressing objects:  95% (2071/2179)   [Kremote: Compressing objects:  96% (2092/2179)   [Kremote: Compressing objects:  97% (2114/2179)   [Kremote: Compressing objects:  98% (2136/2179)   [Kremote: Compressing objects:  99% (2158/2179)   [Kremote: Compressing objects: 100% (2179/2179)   [Kremote: Compressing objects: 100% (2179/2179), done.[K
Receiving objects:   0% (1/4846)   Receiving objects:   1% (49/4846)   Receiving objects:   2% (97/4846)   Receiving objects:   3% (146/4846)   Receiving objects:   4% (194/4846), 52.00 KiB | 81.00 KiB/s   Receiving objects:   5% (243/4846), 52.00 KiB | 81.00 KiB/s   Receiving objects:   5% (275/4846), 100.00 KiB | 87.00 KiB/s   Receiving objects:   6% (291/4846), 100.00 KiB | 87.00 KiB/s   Receiving objects:   7% (340/4846), 100.00 KiB | 87.00 KiB/s   Receiving objects:   8% (388/4846), 100.00 KiB | 87.00 KiB/s   Receiving objects:   9% (437/4846), 164.00 KiB | 80.00 KiB/s   Receiving objects:   9% (464/4846), 164.00 KiB | 80.00 KiB/s   Receiving objects:  10% (485/4846), 164.00 KiB | 80.00 KiB/s   Receiving objects:  11% (534/4846), 164.00 KiB | 80.00 KiB/s   Receiving objects:  12% (582/4846), 164.00 KiB | 80.00 KiB/s   Receiving objects:  13% (630/4846), 820.00 KiB | 329.00 KiB/s   Receiving objects:  13% (632/4846), 1.44 MiB | 491.00 KiB/s   Receiving objects:  14% (679/4846), 1.99 MiB | 579.00 KiB/s   Receiving objects:  15% (727/4846), 1.99 MiB | 579.00 KiB/s   Receiving objects:  15% (737/4846), 3.36 MiB | 858.00 KiB/s   Receiving objects:  16% (776/4846), 3.36 MiB | 858.00 KiB/s   Receiving objects:  17% (824/4846), 3.36 MiB | 858.00 KiB/s   Receiving objects:  18% (873/4846), 3.36 MiB | 858.00 KiB/s   Receiving objects:  19% (921/4846), 3.36 MiB | 858.00 KiB/s   Receiving objects:  20% (970/4846), 7.52 MiB | 1.67 MiB/s   Receiving objects:  21% (1018/4846), 7.52 MiB | 1.67 MiB/s   Receiving objects:  22% (1067/4846), 7.52 MiB | 1.67 MiB/s   Receiving objects:  23% (1115/4846), 7.52 MiB | 1.67 MiB/s   Receiving objects:  24% (1164/4846), 7.52 MiB | 1.67 MiB/s   Receiving objects:  25% (1212/4846), 7.52 MiB | 1.67 MiB/s   Receiving objects:  26% (1260/4846), 7.52 MiB | 1.67 MiB/s   Receiving objects:  27% (1309/4846), 7.52 MiB | 1.67 MiB/s   Receiving objects:  28% (1357/4846), 7.52 MiB | 1.67 MiB/s   Receiving objects:  29% (1406/4846), 7.52 MiB | 1.67 MiB/s   Receiving objects:  30% (1454/4846), 7.52 MiB | 1.67 MiB/s   Receiving objects:  31% (1503/4846), 7.52 MiB | 1.67 MiB/s   Receiving objects:  32% (1551/4846), 7.52 MiB | 1.67 MiB/s   Receiving objects:  33% (1600/4846), 7.52 MiB | 1.67 MiB/s   Receiving objects:  33% (1620/4846), 11.54 MiB | 2.30 MiB/s   Receiving objects:  34% (1648/4846), 11.54 MiB | 2.30 MiB/s   Receiving objects:  35% (1697/4846), 11.54 MiB | 2.30 MiB/s   Receiving objects:  36% (1745/4846), 11.54 MiB | 2.30 MiB/s   Receiving objects:  37% (1794/4846), 11.54 MiB | 2.30 MiB/s   Receiving objects:  38% (1842/4846), 11.54 MiB | 2.30 MiB/s   Receiving objects:  39% (1890/4846), 11.54 MiB | 2.30 MiB/s   Receiving objects:  40% (1939/4846), 11.54 MiB | 2.30 MiB/s   Receiving objects:  41% (1987/4846), 11.54 MiB | 2.30 MiB/s   Receiving objects:  42% (2036/4846), 11.54 MiB | 2.30 MiB/s   Receiving objects:  43% (2084/4846), 11.54 MiB | 2.30 MiB/s   Receiving objects:  44% (2133/4846), 11.54 MiB | 2.30 MiB/s   Receiving objects:  45% (2181/4846), 11.54 MiB | 2.30 MiB/s   Receiving objects:  46% (2230/4846), 11.54 MiB | 2.30 MiB/s   Receiving objects:  47% (2278/4846), 11.54 MiB | 2.30 MiB/s   Receiving objects:  48% (2327/4846), 11.54 MiB | 2.30 MiB/s   Receiving objects:  49% (2375/4846), 11.54 MiB | 2.30 MiB/s   Receiving objects:  50% (2423/4846), 11.54 MiB | 2.30 MiB/s   Receiving objects:  51% (2472/4846), 11.54 MiB | 2.30 MiB/s   Receiving objects:  52% (2520/4846), 11.54 MiB | 2.30 MiB/s   Receiving objects:  53% (2569/4846), 11.54 MiB | 2.30 MiB/s   Receiving objects:  54% (2617/4846), 11.54 MiB | 2.30 MiB/s   Receiving objects:  55% (2666/4846), 11.54 MiB | 2.30 MiB/s   Receiving objects:  56% (2714/4846), 11.54 MiB | 2.30 MiB/s   Receiving objects:  57% (2763/4846), 11.54 MiB | 2.30 MiB/s   Receiving objects:  58% (2811/4846), 11.54 MiB | 2.30 MiB/s   Receiving objects:  59% (2860/4846), 11.54 MiB | 2.30 MiB/s   Receiving objects:  60% (2908/4846), 11.54 MiB | 2.30 MiB/s   Receiving objects:  61% (2957/4846), 11.54 MiB | 2.30 MiB/s   Receiving objects:  62% (3005/4846), 11.54 MiB | 2.30 MiB/s   Receiving objects:  63% (3053/4846), 11.54 MiB | 2.30 MiB/s   Receiving objects:  64% (3102/4846), 11.54 MiB | 2.30 MiB/s   Receiving objects:  65% (3150/4846), 11.54 MiB | 2.30 MiB/s   Receiving objects:  66% (3199/4846), 11.54 MiB | 2.30 MiB/s   Receiving objects:  67% (3247/4846), 11.54 MiB | 2.30 MiB/s   Receiving objects:  68% (3296/4846), 11.54 MiB | 2.30 MiB/s   Receiving objects:  69% (3344/4846), 11.54 MiB | 2.30 MiB/s   Receiving objects:  70% (3393/4846), 11.54 MiB | 2.30 MiB/s   Receiving objects:  71% (3441/4846), 11.54 MiB | 2.30 MiB/s   Receiving objects:  72% (3490/4846), 11.54 MiB | 2.30 MiB/s   Receiving objects:  73% (3538/4846), 11.54 MiB | 2.30 MiB/s   Receiving objects:  74% (3587/4846), 11.54 MiB | 2.30 MiB/s   Receiving objects:  75% (3635/4846), 11.54 MiB | 2.30 MiB/s   Receiving objects:  76% (3683/4846), 11.54 MiB | 2.30 MiB/s   Receiving objects:  77% (3732/4846), 11.54 MiB | 2.30 MiB/s   Receiving objects:  78% (3780/4846), 11.54 MiB | 2.30 MiB/s   Receiving objects:  79% (3829/4846), 11.54 MiB | 2.30 MiB/s   Receiving objects:  80% (3877/4846), 20.61 MiB | 4.18 MiB/s   Receiving objects:  81% (3926/4846), 20.61 MiB | 4.18 MiB/s   Receiving objects:  82% (3974/4846), 20.61 MiB | 4.18 MiB/s   Receiving objects:  83% (4023/4846), 20.61 MiB | 4.18 MiB/s   Receiving objects:  84% (4071/4846), 20.61 MiB | 4.18 MiB/s   Receiving objects:  85% (4120/4846), 20.61 MiB | 4.18 MiB/s   Receiving objects:  86% (4168/4846), 20.61 MiB | 4.18 MiB/s   Receiving objects:  87% (4217/4846), 20.61 MiB | 4.18 MiB/s   Receiving objects:  88% (4265/4846), 20.61 MiB | 4.18 MiB/s   Receiving objects:  89% (4313/4846), 20.61 MiB | 4.18 MiB/s   Receiving objects:  90% (4362/4846), 20.61 MiB | 4.18 MiB/s   Receiving objects:  91% (4410/4846), 20.61 MiB | 4.18 MiB/s   Receiving objects:  92% (4459/4846), 20.61 MiB | 4.18 MiB/s   Receiving objects:  93% (4507/4846), 20.61 MiB | 4.18 MiB/s   Receiving objects:  94% (4556/4846), 20.61 MiB | 4.18 MiB/s   Receiving objects:  95% (4604/4846), 20.61 MiB | 4.18 MiB/s   Receiving objects:  96% (4653/4846), 20.61 MiB | 4.18 MiB/s   Receiving objects:  97% (4701/4846), 20.61 MiB | 4.18 MiB/s   Receiving objects:  98% (4750/4846), 20.61 MiB | 4.18 MiB/s   remote: Total 4846 (delta 2559), reused 4350 (delta 2151), pack-reused 0[K
Receiving objects:  99% (4798/4846), 20.61 MiB | 4.18 MiB/s   Receiving objects: 100% (4846/4846), 20.61 MiB | 4.18 MiB/s   Receiving objects: 100% (4846/4846), 21.42 MiB | 4.65 MiB/s, done.
Resolving deltas:   0% (0/2559)   Resolving deltas:   1% (27/2559)   Resolving deltas:   2% (53/2559)   Resolving deltas:   3% (77/2559)   Resolving deltas:   4% (105/2559)   Resolving deltas:   5% (130/2559)   Resolving deltas:   6% (154/2559)   Resolving deltas:   7% (189/2559)   Resolving deltas:   8% (205/2559)   Resolving deltas:   9% (254/2559)   Resolving deltas:  10% (267/2559)   Resolving deltas:  12% (314/2559)   Resolving deltas:  13% (339/2559)   Resolving deltas:  14% (380/2559)   Resolving deltas:  15% (392/2559)   Resolving deltas:  17% (449/2559)   Resolving deltas:  18% (466/2559)   Resolving deltas:  19% (490/2559)   Resolving deltas:  20% (515/2559)   Resolving deltas:  21% (547/2559)   Resolving deltas:  22% (572/2559)   Resolving deltas:  23% (592/2559)   Resolving deltas:  24% (615/2559)   Resolving deltas:  25% (647/2559)   Resolving deltas:  26% (671/2559)   Resolving deltas:  27% (696/2559)   Resolving deltas:  28% (719/2559)   Resolving deltas:  30% (768/2559)   Resolving deltas:  33% (861/2559)   Resolving deltas:  34% (873/2559)   Resolving deltas:  35% (896/2559)   Resolving deltas:  36% (924/2559)   Resolving deltas:  37% (947/2559)   Resolving deltas:  38% (974/2559)   Resolving deltas:  39% (1001/2559)   Resolving deltas:  41% (1067/2559)   Resolving deltas:  42% (1086/2559)   Resolving deltas:  44% (1139/2559)   Resolving deltas:  47% (1219/2559)   Resolving deltas:  48% (1238/2559)   Resolving deltas:  50% (1287/2559)   Resolving deltas:  51% (1308/2559)   Resolving deltas:  52% (1334/2559)   Resolving deltas:  54% (1402/2559)   Resolving deltas:  55% (1417/2559)   Resolving deltas:  56% (1434/2559)   Resolving deltas:  58% (1504/2559)   Resolving deltas:  59% (1512/2559)   Resolving deltas:  60% (1536/2559)   Resolving deltas:  63% (1634/2559)   Resolving deltas:  64% (1638/2559)   Resolving deltas:  66% (1707/2559)   Resolving deltas:  67% (1716/2559)   Resolving deltas:  71% (1836/2559)   Resolving deltas:  72% (1854/2559)   Resolving deltas:  74% (1911/2559)   Resolving deltas:  75% (1920/2559)   Resolving deltas:  76% (1945/2559)   Resolving deltas:  77% (1972/2559)   Resolving deltas:  78% (1997/2559)   Resolving deltas:  79% (2022/2559)   Resolving deltas:  80% (2052/2559)   Resolving deltas:  81% (2074/2559)   Resolving deltas:  82% (2100/2559)   Resolving deltas:  83% (2126/2559)   Resolving deltas:  84% (2151/2559)   Resolving deltas:  85% (2176/2559)   Resolving deltas:  86% (2207/2559)   Resolving deltas:  87% (2232/2559)   Resolving deltas:  88% (2254/2559)   Resolving deltas:  89% (2278/2559)   Resolving deltas:  90% (2308/2559)   Resolving deltas:  91% (2335/2559)   Resolving deltas:  92% (2357/2559)   Resolving deltas:  93% (2380/2559)   Resolving deltas:  94% (2406/2559)   Resolving deltas:  95% (2435/2559)   Resolving deltas:  96% (2461/2559)   Resolving deltas:  97% (2486/2559)   Resolving deltas:  98% (2510/2559)   Resolving deltas:  99% (2537/2559)   Resolving deltas: 100% (2559/2559)   Resolving deltas: 100% (2559/2559), done.
Checking connectivity... done.

travis_time:end:01aad14c:start=1455728643111477289,finish=1455728651891431993,duration=8779954704[0K$ cd SynBioDex/libSBOLj
$ git checkout -qf 1bf208d3cd78d862cb72167e06708b80ca097032
travis_fold:end:git.checkout[0K
[33;1mThis job is running on container-based infrastructure, which does not allow use of 'sudo', setuid and setguid executables.[0m
[33;1mIf you require sudo, add 'sudo: required' to your .travis.yml[0m
[33;1mSee https://docs.travis-ci.com/user/workers/container-based-infrastructure/ for details.[0m
$ java -Xmx32m -version
java version "1.7.0_76"
Java(TM) SE Runtime Environment (build 1.7.0_76-b13)
Java HotSpot(TM) 64-Bit Server VM (build 24.76-b04, mixed mode)
$ javac -J-Xmx32m -version
javac 1.7.0_76
travis_fold:start:install[0Ktravis_time:start:03f3f698[0K$ mvn install -DskipTests=true -Dmaven.javadoc.skip=true -B -V
Apache Maven 3.2.5 (12a6b3acb947671f09b81f49094c53f426d8cea1; 2014-12-14T17:29:23+00:00)
Maven home: /usr/local/maven
Java version: 1.7.0_76, vendor: Oracle Corporation
Java home: /usr/lib/jvm/java-7-oracle/jre
Default locale: en_US, platform encoding: UTF-8
OS name: "linux", version: "3.13.0-40-generic", arch: "amd64", family: "unix"
[INFO] Scanning for projects...
[INFO] Downloading: https://repo.maven.apache.org/maven2/org/sonatype/plugins/nexus-staging-maven-plugin/1.6.2/nexus-staging-maven-plugin-1.6.2.pom
[INFO] Downloaded: https://repo.maven.apache.org/maven2/org/sonatype/plugins/nexus-staging-maven-plugin/1.6.2/nexus-staging-maven-plugin-1.6.2.pom (12 KB at 16.5 KB/sec)
[INFO] Downloading: https://repo.maven.apache.org/maven2/org/sonatype/nexus/maven/nexus-staging/1.6.2/nexus-staging-1.6.2.pom
[INFO] Downloaded: https://repo.maven.apache.org/maven2/org/sonatype/nexus/maven/nexus-staging/1.6.2/nexus-staging-1.6.2.pom (3 KB at 81.5 KB/sec)
[INFO] Downloading: https://repo.maven.apache.org/maven2/org/sonatype/nexus/maven/nexus-maven-plugins/1.6.2/nexus-maven-plugins-1.6.2.pom
[INFO] Downloaded: https://repo.maven.apache.org/maven2/org/sonatype/nexus/maven/nexus-maven-plugins/1.6.2/nexus-maven-plugins-1.6.2.pom (17 KB at 528.7 KB/sec)
[INFO] Downloading: https://repo.maven.apache.org/maven2/org/sonatype/buildsupport/public-parent/5/public-parent-5.pom
[INFO] Downloaded: https://repo.maven.apache.org/maven2/org/sonatype/buildsupport/public-parent/5/public-parent-5.pom (760 B at 26.5 KB/sec)
[INFO] Downloading: https://repo.maven.apache.org/maven2/org/sonatype/buildsupport/buildsupport/5/buildsupport-5.pom
[INFO] Downloaded: https://repo.maven.apache.org/maven2/org/sonatype/buildsupport/buildsupport/5/buildsupport-5.pom (22 KB at 643.7 KB/sec)
[INFO] Downloading: https://repo.maven.apache.org/maven2/org/sonatype/nexus/maven/nexus-common/1.6.2/nexus-common-1.6.2.pom
[INFO] Downloaded: https://repo.maven.apache.org/maven2/org/sonatype/nexus/maven/nexus-common/1.6.2/nexus-common-1.6.2.pom (3 KB at 86.8 KB/sec)
[INFO] Downloading: https://repo.maven.apache.org/maven2/org/sonatype/plexus/plexus-sec-dispatcher/1.4/plexus-sec-dispatcher-1.4.pom
[INFO] Downloaded: https://repo.maven.apache.org/maven2/org/sonatype/plexus/plexus-sec-dispatcher/1.4/plexus-sec-dispatcher-1.4.pom (3 KB at 111.2 KB/sec)
[INFO] Downloading: https://repo.maven.apache.org/maven2/org/sonatype/spice/spice-parent/12/spice-parent-12.pom
[INFO] Downloaded: https://repo.maven.apache.org/maven2/org/sonatype/spice/spice-parent/12/spice-parent-12.pom (7 KB at 265.5 KB/sec)
[INFO] Downloading: https://repo.maven.apache.org/maven2/org/sonatype/forge/forge-parent/4/forge-parent-4.pom
[INFO] Downloaded: https://repo.maven.apache.org/maven2/org/sonatype/forge/forge-parent/4/forge-parent-4.pom (9 KB at 292.9 KB/sec)
[INFO] Downloading: https://repo.maven.apache.org/maven2/org/sonatype/plexus/plexus-cipher/1.7/plexus-cipher-1.7.pom
[INFO] Downloaded: https://repo.maven.apache.org/maven2/org/sonatype/plexus/plexus-cipher/1.7/plexus-cipher-1.7.pom (5 KB at 177.3 KB/sec)
[INFO] Downloading: https://repo.maven.apache.org/maven2/org/sonatype/spice/spice-parent/15/spice-parent-15.pom
[INFO] Downloaded: https://repo.maven.apache.org/maven2/org/sonatype/spice/spice-parent/15/spice-parent-15.pom (9 KB at 340.1 KB/sec)
[INFO] Downloading: https://repo.maven.apache.org/maven2/org/sonatype/forge/forge-parent/5/forge-parent-5.pom
[INFO] Downloaded: https://repo.maven.apache.org/maven2/org/sonatype/forge/forge-parent/5/forge-parent-5.pom (9 KB at 302.5 KB/sec)
[INFO] Downloading: https://repo.maven.apache.org/maven2/com/google/guava/guava/14.0.1/guava-14.0.1.pom
[INFO] Downloaded: https://repo.maven.apache.org/maven2/com/google/guava/guava/14.0.1/guava-14.0.1.pom (6 KB at 187.5 KB/sec)
[INFO] Downloading: https://repo.maven.apache.org/maven2/com/google/guava/guava-parent/14.0.1/guava-parent-14.0.1.pom
[INFO] Downloaded: https://repo.maven.apache.org/maven2/com/google/guava/guava-parent/14.0.1/guava-parent-14.0.1.pom (3 KB at 92.4 KB/sec)
[INFO] Downloading: https://repo.maven.apache.org/maven2/org/sonatype/oss/oss-parent/7/oss-parent-7.pom
[INFO] Downloaded: https://repo.maven.apache.org/maven2/org/sonatype/oss/oss-parent/7/oss-parent-7.pom (5 KB at 204.8 KB/sec)
[INFO] Downloading: https://repo.maven.apache.org/maven2/org/sonatype/nexus/nexus-client-core/2.7.2-01/nexus-client-core-2.7.2-01.pom
[INFO] Downloaded: https://repo.maven.apache.org/maven2/org/sonatype/nexus/nexus-client-core/2.7.2-01/nexus-client-core-2.7.2-01.pom (5 KB at 175.5 KB/sec)
[INFO] Downloading: https://repo.maven.apache.org/maven2/org/sonatype/nexus/nexus-components/2.7.2-01/nexus-components-2.7.2-01.pom
[INFO] Downloaded: https://repo.maven.apache.org/maven2/org/sonatype/nexus/nexus-components/2.7.2-01/nexus-components-2.7.2-01.pom (3 KB at 102.8 KB/sec)
[INFO] Downloading: https://repo.maven.apache.org/maven2/org/sonatype/nexus/nexus-oss/2.7.2-01/nexus-oss-2.7.2-01.pom
[INFO] Downloaded: https://repo.maven.apache.org/maven2/org/sonatype/nexus/nexus-oss/2.7.2-01/nexus-oss-2.7.2-01.pom (36 KB at 946.4 KB/sec)
[INFO] Downloading: https://repo.maven.apache.org/maven2/org/sonatype/nexus/buildsupport/nexus-buildsupport-all/2.7.2-01/nexus-buildsupport-all-2.7.2-01.pom
[INFO] Downloaded: https://repo.maven.apache.org/maven2/org/sonatype/nexus/buildsupport/nexus-buildsupport-all/2.7.2-01/nexus-buildsupport-all-2.7.2-01.pom (6 KB at 211.5 KB/sec)
[INFO] Downloading: https://repo.maven.apache.org/maven2/org/sonatype/nexus/buildsupport/nexus-buildsupport/2.7.2-01/nexus-buildsupport-2.7.2-01.pom
[INFO] Downloaded: https://repo.maven.apache.org/maven2/org/sonatype/nexus/buildsupport/nexus-buildsupport/2.7.2-01/nexus-buildsupport-2.7.2-01.pom (2 KB at 81.7 KB/sec)
[INFO] Downloading: https://repository.sonatype.org/content/groups/sonatype-public-grid/org/sonatype/nexus/buildsupport/nexus-buildsupport-commons/2.7.2-01/nexus-buildsupport-commons-2.7.2-01.pom
[INFO] Downloaded: https://repository.sonatype.org/content/groups/sonatype-public-grid/org/sonatype/nexus/buildsupport/nexus-buildsupport-commons/2.7.2-01/nexus-buildsupport-commons-2.7.2-01.pom (3 KB at 11.1 KB/sec)
[INFO] Downloading: https://repository.sonatype.org/content/groups/sonatype-public-grid/org/sonatype/nexus/buildsupport/nexus-buildsupport-httpclient/2.7.2-01/nexus-buildsupport-httpclient-2.7.2-01.pom
[INFO] Downloaded: https://repository.sonatype.org/content/groups/sonatype-public-grid/org/sonatype/nexus/buildsupport/nexus-buildsupport-httpclient/2.7.2-01/nexus-buildsupport-httpclient-2.7.2-01.pom (3 KB at 26.4 KB/sec)
[INFO] Downloading: https://repository.sonatype.org/content/groups/sonatype-public-grid/org/sonatype/nexus/buildsupport/nexus-buildsupport-maven/2.7.2-01/nexus-buildsupport-maven-2.7.2-01.pom
[INFO] Downloaded: https://repository.sonatype.org/content/groups/sonatype-public-grid/org/sonatype/nexus/buildsupport/nexus-buildsupport-maven/2.7.2-01/nexus-buildsupport-maven-2.7.2-01.pom (7 KB at 43.1 KB/sec)
[INFO] Downloading: https://repository.sonatype.org/content/groups/sonatype-public-grid/org/sonatype/nexus/buildsupport/nexus-buildsupport-shiro/2.7.2-01/nexus-buildsupport-shiro-2.7.2-01.pom
[INFO] Downloaded: https://repository.sonatype.org/content/groups/sonatype-public-grid/org/sonatype/nexus/buildsupport/nexus-buildsupport-shiro/2.7.2-01/nexus-buildsupport-shiro-2.7.2-01.pom (4 KB at 41.8 KB/sec)
[INFO] Downloading: https://repository.sonatype.org/content/groups/sonatype-public-grid/org/sonatype/nexus/buildsupport/nexus-buildsupport-bouncycastle/2.7.2-01/nexus-buildsupport-bouncycastle-2.7.2-01.pom
[INFO] Downloaded: https://repository.sonatype.org/content/groups/sonatype-public-grid/org/sonatype/nexus/buildsupport/nexus-buildsupport-bouncycastle/2.7.2-01/nexus-buildsupport-bouncycastle-2.7.2-01.pom (3 KB at 23.8 KB/sec)
[INFO] Downloading: https://repository.sonatype.org/content/groups/sonatype-public-grid/org/sonatype/nexus/buildsupport/nexus-buildsupport-jetty/2.7.2-01/nexus-buildsupport-jetty-2.7.2-01.pom
[INFO] Downloaded: https://repository.sonatype.org/content/groups/sonatype-public-grid/org/sonatype/nexus/buildsupport/nexus-buildsupport-jetty/2.7.2-01/nexus-buildsupport-jetty-2.7.2-01.pom (5 KB at 56.6 KB/sec)
[INFO] Downloading: https://repository.sonatype.org/content/groups/sonatype-public-grid/org/sonatype/nexus/buildsupport/nexus-buildsupport-goodies/2.7.2-01/nexus-buildsupport-goodies-2.7.2-01.pom
[INFO] Downloaded: https://repository.sonatype.org/content/groups/sonatype-public-grid/org/sonatype/nexus/buildsupport/nexus-buildsupport-goodies/2.7.2-01/nexus-buildsupport-goodies-2.7.2-01.pom (4 KB at 45.9 KB/sec)
[INFO] Downloading: https://repository.sonatype.org/content/groups/sonatype-public-grid/org/sonatype/nexus/buildsupport/nexus-buildsupport-groovy/2.7.2-01/nexus-buildsupport-groovy-2.7.2-01.pom
[INFO] Downloaded: https://repository.sonatype.org/content/groups/sonatype-public-grid/org/sonatype/nexus/buildsupport/nexus-buildsupport-groovy/2.7.2-01/nexus-buildsupport-groovy-2.7.2-01.pom (3 KB at 33.6 KB/sec)
[INFO] Downloading: https://repository.sonatype.org/content/groups/sonatype-public-grid/org/sonatype/nexus/buildsupport/nexus-buildsupport-guice/2.7.2-01/nexus-buildsupport-guice-2.7.2-01.pom
[INFO] Downloaded: https://repository.sonatype.org/content/groups/sonatype-public-grid/org/sonatype/nexus/buildsupport/nexus-buildsupport-guice/2.7.2-01/nexus-buildsupport-guice-2.7.2-01.pom (4 KB at 35.6 KB/sec)
[INFO] Downloading: https://repository.sonatype.org/content/groups/sonatype-public-grid/org/sonatype/nexus/buildsupport/nexus-buildsupport-logging/2.7.2-01/nexus-buildsupport-logging-2.7.2-01.pom
[INFO] Downloaded: https://repository.sonatype.org/content/groups/sonatype-public-grid/org/sonatype/nexus/buildsupport/nexus-buildsupport-logging/2.7.2-01/nexus-buildsupport-logging-2.7.2-01.pom (4 KB at 40.6 KB/sec)
[INFO] Downloading: https://repository.sonatype.org/content/groups/sonatype-public-grid/org/sonatype/nexus/buildsupport/nexus-buildsupport-other/2.7.2-01/nexus-buildsupport-other-2.7.2-01.pom
[INFO] Downloaded: https://repository.sonatype.org/content/groups/sonatype-public-grid/org/sonatype/nexus/buildsupport/nexus-buildsupport-other/2.7.2-01/nexus-buildsupport-other-2.7.2-01.pom (5 KB at 53.2 KB/sec)
[INFO] Downloading: https://repository.sonatype.org/content/groups/sonatype-public-grid/org/sonatype/nexus/buildsupport/nexus-buildsupport-plexus/2.7.2-01/nexus-buildsupport-plexus-2.7.2-01.pom
[INFO] Downloaded: https://repository.sonatype.org/content/groups/sonatype-public-grid/org/sonatype/nexus/buildsupport/nexus-buildsupport-plexus/2.7.2-01/nexus-buildsupport-plexus-2.7.2-01.pom (5 KB at 50.7 KB/sec)
[INFO] Downloading: https://repository.sonatype.org/content/groups/sonatype-public-grid/org/sonatype/nexus/buildsupport/nexus-buildsupport-rest/2.7.2-01/nexus-buildsupport-rest-2.7.2-01.pom
[INFO] Downloaded: https://repository.sonatype.org/content/groups/sonatype-public-grid/org/sonatype/nexus/buildsupport/nexus-buildsupport-rest/2.7.2-01/nexus-buildsupport-rest-2.7.2-01.pom (5 KB at 40.5 KB/sec)
[INFO] Downloading: https://repository.sonatype.org/content/groups/sonatype-public-grid/org/sonatype/nexus/buildsupport/nexus-buildsupport-testing/2.7.2-01/nexus-buildsupport-testing-2.7.2-01.pom
[INFO] Downloaded: https://repository.sonatype.org/content/groups/sonatype-public-grid/org/sonatype/nexus/buildsupport/nexus-buildsupport-testing/2.7.2-01/nexus-buildsupport-testing-2.7.2-01.pom (5 KB at 47.0 KB/sec)
[INFO] Downloading: https://repository.sonatype.org/content/groups/sonatype-public-grid/org/sonatype/nexus/buildsupport/nexus-buildsupport-metrics/2.7.2-01/nexus-buildsupport-metrics-2.7.2-01.pom
[INFO] Downloaded: https://repository.sonatype.org/content/groups/sonatype-public-grid/org/sonatype/nexus/buildsupport/nexus-buildsupport-metrics/2.7.2-01/nexus-buildsupport-metrics-2.7.2-01.pom (3 KB at 33.5 KB/sec)
[INFO] Downloading: https://repo.maven.apache.org/maven2/org/sonatype/nexus/plugins/nexus-restlet1x-model/2.7.2-01/nexus-restlet1x-model-2.7.2-01.pom
[INFO] Downloaded: https://repo.maven.apache.org/maven2/org/sonatype/nexus/plugins/nexus-restlet1x-model/2.7.2-01/nexus-restlet1x-model-2.7.2-01.pom (4 KB at 95.4 KB/sec)
[INFO] Downloading: https://repo.maven.apache.org/maven2/org/sonatype/nexus/plugins/nexus-plugins-restlet1x/2.7.2-01/nexus-plugins-restlet1x-2.7.2-01.pom
[INFO] Downloaded: https://repo.maven.apache.org/maven2/org/sonatype/nexus/plugins/nexus-plugins-restlet1x/2.7.2-01/nexus-plugins-restlet1x-2.7.2-01.pom (6 KB at 244.1 KB/sec)
[INFO] Downloading: https://repo.maven.apache.org/maven2/org/sonatype/nexus/plugins/nexus-plugins/2.7.2-01/nexus-plugins-2.7.2-01.pom
[INFO] Downloaded: https://repo.maven.apache.org/maven2/org/sonatype/nexus/plugins/nexus-plugins/2.7.2-01/nexus-plugins-2.7.2-01.pom (25 KB at 920.1 KB/sec)
[INFO] Downloading: https://repo.maven.apache.org/maven2/org/apache/maven/maven-model/3.0.4/maven-model-3.0.4.pom
[INFO] Downloaded: https://repo.maven.apache.org/maven2/org/apache/maven/maven-model/3.0.4/maven-model-3.0.4.pom (4 KB at 119.8 KB/sec)
[INFO] Downloading: https://repo.maven.apache.org/maven2/org/apache/maven/maven/3.0.4/maven-3.0.4.pom
[INFO] Downloaded: https://repo.maven.apache.org/maven2/org/apache/maven/maven/3.0.4/maven-3.0.4.pom (22 KB at 761.3 KB/sec)
[INFO] Downloading: https://repo.maven.apache.org/maven2/org/apache/maven/maven-parent/21/maven-parent-21.pom
[INFO] Downloaded: https://repo.maven.apache.org/maven2/org/apache/maven/maven-parent/21/maven-parent-21.pom (26 KB at 598.6 KB/sec)
[INFO] Downloading: https://repo.maven.apache.org/maven2/org/apache/apache/10/apache-10.pom
[INFO] Downloaded: https://repo.maven.apache.org/maven2/org/apache/apache/10/apache-10.pom (15 KB at 578.1 KB/sec)
[INFO] Downloading: https://repo.maven.apache.org/maven2/org/slf4j/slf4j-api/1.7.5/slf4j-api-1.7.5.pom
[INFO] Downloaded: https://repo.maven.apache.org/maven2/org/slf4j/slf4j-api/1.7.5/slf4j-api-1.7.5.pom (3 KB at 75.0 KB/sec)
[INFO] Downloading: https://repo.maven.apache.org/maven2/org/slf4j/slf4j-parent/1.7.5/slf4j-parent-1.7.5.pom
[INFO] Downloaded: https://repo.maven.apache.org/maven2/org/slf4j/slf4j-parent/1.7.5/slf4j-parent-1.7.5.pom (12 KB at 443.4 KB/sec)
[INFO] Downloading: https://repo.maven.apache.org/maven2/com/google/code/findbugs/jsr305/2.0.1/jsr305-2.0.1.pom
[INFO] Downloaded: https://repo.maven.apache.org/maven2/com/google/code/findbugs/jsr305/2.0.1/jsr305-2.0.1.pom (965 B at 37.7 KB/sec)
[INFO] Downloading: https://repo.maven.apache.org/maven2/com/intellij/annotations/9.0.4/annotations-9.0.4.pom
[INFO] Downloaded: https://repo.maven.apache.org/maven2/com/intellij/annotations/9.0.4/annotations-9.0.4.pom (2 KB at 50.2 KB/sec)
[INFO] Downloading: https://repo.maven.apache.org/maven2/com/thoughtworks/xstream/xstream/1.4.5/xstream-1.4.5.pom
[INFO] Downloaded: https://repo.maven.apache.org/maven2/com/thoughtworks/xstream/xstream/1.4.5/xstream-1.4.5.pom (11 KB at 451.5 KB/sec)
[INFO] Downloading: https://repo.maven.apache.org/maven2/com/thoughtworks/xstream/xstream-parent/1.4.5/xstream-parent-1.4.5.pom
[INFO] Downloaded: https://repo.maven.apache.org/maven2/com/thoughtworks/xstream/xstream-parent/1.4.5/xstream-parent-1.4.5.pom (25 KB at 859.8 KB/sec)
[INFO] Downloading: https://repo.maven.apache.org/maven2/org/codehaus/codehaus-parent/3/codehaus-parent-3.pom
[INFO] Downloaded: https://repo.maven.apache.org/maven2/org/codehaus/codehaus-parent/3/codehaus-parent-3.pom (5 KB at 174.4 KB/sec)
[INFO] Downloading: https://repo.maven.apache.org/maven2/xmlpull/xmlpull/1.1.3.1/xmlpull-1.1.3.1.pom
[INFO] Downloaded: https://repo.maven.apache.org/maven2/xmlpull/xmlpull/1.1.3.1/xmlpull-1.1.3.1.pom (386 B at 14.5 KB/sec)
[INFO] Downloading: https://repo.maven.apache.org/maven2/xpp3/xpp3_min/1.1.4c/xpp3_min-1.1.4c.pom
[INFO] Downloaded: https://repo.maven.apache.org/maven2/xpp3/xpp3_min/1.1.4c/xpp3_min-1.1.4c.pom (2 KB at 68.4 KB/sec)
[INFO] Downloading: https://repo.maven.apache.org/maven2/joda-time/joda-time/2.2/joda-time-2.2.pom
[INFO] Downloaded: https://repo.maven.apache.org/maven2/joda-time/joda-time/2.2/joda-time-2.2.pom (16 KB at 631.6 KB/sec)
[INFO] Downloading: https://repo.maven.apache.org/maven2/commons-lang/commons-lang/2.6/commons-lang-2.6.pom
[INFO] Downloaded: https://repo.maven.apache.org/maven2/commons-lang/commons-lang/2.6/commons-lang-2.6.pom (18 KB at 569.5 KB/sec)
[INFO] Downloading: https://repo.maven.apache.org/maven2/org/apache/commons/commons-parent/17/commons-parent-17.pom
[INFO] Downloaded: https://repo.maven.apache.org/maven2/org/apache/commons/commons-parent/17/commons-parent-17.pom (31 KB at 1050.1 KB/sec)
[INFO] Downloading: https://repo.maven.apache.org/maven2/org/apache/apache/7/apache-7.pom
[INFO] Downloaded: https://repo.maven.apache.org/maven2/org/apache/apache/7/apache-7.pom (15 KB at 427.0 KB/sec)
[INFO] Downloading: https://repo.maven.apache.org/maven2/commons-beanutils/commons-beanutils-core/1.8.3/commons-beanutils-core-1.8.3.pom
[INFO] Downloaded: https://repo.maven.apache.org/maven2/commons-beanutils/commons-beanutils-core/1.8.3/commons-beanutils-core-1.8.3.pom (2 KB at 66.7 KB/sec)
[INFO] Downloading: https://repo.maven.apache.org/maven2/org/apache/apache/4/apache-4.pom
[INFO] Downloaded: https://repo.maven.apache.org/maven2/org/apache/apache/4/apache-4.pom (5 KB at 190.9 KB/sec)
[INFO] Downloading: https://repo.maven.apache.org/maven2/org/sonatype/sisu/siesta/siesta-client/1.5.2/siesta-client-1.5.2.pom
[INFO] Downloaded: https://repo.maven.apache.org/maven2/org/sonatype/sisu/siesta/siesta-client/1.5.2/siesta-client-1.5.2.pom (2 KB at 82.5 KB/sec)
[INFO] Downloading: https://repo.maven.apache.org/maven2/org/sonatype/sisu/siesta/siesta/1.5.2/siesta-1.5.2.pom
[INFO] Downloaded: https://repo.maven.apache.org/maven2/org/sonatype/sisu/siesta/siesta/1.5.2/siesta-1.5.2.pom (13 KB at 465.5 KB/sec)
[INFO] Downloading: https://repo.maven.apache.org/maven2/org/sonatype/buildsupport/public-parent/3/public-parent-3.pom
[INFO] Downloaded: https://repo.maven.apache.org/maven2/org/sonatype/buildsupport/public-parent/3/public-parent-3.pom (760 B at 30.9 KB/sec)
[INFO] Downloading: https://repo.maven.apache.org/maven2/org/sonatype/buildsupport/buildsupport/3/buildsupport-3.pom
[INFO] Downloaded: https://repo.maven.apache.org/maven2/org/sonatype/buildsupport/buildsupport/3/buildsupport-3.pom (23 KB at 846.7 KB/sec)
[INFO] Downloading: https://repo.maven.apache.org/maven2/org/sonatype/sisu/siesta/siesta-common/1.5.2/siesta-common-1.5.2.pom
[INFO] Downloaded: https://repo.maven.apache.org/maven2/org/sonatype/sisu/siesta/siesta-common/1.5.2/siesta-common-1.5.2.pom (3 KB at 83.7 KB/sec)
[INFO] Downloading: https://repo.maven.apache.org/maven2/javax/ws/rs/jsr311-api/1.1.1/jsr311-api-1.1.1.pom
[INFO] Downloaded: https://repo.maven.apache.org/maven2/javax/ws/rs/jsr311-api/1.1.1/jsr311-api-1.1.1.pom (6 KB at 190.7 KB/sec)
[INFO] Downloading: https://repo.maven.apache.org/maven2/com/sun/jersey/jersey-core/1.17.1/jersey-core-1.17.1.pom
[INFO] Downloaded: https://repo.maven.apache.org/maven2/com/sun/jersey/jersey-core/1.17.1/jersey-core-1.17.1.pom (11 KB at 338.3 KB/sec)
[INFO] Downloading: https://repo.maven.apache.org/maven2/com/sun/jersey/jersey-project/1.17.1/jersey-project-1.17.1.pom
[INFO] Downloaded: https://repo.maven.apache.org/maven2/com/sun/jersey/jersey-project/1.17.1/jersey-project-1.17.1.pom (21 KB at 804.8 KB/sec)
[INFO] Downloading: https://repo.maven.apache.org/maven2/net/java/jvnet-parent/1/jvnet-parent-1.pom
[INFO] Downloaded: https://repo.maven.apache.org/maven2/net/java/jvnet-parent/1/jvnet-parent-1.pom (5 KB at 191.7 KB/sec)
[INFO] Downloading: https://repo.maven.apache.org/maven2/javax/validation/validation-api/1.1.0.Final/validation-api-1.1.0.Final.pom
[INFO] Downloaded: https://repo.maven.apache.org/maven2/javax/validation/validation-api/1.1.0.Final/validation-api-1.1.0.Final.pom (8 KB at 333.7 KB/sec)
[INFO] Downloading: https://repo.maven.apache.org/maven2/com/sun/jersey/jersey-client/1.17.1/jersey-client-1.17.1.pom
[INFO] Downloaded: https://repo.maven.apache.org/maven2/com/sun/jersey/jersey-client/1.17.1/jersey-client-1.17.1.pom (7 KB at 241.8 KB/sec)
[INFO] Downloading: https://repo.maven.apache.org/maven2/com/sun/jersey/jersey-json/1.17.1/jersey-json-1.17.1.pom
[INFO] Downloaded: https://repo.maven.apache.org/maven2/com/sun/jersey/jersey-json/1.17.1/jersey-json-1.17.1.pom (11 KB at 401.4 KB/sec)
[INFO] Downloading: https://repo.maven.apache.org/maven2/com/sun/xml/bind/jaxb-impl/2.2.3-1/jaxb-impl-2.2.3-1.pom
[INFO] Downloaded: https://repo.maven.apache.org/maven2/com/sun/xml/bind/jaxb-impl/2.2.3-1/jaxb-impl-2.2.3-1.pom (6 KB at 214.2 KB/sec)
[INFO] Downloading: https://repo.maven.apache.org/maven2/org/codehaus/jackson/jackson-core-asl/1.9.2/jackson-core-asl-1.9.2.pom
[INFO] Downloaded: https://repo.maven.apache.org/maven2/org/codehaus/jackson/jackson-core-asl/1.9.2/jackson-core-asl-1.9.2.pom (1016 B at 26.1 KB/sec)
[INFO] Downloading: https://repo.maven.apache.org/maven2/org/codehaus/jackson/jackson-mapper-asl/1.9.2/jackson-mapper-asl-1.9.2.pom
[INFO] Downloaded: https://repo.maven.apache.org/maven2/org/codehaus/jackson/jackson-mapper-asl/1.9.2/jackson-mapper-asl-1.9.2.pom (2 KB at 55.1 KB/sec)
[INFO] Downloading: https://repo.maven.apache.org/maven2/org/codehaus/jackson/jackson-jaxrs/1.9.2/jackson-jaxrs-1.9.2.pom
[INFO] Downloaded: https://repo.maven.apache.org/maven2/org/codehaus/jackson/jackson-jaxrs/1.9.2/jackson-jaxrs-1.9.2.pom (2 KB at 53.3 KB/sec)
[INFO] Downloading: https://repo.maven.apache.org/maven2/org/codehaus/jackson/jackson-xc/1.9.2/jackson-xc-1.9.2.pom
[INFO] Downloaded: https://repo.maven.apache.org/maven2/org/codehaus/jackson/jackson-xc/1.9.2/jackson-xc-1.9.2.pom (2 KB at 66.8 KB/sec)
[INFO] Downloading: https://repo.maven.apache.org/maven2/com/sun/jersey/contribs/jersey-apache-client4/1.17.1/jersey-apache-client4-1.17.1.pom
[INFO] Downloaded: https://repo.maven.apache.org/maven2/com/sun/jersey/contribs/jersey-apache-client4/1.17.1/jersey-apache-client4-1.17.1.pom (7 KB at 242.7 KB/sec)
[INFO] Downloading: https://repo.maven.apache.org/maven2/com/sun/jersey/contribs/jersey-contribs/1.17.1/jersey-contribs-1.17.1.pom
[INFO] Downloaded: https://repo.maven.apache.org/maven2/com/sun/jersey/contribs/jersey-contribs/1.17.1/jersey-contribs-1.17.1.pom (4 KB at 139.3 KB/sec)
[INFO] Downloading: https://repo.maven.apache.org/maven2/org/apache/httpcomponents/httpclient/4.2.6/httpclient-4.2.6.pom
[INFO] Downloaded: https://repo.maven.apache.org/maven2/org/apache/httpcomponents/httpclient/4.2.6/httpclient-4.2.6.pom (6 KB at 216.2 KB/sec)
[INFO] Downloading: https://repo.maven.apache.org/maven2/org/apache/httpcomponents/httpcomponents-client/4.2.6/httpcomponents-client-4.2.6.pom
[INFO] Downloaded: https://repo.maven.apache.org/maven2/org/apache/httpcomponents/httpcomponents-client/4.2.6/httpcomponents-client-4.2.6.pom (13 KB at 510.5 KB/sec)
[INFO] Downloading: https://repo.maven.apache.org/maven2/org/apache/httpcomponents/project/7/project-7.pom
[INFO] Downloaded: https://repo.maven.apache.org/maven2/org/apache/httpcomponents/project/7/project-7.pom (27 KB at 633.4 KB/sec)
[INFO] Downloading: https://repo.maven.apache.org/maven2/org/apache/apache/13/apache-13.pom
[INFO] Downloaded: https://repo.maven.apache.org/maven2/org/apache/apache/13/apache-13.pom (14 KB at 620.3 KB/sec)
[INFO] Downloading: https://repo.maven.apache.org/maven2/org/apache/httpcomponents/httpcore/4.2.5/httpcore-4.2.5.pom
[INFO] Downloaded: https://repo.maven.apache.org/maven2/org/apache/httpcomponents/httpcore/4.2.5/httpcore-4.2.5.pom (5 KB at 206.8 KB/sec)
[INFO] Downloading: https://repo.maven.apache.org/maven2/org/apache/httpcomponents/httpcomponents-core/4.2.5/httpcomponents-core-4.2.5.pom
[INFO] Downloaded: https://repo.maven.apache.org/maven2/org/apache/httpcomponents/httpcomponents-core/4.2.5/httpcomponents-core-4.2.5.pom (10 KB at 396.6 KB/sec)
[INFO] Downloading: https://repo.maven.apache.org/maven2/commons-codec/commons-codec/1.6/commons-codec-1.6.pom
[INFO] Downloaded: https://repo.maven.apache.org/maven2/commons-codec/commons-codec/1.6/commons-codec-1.6.pom (11 KB at 363.2 KB/sec)
[INFO] Downloading: https://repo.maven.apache.org/maven2/org/apache/commons/commons-parent/22/commons-parent-22.pom
[INFO] Downloaded: https://repo.maven.apache.org/maven2/org/apache/commons/commons-parent/22/commons-parent-22.pom (41 KB at 1462.0 KB/sec)
[INFO] Downloading: https://repo.maven.apache.org/maven2/org/apache/apache/9/apache-9.pom
[INFO] Downloaded: https://repo.maven.apache.org/maven2/org/apache/apache/9/apache-9.pom (15 KB at 643.7 KB/sec)
[INFO] Downloading: https://repo.maven.apache.org/maven2/org/slf4j/jcl-over-slf4j/1.7.5/jcl-over-slf4j-1.7.5.pom
[INFO] Downloaded: https://repo.maven.apache.org/maven2/org/slf4j/jcl-over-slf4j/1.7.5/jcl-over-slf4j-1.7.5.pom (2 KB at 50.3 KB/sec)
[INFO] Downloading: https://repo.maven.apache.org/maven2/javax/inject/javax.inject/1/javax.inject-1.pom
[INFO] Downloaded: https://repo.maven.apache.org/maven2/javax/inject/javax.inject/1/javax.inject-1.pom (612 B at 17.6 KB/sec)
[INFO] Downloading: https://repo.maven.apache.org/maven2/org/sonatype/spice/zapper/spice-zapper/1.2/spice-zapper-1.2.pom
[INFO] Downloaded: https://repo.maven.apache.org/maven2/org/sonatype/spice/zapper/spice-zapper/1.2/spice-zapper-1.2.pom (7 KB at 285.6 KB/sec)
[INFO] Downloading: https://repo.maven.apache.org/maven2/org/sonatype/spice/spice-parent/20/spice-parent-20.pom
[INFO] Downloaded: https://repo.maven.apache.org/maven2/org/sonatype/spice/spice-parent/20/spice-parent-20.pom (10 KB at 418.7 KB/sec)
[INFO] Downloading: https://repo.maven.apache.org/maven2/org/sonatype/forge/forge-parent/12/forge-parent-12.pom
[INFO] Downloaded: https://repo.maven.apache.org/maven2/org/sonatype/forge/forge-parent/12/forge-parent-12.pom (14 KB at 536.3 KB/sec)
[INFO] Downloading: https://repo.maven.apache.org/maven2/com/google/protobuf/protobuf-java/2.4.1/protobuf-java-2.4.1.pom
[INFO] Downloaded: https://repo.maven.apache.org/maven2/com/google/protobuf/protobuf-java/2.4.1/protobuf-java-2.4.1.pom (8 KB at 264.4 KB/sec)
[INFO] Downloading: https://repo.maven.apache.org/maven2/com/google/google/1/google-1.pom
[INFO] Downloaded: https://repo.maven.apache.org/maven2/com/google/google/1/google-1.pom (2 KB at 58.4 KB/sec)
[INFO] Downloading: https://repo.maven.apache.org/maven2/org/sonatype/sisu/sisu-charger/1.1/sisu-charger-1.1.pom
[INFO] Downloaded: https://repo.maven.apache.org/maven2/org/sonatype/sisu/sisu-charger/1.1/sisu-charger-1.1.pom (3 KB at 72.4 KB/sec)
[INFO] Downloading: https://repo.maven.apache.org/maven2/org/sonatype/spice/spice-parent/18/spice-parent-18.pom
[INFO] Downloaded: https://repo.maven.apache.org/maven2/org/sonatype/spice/spice-parent/18/spice-parent-18.pom (7 KB at 253.9 KB/sec)
[INFO] Downloading: https://repo.maven.apache.org/maven2/org/sonatype/forge/forge-parent/11/forge-parent-11.pom
[INFO] Downloaded: https://repo.maven.apache.org/maven2/org/sonatype/forge/forge-parent/11/forge-parent-11.pom (14 KB at 574.5 KB/sec)
[INFO] Downloading: https://repo.maven.apache.org/maven2/org/codehaus/plexus/plexus-utils/3.0.8/plexus-utils-3.0.8.pom
[INFO] Downloaded: https://repo.maven.apache.org/maven2/org/codehaus/plexus/plexus-utils/3.0.8/plexus-utils-3.0.8.pom (4 KB at 113.6 KB/sec)
[INFO] Downloading: https://repo.maven.apache.org/maven2/org/codehaus/plexus/plexus/3.2/plexus-3.2.pom
[INFO] Downloaded: https://repo.maven.apache.org/maven2/org/codehaus/plexus/plexus/3.2/plexus-3.2.pom (19 KB at 704.1 KB/sec)
[INFO] Downloading: https://repo.maven.apache.org/maven2/org/sonatype/spice/spice-parent/17/spice-parent-17.pom
[INFO] Downloaded: https://repo.maven.apache.org/maven2/org/sonatype/spice/spice-parent/17/spice-parent-17.pom (7 KB at 300.0 KB/sec)
[INFO] Downloading: https://repo.maven.apache.org/maven2/org/sonatype/forge/forge-parent/10/forge-parent-10.pom
[INFO] Downloaded: https://repo.maven.apache.org/maven2/org/sonatype/forge/forge-parent/10/forge-parent-10.pom (14 KB at 509.3 KB/sec)
[INFO] Downloading: https://repo.maven.apache.org/maven2/org/codehaus/plexus/plexus-interpolation/1.15/plexus-interpolation-1.15.pom
[INFO] Downloaded: https://repo.maven.apache.org/maven2/org/codehaus/plexus/plexus-interpolation/1.15/plexus-interpolation-1.15.pom (1018 B at 41.4 KB/sec)
[INFO] Downloading: https://repo.maven.apache.org/maven2/org/codehaus/plexus/plexus/3.0.1/plexus-3.0.1.pom
[INFO] Downloaded: https://repo.maven.apache.org/maven2/org/codehaus/plexus/plexus/3.0.1/plexus-3.0.1.pom (19 KB at 790.3 KB/sec)
[INFO] Downloading: https://repo.maven.apache.org/maven2/org/sonatype/aether/aether-api/1.13.1/aether-api-1.13.1.pom
[INFO] Downloaded: https://repo.maven.apache.org/maven2/org/sonatype/aether/aether-api/1.13.1/aether-api-1.13.1.pom (2 KB at 63.3 KB/sec)
[INFO] Downloading: https://repo.maven.apache.org/maven2/org/sonatype/aether/aether/1.13.1/aether-1.13.1.pom
[INFO] Downloaded: https://repo.maven.apache.org/maven2/org/sonatype/aether/aether/1.13.1/aether-1.13.1.pom (10 KB at 309.3 KB/sec)
[INFO] Downloading: https://repo.maven.apache.org/maven2/org/slf4j/slf4j-simple/1.7.5/slf4j-simple-1.7.5.pom
[INFO] Downloaded: https://repo.maven.apache.org/maven2/org/slf4j/slf4j-simple/1.7.5/slf4j-simple-1.7.5.pom (2 KB at 59.9 KB/sec)
[INFO] Downloading: https://repo.maven.apache.org/maven2/org/sonatype/plugins/nexus-staging-maven-plugin/1.6.2/nexus-staging-maven-plugin-1.6.2.jar
[INFO] Downloading: https://repo.maven.apache.org/maven2/org/sonatype/nexus/maven/nexus-common/1.6.2/nexus-common-1.6.2.jar
[INFO] Downloading: https://repo.maven.apache.org/maven2/org/sonatype/plexus/plexus-cipher/1.7/plexus-cipher-1.7.jar
[INFO] Downloading: https://repo.maven.apache.org/maven2/org/sonatype/plexus/plexus-sec-dispatcher/1.4/plexus-sec-dispatcher-1.4.jar
[INFO] Downloading: https://repo.maven.apache.org/maven2/com/google/guava/guava/14.0.1/guava-14.0.1.jar
[INFO] Downloaded: https://repo.maven.apache.org/maven2/org/sonatype/nexus/maven/nexus-common/1.6.2/nexus-common-1.6.2.jar (16 KB at 434.6 KB/sec)
[INFO] Downloading: https://repo.maven.apache.org/maven2/org/sonatype/nexus/nexus-client-core/2.7.2-01/nexus-client-core-2.7.2-01.jar
[INFO] Downloaded: https://repo.maven.apache.org/maven2/org/sonatype/nexus/nexus-client-core/2.7.2-01/nexus-client-core-2.7.2-01.jar (207 KB at 2619.6 KB/sec)
[INFO] Downloading: https://repo.maven.apache.org/maven2/org/sonatype/nexus/plugins/nexus-restlet1x-model/2.7.2-01/nexus-restlet1x-model-2.7.2-01.jar
[INFO] Downloaded: https://repo.maven.apache.org/maven2/org/sonatype/plexus/plexus-sec-dispatcher/1.4/plexus-sec-dispatcher-1.4.jar (28 KB at 311.0 KB/sec)
[INFO] Downloading: https://repo.maven.apache.org/maven2/org/slf4j/slf4j-api/1.7.5/slf4j-api-1.7.5.jar
[INFO] Downloaded: https://repo.maven.apache.org/maven2/org/sonatype/nexus/plugins/nexus-restlet1x-model/2.7.2-01/nexus-restlet1x-model-2.7.2-01.jar (157 KB at 1423.9 KB/sec)
[INFO] Downloading: https://repo.maven.apache.org/maven2/com/google/code/findbugs/jsr305/2.0.1/jsr305-2.0.1.jar
[INFO] Downloaded: https://repo.maven.apache.org/maven2/org/slf4j/slf4j-api/1.7.5/slf4j-api-1.7.5.jar (26 KB at 225.4 KB/sec)
[INFO] Downloading: https://repo.maven.apache.org/maven2/com/intellij/annotations/9.0.4/annotations-9.0.4.jar
[INFO] Downloaded: https://repo.maven.apache.org/maven2/org/sonatype/plexus/plexus-cipher/1.7/plexus-cipher-1.7.jar (14 KB at 99.5 KB/sec)
[INFO] Downloading: https://repo.maven.apache.org/maven2/com/thoughtworks/xstream/xstream/1.4.5/xstream-1.4.5.jar
[INFO] Downloaded: https://repo.maven.apache.org/maven2/com/google/code/findbugs/jsr305/2.0.1/jsr305-2.0.1.jar (32 KB at 235.8 KB/sec)
[INFO] Downloading: https://repo.maven.apache.org/maven2/xmlpull/xmlpull/1.1.3.1/xmlpull-1.1.3.1.jar
[INFO] Downloaded: https://repo.maven.apache.org/maven2/org/sonatype/plugins/nexus-staging-maven-plugin/1.6.2/nexus-staging-maven-plugin-1.6.2.jar (243 KB at 1767.4 KB/sec)
[INFO] Downloading: https://repo.maven.apache.org/maven2/xpp3/xpp3_min/1.1.4c/xpp3_min-1.1.4c.jar
[INFO] Downloaded: https://repo.maven.apache.org/maven2/com/intellij/annotations/9.0.4/annotations-9.0.4.jar (10 KB at 72.0 KB/sec)
[INFO] Downloading: https://repo.maven.apache.org/maven2/joda-time/joda-time/2.2/joda-time-2.2.jar
[INFO] Downloaded: https://repo.maven.apache.org/maven2/xpp3/xpp3_min/1.1.4c/xpp3_min-1.1.4c.jar (25 KB at 157.2 KB/sec)
[INFO] Downloading: https://repo.maven.apache.org/maven2/commons-lang/commons-lang/2.6/commons-lang-2.6.jar
[INFO] Downloaded: https://repo.maven.apache.org/maven2/xmlpull/xmlpull/1.1.3.1/xmlpull-1.1.3.1.jar (8 KB at 45.0 KB/sec)
[INFO] Downloading: https://repo.maven.apache.org/maven2/commons-beanutils/commons-beanutils-core/1.8.3/commons-beanutils-core-1.8.3.jar
[INFO] Downloaded: https://repo.maven.apache.org/maven2/commons-lang/commons-lang/2.6/commons-lang-2.6.jar (278 KB at 1445.6 KB/sec)
[INFO] Downloading: https://repo.maven.apache.org/maven2/org/sonatype/sisu/siesta/siesta-client/1.5.2/siesta-client-1.5.2.jar
[INFO] Downloaded: https://repo.maven.apache.org/maven2/commons-beanutils/commons-beanutils-core/1.8.3/commons-beanutils-core-1.8.3.jar (202 KB at 970.5 KB/sec)
[INFO] Downloading: https://repo.maven.apache.org/maven2/org/sonatype/sisu/siesta/siesta-common/1.5.2/siesta-common-1.5.2.jar
[INFO] Downloaded: https://repo.maven.apache.org/maven2/com/thoughtworks/xstream/xstream/1.4.5/xstream-1.4.5.jar (498 KB at 2333.8 KB/sec)
[INFO] Downloading: https://repo.maven.apache.org/maven2/javax/ws/rs/jsr311-api/1.1.1/jsr311-api-1.1.1.jar
[INFO] Downloaded: https://repo.maven.apache.org/maven2/org/sonatype/sisu/siesta/siesta-client/1.5.2/siesta-client-1.5.2.jar (20 KB at 91.0 KB/sec)
[INFO] Downloading: https://repo.maven.apache.org/maven2/com/sun/jersey/jersey-core/1.17.1/jersey-core-1.17.1.jar
[INFO] Downloaded: https://repo.maven.apache.org/maven2/org/sonatype/sisu/siesta/siesta-common/1.5.2/siesta-common-1.5.2.jar (11 KB at 43.1 KB/sec)
[INFO] Downloading: https://repo.maven.apache.org/maven2/javax/validation/validation-api/1.1.0.Final/validation-api-1.1.0.Final.jar
[INFO] Downloaded: https://repo.maven.apache.org/maven2/joda-time/joda-time/2.2/joda-time-2.2.jar (561 KB at 2259.9 KB/sec)
[INFO] Downloading: https://repo.maven.apache.org/maven2/com/sun/jersey/jersey-client/1.17.1/jersey-client-1.17.1.jar
[INFO] Downloaded: https://repo.maven.apache.org/maven2/javax/ws/rs/jsr311-api/1.1.1/jsr311-api-1.1.1.jar (46 KB at 173.5 KB/sec)
[INFO] Downloading: https://repo.maven.apache.org/maven2/com/sun/jersey/jersey-json/1.17.1/jersey-json-1.17.1.jar
[INFO] Downloaded: https://repo.maven.apache.org/maven2/javax/validation/validation-api/1.1.0.Final/validation-api-1.1.0.Final.jar (63 KB at 231.5 KB/sec)
[INFO] Downloading: https://repo.maven.apache.org/maven2/com/sun/xml/bind/jaxb-impl/2.2.3-1/jaxb-impl-2.2.3-1.jar
[INFO] Downloaded: https://repo.maven.apache.org/maven2/com/sun/jersey/jersey-core/1.17.1/jersey-core-1.17.1.jar (457 KB at 1676.9 KB/sec)
[INFO] Downloading: https://repo.maven.apache.org/maven2/org/codehaus/jackson/jackson-core-asl/1.9.2/jackson-core-asl-1.9.2.jar
[INFO] Downloaded: https://repo.maven.apache.org/maven2/com/sun/jersey/jersey-client/1.17.1/jersey-client-1.17.1.jar (128 KB at 456.6 KB/sec)
[INFO] Downloading: https://repo.maven.apache.org/maven2/org/codehaus/jackson/jackson-mapper-asl/1.9.2/jackson-mapper-asl-1.9.2.jar
[INFO] Downloaded: https://repo.maven.apache.org/maven2/com/sun/jersey/jersey-json/1.17.1/jersey-json-1.17.1.jar (160 KB at 520.3 KB/sec)
[INFO] Downloading: https://repo.maven.apache.org/maven2/org/codehaus/jackson/jackson-jaxrs/1.9.2/jackson-jaxrs-1.9.2.jar
[INFO] Downloaded: https://repo.maven.apache.org/maven2/org/codehaus/jackson/jackson-core-asl/1.9.2/jackson-core-asl-1.9.2.jar (223 KB at 681.8 KB/sec)
[INFO] Downloading: https://repo.maven.apache.org/maven2/org/codehaus/jackson/jackson-xc/1.9.2/jackson-xc-1.9.2.jar
[INFO] Downloaded: https://repo.maven.apache.org/maven2/org/codehaus/jackson/jackson-jaxrs/1.9.2/jackson-jaxrs-1.9.2.jar (18 KB at 54.2 KB/sec)
[INFO] Downloading: https://repo.maven.apache.org/maven2/com/sun/jersey/contribs/jersey-apache-client4/1.17.1/jersey-apache-client4-1.17.1.jar
[INFO] Downloaded: https://repo.maven.apache.org/maven2/org/codehaus/jackson/jackson-xc/1.9.2/jackson-xc-1.9.2.jar (27 KB at 75.3 KB/sec)
[INFO] Downloading: https://repo.maven.apache.org/maven2/org/apache/httpcomponents/httpclient/4.2.6/httpclient-4.2.6.jar
[INFO] Downloaded: https://repo.maven.apache.org/maven2/com/sun/jersey/contribs/jersey-apache-client4/1.17.1/jersey-apache-client4-1.17.1.jar (16 KB at 43.9 KB/sec)
[INFO] Downloading: https://repo.maven.apache.org/maven2/commons-codec/commons-codec/1.6/commons-codec-1.6.jar
[INFO] Downloaded: https://repo.maven.apache.org/maven2/com/sun/xml/bind/jaxb-impl/2.2.3-1/jaxb-impl-2.2.3-1.jar (870 KB at 2448.7 KB/sec)
[INFO] Downloading: https://repo.maven.apache.org/maven2/org/apache/httpcomponents/httpcore/4.2.5/httpcore-4.2.5.jar
[INFO] Downloaded: https://repo.maven.apache.org/maven2/com/google/guava/guava/14.0.1/guava-14.0.1.jar (2138 KB at 5921.9 KB/sec)
[INFO] Downloading: https://repo.maven.apache.org/maven2/org/slf4j/jcl-over-slf4j/1.7.5/jcl-over-slf4j-1.7.5.jar
[INFO] Downloaded: https://repo.maven.apache.org/maven2/org/codehaus/jackson/jackson-mapper-asl/1.9.2/jackson-mapper-asl-1.9.2.jar (748 KB at 1972.8 KB/sec)
[INFO] Downloading: https://repo.maven.apache.org/maven2/javax/inject/javax.inject/1/javax.inject-1.jar
[INFO] Downloaded: https://repo.maven.apache.org/maven2/commons-codec/commons-codec/1.6/commons-codec-1.6.jar (228 KB at 585.9 KB/sec)
[INFO] Downloading: https://repo.maven.apache.org/maven2/org/sonatype/spice/zapper/spice-zapper/1.2/spice-zapper-1.2.jar
[INFO] Downloaded: https://repo.maven.apache.org/maven2/org/apache/httpcomponents/httpclient/4.2.6/httpclient-4.2.6.jar (426 KB at 1093.6 KB/sec)
[INFO] Downloading: https://repo.maven.apache.org/maven2/com/google/protobuf/protobuf-java/2.4.1/protobuf-java-2.4.1.jar
[INFO] Downloaded: https://repo.maven.apache.org/maven2/org/slf4j/jcl-over-slf4j/1.7.5/jcl-over-slf4j-1.7.5.jar (17 KB at 40.3 KB/sec)
[INFO] Downloading: https://repo.maven.apache.org/maven2/org/sonatype/sisu/sisu-charger/1.1/sisu-charger-1.1.jar
[INFO] Downloaded: https://repo.maven.apache.org/maven2/org/apache/httpcomponents/httpcore/4.2.5/httpcore-4.2.5.jar (223 KB at 553.2 KB/sec)
[INFO] Downloading: https://repo.maven.apache.org/maven2/org/codehaus/plexus/plexus-utils/3.0.8/plexus-utils-3.0.8.jar
[INFO] Downloaded: https://repo.maven.apache.org/maven2/javax/inject/javax.inject/1/javax.inject-1.jar (3 KB at 6.0 KB/sec)
[INFO] Downloading: https://repo.maven.apache.org/maven2/org/codehaus/plexus/plexus-interpolation/1.15/plexus-interpolation-1.15.jar
[INFO] Downloaded: https://repo.maven.apache.org/maven2/org/sonatype/spice/zapper/spice-zapper/1.2/spice-zapper-1.2.jar (164 KB at 384.6 KB/sec)
[INFO] Downloading: https://repo.maven.apache.org/maven2/org/slf4j/slf4j-simple/1.7.5/slf4j-simple-1.7.5.jar
[INFO] Downloaded: https://repo.maven.apache.org/maven2/org/sonatype/sisu/sisu-charger/1.1/sisu-charger-1.1.jar (19 KB at 42.8 KB/sec)
[INFO] Downloaded: https://repo.maven.apache.org/maven2/org/codehaus/plexus/plexus-interpolation/1.15/plexus-interpolation-1.15.jar (60 KB at 134.2 KB/sec)
[INFO] Downloaded: https://repo.maven.apache.org/maven2/org/slf4j/slf4j-simple/1.7.5/slf4j-simple-1.7.5.jar (11 KB at 22.9 KB/sec)
[INFO] Downloaded: https://repo.maven.apache.org/maven2/org/codehaus/plexus/plexus-utils/3.0.8/plexus-utils-3.0.8.jar (227 KB at 496.5 KB/sec)
[INFO] Downloaded: https://repo.maven.apache.org/maven2/com/google/protobuf/protobuf-java/2.4.1/protobuf-java-2.4.1.jar (440 KB at 927.7 KB/sec)
[INFO] Inspecting build with total of 3 modules...
[INFO] Installing Nexus Staging features:
[INFO]   ... total of 3 executions of maven-deploy-plugin replaced with nexus-staging-maven-plugin
[INFO] ------------------------------------------------------------------------
[INFO] Reactor Build Order:
[INFO] 
[INFO] libSBOLj-parent
[INFO] libSBOLj-deprecated
[INFO] libSBOLj
[INFO]                                                                         
[INFO] ------------------------------------------------------------------------
[INFO] Building libSBOLj-parent 2.0.0
[INFO] ------------------------------------------------------------------------
[INFO] Downloading: https://repo.maven.apache.org/maven2/org/apache/maven/plugins/maven-install-plugin/2.4/maven-install-plugin-2.4.pom
[INFO] Downloaded: https://repo.maven.apache.org/maven2/org/apache/maven/plugins/maven-install-plugin/2.4/maven-install-plugin-2.4.pom (7 KB at 283.2 KB/sec)
[INFO] Downloading: https://repo.maven.apache.org/maven2/org/apache/maven/plugins/maven-plugins/23/maven-plugins-23.pom
[INFO] Downloaded: https://repo.maven.apache.org/maven2/org/apache/maven/plugins/maven-plugins/23/maven-plugins-23.pom (9 KB at 299.4 KB/sec)
[INFO] Downloading: https://repo.maven.apache.org/maven2/org/apache/maven/maven-parent/22/maven-parent-22.pom
[INFO] Downloaded: https://repo.maven.apache.org/maven2/org/apache/maven/maven-parent/22/maven-parent-22.pom (30 KB at 1210.2 KB/sec)
[INFO] Downloading: https://repo.maven.apache.org/maven2/org/apache/apache/11/apache-11.pom
[INFO] Downloaded: https://repo.maven.apache.org/maven2/org/apache/apache/11/apache-11.pom (15 KB at 535.7 KB/sec)
[INFO] Downloading: https://repo.maven.apache.org/maven2/org/apache/maven/plugins/maven-install-plugin/2.4/maven-install-plugin-2.4.jar
[INFO] Downloaded: https://repo.maven.apache.org/maven2/org/apache/maven/plugins/maven-install-plugin/2.4/maven-install-plugin-2.4.jar (27 KB at 940.0 KB/sec)
[INFO] 
[INFO] --- maven-install-plugin:2.4:install (default-install) @ libSBOLj-parent ---
[INFO] Downloading: https://repo.maven.apache.org/maven2/org/apache/maven/maven-plugin-api/2.0.6/maven-plugin-api-2.0.6.pom
[INFO] Downloaded: https://repo.maven.apache.org/maven2/org/apache/maven/maven-plugin-api/2.0.6/maven-plugin-api-2.0.6.pom (2 KB at 56.8 KB/sec)
[INFO] Downloading: https://repo.maven.apache.org/maven2/org/apache/maven/maven/2.0.6/maven-2.0.6.pom
[INFO] Downloaded: https://repo.maven.apache.org/maven2/org/apache/maven/maven/2.0.6/maven-2.0.6.pom (9 KB at 420.7 KB/sec)
[INFO] Downloading: https://repo.maven.apache.org/maven2/org/apache/maven/maven-parent/5/maven-parent-5.pom
[INFO] Downloaded: https://repo.maven.apache.org/maven2/org/apache/maven/maven-parent/5/maven-parent-5.pom (15 KB at 425.1 KB/sec)
[INFO] Downloading: https://repo.maven.apache.org/maven2/org/apache/apache/3/apache-3.pom
[INFO] Downloaded: https://repo.maven.apache.org/maven2/org/apache/apache/3/apache-3.pom (4 KB at 98.5 KB/sec)
[INFO] Downloading: https://repo.maven.apache.org/maven2/org/apache/maven/maven-project/2.0.6/maven-project-2.0.6.pom
[INFO] Downloaded: https://repo.maven.apache.org/maven2/org/apache/maven/maven-project/2.0.6/maven-project-2.0.6.pom (3 KB at 112.0 KB/sec)
[INFO] Downloading: https://repo.maven.apache.org/maven2/org/apache/maven/maven-settings/2.0.6/maven-settings-2.0.6.pom
[INFO] Downloaded: https://repo.maven.apache.org/maven2/org/apache/maven/maven-settings/2.0.6/maven-settings-2.0.6.pom (2 KB at 88.8 KB/sec)
[INFO] Downloading: https://repo.maven.apache.org/maven2/org/apache/maven/maven-model/2.0.6/maven-model-2.0.6.pom
[INFO] Downloaded: https://repo.maven.apache.org/maven2/org/apache/maven/maven-model/2.0.6/maven-model-2.0.6.pom (3 KB at 135.3 KB/sec)
[INFO] Downloading: https://repo.maven.apache.org/maven2/org/codehaus/plexus/plexus-utils/1.4.1/plexus-utils-1.4.1.pom
[INFO] Downloaded: https://repo.maven.apache.org/maven2/org/codehaus/plexus/plexus-utils/1.4.1/plexus-utils-1.4.1.pom (2 KB at 81.1 KB/sec)
[INFO] Downloading: https://repo.maven.apache.org/maven2/org/codehaus/plexus/plexus/1.0.11/plexus-1.0.11.pom
[INFO] Downloaded: https://repo.maven.apache.org/maven2/org/codehaus/plexus/plexus/1.0.11/plexus-1.0.11.pom (9 KB at 417.1 KB/sec)
[INFO] Downloading: https://repo.maven.apache.org/maven2/org/codehaus/plexus/plexus-container-default/1.0-alpha-9-stable-1/plexus-container-default-1.0-alpha-9-stable-1.pom
[INFO] Downloaded: https://repo.maven.apache.org/maven2/org/codehaus/plexus/plexus-container-default/1.0-alpha-9-stable-1/plexus-container-default-1.0-alpha-9-stable-1.pom (4 KB at 183.6 KB/sec)
[INFO] Downloading: https://repo.maven.apache.org/maven2/org/codehaus/plexus/plexus-containers/1.0.3/plexus-containers-1.0.3.pom
[INFO] Downloaded: https://repo.maven.apache.org/maven2/org/codehaus/plexus/plexus-containers/1.0.3/plexus-containers-1.0.3.pom (492 B at 14.1 KB/sec)
[INFO] Downloading: https://repo.maven.apache.org/maven2/org/codehaus/plexus/plexus/1.0.4/plexus-1.0.4.pom
[INFO] Downloaded: https://repo.maven.apache.org/maven2/org/codehaus/plexus/plexus/1.0.4/plexus-1.0.4.pom (6 KB at 266.8 KB/sec)
[INFO] Downloading: https://repo.maven.apache.org/maven2/junit/junit/3.8.1/junit-3.8.1.pom
[INFO] Downloaded: https://repo.maven.apache.org/maven2/junit/junit/3.8.1/junit-3.8.1.pom (998 B at 46.4 KB/sec)
[INFO] Downloading: https://repo.maven.apache.org/maven2/org/codehaus/plexus/plexus-utils/1.0.4/plexus-utils-1.0.4.pom
[INFO] Downloaded: https://repo.maven.apache.org/maven2/org/codehaus/plexus/plexus-utils/1.0.4/plexus-utils-1.0.4.pom (7 KB at 279.0 KB/sec)
[INFO] Downloading: https://repo.maven.apache.org/maven2/classworlds/classworlds/1.1-alpha-2/classworlds-1.1-alpha-2.pom
[INFO] Downloaded: https://repo.maven.apache.org/maven2/classworlds/classworlds/1.1-alpha-2/classworlds-1.1-alpha-2.pom (4 KB at 138.8 KB/sec)
[INFO] Downloading: https://repo.maven.apache.org/maven2/org/apache/maven/maven-profile/2.0.6/maven-profile-2.0.6.pom
[INFO] Downloaded: https://repo.maven.apache.org/maven2/org/apache/maven/maven-profile/2.0.6/maven-profile-2.0.6.pom (2 KB at 84.1 KB/sec)
[INFO] Downloading: https://repo.maven.apache.org/maven2/org/apache/maven/maven-artifact-manager/2.0.6/maven-artifact-manager-2.0.6.pom
[INFO] Downloaded: https://repo.maven.apache.org/maven2/org/apache/maven/maven-artifact-manager/2.0.6/maven-artifact-manager-2.0.6.pom (3 KB at 121.9 KB/sec)
[INFO] Downloading: https://repo.maven.apache.org/maven2/org/apache/maven/maven-repository-metadata/2.0.6/maven-repository-metadata-2.0.6.pom
[INFO] Downloaded: https://repo.maven.apache.org/maven2/org/apache/maven/maven-repository-metadata/2.0.6/maven-repository-metadata-2.0.6.pom (2 KB at 86.0 KB/sec)
[INFO] Downloading: https://repo.maven.apache.org/maven2/org/apache/maven/maven-artifact/2.0.6/maven-artifact-2.0.6.pom
[INFO] Downloaded: https://repo.maven.apache.org/maven2/org/apache/maven/maven-artifact/2.0.6/maven-artifact-2.0.6.pom (2 KB at 46.7 KB/sec)
[INFO] Downloading: https://repo.maven.apache.org/maven2/org/apache/maven/maven-plugin-registry/2.0.6/maven-plugin-registry-2.0.6.pom
[INFO] Downloaded: https://repo.maven.apache.org/maven2/org/apache/maven/maven-plugin-registry/2.0.6/maven-plugin-registry-2.0.6.pom (2 KB at 57.6 KB/sec)
[INFO] Downloading: https://repo.maven.apache.org/maven2/org/codehaus/plexus/plexus-utils/3.0.5/plexus-utils-3.0.5.pom
[INFO] Downloaded: https://repo.maven.apache.org/maven2/org/codehaus/plexus/plexus-utils/3.0.5/plexus-utils-3.0.5.pom (3 KB at 72.2 KB/sec)
[INFO] Downloading: https://repo.maven.apache.org/maven2/org/codehaus/plexus/plexus/3.1/plexus-3.1.pom
[INFO] Downloaded: https://repo.maven.apache.org/maven2/org/codehaus/plexus/plexus/3.1/plexus-3.1.pom (19 KB at 757.4 KB/sec)
[INFO] Downloading: https://repo.maven.apache.org/maven2/org/codehaus/plexus/plexus-digest/1.0/plexus-digest-1.0.pom
[INFO] Downloaded: https://repo.maven.apache.org/maven2/org/codehaus/plexus/plexus-digest/1.0/plexus-digest-1.0.pom (2 KB at 38.3 KB/sec)
[INFO] Downloading: https://repo.maven.apache.org/maven2/org/codehaus/plexus/plexus-components/1.1.7/plexus-components-1.1.7.pom
[INFO] Downloaded: https://repo.maven.apache.org/maven2/org/codehaus/plexus/plexus-components/1.1.7/plexus-components-1.1.7.pom (5 KB at 220.8 KB/sec)
[INFO] Downloading: https://repo.maven.apache.org/maven2/org/codehaus/plexus/plexus/1.0.8/plexus-1.0.8.pom
[INFO] Downloaded: https://repo.maven.apache.org/maven2/org/codehaus/plexus/plexus/1.0.8/plexus-1.0.8.pom (8 KB at 336.2 KB/sec)
[INFO] Downloading: https://repo.maven.apache.org/maven2/org/codehaus/plexus/plexus-container-default/1.0-alpha-8/plexus-container-default-1.0-alpha-8.pom
[INFO] Downloaded: https://repo.maven.apache.org/maven2/org/codehaus/plexus/plexus-container-default/1.0-alpha-8/plexus-container-default-1.0-alpha-8.pom (8 KB at 308.4 KB/sec)
[INFO] Downloading: https://repo.maven.apache.org/maven2/junit/junit/3.8.1/junit-3.8.1.jar
[INFO] Downloading: https://repo.maven.apache.org/maven2/org/codehaus/plexus/plexus-utils/3.0.5/plexus-utils-3.0.5.jar
[INFO] Downloading: https://repo.maven.apache.org/maven2/org/codehaus/plexus/plexus-digest/1.0/plexus-digest-1.0.jar
[INFO] Downloaded: https://repo.maven.apache.org/maven2/org/codehaus/plexus/plexus-utils/3.0.5/plexus-utils-3.0.5.jar (226 KB at 7760.2 KB/sec)
[INFO] Downloaded: https://repo.maven.apache.org/maven2/org/codehaus/plexus/plexus-digest/1.0/plexus-digest-1.0.jar (12 KB at 386.0 KB/sec)
[INFO] Downloaded: https://repo.maven.apache.org/maven2/junit/junit/3.8.1/junit-3.8.1.jar (119 KB at 3477.4 KB/sec)
[INFO] Installing /home/travis/build/SynBioDex/libSBOLj/pom.xml to /home/travis/.m2/repository/org/sbolstandard/libSBOLj-parent/2.0.0/libSBOLj-parent-2.0.0.pom
[INFO]                                                                         
[INFO] ------------------------------------------------------------------------
[INFO] Building libSBOLj-deprecated 1.0.0
[INFO] ------------------------------------------------------------------------
[INFO] Downloading: https://repo.maven.apache.org/maven2/org/apache/maven/plugins/maven-source-plugin/2.4/maven-source-plugin-2.4.pom
[INFO] Downloaded: https://repo.maven.apache.org/maven2/org/apache/maven/plugins/maven-source-plugin/2.4/maven-source-plugin-2.4.pom (7 KB at 180.2 KB/sec)
[INFO] Downloading: https://repo.maven.apache.org/maven2/org/apache/maven/plugins/maven-plugins/25/maven-plugins-25.pom
[INFO] Downloaded: https://repo.maven.apache.org/maven2/org/apache/maven/plugins/maven-plugins/25/maven-plugins-25.pom (10 KB at 300.9 KB/sec)
[INFO] Downloading: https://repo.maven.apache.org/maven2/org/apache/maven/maven-parent/24/maven-parent-24.pom
[INFO] Downloaded: https://repo.maven.apache.org/maven2/org/apache/maven/maven-parent/24/maven-parent-24.pom (37 KB at 1059.8 KB/sec)
[INFO] Downloading: https://repo.maven.apache.org/maven2/org/apache/apache/14/apache-14.pom
[INFO] Downloaded: https://repo.maven.apache.org/maven2/org/apache/apache/14/apache-14.pom (15 KB at 434.6 KB/sec)
[INFO] Downloading: https://repo.maven.apache.org/maven2/org/apache/maven/plugins/maven-source-plugin/2.4/maven-source-plugin-2.4.jar
[INFO] Downloaded: https://repo.maven.apache.org/maven2/org/apache/maven/plugins/maven-source-plugin/2.4/maven-source-plugin-2.4.jar (31 KB at 1096.0 KB/sec)
[INFO] Downloading: https://repo.maven.apache.org/maven2/org/apache/maven/plugins/maven-javadoc-plugin/2.10.3/maven-javadoc-plugin-2.10.3.pom
[INFO] Downloaded: https://repo.maven.apache.org/maven2/org/apache/maven/plugins/maven-javadoc-plugin/2.10.3/maven-javadoc-plugin-2.10.3.pom (16 KB at 454.4 KB/sec)
[INFO] Downloading: https://repo.maven.apache.org/maven2/org/apache/maven/plugins/maven-plugins/27/maven-plugins-27.pom
[INFO] Downloaded: https://repo.maven.apache.org/maven2/org/apache/maven/plugins/maven-plugins/27/maven-plugins-27.pom (12 KB at 443.9 KB/sec)
[INFO] Downloading: https://repo.maven.apache.org/maven2/org/apache/maven/maven-parent/26/maven-parent-26.pom
[INFO] Downloaded: https://repo.maven.apache.org/maven2/org/apache/maven/maven-parent/26/maven-parent-26.pom (39 KB at 1554.1 KB/sec)
[INFO] Downloading: https://repo.maven.apache.org/maven2/org/apache/apache/16/apache-16.pom
[INFO] Downloaded: https://repo.maven.apache.org/maven2/org/apache/apache/16/apache-16.pom (16 KB at 683.5 KB/sec)
[INFO] Downloading: https://repo.maven.apache.org/maven2/org/apache/maven/plugins/maven-javadoc-plugin/2.10.3/maven-javadoc-plugin-2.10.3.jar
[INFO] Downloaded: https://repo.maven.apache.org/maven2/org/apache/maven/plugins/maven-javadoc-plugin/2.10.3/maven-javadoc-plugin-2.10.3.jar (396 KB at 10993.4 KB/sec)
[INFO] Downloading: https://repo.maven.apache.org/maven2/org/apache/maven/plugins/maven-resources-plugin/2.6/maven-resources-plugin-2.6.pom
[INFO] Downloaded: https://repo.maven.apache.org/maven2/org/apache/maven/plugins/maven-resources-plugin/2.6/maven-resources-plugin-2.6.pom (8 KB at 214.2 KB/sec)
[INFO] Downloading: https://repo.maven.apache.org/maven2/org/apache/maven/plugins/maven-resources-plugin/2.6/maven-resources-plugin-2.6.jar
[INFO] Downloaded: https://repo.maven.apache.org/maven2/org/apache/maven/plugins/maven-resources-plugin/2.6/maven-resources-plugin-2.6.jar (29 KB at 1201.1 KB/sec)
[INFO] Downloading: https://repo.maven.apache.org/maven2/org/apache/maven/plugins/maven-compiler-plugin/3.1/maven-compiler-plugin-3.1.pom
[INFO] Downloaded: https://repo.maven.apache.org/maven2/org/apache/maven/plugins/maven-compiler-plugin/3.1/maven-compiler-plugin-3.1.pom (10 KB at 343.8 KB/sec)
[INFO] Downloading: https://repo.maven.apache.org/maven2/org/apache/maven/plugins/maven-plugins/24/maven-plugins-24.pom
[INFO] Downloaded: https://repo.maven.apache.org/maven2/org/apache/maven/plugins/maven-plugins/24/maven-plugins-24.pom (11 KB at 108.8 KB/sec)
[INFO] Downloading: https://repo.maven.apache.org/maven2/org/apache/maven/maven-parent/23/maven-parent-23.pom
[INFO] Downloaded: https://repo.maven.apache.org/maven2/org/apache/maven/maven-parent/23/maven-parent-23.pom (32 KB at 1178.6 KB/sec)
[INFO] Downloading: https://repo.maven.apache.org/maven2/org/apache/maven/plugins/maven-compiler-plugin/3.1/maven-compiler-plugin-3.1.jar
[INFO] Downloaded: https://repo.maven.apache.org/maven2/org/apache/maven/plugins/maven-compiler-plugin/3.1/maven-compiler-plugin-3.1.jar (42 KB at 1446.3 KB/sec)
[INFO] Downloading: https://repo.maven.apache.org/maven2/org/apache/maven/plugins/maven-surefire-plugin/2.12.4/maven-surefire-plugin-2.12.4.pom
[INFO] Downloaded: https://repo.maven.apache.org/maven2/org/apache/maven/plugins/maven-surefire-plugin/2.12.4/maven-surefire-plugin-2.12.4.pom (11 KB at 365.3 KB/sec)
[INFO] Downloading: https://repo.maven.apache.org/maven2/org/apache/maven/surefire/surefire/2.12.4/surefire-2.12.4.pom
[INFO] Downloaded: https://repo.maven.apache.org/maven2/org/apache/maven/surefire/surefire/2.12.4/surefire-2.12.4.pom (14 KB at 612.1 KB/sec)
[INFO] Downloading: https://repo.maven.apache.org/maven2/org/apache/maven/plugins/maven-surefire-plugin/2.12.4/maven-surefire-plugin-2.12.4.jar
[INFO] Downloaded: https://repo.maven.apache.org/maven2/org/apache/maven/plugins/maven-surefire-plugin/2.12.4/maven-surefire-plugin-2.12.4.jar (30 KB at 1025.8 KB/sec)
[INFO] Downloading: https://repo.maven.apache.org/maven2/org/apache/maven/plugins/maven-jar-plugin/2.4/maven-jar-plugin-2.4.pom
[INFO] Downloaded: https://repo.maven.apache.org/maven2/org/apache/maven/plugins/maven-jar-plugin/2.4/maven-jar-plugin-2.4.pom (6 KB at 237.4 KB/sec)
[INFO] Downloading: https://repo.maven.apache.org/maven2/org/apache/maven/plugins/maven-plugins/22/maven-plugins-22.pom
[INFO] Downloaded: https://repo.maven.apache.org/maven2/org/apache/maven/plugins/maven-plugins/22/maven-plugins-22.pom (13 KB at 553.6 KB/sec)
[INFO] Downloading: https://repo.maven.apache.org/maven2/org/apache/maven/plugins/maven-jar-plugin/2.4/maven-jar-plugin-2.4.jar
[INFO] Downloaded: https://repo.maven.apache.org/maven2/org/apache/maven/plugins/maven-jar-plugin/2.4/maven-jar-plugin-2.4.jar (34 KB at 1510.2 KB/sec)
[INFO] Downloading: https://repo.maven.apache.org/maven2/org/apache/maven/plugins/maven-shade-plugin/2.3/maven-shade-plugin-2.3.pom
[INFO] Downloaded: https://repo.maven.apache.org/maven2/org/apache/maven/plugins/maven-shade-plugin/2.3/maven-shade-plugin-2.3.pom (8 KB at 286.8 KB/sec)
[INFO] Downloading: https://repo.maven.apache.org/maven2/org/apache/maven/plugins/maven-shade-plugin/2.3/maven-shade-plugin-2.3.jar
[INFO] Downloaded: https://repo.maven.apache.org/maven2/org/apache/maven/plugins/maven-shade-plugin/2.3/maven-shade-plugin-2.3.jar (99 KB at 3802.0 KB/sec)
[INFO] Downloading: http://repo.maven.apache.org/maven2/junit/junit/4.9/junit-4.9.pom
[INFO] Downloaded: http://repo.maven.apache.org/maven2/junit/junit/4.9/junit-4.9.pom (3 KB at 69.4 KB/sec)
[INFO] Downloading: http://repo.maven.apache.org/maven2/org/hamcrest/hamcrest-core/1.1/hamcrest-core-1.1.pom
[INFO] Downloaded: http://repo.maven.apache.org/maven2/org/hamcrest/hamcrest-core/1.1/hamcrest-core-1.1.pom (481 B at 13.0 KB/sec)
[INFO] Downloading: http://repo.maven.apache.org/maven2/org/hamcrest/hamcrest-parent/1.1/hamcrest-parent-1.1.pom
[INFO] Downloaded: http://repo.maven.apache.org/maven2/org/hamcrest/hamcrest-parent/1.1/hamcrest-parent-1.1.pom (6 KB at 273.3 KB/sec)
[INFO] Downloading: http://repo.maven.apache.org/maven2/org/hamcrest/hamcrest-core/1.1/hamcrest-core-1.1.jar
[INFO] Downloading: http://repo.maven.apache.org/maven2/junit/junit/4.9/junit-4.9.jar
[INFO] Downloaded: http://repo.maven.apache.org/maven2/org/hamcrest/hamcrest-core/1.1/hamcrest-core-1.1.jar (75 KB at 261.7 KB/sec)
[INFO] Downloaded: http://repo.maven.apache.org/maven2/junit/junit/4.9/junit-4.9.jar (244 KB at 797.2 KB/sec)
[INFO] 
[INFO] --- maven-resources-plugin:2.6:resources (default-resources) @ libSBOLj-deprecated ---
[INFO] Downloading: https://repo.maven.apache.org/maven2/org/apache/maven/maven-core/2.0.6/maven-core-2.0.6.pom
[INFO] Downloaded: https://repo.maven.apache.org/maven2/org/apache/maven/maven-core/2.0.6/maven-core-2.0.6.pom (7 KB at 284.9 KB/sec)
[INFO] Downloading: https://repo.maven.apache.org/maven2/org/apache/maven/maven-plugin-parameter-documenter/2.0.6/maven-plugin-parameter-documenter-2.0.6.pom
[INFO] Downloaded: https://repo.maven.apache.org/maven2/org/apache/maven/maven-plugin-parameter-documenter/2.0.6/maven-plugin-parameter-documenter-2.0.6.pom (2 KB at 62.2 KB/sec)
[INFO] Downloading: https://repo.maven.apache.org/maven2/org/apache/maven/reporting/maven-reporting-api/2.0.6/maven-reporting-api-2.0.6.pom
[INFO] Downloaded: https://repo.maven.apache.org/maven2/org/apache/maven/reporting/maven-reporting-api/2.0.6/maven-reporting-api-2.0.6.pom (2 KB at 81.5 KB/sec)
[INFO] Downloading: https://repo.maven.apache.org/maven2/org/apache/maven/reporting/maven-reporting/2.0.6/maven-reporting-2.0.6.pom
[INFO] Downloaded: https://repo.maven.apache.org/maven2/org/apache/maven/reporting/maven-reporting/2.0.6/maven-reporting-2.0.6.pom (2 KB at 63.9 KB/sec)
[INFO] Downloading: https://repo.maven.apache.org/maven2/org/apache/maven/doxia/doxia-sink-api/1.0-alpha-7/doxia-sink-api-1.0-alpha-7.pom
[INFO] Downloaded: https://repo.maven.apache.org/maven2/org/apache/maven/doxia/doxia-sink-api/1.0-alpha-7/doxia-sink-api-1.0-alpha-7.pom (424 B at 18.8 KB/sec)
[INFO] Downloading: https://repo.maven.apache.org/maven2/org/apache/maven/doxia/doxia/1.0-alpha-7/doxia-1.0-alpha-7.pom
[INFO] Downloaded: https://repo.maven.apache.org/maven2/org/apache/maven/doxia/doxia/1.0-alpha-7/doxia-1.0-alpha-7.pom (4 KB at 159.2 KB/sec)
[INFO] Downloading: https://repo.maven.apache.org/maven2/org/apache/maven/maven-error-diagnostics/2.0.6/maven-error-diagnostics-2.0.6.pom
[INFO] Downloaded: https://repo.maven.apache.org/maven2/org/apache/maven/maven-error-diagnostics/2.0.6/maven-error-diagnostics-2.0.6.pom (2 KB at 55.5 KB/sec)
[INFO] Downloading: https://repo.maven.apache.org/maven2/commons-cli/commons-cli/1.0/commons-cli-1.0.pom
[INFO] Downloaded: https://repo.maven.apache.org/maven2/commons-cli/commons-cli/1.0/commons-cli-1.0.pom (3 KB at 45.7 KB/sec)
[INFO] Downloading: https://repo.maven.apache.org/maven2/org/apache/maven/maven-plugin-descriptor/2.0.6/maven-plugin-descriptor-2.0.6.pom
[INFO] Downloaded: https://repo.maven.apache.org/maven2/org/apache/maven/maven-plugin-descriptor/2.0.6/maven-plugin-descriptor-2.0.6.pom (2 KB at 89.6 KB/sec)
[INFO] Downloading: https://repo.maven.apache.org/maven2/org/codehaus/plexus/plexus-interactivity-api/1.0-alpha-4/plexus-interactivity-api-1.0-alpha-4.pom
[INFO] Downloaded: https://repo.maven.apache.org/maven2/org/codehaus/plexus/plexus-interactivity-api/1.0-alpha-4/plexus-interactivity-api-1.0-alpha-4.pom (7 KB at 329.8 KB/sec)
[INFO] Downloading: https://repo.maven.apache.org/maven2/org/apache/maven/maven-monitor/2.0.6/maven-monitor-2.0.6.pom
[INFO] Downloaded: https://repo.maven.apache.org/maven2/org/apache/maven/maven-monitor/2.0.6/maven-monitor-2.0.6.pom (2 KB at 36.0 KB/sec)
[INFO] Downloading: https://repo.maven.apache.org/maven2/classworlds/classworlds/1.1/classworlds-1.1.pom
[INFO] Downloaded: https://repo.maven.apache.org/maven2/classworlds/classworlds/1.1/classworlds-1.1.pom (4 KB at 147.5 KB/sec)
[INFO] Downloading: https://repo.maven.apache.org/maven2/org/codehaus/plexus/plexus-utils/2.0.5/plexus-utils-2.0.5.pom
[INFO] Downloaded: https://repo.maven.apache.org/maven2/org/codehaus/plexus/plexus-utils/2.0.5/plexus-utils-2.0.5.pom (4 KB at 81.4 KB/sec)
[INFO] Downloading: https://repo.maven.apache.org/maven2/org/codehaus/plexus/plexus/2.0.6/plexus-2.0.6.pom
[INFO] Downloaded: https://repo.maven.apache.org/maven2/org/codehaus/plexus/plexus/2.0.6/plexus-2.0.6.pom (17 KB at 711.7 KB/sec)
[INFO] Downloading: https://repo.maven.apache.org/maven2/org/apache/maven/shared/maven-filtering/1.1/maven-filtering-1.1.pom
[INFO] Downloaded: https://repo.maven.apache.org/maven2/org/apache/maven/shared/maven-filtering/1.1/maven-filtering-1.1.pom (6 KB at 209.4 KB/sec)
[INFO] Downloading: https://repo.maven.apache.org/maven2/org/apache/maven/shared/maven-shared-components/17/maven-shared-components-17.pom
[INFO] Downloaded: https://repo.maven.apache.org/maven2/org/apache/maven/shared/maven-shared-components/17/maven-shared-components-17.pom (9 KB at 354.1 KB/sec)
[INFO] Downloading: https://repo.maven.apache.org/maven2/org/codehaus/plexus/plexus-utils/1.5.15/plexus-utils-1.5.15.pom
[INFO] Downloaded: https://repo.maven.apache.org/maven2/org/codehaus/plexus/plexus-utils/1.5.15/plexus-utils-1.5.15.pom (7 KB at 185.8 KB/sec)
[INFO] Downloading: https://repo.maven.apache.org/maven2/org/codehaus/plexus/plexus/2.0.2/plexus-2.0.2.pom
[INFO] Downloaded: https://repo.maven.apache.org/maven2/org/codehaus/plexus/plexus/2.0.2/plexus-2.0.2.pom (12 KB at 539.9 KB/sec)
[INFO] Downloading: https://repo.maven.apache.org/maven2/org/codehaus/plexus/plexus-interpolation/1.12/plexus-interpolation-1.12.pom
[INFO] Downloaded: https://repo.maven.apache.org/maven2/org/codehaus/plexus/plexus-interpolation/1.12/plexus-interpolation-1.12.pom (889 B at 37.7 KB/sec)
[INFO] Downloading: https://repo.maven.apache.org/maven2/org/codehaus/plexus/plexus-components/1.1.14/plexus-components-1.1.14.pom
[INFO] Downloaded: https://repo.maven.apache.org/maven2/org/codehaus/plexus/plexus-components/1.1.14/plexus-components-1.1.14.pom (6 KB at 237.7 KB/sec)
[INFO] Downloading: https://repo.maven.apache.org/maven2/org/sonatype/plexus/plexus-build-api/0.0.4/plexus-build-api-0.0.4.pom
[INFO] Downloaded: https://repo.maven.apache.org/maven2/org/sonatype/plexus/plexus-build-api/0.0.4/plexus-build-api-0.0.4.pom (3 KB at 34.1 KB/sec)
[INFO] Downloading: https://repo.maven.apache.org/maven2/org/sonatype/spice/spice-parent/10/spice-parent-10.pom
[INFO] Downloaded: https://repo.maven.apache.org/maven2/org/sonatype/spice/spice-parent/10/spice-parent-10.pom (3 KB at 18.1 KB/sec)
[INFO] Downloading: https://repo.maven.apache.org/maven2/org/sonatype/forge/forge-parent/3/forge-parent-3.pom
[INFO] Downloaded: https://repo.maven.apache.org/maven2/org/sonatype/forge/forge-parent/3/forge-parent-3.pom (5 KB at 213.7 KB/sec)
[INFO] Downloading: https://repo.maven.apache.org/maven2/org/codehaus/plexus/plexus-utils/1.5.8/plexus-utils-1.5.8.pom
[INFO] Downloaded: https://repo.maven.apache.org/maven2/org/codehaus/plexus/plexus-utils/1.5.8/plexus-utils-1.5.8.pom (8 KB at 315.0 KB/sec)
[INFO] Downloading: https://repo.maven.apache.org/maven2/org/codehaus/plexus/plexus-interpolation/1.13/plexus-interpolation-1.13.pom
[INFO] Downloaded: https://repo.maven.apache.org/maven2/org/codehaus/plexus/plexus-interpolation/1.13/plexus-interpolation-1.13.pom (890 B at 33.4 KB/sec)
[INFO] Downloading: https://repo.maven.apache.org/maven2/org/codehaus/plexus/plexus-components/1.1.15/plexus-components-1.1.15.pom
[INFO] Downloaded: https://repo.maven.apache.org/maven2/org/codehaus/plexus/plexus-components/1.1.15/plexus-components-1.1.15.pom (3 KB at 132.4 KB/sec)
[INFO] Downloading: https://repo.maven.apache.org/maven2/org/codehaus/plexus/plexus/2.0.3/plexus-2.0.3.pom
[INFO] Downloaded: https://repo.maven.apache.org/maven2/org/codehaus/plexus/plexus/2.0.3/plexus-2.0.3.pom (16 KB at 656.5 KB/sec)
[INFO] Downloading: https://repo.maven.apache.org/maven2/org/apache/maven/reporting/maven-reporting-api/2.0.6/maven-reporting-api-2.0.6.jar
[INFO] Downloading: https://repo.maven.apache.org/maven2/org/apache/maven/doxia/doxia-sink-api/1.0-alpha-7/doxia-sink-api-1.0-alpha-7.jar
[INFO] Downloading: https://repo.maven.apache.org/maven2/commons-cli/commons-cli/1.0/commons-cli-1.0.jar
[INFO] Downloading: https://repo.maven.apache.org/maven2/org/codehaus/plexus/plexus-interactivity-api/1.0-alpha-4/plexus-interactivity-api-1.0-alpha-4.jar
[INFO] Downloading: https://repo.maven.apache.org/maven2/org/codehaus/plexus/plexus-utils/2.0.5/plexus-utils-2.0.5.jar
[INFO] Downloaded: https://repo.maven.apache.org/maven2/org/apache/maven/reporting/maven-reporting-api/2.0.6/maven-reporting-api-2.0.6.jar (10 KB at 303.4 KB/sec)
[INFO] Downloading: https://repo.maven.apache.org/maven2/org/apache/maven/shared/maven-filtering/1.1/maven-filtering-1.1.jar
[INFO] Downloaded: https://repo.maven.apache.org/maven2/commons-cli/commons-cli/1.0/commons-cli-1.0.jar (30 KB at 1176.4 KB/sec)
[INFO] Downloading: https://repo.maven.apache.org/maven2/org/sonatype/plexus/plexus-build-api/0.0.4/plexus-build-api-0.0.4.jar
[INFO] Downloaded: https://repo.maven.apache.org/maven2/org/apache/maven/doxia/doxia-sink-api/1.0-alpha-7/doxia-sink-api-1.0-alpha-7.jar (6 KB at 141.4 KB/sec)
[INFO] Downloading: https://repo.maven.apache.org/maven2/org/codehaus/plexus/plexus-interpolation/1.13/plexus-interpolation-1.13.jar
[INFO] Downloaded: https://repo.maven.apache.org/maven2/org/apache/maven/shared/maven-filtering/1.1/maven-filtering-1.1.jar (43 KB at 1238.1 KB/sec)
[INFO] Downloaded: https://repo.maven.apache.org/maven2/org/sonatype/plexus/plexus-build-api/0.0.4/plexus-build-api-0.0.4.jar (7 KB at 190.0 KB/sec)
[INFO] Downloaded: https://repo.maven.apache.org/maven2/org/codehaus/plexus/plexus-utils/2.0.5/plexus-utils-2.0.5.jar (218 KB at 5588.2 KB/sec)
[INFO] Downloaded: https://repo.maven.apache.org/maven2/org/codehaus/plexus/plexus-interactivity-api/1.0-alpha-4/plexus-interactivity-api-1.0-alpha-4.jar (14 KB at 256.7 KB/sec)
[INFO] Downloaded: https://repo.maven.apache.org/maven2/org/codehaus/plexus/plexus-interpolation/1.13/plexus-interpolation-1.13.jar (60 KB at 1490.6 KB/sec)
[INFO] Using 'UTF-8' encoding to copy filtered resources.
[INFO] Copying 3 resources
[INFO] 
[INFO] --- maven-compiler-plugin:3.1:compile (default-compile) @ libSBOLj-deprecated ---
[INFO] Downloading: https://repo.maven.apache.org/maven2/org/apache/maven/maven-plugin-api/2.0.9/maven-plugin-api-2.0.9.pom
[INFO] Downloaded: https://repo.maven.apache.org/maven2/org/apache/maven/maven-plugin-api/2.0.9/maven-plugin-api-2.0.9.pom (2 KB at 48.6 KB/sec)
[INFO] Downloading: https://repo.maven.apache.org/maven2/org/apache/maven/maven/2.0.9/maven-2.0.9.pom
[INFO] Downloaded: https://repo.maven.apache.org/maven2/org/apache/maven/maven/2.0.9/maven-2.0.9.pom (19 KB at 879.2 KB/sec)
[INFO] Downloading: https://repo.maven.apache.org/maven2/org/apache/maven/maven-parent/8/maven-parent-8.pom
[INFO] Downloaded: https://repo.maven.apache.org/maven2/org/apache/maven/maven-parent/8/maven-parent-8.pom (24 KB at 942.7 KB/sec)
[INFO] Downloading: https://repo.maven.apache.org/maven2/org/apache/maven/maven-artifact/2.0.9/maven-artifact-2.0.9.pom
[INFO] Downloaded: https://repo.maven.apache.org/maven2/org/apache/maven/maven-artifact/2.0.9/maven-artifact-2.0.9.pom (2 KB at 58.6 KB/sec)
[INFO] Downloading: https://repo.maven.apache.org/maven2/org/codehaus/plexus/plexus-utils/1.5.1/plexus-utils-1.5.1.pom
[INFO] Downloaded: https://repo.maven.apache.org/maven2/org/codehaus/plexus/plexus-utils/1.5.1/plexus-utils-1.5.1.pom (3 KB at 80.1 KB/sec)
[INFO] Downloading: https://repo.maven.apache.org/maven2/org/apache/maven/maven-core/2.0.9/maven-core-2.0.9.pom
[INFO] Downloaded: https://repo.maven.apache.org/maven2/org/apache/maven/maven-core/2.0.9/maven-core-2.0.9.pom (8 KB at 362.0 KB/sec)
[INFO] Downloading: https://repo.maven.apache.org/maven2/org/apache/maven/maven-settings/2.0.9/maven-settings-2.0.9.pom
[INFO] Downloaded: https://repo.maven.apache.org/maven2/org/apache/maven/maven-settings/2.0.9/maven-settings-2.0.9.pom (3 KB at 54.3 KB/sec)
[INFO] Downloading: https://repo.maven.apache.org/maven2/org/apache/maven/maven-model/2.0.9/maven-model-2.0.9.pom
[INFO] Downloaded: https://repo.maven.apache.org/maven2/org/apache/maven/maven-model/2.0.9/maven-model-2.0.9.pom (4 KB at 59.0 KB/sec)
[INFO] Downloading: https://repo.maven.apache.org/maven2/org/apache/maven/maven-plugin-parameter-documenter/2.0.9/maven-plugin-parameter-documenter-2.0.9.pom
[INFO] Downloaded: https://repo.maven.apache.org/maven2/org/apache/maven/maven-plugin-parameter-documenter/2.0.9/maven-plugin-parameter-documenter-2.0.9.pom (2 KB at 91.3 KB/sec)
[INFO] Downloading: https://repo.maven.apache.org/maven2/org/apache/maven/maven-profile/2.0.9/maven-profile-2.0.9.pom
[INFO] Downloaded: https://repo.maven.apache.org/maven2/org/apache/maven/maven-profile/2.0.9/maven-profile-2.0.9.pom (3 KB at 87.0 KB/sec)
[INFO] Downloading: https://repo.maven.apache.org/maven2/org/apache/maven/maven-repository-metadata/2.0.9/maven-repository-metadata-2.0.9.pom
[INFO] Downloaded: https://repo.maven.apache.org/maven2/org/apache/maven/maven-repository-metadata/2.0.9/maven-repository-metadata-2.0.9.pom (2 KB at 88.4 KB/sec)
[INFO] Downloading: https://repo.maven.apache.org/maven2/org/apache/maven/maven-error-diagnostics/2.0.9/maven-error-diagnostics-2.0.9.pom
[INFO] Downloaded: https://repo.maven.apache.org/maven2/org/apache/maven/maven-error-diagnostics/2.0.9/maven-error-diagnostics-2.0.9.pom (2 KB at 74.0 KB/sec)
[INFO] Downloading: https://repo.maven.apache.org/maven2/org/apache/maven/maven-project/2.0.9/maven-project-2.0.9.pom
[INFO] Downloaded: https://repo.maven.apache.org/maven2/org/apache/maven/maven-project/2.0.9/maven-project-2.0.9.pom (3 KB at 77.8 KB/sec)
[INFO] Downloading: https://repo.maven.apache.org/maven2/org/apache/maven/maven-artifact-manager/2.0.9/maven-artifact-manager-2.0.9.pom
[INFO] Downloaded: https://repo.maven.apache.org/maven2/org/apache/maven/maven-artifact-manager/2.0.9/maven-artifact-manager-2.0.9.pom (3 KB at 105.5 KB/sec)
[INFO] Downloading: https://repo.maven.apache.org/maven2/org/apache/maven/maven-plugin-registry/2.0.9/maven-plugin-registry-2.0.9.pom
[INFO] Downloaded: https://repo.maven.apache.org/maven2/org/apache/maven/maven-plugin-registry/2.0.9/maven-plugin-registry-2.0.9.pom (2 KB at 91.7 KB/sec)
[INFO] Downloading: https://repo.maven.apache.org/maven2/org/apache/maven/maven-plugin-descriptor/2.0.9/maven-plugin-descriptor-2.0.9.pom
[INFO] Downloaded: https://repo.maven.apache.org/maven2/org/apache/maven/maven-plugin-descriptor/2.0.9/maven-plugin-descriptor-2.0.9.pom (3 KB at 75.1 KB/sec)
[INFO] Downloading: https://repo.maven.apache.org/maven2/org/apache/maven/maven-monitor/2.0.9/maven-monitor-2.0.9.pom
[INFO] Downloaded: https://repo.maven.apache.org/maven2/org/apache/maven/maven-monitor/2.0.9/maven-monitor-2.0.9.pom (2 KB at 54.6 KB/sec)
[INFO] Downloading: https://repo.maven.apache.org/maven2/org/apache/maven/maven-toolchain/1.0/maven-toolchain-1.0.pom
[INFO] Downloaded: https://repo.maven.apache.org/maven2/org/apache/maven/maven-toolchain/1.0/maven-toolchain-1.0.pom (4 KB at 111.1 KB/sec)
[INFO] Downloading: https://repo.maven.apache.org/maven2/org/apache/maven/shared/maven-shared-utils/0.1/maven-shared-utils-0.1.pom
[INFO] Downloaded: https://repo.maven.apache.org/maven2/org/apache/maven/shared/maven-shared-utils/0.1/maven-shared-utils-0.1.pom (4 KB at 146.4 KB/sec)
[INFO] Downloading: https://repo.maven.apache.org/maven2/org/apache/maven/shared/maven-shared-components/18/maven-shared-components-18.pom
[INFO] Downloaded: https://repo.maven.apache.org/maven2/org/apache/maven/shared/maven-shared-components/18/maven-shared-components-18.pom (5 KB at 229.4 KB/sec)
[INFO] Downloading: https://repo.maven.apache.org/maven2/org/apache/maven/shared/maven-shared-incremental/1.1/maven-shared-incremental-1.1.pom
[INFO] Downloaded: https://repo.maven.apache.org/maven2/org/apache/maven/shared/maven-shared-incremental/1.1/maven-shared-incremental-1.1.pom (5 KB at 220.5 KB/sec)
[INFO] Downloading: https://repo.maven.apache.org/maven2/org/apache/maven/shared/maven-shared-components/19/maven-shared-components-19.pom
[INFO] Downloaded: https://repo.maven.apache.org/maven2/org/apache/maven/shared/maven-shared-components/19/maven-shared-components-19.pom (7 KB at 310.5 KB/sec)
[INFO] Downloading: https://repo.maven.apache.org/maven2/org/apache/maven/maven-plugin-api/2.2.1/maven-plugin-api-2.2.1.pom
[INFO] Downloaded: https://repo.maven.apache.org/maven2/org/apache/maven/maven-plugin-api/2.2.1/maven-plugin-api-2.2.1.pom (2 KB at 67.8 KB/sec)
[INFO] Downloading: https://repo.maven.apache.org/maven2/org/apache/maven/maven/2.2.1/maven-2.2.1.pom
[INFO] Downloaded: https://repo.maven.apache.org/maven2/org/apache/maven/maven/2.2.1/maven-2.2.1.pom (22 KB at 875.4 KB/sec)
[INFO] Downloading: https://repo.maven.apache.org/maven2/org/apache/maven/maven-parent/11/maven-parent-11.pom
[INFO] Downloaded: https://repo.maven.apache.org/maven2/org/apache/maven/maven-parent/11/maven-parent-11.pom (32 KB at 1020.9 KB/sec)
[INFO] Downloading: https://repo.maven.apache.org/maven2/org/apache/apache/5/apache-5.pom
[INFO] Downloaded: https://repo.maven.apache.org/maven2/org/apache/apache/5/apache-5.pom (5 KB at 190.5 KB/sec)
[INFO] Downloading: https://repo.maven.apache.org/maven2/org/apache/maven/maven-core/2.2.1/maven-core-2.2.1.pom
[INFO] Downloaded: https://repo.maven.apache.org/maven2/org/apache/maven/maven-core/2.2.1/maven-core-2.2.1.pom (12 KB at 541.0 KB/sec)
[INFO] Downloading: https://repo.maven.apache.org/maven2/org/apache/maven/maven-settings/2.2.1/maven-settings-2.2.1.pom
[INFO] Downloaded: https://repo.maven.apache.org/maven2/org/apache/maven/maven-settings/2.2.1/maven-settings-2.2.1.pom (3 KB at 68.6 KB/sec)
[INFO] Downloading: https://repo.maven.apache.org/maven2/org/apache/maven/maven-model/2.2.1/maven-model-2.2.1.pom
[INFO] Downloaded: https://repo.maven.apache.org/maven2/org/apache/maven/maven-model/2.2.1/maven-model-2.2.1.pom (4 KB at 93.1 KB/sec)
[INFO] Downloading: https://repo.maven.apache.org/maven2/org/codehaus/plexus/plexus-interpolation/1.11/plexus-interpolation-1.11.pom
[INFO] Downloaded: https://repo.maven.apache.org/maven2/org/codehaus/plexus/plexus-interpolation/1.11/plexus-interpolation-1.11.pom (889 B at 41.3 KB/sec)
[INFO] Downloading: https://repo.maven.apache.org/maven2/org/apache/maven/maven-plugin-parameter-documenter/2.2.1/maven-plugin-parameter-documenter-2.2.1.pom
[INFO] Downloaded: https://repo.maven.apache.org/maven2/org/apache/maven/maven-plugin-parameter-documenter/2.2.1/maven-plugin-parameter-documenter-2.2.1.pom (2 KB at 91.0 KB/sec)
[INFO] Downloading: https://repo.maven.apache.org/maven2/org/slf4j/slf4j-jdk14/1.5.6/slf4j-jdk14-1.5.6.pom
[INFO] Downloaded: https://repo.maven.apache.org/maven2/org/slf4j/slf4j-jdk14/1.5.6/slf4j-jdk14-1.5.6.pom (2 KB at 88.3 KB/sec)
[INFO] Downloading: https://repo.maven.apache.org/maven2/org/slf4j/slf4j-parent/1.5.6/slf4j-parent-1.5.6.pom
[INFO] Downloaded: https://repo.maven.apache.org/maven2/org/slf4j/slf4j-parent/1.5.6/slf4j-parent-1.5.6.pom (8 KB at 368.3 KB/sec)
[INFO] Downloading: https://repo.maven.apache.org/maven2/org/slf4j/slf4j-api/1.5.6/slf4j-api-1.5.6.pom
[INFO] Downloaded: https://repo.maven.apache.org/maven2/org/slf4j/slf4j-api/1.5.6/slf4j-api-1.5.6.pom (3 KB at 126.7 KB/sec)
[INFO] Downloading: https://repo.maven.apache.org/maven2/org/slf4j/jcl-over-slf4j/1.5.6/jcl-over-slf4j-1.5.6.pom
[INFO] Downloaded: https://repo.maven.apache.org/maven2/org/slf4j/jcl-over-slf4j/1.5.6/jcl-over-slf4j-1.5.6.pom (3 KB at 84.7 KB/sec)
[INFO] Downloading: https://repo.maven.apache.org/maven2/org/apache/maven/maven-profile/2.2.1/maven-profile-2.2.1.pom
[INFO] Downloaded: https://repo.maven.apache.org/maven2/org/apache/maven/maven-profile/2.2.1/maven-profile-2.2.1.pom (3 KB at 75.7 KB/sec)
[INFO] Downloading: https://repo.maven.apache.org/maven2/org/apache/maven/maven-artifact/2.2.1/maven-artifact-2.2.1.pom
[INFO] Downloaded: https://repo.maven.apache.org/maven2/org/apache/maven/maven-artifact/2.2.1/maven-artifact-2.2.1.pom (2 KB at 67.1 KB/sec)
[INFO] Downloading: https://repo.maven.apache.org/maven2/org/apache/maven/maven-repository-metadata/2.2.1/maven-repository-metadata-2.2.1.pom
[INFO] Downloaded: https://repo.maven.apache.org/maven2/org/apache/maven/maven-repository-metadata/2.2.1/maven-repository-metadata-2.2.1.pom (2 KB at 87.0 KB/sec)
[INFO] Downloading: https://repo.maven.apache.org/maven2/org/apache/maven/maven-error-diagnostics/2.2.1/maven-error-diagnostics-2.2.1.pom
[INFO] Downloaded: https://repo.maven.apache.org/maven2/org/apache/maven/maven-error-diagnostics/2.2.1/maven-error-diagnostics-2.2.1.pom (2 KB at 79.4 KB/sec)
[INFO] Downloading: https://repo.maven.apache.org/maven2/org/apache/maven/maven-project/2.2.1/maven-project-2.2.1.pom
[INFO] Downloaded: https://repo.maven.apache.org/maven2/org/apache/maven/maven-project/2.2.1/maven-project-2.2.1.pom (3 KB at 96.7 KB/sec)
[INFO] Downloading: https://repo.maven.apache.org/maven2/org/apache/maven/maven-artifact-manager/2.2.1/maven-artifact-manager-2.2.1.pom
[INFO] Downloaded: https://repo.maven.apache.org/maven2/org/apache/maven/maven-artifact-manager/2.2.1/maven-artifact-manager-2.2.1.pom (4 KB at 144.3 KB/sec)
[INFO] Downloading: https://repo.maven.apache.org/maven2/backport-util-concurrent/backport-util-concurrent/3.1/backport-util-concurrent-3.1.pom
[INFO] Downloaded: https://repo.maven.apache.org/maven2/backport-util-concurrent/backport-util-concurrent/3.1/backport-util-concurrent-3.1.pom (880 B at 39.1 KB/sec)
[INFO] Downloading: https://repo.maven.apache.org/maven2/org/apache/maven/maven-plugin-registry/2.2.1/maven-plugin-registry-2.2.1.pom
[INFO] Downloaded: https://repo.maven.apache.org/maven2/org/apache/maven/maven-plugin-registry/2.2.1/maven-plugin-registry-2.2.1.pom (2 KB at 89.7 KB/sec)
[INFO] Downloading: https://repo.maven.apache.org/maven2/org/apache/maven/maven-plugin-descriptor/2.2.1/maven-plugin-descriptor-2.2.1.pom
[INFO] Downloaded: https://repo.maven.apache.org/maven2/org/apache/maven/maven-plugin-descriptor/2.2.1/maven-plugin-descriptor-2.2.1.pom (3 KB at 96.0 KB/sec)
[INFO] Downloading: https://repo.maven.apache.org/maven2/org/apache/maven/maven-monitor/2.2.1/maven-monitor-2.2.1.pom
[INFO] Downloaded: https://repo.maven.apache.org/maven2/org/apache/maven/maven-monitor/2.2.1/maven-monitor-2.2.1.pom (2 KB at 49.1 KB/sec)
[INFO] Downloading: https://repo.maven.apache.org/maven2/org/sonatype/plexus/plexus-sec-dispatcher/1.3/plexus-sec-dispatcher-1.3.pom
[INFO] Downloaded: https://repo.maven.apache.org/maven2/org/sonatype/plexus/plexus-sec-dispatcher/1.3/plexus-sec-dispatcher-1.3.pom (3 KB at 137.7 KB/sec)
[INFO] Downloading: https://repo.maven.apache.org/maven2/org/codehaus/plexus/plexus-utils/1.5.5/plexus-utils-1.5.5.pom
[INFO] Downloaded: https://repo.maven.apache.org/maven2/org/codehaus/plexus/plexus-utils/1.5.5/plexus-utils-1.5.5.pom (6 KB at 239.4 KB/sec)
[INFO] Downloading: https://repo.maven.apache.org/maven2/org/sonatype/plexus/plexus-cipher/1.4/plexus-cipher-1.4.pom
[INFO] Downloaded: https://repo.maven.apache.org/maven2/org/sonatype/plexus/plexus-cipher/1.4/plexus-cipher-1.4.pom (3 KB at 61.1 KB/sec)
[INFO] Downloading: https://repo.maven.apache.org/maven2/org/codehaus/plexus/plexus-component-annotations/1.5.5/plexus-component-annotations-1.5.5.pom
[INFO] Downloaded: https://repo.maven.apache.org/maven2/org/codehaus/plexus/plexus-component-annotations/1.5.5/plexus-component-annotations-1.5.5.pom (815 B at 37.9 KB/sec)
[INFO] Downloading: https://repo.maven.apache.org/maven2/org/codehaus/plexus/plexus-containers/1.5.5/plexus-containers-1.5.5.pom
[INFO] Downloaded: https://repo.maven.apache.org/maven2/org/codehaus/plexus/plexus-containers/1.5.5/plexus-containers-1.5.5.pom (5 KB at 180.0 KB/sec)
[INFO] Downloading: https://repo.maven.apache.org/maven2/org/codehaus/plexus/plexus/2.0.7/plexus-2.0.7.pom
[INFO] Downloaded: https://repo.maven.apache.org/maven2/org/codehaus/plexus/plexus/2.0.7/plexus-2.0.7.pom (17 KB at 544.8 KB/sec)
[INFO] Downloading: https://repo.maven.apache.org/maven2/org/codehaus/plexus/plexus-compiler-api/2.2/plexus-compiler-api-2.2.pom
[INFO] Downloaded: https://repo.maven.apache.org/maven2/org/codehaus/plexus/plexus-compiler-api/2.2/plexus-compiler-api-2.2.pom (865 B at 38.4 KB/sec)
[INFO] Downloading: https://repo.maven.apache.org/maven2/org/codehaus/plexus/plexus-compiler/2.2/plexus-compiler-2.2.pom
[INFO] Downloaded: https://repo.maven.apache.org/maven2/org/codehaus/plexus/plexus-compiler/2.2/plexus-compiler-2.2.pom (4 KB at 75.1 KB/sec)
[INFO] Downloading: https://repo.maven.apache.org/maven2/org/codehaus/plexus/plexus-components/1.3.1/plexus-components-1.3.1.pom
[INFO] Downloaded: https://repo.maven.apache.org/maven2/org/codehaus/plexus/plexus-components/1.3.1/plexus-components-1.3.1.pom (3 KB at 130.1 KB/sec)
[INFO] Downloading: https://repo.maven.apache.org/maven2/org/codehaus/plexus/plexus/3.3.1/plexus-3.3.1.pom
[INFO] Downloaded: https://repo.maven.apache.org/maven2/org/codehaus/plexus/plexus/3.3.1/plexus-3.3.1.pom (20 KB at 950.8 KB/sec)
[INFO] Downloading: https://repo.maven.apache.org/maven2/org/codehaus/plexus/plexus-compiler-manager/2.2/plexus-compiler-manager-2.2.pom
[INFO] Downloaded: https://repo.maven.apache.org/maven2/org/codehaus/plexus/plexus-compiler-manager/2.2/plexus-compiler-manager-2.2.pom (690 B at 30.6 KB/sec)
[INFO] Downloading: https://repo.maven.apache.org/maven2/org/codehaus/plexus/plexus-compiler-javac/2.2/plexus-compiler-javac-2.2.pom
[INFO] Downloaded: https://repo.maven.apache.org/maven2/org/codehaus/plexus/plexus-compiler-javac/2.2/plexus-compiler-javac-2.2.pom (769 B at 15.6 KB/sec)
[INFO] Downloading: https://repo.maven.apache.org/maven2/org/codehaus/plexus/plexus-compilers/2.2/plexus-compilers-2.2.pom
[INFO] Downloaded: https://repo.maven.apache.org/maven2/org/codehaus/plexus/plexus-compilers/2.2/plexus-compilers-2.2.pom (2 KB at 57.7 KB/sec)
[INFO] Downloading: https://repo.maven.apache.org/maven2/org/codehaus/plexus/plexus-container-default/1.5.5/plexus-container-default-1.5.5.pom
[INFO] Downloaded: https://repo.maven.apache.org/maven2/org/codehaus/plexus/plexus-container-default/1.5.5/plexus-container-default-1.5.5.pom (3 KB at 128.1 KB/sec)
[INFO] Downloading: https://repo.maven.apache.org/maven2/org/codehaus/plexus/plexus-utils/1.4.5/plexus-utils-1.4.5.pom
[INFO] Downloaded: https://repo.maven.apache.org/maven2/org/codehaus/plexus/plexus-utils/1.4.5/plexus-utils-1.4.5.pom (3 KB at 71.4 KB/sec)
[INFO] Downloading: https://repo.maven.apache.org/maven2/org/codehaus/plexus/plexus-classworlds/2.2.2/plexus-classworlds-2.2.2.pom
[INFO] Downloaded: https://repo.maven.apache.org/maven2/org/codehaus/plexus/plexus-classworlds/2.2.2/plexus-classworlds-2.2.2.pom (4 KB at 179.0 KB/sec)
[INFO] Downloading: https://repo.maven.apache.org/maven2/org/apache/xbean/xbean-reflect/3.4/xbean-reflect-3.4.pom
[INFO] Downloaded: https://repo.maven.apache.org/maven2/org/apache/xbean/xbean-reflect/3.4/xbean-reflect-3.4.pom (3 KB at 124.7 KB/sec)
[INFO] Downloading: https://repo.maven.apache.org/maven2/org/apache/xbean/xbean/3.4/xbean-3.4.pom
[INFO] Downloaded: https://repo.maven.apache.org/maven2/org/apache/xbean/xbean/3.4/xbean-3.4.pom (19 KB at 822.6 KB/sec)
[INFO] Downloading: https://repo.maven.apache.org/maven2/log4j/log4j/1.2.12/log4j-1.2.12.pom
[INFO] Downloaded: https://repo.maven.apache.org/maven2/log4j/log4j/1.2.12/log4j-1.2.12.pom (145 B at 6.7 KB/sec)
[INFO] Downloading: https://repo.maven.apache.org/maven2/commons-logging/commons-logging-api/1.1/commons-logging-api-1.1.pom
[INFO] Downloaded: https://repo.maven.apache.org/maven2/commons-logging/commons-logging-api/1.1/commons-logging-api-1.1.pom (6 KB at 200.8 KB/sec)
[INFO] Downloading: https://repo.maven.apache.org/maven2/com/google/collections/google-collections/1.0/google-collections-1.0.pom
[INFO] Downloaded: https://repo.maven.apache.org/maven2/com/google/collections/google-collections/1.0/google-collections-1.0.pom (3 KB at 110.0 KB/sec)
[INFO] Downloading: https://repo.maven.apache.org/maven2/junit/junit/3.8.2/junit-3.8.2.pom
[INFO] Downloaded: https://repo.maven.apache.org/maven2/junit/junit/3.8.2/junit-3.8.2.pom (747 B at 34.7 KB/sec)
[INFO] Downloading: https://repo.maven.apache.org/maven2/org/codehaus/plexus/plexus-utils/1.5.1/plexus-utils-1.5.1.jar
[INFO] Downloading: https://repo.maven.apache.org/maven2/org/apache/maven/shared/maven-shared-utils/0.1/maven-shared-utils-0.1.jar
[INFO] Downloading: https://repo.maven.apache.org/maven2/org/apache/maven/shared/maven-shared-incremental/1.1/maven-shared-incremental-1.1.jar
[INFO] Downloading: https://repo.maven.apache.org/maven2/org/codehaus/plexus/plexus-component-annotations/1.5.5/plexus-component-annotations-1.5.5.jar
[INFO] Downloading: https://repo.maven.apache.org/maven2/org/codehaus/plexus/plexus-compiler-api/2.2/plexus-compiler-api-2.2.jar
[INFO] Downloaded: https://repo.maven.apache.org/maven2/org/apache/maven/shared/maven-shared-incremental/1.1/maven-shared-incremental-1.1.jar (14 KB at 388.8 KB/sec)
[INFO] Downloading: https://repo.maven.apache.org/maven2/org/codehaus/plexus/plexus-compiler-manager/2.2/plexus-compiler-manager-2.2.jar
[INFO] Downloaded: https://repo.maven.apache.org/maven2/org/codehaus/plexus/plexus-component-annotations/1.5.5/plexus-component-annotations-1.5.5.jar (5 KB at 121.0 KB/sec)
[INFO] Downloading: https://repo.maven.apache.org/maven2/org/codehaus/plexus/plexus-compiler-javac/2.2/plexus-compiler-javac-2.2.jar
[INFO] Downloaded: https://repo.maven.apache.org/maven2/org/codehaus/plexus/plexus-compiler-api/2.2/plexus-compiler-api-2.2.jar (25 KB at 519.2 KB/sec)
[INFO] Downloading: https://repo.maven.apache.org/maven2/org/apache/xbean/xbean-reflect/3.4/xbean-reflect-3.4.jar
[INFO] Downloaded: https://repo.maven.apache.org/maven2/org/apache/maven/shared/maven-shared-utils/0.1/maven-shared-utils-0.1.jar (151 KB at 3017.9 KB/sec)
[INFO] Downloading: https://repo.maven.apache.org/maven2/log4j/log4j/1.2.12/log4j-1.2.12.jar
[INFO] Downloaded: https://repo.maven.apache.org/maven2/org/codehaus/plexus/plexus-utils/1.5.1/plexus-utils-1.5.1.jar (206 KB at 3956.6 KB/sec)
[INFO] Downloading: https://repo.maven.apache.org/maven2/commons-logging/commons-logging-api/1.1/commons-logging-api-1.1.jar
[INFO] Downloaded: https://repo.maven.apache.org/maven2/org/codehaus/plexus/plexus-compiler-manager/2.2/plexus-compiler-manager-2.2.jar (5 KB at 75.5 KB/sec)
[INFO] Downloading: https://repo.maven.apache.org/maven2/com/google/collections/google-collections/1.0/google-collections-1.0.jar
[INFO] Downloaded: https://repo.maven.apache.org/maven2/org/codehaus/plexus/plexus-compiler-javac/2.2/plexus-compiler-javac-2.2.jar (19 KB at 268.5 KB/sec)
[INFO] Downloading: https://repo.maven.apache.org/maven2/junit/junit/3.8.2/junit-3.8.2.jar
[INFO] Downloaded: https://repo.maven.apache.org/maven2/org/apache/xbean/xbean-reflect/3.4/xbean-reflect-3.4.jar (131 KB at 1790.3 KB/sec)
[INFO] Downloaded: https://repo.maven.apache.org/maven2/commons-logging/commons-logging-api/1.1/commons-logging-api-1.1.jar (44 KB at 551.3 KB/sec)
[INFO] Downloaded: https://repo.maven.apache.org/maven2/log4j/log4j/1.2.12/log4j-1.2.12.jar (350 KB at 3801.0 KB/sec)
[INFO] Downloaded: https://repo.maven.apache.org/maven2/junit/junit/3.8.2/junit-3.8.2.jar (118 KB at 1266.8 KB/sec)
[INFO] Downloaded: https://repo.maven.apache.org/maven2/com/google/collections/google-collections/1.0/google-collections-1.0.jar (625 KB at 4429.8 KB/sec)
[INFO] Changes detected - recompiling the module!
[INFO] Compiling 55 source files to /home/travis/build/SynBioDex/libSBOLj/core/target/classes
[WARNING] /home/travis/build/SynBioDex/libSBOLj/core/src/main/java/org/sbolstandard/core/SBOLObject.java:[27,37] org.sbolstandard.core.SBOLVisitable in org.sbolstandard.core has been deprecated
[WARNING] /home/travis/build/SynBioDex/libSBOLj/core/src/main/java/org/sbolstandard/core/SBOLNamedObject.java:[9,42] org.sbolstandard.core.SBOLObject in org.sbolstandard.core has been deprecated
[WARNING] /home/travis/build/SynBioDex/libSBOLj/core/src/main/java/org/sbolstandard/core/Collection.java:[32,37] org.sbolstandard.core.SBOLNamedObject in org.sbolstandard.core has been deprecated
[WARNING] /home/travis/build/SynBioDex/libSBOLj/core/src/main/java/org/sbolstandard/core/SBOLRootObject.java:[25,41] org.sbolstandard.core.SBOLObject in org.sbolstandard.core has been deprecated
[WARNING] /home/travis/build/SynBioDex/libSBOLj/core/src/main/java/org/sbolstandard/core/Collection.java:[32,54] org.sbolstandard.core.SBOLRootObject in org.sbolstandard.core has been deprecated
[WARNING] /home/travis/build/SynBioDex/libSBOLj/core/src/main/java/org/sbolstandard/core/util/SBOLObjectCollector.java:[23,29] org.sbolstandard.core.Collection in org.sbolstandard.core has been deprecated
[WARNING] /home/travis/build/SynBioDex/libSBOLj/core/src/main/java/org/sbolstandard/core/util/SBOLObjectCollector.java:[24,29] org.sbolstandard.core.DnaComponent in org.sbolstandard.core has been deprecated
[WARNING] /home/travis/build/SynBioDex/libSBOLj/core/src/main/java/org/sbolstandard/core/util/SBOLObjectCollector.java:[25,29] org.sbolstandard.core.DnaSequence in org.sbolstandard.core has been deprecated
[WARNING] /home/travis/build/SynBioDex/libSBOLj/core/src/main/java/org/sbolstandard/core/util/SBOLObjectCollector.java:[26,29] org.sbolstandard.core.SBOLObject in org.sbolstandard.core has been deprecated
[WARNING] /home/travis/build/SynBioDex/libSBOLj/core/src/main/java/org/sbolstandard/core/util/SBOLObjectCollector.java:[27,29] org.sbolstandard.core.SBOLVisitable in org.sbolstandard.core has been deprecated
[WARNING] /home/travis/build/SynBioDex/libSBOLj/core/src/main/java/org/sbolstandard/core/util/SBOLObjectCollector.java:[28,29] org.sbolstandard.core.SequenceAnnotation in org.sbolstandard.core has been deprecated
[WARNING] /home/travis/build/SynBioDex/libSBOLj/core/src/main/java/org/sbolstandard/core/util/SBOLBaseVisitor.java:[18,29] org.sbolstandard.core.Collection in org.sbolstandard.core has been deprecated
[WARNING] /home/travis/build/SynBioDex/libSBOLj/core/src/main/java/org/sbolstandard/core/util/SBOLBaseVisitor.java:[19,29] org.sbolstandard.core.DnaComponent in org.sbolstandard.core has been deprecated
[WARNING] /home/travis/build/SynBioDex/libSBOLj/core/src/main/java/org/sbolstandard/core/util/SBOLBaseVisitor.java:[20,29] org.sbolstandard.core.DnaSequence in org.sbolstandard.core has been deprecated
[WARNING] /home/travis/build/SynBioDex/libSBOLj/core/src/main/java/org/sbolstandard/core/util/SBOLBaseVisitor.java:[21,29] org.sbolstandard.core.SBOLDocument in org.sbolstandard.core has been deprecated
[WARNING] /home/travis/build/SynBioDex/libSBOLj/core/src/main/java/org/sbolstandard/core/util/SBOLBaseVisitor.java:[22,29] org.sbolstandard.core.SBOLRootObject in org.sbolstandard.core has been deprecated
[WARNING] /home/travis/build/SynBioDex/libSBOLj/core/src/main/java/org/sbolstandard/core/util/SBOLBaseVisitor.java:[23,29] org.sbolstandard.core.SBOLVisitor in org.sbolstandard.core has been deprecated
[WARNING] /home/travis/build/SynBioDex/libSBOLj/core/src/main/java/org/sbolstandard/core/util/SBOLBaseVisitor.java:[24,29] org.sbolstandard.core.SequenceAnnotation in org.sbolstandard.core has been deprecated
[WARNING] /home/travis/build/SynBioDex/libSBOLj/core/src/main/java/org/sbolstandard/core/util/SBOLBaseVisitor.java:[35,62] org.sbolstandard.core.SBOLVisitor in org.sbolstandard.core has been deprecated
[WARNING] /home/travis/build/SynBioDex/libSBOLj/core/src/main/java/org/sbolstandard/core/util/SBOLObjectCollector.java:[62,48] org.sbolstandard.core.util.SBOLBaseVisitor in org.sbolstandard.core.util has been deprecated
[WARNING] /home/travis/build/SynBioDex/libSBOLj/core/src/main/java/org/sbolstandard/core/impl/MergeIdentical.java:[11,43] org.sbolstandard.core.Merger in org.sbolstandard.core has been deprecated
[WARNING] /home/travis/build/SynBioDex/libSBOLj/core/src/main/java/org/sbolstandard/core/UriResolver.java:[11,60] org.sbolstandard.core.Resolver in org.sbolstandard.core has been deprecated
[WARNING] /home/travis/build/SynBioDex/libSBOLj/core/src/main/java/org/sbolstandard/core/cli/SBOLValidate.java:[21,29] org.sbolstandard.core.SBOLDocument in org.sbolstandard.core has been deprecated
[WARNING] /home/travis/build/SynBioDex/libSBOLj/core/src/main/java/org/sbolstandard/core/impl/SBOLValidatorImpl.java:[26,34] org.sbolstandard.core.util.SBOLBaseVisitor in org.sbolstandard.core.util has been deprecated
[WARNING] /home/travis/build/SynBioDex/libSBOLj/core/src/main/java/org/sbolstandard/core/impl/SBOLValidatorImpl.java:[28,43] org.sbolstandard.core.SBOLValidator in org.sbolstandard.core has been deprecated
[WARNING] /home/travis/build/SynBioDex/libSBOLj/core/src/main/java/org/sbolstandard/core/impl/SBOLValidatorImpl.java:[51,48] org.sbolstandard.core.util.SBOLBaseVisitor in org.sbolstandard.core.util has been deprecated
[WARNING] /home/travis/build/SynBioDex/libSBOLj/core/src/main/java/org/sbolstandard/core/impl/SBOLValidatorImpl.java:[51,64] org.sbolstandard.core.SBOLValidationException in org.sbolstandard.core has been deprecated
[WARNING] /home/travis/build/SynBioDex/libSBOLj/core/src/main/java/org/sbolstandard/core/impl/AbstractMerger.java:[3,29] org.sbolstandard.core.Merger in org.sbolstandard.core has been deprecated
[WARNING] /home/travis/build/SynBioDex/libSBOLj/core/src/main/java/org/sbolstandard/core/impl/AbstractMerger.java:[4,29] org.sbolstandard.core.MergerException in org.sbolstandard.core has been deprecated
[WARNING] /home/travis/build/SynBioDex/libSBOLj/core/src/main/java/org/sbolstandard/core/impl/AbstractMerger.java:[13,52] org.sbolstandard.core.Merger in org.sbolstandard.core has been deprecated
[WARNING] /home/travis/build/SynBioDex/libSBOLj/core/src/main/java/org/sbolstandard/core/impl/DnaComponentMerger.java:[13,65] org.sbolstandard.core.DnaComponent in org.sbolstandard.core has been deprecated
[WARNING] /home/travis/build/SynBioDex/libSBOLj/core/src/main/java/org/sbolstandard/core/util/SBOLDeepEquality.java:[20,29] org.sbolstandard.core.Collection in org.sbolstandard.core has been deprecated
[WARNING] /home/travis/build/SynBioDex/libSBOLj/core/src/main/java/org/sbolstandard/core/util/SBOLDeepEquality.java:[21,29] org.sbolstandard.core.DnaComponent in org.sbolstandard.core has been deprecated
[WARNING] /home/travis/build/SynBioDex/libSBOLj/core/src/main/java/org/sbolstandard/core/util/SBOLDeepEquality.java:[22,29] org.sbolstandard.core.DnaSequence in org.sbolstandard.core has been deprecated
[WARNING] /home/travis/build/SynBioDex/libSBOLj/core/src/main/java/org/sbolstandard/core/util/SBOLDeepEquality.java:[23,29] org.sbolstandard.core.SBOLDocument in org.sbolstandard.core has been deprecated
[WARNING] /home/travis/build/SynBioDex/libSBOLj/core/src/main/java/org/sbolstandard/core/util/SBOLDeepEquality.java:[24,29] org.sbolstandard.core.SBOLRootObject in org.sbolstandard.core has been deprecated
[WARNING] /home/travis/build/SynBioDex/libSBOLj/core/src/main/java/org/sbolstandard/core/util/SBOLDeepEquality.java:[25,29] org.sbolstandard.core.SBOLVisitable in org.sbolstandard.core has been deprecated
[WARNING] /home/travis/build/SynBioDex/libSBOLj/core/src/main/java/org/sbolstandard/core/util/SBOLDeepEquality.java:[26,29] org.sbolstandard.core.SequenceAnnotation in org.sbolstandard.core has been deprecated
[WARNING] /home/travis/build/SynBioDex/libSBOLj/core/src/main/java/org/sbolstandard/core/util/SBOLDeepEquality.java:[73,52] org.sbolstandard.core.util.SBOLBaseVisitor in org.sbolstandard.core.util has been deprecated
[WARNING] /home/travis/build/SynBioDex/libSBOLj/core/src/main/java/org/sbolstandard/core/impl/DnaComponentImpl.java:[30,29] org.sbolstandard.core.DnaComponent in org.sbolstandard.core has been deprecated
[WARNING] /home/travis/build/SynBioDex/libSBOLj/core/src/main/java/org/sbolstandard/core/impl/DnaComponentImpl.java:[31,29] org.sbolstandard.core.DnaSequence in org.sbolstandard.core has been deprecated
[WARNING] /home/travis/build/SynBioDex/libSBOLj/core/src/main/java/org/sbolstandard/core/impl/DnaComponentImpl.java:[32,29] org.sbolstandard.core.SBOLVisitor in org.sbolstandard.core has been deprecated
[WARNING] /home/travis/build/SynBioDex/libSBOLj/core/src/main/java/org/sbolstandard/core/impl/DnaComponentImpl.java:[33,29] org.sbolstandard.core.SequenceAnnotation in org.sbolstandard.core has been deprecated
[WARNING] /home/travis/build/SynBioDex/libSBOLj/core/src/main/java/org/sbolstandard/core/impl/XmlAdapters.java:[22,29] org.sbolstandard.core.StrandType in org.sbolstandard.core has been deprecated
[WARNING] /home/travis/build/SynBioDex/libSBOLj/core/src/main/java/org/sbolstandard/core/impl/SBOLObjectImpl.java:[25,29] org.sbolstandard.core.SBOLObject in org.sbolstandard.core has been deprecated
[WARNING] /home/travis/build/SynBioDex/libSBOLj/core/src/main/java/org/sbolstandard/core/impl/SBOLVisitableImpl.java:[22,29] org.sbolstandard.core.SBOLVisitable in org.sbolstandard.core has been deprecated
[WARNING] /home/travis/build/SynBioDex/libSBOLj/core/src/main/java/org/sbolstandard/core/impl/SBOLVisitableImpl.java:[30,52] org.sbolstandard.core.SBOLVisitable in org.sbolstandard.core has been deprecated
[WARNING] /home/travis/build/SynBioDex/libSBOLj/core/src/main/java/org/sbolstandard/core/impl/SBOLObjectImpl.java:[33,75] org.sbolstandard.core.SBOLObject in org.sbolstandard.core has been deprecated
[WARNING] /home/travis/build/SynBioDex/libSBOLj/core/src/main/java/org/sbolstandard/core/impl/DnaComponentImpl.java:[42,65] org.sbolstandard.core.DnaComponent in org.sbolstandard.core has been deprecated
[WARNING] /home/travis/build/SynBioDex/libSBOLj/core/src/main/java/org/sbolstandard/core/impl/CollectionMerger.java:[3,29] org.sbolstandard.core.Collection in org.sbolstandard.core has been deprecated
[WARNING] /home/travis/build/SynBioDex/libSBOLj/core/src/main/java/org/sbolstandard/core/impl/CollectionMerger.java:[4,29] org.sbolstandard.core.DnaComponent in org.sbolstandard.core has been deprecated
[WARNING] /home/travis/build/SynBioDex/libSBOLj/core/src/main/java/org/sbolstandard/core/impl/CollectionMerger.java:[5,29] org.sbolstandard.core.Merger in org.sbolstandard.core has been deprecated
[WARNING] /home/travis/build/SynBioDex/libSBOLj/core/src/main/java/org/sbolstandard/core/impl/CollectionMerger.java:[6,29] org.sbolstandard.core.MergerException in org.sbolstandard.core has been deprecated
[WARNING] /home/travis/build/SynBioDex/libSBOLj/core/src/main/java/org/sbolstandard/core/impl/CollectionMerger.java:[15,63] org.sbolstandard.core.Collection in org.sbolstandard.core has been deprecated
[WARNING] /home/travis/build/SynBioDex/libSBOLj/core/src/main/java/org/sbolstandard/core/impl/AggregatingResolver.java:[4,29] org.sbolstandard.core.Merger in org.sbolstandard.core has been deprecated
[WARNING] /home/travis/build/SynBioDex/libSBOLj/core/src/main/java/org/sbolstandard/core/impl/AggregatingResolver.java:[5,29] org.sbolstandard.core.MergerException in org.sbolstandard.core has been deprecated
[WARNING] /home/travis/build/SynBioDex/libSBOLj/core/src/main/java/org/sbolstandard/core/impl/AggregatingResolver.java:[6,29] org.sbolstandard.core.Resolver in org.sbolstandard.core has been deprecated
[WARNING] /home/travis/build/SynBioDex/libSBOLj/core/src/main/java/org/sbolstandard/core/impl/AggregatingResolver.java:[16,61] org.sbolstandard.core.Resolver in org.sbolstandard.core has been deprecated
[WARNING] /home/travis/build/SynBioDex/libSBOLj/core/src/main/java/org/sbolstandard/core/impl/SBOLDocumentImpl.java:[32,34] org.sbolstandard.core.util.SBOLBaseVisitor in org.sbolstandard.core.util has been deprecated
[WARNING] /home/travis/build/SynBioDex/libSBOLj/core/src/main/java/org/sbolstandard/core/impl/SBOLDocumentImpl.java:[44,68] org.sbolstandard.core.SBOLDocument in org.sbolstandard.core has been deprecated
[WARNING] /home/travis/build/SynBioDex/libSBOLj/core/src/main/java/org/sbolstandard/core/impl/SBOLDocumentImpl.java:[44,82] org.sbolstandard.core.SbolResolver in org.sbolstandard.core has been deprecated
[WARNING] /home/travis/build/SynBioDex/libSBOLj/core/src/main/java/org/sbolstandard/core/impl/SequenceAnnotationMerger.java:[3,29] org.sbolstandard.core.DnaComponent in org.sbolstandard.core has been deprecated
[WARNING] /home/travis/build/SynBioDex/libSBOLj/core/src/main/java/org/sbolstandard/core/impl/SequenceAnnotationMerger.java:[4,29] org.sbolstandard.core.Merger in org.sbolstandard.core has been deprecated
[WARNING] /home/travis/build/SynBioDex/libSBOLj/core/src/main/java/org/sbolstandard/core/impl/SequenceAnnotationMerger.java:[5,29] org.sbolstandard.core.MergerException in org.sbolstandard.core has been deprecated
[WARNING] /home/travis/build/SynBioDex/libSBOLj/core/src/main/java/org/sbolstandard/core/impl/SequenceAnnotationMerger.java:[6,29] org.sbolstandard.core.SequenceAnnotation in org.sbolstandard.core has been deprecated
[WARNING] /home/travis/build/SynBioDex/libSBOLj/core/src/main/java/org/sbolstandard/core/impl/SequenceAnnotationMerger.java:[15,71] org.sbolstandard.core.SequenceAnnotation in org.sbolstandard.core has been deprecated
[WARNING] /home/travis/build/SynBioDex/libSBOLj/core/src/main/java/org/sbolstandard/core/impl/XmlAdapters.java:[64,74] org.sbolstandard.core.StrandType in org.sbolstandard.core has been deprecated
[WARNING] /home/travis/build/SynBioDex/libSBOLj/core/src/main/java/org/sbolstandard/core/impl/MergeVisitor.java:[10,38] org.sbolstandard.core.SBOLVisitor in org.sbolstandard.core has been deprecated
[WARNING] /home/travis/build/SynBioDex/libSBOLj/core/src/main/java/org/sbolstandard/core/impl/MergeVisitor.java:[10,50] org.sbolstandard.core.MergerException in org.sbolstandard.core has been deprecated
[WARNING] /home/travis/build/SynBioDex/libSBOLj/core/src/main/java/org/sbolstandard/core/impl/CollectionImpl.java:[28,29] org.sbolstandard.core.Collection in org.sbolstandard.core has been deprecated
[WARNING] /home/travis/build/SynBioDex/libSBOLj/core/src/main/java/org/sbolstandard/core/impl/CollectionImpl.java:[29,29] org.sbolstandard.core.DnaComponent in org.sbolstandard.core has been deprecated
[WARNING] /home/travis/build/SynBioDex/libSBOLj/core/src/main/java/org/sbolstandard/core/impl/CollectionImpl.java:[30,29] org.sbolstandard.core.SBOLVisitor in org.sbolstandard.core has been deprecated
[WARNING] /home/travis/build/SynBioDex/libSBOLj/core/src/main/java/org/sbolstandard/core/impl/CollectionImpl.java:[40,63] org.sbolstandard.core.Collection in org.sbolstandard.core has been deprecated
[WARNING] /home/travis/build/SynBioDex/libSBOLj/core/src/main/java/org/sbolstandard/core/impl/DnaSequenceMerger.java:[3,29] org.sbolstandard.core.DnaSequence in org.sbolstandard.core has been deprecated
[WARNING] /home/travis/build/SynBioDex/libSBOLj/core/src/main/java/org/sbolstandard/core/impl/DnaSequenceMerger.java:[4,29] org.sbolstandard.core.Merger in org.sbolstandard.core has been deprecated
[WARNING] /home/travis/build/SynBioDex/libSBOLj/core/src/main/java/org/sbolstandard/core/impl/DnaSequenceMerger.java:[5,29] org.sbolstandard.core.MergerException in org.sbolstandard.core has been deprecated
[WARNING] /home/travis/build/SynBioDex/libSBOLj/core/src/main/java/org/sbolstandard/core/impl/DnaSequenceMerger.java:[12,55] org.sbolstandard.core.DnaSequence in org.sbolstandard.core has been deprecated
[WARNING] /home/travis/build/SynBioDex/libSBOLj/core/src/main/java/org/sbolstandard/core/impl/SBOLWriterImpl.java:[25,29] org.sbolstandard.core.SBOLDocument in org.sbolstandard.core has been deprecated
[WARNING] /home/travis/build/SynBioDex/libSBOLj/core/src/main/java/org/sbolstandard/core/impl/SBOLWriterImpl.java:[26,29] org.sbolstandard.core.SBOLValidationException in org.sbolstandard.core has been deprecated
[WARNING] /home/travis/build/SynBioDex/libSBOLj/core/src/main/java/org/sbolstandard/core/impl/SBOLWriterImpl.java:[27,29] org.sbolstandard.core.SBOLWriter in org.sbolstandard.core has been deprecated
[WARNING] /home/travis/build/SynBioDex/libSBOLj/core/src/main/java/org/sbolstandard/core/impl/SBOLWriterImpl.java:[29,40] org.sbolstandard.core.SBOLWriter in org.sbolstandard.core has been deprecated
[WARNING] /home/travis/build/SynBioDex/libSBOLj/core/src/main/java/org/sbolstandard/core/impl/SBOLReaderImpl.java:[33,29] org.sbolstandard.core.Collection in org.sbolstandard.core has been deprecated
[WARNING] /home/travis/build/SynBioDex/libSBOLj/core/src/main/java/org/sbolstandard/core/impl/SBOLReaderImpl.java:[34,29] org.sbolstandard.core.DnaComponent in org.sbolstandard.core has been deprecated
[WARNING] /home/travis/build/SynBioDex/libSBOLj/core/src/main/java/org/sbolstandard/core/impl/SBOLReaderImpl.java:[35,29] org.sbolstandard.core.DnaSequence in org.sbolstandard.core has been deprecated
[WARNING] /home/travis/build/SynBioDex/libSBOLj/core/src/main/java/org/sbolstandard/core/impl/SBOLReaderImpl.java:[36,29] org.sbolstandard.core.SBOLDocument in org.sbolstandard.core has been deprecated
[WARNING] /home/travis/build/SynBioDex/libSBOLj/core/src/main/java/org/sbolstandard/core/impl/SBOLReaderImpl.java:[37,29] org.sbolstandard.core.SBOLObject in org.sbolstandard.core has been deprecated
[WARNING] /home/travis/build/SynBioDex/libSBOLj/core/src/main/java/org/sbolstandard/core/impl/SBOLReaderImpl.java:[38,29] org.sbolstandard.core.SBOLReader in org.sbolstandard.core has been deprecated
[WARNING] /home/travis/build/SynBioDex/libSBOLj/core/src/main/java/org/sbolstandard/core/impl/SBOLReaderImpl.java:[39,29] org.sbolstandard.core.SBOLValidationException in org.sbolstandard.core has been deprecated
[WARNING] /home/travis/build/SynBioDex/libSBOLj/core/src/main/java/org/sbolstandard/core/impl/SBOLReaderImpl.java:[40,29] org.sbolstandard.core.SequenceAnnotation in org.sbolstandard.core has been deprecated
[WARNING] /home/travis/build/SynBioDex/libSBOLj/core/src/main/java/org/sbolstandard/core/impl/SBOLReaderImpl.java:[42,34] org.sbolstandard.core.util.SBOLBaseVisitor in org.sbolstandard.core.util has been deprecated
[WARNING] /home/travis/build/SynBioDex/libSBOLj/core/src/main/java/org/sbolstandard/core/impl/SBOLReaderImpl.java:[43,34] org.sbolstandard.core.util.SBOLDeepEquality in org.sbolstandard.core.util has been deprecated
[WARNING] /home/travis/build/SynBioDex/libSBOLj/core/src/main/java/org/sbolstandard/core/impl/SBOLReaderImpl.java:[45,40] org.sbolstandard.core.SBOLReader in org.sbolstandard.core has been deprecated
[WARNING] /home/travis/build/SynBioDex/libSBOLj/core/src/main/java/org/sbolstandard/core/impl/SBOLReaderImpl.java:[91,54] org.sbolstandard.core.util.SBOLBaseVisitor in org.sbolstandard.core.util has been deprecated
[WARNING] /home/travis/build/SynBioDex/libSBOLj/core/src/main/java/org/sbolstandard/core/impl/SBOLReaderImpl.java:[91,70] org.sbolstandard.core.SBOLValidationException in org.sbolstandard.core has been deprecated
[WARNING] /home/travis/build/SynBioDex/libSBOLj/core/src/main/java/org/sbolstandard/core/impl/SBOLReaderImpl.java:[120,55] org.sbolstandard.core.util.SBOLBaseVisitor in org.sbolstandard.core.util has been deprecated
[WARNING] /home/travis/build/SynBioDex/libSBOLj/core/src/main/java/org/sbolstandard/core/impl/JAXB.java:[27,29] org.sbolstandard.core.SBOLFactory in org.sbolstandard.core has been deprecated
[WARNING] /home/travis/build/SynBioDex/libSBOLj/core/src/main/java/org/sbolstandard/core/util/SBOLPrettyWriter.java:[61,45] org.sbolstandard.core.util.SBOLBaseVisitor in org.sbolstandard.core.util has been deprecated
[WARNING] /home/travis/build/SynBioDex/libSBOLj/core/src/main/java/org/sbolstandard/core/impl/MergeIdentical.java:[13,39] org.sbolstandard.core.MergerException in org.sbolstandard.core has been deprecated
[WARNING] /home/travis/build/SynBioDex/libSBOLj/core/src/main/java/org/sbolstandard/core/impl/MergeIdentical.java:[17,23] org.sbolstandard.core.MergerException in org.sbolstandard.core has been deprecated
[WARNING] /home/travis/build/SynBioDex/libSBOLj/core/src/main/java/org/sbolstandard/core/impl/SBOLValidatorImpl.java:[33,30] org.sbolstandard.core.SBOLDocument in org.sbolstandard.core has been deprecated
[WARNING] /home/travis/build/SynBioDex/libSBOLj/core/src/main/java/org/sbolstandard/core/impl/SBOLValidatorImpl.java: Some input files additionally use or override a deprecated API.
[WARNING] /home/travis/build/SynBioDex/libSBOLj/core/src/main/java/org/sbolstandard/core/impl/SBOLReaderImpl.java: /home/travis/build/SynBioDex/libSBOLj/core/src/main/java/org/sbolstandard/core/impl/SBOLReaderImpl.java uses unchecked or unsafe operations.
[WARNING] /home/travis/build/SynBioDex/libSBOLj/core/src/main/java/org/sbolstandard/core/impl/SBOLReaderImpl.java: Recompile with -Xlint:unchecked for details.
[INFO] 
[INFO] --- maven-resources-plugin:2.6:testResources (default-testResources) @ libSBOLj-deprecated ---
[INFO] Using 'UTF-8' encoding to copy filtered resources.
[INFO] Copying 34 resources
[INFO] 
[INFO] --- maven-compiler-plugin:3.1:testCompile (default-testCompile) @ libSBOLj-deprecated ---
[INFO] Changes detected - recompiling the module!
[INFO] Compiling 7 source files to /home/travis/build/SynBioDex/libSBOLj/core/target/test-classes
[WARNING] /home/travis/build/SynBioDex/libSBOLj/core/src/test/java/org/sbolstandard/core/SBOLReaderTest.java:[8,34] org.sbolstandard.core.util.SBOLDeepEquality in org.sbolstandard.core.util has been deprecated
[WARNING] /home/travis/build/SynBioDex/libSBOLj/core/src/test/java/org/sbolstandard/core/SBOLDuplicateObjectTest.java:[12,34] org.sbolstandard.core.util.SBOLDeepEquality in org.sbolstandard.core.util has been deprecated
[WARNING] /home/travis/build/SynBioDex/libSBOLj/core/src/test/java/org/sbolstandard/core/SBOLWriterTest.java:[8,34] org.sbolstandard.core.util.SBOLDeepEquality in org.sbolstandard.core.util has been deprecated
[WARNING] /home/travis/build/SynBioDex/libSBOLj/core/src/test/java/org/sbolstandard/core/SBOLTestUtils.java:[12,59] org.sbolstandard.core.DnaComponent in org.sbolstandard.core has been deprecated
[WARNING] /home/travis/build/SynBioDex/libSBOLj/core/src/test/java/org/sbolstandard/core/SBOLTestUtils.java:[12,23] org.sbolstandard.core.Collection in org.sbolstandard.core has been deprecated
[WARNING] /home/travis/build/SynBioDex/libSBOLj/core/src/test/java/org/sbolstandard/core/SBOLTestUtils.java:[13,17] org.sbolstandard.core.Collection in org.sbolstandard.core has been deprecated
[WARNING] /home/travis/build/SynBioDex/libSBOLj/core/src/test/java/org/sbolstandard/core/SBOLTestUtils.java:[13,36] org.sbolstandard.core.SBOLFactory in org.sbolstandard.core has been deprecated
[WARNING] /home/travis/build/SynBioDex/libSBOLj/core/src/test/java/org/sbolstandard/core/SBOLTestUtils.java:[17,22] org.sbolstandard.core.DnaComponent in org.sbolstandard.core has been deprecated
[WARNING] /home/travis/build/SynBioDex/libSBOLj/core/src/test/java/org/sbolstandard/core/SBOLTestUtils.java:[23,23] org.sbolstandard.core.DnaComponent in org.sbolstandard.core has been deprecated
[WARNING] /home/travis/build/SynBioDex/libSBOLj/core/src/test/java/org/sbolstandard/core/SBOLTestUtils.java:[24,17] org.sbolstandard.core.DnaComponent in org.sbolstandard.core has been deprecated
[WARNING] /home/travis/build/SynBioDex/libSBOLj/core/src/test/java/org/sbolstandard/core/SBOLTestUtils.java:[24,38] org.sbolstandard.core.SBOLFactory in org.sbolstandard.core has been deprecated
[WARNING] /home/travis/build/SynBioDex/libSBOLj/core/src/test/java/org/sbolstandard/core/SBOLTestUtils.java:[31,23] org.sbolstandard.core.DnaSequence in org.sbolstandard.core has been deprecated
[WARNING] /home/travis/build/SynBioDex/libSBOLj/core/src/test/java/org/sbolstandard/core/SBOLTestUtils.java:[32,17] org.sbolstandard.core.DnaSequence in org.sbolstandard.core has been deprecated
[WARNING] /home/travis/build/SynBioDex/libSBOLj/core/src/test/java/org/sbolstandard/core/SBOLTestUtils.java:[32,35] org.sbolstandard.core.SBOLFactory in org.sbolstandard.core has been deprecated
[WARNING] /home/travis/build/SynBioDex/libSBOLj/core/src/test/java/org/sbolstandard/core/SBOLTestUtils.java:[38,23] org.sbolstandard.core.SequenceAnnotation in org.sbolstandard.core has been deprecated
[WARNING] /home/travis/build/SynBioDex/libSBOLj/core/src/test/java/org/sbolstandard/core/SBOLTestUtils.java:[39,17] org.sbolstandard.core.SequenceAnnotation in org.sbolstandard.core has been deprecated
[WARNING] /home/travis/build/SynBioDex/libSBOLj/core/src/test/java/org/sbolstandard/core/SBOLTestUtils.java:[39,41] org.sbolstandard.core.SBOLFactory in org.sbolstandard.core has been deprecated
[WARNING] /home/travis/build/SynBioDex/libSBOLj/core/src/test/java/org/sbolstandard/core/SBOLTestUtils.java:[44,51] org.sbolstandard.core.SBOLRootObject in org.sbolstandard.core has been deprecated
[WARNING] /home/travis/build/SynBioDex/libSBOLj/core/src/test/java/org/sbolstandard/core/SBOLTestUtils.java:[44,23] org.sbolstandard.core.SBOLDocument in org.sbolstandard.core has been deprecated
[WARNING] /home/travis/build/SynBioDex/libSBOLj/core/src/test/java/org/sbolstandard/core/SBOLTestUtils.java:[45,17] org.sbolstandard.core.SBOLDocument in org.sbolstandard.core has been deprecated
[WARNING] /home/travis/build/SynBioDex/libSBOLj/core/src/test/java/org/sbolstandard/core/SBOLTestUtils.java:[45,36] org.sbolstandard.core.SBOLFactory in org.sbolstandard.core has been deprecated
[WARNING] /home/travis/build/SynBioDex/libSBOLj/core/src/test/java/org/sbolstandard/core/SBOLTestUtils.java:[46,22] org.sbolstandard.core.SBOLRootObject in org.sbolstandard.core has been deprecated
[WARNING] /home/travis/build/SynBioDex/libSBOLj/core/src/test/java/org/sbolstandard/core/SBOLTestUtils.java:[52,49] org.sbolstandard.core.SBOLDocument in org.sbolstandard.core has been deprecated
[WARNING] /home/travis/build/SynBioDex/libSBOLj/core/src/test/java/org/sbolstandard/core/SBOLTestUtils.java:[52,23] org.sbolstandard.core.SBOLDocument in org.sbolstandard.core has been deprecated
[WARNING] /home/travis/build/SynBioDex/libSBOLj/core/src/test/java/org/sbolstandard/core/SBOLTestUtils.java:[52,74] org.sbolstandard.core.SBOLValidationException in org.sbolstandard.core has been deprecated
[WARNING] /home/travis/build/SynBioDex/libSBOLj/core/src/test/java/org/sbolstandard/core/SBOLTestUtils.java:[56,17] org.sbolstandard.core.SBOLFactory in org.sbolstandard.core has been deprecated
[WARNING] /home/travis/build/SynBioDex/libSBOLj/core/src/test/java/org/sbolstandard/core/SBOLTestUtils.java:[58,24] org.sbolstandard.core.SBOLFactory in org.sbolstandard.core has been deprecated
[WARNING] /home/travis/build/SynBioDex/libSBOLj/core/src/test/java/org/sbolstandard/core/SBOLTestUtils.java:[70,24] org.sbolstandard.core.SBOLValidationException in org.sbolstandard.core has been deprecated
[WARNING] /home/travis/build/SynBioDex/libSBOLj/core/src/test/java/org/sbolstandard/core/SBOLTestUtils.java:[90,13] org.sbolstandard.core.SBOLFactory in org.sbolstandard.core has been deprecated
[WARNING] /home/travis/build/SynBioDex/libSBOLj/core/src/test/java/org/sbolstandard/core/SBOLTestUtils.java:[93,18] org.sbolstandard.core.SBOLValidationException in org.sbolstandard.core has been deprecated
[WARNING] /home/travis/build/SynBioDex/libSBOLj/core/src/test/java/org/sbolstandard/core/SBOLTestUtils.java:[94,23] org.sbolstandard.core.SBOLValidationException in org.sbolstandard.core has been deprecated
[WARNING] /home/travis/build/SynBioDex/libSBOLj/core/src/test/java/org/sbolstandard/core/SBOLTestUtils.java:[98,48] org.sbolstandard.core.SBOLDocument in org.sbolstandard.core has been deprecated
[WARNING] /home/travis/build/SynBioDex/libSBOLj/core/src/test/java/org/sbolstandard/core/SBOLTestUtils.java:[103,24] org.sbolstandard.core.SBOLValidationException in org.sbolstandard.core has been deprecated
[WARNING] /home/travis/build/SynBioDex/libSBOLj/core/src/test/java/org/sbolstandard/core/SBOLTestUtils.java:[112,46] org.sbolstandard.core.SBOLDocument in org.sbolstandard.core has been deprecated
[WARNING] /home/travis/build/SynBioDex/libSBOLj/core/src/test/java/org/sbolstandard/core/SBOLTestUtils.java:[113,17] org.sbolstandard.core.SBOLFactory in org.sbolstandard.core has been deprecated
[WARNING] /home/travis/build/SynBioDex/libSBOLj/core/src/test/java/org/sbolstandard/core/SBOLAbstractTests.java:[14,17] org.sbolstandard.core.DnaComponent in org.sbolstandard.core has been deprecated
[WARNING] /home/travis/build/SynBioDex/libSBOLj/core/src/test/java/org/sbolstandard/core/SBOLAbstractTests.java:[22,17] org.sbolstandard.core.DnaComponent in org.sbolstandard.core has been deprecated
[WARNING] /home/travis/build/SynBioDex/libSBOLj/core/src/test/java/org/sbolstandard/core/SBOLAbstractTests.java:[30,17] org.sbolstandard.core.DnaComponent in org.sbolstandard.core has been deprecated
[WARNING] /home/travis/build/SynBioDex/libSBOLj/core/src/test/java/org/sbolstandard/core/SBOLAbstractTests.java:[39,17] org.sbolstandard.core.DnaComponent in org.sbolstandard.core has been deprecated
[WARNING] /home/travis/build/SynBioDex/libSBOLj/core/src/test/java/org/sbolstandard/core/SBOLAbstractTests.java:[42,17] org.sbolstandard.core.SequenceAnnotation in org.sbolstandard.core has been deprecated
[WARNING] /home/travis/build/SynBioDex/libSBOLj/core/src/test/java/org/sbolstandard/core/SBOLAbstractTests.java:[42,42] org.sbolstandard.core.SBOLFactory in org.sbolstandard.core has been deprecated
[WARNING] /home/travis/build/SynBioDex/libSBOLj/core/src/test/java/org/sbolstandard/core/SBOLAbstractTests.java:[46,17] org.sbolstandard.core.DnaComponent in org.sbolstandard.core has been deprecated
[WARNING] /home/travis/build/SynBioDex/libSBOLj/core/src/test/java/org/sbolstandard/core/SBOLAbstractTests.java:[56,17] org.sbolstandard.core.DnaComponent in org.sbolstandard.core has been deprecated
[WARNING] /home/travis/build/SynBioDex/libSBOLj/core/src/test/java/org/sbolstandard/core/SBOLAbstractTests.java:[56,17] org.sbolstandard.core.DnaComponent in org.sbolstandard.core has been deprecated
[WARNING] /home/travis/build/SynBioDex/libSBOLj/core/src/test/java/org/sbolstandard/core/SBOLAbstractTests.java:[56,17] org.sbolstandard.core.DnaComponent in org.sbolstandard.core has been deprecated
[WARNING] /home/travis/build/SynBioDex/libSBOLj/core/src/test/java/org/sbolstandard/core/SBOLAbstractTests.java:[56,17] org.sbolstandard.core.DnaComponent in org.sbolstandard.core has been deprecated
[WARNING] /home/travis/build/SynBioDex/libSBOLj/core/src/test/java/org/sbolstandard/core/SBOLAbstractTests.java:[57,17] org.sbolstandard.core.SequenceAnnotation in org.sbolstandard.core has been deprecated
[WARNING] /home/travis/build/SynBioDex/libSBOLj/core/src/test/java/org/sbolstandard/core/SBOLAbstractTests.java:[57,17] org.sbolstandard.core.SequenceAnnotation in org.sbolstandard.core has been deprecated
[WARNING] /home/travis/build/SynBioDex/libSBOLj/core/src/test/java/org/sbolstandard/core/SBOLAbstractTests.java:[57,17] org.sbolstandard.core.SequenceAnnotation in org.sbolstandard.core has been deprecated
[WARNING] /home/travis/build/SynBioDex/libSBOLj/core/src/test/java/org/sbolstandard/core/SBOLAbstractTests.java:[68,32] org.sbolstandard.core.StrandType in org.sbolstandard.core has been deprecated
[WARNING] /home/travis/build/SynBioDex/libSBOLj/core/src/test/java/org/sbolstandard/core/SBOLAbstractTests.java:[92,17] org.sbolstandard.core.Collection in org.sbolstandard.core has been deprecated
[WARNING] /home/travis/build/SynBioDex/libSBOLj/core/src/test/java/org/sbolstandard/core/SBOLAbstractTests.java:[100,17] org.sbolstandard.core.DnaComponent in org.sbolstandard.core has been deprecated
[WARNING] /home/travis/build/SynBioDex/libSBOLj/core/src/test/java/org/sbolstandard/core/SBOLAbstractTests.java:[103,17] org.sbolstandard.core.DnaComponent in org.sbolstandard.core has been deprecated
[WARNING] /home/travis/build/SynBioDex/libSBOLj/core/src/test/java/org/sbolstandard/core/SBOLAbstractTests.java:[105,17] org.sbolstandard.core.Collection in org.sbolstandard.core has been deprecated
[WARNING] /home/travis/build/SynBioDex/libSBOLj/core/src/test/java/org/sbolstandard/core/SBOLAbstractTests.java:[115,53] org.sbolstandard.core.SBOLRootObject in org.sbolstandard.core has been deprecated
[WARNING] /home/travis/build/SynBioDex/libSBOLj/core/src/test/java/org/sbolstandard/core/SBOLAbstractTests.java:[118,67] org.sbolstandard.core.SBOLRootObject in org.sbolstandard.core has been deprecated
[WARNING] /home/travis/build/SynBioDex/libSBOLj/core/src/test/java/org/sbolstandard/core/SBOLReaderTest.java:[13,58] org.sbolstandard.core.SBOLRootObject in org.sbolstandard.core has been deprecated
[WARNING] /home/travis/build/SynBioDex/libSBOLj/core/src/test/java/org/sbolstandard/core/SBOLReaderTest.java:[22,13] org.sbolstandard.core.SBOLDocument in org.sbolstandard.core has been deprecated
[WARNING] /home/travis/build/SynBioDex/libSBOLj/core/src/test/java/org/sbolstandard/core/SBOLReaderTest.java:[22,35] org.sbolstandard.core.SBOLFactory in org.sbolstandard.core has been deprecated
[WARNING] /home/travis/build/SynBioDex/libSBOLj/core/src/test/java/org/sbolstandard/core/SBOLReaderTest.java:[25,17] org.sbolstandard.core.SBOLDocument in org.sbolstandard.core has been deprecated
[WARNING] /home/travis/build/SynBioDex/libSBOLj/core/src/test/java/org/sbolstandard/core/SBOLReaderTest.java:[26,21] org.sbolstandard.core.util.SBOLDeepEquality in org.sbolstandard.core.util has been deprecated
[WARNING] /home/travis/build/SynBioDex/libSBOLj/core/src/test/java/org/sbolstandard/core/SBOLReaderTest.java:[28,17] org.sbolstandard.core.util.SBOLDeepEquality in org.sbolstandard.core.util has been deprecated
[WARNING] /home/travis/build/SynBioDex/libSBOLj/core/src/test/java/org/sbolstandard/core/SBOLReaderTest.java:[32,17] org.sbolstandard.core.SBOLValidationException in org.sbolstandard.core has been deprecated
[WARNING] /home/travis/build/SynBioDex/libSBOLj/core/src/test/java/org/sbolstandard/core/SBOLDuplicateObjectTest.java:[21,17] org.sbolstandard.core.DnaComponent in org.sbolstandard.core has been deprecated
[WARNING] /home/travis/build/SynBioDex/libSBOLj/core/src/test/java/org/sbolstandard/core/SBOLDuplicateObjectTest.java:[23,17] org.sbolstandard.core.SequenceAnnotation in org.sbolstandard.core has been deprecated
[WARNING] /home/travis/build/SynBioDex/libSBOLj/core/src/test/java/org/sbolstandard/core/SBOLDuplicateObjectTest.java:[33,17] org.sbolstandard.core.DnaComponent in org.sbolstandard.core has been deprecated
[WARNING] /home/travis/build/SynBioDex/libSBOLj/core/src/test/java/org/sbolstandard/core/SBOLDuplicateObjectTest.java:[34,17] org.sbolstandard.core.DnaComponent in org.sbolstandard.core has been deprecated
[WARNING] /home/travis/build/SynBioDex/libSBOLj/core/src/test/java/org/sbolstandard/core/SBOLDuplicateObjectTest.java:[36,17] org.sbolstandard.core.SequenceAnnotation in org.sbolstandard.core has been deprecated
[WARNING] /home/travis/build/SynBioDex/libSBOLj/core/src/test/java/org/sbolstandard/core/SBOLDuplicateObjectTest.java:[47,17] org.sbolstandard.core.DnaComponent in org.sbolstandard.core has been deprecated
[WARNING] /home/travis/build/SynBioDex/libSBOLj/core/src/test/java/org/sbolstandard/core/SBOLDuplicateObjectTest.java:[50,17] org.sbolstandard.core.DnaComponent in org.sbolstandard.core has been deprecated
[WARNING] /home/travis/build/SynBioDex/libSBOLj/core/src/test/java/org/sbolstandard/core/SBOLDuplicateObjectTest.java:[62,17] org.sbolstandard.core.DnaComponent in org.sbolstandard.core has been deprecated
[WARNING] /home/travis/build/SynBioDex/libSBOLj/core/src/test/java/org/sbolstandard/core/SBOLDuplicateObjectTest.java:[63,17] org.sbolstandard.core.DnaComponent in org.sbolstandard.core has been deprecated
[WARNING] /home/travis/build/SynBioDex/libSBOLj/core/src/test/java/org/sbolstandard/core/SBOLDuplicateObjectTest.java:[64,17] org.sbolstandard.core.DnaComponent in org.sbolstandard.core has been deprecated
[WARNING] /home/travis/build/SynBioDex/libSBOLj/core/src/test/java/org/sbolstandard/core/SBOLDuplicateObjectTest.java:[66,17] org.sbolstandard.core.Collection in org.sbolstandard.core has been deprecated
[WARNING] /home/travis/build/SynBioDex/libSBOLj/core/src/test/java/org/sbolstandard/core/SBOLDuplicateObjectTest.java:[67,17] org.sbolstandard.core.Collection in org.sbolstandard.core has been deprecated
[WARNING] /home/travis/build/SynBioDex/libSBOLj/core/src/test/java/org/sbolstandard/core/SBOLDuplicateObjectTest.java:[69,17] org.sbolstandard.core.SBOLDocument in org.sbolstandard.core has been deprecated
[WARNING] /home/travis/build/SynBioDex/libSBOLj/core/src/test/java/org/sbolstandard/core/SBOLDuplicateObjectTest.java:[75,17] org.sbolstandard.core.DnaComponent in org.sbolstandard.core has been deprecated
[WARNING] /home/travis/build/SynBioDex/libSBOLj/core/src/test/java/org/sbolstandard/core/SBOLDuplicateObjectTest.java:[76,17] org.sbolstandard.core.DnaComponent in org.sbolstandard.core has been deprecated
[WARNING] /home/travis/build/SynBioDex/libSBOLj/core/src/test/java/org/sbolstandard/core/SBOLDuplicateObjectTest.java:[78,17] org.sbolstandard.core.SequenceAnnotation in org.sbolstandard.core has been deprecated
[WARNING] /home/travis/build/SynBioDex/libSBOLj/core/src/test/java/org/sbolstandard/core/SBOLDuplicateObjectTest.java:[81,17] org.sbolstandard.core.SequenceAnnotation in org.sbolstandard.core has been deprecated
[WARNING] /home/travis/build/SynBioDex/libSBOLj/core/src/test/java/org/sbolstandard/core/SBOLDuplicateObjectTest.java:[87,17] org.sbolstandard.core.SBOLDocument in org.sbolstandard.core has been deprecated
[WARNING] /home/travis/build/SynBioDex/libSBOLj/core/src/test/java/org/sbolstandard/core/SBOLDuplicateObjectTest.java:[91,49] org.sbolstandard.core.SBOLDocument in org.sbolstandard.core has been deprecated
[WARNING] /home/travis/build/SynBioDex/libSBOLj/core/src/test/java/org/sbolstandard/core/SBOLDuplicateObjectTest.java:[94,17] org.sbolstandard.core.SBOLDocument in org.sbolstandard.core has been deprecated
[WARNING] /home/travis/build/SynBioDex/libSBOLj/core/src/test/java/org/sbolstandard/core/SBOLDuplicateObjectTest.java:[96,28] org.sbolstandard.core.util.SBOLDeepEquality in org.sbolstandard.core.util has been deprecated
[WARNING] /home/travis/build/SynBioDex/libSBOLj/core/src/test/java/org/sbolstandard/core/SBOLDuplicateObjectTest.java:[100,28] org.sbolstandard.core.util.SBOLDeepEquality in org.sbolstandard.core.util has been deprecated
[WARNING] /home/travis/build/SynBioDex/libSBOLj/core/src/test/java/org/sbolstandard/core/SBOLWriterTest.java:[12,58] org.sbolstandard.core.SBOLRootObject in org.sbolstandard.core has been deprecated
[WARNING] /home/travis/build/SynBioDex/libSBOLj/core/src/test/java/org/sbolstandard/core/SBOLWriterTest.java:[14,17] org.sbolstandard.core.SBOLDocument in org.sbolstandard.core has been deprecated
[WARNING] /home/travis/build/SynBioDex/libSBOLj/core/src/test/java/org/sbolstandard/core/SBOLWriterTest.java:[15,17] org.sbolstandard.core.SBOLDocument in org.sbolstandard.core has been deprecated
[WARNING] /home/travis/build/SynBioDex/libSBOLj/core/src/test/java/org/sbolstandard/core/SBOLWriterTest.java:[17,28] org.sbolstandard.core.util.SBOLDeepEquality in org.sbolstandard.core.util has been deprecated
[INFO] 
[INFO] --- maven-surefire-plugin:2.12.4:test (default-test) @ libSBOLj-deprecated ---
[INFO] Downloading: https://repo.maven.apache.org/maven2/org/apache/maven/surefire/surefire-booter/2.12.4/surefire-booter-2.12.4.pom
[INFO] Downloaded: https://repo.maven.apache.org/maven2/org/apache/maven/surefire/surefire-booter/2.12.4/surefire-booter-2.12.4.pom (3 KB at 75.9 KB/sec)
[INFO] Downloading: https://repo.maven.apache.org/maven2/org/apache/maven/surefire/surefire-api/2.12.4/surefire-api-2.12.4.pom
[INFO] Downloaded: https://repo.maven.apache.org/maven2/org/apache/maven/surefire/surefire-api/2.12.4/surefire-api-2.12.4.pom (3 KB at 110.6 KB/sec)
[INFO] Downloading: https://repo.maven.apache.org/maven2/org/apache/maven/surefire/maven-surefire-common/2.12.4/maven-surefire-common-2.12.4.pom
[INFO] Downloaded: https://repo.maven.apache.org/maven2/org/apache/maven/surefire/maven-surefire-common/2.12.4/maven-surefire-common-2.12.4.pom (6 KB at 245.5 KB/sec)
[INFO] Downloading: https://repo.maven.apache.org/maven2/org/apache/maven/plugin-tools/maven-plugin-annotations/3.1/maven-plugin-annotations-3.1.pom
[INFO] Downloaded: https://repo.maven.apache.org/maven2/org/apache/maven/plugin-tools/maven-plugin-annotations/3.1/maven-plugin-annotations-3.1.pom (2 KB at 72.1 KB/sec)
[INFO] Downloading: https://repo.maven.apache.org/maven2/org/apache/maven/plugin-tools/maven-plugin-tools/3.1/maven-plugin-tools-3.1.pom
[INFO] Downloaded: https://repo.maven.apache.org/maven2/org/apache/maven/plugin-tools/maven-plugin-tools/3.1/maven-plugin-tools-3.1.pom (16 KB at 195.1 KB/sec)
[INFO] Downloading: https://repo.maven.apache.org/maven2/org/apache/maven/reporting/maven-reporting-api/2.0.9/maven-reporting-api-2.0.9.pom
[INFO] Downloaded: https://repo.maven.apache.org/maven2/org/apache/maven/reporting/maven-reporting-api/2.0.9/maven-reporting-api-2.0.9.pom (2 KB at 83.8 KB/sec)
[INFO] Downloading: https://repo.maven.apache.org/maven2/org/apache/maven/reporting/maven-reporting/2.0.9/maven-reporting-2.0.9.pom
[INFO] Downloaded: https://repo.maven.apache.org/maven2/org/apache/maven/reporting/maven-reporting/2.0.9/maven-reporting-2.0.9.pom (2 KB at 65.5 KB/sec)
[INFO] Downloading: https://repo.maven.apache.org/maven2/org/apache/maven/maven-toolchain/2.0.9/maven-toolchain-2.0.9.pom
[INFO] Downloaded: https://repo.maven.apache.org/maven2/org/apache/maven/maven-toolchain/2.0.9/maven-toolchain-2.0.9.pom (4 KB at 147.6 KB/sec)
[INFO] Downloading: https://repo.maven.apache.org/maven2/org/apache/commons/commons-lang3/3.1/commons-lang3-3.1.pom
[INFO] Downloaded: https://repo.maven.apache.org/maven2/org/apache/commons/commons-lang3/3.1/commons-lang3-3.1.pom (17 KB at 709.5 KB/sec)
[INFO] Downloading: https://repo.maven.apache.org/maven2/org/apache/maven/shared/maven-common-artifact-filters/1.3/maven-common-artifact-filters-1.3.pom
[INFO] Downloaded: https://repo.maven.apache.org/maven2/org/apache/maven/shared/maven-common-artifact-filters/1.3/maven-common-artifact-filters-1.3.pom (4 KB at 164.3 KB/sec)
[INFO] Downloading: https://repo.maven.apache.org/maven2/org/apache/maven/shared/maven-shared-components/12/maven-shared-components-12.pom
[INFO] Downloaded: https://repo.maven.apache.org/maven2/org/apache/maven/shared/maven-shared-components/12/maven-shared-components-12.pom (10 KB at 294.1 KB/sec)
[INFO] Downloading: https://repo.maven.apache.org/maven2/org/apache/maven/maven-parent/13/maven-parent-13.pom
[INFO] Downloaded: https://repo.maven.apache.org/maven2/org/apache/maven/maven-parent/13/maven-parent-13.pom (23 KB at 736.8 KB/sec)
[INFO] Downloading: https://repo.maven.apache.org/maven2/org/apache/apache/6/apache-6.pom
[INFO] Downloaded: https://repo.maven.apache.org/maven2/org/apache/apache/6/apache-6.pom (13 KB at 568.0 KB/sec)
[INFO] Downloading: https://repo.maven.apache.org/maven2/org/codehaus/plexus/plexus-container-default/1.0-alpha-9/plexus-container-default-1.0-alpha-9.pom
[INFO] Downloaded: https://repo.maven.apache.org/maven2/org/codehaus/plexus/plexus-container-default/1.0-alpha-9/plexus-container-default-1.0-alpha-9.pom (2 KB at 57.5 KB/sec)
[INFO] Downloading: https://repo.maven.apache.org/maven2/org/apache/maven/surefire/surefire-booter/2.12.4/surefire-booter-2.12.4.jar
[INFO] Downloading: https://repo.maven.apache.org/maven2/org/apache/maven/surefire/maven-surefire-common/2.12.4/maven-surefire-common-2.12.4.jar
[INFO] Downloading: https://repo.maven.apache.org/maven2/org/apache/commons/commons-lang3/3.1/commons-lang3-3.1.jar
[INFO] Downloading: https://repo.maven.apache.org/maven2/org/apache/maven/shared/maven-common-artifact-filters/1.3/maven-common-artifact-filters-1.3.jar
[INFO] Downloading: https://repo.maven.apache.org/maven2/org/apache/maven/surefire/surefire-api/2.12.4/surefire-api-2.12.4.jar
[INFO] Downloaded: https://repo.maven.apache.org/maven2/org/apache/maven/surefire/surefire-booter/2.12.4/surefire-booter-2.12.4.jar (34 KB at 1472.6 KB/sec)
[INFO] Downloading: https://repo.maven.apache.org/maven2/org/apache/maven/reporting/maven-reporting-api/2.0.9/maven-reporting-api-2.0.9.jar
[INFO] Downloaded: https://repo.maven.apache.org/maven2/org/apache/maven/surefire/surefire-api/2.12.4/surefire-api-2.12.4.jar (115 KB at 3189.6 KB/sec)
[INFO] Downloading: https://repo.maven.apache.org/maven2/org/apache/maven/plugin-tools/maven-plugin-annotations/3.1/maven-plugin-annotations-3.1.jar
[INFO] Downloaded: https://repo.maven.apache.org/maven2/org/apache/commons/commons-lang3/3.1/commons-lang3-3.1.jar (309 KB at 8335.2 KB/sec)
[INFO] Downloaded: https://repo.maven.apache.org/maven2/org/apache/maven/surefire/maven-surefire-common/2.12.4/maven-surefire-common-2.12.4.jar (257 KB at 6931.7 KB/sec)
[INFO] Downloaded: https://repo.maven.apache.org/maven2/org/apache/maven/shared/maven-common-artifact-filters/1.3/maven-common-artifact-filters-1.3.jar (31 KB at 798.2 KB/sec)
[INFO] Downloaded: https://repo.maven.apache.org/maven2/org/apache/maven/reporting/maven-reporting-api/2.0.9/maven-reporting-api-2.0.9.jar (10 KB at 241.4 KB/sec)
[INFO] Downloaded: https://repo.maven.apache.org/maven2/org/apache/maven/plugin-tools/maven-plugin-annotations/3.1/maven-plugin-annotations-3.1.jar (14 KB at 249.0 KB/sec)
[INFO] Tests are skipped.
[INFO] 
[INFO] --- maven-jar-plugin:2.4:jar (default-jar) @ libSBOLj-deprecated ---
[INFO] Downloading: https://repo.maven.apache.org/maven2/org/apache/maven/maven-archiver/2.5/maven-archiver-2.5.pom
[INFO] Downloaded: https://repo.maven.apache.org/maven2/org/apache/maven/maven-archiver/2.5/maven-archiver-2.5.pom (5 KB at 211.0 KB/sec)
[INFO] Downloading: https://repo.maven.apache.org/maven2/org/codehaus/plexus/plexus-archiver/2.1/plexus-archiver-2.1.pom
[INFO] Downloaded: https://repo.maven.apache.org/maven2/org/codehaus/plexus/plexus-archiver/2.1/plexus-archiver-2.1.pom (3 KB at 119.3 KB/sec)
[INFO] Downloading: https://repo.maven.apache.org/maven2/org/codehaus/plexus/plexus-utils/3.0/plexus-utils-3.0.pom
[INFO] Downloaded: https://repo.maven.apache.org/maven2/org/codehaus/plexus/plexus-utils/3.0/plexus-utils-3.0.pom (4 KB at 189.1 KB/sec)
[INFO] Downloading: https://repo.maven.apache.org/maven2/org/sonatype/spice/spice-parent/16/spice-parent-16.pom
[INFO] Downloaded: https://repo.maven.apache.org/maven2/org/sonatype/spice/spice-parent/16/spice-parent-16.pom (9 KB at 388.7 KB/sec)
[INFO] Downloading: https://repo.maven.apache.org/maven2/org/codehaus/plexus/plexus-io/2.0.2/plexus-io-2.0.2.pom
[INFO] Downloaded: https://repo.maven.apache.org/maven2/org/codehaus/plexus/plexus-io/2.0.2/plexus-io-2.0.2.pom (2 KB at 21.7 KB/sec)
[INFO] Downloading: https://repo.maven.apache.org/maven2/org/codehaus/plexus/plexus-components/1.1.19/plexus-components-1.1.19.pom
[INFO] Downloaded: https://repo.maven.apache.org/maven2/org/codehaus/plexus/plexus-components/1.1.19/plexus-components-1.1.19.pom (3 KB at 131.7 KB/sec)
[INFO] Downloading: https://repo.maven.apache.org/maven2/commons-lang/commons-lang/2.1/commons-lang-2.1.pom
[INFO] Downloaded: https://repo.maven.apache.org/maven2/commons-lang/commons-lang/2.1/commons-lang-2.1.pom (10 KB at 440.7 KB/sec)
[INFO] Downloading: https://repo.maven.apache.org/maven2/org/apache/maven/maven-archiver/2.5/maven-archiver-2.5.jar
[INFO] Downloading: https://repo.maven.apache.org/maven2/org/codehaus/plexus/plexus-archiver/2.1/plexus-archiver-2.1.jar
[INFO] Downloading: https://repo.maven.apache.org/maven2/org/codehaus/plexus/plexus-io/2.0.2/plexus-io-2.0.2.jar
[INFO] Downloading: https://repo.maven.apache.org/maven2/commons-lang/commons-lang/2.1/commons-lang-2.1.jar
[INFO] Downloading: https://repo.maven.apache.org/maven2/org/codehaus/plexus/plexus-utils/3.0/plexus-utils-3.0.jar
[INFO] Downloaded: https://repo.maven.apache.org/maven2/org/apache/maven/maven-archiver/2.5/maven-archiver-2.5.jar (22 KB at 443.8 KB/sec)
[INFO] Downloaded: https://repo.maven.apache.org/maven2/org/codehaus/plexus/plexus-io/2.0.2/plexus-io-2.0.2.jar (57 KB at 1185.4 KB/sec)
[INFO] Downloaded: https://repo.maven.apache.org/maven2/org/codehaus/plexus/plexus-archiver/2.1/plexus-archiver-2.1.jar (181 KB at 3052.8 KB/sec)
[INFO] Downloaded: https://repo.maven.apache.org/maven2/commons-lang/commons-lang/2.1/commons-lang-2.1.jar (203 KB at 3438.2 KB/sec)
[INFO] Downloaded: https://repo.maven.apache.org/maven2/org/codehaus/plexus/plexus-utils/3.0/plexus-utils-3.0.jar (221 KB at 3806.4 KB/sec)
[INFO] Building jar: /home/travis/build/SynBioDex/libSBOLj/core/target/libSBOLj-deprecated-1.0.0.jar
[INFO] 
[INFO] --- maven-shade-plugin:2.3:shade (default) @ libSBOLj-deprecated ---
[INFO] Downloading: https://repo.maven.apache.org/maven2/org/apache/maven/maven-plugin-api/3.0/maven-plugin-api-3.0.pom
[INFO] Downloaded: https://repo.maven.apache.org/maven2/org/apache/maven/maven-plugin-api/3.0/maven-plugin-api-3.0.pom (3 KB at 101.6 KB/sec)
[INFO] Downloading: https://repo.maven.apache.org/maven2/org/apache/maven/maven/3.0/maven-3.0.pom
[INFO] Downloaded: https://repo.maven.apache.org/maven2/org/apache/maven/maven/3.0/maven-3.0.pom (22 KB at 1017.7 KB/sec)
[INFO] Downloading: https://repo.maven.apache.org/maven2/org/apache/maven/maven-parent/15/maven-parent-15.pom
[INFO] Downloaded: https://repo.maven.apache.org/maven2/org/apache/maven/maven-parent/15/maven-parent-15.pom (24 KB at 937.6 KB/sec)
[INFO] Downloading: https://repo.maven.apache.org/maven2/org/apache/maven/maven-model/3.0/maven-model-3.0.pom
[INFO] Downloaded: https://repo.maven.apache.org/maven2/org/apache/maven/maven-model/3.0/maven-model-3.0.pom (4 KB at 172.8 KB/sec)
[INFO] Downloading: https://repo.maven.apache.org/maven2/org/codehaus/plexus/plexus-utils/2.0.4/plexus-utils-2.0.4.pom
[INFO] Downloaded: https://repo.maven.apache.org/maven2/org/codehaus/plexus/plexus-utils/2.0.4/plexus-utils-2.0.4.pom (4 KB at 155.0 KB/sec)
[INFO] Downloading: https://repo.maven.apache.org/maven2/org/apache/maven/maven-artifact/3.0/maven-artifact-3.0.pom
[INFO] Downloaded: https://repo.maven.apache.org/maven2/org/apache/maven/maven-artifact/3.0/maven-artifact-3.0.pom (2 KB at 49.5 KB/sec)
[INFO] Downloading: https://repo.maven.apache.org/maven2/org/sonatype/sisu/sisu-inject-plexus/1.4.2/sisu-inject-plexus-1.4.2.pom
[INFO] Downloaded: https://repo.maven.apache.org/maven2/org/sonatype/sisu/sisu-inject-plexus/1.4.2/sisu-inject-plexus-1.4.2.pom (6 KB at 238.3 KB/sec)
[INFO] Downloading: https://repo.maven.apache.org/maven2/org/sonatype/sisu/inject/guice-plexus/1.4.2/guice-plexus-1.4.2.pom
[INFO] Downloaded: https://repo.maven.apache.org/maven2/org/sonatype/sisu/inject/guice-plexus/1.4.2/guice-plexus-1.4.2.pom (4 KB at 127.3 KB/sec)
[INFO] Downloading: https://repo.maven.apache.org/maven2/org/sonatype/sisu/inject/guice-bean/1.4.2/guice-bean-1.4.2.pom
[INFO] Downloaded: https://repo.maven.apache.org/maven2/org/sonatype/sisu/inject/guice-bean/1.4.2/guice-bean-1.4.2.pom (3 KB at 110.6 KB/sec)
[INFO] Downloading: https://repo.maven.apache.org/maven2/org/sonatype/sisu/sisu-inject/1.4.2/sisu-inject-1.4.2.pom
[INFO] Downloaded: https://repo.maven.apache.org/maven2/org/sonatype/sisu/sisu-inject/1.4.2/sisu-inject-1.4.2.pom (2 KB at 55.4 KB/sec)
[INFO] Downloading: https://repo.maven.apache.org/maven2/org/sonatype/sisu/sisu-parent/1.4.2/sisu-parent-1.4.2.pom
[INFO] Downloaded: https://repo.maven.apache.org/maven2/org/sonatype/sisu/sisu-parent/1.4.2/sisu-parent-1.4.2.pom (8 KB at 345.2 KB/sec)
[INFO] Downloading: https://repo.maven.apache.org/maven2/org/sonatype/forge/forge-parent/6/forge-parent-6.pom
[INFO] Downloaded: https://repo.maven.apache.org/maven2/org/sonatype/forge/forge-parent/6/forge-parent-6.pom (11 KB at 477.4 KB/sec)
[INFO] Downloading: https://repo.maven.apache.org/maven2/org/codehaus/plexus/plexus-classworlds/2.2.3/plexus-classworlds-2.2.3.pom
[INFO] Downloaded: https://repo.maven.apache.org/maven2/org/codehaus/plexus/plexus-classworlds/2.2.3/plexus-classworlds-2.2.3.pom (4 KB at 185.9 KB/sec)
[INFO] Downloading: https://repo.maven.apache.org/maven2/org/sonatype/sisu/sisu-inject-bean/1.4.2/sisu-inject-bean-1.4.2.pom
[INFO] Downloaded: https://repo.maven.apache.org/maven2/org/sonatype/sisu/sisu-inject-bean/1.4.2/sisu-inject-bean-1.4.2.pom (6 KB at 222.0 KB/sec)
[INFO] Downloading: https://repo.maven.apache.org/maven2/org/sonatype/sisu/sisu-guice/2.1.7/sisu-guice-2.1.7.pom
[INFO] Downloaded: https://repo.maven.apache.org/maven2/org/sonatype/sisu/sisu-guice/2.1.7/sisu-guice-2.1.7.pom (11 KB at 469.6 KB/sec)
[INFO] Downloading: https://repo.maven.apache.org/maven2/org/apache/maven/maven-core/3.0/maven-core-3.0.pom
[INFO] Downloaded: https://repo.maven.apache.org/maven2/org/apache/maven/maven-core/3.0/maven-core-3.0.pom (7 KB at 308.3 KB/sec)
[INFO] Downloading: https://repo.maven.apache.org/maven2/org/apache/maven/maven-settings/3.0/maven-settings-3.0.pom
[INFO] Downloaded: https://repo.maven.apache.org/maven2/org/apache/maven/maven-settings/3.0/maven-settings-3.0.pom (2 KB at 79.9 KB/sec)
[INFO] Downloading: https://repo.maven.apache.org/maven2/org/apache/maven/maven-settings-builder/3.0/maven-settings-builder-3.0.pom
[INFO] Downloaded: https://repo.maven.apache.org/maven2/org/apache/maven/maven-settings-builder/3.0/maven-settings-builder-3.0.pom (3 KB at 108.4 KB/sec)
[INFO] Downloading: https://repo.maven.apache.org/maven2/org/codehaus/plexus/plexus-interpolation/1.14/plexus-interpolation-1.14.pom
[INFO] Downloaded: https://repo.maven.apache.org/maven2/org/codehaus/plexus/plexus-interpolation/1.14/plexus-interpolation-1.14.pom (910 B at 42.3 KB/sec)
[INFO] Downloading: https://repo.maven.apache.org/maven2/org/codehaus/plexus/plexus-components/1.1.18/plexus-components-1.1.18.pom
[INFO] Downloaded: https://repo.maven.apache.org/maven2/org/codehaus/plexus/plexus-components/1.1.18/plexus-components-1.1.18.pom (6 KB at 174.3 KB/sec)
[INFO] Downloading: https://repo.maven.apache.org/maven2/org/apache/maven/maven-repository-metadata/3.0/maven-repository-metadata-3.0.pom
[INFO] Downloaded: https://repo.maven.apache.org/maven2/org/apache/maven/maven-repository-metadata/3.0/maven-repository-metadata-3.0.pom (2 KB at 89.7 KB/sec)
[INFO] Downloading: https://repo.maven.apache.org/maven2/org/apache/maven/maven-model-builder/3.0/maven-model-builder-3.0.pom
[INFO] Downloaded: https://repo.maven.apache.org/maven2/org/apache/maven/maven-model-builder/3.0/maven-model-builder-3.0.pom (3 KB at 81.2 KB/sec)
[INFO] Downloading: https://repo.maven.apache.org/maven2/org/apache/maven/maven-aether-provider/3.0/maven-aether-provider-3.0.pom
[INFO] Downloaded: https://repo.maven.apache.org/maven2/org/apache/maven/maven-aether-provider/3.0/maven-aether-provider-3.0.pom (3 KB at 65.2 KB/sec)
[INFO] Downloading: https://repo.maven.apache.org/maven2/org/sonatype/aether/aether-api/1.7/aether-api-1.7.pom
[INFO] Downloaded: https://repo.maven.apache.org/maven2/org/sonatype/aether/aether-api/1.7/aether-api-1.7.pom (2 KB at 77.8 KB/sec)
[INFO] Downloading: https://repo.maven.apache.org/maven2/org/sonatype/aether/aether-parent/1.7/aether-parent-1.7.pom
[INFO] Downloaded: https://repo.maven.apache.org/maven2/org/sonatype/aether/aether-parent/1.7/aether-parent-1.7.pom (8 KB at 359.2 KB/sec)
[INFO] Downloading: https://repo.maven.apache.org/maven2/org/sonatype/aether/aether-util/1.7/aether-util-1.7.pom
[INFO] Downloaded: https://repo.maven.apache.org/maven2/org/sonatype/aether/aether-util/1.7/aether-util-1.7.pom (3 KB at 95.9 KB/sec)
[INFO] Downloading: https://repo.maven.apache.org/maven2/org/sonatype/aether/aether-impl/1.7/aether-impl-1.7.pom
[INFO] Downloaded: https://repo.maven.apache.org/maven2/org/sonatype/aether/aether-impl/1.7/aether-impl-1.7.pom (4 KB at 156.8 KB/sec)
[INFO] Downloading: https://repo.maven.apache.org/maven2/org/sonatype/aether/aether-spi/1.7/aether-spi-1.7.pom
[INFO] Downloaded: https://repo.maven.apache.org/maven2/org/sonatype/aether/aether-spi/1.7/aether-spi-1.7.pom (2 KB at 81.0 KB/sec)
[INFO] Downloading: https://repo.maven.apache.org/maven2/org/apache/maven/maven-compat/3.0/maven-compat-3.0.pom
[INFO] Downloaded: https://repo.maven.apache.org/maven2/org/apache/maven/maven-compat/3.0/maven-compat-3.0.pom (4 KB at 187.0 KB/sec)
[INFO] Downloading: https://repo.maven.apache.org/maven2/org/apache/maven/wagon/wagon-provider-api/1.0-beta-6/wagon-provider-api-1.0-beta-6.pom
[INFO] Downloaded: https://repo.maven.apache.org/maven2/org/apache/maven/wagon/wagon-provider-api/1.0-beta-6/wagon-provider-api-1.0-beta-6.pom (2 KB at 66.1 KB/sec)
[INFO] Downloading: https://repo.maven.apache.org/maven2/org/apache/maven/wagon/wagon/1.0-beta-6/wagon-1.0-beta-6.pom
[INFO] Downloaded: https://repo.maven.apache.org/maven2/org/apache/maven/wagon/wagon/1.0-beta-6/wagon-1.0-beta-6.pom (13 KB at 549.8 KB/sec)
[INFO] Downloading: https://repo.maven.apache.org/maven2/org/codehaus/plexus/plexus-utils/1.4.2/plexus-utils-1.4.2.pom
[INFO] Downloaded: https://repo.maven.apache.org/maven2/org/codehaus/plexus/plexus-utils/1.4.2/plexus-utils-1.4.2.pom (2 KB at 91.1 KB/sec)
[INFO] Downloading: https://repo.maven.apache.org/maven2/org/codehaus/plexus/plexus-utils/3.0.15/plexus-utils-3.0.15.pom
[INFO] Downloaded: https://repo.maven.apache.org/maven2/org/codehaus/plexus/plexus-utils/3.0.15/plexus-utils-3.0.15.pom (4 KB at 139.6 KB/sec)
[INFO] Downloading: https://repo.maven.apache.org/maven2/org/ow2/asm/asm/5.0.2/asm-5.0.2.pom
[INFO] Downloaded: https://repo.maven.apache.org/maven2/org/ow2/asm/asm/5.0.2/asm-5.0.2.pom (2 KB at 90.0 KB/sec)
[INFO] Downloading: https://repo.maven.apache.org/maven2/org/ow2/asm/asm-parent/5.0.2/asm-parent-5.0.2.pom
[INFO] Downloaded: https://repo.maven.apache.org/maven2/org/ow2/asm/asm-parent/5.0.2/asm-parent-5.0.2.pom (6 KB at 57.7 KB/sec)
[INFO] Downloading: https://repo.maven.apache.org/maven2/org/ow2/ow2/1.3/ow2-1.3.pom
[INFO] Downloaded: https://repo.maven.apache.org/maven2/org/ow2/ow2/1.3/ow2-1.3.pom (10 KB at 320.2 KB/sec)
[INFO] Downloading: https://repo.maven.apache.org/maven2/org/ow2/asm/asm-commons/5.0.2/asm-commons-5.0.2.pom
[INFO] Downloaded: https://repo.maven.apache.org/maven2/org/ow2/asm/asm-commons/5.0.2/asm-commons-5.0.2.pom (3 KB at 88.9 KB/sec)
[INFO] Downloading: https://repo.maven.apache.org/maven2/org/ow2/asm/asm-tree/5.0.2/asm-tree-5.0.2.pom
[INFO] Downloaded: https://repo.maven.apache.org/maven2/org/ow2/asm/asm-tree/5.0.2/asm-tree-5.0.2.pom (3 KB at 92.5 KB/sec)
[INFO] Downloading: https://repo.maven.apache.org/maven2/org/jdom/jdom/1.1/jdom-1.1.pom
[INFO] Downloaded: https://repo.maven.apache.org/maven2/org/jdom/jdom/1.1/jdom-1.1.pom (3 KB at 101.7 KB/sec)
[INFO] Downloading: https://repo.maven.apache.org/maven2/org/apache/maven/shared/maven-dependency-tree/2.1/maven-dependency-tree-2.1.pom
[INFO] Downloaded: https://repo.maven.apache.org/maven2/org/apache/maven/shared/maven-dependency-tree/2.1/maven-dependency-tree-2.1.pom (7 KB at 288.3 KB/sec)
[INFO] Downloading: https://repo.maven.apache.org/maven2/org/apache/maven/maven-project/2.2.0/maven-project-2.2.0.pom
[INFO] Downloaded: https://repo.maven.apache.org/maven2/org/apache/maven/maven-project/2.2.0/maven-project-2.2.0.pom (3 KB at 129.0 KB/sec)
[INFO] Downloading: https://repo.maven.apache.org/maven2/org/apache/maven/maven/2.2.0/maven-2.2.0.pom
[INFO] Downloaded: https://repo.maven.apache.org/maven2/org/apache/maven/maven/2.2.0/maven-2.2.0.pom (22 KB at 1044.3 KB/sec)
[INFO] Downloading: https://repo.maven.apache.org/maven2/org/apache/maven/maven-settings/2.2.0/maven-settings-2.2.0.pom
[INFO] Downloaded: https://repo.maven.apache.org/maven2/org/apache/maven/maven-settings/2.2.0/maven-settings-2.2.0.pom (3 KB at 92.5 KB/sec)
[INFO] Downloading: https://repo.maven.apache.org/maven2/org/apache/maven/maven-model/2.2.0/maven-model-2.2.0.pom
[INFO] Downloaded: https://repo.maven.apache.org/maven2/org/apache/maven/maven-model/2.2.0/maven-model-2.2.0.pom (4 KB at 143.8 KB/sec)
[INFO] Downloading: https://repo.maven.apache.org/maven2/org/apache/maven/maven-profile/2.2.0/maven-profile-2.2.0.pom
[INFO] Downloaded: https://repo.maven.apache.org/maven2/org/apache/maven/maven-profile/2.2.0/maven-profile-2.2.0.pom (3 KB at 70.7 KB/sec)
[INFO] Downloading: https://repo.maven.apache.org/maven2/org/apache/maven/maven-artifact-manager/2.2.0/maven-artifact-manager-2.2.0.pom
[INFO] Downloaded: https://repo.maven.apache.org/maven2/org/apache/maven/maven-artifact-manager/2.2.0/maven-artifact-manager-2.2.0.pom (4 KB at 144.3 KB/sec)
[INFO] Downloading: https://repo.maven.apache.org/maven2/org/apache/maven/maven-repository-metadata/2.2.0/maven-repository-metadata-2.2.0.pom
[INFO] Downloaded: https://repo.maven.apache.org/maven2/org/apache/maven/maven-repository-metadata/2.2.0/maven-repository-metadata-2.2.0.pom (2 KB at 87.0 KB/sec)
[INFO] Downloading: https://repo.maven.apache.org/maven2/org/apache/maven/maven-artifact/2.2.0/maven-artifact-2.2.0.pom
[INFO] Downloaded: https://repo.maven.apache.org/maven2/org/apache/maven/maven-artifact/2.2.0/maven-artifact-2.2.0.pom (2 KB at 77.2 KB/sec)
[INFO] Downloading: https://repo.maven.apache.org/maven2/org/apache/maven/maven-plugin-registry/2.2.0/maven-plugin-registry-2.2.0.pom
[INFO] Downloaded: https://repo.maven.apache.org/maven2/org/apache/maven/maven-plugin-registry/2.2.0/maven-plugin-registry-2.2.0.pom (2 KB at 69.8 KB/sec)
[INFO] Downloading: https://repo.maven.apache.org/maven2/org/eclipse/aether/aether-util/0.9.0.M2/aether-util-0.9.0.M2.pom
[INFO] Downloaded: https://repo.maven.apache.org/maven2/org/eclipse/aether/aether-util/0.9.0.M2/aether-util-0.9.0.M2.pom (2 KB at 94.6 KB/sec)
[INFO] Downloading: https://repo.maven.apache.org/maven2/org/eclipse/aether/aether/0.9.0.M2/aether-0.9.0.M2.pom
[INFO] Downloaded: https://repo.maven.apache.org/maven2/org/eclipse/aether/aether/0.9.0.M2/aether-0.9.0.M2.pom (28 KB at 1134.0 KB/sec)
[INFO] Downloading: https://repo.maven.apache.org/maven2/org/vafer/jdependency/0.9/jdependency-0.9.pom
[INFO] Downloaded: https://repo.maven.apache.org/maven2/org/vafer/jdependency/0.9/jdependency-0.9.pom (11 KB at 474.4 KB/sec)
[INFO] Downloading: https://repo.maven.apache.org/maven2/commons-io/commons-io/2.2/commons-io-2.2.pom
[INFO] Downloaded: https://repo.maven.apache.org/maven2/commons-io/commons-io/2.2/commons-io-2.2.pom (11 KB at 489.8 KB/sec)
[INFO] Downloading: https://repo.maven.apache.org/maven2/org/apache/commons/commons-parent/24/commons-parent-24.pom
[INFO] Downloaded: https://repo.maven.apache.org/maven2/org/apache/commons/commons-parent/24/commons-parent-24.pom (47 KB at 2006.8 KB/sec)
[INFO] Downloading: https://repo.maven.apache.org/maven2/org/ow2/asm/asm-analysis/5.0.2/asm-analysis-5.0.2.pom
[INFO] Downloaded: https://repo.maven.apache.org/maven2/org/ow2/asm/asm-analysis/5.0.2/asm-analysis-5.0.2.pom (3 KB at 93.0 KB/sec)
[INFO] Downloading: https://repo.maven.apache.org/maven2/org/ow2/asm/asm-util/5.0.2/asm-util-5.0.2.pom
[INFO] Downloaded: https://repo.maven.apache.org/maven2/org/ow2/asm/asm-util/5.0.2/asm-util-5.0.2.pom (3 KB at 92.7 KB/sec)
[INFO] Downloading: https://repo.maven.apache.org/maven2/com/google/guava/guava/11.0.2/guava-11.0.2.pom
[INFO] Downloaded: https://repo.maven.apache.org/maven2/com/google/guava/guava/11.0.2/guava-11.0.2.pom (6 KB at 213.7 KB/sec)
[INFO] Downloading: https://repo.maven.apache.org/maven2/com/google/guava/guava-parent/11.0.2/guava-parent-11.0.2.pom
[INFO] Downloaded: https://repo.maven.apache.org/maven2/com/google/guava/guava-parent/11.0.2/guava-parent-11.0.2.pom (2 KB at 95.7 KB/sec)
[INFO] Downloading: https://repo.maven.apache.org/maven2/com/google/code/findbugs/jsr305/1.3.9/jsr305-1.3.9.pom
[INFO] Downloaded: https://repo.maven.apache.org/maven2/com/google/code/findbugs/jsr305/1.3.9/jsr305-1.3.9.pom (965 B at 47.1 KB/sec)
[INFO] Downloading: https://repo.maven.apache.org/maven2/org/sonatype/sisu/sisu-inject-bean/1.4.2/sisu-inject-bean-1.4.2.jar
[INFO] Downloading: https://repo.maven.apache.org/maven2/org/sonatype/sisu/sisu-guice/2.1.7/sisu-guice-2.1.7-noaop.jar
[INFO] Downloading: https://repo.maven.apache.org/maven2/org/sonatype/aether/aether-util/1.7/aether-util-1.7.jar
[INFO] Downloading: https://repo.maven.apache.org/maven2/org/sonatype/plexus/plexus-sec-dispatcher/1.3/plexus-sec-dispatcher-1.3.jar
[INFO] Downloading: https://repo.maven.apache.org/maven2/org/codehaus/plexus/plexus-interpolation/1.14/plexus-interpolation-1.14.jar
[INFO] Downloaded: https://repo.maven.apache.org/maven2/org/sonatype/sisu/sisu-inject-bean/1.4.2/sisu-inject-bean-1.4.2.jar (150 KB at 4037.9 KB/sec)
[INFO] Downloading: https://repo.maven.apache.org/maven2/org/sonatype/plexus/plexus-cipher/1.4/plexus-cipher-1.4.jar
[INFO] Downloaded: https://repo.maven.apache.org/maven2/org/sonatype/plexus/plexus-sec-dispatcher/1.3/plexus-sec-dispatcher-1.3.jar (28 KB at 753.7 KB/sec)
[INFO] Downloading: https://repo.maven.apache.org/maven2/org/codehaus/plexus/plexus-utils/3.0.15/plexus-utils-3.0.15.jar
[INFO] Downloaded: https://repo.maven.apache.org/maven2/org/sonatype/aether/aether-util/1.7/aether-util-1.7.jar (106 KB at 2196.2 KB/sec)
[INFO] Downloading: https://repo.maven.apache.org/maven2/org/ow2/asm/asm/5.0.2/asm-5.0.2.jar
[INFO] Downloaded: https://repo.maven.apache.org/maven2/org/sonatype/sisu/sisu-guice/2.1.7/sisu-guice-2.1.7-noaop.jar (461 KB at 8859.2 KB/sec)
[INFO] Downloading: https://repo.maven.apache.org/maven2/org/ow2/asm/asm-commons/5.0.2/asm-commons-5.0.2.jar
[INFO] Downloaded: https://repo.maven.apache.org/maven2/org/codehaus/plexus/plexus-interpolation/1.14/plexus-interpolation-1.14.jar (60 KB at 1146.9 KB/sec)
[INFO] Downloading: https://repo.maven.apache.org/maven2/org/ow2/asm/asm-tree/5.0.2/asm-tree-5.0.2.jar
[INFO] Downloaded: https://repo.maven.apache.org/maven2/org/sonatype/plexus/plexus-cipher/1.4/plexus-cipher-1.4.jar (14 KB at 223.4 KB/sec)
[INFO] Downloading: https://repo.maven.apache.org/maven2/org/jdom/jdom/1.1/jdom-1.1.jar
[INFO] Downloaded: https://repo.maven.apache.org/maven2/org/codehaus/plexus/plexus-utils/3.0.15/plexus-utils-3.0.15.jar (234 KB at 3333.6 KB/sec)
[INFO] Downloading: https://repo.maven.apache.org/maven2/org/apache/maven/shared/maven-dependency-tree/2.1/maven-dependency-tree-2.1.jar
[INFO] Downloaded: https://repo.maven.apache.org/maven2/org/ow2/asm/asm/5.0.2/asm-5.0.2.jar (52 KB at 732.2 KB/sec)
[INFO] Downloading: https://repo.maven.apache.org/maven2/backport-util-concurrent/backport-util-concurrent/3.1/backport-util-concurrent-3.1.jar
[INFO] Downloaded: https://repo.maven.apache.org/maven2/org/ow2/asm/asm-commons/5.0.2/asm-commons-5.0.2.jar (41 KB at 558.1 KB/sec)
[INFO] Downloading: https://repo.maven.apache.org/maven2/org/eclipse/aether/aether-util/0.9.0.M2/aether-util-0.9.0.M2.jar
[INFO] Downloaded: https://repo.maven.apache.org/maven2/org/ow2/asm/asm-tree/5.0.2/asm-tree-5.0.2.jar (29 KB at 378.1 KB/sec)
[INFO] Downloading: https://repo.maven.apache.org/maven2/org/vafer/jdependency/0.9/jdependency-0.9.jar
[INFO] Downloaded: https://repo.maven.apache.org/maven2/org/apache/maven/shared/maven-dependency-tree/2.1/maven-dependency-tree-2.1.jar (59 KB at 636.4 KB/sec)
[INFO] Downloading: https://repo.maven.apache.org/maven2/commons-io/commons-io/2.2/commons-io-2.2.jar
[INFO] Downloaded: https://repo.maven.apache.org/maven2/org/jdom/jdom/1.1/jdom-1.1.jar (150 KB at 1437.8 KB/sec)
[INFO] Downloading: https://repo.maven.apache.org/maven2/org/ow2/asm/asm-analysis/5.0.2/asm-analysis-5.0.2.jar
[INFO] Downloaded: https://repo.maven.apache.org/maven2/backport-util-concurrent/backport-util-concurrent/3.1/backport-util-concurrent-3.1.jar (324 KB at 3085.2 KB/sec)
[INFO] Downloaded: https://repo.maven.apache.org/maven2/org/vafer/jdependency/0.9/jdependency-0.9.jar (22 KB at 203.5 KB/sec)
[INFO] Downloading: https://repo.maven.apache.org/maven2/org/ow2/asm/asm-util/5.0.2/asm-util-5.0.2.jar
[INFO] Downloading: https://repo.maven.apache.org/maven2/com/google/guava/guava/11.0.2/guava-11.0.2.jar
[INFO] Downloaded: https://repo.maven.apache.org/maven2/org/eclipse/aether/aether-util/0.9.0.M2/aether-util-0.9.0.M2.jar (131 KB at 1144.4 KB/sec)
[INFO] Downloading: https://repo.maven.apache.org/maven2/com/google/code/findbugs/jsr305/1.3.9/jsr305-1.3.9.jar
[INFO] Downloaded: https://repo.maven.apache.org/maven2/commons-io/commons-io/2.2/commons-io-2.2.jar (170 KB at 1378.2 KB/sec)
[INFO] Downloaded: https://repo.maven.apache.org/maven2/org/ow2/asm/asm-util/5.0.2/asm-util-5.0.2.jar (43 KB at 330.3 KB/sec)
[INFO] Downloaded: https://repo.maven.apache.org/maven2/org/ow2/asm/asm-analysis/5.0.2/asm-analysis-5.0.2.jar (20 KB at 151.3 KB/sec)
[INFO] Downloaded: https://repo.maven.apache.org/maven2/com/google/code/findbugs/jsr305/1.3.9/jsr305-1.3.9.jar (33 KB at 240.6 KB/sec)
[INFO] Downloaded: https://repo.maven.apache.org/maven2/com/google/guava/guava/11.0.2/guava-11.0.2.jar (1610 KB at 8747.7 KB/sec)
[INFO] Attaching shaded artifact.
[INFO] 
[INFO] >>> maven-source-plugin:2.4:jar (attach-sources) > generate-sources @ libSBOLj-deprecated >>>
[INFO] 
[INFO] <<< maven-source-plugin:2.4:jar (attach-sources) < generate-sources @ libSBOLj-deprecated <<<
[INFO] 
[INFO] --- maven-source-plugin:2.4:jar (attach-sources) @ libSBOLj-deprecated ---
[INFO] Downloading: https://repo.maven.apache.org/maven2/org/codehaus/plexus/plexus-archiver/2.6.3/plexus-archiver-2.6.3.pom
[INFO] Downloaded: https://repo.maven.apache.org/maven2/org/codehaus/plexus/plexus-archiver/2.6.3/plexus-archiver-2.6.3.pom (4 KB at 128.9 KB/sec)
[INFO] Downloading: https://repo.maven.apache.org/maven2/org/codehaus/plexus/plexus-components/1.3/plexus-components-1.3.pom
[INFO] Downloaded: https://repo.maven.apache.org/maven2/org/codehaus/plexus/plexus-components/1.3/plexus-components-1.3.pom (3 KB at 135.7 KB/sec)
[INFO] Downloading: https://repo.maven.apache.org/maven2/org/codehaus/plexus/plexus/3.3/plexus-3.3.pom
[INFO] Downloaded: https://repo.maven.apache.org/maven2/org/codehaus/plexus/plexus/3.3/plexus-3.3.pom (20 KB at 883.3 KB/sec)
[INFO] Downloading: https://repo.maven.apache.org/maven2/org/codehaus/plexus/plexus-utils/3.0.18/plexus-utils-3.0.18.pom
[INFO] Downloaded: https://repo.maven.apache.org/maven2/org/codehaus/plexus/plexus-utils/3.0.18/plexus-utils-3.0.18.pom (4 KB at 138.1 KB/sec)
[INFO] Downloading: https://repo.maven.apache.org/maven2/org/codehaus/plexus/plexus-io/2.1.3/plexus-io-2.1.3.pom
[INFO] Downloaded: https://repo.maven.apache.org/maven2/org/codehaus/plexus/plexus-io/2.1.3/plexus-io-2.1.3.pom (3 KB at 99.7 KB/sec)
[INFO] Downloading: https://repo.maven.apache.org/maven2/org/codehaus/plexus/plexus-components/1.2/plexus-components-1.2.pom
[INFO] Downloaded: https://repo.maven.apache.org/maven2/org/codehaus/plexus/plexus-components/1.2/plexus-components-1.2.pom (3 KB at 142.2 KB/sec)
[INFO] Downloading: https://repo.maven.apache.org/maven2/org/apache/commons/commons-compress/1.8.1/commons-compress-1.8.1.pom
[INFO] Downloaded: https://repo.maven.apache.org/maven2/org/apache/commons/commons-compress/1.8.1/commons-compress-1.8.1.pom (12 KB at 531.6 KB/sec)
[INFO] Downloading: https://repo.maven.apache.org/maven2/org/apache/commons/commons-parent/33/commons-parent-33.pom
[INFO] Downloaded: https://repo.maven.apache.org/maven2/org/apache/commons/commons-parent/33/commons-parent-33.pom (52 KB at 2160.2 KB/sec)
[INFO] Downloading: https://repo.maven.apache.org/maven2/org/codehaus/plexus/plexus-interpolation/1.11/plexus-interpolation-1.11.jar
[INFO] Downloading: https://repo.maven.apache.org/maven2/org/codehaus/plexus/plexus-io/2.1.3/plexus-io-2.1.3.jar
[INFO] Downloading: https://repo.maven.apache.org/maven2/org/codehaus/plexus/plexus-archiver/2.6.3/plexus-archiver-2.6.3.jar
[INFO] Downloading: https://repo.maven.apache.org/maven2/org/codehaus/plexus/plexus-utils/3.0.18/plexus-utils-3.0.18.jar
[INFO] Downloading: https://repo.maven.apache.org/maven2/org/apache/commons/commons-compress/1.8.1/commons-compress-1.8.1.jar
[INFO] Downloaded: https://repo.maven.apache.org/maven2/org/codehaus/plexus/plexus-interpolation/1.11/plexus-interpolation-1.11.jar (50 KB at 1275.4 KB/sec)
[INFO] Downloaded: https://repo.maven.apache.org/maven2/org/codehaus/plexus/plexus-io/2.1.3/plexus-io-2.1.3.jar (65 KB at 1582.7 KB/sec)
[INFO] Downloaded: https://repo.maven.apache.org/maven2/org/apache/commons/commons-compress/1.8.1/commons-compress-1.8.1.jar (357 KB at 7285.4 KB/sec)
[INFO] Downloaded: https://repo.maven.apache.org/maven2/org/codehaus/plexus/plexus-utils/3.0.18/plexus-utils-3.0.18.jar (238 KB at 4163.2 KB/sec)
[INFO] Downloaded: https://repo.maven.apache.org/maven2/org/codehaus/plexus/plexus-archiver/2.6.3/plexus-archiver-2.6.3.jar (129 KB at 1781.5 KB/sec)
[INFO] Building jar: /home/travis/build/SynBioDex/libSBOLj/core/target/libSBOLj-deprecated-1.0.0-sources.jar
[INFO] 
[INFO] --- maven-javadoc-plugin:2.10.3:jar (attach-javadocs) @ libSBOLj-deprecated ---
[INFO] Downloading: https://repo.maven.apache.org/maven2/org/apache/maven/reporting/maven-reporting-api/2.2.1/maven-reporting-api-2.2.1.pom
[INFO] Downloaded: https://repo.maven.apache.org/maven2/org/apache/maven/reporting/maven-reporting-api/2.2.1/maven-reporting-api-2.2.1.pom (2 KB at 86.1 KB/sec)
[INFO] Downloading: https://repo.maven.apache.org/maven2/org/apache/maven/reporting/maven-reporting/2.2.1/maven-reporting-2.2.1.pom
[INFO] Downloaded: https://repo.maven.apache.org/maven2/org/apache/maven/reporting/maven-reporting/2.2.1/maven-reporting-2.2.1.pom (2 KB at 64.1 KB/sec)
[INFO] Downloading: https://repo.maven.apache.org/maven2/org/apache/maven/doxia/doxia-sink-api/1.1/doxia-sink-api-1.1.pom
[INFO] Downloaded: https://repo.maven.apache.org/maven2/org/apache/maven/doxia/doxia-sink-api/1.1/doxia-sink-api-1.1.pom (2 KB at 90.5 KB/sec)
[INFO] Downloading: https://repo.maven.apache.org/maven2/org/apache/maven/doxia/doxia/1.1/doxia-1.1.pom
[INFO] Downloaded: https://repo.maven.apache.org/maven2/org/apache/maven/doxia/doxia/1.1/doxia-1.1.pom (15 KB at 705.8 KB/sec)
[INFO] Downloading: https://repo.maven.apache.org/maven2/org/apache/maven/doxia/doxia-logging-api/1.1/doxia-logging-api-1.1.pom
[INFO] Downloaded: https://repo.maven.apache.org/maven2/org/apache/maven/doxia/doxia-logging-api/1.1/doxia-logging-api-1.1.pom (2 KB at 69.9 KB/sec)
[INFO] Downloading: https://repo.maven.apache.org/maven2/org/codehaus/plexus/plexus-container-default/1.0-alpha-30/plexus-container-default-1.0-alpha-30.pom
[INFO] Downloaded: https://repo.maven.apache.org/maven2/org/codehaus/plexus/plexus-container-default/1.0-alpha-30/plexus-container-default-1.0-alpha-30.pom (4 KB at 161.7 KB/sec)
[INFO] Downloading: https://repo.maven.apache.org/maven2/org/codehaus/plexus/plexus-containers/1.0-alpha-30/plexus-containers-1.0-alpha-30.pom
[INFO] Downloaded: https://repo.maven.apache.org/maven2/org/codehaus/plexus/plexus-containers/1.0-alpha-30/plexus-containers-1.0-alpha-30.pom (2 KB at 88.1 KB/sec)
[INFO] Downloading: https://repo.maven.apache.org/maven2/org/codehaus/plexus/plexus-classworlds/1.2-alpha-9/plexus-classworlds-1.2-alpha-9.pom
[INFO] Downloaded: https://repo.maven.apache.org/maven2/org/codehaus/plexus/plexus-classworlds/1.2-alpha-9/plexus-classworlds-1.2-alpha-9.pom (4 KB at 136.8 KB/sec)
[INFO] Downloading: https://repo.maven.apache.org/maven2/org/codehaus/plexus/plexus/1.0.10/plexus-1.0.10.pom
[INFO] Downloaded: https://repo.maven.apache.org/maven2/org/codehaus/plexus/plexus/1.0.10/plexus-1.0.10.pom (9 KB at 335.7 KB/sec)
[INFO] Downloading: https://repo.maven.apache.org/maven2/commons-cli/commons-cli/1.2/commons-cli-1.2.pom
[INFO] Downloaded: https://repo.maven.apache.org/maven2/commons-cli/commons-cli/1.2/commons-cli-1.2.pom (8 KB at 354.2 KB/sec)
[INFO] Downloading: https://repo.maven.apache.org/maven2/org/apache/commons/commons-parent/11/commons-parent-11.pom
[INFO] Downloaded: https://repo.maven.apache.org/maven2/org/apache/commons/commons-parent/11/commons-parent-11.pom (25 KB at 1094.1 KB/sec)
[INFO] Downloading: https://repo.maven.apache.org/maven2/org/apache/maven/maven-toolchain/2.2.1/maven-toolchain-2.2.1.pom
[INFO] Downloaded: https://repo.maven.apache.org/maven2/org/apache/maven/maven-toolchain/2.2.1/maven-toolchain-2.2.1.pom (4 KB at 77.8 KB/sec)
[INFO] Downloading: https://repo.maven.apache.org/maven2/org/apache/maven/reporting/maven-reporting-api/3.0/maven-reporting-api-3.0.pom
[INFO] Downloaded: https://repo.maven.apache.org/maven2/org/apache/maven/reporting/maven-reporting-api/3.0/maven-reporting-api-3.0.pom (3 KB at 110.4 KB/sec)
[INFO] Downloading: https://repo.maven.apache.org/maven2/org/apache/maven/shared/maven-shared-components/15/maven-shared-components-15.pom
[INFO] Downloaded: https://repo.maven.apache.org/maven2/org/apache/maven/shared/maven-shared-components/15/maven-shared-components-15.pom (10 KB at 434.2 KB/sec)
[INFO] Downloading: https://repo.maven.apache.org/maven2/org/apache/maven/maven-parent/16/maven-parent-16.pom
[INFO] Downloaded: https://repo.maven.apache.org/maven2/org/apache/maven/maven-parent/16/maven-parent-16.pom (23 KB at 1033.0 KB/sec)
[INFO] Downloading: https://repo.maven.apache.org/maven2/org/apache/maven/doxia/doxia-sink-api/1.0/doxia-sink-api-1.0.pom
[INFO] Downloaded: https://repo.maven.apache.org/maven2/org/apache/maven/doxia/doxia-sink-api/1.0/doxia-sink-api-1.0.pom (2 KB at 64.5 KB/sec)
[INFO] Downloading: https://repo.maven.apache.org/maven2/org/apache/maven/doxia/doxia/1.0/doxia-1.0.pom
[INFO] Downloaded: https://repo.maven.apache.org/maven2/org/apache/maven/doxia/doxia/1.0/doxia-1.0.pom (10 KB at 448.5 KB/sec)
[INFO] Downloading: https://repo.maven.apache.org/maven2/org/apache/maven/maven-parent/10/maven-parent-10.pom
[INFO] Downloaded: https://repo.maven.apache.org/maven2/org/apache/maven/maven-parent/10/maven-parent-10.pom (31 KB at 1404.3 KB/sec)
[INFO] Downloading: https://repo.maven.apache.org/maven2/org/apache/maven/shared/maven-invoker/2.0.9/maven-invoker-2.0.9.pom
[INFO] Downloaded: https://repo.maven.apache.org/maven2/org/apache/maven/shared/maven-invoker/2.0.9/maven-invoker-2.0.9.pom (6 KB at 182.0 KB/sec)
[INFO] Downloading: https://repo.maven.apache.org/maven2/org/apache/maven/shared/maven-shared-components/9/maven-shared-components-9.pom
[INFO] Downloaded: https://repo.maven.apache.org/maven2/org/apache/maven/shared/maven-shared-components/9/maven-shared-components-9.pom (4 KB at 162.8 KB/sec)
[INFO] Downloading: https://repo.maven.apache.org/maven2/org/codehaus/plexus/plexus-utils/1.5.6/plexus-utils-1.5.6.pom
[INFO] Downloaded: https://repo.maven.apache.org/maven2/org/codehaus/plexus/plexus-utils/1.5.6/plexus-utils-1.5.6.pom (6 KB at 235.4 KB/sec)
[INFO] Downloading: https://repo.maven.apache.org/maven2/org/codehaus/plexus/plexus/1.0.12/plexus-1.0.12.pom
[INFO] Downloaded: https://repo.maven.apache.org/maven2/org/codehaus/plexus/plexus/1.0.12/plexus-1.0.12.pom (10 KB at 478.5 KB/sec)
[INFO] Downloading: https://repo.maven.apache.org/maven2/org/apache/maven/maven-artifact/2.0.8/maven-artifact-2.0.8.pom
[INFO] Downloaded: https://repo.maven.apache.org/maven2/org/apache/maven/maven-artifact/2.0.8/maven-artifact-2.0.8.pom (2 KB at 46.5 KB/sec)
[INFO] Downloading: https://repo.maven.apache.org/maven2/org/apache/maven/maven/2.0.8/maven-2.0.8.pom
[INFO] Downloaded: https://repo.maven.apache.org/maven2/org/apache/maven/maven/2.0.8/maven-2.0.8.pom (12 KB at 513.5 KB/sec)
[INFO] Downloading: https://repo.maven.apache.org/maven2/org/apache/maven/maven-parent/6/maven-parent-6.pom
[INFO] Downloaded: https://repo.maven.apache.org/maven2/org/apache/maven/maven-parent/6/maven-parent-6.pom (20 KB at 889.8 KB/sec)
[INFO] Downloading: https://repo.maven.apache.org/maven2/org/codehaus/plexus/plexus-utils/1.4.6/plexus-utils-1.4.6.pom
[INFO] Downloaded: https://repo.maven.apache.org/maven2/org/codehaus/plexus/plexus-utils/1.4.6/plexus-utils-1.4.6.pom (3 KB at 100.5 KB/sec)
[INFO] Downloading: https://repo.maven.apache.org/maven2/org/apache/maven/maven-model/2.0.8/maven-model-2.0.8.pom
[INFO] Downloaded: https://repo.maven.apache.org/maven2/org/apache/maven/maven-model/2.0.8/maven-model-2.0.8.pom (4 KB at 139.4 KB/sec)
[INFO] Downloading: https://repo.maven.apache.org/maven2/org/apache/maven/maven-project/2.0.8/maven-project-2.0.8.pom
[INFO] Downloaded: https://repo.maven.apache.org/maven2/org/apache/maven/maven-project/2.0.8/maven-project-2.0.8.pom (3 KB at 110.3 KB/sec)
[INFO] Downloading: https://repo.maven.apache.org/maven2/org/apache/maven/maven-settings/2.0.8/maven-settings-2.0.8.pom
[INFO] Downloaded: https://repo.maven.apache.org/maven2/org/apache/maven/maven-settings/2.0.8/maven-settings-2.0.8.pom (3 KB at 91.4 KB/sec)
[INFO] Downloading: https://repo.maven.apache.org/maven2/org/apache/maven/maven-profile/2.0.8/maven-profile-2.0.8.pom
[INFO] Downloaded: https://repo.maven.apache.org/maven2/org/apache/maven/maven-profile/2.0.8/maven-profile-2.0.8.pom (2 KB at 82.9 KB/sec)
[INFO] Downloading: https://repo.maven.apache.org/maven2/org/apache/maven/maven-artifact-manager/2.0.8/maven-artifact-manager-2.0.8.pom
[INFO] Downloaded: https://repo.maven.apache.org/maven2/org/apache/maven/maven-artifact-manager/2.0.8/maven-artifact-manager-2.0.8.pom (3 KB at 125.6 KB/sec)
[INFO] Downloading: https://repo.maven.apache.org/maven2/org/apache/maven/maven-repository-metadata/2.0.8/maven-repository-metadata-2.0.8.pom
[INFO] Downloaded: https://repo.maven.apache.org/maven2/org/apache/maven/maven-repository-metadata/2.0.8/maven-repository-metadata-2.0.8.pom (2 KB at 88.4 KB/sec)
[INFO] Downloading: https://repo.maven.apache.org/maven2/org/apache/maven/maven-plugin-registry/2.0.8/maven-plugin-registry-2.0.8.pom
[INFO] Downloaded: https://repo.maven.apache.org/maven2/org/apache/maven/maven-plugin-registry/2.0.8/maven-plugin-registry-2.0.8.pom (2 KB at 93.0 KB/sec)
[INFO] Downloading: https://repo.maven.apache.org/maven2/org/apache/maven/maven-plugin-api/2.0.8/maven-plugin-api-2.0.8.pom
[INFO] Downloaded: https://repo.maven.apache.org/maven2/org/apache/maven/maven-plugin-api/2.0.8/maven-plugin-api-2.0.8.pom (2 KB at 69.5 KB/sec)
[INFO] Downloading: https://repo.maven.apache.org/maven2/org/codehaus/plexus/plexus-utils/1.4.9/plexus-utils-1.4.9.pom
[INFO] Downloaded: https://repo.maven.apache.org/maven2/org/codehaus/plexus/plexus-utils/1.4.9/plexus-utils-1.4.9.pom (3 KB at 101.9 KB/sec)
[INFO] Downloading: https://repo.maven.apache.org/maven2/org/apache/maven/doxia/doxia-sink-api/1.4/doxia-sink-api-1.4.pom
[INFO] Downloaded: https://repo.maven.apache.org/maven2/org/apache/maven/doxia/doxia-sink-api/1.4/doxia-sink-api-1.4.pom (2 KB at 68.0 KB/sec)
[INFO] Downloading: https://repo.maven.apache.org/maven2/org/apache/maven/doxia/doxia/1.4/doxia-1.4.pom
[INFO] Downloaded: https://repo.maven.apache.org/maven2/org/apache/maven/doxia/doxia/1.4/doxia-1.4.pom (18 KB at 797.0 KB/sec)
[INFO] Downloading: https://repo.maven.apache.org/maven2/org/apache/maven/doxia/doxia-logging-api/1.4/doxia-logging-api-1.4.pom
[INFO] Downloaded: https://repo.maven.apache.org/maven2/org/apache/maven/doxia/doxia-logging-api/1.4/doxia-logging-api-1.4.pom (2 KB at 68.2 KB/sec)
[INFO] Downloading: https://repo.maven.apache.org/maven2/org/apache/maven/doxia/doxia-site-renderer/1.4/doxia-site-renderer-1.4.pom
[INFO] Downloaded: https://repo.maven.apache.org/maven2/org/apache/maven/doxia/doxia-site-renderer/1.4/doxia-site-renderer-1.4.pom (6 KB at 180.8 KB/sec)
[INFO] Downloading: https://repo.maven.apache.org/maven2/org/apache/maven/doxia/doxia-sitetools/1.4/doxia-sitetools-1.4.pom
[INFO] Downloaded: https://repo.maven.apache.org/maven2/org/apache/maven/doxia/doxia-sitetools/1.4/doxia-sitetools-1.4.pom (17 KB at 644.7 KB/sec)
[INFO] Downloading: https://repo.maven.apache.org/maven2/org/apache/maven/doxia/doxia-core/1.4/doxia-core-1.4.pom
[INFO] Downloaded: https://repo.maven.apache.org/maven2/org/apache/maven/doxia/doxia-core/1.4/doxia-core-1.4.pom (4 KB at 189.1 KB/sec)
[INFO] Downloading: https://repo.maven.apache.org/maven2/org/codehaus/plexus/plexus-utils/3.0.10/plexus-utils-3.0.10.pom
[INFO] Downloaded: https://repo.maven.apache.org/maven2/org/codehaus/plexus/plexus-utils/3.0.10/plexus-utils-3.0.10.pom (4 KB at 146.2 KB/sec)
[INFO] Downloading: https://repo.maven.apache.org/maven2/xerces/xercesImpl/2.9.1/xercesImpl-2.9.1.pom
[INFO] Downloaded: https://repo.maven.apache.org/maven2/xerces/xercesImpl/2.9.1/xercesImpl-2.9.1.pom (2 KB at 63.4 KB/sec)
[INFO] Downloading: https://repo.maven.apache.org/maven2/xml-apis/xml-apis/1.3.04/xml-apis-1.3.04.pom
[INFO] Downloaded: https://repo.maven.apache.org/maven2/xml-apis/xml-apis/1.3.04/xml-apis-1.3.04.pom (2 KB at 80.9 KB/sec)
[INFO] Downloading: https://repo.maven.apache.org/maven2/commons-lang/commons-lang/2.4/commons-lang-2.4.pom
[INFO] Downloaded: https://repo.maven.apache.org/maven2/commons-lang/commons-lang/2.4/commons-lang-2.4.pom (14 KB at 649.9 KB/sec)
[INFO] Downloading: https://repo.maven.apache.org/maven2/org/apache/commons/commons-parent/9/commons-parent-9.pom
[INFO] Downloaded: https://repo.maven.apache.org/maven2/org/apache/commons/commons-parent/9/commons-parent-9.pom (22 KB at 973.5 KB/sec)
[INFO] Downloading: https://repo.maven.apache.org/maven2/org/apache/httpcomponents/httpclient/4.0.2/httpclient-4.0.2.pom
[INFO] Downloaded: https://repo.maven.apache.org/maven2/org/apache/httpcomponents/httpclient/4.0.2/httpclient-4.0.2.pom (8 KB at 318.2 KB/sec)
[INFO] Downloading: https://repo.maven.apache.org/maven2/org/apache/httpcomponents/httpcomponents-client/4.0.2/httpcomponents-client-4.0.2.pom
[INFO] Downloaded: https://repo.maven.apache.org/maven2/org/apache/httpcomponents/httpcomponents-client/4.0.2/httpcomponents-client-4.0.2.pom (9 KB at 437.8 KB/sec)
[INFO] Downloading: https://repo.maven.apache.org/maven2/org/apache/httpcomponents/project/4.1/project-4.1.pom
[INFO] Downloaded: https://repo.maven.apache.org/maven2/org/apache/httpcomponents/project/4.1/project-4.1.pom (16 KB at 761.9 KB/sec)
[INFO] Downloading: https://repo.maven.apache.org/maven2/org/apache/httpcomponents/httpcore/4.0.1/httpcore-4.0.1.pom
[INFO] Downloaded: https://repo.maven.apache.org/maven2/org/apache/httpcomponents/httpcore/4.0.1/httpcore-4.0.1.pom (5 KB at 227.4 KB/sec)
[INFO] Downloading: https://repo.maven.apache.org/maven2/org/apache/httpcomponents/httpcomponents-core/4.0.1/httpcomponents-core-4.0.1.pom
[INFO] Downloaded: https://repo.maven.apache.org/maven2/org/apache/httpcomponents/httpcomponents-core/4.0.1/httpcomponents-core-4.0.1.pom (10 KB at 456.6 KB/sec)
[INFO] Downloading: https://repo.maven.apache.org/maven2/org/apache/httpcomponents/project/4.0/project-4.0.pom
[INFO] Downloaded: https://repo.maven.apache.org/maven2/org/apache/httpcomponents/project/4.0/project-4.0.pom (13 KB at 609.8 KB/sec)
[INFO] Downloading: https://repo.maven.apache.org/maven2/commons-logging/commons-logging/1.1.1/commons-logging-1.1.1.pom
[INFO] Downloaded: https://repo.maven.apache.org/maven2/commons-logging/commons-logging/1.1.1/commons-logging-1.1.1.pom (18 KB at 854.0 KB/sec)
[INFO] Downloading: https://repo.maven.apache.org/maven2/org/apache/commons/commons-parent/5/commons-parent-5.pom
[INFO] Downloaded: https://repo.maven.apache.org/maven2/org/apache/commons/commons-parent/5/commons-parent-5.pom (16 KB at 712.0 KB/sec)
[INFO] Downloading: https://repo.maven.apache.org/maven2/commons-codec/commons-codec/1.3/commons-codec-1.3.pom
[INFO] Downloaded: https://repo.maven.apache.org/maven2/commons-codec/commons-codec/1.3/commons-codec-1.3.pom (6 KB at 283.9 KB/sec)
[INFO] Downloading: https://repo.maven.apache.org/maven2/org/apache/maven/doxia/doxia-decoration-model/1.4/doxia-decoration-model-1.4.pom
[INFO] Downloaded: https://repo.maven.apache.org/maven2/org/apache/maven/doxia/doxia-decoration-model/1.4/doxia-decoration-model-1.4.pom (3 KB at 124.3 KB/sec)
[INFO] Downloading: https://repo.maven.apache.org/maven2/org/apache/maven/doxia/doxia-module-xhtml/1.4/doxia-module-xhtml-1.4.pom
[INFO] Downloaded: https://repo.maven.apache.org/maven2/org/apache/maven/doxia/doxia-module-xhtml/1.4/doxia-module-xhtml-1.4.pom (2 KB at 75.8 KB/sec)
[INFO] Downloading: https://repo.maven.apache.org/maven2/org/apache/maven/doxia/doxia-modules/1.4/doxia-modules-1.4.pom
[INFO] Downloaded: https://repo.maven.apache.org/maven2/org/apache/maven/doxia/doxia-modules/1.4/doxia-modules-1.4.pom (3 KB at 121.9 KB/sec)
[INFO] Downloading: https://repo.maven.apache.org/maven2/org/apache/maven/doxia/doxia-module-fml/1.4/doxia-module-fml-1.4.pom
[INFO] Downloaded: https://repo.maven.apache.org/maven2/org/apache/maven/doxia/doxia-module-fml/1.4/doxia-module-fml-1.4.pom (5 KB at 223.4 KB/sec)
[INFO] Downloading: https://repo.maven.apache.org/maven2/org/codehaus/plexus/plexus-i18n/1.0-beta-7/plexus-i18n-1.0-beta-7.pom
[INFO] Downloaded: https://repo.maven.apache.org/maven2/org/codehaus/plexus/plexus-i18n/1.0-beta-7/plexus-i18n-1.0-beta-7.pom (2 KB at 49.2 KB/sec)
[INFO] Downloading: https://repo.maven.apache.org/maven2/org/codehaus/plexus/plexus-components/1.1.12/plexus-components-1.1.12.pom
[INFO] Downloaded: https://repo.maven.apache.org/maven2/org/codehaus/plexus/plexus-components/1.1.12/plexus-components-1.1.12.pom (3 KB at 146.6 KB/sec)
[INFO] Downloading: https://repo.maven.apache.org/maven2/org/codehaus/plexus/plexus-velocity/1.1.7/plexus-velocity-1.1.7.pom
[INFO] Downloaded: https://repo.maven.apache.org/maven2/org/codehaus/plexus/plexus-velocity/1.1.7/plexus-velocity-1.1.7.pom (2 KB at 91.0 KB/sec)
[INFO] Downloading: https://repo.maven.apache.org/maven2/org/codehaus/plexus/plexus-container-default/1.0-alpha-20/plexus-container-default-1.0-alpha-20.pom
[INFO] Downloaded: https://repo.maven.apache.org/maven2/org/codehaus/plexus/plexus-container-default/1.0-alpha-20/plexus-container-default-1.0-alpha-20.pom (3 KB at 139.1 KB/sec)
[INFO] Downloading: https://repo.maven.apache.org/maven2/org/codehaus/plexus/plexus-containers/1.0-alpha-20/plexus-containers-1.0-alpha-20.pom
[INFO] Downloaded: https://repo.maven.apache.org/maven2/org/codehaus/plexus/plexus-containers/1.0-alpha-20/plexus-containers-1.0-alpha-20.pom (2 KB at 92.1 KB/sec)
[INFO] Downloading: https://repo.maven.apache.org/maven2/org/codehaus/plexus/plexus-utils/1.3/plexus-utils-1.3.pom
[INFO] Downloaded: https://repo.maven.apache.org/maven2/org/codehaus/plexus/plexus-utils/1.3/plexus-utils-1.3.pom (2 KB at 48.1 KB/sec)
[INFO] Downloading: https://repo.maven.apache.org/maven2/org/codehaus/plexus/plexus-classworlds/1.2-alpha-7/plexus-classworlds-1.2-alpha-7.pom
[INFO] Downloaded: https://repo.maven.apache.org/maven2/org/codehaus/plexus/plexus-classworlds/1.2-alpha-7/plexus-classworlds-1.2-alpha-7.pom (3 KB at 110.3 KB/sec)
[INFO] Downloading: https://repo.maven.apache.org/maven2/org/codehaus/plexus/plexus/1.0.9/plexus-1.0.9.pom
[INFO] Downloaded: https://repo.maven.apache.org/maven2/org/codehaus/plexus/plexus/1.0.9/plexus-1.0.9.pom (8 KB at 357.1 KB/sec)
[INFO] Downloading: https://repo.maven.apache.org/maven2/org/apache/velocity/velocity/1.5/velocity-1.5.pom
[INFO] Downloaded: https://repo.maven.apache.org/maven2/org/apache/velocity/velocity/1.5/velocity-1.5.pom (8 KB at 379.2 KB/sec)
[INFO] Downloading: https://repo.maven.apache.org/maven2/commons-collections/commons-collections/3.1/commons-collections-3.1.pom
[INFO] Downloaded: https://repo.maven.apache.org/maven2/commons-collections/commons-collections/3.1/commons-collections-3.1.pom (6 KB at 270.1 KB/sec)
[INFO] Downloading: https://repo.maven.apache.org/maven2/oro/oro/2.0.8/oro-2.0.8.pom
[INFO] Downloaded: https://repo.maven.apache.org/maven2/oro/oro/2.0.8/oro-2.0.8.pom (140 B at 6.5 KB/sec)
[INFO] Downloading: https://repo.maven.apache.org/maven2/org/apache/velocity/velocity-tools/2.0/velocity-tools-2.0.pom
[INFO] Downloaded: https://repo.maven.apache.org/maven2/org/apache/velocity/velocity-tools/2.0/velocity-tools-2.0.pom (18 KB at 772.8 KB/sec)
[INFO] Downloading: https://repo.maven.apache.org/maven2/commons-beanutils/commons-beanutils/1.7.0/commons-beanutils-1.7.0.pom
[INFO] Downloaded: https://repo.maven.apache.org/maven2/commons-beanutils/commons-beanutils/1.7.0/commons-beanutils-1.7.0.pom (357 B at 15.8 KB/sec)
[INFO] Downloading: https://repo.maven.apache.org/maven2/commons-logging/commons-logging/1.0.3/commons-logging-1.0.3.pom
[INFO] Downloaded: https://repo.maven.apache.org/maven2/commons-logging/commons-logging/1.0.3/commons-logging-1.0.3.pom (866 B at 40.3 KB/sec)
[INFO] Downloading: https://repo.maven.apache.org/maven2/commons-digester/commons-digester/1.8/commons-digester-1.8.pom
[INFO] Downloaded: https://repo.maven.apache.org/maven2/commons-digester/commons-digester/1.8/commons-digester-1.8.pom (7 KB at 310.9 KB/sec)
[INFO] Downloading: https://repo.maven.apache.org/maven2/commons-logging/commons-logging/1.1/commons-logging-1.1.pom
[INFO] Downloaded: https://repo.maven.apache.org/maven2/commons-logging/commons-logging/1.1/commons-logging-1.1.pom (7 KB at 287.5 KB/sec)
[INFO] Downloading: https://repo.maven.apache.org/maven2/logkit/logkit/1.0.1/logkit-1.0.1.pom
[INFO] Downloaded: https://repo.maven.apache.org/maven2/logkit/logkit/1.0.1/logkit-1.0.1.pom (147 B at 6.8 KB/sec)
[INFO] Downloading: https://repo.maven.apache.org/maven2/avalon-framework/avalon-framework/4.1.3/avalon-framework-4.1.3.pom
[INFO] Downloaded: https://repo.maven.apache.org/maven2/avalon-framework/avalon-framework/4.1.3/avalon-framework-4.1.3.pom (167 B at 5.8 KB/sec)
[INFO] Downloading: https://repo.maven.apache.org/maven2/javax/servlet/servlet-api/2.3/servlet-api-2.3.pom
[INFO] Downloaded: https://repo.maven.apache.org/maven2/javax/servlet/servlet-api/2.3/servlet-api-2.3.pom (156 B at 6.6 KB/sec)
[INFO] Downloading: https://repo.maven.apache.org/maven2/commons-chain/commons-chain/1.1/commons-chain-1.1.pom
[INFO] Downloaded: https://repo.maven.apache.org/maven2/commons-chain/commons-chain/1.1/commons-chain-1.1.pom (6 KB at 279.6 KB/sec)
[INFO] Downloading: https://repo.maven.apache.org/maven2/commons-digester/commons-digester/1.6/commons-digester-1.6.pom
[INFO] Downloaded: https://repo.maven.apache.org/maven2/commons-digester/commons-digester/1.6/commons-digester-1.6.pom (974 B at 31.7 KB/sec)
[INFO] Downloading: https://repo.maven.apache.org/maven2/commons-beanutils/commons-beanutils/1.6/commons-beanutils-1.6.pom
[INFO] Downloaded: https://repo.maven.apache.org/maven2/commons-beanutils/commons-beanutils/1.6/commons-beanutils-1.6.pom (3 KB at 102.5 KB/sec)
[INFO] Downloading: https://repo.maven.apache.org/maven2/commons-logging/commons-logging/1.0/commons-logging-1.0.pom
[INFO] Downloaded: https://repo.maven.apache.org/maven2/commons-logging/commons-logging/1.0/commons-logging-1.0.pom (163 B at 7.2 KB/sec)
[INFO] Downloading: https://repo.maven.apache.org/maven2/commons-collections/commons-collections/2.0/commons-collections-2.0.pom
[INFO] Downloaded: https://repo.maven.apache.org/maven2/commons-collections/commons-collections/2.0/commons-collections-2.0.pom (171 B at 8.0 KB/sec)
[INFO] Downloading: https://repo.maven.apache.org/maven2/commons-collections/commons-collections/2.1/commons-collections-2.1.pom
[INFO] Downloaded: https://repo.maven.apache.org/maven2/commons-collections/commons-collections/2.1/commons-collections-2.1.pom (4 KB at 148.1 KB/sec)
[INFO] Downloading: https://repo.maven.apache.org/maven2/xml-apis/xml-apis/1.0.b2/xml-apis-1.0.b2.pom
[INFO] Downloaded: https://repo.maven.apache.org/maven2/xml-apis/xml-apis/1.0.b2/xml-apis-1.0.b2.pom (3 KB at 84.5 KB/sec)
[INFO] Downloading: https://repo.maven.apache.org/maven2/commons-collections/commons-collections/3.2/commons-collections-3.2.pom
[INFO] Downloaded: https://repo.maven.apache.org/maven2/commons-collections/commons-collections/3.2/commons-collections-3.2.pom (11 KB at 489.8 KB/sec)
[INFO] Downloading: https://repo.maven.apache.org/maven2/commons-validator/commons-validator/1.3.1/commons-validator-1.3.1.pom
[INFO] Downloaded: https://repo.maven.apache.org/maven2/commons-validator/commons-validator/1.3.1/commons-validator-1.3.1.pom (9 KB at 400.7 KB/sec)
[INFO] Downloading: https://repo.maven.apache.org/maven2/commons-logging/commons-logging/1.0.4/commons-logging-1.0.4.pom
[INFO] Downloaded: https://repo.maven.apache.org/maven2/commons-logging/commons-logging/1.0.4/commons-logging-1.0.4.pom (6 KB at 244.8 KB/sec)
[INFO] Downloading: https://repo.maven.apache.org/maven2/dom4j/dom4j/1.1/dom4j-1.1.pom
[INFO] Downloaded: https://repo.maven.apache.org/maven2/dom4j/dom4j/1.1/dom4j-1.1.pom (142 B at 6.9 KB/sec)
[INFO] Downloading: https://repo.maven.apache.org/maven2/sslext/sslext/1.2-0/sslext-1.2-0.pom
[INFO] Downloaded: https://repo.maven.apache.org/maven2/sslext/sslext/1.2-0/sslext-1.2-0.pom (653 B at 30.4 KB/sec)
[INFO] Downloading: https://repo.maven.apache.org/maven2/org/apache/struts/struts-core/1.3.8/struts-core-1.3.8.pom
[INFO] Downloaded: https://repo.maven.apache.org/maven2/org/apache/struts/struts-core/1.3.8/struts-core-1.3.8.pom (5 KB at 113.8 KB/sec)
[INFO] Downloading: https://repo.maven.apache.org/maven2/org/apache/struts/struts-parent/1.3.8/struts-parent-1.3.8.pom
[INFO] Downloaded: https://repo.maven.apache.org/maven2/org/apache/struts/struts-parent/1.3.8/struts-parent-1.3.8.pom (10 KB at 417.8 KB/sec)
[INFO] Downloading: https://repo.maven.apache.org/maven2/org/apache/struts/struts-master/4/struts-master-4.pom
[INFO] Downloaded: https://repo.maven.apache.org/maven2/org/apache/struts/struts-master/4/struts-master-4.pom (12 KB at 550.2 KB/sec)
[INFO] Downloading: https://repo.maven.apache.org/maven2/org/apache/apache/2/apache-2.pom
[INFO] Downloaded: https://repo.maven.apache.org/maven2/org/apache/apache/2/apache-2.pom (4 KB at 166.5 KB/sec)
[INFO] Downloading: https://repo.maven.apache.org/maven2/antlr/antlr/2.7.2/antlr-2.7.2.pom
[INFO] Downloaded: https://repo.maven.apache.org/maven2/antlr/antlr/2.7.2/antlr-2.7.2.pom (145 B at 7.1 KB/sec)
[INFO] Downloading: https://repo.maven.apache.org/maven2/org/apache/struts/struts-taglib/1.3.8/struts-taglib-1.3.8.pom
[INFO] Downloaded: https://repo.maven.apache.org/maven2/org/apache/struts/struts-taglib/1.3.8/struts-taglib-1.3.8.pom (4 KB at 143.0 KB/sec)
[INFO] Downloading: https://repo.maven.apache.org/maven2/org/apache/struts/struts-tiles/1.3.8/struts-tiles-1.3.8.pom
[INFO] Downloaded: https://repo.maven.apache.org/maven2/org/apache/struts/struts-tiles/1.3.8/struts-tiles-1.3.8.pom (3 KB at 135.1 KB/sec)
[INFO] Downloading: https://repo.maven.apache.org/maven2/org/apache/velocity/velocity/1.6.2/velocity-1.6.2.pom
[INFO] Downloaded: https://repo.maven.apache.org/maven2/org/apache/velocity/velocity/1.6.2/velocity-1.6.2.pom (11 KB at 432.1 KB/sec)
[INFO] Downloading: https://repo.maven.apache.org/maven2/commons-collections/commons-collections/3.2.1/commons-collections-3.2.1.pom
[INFO] Downloaded: https://repo.maven.apache.org/maven2/commons-collections/commons-collections/3.2.1/commons-collections-3.2.1.pom (13 KB at 581.5 KB/sec)
[INFO] Downloading: https://repo.maven.apache.org/maven2/org/apache/httpcomponents/httpclient/4.2.3/httpclient-4.2.3.pom
[INFO] Downloaded: https://repo.maven.apache.org/maven2/org/apache/httpcomponents/httpclient/4.2.3/httpclient-4.2.3.pom (6 KB at 251.0 KB/sec)
[INFO] Downloading: https://repo.maven.apache.org/maven2/org/apache/httpcomponents/httpcomponents-client/4.2.3/httpcomponents-client-4.2.3.pom
[INFO] Downloaded: https://repo.maven.apache.org/maven2/org/apache/httpcomponents/httpcomponents-client/4.2.3/httpcomponents-client-4.2.3.pom (15 KB at 679.1 KB/sec)
[INFO] Downloading: https://repo.maven.apache.org/maven2/org/apache/httpcomponents/project/6/project-6.pom
[INFO] Downloaded: https://repo.maven.apache.org/maven2/org/apache/httpcomponents/project/6/project-6.pom (24 KB at 1115.4 KB/sec)
[INFO] Downloading: https://repo.maven.apache.org/maven2/org/apache/httpcomponents/httpcore/4.2.2/httpcore-4.2.2.pom
[INFO] Downloaded: https://repo.maven.apache.org/maven2/org/apache/httpcomponents/httpcore/4.2.2/httpcore-4.2.2.pom (6 KB at 252.3 KB/sec)
[INFO] Downloading: https://repo.maven.apache.org/maven2/org/apache/httpcomponents/httpcomponents-core/4.2.2/httpcomponents-core-4.2.2.pom
[INFO] Downloaded: https://repo.maven.apache.org/maven2/org/apache/httpcomponents/httpcomponents-core/4.2.2/httpcomponents-core-4.2.2.pom (12 KB at 533.5 KB/sec)
[INFO] Downloading: https://repo.maven.apache.org/maven2/log4j/log4j/1.2.14/log4j-1.2.14.pom
[INFO] Downloaded: https://repo.maven.apache.org/maven2/log4j/log4j/1.2.14/log4j-1.2.14.pom (3 KB at 110.4 KB/sec)
[INFO] Downloading: https://repo.maven.apache.org/maven2/com/thoughtworks/qdox/qdox/1.12.1/qdox-1.12.1.pom
[INFO] Downloaded: https://repo.maven.apache.org/maven2/com/thoughtworks/qdox/qdox/1.12.1/qdox-1.12.1.pom (18 KB at 781.2 KB/sec)
[INFO] Downloading: https://repo.maven.apache.org/maven2/org/codehaus/codehaus-parent/4/codehaus-parent-4.pom
[INFO] Downloaded: https://repo.maven.apache.org/maven2/org/codehaus/codehaus-parent/4/codehaus-parent-4.pom (5 KB at 204.7 KB/sec)
[INFO] Downloading: https://repo.maven.apache.org/maven2/org/codehaus/plexus/plexus-archiver/2.9/plexus-archiver-2.9.pom
[INFO] Downloaded: https://repo.maven.apache.org/maven2/org/codehaus/plexus/plexus-archiver/2.9/plexus-archiver-2.9.pom (5 KB at 203.1 KB/sec)
[INFO] Downloading: https://repo.maven.apache.org/maven2/org/codehaus/plexus/plexus-utils/3.0.20/plexus-utils-3.0.20.pom
[INFO] Downloaded: https://repo.maven.apache.org/maven2/org/codehaus/plexus/plexus-utils/3.0.20/plexus-utils-3.0.20.pom (4 KB at 169.1 KB/sec)
[INFO] Downloading: https://repo.maven.apache.org/maven2/org/codehaus/plexus/plexus-io/2.4/plexus-io-2.4.pom
[INFO] Downloaded: https://repo.maven.apache.org/maven2/org/codehaus/plexus/plexus-io/2.4/plexus-io-2.4.pom (4 KB at 117.4 KB/sec)
[INFO] Downloading: https://repo.maven.apache.org/maven2/org/apache/commons/commons-compress/1.9/commons-compress-1.9.pom
[INFO] Downloaded: https://repo.maven.apache.org/maven2/org/apache/commons/commons-compress/1.9/commons-compress-1.9.pom (12 KB at 485.4 KB/sec)
[INFO] Downloading: https://repo.maven.apache.org/maven2/org/apache/commons/commons-parent/34/commons-parent-34.pom
[INFO] Downloaded: https://repo.maven.apache.org/maven2/org/apache/commons/commons-parent/34/commons-parent-34.pom (55 KB at 2375.3 KB/sec)
[INFO] Downloading: https://repo.maven.apache.org/maven2/org/slf4j/slf4j-jdk14/1.5.6/slf4j-jdk14-1.5.6.jar
[INFO] Downloading: https://repo.maven.apache.org/maven2/org/slf4j/slf4j-api/1.5.6/slf4j-api-1.5.6.jar
[INFO] Downloading: https://repo.maven.apache.org/maven2/org/slf4j/jcl-over-slf4j/1.5.6/jcl-over-slf4j-1.5.6.jar
[INFO] Downloading: https://repo.maven.apache.org/maven2/commons-cli/commons-cli/1.2/commons-cli-1.2.jar
[INFO] Downloading: https://repo.maven.apache.org/maven2/org/apache/maven/reporting/maven-reporting-api/3.0/maven-reporting-api-3.0.jar
[INFO] Downloaded: https://repo.maven.apache.org/maven2/org/slf4j/slf4j-jdk14/1.5.6/slf4j-jdk14-1.5.6.jar (9 KB at 148.4 KB/sec)
[INFO] Downloading: https://repo.maven.apache.org/maven2/org/apache/maven/shared/maven-invoker/2.0.9/maven-invoker-2.0.9.jar
[INFO] Downloaded: https://repo.maven.apache.org/maven2/org/slf4j/slf4j-api/1.5.6/slf4j-api-1.5.6.jar (22 KB at 559.3 KB/sec)
[INFO] Downloading: https://repo.maven.apache.org/maven2/org/apache/maven/doxia/doxia-sink-api/1.4/doxia-sink-api-1.4.jar
[INFO] Downloaded: https://repo.maven.apache.org/maven2/org/slf4j/jcl-over-slf4j/1.5.6/jcl-over-slf4j-1.5.6.jar (17 KB at 429.7 KB/sec)
[INFO] Downloading: https://repo.maven.apache.org/maven2/org/apache/maven/doxia/doxia-logging-api/1.4/doxia-logging-api-1.4.jar
[INFO] Downloaded: https://repo.maven.apache.org/maven2/org/apache/maven/reporting/maven-reporting-api/3.0/maven-reporting-api-3.0.jar (11 KB at 281.1 KB/sec)
[INFO] Downloading: https://repo.maven.apache.org/maven2/org/apache/maven/doxia/doxia-site-renderer/1.4/doxia-site-renderer-1.4.jar
[INFO] Downloaded: https://repo.maven.apache.org/maven2/commons-cli/commons-cli/1.2/commons-cli-1.2.jar (41 KB at 1029.7 KB/sec)
[INFO] Downloading: https://repo.maven.apache.org/maven2/org/apache/maven/doxia/doxia-core/1.4/doxia-core-1.4.jar
[INFO] Downloaded: https://repo.maven.apache.org/maven2/org/apache/maven/doxia/doxia-logging-api/1.4/doxia-logging-api-1.4.jar (12 KB at 245.5 KB/sec)
[INFO] Downloading: https://repo.maven.apache.org/maven2/xerces/xercesImpl/2.9.1/xercesImpl-2.9.1.jar
[INFO] Downloaded: https://repo.maven.apache.org/maven2/org/apache/maven/shared/maven-invoker/2.0.9/maven-invoker-2.0.9.jar (28 KB at 575.4 KB/sec)
[INFO] Downloading: https://repo.maven.apache.org/maven2/xml-apis/xml-apis/1.3.04/xml-apis-1.3.04.jar
[INFO] Downloaded: https://repo.maven.apache.org/maven2/org/apache/maven/doxia/doxia-sink-api/1.4/doxia-sink-api-1.4.jar (11 KB at 223.3 KB/sec)
[INFO] Downloading: https://repo.maven.apache.org/maven2/org/apache/maven/doxia/doxia-decoration-model/1.4/doxia-decoration-model-1.4.jar
[INFO] Downloaded: https://repo.maven.apache.org/maven2/org/apache/maven/doxia/doxia-site-renderer/1.4/doxia-site-renderer-1.4.jar (52 KB at 1036.7 KB/sec)
[INFO] Downloading: https://repo.maven.apache.org/maven2/org/apache/maven/doxia/doxia-module-xhtml/1.4/doxia-module-xhtml-1.4.jar
[INFO] Downloaded: https://repo.maven.apache.org/maven2/org/apache/maven/doxia/doxia-module-xhtml/1.4/doxia-module-xhtml-1.4.jar (16 KB at 197.7 KB/sec)
[INFO] Downloading: https://repo.maven.apache.org/maven2/org/apache/maven/doxia/doxia-module-fml/1.4/doxia-module-fml-1.4.jar
[INFO] Downloaded: https://repo.maven.apache.org/maven2/org/apache/maven/doxia/doxia-decoration-model/1.4/doxia-decoration-model-1.4.jar (60 KB at 776.9 KB/sec)
[INFO] Downloading: https://repo.maven.apache.org/maven2/org/codehaus/plexus/plexus-i18n/1.0-beta-7/plexus-i18n-1.0-beta-7.jar
[INFO] Downloaded: https://repo.maven.apache.org/maven2/org/apache/maven/doxia/doxia-core/1.4/doxia-core-1.4.jar (162 KB at 1894.5 KB/sec)
[INFO] Downloading: https://repo.maven.apache.org/maven2/org/codehaus/plexus/plexus-velocity/1.1.7/plexus-velocity-1.1.7.jar
[INFO] Downloaded: https://repo.maven.apache.org/maven2/xml-apis/xml-apis/1.3.04/xml-apis-1.3.04.jar (190 KB at 1898.0 KB/sec)
[INFO] Downloading: https://repo.maven.apache.org/maven2/org/apache/velocity/velocity/1.5/velocity-1.5.jar
[INFO] Downloaded: https://repo.maven.apache.org/maven2/org/codehaus/plexus/plexus-i18n/1.0-beta-7/plexus-i18n-1.0-beta-7.jar (11 KB at 90.8 KB/sec)
[INFO] Downloading: https://repo.maven.apache.org/maven2/oro/oro/2.0.8/oro-2.0.8.jar
[INFO] Downloaded: https://repo.maven.apache.org/maven2/org/apache/maven/doxia/doxia-module-fml/1.4/doxia-module-fml-1.4.jar (37 KB at 324.0 KB/sec)
[INFO] Downloading: https://repo.maven.apache.org/maven2/org/apache/velocity/velocity-tools/2.0/velocity-tools-2.0.jar
[INFO] Downloaded: https://repo.maven.apache.org/maven2/oro/oro/2.0.8/oro-2.0.8.jar (64 KB at 445.7 KB/sec)
[INFO] Downloading: https://repo.maven.apache.org/maven2/commons-beanutils/commons-beanutils/1.7.0/commons-beanutils-1.7.0.jar
[INFO] Downloaded: https://repo.maven.apache.org/maven2/org/codehaus/plexus/plexus-velocity/1.1.7/plexus-velocity-1.1.7.jar (8 KB at 45.7 KB/sec)
[INFO] Downloading: https://repo.maven.apache.org/maven2/commons-digester/commons-digester/1.8/commons-digester-1.8.jar
[INFO] Downloaded: https://repo.maven.apache.org/maven2/org/apache/velocity/velocity-tools/2.0/velocity-tools-2.0.jar (339 KB at 1869.9 KB/sec)
[INFO] Downloading: https://repo.maven.apache.org/maven2/commons-chain/commons-chain/1.1/commons-chain-1.1.jar
[INFO] Downloaded: https://repo.maven.apache.org/maven2/commons-beanutils/commons-beanutils/1.7.0/commons-beanutils-1.7.0.jar (185 KB at 1012.4 KB/sec)
[INFO] Downloading: https://repo.maven.apache.org/maven2/commons-validator/commons-validator/1.3.1/commons-validator-1.3.1.jar
[INFO] Downloaded: https://repo.maven.apache.org/maven2/commons-digester/commons-digester/1.8/commons-digester-1.8.jar (141 KB at 730.4 KB/sec)
[INFO] Downloaded: https://repo.maven.apache.org/maven2/org/apache/velocity/velocity/1.5/velocity-1.5.jar (383 KB at 1943.8 KB/sec)
[INFO] Downloading: https://repo.maven.apache.org/maven2/dom4j/dom4j/1.1/dom4j-1.1.jar
[INFO] Downloading: https://repo.maven.apache.org/maven2/sslext/sslext/1.2-0/sslext-1.2-0.jar
[INFO] Downloaded: https://repo.maven.apache.org/maven2/commons-chain/commons-chain/1.1/commons-chain-1.1.jar (88 KB at 420.5 KB/sec)
[INFO] Downloading: https://repo.maven.apache.org/maven2/org/apache/struts/struts-core/1.3.8/struts-core-1.3.8.jar
[INFO] Downloaded: https://repo.maven.apache.org/maven2/sslext/sslext/1.2-0/sslext-1.2-0.jar (26 KB at 115.8 KB/sec)
[INFO] Downloading: https://repo.maven.apache.org/maven2/antlr/antlr/2.7.2/antlr-2.7.2.jar
[INFO] Downloaded: https://repo.maven.apache.org/maven2/commons-validator/commons-validator/1.3.1/commons-validator-1.3.1.jar (136 KB at 608.5 KB/sec)
[INFO] Downloading: https://repo.maven.apache.org/maven2/org/apache/struts/struts-taglib/1.3.8/struts-taglib-1.3.8.jar
[INFO] Downloaded: https://repo.maven.apache.org/maven2/dom4j/dom4j/1.1/dom4j-1.1.jar (447 KB at 1528.1 KB/sec)
[INFO] Downloading: https://repo.maven.apache.org/maven2/org/apache/struts/struts-tiles/1.3.8/struts-tiles-1.3.8.jar
[INFO] Downloaded: https://repo.maven.apache.org/maven2/antlr/antlr/2.7.2/antlr-2.7.2.jar (350 KB at 1190.1 KB/sec)
[INFO] Downloaded: https://repo.maven.apache.org/maven2/org/apache/struts/struts-core/1.3.8/struts-core-1.3.8.jar (322 KB at 1092.5 KB/sec)
[INFO] Downloaded: https://repo.maven.apache.org/maven2/org/apache/struts/struts-taglib/1.3.8/struts-taglib-1.3.8.jar (246 KB at 841.2 KB/sec)
[INFO] Downloading: https://repo.maven.apache.org/maven2/commons-collections/commons-collections/3.2.1/commons-collections-3.2.1.jar
[INFO] Downloading: https://repo.maven.apache.org/maven2/commons-lang/commons-lang/2.4/commons-lang-2.4.jar
[INFO] Downloading: https://repo.maven.apache.org/maven2/org/apache/httpcomponents/httpclient/4.2.3/httpclient-4.2.3.jar
[INFO] Downloaded: https://repo.maven.apache.org/maven2/xerces/xercesImpl/2.9.1/xercesImpl-2.9.1.jar (1201 KB at 3961.4 KB/sec)
[INFO] Downloading: https://repo.maven.apache.org/maven2/org/apache/httpcomponents/httpcore/4.2.2/httpcore-4.2.2.jar
[INFO] Downloaded: https://repo.maven.apache.org/maven2/org/apache/struts/struts-tiles/1.3.8/struts-tiles-1.3.8.jar (117 KB at 332.9 KB/sec)
[INFO] Downloading: https://repo.maven.apache.org/maven2/commons-logging/commons-logging/1.1.1/commons-logging-1.1.1.jar
[INFO] Downloaded: https://repo.maven.apache.org/maven2/org/apache/httpcomponents/httpcore/4.2.2/httpcore-4.2.2.jar (219 KB at 606.5 KB/sec)
[INFO] Downloaded: https://repo.maven.apache.org/maven2/commons-lang/commons-lang/2.4/commons-lang-2.4.jar (256 KB at 708.2 KB/sec)
[INFO] Downloading: https://repo.maven.apache.org/maven2/log4j/log4j/1.2.14/log4j-1.2.14.jar
[INFO] Downloading: https://repo.maven.apache.org/maven2/com/thoughtworks/qdox/qdox/1.12.1/qdox-1.12.1.jar
[INFO] Downloaded: https://repo.maven.apache.org/maven2/org/apache/httpcomponents/httpclient/4.2.3/httpclient-4.2.3.jar (423 KB at 1143.0 KB/sec)
[INFO] Downloading: https://repo.maven.apache.org/maven2/org/codehaus/plexus/plexus-archiver/2.9/plexus-archiver-2.9.jar
[INFO] Downloaded: https://repo.maven.apache.org/maven2/commons-collections/commons-collections/3.2.1/commons-collections-3.2.1.jar (562 KB at 1510.5 KB/sec)
[INFO] Downloading: https://repo.maven.apache.org/maven2/org/codehaus/plexus/plexus-io/2.4/plexus-io-2.4.jar
[INFO] Downloaded: https://repo.maven.apache.org/maven2/commons-logging/commons-logging/1.1.1/commons-logging-1.1.1.jar (60 KB at 158.0 KB/sec)
[INFO] Downloading: https://repo.maven.apache.org/maven2/org/apache/commons/commons-compress/1.9/commons-compress-1.9.jar
[INFO] Downloaded: https://repo.maven.apache.org/maven2/com/thoughtworks/qdox/qdox/1.12.1/qdox-1.12.1.jar (176 KB at 435.7 KB/sec)
[INFO] Downloading: https://repo.maven.apache.org/maven2/org/codehaus/plexus/plexus-utils/3.0.20/plexus-utils-3.0.20.jar
[INFO] Downloaded: https://repo.maven.apache.org/maven2/log4j/log4j/1.2.14/log4j-1.2.14.jar (359 KB at 877.3 KB/sec)
[INFO] Downloaded: https://repo.maven.apache.org/maven2/org/codehaus/plexus/plexus-archiver/2.9/plexus-archiver-2.9.jar (142 KB at 345.4 KB/sec)
[INFO] Downloaded: https://repo.maven.apache.org/maven2/org/apache/commons/commons-compress/1.9/commons-compress-1.9.jar (370 KB at 896.5 KB/sec)
[INFO] Downloaded: https://repo.maven.apache.org/maven2/org/codehaus/plexus/plexus-io/2.4/plexus-io-2.4.jar (80 KB at 190.0 KB/sec)
[INFO] Downloaded: https://repo.maven.apache.org/maven2/org/codehaus/plexus/plexus-utils/3.0.20/plexus-utils-3.0.20.jar (238 KB at 547.1 KB/sec)
[INFO] Skipping javadoc generation
[INFO] 
[INFO] --- maven-install-plugin:2.4:install (default-install) @ libSBOLj-deprecated ---
[INFO] Installing /home/travis/build/SynBioDex/libSBOLj/core/target/libSBOLj-deprecated-1.0.0.jar to /home/travis/.m2/repository/org/sbolstandard/libSBOLj-deprecated/1.0.0/libSBOLj-deprecated-1.0.0.jar
[INFO] Installing /home/travis/build/SynBioDex/libSBOLj/core/pom.xml to /home/travis/.m2/repository/org/sbolstandard/libSBOLj-deprecated/1.0.0/libSBOLj-deprecated-1.0.0.pom
[INFO] Installing /home/travis/build/SynBioDex/libSBOLj/core/target/libSBOLj-deprecated-1.0.0-withDependencies.jar to /home/travis/.m2/repository/org/sbolstandard/libSBOLj-deprecated/1.0.0/libSBOLj-deprecated-1.0.0-withDependencies.jar
[INFO] Installing /home/travis/build/SynBioDex/libSBOLj/core/target/libSBOLj-deprecated-1.0.0-sources.jar to /home/travis/.m2/repository/org/sbolstandard/libSBOLj-deprecated/1.0.0/libSBOLj-deprecated-1.0.0-sources.jar
[INFO]                                                                         
[INFO] ------------------------------------------------------------------------
[INFO] Building libSBOLj 2.0.1-SNAPSHOT
[INFO] ------------------------------------------------------------------------
[INFO] Downloading: http://repo.maven.apache.org/maven2/uk/ac/ncl/intbio/sbol-data-core/0.1.2/sbol-data-core-0.1.2.pom
[INFO] Downloaded: http://repo.maven.apache.org/maven2/uk/ac/ncl/intbio/sbol-data-core/0.1.2/sbol-data-core-0.1.2.pom (811 B at 36.0 KB/sec)
[INFO] Downloading: http://repo.maven.apache.org/maven2/uk/ac/ncl/intbio/sbol-data/0.1.2/sbol-data-0.1.2.pom
[INFO] Downloaded: http://repo.maven.apache.org/maven2/uk/ac/ncl/intbio/sbol-data/0.1.2/sbol-data-0.1.2.pom (6 KB at 212.0 KB/sec)
[INFO] Downloading: http://repo.maven.apache.org/maven2/uk/ac/ncl/intbio/sbol-data-examples/0.1.2/sbol-data-examples-0.1.2.pom
[INFO] Downloaded: http://repo.maven.apache.org/maven2/uk/ac/ncl/intbio/sbol-data-examples/0.1.2/sbol-data-examples-0.1.2.pom (2 KB at 59.7 KB/sec)
[INFO] Downloading: http://repo.maven.apache.org/maven2/uk/ac/ncl/intbio/sbol-data-io-RDF/0.1.2/sbol-data-io-RDF-0.1.2.pom
[INFO] Downloaded: http://repo.maven.apache.org/maven2/uk/ac/ncl/intbio/sbol-data-io-RDF/0.1.2/sbol-data-io-RDF-0.1.2.pom (939 B at 41.7 KB/sec)
[INFO] Downloading: http://repo.maven.apache.org/maven2/uk/ac/ncl/intbio/sbol-data-io-graphviz/0.1.2/sbol-data-io-graphviz-0.1.2.pom
[INFO] Downloaded: http://repo.maven.apache.org/maven2/uk/ac/ncl/intbio/sbol-data-io-graphviz/0.1.2/sbol-data-io-graphviz-0.1.2.pom (900 B at 41.9 KB/sec)
[INFO] Downloading: http://repo.maven.apache.org/maven2/uk/ac/ncl/intbio/sbol-data-io-json/0.1.2/sbol-data-io-json-0.1.2.pom
[INFO] Downloaded: http://repo.maven.apache.org/maven2/uk/ac/ncl/intbio/sbol-data-io-json/0.1.2/sbol-data-io-json-0.1.2.pom (2 KB at 52.2 KB/sec)
[INFO] Downloading: http://repo.maven.apache.org/maven2/org/glassfish/javax.json/1.0.2/javax.json-1.0.2.pom
[INFO] Downloaded: http://repo.maven.apache.org/maven2/org/glassfish/javax.json/1.0.2/javax.json-1.0.2.pom (10 KB at 429.3 KB/sec)
[INFO] Downloading: http://repo.maven.apache.org/maven2/org/glassfish/json/1.0.2/json-1.0.2.pom
[INFO] Downloaded: http://repo.maven.apache.org/maven2/org/glassfish/json/1.0.2/json-1.0.2.pom (11 KB at 522.0 KB/sec)
[INFO] Downloading: http://repo.maven.apache.org/maven2/net/java/jvnet-parent/3/jvnet-parent-3.pom
[INFO] Downloaded: http://repo.maven.apache.org/maven2/net/java/jvnet-parent/3/jvnet-parent-3.pom (5 KB at 233.8 KB/sec)
[INFO] Downloading: http://repo.maven.apache.org/maven2/uk/ac/ncl/intbio/sbol-data-io-turtle/0.1.2/sbol-data-io-turtle-0.1.2.pom
[INFO] Downloaded: http://repo.maven.apache.org/maven2/uk/ac/ncl/intbio/sbol-data-io-turtle/0.1.2/sbol-data-io-turtle-0.1.2.pom (948 B at 44.1 KB/sec)
[INFO] Downloading: http://repo.maven.apache.org/maven2/net/java/dev/stax-utils/stax-utils/20070216/stax-utils-20070216.pom
[INFO] Downloaded: http://repo.maven.apache.org/maven2/net/java/dev/stax-utils/stax-utils/20070216/stax-utils-20070216.pom (2 KB at 34.8 KB/sec)
[INFO] Downloading: http://repo.maven.apache.org/maven2/uk/ac/ncl/intbio/sbol-data-nativeSbol/0.1.2/sbol-data-nativeSbol-0.1.2.pom
[INFO] Downloaded: http://repo.maven.apache.org/maven2/uk/ac/ncl/intbio/sbol-data-nativeSbol/0.1.2/sbol-data-nativeSbol-0.1.2.pom (801 B at 37.2 KB/sec)
[INFO] Downloading: http://repo.maven.apache.org/maven2/junit/junit/4.12/junit-4.12.pom
[INFO] Downloaded: http://repo.maven.apache.org/maven2/junit/junit/4.12/junit-4.12.pom (24 KB at 1156.2 KB/sec)
[INFO] Downloading: http://repo.maven.apache.org/maven2/org/hamcrest/hamcrest-core/1.3/hamcrest-core-1.3.pom
[INFO] Downloaded: http://repo.maven.apache.org/maven2/org/hamcrest/hamcrest-core/1.3/hamcrest-core-1.3.pom (766 B at 35.6 KB/sec)
[INFO] Downloading: http://repo.maven.apache.org/maven2/org/hamcrest/hamcrest-parent/1.3/hamcrest-parent-1.3.pom
[INFO] Downloaded: http://repo.maven.apache.org/maven2/org/hamcrest/hamcrest-parent/1.3/hamcrest-parent-1.3.pom (2 KB at 96.3 KB/sec)
[INFO] Downloading: http://repo.maven.apache.org/maven2/javassist/javassist/3.12.1.GA/javassist-3.12.1.GA.pom
[INFO] Downloaded: http://repo.maven.apache.org/maven2/javassist/javassist/3.12.1.GA/javassist-3.12.1.GA.pom (6 KB at 285.0 KB/sec)
[INFO] Downloading: http://repo.maven.apache.org/maven2/uk/co/turingatemyhamster/opensmiles_2.11/0.0.1/opensmiles_2.11-0.0.1.pom
[INFO] Downloaded: http://repo.maven.apache.org/maven2/uk/co/turingatemyhamster/opensmiles_2.11/0.0.1/opensmiles_2.11-0.0.1.pom (2 KB at 73.2 KB/sec)
[INFO] Downloading: http://repo.maven.apache.org/maven2/org/scala-lang/scala-library/2.11.7/scala-library-2.11.7.pom
[INFO] Downloaded: http://repo.maven.apache.org/maven2/org/scala-lang/scala-library/2.11.7/scala-library-2.11.7.pom (2 KB at 60.5 KB/sec)
[INFO] Downloading: http://repo.maven.apache.org/maven2/com/lihaoyi/fastparse_2.11/0.3.4/fastparse_2.11-0.3.4.pom
[INFO] Downloaded: http://repo.maven.apache.org/maven2/com/lihaoyi/fastparse_2.11/0.3.4/fastparse_2.11-0.3.4.pom (3 KB at 124.8 KB/sec)
[INFO] Downloading: http://repo.maven.apache.org/maven2/com/lihaoyi/fastparse-utils_2.11/0.3.4/fastparse-utils_2.11-0.3.4.pom
[INFO] Downloaded: http://repo.maven.apache.org/maven2/com/lihaoyi/fastparse-utils_2.11/0.3.4/fastparse-utils_2.11-0.3.4.pom (3 KB at 123.1 KB/sec)
[INFO] Downloading: http://repo.maven.apache.org/maven2/uk/ac/ncl/intbio/sbol-data-core/0.1.2/sbol-data-core-0.1.2.jar
[INFO] Downloading: http://repo.maven.apache.org/maven2/uk/ac/ncl/intbio/sbol-data-examples/0.1.2/sbol-data-examples-0.1.2.jar
[INFO] Downloading: http://repo.maven.apache.org/maven2/uk/ac/ncl/intbio/sbol-data-io-graphviz/0.1.2/sbol-data-io-graphviz-0.1.2.jar
[INFO] Downloading: http://repo.maven.apache.org/maven2/uk/ac/ncl/intbio/sbol-data-io-json/0.1.2/sbol-data-io-json-0.1.2.jar
[INFO] Downloading: http://repo.maven.apache.org/maven2/org/glassfish/javax.json/1.0.2/javax.json-1.0.2.jar
[INFO] Downloaded: http://repo.maven.apache.org/maven2/uk/ac/ncl/intbio/sbol-data-examples/0.1.2/sbol-data-examples-0.1.2.jar (21 KB at 216.0 KB/sec)
[INFO] Downloading: http://repo.maven.apache.org/maven2/uk/ac/ncl/intbio/sbol-data-io-turtle/0.1.2/sbol-data-io-turtle-0.1.2.jar
[INFO] Downloaded: http://repo.maven.apache.org/maven2/uk/ac/ncl/intbio/sbol-data-core/0.1.2/sbol-data-core-0.1.2.jar (55 KB at 470.6 KB/sec)
[INFO] Downloading: http://repo.maven.apache.org/maven2/net/java/dev/stax-utils/stax-utils/20070216/stax-utils-20070216.jar
[INFO] Downloaded: http://repo.maven.apache.org/maven2/uk/ac/ncl/intbio/sbol-data-io-graphviz/0.1.2/sbol-data-io-graphviz-0.1.2.jar (23 KB at 238.7 KB/sec)
[INFO] Downloading: http://repo.maven.apache.org/maven2/uk/ac/ncl/intbio/sbol-data-io-RDF/0.1.2/sbol-data-io-RDF-0.1.2.jar
[INFO] Downloaded: http://repo.maven.apache.org/maven2/uk/ac/ncl/intbio/sbol-data-io-json/0.1.2/sbol-data-io-json-0.1.2.jar (15 KB at 181.3 KB/sec)
[INFO] Downloading: http://repo.maven.apache.org/maven2/uk/ac/ncl/intbio/sbol-data-nativeSbol/0.1.2/sbol-data-nativeSbol-0.1.2.jar
[INFO] Downloaded: http://repo.maven.apache.org/maven2/org/glassfish/javax.json/1.0.2/javax.json-1.0.2.jar (78 KB at 1090.8 KB/sec)
[INFO] Downloading: http://repo.maven.apache.org/maven2/junit/junit/4.12/junit-4.12.jar
[INFO] Downloaded: http://repo.maven.apache.org/maven2/uk/ac/ncl/intbio/sbol-data-io-turtle/0.1.2/sbol-data-io-turtle-0.1.2.jar (15 KB at 259.6 KB/sec)
[INFO] Downloading: http://repo.maven.apache.org/maven2/org/hamcrest/hamcrest-core/1.3/hamcrest-core-1.3.jar
[INFO] Downloaded: http://repo.maven.apache.org/maven2/net/java/dev/stax-utils/stax-utils/20070216/stax-utils-20070216.jar (126 KB at 1961.7 KB/sec)
[INFO] Downloading: http://repo.maven.apache.org/maven2/javassist/javassist/3.12.1.GA/javassist-3.12.1.GA.jar
[INFO] Downloaded: http://repo.maven.apache.org/maven2/uk/ac/ncl/intbio/sbol-data-io-RDF/0.1.2/sbol-data-io-RDF-0.1.2.jar (13 KB at 184.0 KB/sec)
[INFO] Downloading: http://repo.maven.apache.org/maven2/uk/co/turingatemyhamster/opensmiles_2.11/0.0.1/opensmiles_2.11-0.0.1.jar
[INFO] Downloaded: http://repo.maven.apache.org/maven2/uk/ac/ncl/intbio/sbol-data-nativeSbol/0.1.2/sbol-data-nativeSbol-0.1.2.jar (2 KB at 23.7 KB/sec)
[INFO] Downloading: http://repo.maven.apache.org/maven2/org/scala-lang/scala-library/2.11.7/scala-library-2.11.7.jar
[INFO] Downloaded: http://repo.maven.apache.org/maven2/org/hamcrest/hamcrest-core/1.3/hamcrest-core-1.3.jar (44 KB at 517.3 KB/sec)
[INFO] Downloading: http://repo.maven.apache.org/maven2/com/lihaoyi/fastparse_2.11/0.3.4/fastparse_2.11-0.3.4.jar
[INFO] Downloaded: http://repo.maven.apache.org/maven2/junit/junit/4.12/junit-4.12.jar (308 KB at 2985.9 KB/sec)
[INFO] Downloading: http://repo.maven.apache.org/maven2/com/lihaoyi/fastparse-utils_2.11/0.3.4/fastparse-utils_2.11-0.3.4.jar
[INFO] Downloaded: http://repo.maven.apache.org/maven2/uk/co/turingatemyhamster/opensmiles_2.11/0.0.1/opensmiles_2.11-0.0.1.jar (61 KB at 547.0 KB/sec)
[INFO] Downloaded: http://repo.maven.apache.org/maven2/javassist/javassist/3.12.1.GA/javassist-3.12.1.GA.jar (630 KB at 5616.5 KB/sec)
[INFO] Downloaded: http://repo.maven.apache.org/maven2/com/lihaoyi/fastparse_2.11/0.3.4/fastparse_2.11-0.3.4.jar (301 KB at 2330.3 KB/sec)
[INFO] Downloaded: http://repo.maven.apache.org/maven2/com/lihaoyi/fastparse-utils_2.11/0.3.4/fastparse-utils_2.11-0.3.4.jar (35 KB at 265.1 KB/sec)
[INFO] Downloaded: http://repo.maven.apache.org/maven2/org/scala-lang/scala-library/2.11.7/scala-library-2.11.7.jar (5611 KB at 18336.4 KB/sec)
[INFO] 
[INFO] --- maven-resources-plugin:2.6:resources (default-resources) @ libSBOLj ---
[INFO] Using 'UTF-8' encoding to copy filtered resources.
[INFO] Copying 3 resources
[INFO] 
[INFO] --- maven-compiler-plugin:3.1:compile (default-compile) @ libSBOLj ---
[INFO] Changes detected - recompiling the module!
[INFO] Compiling 89 source files to /home/travis/build/SynBioDex/libSBOLj/core2/target/classes
[WARNING] /home/travis/build/SynBioDex/libSBOLj/core2/src/main/java/org/oboparser/obo/annotations/parsers/OntologyAnnotationParser.java: Some input files use unchecked or unsafe operations.
[WARNING] /home/travis/build/SynBioDex/libSBOLj/core2/src/main/java/org/oboparser/obo/annotations/parsers/OntologyAnnotationParser.java: Recompile with -Xlint:unchecked for details.
[INFO] 
[INFO] --- maven-resources-plugin:2.6:testResources (default-testResources) @ libSBOLj ---
[INFO] Using 'UTF-8' encoding to copy filtered resources.
[INFO] Copying 156 resources
[INFO] 
[INFO] --- maven-compiler-plugin:3.1:testCompile (default-testCompile) @ libSBOLj ---
[INFO] Changes detected - recompiling the module!
[INFO] Compiling 12 source files to /home/travis/build/SynBioDex/libSBOLj/core2/target/test-classes
[INFO] 
[INFO] --- maven-surefire-plugin:2.12.4:test (default-test) @ libSBOLj ---
[INFO] Tests are skipped.
[INFO] 
[INFO] --- maven-jar-plugin:2.4:jar (default-jar) @ libSBOLj ---
[INFO] Building jar: /home/travis/build/SynBioDex/libSBOLj/core2/target/libSBOLj-2.0.1-SNAPSHOT.jar
[INFO] 
[INFO] --- maven-shade-plugin:2.3:shade (default) @ libSBOLj ---
[INFO] Including uk.ac.ncl.intbio:sbol-data-core:jar:0.1.2 in the shaded jar.
[INFO] Including uk.ac.ncl.intbio:sbol-data-examples:jar:0.1.2 in the shaded jar.
[INFO] Including uk.ac.ncl.intbio:sbol-data-io-graphviz:jar:0.1.2 in the shaded jar.
[INFO] Including uk.ac.ncl.intbio:sbol-data-io-json:jar:0.1.2 in the shaded jar.
[INFO] Including org.glassfish:javax.json:jar:1.0.2 in the shaded jar.
[INFO] Including uk.ac.ncl.intbio:sbol-data-io-turtle:jar:0.1.2 in the shaded jar.
[INFO] Including net.java.dev.stax-utils:stax-utils:jar:20070216 in the shaded jar.
[INFO] Including uk.ac.ncl.intbio:sbol-data-io-RDF:jar:0.1.2 in the shaded jar.
[INFO] Including uk.ac.ncl.intbio:sbol-data-nativeSbol:jar:0.1.2 in the shaded jar.
[INFO] Including org.sbolstandard:libSBOLj-deprecated:jar:1.0.0 in the shaded jar.
[INFO] Including javassist:javassist:jar:3.12.1.GA in the shaded jar.
[INFO] Including uk.co.turingatemyhamster:opensmiles_2.11:jar:0.0.1 in the shaded jar.
[INFO] Including org.scala-lang:scala-library:jar:2.11.7 in the shaded jar.
[INFO] Including com.lihaoyi:fastparse_2.11:jar:0.3.4 in the shaded jar.
[INFO] Including com.lihaoyi:fastparse-utils_2.11:jar:0.3.4 in the shaded jar.
[INFO] Attaching shaded artifact.
[INFO] 
[INFO] >>> maven-source-plugin:2.4:jar (attach-sources) > generate-sources @ libSBOLj >>>
[INFO] 
[INFO] <<< maven-source-plugin:2.4:jar (attach-sources) < generate-sources @ libSBOLj <<<
[INFO] 
[INFO] --- maven-source-plugin:2.4:jar (attach-sources) @ libSBOLj ---
[INFO] Building jar: /home/travis/build/SynBioDex/libSBOLj/core2/target/libSBOLj-2.0.1-SNAPSHOT-sources.jar
[INFO] 
[INFO] --- maven-javadoc-plugin:2.10.3:jar (attach-javadocs) @ libSBOLj ---
[INFO] Skipping javadoc generation
[INFO] 
[INFO] --- maven-install-plugin:2.4:install (default-install) @ libSBOLj ---
[INFO] Installing /home/travis/build/SynBioDex/libSBOLj/core2/target/libSBOLj-2.0.1-SNAPSHOT.jar to /home/travis/.m2/repository/org/sbolstandard/libSBOLj/2.0.1-SNAPSHOT/libSBOLj-2.0.1-SNAPSHOT.jar
[INFO] Installing /home/travis/build/SynBioDex/libSBOLj/core2/pom.xml to /home/travis/.m2/repository/org/sbolstandard/libSBOLj/2.0.1-SNAPSHOT/libSBOLj-2.0.1-SNAPSHOT.pom
[INFO] Installing /home/travis/build/SynBioDex/libSBOLj/core2/target/libSBOLj-2.0.1-SNAPSHOT-withDependencies.jar to /home/travis/.m2/repository/org/sbolstandard/libSBOLj/2.0.1-SNAPSHOT/libSBOLj-2.0.1-SNAPSHOT-withDependencies.jar
[INFO] Installing /home/travis/build/SynBioDex/libSBOLj/core2/target/libSBOLj-2.0.1-SNAPSHOT-sources.jar to /home/travis/.m2/repository/org/sbolstandard/libSBOLj/2.0.1-SNAPSHOT/libSBOLj-2.0.1-SNAPSHOT-sources.jar
[INFO] ------------------------------------------------------------------------
[INFO] Reactor Summary:
[INFO] 
[INFO] libSBOLj-parent .................................... SUCCESS [  1.251 s]
[INFO] libSBOLj-deprecated ................................ SUCCESS [ 17.573 s]
[INFO] libSBOLj ........................................... SUCCESS [  9.457 s]
[INFO] ------------------------------------------------------------------------
[INFO] BUILD SUCCESS
[INFO] ------------------------------------------------------------------------
[INFO] Total time: 35.926 s
[INFO] Finished at: 2016-02-17T17:04:53+00:00
[INFO] Final Memory: 40M/478M
[INFO] ------------------------------------------------------------------------

travis_time:end:03f3f698:start=1455728654885021482,finish=1455728694112215767,duration=39227194285[0Ktravis_fold:end:install[0Ktravis_time:start:1e9a3bc0[0K$ mvn test -B
[INFO] Scanning for projects...
[INFO] Inspecting build with total of 3 modules...
[INFO] Installing Nexus Staging features:
[INFO]   ... total of 3 executions of maven-deploy-plugin replaced with nexus-staging-maven-plugin
[INFO] ------------------------------------------------------------------------
[INFO] Reactor Build Order:
[INFO] 
[INFO] libSBOLj-parent
[INFO] libSBOLj-deprecated
[INFO] libSBOLj
[INFO]                                                                         
[INFO] ------------------------------------------------------------------------
[INFO] Building libSBOLj-parent 2.0.0
[INFO] ------------------------------------------------------------------------
[INFO]                                                                         
[INFO] ------------------------------------------------------------------------
[INFO] Building libSBOLj-deprecated 1.0.0
[INFO] ------------------------------------------------------------------------
[INFO] 
[INFO] --- maven-resources-plugin:2.6:resources (default-resources) @ libSBOLj-deprecated ---
[INFO] Using 'UTF-8' encoding to copy filtered resources.
[INFO] Copying 3 resources
[INFO] 
[INFO] --- maven-compiler-plugin:3.1:compile (default-compile) @ libSBOLj-deprecated ---
[INFO] Nothing to compile - all classes are up to date
[INFO] 
[INFO] --- maven-resources-plugin:2.6:testResources (default-testResources) @ libSBOLj-deprecated ---
[INFO] Using 'UTF-8' encoding to copy filtered resources.
[INFO] Copying 34 resources
[INFO] 
[INFO] --- maven-compiler-plugin:3.1:testCompile (default-testCompile) @ libSBOLj-deprecated ---
[INFO] Nothing to compile - all classes are up to date
[INFO] 
[INFO] --- maven-surefire-plugin:2.12.4:test (default-test) @ libSBOLj-deprecated ---
[INFO] Surefire report directory: /home/travis/build/SynBioDex/libSBOLj/core/target/surefire-reports
[INFO] Downloading: https://repo.maven.apache.org/maven2/org/apache/maven/surefire/surefire-junit4/2.12.4/surefire-junit4-2.12.4.pom
[INFO] Downloaded: https://repo.maven.apache.org/maven2/org/apache/maven/surefire/surefire-junit4/2.12.4/surefire-junit4-2.12.4.pom (3 KB at 2.9 KB/sec)
[INFO] Downloading: https://repo.maven.apache.org/maven2/org/apache/maven/surefire/surefire-providers/2.12.4/surefire-providers-2.12.4.pom
[INFO] Downloaded: https://repo.maven.apache.org/maven2/org/apache/maven/surefire/surefire-providers/2.12.4/surefire-providers-2.12.4.pom (3 KB at 84.9 KB/sec)
[INFO] Downloading: https://repo.maven.apache.org/maven2/org/apache/maven/surefire/surefire-junit4/2.12.4/surefire-junit4-2.12.4.jar
[INFO] Downloaded: https://repo.maven.apache.org/maven2/org/apache/maven/surefire/surefire-junit4/2.12.4/surefire-junit4-2.12.4.jar (37 KB at 507.8 KB/sec)

-------------------------------------------------------
 T E S T S
-------------------------------------------------------
Running org.sbolstandard.core.SBOLReaderTest
Tests run: 8, Failures: 0, Errors: 0, Skipped: 0, Time elapsed: 0.709 sec
Running org.sbolstandard.core.SBOLValidatorTest
Tests run: 32, Failures: 0, Errors: 0, Skipped: 1, Time elapsed: 0.291 sec
Running org.sbolstandard.core.SBOLDuplicateObjectTest
Tests run: 5, Failures: 0, Errors: 0, Skipped: 0, Time elapsed: 0.116 sec
Running org.sbolstandard.core.SBOLWriterTest
Tests run: 8, Failures: 0, Errors: 0, Skipped: 1, Time elapsed: 0.001 sec

Results :

Tests run: 53, Failures: 0, Errors: 0, Skipped: 2

[INFO]                                                                         
[INFO] ------------------------------------------------------------------------
[INFO] Building libSBOLj 2.0.1-SNAPSHOT
[INFO] ------------------------------------------------------------------------
[INFO] 
[INFO] --- maven-resources-plugin:2.6:resources (default-resources) @ libSBOLj ---
[INFO] Using 'UTF-8' encoding to copy filtered resources.
[INFO] Copying 3 resources
[INFO] 
[INFO] --- maven-compiler-plugin:3.1:compile (default-compile) @ libSBOLj ---
[INFO] Nothing to compile - all classes are up to date
[INFO] 
[INFO] --- maven-resources-plugin:2.6:testResources (default-testResources) @ libSBOLj ---
[INFO] Using 'UTF-8' encoding to copy filtered resources.
[INFO] Copying 156 resources
[INFO] 
[INFO] --- maven-compiler-plugin:3.1:testCompile (default-testCompile) @ libSBOLj ---
[INFO] Nothing to compile - all classes are up to date
[INFO] 
[INFO] --- maven-surefire-plugin:2.12.4:test (default-test) @ libSBOLj ---
[INFO] Surefire report directory: /home/travis/build/SynBioDex/libSBOLj/core2/target/surefire-reports

-------------------------------------------------------
 T E S T S
-------------------------------------------------------
Running org.sbolstandard.core2.SBOLReaderTest
Tests run: 64, Failures: 0, Errors: 0, Skipped: 0, Time elapsed: 15.459 sec
Running org.sbolstandard.core2.URIcomplianceTest
Tests run: 22, Failures: 0, Errors: 0, Skipped: 0, Time elapsed: 0.016 sec
Running org.sbolstandard.core2.ValidationTest
Tests run: 1, Failures: 0, Errors: 1, Skipped: 0, Time elapsed: 0.009 sec <<< FAILURE!
test10101(org.sbolstandard.core2.ValidationTest)  Time elapsed: 0.007 sec  <<< ERROR!
java.lang.NullPointerException
	at org.sbolstandard.core2.ValidationTest.test10101(ValidationTest.java:74)
	at sun.reflect.NativeMethodAccessorImpl.invoke0(Native Method)
	at sun.reflect.NativeMethodAccessorImpl.invoke(NativeMethodAccessorImpl.java:57)
	at sun.reflect.DelegatingMethodAccessorImpl.invoke(DelegatingMethodAccessorImpl.java:43)
	at java.lang.reflect.Method.invoke(Method.java:606)
	at org.junit.runners.model.FrameworkMethod$1.runReflectiveCall(FrameworkMethod.java:50)
	at org.junit.internal.runners.model.ReflectiveCallable.run(ReflectiveCallable.java:12)
	at org.junit.runners.model.FrameworkMethod.invokeExplosively(FrameworkMethod.java:47)
	at org.junit.internal.runners.statements.InvokeMethod.evaluate(InvokeMethod.java:17)
	at org.junit.internal.runners.statements.RunBefores.evaluate(RunBefores.java:26)
	at org.junit.internal.runners.statements.RunAfters.evaluate(RunAfters.java:27)
	at org.junit.runners.ParentRunner.runLeaf(ParentRunner.java:325)
	at org.junit.runners.BlockJUnit4ClassRunner.runChild(BlockJUnit4ClassRunner.java:78)
	at org.junit.runners.BlockJUnit4ClassRunner.runChild(BlockJUnit4ClassRunner.java:57)
	at org.junit.runners.ParentRunner$3.run(ParentRunner.java:290)
	at org.junit.runners.ParentRunner$1.schedule(ParentRunner.java:71)
	at org.junit.runners.ParentRunner.runChildren(ParentRunner.java:288)
	at org.junit.runners.ParentRunner.access$000(ParentRunner.java:58)
	at org.junit.runners.ParentRunner$2.evaluate(ParentRunner.java:268)
	at org.junit.internal.runners.statements.RunBefores.evaluate(RunBefores.java:26)
	at org.junit.internal.runners.statements.RunAfters.evaluate(RunAfters.java:27)
	at org.junit.runners.ParentRunner.run(ParentRunner.java:363)
	at org.apache.maven.surefire.junit4.JUnit4Provider.execute(JUnit4Provider.java:252)
	at org.apache.maven.surefire.junit4.JUnit4Provider.executeTestSet(JUnit4Provider.java:141)
	at org.apache.maven.surefire.junit4.JUnit4Provider.invoke(JUnit4Provider.java:112)
	at sun.reflect.NativeMethodAccessorImpl.invoke0(Native Method)
	at sun.reflect.NativeMethodAccessorImpl.invoke(NativeMethodAccessorImpl.java:57)
	at sun.reflect.DelegatingMethodAccessorImpl.invoke(DelegatingMethodAccessorImpl.java:43)
	at java.lang.reflect.Method.invoke(Method.java:606)
	at org.apache.maven.surefire.util.ReflectionUtils.invokeMethodWithArray(ReflectionUtils.java:189)
	at org.apache.maven.surefire.booter.ProviderFactory$ProviderProxy.invoke(ProviderFactory.java:165)
	at org.apache.maven.surefire.booter.ProviderFactory.invokeProvider(ProviderFactory.java:85)
	at org.apache.maven.surefire.booter.ForkedBooter.runSuitesInProcess(ForkedBooter.java:115)
	at org.apache.maven.surefire.booter.ForkedBooter.main(ForkedBooter.java:75)

Running org.sbolstandard.core2.SBOLDocumentTest
Tests run: 18, Failures: 0, Errors: 0, Skipped: 0, Time elapsed: 0.052 sec
Running org.sbolstandard.core2.SBOLWriterTest
Tests run: 64, Failures: 0, Errors: 0, Skipped: 0, Time elapsed: 12.556 sec
Running org.sbolstandard.core2.OntologyTest
Tests run: 31, Failures: 0, Errors: 0, Skipped: 0, Time elapsed: 0.615 sec

Results :

Tests in error: 
  test10101(org.sbolstandard.core2.ValidationTest)

Tests run: 200, Failures: 0, Errors: 1, Skipped: 0

[INFO] ------------------------------------------------------------------------
[INFO] Reactor Summary:
[INFO] 
[INFO] libSBOLj-parent .................................... SUCCESS [  0.003 s]
[INFO] libSBOLj-deprecated ................................ SUCCESS [  5.678 s]
[INFO] libSBOLj ........................................... FAILURE [ 31.168 s]
[INFO] ------------------------------------------------------------------------
[INFO] BUILD FAILURE
[INFO] ------------------------------------------------------------------------
[INFO] Total time: 38.510 s
[INFO] Finished at: 2016-02-17T17:05:34+00:00
[INFO] Final Memory: 16M/491M
[INFO] ------------------------------------------------------------------------
[ERROR] Failed to execute goal org.apache.maven.plugins:maven-surefire-plugin:2.12.4:test (default-test) on project libSBOLj: There are test failures.
[ERROR] 
[ERROR] Please refer to /home/travis/build/SynBioDex/libSBOLj/core2/target/surefire-reports for the individual test results.
[ERROR] -> [Help 1]
[ERROR] 
[ERROR] To see the full stack trace of the errors, re-run Maven with the -e switch.
[ERROR] Re-run Maven using the -X switch to enable full debug logging.
[ERROR] 
[ERROR] For more information about the errors and possible solutions, please read the following articles:
[ERROR] [Help 1] http://cwiki.apache.org/confluence/display/MAVEN/MojoFailureException
[ERROR] 
[ERROR] After correcting the problems, you can resume the build with the command
[ERROR]   mvn <goals> -rf :libSBOLj

travis_time:end:1e9a3bc0:start=1455728694117609776,finish=1455728735286992132,duration=41169382356[0K
[31;1mThe command "mvn test -B" exited with 1.[0m

Done. Your build exited with 1.
