Using worker: worker-linux-docker-149b10ec.prod.travis-ci.org:travis-linux-13

travis_fold:start:system_info[0K[33;1mBuild system information[0m
Build language: python
Build group: stable
Build dist: precise
Build id: 149248725
Job id: 149248734
travis-build version: 8f19210ce
[34m[1mBuild image provisioning date and time[0m
Thu Feb  5 15:09:33 UTC 2015
[34m[1mOperating System Details[0m
Distributor ID:	Ubuntu
Description:	Ubuntu 12.04.5 LTS
Release:	12.04
Codename:	precise
[34m[1mLinux Version[0m
3.13.0-29-generic
[34m[1mCookbooks Version[0m
a68419e https://github.com/travis-ci/travis-cookbooks/tree/a68419e
[34m[1mGCC version[0m
gcc (Ubuntu/Linaro 4.6.3-1ubuntu5) 4.6.3
Copyright (C) 2011 Free Software Foundation, Inc.
This is free software; see the source for copying conditions.  There is NO
warranty; not even for MERCHANTABILITY or FITNESS FOR A PARTICULAR PURPOSE.

[34m[1mLLVM version[0m
clang version 3.4 (tags/RELEASE_34/final)
Target: x86_64-unknown-linux-gnu
Thread model: posix
[34m[1mPre-installed Ruby versions[0m
ruby-1.9.3-p551
[34m[1mPre-installed Node.js versions[0m
v0.10.36
[34m[1mPre-installed Go versions[0m
1.4.1
[34m[1mRedis version[0m
redis-server 2.8.19
[34m[1mriak version[0m
2.0.2
[34m[1mMongoDB version[0m
MongoDB 2.4.12
[34m[1mCouchDB version[0m
couchdb 1.6.1
[34m[1mNeo4j version[0m
1.9.4
[34m[1mRabbitMQ Version[0m
3.4.3
[34m[1mElasticSearch version[0m
1.4.0
[34m[1mInstalled Sphinx versions[0m
2.0.10
2.1.9
2.2.6
[34m[1mDefault Sphinx version[0m
2.2.6
[34m[1mInstalled Firefox version[0m
firefox 31.0esr
[34m[1mPhantomJS version[0m
1.9.8
[34m[1mant -version[0m
Apache Ant(TM) version 1.8.2 compiled on December 3 2011
[34m[1mmvn -version[0m
Apache Maven 3.2.5 (12a6b3acb947671f09b81f49094c53f426d8cea1; 2014-12-14T17:29:23+00:00)
Maven home: /usr/local/maven
Java version: 1.7.0_76, vendor: Oracle Corporation
Java home: /usr/lib/jvm/java-7-oracle/jre
Default locale: en_US, platform encoding: ANSI_X3.4-1968
OS name: "linux", version: "3.13.0-29-generic", arch: "amd64", family: "unix"
travis_fold:end:system_info[0K
travis_fold:start:fix.CVE-2015-7547[0K$ export DEBIAN_FRONTEND=noninteractive
W: Size of file /var/lib/apt/lists/us.archive.ubuntu.com_ubuntu_dists_precise-backports_multiverse_source_Sources.gz is not what the server reported 5886 5888
W: Size of file /var/lib/apt/lists/ppa.launchpad.net_ubuntugis_ppa_ubuntu_dists_precise_main_binary-amd64_Packages.gz is not what the server reported 33653 36677
W: Size of file /var/lib/apt/lists/ppa.launchpad.net_ubuntugis_ppa_ubuntu_dists_precise_main_binary-i386_Packages.gz is not what the server reported 33699 36733
Reading package lists...
Building dependency tree...
Reading state information...
The following extra packages will be installed:
  libc-bin libc-dev-bin libc6-dev
Suggested packages:
  glibc-doc
The following packages will be upgraded:
  libc-bin libc-dev-bin libc6 libc6-dev
4 upgraded, 0 newly installed, 0 to remove and 239 not upgraded.
Need to get 8,840 kB of archives.
After this operation, 14.3 kB disk space will be freed.
Get:1 http://us.archive.ubuntu.com/ubuntu/ precise-updates/main libc6-dev amd64 2.15-0ubuntu10.15 [2,943 kB]
Get:2 http://us.archive.ubuntu.com/ubuntu/ precise-updates/main libc-dev-bin amd64 2.15-0ubuntu10.15 [84.7 kB]
Get:3 http://us.archive.ubuntu.com/ubuntu/ precise-updates/main libc-bin amd64 2.15-0ubuntu10.15 [1,177 kB]
Get:4 http://us.archive.ubuntu.com/ubuntu/ precise-updates/main libc6 amd64 2.15-0ubuntu10.15 [4,636 kB]
Fetched 8,840 kB in 0s (27.3 MB/s)
Preconfiguring packages ...
(Reading database ... (Reading database ... 5%(Reading database ... 10%(Reading database ... 15%(Reading database ... 20%(Reading database ... 25%(Reading database ... 30%(Reading database ... 35%(Reading database ... 40%(Reading database ... 45%(Reading database ... 50%(Reading database ... 55%(Reading database ... 60%(Reading database ... 65%(Reading database ... 70%(Reading database ... 75%(Reading database ... 80%(Reading database ... 85%(Reading database ... 90%(Reading database ... 95%(Reading database ... 100%(Reading database ... 72431 files and directories currently installed.)
Preparing to replace libc6-dev 2.15-0ubuntu10.10 (using .../libc6-dev_2.15-0ubuntu10.15_amd64.deb) ...
Unpacking replacement libc6-dev ...
Preparing to replace libc-dev-bin 2.15-0ubuntu10.10 (using .../libc-dev-bin_2.15-0ubuntu10.15_amd64.deb) ...
Unpacking replacement libc-dev-bin ...
Preparing to replace libc-bin 2.15-0ubuntu10.10 (using .../libc-bin_2.15-0ubuntu10.15_amd64.deb) ...
Unpacking replacement libc-bin ...
Processing triggers for man-db ...
Setting up libc-bin (2.15-0ubuntu10.15) ...
(Reading database ... (Reading database ... 5%(Reading database ... 10%(Reading database ... 15%(Reading database ... 20%(Reading database ... 25%(Reading database ... 30%(Reading database ... 35%(Reading database ... 40%(Reading database ... 45%(Reading database ... 50%(Reading database ... 55%(Reading database ... 60%(Reading database ... 65%(Reading database ... 70%(Reading database ... 75%(Reading database ... 80%(Reading database ... 85%(Reading database ... 90%(Reading database ... 95%(Reading database ... 100%(Reading database ... 72430 files and directories currently installed.)
Preparing to replace libc6 2.15-0ubuntu10.10 (using .../libc6_2.15-0ubuntu10.15_amd64.deb) ...
Unpacking replacement libc6 ...
Setting up libc6 (2.15-0ubuntu10.15) ...
Setting up libc-dev-bin (2.15-0ubuntu10.15) ...
Setting up libc6-dev (2.15-0ubuntu10.15) ...
Processing triggers for libc-bin ...
ldconfig deferred processing now taking place
travis_fold:end:fix.CVE-2015-7547[0Ktravis_fold:start:git.checkout[0Ktravis_time:start:0548f8e2[0K$ git clone --depth=50 --branch=valid_minmax https://github.com/Unidata/netcdf4-python.git Unidata/netcdf4-python
Cloning into 'Unidata/netcdf4-python'...
remote: Counting objects: 575, done.[K
remote: Compressing objects:   0% (1/333)   [Kremote: Compressing objects:   1% (4/333)   [Kremote: Compressing objects:   2% (7/333)   [Kremote: Compressing objects:   3% (10/333)   [Kremote: Compressing objects:   4% (14/333)   [Kremote: Compressing objects:   5% (17/333)   [Kremote: Compressing objects:   6% (20/333)   [Kremote: Compressing objects:   7% (24/333)   [Kremote: Compressing objects:   8% (27/333)   [Kremote: Compressing objects:   9% (30/333)   [Kremote: Compressing objects:  10% (34/333)   [Kremote: Compressing objects:  11% (37/333)   [Kremote: Compressing objects:  12% (40/333)   [Kremote: Compressing objects:  13% (44/333)   [Kremote: Compressing objects:  14% (47/333)   [Kremote: Compressing objects:  15% (50/333)   [Kremote: Compressing objects:  16% (54/333)   [Kremote: Compressing objects:  17% (57/333)   [Kremote: Compressing objects:  18% (60/333)   [Kremote: Compressing objects:  19% (64/333)   [Kremote: Compressing objects:  20% (67/333)   [Kremote: Compressing objects:  21% (70/333)   [Kremote: Compressing objects:  22% (74/333)   [Kremote: Compressing objects:  23% (77/333)   [Kremote: Compressing objects:  24% (80/333)   [Kremote: Compressing objects:  25% (84/333)   [Kremote: Compressing objects:  26% (87/333)   [Kremote: Compressing objects:  27% (90/333)   [Kremote: Compressing objects:  28% (94/333)   [Kremote: Compressing objects:  29% (97/333)   [Kremote: Compressing objects:  30% (100/333)   [Kremote: Compressing objects:  31% (104/333)   [Kremote: Compressing objects:  32% (107/333)   [Kremote: Compressing objects:  33% (110/333)   [Kremote: Compressing objects:  34% (114/333)   [Kremote: Compressing objects:  35% (117/333)   [Kremote: Compressing objects:  36% (120/333)   [Kremote: Compressing objects:  37% (124/333)   [Kremote: Compressing objects:  38% (127/333)   [Kremote: Compressing objects:  39% (130/333)   [Kremote: Compressing objects:  40% (134/333)   [Kremote: Compressing objects:  41% (137/333)   [Kremote: Compressing objects:  42% (140/333)   [Kremote: Compressing objects:  43% (144/333)   [Kremote: Compressing objects:  44% (147/333)   [Kremote: Compressing objects:  45% (150/333)   [Kremote: Compressing objects:  45% (151/333)   [Kremote: Compressing objects:  46% (154/333)   [Kremote: Compressing objects:  47% (157/333)   [Kremote: Compressing objects:  48% (160/333)   [Kremote: Compressing objects:  49% (164/333)   [Kremote: Compressing objects:  50% (167/333)   [Kremote: Compressing objects:  51% (170/333)   [Kremote: Compressing objects:  52% (174/333)   [Kremote: Compressing objects:  53% (177/333)   [Kremote: Compressing objects:  54% (180/333)   [Kremote: Compressing objects:  55% (184/333)   [Kremote: Compressing objects:  56% (187/333)   [Kremote: Compressing objects:  57% (190/333)   [Kremote: Compressing objects:  58% (194/333)   [Kremote: Compressing objects:  59% (197/333)   [Kremote: Compressing objects:  60% (200/333)   [Kremote: Compressing objects:  61% (204/333)   [Kremote: Compressing objects:  62% (207/333)   [Kremote: Compressing objects:  63% (210/333)   [Kremote: Compressing objects:  64% (214/333)   [Kremote: Compressing objects:  65% (217/333)   [Kremote: Compressing objects:  66% (220/333)   [Kremote: Compressing objects:  67% (224/333)   [Kremote: Compressing objects:  68% (227/333)   [Kremote: Compressing objects:  69% (230/333)   [Kremote: Compressing objects:  70% (234/333)   [Kremote: Compressing objects:  71% (237/333)   [Kremote: Compressing objects:  72% (240/333)   [Kremote: Compressing objects:  73% (244/333)   [Kremote: Compressing objects:  74% (247/333)   [Kremote: Compressing objects:  75% (250/333)   [Kremote: Compressing objects:  76% (254/333)   [Kremote: Compressing objects:  77% (257/333)   [Kremote: Compressing objects:  78% (260/333)   [Kremote: Compressing objects:  79% (264/333)   [Kremote: Compressing objects:  80% (267/333)   [Kremote: Compressing objects:  81% (270/333)   [Kremote: Compressing objects:  82% (274/333)   [Kremote: Compressing objects:  83% (277/333)   [Kremote: Compressing objects:  84% (280/333)   [Kremote: Compressing objects:  85% (284/333)   [Kremote: Compressing objects:  86% (287/333)   [Kremote: Compressing objects:  87% (290/333)   [Kremote: Compressing objects:  88% (294/333)   [Kremote: Compressing objects:  89% (297/333)   [Kremote: Compressing objects:  90% (300/333)   [Kremote: Compressing objects:  91% (304/333)   [Kremote: Compressing objects:  92% (307/333)   [Kremote: Compressing objects:  93% (310/333)   [Kremote: Compressing objects:  94% (314/333)   [Kremote: Compressing objects:  95% (317/333)   [Kremote: Compressing objects:  96% (320/333)   [Kremote: Compressing objects:  97% (324/333)   [Kremote: Compressing objects:  98% (327/333)   [Kremote: Compressing objects:  99% (330/333)   [Kremote: Compressing objects: 100% (333/333)   [Kremote: Compressing objects: 100% (333/333), done.[K
Receiving objects:   0% (1/575)   Receiving objects:   1% (6/575)   Receiving objects:   2% (12/575)   Receiving objects:   3% (18/575)   Receiving objects:   4% (23/575)   Receiving objects:   5% (29/575)   Receiving objects:   6% (35/575)   Receiving objects:   7% (41/575)   Receiving objects:   8% (46/575)   Receiving objects:   9% (52/575)   Receiving objects:  10% (58/575)   Receiving objects:  11% (64/575)   Receiving objects:  12% (69/575)   Receiving objects:  13% (75/575)   Receiving objects:  14% (81/575)   Receiving objects:  15% (87/575)   Receiving objects:  16% (92/575)   Receiving objects:  17% (98/575)   Receiving objects:  18% (104/575)   Receiving objects:  19% (110/575)   Receiving objects:  20% (115/575)   Receiving objects:  21% (121/575)   Receiving objects:  22% (127/575)   Receiving objects:  23% (133/575)   Receiving objects:  24% (138/575)   Receiving objects:  25% (144/575)   Receiving objects:  26% (150/575)   Receiving objects:  27% (156/575)   Receiving objects:  27% (159/575), 18.14 MiB | 18.10 MiB/s   Receiving objects:  28% (161/575), 28.87 MiB | 19.20 MiB/s   Receiving objects:  28% (161/575), 40.30 MiB | 20.11 MiB/s   Receiving objects:  28% (164/575), 62.11 MiB | 20.66 MiB/s   Receiving objects:  28% (166/575), 82.32 MiB | 20.54 MiB/s   Receiving objects:  29% (167/575), 82.32 MiB | 20.54 MiB/s   Receiving objects:  29% (169/575), 101.75 MiB | 20.65 MiB/s   Receiving objects:  29% (169/575), 119.36 MiB | 20.07 MiB/s   Receiving objects:  30% (173/575), 128.62 MiB | 19.59 MiB/s   Receiving objects:  31% (179/575), 128.62 MiB | 19.59 MiB/s   Receiving objects:  32% (184/575), 128.62 MiB | 19.59 MiB/s   Receiving objects:  33% (190/575), 128.62 MiB | 19.59 MiB/s   Receiving objects:  34% (196/575), 128.62 MiB | 19.59 MiB/s   Receiving objects:  35% (202/575), 128.62 MiB | 19.59 MiB/s   Receiving objects:  36% (207/575), 128.62 MiB | 19.59 MiB/s   Receiving objects:  37% (213/575), 128.62 MiB | 19.59 MiB/s   Receiving objects:  38% (219/575), 128.62 MiB | 19.59 MiB/s   Receiving objects:  39% (225/575), 128.62 MiB | 19.59 MiB/s   Receiving objects:  40% (230/575), 128.62 MiB | 19.59 MiB/s   Receiving objects:  41% (236/575), 128.62 MiB | 19.59 MiB/s   Receiving objects:  42% (242/575), 128.62 MiB | 19.59 MiB/s   Receiving objects:  43% (248/575), 128.62 MiB | 19.59 MiB/s   Receiving objects:  44% (253/575), 128.62 MiB | 19.59 MiB/s   Receiving objects:  45% (259/575), 128.62 MiB | 19.59 MiB/s   Receiving objects:  46% (265/575), 128.62 MiB | 19.59 MiB/s   Receiving objects:  47% (271/575), 128.62 MiB | 19.59 MiB/s   Receiving objects:  48% (276/575), 128.62 MiB | 19.59 MiB/s   Receiving objects:  49% (282/575), 128.62 MiB | 19.59 MiB/s   Receiving objects:  50% (288/575), 128.62 MiB | 19.59 MiB/s   Receiving objects:  51% (294/575), 128.62 MiB | 19.59 MiB/s   Receiving objects:  52% (299/575), 128.62 MiB | 19.59 MiB/s   Receiving objects:  53% (305/575), 128.62 MiB | 19.59 MiB/s   Receiving objects:  54% (311/575), 128.62 MiB | 19.59 MiB/s   Receiving objects:  55% (317/575), 128.62 MiB | 19.59 MiB/s   Receiving objects:  56% (322/575), 128.62 MiB | 19.59 MiB/s   Receiving objects:  57% (328/575), 128.62 MiB | 19.59 MiB/s   Receiving objects:  58% (334/575), 128.62 MiB | 19.59 MiB/s   Receiving objects:  59% (340/575), 128.62 MiB | 19.59 MiB/s   Receiving objects:  60% (345/575), 128.62 MiB | 19.59 MiB/s   Receiving objects:  61% (351/575), 128.62 MiB | 19.59 MiB/s   Receiving objects:  62% (357/575), 128.62 MiB | 19.59 MiB/s   Receiving objects:  63% (363/575), 128.62 MiB | 19.59 MiB/s   Receiving objects:  64% (368/575), 128.62 MiB | 19.59 MiB/s   Receiving objects:  65% (374/575), 128.62 MiB | 19.59 MiB/s   Receiving objects:  66% (380/575), 128.62 MiB | 19.59 MiB/s   Receiving objects:  67% (386/575), 128.62 MiB | 19.59 MiB/s   Receiving objects:  68% (391/575), 128.62 MiB | 19.59 MiB/s   Receiving objects:  69% (397/575), 128.62 MiB | 19.59 MiB/s   Receiving objects:  70% (403/575), 128.62 MiB | 19.59 MiB/s   Receiving objects:  71% (409/575), 128.62 MiB | 19.59 MiB/s   Receiving objects:  72% (414/575), 128.62 MiB | 19.59 MiB/s   Receiving objects:  73% (420/575), 128.62 MiB | 19.59 MiB/s   Receiving objects:  74% (426/575), 128.62 MiB | 19.59 MiB/s   Receiving objects:  75% (432/575), 128.62 MiB | 19.59 MiB/s   Receiving objects:  76% (437/575), 128.62 MiB | 19.59 MiB/s   Receiving objects:  77% (443/575), 128.62 MiB | 19.59 MiB/s   Receiving objects:  78% (449/575), 128.62 MiB | 19.59 MiB/s   Receiving objects:  79% (455/575), 128.62 MiB | 19.59 MiB/s   Receiving objects:  80% (460/575), 128.62 MiB | 19.59 MiB/s   Receiving objects:  81% (466/575), 128.62 MiB | 19.59 MiB/s   Receiving objects:  82% (472/575), 128.62 MiB | 19.59 MiB/s   Receiving objects:  83% (478/575), 128.62 MiB | 19.59 MiB/s   Receiving objects:  84% (483/575), 128.62 MiB | 19.59 MiB/s   Receiving objects:  85% (489/575), 128.62 MiB | 19.59 MiB/s   Receiving objects:  86% (495/575), 128.62 MiB | 19.59 MiB/s   Receiving objects:  87% (501/575), 128.62 MiB | 19.59 MiB/s   Receiving objects:  88% (506/575), 128.62 MiB | 19.59 MiB/s   Receiving objects:  89% (512/575), 128.62 MiB | 19.59 MiB/s   Receiving objects:  90% (518/575), 128.62 MiB | 19.59 MiB/s   Receiving objects:  91% (524/575), 128.62 MiB | 19.59 MiB/s   Receiving objects:  92% (529/575), 128.62 MiB | 19.59 MiB/s   Receiving objects:  93% (535/575), 128.62 MiB | 19.59 MiB/s   Receiving objects:  94% (541/575), 128.62 MiB | 19.59 MiB/s   remote: Total 575 (delta 304), reused 443 (delta 223), pack-reused 0[K
Receiving objects:  95% (547/575), 128.62 MiB | 19.59 MiB/s   Receiving objects:  96% (552/575), 128.62 MiB | 19.59 MiB/s   Receiving objects:  97% (558/575), 128.62 MiB | 19.59 MiB/s   Receiving objects:  98% (564/575), 128.62 MiB | 19.59 MiB/s   Receiving objects:  99% (570/575), 128.62 MiB | 19.59 MiB/s   Receiving objects: 100% (575/575), 128.62 MiB | 19.59 MiB/s   Receiving objects: 100% (575/575), 133.44 MiB | 19.13 MiB/s, done.
Resolving deltas:   0% (0/304)   Resolving deltas:   4% (14/304)   Resolving deltas:   6% (19/304)   Resolving deltas:   7% (23/304)   Resolving deltas:  36% (110/304)   Resolving deltas:  37% (113/304)   Resolving deltas:  38% (117/304)   Resolving deltas:  40% (124/304)   Resolving deltas:  49% (150/304)   Resolving deltas:  52% (159/304)   Resolving deltas:  54% (166/304)   Resolving deltas:  58% (177/304)   Resolving deltas:  60% (183/304)   Resolving deltas:  61% (186/304)   Resolving deltas:  62% (189/304)   Resolving deltas:  65% (198/304)   Resolving deltas:  66% (201/304)   Resolving deltas:  67% (204/304)   Resolving deltas:  68% (209/304)   Resolving deltas:  70% (215/304)   Resolving deltas:  71% (216/304)   Resolving deltas:  72% (219/304)   Resolving deltas:  73% (223/304)   Resolving deltas:  74% (225/304)   Resolving deltas:  75% (228/304)   Resolving deltas:  76% (232/304)   Resolving deltas:  77% (236/304)   Resolving deltas:  79% (241/304)   Resolving deltas:  80% (244/304)   Resolving deltas:  90% (275/304)   Resolving deltas: 100% (304/304)   Resolving deltas: 100% (304/304), done.
Checking connectivity... done.

travis_time:end:0548f8e2:start=1470158208916823693,finish=1470158219927994516,duration=11011170823[0K$ cd Unidata/netcdf4-python
$ git checkout -qf 7a7db0492eb821ec7e9eabf53ee5e903c0c25fcb
travis_fold:end:git.checkout[0Ktravis_fold:start:apt[0K[33;1mInstalling APT Packages (BETA)[0m
$ export DEBIAN_FRONTEND=noninteractive
travis_time:start:053b3953[0K$ sudo -E apt-get -yq update &>> ~/apt-get-update.log

travis_time:end:053b3953:start=1470158220679800637,finish=1470158228420913559,duration=7741112922[0Ktravis_time:start:0e239a87[0K$ sudo -E apt-get -yq --no-install-suggests --no-install-recommends --force-yes install libhdf5-serial-dev netcdf-bin libnetcdf-dev
Reading package lists...
Building dependency tree...
Reading state information...
Suggested packages:
  libhdf5-doc netcdf-doc
The following NEW packages will be installed:
  libhdf5-serial-dev libnetcdf-dev netcdf-bin
0 upgraded, 3 newly installed, 0 to remove and 239 not upgraded.
Need to get 3,107 kB of archives.
After this operation, 20.4 MB of additional disk space will be used.
Get:1 http://us.archive.ubuntu.com/ubuntu/ precise/universe libhdf5-serial-dev amd64 1.8.4-patch1-3ubuntu2 [2,278 kB]
Get:2 http://us.archive.ubuntu.com/ubuntu/ precise/universe libnetcdf-dev amd64 1:4.1.1-6 [644 kB]
Get:3 http://us.archive.ubuntu.com/ubuntu/ precise/universe netcdf-bin amd64 1:4.1.1-6 [185 kB]
Fetched 3,107 kB in 0s (17.4 MB/s)
Selecting previously unselected package libhdf5-serial-dev.
(Reading database ... (Reading database ... 5%(Reading database ... 10%(Reading database ... 15%(Reading database ... 20%(Reading database ... 25%(Reading database ... 30%(Reading database ... 35%(Reading database ... 40%(Reading database ... 45%(Reading database ... 50%(Reading database ... 55%(Reading database ... 60%(Reading database ... 65%(Reading database ... 70%(Reading database ... 75%(Reading database ... 80%(Reading database ... 85%(Reading database ... 90%(Reading database ... 95%(Reading database ... 100%(Reading database ... 72430 files and directories currently installed.)
Unpacking libhdf5-serial-dev (from .../libhdf5-serial-dev_1.8.4-patch1-3ubuntu2_amd64.deb) ...
Selecting previously unselected package libnetcdf-dev.
Unpacking libnetcdf-dev (from .../libnetcdf-dev_1%3a4.1.1-6_amd64.deb) ...
Selecting previously unselected package netcdf-bin.
Unpacking netcdf-bin (from .../netcdf-bin_1%3a4.1.1-6_amd64.deb) ...
Processing triggers for man-db ...
Setting up libhdf5-serial-dev (1.8.4-patch1-3ubuntu2) ...
Setting up libnetcdf-dev (1:4.1.1-6) ...
Setting up netcdf-bin (1:4.1.1-6) ...

travis_time:end:0e239a87:start=1470158228426411190,finish=1470158241609416537,duration=13183005347[0Ktravis_fold:end:apt[0K
[33;1mThis job is running on container-based infrastructure, which does not allow use of 'sudo', setuid and setguid executables.[0m
[33;1mIf you require sudo, add 'sudo: required' to your .travis.yml[0m
[33;1mSee https://docs.travis-ci.com/user/workers/container-based-infrastructure/ for details.[0m

[33;1mSetting environment variables from .travis.yml[0m
$ export DEPENDS="numpy cython"
$ export NO_NET=1
$ export DEPENDS="numpy ordereddict"

travis_time:start:04fb2292[0K$ source ~/virtualenv/python2.6/bin/activate

travis_time:end:04fb2292:start=1470158245368854497,finish=1470158245374291302,duration=5436805[0K$ python --version
Python 2.6.9
$ pip --version
pip 6.0.7 from /home/travis/virtualenv/python2.6.9/lib/python2.6/site-packages (python 2.6)
travis_fold:start:before_install[0Ktravis_time:start:008a3f8e[0K$ pip install $DEPENDS
Requirement already satisfied (use --upgrade to upgrade): numpy in /home/travis/virtualenv/python2.6.9/lib/python2.6/site-packages
Collecting ordereddict
  Downloading ordereddict-1.1.tar.gz
    /tmp/pip-build-gw7gNN/ordereddict/setup.py:12: DeprecationWarning: Parameters to load are deprecated.  Call .resolve and .require separately.
Installing collected packages: ordereddict
  Running setup.py install for ordereddict
    /home/travis/virtualenv/python2.6.9/lib/python2.6/site-packages/setuptools/command/egg_info.py:171: DeprecationWarning: Parameters to load are deprecated.  Call .resolve and .require separately.
      writer = ep.load(installer=installer)
Successfully installed ordereddict-1.1

travis_time:end:008a3f8e:start=1470158245984758895,finish=1470158246923064640,duration=938305745[0Ktravis_fold:end:before_install[0Ktravis_fold:start:install.1[0Ktravis_time:start:1ea6fa65[0K$ python setup.py build
reading from setup.cfg...
Package hdf5 was not found in the pkg-config search path.
Perhaps you should add the directory containing `hdf5.pc'
to the PKG_CONFIG_PATH environment variable
No package 'hdf5' found
using nc-config ...
using netcdf library version 4.1.1
running build
running build_py
creating build
creating build/lib.linux-x86_64-2.6
creating build/lib.linux-x86_64-2.6/netcdftime
copying netcdftime/__init__.py -> build/lib.linux-x86_64-2.6/netcdftime
copying netcdftime/netcdftime.py -> build/lib.linux-x86_64-2.6/netcdftime
creating build/lib.linux-x86_64-2.6/netCDF4
copying netCDF4/__init__.py -> build/lib.linux-x86_64-2.6/netCDF4
copying netCDF4/utils.py -> build/lib.linux-x86_64-2.6/netCDF4
running build_ext
building 'netCDF4._netCDF4' extension
creating build/temp.linux-x86_64-2.6
creating build/temp.linux-x86_64-2.6/netCDF4
gcc -pthread -fno-strict-aliasing -g -fstack-protector --param=ssp-buffer-size=4 -Wformat -Werror=format-security -DNDEBUG -g -fwrapv -O3 -Wall -Wstrict-prototypes -fPIC -I/usr/include -I/home/travis/virtualenv/python2.6.9/lib/python2.6/site-packages/numpy/core/include -I/opt/python/2.6.9/include/python2.6 -c netCDF4/_netCDF4.c -o build/temp.linux-x86_64-2.6/netCDF4/_netCDF4.o
In file included from /home/travis/virtualenv/python2.6.9/lib/python2.6/site-packages/numpy/core/include/numpy/ndarraytypes.h:1804:0,
                 from /home/travis/virtualenv/python2.6.9/lib/python2.6/site-packages/numpy/core/include/numpy/ndarrayobject.h:17,
                 from /home/travis/virtualenv/python2.6.9/lib/python2.6/site-packages/numpy/core/include/numpy/arrayobject.h:4,
                 from netCDF4/_netCDF4.c:243:
/home/travis/virtualenv/python2.6.9/lib/python2.6/site-packages/numpy/core/include/numpy/npy_1_7_deprecated_api.h:15:2: warning: #warning "Using deprecated NumPy API, disable it by " "#defining NPY_NO_DEPRECATED_API NPY_1_7_API_VERSION" [-Wcpp]
netCDF4/_netCDF4.c: In function â€˜__pyx_f_7netCDF4_8_netCDF4__set_attâ€™:
netCDF4/_netCDF4.c:6302:11: warning: passing argument 5 of â€˜nc_put_att_stringâ€™ from incompatible pointer type [enabled by default]
/usr/include/netcdf.h:956:1: note: expected â€˜const char **â€™ but argument is of type â€˜char **â€™
netCDF4/_netCDF4.c: In function â€˜__pyx_f_7netCDF4_8_netCDF4__get_typesâ€™:
netCDF4/_netCDF4.c:7031:21: warning: â€˜__pyx_v_typeidsâ€™ may be used uninitialized in this function [-Wuninitialized]
netCDF4/_netCDF4.c: In function â€˜__pyx_f_7netCDF4_8_netCDF4__find_cmptypeâ€™:
netCDF4/_netCDF4.c:83067:34: warning: â€˜__pyx_v_xtypeâ€™ may be used uninitialized in this function [-Wuninitialized]
netCDF4/_netCDF4.c:51287:11: note: â€˜__pyx_v_xtypeâ€™ was declared here
netCDF4/_netCDF4.c: In function â€˜__pyx_pw_7netCDF4_8_netCDF4_8Variable_1__init__â€™:
netCDF4/_netCDF4.c:27541:20: warning: â€˜__pyx_v_dimidsâ€™ may be used uninitialized in this function [-Wuninitialized]
netCDF4/_netCDF4.c:26141:8: note: â€˜__pyx_v_dimidsâ€™ was declared here
gcc -pthread -shared build/temp.linux-x86_64-2.6/netCDF4/_netCDF4.o -L/usr/lib -L/opt/python/2.6.9/lib -Wl,-R/usr/lib -lnetcdf -lpython2.6 -o build/lib.linux-x86_64-2.6/netCDF4/_netCDF4.so
building 'netcdftime._datetime' extension
creating build/temp.linux-x86_64-2.6/netcdftime
gcc -pthread -fno-strict-aliasing -g -fstack-protector --param=ssp-buffer-size=4 -Wformat -Werror=format-security -DNDEBUG -g -fwrapv -O3 -Wall -Wstrict-prototypes -fPIC -I/opt/python/2.6.9/include/python2.6 -c netcdftime/_datetime.c -o build/temp.linux-x86_64-2.6/netcdftime/_datetime.o
gcc -pthread -shared build/temp.linux-x86_64-2.6/netcdftime/_datetime.o -L/opt/python/2.6.9/lib -lpython2.6 -o build/lib.linux-x86_64-2.6/netcdftime/_datetime.so

travis_time:end:1ea6fa65:start=1470158246928852466,finish=1470158294525622114,duration=47596769648[0Ktravis_fold:end:install.1[0Ktravis_fold:start:install.2[0Ktravis_time:start:084562ec[0K$ python setup.py install
reading from setup.cfg...
Package hdf5 was not found in the pkg-config search path.
Perhaps you should add the directory containing `hdf5.pc'
to the PKG_CONFIG_PATH environment variable
No package 'hdf5' found
using nc-config ...
using netcdf library version 4.1.1
running install
running bdist_egg
running egg_info
creating netCDF4.egg-info
/home/travis/virtualenv/python2.6.9/lib/python2.6/site-packages/setuptools/command/egg_info.py:171: DeprecationWarning: Parameters to load are deprecated.  Call .resolve and .require separately.
  writer = ep.load(installer=installer)
writing requirements to netCDF4.egg-info/requires.txt
writing netCDF4.egg-info/PKG-INFO
writing top-level names to netCDF4.egg-info/top_level.txt
writing dependency_links to netCDF4.egg-info/dependency_links.txt
writing entry points to netCDF4.egg-info/entry_points.txt
writing manifest file 'netCDF4.egg-info/SOURCES.txt'
reading manifest file 'netCDF4.egg-info/SOURCES.txt'
reading manifest template 'MANIFEST.in'
warning: manifest_maker: MANIFEST.in, line 4: 'recursive-include' expects <dir> <pattern1> <pattern2> ...
writing manifest file 'netCDF4.egg-info/SOURCES.txt'
installing library code to build/bdist.linux-x86_64/egg
running install_lib
running build_py
running build_ext
creating build/bdist.linux-x86_64
creating build/bdist.linux-x86_64/egg
creating build/bdist.linux-x86_64/egg/netcdftime
copying build/lib.linux-x86_64-2.6/netcdftime/__init__.py -> build/bdist.linux-x86_64/egg/netcdftime
copying build/lib.linux-x86_64-2.6/netcdftime/netcdftime.py -> build/bdist.linux-x86_64/egg/netcdftime
copying build/lib.linux-x86_64-2.6/netcdftime/_datetime.so -> build/bdist.linux-x86_64/egg/netcdftime
creating build/bdist.linux-x86_64/egg/netCDF4
copying build/lib.linux-x86_64-2.6/netCDF4/__init__.py -> build/bdist.linux-x86_64/egg/netCDF4
copying build/lib.linux-x86_64-2.6/netCDF4/utils.py -> build/bdist.linux-x86_64/egg/netCDF4
copying build/lib.linux-x86_64-2.6/netCDF4/_netCDF4.so -> build/bdist.linux-x86_64/egg/netCDF4
byte-compiling build/bdist.linux-x86_64/egg/netcdftime/__init__.py to __init__.pyc
byte-compiling build/bdist.linux-x86_64/egg/netcdftime/netcdftime.py to netcdftime.pyc
byte-compiling build/bdist.linux-x86_64/egg/netCDF4/__init__.py to __init__.pyc
byte-compiling build/bdist.linux-x86_64/egg/netCDF4/utils.py to utils.pyc
creating stub loader for netCDF4/_netCDF4.so
creating stub loader for netcdftime/_datetime.so
byte-compiling build/bdist.linux-x86_64/egg/netCDF4/_netCDF4.py to _netCDF4.pyc
byte-compiling build/bdist.linux-x86_64/egg/netcdftime/_datetime.py to _datetime.pyc
creating build/bdist.linux-x86_64/egg/EGG-INFO
copying netCDF4.egg-info/PKG-INFO -> build/bdist.linux-x86_64/egg/EGG-INFO
copying netCDF4.egg-info/SOURCES.txt -> build/bdist.linux-x86_64/egg/EGG-INFO
copying netCDF4.egg-info/dependency_links.txt -> build/bdist.linux-x86_64/egg/EGG-INFO
copying netCDF4.egg-info/entry_points.txt -> build/bdist.linux-x86_64/egg/EGG-INFO
copying netCDF4.egg-info/requires.txt -> build/bdist.linux-x86_64/egg/EGG-INFO
copying netCDF4.egg-info/top_level.txt -> build/bdist.linux-x86_64/egg/EGG-INFO
writing build/bdist.linux-x86_64/egg/EGG-INFO/native_libs.txt
zip_safe flag not set; analyzing archive contents...
creating dist
creating 'dist/netCDF4-1.2.5-py2.6-linux-x86_64.egg' and adding 'build/bdist.linux-x86_64/egg' to it
removing 'build/bdist.linux-x86_64/egg' (and everything under it)
Processing netCDF4-1.2.5-py2.6-linux-x86_64.egg
Copying netCDF4-1.2.5-py2.6-linux-x86_64.egg to /home/travis/virtualenv/python2.6.9/lib/python2.6/site-packages
Adding netCDF4 1.2.5 to easy-install.pth file
Installing ncinfo script to /home/travis/virtualenv/python2.6.9/bin
Installing nc4tonc3 script to /home/travis/virtualenv/python2.6.9/bin
Installing nc3tonc4 script to /home/travis/virtualenv/python2.6.9/bin

Installed /home/travis/virtualenv/python2.6.9/lib/python2.6/site-packages/netCDF4-1.2.5-py2.6-linux-x86_64.egg
Processing dependencies for netCDF4==1.2.5
Searching for numpy==1.9.1
Best match: numpy 1.9.1
Adding numpy 1.9.1 to easy-install.pth file

Using /home/travis/virtualenv/python2.6.9/lib/python2.6/site-packages
Finished processing dependencies for netCDF4==1.2.5

travis_time:end:084562ec:start=1470158294529839539,finish=1470158295130830513,duration=600990974[0Ktravis_fold:end:install.2[0Ktravis_time:start:01795ee2[0K$ cd test

travis_time:end:01795ee2:start=1470158295135168423,finish=1470158295138261834,duration=3093411[0K
[32;1mThe command "cd test" exited with 0.[0m
travis_time:start:1c4dd985[0K$ python run_all.py
/home/travis/virtualenv/python2.6.9/lib/python2.6/site-packages/pkg_resources/__init__.py:1222: UserWarning: /home/travis/.python-eggs is writable by group/others and vulnerable to attack when used with get_resource_filename. Consider a more secure location (set with .set_extraction_path or the PYTHON_EGG_CACHE environment variable).
  warnings.warn(msg, UserWarning)
not running tst_unicode3.py ...
not running tst_diskless.py ...
not running tst_filepath.py ...
not running tst_cdf5.py ...
not running tst_dap.py ...

netcdf4-python version: 1.2.5
HDF5 lib version:       1.8.4-patch1
netcdf lib version:     4.1.1
numpy version           1.9.1
.........................F...................................................
======================================================================
FAIL: Testing auto-conversion of masked arrays
----------------------------------------------------------------------
Traceback (most recent call last):
  File "/home/travis/build/Unidata/netcdf4-python/test/tst_masked4.py", line 78, in test_scaled
    self.assert_(isinstance(v, ma.core.MaskedArray))
AssertionError

----------------------------------------------------------------------
Ran 77 tests in 32.004s

FAILED (failures=1)

travis_time:end:1c4dd985:start=1470158295142451549,finish=1470158327890941594,duration=32748490045[0K
[31;1mThe command "python run_all.py" exited with 1.[0m

Done. Your build exited with 1.
