Using worker: worker-linux-docker-a9e2832f.prod.travis-ci.org:travis-linux-13

travis_fold:start:system_info[0K[33;1mBuild system information[0m
Build language: python
Build group: stable
Build dist: precise
[34m[1mBuild image provisioning date and time[0m
Thu Feb  5 15:09:33 UTC 2015
[34m[1mOperating System Details[0m
Distributor ID:	Ubuntu
Description:	Ubuntu 12.04.5 LTS
Release:	12.04
Codename:	precise
[34m[1mLinux Version[0m
3.13.0-29-generic
[34m[1mCookbooks Version[0m
a68419e https://github.com/travis-ci/travis-cookbooks/tree/a68419e
[34m[1mGCC version[0m
gcc (Ubuntu/Linaro 4.6.3-1ubuntu5) 4.6.3
Copyright (C) 2011 Free Software Foundation, Inc.
This is free software; see the source for copying conditions.  There is NO
warranty; not even for MERCHANTABILITY or FITNESS FOR A PARTICULAR PURPOSE.

[34m[1mLLVM version[0m
clang version 3.4 (tags/RELEASE_34/final)
Target: x86_64-unknown-linux-gnu
Thread model: posix
[34m[1mPre-installed Ruby versions[0m
ruby-1.9.3-p551
[34m[1mPre-installed Node.js versions[0m
v0.10.36
[34m[1mPre-installed Go versions[0m
1.4.1
[34m[1mRedis version[0m
redis-server 2.8.19
[34m[1mriak version[0m
2.0.2
[34m[1mMongoDB version[0m
MongoDB 2.4.12
[34m[1mCouchDB version[0m
couchdb 1.6.1
[34m[1mNeo4j version[0m
1.9.4
[34m[1mRabbitMQ Version[0m
3.4.3
[34m[1mElasticSearch version[0m
1.4.0
[34m[1mInstalled Sphinx versions[0m
2.0.10
2.1.9
2.2.6
[34m[1mDefault Sphinx version[0m
2.2.6
[34m[1mInstalled Firefox version[0m
firefox 31.0esr
[34m[1mPhantomJS version[0m
1.9.8
[34m[1mant -version[0m
Apache Ant(TM) version 1.8.2 compiled on December 3 2011
[34m[1mmvn -version[0m
Apache Maven 3.2.5 (12a6b3acb947671f09b81f49094c53f426d8cea1; 2014-12-14T17:29:23+00:00)
Maven home: /usr/local/maven
Java version: 1.7.0_76, vendor: Oracle Corporation
Java home: /usr/lib/jvm/java-7-oracle/jre
Default locale: en_US, platform encoding: ANSI_X3.4-1968
OS name: "linux", version: "3.13.0-29-generic", arch: "amd64", family: "unix"
travis_fold:end:system_info[0K
travis_fold:start:fix.CVE-2015-7547[0K$ export DEBIAN_FRONTEND=noninteractive
W: Size of file /var/lib/apt/lists/us.archive.ubuntu.com_ubuntu_dists_precise-backports_multiverse_source_Sources.gz is not what the server reported 5886 5888
W: Size of file /var/lib/apt/lists/ppa.launchpad.net_ubuntugis_ppa_ubuntu_dists_precise_main_binary-amd64_Packages.gz is not what the server reported 36669 36677
W: Size of file /var/lib/apt/lists/ppa.launchpad.net_ubuntugis_ppa_ubuntu_dists_precise_main_binary-i386_Packages.gz is not what the server reported 36729 36733
Reading package lists...
Building dependency tree...
Reading state information...
The following extra packages will be installed:
  libc-bin libc-dev-bin libc6-dev
Suggested packages:
  glibc-doc
The following packages will be upgraded:
  libc-bin libc-dev-bin libc6 libc6-dev
4 upgraded, 0 newly installed, 0 to remove and 236 not upgraded.
Need to get 8,840 kB of archives.
After this operation, 14.3 kB disk space will be freed.
Get:1 http://us.archive.ubuntu.com/ubuntu/ precise-updates/main libc6-dev amd64 2.15-0ubuntu10.15 [2,943 kB]
Get:2 http://us.archive.ubuntu.com/ubuntu/ precise-updates/main libc-dev-bin amd64 2.15-0ubuntu10.15 [84.7 kB]
Get:3 http://us.archive.ubuntu.com/ubuntu/ precise-updates/main libc-bin amd64 2.15-0ubuntu10.15 [1,177 kB]
Get:4 http://us.archive.ubuntu.com/ubuntu/ precise-updates/main libc6 amd64 2.15-0ubuntu10.15 [4,636 kB]
Fetched 8,840 kB in 0s (33.9 MB/s)
Preconfiguring packages ...
(Reading database ... (Reading database ... 5%(Reading database ... 10%(Reading database ... 15%(Reading database ... 20%(Reading database ... 25%(Reading database ... 30%(Reading database ... 35%(Reading database ... 40%(Reading database ... 45%(Reading database ... 50%(Reading database ... 55%(Reading database ... 60%(Reading database ... 65%(Reading database ... 70%(Reading database ... 75%(Reading database ... 80%(Reading database ... 85%(Reading database ... 90%(Reading database ... 95%(Reading database ... 100%(Reading database ... 72431 files and directories currently installed.)
Preparing to replace libc6-dev 2.15-0ubuntu10.10 (using .../libc6-dev_2.15-0ubuntu10.15_amd64.deb) ...
Unpacking replacement libc6-dev ...
Preparing to replace libc-dev-bin 2.15-0ubuntu10.10 (using .../libc-dev-bin_2.15-0ubuntu10.15_amd64.deb) ...
Unpacking replacement libc-dev-bin ...
Preparing to replace libc-bin 2.15-0ubuntu10.10 (using .../libc-bin_2.15-0ubuntu10.15_amd64.deb) ...
Unpacking replacement libc-bin ...
Processing triggers for man-db ...
Setting up libc-bin (2.15-0ubuntu10.15) ...
(Reading database ... (Reading database ... 5%(Reading database ... 10%(Reading database ... 15%(Reading database ... 20%(Reading database ... 25%(Reading database ... 30%(Reading database ... 35%(Reading database ... 40%(Reading database ... 45%(Reading database ... 50%(Reading database ... 55%(Reading database ... 60%(Reading database ... 65%(Reading database ... 70%(Reading database ... 75%(Reading database ... 80%(Reading database ... 85%(Reading database ... 90%(Reading database ... 95%(Reading database ... 100%(Reading database ... 72430 files and directories currently installed.)
Preparing to replace libc6 2.15-0ubuntu10.10 (using .../libc6_2.15-0ubuntu10.15_amd64.deb) ...
Unpacking replacement libc6 ...
Setting up libc6 (2.15-0ubuntu10.15) ...
Setting up libc-dev-bin (2.15-0ubuntu10.15) ...
Setting up libc6-dev (2.15-0ubuntu10.15) ...
Processing triggers for libc-bin ...
ldconfig deferred processing now taking place
travis_fold:end:fix.CVE-2015-7547[0Ktravis_fold:start:git.checkout[0Ktravis_time:start:0e32a28d[0K$ git clone --depth=50 --branch=issue570 https://github.com/Unidata/netcdf4-python.git Unidata/netcdf4-python
Cloning into 'Unidata/netcdf4-python'...
remote: Counting objects: 609, done.[K
remote: Compressing objects:   0% (1/324)   [Kremote: Compressing objects:   1% (4/324)   [Kremote: Compressing objects:   2% (7/324)   [Kremote: Compressing objects:   3% (10/324)   [Kremote: Compressing objects:   4% (13/324)   [Kremote: Compressing objects:   5% (17/324)   [Kremote: Compressing objects:   6% (20/324)   [Kremote: Compressing objects:   7% (23/324)   [Kremote: Compressing objects:   8% (26/324)   [Kremote: Compressing objects:   9% (30/324)   [Kremote: Compressing objects:  10% (33/324)   [Kremote: Compressing objects:  11% (36/324)   [Kremote: Compressing objects:  12% (39/324)   [Kremote: Compressing objects:  13% (43/324)   [Kremote: Compressing objects:  14% (46/324)   [Kremote: Compressing objects:  15% (49/324)   [Kremote: Compressing objects:  16% (52/324)   [Kremote: Compressing objects:  17% (56/324)   [Kremote: Compressing objects:  18% (59/324)   [Kremote: Compressing objects:  19% (62/324)   [Kremote: Compressing objects:  20% (65/324)   [Kremote: Compressing objects:  21% (69/324)   [Kremote: Compressing objects:  22% (72/324)   [Kremote: Compressing objects:  23% (75/324)   [Kremote: Compressing objects:  24% (78/324)   [Kremote: Compressing objects:  25% (81/324)   [Kremote: Compressing objects:  26% (85/324)   [Kremote: Compressing objects:  27% (88/324)   [Kremote: Compressing objects:  28% (91/324)   [Kremote: Compressing objects:  29% (94/324)   [Kremote: Compressing objects:  30% (98/324)   [Kremote: Compressing objects:  31% (101/324)   [Kremote: Compressing objects:  32% (104/324)   [Kremote: Compressing objects:  33% (107/324)   [Kremote: Compressing objects:  34% (111/324)   [Kremote: Compressing objects:  35% (114/324)   [Kremote: Compressing objects:  36% (117/324)   [Kremote: Compressing objects:  37% (120/324)   [Kremote: Compressing objects:  38% (124/324)   [Kremote: Compressing objects:  39% (127/324)   [Kremote: Compressing objects:  40% (130/324)   [Kremote: Compressing objects:  41% (133/324)   [Kremote: Compressing objects:  42% (137/324)   [Kremote: Compressing objects:  43% (140/324)   [Kremote: Compressing objects:  44% (143/324)   [Kremote: Compressing objects:  44% (144/324)   [Kremote: Compressing objects:  45% (146/324)   [Kremote: Compressing objects:  46% (150/324)   [Kremote: Compressing objects:  47% (153/324)   [Kremote: Compressing objects:  48% (156/324)   [Kremote: Compressing objects:  49% (159/324)   [Kremote: Compressing objects:  50% (162/324)   [Kremote: Compressing objects:  51% (166/324)   [Kremote: Compressing objects:  52% (169/324)   [Kremote: Compressing objects:  53% (172/324)   [Kremote: Compressing objects:  54% (175/324)   [Kremote: Compressing objects:  55% (179/324)   [Kremote: Compressing objects:  56% (182/324)   [Kremote: Compressing objects:  57% (185/324)   [Kremote: Compressing objects:  58% (188/324)   [Kremote: Compressing objects:  59% (192/324)   [Kremote: Compressing objects:  60% (195/324)   [Kremote: Compressing objects:  61% (198/324)   [Kremote: Compressing objects:  62% (201/324)   [Kremote: Compressing objects:  63% (205/324)   [Kremote: Compressing objects:  64% (208/324)   [Kremote: Compressing objects:  65% (211/324)   [Kremote: Compressing objects:  66% (214/324)   [Kremote: Compressing objects:  67% (218/324)   [Kremote: Compressing objects:  68% (221/324)   [Kremote: Compressing objects:  69% (224/324)   [Kremote: Compressing objects:  70% (227/324)   [Kremote: Compressing objects:  71% (231/324)   [Kremote: Compressing objects:  72% (234/324)   [Kremote: Compressing objects:  73% (237/324)   [Kremote: Compressing objects:  74% (240/324)   [Kremote: Compressing objects:  75% (243/324)   [Kremote: Compressing objects:  76% (247/324)   [Kremote: Compressing objects:  77% (250/324)   [Kremote: Compressing objects:  78% (253/324)   [Kremote: Compressing objects:  79% (256/324)   [Kremote: Compressing objects:  80% (260/324)   [Kremote: Compressing objects:  81% (263/324)   [Kremote: Compressing objects:  82% (266/324)   [Kremote: Compressing objects:  83% (269/324)   [Kremote: Compressing objects:  84% (273/324)   [Kremote: Compressing objects:  85% (276/324)   [Kremote: Compressing objects:  86% (279/324)   [Kremote: Compressing objects:  87% (282/324)   [Kremote: Compressing objects:  88% (286/324)   [Kremote: Compressing objects:  89% (289/324)   [Kremote: Compressing objects:  90% (292/324)   [Kremote: Compressing objects:  91% (295/324)   [Kremote: Compressing objects:  92% (299/324)   [Kremote: Compressing objects:  93% (302/324)   [Kremote: Compressing objects:  94% (305/324)   [Kremote: Compressing objects:  95% (308/324)   [Kremote: Compressing objects:  96% (312/324)   [Kremote: Compressing objects:  97% (315/324)   [Kremote: Compressing objects:  98% (318/324)   [Kremote: Compressing objects:  99% (321/324)   [Kremote: Compressing objects: 100% (324/324)   [Kremote: Compressing objects: 100% (324/324), done.[K
Receiving objects:   0% (1/609)   Receiving objects:   1% (7/609)   Receiving objects:   2% (13/609)   Receiving objects:   3% (19/609)   Receiving objects:   4% (25/609)   Receiving objects:   5% (31/609)   Receiving objects:   6% (37/609)   Receiving objects:   7% (43/609)   Receiving objects:   8% (49/609)   Receiving objects:   9% (55/609)   Receiving objects:  10% (61/609)   Receiving objects:  11% (67/609)   Receiving objects:  12% (74/609)   Receiving objects:  13% (80/609)   Receiving objects:  14% (86/609)   Receiving objects:  15% (92/609)   Receiving objects:  16% (98/609)   Receiving objects:  17% (104/609)   Receiving objects:  18% (110/609)   Receiving objects:  19% (116/609)   Receiving objects:  20% (122/609)   Receiving objects:  21% (128/609)   Receiving objects:  22% (134/609)   Receiving objects:  23% (141/609)   Receiving objects:  24% (147/609)   Receiving objects:  25% (153/609)   Receiving objects:  26% (159/609)   Receiving objects:  27% (165/609)   Receiving objects:  28% (171/609), 13.24 MiB | 26.42 MiB/s   Receiving objects:  28% (172/609), 26.75 MiB | 26.69 MiB/s   Receiving objects:  28% (175/609), 51.30 MiB | 25.60 MiB/s   Receiving objects:  29% (177/609), 64.53 MiB | 25.76 MiB/s   Receiving objects:  29% (178/609), 78.79 MiB | 26.21 MiB/s   Receiving objects:  29% (181/609), 108.07 MiB | 26.96 MiB/s   Receiving objects:  30% (183/609), 122.04 MiB | 27.07 MiB/s   Receiving objects:  31% (189/609), 122.04 MiB | 27.07 MiB/s   Receiving objects:  32% (195/609), 122.04 MiB | 27.07 MiB/s   Receiving objects:  33% (201/609), 122.04 MiB | 27.07 MiB/s   Receiving objects:  34% (208/609), 122.04 MiB | 27.07 MiB/s   Receiving objects:  35% (214/609), 122.04 MiB | 27.07 MiB/s   Receiving objects:  36% (220/609), 122.04 MiB | 27.07 MiB/s   Receiving objects:  37% (226/609), 122.04 MiB | 27.07 MiB/s   Receiving objects:  38% (232/609), 122.04 MiB | 27.07 MiB/s   Receiving objects:  39% (238/609), 122.04 MiB | 27.07 MiB/s   Receiving objects:  40% (244/609), 122.04 MiB | 27.07 MiB/s   Receiving objects:  41% (250/609), 122.04 MiB | 27.07 MiB/s   Receiving objects:  42% (256/609), 122.04 MiB | 27.07 MiB/s   Receiving objects:  43% (262/609), 122.04 MiB | 27.07 MiB/s   Receiving objects:  44% (268/609), 122.04 MiB | 27.07 MiB/s   Receiving objects:  45% (275/609), 122.04 MiB | 27.07 MiB/s   Receiving objects:  46% (281/609), 122.04 MiB | 27.07 MiB/s   Receiving objects:  47% (287/609), 122.04 MiB | 27.07 MiB/s   Receiving objects:  48% (293/609), 122.04 MiB | 27.07 MiB/s   Receiving objects:  49% (299/609), 122.04 MiB | 27.07 MiB/s   Receiving objects:  50% (305/609), 122.04 MiB | 27.07 MiB/s   Receiving objects:  51% (311/609), 122.04 MiB | 27.07 MiB/s   Receiving objects:  52% (317/609), 122.04 MiB | 27.07 MiB/s   Receiving objects:  53% (323/609), 122.04 MiB | 27.07 MiB/s   Receiving objects:  54% (329/609), 122.04 MiB | 27.07 MiB/s   Receiving objects:  55% (335/609), 122.04 MiB | 27.07 MiB/s   Receiving objects:  56% (342/609), 122.04 MiB | 27.07 MiB/s   Receiving objects:  57% (348/609), 122.04 MiB | 27.07 MiB/s   Receiving objects:  58% (354/609), 122.04 MiB | 27.07 MiB/s   Receiving objects:  59% (360/609), 122.04 MiB | 27.07 MiB/s   Receiving objects:  60% (366/609), 122.04 MiB | 27.07 MiB/s   Receiving objects:  61% (372/609), 122.04 MiB | 27.07 MiB/s   Receiving objects:  62% (378/609), 122.04 MiB | 27.07 MiB/s   Receiving objects:  63% (384/609), 122.04 MiB | 27.07 MiB/s   Receiving objects:  64% (390/609), 122.04 MiB | 27.07 MiB/s   Receiving objects:  65% (396/609), 122.04 MiB | 27.07 MiB/s   Receiving objects:  66% (402/609), 122.04 MiB | 27.07 MiB/s   Receiving objects:  67% (409/609), 122.04 MiB | 27.07 MiB/s   Receiving objects:  68% (415/609), 122.04 MiB | 27.07 MiB/s   Receiving objects:  69% (421/609), 122.04 MiB | 27.07 MiB/s   Receiving objects:  70% (427/609), 122.04 MiB | 27.07 MiB/s   Receiving objects:  71% (433/609), 122.04 MiB | 27.07 MiB/s   Receiving objects:  72% (439/609), 122.04 MiB | 27.07 MiB/s   Receiving objects:  73% (445/609), 122.04 MiB | 27.07 MiB/s   Receiving objects:  74% (451/609), 122.04 MiB | 27.07 MiB/s   Receiving objects:  75% (457/609), 122.04 MiB | 27.07 MiB/s   Receiving objects:  76% (463/609), 122.04 MiB | 27.07 MiB/s   Receiving objects:  77% (469/609), 122.04 MiB | 27.07 MiB/s   Receiving objects:  78% (476/609), 122.04 MiB | 27.07 MiB/s   Receiving objects:  79% (482/609), 122.04 MiB | 27.07 MiB/s   Receiving objects:  80% (488/609), 122.04 MiB | 27.07 MiB/s   Receiving objects:  81% (494/609), 122.04 MiB | 27.07 MiB/s   Receiving objects:  82% (500/609), 122.04 MiB | 27.07 MiB/s   Receiving objects:  83% (506/609), 122.04 MiB | 27.07 MiB/s   Receiving objects:  84% (512/609), 122.04 MiB | 27.07 MiB/s   Receiving objects:  85% (518/609), 122.04 MiB | 27.07 MiB/s   Receiving objects:  86% (524/609), 122.04 MiB | 27.07 MiB/s   Receiving objects:  87% (530/609), 122.04 MiB | 27.07 MiB/s   Receiving objects:  88% (536/609), 122.04 MiB | 27.07 MiB/s   Receiving objects:  89% (543/609), 122.04 MiB | 27.07 MiB/s   Receiving objects:  90% (549/609), 122.04 MiB | 27.07 MiB/s   Receiving objects:  91% (555/609), 122.04 MiB | 27.07 MiB/s   Receiving objects:  92% (561/609), 122.04 MiB | 27.07 MiB/s   Receiving objects:  93% (567/609), 122.04 MiB | 27.07 MiB/s   Receiving objects:  94% (573/609), 122.04 MiB | 27.07 MiB/s   Receiving objects:  95% (579/609), 122.04 MiB | 27.07 MiB/s   Receiving objects:  96% (585/609), 122.04 MiB | 27.07 MiB/s   Receiving objects:  97% (591/609), 122.04 MiB | 27.07 MiB/s   Receiving objects:  98% (597/609), 122.04 MiB | 27.07 MiB/s   remote: Total 609 (delta 322), reused 498 (delta 264), pack-reused 0[K
Receiving objects:  99% (603/609), 122.04 MiB | 27.07 MiB/s   Receiving objects: 100% (609/609), 122.04 MiB | 27.07 MiB/s   Receiving objects: 100% (609/609), 133.03 MiB | 27.15 MiB/s, done.
Resolving deltas:   0% (0/322)   Resolving deltas:  10% (33/322)   Resolving deltas:  18% (59/322)   Resolving deltas:  22% (71/322)   Resolving deltas:  23% (75/322)   Resolving deltas:  25% (81/322)   Resolving deltas:  26% (84/322)   Resolving deltas:  27% (88/322)   Resolving deltas:  28% (91/322)   Resolving deltas:  34% (110/322)   Resolving deltas:  35% (113/322)   Resolving deltas:  36% (118/322)   Resolving deltas:  39% (128/322)   Resolving deltas:  40% (129/322)   Resolving deltas:  41% (135/322)   Resolving deltas:  42% (136/322)   Resolving deltas:  43% (139/322)   Resolving deltas:  44% (142/322)   Resolving deltas:  46% (150/322)   Resolving deltas:  47% (152/322)   Resolving deltas:  48% (157/322)   Resolving deltas:  49% (158/322)   Resolving deltas:  50% (161/322)   Resolving deltas:  51% (167/322)   Resolving deltas:  52% (168/322)   Resolving deltas:  53% (171/322)   Resolving deltas:  54% (175/322)   Resolving deltas:  55% (178/322)   Resolving deltas:  77% (249/322)   Resolving deltas:  78% (253/322)   Resolving deltas:  81% (263/322)   Resolving deltas:  82% (266/322)   Resolving deltas:  83% (268/322)   Resolving deltas:  89% (289/322)   Resolving deltas: 100% (322/322)   Resolving deltas: 100% (322/322), done.
Checking connectivity... done.

travis_time:end:0e32a28d:start=1467841062268165062,finish=1467841070563685778,duration=8295520716[0K$ cd Unidata/netcdf4-python
$ git checkout -qf 096672bfccc70d69552f194c0f32424e5a2370c9
travis_fold:end:git.checkout[0Ktravis_fold:start:apt[0K[33;1mInstalling APT Packages (BETA)[0m
$ export DEBIAN_FRONTEND=noninteractive
travis_time:start:13402e87[0K$ sudo -E apt-get -yq update &>> ~/apt-get-update.log

travis_time:end:13402e87:start=1467841071311135432,finish=1467841076237580020,duration=4926444588[0Ktravis_time:start:12a704db[0K$ sudo -E apt-get -yq --no-install-suggests --no-install-recommends --force-yes install libhdf5-serial-dev netcdf-bin libnetcdf-dev
Reading package lists...
Building dependency tree...
Reading state information...
Suggested packages:
  libhdf5-doc netcdf-doc
The following NEW packages will be installed:
  libhdf5-serial-dev libnetcdf-dev netcdf-bin
0 upgraded, 3 newly installed, 0 to remove and 236 not upgraded.
Need to get 3,107 kB of archives.
After this operation, 20.4 MB of additional disk space will be used.
Get:1 http://us.archive.ubuntu.com/ubuntu/ precise/universe libhdf5-serial-dev amd64 1.8.4-patch1-3ubuntu2 [2,278 kB]
Get:2 http://us.archive.ubuntu.com/ubuntu/ precise/universe libnetcdf-dev amd64 1:4.1.1-6 [644 kB]
Get:3 http://us.archive.ubuntu.com/ubuntu/ precise/universe netcdf-bin amd64 1:4.1.1-6 [185 kB]
Fetched 3,107 kB in 0s (18.7 MB/s)
Selecting previously unselected package libhdf5-serial-dev.
(Reading database ... (Reading database ... 5%(Reading database ... 10%(Reading database ... 15%(Reading database ... 20%(Reading database ... 25%(Reading database ... 30%(Reading database ... 35%(Reading database ... 40%(Reading database ... 45%(Reading database ... 50%(Reading database ... 55%(Reading database ... 60%(Reading database ... 65%(Reading database ... 70%(Reading database ... 75%(Reading database ... 80%(Reading database ... 85%(Reading database ... 90%(Reading database ... 95%(Reading database ... 100%(Reading database ... 72430 files and directories currently installed.)
Unpacking libhdf5-serial-dev (from .../libhdf5-serial-dev_1.8.4-patch1-3ubuntu2_amd64.deb) ...
Selecting previously unselected package libnetcdf-dev.
Unpacking libnetcdf-dev (from .../libnetcdf-dev_1%3a4.1.1-6_amd64.deb) ...
Selecting previously unselected package netcdf-bin.
Unpacking netcdf-bin (from .../netcdf-bin_1%3a4.1.1-6_amd64.deb) ...
Processing triggers for man-db ...
Setting up libhdf5-serial-dev (1.8.4-patch1-3ubuntu2) ...
Setting up libnetcdf-dev (1:4.1.1-6) ...
Setting up netcdf-bin (1:4.1.1-6) ...

travis_time:end:12a704db:start=1467841076241126844,finish=1467841084191986131,duration=7950859287[0Ktravis_fold:end:apt[0K
[33;1mThis job is running on container-based infrastructure, which does not allow use of 'sudo', setuid and setguid executables.[0m
[33;1mIf you require sudo, add 'sudo: required' to your .travis.yml[0m
[33;1mSee https://docs.travis-ci.com/user/workers/container-based-infrastructure/ for details.[0m

[33;1mSetting environment variables from .travis.yml[0m
$ export DEPENDS="numpy cython"
$ export NO_NET=1
$ export DEPENDS="numpy ordereddict"

travis_time:start:08952b98[0K$ source ~/virtualenv/python2.6/bin/activate

travis_time:end:08952b98:start=1467841086956831732,finish=1467841086964196365,duration=7364633[0K$ python --version
Python 2.6.9
$ pip --version
pip 6.0.7 from /home/travis/virtualenv/python2.6.9/lib/python2.6/site-packages (python 2.6)
travis_fold:start:before_install[0Ktravis_time:start:05d87860[0K$ pip install $DEPENDS
Requirement already satisfied (use --upgrade to upgrade): numpy in /home/travis/virtualenv/python2.6.9/lib/python2.6/site-packages
Collecting ordereddict
  Downloading ordereddict-1.1.tar.gz
    /tmp/pip-build-qYTjZe/ordereddict/setup.py:12: DeprecationWarning: Parameters to load are deprecated.  Call .resolve and .require separately.
Installing collected packages: ordereddict
  Running setup.py install for ordereddict
    /home/travis/virtualenv/python2.6.9/lib/python2.6/site-packages/setuptools/command/egg_info.py:171: DeprecationWarning: Parameters to load are deprecated.  Call .resolve and .require separately.
      writer = ep.load(installer=installer)
Successfully installed ordereddict-1.1

travis_time:end:05d87860:start=1467841087679217176,finish=1467841088450897476,duration=771680300[0Ktravis_fold:end:before_install[0Ktravis_fold:start:install.1[0Ktravis_time:start:024c95df[0K$ python setup.py build
reading from setup.cfg...
Package hdf5 was not found in the pkg-config search path.
Perhaps you should add the directory containing `hdf5.pc'
to the PKG_CONFIG_PATH environment variable
No package 'hdf5' found
using nc-config ...
using netcdf library version 4.1.1
running build
running build_py
creating build
creating build/lib.linux-x86_64-2.6
creating build/lib.linux-x86_64-2.6/netcdftime
copying netcdftime/__init__.py -> build/lib.linux-x86_64-2.6/netcdftime
copying netcdftime/netcdftime.py -> build/lib.linux-x86_64-2.6/netcdftime
creating build/lib.linux-x86_64-2.6/netCDF4
copying netCDF4/__init__.py -> build/lib.linux-x86_64-2.6/netCDF4
copying netCDF4/utils.py -> build/lib.linux-x86_64-2.6/netCDF4
running build_ext
building 'netCDF4._netCDF4' extension
creating build/temp.linux-x86_64-2.6
creating build/temp.linux-x86_64-2.6/netCDF4
gcc -pthread -fno-strict-aliasing -g -fstack-protector --param=ssp-buffer-size=4 -Wformat -Werror=format-security -DNDEBUG -g -fwrapv -O3 -Wall -Wstrict-prototypes -fPIC -I/usr/include -I/home/travis/virtualenv/python2.6.9/lib/python2.6/site-packages/numpy/core/include -I/opt/python/2.6.9/include/python2.6 -c netCDF4/_netCDF4.c -o build/temp.linux-x86_64-2.6/netCDF4/_netCDF4.o
In file included from /home/travis/virtualenv/python2.6.9/lib/python2.6/site-packages/numpy/core/include/numpy/ndarraytypes.h:1804:0,
                 from /home/travis/virtualenv/python2.6.9/lib/python2.6/site-packages/numpy/core/include/numpy/ndarrayobject.h:17,
                 from /home/travis/virtualenv/python2.6.9/lib/python2.6/site-packages/numpy/core/include/numpy/arrayobject.h:4,
                 from netCDF4/_netCDF4.c:267:
/home/travis/virtualenv/python2.6.9/lib/python2.6/site-packages/numpy/core/include/numpy/npy_1_7_deprecated_api.h:15:2: warning: #warning "Using deprecated NumPy API, disable it by " "#defining NPY_NO_DEPRECATED_API NPY_1_7_API_VERSION" [-Wcpp]
netCDF4/_netCDF4.c: In function â€˜__pyx_f_7netCDF4_8_netCDF4__set_attâ€™:
netCDF4/_netCDF4.c:6423:11: warning: passing argument 5 of â€˜nc_put_att_stringâ€™ from incompatible pointer type [enabled by default]
/usr/include/netcdf.h:956:1: note: expected â€˜const char **â€™ but argument is of type â€˜char **â€™
netCDF4/_netCDF4.c: In function â€˜__pyx_f_7netCDF4_8_netCDF4__find_cmptypeâ€™:
netCDF4/_netCDF4.c:81360:34: warning: â€˜__pyx_v_xtypeâ€™ may be used uninitialized in this function [-Wuninitialized]
netCDF4/_netCDF4.c:51068:11: note: â€˜__pyx_v_xtypeâ€™ was declared here
netCDF4/_netCDF4.c: In function â€˜__pyx_pw_7netCDF4_8_netCDF4_8Variable_1__init__â€™:
netCDF4/_netCDF4.c:27474:20: warning: â€˜__pyx_v_dimidsâ€™ may be used uninitialized in this function [-Wuninitialized]
netCDF4/_netCDF4.c:26077:8: note: â€˜__pyx_v_dimidsâ€™ was declared here
netCDF4/_netCDF4.c: In function â€˜__pyx_f_7netCDF4_8_netCDF4__get_typesâ€™:
netCDF4/_netCDF4.c:7151:21: warning: â€˜__pyx_v_typeidsâ€™ may be used uninitialized in this function [-Wuninitialized]
gcc -pthread -shared build/temp.linux-x86_64-2.6/netCDF4/_netCDF4.o -L/usr/lib -L/opt/python/2.6.9/lib -Wl,-R/usr/lib -lnetcdf -lpython2.6 -o build/lib.linux-x86_64-2.6/netCDF4/_netCDF4.so
building 'netcdftime._datetime' extension
creating build/temp.linux-x86_64-2.6/netcdftime
gcc -pthread -fno-strict-aliasing -g -fstack-protector --param=ssp-buffer-size=4 -Wformat -Werror=format-security -DNDEBUG -g -fwrapv -O3 -Wall -Wstrict-prototypes -fPIC -I/opt/python/2.6.9/include/python2.6 -c netcdftime/_datetime.c -o build/temp.linux-x86_64-2.6/netcdftime/_datetime.o
gcc -pthread -shared build/temp.linux-x86_64-2.6/netcdftime/_datetime.o -L/opt/python/2.6.9/lib -lpython2.6 -o build/lib.linux-x86_64-2.6/netcdftime/_datetime.so

travis_time:end:024c95df:start=1467841088454715516,finish=1467841127673919769,duration=39219204253[0Ktravis_fold:end:install.1[0Ktravis_fold:start:install.2[0Ktravis_time:start:065e81fb[0K$ python setup.py install
reading from setup.cfg...
Package hdf5 was not found in the pkg-config search path.
Perhaps you should add the directory containing `hdf5.pc'
to the PKG_CONFIG_PATH environment variable
No package 'hdf5' found
using nc-config ...
using netcdf library version 4.1.1
running install
running bdist_egg
running egg_info
creating netCDF4.egg-info
/home/travis/virtualenv/python2.6.9/lib/python2.6/site-packages/setuptools/command/egg_info.py:171: DeprecationWarning: Parameters to load are deprecated.  Call .resolve and .require separately.
  writer = ep.load(installer=installer)
writing requirements to netCDF4.egg-info/requires.txt
writing netCDF4.egg-info/PKG-INFO
writing top-level names to netCDF4.egg-info/top_level.txt
writing dependency_links to netCDF4.egg-info/dependency_links.txt
writing entry points to netCDF4.egg-info/entry_points.txt
writing manifest file 'netCDF4.egg-info/SOURCES.txt'
reading manifest file 'netCDF4.egg-info/SOURCES.txt'
reading manifest template 'MANIFEST.in'
warning: manifest_maker: MANIFEST.in, line 4: 'recursive-include' expects <dir> <pattern1> <pattern2> ...
writing manifest file 'netCDF4.egg-info/SOURCES.txt'
installing library code to build/bdist.linux-x86_64/egg
running install_lib
running build_py
running build_ext
creating build/bdist.linux-x86_64
creating build/bdist.linux-x86_64/egg
creating build/bdist.linux-x86_64/egg/netcdftime
copying build/lib.linux-x86_64-2.6/netcdftime/__init__.py -> build/bdist.linux-x86_64/egg/netcdftime
copying build/lib.linux-x86_64-2.6/netcdftime/netcdftime.py -> build/bdist.linux-x86_64/egg/netcdftime
copying build/lib.linux-x86_64-2.6/netcdftime/_datetime.so -> build/bdist.linux-x86_64/egg/netcdftime
creating build/bdist.linux-x86_64/egg/netCDF4
copying build/lib.linux-x86_64-2.6/netCDF4/__init__.py -> build/bdist.linux-x86_64/egg/netCDF4
copying build/lib.linux-x86_64-2.6/netCDF4/utils.py -> build/bdist.linux-x86_64/egg/netCDF4
copying build/lib.linux-x86_64-2.6/netCDF4/_netCDF4.so -> build/bdist.linux-x86_64/egg/netCDF4
byte-compiling build/bdist.linux-x86_64/egg/netcdftime/__init__.py to __init__.pyc
byte-compiling build/bdist.linux-x86_64/egg/netcdftime/netcdftime.py to netcdftime.pyc
byte-compiling build/bdist.linux-x86_64/egg/netCDF4/__init__.py to __init__.pyc
byte-compiling build/bdist.linux-x86_64/egg/netCDF4/utils.py to utils.pyc
creating stub loader for netCDF4/_netCDF4.so
creating stub loader for netcdftime/_datetime.so
byte-compiling build/bdist.linux-x86_64/egg/netCDF4/_netCDF4.py to _netCDF4.pyc
byte-compiling build/bdist.linux-x86_64/egg/netcdftime/_datetime.py to _datetime.pyc
creating build/bdist.linux-x86_64/egg/EGG-INFO
copying netCDF4.egg-info/PKG-INFO -> build/bdist.linux-x86_64/egg/EGG-INFO
copying netCDF4.egg-info/SOURCES.txt -> build/bdist.linux-x86_64/egg/EGG-INFO
copying netCDF4.egg-info/dependency_links.txt -> build/bdist.linux-x86_64/egg/EGG-INFO
copying netCDF4.egg-info/entry_points.txt -> build/bdist.linux-x86_64/egg/EGG-INFO
copying netCDF4.egg-info/requires.txt -> build/bdist.linux-x86_64/egg/EGG-INFO
copying netCDF4.egg-info/top_level.txt -> build/bdist.linux-x86_64/egg/EGG-INFO
writing build/bdist.linux-x86_64/egg/EGG-INFO/native_libs.txt
zip_safe flag not set; analyzing archive contents...
creating dist
creating 'dist/netCDF4-1.2.4-py2.6-linux-x86_64.egg' and adding 'build/bdist.linux-x86_64/egg' to it
removing 'build/bdist.linux-x86_64/egg' (and everything under it)
Processing netCDF4-1.2.4-py2.6-linux-x86_64.egg
Copying netCDF4-1.2.4-py2.6-linux-x86_64.egg to /home/travis/virtualenv/python2.6.9/lib/python2.6/site-packages
Adding netCDF4 1.2.4 to easy-install.pth file
Installing ncinfo script to /home/travis/virtualenv/python2.6.9/bin
Installing nc4tonc3 script to /home/travis/virtualenv/python2.6.9/bin
Installing nc3tonc4 script to /home/travis/virtualenv/python2.6.9/bin

Installed /home/travis/virtualenv/python2.6.9/lib/python2.6/site-packages/netCDF4-1.2.4-py2.6-linux-x86_64.egg
Processing dependencies for netCDF4==1.2.4
Searching for numpy==1.9.1
Best match: numpy 1.9.1
Adding numpy 1.9.1 to easy-install.pth file

Using /home/travis/virtualenv/python2.6.9/lib/python2.6/site-packages
Finished processing dependencies for netCDF4==1.2.4

travis_time:end:065e81fb:start=1467841127678152699,finish=1467841128207074251,duration=528921552[0Ktravis_fold:end:install.2[0Ktravis_time:start:0204fca2[0K$ cd test

travis_time:end:0204fca2:start=1467841128211198485,finish=1467841128214645276,duration=3446791[0K
[32;1mThe command "cd test" exited with 0.[0m
travis_time:start:024c22aa[0K$ python run_all.py
/home/travis/virtualenv/python2.6.9/lib/python2.6/site-packages/pkg_resources/__init__.py:1222: UserWarning: /home/travis/.python-eggs is writable by group/others and vulnerable to attack when used with get_resource_filename. Consider a more secure location (set with .set_extraction_path or the PYTHON_EGG_CACHE environment variable).
  warnings.warn(msg, UserWarning)
not running tst_unicode3.py ...
not running tst_diskless.py ...
not running tst_filepath.py ...
not running tst_cdf5.py ...
not running tst_dap.py ...

netcdf4-python version: 1.2.4
HDF5 lib version:       1.8.4-patch1
netcdf lib version:     4.1.1
numpy version           1.9.1
..........................E.................................................
======================================================================
ERROR: testing multi-file dataset access
----------------------------------------------------------------------
Traceback (most recent call last):
  File "/home/travis/build/Unidata/netcdf4-python/test/tst_multifile.py", line 47, in runTest
    f.set_auto_maskandscale(True) # issue570
  File "netCDF4/_netCDF4.pyx", line 2447, in netCDF4._netCDF4.Dataset.set_auto_maskandscale (netCDF4/_netCDF4.c:19296)
AttributeError: 'NoneType' object has no attribute 'values'

----------------------------------------------------------------------
Ran 76 tests in 26.509s

FAILED (errors=1)

travis_time:end:024c22aa:start=1467841128219196326,finish=1467841155388686052,duration=27169489726[0K
[31;1mThe command "python run_all.py" exited with 1.[0m

Done. Your build exited with 1.
