Using worker: worker-linux-docker-d66ea851.prod.travis-ci.org:travis-linux-5

travis_fold:start:system_info[0K[33;1mBuild system information[0m
Build language: python
Build group: stable
Build dist: precise
[34m[1mBuild image provisioning date and time[0m
Thu Feb  5 15:09:33 UTC 2015
[34m[1mOperating System Details[0m
Distributor ID:	Ubuntu
Description:	Ubuntu 12.04.5 LTS
Release:	12.04
Codename:	precise
[34m[1mLinux Version[0m
3.13.0-29-generic
[34m[1mCookbooks Version[0m
a68419e https://github.com/travis-ci/travis-cookbooks/tree/a68419e
[34m[1mGCC version[0m
gcc (Ubuntu/Linaro 4.6.3-1ubuntu5) 4.6.3
Copyright (C) 2011 Free Software Foundation, Inc.
This is free software; see the source for copying conditions.  There is NO
warranty; not even for MERCHANTABILITY or FITNESS FOR A PARTICULAR PURPOSE.

[34m[1mLLVM version[0m
clang version 3.4 (tags/RELEASE_34/final)
Target: x86_64-unknown-linux-gnu
Thread model: posix
[34m[1mPre-installed Ruby versions[0m
ruby-1.9.3-p551
[34m[1mPre-installed Node.js versions[0m
v0.10.36
[34m[1mPre-installed Go versions[0m
1.4.1
[34m[1mRedis version[0m
redis-server 2.8.19
[34m[1mriak version[0m
2.0.2
[34m[1mMongoDB version[0m
MongoDB 2.4.12
[34m[1mCouchDB version[0m
couchdb 1.6.1
[34m[1mNeo4j version[0m
1.9.4
[34m[1mRabbitMQ Version[0m
3.4.3
[34m[1mElasticSearch version[0m
1.4.0
[34m[1mInstalled Sphinx versions[0m
2.0.10
2.1.9
2.2.6
[34m[1mDefault Sphinx version[0m
2.2.6
[34m[1mInstalled Firefox version[0m
firefox 31.0esr
[34m[1mPhantomJS version[0m
1.9.8
[34m[1mant -version[0m
Apache Ant(TM) version 1.8.2 compiled on December 3 2011
[34m[1mmvn -version[0m
Apache Maven 3.2.5 (12a6b3acb947671f09b81f49094c53f426d8cea1; 2014-12-14T17:29:23+00:00)
Maven home: /usr/local/maven
Java version: 1.7.0_76, vendor: Oracle Corporation
Java home: /usr/lib/jvm/java-7-oracle/jre
Default locale: en_US, platform encoding: ANSI_X3.4-1968
OS name: "linux", version: "3.13.0-29-generic", arch: "amd64", family: "unix"
travis_fold:end:system_info[0K
travis_fold:start:fix.CVE-2015-7547[0K$ export DEBIAN_FRONTEND=noninteractive
W: Size of file /var/lib/apt/lists/us.archive.ubuntu.com_ubuntu_dists_precise-backports_multiverse_source_Sources.gz is not what the server reported 5886 5888
W: Size of file /var/lib/apt/lists/ppa.launchpad.net_ubuntugis_ppa_ubuntu_dists_precise_main_binary-amd64_Packages.gz is not what the server reported 36669 36677
W: Size of file /var/lib/apt/lists/ppa.launchpad.net_ubuntugis_ppa_ubuntu_dists_precise_main_binary-i386_Packages.gz is not what the server reported 36729 36733
Reading package lists...
Building dependency tree...
Reading state information...
The following extra packages will be installed:
  libc-bin libc-dev-bin libc6-dev
Suggested packages:
  glibc-doc
The following packages will be upgraded:
  libc-bin libc-dev-bin libc6 libc6-dev
4 upgraded, 0 newly installed, 0 to remove and 224 not upgraded.
Need to get 8,844 kB of archives.
After this operation, 9,216 B disk space will be freed.
Get:1 http://us.archive.ubuntu.com/ubuntu/ precise-updates/main libc6-dev amd64 2.15-0ubuntu10.13 [2,943 kB]
Get:2 http://us.archive.ubuntu.com/ubuntu/ precise-updates/main libc-dev-bin amd64 2.15-0ubuntu10.13 [84.7 kB]
Get:3 http://us.archive.ubuntu.com/ubuntu/ precise-updates/main libc-bin amd64 2.15-0ubuntu10.13 [1,179 kB]
Get:4 http://us.archive.ubuntu.com/ubuntu/ precise-updates/main libc6 amd64 2.15-0ubuntu10.13 [4,637 kB]
Fetched 8,844 kB in 0s (24.0 MB/s)
Preconfiguring packages ...
(Reading database ... (Reading database ... 5%(Reading database ... 10%(Reading database ... 15%(Reading database ... 20%(Reading database ... 25%(Reading database ... 30%(Reading database ... 35%(Reading database ... 40%(Reading database ... 45%(Reading database ... 50%(Reading database ... 55%(Reading database ... 60%(Reading database ... 65%(Reading database ... 70%(Reading database ... 75%(Reading database ... 80%(Reading database ... 85%(Reading database ... 90%(Reading database ... 95%(Reading database ... 100%(Reading database ... 72431 files and directories currently installed.)
Preparing to replace libc6-dev 2.15-0ubuntu10.10 (using .../libc6-dev_2.15-0ubuntu10.13_amd64.deb) ...
Unpacking replacement libc6-dev ...
Preparing to replace libc-dev-bin 2.15-0ubuntu10.10 (using .../libc-dev-bin_2.15-0ubuntu10.13_amd64.deb) ...
Unpacking replacement libc-dev-bin ...
Preparing to replace libc-bin 2.15-0ubuntu10.10 (using .../libc-bin_2.15-0ubuntu10.13_amd64.deb) ...
Unpacking replacement libc-bin ...
Processing triggers for man-db ...
Setting up libc-bin (2.15-0ubuntu10.13) ...
(Reading database ... (Reading database ... 5%(Reading database ... 10%(Reading database ... 15%(Reading database ... 20%(Reading database ... 25%(Reading database ... 30%(Reading database ... 35%(Reading database ... 40%(Reading database ... 45%(Reading database ... 50%(Reading database ... 55%(Reading database ... 60%(Reading database ... 65%(Reading database ... 70%(Reading database ... 75%(Reading database ... 80%(Reading database ... 85%(Reading database ... 90%(Reading database ... 95%(Reading database ... 100%(Reading database ... 72431 files and directories currently installed.)
Preparing to replace libc6 2.15-0ubuntu10.10 (using .../libc6_2.15-0ubuntu10.13_amd64.deb) ...
Unpacking replacement libc6 ...
Setting up libc6 (2.15-0ubuntu10.13) ...
Setting up libc-dev-bin (2.15-0ubuntu10.13) ...
Setting up libc6-dev (2.15-0ubuntu10.13) ...
Processing triggers for libc-bin ...
ldconfig deferred processing now taking place
travis_fold:end:fix.CVE-2015-7547[0Ktravis_fold:start:git.checkout[0Ktravis_time:start:2ace164e[0K$ git clone --depth=50 --branch=byteswap https://github.com/Unidata/netcdf4-python.git Unidata/netcdf4-python
Cloning into 'Unidata/netcdf4-python'...
remote: Counting objects: 590, done.[K
remote: Compressing objects:   0% (1/310)   [Kremote: Compressing objects:   1% (4/310)   [Kremote: Compressing objects:   2% (7/310)   [Kremote: Compressing objects:   3% (10/310)   [Kremote: Compressing objects:   4% (13/310)   [Kremote: Compressing objects:   5% (16/310)   [Kremote: Compressing objects:   6% (19/310)   [Kremote: Compressing objects:   7% (22/310)   [Kremote: Compressing objects:   8% (25/310)   [Kremote: Compressing objects:   9% (28/310)   [Kremote: Compressing objects:  10% (31/310)   [Kremote: Compressing objects:  11% (35/310)   [Kremote: Compressing objects:  12% (38/310)   [Kremote: Compressing objects:  13% (41/310)   [Kremote: Compressing objects:  14% (44/310)   [Kremote: Compressing objects:  15% (47/310)   [Kremote: Compressing objects:  16% (50/310)   [Kremote: Compressing objects:  17% (53/310)   [Kremote: Compressing objects:  18% (56/310)   [Kremote: Compressing objects:  19% (59/310)   [Kremote: Compressing objects:  20% (62/310)   [Kremote: Compressing objects:  21% (66/310)   [Kremote: Compressing objects:  22% (69/310)   [Kremote: Compressing objects:  23% (72/310)   [Kremote: Compressing objects:  24% (75/310)   [Kremote: Compressing objects:  25% (78/310)   [Kremote: Compressing objects:  26% (81/310)   [Kremote: Compressing objects:  27% (84/310)   [Kremote: Compressing objects:  28% (87/310)   [Kremote: Compressing objects:  29% (90/310)   [Kremote: Compressing objects:  30% (93/310)   [Kremote: Compressing objects:  31% (97/310)   [Kremote: Compressing objects:  32% (100/310)   [Kremote: Compressing objects:  33% (103/310)   [Kremote: Compressing objects:  34% (106/310)   [Kremote: Compressing objects:  35% (109/310)   [Kremote: Compressing objects:  36% (112/310)   [Kremote: Compressing objects:  37% (115/310)   [Kremote: Compressing objects:  38% (118/310)   [Kremote: Compressing objects:  39% (121/310)   [Kremote: Compressing objects:  40% (124/310)   [Kremote: Compressing objects:  40% (125/310)   [Kremote: Compressing objects:  41% (128/310)   [Kremote: Compressing objects:  42% (131/310)   [Kremote: Compressing objects:  43% (134/310)   [Kremote: Compressing objects:  44% (137/310)   [Kremote: Compressing objects:  45% (140/310)   [Kremote: Compressing objects:  46% (143/310)   [Kremote: Compressing objects:  47% (146/310)   [Kremote: Compressing objects:  48% (149/310)   [Kremote: Compressing objects:  49% (152/310)   [Kremote: Compressing objects:  50% (155/310)   [Kremote: Compressing objects:  51% (159/310)   [Kremote: Compressing objects:  52% (162/310)   [Kremote: Compressing objects:  53% (165/310)   [Kremote: Compressing objects:  54% (168/310)   [Kremote: Compressing objects:  55% (171/310)   [Kremote: Compressing objects:  56% (174/310)   [Kremote: Compressing objects:  57% (177/310)   [Kremote: Compressing objects:  58% (180/310)   [Kremote: Compressing objects:  59% (183/310)   [Kremote: Compressing objects:  60% (186/310)   [Kremote: Compressing objects:  61% (190/310)   [Kremote: Compressing objects:  62% (193/310)   [Kremote: Compressing objects:  63% (196/310)   [Kremote: Compressing objects:  64% (199/310)   [Kremote: Compressing objects:  65% (202/310)   [Kremote: Compressing objects:  66% (205/310)   [Kremote: Compressing objects:  67% (208/310)   [Kremote: Compressing objects:  68% (211/310)   [Kremote: Compressing objects:  69% (214/310)   [Kremote: Compressing objects:  70% (217/310)   [Kremote: Compressing objects:  71% (221/310)   [Kremote: Compressing objects:  72% (224/310)   [Kremote: Compressing objects:  73% (227/310)   [Kremote: Compressing objects:  74% (230/310)   [Kremote: Compressing objects:  75% (233/310)   [Kremote: Compressing objects:  76% (236/310)   [Kremote: Compressing objects:  77% (239/310)   [Kremote: Compressing objects:  78% (242/310)   [Kremote: Compressing objects:  79% (245/310)   [Kremote: Compressing objects:  80% (248/310)   [Kremote: Compressing objects:  81% (252/310)   [Kremote: Compressing objects:  82% (255/310)   [Kremote: Compressing objects:  83% (258/310)   [Kremote: Compressing objects:  84% (261/310)   [Kremote: Compressing objects:  85% (264/310)   [Kremote: Compressing objects:  86% (267/310)   [Kremote: Compressing objects:  87% (270/310)   [Kremote: Compressing objects:  88% (273/310)   [Kremote: Compressing objects:  89% (276/310)   [Kremote: Compressing objects:  90% (279/310)   [Kremote: Compressing objects:  91% (283/310)   [Kremote: Compressing objects:  92% (286/310)   [Kremote: Compressing objects:  93% (289/310)   [Kremote: Compressing objects:  94% (292/310)   [Kremote: Compressing objects:  95% (295/310)   [Kremote: Compressing objects:  96% (298/310)   [Kremote: Compressing objects:  97% (301/310)   [Kremote: Compressing objects:  98% (304/310)   [Kremote: Compressing objects:  99% (307/310)   [Kremote: Compressing objects: 100% (310/310)   [Kremote: Compressing objects: 100% (310/310), done.[K
Receiving objects:   0% (1/590)   Receiving objects:   1% (6/590)   Receiving objects:   2% (12/590)   Receiving objects:   3% (18/590)   Receiving objects:   4% (24/590)   Receiving objects:   5% (30/590)   Receiving objects:   6% (36/590)   Receiving objects:   7% (42/590)   Receiving objects:   8% (48/590)   Receiving objects:   9% (54/590)   Receiving objects:  10% (59/590)   Receiving objects:  11% (65/590)   Receiving objects:  12% (71/590)   Receiving objects:  13% (77/590)   Receiving objects:  14% (83/590)   Receiving objects:  15% (89/590)   Receiving objects:  16% (95/590)   Receiving objects:  17% (101/590)   Receiving objects:  18% (107/590)   Receiving objects:  19% (113/590)   Receiving objects:  20% (118/590)   Receiving objects:  21% (124/590)   Receiving objects:  22% (130/590)   Receiving objects:  23% (136/590)   Receiving objects:  24% (142/590)   Receiving objects:  25% (148/590)   Receiving objects:  26% (154/590)   Receiving objects:  27% (160/590)   Receiving objects:  28% (166/590)   Receiving objects:  29% (172/590)   Receiving objects:  30% (177/590)   Receiving objects:  31% (183/590)   Receiving objects:  32% (189/590)   Receiving objects:  33% (195/590)   Receiving objects:  34% (201/590)   Receiving objects:  35% (207/590)   Receiving objects:  36% (213/590)   Receiving objects:  37% (219/590)   Receiving objects:  38% (225/590)   Receiving objects:  39% (231/590)   Receiving objects:  40% (236/590)   Receiving objects:  41% (242/590)   Receiving objects:  42% (248/590)   Receiving objects:  43% (254/590)   Receiving objects:  44% (260/590)   Receiving objects:  45% (266/590)   Receiving objects:  46% (272/590)   Receiving objects:  47% (278/590)   Receiving objects:  48% (284/590)   Receiving objects:  49% (290/590)   Receiving objects:  50% (295/590)   Receiving objects:  51% (301/590)   Receiving objects:  52% (307/590)   Receiving objects:  53% (313/590)   Receiving objects:  54% (319/590)   Receiving objects:  55% (325/590)   Receiving objects:  56% (331/590)   Receiving objects:  57% (337/590)   Receiving objects:  58% (343/590)   Receiving objects:  59% (349/590)   Receiving objects:  60% (354/590)   Receiving objects:  61% (360/590)   Receiving objects:  61% (365/590), 31.37 MiB | 31.31 MiB/s   Receiving objects:  62% (366/590), 31.37 MiB | 31.31 MiB/s   Receiving objects:  62% (370/590), 75.35 MiB | 37.60 MiB/s   Receiving objects:  63% (372/590), 75.35 MiB | 37.60 MiB/s   Receiving objects:  63% (374/590), 111.32 MiB | 37.03 MiB/s   Receiving objects:  64% (378/590), 111.32 MiB | 37.03 MiB/s   Receiving objects:  65% (384/590), 111.32 MiB | 37.03 MiB/s   Receiving objects:  66% (390/590), 111.32 MiB | 37.03 MiB/s   Receiving objects:  67% (396/590), 111.32 MiB | 37.03 MiB/s   Receiving objects:  68% (402/590), 111.32 MiB | 37.03 MiB/s   Receiving objects:  69% (408/590), 111.32 MiB | 37.03 MiB/s   Receiving objects:  70% (413/590), 111.32 MiB | 37.03 MiB/s   Receiving objects:  71% (419/590), 111.32 MiB | 37.03 MiB/s   Receiving objects:  72% (425/590), 111.32 MiB | 37.03 MiB/s   Receiving objects:  73% (431/590), 111.32 MiB | 37.03 MiB/s   Receiving objects:  74% (437/590), 111.32 MiB | 37.03 MiB/s   Receiving objects:  75% (443/590), 111.32 MiB | 37.03 MiB/s   Receiving objects:  76% (449/590), 111.32 MiB | 37.03 MiB/s   Receiving objects:  77% (455/590), 111.32 MiB | 37.03 MiB/s   Receiving objects:  78% (461/590), 111.32 MiB | 37.03 MiB/s   Receiving objects:  79% (467/590), 111.32 MiB | 37.03 MiB/s   remote: Total 590 (delta 318), reused 489 (delta 265), pack-reused 0[K
Receiving objects:  80% (472/590), 111.32 MiB | 37.03 MiB/s   Receiving objects:  81% (478/590), 111.32 MiB | 37.03 MiB/s   Receiving objects:  82% (484/590), 111.32 MiB | 37.03 MiB/s   Receiving objects:  83% (490/590), 111.32 MiB | 37.03 MiB/s   Receiving objects:  84% (496/590), 111.32 MiB | 37.03 MiB/s   Receiving objects:  85% (502/590), 111.32 MiB | 37.03 MiB/s   Receiving objects:  86% (508/590), 111.32 MiB | 37.03 MiB/s   Receiving objects:  87% (514/590), 111.32 MiB | 37.03 MiB/s   Receiving objects:  88% (520/590), 111.32 MiB | 37.03 MiB/s   Receiving objects:  89% (526/590), 111.32 MiB | 37.03 MiB/s   Receiving objects:  90% (531/590), 111.32 MiB | 37.03 MiB/s   Receiving objects:  91% (537/590), 111.32 MiB | 37.03 MiB/s   Receiving objects:  92% (543/590), 111.32 MiB | 37.03 MiB/s   Receiving objects:  93% (549/590), 111.32 MiB | 37.03 MiB/s   Receiving objects:  94% (555/590), 111.32 MiB | 37.03 MiB/s   Receiving objects:  95% (561/590), 111.32 MiB | 37.03 MiB/s   Receiving objects:  96% (567/590), 111.32 MiB | 37.03 MiB/s   Receiving objects:  97% (573/590), 111.32 MiB | 37.03 MiB/s   Receiving objects:  98% (579/590), 111.32 MiB | 37.03 MiB/s   Receiving objects:  99% (585/590), 111.32 MiB | 37.03 MiB/s   Receiving objects: 100% (590/590), 111.32 MiB | 37.03 MiB/s   Receiving objects: 100% (590/590), 133.08 MiB | 37.03 MiB/s, done.
Resolving deltas:   0% (0/318)   Resolving deltas:   1% (4/318)   Resolving deltas:  33% (105/318)   Resolving deltas:  34% (110/318)   Resolving deltas:  35% (113/318)   Resolving deltas:  36% (115/318)   Resolving deltas:  40% (130/318)   Resolving deltas:  41% (132/318)   Resolving deltas:  42% (134/318)   Resolving deltas:  43% (137/318)   Resolving deltas:  51% (165/318)   Resolving deltas:  52% (166/318)   Resolving deltas:  55% (176/318)   Resolving deltas:  56% (179/318)   Resolving deltas:  57% (184/318)   Resolving deltas:  58% (185/318)   Resolving deltas:  59% (190/318)   Resolving deltas:  60% (191/318)   Resolving deltas:  61% (196/318)   Resolving deltas:  62% (200/318)   Resolving deltas:  63% (201/318)   Resolving deltas:  64% (206/318)   Resolving deltas:  66% (210/318)   Resolving deltas:  67% (214/318)   Resolving deltas:  68% (217/318)   Resolving deltas:  69% (220/318)   Resolving deltas:  70% (225/318)   Resolving deltas:  71% (226/318)   Resolving deltas:  72% (229/318)   Resolving deltas:  73% (233/318)   Resolving deltas:  74% (236/318)   Resolving deltas:  75% (240/318)   Resolving deltas:  76% (242/318)   Resolving deltas:  77% (245/318)   Resolving deltas:  78% (249/318)   Resolving deltas:  79% (252/318)   Resolving deltas:  80% (255/318)   Resolving deltas:  89% (286/318)   Resolving deltas: 100% (318/318)   Resolving deltas: 100% (318/318), done.
Checking connectivity... done.

travis_time:end:2ace164e:start=1460483092903522104,finish=1460483101307264671,duration=8403742567[0K$ cd Unidata/netcdf4-python
$ git checkout -qf f0823e6901c1749957411b91b7add709e1bcc815
travis_fold:end:git.checkout[0Ktravis_fold:start:apt[0K[33;1mInstalling APT Packages (BETA)[0m
$ export DEBIAN_FRONTEND=noninteractive
travis_time:start:003ade3c[0K$ sudo -E apt-get -yq update &>> ~/apt-get-update.log

travis_time:end:003ade3c:start=1460483101736466644,finish=1460483107767341317,duration=6030874673[0Ktravis_time:start:1ac68a7a[0K$ sudo -E apt-get -yq --no-install-suggests --no-install-recommends --force-yes install libhdf5-serial-dev netcdf-bin libnetcdf-dev
Reading package lists...
Building dependency tree...
Reading state information...
Suggested packages:
  libhdf5-doc netcdf-doc
The following NEW packages will be installed:
  libhdf5-serial-dev libnetcdf-dev netcdf-bin
0 upgraded, 3 newly installed, 0 to remove and 224 not upgraded.
Need to get 3,107 kB of archives.
After this operation, 20.4 MB of additional disk space will be used.
Get:1 http://us.archive.ubuntu.com/ubuntu/ precise/universe libhdf5-serial-dev amd64 1.8.4-patch1-3ubuntu2 [2,278 kB]
Get:2 http://us.archive.ubuntu.com/ubuntu/ precise/universe libnetcdf-dev amd64 1:4.1.1-6 [644 kB]
Get:3 http://us.archive.ubuntu.com/ubuntu/ precise/universe netcdf-bin amd64 1:4.1.1-6 [185 kB]
Fetched 3,107 kB in 0s (9,222 kB/s)
Selecting previously unselected package libhdf5-serial-dev.
(Reading database ... (Reading database ... 5%(Reading database ... 10%(Reading database ... 15%(Reading database ... 20%(Reading database ... 25%(Reading database ... 30%(Reading database ... 35%(Reading database ... 40%(Reading database ... 45%(Reading database ... 50%(Reading database ... 55%(Reading database ... 60%(Reading database ... 65%(Reading database ... 70%(Reading database ... 75%(Reading database ... 80%(Reading database ... 85%(Reading database ... 90%(Reading database ... 95%(Reading database ... 100%(Reading database ... 72431 files and directories currently installed.)
Unpacking libhdf5-serial-dev (from .../libhdf5-serial-dev_1.8.4-patch1-3ubuntu2_amd64.deb) ...
Selecting previously unselected package libnetcdf-dev.
Unpacking libnetcdf-dev (from .../libnetcdf-dev_1%3a4.1.1-6_amd64.deb) ...
Selecting previously unselected package netcdf-bin.
Unpacking netcdf-bin (from .../netcdf-bin_1%3a4.1.1-6_amd64.deb) ...
Processing triggers for man-db ...
Setting up libhdf5-serial-dev (1.8.4-patch1-3ubuntu2) ...
Setting up libnetcdf-dev (1:4.1.1-6) ...
Setting up netcdf-bin (1:4.1.1-6) ...

travis_time:end:1ac68a7a:start=1460483107770878968,finish=1460483116108739331,duration=8337860363[0Ktravis_fold:end:apt[0K
[33;1mThis job is running on container-based infrastructure, which does not allow use of 'sudo', setuid and setguid executables.[0m
[33;1mIf you require sudo, add 'sudo: required' to your .travis.yml[0m
[33;1mSee https://docs.travis-ci.com/user/workers/container-based-infrastructure/ for details.[0m

[33;1mSetting environment variables from .travis.yml[0m
$ export DEPENDS="numpy cython"
$ export NO_NET=1
$ export DEPENDS="numpy ordereddict"

travis_time:start:1bea88e4[0K$ source ~/virtualenv/python2.6/bin/activate

travis_time:end:1bea88e4:start=1460483120105840869,finish=1460483120110516742,duration=4675873[0K$ python --version
Python 2.6.9
$ pip --version
pip 6.0.7 from /home/travis/virtualenv/python2.6.9/lib/python2.6/site-packages (python 2.6)
travis_fold:start:before_install[0Ktravis_time:start:060ffea0[0K$ pip install $DEPENDS
Requirement already satisfied (use --upgrade to upgrade): numpy in /home/travis/virtualenv/python2.6.9/lib/python2.6/site-packages
Collecting ordereddict
  Downloading ordereddict-1.1.tar.gz
    /tmp/pip-build-Y2ZxV0/ordereddict/setup.py:12: DeprecationWarning: Parameters to load are deprecated.  Call .resolve and .require separately.
Installing collected packages: ordereddict
  Running setup.py install for ordereddict
    /home/travis/virtualenv/python2.6.9/lib/python2.6/site-packages/setuptools/command/egg_info.py:171: DeprecationWarning: Parameters to load are deprecated.  Call .resolve and .require separately.
      writer = ep.load(installer=installer)
Successfully installed ordereddict-1.1

travis_time:end:060ffea0:start=1460483120668361239,finish=1460483121443055603,duration=774694364[0Ktravis_fold:end:before_install[0Ktravis_fold:start:install.1[0Ktravis_time:start:2123506b[0K$ python setup.py build
reading from setup.cfg...
Package hdf5 was not found in the pkg-config search path.
Perhaps you should add the directory containing `hdf5.pc'
to the PKG_CONFIG_PATH environment variable
No package 'hdf5' found
using nc-config ...
using netcdf library version 4.1.1
running build
running build_py
creating build
creating build/lib.linux-x86_64-2.6
creating build/lib.linux-x86_64-2.6/netcdftime
copying netcdftime/__init__.py -> build/lib.linux-x86_64-2.6/netcdftime
copying netcdftime/netcdftime.py -> build/lib.linux-x86_64-2.6/netcdftime
creating build/lib.linux-x86_64-2.6/netCDF4
copying netCDF4/__init__.py -> build/lib.linux-x86_64-2.6/netCDF4
copying netCDF4/utils.py -> build/lib.linux-x86_64-2.6/netCDF4
running build_ext
building 'netCDF4._netCDF4' extension
creating build/temp.linux-x86_64-2.6
creating build/temp.linux-x86_64-2.6/netCDF4
gcc -pthread -fno-strict-aliasing -g -fstack-protector --param=ssp-buffer-size=4 -Wformat -Werror=format-security -DNDEBUG -g -fwrapv -O3 -Wall -Wstrict-prototypes -fPIC -I/usr/include -I/home/travis/virtualenv/python2.6.9/lib/python2.6/site-packages/numpy/core/include -I/opt/python/2.6.9/include/python2.6 -c netCDF4/_netCDF4.c -o build/temp.linux-x86_64-2.6/netCDF4/_netCDF4.o
In file included from /home/travis/virtualenv/python2.6.9/lib/python2.6/site-packages/numpy/core/include/numpy/ndarraytypes.h:1804:0,
                 from /home/travis/virtualenv/python2.6.9/lib/python2.6/site-packages/numpy/core/include/numpy/ndarrayobject.h:17,
                 from /home/travis/virtualenv/python2.6.9/lib/python2.6/site-packages/numpy/core/include/numpy/arrayobject.h:4,
                 from netCDF4/_netCDF4.c:267:
/home/travis/virtualenv/python2.6.9/lib/python2.6/site-packages/numpy/core/include/numpy/npy_1_7_deprecated_api.h:15:2: warning: #warning "Using deprecated NumPy API, disable it by " "#defining NPY_NO_DEPRECATED_API NPY_1_7_API_VERSION" [-Wcpp]
netCDF4/_netCDF4.c: In function â€˜__pyx_f_7netCDF4_8_netCDF4__set_attâ€™:
netCDF4/_netCDF4.c:6423:11: warning: passing argument 5 of â€˜nc_put_att_stringâ€™ from incompatible pointer type [enabled by default]
/usr/include/netcdf.h:956:1: note: expected â€˜const char **â€™ but argument is of type â€˜char **â€™
netCDF4/_netCDF4.c: In function â€˜__pyx_f_7netCDF4_8_netCDF4__find_cmptypeâ€™:
netCDF4/_netCDF4.c:81735:34: warning: â€˜__pyx_v_xtypeâ€™ may be used uninitialized in this function [-Wuninitialized]
netCDF4/_netCDF4.c:51503:11: note: â€˜__pyx_v_xtypeâ€™ was declared here
netCDF4/_netCDF4.c: In function â€˜__pyx_f_7netCDF4_8_netCDF4__get_typesâ€™:
netCDF4/_netCDF4.c:7151:21: warning: â€˜__pyx_v_typeidsâ€™ may be used uninitialized in this function [-Wuninitialized]
netCDF4/_netCDF4.c: In function â€˜__pyx_pw_7netCDF4_8_netCDF4_8Variable_1__init__â€™:
netCDF4/_netCDF4.c:27496:20: warning: â€˜__pyx_v_dimidsâ€™ may be used uninitialized in this function [-Wuninitialized]
netCDF4/_netCDF4.c:26099:8: note: â€˜__pyx_v_dimidsâ€™ was declared here
gcc -pthread -shared build/temp.linux-x86_64-2.6/netCDF4/_netCDF4.o -L/usr/lib -L/opt/python/2.6.9/lib -Wl,-R/usr/lib -lnetcdf -lpython2.6 -o build/lib.linux-x86_64-2.6/netCDF4/_netCDF4.so
building 'netcdftime._datetime' extension
creating build/temp.linux-x86_64-2.6/netcdftime
gcc -pthread -fno-strict-aliasing -g -fstack-protector --param=ssp-buffer-size=4 -Wformat -Werror=format-security -DNDEBUG -g -fwrapv -O3 -Wall -Wstrict-prototypes -fPIC -I/opt/python/2.6.9/include/python2.6 -c netcdftime/_datetime.c -o build/temp.linux-x86_64-2.6/netcdftime/_datetime.o
gcc -pthread -shared build/temp.linux-x86_64-2.6/netcdftime/_datetime.o -L/opt/python/2.6.9/lib -lpython2.6 -o build/lib.linux-x86_64-2.6/netcdftime/_datetime.so

travis_time:end:2123506b:start=1460483121447140117,finish=1460483160967939524,duration=39520799407[0Ktravis_fold:end:install.1[0Ktravis_fold:start:install.2[0Ktravis_time:start:050f2f9e[0K$ python setup.py install
reading from setup.cfg...
Package hdf5 was not found in the pkg-config search path.
Perhaps you should add the directory containing `hdf5.pc'
to the PKG_CONFIG_PATH environment variable
No package 'hdf5' found
using nc-config ...
using netcdf library version 4.1.1
running install
running bdist_egg
running egg_info
creating netCDF4.egg-info
/home/travis/virtualenv/python2.6.9/lib/python2.6/site-packages/setuptools/command/egg_info.py:171: DeprecationWarning: Parameters to load are deprecated.  Call .resolve and .require separately.
  writer = ep.load(installer=installer)
writing requirements to netCDF4.egg-info/requires.txt
writing netCDF4.egg-info/PKG-INFO
writing top-level names to netCDF4.egg-info/top_level.txt
writing dependency_links to netCDF4.egg-info/dependency_links.txt
writing entry points to netCDF4.egg-info/entry_points.txt
writing manifest file 'netCDF4.egg-info/SOURCES.txt'
reading manifest file 'netCDF4.egg-info/SOURCES.txt'
reading manifest template 'MANIFEST.in'
warning: manifest_maker: MANIFEST.in, line 4: 'recursive-include' expects <dir> <pattern1> <pattern2> ...
writing manifest file 'netCDF4.egg-info/SOURCES.txt'
installing library code to build/bdist.linux-x86_64/egg
running install_lib
running build_py
running build_ext
creating build/bdist.linux-x86_64
creating build/bdist.linux-x86_64/egg
creating build/bdist.linux-x86_64/egg/netcdftime
copying build/lib.linux-x86_64-2.6/netcdftime/__init__.py -> build/bdist.linux-x86_64/egg/netcdftime
copying build/lib.linux-x86_64-2.6/netcdftime/netcdftime.py -> build/bdist.linux-x86_64/egg/netcdftime
copying build/lib.linux-x86_64-2.6/netcdftime/_datetime.so -> build/bdist.linux-x86_64/egg/netcdftime
creating build/bdist.linux-x86_64/egg/netCDF4
copying build/lib.linux-x86_64-2.6/netCDF4/__init__.py -> build/bdist.linux-x86_64/egg/netCDF4
copying build/lib.linux-x86_64-2.6/netCDF4/utils.py -> build/bdist.linux-x86_64/egg/netCDF4
copying build/lib.linux-x86_64-2.6/netCDF4/_netCDF4.so -> build/bdist.linux-x86_64/egg/netCDF4
byte-compiling build/bdist.linux-x86_64/egg/netcdftime/__init__.py to __init__.pyc
byte-compiling build/bdist.linux-x86_64/egg/netcdftime/netcdftime.py to netcdftime.pyc
byte-compiling build/bdist.linux-x86_64/egg/netCDF4/__init__.py to __init__.pyc
byte-compiling build/bdist.linux-x86_64/egg/netCDF4/utils.py to utils.pyc
creating stub loader for netCDF4/_netCDF4.so
creating stub loader for netcdftime/_datetime.so
byte-compiling build/bdist.linux-x86_64/egg/netCDF4/_netCDF4.py to _netCDF4.pyc
byte-compiling build/bdist.linux-x86_64/egg/netcdftime/_datetime.py to _datetime.pyc
creating build/bdist.linux-x86_64/egg/EGG-INFO
copying netCDF4.egg-info/PKG-INFO -> build/bdist.linux-x86_64/egg/EGG-INFO
copying netCDF4.egg-info/SOURCES.txt -> build/bdist.linux-x86_64/egg/EGG-INFO
copying netCDF4.egg-info/dependency_links.txt -> build/bdist.linux-x86_64/egg/EGG-INFO
copying netCDF4.egg-info/entry_points.txt -> build/bdist.linux-x86_64/egg/EGG-INFO
copying netCDF4.egg-info/requires.txt -> build/bdist.linux-x86_64/egg/EGG-INFO
copying netCDF4.egg-info/top_level.txt -> build/bdist.linux-x86_64/egg/EGG-INFO
writing build/bdist.linux-x86_64/egg/EGG-INFO/native_libs.txt
zip_safe flag not set; analyzing archive contents...
creating dist
creating 'dist/netCDF4-1.2.4-py2.6-linux-x86_64.egg' and adding 'build/bdist.linux-x86_64/egg' to it
removing 'build/bdist.linux-x86_64/egg' (and everything under it)
Processing netCDF4-1.2.4-py2.6-linux-x86_64.egg
Copying netCDF4-1.2.4-py2.6-linux-x86_64.egg to /home/travis/virtualenv/python2.6.9/lib/python2.6/site-packages
Adding netCDF4 1.2.4 to easy-install.pth file
Installing ncinfo script to /home/travis/virtualenv/python2.6.9/bin
Installing nc4tonc3 script to /home/travis/virtualenv/python2.6.9/bin
Installing nc3tonc4 script to /home/travis/virtualenv/python2.6.9/bin

Installed /home/travis/virtualenv/python2.6.9/lib/python2.6/site-packages/netCDF4-1.2.4-py2.6-linux-x86_64.egg
Processing dependencies for netCDF4==1.2.4
Searching for numpy==1.9.1
Best match: numpy 1.9.1
Adding numpy 1.9.1 to easy-install.pth file

Using /home/travis/virtualenv/python2.6.9/lib/python2.6/site-packages
Finished processing dependencies for netCDF4==1.2.4

travis_time:end:050f2f9e:start=1460483160971806086,finish=1460483161482925532,duration=511119446[0Ktravis_fold:end:install.2[0Ktravis_time:start:202512f0[0K$ cd test

travis_time:end:202512f0:start=1460483161486490494,finish=1460483161489262026,duration=2771532[0K
[32;1mThe command "cd test" exited with 0.[0m
travis_time:start:01d398c4[0K$ python run_all.py
/home/travis/virtualenv/python2.6.9/lib/python2.6/site-packages/pkg_resources/__init__.py:1222: UserWarning: /home/travis/.python-eggs is writable by group/others and vulnerable to attack when used with get_resource_filename. Consider a more secure location (set with .set_extraction_path or the PYTHON_EGG_CACHE environment variable).
  warnings.warn(msg, UserWarning)
not running tst_unicode3.py ...
not running tst_diskless.py ...
not running tst_filepath.py ...
not running tst_cdf5.py ...
not running tst_dap.py ...

netcdf4-python version: 1.2.4
HDF5 lib version:       1.8.4-patch1
netcdf lib version:     4.1.1
numpy version           1.9.1
......F.....................................................................
======================================================================
FAIL: testing endian conversion capability
----------------------------------------------------------------------
Traceback (most recent call last):
  File "/home/travis/build/Unidata/netcdf4-python/test/tst_endian.py", line 129, in runTest
    check_byteswap(self.file3, data)
  File "/home/travis/build/Unidata/netcdf4-python/test/tst_endian.py", line 48, in check_byteswap
    assert_array_almost_equal(data, data2)
  File "/home/travis/virtualenv/python2.6.9/lib/python2.6/site-packages/numpy/testing/utils.py", line 842, in assert_array_almost_equal
    precision=decimal)
  File "/home/travis/virtualenv/python2.6.9/lib/python2.6/site-packages/numpy/testing/utils.py", line 665, in assert_array_compare
    raise AssertionError(msg)
AssertionError: 
Arrays are not almost equal to 6 decimals

(mismatch 91.6666666667%)
 x: array([[  0.000000e+00,   4.600603e-41,   8.968310e-44,   2.304856e-41],
       [  4.600743e-41,   5.748687e-41,   6.896631e-41,   8.044574e-41],
       [  9.108440e-44,   5.830803e-42,   1.157052e-41,   1.731024e-41]], dtype=float32)
 y: array([[  0.,   1.,   2.,   3.],
       [  4.,   5.,   6.,   7.],
       [  8.,   9.,  10.,  11.]], dtype=float32)

----------------------------------------------------------------------
Ran 76 tests in 25.495s

FAILED (failures=1)

travis_time:end:01d398c4:start=1460483161495519045,finish=1460483187413886013,duration=25918366968[0K
[31;1mThe command "python run_all.py" exited with 1.[0m

Done. Your build exited with 1.
