Using worker: worker-linux-docker-15e174ed.prod.travis-ci.org:travis-linux-9

travis_fold:start:system_info[0K[33;1mBuild system information[0m
Build language: python
Build group: stable
Build dist: precise
Build id: 149456005
Job id: 149456011
travis-build version: 8f19210ce
[34m[1mBuild image provisioning date and time[0m
Thu Feb  5 15:09:33 UTC 2015
[34m[1mOperating System Details[0m
Distributor ID:	Ubuntu
Description:	Ubuntu 12.04.5 LTS
Release:	12.04
Codename:	precise
[34m[1mLinux Version[0m
3.13.0-29-generic
[34m[1mCookbooks Version[0m
a68419e https://github.com/travis-ci/travis-cookbooks/tree/a68419e
[34m[1mGCC version[0m
gcc (Ubuntu/Linaro 4.6.3-1ubuntu5) 4.6.3
Copyright (C) 2011 Free Software Foundation, Inc.
This is free software; see the source for copying conditions.  There is NO
warranty; not even for MERCHANTABILITY or FITNESS FOR A PARTICULAR PURPOSE.

[34m[1mLLVM version[0m
clang version 3.4 (tags/RELEASE_34/final)
Target: x86_64-unknown-linux-gnu
Thread model: posix
[34m[1mPre-installed Ruby versions[0m
ruby-1.9.3-p551
[34m[1mPre-installed Node.js versions[0m
v0.10.36
[34m[1mPre-installed Go versions[0m
1.4.1
[34m[1mRedis version[0m
redis-server 2.8.19
[34m[1mriak version[0m
2.0.2
[34m[1mMongoDB version[0m
MongoDB 2.4.12
[34m[1mCouchDB version[0m
couchdb 1.6.1
[34m[1mNeo4j version[0m
1.9.4
[34m[1mRabbitMQ Version[0m
3.4.3
[34m[1mElasticSearch version[0m
1.4.0
[34m[1mInstalled Sphinx versions[0m
2.0.10
2.1.9
2.2.6
[34m[1mDefault Sphinx version[0m
2.2.6
[34m[1mInstalled Firefox version[0m
firefox 31.0esr
[34m[1mPhantomJS version[0m
1.9.8
[34m[1mant -version[0m
Apache Ant(TM) version 1.8.2 compiled on December 3 2011
[34m[1mmvn -version[0m
Apache Maven 3.2.5 (12a6b3acb947671f09b81f49094c53f426d8cea1; 2014-12-14T17:29:23+00:00)
Maven home: /usr/local/maven
Java version: 1.7.0_76, vendor: Oracle Corporation
Java home: /usr/lib/jvm/java-7-oracle/jre
Default locale: en_US, platform encoding: ANSI_X3.4-1968
OS name: "linux", version: "3.13.0-29-generic", arch: "amd64", family: "unix"
travis_fold:end:system_info[0K
travis_fold:start:fix.CVE-2015-7547[0K$ export DEBIAN_FRONTEND=noninteractive
W: Size of file /var/lib/apt/lists/us.archive.ubuntu.com_ubuntu_dists_precise-backports_multiverse_source_Sources.gz is not what the server reported 5886 5888
W: Size of file /var/lib/apt/lists/ppa.launchpad.net_ubuntugis_ppa_ubuntu_dists_precise_main_binary-amd64_Packages.gz is not what the server reported 33653 36677
W: Size of file /var/lib/apt/lists/ppa.launchpad.net_ubuntugis_ppa_ubuntu_dists_precise_main_binary-i386_Packages.gz is not what the server reported 33699 36733
Reading package lists...
Building dependency tree...
Reading state information...
The following extra packages will be installed:
  libc-bin libc-dev-bin libc6-dev
Suggested packages:
  glibc-doc
The following packages will be upgraded:
  libc-bin libc-dev-bin libc6 libc6-dev
4 upgraded, 0 newly installed, 0 to remove and 239 not upgraded.
Need to get 8,840 kB of archives.
After this operation, 14.3 kB disk space will be freed.
Get:1 http://us.archive.ubuntu.com/ubuntu/ precise-updates/main libc6-dev amd64 2.15-0ubuntu10.15 [2,943 kB]
Get:2 http://us.archive.ubuntu.com/ubuntu/ precise-updates/main libc-dev-bin amd64 2.15-0ubuntu10.15 [84.7 kB]
Get:3 http://us.archive.ubuntu.com/ubuntu/ precise-updates/main libc-bin amd64 2.15-0ubuntu10.15 [1,177 kB]
Get:4 http://us.archive.ubuntu.com/ubuntu/ precise-updates/main libc6 amd64 2.15-0ubuntu10.15 [4,636 kB]
Fetched 8,840 kB in 0s (31.2 MB/s)
Preconfiguring packages ...
(Reading database ... (Reading database ... 5%(Reading database ... 10%(Reading database ... 15%(Reading database ... 20%(Reading database ... 25%(Reading database ... 30%(Reading database ... 35%(Reading database ... 40%(Reading database ... 45%(Reading database ... 50%(Reading database ... 55%(Reading database ... 60%(Reading database ... 65%(Reading database ... 70%(Reading database ... 75%(Reading database ... 80%(Reading database ... 85%(Reading database ... 90%(Reading database ... 95%(Reading database ... 100%(Reading database ... 72431 files and directories currently installed.)
Preparing to replace libc6-dev 2.15-0ubuntu10.10 (using .../libc6-dev_2.15-0ubuntu10.15_amd64.deb) ...
Unpacking replacement libc6-dev ...
Preparing to replace libc-dev-bin 2.15-0ubuntu10.10 (using .../libc-dev-bin_2.15-0ubuntu10.15_amd64.deb) ...
Unpacking replacement libc-dev-bin ...
Preparing to replace libc-bin 2.15-0ubuntu10.10 (using .../libc-bin_2.15-0ubuntu10.15_amd64.deb) ...
Unpacking replacement libc-bin ...
Processing triggers for man-db ...
Setting up libc-bin (2.15-0ubuntu10.15) ...
(Reading database ... (Reading database ... 5%(Reading database ... 10%(Reading database ... 15%(Reading database ... 20%(Reading database ... 25%(Reading database ... 30%(Reading database ... 35%(Reading database ... 40%(Reading database ... 45%(Reading database ... 50%(Reading database ... 55%(Reading database ... 60%(Reading database ... 65%(Reading database ... 70%(Reading database ... 75%(Reading database ... 80%(Reading database ... 85%(Reading database ... 90%(Reading database ... 95%(Reading database ... 100%(Reading database ... 72430 files and directories currently installed.)
Preparing to replace libc6 2.15-0ubuntu10.10 (using .../libc6_2.15-0ubuntu10.15_amd64.deb) ...
Unpacking replacement libc6 ...
Setting up libc6 (2.15-0ubuntu10.15) ...
Setting up libc-dev-bin (2.15-0ubuntu10.15) ...
Setting up libc6-dev (2.15-0ubuntu10.15) ...
Processing triggers for libc-bin ...
ldconfig deferred processing now taking place
travis_fold:end:fix.CVE-2015-7547[0Ktravis_fold:start:git.checkout[0Ktravis_time:start:05293cf0[0K$ git clone --depth=50 --branch=valid_minmax https://github.com/Unidata/netcdf4-python.git Unidata/netcdf4-python
Cloning into 'Unidata/netcdf4-python'...
remote: Counting objects: 505, done.[K
remote: Compressing objects:   0% (1/291)   [Kremote: Compressing objects:   1% (3/291)   [Kremote: Compressing objects:   2% (6/291)   [Kremote: Compressing objects:   3% (9/291)   [Kremote: Compressing objects:   4% (12/291)   [Kremote: Compressing objects:   5% (15/291)   [Kremote: Compressing objects:   6% (18/291)   [Kremote: Compressing objects:   7% (21/291)   [Kremote: Compressing objects:   8% (24/291)   [Kremote: Compressing objects:   9% (27/291)   [Kremote: Compressing objects:  10% (30/291)   [Kremote: Compressing objects:  11% (33/291)   [Kremote: Compressing objects:  12% (35/291)   [Kremote: Compressing objects:  13% (38/291)   [Kremote: Compressing objects:  14% (41/291)   [Kremote: Compressing objects:  15% (44/291)   [Kremote: Compressing objects:  16% (47/291)   [Kremote: Compressing objects:  17% (50/291)   [Kremote: Compressing objects:  18% (53/291)   [Kremote: Compressing objects:  19% (56/291)   [Kremote: Compressing objects:  20% (59/291)   [Kremote: Compressing objects:  21% (62/291)   [Kremote: Compressing objects:  22% (65/291)   [Kremote: Compressing objects:  23% (67/291)   [Kremote: Compressing objects:  24% (70/291)   [Kremote: Compressing objects:  25% (73/291)   [Kremote: Compressing objects:  26% (76/291)   [Kremote: Compressing objects:  27% (79/291)   [Kremote: Compressing objects:  28% (82/291)   [Kremote: Compressing objects:  29% (85/291)   [Kremote: Compressing objects:  30% (88/291)   [Kremote: Compressing objects:  31% (91/291)   [Kremote: Compressing objects:  32% (94/291)   [Kremote: Compressing objects:  33% (97/291)   [Kremote: Compressing objects:  34% (99/291)   [Kremote: Compressing objects:  35% (102/291)   [Kremote: Compressing objects:  36% (105/291)   [Kremote: Compressing objects:  37% (108/291)   [Kremote: Compressing objects:  38% (111/291)   [Kremote: Compressing objects:  39% (114/291)   [Kremote: Compressing objects:  40% (117/291)   [Kremote: Compressing objects:  41% (120/291)   [Kremote: Compressing objects:  42% (123/291)   [Kremote: Compressing objects:  43% (126/291)   [Kremote: Compressing objects:  44% (129/291)   [Kremote: Compressing objects:  45% (131/291)   [Kremote: Compressing objects:  46% (134/291)   [Kremote: Compressing objects:  47% (137/291)   [Kremote: Compressing objects:  48% (140/291)   [Kremote: Compressing objects:  48% (141/291)   [Kremote: Compressing objects:  49% (143/291)   [Kremote: Compressing objects:  50% (146/291)   [Kremote: Compressing objects:  51% (149/291)   [Kremote: Compressing objects:  52% (152/291)   [Kremote: Compressing objects:  53% (155/291)   [Kremote: Compressing objects:  54% (158/291)   [Kremote: Compressing objects:  55% (161/291)   [Kremote: Compressing objects:  56% (163/291)   [Kremote: Compressing objects:  57% (166/291)   [Kremote: Compressing objects:  58% (169/291)   [Kremote: Compressing objects:  59% (172/291)   [Kremote: Compressing objects:  60% (175/291)   [Kremote: Compressing objects:  61% (178/291)   [Kremote: Compressing objects:  62% (181/291)   [Kremote: Compressing objects:  63% (184/291)   [Kremote: Compressing objects:  64% (187/291)   [Kremote: Compressing objects:  65% (190/291)   [Kremote: Compressing objects:  66% (193/291)   [Kremote: Compressing objects:  67% (195/291)   [Kremote: Compressing objects:  68% (198/291)   [Kremote: Compressing objects:  69% (201/291)   [Kremote: Compressing objects:  70% (204/291)   [Kremote: Compressing objects:  71% (207/291)   [Kremote: Compressing objects:  72% (210/291)   [Kremote: Compressing objects:  73% (213/291)   [Kremote: Compressing objects:  74% (216/291)   [Kremote: Compressing objects:  75% (219/291)   [Kremote: Compressing objects:  76% (222/291)   [Kremote: Compressing objects:  77% (225/291)   [Kremote: Compressing objects:  78% (227/291)   [Kremote: Compressing objects:  79% (230/291)   [Kremote: Compressing objects:  80% (233/291)   [Kremote: Compressing objects:  81% (236/291)   [Kremote: Compressing objects:  82% (239/291)   [Kremote: Compressing objects:  83% (242/291)   [Kremote: Compressing objects:  84% (245/291)   [Kremote: Compressing objects:  85% (248/291)   [Kremote: Compressing objects:  86% (251/291)   [Kremote: Compressing objects:  87% (254/291)   [Kremote: Compressing objects:  88% (257/291)   [Kremote: Compressing objects:  89% (259/291)   [Kremote: Compressing objects:  90% (262/291)   [Kremote: Compressing objects:  91% (265/291)   [Kremote: Compressing objects:  92% (268/291)   [Kremote: Compressing objects:  93% (271/291)   [Kremote: Compressing objects:  94% (274/291)   [Kremote: Compressing objects:  95% (277/291)   [Kremote: Compressing objects:  96% (280/291)   [Kremote: Compressing objects:  97% (283/291)   [Kremote: Compressing objects:  98% (286/291)   [Kremote: Compressing objects:  99% (289/291)   [Kremote: Compressing objects: 100% (291/291)   [Kremote: Compressing objects: 100% (291/291), done.[K
Receiving objects:   0% (1/505)   Receiving objects:   1% (6/505)   Receiving objects:   2% (11/505)   Receiving objects:   3% (16/505)   Receiving objects:   4% (21/505)   Receiving objects:   5% (26/505)   Receiving objects:   6% (31/505)   Receiving objects:   7% (36/505)   Receiving objects:   8% (41/505)   Receiving objects:   9% (46/505)   Receiving objects:  10% (51/505)   Receiving objects:  11% (56/505)   Receiving objects:  12% (61/505)   Receiving objects:  13% (66/505)   Receiving objects:  14% (71/505)   Receiving objects:  15% (76/505)   Receiving objects:  16% (81/505)   Receiving objects:  17% (86/505)   Receiving objects:  18% (91/505)   Receiving objects:  19% (96/505)   Receiving objects:  20% (101/505)   Receiving objects:  21% (107/505)   Receiving objects:  22% (112/505)   Receiving objects:  23% (117/505)   Receiving objects:  24% (122/505)   Receiving objects:  25% (127/505)   Receiving objects:  26% (132/505)   Receiving objects:  26% (136/505), 20.06 MiB | 20.01 MiB/s   Receiving objects:  27% (137/505), 20.06 MiB | 20.01 MiB/s   Receiving objects:  27% (138/505), 40.07 MiB | 20.00 MiB/s   Receiving objects:  27% (141/505), 60.72 MiB | 20.20 MiB/s   Receiving objects:  28% (142/505), 60.72 MiB | 20.20 MiB/s   Receiving objects:  28% (143/505), 80.72 MiB | 20.14 MiB/s   Receiving objects:  28% (145/505), 100.59 MiB | 20.15 MiB/s   Receiving objects:  28% (146/505), 121.72 MiB | 20.39 MiB/s   Receiving objects:  29% (147/505), 121.72 MiB | 20.39 MiB/s   Receiving objects:  30% (152/505), 121.72 MiB | 20.39 MiB/s   Receiving objects:  31% (157/505), 121.72 MiB | 20.39 MiB/s   Receiving objects:  32% (162/505), 121.72 MiB | 20.39 MiB/s   Receiving objects:  33% (167/505), 121.72 MiB | 20.39 MiB/s   Receiving objects:  34% (172/505), 121.72 MiB | 20.39 MiB/s   Receiving objects:  35% (177/505), 121.72 MiB | 20.39 MiB/s   Receiving objects:  36% (182/505), 121.72 MiB | 20.39 MiB/s   Receiving objects:  37% (187/505), 121.72 MiB | 20.39 MiB/s   Receiving objects:  38% (192/505), 121.72 MiB | 20.39 MiB/s   Receiving objects:  39% (197/505), 121.72 MiB | 20.39 MiB/s   Receiving objects:  40% (202/505), 121.72 MiB | 20.39 MiB/s   Receiving objects:  41% (208/505), 121.72 MiB | 20.39 MiB/s   Receiving objects:  42% (213/505), 121.72 MiB | 20.39 MiB/s   Receiving objects:  43% (218/505), 121.72 MiB | 20.39 MiB/s   Receiving objects:  44% (223/505), 121.72 MiB | 20.39 MiB/s   Receiving objects:  45% (228/505), 121.72 MiB | 20.39 MiB/s   Receiving objects:  46% (233/505), 121.72 MiB | 20.39 MiB/s   Receiving objects:  47% (238/505), 121.72 MiB | 20.39 MiB/s   Receiving objects:  48% (243/505), 121.72 MiB | 20.39 MiB/s   Receiving objects:  49% (248/505), 121.72 MiB | 20.39 MiB/s   Receiving objects:  50% (253/505), 121.72 MiB | 20.39 MiB/s   Receiving objects:  51% (258/505), 131.18 MiB | 20.21 MiB/s   Receiving objects:  52% (263/505), 131.18 MiB | 20.21 MiB/s   Receiving objects:  53% (268/505), 131.18 MiB | 20.21 MiB/s   Receiving objects:  54% (273/505), 131.18 MiB | 20.21 MiB/s   Receiving objects:  55% (278/505), 131.18 MiB | 20.21 MiB/s   Receiving objects:  56% (283/505), 131.18 MiB | 20.21 MiB/s   Receiving objects:  57% (288/505), 131.18 MiB | 20.21 MiB/s   Receiving objects:  58% (293/505), 131.18 MiB | 20.21 MiB/s   Receiving objects:  59% (298/505), 131.18 MiB | 20.21 MiB/s   Receiving objects:  60% (303/505), 131.18 MiB | 20.21 MiB/s   Receiving objects:  61% (309/505), 131.18 MiB | 20.21 MiB/s   Receiving objects:  62% (314/505), 131.18 MiB | 20.21 MiB/s   Receiving objects:  63% (319/505), 131.18 MiB | 20.21 MiB/s   Receiving objects:  64% (324/505), 131.18 MiB | 20.21 MiB/s   Receiving objects:  65% (329/505), 131.18 MiB | 20.21 MiB/s   Receiving objects:  66% (334/505), 131.18 MiB | 20.21 MiB/s   Receiving objects:  67% (339/505), 131.18 MiB | 20.21 MiB/s   Receiving objects:  68% (344/505), 131.18 MiB | 20.21 MiB/s   Receiving objects:  69% (349/505), 131.18 MiB | 20.21 MiB/s   Receiving objects:  70% (354/505), 131.18 MiB | 20.21 MiB/s   Receiving objects:  71% (359/505), 131.18 MiB | 20.21 MiB/s   Receiving objects:  72% (364/505), 131.18 MiB | 20.21 MiB/s   Receiving objects:  73% (369/505), 131.18 MiB | 20.21 MiB/s   Receiving objects:  74% (374/505), 131.18 MiB | 20.21 MiB/s   Receiving objects:  75% (379/505), 131.18 MiB | 20.21 MiB/s   Receiving objects:  76% (384/505), 131.18 MiB | 20.21 MiB/s   Receiving objects:  77% (389/505), 131.18 MiB | 20.21 MiB/s   Receiving objects:  78% (394/505), 131.18 MiB | 20.21 MiB/s   Receiving objects:  79% (399/505), 131.18 MiB | 20.21 MiB/s   Receiving objects:  80% (404/505), 131.18 MiB | 20.21 MiB/s   Receiving objects:  81% (410/505), 131.18 MiB | 20.21 MiB/s   Receiving objects:  82% (415/505), 131.18 MiB | 20.21 MiB/s   Receiving objects:  83% (420/505), 131.18 MiB | 20.21 MiB/s   Receiving objects:  84% (425/505), 131.18 MiB | 20.21 MiB/s   Receiving objects:  85% (430/505), 131.18 MiB | 20.21 MiB/s   Receiving objects:  86% (435/505), 131.18 MiB | 20.21 MiB/s   Receiving objects:  87% (440/505), 131.18 MiB | 20.21 MiB/s   Receiving objects:  88% (445/505), 131.18 MiB | 20.21 MiB/s   Receiving objects:  89% (450/505), 131.18 MiB | 20.21 MiB/s   Receiving objects:  90% (455/505), 131.18 MiB | 20.21 MiB/s   Receiving objects:  91% (460/505), 131.18 MiB | 20.21 MiB/s   Receiving objects:  92% (465/505), 131.18 MiB | 20.21 MiB/s   Receiving objects:  93% (470/505), 131.18 MiB | 20.21 MiB/s   Receiving objects:  94% (475/505), 131.18 MiB | 20.21 MiB/s   Receiving objects:  95% (480/505), 131.18 MiB | 20.21 MiB/s   Receiving objects:  96% (485/505), 131.18 MiB | 20.21 MiB/s   remote: Total 505 (delta 259), reused 393 (delta 197), pack-reused 0[K
Receiving objects:  97% (490/505), 131.18 MiB | 20.21 MiB/s   Receiving objects:  98% (495/505), 131.18 MiB | 20.21 MiB/s   Receiving objects:  99% (500/505), 131.18 MiB | 20.21 MiB/s   Receiving objects: 100% (505/505), 131.18 MiB | 20.21 MiB/s   Receiving objects: 100% (505/505), 132.95 MiB | 20.17 MiB/s, done.
Resolving deltas:   0% (0/259)   Resolving deltas:   3% (9/259)   Resolving deltas:   9% (24/259)   Resolving deltas:  12% (33/259)   Resolving deltas:  13% (36/259)   Resolving deltas:  14% (37/259)   Resolving deltas:  17% (45/259)   Resolving deltas:  18% (47/259)   Resolving deltas:  20% (52/259)   Resolving deltas:  24% (64/259)   Resolving deltas:  26% (69/259)   Resolving deltas:  31% (82/259)   Resolving deltas:  32% (85/259)   Resolving deltas:  33% (86/259)   Resolving deltas:  34% (89/259)   Resolving deltas:  35% (91/259)   Resolving deltas:  38% (100/259)   Resolving deltas:  39% (102/259)   Resolving deltas:  40% (104/259)   Resolving deltas:  43% (112/259)   Resolving deltas:  44% (115/259)   Resolving deltas:  45% (117/259)   Resolving deltas:  46% (121/259)   Resolving deltas:  47% (122/259)   Resolving deltas:  48% (125/259)   Resolving deltas:  49% (127/259)   Resolving deltas:  51% (134/259)   Resolving deltas:  77% (202/259)   Resolving deltas:  79% (206/259)   Resolving deltas:  80% (208/259)   Resolving deltas:  81% (210/259)   Resolving deltas:  89% (233/259)   Resolving deltas: 100% (259/259)   Resolving deltas: 100% (259/259), done.
Checking connectivity... done.

travis_time:end:05293cf0:start=1470227113704403300,finish=1470227123796617829,duration=10092214529[0K$ cd Unidata/netcdf4-python
$ git checkout -qf e086a1eeca7eaab58e751b59fd689745046c3d98
travis_fold:end:git.checkout[0Ktravis_fold:start:apt[0K[33;1mInstalling APT Packages (BETA)[0m
$ export DEBIAN_FRONTEND=noninteractive
travis_time:start:09162218[0K$ sudo -E apt-get -yq update &>> ~/apt-get-update.log

travis_time:end:09162218:start=1470227124609608169,finish=1470227131123689129,duration=6514080960[0Ktravis_time:start:024385d4[0K$ sudo -E apt-get -yq --no-install-suggests --no-install-recommends --force-yes install libhdf5-serial-dev netcdf-bin libnetcdf-dev
Reading package lists...
Building dependency tree...
Reading state information...
Suggested packages:
  libhdf5-doc netcdf-doc
The following NEW packages will be installed:
  libhdf5-serial-dev libnetcdf-dev netcdf-bin
0 upgraded, 3 newly installed, 0 to remove and 239 not upgraded.
Need to get 3,107 kB of archives.
After this operation, 20.4 MB of additional disk space will be used.
Get:1 http://us.archive.ubuntu.com/ubuntu/ precise/universe libhdf5-serial-dev amd64 1.8.4-patch1-3ubuntu2 [2,278 kB]
Get:2 http://us.archive.ubuntu.com/ubuntu/ precise/universe libnetcdf-dev amd64 1:4.1.1-6 [644 kB]
Get:3 http://us.archive.ubuntu.com/ubuntu/ precise/universe netcdf-bin amd64 1:4.1.1-6 [185 kB]
Fetched 3,107 kB in 0s (18.9 MB/s)
Selecting previously unselected package libhdf5-serial-dev.
(Reading database ... (Reading database ... 5%(Reading database ... 10%(Reading database ... 15%(Reading database ... 20%(Reading database ... 25%(Reading database ... 30%(Reading database ... 35%(Reading database ... 40%(Reading database ... 45%(Reading database ... 50%(Reading database ... 55%(Reading database ... 60%(Reading database ... 65%(Reading database ... 70%(Reading database ... 75%(Reading database ... 80%(Reading database ... 85%(Reading database ... 90%(Reading database ... 95%(Reading database ... 100%(Reading database ... 72430 files and directories currently installed.)
Unpacking libhdf5-serial-dev (from .../libhdf5-serial-dev_1.8.4-patch1-3ubuntu2_amd64.deb) ...
Selecting previously unselected package libnetcdf-dev.
Unpacking libnetcdf-dev (from .../libnetcdf-dev_1%3a4.1.1-6_amd64.deb) ...
Selecting previously unselected package netcdf-bin.
Unpacking netcdf-bin (from .../netcdf-bin_1%3a4.1.1-6_amd64.deb) ...
Processing triggers for man-db ...
Setting up libhdf5-serial-dev (1.8.4-patch1-3ubuntu2) ...
Setting up libnetcdf-dev (1:4.1.1-6) ...
Setting up netcdf-bin (1:4.1.1-6) ...

travis_time:end:024385d4:start=1470227131127414928,finish=1470227140026215029,duration=8898800101[0Ktravis_fold:end:apt[0K
[33;1mThis job is running on container-based infrastructure, which does not allow use of 'sudo', setuid and setguid executables.[0m
[33;1mIf you require sudo, add 'sudo: required' to your .travis.yml[0m
[33;1mSee https://docs.travis-ci.com/user/workers/container-based-infrastructure/ for details.[0m

[33;1mSetting environment variables from .travis.yml[0m
$ export DEPENDS="numpy cython"
$ export NO_NET=1
$ export DEPENDS="numpy ordereddict"

travis_time:start:00b6a83e[0K$ source ~/virtualenv/python2.6/bin/activate

travis_time:end:00b6a83e:start=1470227143229968767,finish=1470227143233805965,duration=3837198[0K$ python --version
Python 2.6.9
$ pip --version
pip 6.0.7 from /home/travis/virtualenv/python2.6.9/lib/python2.6/site-packages (python 2.6)
travis_fold:start:before_install[0Ktravis_time:start:0d777980[0K$ pip install $DEPENDS
Requirement already satisfied (use --upgrade to upgrade): numpy in /home/travis/virtualenv/python2.6.9/lib/python2.6/site-packages
Collecting ordereddict
  Downloading ordereddict-1.1.tar.gz
    /tmp/pip-build-DVOU7o/ordereddict/setup.py:12: DeprecationWarning: Parameters to load are deprecated.  Call .resolve and .require separately.
Installing collected packages: ordereddict
  Running setup.py install for ordereddict
    /home/travis/virtualenv/python2.6.9/lib/python2.6/site-packages/setuptools/command/egg_info.py:171: DeprecationWarning: Parameters to load are deprecated.  Call .resolve and .require separately.
      writer = ep.load(installer=installer)
Successfully installed ordereddict-1.1

travis_time:end:0d777980:start=1470227143650420506,finish=1470227144987562618,duration=1337142112[0Ktravis_fold:end:before_install[0Ktravis_fold:start:install.1[0Ktravis_time:start:0a646130[0K$ python setup.py build
reading from setup.cfg...
Package hdf5 was not found in the pkg-config search path.
Perhaps you should add the directory containing `hdf5.pc'
to the PKG_CONFIG_PATH environment variable
No package 'hdf5' found
using nc-config ...
using netcdf library version 4.1.1
running build
running build_py
creating build
creating build/lib.linux-x86_64-2.6
creating build/lib.linux-x86_64-2.6/netcdftime
copying netcdftime/__init__.py -> build/lib.linux-x86_64-2.6/netcdftime
copying netcdftime/netcdftime.py -> build/lib.linux-x86_64-2.6/netcdftime
creating build/lib.linux-x86_64-2.6/netCDF4
copying netCDF4/__init__.py -> build/lib.linux-x86_64-2.6/netCDF4
copying netCDF4/utils.py -> build/lib.linux-x86_64-2.6/netCDF4
running build_ext
building 'netCDF4._netCDF4' extension
creating build/temp.linux-x86_64-2.6
creating build/temp.linux-x86_64-2.6/netCDF4
gcc -pthread -fno-strict-aliasing -g -fstack-protector --param=ssp-buffer-size=4 -Wformat -Werror=format-security -DNDEBUG -g -fwrapv -O3 -Wall -Wstrict-prototypes -fPIC -I/usr/include -I/home/travis/virtualenv/python2.6.9/lib/python2.6/site-packages/numpy/core/include -I/opt/python/2.6.9/include/python2.6 -c netCDF4/_netCDF4.c -o build/temp.linux-x86_64-2.6/netCDF4/_netCDF4.o
In file included from /home/travis/virtualenv/python2.6.9/lib/python2.6/site-packages/numpy/core/include/numpy/ndarraytypes.h:1804:0,
                 from /home/travis/virtualenv/python2.6.9/lib/python2.6/site-packages/numpy/core/include/numpy/ndarrayobject.h:17,
                 from /home/travis/virtualenv/python2.6.9/lib/python2.6/site-packages/numpy/core/include/numpy/arrayobject.h:4,
                 from netCDF4/_netCDF4.c:267:
/home/travis/virtualenv/python2.6.9/lib/python2.6/site-packages/numpy/core/include/numpy/npy_1_7_deprecated_api.h:15:2: warning: #warning "Using deprecated NumPy API, disable it by " "#defining NPY_NO_DEPRECATED_API NPY_1_7_API_VERSION" [-Wcpp]
netCDF4/_netCDF4.c: In function â€˜__pyx_f_7netCDF4_8_netCDF4__set_attâ€™:
netCDF4/_netCDF4.c:6457:11: warning: passing argument 5 of â€˜nc_put_att_stringâ€™ from incompatible pointer type [enabled by default]
/usr/include/netcdf.h:956:1: note: expected â€˜const char **â€™ but argument is of type â€˜char **â€™
netCDF4/_netCDF4.c: In function â€˜__pyx_f_7netCDF4_8_netCDF4__find_cmptypeâ€™:
netCDF4/_netCDF4.c:83148:34: warning: â€˜__pyx_v_xtypeâ€™ may be used uninitialized in this function [-Wuninitialized]
netCDF4/_netCDF4.c:51619:11: note: â€˜__pyx_v_xtypeâ€™ was declared here
netCDF4/_netCDF4.c: In function â€˜__pyx_f_7netCDF4_8_netCDF4__get_typesâ€™:
netCDF4/_netCDF4.c:7185:21: warning: â€˜__pyx_v_typeidsâ€™ may be used uninitialized in this function [-Wuninitialized]
netCDF4/_netCDF4.c: In function â€˜__pyx_pw_7netCDF4_8_netCDF4_8Variable_1__init__â€™:
netCDF4/_netCDF4.c:27508:20: warning: â€˜__pyx_v_dimidsâ€™ may be used uninitialized in this function [-Wuninitialized]
netCDF4/_netCDF4.c:26111:8: note: â€˜__pyx_v_dimidsâ€™ was declared here
gcc -pthread -shared build/temp.linux-x86_64-2.6/netCDF4/_netCDF4.o -L/usr/lib -L/opt/python/2.6.9/lib -Wl,-R/usr/lib -lnetcdf -lpython2.6 -o build/lib.linux-x86_64-2.6/netCDF4/_netCDF4.so
building 'netcdftime._datetime' extension
creating build/temp.linux-x86_64-2.6/netcdftime
gcc -pthread -fno-strict-aliasing -g -fstack-protector --param=ssp-buffer-size=4 -Wformat -Werror=format-security -DNDEBUG -g -fwrapv -O3 -Wall -Wstrict-prototypes -fPIC -I/opt/python/2.6.9/include/python2.6 -c netcdftime/_datetime.c -o build/temp.linux-x86_64-2.6/netcdftime/_datetime.o
gcc -pthread -shared build/temp.linux-x86_64-2.6/netcdftime/_datetime.o -L/opt/python/2.6.9/lib -lpython2.6 -o build/lib.linux-x86_64-2.6/netcdftime/_datetime.so

travis_time:end:0a646130:start=1470227144991485636,finish=1470227209098433795,duration=64106948159[0Ktravis_fold:end:install.1[0Ktravis_fold:start:install.2[0Ktravis_time:start:160d00e8[0K$ python setup.py install
reading from setup.cfg...
Package hdf5 was not found in the pkg-config search path.
Perhaps you should add the directory containing `hdf5.pc'
to the PKG_CONFIG_PATH environment variable
No package 'hdf5' found
using nc-config ...
using netcdf library version 4.1.1
running install
running bdist_egg
running egg_info
creating netCDF4.egg-info
/home/travis/virtualenv/python2.6.9/lib/python2.6/site-packages/setuptools/command/egg_info.py:171: DeprecationWarning: Parameters to load are deprecated.  Call .resolve and .require separately.
  writer = ep.load(installer=installer)
writing requirements to netCDF4.egg-info/requires.txt
writing netCDF4.egg-info/PKG-INFO
writing top-level names to netCDF4.egg-info/top_level.txt
writing dependency_links to netCDF4.egg-info/dependency_links.txt
writing entry points to netCDF4.egg-info/entry_points.txt
writing manifest file 'netCDF4.egg-info/SOURCES.txt'
reading manifest file 'netCDF4.egg-info/SOURCES.txt'
reading manifest template 'MANIFEST.in'
warning: manifest_maker: MANIFEST.in, line 4: 'recursive-include' expects <dir> <pattern1> <pattern2> ...
writing manifest file 'netCDF4.egg-info/SOURCES.txt'
installing library code to build/bdist.linux-x86_64/egg
running install_lib
running build_py
running build_ext
creating build/bdist.linux-x86_64
creating build/bdist.linux-x86_64/egg
creating build/bdist.linux-x86_64/egg/netcdftime
copying build/lib.linux-x86_64-2.6/netcdftime/__init__.py -> build/bdist.linux-x86_64/egg/netcdftime
copying build/lib.linux-x86_64-2.6/netcdftime/netcdftime.py -> build/bdist.linux-x86_64/egg/netcdftime
copying build/lib.linux-x86_64-2.6/netcdftime/_datetime.so -> build/bdist.linux-x86_64/egg/netcdftime
creating build/bdist.linux-x86_64/egg/netCDF4
copying build/lib.linux-x86_64-2.6/netCDF4/__init__.py -> build/bdist.linux-x86_64/egg/netCDF4
copying build/lib.linux-x86_64-2.6/netCDF4/utils.py -> build/bdist.linux-x86_64/egg/netCDF4
copying build/lib.linux-x86_64-2.6/netCDF4/_netCDF4.so -> build/bdist.linux-x86_64/egg/netCDF4
byte-compiling build/bdist.linux-x86_64/egg/netcdftime/__init__.py to __init__.pyc
byte-compiling build/bdist.linux-x86_64/egg/netcdftime/netcdftime.py to netcdftime.pyc
byte-compiling build/bdist.linux-x86_64/egg/netCDF4/__init__.py to __init__.pyc
byte-compiling build/bdist.linux-x86_64/egg/netCDF4/utils.py to utils.pyc
creating stub loader for netCDF4/_netCDF4.so
creating stub loader for netcdftime/_datetime.so
byte-compiling build/bdist.linux-x86_64/egg/netCDF4/_netCDF4.py to _netCDF4.pyc
byte-compiling build/bdist.linux-x86_64/egg/netcdftime/_datetime.py to _datetime.pyc
creating build/bdist.linux-x86_64/egg/EGG-INFO
copying netCDF4.egg-info/PKG-INFO -> build/bdist.linux-x86_64/egg/EGG-INFO
copying netCDF4.egg-info/SOURCES.txt -> build/bdist.linux-x86_64/egg/EGG-INFO
copying netCDF4.egg-info/dependency_links.txt -> build/bdist.linux-x86_64/egg/EGG-INFO
copying netCDF4.egg-info/entry_points.txt -> build/bdist.linux-x86_64/egg/EGG-INFO
copying netCDF4.egg-info/requires.txt -> build/bdist.linux-x86_64/egg/EGG-INFO
copying netCDF4.egg-info/top_level.txt -> build/bdist.linux-x86_64/egg/EGG-INFO
writing build/bdist.linux-x86_64/egg/EGG-INFO/native_libs.txt
zip_safe flag not set; analyzing archive contents...
creating dist
creating 'dist/netCDF4-1.2.5-py2.6-linux-x86_64.egg' and adding 'build/bdist.linux-x86_64/egg' to it
removing 'build/bdist.linux-x86_64/egg' (and everything under it)
Processing netCDF4-1.2.5-py2.6-linux-x86_64.egg
Copying netCDF4-1.2.5-py2.6-linux-x86_64.egg to /home/travis/virtualenv/python2.6.9/lib/python2.6/site-packages
Adding netCDF4 1.2.5 to easy-install.pth file
Installing ncinfo script to /home/travis/virtualenv/python2.6.9/bin
Installing nc4tonc3 script to /home/travis/virtualenv/python2.6.9/bin
Installing nc3tonc4 script to /home/travis/virtualenv/python2.6.9/bin

Installed /home/travis/virtualenv/python2.6.9/lib/python2.6/site-packages/netCDF4-1.2.5-py2.6-linux-x86_64.egg
Processing dependencies for netCDF4==1.2.5
Searching for numpy==1.9.1
Best match: numpy 1.9.1
Adding numpy 1.9.1 to easy-install.pth file

Using /home/travis/virtualenv/python2.6.9/lib/python2.6/site-packages
Finished processing dependencies for netCDF4==1.2.5

travis_time:end:160d00e8:start=1470227209102505255,finish=1470227209673473713,duration=570968458[0Ktravis_fold:end:install.2[0Ktravis_time:start:0343b768[0K$ cd test

travis_time:end:0343b768:start=1470227209677253589,finish=1470227209680155182,duration=2901593[0K
[32;1mThe command "cd test" exited with 0.[0m
travis_time:start:06347069[0K$ python run_all.py
/home/travis/virtualenv/python2.6.9/lib/python2.6/site-packages/pkg_resources/__init__.py:1222: UserWarning: /home/travis/.python-eggs is writable by group/others and vulnerable to attack when used with get_resource_filename. Consider a more secure location (set with .set_extraction_path or the PYTHON_EGG_CACHE environment variable).
  warnings.warn(msg, UserWarning)
not running tst_unicode3.py ...
not running tst_diskless.py ...
not running tst_filepath.py ...
not running tst_cdf5.py ...
not running tst_dap.py ...

netcdf4-python version: 1.2.5
HDF5 lib version:       1.8.4-patch1
netcdf lib version:     4.1.1
numpy version           1.9.1
......F......................................................................
======================================================================
FAIL: testing endian conversion capability
----------------------------------------------------------------------
Traceback (most recent call last):
  File "/home/travis/build/Unidata/netcdf4-python/test/tst_endian.py", line 142, in runTest
    issue310(self.file)
  File "/home/travis/build/Unidata/netcdf4-python/test/tst_endian.py", line 99, in issue310
    var_big_endian[:].filled())
  File "/home/travis/virtualenv/python2.6.9/lib/python2.6/site-packages/numpy/testing/utils.py", line 842, in assert_array_almost_equal
    precision=decimal)
  File "/home/travis/virtualenv/python2.6.9/lib/python2.6/site-packages/numpy/testing/utils.py", line 665, in assert_array_compare
    raise AssertionError(msg)
AssertionError: 
Arrays are not almost equal to 6 decimals

(mismatch 10.0%)
 x: array([   3.141593,  999.      ,  999.      ,  999.      ,  999.      ,
        999.      ,  999.      ,  999.      ,  999.      ,  999.      ])
 y: array([ 999.,  999.,  999.,  999.,  999.,  999.,  999.,  999.,  999.,  999.])

----------------------------------------------------------------------
Ran 77 tests in 36.366s

FAILED (failures=1)

travis_time:end:06347069:start=1470227209684289161,finish=1470227246509285569,duration=36824996408[0K
[31;1mThe command "python run_all.py" exited with 1.[0m

Done. Your build exited with 1.
