travis_fold:start:worker_info[0K[33;1mWorker information[0m
hostname: i-0aaf424-precise-production-2-worker-org-docker.travisci.net:0576c82a-5308-466b-b7bb-e1f4b64286ef
version: v2.5.0 https://github.com/travis-ci/worker/tree/da3a43228dffc0fcca5a46569ca786b22991979f
instance: cbe844a:travis:python
startup: 590.998275ms
travis_fold:end:worker_info[0Ktravis_fold:start:system_info[0K[33;1mBuild system information[0m
Build language: python
Build group: stable
Build dist: precise
Build id: 232947792
Job id: 232947802
travis-build version: cafd8b990
[34m[1mBuild image provisioning date and time[0m
Thu Feb  5 15:09:33 UTC 2015
[34m[1mOperating System Details[0m
Distributor ID:	Ubuntu
Description:	Ubuntu 12.04.5 LTS
Release:	12.04
Codename:	precise
[34m[1mLinux Version[0m
3.13.0-29-generic
[34m[1mCookbooks Version[0m
a68419e https://github.com/travis-ci/travis-cookbooks/tree/a68419e
[34m[1mGCC version[0m
gcc (Ubuntu/Linaro 4.6.3-1ubuntu5) 4.6.3
Copyright (C) 2011 Free Software Foundation, Inc.
This is free software; see the source for copying conditions.  There is NO
warranty; not even for MERCHANTABILITY or FITNESS FOR A PARTICULAR PURPOSE.

[34m[1mLLVM version[0m
clang version 3.4 (tags/RELEASE_34/final)
Target: x86_64-unknown-linux-gnu
Thread model: posix
[34m[1mPre-installed Ruby versions[0m
ruby-1.9.3-p551
[34m[1mPre-installed Node.js versions[0m
v0.10.36
[34m[1mPre-installed Go versions[0m
1.4.1
[34m[1mRedis version[0m
redis-server 2.8.19
[34m[1mriak version[0m
2.0.2
[34m[1mMongoDB version[0m
MongoDB 2.4.12
[34m[1mCouchDB version[0m
couchdb 1.6.1
[34m[1mNeo4j version[0m
1.9.4
[34m[1mRabbitMQ Version[0m
3.4.3
[34m[1mElasticSearch version[0m
1.4.0
[34m[1mInstalled Sphinx versions[0m
2.0.10
2.1.9
2.2.6
[34m[1mDefault Sphinx version[0m
2.2.6
[34m[1mInstalled Firefox version[0m
firefox 31.0esr
[34m[1mPhantomJS version[0m
1.9.8
[34m[1mant -version[0m
Apache Ant(TM) version 1.8.2 compiled on December 3 2011
[34m[1mmvn -version[0m
Apache Maven 3.2.5 (12a6b3acb947671f09b81f49094c53f426d8cea1; 2014-12-14T17:29:23+00:00)
Maven home: /usr/local/maven
Java version: 1.7.0_76, vendor: Oracle Corporation
Java home: /usr/lib/jvm/java-7-oracle/jre
Default locale: en_US, platform encoding: ANSI_X3.4-1968
OS name: "linux", version: "3.13.0-29-generic", arch: "amd64", family: "unix"
travis_fold:end:system_info[0K
travis_fold:start:fix.CVE-2015-7547[0K$ export DEBIAN_FRONTEND=noninteractive
Reading package lists...
Building dependency tree...
Reading state information...
The following extra packages will be installed:
  libc-bin libc-dev-bin libc6-dev
Suggested packages:
  glibc-doc
The following packages will be upgraded:
  libc-bin libc-dev-bin libc6 libc6-dev
4 upgraded, 0 newly installed, 0 to remove and 264 not upgraded.
Need to get 8,856 kB of archives.
After this operation, 13.3 kB of additional disk space will be used.
Get:1 http://us.archive.ubuntu.com/ubuntu/ precise-updates/main libc6-dev amd64 2.15-0ubuntu10.18 [2,948 kB]
Get:2 http://us.archive.ubuntu.com/ubuntu/ precise-updates/main libc-dev-bin amd64 2.15-0ubuntu10.18 [84.5 kB]
Get:3 http://us.archive.ubuntu.com/ubuntu/ precise-updates/main libc-bin amd64 2.15-0ubuntu10.18 [1,178 kB]
Get:4 http://us.archive.ubuntu.com/ubuntu/ precise-updates/main libc6 amd64 2.15-0ubuntu10.18 [4,646 kB]
Fetched 8,856 kB in 0s (34.8 MB/s)
Preconfiguring packages ...
(Reading database ... (Reading database ... 5%(Reading database ... 10%(Reading database ... 15%(Reading database ... 20%(Reading database ... 25%(Reading database ... 30%(Reading database ... 35%(Reading database ... 40%(Reading database ... 45%(Reading database ... 50%(Reading database ... 55%(Reading database ... 60%(Reading database ... 65%(Reading database ... 70%(Reading database ... 75%(Reading database ... 80%(Reading database ... 85%(Reading database ... 90%(Reading database ... 95%(Reading database ... 100%(Reading database ... 72431 files and directories currently installed.)
Preparing to replace libc6-dev 2.15-0ubuntu10.10 (using .../libc6-dev_2.15-0ubuntu10.18_amd64.deb) ...
Unpacking replacement libc6-dev ...
Preparing to replace libc-dev-bin 2.15-0ubuntu10.10 (using .../libc-dev-bin_2.15-0ubuntu10.18_amd64.deb) ...
Unpacking replacement libc-dev-bin ...
Preparing to replace libc-bin 2.15-0ubuntu10.10 (using .../libc-bin_2.15-0ubuntu10.18_amd64.deb) ...
Unpacking replacement libc-bin ...
Processing triggers for man-db ...
Setting up libc-bin (2.15-0ubuntu10.18) ...
(Reading database ... (Reading database ... 5%(Reading database ... 10%(Reading database ... 15%(Reading database ... 20%(Reading database ... 25%(Reading database ... 30%(Reading database ... 35%(Reading database ... 40%(Reading database ... 45%(Reading database ... 50%(Reading database ... 55%(Reading database ... 60%(Reading database ... 65%(Reading database ... 70%(Reading database ... 75%(Reading database ... 80%(Reading database ... 85%(Reading database ... 90%(Reading database ... 95%(Reading database ... 100%(Reading database ... 72430 files and directories currently installed.)
Preparing to replace libc6 2.15-0ubuntu10.10 (using .../libc6_2.15-0ubuntu10.18_amd64.deb) ...
Unpacking replacement libc6 ...
Setting up libc6 (2.15-0ubuntu10.18) ...
Setting up libc-dev-bin (2.15-0ubuntu10.18) ...
Setting up libc6-dev (2.15-0ubuntu10.18) ...
Processing triggers for libc-bin ...
ldconfig deferred processing now taking place
travis_fold:end:fix.CVE-2015-7547[0Ktravis_fold:start:update_libssl1.0.0[0K$ sudo apt-get install libssl1.0.0
Reading package lists... 0%Reading package lists... 0%Reading package lists... 1%Reading package lists... 10%Reading package lists... 10%Reading package lists... 11%Reading package lists... 11%Reading package lists... 46%Reading package lists... 46%Reading package lists... 46%Reading package lists... 47%Reading package lists... 47%Reading package lists... 58%Reading package lists... 58%Reading package lists... 58%Reading package lists... 58%Reading package lists... 94%Reading package lists... 94%Reading package lists... 95%Reading package lists... 95%Reading package lists... 0% Reading package lists... 95%Reading package lists... 95%Reading package lists... 95%Reading package lists... 95%Reading package lists... 95%Reading package lists... 95%Reading package lists... 95%Reading package lists... 95%Reading package lists... 95%Reading package lists... 95%Reading package lists... 95%Reading package lists... 95%Reading package lists... 95%Reading package lists... 95%Reading package lists... 95%Reading package lists... 95%Reading package lists... 95%Reading package lists... 95%Reading package lists... 95%Reading package lists... 95%Reading package lists... 95%Reading package lists... 95%Reading package lists... 95%Reading package lists... 95%Reading package lists... 95%Reading package lists... 95%Reading package lists... 95%Reading package lists... 95%Reading package lists... 95%Reading package lists... 95%Reading package lists... 95%Reading package lists... 95%Reading package lists... 95%Reading package lists... 95%Reading package lists... 95%Reading package lists... 95%Reading package lists... 95%Reading package lists... 95%Reading package lists... 95%Reading package lists... 95%Reading package lists... 95%Reading package lists... 95%Reading package lists... 95%Reading package lists... 95%Reading package lists... 95%Reading package lists... 95%Reading package lists... 95%Reading package lists... 95%Reading package lists... 95%Reading package lists... 95%Reading package lists... 95%Reading package lists... 95%Reading package lists... 95%Reading package lists... 95%Reading package lists... 95%Reading package lists... 95%Reading package lists... 96%Reading package lists... 96%Reading package lists... 96%Reading package lists... 96%Reading package lists... 97%Reading package lists... 97%Reading package lists... 98%Reading package lists... 98%Reading package lists... 98%Reading package lists... 98%Reading package lists... 98%Reading package lists... 98%Reading package lists... 98%Reading package lists... 98%Reading package lists... 98%Reading package lists... 98%Reading package lists... 98%Reading package lists... 98%Reading package lists... 98%Reading package lists... 98%Reading package lists... 98%Reading package lists... 98%Reading package lists... 98%Reading package lists... 98%Reading package lists... Done
Building dependency tree... 0%Building dependency tree... 0%Building dependency tree... 50%Building dependency tree... 50%Building dependency tree... 84%Building dependency tree       
Reading state information... 0%Reading state information... 0%Reading state information... Done
The following extra packages will be installed:
  libssl-dev
The following packages will be upgraded:
  libssl-dev libssl1.0.0
2 upgraded, 0 newly installed, 0 to remove and 262 not upgraded.
Need to get 2,634 kB of archives.
After this operation, 29.7 kB of additional disk space will be used.
0% [Working]            Get:1 http://us.archive.ubuntu.com/ubuntu/ precise-updates/main libssl-dev amd64 1.0.1-4ubuntu5.39 [1,580 kB]
            1% [1 libssl-dev 14.1 kB/1,580 kB 1%]                                     60% [Working]             Get:2 http://us.archive.ubuntu.com/ubuntu/ precise-updates/main libssl1.0.0 amd64 1.0.1-4ubuntu5.39 [1,054 kB]
             62% [2 libssl1.0.0 45.1 kB/1,054 kB 4%]                                       100% [Working]              Fetched 2,634 kB in 0s (18.6 MB/s)
Preconfiguring packages ...
(Reading database ... (Reading database ... 5%(Reading database ... 10%(Reading database ... 15%(Reading database ... 20%(Reading database ... 25%(Reading database ... 30%(Reading database ... 35%(Reading database ... 40%(Reading database ... 45%(Reading database ... 50%(Reading database ... 55%(Reading database ... 60%(Reading database ... 65%(Reading database ... 70%(Reading database ... 75%(Reading database ... 80%(Reading database ... 85%(Reading database ... 90%(Reading database ... 95%(Reading database ... 100%(Reading database ... 72430 files and directories currently installed.)
Preparing to replace libssl-dev 1.0.1-4ubuntu5.21 (using .../libssl-dev_1.0.1-4ubuntu5.39_amd64.deb) ...
Unpacking replacement libssl-dev ...
Preparing to replace libssl1.0.0 1.0.1-4ubuntu5.21 (using .../libssl1.0.0_1.0.1-4ubuntu5.39_amd64.deb) ...
Unpacking replacement libssl1.0.0 ...
Setting up libssl1.0.0 (1.0.1-4ubuntu5.39) ...
Setting up libssl-dev (1.0.1-4ubuntu5.39) ...
Processing triggers for libc-bin ...
ldconfig deferred processing now taking place
travis_fold:end:update_libssl1.0.0[0Ktravis_fold:start:git.checkout[0Ktravis_time:start:0134ba10[0K$ git clone --depth=50 --branch=encoding https://github.com/Unidata/netcdf4-python.git Unidata/netcdf4-python
Cloning into 'Unidata/netcdf4-python'...
remote: Counting objects: 958, done.[K
remote: Compressing objects:   0% (1/449)   [Kremote: Compressing objects:   1% (5/449)   [Kremote: Compressing objects:   2% (9/449)   [Kremote: Compressing objects:   3% (14/449)   [Kremote: Compressing objects:   4% (18/449)   [Kremote: Compressing objects:   5% (23/449)   [Kremote: Compressing objects:   6% (27/449)   [Kremote: Compressing objects:   7% (32/449)   [Kremote: Compressing objects:   8% (36/449)   [Kremote: Compressing objects:   9% (41/449)   [Kremote: Compressing objects:  10% (45/449)   [Kremote: Compressing objects:  11% (50/449)   [Kremote: Compressing objects:  12% (54/449)   [Kremote: Compressing objects:  13% (59/449)   [Kremote: Compressing objects:  14% (63/449)   [Kremote: Compressing objects:  15% (68/449)   [Kremote: Compressing objects:  16% (72/449)   [Kremote: Compressing objects:  17% (77/449)   [Kremote: Compressing objects:  18% (81/449)   [Kremote: Compressing objects:  19% (86/449)   [Kremote: Compressing objects:  20% (90/449)   [Kremote: Compressing objects:  21% (95/449)   [Kremote: Compressing objects:  22% (99/449)   [Kremote: Compressing objects:  23% (104/449)   [Kremote: Compressing objects:  24% (108/449)   [Kremote: Compressing objects:  25% (113/449)   [Kremote: Compressing objects:  26% (117/449)   [Kremote: Compressing objects:  27% (122/449)   [Kremote: Compressing objects:  28% (126/449)   [Kremote: Compressing objects:  29% (131/449)   [Kremote: Compressing objects:  30% (135/449)   [Kremote: Compressing objects:  31% (140/449)   [Kremote: Compressing objects:  31% (142/449)   [Kremote: Compressing objects:  32% (144/449)   [Kremote: Compressing objects:  32% (147/449)   [Kremote: Compressing objects:  33% (149/449)   [Kremote: Compressing objects:  34% (153/449)   [Kremote: Compressing objects:  35% (158/449)   [Kremote: Compressing objects:  36% (162/449)   [Kremote: Compressing objects:  37% (167/449)   [Kremote: Compressing objects:  38% (171/449)   [Kremote: Compressing objects:  39% (176/449)   [Kremote: Compressing objects:  40% (180/449)   [Kremote: Compressing objects:  41% (185/449)   [Kremote: Compressing objects:  42% (189/449)   [Kremote: Compressing objects:  43% (194/449)   [Kremote: Compressing objects:  44% (198/449)   [Kremote: Compressing objects:  45% (203/449)   [Kremote: Compressing objects:  46% (207/449)   [Kremote: Compressing objects:  47% (212/449)   [Kremote: Compressing objects:  48% (216/449)   [Kremote: Compressing objects:  49% (221/449)   [Kremote: Compressing objects:  50% (225/449)   [Kremote: Compressing objects:  51% (229/449)   [Kremote: Compressing objects:  52% (234/449)   [Kremote: Compressing objects:  53% (238/449)   [Kremote: Compressing objects:  54% (243/449)   [Kremote: Compressing objects:  55% (247/449)   [Kremote: Compressing objects:  56% (252/449)   [Kremote: Compressing objects:  57% (256/449)   [Kremote: Compressing objects:  58% (261/449)   [Kremote: Compressing objects:  59% (265/449)   [Kremote: Compressing objects:  60% (270/449)   [Kremote: Compressing objects:  61% (274/449)   [Kremote: Compressing objects:  62% (279/449)   [Kremote: Compressing objects:  63% (283/449)   [Kremote: Compressing objects:  64% (288/449)   [Kremote: Compressing objects:  65% (292/449)   [Kremote: Compressing objects:  66% (297/449)   [Kremote: Compressing objects:  67% (301/449)   [Kremote: Compressing objects:  68% (306/449)   [Kremote: Compressing objects:  69% (310/449)   [Kremote: Compressing objects:  70% (315/449)   [Kremote: Compressing objects:  71% (319/449)   [Kremote: Compressing objects:  72% (324/449)   [Kremote: Compressing objects:  73% (328/449)   [Kremote: Compressing objects:  74% (333/449)   [Kremote: Compressing objects:  75% (337/449)   [Kremote: Compressing objects:  76% (342/449)   [Kremote: Compressing objects:  77% (346/449)   [Kremote: Compressing objects:  78% (351/449)   [Kremote: Compressing objects:  79% (355/449)   [Kremote: Compressing objects:  80% (360/449)   [Kremote: Compressing objects:  81% (364/449)   [Kremote: Compressing objects:  82% (369/449)   [Kremote: Compressing objects:  83% (373/449)   [Kremote: Compressing objects:  84% (378/449)   [Kremote: Compressing objects:  85% (382/449)   [Kremote: Compressing objects:  86% (387/449)   [Kremote: Compressing objects:  87% (391/449)   [Kremote: Compressing objects:  88% (396/449)   [Kremote: Compressing objects:  89% (400/449)   [Kremote: Compressing objects:  90% (405/449)   [Kremote: Compressing objects:  91% (409/449)   [Kremote: Compressing objects:  92% (414/449)   [Kremote: Compressing objects:  93% (418/449)   [Kremote: Compressing objects:  94% (423/449)   [Kremote: Compressing objects:  95% (427/449)   [Kremote: Compressing objects:  96% (432/449)   [Kremote: Compressing objects:  97% (436/449)   [Kremote: Compressing objects:  98% (441/449)   [Kremote: Compressing objects:  99% (445/449)   [Kremote: Compressing objects: 100% (449/449)   [Kremote: Compressing objects: 100% (449/449), done.[K
Receiving objects:   0% (1/958)   Receiving objects:   1% (10/958)   Receiving objects:   2% (20/958)   Receiving objects:   3% (29/958)   Receiving objects:   4% (39/958)   Receiving objects:   5% (48/958)   Receiving objects:   6% (58/958)   Receiving objects:   7% (68/958)   Receiving objects:   8% (77/958)   Receiving objects:   9% (87/958)   Receiving objects:  10% (96/958)   Receiving objects:  11% (106/958)   Receiving objects:  12% (115/958)   Receiving objects:  13% (125/958)   Receiving objects:  14% (135/958)   Receiving objects:  15% (144/958)   Receiving objects:  16% (154/958)   Receiving objects:  17% (163/958)   Receiving objects:  18% (173/958)   Receiving objects:  19% (183/958)   Receiving objects:  20% (192/958)   Receiving objects:  21% (202/958)   Receiving objects:  22% (211/958)   Receiving objects:  23% (221/958)   Receiving objects:  24% (230/958)   Receiving objects:  25% (240/958)   Receiving objects:  26% (250/958)   Receiving objects:  27% (259/958)   Receiving objects:  28% (269/958)   Receiving objects:  29% (278/958)   Receiving objects:  30% (288/958)   Receiving objects:  31% (297/958)   Receiving objects:  32% (307/958)   Receiving objects:  33% (317/958)   Receiving objects:  34% (326/958)   Receiving objects:  35% (336/958)   Receiving objects:  36% (345/958)   Receiving objects:  37% (355/958)   Receiving objects:  38% (365/958)   Receiving objects:  39% (374/958)   Receiving objects:  40% (384/958)   Receiving objects:  41% (393/958)   Receiving objects:  42% (403/958)   Receiving objects:  43% (412/958)   Receiving objects:  44% (422/958)   Receiving objects:  45% (432/958)   Receiving objects:  46% (441/958)   Receiving objects:  47% (451/958)   Receiving objects:  48% (460/958)   Receiving objects:  49% (470/958)   Receiving objects:  50% (479/958)   Receiving objects:  51% (489/958)   Receiving objects:  52% (499/958)   Receiving objects:  53% (508/958)   Receiving objects:  54% (518/958)   Receiving objects:  55% (527/958)   Receiving objects:  56% (537/958)   Receiving objects:  57% (547/958)   Receiving objects:  58% (556/958)   Receiving objects:  59% (566/958)   Receiving objects:  60% (575/958)   Receiving objects:  61% (585/958)   Receiving objects:  62% (594/958), 11.47 MiB | 22.89 MiB/s   Receiving objects:  62% (594/958), 23.13 MiB | 23.08 MiB/s   Receiving objects:  62% (597/958), 45.79 MiB | 22.85 MiB/s   Receiving objects:  62% (600/958), 69.01 MiB | 22.96 MiB/s   Receiving objects:  62% (602/958), 92.51 MiB | 23.08 MiB/s   Receiving objects:  63% (604/958), 92.51 MiB | 23.08 MiB/s   Receiving objects:  63% (604/958), 115.26 MiB | 23.02 MiB/s   Receiving objects:  64% (614/958), 126.75 MiB | 22.98 MiB/s   Receiving objects:  65% (623/958), 126.75 MiB | 22.98 MiB/s   Receiving objects:  66% (633/958), 126.75 MiB | 22.98 MiB/s   Receiving objects:  67% (642/958), 126.75 MiB | 22.98 MiB/s   Receiving objects:  68% (652/958), 126.75 MiB | 22.98 MiB/s   Receiving objects:  69% (662/958), 126.75 MiB | 22.98 MiB/s   Receiving objects:  70% (671/958), 126.75 MiB | 22.98 MiB/s   Receiving objects:  71% (681/958), 126.75 MiB | 22.98 MiB/s   Receiving objects:  72% (690/958), 126.75 MiB | 22.98 MiB/s   Receiving objects:  73% (700/958), 126.75 MiB | 22.98 MiB/s   Receiving objects:  74% (709/958), 126.75 MiB | 22.98 MiB/s   Receiving objects:  75% (719/958), 126.75 MiB | 22.98 MiB/s   Receiving objects:  76% (729/958), 126.75 MiB | 22.98 MiB/s   Receiving objects:  77% (738/958), 126.75 MiB | 22.98 MiB/s   Receiving objects:  78% (748/958), 126.75 MiB | 22.98 MiB/s   Receiving objects:  79% (757/958), 126.75 MiB | 22.98 MiB/s   Receiving objects:  80% (767/958), 126.75 MiB | 22.98 MiB/s   Receiving objects:  81% (776/958), 126.75 MiB | 22.98 MiB/s   Receiving objects:  82% (786/958), 126.75 MiB | 22.98 MiB/s   Receiving objects:  83% (796/958), 126.75 MiB | 22.98 MiB/s   Receiving objects:  84% (805/958), 126.75 MiB | 22.98 MiB/s   Receiving objects:  85% (815/958), 126.75 MiB | 22.98 MiB/s   Receiving objects:  86% (824/958), 126.75 MiB | 22.98 MiB/s   Receiving objects:  87% (834/958), 126.75 MiB | 22.98 MiB/s   Receiving objects:  88% (844/958), 126.75 MiB | 22.98 MiB/s   Receiving objects:  89% (853/958), 126.75 MiB | 22.98 MiB/s   Receiving objects:  90% (863/958), 126.75 MiB | 22.98 MiB/s   Receiving objects:  91% (872/958), 126.75 MiB | 22.98 MiB/s   Receiving objects:  92% (882/958), 126.75 MiB | 22.98 MiB/s   Receiving objects:  93% (891/958), 126.75 MiB | 22.98 MiB/s   Receiving objects:  94% (901/958), 126.75 MiB | 22.98 MiB/s   Receiving objects:  95% (911/958), 126.75 MiB | 22.98 MiB/s   Receiving objects:  96% (920/958), 126.75 MiB | 22.98 MiB/s   Receiving objects:  97% (930/958), 126.75 MiB | 22.98 MiB/s   remote: Total 958 (delta 553), reused 830 (delta 484), pack-reused 0[K
Receiving objects:  98% (939/958), 126.75 MiB | 22.98 MiB/s   Receiving objects:  99% (949/958), 126.75 MiB | 22.98 MiB/s   Receiving objects: 100% (958/958), 126.75 MiB | 22.98 MiB/s   Receiving objects: 100% (958/958), 135.95 MiB | 23.01 MiB/s, done.
Resolving deltas:   0% (0/553)   Resolving deltas:   1% (7/553)   Resolving deltas:   2% (14/553)   Resolving deltas:   3% (18/553)   Resolving deltas:   4% (24/553)   Resolving deltas:   5% (29/553)   Resolving deltas:   8% (47/553)   Resolving deltas:   9% (53/553)   Resolving deltas:  10% (60/553)   Resolving deltas:  11% (62/553)   Resolving deltas:  12% (69/553)   Resolving deltas:  13% (73/553)   Resolving deltas:  16% (93/553)   Resolving deltas:  17% (98/553)   Resolving deltas:  18% (100/553)   Resolving deltas:  19% (106/553)   Resolving deltas:  20% (113/553)   Resolving deltas:  21% (117/553)   Resolving deltas:  25% (142/553)   Resolving deltas:  26% (148/553)   Resolving deltas:  29% (162/553)   Resolving deltas:  55% (309/553)   Resolving deltas:  56% (311/553)   Resolving deltas:  57% (317/553)   Resolving deltas:  62% (347/553)   Resolving deltas:  64% (358/553)   Resolving deltas:  65% (361/553)   Resolving deltas:  79% (437/553)   Resolving deltas:  81% (448/553)   Resolving deltas:  82% (457/553)   Resolving deltas:  83% (462/553)   Resolving deltas:  84% (465/553)   Resolving deltas:  85% (473/553)   Resolving deltas:  86% (480/553)   Resolving deltas:  88% (489/553)   Resolving deltas:  89% (493/553)   Resolving deltas:  90% (502/553)   Resolving deltas:  91% (505/553)   Resolving deltas: 100% (553/553)   Resolving deltas: 100% (553/553), done.
Checking connectivity... done.

travis_time:end:0134ba10:start=1494961015740257311,finish=1494961026641505803,duration=10901248492[0K$ cd Unidata/netcdf4-python
$ git checkout -qf ae1beedee0461b53b516efcbb4c2e07a7d414d96
travis_fold:end:git.checkout[0Ktravis_fold:start:apt[0K[33;1mInstalling APT Packages (BETA)[0m
$ export DEBIAN_FRONTEND=noninteractive
travis_time:start:0f941ea4[0K$ sudo -E apt-get -yq update &>> ~/apt-get-update.log

travis_time:end:0f941ea4:start=1494961027393523123,finish=1494961032080329532,duration=4686806409[0Ktravis_time:start:0c20ceb0[0K$ sudo -E apt-get -yq --no-install-suggests --no-install-recommends --force-yes install libhdf5-serial-dev netcdf-bin libnetcdf-dev
Reading package lists...
Building dependency tree...
Reading state information...
Suggested packages:
  libhdf5-doc netcdf-doc
The following NEW packages will be installed:
  libhdf5-serial-dev libnetcdf-dev netcdf-bin
0 upgraded, 3 newly installed, 0 to remove and 262 not upgraded.
Need to get 3,107 kB of archives.
After this operation, 20.4 MB of additional disk space will be used.
Get:1 http://us.archive.ubuntu.com/ubuntu/ precise/universe libhdf5-serial-dev amd64 1.8.4-patch1-3ubuntu2 [2,278 kB]
Get:2 http://us.archive.ubuntu.com/ubuntu/ precise/universe libnetcdf-dev amd64 1:4.1.1-6 [644 kB]
Get:3 http://us.archive.ubuntu.com/ubuntu/ precise/universe netcdf-bin amd64 1:4.1.1-6 [185 kB]
Fetched 3,107 kB in 0s (17.6 MB/s)
Selecting previously unselected package libhdf5-serial-dev.
(Reading database ... (Reading database ... 5%(Reading database ... 10%(Reading database ... 15%(Reading database ... 20%(Reading database ... 25%(Reading database ... 30%(Reading database ... 35%(Reading database ... 40%(Reading database ... 45%(Reading database ... 50%(Reading database ... 55%(Reading database ... 60%(Reading database ... 65%(Reading database ... 70%(Reading database ... 75%(Reading database ... 80%(Reading database ... 85%(Reading database ... 90%(Reading database ... 95%(Reading database ... 100%(Reading database ... 72430 files and directories currently installed.)
Unpacking libhdf5-serial-dev (from .../libhdf5-serial-dev_1.8.4-patch1-3ubuntu2_amd64.deb) ...
Selecting previously unselected package libnetcdf-dev.
Unpacking libnetcdf-dev (from .../libnetcdf-dev_1%3a4.1.1-6_amd64.deb) ...
Selecting previously unselected package netcdf-bin.
Unpacking netcdf-bin (from .../netcdf-bin_1%3a4.1.1-6_amd64.deb) ...
Processing triggers for man-db ...
Setting up libhdf5-serial-dev (1.8.4-patch1-3ubuntu2) ...
Setting up libnetcdf-dev (1:4.1.1-6) ...
Setting up netcdf-bin (1:4.1.1-6) ...

travis_time:end:0c20ceb0:start=1494961032084890152,finish=1494961040075798972,duration=7990908820[0Ktravis_fold:end:apt[0K
[33;1mSetting environment variables from .travis.yml[0m
$ export DEPENDS="numpy cython"
$ export NO_NET=1
$ export DEPENDS="numpy ordereddict"

travis_time:start:030a527d[0K$ source ~/virtualenv/python2.7/bin/activate

travis_time:end:030a527d:start=1494961044367647894,finish=1494961044372181026,duration=4533132[0K$ python --version
Python 2.7.9
$ pip --version
pip 6.0.7 from /home/travis/virtualenv/python2.7.9/lib/python2.7/site-packages (python 2.7)
travis_fold:start:before_install[0Ktravis_time:start:10c5fde4[0K$ pip install $DEPENDS
Requirement already satisfied (use --upgrade to upgrade): numpy in /home/travis/virtualenv/python2.7.9/lib/python2.7/site-packages
Collecting ordereddict
  Downloading ordereddict-1.1.tar.gz
Installing collected packages: ordereddict
  Running setup.py install for ordereddict
Successfully installed ordereddict-1.1

travis_time:end:10c5fde4:start=1494961044918946720,finish=1494961046059554901,duration=1140608181[0Ktravis_fold:end:before_install[0Ktravis_fold:start:install.1[0Ktravis_time:start:04a80deb[0K$ python setup.py build
reading from setup.cfg...
Package hdf5 was not found in the pkg-config search path.
Perhaps you should add the directory containing `hdf5.pc'
to the PKG_CONFIG_PATH environment variable
No package 'hdf5' found
using nc-config ...
using netcdf library version 4.1.1
running build
running build_py
creating build
creating build/lib.linux-x86_64-2.7
creating build/lib.linux-x86_64-2.7/netcdftime
copying netcdftime/__init__.py -> build/lib.linux-x86_64-2.7/netcdftime
creating build/lib.linux-x86_64-2.7/netCDF4
copying netCDF4/__init__.py -> build/lib.linux-x86_64-2.7/netCDF4
copying netCDF4/utils.py -> build/lib.linux-x86_64-2.7/netCDF4
running build_ext
building 'netCDF4._netCDF4' extension
creating build/temp.linux-x86_64-2.7
creating build/temp.linux-x86_64-2.7/netCDF4
gcc -pthread -fno-strict-aliasing -g -fstack-protector --param=ssp-buffer-size=4 -Wformat -Werror=format-security -DNDEBUG -g -fwrapv -O3 -Wall -Wstrict-prototypes -fPIC -I/usr/include -I/home/travis/virtualenv/python2.7.9/lib/python2.7/site-packages/numpy/core/include -I/opt/python/2.7.9/include/python2.7 -c netCDF4/_netCDF4.c -o build/temp.linux-x86_64-2.7/netCDF4/_netCDF4.o
In file included from /home/travis/virtualenv/python2.7.9/lib/python2.7/site-packages/numpy/core/include/numpy/ndarraytypes.h:1804:0,
                 from /home/travis/virtualenv/python2.7.9/lib/python2.7/site-packages/numpy/core/include/numpy/ndarrayobject.h:17,
                 from /home/travis/virtualenv/python2.7.9/lib/python2.7/site-packages/numpy/core/include/numpy/arrayobject.h:4,
                 from netCDF4/_netCDF4.c:437:
/home/travis/virtualenv/python2.7.9/lib/python2.7/site-packages/numpy/core/include/numpy/npy_1_7_deprecated_api.h:15:2: warning: #warning "Using deprecated NumPy API, disable it by " "#defining NPY_NO_DEPRECATED_API NPY_1_7_API_VERSION" [-Wcpp]
netCDF4/_netCDF4.c: In function â€˜__pyx_f_7netCDF4_8_netCDF4__set_attâ€™:
netCDF4/_netCDF4.c:7020:9: warning: passing argument 5 of â€˜nc_put_att_stringâ€™ from incompatible pointer type [enabled by default]
/usr/include/netcdf.h:956:1: note: expected â€˜const char **â€™ but argument is of type â€˜char **â€™
netCDF4/_netCDF4.c:7448:13: warning: passing argument 5 of â€˜nc_put_att_stringâ€™ from incompatible pointer type [enabled by default]
/usr/include/netcdf.h:956:1: note: expected â€˜const char **â€™ but argument is of type â€˜char **â€™
netCDF4/_netCDF4.c: In function â€˜__pyx_f_7netCDF4_8_netCDF4__get_typesâ€™:
netCDF4/_netCDF4.c:8181:21: warning: â€˜__pyx_v_typeidsâ€™ may be used uninitialized in this function [-Wuninitialized]
netCDF4/_netCDF4.c: In function â€˜__pyx_pw_7netCDF4_8_netCDF4_8Variable_1__init__â€™:
netCDF4/_netCDF4.c:29086:20: warning: â€˜__pyx_v_dimidsâ€™ may be used uninitialized in this function [-Wuninitialized]
netCDF4/_netCDF4.c:27617:8: note: â€˜__pyx_v_dimidsâ€™ was declared here
gcc -pthread -shared -L/opt/python/2.7.9/lib -Wl,-rpath=/opt/python/2.7.9/lib build/temp.linux-x86_64-2.7/netCDF4/_netCDF4.o -L/usr/lib -L/opt/python/2.7.9/lib -Wl,-R/usr/lib -lnetcdf -lpython2.7 -o build/lib.linux-x86_64-2.7/netCDF4/_netCDF4.so
building 'netcdftime._netcdftime' extension
creating build/temp.linux-x86_64-2.7/netcdftime
gcc -pthread -fno-strict-aliasing -g -fstack-protector --param=ssp-buffer-size=4 -Wformat -Werror=format-security -DNDEBUG -g -fwrapv -O3 -Wall -Wstrict-prototypes -fPIC -I/opt/python/2.7.9/include/python2.7 -c netcdftime/_netcdftime.c -o build/temp.linux-x86_64-2.7/netcdftime/_netcdftime.o
gcc -pthread -shared -L/opt/python/2.7.9/lib -Wl,-rpath=/opt/python/2.7.9/lib build/temp.linux-x86_64-2.7/netcdftime/_netcdftime.o -L/opt/python/2.7.9/lib -lpython2.7 -o build/lib.linux-x86_64-2.7/netcdftime/_netcdftime.so

travis_time:end:04a80deb:start=1494961046064527964,finish=1494961105054133992,duration=58989606028[0Ktravis_fold:end:install.1[0Ktravis_fold:start:install.2[0Ktravis_time:start:14439890[0K$ python setup.py install
reading from setup.cfg...
Package hdf5 was not found in the pkg-config search path.
Perhaps you should add the directory containing `hdf5.pc'
to the PKG_CONFIG_PATH environment variable
No package 'hdf5' found
using nc-config ...
using netcdf library version 4.1.1
running install
running bdist_egg
running egg_info
creating netCDF4.egg-info
writing requirements to netCDF4.egg-info/requires.txt
writing netCDF4.egg-info/PKG-INFO
writing top-level names to netCDF4.egg-info/top_level.txt
writing dependency_links to netCDF4.egg-info/dependency_links.txt
writing entry points to netCDF4.egg-info/entry_points.txt
writing manifest file 'netCDF4.egg-info/SOURCES.txt'
reading manifest file 'netCDF4.egg-info/SOURCES.txt'
reading manifest template 'MANIFEST.in'
warning: manifest_maker: MANIFEST.in, line 4: 'recursive-include' expects <dir> <pattern1> <pattern2> ...

writing manifest file 'netCDF4.egg-info/SOURCES.txt'
installing library code to build/bdist.linux-x86_64/egg
running install_lib
running build_py
running build_ext
creating build/bdist.linux-x86_64
creating build/bdist.linux-x86_64/egg
creating build/bdist.linux-x86_64/egg/netcdftime
copying build/lib.linux-x86_64-2.7/netcdftime/__init__.py -> build/bdist.linux-x86_64/egg/netcdftime
copying build/lib.linux-x86_64-2.7/netcdftime/_netcdftime.so -> build/bdist.linux-x86_64/egg/netcdftime
creating build/bdist.linux-x86_64/egg/netCDF4
copying build/lib.linux-x86_64-2.7/netCDF4/__init__.py -> build/bdist.linux-x86_64/egg/netCDF4
copying build/lib.linux-x86_64-2.7/netCDF4/utils.py -> build/bdist.linux-x86_64/egg/netCDF4
copying build/lib.linux-x86_64-2.7/netCDF4/_netCDF4.so -> build/bdist.linux-x86_64/egg/netCDF4
byte-compiling build/bdist.linux-x86_64/egg/netcdftime/__init__.py to __init__.pyc
byte-compiling build/bdist.linux-x86_64/egg/netCDF4/__init__.py to __init__.pyc
byte-compiling build/bdist.linux-x86_64/egg/netCDF4/utils.py to utils.pyc
creating stub loader for netCDF4/_netCDF4.so
creating stub loader for netcdftime/_netcdftime.so
byte-compiling build/bdist.linux-x86_64/egg/netCDF4/_netCDF4.py to _netCDF4.pyc
byte-compiling build/bdist.linux-x86_64/egg/netcdftime/_netcdftime.py to _netcdftime.pyc
creating build/bdist.linux-x86_64/egg/EGG-INFO
copying netCDF4.egg-info/PKG-INFO -> build/bdist.linux-x86_64/egg/EGG-INFO
copying netCDF4.egg-info/SOURCES.txt -> build/bdist.linux-x86_64/egg/EGG-INFO
copying netCDF4.egg-info/dependency_links.txt -> build/bdist.linux-x86_64/egg/EGG-INFO
copying netCDF4.egg-info/entry_points.txt -> build/bdist.linux-x86_64/egg/EGG-INFO
copying netCDF4.egg-info/requires.txt -> build/bdist.linux-x86_64/egg/EGG-INFO
copying netCDF4.egg-info/top_level.txt -> build/bdist.linux-x86_64/egg/EGG-INFO
writing build/bdist.linux-x86_64/egg/EGG-INFO/native_libs.txt
zip_safe flag not set; analyzing archive contents...
creating dist
creating 'dist/netCDF4-1.2.8-py2.7-linux-x86_64.egg' and adding 'build/bdist.linux-x86_64/egg' to it
removing 'build/bdist.linux-x86_64/egg' (and everything under it)
Processing netCDF4-1.2.8-py2.7-linux-x86_64.egg
Copying netCDF4-1.2.8-py2.7-linux-x86_64.egg to /home/travis/virtualenv/python2.7.9/lib/python2.7/site-packages
Adding netCDF4 1.2.8 to easy-install.pth file
Installing ncinfo script to /home/travis/virtualenv/python2.7.9/bin
Installing nc4tonc3 script to /home/travis/virtualenv/python2.7.9/bin
Installing nc3tonc4 script to /home/travis/virtualenv/python2.7.9/bin

Installed /home/travis/virtualenv/python2.7.9/lib/python2.7/site-packages/netCDF4-1.2.8-py2.7-linux-x86_64.egg
Processing dependencies for netCDF4==1.2.8
Searching for numpy==1.9.1
Best match: numpy 1.9.1
Adding numpy 1.9.1 to easy-install.pth file

Using /home/travis/virtualenv/python2.7.9/lib/python2.7/site-packages
Finished processing dependencies for netCDF4==1.2.8

travis_time:end:14439890:start=1494961105059463911,finish=1494961105686234359,duration=626770448[0Ktravis_fold:end:install.2[0Ktravis_time:start:14128d12[0K$ cd test

travis_time:end:14128d12:start=1494961105691900210,finish=1494961105696039398,duration=4139188[0K
[32;1mThe command "cd test" exited with 0.[0m
travis_time:start:21cf5b3e[0K$ python run_all.py
not running tst_unicode3.py ...
not running tst_diskless.py ...
not running tst_filepath.py ...
not running tst_cdf5.py ...
not running tst_dap.py ...

netcdf4-python version: 1.2.8
HDF5 lib version:       1.8.4-patch1
netcdf lib version:     4.1.1
numpy version           1.9.1
.....................................................................................EEEs
======================================================================
ERROR: runTest (tst_vlen.TestObjectArrayIndexing)
testing vlen variables
----------------------------------------------------------------------
Traceback (most recent call last):
  File "/home/travis/build/Unidata/netcdf4-python/test/tst_vlen.py", line 118, in setUp
    strings_alt[:] = datas.astype(str)
  File "netCDF4/_netCDF4.pyx", line 4059, in netCDF4._netCDF4.Variable.__setitem__ (netCDF4/_netCDF4.c:43571)
AttributeError: type object 'str' has no attribute 'kind'

======================================================================
ERROR: runTest (tst_vlen.TestScalarVlenString)
----------------------------------------------------------------------
Traceback (most recent call last):
  File "/home/travis/build/Unidata/netcdf4-python/test/tst_vlen.py", line 98, in runTest
    f = Dataset(FILE_NAME, 'w', format='NETCDF4')
  File "netCDF4/_netCDF4.pyx", line 1875, in netCDF4._netCDF4.Dataset.__init__ (netCDF4/_netCDF4.c:13431)
  File "netCDF4/_netCDF4.pyx", line 1581, in netCDF4._netCDF4._ensure_nc_success (netCDF4/_netCDF4.c:12254)
IOError: Can't add HDF5 file metadata

======================================================================
ERROR: runTest (tst_vlen.VariablesTestCase)
testing vlen variables
----------------------------------------------------------------------
Traceback (most recent call last):
  File "/home/travis/build/Unidata/netcdf4-python/test/tst_vlen.py", line 35, in setUp
    f = Dataset(self.file,'w')
  File "netCDF4/_netCDF4.pyx", line 1875, in netCDF4._netCDF4.Dataset.__init__ (netCDF4/_netCDF4.c:13431)
  File "netCDF4/_netCDF4.pyx", line 1581, in netCDF4._netCDF4._ensure_nc_success (netCDF4/_netCDF4.c:12254)
IOError: Can't add HDF5 file metadata

----------------------------------------------------------------------
Ran 89 tests in 30.388s

FAILED (errors=3, skipped=1)

travis_time:end:21cf5b3e:start=1494961105700895031,finish=1494961136598803563,duration=30897908532[0K
[31;1mThe command "python run_all.py" exited with 1.[0m

Done. Your build exited with 1.
