Using worker: worker-linux-docker-4c597263.prod.travis-ci.org:travis-linux-4

travis_fold:start:system_info[0K[33;1mBuild system information[0m
Build language: python
[34m[1mBuild image provisioning date and time[0m
Thu Feb  5 15:09:33 UTC 2015
[34m[1mOperating System Details[0m
Distributor ID:	Ubuntu
Description:	Ubuntu 12.04.5 LTS
Release:	12.04
Codename:	precise
[34m[1mLinux Version[0m
3.13.0-29-generic
[34m[1mCookbooks Version[0m
a68419e https://github.com/travis-ci/travis-cookbooks/tree/a68419e
[34m[1mGCC version[0m
gcc (Ubuntu/Linaro 4.6.3-1ubuntu5) 4.6.3
Copyright (C) 2011 Free Software Foundation, Inc.
This is free software; see the source for copying conditions.  There is NO
warranty; not even for MERCHANTABILITY or FITNESS FOR A PARTICULAR PURPOSE.

[34m[1mLLVM version[0m
clang version 3.4 (tags/RELEASE_34/final)
Target: x86_64-unknown-linux-gnu
Thread model: posix
[34m[1mPre-installed Ruby versions[0m
ruby-1.9.3-p551
[34m[1mPre-installed Node.js versions[0m
v0.10.36
[34m[1mPre-installed Go versions[0m
1.4.1
[34m[1mRedis version[0m
redis-server 2.8.19
[34m[1mriak version[0m
2.0.2
[34m[1mMongoDB version[0m
MongoDB 2.4.12
[34m[1mCouchDB version[0m
couchdb 1.6.1
[34m[1mNeo4j version[0m
1.9.4
[34m[1mRabbitMQ Version[0m
3.4.3
[34m[1mElasticSearch version[0m
1.4.0
[34m[1mInstalled Sphinx versions[0m
2.0.10
2.1.9
2.2.6
[34m[1mDefault Sphinx version[0m
2.2.6
[34m[1mInstalled Firefox version[0m
firefox 31.0esr
[34m[1mPhantomJS version[0m
1.9.8
[34m[1mant -version[0m
Apache Ant(TM) version 1.8.2 compiled on December 3 2011
[34m[1mmvn -version[0m
Apache Maven 3.2.5 (12a6b3acb947671f09b81f49094c53f426d8cea1; 2014-12-14T17:29:23+00:00)
Maven home: /usr/local/maven
Java version: 1.7.0_76, vendor: Oracle Corporation
Java home: /usr/lib/jvm/java-7-oracle/jre
Default locale: en_US, platform encoding: ANSI_X3.4-1968
OS name: "linux", version: "3.13.0-29-generic", arch: "amd64", family: "unix"
travis_fold:end:system_info[0K
travis_fold:start:git.checkout[0Ktravis_time:start:012d8ab9[0K$ git clone --depth=50 --branch=master git://github.com/web2py/web2py.git web2py/web2py
Cloning into 'web2py/web2py'...
remote: Counting objects: 3453, done.[K
remote: Compressing objects:   0% (1/2348)   [Kremote: Compressing objects:   1% (24/2348)   [Kremote: Compressing objects:   2% (47/2348)   [Kremote: Compressing objects:   3% (71/2348)   [Kremote: Compressing objects:   4% (94/2348)   [Kremote: Compressing objects:   5% (118/2348)   [Kremote: Compressing objects:   6% (141/2348)   [Kremote: Compressing objects:   7% (165/2348)   [Kremote: Compressing objects:   8% (188/2348)   [Kremote: Compressing objects:   9% (212/2348)   [Kremote: Compressing objects:  10% (235/2348)   [Kremote: Compressing objects:  11% (259/2348)   [Kremote: Compressing objects:  12% (282/2348)   [Kremote: Compressing objects:  13% (306/2348)   [Kremote: Compressing objects:  14% (329/2348)   [Kremote: Compressing objects:  15% (353/2348)   [Kremote: Compressing objects:  16% (376/2348)   [Kremote: Compressing objects:  17% (400/2348)   [Kremote: Compressing objects:  18% (423/2348)   [Kremote: Compressing objects:  19% (447/2348)   [Kremote: Compressing objects:  20% (470/2348)   [Kremote: Compressing objects:  21% (494/2348)   [Kremote: Compressing objects:  22% (517/2348)   [Kremote: Compressing objects:  23% (541/2348)   [Kremote: Compressing objects:  24% (564/2348)   [Kremote: Compressing objects:  25% (587/2348)   [Kremote: Compressing objects:  26% (611/2348)   [Kremote: Compressing objects:  27% (634/2348)   [Kremote: Compressing objects:  28% (658/2348)   [Kremote: Compressing objects:  29% (681/2348)   [Kremote: Compressing objects:  30% (705/2348)   [Kremote: Compressing objects:  31% (728/2348)   [Kremote: Compressing objects:  32% (752/2348)   [Kremote: Compressing objects:  33% (775/2348)   [Kremote: Compressing objects:  34% (799/2348)   [Kremote: Compressing objects:  35% (822/2348)   [Kremote: Compressing objects:  36% (846/2348)   [Kremote: Compressing objects:  37% (869/2348)   [Kremote: Compressing objects:  38% (893/2348)   [Kremote: Compressing objects:  39% (916/2348)   [Kremote: Compressing objects:  40% (940/2348)   [Kremote: Compressing objects:  41% (963/2348)   [Kremote: Compressing objects:  42% (987/2348)   [Kremote: Compressing objects:  43% (1010/2348)   [Kremote: Compressing objects:  44% (1034/2348)   [Kremote: Compressing objects:  45% (1057/2348)   [Kremote: Compressing objects:  46% (1081/2348)   [Kremote: Compressing objects:  47% (1104/2348)   [Kremote: Compressing objects:  48% (1128/2348)   [Kremote: Compressing objects:  49% (1151/2348)   [Kremote: Compressing objects:  50% (1174/2348)   [Kremote: Compressing objects:  51% (1198/2348)   [Kremote: Compressing objects:  52% (1221/2348)   [Kremote: Compressing objects:  53% (1245/2348)   [Kremote: Compressing objects:  54% (1268/2348)   [Kremote: Compressing objects:  55% (1292/2348)   [Kremote: Compressing objects:  56% (1315/2348)   [Kremote: Compressing objects:  57% (1339/2348)   [Kremote: Compressing objects:  58% (1362/2348)   [Kremote: Compressing objects:  59% (1386/2348)   [Kremote: Compressing objects:  60% (1409/2348)   [Kremote: Compressing objects:  61% (1433/2348)   [Kremote: Compressing objects:  62% (1456/2348)   [Kremote: Compressing objects:  63% (1480/2348)   [Kremote: Compressing objects:  64% (1503/2348)   [Kremote: Compressing objects:  65% (1527/2348)   [Kremote: Compressing objects:  66% (1550/2348)   [Kremote: Compressing objects:  67% (1574/2348)   [Kremote: Compressing objects:  68% (1597/2348)   [Kremote: Compressing objects:  69% (1621/2348)   [Kremote: Compressing objects:  70% (1644/2348)   [Kremote: Compressing objects:  71% (1668/2348)   [Kremote: Compressing objects:  72% (1691/2348)   [Kremote: Compressing objects:  73% (1715/2348)   [Kremote: Compressing objects:  74% (1738/2348)   [Kremote: Compressing objects:  75% (1761/2348)   [Kremote: Compressing objects:  76% (1785/2348)   [Kremote: Compressing objects:  77% (1808/2348)   [Kremote: Compressing objects:  78% (1832/2348)   [Kremote: Compressing objects:  79% (1855/2348)   [Kremote: Compressing objects:  80% (1879/2348)   [Kremote: Compressing objects:  81% (1902/2348)   [Kremote: Compressing objects:  82% (1926/2348)   [Kremote: Compressing objects:  83% (1949/2348)   [Kremote: Compressing objects:  84% (1973/2348)   [Kremote: Compressing objects:  85% (1996/2348)   [Kremote: Compressing objects:  86% (2020/2348)   [Kremote: Compressing objects:  87% (2043/2348)   [Kremote: Compressing objects:  88% (2067/2348)   [Kremote: Compressing objects:  89% (2090/2348)   [Kremote: Compressing objects:  90% (2114/2348)   [Kremote: Compressing objects:  91% (2137/2348)   [Kremote: Compressing objects:  92% (2161/2348)   [Kremote: Compressing objects:  93% (2184/2348)   [Kremote: Compressing objects:  94% (2208/2348)   [Kremote: Compressing objects:  95% (2231/2348)   [Kremote: Compressing objects:  96% (2255/2348)   [Kremote: Compressing objects:  97% (2278/2348)   [Kremote: Compressing objects:  98% (2302/2348)   [Kremote: Compressing objects:  99% (2325/2348)   [Kremote: Compressing objects: 100% (2348/2348)   [Kremote: Compressing objects: 100% (2348/2348), done.[K
Receiving objects:   0% (1/3453)   Receiving objects:   1% (35/3453)   Receiving objects:   2% (70/3453)   Receiving objects:   3% (104/3453)   Receiving objects:   4% (139/3453)   Receiving objects:   5% (173/3453)   Receiving objects:   6% (208/3453)   Receiving objects:   7% (242/3453)   Receiving objects:   8% (277/3453)   Receiving objects:   9% (311/3453)   Receiving objects:  10% (346/3453)   Receiving objects:  11% (380/3453)   Receiving objects:  12% (415/3453)   Receiving objects:  13% (449/3453)   Receiving objects:  14% (484/3453)   Receiving objects:  15% (518/3453)   Receiving objects:  16% (553/3453)   Receiving objects:  17% (588/3453)   Receiving objects:  18% (622/3453)   Receiving objects:  19% (657/3453)   Receiving objects:  20% (691/3453)   Receiving objects:  21% (726/3453)   Receiving objects:  22% (760/3453)   Receiving objects:  23% (795/3453)   Receiving objects:  24% (829/3453)   Receiving objects:  25% (864/3453)   Receiving objects:  26% (898/3453)   Receiving objects:  27% (933/3453)   Receiving objects:  28% (967/3453)   Receiving objects:  29% (1002/3453)   Receiving objects:  30% (1036/3453)   Receiving objects:  31% (1071/3453)   Receiving objects:  32% (1105/3453)   Receiving objects:  33% (1140/3453)   Receiving objects:  34% (1175/3453)   Receiving objects:  35% (1209/3453)   Receiving objects:  36% (1244/3453)   Receiving objects:  37% (1278/3453)   Receiving objects:  38% (1313/3453)   Receiving objects:  39% (1347/3453)   Receiving objects:  40% (1382/3453)   Receiving objects:  41% (1416/3453)   Receiving objects:  42% (1451/3453)   Receiving objects:  43% (1485/3453)   Receiving objects:  44% (1520/3453)   Receiving objects:  45% (1554/3453)   Receiving objects:  46% (1589/3453)   Receiving objects:  47% (1623/3453)   Receiving objects:  48% (1658/3453)   Receiving objects:  49% (1692/3453)   Receiving objects:  50% (1727/3453)   Receiving objects:  51% (1762/3453)   Receiving objects:  52% (1796/3453)   Receiving objects:  53% (1831/3453)   Receiving objects:  54% (1865/3453)   Receiving objects:  55% (1900/3453)   Receiving objects:  56% (1934/3453)   Receiving objects:  57% (1969/3453)   Receiving objects:  58% (2003/3453)   Receiving objects:  59% (2038/3453)   Receiving objects:  60% (2072/3453)   Receiving objects:  61% (2107/3453)   Receiving objects:  62% (2141/3453)   Receiving objects:  63% (2176/3453)   Receiving objects:  64% (2210/3453)   Receiving objects:  65% (2245/3453)   Receiving objects:  66% (2279/3453)   Receiving objects:  67% (2314/3453)   Receiving objects:  68% (2349/3453)   Receiving objects:  69% (2383/3453)   Receiving objects:  70% (2418/3453)   Receiving objects:  71% (2452/3453)   Receiving objects:  72% (2487/3453)   Receiving objects:  73% (2521/3453)   Receiving objects:  74% (2556/3453)   Receiving objects:  75% (2590/3453)   Receiving objects:  76% (2625/3453)   Receiving objects:  77% (2659/3453)   Receiving objects:  78% (2694/3453)   Receiving objects:  79% (2728/3453)   Receiving objects:  80% (2763/3453)   Receiving objects:  81% (2797/3453)   Receiving objects:  82% (2832/3453)   Receiving objects:  83% (2866/3453)   Receiving objects:  84% (2901/3453)   Receiving objects:  85% (2936/3453)   Receiving objects:  86% (2970/3453)   Receiving objects:  87% (3005/3453)   Receiving objects:  88% (3039/3453)   Receiving objects:  89% (3074/3453)   Receiving objects:  90% (3108/3453)   Receiving objects:  91% (3143/3453)   Receiving objects:  92% (3177/3453)   Receiving objects:  93% (3212/3453)   Receiving objects:  94% (3246/3453)   Receiving objects:  95% (3281/3453)   Receiving objects:  96% (3315/3453)   Receiving objects:  97% (3350/3453)   remote: Total 3453 (delta 1748), reused 2313 (delta 1029), pack-reused 0[K
Receiving objects:  98% (3384/3453)   Receiving objects:  99% (3419/3453)   Receiving objects: 100% (3453/3453)   Receiving objects: 100% (3453/3453), 7.84 MiB | 0 bytes/s, done.
Resolving deltas:   0% (0/1748)   Resolving deltas:  10% (184/1748)   Resolving deltas:  11% (194/1748)   Resolving deltas:  12% (217/1748)   Resolving deltas:  13% (243/1748)   Resolving deltas:  14% (245/1748)   Resolving deltas:  15% (265/1748)   Resolving deltas:  16% (291/1748)   Resolving deltas:  17% (304/1748)   Resolving deltas:  18% (321/1748)   Resolving deltas:  19% (333/1748)   Resolving deltas:  25% (446/1748)   Resolving deltas:  26% (457/1748)   Resolving deltas:  28% (492/1748)   Resolving deltas:  29% (516/1748)   Resolving deltas:  30% (526/1748)   Resolving deltas:  31% (547/1748)   Resolving deltas:  32% (561/1748)   Resolving deltas:  33% (577/1748)   Resolving deltas:  41% (725/1748)   Resolving deltas:  42% (735/1748)   Resolving deltas:  43% (765/1748)   Resolving deltas:  44% (770/1748)   Resolving deltas:  45% (804/1748)   Resolving deltas:  46% (805/1748)   Resolving deltas:  49% (863/1748)   Resolving deltas:  50% (876/1748)   Resolving deltas:  52% (911/1748)   Resolving deltas:  53% (931/1748)   Resolving deltas:  54% (947/1748)   Resolving deltas:  55% (962/1748)   Resolving deltas:  56% (980/1748)   Resolving deltas:  57% (997/1748)   Resolving deltas:  58% (1014/1748)   Resolving deltas:  59% (1032/1748)   Resolving deltas:  60% (1050/1748)   Resolving deltas:  61% (1068/1748)   Resolving deltas:  62% (1084/1748)   Resolving deltas:  63% (1102/1748)   Resolving deltas:  64% (1121/1748)   Resolving deltas:  65% (1141/1748)   Resolving deltas:  66% (1154/1748)   Resolving deltas:  67% (1174/1748)   Resolving deltas:  68% (1192/1748)   Resolving deltas:  69% (1207/1748)   Resolving deltas:  70% (1224/1748)   Resolving deltas:  71% (1242/1748)   Resolving deltas:  72% (1259/1748)   Resolving deltas:  73% (1278/1748)   Resolving deltas:  74% (1305/1748)   Resolving deltas:  75% (1313/1748)   Resolving deltas:  76% (1338/1748)   Resolving deltas:  77% (1346/1748)   Resolving deltas:  78% (1365/1748)   Resolving deltas:  79% (1381/1748)   Resolving deltas:  80% (1399/1748)   Resolving deltas:  81% (1418/1748)   Resolving deltas:  82% (1435/1748)   Resolving deltas:  83% (1458/1748)   Resolving deltas:  84% (1469/1748)   Resolving deltas:  85% (1488/1748)   Resolving deltas:  86% (1506/1748)   Resolving deltas:  87% (1522/1748)   Resolving deltas:  88% (1540/1748)   Resolving deltas:  89% (1558/1748)   Resolving deltas:  90% (1576/1748)   Resolving deltas:  91% (1599/1748)   Resolving deltas:  92% (1609/1748)   Resolving deltas:  93% (1626/1748)   Resolving deltas:  94% (1644/1748)   Resolving deltas:  95% (1662/1748)   Resolving deltas:  96% (1679/1748)   Resolving deltas:  97% (1696/1748)   Resolving deltas:  98% (1717/1748)   Resolving deltas:  99% (1735/1748)   Resolving deltas: 100% (1748/1748)   Resolving deltas: 100% (1748/1748), done.
Checking connectivity... done.
travis_time:end:012d8ab9:start=1429388253554062032,finish=1429388254767512578,duration=1213450546[0K$ cd web2py/web2py
$ git checkout -qf 75b8ceb0220cd22f85d0de8ab90b405cb5a8b4a1
travis_fold:end:git.checkout[0Ktravis_fold:start:git.submodule[0Ktravis_time:start:35fb583d[0K$ git submodule init
Submodule 'gluon/packages/dal' (https://github.com/web2py/pydal.git) registered for path 'gluon/packages/dal'
travis_time:end:35fb583d:start=1429388254892989196,finish=1429388254937068827,duration=44079631[0Ktravis_time:start:1b539e08[0K$ git submodule update
Cloning into 'gluon/packages/dal'...
remote: Counting objects: 30202, done.[K
Receiving objects:   0% (1/30202)   Receiving objects:   1% (303/30202)   Receiving objects:   2% (605/30202)   Receiving objects:   3% (907/30202)   Receiving objects:   4% (1209/30202)   Receiving objects:   5% (1511/30202)   Receiving objects:   6% (1813/30202)   Receiving objects:   7% (2115/30202)   Receiving objects:   8% (2417/30202)   Receiving objects:   9% (2719/30202)   Receiving objects:  10% (3021/30202)   Receiving objects:  11% (3323/30202)   Receiving objects:  12% (3625/30202)   Receiving objects:  13% (3927/30202)   Receiving objects:  14% (4229/30202)   Receiving objects:  15% (4531/30202)   Receiving objects:  16% (4833/30202)   Receiving objects:  17% (5135/30202)   Receiving objects:  18% (5437/30202)   Receiving objects:  19% (5739/30202)   Receiving objects:  20% (6041/30202)   Receiving objects:  21% (6343/30202)   Receiving objects:  22% (6645/30202)   Receiving objects:  23% (6947/30202)   Receiving objects:  24% (7249/30202)   Receiving objects:  25% (7551/30202)   Receiving objects:  26% (7853/30202)   Receiving objects:  27% (8155/30202)   Receiving objects:  28% (8457/30202)   Receiving objects:  29% (8759/30202)   Receiving objects:  30% (9061/30202)   Receiving objects:  31% (9363/30202)   Receiving objects:  32% (9665/30202)   Receiving objects:  33% (9967/30202)   Receiving objects:  34% (10269/30202)   Receiving objects:  35% (10571/30202)   Receiving objects:  36% (10873/30202)   Receiving objects:  37% (11175/30202)   Receiving objects:  38% (11477/30202)   Receiving objects:  39% (11779/30202)   Receiving objects:  40% (12081/30202)   Receiving objects:  41% (12383/30202)   Receiving objects:  42% (12685/30202)   Receiving objects:  43% (12987/30202)   Receiving objects:  44% (13289/30202)   Receiving objects:  45% (13591/30202)   Receiving objects:  46% (13893/30202)   Receiving objects:  47% (14195/30202)   Receiving objects:  48% (14497/30202)   Receiving objects:  49% (14799/30202)   Receiving objects:  50% (15101/30202)   Receiving objects:  51% (15404/30202)   Receiving objects:  52% (15706/30202)   Receiving objects:  53% (16008/30202)   Receiving objects:  54% (16310/30202)   Receiving objects:  55% (16612/30202)   Receiving objects:  56% (16914/30202)   Receiving objects:  57% (17216/30202)   Receiving objects:  58% (17518/30202)   Receiving objects:  59% (17820/30202)   Receiving objects:  60% (18122/30202)   Receiving objects:  61% (18424/30202)   Receiving objects:  62% (18726/30202)   Receiving objects:  63% (19028/30202)   Receiving objects:  64% (19330/30202)   Receiving objects:  65% (19632/30202)   Receiving objects:  66% (19934/30202), 15.68 MiB | 31.30 MiB/s   Receiving objects:  67% (20236/30202), 15.68 MiB | 31.30 MiB/s   Receiving objects:  68% (20538/30202), 15.68 MiB | 31.30 MiB/s   Receiving objects:  69% (20840/30202), 15.68 MiB | 31.30 MiB/s   Receiving objects:  70% (21142/30202), 15.68 MiB | 31.30 MiB/s   Receiving objects:  71% (21444/30202), 15.68 MiB | 31.30 MiB/s   Receiving objects:  72% (21746/30202), 15.68 MiB | 31.30 MiB/s   Receiving objects:  73% (22048/30202), 15.68 MiB | 31.30 MiB/s   Receiving objects:  74% (22350/30202), 15.68 MiB | 31.30 MiB/s   Receiving objects:  75% (22652/30202), 15.68 MiB | 31.30 MiB/s   Receiving objects:  76% (22954/30202), 15.68 MiB | 31.30 MiB/s   Receiving objects:  77% (23256/30202), 15.68 MiB | 31.30 MiB/s   Receiving objects:  78% (23558/30202), 15.68 MiB | 31.30 MiB/s   Receiving objects:  79% (23860/30202), 15.68 MiB | 31.30 MiB/s   Receiving objects:  80% (24162/30202), 15.68 MiB | 31.30 MiB/s   Receiving objects:  81% (24464/30202), 15.68 MiB | 31.30 MiB/s   Receiving objects:  82% (24766/30202), 15.68 MiB | 31.30 MiB/s   Receiving objects:  83% (25068/30202), 15.68 MiB | 31.30 MiB/s   Receiving objects:  84% (25370/30202), 15.68 MiB | 31.30 MiB/s   Receiving objects:  85% (25672/30202), 15.68 MiB | 31.30 MiB/s   Receiving objects:  86% (25974/30202), 15.68 MiB | 31.30 MiB/s   Receiving objects:  87% (26276/30202), 15.68 MiB | 31.30 MiB/s   Receiving objects:  88% (26578/30202), 15.68 MiB | 31.30 MiB/s   Receiving objects:  89% (26880/30202), 15.68 MiB | 31.30 MiB/s   Receiving objects:  90% (27182/30202), 15.68 MiB | 31.30 MiB/s   Receiving objects:  91% (27484/30202), 15.68 MiB | 31.30 MiB/s   Receiving objects:  92% (27786/30202), 15.68 MiB | 31.30 MiB/s   Receiving objects:  93% (28088/30202), 15.68 MiB | 31.30 MiB/s   Receiving objects:  94% (28390/30202), 15.68 MiB | 31.30 MiB/s   Receiving objects:  95% (28692/30202), 15.68 MiB | 31.30 MiB/s   Receiving objects:  96% (28994/30202), 15.68 MiB | 31.30 MiB/s   Receiving objects:  97% (29296/30202), 15.68 MiB | 31.30 MiB/s   Receiving objects:  98% (29598/30202), 15.68 MiB | 31.30 MiB/s   Receiving objects:  99% (29900/30202), 15.68 MiB | 31.30 MiB/s   remote: Total 30202 (delta 0), reused 0 (delta 0), pack-reused 30202[K
Receiving objects: 100% (30202/30202), 15.68 MiB | 31.30 MiB/s   Receiving objects: 100% (30202/30202), 30.21 MiB | 31.30 MiB/s, done.
Resolving deltas:   0% (0/18166)   Resolving deltas:   1% (199/18166)   Resolving deltas:   2% (368/18166)   Resolving deltas:   3% (579/18166)   Resolving deltas:   4% (779/18166)   Resolving deltas:   5% (953/18166)   Resolving deltas:   6% (1100/18166)   Resolving deltas:   7% (1274/18166)   Resolving deltas:   8% (1499/18166)   Resolving deltas:   9% (1639/18166)   Resolving deltas:  10% (1820/18166)   Resolving deltas:  11% (2000/18166)   Resolving deltas:  12% (2188/18166)   Resolving deltas:  13% (2362/18166)   Resolving deltas:  14% (2556/18166)   Resolving deltas:  15% (2763/18166)   Resolving deltas:  16% (2917/18166)   Resolving deltas:  17% (3110/18166)   Resolving deltas:  18% (3318/18166)   Resolving deltas:  19% (3459/18166)   Resolving deltas:  20% (3652/18166)   Resolving deltas:  21% (3815/18166)   Resolving deltas:  22% (3998/18166)   Resolving deltas:  23% (4180/18166)   Resolving deltas:  24% (4382/18166)   Resolving deltas:  25% (4570/18166)   Resolving deltas:  26% (4735/18166)   Resolving deltas:  27% (4905/18166)   Resolving deltas:  28% (5173/18166)   Resolving deltas:  29% (5272/18166)   Resolving deltas:  30% (5461/18166)   Resolving deltas:  31% (5687/18166)   Resolving deltas:  34% (6185/18166)   Resolving deltas:  35% (6444/18166)   Resolving deltas:  36% (6569/18166)   Resolving deltas:  38% (6925/18166)   Resolving deltas:  40% (7288/18166)   Resolving deltas:  41% (7449/18166)   Resolving deltas:  42% (7669/18166)   Resolving deltas:  43% (7865/18166)   Resolving deltas:  45% (8258/18166)   Resolving deltas:  46% (8358/18166)   Resolving deltas:  47% (8633/18166)   Resolving deltas:  48% (8804/18166)   Resolving deltas:  49% (8999/18166)   Resolving deltas:  50% (9107/18166)   Resolving deltas:  52% (9538/18166)   Resolving deltas:  53% (9629/18166)   Resolving deltas:  57% (10420/18166)   Resolving deltas:  58% (10540/18166)   Resolving deltas:  59% (10766/18166)   Resolving deltas:  61% (11216/18166)   Resolving deltas:  62% (11265/18166)   Resolving deltas:  64% (11741/18166)   Resolving deltas:  65% (11808/18166)   Resolving deltas:  66% (11999/18166)   Resolving deltas:  67% (12174/18166)   Resolving deltas:  68% (12369/18166)   Resolving deltas:  69% (12548/18166)   Resolving deltas:  75% (13697/18166)   Resolving deltas:  76% (13981/18166)   Resolving deltas:  77% (13993/18166)   Resolving deltas:  78% (14261/18166)   Resolving deltas:  79% (14359/18166)   Resolving deltas:  80% (14548/18166)   Resolving deltas:  81% (14745/18166)   Resolving deltas:  83% (15098/18166)   Resolving deltas:  84% (15296/18166)   Resolving deltas:  85% (15454/18166)   Resolving deltas:  87% (15955/18166)   Resolving deltas:  88% (16054/18166)   Resolving deltas:  89% (16172/18166)   Resolving deltas:  91% (16618/18166)   Resolving deltas:  92% (16713/18166)   Resolving deltas:  93% (17072/18166)   Resolving deltas:  94% (17087/18166)   Resolving deltas:  95% (17433/18166)   Resolving deltas:  96% (17456/18166)   Resolving deltas:  97% (17676/18166)   Resolving deltas:  98% (17804/18166)   Resolving deltas:  99% (18019/18166)   Resolving deltas: 100% (18166/18166)   Resolving deltas: 100% (18166/18166), done.
Checking connectivity... done.
Submodule path 'gluon/packages/dal': checked out '5d5357476164782936b202a50deef86387164fe7'
travis_time:end:1b539e08:start=1429388254941128080,finish=1429388257525512943,duration=2584384863[0Ktravis_fold:end:git.submodule[0K
[33;1mThis job is running on container-based infrastructure, which does not allow use of 'sudo', setuid and setguid executables.[0m
[33;1mIf you require sudo, add 'sudo: required' to your .travis.yml[0m
[33;1mSee http://docs.travis-ci.com/user/workers/container-based-infrastructure/ for details.[0m
travis_fold:start:cache.1[0KSetting up build cache
$ export CASHER_DIR=$HOME/.casher
travis_time:start:115735f2[0K$ Installing caching utilities
travis_time:end:115735f2:start=1429388260494666127,finish=1429388260627382572,duration=132716445[0Ktravis_time:start:328e461a[0Kattempting to download cache archive
fetching master/cache--python-2.7.tbz
found cache
travis_time:end:328e461a:start=1429388260631617787,finish=1429388261053108664,duration=421490877[0Ktravis_time:start:07699b48[0Kadding /home/travis/.pip-cache to cache
travis_time:end:07699b48:start=1429388261056932822,finish=1429388261317012620,duration=260079798[0Ktravis_fold:end:cache.1[0Ktravis_time:start:10641896[0K$ source ~/virtualenv/python2.7/bin/activate
travis_time:end:10641896:start=1429388261321026090,finish=1429388261325277253,duration=4251163[0K$ python --version
Python 2.7.9
$ pip --version
pip 6.0.7 from /home/travis/virtualenv/python2.7.9/lib/python2.7/site-packages (python 2.7)
travis_fold:start:install[0Ktravis_time:start:1c80f8d0[0K$ pip install -e .
[33mYou are using pip version 6.0.7, however version 6.1.1 is available.
You should consider upgrading via the 'pip install --upgrade pip' command.[0m
Obtaining file:///home/travis/build/web2py/web2py
    /home/travis/virtualenv/python2.7.9/lib/python2.7/site-packages/setuptools/dist.py:292: UserWarning: The version specified ('2.10.3-stable+timestamp.2015.04.02.16.28.49') is an invalid version, this may not work as expected with newer versions of setuptools, pip, and PyPI. Please see PEP 440 for more details.
      "details." % self.metadata.version
Installing collected packages: web2py
  Running setup.py develop for web2py
    /home/travis/virtualenv/python2.7.9/lib/python2.7/site-packages/setuptools/dist.py:292: UserWarning: The version specified ('2.10.3-stable+timestamp.2015.04.02.16.28.49') is an invalid version, this may not work as expected with newer versions of setuptools, pip, and PyPI. Please see PEP 440 for more details.
      "details." % self.metadata.version
    /home/travis/virtualenv/python2.7.9/lib/python2.7/site-packages/pkg_resources/__init__.py:2510: PEP440Warning: 'web2py (2.10.3-stable-timestamp.2015.04.02.16.28.49)' is being parsed as a legacy, non PEP 440, version. You may find odd behavior and sort order. In particular it will be sorted as less than 0.0. It is recommend to migrate to PEP 440 compatible versions.
      PEP440Warning,
    Creating /home/travis/virtualenv/python2.7.9/lib/python2.7/site-packages/web2py.egg-link (link to .)
    Adding web2py 2.10.3-stable-timestamp.2015.04.02.16.28.49 to easy-install.pth file
    Installed /home/travis/build/web2py/web2py
Successfully installed web2py
travis_time:end:1c80f8d0:start=1429388261743923684,finish=1429388263011133086,duration=1267209402[0Ktravis_fold:end:install[0Ktravis_fold:start:before_script.1[0Ktravis_time:start:04f3c108[0K$ if [[ $TRAVIS_PYTHON_VERSION == '2.6' ]]; then pip install --download-cache $HOME/.pip-cache unittest2; fi
travis_time:end:04f3c108:start=1429388263015312182,finish=1429388263018393003,duration=3080821[0Ktravis_fold:end:before_script.1[0Ktravis_fold:start:before_script.2[0Ktravis_time:start:01f9da08[0K$ if [[ $TRAVIS_PYTHON_VERSION == '2.7' ]]; then pip install --download-cache $HOME/.pip-cache coverage; fi;
[33mYou are using pip version 6.0.7, however version 6.1.1 is available.
You should consider upgrading via the 'pip install --upgrade pip' command.[0m
[33mDEPRECATION: --download-cache has been deprecated and will be removed in the future. Pip now automatically uses and configures its cache.[0m
Collecting coverage
  Downloading coverage-3.7.1.tar.gz (284kB)
[?25l[K    1% |                                | 4.1kB 30.6MB/s eta 0:00:01[K    2% |                                | 8.2kB 25.7MB/s eta 0:00:01[K    4% |#                               | 12kB 2.1MB/s eta 0:00:01[K    5% |#                               | 16kB 2.7MB/s eta 0:00:01[K    7% |##                              | 20kB 3.3MB/s eta 0:00:01[K    8% |##                              | 24kB 3.9MB/s eta 0:00:01[K    10% |###                             | 28kB 4.4MB/s eta 0:00:01[K    11% |###                             | 32kB 5.0MB/s eta 0:00:01[K    12% |####                            | 36kB 2.9MB/s eta 0:00:01[K    14% |####                            | 40kB 3.2MB/s eta 0:00:01[K    15% |#####                           | 45kB 3.2MB/s eta 0:00:01[K    17% |#####                           | 49kB 3.2MB/s eta 0:00:01[K    18% |#####                           | 53kB 5.5MB/s eta 0:00:01[K    20% |######                          | 57kB 5.5MB/s eta 0:00:01[K    21% |######                          | 61kB 5.5MB/s eta 0:00:01[K    23% |#######                         | 65kB 5.5MB/s eta 0:00:01[K    24% |#######                         | 69kB 3.1MB/s eta 0:00:01[K    25% |########                        | 73kB 3.1MB/s eta 0:00:01[K    27% |########                        | 77kB 5.7MB/s eta 0:00:01[K    28% |#########                       | 81kB 5.7MB/s eta 0:00:01[K    30% |#########                       | 86kB 5.7MB/s eta 0:00:01[K    31% |##########                      | 90kB 5.7MB/s eta 0:00:01[K    33% |##########                      | 94kB 5.7MB/s eta 0:00:01[K    34% |###########                     | 98kB 5.7MB/s eta 0:00:01[K    35% |###########                     | 102kB 5.7MB/s eta 0:00:01[K    37% |###########                     | 106kB 5.7MB/s eta 0:00:01[K    38% |############                    | 110kB 6.2MB/s eta 0:00:01[K    40% |############                    | 114kB 6.1MB/s eta 0:00:01[K    41% |#############                   | 118kB 6.1MB/s eta 0:00:01[K    43% |#############                   | 122kB 6.1MB/s eta 0:00:01[K    44% |##############                  | 126kB 6.1MB/s eta 0:00:01[K    46% |##############                  | 131kB 6.1MB/s eta 0:00:01[K    47% |###############                 | 135kB 6.1MB/s eta 0:00:01[K    48% |###############                 | 139kB 6.1MB/s eta 0:00:01[K    50% |################                | 143kB 6.1MB/s eta 0:00:01[K    51% |################                | 147kB 6.2MB/s eta 0:00:01[K    53% |#################               | 151kB 27.8MB/s eta 0:00:01[K    54% |#################               | 155kB 29.5MB/s eta 0:00:01[K    56% |#################               | 159kB 28.0MB/s eta 0:00:01[K    57% |##################              | 163kB 27.6MB/s eta 0:00:01[K    58% |##################              | 167kB 6.7MB/s eta 0:00:01[K    60% |###################             | 172kB 6.7MB/s eta 0:00:01[K    61% |###################             | 176kB 6.6MB/s eta 0:00:01[K    63% |####################            | 180kB 6.6MB/s eta 0:00:01[K    64% |####################            | 184kB 6.6MB/s eta 0:00:01[K    66% |#####################           | 188kB 6.6MB/s eta 0:00:01[K    67% |#####################           | 192kB 6.6MB/s eta 0:00:01[K    69% |######################          | 196kB 6.6MB/s eta 0:00:01[K    70% |######################          | 200kB 6.6MB/s eta 0:00:01[K    71% |#######################         | 204kB 6.7MB/s eta 0:00:01[K    73% |#######################         | 208kB 28.8MB/s eta 0:00:01[K    74% |#######################         | 212kB 29.4MB/s eta 0:00:01[K    76% |########################        | 217kB 29.0MB/s eta 0:00:01[K    77% |########################        | 221kB 29.0MB/s eta 0:00:01[K    79% |#########################       | 225kB 30.1MB/s eta 0:00:01[K    80% |#########################       | 229kB 30.3MB/s eta 0:00:01[K    81% |##########################      | 233kB 27.5MB/s eta 0:00:01[K    83% |##########################      | 237kB 27.6MB/s eta 0:00:01[K    84% |###########################     | 241kB 27.7MB/s eta 0:00:01[K    86% |###########################     | 245kB 27.7MB/s eta 0:00:01[K    87% |############################    | 249kB 27.4MB/s eta 0:00:01[K    89% |############################    | 253kB 27.0MB/s eta 0:00:01[K    90% |#############################   | 258kB 27.6MB/s eta 0:00:01[K    92% |#############################   | 262kB 27.7MB/s eta 0:00:01[K    93% |#############################   | 266kB 27.4MB/s eta 0:00:01[K    94% |##############################  | 270kB 27.1MB/s eta 0:00:01[K    96% |##############################  | 274kB 9.4MB/s eta 0:00:01[K    97% |############################### | 278kB 9.4MB/s eta 0:00:01[K    99% |############################### | 282kB 9.4MB/s eta 0:00:01[K    100% |################################| 286kB 1.6MB/s 
[?25hInstalling collected packages: coverage
  Running setup.py install for coverage
    building 'coverage.tracer' extension
    gcc -pthread -fno-strict-aliasing -g -fstack-protector --param=ssp-buffer-size=4 -Wformat -Werror=format-security -DNDEBUG -g -fwrapv -O3 -Wall -Wstrict-prototypes -fPIC -I/opt/python/2.7.9/include/python2.7 -c coverage/tracer.c -o build/temp.linux-x86_64-2.7/coverage/tracer.o
    gcc -pthread -shared -L/opt/python/2.7.9/lib -Wl,-rpath=/opt/python/2.7.9/lib build/temp.linux-x86_64-2.7/coverage/tracer.o -L/opt/python/2.7.9/lib -lpython2.7 -o build/lib.linux-x86_64-2.7/coverage/tracer.so
    Installing coverage2 script to /home/travis/virtualenv/python2.7.9/bin
    Installing coverage-2.7 script to /home/travis/virtualenv/python2.7.9/bin
    Installing coverage script to /home/travis/virtualenv/python2.7.9/bin
Successfully installed coverage-3.7.1
travis_time:end:01f9da08:start=1429388263022416490,finish=1429388264410597015,duration=1388180525[0Ktravis_fold:end:before_script.2[0Ktravis_fold:start:before_script.3[0Ktravis_time:start:03359faf[0K$ if [[ $TRAVIS_PYTHON_VERSION == '2.7' ]]; then pip install --download-cache $HOME/.pip-cache python-coveralls; fi
[33mYou are using pip version 6.0.7, however version 6.1.1 is available.
You should consider upgrading via the 'pip install --upgrade pip' command.[0m
[33mDEPRECATION: --download-cache has been deprecated and will be removed in the future. Pip now automatically uses and configures its cache.[0m
Collecting python-coveralls
  Downloading python_coveralls-2.5.0-py2.py3-none-any.whl
Collecting sh (from python-coveralls)
  Downloading sh-1.11.tar.gz
Collecting six (from python-coveralls)
  Downloading six-1.9.0-py2.py3-none-any.whl
Requirement already satisfied (use --upgrade to upgrade): coverage==3.7.1 in /home/travis/virtualenv/python2.7.9/lib/python2.7/site-packages (from python-coveralls)
Collecting PyYAML (from python-coveralls)
  Downloading PyYAML-3.11.tar.gz (248kB)
[?25l[K    1% |                                | 4.1kB 22.3MB/s eta 0:00:01[K    3% |#                               | 8.2kB 21.6MB/s eta 0:00:01[K    4% |#                               | 12kB 22.8MB/s eta 0:00:01[K    6% |##                              | 16kB 3.0MB/s eta 0:00:01[K    8% |##                              | 20kB 3.6MB/s eta 0:00:01[K    9% |###                             | 24kB 4.2MB/s eta 0:00:01[K    11% |###                             | 28kB 4.8MB/s eta 0:00:01[K    13% |####                            | 32kB 5.4MB/s eta 0:00:01[K    14% |####                            | 36kB 5.5MB/s eta 0:00:01[K    16% |#####                           | 40kB 3.4MB/s eta 0:00:01[K    18% |#####                           | 45kB 3.4MB/s eta 0:00:01[K    19% |######                          | 49kB 3.4MB/s eta 0:00:01[K    21% |######                          | 53kB 3.4MB/s eta 0:00:01[K    23% |#######                         | 57kB 5.6MB/s eta 0:00:01[K    24% |#######                         | 61kB 5.6MB/s eta 0:00:01[K    26% |########                        | 65kB 5.6MB/s eta 0:00:01[K    28% |########                        | 69kB 5.6MB/s eta 0:00:01[K    29% |#########                       | 73kB 5.6MB/s eta 0:00:01[K    31% |##########                      | 77kB 3.4MB/s eta 0:00:01[K    32% |##########                      | 81kB 6.1MB/s eta 0:00:01[K    34% |###########                     | 86kB 6.1MB/s eta 0:00:01[K    36% |###########                     | 90kB 6.2MB/s eta 0:00:01[K    37% |############                    | 94kB 6.2MB/s eta 0:00:01[K    39% |############                    | 98kB 6.2MB/s eta 0:00:01[K    41% |#############                   | 102kB 6.2MB/s eta 0:00:01[K    42% |#############                   | 106kB 6.1MB/s eta 0:00:01[K    44% |##############                  | 110kB 6.1MB/s eta 0:00:01[K    46% |##############                  | 114kB 6.1MB/s eta 0:00:01[K    47% |###############                 | 118kB 28.5MB/s eta 0:00:01[K    49% |###############                 | 122kB 28.6MB/s eta 0:00:01[K    51% |################                | 126kB 6.5MB/s eta 0:00:01[K    52% |################                | 131kB 6.5MB/s eta 0:00:01[K    54% |#################               | 135kB 6.5MB/s eta 0:00:01[K    56% |#################               | 139kB 6.4MB/s eta 0:00:01[K    57% |##################              | 143kB 6.4MB/s eta 0:00:01[K    59% |##################              | 147kB 6.4MB/s eta 0:00:01[K    60% |###################             | 151kB 6.4MB/s eta 0:00:01[K    62% |####################            | 155kB 6.4MB/s eta 0:00:01[K    64% |####################            | 159kB 6.4MB/s eta 0:00:01[K    65% |#####################           | 163kB 6.4MB/s eta 0:00:01[K    67% |#####################           | 167kB 26.7MB/s eta 0:00:01[K    69% |######################          | 172kB 27.8MB/s eta 0:00:01[K    70% |######################          | 176kB 27.9MB/s eta 0:00:01[K    72% |#######################         | 180kB 29.1MB/s eta 0:00:01[K    74% |#######################         | 184kB 30.4MB/s eta 0:00:01[K    75% |########################        | 188kB 30.3MB/s eta 0:00:01[K    77% |########################        | 192kB 31.1MB/s eta 0:00:01[K    79% |#########################       | 196kB 31.2MB/s eta 0:00:01[K    80% |#########################       | 200kB 7.7MB/s eta 0:00:01[K    82% |##########################      | 204kB 7.6MB/s eta 0:00:01[K    84% |##########################      | 208kB 7.6MB/s eta 0:00:01[K    85% |###########################     | 212kB 7.5MB/s eta 0:00:01[K    87% |###########################     | 217kB 7.5MB/s eta 0:00:01[K    88% |############################    | 221kB 7.5MB/s eta 0:00:01[K    90% |############################    | 225kB 7.5MB/s eta 0:00:01[K    92% |#############################   | 229kB 7.6MB/s eta 0:00:01[K    93% |##############################  | 233kB 7.5MB/s eta 0:00:01[K    95% |##############################  | 237kB 7.5MB/s eta 0:00:01[K    97% |############################### | 241kB 27.6MB/s eta 0:00:01[K    98% |############################### | 245kB 30.1MB/s eta 0:00:01[K    100% |################################| 249kB 2.0MB/s 
[?25hCollecting requests (from python-coveralls)
  Downloading requests-2.6.0-py2.py3-none-any.whl (469kB)
[?25l[K    0% |                                | 4.1kB 30.8MB/s eta 0:00:01[K    1% |                                | 8.2kB 26.4MB/s eta 0:00:01[K    2% |                                | 12kB 26.5MB/s eta 0:00:01[K    3% |#                               | 16kB 27.2MB/s eta 0:00:01[K    4% |#                               | 20kB 27.5MB/s eta 0:00:01[K    5% |#                               | 24kB 28.0MB/s eta 0:00:01[K    6% |#                               | 28kB 28.1MB/s eta 0:00:01[K    6% |##                              | 32kB 28.4MB/s eta 0:00:01[K    7% |##                              | 36kB 27.9MB/s eta 0:00:01[K    8% |##                              | 40kB 28.1MB/s eta 0:00:01[K    9% |###                             | 45kB 28.1MB/s eta 0:00:01[K    10% |###                             | 49kB 29.0MB/s eta 0:00:01[K    11% |###                             | 53kB 29.4MB/s eta 0:00:01[K    12% |###                             | 57kB 29.6MB/s eta 0:00:01[K    13% |####                            | 61kB 29.8MB/s eta 0:00:01[K    13% |####                            | 65kB 29.9MB/s eta 0:00:01[K    14% |####                            | 69kB 29.9MB/s eta 0:00:01[K    15% |#####                           | 73kB 29.9MB/s eta 0:00:01[K    16% |#####                           | 77kB 30.7MB/s eta 0:00:01[K    17% |#####                           | 81kB 30.9MB/s eta 0:00:01[K    18% |#####                           | 86kB 30.9MB/s eta 0:00:01[K    19% |######                          | 90kB 10.8MB/s eta 0:00:01[K    20% |######                          | 94kB 10.4MB/s eta 0:00:01[K    20% |######                          | 98kB 10.3MB/s eta 0:00:01[K    21% |######                          | 102kB 10.3MB/s eta 0:00:01[K    22% |#######                         | 106kB 10.3MB/s eta 0:00:01[K    23% |#######                         | 110kB 10.3MB/s eta 0:00:01[K    24% |#######                         | 114kB 10.3MB/s eta 0:00:01[K    25% |########                        | 118kB 10.3MB/s eta 0:00:01[K    26% |########                        | 122kB 10.2MB/s eta 0:00:01[K    27% |########                        | 126kB 10.2MB/s eta 0:00:01[K    27% |########                        | 131kB 27.0MB/s eta 0:00:01[K    28% |#########                       | 135kB 29.4MB/s eta 0:00:01[K    29% |#########                       | 139kB 29.9MB/s eta 0:00:01[K    30% |#########                       | 143kB 29.5MB/s eta 0:00:01[K    31% |##########                      | 147kB 30.6MB/s eta 0:00:01[K    32% |##########                      | 151kB 30.4MB/s eta 0:00:01[K    33% |##########                      | 155kB 31.0MB/s eta 0:00:01[K    34% |##########                      | 159kB 30.5MB/s eta 0:00:01[K    34% |###########                     | 163kB 31.0MB/s eta 0:00:01[K    35% |###########                     | 167kB 30.7MB/s eta 0:00:01[K    36% |###########                     | 172kB 31.2MB/s eta 0:00:01[K    37% |###########                     | 176kB 31.2MB/s eta 0:00:01[K    38% |############                    | 180kB 31.5MB/s eta 0:00:01[K    39% |############                    | 184kB 31.5MB/s eta 0:00:01[K    40% |############                    | 188kB 31.6MB/s eta 0:00:01[K    40% |#############                   | 192kB 31.6MB/s eta 0:00:01[K    41% |#############                   | 196kB 31.6MB/s eta 0:00:01[K    42% |#############                   | 200kB 31.2MB/s eta 0:00:01[K    43% |#############                   | 204kB 30.3MB/s eta 0:00:01[K    44% |##############                  | 208kB 30.2MB/s eta 0:00:01[K    45% |##############                  | 212kB 30.2MB/s eta 0:00:01[K    46% |##############                  | 217kB 30.2MB/s eta 0:00:01[K    47% |###############                 | 221kB 29.5MB/s eta 0:00:01[K    47% |###############                 | 225kB 28.3MB/s eta 0:00:01[K    48% |###############                 | 229kB 27.8MB/s eta 0:00:01[K    49% |###############                 | 233kB 27.7MB/s eta 0:00:01[K    50% |################                | 237kB 27.6MB/s eta 0:00:01[K    51% |################                | 241kB 14.3MB/s eta 0:00:01[K    52% |################                | 245kB 14.4MB/s eta 0:00:01[K    53% |#################               | 249kB 14.4MB/s eta 0:00:01[K    54% |#################               | 253kB 14.1MB/s eta 0:00:01[K    54% |#################               | 258kB 13.7MB/s eta 0:00:01[K    55% |#################               | 262kB 13.7MB/s eta 0:00:01[K    56% |##################              | 266kB 13.0MB/s eta 0:00:01[K    57% |##################              | 270kB 13.0MB/s eta 0:00:01[K    58% |##################              | 274kB 12.8MB/s eta 0:00:01[K    59% |##################              | 278kB 12.7MB/s eta 0:00:01[K    60% |###################             | 282kB 21.8MB/s eta 0:00:01[K    61% |###################             | 286kB 21.4MB/s eta 0:00:01[K    61% |###################             | 290kB 20.5MB/s eta 0:00:01[K    62% |####################            | 294kB 20.4MB/s eta 0:00:01[K    63% |####################            | 299kB 20.0MB/s eta 0:00:01[K    64% |####################            | 303kB 19.5MB/s eta 0:00:01[K    65% |####################            | 307kB 21.4MB/s eta 0:00:01[K    66% |#####################           | 311kB 21.2MB/s eta 0:00:01[K    67% |#####################           | 315kB 21.5MB/s eta 0:00:01[K    68% |#####################           | 319kB 21.3MB/s eta 0:00:01[K    68% |######################          | 323kB 21.6MB/s eta 0:00:01[K    69% |######################          | 327kB 21.5MB/s eta 0:00:01[K    70% |######################          | 331kB 22.3MB/s eta 0:00:01[K    71% |######################          | 335kB 22.6MB/s eta 0:00:01[K    72% |#######################         | 339kB 23.8MB/s eta 0:00:01[K    73% |#######################         | 344kB 24.4MB/s eta 0:00:01[K    74% |#######################         | 348kB 24.5MB/s eta 0:00:01[K    74% |#######################         | 352kB 24.5MB/s eta 0:00:01[K    75% |########################        | 356kB 23.8MB/s eta 0:00:01[K    76% |########################        | 360kB 23.1MB/s eta 0:00:01[K    77% |########################        | 364kB 23.2MB/s eta 0:00:01[K    78% |#########################       | 368kB 23.1MB/s eta 0:00:01[K    79% |#########################       | 372kB 23.1MB/s eta 0:00:01[K    80% |#########################       | 376kB 23.1MB/s eta 0:00:01[K    81% |#########################       | 380kB 23.1MB/s eta 0:00:01[K    81% |##########################      | 385kB 23.1MB/s eta 0:00:01[K    82% |##########################      | 389kB 23.0MB/s eta 0:00:01[K    83% |##########################      | 393kB 22.9MB/s eta 0:00:01[K    84% |###########################     | 397kB 23.7MB/s eta 0:00:01[K    85% |###########################     | 401kB 24.0MB/s eta 0:00:01[K    86% |###########################     | 405kB 24.0MB/s eta 0:00:01[K    87% |###########################     | 409kB 24.0MB/s eta 0:00:01[K    88% |############################    | 413kB 23.7MB/s eta 0:00:01[K    88% |############################    | 417kB 23.2MB/s eta 0:00:01[K    89% |############################    | 421kB 23.1MB/s eta 0:00:01[K    90% |#############################   | 425kB 23.0MB/s eta 0:00:01[K    91% |#############################   | 430kB 23.2MB/s eta 0:00:01[K    92% |#############################   | 434kB 22.7MB/s eta 0:00:01[K    93% |#############################   | 438kB 22.6MB/s eta 0:00:01[K    94% |##############################  | 442kB 22.6MB/s eta 0:00:01[K    95% |##############################  | 446kB 22.7MB/s eta 0:00:01[K    95% |##############################  | 450kB 22.1MB/s eta 0:00:01[K    96% |##############################  | 454kB 22.3MB/s eta 0:00:01[K    97% |############################### | 458kB 22.7MB/s eta 0:00:01[K    98% |############################### | 462kB 22.7MB/s eta 0:00:01[K    99% |############################### | 466kB 22.7MB/s eta 0:00:01[K    100% |################################| 471kB 990kB/s 
[?25hInstalling collected packages: requests, PyYAML, six, sh, python-coveralls

  Running setup.py install for PyYAML
    checking if libyaml is compilable
    gcc -pthread -fno-strict-aliasing -g -fstack-protector --param=ssp-buffer-size=4 -Wformat -Werror=format-security -DNDEBUG -g -fwrapv -O3 -Wall -Wstrict-prototypes -fPIC -I/opt/python/2.7.9/include/python2.7 -c build/temp.linux-x86_64-2.7/check_libyaml.c -o build/temp.linux-x86_64-2.7/check_libyaml.o
    checking if libyaml is linkable
    gcc -pthread build/temp.linux-x86_64-2.7/check_libyaml.o -L/opt/python/2.7.9/lib -lyaml -o build/temp.linux-x86_64-2.7/check_libyaml
    building '_yaml' extension
    gcc -pthread -fno-strict-aliasing -g -fstack-protector --param=ssp-buffer-size=4 -Wformat -Werror=format-security -DNDEBUG -g -fwrapv -O3 -Wall -Wstrict-prototypes -fPIC -I/opt/python/2.7.9/include/python2.7 -c ext/_yaml.c -o build/temp.linux-x86_64-2.7/ext/_yaml.o
    In file included from ext/_yaml.c:343:0:
    ext/_yaml.h:6:0: warning: "PyUnicode_FromString" redefined [enabled by default]
    /opt/python/2.7.9/include/python2.7/unicodeobject.h:281:0: note: this is the location of the previous definition
    ext/_yaml.c: In function â€˜__pyx_pf_5_yaml_get_version_stringâ€™:
    ext/_yaml.c:1346:17: warning: assignment discards â€˜constâ€™ qualifier from pointer target type [enabled by default]
    ext/_yaml.c: In function â€˜__pyx_pf_5_yaml_7CParser___init__â€™:
    ext/_yaml.c:2471:5: warning: passing argument 2 of â€˜yaml_parser_set_inputâ€™ from incompatible pointer type [enabled by default]
    /usr/include/yaml.h:1367:1: note: expected â€˜int (*)(void *, unsigned char *, size_t,  size_t *)â€™ but argument is of type â€˜int (*)(void *, char *, int,  int *)â€™
    ext/_yaml.c:2664:5: warning: pointer targets in passing argument 2 of â€˜yaml_parser_set_input_stringâ€™ differ in signedness [-Wpointer-sign]
    /usr/include/yaml.h:1341:1: note: expected â€˜const unsigned char *â€™ but argument is of type â€˜char *â€™
    ext/_yaml.c: In function â€˜__pyx_f_5_yaml_7CParser__token_to_objectâ€™:
    ext/_yaml.c:4183:5: warning: pointer targets in passing argument 1 of â€˜strlenâ€™ differ in signedness [-Wpointer-sign]
    /usr/include/string.h:399:15: note: expected â€˜const char *â€™ but argument is of type â€˜yaml_char_t *â€™
    ext/_yaml.c:4183:5: warning: pointer targets in passing argument 1 of â€˜PyUnicodeUCS4_DecodeUTF8â€™ differ in signedness [-Wpointer-sign]
    /opt/python/2.7.9/include/python2.7/unicodeobject.h:750:23: note: expected â€˜const char *â€™ but argument is of type â€˜yaml_char_t *â€™
    ext/_yaml.c:4195:5: warning: pointer targets in passing argument 1 of â€˜strlenâ€™ differ in signedness [-Wpointer-sign]
    /usr/include/string.h:399:15: note: expected â€˜const char *â€™ but argument is of type â€˜yaml_char_t *â€™
    ext/_yaml.c:4195:5: warning: pointer targets in passing argument 1 of â€˜PyUnicodeUCS4_DecodeUTF8â€™ differ in signedness [-Wpointer-sign]
    /opt/python/2.7.9/include/python2.7/unicodeobject.h:750:23: note: expected â€˜const char *â€™ but argument is of type â€˜yaml_char_t *â€™
    ext/_yaml.c:4741:5: warning: pointer targets in passing argument 1 of â€˜strlenâ€™ differ in signedness [-Wpointer-sign]
    /usr/include/string.h:399:15: note: expected â€˜const char *â€™ but argument is of type â€˜yaml_char_t *â€™
    ext/_yaml.c:4741:5: warning: pointer targets in passing argument 1 of â€˜PyUnicodeUCS4_DecodeUTF8â€™ differ in signedness [-Wpointer-sign]
    /opt/python/2.7.9/include/python2.7/unicodeobject.h:750:23: note: expected â€˜const char *â€™ but argument is of type â€˜yaml_char_t *â€™
    ext/_yaml.c:4792:5: warning: pointer targets in passing argument 1 of â€˜strlenâ€™ differ in signedness [-Wpointer-sign]
    /usr/include/string.h:399:15: note: expected â€˜const char *â€™ but argument is of type â€˜yaml_char_t *â€™
    ext/_yaml.c:4792:5: warning: pointer targets in passing argument 1 of â€˜PyUnicodeUCS4_DecodeUTF8â€™ differ in signedness [-Wpointer-sign]
    /opt/python/2.7.9/include/python2.7/unicodeobject.h:750:23: note: expected â€˜const char *â€™ but argument is of type â€˜yaml_char_t *â€™
    ext/_yaml.c:4843:5: warning: pointer targets in passing argument 1 of â€˜strlenâ€™ differ in signedness [-Wpointer-sign]
    /usr/include/string.h:399:15: note: expected â€˜const char *â€™ but argument is of type â€˜yaml_char_t *â€™
    ext/_yaml.c:4843:5: warning: pointer targets in passing argument 1 of â€˜PyUnicodeUCS4_DecodeUTF8â€™ differ in signedness [-Wpointer-sign]
    /opt/python/2.7.9/include/python2.7/unicodeobject.h:750:23: note: expected â€˜const char *â€™ but argument is of type â€˜yaml_char_t *â€™
    ext/_yaml.c:4855:5: warning: pointer targets in passing argument 1 of â€˜strlenâ€™ differ in signedness [-Wpointer-sign]
    /usr/include/string.h:399:15: note: expected â€˜const char *â€™ but argument is of type â€˜yaml_char_t *â€™
    ext/_yaml.c:4855:5: warning: pointer targets in passing argument 1 of â€˜PyUnicodeUCS4_DecodeUTF8â€™ differ in signedness [-Wpointer-sign]
    /opt/python/2.7.9/include/python2.7/unicodeobject.h:750:23: note: expected â€˜const char *â€™ but argument is of type â€˜yaml_char_t *â€™
    ext/_yaml.c:4938:5: warning: pointer targets in passing argument 1 of â€˜PyUnicodeUCS4_DecodeUTF8â€™ differ in signedness [-Wpointer-sign]
    /opt/python/2.7.9/include/python2.7/unicodeobject.h:750:23: note: expected â€˜const char *â€™ but argument is of type â€˜yaml_char_t *â€™
    ext/_yaml.c: In function â€˜__pyx_f_5_yaml_7CParser__event_to_objectâ€™:
    ext/_yaml.c:6435:9: warning: pointer targets in passing argument 1 of â€˜strlenâ€™ differ in signedness [-Wpointer-sign]
    /usr/include/string.h:399:15: note: expected â€˜const char *â€™ but argument is of type â€˜yaml_char_t *â€™
    ext/_yaml.c:6435:9: warning: pointer targets in passing argument 1 of â€˜PyUnicodeUCS4_DecodeUTF8â€™ differ in signedness [-Wpointer-sign]
    /opt/python/2.7.9/include/python2.7/unicodeobject.h:750:23: note: expected â€˜const char *â€™ but argument is of type â€˜yaml_char_t *â€™
    ext/_yaml.c:6447:9: warning: pointer targets in passing argument 1 of â€˜strlenâ€™ differ in signedness [-Wpointer-sign]
    /usr/include/string.h:399:15: note: expected â€˜const char *â€™ but argument is of type â€˜yaml_char_t *â€™
    ext/_yaml.c:6447:9: warning: pointer targets in passing argument 1 of â€˜PyUnicodeUCS4_DecodeUTF8â€™ differ in signedness [-Wpointer-sign]
    /opt/python/2.7.9/include/python2.7/unicodeobject.h:750:23: note: expected â€˜const char *â€™ but argument is of type â€˜yaml_char_t *â€™
    ext/_yaml.c:6616:5: warning: pointer targets in passing argument 1 of â€˜strlenâ€™ differ in signedness [-Wpointer-sign]
    /usr/include/string.h:399:15: note: expected â€˜const char *â€™ but argument is of type â€˜yaml_char_t *â€™
    ext/_yaml.c:6616:5: warning: pointer targets in passing argument 1 of â€˜PyUnicodeUCS4_DecodeUTF8â€™ differ in signedness [-Wpointer-sign]
    /opt/python/2.7.9/include/python2.7/unicodeobject.h:750:23: note: expected â€˜const char *â€™ but argument is of type â€˜yaml_char_t *â€™
    ext/_yaml.c:6687:7: warning: pointer targets in passing argument 1 of â€˜strlenâ€™ differ in signedness [-Wpointer-sign]
    /usr/include/string.h:399:15: note: expected â€˜const char *â€™ but argument is of type â€˜yaml_char_t *â€™
    ext/_yaml.c:6687:7: warning: pointer targets in passing argument 1 of â€˜PyUnicodeUCS4_DecodeUTF8â€™ differ in signedness [-Wpointer-sign]
    /opt/python/2.7.9/include/python2.7/unicodeobject.h:750:23: note: expected â€˜const char *â€™ but argument is of type â€˜yaml_char_t *â€™
    ext/_yaml.c:6722:7: warning: pointer targets in passing argument 1 of â€˜strlenâ€™ differ in signedness [-Wpointer-sign]
    /usr/include/string.h:399:15: note: expected â€˜const char *â€™ but argument is of type â€˜yaml_char_t *â€™
    ext/_yaml.c:6722:7: warning: pointer targets in passing argument 1 of â€˜PyUnicodeUCS4_DecodeUTF8â€™ differ in signedness [-Wpointer-sign]
    /opt/python/2.7.9/include/python2.7/unicodeobject.h:750:23: note: expected â€˜const char *â€™ but argument is of type â€˜yaml_char_t *â€™
    ext/_yaml.c:6737:5: warning: pointer targets in passing argument 1 of â€˜PyUnicodeUCS4_DecodeUTF8â€™ differ in signedness [-Wpointer-sign]
    /opt/python/2.7.9/include/python2.7/unicodeobject.h:750:23: note: expected â€˜const char *â€™ but argument is of type â€˜yaml_char_t *â€™
    ext/_yaml.c:7031:7: warning: pointer targets in passing argument 1 of â€˜strlenâ€™ differ in signedness [-Wpointer-sign]
    /usr/include/string.h:399:15: note: expected â€˜const char *â€™ but argument is of type â€˜yaml_char_t *â€™
    ext/_yaml.c:7031:7: warning: pointer targets in passing argument 1 of â€˜PyUnicodeUCS4_DecodeUTF8â€™ differ in signedness [-Wpointer-sign]
    /opt/python/2.7.9/include/python2.7/unicodeobject.h:750:23: note: expected â€˜const char *â€™ but argument is of type â€˜yaml_char_t *â€™
    ext/_yaml.c:7066:7: warning: pointer targets in passing argument 1 of â€˜strlenâ€™ differ in signedness [-Wpointer-sign]
    /usr/include/string.h:399:15: note: expected â€˜const char *â€™ but argument is of type â€˜yaml_char_t *â€™
    ext/_yaml.c:7066:7: warning: pointer targets in passing argument 1 of â€˜PyUnicodeUCS4_DecodeUTF8â€™ differ in signedness [-Wpointer-sign]
    /opt/python/2.7.9/include/python2.7/unicodeobject.h:750:23: note: expected â€˜const char *â€™ but argument is of type â€˜yaml_char_t *â€™
    ext/_yaml.c:7253:7: warning: pointer targets in passing argument 1 of â€˜strlenâ€™ differ in signedness [-Wpointer-sign]
    /usr/include/string.h:399:15: note: expected â€˜const char *â€™ but argument is of type â€˜yaml_char_t *â€™
    ext/_yaml.c:7253:7: warning: pointer targets in passing argument 1 of â€˜PyUnicodeUCS4_DecodeUTF8â€™ differ in signedness [-Wpointer-sign]
    /opt/python/2.7.9/include/python2.7/unicodeobject.h:750:23: note: expected â€˜const char *â€™ but argument is of type â€˜yaml_char_t *â€™
    ext/_yaml.c:7288:7: warning: pointer targets in passing argument 1 of â€˜strlenâ€™ differ in signedness [-Wpointer-sign]
    /usr/include/string.h:399:15: note: expected â€˜const char *â€™ but argument is of type â€˜yaml_char_t *â€™
    ext/_yaml.c:7288:7: warning: pointer targets in passing argument 1 of â€˜PyUnicodeUCS4_DecodeUTF8â€™ differ in signedness [-Wpointer-sign]
    /opt/python/2.7.9/include/python2.7/unicodeobject.h:750:23: note: expected â€˜const char *â€™ but argument is of type â€˜yaml_char_t *â€™
    ext/_yaml.c: In function â€˜__pyx_f_5_yaml_7CParser__compose_nodeâ€™:
    ext/_yaml.c:8704:5: warning: pointer targets in passing argument 1 of â€˜strlenâ€™ differ in signedness [-Wpointer-sign]
    /usr/include/string.h:399:15: note: expected â€˜const char *â€™ but argument is of type â€˜yaml_char_t *â€™
    ext/_yaml.c:8704:5: warning: pointer targets in passing argument 1 of â€˜PyUnicodeUCS4_DecodeUTF8â€™ differ in signedness [-Wpointer-sign]
    /opt/python/2.7.9/include/python2.7/unicodeobject.h:750:23: note: expected â€˜const char *â€™ but argument is of type â€˜yaml_char_t *â€™
    ext/_yaml.c:8924:5: warning: pointer targets in passing argument 1 of â€˜strlenâ€™ differ in signedness [-Wpointer-sign]
    /usr/include/string.h:399:15: note: expected â€˜const char *â€™ but argument is of type â€˜yaml_char_t *â€™
    ext/_yaml.c:8924:5: warning: pointer targets in passing argument 1 of â€˜PyUnicodeUCS4_DecodeUTF8â€™ differ in signedness [-Wpointer-sign]
    /opt/python/2.7.9/include/python2.7/unicodeobject.h:750:23: note: expected â€˜const char *â€™ but argument is of type â€˜yaml_char_t *â€™
    ext/_yaml.c:8962:5: warning: pointer targets in passing argument 1 of â€˜strlenâ€™ differ in signedness [-Wpointer-sign]
    /usr/include/string.h:399:15: note: expected â€˜const char *â€™ but argument is of type â€˜yaml_char_t *â€™
    ext/_yaml.c:8962:5: warning: pointer targets in passing argument 1 of â€˜PyUnicodeUCS4_DecodeUTF8â€™ differ in signedness [-Wpointer-sign]
    /opt/python/2.7.9/include/python2.7/unicodeobject.h:750:23: note: expected â€˜const char *â€™ but argument is of type â€˜yaml_char_t *â€™
    ext/_yaml.c:9000:5: warning: pointer targets in passing argument 1 of â€˜strlenâ€™ differ in signedness [-Wpointer-sign]
    /usr/include/string.h:399:15: note: expected â€˜const char *â€™ but argument is of type â€˜yaml_char_t *â€™
    ext/_yaml.c:9000:5: warning: pointer targets in passing argument 1 of â€˜PyUnicodeUCS4_DecodeUTF8â€™ differ in signedness [-Wpointer-sign]
    /opt/python/2.7.9/include/python2.7/unicodeobject.h:750:23: note: expected â€˜const char *â€™ but argument is of type â€˜yaml_char_t *â€™
    ext/_yaml.c: In function â€˜__pyx_f_5_yaml_7CParser__compose_scalar_nodeâ€™:
    ext/_yaml.c:9532:3: warning: pointer targets in passing argument 1 of â€˜PyUnicodeUCS4_DecodeUTF8â€™ differ in signedness [-Wpointer-sign]
    /opt/python/2.7.9/include/python2.7/unicodeobject.h:750:23: note: expected â€˜const char *â€™ but argument is of type â€˜yaml_char_t *â€™
    ext/_yaml.c:9688:5: warning: pointer targets in passing argument 1 of â€˜strlenâ€™ differ in signedness [-Wpointer-sign]
    /usr/include/string.h:399:15: note: expected â€˜const char *â€™ but argument is of type â€˜yaml_char_t *â€™
    ext/_yaml.c:9688:5: warning: pointer targets in passing argument 1 of â€˜PyUnicodeUCS4_DecodeUTF8â€™ differ in signedness [-Wpointer-sign]
    /opt/python/2.7.9/include/python2.7/unicodeobject.h:750:23: note: expected â€˜const char *â€™ but argument is of type â€˜yaml_char_t *â€™
    ext/_yaml.c: In function â€˜__pyx_f_5_yaml_7CParser__compose_sequence_nodeâ€™:
    ext/_yaml.c:10128:5: warning: pointer targets in passing argument 1 of â€˜strlenâ€™ differ in signedness [-Wpointer-sign]
    /usr/include/string.h:399:15: note: expected â€˜const char *â€™ but argument is of type â€˜yaml_char_t *â€™
    ext/_yaml.c:10128:5: warning: pointer targets in passing argument 1 of â€˜PyUnicodeUCS4_DecodeUTF8â€™ differ in signedness [-Wpointer-sign]
    /opt/python/2.7.9/include/python2.7/unicodeobject.h:750:23: note: expected â€˜const char *â€™ but argument is of type â€˜yaml_char_t *â€™
    ext/_yaml.c: In function â€˜__pyx_f_5_yaml_7CParser__compose_mapping_nodeâ€™:
    ext/_yaml.c:10654:5: warning: pointer targets in passing argument 1 of â€˜strlenâ€™ differ in signedness [-Wpointer-sign]
    /usr/include/string.h:399:15: note: expected â€˜const char *â€™ but argument is of type â€˜yaml_char_t *â€™
    ext/_yaml.c:10654:5: warning: pointer targets in passing argument 1 of â€˜PyUnicodeUCS4_DecodeUTF8â€™ differ in signedness [-Wpointer-sign]
    /opt/python/2.7.9/include/python2.7/unicodeobject.h:750:23: note: expected â€˜const char *â€™ but argument is of type â€˜yaml_char_t *â€™
    ext/_yaml.c: In function â€˜__pyx_pf_5_yaml_8CEmitter___init__â€™:
    ext/_yaml.c:11721:3: warning: passing argument 2 of â€˜yaml_emitter_set_outputâ€™ from incompatible pointer type [enabled by default]
    /usr/include/yaml.h:1829:1: note: expected â€˜int (*)(void *, unsigned char *, size_t)â€™ but argument is of type â€˜int (*)(void *, char *, int)â€™
    ext/_yaml.c: In function â€˜__pyx_f_5_yaml_8CEmitter__object_to_eventâ€™:
    ext/_yaml.c:12898:44: warning: pointer targets in assignment differ in signedness [-Wpointer-sign]
    ext/_yaml.c:12991:44: warning: pointer targets in assignment differ in signedness [-Wpointer-sign]
    ext/_yaml.c:13248:5: warning: pointer targets in passing argument 2 of â€˜yaml_alias_event_initializeâ€™ differ in signedness [-Wpointer-sign]
    /usr/include/yaml.h:553:1: note: expected â€˜yaml_char_t *â€™ but argument is of type â€˜char *â€™
    ext/_yaml.c:13824:5: warning: pointer targets in passing argument 2 of â€˜yaml_scalar_event_initializeâ€™ differ in signedness [-Wpointer-sign]
    /usr/include/yaml.h:578:1: note: expected â€˜yaml_char_t *â€™ but argument is of type â€˜char *â€™
    ext/_yaml.c:13824:5: warning: pointer targets in passing argument 3 of â€˜yaml_scalar_event_initializeâ€™ differ in signedness [-Wpointer-sign]
    /usr/include/yaml.h:578:1: note: expected â€˜yaml_char_t *â€™ but argument is of type â€˜char *â€™
    ext/_yaml.c:13824:5: warning: pointer targets in passing argument 4 of â€˜yaml_scalar_event_initializeâ€™ differ in signedness [-Wpointer-sign]
    /usr/include/yaml.h:578:1: note: expected â€˜yaml_char_t *â€™ but argument is of type â€˜char *â€™
    ext/_yaml.c:14166:5: warning: pointer targets in passing argument 2 of â€˜yaml_sequence_start_event_initializeâ€™ differ in signedness [-Wpointer-sign]
    /usr/include/yaml.h:601:1: note: expected â€˜yaml_char_t *â€™ but argument is of type â€˜char *â€™
    ext/_yaml.c:14166:5: warning: pointer targets in passing argument 3 of â€˜yaml_sequence_start_event_initializeâ€™ differ in signedness [-Wpointer-sign]
    /usr/include/yaml.h:601:1: note: expected â€˜yaml_char_t *â€™ but argument is of type â€˜char *â€™
    ext/_yaml.c:14508:5: warning: pointer targets in passing argument 2 of â€˜yaml_mapping_start_event_initializeâ€™ differ in signedness [-Wpointer-sign]
    /usr/include/yaml.h:633:1: note: expected â€˜yaml_char_t *â€™ but argument is of type â€˜char *â€™
    ext/_yaml.c:14508:5: warning: pointer targets in passing argument 3 of â€˜yaml_mapping_start_event_initializeâ€™ differ in signedness [-Wpointer-sign]
    /usr/include/yaml.h:633:1: note: expected â€˜yaml_char_t *â€™ but argument is of type â€˜char *â€™
    ext/_yaml.c: In function â€˜__pyx_pf_5_yaml_8CEmitter_12serializeâ€™:
    ext/_yaml.c:15784:42: warning: pointer targets in assignment differ in signedness [-Wpointer-sign]
    ext/_yaml.c:15877:42: warning: pointer targets in assignment differ in signedness [-Wpointer-sign]
    ext/_yaml.c: In function â€˜__pyx_f_5_yaml_8CEmitter__serialize_nodeâ€™:
    ext/_yaml.c:16616:5: warning: pointer targets in passing argument 2 of â€˜yaml_alias_event_initializeâ€™ differ in signedness [-Wpointer-sign]
    /usr/include/yaml.h:553:1: note: expected â€˜yaml_char_t *â€™ but argument is of type â€˜char *â€™
    ext/_yaml.c:17195:7: warning: pointer targets in passing argument 2 of â€˜yaml_scalar_event_initializeâ€™ differ in signedness [-Wpointer-sign]
    /usr/include/yaml.h:578:1: note: expected â€˜yaml_char_t *â€™ but argument is of type â€˜char *â€™
    ext/_yaml.c:17195:7: warning: pointer targets in passing argument 3 of â€˜yaml_scalar_event_initializeâ€™ differ in signedness [-Wpointer-sign]
    /usr/include/yaml.h:578:1: note: expected â€˜yaml_char_t *â€™ but argument is of type â€˜char *â€™
    ext/_yaml.c:17195:7: warning: pointer targets in passing argument 4 of â€˜yaml_scalar_event_initializeâ€™ differ in signedness [-Wpointer-sign]
    /usr/include/yaml.h:578:1: note: expected â€˜yaml_char_t *â€™ but argument is of type â€˜char *â€™
    ext/_yaml.c:17473:7: warning: pointer targets in passing argument 2 of â€˜yaml_sequence_start_event_initializeâ€™ differ in signedness [-Wpointer-sign]
    /usr/include/yaml.h:601:1: note: expected â€˜yaml_char_t *â€™ but argument is of type â€˜char *â€™
    ext/_yaml.c:17473:7: warning: pointer targets in passing argument 3 of â€˜yaml_sequence_start_event_initializeâ€™ differ in signedness [-Wpointer-sign]
    /usr/include/yaml.h:601:1: note: expected â€˜yaml_char_t *â€™ but argument is of type â€˜char *â€™
    ext/_yaml.c:17874:7: warning: pointer targets in passing argument 2 of â€˜yaml_mapping_start_event_initializeâ€™ differ in signedness [-Wpointer-sign]
    /usr/include/yaml.h:633:1: note: expected â€˜yaml_char_t *â€™ but argument is of type â€˜char *â€™
    ext/_yaml.c:17874:7: warning: pointer targets in passing argument 3 of â€˜yaml_mapping_start_event_initializeâ€™ differ in signedness [-Wpointer-sign]
    /usr/include/yaml.h:633:1: note: expected â€˜yaml_char_t *â€™ but argument is of type â€˜char *â€™
    gcc -pthread -shared -L/opt/python/2.7.9/lib -Wl,-rpath=/opt/python/2.7.9/lib build/temp.linux-x86_64-2.7/ext/_yaml.o -L/opt/python/2.7.9/lib -lyaml -lpython2.7 -o build/lib.linux-x86_64-2.7/_yaml.so

  Running setup.py install for sh

Successfully installed PyYAML-3.11 python-coveralls-2.5.0 requests-2.6.0 sh-1.11 six-1.9.0
travis_time:end:03359faf:start=1429388264415674284,finish=1429388270331292264,duration=5915617980[0Ktravis_fold:end:before_script.3[0Ktravis_time:start:27492e70[0K$ export COVERAGE_PROCESS_START=gluon/tests/coverage.ini; ./web2py.py --run_system_tests --with_coverage
Python 2.7
testA (gluon.tests.test_html.TestBareHelpers) ... ok
testB (gluon.tests.test_html.TestBareHelpers) ... ok
testBODY (gluon.tests.test_html.TestBareHelpers) ... ok
testBR (gluon.tests.test_html.TestBareHelpers) ... ok
testCENTER (gluon.tests.test_html.TestBareHelpers) ... ok
testDIV (gluon.tests.test_html.TestBareHelpers) ... ok
testEM (gluon.tests.test_html.TestBareHelpers) ... ok
testEMBED (gluon.tests.test_html.TestBareHelpers) ... ok
testFIELDSET (gluon.tests.test_html.TestBareHelpers) ... ok
testFORM (gluon.tests.test_html.TestBareHelpers) ... ok
testH1 (gluon.tests.test_html.TestBareHelpers) ... ok
testH2 (gluon.tests.test_html.TestBareHelpers) ... ok
testH3 (gluon.tests.test_html.TestBareHelpers) ... ok
testH4 (gluon.tests.test_html.TestBareHelpers) ... ok
testH5 (gluon.tests.test_html.TestBareHelpers) ... ok
testH6 (gluon.tests.test_html.TestBareHelpers) ... ok
testHEAD (gluon.tests.test_html.TestBareHelpers) ... ok
testHR (gluon.tests.test_html.TestBareHelpers) ... ok
testHTML (gluon.tests.test_html.TestBareHelpers) ... ok
testIFRAME (gluon.tests.test_html.TestBareHelpers) ... ok
testIMG (gluon.tests.test_html.TestBareHelpers) ... ok
testINPUT (gluon.tests.test_html.TestBareHelpers) ... ok
testLABEL (gluon.tests.test_html.TestBareHelpers) ... ok
testLI (gluon.tests.test_html.TestBareHelpers) ... ok
testLINK (gluon.tests.test_html.TestBareHelpers) ... ok
testMETA (gluon.tests.test_html.TestBareHelpers) ... ok
testOBJECT (gluon.tests.test_html.TestBareHelpers) ... ok
testOL (gluon.tests.test_html.TestBareHelpers) ... ok
testOPTION (gluon.tests.test_html.TestBareHelpers) ... ok
testP (gluon.tests.test_html.TestBareHelpers) ... ok
testPRE (gluon.tests.test_html.TestBareHelpers) ... ok
testSCRIPT (gluon.tests.test_html.TestBareHelpers) ... ok
testSELECT (gluon.tests.test_html.TestBareHelpers) ... ok
testSPAN (gluon.tests.test_html.TestBareHelpers) ... ok
testSTYLE (gluon.tests.test_html.TestBareHelpers) ... ok
testStaticURL (gluon.tests.test_html.TestBareHelpers) ... ok
testTABLE (gluon.tests.test_html.TestBareHelpers) ... ok
testTAG (gluon.tests.test_html.TestBareHelpers) ... ok
testTBODY (gluon.tests.test_html.TestBareHelpers) ... ok
testTD (gluon.tests.test_html.TestBareHelpers) ... ok
testTEXTAREA (gluon.tests.test_html.TestBareHelpers) ... ok
testTFOOT (gluon.tests.test_html.TestBareHelpers) ... ok
testTH (gluon.tests.test_html.TestBareHelpers) ... ok
testTHEAD (gluon.tests.test_html.TestBareHelpers) ... ok
testTITLE (gluon.tests.test_html.TestBareHelpers) ... ok
testTR (gluon.tests.test_html.TestBareHelpers) ... ok
testTT (gluon.tests.test_html.TestBareHelpers) ... ok
testUL (gluon.tests.test_html.TestBareHelpers) ... ok
testURL (gluon.tests.test_html.TestBareHelpers) ... ok
testXML (gluon.tests.test_html.TestBareHelpers) ... ok
testverifyURL (gluon.tests.test_html.TestBareHelpers) ... ok
testCacheInRam (gluon.tests.test_cache.TestCache) ... ok
testCacheOnDisk (gluon.tests.test_cache.TestCache) ... ok
testCacheWithPrefix (gluon.tests.test_cache.TestCache) ... ok
testRegex (gluon.tests.test_cache.TestCache) ... ok
testTypeRecognition (gluon.tests.test_contenttype.TestContentType) ... ok
test_appconfig (gluon.tests.test_contribs.TestContribs) ... ok
test_fpdf (gluon.tests.test_contribs.TestContribs)
Basic PDF test and sanity checks ... ok
testRun (gluon.tests.test_dal.TestDALSubclass) ... ok
testSerialization (gluon.tests.test_dal.TestDALSubclass) ... ok
testAdata (gluon.tests.test_html.TestData) ... ok
testParseVersion (gluon.tests.test_fileutils.TestFileUtils) ... ok
test_status_message (gluon.tests.test_http.TestHTTP)
Tests http status code message ... ok
testInvalidUrls (gluon.tests.test_is_url.TestIsGenericUrl) ... ok
testPrepending (gluon.tests.test_is_url.TestIsGenericUrl) ... ok
testValidUrls (gluon.tests.test_is_url.TestIsGenericUrl) ... ok
testInvalidUrls (gluon.tests.test_is_url.TestIsHttpUrl) ... ok
testPrepending (gluon.tests.test_is_url.TestIsHttpUrl) ... ok
testValidUrls (gluon.tests.test_is_url.TestIsHttpUrl) ... ok
testExceptionalUse (gluon.tests.test_is_url.TestIsUrl) ... ok
testModeGeneric (gluon.tests.test_is_url.TestIsUrl) ... ok
testModeHttp (gluon.tests.test_is_url.TestIsUrl) ... ok
test_reads_and_writes (gluon.tests.test_languages.TestLanguagesParallel) ... ok
test_reads_and_writes_no_mp (gluon.tests.test_languages.TestLanguagesParallel) ... skipped 'multiprocessing tests available'
test_listcall (gluon.tests.test_storage.TestList) ... ok
test_compile (gluon.tests.test_utils.TestPack) ... ok
test_request_collide (gluon.tests.test_router.TestRouter) ... ok
test_request_uri (gluon.tests.test_router.TestRouter) ... ok
test_router_absolute (gluon.tests.test_router.TestRouter) ... ok
test_router_app (gluon.tests.test_router.TestRouter)
Tests the doctest router app resolution ... ok
test_router_args (gluon.tests.test_router.TestRouter) ... ok
test_router_defapp (gluon.tests.test_router.TestRouter)
Test the default-application function ... ok
test_router_domains (gluon.tests.test_router.TestRouter) ... ok
test_router_domains_ed (gluon.tests.test_router.TestRouter) ... ok
test_router_domains_fs (gluon.tests.test_router.TestRouter) ... ok
test_router_error (gluon.tests.test_router.TestRouter) ... ok
test_router_functions (gluon.tests.test_router.TestRouter) ... ok
test_router_functions2 (gluon.tests.test_router.TestRouter) ... ok
test_router_get_effective (gluon.tests.test_router.TestRouter) ... ok
test_router_hyphen (gluon.tests.test_router.TestRouter) ... ok
test_router_lang (gluon.tests.test_router.TestRouter) ... ok
test_router_nodef (gluon.tests.test_router.TestRouter)
Test no-default functions ... ok
test_router_null (gluon.tests.test_router.TestRouter)
Tests the null router ... ok
test_router_out (gluon.tests.test_router.TestRouter) ... ok
test_router_prefix (gluon.tests.test_router.TestRouter) ... ok
test_router_raise (gluon.tests.test_router.TestRouter) ... ok
test_router_specific (gluon.tests.test_router.TestRouter) ... ok
test_router_static_path (gluon.tests.test_router.TestRouter) ... ok
test_router_syntax (gluon.tests.test_router.TestRouter)
Test router syntax error ... ok
test_routes_anchor (gluon.tests.test_router.TestRouter) ... ok
test_request_uri (gluon.tests.test_routes.TestRoutes) ... ok
test_routes_absolute (gluon.tests.test_routes.TestRoutes) ... ok
test_routes_anchor (gluon.tests.test_routes.TestRoutes) ... ok
test_routes_args (gluon.tests.test_routes.TestRoutes) ... ok
test_routes_defapp (gluon.tests.test_routes.TestRoutes)
Test the default-application function ... ok
test_routes_error (gluon.tests.test_routes.TestRoutes) ... ok
test_routes_null (gluon.tests.test_routes.TestRoutes)
Tests a null routes table ... ok
test_routes_query (gluon.tests.test_routes.TestRoutes)
Test query appending ... ok
test_routes_raise (gluon.tests.test_routes.TestRoutes) ... ok
test_routes_specific (gluon.tests.test_routes.TestRoutes) ... ok
testJSON (gluon.tests.test_serializers.TestSerializers) ... ok
test_IS_URL (gluon.tests.test_is_url.TestSimple) ... ok
test_attribute (gluon.tests.test_storage.TestStorage)
Tests Storage attribute handling ... ok
test_getfirst (gluon.tests.test_storage.TestStorage) ... ok
test_getlast (gluon.tests.test_storage.TestStorage) ... ok
test_getlist (gluon.tests.test_storage.TestStorage) ... ok
test_item (gluon.tests.test_storage.TestStorage)
Tests Storage item handling ... ok
test_pickling (gluon.tests.test_storage.TestStorage)
Test storage pickling ... ok
test_store_none (gluon.tests.test_storage.TestStorage)
Test Storage store-None handling ... ok
test_attribute (gluon.tests.test_storage.TestStorageList) ... ok
test_plain (gluon.tests.test_languages.TestTranslations) ... ok
testInvalidUrls (gluon.tests.test_is_url.TestUnicode) ... ok
testUnicodeToAsciiUrl (gluon.tests.test_is_url.TestUnicode) ... ok
testValidUrls (gluon.tests.test_is_url.TestUnicode) ... ok
test_compare (gluon.tests.test_utils.TestUtils)
Tests the compare funciton ... ok
test_md5_hash (gluon.tests.test_utils.TestUtils)
Tests the md5_hash function ... ok
test_simple_hash (gluon.tests.test_utils.TestUtils)
Tests the simple_hash function ... ok
test_ANY_OF (gluon.tests.test_validators.TestValidators) ... ok
test_CLEANUP (gluon.tests.test_validators.TestValidators) ... ok
test_CRYPT (gluon.tests.test_validators.TestValidators) ... ok
test_IS_ALPHANUMERIC (gluon.tests.test_validators.TestValidators) ... ok
test_IS_DATE (gluon.tests.test_validators.TestValidators) ... ok
test_IS_DATETIME (gluon.tests.test_validators.TestValidators) ... ok
test_IS_DATETIME_IN_RANGE (gluon.tests.test_validators.TestValidators) ... ok
test_IS_DATE_IN_RANGE (gluon.tests.test_validators.TestValidators) ... ok
test_IS_DECIMAL_IN_RANGE (gluon.tests.test_validators.TestValidators) ... ok
test_IS_EMAIL (gluon.tests.test_validators.TestValidators) ... ok
test_IS_EMPTY_OR (gluon.tests.test_validators.TestValidators) ... ok
test_IS_EQUAL_TO (gluon.tests.test_validators.TestValidators) ... ok
test_IS_EXPR (gluon.tests.test_validators.TestValidators) ... ok
test_IS_FLOAT_IN_RANGE (gluon.tests.test_validators.TestValidators) ... ok
test_IS_INT_IN_RANGE (gluon.tests.test_validators.TestValidators) ... ok
test_IS_IN_SET (gluon.tests.test_validators.TestValidators) ... ok
test_IS_IPADDRESS (gluon.tests.test_validators.TestValidators) ... ok
test_IS_IPV4 (gluon.tests.test_validators.TestValidators) ... ok
test_IS_IPV6 (gluon.tests.test_validators.TestValidators) ... ok
test_IS_JSON (gluon.tests.test_validators.TestValidators) ... ok
test_IS_LENGTH (gluon.tests.test_validators.TestValidators) ... ok
test_IS_LIST_OF (gluon.tests.test_validators.TestValidators) ... ok
test_IS_LIST_OF_EMAILS (gluon.tests.test_validators.TestValidators) ... ok
test_IS_LOWER (gluon.tests.test_validators.TestValidators) ... ok
test_IS_MATCH (gluon.tests.test_validators.TestValidators) ... ok
test_IS_NOT_EMPTY (gluon.tests.test_validators.TestValidators) ... ok
test_IS_SLUG (gluon.tests.test_validators.TestValidators) ... ok
test_IS_STRONG (gluon.tests.test_validators.TestValidators) ... ok
test_IS_TIME (gluon.tests.test_validators.TestValidators) ... ok
test_IS_UPLOAD_FILENAME (gluon.tests.test_validators.TestValidators) ... ok
test_IS_UPPER (gluon.tests.test_validators.TestValidators) ... ok
testEqualWrite (gluon.tests.test_template.TestVirtualFields)
test generation of response.write from = ... ok
testRun (gluon.tests.test_template.TestVirtualFields) ... ok
Sleeping before web2py starts...
web2py Web Framework
Created by Massimo Di Pierro, Copyright 2007-2015
Version 2.10.3-stable+timestamp.2015.04.02.16.28.49
Database drivers available: sqlite3, imaplib, pyodbc, pymysql, pg8000

please visit:
	http://127.0.0.1:8000/
use "kill -SIGTERM 2398" to shutdown the web2py server


1 ...

testRegisterAndLogin (gluon.tests.test_web.TestWeb) ... Changed session ID welcome
Changed session ID welcome
Changed session ID welcome
Changed session ID welcome
ok
testSoap (gluon.tests.test_web.TestWeb) ... ERROR:gluon.contrib.pysimplesoap.server:Traceback (most recent call last):
  File "/home/travis/build/web2py/web2py/gluon/contrib/pysimplesoap/server.py", line 184, in dispatch
    ret = function(**args)
  File "/home/travis/build/web2py/web2py/applications/examples/controllers/soap_examples.py", line 26, in division
    return a / b
ZeroDivisionError: float division by zero

ERROR:gluon.contrib.pysimplesoap.server:Traceback (most recent call last):
  File "/home/travis/build/web2py/web2py/gluon/contrib/pysimplesoap/server.py", line 184, in dispatch
    ret = function(**args)
  File "/home/travis/build/web2py/web2py/applications/examples/controllers/soap_examples.py", line 26, in division
    return a / b
ZeroDivisionError: float division by zero

ok
testStaticCache (gluon.tests.test_web.TestWeb) ... ok
Killing webserver
testRun (gluon.tests.test_tools.testAuth) ... ok
BEAUTIFY (html)
Doctest: html.BEAUTIFY ... ok
DIV (html)
Doctest: html.DIV ... ok
append (html.DIV)
Doctest: html.DIV.append ... ok
elements (html.DIV)
Doctest: html.DIV.elements ... ok
flatten (html.DIV)
Doctest: html.DIV.flatten ... ok
insert (html.DIV)
Doctest: html.DIV.insert ... ok
FORM (html)
Doctest: html.FORM ... ok
INPUT (html)
Doctest: html.INPUT ... ok
SELECT (html)
Doctest: html.SELECT ... ok
URL (html)
Doctest: html.URL ... ok
XML (html)
Doctest: html.XML ... ok
__TAG__ (html)
Doctest: html.__TAG__ ... ok
test (html)
Doctest: html.test ... ok
verifyURL (html)
Doctest: html.verifyURL ... ok
web2pyHTMLParser (html)
Doctest: html.web2pyHTMLParser ... ok
__repr__ (utf8.Utf8)
Doctest: utf8.Utf8.__repr__ ... ok
render (contrib.markmin.markmin2html)
Doctest: contrib.markmin.markmin2html.render ... ok

----------------------------------------------------------------------
Ran 181 tests in 7.809s

OK (skipped=1)
travis_time:end:27492e70:start=1429388270335570082,finish=1429388279623187913,duration=9287617831[0K
[32;1mThe command "export COVERAGE_PROCESS_START=gluon/tests/coverage.ini; ./web2py.py --run_system_tests --with_coverage" exited with 0.[0m
travis_fold:start:cache.2[0Kstore build cache
travis_time:start:18df6e66[0Knothing changed, not updating cache
travis_time:end:18df6e66:start=1429388279628009363,finish=1429388279931702293,duration=303692930[0Ktravis_fold:end:cache.2[0Ktravis_fold:start:after_success.1[0Ktravis_time:start:28eaf7d4[0K$ if [[ $TRAVIS_PYTHON_VERSION == '2.7' ]]; then coverage combine; fi
travis_time:end:28eaf7d4:start=1429388279936612298,finish=1429388280082419141,duration=145806843[0Ktravis_fold:end:after_success.1[0Ktravis_fold:start:after_success.2[0Ktravis_time:start:17a46d6a[0K$ if [[ $TRAVIS_PYTHON_VERSION == '2.7' ]]; then coveralls --config_file=gluon/tests/coverage.ini; fi
INFO:sh.command:<Command '/bin/pwd' call_args {'bg': False, 'timeo...(476 more)>: starting process
INFO:sh.command:<Command '/usr/bin/git --no-pa...(53 more)' call_args {'bg': False, 'timeo...(476 more)>: starting process
INFO:sh.command:<Command '/usr/bin/git rev-par...(20 more)' call_args {'bg': False, 'timeo...(476 more)>: starting process
INFO:sh.command:<Command '/usr/bin/git remote ...(2 more)' call_args {'bg': False, 'timeo...(476 more)>: starting process
INFO:requests.packages.urllib3.connectionpool:Starting new HTTPS connection (1): coveralls.io
INFO:coveralls:200
INFO:coveralls:{"message":"Job #2083.2","url":"https://coveralls.io/jobs/5521425"}
travis_time:end:17a46d6a:start=1429388280087975444,finish=1429388289059201178,duration=8971225734[0Ktravis_fold:end:after_success.2[0K
Done. Your build exited with 0.
