travis_fold:start:worker_info[0K[33;1mWorker information[0m
hostname: abac600d-68a2-4c2a-8e3a-6eb0b2422a23@1.worker-org-7d4f67b9bb-dkj6c.gce-production-1
version: v6.2.1 https://github.com/travis-ci/worker/tree/4e3246c044eb4915c2378ffacd0b3d3ed0136bba
instance: travis-job-b8d40177-6b1a-4d0c-bc75-085437ebe3e9 travis-ci-garnet-trusty-1512502259-986baf0 (via amqp)
startup: 6.998547926s
travis_fold:end:worker_info[0Ktravis_time:start:09a7c80c[0Ktravis_time:end:09a7c80c:start=1569387931204825860,finish=1569387931380377326,duration=175551466,event=no_world_writable_dirs[0Ktravis_time:start:045ce1e5[0Ktravis_time:end:045ce1e5:start=1569387931383747644,finish=1569387931385941101,duration=2193457,event=check_unsupported[0Ktravis_time:start:2ce2e164[0Ktravis_fold:start:system_info[0K[33;1mBuild system information[0m
Build language: java
Build group: stable
Build dist: trusty
Build id: 589281070
Job id: 589281071
Runtime kernel version: 4.4.0-101-generic
travis-build version: b09525657
[34m[1mBuild image provisioning date and time[0m
Tue Dec  5 19:58:13 UTC 2017
[34m[1mOperating System Details[0m
Distributor ID:	Ubuntu
Description:	Ubuntu 14.04.5 LTS
Release:	14.04
Codename:	trusty
[34m[1mCookbooks Version[0m
7c2c6a6 https://github.com/travis-ci/travis-cookbooks/tree/7c2c6a6
[34m[1mgit version[0m
git version 2.15.1
[34m[1mbash version[0m
GNU bash, version 4.3.11(1)-release (x86_64-pc-linux-gnu)
[34m[1mgcc version[0m
gcc (Ubuntu 4.8.4-2ubuntu1~14.04.3) 4.8.4
Copyright (C) 2013 Free Software Foundation, Inc.
This is free software; see the source for copying conditions.  There is NO
warranty; not even for MERCHANTABILITY or FITNESS FOR A PARTICULAR PURPOSE.

[34m[1mdocker version[0m
Client:
 Version:      17.09.0-ce
 API version:  1.32
 Go version:   go1.8.3
 Git commit:   afdb6d4
 Built:        Tue Sep 26 22:42:38 2017
 OS/Arch:      linux/amd64

Server:
 Version:      17.09.0-ce
 API version:  1.32 (minimum version 1.12)
 Go version:   go1.8.3
 Git commit:   afdb6d4
 Built:        Tue Sep 26 22:41:20 2017
 OS/Arch:      linux/amd64
 Experimental: false
[34m[1mclang version[0m
clang version 5.0.0 (tags/RELEASE_500/final)
Target: x86_64-unknown-linux-gnu
Thread model: posix
InstalledDir: /usr/local/clang-5.0.0/bin
[34m[1mjq version[0m
jq-1.5
[34m[1mbats version[0m
Bats 0.4.0
[34m[1mshellcheck version[0m
0.4.6
[34m[1mshfmt version[0m
v2.0.0
[34m[1mccache version[0m
ccache version 3.1.9

Copyright (C) 2002-2007 Andrew Tridgell
Copyright (C) 2009-2011 Joel Rosdahl

This program is free software; you can redistribute it and/or modify it under
the terms of the GNU General Public License as published by the Free Software
Foundation; either version 3 of the License, or (at your option) any later
version.
[34m[1mcmake version[0m
cmake version 3.9.2

CMake suite maintained and supported by Kitware (kitware.com/cmake).
[34m[1mheroku version[0m
heroku-cli/6.14.39-addc925 (linux-x64) node-v9.2.0
[34m[1mimagemagick version[0m
Version: ImageMagick 6.7.7-10 2017-07-31 Q16 http://www.imagemagick.org
[34m[1mmd5deep version[0m
4.2
[34m[1mmercurial version[0m
Mercurial Distributed SCM (version 4.2.2)
(see https://mercurial-scm.org for more information)

Copyright (C) 2005-2017 Matt Mackall and others
This is free software; see the source for copying conditions. There is NO
warranty; not even for MERCHANTABILITY or FITNESS FOR A PARTICULAR PURPOSE.
[34m[1mmysql version[0m
mysql  Ver 14.14 Distrib 5.6.33, for debian-linux-gnu (x86_64) using  EditLine wrapper
[34m[1mopenssl version[0m
OpenSSL 1.0.1f 6 Jan 2014
[34m[1mpacker version[0m
Packer v1.0.2

Your version of Packer is out of date! The latest version
is 1.1.2. You can update by downloading from www.packer.io
[34m[1mpostgresql client version[0m
psql (PostgreSQL) 9.6.6
[34m[1mragel version[0m
Ragel State Machine Compiler version 6.8 Feb 2013
Copyright (c) 2001-2009 by Adrian Thurston
[34m[1msubversion version[0m
svn, version 1.8.8 (r1568071)
   compiled Aug 10 2017, 17:20:39 on x86_64-pc-linux-gnu

Copyright (C) 2013 The Apache Software Foundation.
This software consists of contributions made by many people;
see the NOTICE file for more information.
Subversion is open source software, see http://subversion.apache.org/

The following repository access (RA) modules are available:

* ra_svn : Module for accessing a repository using the svn network protocol.
  - with Cyrus SASL authentication
  - handles 'svn' scheme
* ra_local : Module for accessing a repository on local disk.
  - handles 'file' scheme
* ra_serf : Module for accessing a repository via WebDAV protocol using serf.
  - using serf 1.3.3
  - handles 'http' scheme
  - handles 'https' scheme

[34m[1msudo version[0m
Sudo version 1.8.9p5
Configure options: --prefix=/usr -v --with-all-insults --with-pam --with-fqdn --with-logging=syslog --with-logfac=authpriv --with-env-editor --with-editor=/usr/bin/editor --with-timeout=15 --with-password-timeout=0 --with-passprompt=[sudo] password for %p:  --without-lecture --with-tty-tickets --disable-root-mailer --enable-admin-flag --with-sendmail=/usr/sbin/sendmail --with-timedir=/var/lib/sudo --mandir=/usr/share/man --libexecdir=/usr/lib/sudo --with-sssd --with-sssd-lib=/usr/lib/x86_64-linux-gnu --with-selinux
Sudoers policy plugin version 1.8.9p5
Sudoers file grammar version 43

Sudoers path: /etc/sudoers
Authentication methods: 'pam'
Syslog facility if syslog is being used for logging: authpriv
Syslog priority to use when user authenticates successfully: notice
Syslog priority to use when user authenticates unsuccessfully: alert
Send mail if the user is not in sudoers
Use a separate timestamp for each user/tty combo
Lecture user the first time they run sudo
Root may run sudo
Allow some information gathering to give useful error messages
Require fully-qualified hostnames in the sudoers file
Visudo will honor the EDITOR environment variable
Set the LOGNAME and USER environment variables
Length at which to wrap log file lines (0 for no wrap): 80
Authentication timestamp timeout: 15.0 minutes
Password prompt timeout: 0.0 minutes
Number of tries to enter a password: 3
Umask to use or 0777 to use user's: 022
Path to mail program: /usr/sbin/sendmail
Flags for mail program: -t
Address to send mail to: root
Subject line for mail messages: *** SECURITY information for %h ***
Incorrect password message: Sorry, try again.
Path to authentication timestamp dir: /var/lib/sudo
Default password prompt: [sudo] password for %p: 
Default user to run commands as: root
Value to override user's $PATH with: /usr/local/sbin:/usr/local/bin:/usr/sbin:/usr/bin:/sbin:/bin:/snap/bin
Path to the editor for use by visudo: /usr/bin/editor
When to require a password for 'list' pseudocommand: any
When to require a password for 'verify' pseudocommand: all
File descriptors >= 3 will be closed before executing a command
Environment variables to check for sanity:
	TZ
	TERM
	LINGUAS
	LC_*
	LANGUAGE
	LANG
	COLORTERM
Environment variables to remove:
	RUBYOPT
	RUBYLIB
	PYTHONUSERBASE
	PYTHONINSPECT
	PYTHONPATH
	PYTHONHOME
	TMPPREFIX
	ZDOTDIR
	READNULLCMD
	NULLCMD
	FPATH
	PERL5DB
	PERL5OPT
	PERL5LIB
	PERLLIB
	PERLIO_DEBUG 
	JAVA_TOOL_OPTIONS
	SHELLOPTS
	GLOBIGNORE
	PS4
	BASH_ENV
	ENV
	TERMCAP
	TERMPATH
	TERMINFO_DIRS
	TERMINFO
	_RLD*
	LD_*
	PATH_LOCALE
	NLSPATH
	HOSTALIASES
	RES_OPTIONS
	LOCALDOMAIN
	CDPATH
	IFS
Environment variables to preserve:
	JAVA_HOME
	TRAVIS
	CI
	DEBIAN_FRONTEND
	XAUTHORIZATION
	XAUTHORITY
	PS2
	PS1
	PATH
	LS_COLORS
	KRB5CCNAME
	HOSTNAME
	HOME
	DISPLAY
	COLORS
Locale to use while parsing sudoers: C
Directory in which to store input/output logs: /var/log/sudo-io
File in which to store the input/output log: %{seq}
Add an entry to the utmp/utmpx file when allocating a pty
PAM service name to use
PAM service name to use for login shells
Create a new PAM session for the command to run in
Maximum I/O log sequence number: 0

Local IP address and netmask pairs:
	10.240.0.28/255.255.255.255
	172.17.0.1/255.255.0.0

Sudoers I/O plugin version 1.8.9p5
[34m[1mgzip version[0m
gzip 1.6
Copyright (C) 2007, 2010, 2011 Free Software Foundation, Inc.
Copyright (C) 1993 Jean-loup Gailly.
This is free software.  You may redistribute copies of it under the terms of
the GNU General Public License <http://www.gnu.org/licenses/gpl.html>.
There is NO WARRANTY, to the extent permitted by law.

Written by Jean-loup Gailly.
[34m[1mzip version[0m
Copyright (c) 1990-2008 Info-ZIP - Type 'zip "-L"' for software license.
This is Zip 3.0 (July 5th 2008), by Info-ZIP.
Currently maintained by E. Gordon.  Please send bug reports to
the authors using the web page at www.info-zip.org; see README for details.

Latest sources and executables are at ftp://ftp.info-zip.org/pub/infozip,
as of above date; see http://www.info-zip.org/ for other sites.

Compiled with gcc 4.8.2 for Unix (Linux ELF) on Oct 21 2013.

Zip special compilation options:
	USE_EF_UT_TIME       (store Universal Time)
	BZIP2_SUPPORT        (bzip2 library version 1.0.6, 6-Sept-2010)
	    bzip2 code and library copyright (c) Julian R Seward
	    (See the bzip2 license for terms of use)
	SYMLINK_SUPPORT      (symbolic links supported)
	LARGE_FILE_SUPPORT   (can read and write large files on file system)
	ZIP64_SUPPORT        (use Zip64 to store large files in archives)
	UNICODE_SUPPORT      (store and read UTF-8 Unicode paths)
	STORE_UNIX_UIDs_GIDs (store UID/GID sizes/values using new extra field)
	UIDGID_NOT_16BIT     (old Unix 16-bit UID/GID extra field not used)
	[encryption, version 2.91 of 05 Jan 2007] (modified for Zip 3)

Encryption notice:
	The encryption code of this program is not copyrighted and is
	put in the public domain.  It was originally written in Europe
	and, to the best of our knowledge, can be freely distributed
	in both source and object forms from any country, including
	the USA under License Exception TSU of the U.S. Export
	Administration Regulations (section 740.13(e)) of 6 June 2002.

Zip environment options:
             ZIP:  [none]
          ZIPOPT:  [none]
[34m[1mvim version[0m
VIM - Vi IMproved 7.4 (2013 Aug 10, compiled Nov 24 2016 16:43:18)
Included patches: 1-52
Extra patches: 8.0.0056
Modified by pkg-vim-maintainers@lists.alioth.debian.org
Compiled by buildd@
Huge version without GUI.  Features included (+) or not (-):
+acl             +farsi           +mouse_netterm   +syntax
+arabic          +file_in_path    +mouse_sgr       +tag_binary
+autocmd         +find_in_path    -mouse_sysmouse  +tag_old_static
-balloon_eval    +float           +mouse_urxvt     -tag_any_white
-browse          +folding         +mouse_xterm     -tcl
++builtin_terms  -footer          +multi_byte      +terminfo
+byte_offset     +fork()          +multi_lang      +termresponse
+cindent         +gettext         -mzscheme        +textobjects
-clientserver    -hangul_input    +netbeans_intg   +title
-clipboard       +iconv           +path_extra      -toolbar
+cmdline_compl   +insert_expand   -perl            +user_commands
+cmdline_hist    +jumplist        +persistent_undo +vertsplit
+cmdline_info    +keymap          +postscript      +virtualedit
+comments        +langmap         +printer         +visual
+conceal         +libcall         +profile         +visualextra
+cryptv          +linebreak       +python          +viminfo
+cscope          +lispindent      -python3         +vreplace
+cursorbind      +listcmds        +quickfix        +wildignore
+cursorshape     +localmap        +reltime         +wildmenu
+dialog_con      -lua             +rightleft       +windows
+diff            +menu            -ruby            +writebackup
+digraphs        +mksession       +scrollbind      -X11
-dnd             +modify_fname    +signs           -xfontset
-ebcdic          +mouse           +smartindent     -xim
+emacs_tags      -mouseshape      -sniff           -xsmp
+eval            +mouse_dec       +startuptime     -xterm_clipboard
+ex_extra        +mouse_gpm       +statusline      -xterm_save
+extra_search    -mouse_jsbterm   -sun_workshop    -xpm
   system vimrc file: "$VIM/vimrc"
     user vimrc file: "$HOME/.vimrc"
 2nd user vimrc file: "~/.vim/vimrc"
      user exrc file: "$HOME/.exrc"
  fall-back for $VIM: "/usr/share/vim"
Compilation: gcc -c -I. -Iproto -DHAVE_CONFIG_H     -g -O2 -fstack-protector --param=ssp-buffer-size=4 -Wformat -Werror=format-security -U_FORTIFY_SOURCE -D_FORTIFY_SOURCE=1      
Linking: gcc   -Wl,-Bsymbolic-functions -Wl,-z,relro -Wl,--as-needed -o vim        -lm -ltinfo -lnsl  -lselinux  -lacl -lattr -lgpm -ldl    -L/usr/lib/python2.7/config-x86_64-linux-gnu -lpython2.7 -lpthread -ldl -lutil -lm -Xlinker -export-dynamic -Wl,-O1 -Wl,-Bsymbolic-functions      
[34m[1miptables version[0m
iptables v1.4.21
[34m[1mcurl version[0m
curl 7.35.0 (x86_64-pc-linux-gnu) libcurl/7.35.0 OpenSSL/1.0.1f zlib/1.2.8 libidn/1.28 librtmp/2.3
[34m[1mwget version[0m
GNU Wget 1.15 built on linux-gnu.
[34m[1mrsync version[0m
rsync  version 3.1.0  protocol version 31
[34m[1mgimme version[0m
v1.2.0
[34m[1mnvm version[0m
0.33.6
[34m[1mperlbrew version[0m
/home/travis/perl5/perlbrew/bin/perlbrew  - App::perlbrew/0.80
[34m[1mphpenv version[0m
rbenv 1.1.1-25-g6aa70b6
[34m[1mrvm version[0m
rvm 1.29.3 (latest) by Michal Papis, Piotr Kuczynski, Wayne E. Seguin [https://rvm.io]
[34m[1mdefault ruby version[0m
ruby 2.4.1p111 (2017-03-22 revision 58053) [x86_64-linux]
[34m[1mCouchDB version[0m
couchdb 1.6.1
[34m[1mElasticSearch version[0m
5.5.0
[34m[1mInstalled Firefox version[0m
firefox 56.0.2
[34m[1mMongoDB version[0m
MongoDB 3.4.10
[34m[1mPhantomJS version[0m
2.1.1
[34m[1mPre-installed PostgreSQL versions[0m
9.2.24
9.3.20
9.4.15
9.5.10
9.6.6
[34m[1mRabbitMQ Version[0m
3.6.14
[34m[1mRedis version[0m
redis-server 4.0.6
[34m[1mriak version[0m
2.2.3
[34m[1mPre-installed Go versions[0m
1.7.4
[34m[1mant version[0m
Apache Ant(TM) version 1.9.3 compiled on April 8 2014
[34m[1mmvn version[0m
Apache Maven 3.5.2 (138edd61fd100ec658bfa2d307c43b76940a5d7d; 2017-10-18T07:58:13Z)
Maven home: /usr/local/maven-3.5.2
Java version: 1.8.0_151, vendor: Oracle Corporation
Java home: /usr/lib/jvm/java-8-oracle/jre
Default locale: en_US, platform encoding: UTF-8
OS name: "linux", version: "4.4.0-98-generic", arch: "amd64", family: "unix"
[34m[1mgradle version[0m

------------------------------------------------------------
Gradle 4.0.1
------------------------------------------------------------

Build time:   2017-07-07 14:02:41 UTC
Revision:     38e5dc0f772daecca1d2681885d3d85414eb6826

Groovy:       2.4.11
Ant:          Apache Ant(TM) version 1.9.6 compiled on June 29 2015
JVM:          1.8.0_151 (Oracle Corporation 25.151-b12)
OS:           Linux 4.4.0-98-generic amd64

[34m[1mlein version[0m
Leiningen 2.8.1 on Java 1.8.0_151 Java HotSpot(TM) 64-Bit Server VM
[34m[1mPre-installed Node.js versions[0m
v4.8.6
v6.12.0
v6.12.1
v8.9
v8.9.1
[34m[1mphpenv versions[0m
  system
  5.6
* 5.6.32 (set by /home/travis/.phpenv/version)
  7.0
  7.0.25
  7.1
  7.1.11
  hhvm
  hhvm-stable
[34m[1mcomposer --version[0m
Composer version 1.5.2 2017-09-11 16:59:25
[34m[1mPre-installed Ruby versions[0m
ruby-2.2.7
ruby-2.3.4
ruby-2.4.1
travis_fold:end:system_info[0K
travis_time:end:2ce2e164:start=1569387931388806679,finish=1569387931395185226,duration=6378547,event=show_system_info[0Ktravis_time:start:037a598c[0Ktravis_time:end:037a598c:start=1569387931398039985,finish=1569387931425390608,duration=27350623,event=rm_riak_source[0Ktravis_time:start:02797ba0[0Ktravis_time:end:02797ba0:start=1569387931428536759,finish=1569387931433667926,duration=5131167,event=fix_rwky_redis[0Ktravis_time:start:13e83790[0Ktravis_time:end:13e83790:start=1569387931436575223,finish=1569387931808146566,duration=371571343,event=wait_for_network[0Ktravis_time:start:0ce085d7[0Ktravis_time:end:0ce085d7:start=1569387931811398328,finish=1569387932715500142,duration=904101814,event=update_apt_keys[0Ktravis_time:start:1dae72ee[0Ktravis_time:end:1dae72ee:start=1569387932718840230,finish=1569387933737352074,duration=1018511844,event=fix_hhvm_source[0Ktravis_time:start:004e27ec[0Ktravis_time:end:004e27ec:start=1569387933740642125,finish=1569387933749959080,duration=9316955,event=update_mongo_arch[0Ktravis_time:start:0f6165c0[0Ktravis_time:end:0f6165c0:start=1569387933753063969,finish=1569387933793279982,duration=40216013,event=fix_sudo_enabled_trusty[0Ktravis_time:start:186f790c[0Ktravis_time:end:186f790c:start=1569387933796653612,finish=1569387933798995984,duration=2342372,event=update_glibc[0Ktravis_time:start:0464b920[0Ktravis_time:end:0464b920:start=1569387933802010445,finish=1569387933810180412,duration=8169967,event=clean_up_path[0Ktravis_time:start:0a3c31b2[0Ktravis_time:end:0a3c31b2:start=1569387933813383094,finish=1569387933821165516,duration=7782422,event=fix_resolv_conf[0Ktravis_time:start:1b59b86e[0Ktravis_time:end:1b59b86e:start=1569387933824287347,finish=1569387933833503899,duration=9216552,event=fix_etc_hosts[0Ktravis_time:start:11fdccf6[0Ktravis_time:end:11fdccf6:start=1569387933836549840,finish=1569387933845371707,duration=8821867,event=fix_mvn_settings_xml[0Ktravis_time:start:1ae83870[0Ktravis_time:end:1ae83870:start=1569387933848258848,finish=1569387933857833106,duration=9574258,event=no_ipv6_localhost[0Ktravis_time:start:06f55bb0[0Ktravis_time:end:06f55bb0:start=1569387933860974524,finish=1569387933863193636,duration=2219112,event=fix_etc_mavenrc[0Ktravis_time:start:0eedc36f[0Ktravis_time:end:0eedc36f:start=1569387933866167280,finish=1569387933869194981,duration=3027701,event=fix_wwdr_certificate[0Ktravis_time:start:0482aad7[0Ktravis_time:end:0482aad7:start=1569387933872235915,finish=1569387933896008726,duration=23772811,event=put_localhost_first[0Ktravis_time:start:040a609a[0Ktravis_time:end:040a609a:start=1569387933899181526,finish=1569387933902245179,duration=3063653,event=home_paths[0Ktravis_time:start:2eba8edf[0Ktravis_time:end:2eba8edf:start=1569387933905273107,finish=1569387933917585905,duration=12312798,event=disable_initramfs[0Ktravis_time:start:2599874c[0Ktravis_time:end:2599874c:start=1569387933920707567,finish=1569387934209664840,duration=288957273,event=disable_ssh_roaming[0Ktravis_time:start:125661c0[0Ktravis_time:end:125661c0:start=1569387934213013425,finish=1569387934215417237,duration=2403812,event=debug_tools[0Ktravis_time:start:0fa30041[0Ktravis_time:end:0fa30041:start=1569387934218633119,finish=1569387934221738371,duration=3105252,event=uninstall_oclint[0Ktravis_time:start:0c65fa60[0Ktravis_time:end:0c65fa60:start=1569387934224725908,finish=1569387934227689515,duration=2963607,event=rvm_use[0Ktravis_time:start:1b27b6bb[0Ktravis_time:end:1b27b6bb:start=1569387934230751655,finish=1569387934238378385,duration=7626730,event=rm_etc_boto_cfg[0Ktravis_time:start:0f5656ec[0Ktravis_time:end:0f5656ec:start=1569387934241507084,finish=1569387934243764797,duration=2257713,event=rm_oraclejdk8_symlink[0Ktravis_time:start:02945c0d[0Ktravis_time:end:02945c0d:start=1569387934246765516,finish=1569387934299674425,duration=52908909,event=enable_i386[0Ktravis_time:start:0034134c[0Ktravis_time:end:0034134c:start=1569387934303108892,finish=1569387934307710128,duration=4601236,event=update_rubygems[0Ktravis_time:start:20f90919[0Ktravis_time:end:20f90919:start=1569387934310976445,finish=1569387935297838987,duration=986862542,event=ensure_path_components[0Ktravis_time:start:02b120c0[0Ktravis_time:end:02b120c0:start=1569387935301225594,finish=1569387935303509741,duration=2284147,event=redefine_curl[0Ktravis_time:start:22d2d901[0Ktravis_time:end:22d2d901:start=1569387935306649177,finish=1569387935308853040,duration=2203863,event=nonblock_pipe[0Ktravis_time:start:007879da[0Ktravis_time:end:007879da:start=1569387935311767053,finish=1569387935350514140,duration=38747087,event=apt_get_update[0Ktravis_time:start:142d5c28[0Ktravis_time:end:142d5c28:start=1569387935353767957,finish=1569387935356037306,duration=2269349,event=deprecate_xcode_64[0Ktravis_time:start:07eb74c8[0Ktravis_time:end:07eb74c8:start=1569387935359051683,finish=1569387939716257378,duration=4357205695,event=update_heroku[0Ktravis_time:start:00579530[0Ktravis_time:end:00579530:start=1569387939719468216,finish=1569387939721881432,duration=2413216,event=shell_session_update[0Ktravis_time:start:04b663ca[0Ktravis_fold:start:docker_mtu[0Kdocker stop/waiting
docker start/running, process 3883
travis_fold:end:docker_mtu[0Ktravis_time:end:04b663ca:start=1569387939725019860,finish=1569387940917237909,duration=1192218049,event=set_docker_mtu[0Ktravis_time:start:00e20900[0Ktravis_fold:start:resolvconf[0Kresolvconf stop/waiting
resolvconf start/running
travis_fold:end:resolvconf[0Ktravis_time:end:00e20900:start=1569387940920441492,finish=1569387940980782916,duration=60341424,event=resolvconf[0Ktravis_time:start:12007184[0Ktravis_time:end:12007184:start=1569387940984071929,finish=1569387941160760133,duration=176688204,event=maven_central_mirror[0K
travis_fold:start:install_jdk[0K[33;1mInstalling oraclejdk8[0m
$ jdk_switcher use "oraclejdk8"
Switching to Oracle JDK8 (java-8-oracle), JAVA_HOME will be set to /usr/lib/jvm/java-8-oracle
travis_fold:end:install_jdk[0Ktravis_time:start:19844d04[0Ktravis_time:end:19844d04:start=1569387941591056442,finish=1569387941593409008,duration=2352566,event=fix_ps4[0Ktravis_time:start:10c97336[0K
travis_fold:start:git.checkout[0Ktravis_time:start:18231c6c[0K$ git clone --depth=50 --branch=develop https://github.com/Whiley/WhileyCompiler.git Whiley/WhileyCompiler
Cloning into 'Whiley/WhileyCompiler'...
remote: Enumerating objects: 2566, done.[K
remote: Counting objects:   0% (1/2566)[Kremote: Counting objects:   1% (26/2566)[Kremote: Counting objects:   2% (52/2566)[Kremote: Counting objects:   3% (77/2566)[Kremote: Counting objects:   4% (103/2566)[Kremote: Counting objects:   5% (129/2566)[Kremote: Counting objects:   6% (154/2566)[Kremote: Counting objects:   7% (180/2566)[Kremote: Counting objects:   8% (206/2566)[Kremote: Counting objects:   9% (231/2566)[Kremote: Counting objects:  10% (257/2566)[Kremote: Counting objects:  11% (283/2566)[Kremote: Counting objects:  12% (308/2566)[Kremote: Counting objects:  13% (334/2566)[Kremote: Counting objects:  14% (360/2566)[Kremote: Counting objects:  15% (385/2566)[Kremote: Counting objects:  16% (411/2566)[Kremote: Counting objects:  17% (437/2566)[Kremote: Counting objects:  18% (462/2566)[Kremote: Counting objects:  19% (488/2566)[Kremote: Counting objects:  20% (514/2566)[Kremote: Counting objects:  21% (539/2566)[Kremote: Counting objects:  22% (565/2566)[Kremote: Counting objects:  23% (591/2566)[Kremote: Counting objects:  24% (616/2566)[Kremote: Counting objects:  25% (642/2566)[Kremote: Counting objects:  26% (668/2566)[Kremote: Counting objects:  27% (693/2566)[Kremote: Counting objects:  28% (719/2566)[Kremote: Counting objects:  29% (745/2566)[Kremote: Counting objects:  30% (770/2566)[Kremote: Counting objects:  31% (796/2566)[Kremote: Counting objects:  32% (822/2566)[Kremote: Counting objects:  33% (847/2566)[Kremote: Counting objects:  34% (873/2566)[Kremote: Counting objects:  35% (899/2566)[Kremote: Counting objects:  36% (924/2566)[Kremote: Counting objects:  37% (950/2566)[Kremote: Counting objects:  38% (976/2566)[Kremote: Counting objects:  39% (1001/2566)[Kremote: Counting objects:  40% (1027/2566)[Kremote: Counting objects:  41% (1053/2566)[Kremote: Counting objects:  42% (1078/2566)[Kremote: Counting objects:  43% (1104/2566)[Kremote: Counting objects:  44% (1130/2566)[Kremote: Counting objects:  45% (1155/2566)[Kremote: Counting objects:  46% (1181/2566)[Kremote: Counting objects:  47% (1207/2566)[Kremote: Counting objects:  48% (1232/2566)[Kremote: Counting objects:  49% (1258/2566)[Kremote: Counting objects:  50% (1283/2566)[Kremote: Counting objects:  51% (1309/2566)[Kremote: Counting objects:  52% (1335/2566)[Kremote: Counting objects:  53% (1360/2566)[Kremote: Counting objects:  54% (1386/2566)[Kremote: Counting objects:  55% (1412/2566)[Kremote: Counting objects:  56% (1437/2566)[Kremote: Counting objects:  57% (1463/2566)[Kremote: Counting objects:  58% (1489/2566)[Kremote: Counting objects:  59% (1514/2566)[Kremote: Counting objects:  60% (1540/2566)[Kremote: Counting objects:  61% (1566/2566)[Kremote: Counting objects:  62% (1591/2566)[Kremote: Counting objects:  63% (1617/2566)[Kremote: Counting objects:  64% (1643/2566)[Kremote: Counting objects:  65% (1668/2566)[Kremote: Counting objects:  66% (1694/2566)[Kremote: Counting objects:  67% (1720/2566)[Kremote: Counting objects:  68% (1745/2566)[Kremote: Counting objects:  69% (1771/2566)[Kremote: Counting objects:  70% (1797/2566)[Kremote: Counting objects:  71% (1822/2566)[Kremote: Counting objects:  72% (1848/2566)[Kremote: Counting objects:  73% (1874/2566)[Kremote: Counting objects:  74% (1899/2566)[Kremote: Counting objects:  75% (1925/2566)[Kremote: Counting objects:  76% (1951/2566)[Kremote: Counting objects:  77% (1976/2566)[Kremote: Counting objects:  78% (2002/2566)[Kremote: Counting objects:  79% (2028/2566)[Kremote: Counting objects:  80% (2053/2566)[Kremote: Counting objects:  81% (2079/2566)[Kremote: Counting objects:  82% (2105/2566)[Kremote: Counting objects:  83% (2130/2566)[Kremote: Counting objects:  84% (2156/2566)[Kremote: Counting objects:  85% (2182/2566)[Kremote: Counting objects:  86% (2207/2566)[Kremote: Counting objects:  87% (2233/2566)[Kremote: Counting objects:  88% (2259/2566)[Kremote: Counting objects:  89% (2284/2566)[Kremote: Counting objects:  90% (2310/2566)[Kremote: Counting objects:  91% (2336/2566)[Kremote: Counting objects:  92% (2361/2566)[Kremote: Counting objects:  93% (2387/2566)[Kremote: Counting objects:  94% (2413/2566)[Kremote: Counting objects:  95% (2438/2566)[Kremote: Counting objects:  96% (2464/2566)[Kremote: Counting objects:  97% (2490/2566)[Kremote: Counting objects:  98% (2515/2566)[Kremote: Counting objects:  99% (2541/2566)[Kremote: Counting objects: 100% (2566/2566)[Kremote: Counting objects: 100% (2566/2566), done.[K
remote: Compressing objects:   0% (1/1811)[Kremote: Compressing objects:   1% (19/1811)[Kremote: Compressing objects:   2% (37/1811)[Kremote: Compressing objects:   3% (55/1811)[Kremote: Compressing objects:   4% (73/1811)[Kremote: Compressing objects:   5% (91/1811)[Kremote: Compressing objects:   6% (109/1811)[Kremote: Compressing objects:   7% (127/1811)[Kremote: Compressing objects:   8% (145/1811)[Kremote: Compressing objects:   9% (163/1811)[Kremote: Compressing objects:  10% (182/1811)[Kremote: Compressing objects:  11% (200/1811)[Kremote: Compressing objects:  12% (218/1811)[Kremote: Compressing objects:  13% (236/1811)[Kremote: Compressing objects:  14% (254/1811)[Kremote: Compressing objects:  15% (272/1811)[Kremote: Compressing objects:  16% (290/1811)[Kremote: Compressing objects:  17% (308/1811)[Kremote: Compressing objects:  18% (326/1811)[Kremote: Compressing objects:  19% (345/1811)[Kremote: Compressing objects:  20% (363/1811)[Kremote: Compressing objects:  21% (381/1811)[Kremote: Compressing objects:  22% (399/1811)[Kremote: Compressing objects:  23% (417/1811)[Kremote: Compressing objects:  24% (435/1811)[Kremote: Compressing objects:  25% (453/1811)[Kremote: Compressing objects:  26% (471/1811)[Kremote: Compressing objects:  27% (489/1811)[Kremote: Compressing objects:  28% (508/1811)[Kremote: Compressing objects:  29% (526/1811)[Kremote: Compressing objects:  30% (544/1811)[Kremote: Compressing objects:  31% (562/1811)[Kremote: Compressing objects:  32% (580/1811)[Kremote: Compressing objects:  33% (598/1811)[Kremote: Compressing objects:  34% (616/1811)[Kremote: Compressing objects:  35% (634/1811)[Kremote: Compressing objects:  36% (652/1811)[Kremote: Compressing objects:  37% (671/1811)[Kremote: Compressing objects:  38% (689/1811)[Kremote: Compressing objects:  39% (707/1811)[Kremote: Compressing objects:  40% (725/1811)[Kremote: Compressing objects:  41% (743/1811)[Kremote: Compressing objects:  42% (761/1811)[Kremote: Compressing objects:  43% (779/1811)[Kremote: Compressing objects:  44% (797/1811)[Kremote: Compressing objects:  45% (815/1811)[Kremote: Compressing objects:  46% (834/1811)[Kremote: Compressing objects:  47% (852/1811)[Kremote: Compressing objects:  48% (870/1811)[Kremote: Compressing objects:  49% (888/1811)[Kremote: Compressing objects:  50% (906/1811)[Kremote: Compressing objects:  51% (924/1811)[Kremote: Compressing objects:  52% (942/1811)[Kremote: Compressing objects:  53% (960/1811)[Kremote: Compressing objects:  54% (978/1811)[Kremote: Compressing objects:  55% (997/1811)[Kremote: Compressing objects:  56% (1015/1811)[Kremote: Compressing objects:  57% (1033/1811)[Kremote: Compressing objects:  58% (1051/1811)[Kremote: Compressing objects:  59% (1069/1811)[Kremote: Compressing objects:  60% (1087/1811)[Kremote: Compressing objects:  61% (1105/1811)[Kremote: Compressing objects:  62% (1123/1811)[Kremote: Compressing objects:  63% (1141/1811)[Kremote: Compressing objects:  64% (1160/1811)[Kremote: Compressing objects:  65% (1178/1811)[Kremote: Compressing objects:  66% (1196/1811)[Kremote: Compressing objects:  67% (1214/1811)[Kremote: Compressing objects:  68% (1232/1811)[Kremote: Compressing objects:  69% (1250/1811)[Kremote: Compressing objects:  70% (1268/1811)[Kremote: Compressing objects:  71% (1286/1811)[Kremote: Compressing objects:  72% (1304/1811)[Kremote: Compressing objects:  73% (1323/1811)[Kremote: Compressing objects:  74% (1341/1811)[Kremote: Compressing objects:  75% (1359/1811)[Kremote: Compressing objects:  76% (1377/1811)[Kremote: Compressing objects:  77% (1395/1811)[Kremote: Compressing objects:  78% (1413/1811)[Kremote: Compressing objects:  79% (1431/1811)[Kremote: Compressing objects:  80% (1449/1811)[Kremote: Compressing objects:  81% (1467/1811)[Kremote: Compressing objects:  82% (1486/1811)[Kremote: Compressing objects:  83% (1504/1811)[Kremote: Compressing objects:  84% (1522/1811)[Kremote: Compressing objects:  85% (1540/1811)[Kremote: Compressing objects:  86% (1558/1811)[Kremote: Compressing objects:  87% (1576/1811)[Kremote: Compressing objects:  88% (1594/1811)[Kremote: Compressing objects:  89% (1612/1811)[Kremote: Compressing objects:  90% (1630/1811)[Kremote: Compressing objects:  91% (1649/1811)[Kremote: Compressing objects:  92% (1667/1811)[Kremote: Compressing objects:  93% (1685/1811)[Kremote: Compressing objects:  94% (1703/1811)[Kremote: Compressing objects:  95% (1721/1811)[Kremote: Compressing objects:  96% (1739/1811)[Kremote: Compressing objects:  97% (1757/1811)[Kremote: Compressing objects:  98% (1775/1811)[Kremote: Compressing objects:  99% (1793/1811)[Kremote: Compressing objects: 100% (1811/1811)[Kremote: Compressing objects: 100% (1811/1811), done.[K
Receiving objects:   0% (1/2566)   Receiving objects:   1% (26/2566)   Receiving objects:   2% (52/2566)   Receiving objects:   3% (77/2566)   Receiving objects:   4% (103/2566)   Receiving objects:   5% (129/2566)   Receiving objects:   6% (154/2566)   Receiving objects:   7% (180/2566)   Receiving objects:   8% (206/2566)   Receiving objects:   9% (231/2566)   Receiving objects:  10% (257/2566)   Receiving objects:  11% (283/2566)   Receiving objects:  12% (308/2566)   Receiving objects:  13% (334/2566)   Receiving objects:  14% (360/2566)   Receiving objects:  15% (385/2566)   Receiving objects:  16% (411/2566)   Receiving objects:  17% (437/2566)   Receiving objects:  18% (462/2566)   Receiving objects:  19% (488/2566)   Receiving objects:  20% (514/2566)   Receiving objects:  21% (539/2566)   Receiving objects:  22% (565/2566)   Receiving objects:  23% (591/2566)   Receiving objects:  24% (616/2566)   Receiving objects:  25% (642/2566)   Receiving objects:  26% (668/2566)   Receiving objects:  27% (693/2566)   Receiving objects:  28% (719/2566)   Receiving objects:  29% (745/2566)   Receiving objects:  30% (770/2566)   Receiving objects:  31% (796/2566)   Receiving objects:  32% (822/2566)   Receiving objects:  33% (847/2566)   Receiving objects:  34% (873/2566)   Receiving objects:  35% (899/2566)   Receiving objects:  36% (924/2566)   Receiving objects:  37% (950/2566)   Receiving objects:  38% (976/2566)   Receiving objects:  39% (1001/2566)   Receiving objects:  40% (1027/2566)   Receiving objects:  41% (1053/2566)   Receiving objects:  42% (1078/2566)   Receiving objects:  43% (1104/2566)   Receiving objects:  44% (1130/2566)   Receiving objects:  45% (1155/2566)   Receiving objects:  46% (1181/2566)   Receiving objects:  47% (1207/2566)   Receiving objects:  48% (1232/2566)   Receiving objects:  49% (1258/2566)   Receiving objects:  50% (1283/2566)   Receiving objects:  51% (1309/2566)   Receiving objects:  52% (1335/2566)   Receiving objects:  53% (1360/2566)   Receiving objects:  54% (1386/2566)   Receiving objects:  55% (1412/2566)   Receiving objects:  56% (1437/2566)   Receiving objects:  57% (1463/2566)   Receiving objects:  58% (1489/2566)   Receiving objects:  59% (1514/2566)   Receiving objects:  60% (1540/2566)   Receiving objects:  61% (1566/2566)   Receiving objects:  62% (1591/2566)   Receiving objects:  63% (1617/2566)   Receiving objects:  64% (1643/2566)   Receiving objects:  65% (1668/2566)   Receiving objects:  66% (1694/2566)   Receiving objects:  67% (1720/2566)   Receiving objects:  68% (1745/2566)   Receiving objects:  69% (1771/2566)   Receiving objects:  70% (1797/2566)   Receiving objects:  71% (1822/2566)   Receiving objects:  72% (1848/2566)   Receiving objects:  73% (1874/2566)   Receiving objects:  74% (1899/2566)   Receiving objects:  75% (1925/2566)   Receiving objects:  76% (1951/2566)   Receiving objects:  77% (1976/2566)   Receiving objects:  78% (2002/2566)   Receiving objects:  79% (2028/2566)   Receiving objects:  80% (2053/2566)   Receiving objects:  81% (2079/2566)   Receiving objects:  82% (2105/2566)   Receiving objects:  83% (2130/2566)   Receiving objects:  84% (2156/2566)   Receiving objects:  85% (2182/2566)   Receiving objects:  86% (2207/2566)   Receiving objects:  87% (2233/2566)   Receiving objects:  88% (2259/2566)   remote: Total 2566 (delta 674), reused 1898 (delta 608), pack-reused 0[K
Receiving objects:  89% (2284/2566)   Receiving objects:  90% (2310/2566)   Receiving objects:  91% (2336/2566)   Receiving objects:  92% (2361/2566)   Receiving objects:  93% (2387/2566)   Receiving objects:  94% (2413/2566)   Receiving objects:  95% (2438/2566)   Receiving objects:  96% (2464/2566)   Receiving objects:  97% (2490/2566)   Receiving objects:  98% (2515/2566)   Receiving objects:  99% (2541/2566)   Receiving objects: 100% (2566/2566)   Receiving objects: 100% (2566/2566), 1.83 MiB | 13.51 MiB/s, done.
Resolving deltas:   0% (0/674)   Resolving deltas:   3% (23/674)   Resolving deltas:   6% (45/674)   Resolving deltas:   7% (53/674)   Resolving deltas:   8% (57/674)   Resolving deltas:   9% (62/674)   Resolving deltas:  10% (71/674)   Resolving deltas:  12% (86/674)   Resolving deltas:  13% (90/674)   Resolving deltas:  14% (97/674)   Resolving deltas:  15% (102/674)   Resolving deltas:  18% (128/674)   Resolving deltas:  19% (130/674)   Resolving deltas:  20% (138/674)   Resolving deltas:  21% (146/674)   Resolving deltas:  22% (154/674)   Resolving deltas:  23% (156/674)   Resolving deltas:  24% (162/674)   Resolving deltas:  25% (173/674)   Resolving deltas:  26% (181/674)   Resolving deltas:  27% (186/674)   Resolving deltas:  28% (189/674)   Resolving deltas:  29% (197/674)   Resolving deltas:  30% (206/674)   Resolving deltas:  31% (212/674)   Resolving deltas:  32% (222/674)   Resolving deltas:  33% (229/674)   Resolving deltas:  34% (232/674)   Resolving deltas:  38% (257/674)   Resolving deltas:  39% (263/674)   Resolving deltas:  40% (275/674)   Resolving deltas:  41% (277/674)   Resolving deltas:  42% (284/674)   Resolving deltas:  43% (290/674)   Resolving deltas:  46% (311/674)   Resolving deltas:  47% (317/674)   Resolving deltas:  48% (325/674)   Resolving deltas:  49% (331/674)   Resolving deltas:  50% (337/674)   Resolving deltas:  51% (344/674)   Resolving deltas:  52% (353/674)   Resolving deltas:  53% (358/674)   Resolving deltas:  54% (364/674)   Resolving deltas:  55% (372/674)   Resolving deltas:  56% (379/674)   Resolving deltas:  57% (385/674)   Resolving deltas:  58% (391/674)   Resolving deltas:  59% (400/674)   Resolving deltas:  60% (405/674)   Resolving deltas:  61% (412/674)   Resolving deltas:  62% (418/674)   Resolving deltas:  63% (426/674)   Resolving deltas:  64% (432/674)   Resolving deltas:  65% (439/674)   Resolving deltas:  66% (445/674)   Resolving deltas:  67% (452/674)   Resolving deltas:  69% (469/674)   Resolving deltas:  70% (472/674)   Resolving deltas:  71% (479/674)   Resolving deltas:  72% (488/674)   Resolving deltas:  73% (493/674)   Resolving deltas:  74% (499/674)   Resolving deltas:  75% (506/674)   Resolving deltas:  76% (513/674)   Resolving deltas:  77% (520/674)   Resolving deltas:  78% (527/674)   Resolving deltas:  79% (533/674)   Resolving deltas:  80% (540/674)   Resolving deltas:  81% (549/674)   Resolving deltas:  82% (553/674)   Resolving deltas:  83% (561/674)   Resolving deltas:  84% (567/674)   Resolving deltas:  85% (573/674)   Resolving deltas:  86% (581/674)   Resolving deltas:  87% (592/674)   Resolving deltas:  88% (594/674)   Resolving deltas:  90% (611/674)   Resolving deltas:  91% (619/674)   Resolving deltas:  92% (621/674)   Resolving deltas:  93% (629/674)   Resolving deltas:  94% (634/674)   Resolving deltas:  95% (642/674)   Resolving deltas:  97% (657/674)   Resolving deltas:  98% (661/674)   Resolving deltas: 100% (674/674)   Resolving deltas: 100% (674/674), done.
travis_time:end:18231c6c:start=1569387941599758812,finish=1569387942507343983,duration=907585171,event=checkout[0K$ cd Whiley/WhileyCompiler
$ git checkout -qf acfb853e6b81a81cb39cbad805b2924b5d879b57
travis_fold:end:git.checkout[0K
travis_time:end:18231c6c:start=1569387941599758812,finish=1569387942546639324,duration=946880512,event=checkout[0Ktravis_time:start:02490852[0Ktravis_time:end:02490852:start=1569387942549898457,finish=1569387942555728240,duration=5829783,event=env[0K$ java -Xmx32m -version
java version "1.8.0_151"
Java(TM) SE Runtime Environment (build 1.8.0_151-b12)
Java HotSpot(TM) 64-Bit Server VM (build 25.151-b12, mixed mode)
$ javac -J-Xmx32m -version
javac 1.8.0_151
travis_fold:start:install[0Ktravis_time:start:0f7beabc[0K$ true
travis_time:end:0f7beabc:start=1569387943245890110,finish=1569387943248285342,duration=2395232,event=install[0Ktravis_fold:end:install[0Ktravis_time:start:1d59bbc0[0K$ touch running_on_travis
travis_time:end:1d59bbc0:start=1569387943251755933,finish=1569387943255021783,duration=3265850,event=script[0K[32;1mThe command "touch running_on_travis" exited with 0.[0m
travis_time:start:22275ed4[0K$ ant test
Buildfile: /home/travis/build/Whiley/WhileyCompiler/build.xml
[artifact:dependencies] Downloading: org/whiley/wycc/0.7.12/wycc-0.7.12.pom from repository google-maven-central at https://maven-central.storage-download.googleapis.com/repos/central/data/
[artifact:dependencies] Transferring 5K from google-maven-central
[artifact:dependencies] Downloading: org/whiley/wytp/0.6.18/wytp-0.6.18.pom from repository google-maven-central at https://maven-central.storage-download.googleapis.com/repos/central/data/
[artifact:dependencies] Transferring 5K from google-maven-central
[artifact:dependencies] Downloading: org/whiley/wycc/0.7.11/wycc-0.7.11.pom from repository google-maven-central at https://maven-central.storage-download.googleapis.com/repos/central/data/
[artifact:dependencies] Transferring 5K from google-maven-central
[artifact:dependencies] Downloading: ant/ant/1.7.0/ant-1.7.0.pom from repository google-maven-central at https://maven-central.storage-download.googleapis.com/repos/central/data/
[artifact:dependencies] Transferring 0K from google-maven-central
[artifact:dependencies] Downloading: org/apache/ant/ant/1.7.0/ant-1.7.0.pom from repository google-maven-central at https://maven-central.storage-download.googleapis.com/repos/central/data/
[artifact:dependencies] Transferring 10K from google-maven-central
[artifact:dependencies] Downloading: org/apache/ant/ant-parent/1.7.0/ant-parent-1.7.0.pom from repository google-maven-central at https://maven-central.storage-download.googleapis.com/repos/central/data/
[artifact:dependencies] Transferring 4K from google-maven-central
[artifact:dependencies] Downloading: org/apache/ant/ant-launcher/1.7.0/ant-launcher-1.7.0.pom from repository google-maven-central at https://maven-central.storage-download.googleapis.com/repos/central/data/
[artifact:dependencies] Transferring 2K from google-maven-central
[artifact:dependencies] Downloading: org/whiley/jmodelgen/0.4.0/jmodelgen-0.4.0.pom from repository google-maven-central at https://maven-central.storage-download.googleapis.com/repos/central/data/
[artifact:dependencies] Transferring 5K from google-maven-central
[artifact:dependencies] [WARNING] While downloading ant:ant:1.7.0
[artifact:dependencies]   This artifact has been relocated to org.apache.ant:ant:1.7.0.
[artifact:dependencies] 
[artifact:dependencies] 
[artifact:dependencies] Downloading: junit/junit/4.12/junit-4.12.pom from repository google-maven-central at https://maven-central.storage-download.googleapis.com/repos/central/data/
[artifact:dependencies] Transferring 23K from google-maven-central
[artifact:dependencies] Downloading: org/hamcrest/hamcrest-core/1.3/hamcrest-core-1.3.pom from repository google-maven-central at https://maven-central.storage-download.googleapis.com/repos/central/data/
[artifact:dependencies] Transferring 1K from google-maven-central
[artifact:dependencies] Downloading: org/hamcrest/hamcrest-parent/1.3/hamcrest-parent-1.3.pom from repository google-maven-central at https://maven-central.storage-download.googleapis.com/repos/central/data/
[artifact:dependencies] Transferring 2K from google-maven-central
[artifact:dependencies] Downloading: org/apache/ant/ant/1.7.0/ant-1.7.0.jar from repository google-maven-central at https://maven-central.storage-download.googleapis.com/repos/central/data/
[artifact:dependencies] Downloading: junit/junit/4.12/junit-4.12.jar from repository google-maven-central at https://maven-central.storage-download.googleapis.com/repos/central/data/
[artifact:dependencies] Downloading: org/whiley/wycc/0.7.12/wycc-0.7.12.jar from repository google-maven-central at https://maven-central.storage-download.googleapis.com/repos/central/data/
[artifact:dependencies] Downloading: org/hamcrest/hamcrest-core/1.3/hamcrest-core-1.3.jar from repository google-maven-central at https://maven-central.storage-download.googleapis.com/repos/central/data/
[artifact:dependencies] Transferring 308K from google-maven-central
[artifact:dependencies] Transferring 44K from google-maven-central
[artifact:dependencies] Transferring 269K from google-maven-central
[artifact:dependencies] Transferring 1260K from google-maven-central
[artifact:dependencies] Downloading: org/whiley/wytp/0.6.18/wytp-0.6.18.jar from repository google-maven-central at https://maven-central.storage-download.googleapis.com/repos/central/data/
[artifact:dependencies] Transferring 365K from google-maven-central
[artifact:dependencies] Downloading: org/whiley/jmodelgen/0.4.0/jmodelgen-0.4.0.jar from repository google-maven-central at https://maven-central.storage-download.googleapis.com/repos/central/data/
[artifact:dependencies] Transferring 50K from google-maven-central
[artifact:dependencies] Downloading: org/apache/ant/ant-launcher/1.7.0/ant-launcher-1.7.0.jar from repository google-maven-central at https://maven-central.storage-download.googleapis.com/repos/central/data/
[artifact:dependencies] Transferring 11K from google-maven-central

setup:
    [mkdir] Created dir: /home/travis/build/Whiley/WhileyCompiler/target
    [mkdir] Created dir: /home/travis/build/Whiley/WhileyCompiler/target/classes
    [mkdir] Created dir: /home/travis/build/Whiley/WhileyCompiler/target/javadoc

compile:
    [javac] Compiling 50 source files to /home/travis/build/Whiley/WhileyCompiler/target/classes
    [javac] Note: Some input files use unchecked or unsafe operations.
    [javac] Note: Recompile with -Xlint:unchecked for details.
    [javac] Creating empty /home/travis/build/Whiley/WhileyCompiler/target/classes/wyc/package-info.class
    [javac] Creating empty /home/travis/build/Whiley/WhileyCompiler/target/classes/wyil/package-info.class
    [javac] Creating empty /home/travis/build/Whiley/WhileyCompiler/target/classes/wyc/io/package-info.class
    [javac] Creating empty /home/travis/build/Whiley/WhileyCompiler/target/classes/wyil/util/package-info.class
    [javac] Creating empty /home/travis/build/Whiley/WhileyCompiler/target/classes/wyc/task/package-info.class
    [javac] Creating empty /home/travis/build/Whiley/WhileyCompiler/target/classes/wyil/io/package-info.class
    [javac] Creating empty /home/travis/build/Whiley/WhileyCompiler/target/classes/wyc/lang/package-info.class
    [javac] Creating empty /home/travis/build/Whiley/WhileyCompiler/target/classes/wyc/util/package-info.class
    [javac] Creating empty /home/travis/build/Whiley/WhileyCompiler/target/classes/wyil/transform/package-info.class
    [javac] Creating empty /home/travis/build/Whiley/WhileyCompiler/target/classes/wyil/check/package-info.class
    [javac] Creating empty /home/travis/build/Whiley/WhileyCompiler/target/classes/wyil/interpreter/package-info.class

compile-tests:
    [javac] Compiling 8 source files to /home/travis/build/Whiley/WhileyCompiler/target/classes
    [javac] Note: /home/travis/build/Whiley/WhileyCompiler/src/test/java/wyc/testing/QuickCheckInvalidTests.java uses unchecked or unsafe operations.
    [javac] Note: Recompile with -Xlint:unchecked for details.

test:
    [junit] WARNING: multiple versions of ant detected in path for junit 
    [junit]          jar:file:/usr/share/ant/lib/ant.jar!/org/apache/tools/ant/Project.class
    [junit]      and jar:file:/home/travis/.m2/repository/org/apache/ant/ant/1.7.0/ant-1.7.0.jar!/org/apache/tools/ant/Project.class
    [junit] Running wyc.testing.AllInvalidTest
    [junit] Testsuite: wyc.testing.AllInvalidTest
    [junit] Tests run: 432, Failures: 1, Errors: 0, Skipped: 24, Time elapsed: 40.239 sec
    [junit] Tests run: 432, Failures: 1, Errors: 0, Skipped: 24, Time elapsed: 40.239 sec
    [junit] ------------- Standard Error -----------------
    [junit]  < tests/invalid/Template_Invalid_3.whiley:1: name already declared
    [junit]  > tests/invalid/Template_Invalid_3.whiley:1: duplicate template variable
    [junit] 
    [junit] ------------- ---------------- ---------------
    [junit] 
    [junit] Testcase: invalid[AddressExpression_Invalid_1] took 0.262 sec
    [junit] Testcase: invalid[AddressExpression_Invalid_2] took 0.028 sec
    [junit] Testcase: invalid[ArrayAccess_Invalid_1] took 0.022 sec
    [junit] Testcase: invalid[ArrayAccess_Invalid_2] took 0.195 sec
    [junit] Testcase: invalid[ArrayAccess_Invalid_3] took 0.051 sec
    [junit] Testcase: invalid[ArrayAccess_Invalid_4] took 0.031 sec
    [junit] Testcase: invalid[ArrayAccess_Invalid_5] took 0.203 sec
    [junit] Testcase: invalid[ArrayAssign_Invalid_1] took 0.023 sec
    [junit] Testcase: invalid[ArrayAssign_Invalid_2] took 0.063 sec
    [junit] Testcase: invalid[ArrayAssign_Invalid_3] took 0.05 sec
    [junit] Testcase: invalid[ArrayConversion_Invalid_1] took 0.015 sec
    [junit] Testcase: invalid[ArrayEmpty_Invalid_1] took 0.014 sec
    [junit] Testcase: invalid[ArrayEmpty_Invalid_2] took 0.019 sec
    [junit] Testcase: invalid[ArrayEquals_Invalid_1] took 0.02 sec
    [junit] Testcase: invalid[ArrayGenerator_Invalid_1] took 0.015 sec
    [junit] Testcase: invalid[ArrayGenerator_Invalid_2] took 0.018 sec
    [junit] Testcase: invalid[ArrayGenerator_Invalid_3] took 0.014 sec
    [junit] Testcase: invalid[ArrayGenerator_Invalid_4] took 0.014 sec
    [junit] Testcase: invalid[ArrayGenerator_Invalid_5] took 0.014 sec
    [junit] Testcase: invalid[ArrayLength_Invalid_1] took 0.036 sec
    [junit] Testcase: invalid[ArrayLength_Invalid_2] took 0.287 sec
    [junit] Testcase: invalid[ArrayLength_Invalid_3] took 0.021 sec
    [junit] Testcase: invalid[ArrayUpdate_Invalid_1] took 0.016 sec
    [junit] Testcase: invalid[Array_Invalid_1] took 0.013 sec
    [junit] Testcase: invalid[Array_Invalid_10] took 0.057 sec
    [junit] Testcase: invalid[Array_Invalid_11] took 0.078 sec
    [junit] Testcase: invalid[Array_Invalid_12] took 0.034 sec
    [junit] Testcase: invalid[Array_Invalid_13] took 0.036 sec
    [junit] Testcase: invalid[Array_Invalid_14] took 0.025 sec
    [junit] Testcase: invalid[Array_Invalid_15] took 0.031 sec
    [junit] Testcase: invalid[Array_Invalid_16] took 0.046 sec
    [junit] Testcase: invalid[Array_Invalid_17] took 0.026 sec
    [junit] Testcase: invalid[Array_Invalid_18] took 0.044 sec
    [junit] Testcase: invalid[Array_Invalid_19] took 0.023 sec
    [junit] Testcase: invalid[Array_Invalid_2] took 0.015 sec
    [junit] Testcase: invalid[Array_Invalid_20] took 0.073 sec
    [junit] Testcase: invalid[Array_Invalid_21] took 0.028 sec
    [junit] Testcase: invalid[Array_Invalid_22] took 0.031 sec
    [junit] Testcase: invalid[Array_Invalid_23] took 0.02 sec
    [junit] Testcase: invalid[Array_Invalid_24] took 0.026 sec
    [junit] Testcase: invalid[Array_Invalid_3] took 0.014 sec
    [junit] Testcase: invalid[Array_Invalid_4] took 0.012 sec
    [junit] Testcase: invalid[Array_Invalid_5] took 0.013 sec
    [junit] Testcase: invalid[Array_Invalid_6] took 0.03 sec
    [junit] Testcase: invalid[Array_Invalid_7] took 0.015 sec
    [junit] Testcase: invalid[Array_Invalid_8] took 0.045 sec
    [junit] Testcase: invalid[Array_Invalid_9] took 0.026 sec
    [junit] Testcase: invalid[Assert_Invalid_1] took 0.016 sec
    [junit] Testcase: invalid[Assert_Invalid_2] took 0.016 sec
    [junit] Testcase: invalid[Assert_Invalid_3] took 0.021 sec
    [junit] Testcase: invalid[Assign_Invalid_1] took 0.016 sec
    [junit] Testcase: invalid[Assign_Invalid_2] took 0.015 sec
    [junit] Testcase: invalid[Assign_Invalid_3] took 0.014 sec
    [junit] Testcase: invalid[Assign_Invalid_4] took 0.014 sec
    [junit] Testcase: invalid[Assign_Invalid_5] took 0.014 sec
    [junit] Testcase: invalid[Assign_Invalid_6] took 0.015 sec
    [junit] Testcase: invalid[Assign_Invalid_7] took 0.015 sec
    [junit] Testcase: invalid[Assign_Invalid_8] took 0.015 sec
    [junit] Testcase: invalid[Assign_Invalid_9] took 0.015 sec
    [junit] Testcase: invalid[Byte_Invalid_1] took 0.016 sec
    [junit] Testcase: invalid[Byte_Invalid_2] took 0.016 sec
    [junit] Testcase: invalid[Coercion_Invalid_1] took 0.017 sec
    [junit] Testcase: invalid[Coercion_Invalid_10] took 0.023 sec
    [junit] Testcase: invalid[Coercion_Invalid_11] took 0.021 sec
    [junit] Testcase: invalid[Coercion_Invalid_2] took 0.025 sec
    [junit] Testcase: invalid[Coercion_Invalid_3] took 0.017 sec
    [junit] Testcase: invalid[Coercion_Invalid_4] took 0.016 sec
    [junit] Testcase: invalid[Coercion_Invalid_5] took 0.016 sec
    [junit] Testcase: invalid[Coercion_Invalid_6] took 0.016 sec
    [junit] Testcase: invalid[Coercion_Invalid_7] took 0.02 sec
    [junit] Testcase: invalid[Coercion_Invalid_8] took 0.018 sec
    [junit] Testcase: invalid[Coercion_Invalid_9] took 0.015 sec
    [junit] Testcase: invalid[Constant_Invalid_1] took 0.015 sec
    [junit] Testcase: invalid[Constant_Invalid_2] took 0.014 sec
    [junit] Testcase: invalid[ConstrainedArray_Invalid_1] took 0.031 sec
    [junit] Testcase: invalid[ConstrainedArray_Invalid_2] took 0.024 sec
    [junit] Testcase: invalid[ConstrainedArray_Invalid_3] took 0.023 sec
    [junit] Testcase: invalid[ConstrainedInt_Invalid_1] took 0.027 sec
    [junit] Testcase: invalid[ConstrainedInt_Invalid_11] took 0.018 sec
    [junit] Testcase: invalid[ConstrainedInt_Invalid_12] took 0.021 sec
    [junit] Testcase: invalid[ConstrainedInt_Invalid_2] took 0.019 sec
    [junit] Testcase: invalid[ConstrainedInt_Invalid_3] took 0.019 sec
    [junit] Testcase: invalid[ConstrainedInt_Invalid_4] took 0.022 sec
    [junit] Testcase: invalid[ConstrainedInt_Invalid_5] took 0.026 sec
    [junit] Testcase: invalid[ConstrainedInt_Invalid_6] took 0.017 sec
    [junit] Testcase: invalid[ConstrainedInt_Invalid_7] took 0.019 sec
    [junit] Testcase: invalid[ConstrainedInt_Invalid_8] took 0.017 sec
    [junit] Testcase: invalid[ConstrainedInt_Invalid_9] took 0.042 sec
    [junit] Testcase: invalid[ConstrainedRecord_Invalid_1] took 0.03 sec
    [junit] Testcase: invalid[Continue_Invalid_1] took 0.019 sec
    [junit] Testcase: invalid[Continue_Invalid_2] took 0.016 sec
    [junit] Testcase: invalid[DefiniteAssign_Invalid_1] took 0.016 sec
    [junit] Testcase: invalid[DefiniteAssign_Invalid_2] took 0.018 sec
    [junit] Testcase: invalid[DefiniteAssign_Invalid_3] took 0.015 sec
    [junit] Testcase: invalid[DefiniteAssign_Invalid_4] took 0.015 sec
    [junit] Testcase: invalid[DoWhile_Invalid_1] took 0.028 sec
    [junit] Testcase: invalid[DoWhile_Invalid_2] took 0.045 sec
    [junit] Testcase: invalid[DoWhile_Invalid_3] took 0.59 sec
    [junit] Testcase: invalid[DoWhile_Invalid_4] took 0.053 sec
    [junit] Testcase: invalid[DoWhile_Invalid_5] took 0.016 sec
    [junit] Testcase: invalid[DoWhile_Invalid_6] took 0.003 sec
    [junit] 	SKIPPED: Test DoWhile_Invalid_6 skipped: ??
    [junit] Testcase: invalid[DoWhile_Invalid_6] took 0.003 sec
    [junit] Testcase: invalid[DoWhile_Invalid_7] took 0.762 sec
    [junit] Testcase: invalid[DoWhile_Invalid_8] took 0 sec
    [junit] 	SKIPPED: Test DoWhile_Invalid_8 skipped: ??
    [junit] Testcase: invalid[DoWhile_Invalid_8] took 0 sec
    [junit] Testcase: invalid[EndOfFile_Invalid_1] took 0.013 sec
    [junit] Testcase: invalid[Ensures_Invalid_1] took 0.013 sec
    [junit] Testcase: invalid[Ensures_Invalid_2] took 0.014 sec
    [junit] Testcase: invalid[Ensures_Invalid_3] took 0.017 sec
    [junit] Testcase: invalid[Ensures_Invalid_4] took 0.081 sec
    [junit] Testcase: invalid[Export_Invalid_1] took 0.018 sec
    [junit] Testcase: invalid[Fail_Invalid_1] took 0.024 sec
    [junit] Testcase: invalid[Fail_Invalid_2] took 0.013 sec
    [junit] Testcase: invalid[Fail_Invalid_3] took 0.02 sec
    [junit] Testcase: invalid[Final_Invalid_1] took 0.014 sec
    [junit] Testcase: invalid[Final_Invalid_10] took 0.014 sec
    [junit] Testcase: invalid[Final_Invalid_11] took 0.016 sec
    [junit] Testcase: invalid[Final_Invalid_12] took 0.016 sec
    [junit] Testcase: invalid[Final_Invalid_13] took 0.017 sec
    [junit] Testcase: invalid[Final_Invalid_14] took 0.014 sec
    [junit] Testcase: invalid[Final_Invalid_15] took 0.014 sec
    [junit] Testcase: invalid[Final_Invalid_2] took 0.016 sec
    [junit] Testcase: invalid[Final_Invalid_3] took 0.014 sec
    [junit] Testcase: invalid[Final_Invalid_4] took 0.014 sec
    [junit] Testcase: invalid[Final_Invalid_5] took 0.014 sec
    [junit] Testcase: invalid[Final_Invalid_6] took 0.016 sec
    [junit] Testcase: invalid[Final_Invalid_7] took 0.013 sec
    [junit] Testcase: invalid[Final_Invalid_8] took 0.016 sec
    [junit] Testcase: invalid[Final_Invalid_9] took 0.018 sec
    [junit] Testcase: invalid[FunctionRef_Invalid_1] took 0.019 sec
    [junit] Testcase: invalid[FunctionRef_Invalid_2] took 0.016 sec
    [junit] Testcase: invalid[FunctionRef_Invalid_3] took 0.021 sec
    [junit] Testcase: invalid[FunctionRef_Invalid_4] took 0.021 sec
    [junit] Testcase: invalid[FunctionRef_Invalid_5] took 0.017 sec
    [junit] Testcase: invalid[FunctionRef_Invalid_6] took 0.015 sec
    [junit] Testcase: invalid[FunctionRef_Invalid_7] took 0.014 sec
    [junit] Testcase: invalid[Function_Invalid_1] took 0.013 sec
    [junit] Testcase: invalid[Function_Invalid_10] took 0.017 sec
    [junit] Testcase: invalid[Function_Invalid_11] took 0.018 sec
    [junit] Testcase: invalid[Function_Invalid_12] took 0.018 sec
    [junit] Testcase: invalid[Function_Invalid_13] took 0.014 sec
    [junit] Testcase: invalid[Function_Invalid_2] took 0.013 sec
    [junit] Testcase: invalid[Function_Invalid_3] took 0.018 sec
    [junit] Testcase: invalid[Function_Invalid_4] took 0.013 sec
    [junit] Testcase: invalid[Function_Invalid_9] took 0.009 sec
    [junit] Testcase: invalid[If_Invalid_1] took 0.01 sec
    [junit] Testcase: invalid[If_Invalid_2] took 0.012 sec
    [junit] Testcase: invalid[If_Invalid_4] took 0.011 sec
    [junit] Testcase: invalid[If_Invalid_5] took 0.026 sec
    [junit] Testcase: invalid[Import_Invalid_1] took 0.012 sec
    [junit] Testcase: invalid[IntDiv_Invalid_1] took 0.017 sec
    [junit] Testcase: invalid[Lambda_Invalid_3] took 0.022 sec
    [junit] Testcase: invalid[Lambda_Invalid_4] took 0.021 sec
    [junit] Testcase: invalid[Lifetime_Invalid_1] took 0.011 sec
    [junit] Testcase: invalid[Lifetime_Invalid_2] took 0.012 sec
    [junit] Testcase: invalid[Lifetime_Invalid_3] took 0.014 sec
    [junit] Testcase: invalid[Lifetime_Invalid_4] took 0.012 sec
    [junit] Testcase: invalid[Lifetime_Invalid_5] took 0.014 sec
    [junit] Testcase: invalid[Lifetime_Invalid_6] took 0.018 sec
    [junit] Testcase: invalid[Lifetime_Invalid_7] took 0.02 sec
    [junit] Testcase: invalid[Lifetime_Invalid_8] took 0.02 sec
    [junit] Testcase: invalid[Lifetime_Invalid_9] took 0.024 sec
    [junit] Testcase: invalid[Lifetime_Lambda_Invalid_1] took 0.011 sec
    [junit] Testcase: invalid[Lifetime_Lambda_Invalid_2] took 0.017 sec
    [junit] Testcase: invalid[Lifetime_Lambda_Invalid_3] took 0 sec
    [junit] 	SKIPPED: Test Lifetime_Lambda_Invalid_3 skipped: #794
    [junit] Testcase: invalid[Lifetime_Lambda_Invalid_3] took 0 sec
    [junit] Testcase: invalid[Lifetime_Lambda_Invalid_4] took 0.015 sec
    [junit] Testcase: invalid[Lifetime_Lambda_Invalid_5] took 0 sec
    [junit] 	SKIPPED: Test Lifetime_Lambda_Invalid_5 skipped: #795
    [junit] Testcase: invalid[Lifetime_Lambda_Invalid_5] took 0 sec
    [junit] Testcase: invalid[Lifetime_Lambda_Invalid_6] took 0 sec
    [junit] 	SKIPPED: Test Lifetime_Lambda_Invalid_6 skipped: #765
    [junit] Testcase: invalid[Lifetime_Lambda_Invalid_6] took 0 sec
    [junit] Testcase: invalid[MethodCall_Invalid_1] took 0.016 sec
    [junit] Testcase: invalid[MethodCall_Invalid_2] took 0.011 sec
    [junit] Testcase: invalid[MethodCall_Invalid_3] took 0.01 sec
    [junit] Testcase: invalid[MethodCall_Invalid_4] took 0.015 sec
    [junit] Testcase: invalid[MethodCall_Invalid_5] took 0.017 sec
    [junit] Testcase: invalid[MethodCall_Invalid_6] took 0.014 sec
    [junit] Testcase: invalid[MethodCall_Invalid_7] took 0.011 sec
    [junit] Testcase: invalid[MethodCall_Invalid_8] took 0.009 sec
    [junit] Testcase: invalid[MethodRef_Invalid_1] took 0.011 sec
    [junit] Testcase: invalid[MethodRef_Invalid_2] took 0.012 sec
    [junit] Testcase: invalid[MethodRef_Invalid_3] took 0.009 sec
    [junit] Testcase: invalid[MethodRef_Invalid_4] took 0.009 sec
    [junit] Testcase: invalid[Method_Invalid_9] took 0.012 sec
    [junit] Testcase: invalid[MultiAssign_Invalid_1] took 0.013 sec
    [junit] Testcase: invalid[Native_Invalid_1] took 0.009 sec
    [junit] Testcase: invalid[OpenRecord_Invalid_1] took 0.01 sec
    [junit] Testcase: invalid[OpenRecord_Invalid_2] took 0.01 sec
    [junit] Testcase: invalid[OpenRecord_Invalid_3] took 0.01 sec
    [junit] Testcase: invalid[OpenRecord_Invalid_4] took 0.01 sec
    [junit] Testcase: invalid[OpenRecord_Invalid_5] took 0.024 sec
    [junit] Testcase: invalid[OpenRecord_Invalid_6] took 0.011 sec
    [junit] Testcase: invalid[OpenRecord_Invalid_7] took 0.009 sec
    [junit] Testcase: invalid[Parameter_Invalid_1] took 0.008 sec
    [junit] Testcase: invalid[Parameter_Invalid_2] took 0.012 sec
    [junit] Testcase: invalid[Parsing_Invalid_1] took 0 sec
    [junit] 	SKIPPED: Test Parsing_Invalid_1 skipped: 608
    [junit] Testcase: invalid[Parsing_Invalid_1] took 0 sec
    [junit] Testcase: invalid[Parsing_Invalid_10] took 0.013 sec
    [junit] Testcase: invalid[Parsing_Invalid_11] took 0.013 sec
    [junit] Testcase: invalid[Parsing_Invalid_12] took 0.011 sec
    [junit] Testcase: invalid[Parsing_Invalid_15] took 0.009 sec
    [junit] Testcase: invalid[Parsing_Invalid_16] took 0.009 sec
    [junit] Testcase: invalid[Parsing_Invalid_2] took 0 sec
    [junit] 	SKIPPED: Test Parsing_Invalid_2 skipped: 608
    [junit] Testcase: invalid[Parsing_Invalid_2] took 0 sec
    [junit] Testcase: invalid[Parsing_Invalid_21] took 0.009 sec
    [junit] Testcase: invalid[Parsing_Invalid_23] took 0.01 sec
    [junit] Testcase: invalid[Parsing_Invalid_24] took 0.01 sec
    [junit] Testcase: invalid[Parsing_Invalid_25] took 0.01 sec
    [junit] Testcase: invalid[Parsing_Invalid_26] took 0.009 sec
    [junit] Testcase: invalid[Parsing_Invalid_27] took 0.008 sec
    [junit] Testcase: invalid[Parsing_Invalid_28] took 0.009 sec
    [junit] Testcase: invalid[Parsing_Invalid_29] took 0.009 sec
    [junit] Testcase: invalid[Parsing_Invalid_30] took 0.009 sec
    [junit] Testcase: invalid[Parsing_Invalid_31] took 0.012 sec
    [junit] Testcase: invalid[Parsing_Invalid_4] took 0.016 sec
    [junit] Testcase: invalid[Parsing_Invalid_5] took 0.015 sec
    [junit] Testcase: invalid[Parsing_Invalid_6] took 0.015 sec
    [junit] Testcase: invalid[Parsing_Invalid_8] took 0.011 sec
    [junit] Testcase: invalid[ProcessAccess_Invalid_1] took 0.011 sec
    [junit] Testcase: invalid[ProcessAccess_Invalid_2] took 0.013 sec
    [junit] Testcase: invalid[ProcessAccess_Invalid_3] took 0.02 sec
    [junit] Testcase: invalid[Process_Invalid_1] took 0.018 sec
    [junit] Testcase: invalid[Property_Invalid_1] took 0.011 sec
    [junit] Testcase: invalid[Property_Invalid_2] took 0.012 sec
    [junit] Testcase: invalid[Property_Invalid_3] took 0.016 sec
    [junit] Testcase: invalid[Property_Invalid_4] took 0.024 sec
    [junit] Testcase: invalid[Property_Invalid_5] took 0.018 sec
    [junit] Testcase: invalid[Property_Invalid_6] took 0.017 sec
    [junit] Testcase: invalid[Property_Invalid_7] took 0.017 sec
    [junit] Testcase: invalid[Property_Invalid_8] took 0.023 sec
    [junit] Testcase: invalid[Public_Invalid_1] took 0.015 sec
    [junit] Testcase: invalid[Public_Invalid_10] took 0.016 sec
    [junit] Testcase: invalid[Public_Invalid_11] took 0.015 sec
    [junit] Testcase: invalid[Public_Invalid_12] took 0.015 sec
    [junit] Testcase: invalid[Public_Invalid_2] took 0.015 sec
    [junit] Testcase: invalid[Public_Invalid_3] took 0.015 sec
    [junit] Testcase: invalid[Public_Invalid_4] took 0.015 sec
    [junit] Testcase: invalid[Public_Invalid_5] took 0.016 sec
    [junit] Testcase: invalid[Public_Invalid_6] took 0.016 sec
    [junit] Testcase: invalid[Public_Invalid_7] took 0.016 sec
    [junit] Testcase: invalid[Public_Invalid_8] took 0.015 sec
    [junit] Testcase: invalid[Public_Invalid_9] took 0.015 sec
    [junit] Testcase: invalid[Quantifiers_Invalid_1] took 0.018 sec
    [junit] Testcase: invalid[Quantifiers_Invalid_2] took 0.019 sec
    [junit] Testcase: invalid[Quantifiers_Invalid_3] took 0.02 sec
    [junit] Testcase: invalid[Quantifiers_Invalid_4] took 0.02 sec
    [junit] Testcase: invalid[Quantifiers_Invalid_5] took 0.019 sec
    [junit] Testcase: invalid[Quantifiers_Invalid_6] took 0.016 sec
    [junit] Testcase: invalid[Quantifiers_Invalid_7] took 0.017 sec
    [junit] Testcase: invalid[Quantifiers_Invalid_8] took 0.025 sec
    [junit] Testcase: invalid[Quantifiers_Invalid_9] took 0.02 sec
    [junit] Testcase: invalid[Record_Invalid_1] took 0.014 sec
    [junit] Testcase: invalid[Record_Invalid_2] took 0.01 sec
    [junit] Testcase: invalid[Record_Invalid_3] took 0.012 sec
    [junit] Testcase: invalid[Record_Invalid_4] took 0.011 sec
    [junit] Testcase: invalid[Record_Invalid_5] took 0.01 sec
    [junit] Testcase: invalid[Record_Invalid_6] took 0.011 sec
    [junit] Testcase: invalid[Record_Invalid_7] took 0.011 sec
    [junit] Testcase: invalid[RecursiveType_Invalid_1] took 0.024 sec
    [junit] Testcase: invalid[RecursiveType_Invalid_10] took 0.039 sec
    [junit] Testcase: invalid[RecursiveType_Invalid_11] took 0.017 sec
    [junit] Testcase: invalid[RecursiveType_Invalid_2] took 0 sec
    [junit] 	SKIPPED: Test RecursiveType_Invalid_2 skipped: WyTP#26
    [junit] Testcase: invalid[RecursiveType_Invalid_2] took 0 sec
    [junit] Testcase: invalid[RecursiveType_Invalid_3] took 0.02 sec
    [junit] Testcase: invalid[RecursiveType_Invalid_4] took 0.072 sec
    [junit] Testcase: invalid[RecursiveType_Invalid_5] took 0.032 sec
    [junit] Testcase: invalid[RecursiveType_Invalid_7] took 0.081 sec
    [junit] Testcase: invalid[RecursiveType_Invalid_8] took 0.12 sec
    [junit] Testcase: invalid[RecursiveType_Invalid_9] took 0 sec
    [junit] 	SKIPPED: Test RecursiveType_Invalid_9 skipped: unclassified
    [junit] Testcase: invalid[RecursiveType_Invalid_9] took 0 sec
    [junit] Testcase: invalid[Reference_Invalid_1] took 0.011 sec
    [junit] Testcase: invalid[Reference_Invalid_2] took 0 sec
    [junit] 	SKIPPED: Test Reference_Invalid_2 skipped: unclassified
    [junit] Testcase: invalid[Reference_Invalid_2] took 0 sec
    [junit] Testcase: invalid[Reference_Invalid_4] took 0.01 sec
    [junit] Testcase: invalid[Reference_Subtype_Variant_Invalid_1] took 0.012 sec
    [junit] Testcase: invalid[Remainder_Invalid_1] took 0.015 sec
    [junit] Testcase: invalid[Remainder_Invalid_2] took 0.011 sec
    [junit] Testcase: invalid[Remainder_Invalid_3] took 0.01 sec
    [junit] Testcase: invalid[Requires_Invalid_1] took 0.013 sec
    [junit] Testcase: invalid[Return_Invalid_1] took 0.016 sec
    [junit] Testcase: invalid[Return_Invalid_10] took 0.009 sec
    [junit] Testcase: invalid[Return_Invalid_11] took 0.01 sec
    [junit] Testcase: invalid[Return_Invalid_12] took 0.009 sec
    [junit] Testcase: invalid[Return_Invalid_2] took 0.009 sec
    [junit] Testcase: invalid[Return_Invalid_3] took 0.01 sec
    [junit] Testcase: invalid[Return_Invalid_4] took 0.009 sec
    [junit] Testcase: invalid[Return_Invalid_5] took 0.009 sec
    [junit] Testcase: invalid[Return_Invalid_6] took 0.009 sec
    [junit] Testcase: invalid[Return_Invalid_7] took 0.009 sec
    [junit] Testcase: invalid[Return_Invalid_8] took 0.01 sec
    [junit] Testcase: invalid[Return_Invalid_9] took 0.012 sec
    [junit] Testcase: invalid[StaticVar_Invalid_1] took 0.011 sec
    [junit] Testcase: invalid[StaticVar_Invalid_10] took 0.009 sec
    [junit] Testcase: invalid[StaticVar_Invalid_2] took 0.009 sec
    [junit] Testcase: invalid[StaticVar_Invalid_3] took 0.009 sec
    [junit] Testcase: invalid[StaticVar_Invalid_4] took 0.01 sec
    [junit] Testcase: invalid[StaticVar_Invalid_5] took 0.011 sec
    [junit] Testcase: invalid[StaticVar_Invalid_6] took 0.018 sec
    [junit] Testcase: invalid[StaticVar_Invalid_7] took 0.016 sec
    [junit] Testcase: invalid[StaticVar_Invalid_8] took 0.014 sec
    [junit] Testcase: invalid[StaticVar_Invalid_9] took 0.01 sec
    [junit] Testcase: invalid[Subtype_Invalid_1] took 0.013 sec
    [junit] Testcase: invalid[Subtype_Invalid_10] took 0.024 sec
    [junit] Testcase: invalid[Subtype_Invalid_2] took 0.013 sec
    [junit] Testcase: invalid[Subtype_Invalid_3] took 0.018 sec
    [junit] Testcase: invalid[Subtype_Invalid_4] took 0.014 sec
    [junit] Testcase: invalid[Subtype_Invalid_5] took 0.02 sec
    [junit] Testcase: invalid[Subtype_Invalid_6] took 0.031 sec
    [junit] Testcase: invalid[Subtype_Invalid_7] took 0.019 sec
    [junit] Testcase: invalid[Subtype_Invalid_8] took 0.072 sec
    [junit] Testcase: invalid[Subtype_Invalid_9] took 0.072 sec
    [junit] Testcase: invalid[Switch_Invalid_1] took 0.017 sec
    [junit] Testcase: invalid[Switch_Invalid_2] took 0.019 sec
    [junit] Testcase: invalid[Switch_Invalid_3] took 0.013 sec
    [junit] Testcase: invalid[Switch_Invalid_4] took 0.011 sec
    [junit] Testcase: invalid[Switch_Invalid_5] took 0.01 sec
    [junit] Testcase: invalid[Switch_Invalid_6] took 0.011 sec
    [junit] Testcase: invalid[Switch_Invalid_7] took 0.01 sec
    [junit] Testcase: invalid[Template_Invalid_1] took 0.009 sec
    [junit] Testcase: invalid[Template_Invalid_10] took 0.01 sec
    [junit] Testcase: invalid[Template_Invalid_11] took 0.01 sec
    [junit] Testcase: invalid[Template_Invalid_12] took 0.011 sec
    [junit] Testcase: invalid[Template_Invalid_13] took 0.013 sec
    [junit] Testcase: invalid[Template_Invalid_14] took 0.013 sec
    [junit] Testcase: invalid[Template_Invalid_15] took 0.015 sec
    [junit] Testcase: invalid[Template_Invalid_16] took 0.014 sec
    [junit] Testcase: invalid[Template_Invalid_17] took 0.015 sec
    [junit] Testcase: invalid[Template_Invalid_18] took 0.012 sec
    [junit] Testcase: invalid[Template_Invalid_19] took 0.011 sec
    [junit] Testcase: invalid[Template_Invalid_2] took 0.01 sec
    [junit] Testcase: invalid[Template_Invalid_20] took 0.01 sec
    [junit] Testcase: invalid[Template_Invalid_21] took 0.011 sec
    [junit] Testcase: invalid[Template_Invalid_22] took 0.01 sec
    [junit] Testcase: invalid[Template_Invalid_23] took 0.011 sec
    [junit] Testcase: invalid[Template_Invalid_24] took 0.011 sec
    [junit] Testcase: invalid[Template_Invalid_25] took 0.013 sec
    [junit] Testcase: invalid[Template_Invalid_26] took 0.01 sec
    [junit] Testcase: invalid[Template_Invalid_27] took 0.012 sec
    [junit] Testcase: invalid[Template_Invalid_28] took 0.016 sec
    [junit] Testcase: invalid[Template_Invalid_3] took 0.012 sec
    [junit] 	FAILED
    [junit] Output does not match reference
    [junit] junit.framework.AssertionFailedError: Output does not match reference
    [junit] 	at wyc.testing.AllInvalidTest.runTest(Unknown Source)
    [junit] 	at wyc.testing.AllInvalidTest.invalid(Unknown Source)
    [junit] 
    [junit] Testcase: invalid[Template_Invalid_4] took 0.01 sec
    [junit] Testcase: invalid[Template_Invalid_5] took 0.01 sec
    [junit] Testcase: invalid[Template_Invalid_6] took 0.011 sec
    [junit] Testcase: invalid[Template_Invalid_7] took 0.01 sec
    [junit] Testcase: invalid[Template_Invalid_8] took 0.01 sec
    [junit] Testcase: invalid[Template_Invalid_9] took 0.011 sec
    [junit] Testcase: invalid[TupleAssign_Invalid_1] took 3.93 sec
    [junit] Testcase: invalid[TupleAssign_Invalid_2] took 3.745 sec
    [junit] Testcase: invalid[TupleAssign_Invalid_3] took 0.001 sec
    [junit] 	SKIPPED: Test TupleAssign_Invalid_3 skipped: ??
    [junit] Testcase: invalid[TupleAssign_Invalid_3] took 0.001 sec
    [junit] Testcase: invalid[TupleDefine_Invalid_1] took 0.013 sec
    [junit] Testcase: invalid[TupleDefine_Invalid_2] took 0.017 sec
    [junit] Testcase: invalid[Tuple_Invalid_3] took 0.028 sec
    [junit] Testcase: invalid[Tuple_Invalid_4] took 0.024 sec
    [junit] Testcase: invalid[Tuple_Invalid_5] took 0.028 sec
    [junit] Testcase: invalid[Tuple_Invalid_6] took 0.022 sec
    [junit] Testcase: invalid[Tuple_Invalid_7] took 0.017 sec
    [junit] Testcase: invalid[TypeEquals_Invalid_1] took 0.016 sec
    [junit] Testcase: invalid[TypeEquals_Invalid_10] took 0.018 sec
    [junit] Testcase: invalid[TypeEquals_Invalid_11] took 0.017 sec
    [junit] Testcase: invalid[TypeEquals_Invalid_12] took 0.023 sec
    [junit] Testcase: invalid[TypeEquals_Invalid_13] took 0.018 sec
    [junit] Testcase: invalid[TypeEquals_Invalid_14] took 0.02 sec
    [junit] Testcase: invalid[TypeEquals_Invalid_2] took 0.018 sec
    [junit] Testcase: invalid[TypeEquals_Invalid_5] took 0 sec
    [junit] 	SKIPPED: Test TypeEquals_Invalid_5 skipped: ??
    [junit] Testcase: invalid[TypeEquals_Invalid_5] took 0 sec
    [junit] Testcase: invalid[TypeEquals_Invalid_6] took 0.024 sec
    [junit] Testcase: invalid[TypeEquals_Invalid_7] took 0.012 sec
    [junit] Testcase: invalid[TypeEquals_Invalid_8] took 0.012 sec
    [junit] Testcase: invalid[TypeEquals_Invalid_9] took 0.011 sec
    [junit] Testcase: invalid[Type_Invalid_1] took 0.012 sec
    [junit] Testcase: invalid[Type_Invalid_10] took 0.01 sec
    [junit] Testcase: invalid[Type_Invalid_11] took 0 sec
    [junit] 	SKIPPED: Test Type_Invalid_11 skipped: 793
    [junit] Testcase: invalid[Type_Invalid_11] took 0.001 sec
    [junit] Testcase: invalid[Type_Invalid_12] took 0.011 sec
    [junit] Testcase: invalid[Type_Invalid_14] took 0 sec
    [junit] 	SKIPPED: Test Type_Invalid_14 skipped: ??
    [junit] Testcase: invalid[Type_Invalid_14] took 0 sec
    [junit] Testcase: invalid[Type_Invalid_15] took 0 sec
    [junit] 	SKIPPED: Test Type_Invalid_15 skipped: ??
    [junit] Testcase: invalid[Type_Invalid_15] took 0 sec
    [junit] Testcase: invalid[Type_Invalid_2] took 0.011 sec
    [junit] Testcase: invalid[Type_Invalid_3] took 0.013 sec
    [junit] Testcase: invalid[Type_Invalid_4] took 0.012 sec
    [junit] Testcase: invalid[Type_Invalid_5] took 0 sec
    [junit] 	SKIPPED: Test Type_Invalid_5 skipped: 885
    [junit] Testcase: invalid[Type_Invalid_5] took 0 sec
    [junit] Testcase: invalid[Type_Invalid_6] took 0.012 sec
    [junit] Testcase: invalid[Type_Invalid_7] took 0.01 sec
    [junit] Testcase: invalid[Type_Invalid_8] took 0 sec
    [junit] 	SKIPPED: Test Type_Invalid_8 skipped: ??
    [junit] Testcase: invalid[Type_Invalid_8] took 0 sec
    [junit] Testcase: invalid[Type_Invalid_9] took 0.011 sec
    [junit] Testcase: invalid[UnionType_Invalid_1] took 0.012 sec
    [junit] Testcase: invalid[UnionType_Invalid_10] took 0.029 sec
    [junit] Testcase: invalid[UnionType_Invalid_11] took 0.013 sec
    [junit] Testcase: invalid[UnionType_Invalid_12] took 0.012 sec
    [junit] Testcase: invalid[UnionType_Invalid_13] took 0.012 sec
    [junit] Testcase: invalid[UnionType_Invalid_14] took 0.012 sec
    [junit] Testcase: invalid[UnionType_Invalid_15] took 0.011 sec
    [junit] Testcase: invalid[UnionType_Invalid_16] took 0.011 sec
    [junit] Testcase: invalid[UnionType_Invalid_17] took 0.011 sec
    [junit] Testcase: invalid[UnionType_Invalid_18] took 0.012 sec
    [junit] Testcase: invalid[UnionType_Invalid_19] took 0.013 sec
    [junit] Testcase: invalid[UnionType_Invalid_2] took 0.014 sec
    [junit] Testcase: invalid[UnionType_Invalid_20] took 0.013 sec
    [junit] Testcase: invalid[UnionType_Invalid_21] took 0.013 sec
    [junit] Testcase: invalid[UnionType_Invalid_22] took 0.011 sec
    [junit] Testcase: invalid[UnionType_Invalid_23] took 0.012 sec
    [junit] Testcase: invalid[UnionType_Invalid_24] took 0.012 sec
    [junit] Testcase: invalid[UnionType_Invalid_25] took 0.012 sec
    [junit] Testcase: invalid[UnionType_Invalid_26] took 0.014 sec
    [junit] Testcase: invalid[UnionType_Invalid_3] took 0.018 sec
    [junit] Testcase: invalid[UnionType_Invalid_4] took 0.022 sec
    [junit] Testcase: invalid[UnionType_Invalid_5] took 0.016 sec
    [junit] Testcase: invalid[UnionType_Invalid_6] took 0.013 sec
    [junit] Testcase: invalid[UnionType_Invalid_7] took 0.02 sec
    [junit] Testcase: invalid[UnionType_Invalid_8] took 0.021 sec
    [junit] Testcase: invalid[UnionType_Invalid_9] took 0.068 sec
    [junit] Testcase: invalid[UnknownReference_Invalid_1] took 0.017 sec
    [junit] Testcase: invalid[UnknownReference_Invalid_2] took 0.015 sec
    [junit] Testcase: invalid[UnknownReference_Invalid_3] took 0.015 sec
    [junit] Testcase: invalid[UnknownReference_Invalid_4] took 0.018 sec
    [junit] Testcase: invalid[VarDecl_Invalid_1] took 0.011 sec
    [junit] Testcase: invalid[VarDecl_Invalid_2] took 0.014 sec
    [junit] Testcase: invalid[VarDecl_Invalid_3] took 0.012 sec
    [junit] Testcase: invalid[VarDecl_Invalid_4] took 0.012 sec
    [junit] Testcase: invalid[While_Invalid_1] took 0.012 sec
    [junit] Testcase: invalid[While_Invalid_10] took 0.018 sec
    [junit] Testcase: invalid[While_Invalid_11] took 0.672 sec
    [junit] Testcase: invalid[While_Invalid_12] took 3.354 sec
    [junit] Testcase: invalid[While_Invalid_13] took 0.017 sec
    [junit] Testcase: invalid[While_Invalid_14] took 0.02 sec
    [junit] Testcase: invalid[While_Invalid_15] took 18.621 sec
    [junit] Testcase: invalid[While_Invalid_16] took 0.013 sec
    [junit] Testcase: invalid[While_Invalid_17] took 0.169 sec
    [junit] Testcase: invalid[While_Invalid_18] took 0 sec
    [junit] 	SKIPPED: Test While_Invalid_18 skipped: ??
    [junit] Testcase: invalid[While_Invalid_18] took 0 sec
    [junit] Testcase: invalid[While_Invalid_19] took 0.142 sec
    [junit] Testcase: invalid[While_Invalid_2] took 0.02 sec
    [junit] Testcase: invalid[While_Invalid_20] took 0 sec
    [junit] 	SKIPPED: Test While_Invalid_20 skipped: ??
    [junit] Testcase: invalid[While_Invalid_20] took 0 sec
    [junit] Testcase: invalid[While_Invalid_21] took 0 sec
    [junit] 	SKIPPED: Test While_Invalid_21 skipped: ??
    [junit] Testcase: invalid[While_Invalid_21] took 0 sec
    [junit] Testcase: invalid[While_Invalid_22] took 0.001 sec
    [junit] 	SKIPPED: Test While_Invalid_22 skipped: ??
    [junit] Testcase: invalid[While_Invalid_22] took 0.001 sec
    [junit] Testcase: invalid[While_Invalid_23] took 0 sec
    [junit] 	SKIPPED: Test While_Invalid_23 skipped: ??
    [junit] Testcase: invalid[While_Invalid_23] took 0 sec
    [junit] Testcase: invalid[While_Invalid_24] took 0 sec
    [junit] 	SKIPPED: Test While_Invalid_24 skipped: ??
    [junit] Testcase: invalid[While_Invalid_24] took 0 sec
    [junit] Testcase: invalid[While_Invalid_25] took 0 sec
    [junit] 	SKIPPED: Test While_Invalid_25 skipped: #956
    [junit] Testcase: invalid[While_Invalid_25] took 0 sec
    [junit] Testcase: invalid[While_Invalid_3] took 0.024 sec
    [junit] Testcase: invalid[While_Invalid_4] took 0.014 sec
    [junit] Testcase: invalid[While_Invalid_5] took 0.017 sec
    [junit] Testcase: invalid[While_Invalid_6] took 0.02 sec
    [junit] Testcase: invalid[While_Invalid_7] took 0.019 sec
    [junit] Testcase: invalid[While_Invalid_8] took 0.018 sec
    [junit] Testcase: invalid[While_Invalid_9] took 0.02 sec
    [junit] Testcase: invalid[XOR_Invalid_1] took 0.019 sec

BUILD FAILED
/home/travis/build/Whiley/WhileyCompiler/build.xml:55: Test wyc.testing.AllInvalidTest failed

Total time: 49 seconds
travis_time:end:22275ed4:start=1569387943258465295,finish=1569387992940115252,duration=49681649957,event=script[0K[31;1mThe command "ant test" exited with 1.[0m


Done. Your build exited with 1.
