travis_fold:start:worker_info[0K[33;1mWorker information[0m
hostname: i-0322280-precise-production-2-worker-org-docker.travisci.net:ecbaa9ff-a3e9-4d08-b1ba-4f71c3a9b112
version: v2.5.0 https://github.com/travis-ci/worker/tree/da3a43228dffc0fcca5a46569ca786b22991979f
instance: fb1ba5e:travis:java
startup: 2.123006402s
travis_fold:end:worker_info[0Ktravis_fold:start:system_info[0K[33;1mBuild system information[0m
Build language: java
Build group: stable
Build dist: precise
Build id: 265972563
Job id: 265972564
Runtime kernel version: 4.8.12-040812-generic
travis-build version: 2643297a3
[34m[1mBuild image provisioning date and time[0m
Thu Feb  5 15:09:33 UTC 2015
[34m[1mOperating System Details[0m
Distributor ID:	Ubuntu
Description:	Ubuntu 12.04.5 LTS
Release:	12.04
Codename:	precise
[34m[1mLinux Version[0m
3.13.0-29-generic
[34m[1mCookbooks Version[0m
a68419e https://github.com/travis-ci/travis-cookbooks/tree/a68419e
[34m[1mGCC version[0m
gcc (Ubuntu/Linaro 4.6.3-1ubuntu5) 4.6.3
Copyright (C) 2011 Free Software Foundation, Inc.
This is free software; see the source for copying conditions.  There is NO
warranty; not even for MERCHANTABILITY or FITNESS FOR A PARTICULAR PURPOSE.

[34m[1mLLVM version[0m
clang version 3.4 (tags/RELEASE_34/final)
Target: x86_64-unknown-linux-gnu
Thread model: posix
[34m[1mPre-installed Ruby versions[0m
ruby-1.9.3-p551
[34m[1mPre-installed Node.js versions[0m
v0.10.36
[34m[1mPre-installed Go versions[0m
1.4.1
[34m[1mRedis version[0m
redis-server 2.8.19
[34m[1mriak version[0m
2.0.2
[34m[1mMongoDB version[0m
MongoDB 2.4.12
[34m[1mCouchDB version[0m
couchdb 1.6.1
[34m[1mNeo4j version[0m
1.9.4
[34m[1mRabbitMQ Version[0m
3.4.3
[34m[1mElasticSearch version[0m
1.4.0
[34m[1mInstalled Sphinx versions[0m
2.0.10
2.1.9
2.2.6
[34m[1mDefault Sphinx version[0m
2.2.6
[34m[1mInstalled Firefox version[0m
firefox 31.0esr
[34m[1mPhantomJS version[0m
1.9.8
[34m[1mant -version[0m
Apache Ant(TM) version 1.8.2 compiled on December 3 2011
[34m[1mmvn -version[0m
Apache Maven 3.2.5 (12a6b3acb947671f09b81f49094c53f426d8cea1; 2014-12-14T17:29:23+00:00)
Maven home: /usr/local/maven
Java version: 1.7.0_76, vendor: Oracle Corporation
Java home: /usr/lib/jvm/java-7-oracle/jre
Default locale: en_US, platform encoding: ANSI_X3.4-1968
OS name: "linux", version: "3.13.0-29-generic", arch: "amd64", family: "unix"
travis_fold:end:system_info[0K
travis_fold:start:fix.CVE-2015-7547[0K$ export DEBIAN_FRONTEND=noninteractive
Reading package lists...
Building dependency tree...
Reading state information...
The following extra packages will be installed:
  libc-bin libc-dev-bin libc6-dev
Suggested packages:
  glibc-doc
The following packages will be upgraded:
  libc-bin libc-dev-bin libc6 libc6-dev
4 upgraded, 0 newly installed, 0 to remove and 278 not upgraded.
Need to get 8,856 kB of archives.
After this operation, 13.3 kB of additional disk space will be used.
Get:1 http://us.archive.ubuntu.com/ubuntu/ precise-updates/main libc6-dev amd64 2.15-0ubuntu10.18 [2,948 kB]
Get:2 http://us.archive.ubuntu.com/ubuntu/ precise-updates/main libc-dev-bin amd64 2.15-0ubuntu10.18 [84.5 kB]
Get:3 http://us.archive.ubuntu.com/ubuntu/ precise-updates/main libc-bin amd64 2.15-0ubuntu10.18 [1,178 kB]
Get:4 http://us.archive.ubuntu.com/ubuntu/ precise-updates/main libc6 amd64 2.15-0ubuntu10.18 [4,646 kB]
Fetched 8,856 kB in 0s (14.4 MB/s)
Preconfiguring packages ...
(Reading database ... (Reading database ... 5%(Reading database ... 10%(Reading database ... 15%(Reading database ... 20%(Reading database ... 25%(Reading database ... 30%(Reading database ... 35%(Reading database ... 40%(Reading database ... 45%(Reading database ... 50%(Reading database ... 55%(Reading database ... 60%(Reading database ... 65%(Reading database ... 70%(Reading database ... 75%(Reading database ... 80%(Reading database ... 85%(Reading database ... 90%(Reading database ... 95%(Reading database ... 100%(Reading database ... 72019 files and directories currently installed.)
Preparing to replace libc6-dev 2.15-0ubuntu10.10 (using .../libc6-dev_2.15-0ubuntu10.18_amd64.deb) ...
Unpacking replacement libc6-dev ...
Preparing to replace libc-dev-bin 2.15-0ubuntu10.10 (using .../libc-dev-bin_2.15-0ubuntu10.18_amd64.deb) ...
Unpacking replacement libc-dev-bin ...
Preparing to replace libc-bin 2.15-0ubuntu10.10 (using .../libc-bin_2.15-0ubuntu10.18_amd64.deb) ...
Unpacking replacement libc-bin ...
Processing triggers for man-db ...
Setting up libc-bin (2.15-0ubuntu10.18) ...
(Reading database ... (Reading database ... 5%(Reading database ... 10%(Reading database ... 15%(Reading database ... 20%(Reading database ... 25%(Reading database ... 30%(Reading database ... 35%(Reading database ... 40%(Reading database ... 45%(Reading database ... 50%(Reading database ... 55%(Reading database ... 60%(Reading database ... 65%(Reading database ... 70%(Reading database ... 75%(Reading database ... 80%(Reading database ... 85%(Reading database ... 90%(Reading database ... 95%(Reading database ... 100%(Reading database ... 72018 files and directories currently installed.)
Preparing to replace libc6 2.15-0ubuntu10.10 (using .../libc6_2.15-0ubuntu10.18_amd64.deb) ...
Unpacking replacement libc6 ...
Setting up libc6 (2.15-0ubuntu10.18) ...
Setting up libc-dev-bin (2.15-0ubuntu10.18) ...
Setting up libc6-dev (2.15-0ubuntu10.18) ...
Processing triggers for libc-bin ...
ldconfig deferred processing now taking place
travis_fold:end:fix.CVE-2015-7547[0Ktravis_fold:start:update_libssl1.0.0[0K$ sudo apt-get install ca-certificates libssl1.0.0
Reading package lists... 0%Reading package lists... 0%Reading package lists... 1%Reading package lists... 10%Reading package lists... 10%Reading package lists... 11%Reading package lists... 11%Reading package lists... 46%Reading package lists... 46%Reading package lists... 47%Reading package lists... 47%Reading package lists... 49%Reading package lists... 58%Reading package lists... 58%Reading package lists... 58%Reading package lists... 58%Reading package lists... 94%Reading package lists... 94%Reading package lists... 95%Reading package lists... 95%Reading package lists... 95%Reading package lists... 95%Reading package lists... 95%Reading package lists... 95%Reading package lists... 95%Reading package lists... 95%Reading package lists... 95%Reading package lists... 95%Reading package lists... 95%Reading package lists... 95%Reading package lists... 95%Reading package lists... 95%Reading package lists... 95%Reading package lists... 95%Reading package lists... 95%Reading package lists... 95%Reading package lists... 95%Reading package lists... 95%Reading package lists... 95%Reading package lists... 95%Reading package lists... 95%Reading package lists... 95%Reading package lists... 95%Reading package lists... 95%Reading package lists... 95%Reading package lists... 95%Reading package lists... 95%Reading package lists... 95%Reading package lists... 95%Reading package lists... 95%Reading package lists... 95%Reading package lists... 95%Reading package lists... 95%Reading package lists... 95%Reading package lists... 95%Reading package lists... 95%Reading package lists... 95%Reading package lists... 95%Reading package lists... 95%Reading package lists... 95%Reading package lists... 95%Reading package lists... 95%Reading package lists... 95%Reading package lists... 95%Reading package lists... 95%Reading package lists... 95%Reading package lists... 95%Reading package lists... 95%Reading package lists... 95%Reading package lists... 95%Reading package lists... 95%Reading package lists... 95%Reading package lists... 95%Reading package lists... 95%Reading package lists... 95%Reading package lists... 95%Reading package lists... 95%Reading package lists... 96%Reading package lists... 96%Reading package lists... 96%Reading package lists... 96%Reading package lists... 97%Reading package lists... 97%Reading package lists... 98%Reading package lists... 98%Reading package lists... 98%Reading package lists... 98%Reading package lists... 98%Reading package lists... 98%Reading package lists... 98%Reading package lists... 98%Reading package lists... 98%Reading package lists... 98%Reading package lists... 98%Reading package lists... 98%Reading package lists... 98%Reading package lists... 98%Reading package lists... 98%Reading package lists... 98%Reading package lists... 98%Reading package lists... 98%Reading package lists... Done
Building dependency tree... 0%Building dependency tree... 0%Building dependency tree... 50%Building dependency tree... 50%Building dependency tree       
Reading state information... 0%Reading state information... 0%Reading state information... Done
The following extra packages will be installed:
  libssl-dev
The following packages will be upgraded:
  ca-certificates libssl-dev libssl1.0.0
3 upgraded, 0 newly installed, 0 to remove and 275 not upgraded.
Need to get 2,842 kB of archives.
After this operation, 41.0 kB of additional disk space will be used.
0% [Working]            Get:1 http://us.archive.ubuntu.com/ubuntu/ precise-updates/main libssl-dev amd64 1.0.1-4ubuntu5.39 [1,580 kB]
            0% [1 libssl-dev 14.1 kB/1,580 kB 1%]                                     56% [Working]             Get:2 http://us.archive.ubuntu.com/ubuntu/ precise-updates/main libssl1.0.0 amd64 1.0.1-4ubuntu5.39 [1,054 kB]
             56% [2 libssl1.0.0 4,096 B/1,054 kB 0%]                                       93% [Waiting for headers]                         Get:3 http://us.archive.ubuntu.com/ubuntu/ precise-updates/main ca-certificates all 20160104ubuntu0.12.04.1 [208 kB]
                         94% [3 ca-certificates 49.2 kB/208 kB 24%]                                          100% [Working]              Fetched 2,842 kB in 0s (17.9 MB/s)
Preconfiguring packages ...
(Reading database ... (Reading database ... 5%(Reading database ... 10%(Reading database ... 15%(Reading database ... 20%(Reading database ... 25%(Reading database ... 30%(Reading database ... 35%(Reading database ... 40%(Reading database ... 45%(Reading database ... 50%(Reading database ... 55%(Reading database ... 60%(Reading database ... 65%(Reading database ... 70%(Reading database ... 75%(Reading database ... 80%(Reading database ... 85%(Reading database ... 90%(Reading database ... 95%(Reading database ... 100%(Reading database ... 72018 files and directories currently installed.)
Preparing to replace libssl-dev 1.0.1-4ubuntu5.21 (using .../libssl-dev_1.0.1-4ubuntu5.39_amd64.deb) ...
Unpacking replacement libssl-dev ...
Preparing to replace libssl1.0.0 1.0.1-4ubuntu5.21 (using .../libssl1.0.0_1.0.1-4ubuntu5.39_amd64.deb) ...
Unpacking replacement libssl1.0.0 ...
Setting up libssl1.0.0 (1.0.1-4ubuntu5.39) ...
Processing triggers for libc-bin ...
ldconfig deferred processing now taking place
(Reading database ... (Reading database ... 5%(Reading database ... 10%(Reading database ... 15%(Reading database ... 20%(Reading database ... 25%(Reading database ... 30%(Reading database ... 35%(Reading database ... 40%(Reading database ... 45%(Reading database ... 50%(Reading database ... 55%(Reading database ... 60%(Reading database ... 65%(Reading database ... 70%(Reading database ... 75%(Reading database ... 80%(Reading database ... 85%(Reading database ... 90%(Reading database ... 95%(Reading database ... 100%(Reading database ... 72018 files and directories currently installed.)
Preparing to replace ca-certificates 20130906ubuntu0.12.04.1 (using .../ca-certificates_20160104ubuntu0.12.04.1_all.deb) ...
Unpacking replacement ca-certificates ...
Processing triggers for man-db ...
Setting up libssl-dev (1.0.1-4ubuntu5.39) ...
Setting up ca-certificates (20160104ubuntu0.12.04.1) ...
Updating certificates in /etc/ssl/certs... 35 added, 26 removed; done.
Running hooks in /etc/ca-certificates/update.d....
Adding debian:ACCVRAIZ1.pem
Adding debian:Atos_TrustedRoot_2011.pem
Adding debian:CA_WoSign_ECC_Root.pem
Adding debian:Certification_Authority_of_WoSign_G2.pem
Adding debian:Certinomis_-_Root_CA.pem
Adding debian:CFCA_EV_ROOT.pem
Adding debian:COMODO_RSA_Certification_Authority.pem
Adding debian:DigiCert_Assured_ID_Root_G2.pem
Adding debian:DigiCert_Assured_ID_Root_G3.pem
Adding debian:DigiCert_Global_Root_G2.pem
Adding debian:DigiCert_Global_Root_G3.pem
Adding debian:DigiCert_Trusted_Root_G4.pem
Adding debian:Entrust_Root_Certification_Authority_-_EC1.pem
Adding debian:Entrust_Root_Certification_Authority_-_G2.pem
Adding debian:E-Tugra_Certification_Authority.pem
Adding debian:GlobalSign_ECC_Root_CA_-_R4.pem
Adding debian:GlobalSign_ECC_Root_CA_-_R5.pem
Adding debian:IdenTrust_Commercial_Root_CA_1.pem
Adding debian:IdenTrust_Public_Sector_Root_CA_1.pem
Adding debian:OISTE_WISeKey_Global_Root_GB_CA.pem
Adding debian:QuoVadis_Root_CA_1_G3.pem
Adding debian:QuoVadis_Root_CA_2_G3.pem
Adding debian:QuoVadis_Root_CA_3_G3.pem
Adding debian:Staat_der_Nederlanden_EV_Root_CA.pem
Adding debian:Staat_der_Nederlanden_Root_CA_-_G3.pem
Adding debian:S-TRUST_Universal_Root_CA.pem
Adding debian:TeliaSonera_Root_CA_v1.pem
Adding debian:T-TeleSec_GlobalRoot_Class_2.pem
Adding debian:TÃœRKTRUST_Elektronik_Sertifika_Hizmet_SaÄŸlayÄ±cÄ±sÄ±_H5.pem
Adding debian:TÃœRKTRUST_Elektronik_Sertifika_Hizmet_SaÄŸlayÄ±cÄ±sÄ±_H6.pem
Adding debian:TWCA_Global_Root_CA.pem
Adding debian:USERTrust_ECC_Certification_Authority.pem
Adding debian:USERTrust_RSA_Certification_Authority.pem
Adding debian:WoSign_China.pem
Adding debian:WoSign.pem
Removing debian:A-Trust-nQual-03.pem
Removing debian:America_Online_Root_Certification_Authority_1.pem
Removing debian:America_Online_Root_Certification_Authority_2.pem
Removing debian:Buypass_Class_3_CA_1.pem
Removing debian:ComSign_Secured_CA.pem
Removing debian:Digital_Signature_Trust_Co._Global_CA_1.pem
Removing debian:Digital_Signature_Trust_Co._Global_CA_3.pem
Removing debian:E-Guven_Kok_Elektronik_Sertifika_Hizmet_Saglayicisi.pem
Removing debian:Entrust.net_Secure_Server_CA.pem
Removing debian:Firmaprofesional_Root_CA.pem
Removing debian:GTE_CyberTrust_Global_Root.pem
Removing debian:RSA_Root_Certificate_1.pem
Removing debian:TC_TrustCenter_Class_2_CA_II.pem
Removing debian:TC_TrustCenter_Universal_CA_I.pem
Removing debian:TDC_Internet_Root_CA.pem
Removing debian:TDC_OCES_Root_CA.pem
Removing debian:TURKTRUST_Certificate_Services_Provider_Root_1.pem
Removing debian:TURKTRUST_Certificate_Services_Provider_Root_2.pem
Removing debian:Thawte_Premium_Server_CA.pem
Removing debian:Thawte_Server_CA.pem
Removing debian:UTN_DATACorp_SGC_Root_CA.pem
Removing debian:ValiCert_Class_1_VA.pem
Removing debian:ValiCert_Class_2_VA.pem
Removing debian:Verisign_Class_4_Public_Primary_Certification_Authority_-_G3.pem
Removing debian:Wells_Fargo_Root_CA.pem
Removing debian:spi-cacert-2008.pem
done.
done.
travis_fold:end:update_libssl1.0.0[0K$ jdk_switcher use oraclejdk8
Switching to Oracle JDK8 (java-8-oracle), JAVA_HOME will be set to /usr/lib/jvm/java-8-oracle
travis_fold:start:git.checkout[0Ktravis_time:start:09b59812[0K$ git clone --depth=50 --branch=master https://github.com/yasserg/crawler4j.git yasserg/crawler4j
Cloning into 'yasserg/crawler4j'...
remote: Counting objects: 1333, done.[K
remote: Compressing objects:   0% (1/607)   [Kremote: Compressing objects:   1% (7/607)   [Kremote: Compressing objects:   2% (13/607)   [Kremote: Compressing objects:   3% (19/607)   [Kremote: Compressing objects:   4% (25/607)   [Kremote: Compressing objects:   5% (31/607)   [Kremote: Compressing objects:   6% (37/607)   [Kremote: Compressing objects:   7% (43/607)   [Kremote: Compressing objects:   8% (49/607)   [Kremote: Compressing objects:   9% (55/607)   [Kremote: Compressing objects:  10% (61/607)   [Kremote: Compressing objects:  11% (67/607)   [Kremote: Compressing objects:  12% (73/607)   [Kremote: Compressing objects:  13% (79/607)   [Kremote: Compressing objects:  14% (85/607)   [Kremote: Compressing objects:  15% (92/607)   [Kremote: Compressing objects:  16% (98/607)   [Kremote: Compressing objects:  17% (104/607)   [Kremote: Compressing objects:  18% (110/607)   [Kremote: Compressing objects:  19% (116/607)   [Kremote: Compressing objects:  20% (122/607)   [Kremote: Compressing objects:  21% (128/607)   [Kremote: Compressing objects:  22% (134/607)   [Kremote: Compressing objects:  23% (140/607)   [Kremote: Compressing objects:  24% (146/607)   [Kremote: Compressing objects:  25% (152/607)   [Kremote: Compressing objects:  26% (158/607)   [Kremote: Compressing objects:  27% (164/607)   [Kremote: Compressing objects:  28% (170/607)   [Kremote: Compressing objects:  29% (177/607)   [Kremote: Compressing objects:  30% (183/607)   [Kremote: Compressing objects:  31% (189/607)   [Kremote: Compressing objects:  32% (195/607)   [Kremote: Compressing objects:  33% (201/607)   [Kremote: Compressing objects:  34% (207/607)   [Kremote: Compressing objects:  35% (213/607)   [Kremote: Compressing objects:  36% (219/607)   [Kremote: Compressing objects:  37% (225/607)   [Kremote: Compressing objects:  38% (231/607)   [Kremote: Compressing objects:  39% (237/607)   [Kremote: Compressing objects:  40% (243/607)   [Kremote: Compressing objects:  41% (249/607)   [Kremote: Compressing objects:  42% (255/607)   [Kremote: Compressing objects:  43% (262/607)   [Kremote: Compressing objects:  44% (268/607)   [Kremote: Compressing objects:  45% (274/607)   [Kremote: Compressing objects:  46% (280/607)   [Kremote: Compressing objects:  47% (286/607)   [Kremote: Compressing objects:  48% (292/607)   [Kremote: Compressing objects:  49% (298/607)   [Kremote: Compressing objects:  50% (304/607)   [Kremote: Compressing objects:  51% (310/607)   [Kremote: Compressing objects:  52% (316/607)   [Kremote: Compressing objects:  53% (322/607)   [Kremote: Compressing objects:  54% (328/607)   [Kremote: Compressing objects:  55% (334/607)   [Kremote: Compressing objects:  56% (340/607)   [Kremote: Compressing objects:  57% (346/607)   [Kremote: Compressing objects:  58% (353/607)   [Kremote: Compressing objects:  59% (359/607)   [Kremote: Compressing objects:  60% (365/607)   [Kremote: Compressing objects:  61% (371/607)   [Kremote: Compressing objects:  62% (377/607)   [Kremote: Compressing objects:  63% (383/607)   [Kremote: Compressing objects:  64% (389/607)   [Kremote: Compressing objects:  65% (395/607)   [Kremote: Compressing objects:  66% (401/607)   [Kremote: Compressing objects:  67% (407/607)   [Kremote: Compressing objects:  68% (413/607)   [Kremote: Compressing objects:  69% (419/607)   [Kremote: Compressing objects:  70% (425/607)   [Kremote: Compressing objects:  71% (431/607)   [Kremote: Compressing objects:  72% (438/607)   [Kremote: Compressing objects:  73% (444/607)   [Kremote: Compressing objects:  74% (450/607)   [Kremote: Compressing objects:  75% (456/607)   [Kremote: Compressing objects:  76% (462/607)   [Kremote: Compressing objects:  77% (468/607)   [Kremote: Compressing objects:  78% (474/607)   [Kremote: Compressing objects:  79% (480/607)   [Kremote: Compressing objects:  80% (486/607)   [Kremote: Compressing objects:  81% (492/607)   [Kremote: Compressing objects:  82% (498/607)   [Kremote: Compressing objects:  83% (504/607)   [Kremote: Compressing objects:  84% (510/607)   [Kremote: Compressing objects:  85% (516/607)   [Kremote: Compressing objects:  86% (523/607)   [Kremote: Compressing objects:  87% (529/607)   [Kremote: Compressing objects:  88% (535/607)   [Kremote: Compressing objects:  89% (541/607)   [Kremote: Compressing objects:  90% (547/607)   [Kremote: Compressing objects:  91% (553/607)   [Kremote: Compressing objects:  92% (559/607)   [Kremote: Compressing objects:  93% (565/607)   [Kremote: Compressing objects:  94% (571/607)   [Kremote: Compressing objects:  95% (577/607)   [Kremote: Compressing objects:  96% (583/607)   [Kremote: Compressing objects:  97% (589/607)   [Kremote: Compressing objects:  98% (595/607)   [Kremote: Compressing objects:  99% (601/607)   [Kremote: Compressing objects: 100% (607/607)   [Kremote: Compressing objects: 100% (607/607), done.[K
Receiving objects:   0% (1/1333)   Receiving objects:   1% (14/1333)   Receiving objects:   2% (27/1333)   Receiving objects:   3% (40/1333)   Receiving objects:   4% (54/1333)   Receiving objects:   5% (67/1333)   Receiving objects:   6% (80/1333)   Receiving objects:   7% (94/1333)   Receiving objects:   8% (107/1333)   Receiving objects:   9% (120/1333)   Receiving objects:  10% (134/1333)   Receiving objects:  11% (147/1333)   Receiving objects:  12% (160/1333)   Receiving objects:  13% (174/1333)   Receiving objects:  14% (187/1333)   Receiving objects:  15% (200/1333)   Receiving objects:  16% (214/1333)   Receiving objects:  17% (227/1333)   Receiving objects:  18% (240/1333)   Receiving objects:  19% (254/1333)   Receiving objects:  20% (267/1333)   Receiving objects:  21% (280/1333)   Receiving objects:  22% (294/1333)   Receiving objects:  23% (307/1333)   Receiving objects:  24% (320/1333)   Receiving objects:  25% (334/1333)   Receiving objects:  26% (347/1333)   Receiving objects:  27% (360/1333)   Receiving objects:  28% (374/1333)   Receiving objects:  29% (387/1333)   Receiving objects:  30% (400/1333)   Receiving objects:  31% (414/1333)   Receiving objects:  32% (427/1333)   Receiving objects:  33% (440/1333)   Receiving objects:  34% (454/1333)   Receiving objects:  35% (467/1333)   Receiving objects:  36% (480/1333)   Receiving objects:  37% (494/1333)   Receiving objects:  38% (507/1333)   Receiving objects:  39% (520/1333)   Receiving objects:  40% (534/1333)   Receiving objects:  41% (547/1333)   Receiving objects:  42% (560/1333)   Receiving objects:  43% (574/1333)   Receiving objects:  44% (587/1333)   Receiving objects:  45% (600/1333)   Receiving objects:  46% (614/1333)   Receiving objects:  47% (627/1333)   Receiving objects:  48% (640/1333)   Receiving objects:  49% (654/1333)   Receiving objects:  50% (667/1333)   Receiving objects:  51% (680/1333)   Receiving objects:  52% (694/1333)   Receiving objects:  53% (707/1333)   Receiving objects:  54% (720/1333)   Receiving objects:  55% (734/1333)   Receiving objects:  56% (747/1333)   Receiving objects:  57% (760/1333)   Receiving objects:  58% (774/1333)   Receiving objects:  59% (787/1333)   Receiving objects:  60% (800/1333)   Receiving objects:  61% (814/1333)   Receiving objects:  62% (827/1333)   Receiving objects:  63% (840/1333)   Receiving objects:  64% (854/1333)   Receiving objects:  65% (867/1333)   Receiving objects:  66% (880/1333)   Receiving objects:  67% (894/1333)   Receiving objects:  68% (907/1333)   Receiving objects:  69% (920/1333)   Receiving objects:  70% (934/1333)   Receiving objects:  71% (947/1333)   Receiving objects:  72% (960/1333)   Receiving objects:  73% (974/1333)   Receiving objects:  74% (987/1333)   Receiving objects:  75% (1000/1333)   Receiving objects:  76% (1014/1333)   Receiving objects:  77% (1027/1333)   Receiving objects:  78% (1040/1333)   Receiving objects:  79% (1054/1333)   Receiving objects:  80% (1067/1333)   Receiving objects:  81% (1080/1333)   Receiving objects:  82% (1094/1333)   Receiving objects:  83% (1107/1333)   Receiving objects:  84% (1120/1333)   Receiving objects:  85% (1134/1333)   Receiving objects:  86% (1147/1333)   Receiving objects:  87% (1160/1333)   Receiving objects:  88% (1174/1333)   Receiving objects:  89% (1187/1333)   remote: Total 1333 (delta 477), reused 1186 (delta 372), pack-reused 0[K
Receiving objects:  90% (1200/1333)   Receiving objects:  91% (1214/1333)   Receiving objects:  92% (1227/1333)   Receiving objects:  93% (1240/1333)   Receiving objects:  94% (1254/1333)   Receiving objects:  95% (1267/1333)   Receiving objects:  96% (1280/1333)   Receiving objects:  97% (1294/1333)   Receiving objects:  98% (1307/1333)   Receiving objects:  99% (1320/1333)   Receiving objects: 100% (1333/1333)   Receiving objects: 100% (1333/1333), 318.90 KiB | 0 bytes/s, done.
Resolving deltas:   0% (0/477)   Resolving deltas:   2% (12/477)   Resolving deltas:   3% (15/477)   Resolving deltas:   5% (26/477)   Resolving deltas:   8% (40/477)   Resolving deltas:  10% (52/477)   Resolving deltas:  11% (57/477)   Resolving deltas:  12% (58/477)   Resolving deltas:  14% (67/477)   Resolving deltas:  15% (72/477)   Resolving deltas:  16% (77/477)   Resolving deltas:  17% (82/477)   Resolving deltas:  18% (86/477)   Resolving deltas:  20% (97/477)   Resolving deltas:  22% (106/477)   Resolving deltas:  23% (111/477)   Resolving deltas:  24% (118/477)   Resolving deltas:  25% (120/477)   Resolving deltas:  26% (126/477)   Resolving deltas:  28% (134/477)   Resolving deltas:  30% (146/477)   Resolving deltas:  32% (157/477)   Resolving deltas:  33% (161/477)   Resolving deltas:  35% (170/477)   Resolving deltas:  37% (179/477)   Resolving deltas:  38% (182/477)   Resolving deltas:  40% (193/477)   Resolving deltas:  41% (199/477)   Resolving deltas:  44% (211/477)   Resolving deltas:  45% (215/477)   Resolving deltas:  47% (226/477)   Resolving deltas:  48% (230/477)   Resolving deltas:  50% (240/477)   Resolving deltas:  51% (248/477)   Resolving deltas:  52% (251/477)   Resolving deltas:  61% (294/477)   Resolving deltas:  63% (304/477)   Resolving deltas:  66% (319/477)   Resolving deltas:  67% (321/477)   Resolving deltas:  68% (328/477)   Resolving deltas:  69% (330/477)   Resolving deltas:  70% (336/477)   Resolving deltas:  72% (346/477)   Resolving deltas:  75% (362/477)   Resolving deltas:  77% (369/477)   Resolving deltas:  78% (375/477)   Resolving deltas:  79% (380/477)   Resolving deltas:  81% (390/477)   Resolving deltas:  82% (395/477)   Resolving deltas:  83% (397/477)   Resolving deltas:  84% (402/477)   Resolving deltas:  85% (407/477)   Resolving deltas:  86% (412/477)   Resolving deltas:  88% (420/477)   Resolving deltas:  89% (427/477)   Resolving deltas:  90% (430/477)   Resolving deltas:  91% (435/477)   Resolving deltas:  92% (439/477)   Resolving deltas:  93% (446/477)   Resolving deltas:  94% (450/477)   Resolving deltas:  95% (456/477)   Resolving deltas:  96% (459/477)   Resolving deltas:  97% (463/477)   Resolving deltas:  98% (468/477)   Resolving deltas:  99% (473/477)   Resolving deltas: 100% (477/477)   Resolving deltas: 100% (477/477), done.
Checking connectivity... done.

travis_time:end:09b59812:start=1503064100268872919,finish=1503064101192541242,duration=923668323[0K$ cd yasserg/crawler4j
$ git checkout -qf 3ff5e67dda265b09e5936bb3e16d8ab88f15e2bc
travis_fold:end:git.checkout[0K[33;1mDisabling Gradle daemon[0m
travis_time:start:174116dc[0K$ mkdir -p ~/.gradle && echo "org.gradle.daemon=false" >> ~/.gradle/gradle.properties

travis_time:end:174116dc:start=1503064104688121392,finish=1503064104692563335,duration=4441943[0K$ export PATH=$JAVA_HOME/bin:$PATH
$ java -Xmx32m -version
java version "1.8.0_31"
Java(TM) SE Runtime Environment (build 1.8.0_31-b13)
Java HotSpot(TM) 64-Bit Server VM (build 25.31-b07, mixed mode)
$ javac -J-Xmx32m -version
javac 1.8.0_31
travis_fold:start:install[0Ktravis_time:start:0589817a[0K$ mvn install -DskipTests=true -Dmaven.javadoc.skip=true -B -V
Java HotSpot(TM) 64-Bit Server VM warning: ignoring option MaxPermSize=192m; support was removed in 8.0
Apache Maven 3.2.5 (12a6b3acb947671f09b81f49094c53f426d8cea1; 2014-12-14T17:29:23+00:00)
Maven home: /usr/local/maven
Java version: 1.8.0_31, vendor: Oracle Corporation
Java home: /usr/lib/jvm/java-8-oracle/jre
Default locale: en_US, platform encoding: UTF-8
OS name: "linux", version: "4.8.12-040812-generic", arch: "amd64", family: "unix"
[INFO] Scanning for projects...
[INFO] Downloading: https://repository.apache.org/snapshots/edu/uci/ics/crawler4j-parent/4.4.0-SNAPSHOT/maven-metadata.xml
[INFO] Downloading: http://download.oracle.com/maven/edu/uci/ics/crawler4j-parent/4.4.0-SNAPSHOT/maven-metadata.xml
[INFO] Downloading: https://oss.sonatype.org/content/repositories/codehaus-snapshots/edu/uci/ics/crawler4j-parent/4.4.0-SNAPSHOT/maven-metadata.xml
[INFO] Downloading: https://oss.sonatype.org/content/repositories/snapshots/edu/uci/ics/crawler4j-parent/4.4.0-SNAPSHOT/maven-metadata.xml
[INFO] Downloading: https://oss.sonatype.org/content/repositories/snapshots/edu/uci/ics/crawler4j-parent/4.4.0-SNAPSHOT/crawler4j-parent-4.4.0-SNAPSHOT.pom
[INFO] Downloading: https://repository.apache.org/snapshots/edu/uci/ics/crawler4j-parent/4.4.0-SNAPSHOT/crawler4j-parent-4.4.0-SNAPSHOT.pom
[INFO] Downloading: https://oss.sonatype.org/content/repositories/codehaus-snapshots/edu/uci/ics/crawler4j-parent/4.4.0-SNAPSHOT/crawler4j-parent-4.4.0-SNAPSHOT.pom
[INFO] Downloading: http://download.oracle.com/maven/edu/uci/ics/crawler4j-parent/4.4.0-SNAPSHOT/crawler4j-parent-4.4.0-SNAPSHOT.pom
[ERROR] The build could not read 1 project -> [Help 1]
[ERROR]   
[ERROR]   The project edu.uci.ics:crawler4j:[unknown-version] (/home/travis/build/yasserg/crawler4j/crawler4j/pom.xml) has 1 error
[ERROR]     Non-resolvable parent POM: Could not find artifact edu.uci.ics:crawler4j-parent:pom:4.4.0-SNAPSHOT in sonatype-snapshots (https://oss.sonatype.org/content/repositories/snapshots/) and 'parent.relativePath' points at no local POM @ line 3, column 13 -> [Help 2]
[ERROR] 
[ERROR] To see the full stack trace of the errors, re-run Maven with the -e switch.
[ERROR] Re-run Maven using the -X switch to enable full debug logging.
[ERROR] 
[ERROR] For more information about the errors and possible solutions, please read the following articles:
[ERROR] [Help 1] http://cwiki.apache.org/confluence/display/MAVEN/ProjectBuildingException
[ERROR] [Help 2] http://cwiki.apache.org/confluence/display/MAVEN/UnresolvableModelException

[31;1mThe command "eval mvn install -DskipTests=true -Dmaven.javadoc.skip=true -B -V " failed. Retrying, 2 of 3.[0m

Java HotSpot(TM) 64-Bit Server VM warning: ignoring option MaxPermSize=192m; support was removed in 8.0
Apache Maven 3.2.5 (12a6b3acb947671f09b81f49094c53f426d8cea1; 2014-12-14T17:29:23+00:00)
Maven home: /usr/local/maven
Java version: 1.8.0_31, vendor: Oracle Corporation
Java home: /usr/lib/jvm/java-8-oracle/jre
Default locale: en_US, platform encoding: UTF-8
OS name: "linux", version: "4.8.12-040812-generic", arch: "amd64", family: "unix"
[INFO] Scanning for projects...
[INFO] Downloading: https://repository.apache.org/snapshots/edu/uci/ics/crawler4j-parent/4.4.0-SNAPSHOT/maven-metadata.xml
[INFO] Downloading: https://repository.apache.org/snapshots/edu/uci/ics/crawler4j-parent/4.4.0-SNAPSHOT/crawler4j-parent-4.4.0-SNAPSHOT.pom
[ERROR] The build could not read 1 project -> [Help 1]
[ERROR]   
[ERROR]   The project edu.uci.ics:crawler4j:[unknown-version] (/home/travis/build/yasserg/crawler4j/crawler4j/pom.xml) has 1 error
[ERROR]     Non-resolvable parent POM: Failure to find edu.uci.ics:crawler4j-parent:pom:4.4.0-SNAPSHOT in https://oss.sonatype.org/content/repositories/snapshots/ was cached in the local repository, resolution will not be reattempted until the update interval of sonatype-snapshots has elapsed or updates are forced and 'parent.relativePath' points at no local POM @ line 3, column 13 -> [Help 2]
[ERROR] 
[ERROR] To see the full stack trace of the errors, re-run Maven with the -e switch.
[ERROR] Re-run Maven using the -X switch to enable full debug logging.
[ERROR] 
[ERROR] For more information about the errors and possible solutions, please read the following articles:
[ERROR] [Help 1] http://cwiki.apache.org/confluence/display/MAVEN/ProjectBuildingException
[ERROR] [Help 2] http://cwiki.apache.org/confluence/display/MAVEN/UnresolvableModelException

[31;1mThe command "eval mvn install -DskipTests=true -Dmaven.javadoc.skip=true -B -V " failed. Retrying, 3 of 3.[0m

Java HotSpot(TM) 64-Bit Server VM warning: ignoring option MaxPermSize=192m; support was removed in 8.0
Apache Maven 3.2.5 (12a6b3acb947671f09b81f49094c53f426d8cea1; 2014-12-14T17:29:23+00:00)
Maven home: /usr/local/maven
Java version: 1.8.0_31, vendor: Oracle Corporation
Java home: /usr/lib/jvm/java-8-oracle/jre
Default locale: en_US, platform encoding: UTF-8
OS name: "linux", version: "4.8.12-040812-generic", arch: "amd64", family: "unix"
[INFO] Scanning for projects...
[INFO] Downloading: https://repository.apache.org/snapshots/edu/uci/ics/crawler4j-parent/4.4.0-SNAPSHOT/maven-metadata.xml
[INFO] Downloading: https://repository.apache.org/snapshots/edu/uci/ics/crawler4j-parent/4.4.0-SNAPSHOT/crawler4j-parent-4.4.0-SNAPSHOT.pom
[ERROR] The build could not read 1 project -> [Help 1]
[ERROR]   
[ERROR]   The project edu.uci.ics:crawler4j:[unknown-version] (/home/travis/build/yasserg/crawler4j/crawler4j/pom.xml) has 1 error
[ERROR]     Non-resolvable parent POM: Failure to find edu.uci.ics:crawler4j-parent:pom:4.4.0-SNAPSHOT in https://oss.sonatype.org/content/repositories/snapshots/ was cached in the local repository, resolution will not be reattempted until the update interval of sonatype-snapshots has elapsed or updates are forced and 'parent.relativePath' points at no local POM @ line 3, column 13 -> [Help 2]
[ERROR] 
[ERROR] To see the full stack trace of the errors, re-run Maven with the -e switch.
[ERROR] Re-run Maven using the -X switch to enable full debug logging.
[ERROR] 
[ERROR] For more information about the errors and possible solutions, please read the following articles:
[ERROR] [Help 1] http://cwiki.apache.org/confluence/display/MAVEN/ProjectBuildingException
[ERROR] [Help 2] http://cwiki.apache.org/confluence/display/MAVEN/UnresolvableModelException

[31;1mThe command "eval mvn install -DskipTests=true -Dmaven.javadoc.skip=true -B -V " failed 3 times.[0m


travis_time:end:0589817a:start=1503064105475956669,finish=1503064119310817763,duration=13834861094[0K
[31;1mThe command "mvn install -DskipTests=true -Dmaven.javadoc.skip=true -B -V" failed and exited with 1 during .[0m

Your build has been stopped.
