Using worker: worker-linux-docker-a169e958.prod.travis-ci.org:travis-linux-8

travis_fold:start:system_info[0K[33;1mBuild system information[0m
Build language: python
Build group: stable
Build dist: precise
[34m[1mBuild image provisioning date and time[0m
Thu Feb  5 15:09:33 UTC 2015
[34m[1mOperating System Details[0m
Distributor ID:	Ubuntu
Description:	Ubuntu 12.04.5 LTS
Release:	12.04
Codename:	precise
[34m[1mLinux Version[0m
3.13.0-29-generic
[34m[1mCookbooks Version[0m
a68419e https://github.com/travis-ci/travis-cookbooks/tree/a68419e
[34m[1mGCC version[0m
gcc (Ubuntu/Linaro 4.6.3-1ubuntu5) 4.6.3
Copyright (C) 2011 Free Software Foundation, Inc.
This is free software; see the source for copying conditions.  There is NO
warranty; not even for MERCHANTABILITY or FITNESS FOR A PARTICULAR PURPOSE.

[34m[1mLLVM version[0m
clang version 3.4 (tags/RELEASE_34/final)
Target: x86_64-unknown-linux-gnu
Thread model: posix
[34m[1mPre-installed Ruby versions[0m
ruby-1.9.3-p551
[34m[1mPre-installed Node.js versions[0m
v0.10.36
[34m[1mPre-installed Go versions[0m
1.4.1
[34m[1mRedis version[0m
redis-server 2.8.19
[34m[1mriak version[0m
2.0.2
[34m[1mMongoDB version[0m
MongoDB 2.4.12
[34m[1mCouchDB version[0m
couchdb 1.6.1
[34m[1mNeo4j version[0m
1.9.4
[34m[1mRabbitMQ Version[0m
3.4.3
[34m[1mElasticSearch version[0m
1.4.0
[34m[1mInstalled Sphinx versions[0m
2.0.10
2.1.9
2.2.6
[34m[1mDefault Sphinx version[0m
2.2.6
[34m[1mInstalled Firefox version[0m
firefox 31.0esr
[34m[1mPhantomJS version[0m
1.9.8
[34m[1mant -version[0m
Apache Ant(TM) version 1.8.2 compiled on December 3 2011
[34m[1mmvn -version[0m
Apache Maven 3.2.5 (12a6b3acb947671f09b81f49094c53f426d8cea1; 2014-12-14T17:29:23+00:00)
Maven home: /usr/local/maven
Java version: 1.7.0_76, vendor: Oracle Corporation
Java home: /usr/lib/jvm/java-7-oracle/jre
Default locale: en_US, platform encoding: ANSI_X3.4-1968
OS name: "linux", version: "3.13.0-29-generic", arch: "amd64", family: "unix"
travis_fold:end:system_info[0K
travis_fold:start:git.checkout[0Ktravis_time:start:06194b02[0K$ git clone --depth=50 --branch=develop https://github.com/openaid-IATI/OIPA.git openaid-IATI/OIPA
Cloning into 'openaid-IATI/OIPA'...
remote: Counting objects: 1644, done.[K
remote: Compressing objects:   0% (1/1156)   [Kremote: Compressing objects:   1% (12/1156)   [Kremote: Compressing objects:   2% (24/1156)   [Kremote: Compressing objects:   3% (35/1156)   [Kremote: Compressing objects:   4% (47/1156)   [Kremote: Compressing objects:   5% (58/1156)   [Kremote: Compressing objects:   6% (70/1156)   [Kremote: Compressing objects:   7% (81/1156)   [Kremote: Compressing objects:   8% (93/1156)   [Kremote: Compressing objects:   9% (105/1156)   [Kremote: Compressing objects:  10% (116/1156)   [Kremote: Compressing objects:  11% (128/1156)   [Kremote: Compressing objects:  12% (139/1156)   [Kremote: Compressing objects:  13% (151/1156)   [Kremote: Compressing objects:  14% (162/1156)   [Kremote: Compressing objects:  15% (174/1156)   [Kremote: Compressing objects:  16% (185/1156)   [Kremote: Compressing objects:  17% (197/1156)   [Kremote: Compressing objects:  18% (209/1156)   [Kremote: Compressing objects:  19% (220/1156)   [Kremote: Compressing objects:  20% (232/1156)   [Kremote: Compressing objects:  21% (243/1156)   [Kremote: Compressing objects:  22% (255/1156)   [Kremote: Compressing objects:  23% (266/1156)   [Kremote: Compressing objects:  24% (278/1156)   [Kremote: Compressing objects:  25% (289/1156)   [Kremote: Compressing objects:  26% (301/1156)   [Kremote: Compressing objects:  27% (313/1156)   [Kremote: Compressing objects:  28% (324/1156)   [Kremote: Compressing objects:  29% (336/1156)   [Kremote: Compressing objects:  30% (347/1156)   [Kremote: Compressing objects:  31% (359/1156)   [Kremote: Compressing objects:  32% (370/1156)   [Kremote: Compressing objects:  33% (382/1156)   [Kremote: Compressing objects:  34% (394/1156)   [Kremote: Compressing objects:  35% (405/1156)   [Kremote: Compressing objects:  36% (417/1156)   [Kremote: Compressing objects:  36% (425/1156)   [Kremote: Compressing objects:  37% (428/1156)   [Kremote: Compressing objects:  38% (440/1156)   [Kremote: Compressing objects:  39% (451/1156)   [Kremote: Compressing objects:  40% (463/1156)   [Kremote: Compressing objects:  41% (474/1156)   [Kremote: Compressing objects:  42% (486/1156)   [Kremote: Compressing objects:  43% (498/1156)   [Kremote: Compressing objects:  44% (509/1156)   [Kremote: Compressing objects:  45% (521/1156)   [Kremote: Compressing objects:  46% (532/1156)   [Kremote: Compressing objects:  47% (544/1156)   [Kremote: Compressing objects:  48% (555/1156)   [Kremote: Compressing objects:  49% (567/1156)   [Kremote: Compressing objects:  50% (578/1156)   [Kremote: Compressing objects:  51% (590/1156)   [Kremote: Compressing objects:  52% (602/1156)   [Kremote: Compressing objects:  53% (613/1156)   [Kremote: Compressing objects:  54% (625/1156)   [Kremote: Compressing objects:  55% (636/1156)   [Kremote: Compressing objects:  56% (648/1156)   [Kremote: Compressing objects:  57% (659/1156)   [Kremote: Compressing objects:  58% (671/1156)   [Kremote: Compressing objects:  59% (683/1156)   [Kremote: Compressing objects:  60% (694/1156)   [Kremote: Compressing objects:  61% (706/1156)   [Kremote: Compressing objects:  62% (717/1156)   [Kremote: Compressing objects:  63% (729/1156)   [Kremote: Compressing objects:  64% (740/1156)   [Kremote: Compressing objects:  65% (752/1156)   [Kremote: Compressing objects:  66% (763/1156)   [Kremote: Compressing objects:  67% (775/1156)   [Kremote: Compressing objects:  68% (787/1156)   [Kremote: Compressing objects:  69% (798/1156)   [Kremote: Compressing objects:  70% (810/1156)   [Kremote: Compressing objects:  71% (821/1156)   [Kremote: Compressing objects:  72% (833/1156)   [Kremote: Compressing objects:  73% (844/1156)   [Kremote: Compressing objects:  74% (856/1156)   [Kremote: Compressing objects:  75% (867/1156)   [Kremote: Compressing objects:  76% (879/1156)   [Kremote: Compressing objects:  77% (891/1156)   [Kremote: Compressing objects:  78% (902/1156)   [Kremote: Compressing objects:  79% (914/1156)   [Kremote: Compressing objects:  80% (925/1156)   [Kremote: Compressing objects:  81% (937/1156)   [Kremote: Compressing objects:  82% (948/1156)   [Kremote: Compressing objects:  83% (960/1156)   [Kremote: Compressing objects:  84% (972/1156)   [Kremote: Compressing objects:  85% (983/1156)   [Kremote: Compressing objects:  86% (995/1156)   [Kremote: Compressing objects:  87% (1006/1156)   [Kremote: Compressing objects:  88% (1018/1156)   [Kremote: Compressing objects:  89% (1029/1156)   [Kremote: Compressing objects:  90% (1041/1156)   [Kremote: Compressing objects:  91% (1052/1156)   [Kremote: Compressing objects:  92% (1064/1156)   [Kremote: Compressing objects:  93% (1076/1156)   [Kremote: Compressing objects:  94% (1087/1156)   [Kremote: Compressing objects:  95% (1099/1156)   [Kremote: Compressing objects:  96% (1110/1156)   [Kremote: Compressing objects:  97% (1122/1156)   [Kremote: Compressing objects:  98% (1133/1156)   [Kremote: Compressing objects:  99% (1145/1156)   [Kremote: Compressing objects: 100% (1156/1156)   [Kremote: Compressing objects: 100% (1156/1156), done.[K
Receiving objects:   0% (1/1644)   Receiving objects:   1% (17/1644)   Receiving objects:   2% (33/1644)   Receiving objects:   3% (50/1644)   Receiving objects:   4% (66/1644)   Receiving objects:   5% (83/1644)   Receiving objects:   6% (99/1644)   Receiving objects:   7% (116/1644)   Receiving objects:   8% (132/1644)   Receiving objects:   9% (148/1644)   Receiving objects:  10% (165/1644)   Receiving objects:  11% (181/1644)   Receiving objects:  12% (198/1644)   Receiving objects:  13% (214/1644), 12.91 MiB | 25.77 MiB/s   Receiving objects:  14% (231/1644), 12.91 MiB | 25.77 MiB/s   Receiving objects:  15% (247/1644), 12.91 MiB | 25.77 MiB/s   Receiving objects:  16% (264/1644), 12.91 MiB | 25.77 MiB/s   Receiving objects:  17% (280/1644), 12.91 MiB | 25.77 MiB/s   Receiving objects:  18% (296/1644), 12.91 MiB | 25.77 MiB/s   Receiving objects:  19% (313/1644), 12.91 MiB | 25.77 MiB/s   Receiving objects:  20% (329/1644), 12.91 MiB | 25.77 MiB/s   Receiving objects:  21% (346/1644), 12.91 MiB | 25.77 MiB/s   Receiving objects:  22% (362/1644), 12.91 MiB | 25.77 MiB/s   Receiving objects:  23% (379/1644), 12.91 MiB | 25.77 MiB/s   Receiving objects:  24% (395/1644), 12.91 MiB | 25.77 MiB/s   Receiving objects:  25% (411/1644), 12.91 MiB | 25.77 MiB/s   Receiving objects:  26% (428/1644), 12.91 MiB | 25.77 MiB/s   Receiving objects:  27% (444/1644), 12.91 MiB | 25.77 MiB/s   Receiving objects:  28% (461/1644), 12.91 MiB | 25.77 MiB/s   Receiving objects:  29% (477/1644), 12.91 MiB | 25.77 MiB/s   Receiving objects:  30% (494/1644), 12.91 MiB | 25.77 MiB/s   Receiving objects:  31% (510/1644), 12.91 MiB | 25.77 MiB/s   Receiving objects:  32% (527/1644), 12.91 MiB | 25.77 MiB/s   Receiving objects:  33% (543/1644), 12.91 MiB | 25.77 MiB/s   Receiving objects:  34% (559/1644), 12.91 MiB | 25.77 MiB/s   Receiving objects:  35% (576/1644), 12.91 MiB | 25.77 MiB/s   Receiving objects:  36% (592/1644), 12.91 MiB | 25.77 MiB/s   Receiving objects:  37% (609/1644), 12.91 MiB | 25.77 MiB/s   Receiving objects:  38% (625/1644), 12.91 MiB | 25.77 MiB/s   Receiving objects:  39% (642/1644), 12.91 MiB | 25.77 MiB/s   Receiving objects:  40% (658/1644), 12.91 MiB | 25.77 MiB/s   Receiving objects:  41% (675/1644), 12.91 MiB | 25.77 MiB/s   Receiving objects:  42% (691/1644), 12.91 MiB | 25.77 MiB/s   Receiving objects:  43% (707/1644), 12.91 MiB | 25.77 MiB/s   Receiving objects:  44% (724/1644), 12.91 MiB | 25.77 MiB/s   Receiving objects:  45% (740/1644), 12.91 MiB | 25.77 MiB/s   Receiving objects:  46% (757/1644), 12.91 MiB | 25.77 MiB/s   Receiving objects:  47% (773/1644), 12.91 MiB | 25.77 MiB/s   Receiving objects:  48% (790/1644), 12.91 MiB | 25.77 MiB/s   Receiving objects:  49% (806/1644), 12.91 MiB | 25.77 MiB/s   Receiving objects:  50% (822/1644), 12.91 MiB | 25.77 MiB/s   Receiving objects:  51% (839/1644), 12.91 MiB | 25.77 MiB/s   Receiving objects:  52% (855/1644), 12.91 MiB | 25.77 MiB/s   Receiving objects:  53% (872/1644), 12.91 MiB | 25.77 MiB/s   Receiving objects:  54% (888/1644), 12.91 MiB | 25.77 MiB/s   Receiving objects:  55% (905/1644), 12.91 MiB | 25.77 MiB/s   Receiving objects:  56% (921/1644), 12.91 MiB | 25.77 MiB/s   Receiving objects:  57% (938/1644), 12.91 MiB | 25.77 MiB/s   Receiving objects:  58% (954/1644), 12.91 MiB | 25.77 MiB/s   Receiving objects:  59% (970/1644), 12.91 MiB | 25.77 MiB/s   Receiving objects:  60% (987/1644), 12.91 MiB | 25.77 MiB/s   Receiving objects:  61% (1003/1644), 12.91 MiB | 25.77 MiB/s   Receiving objects:  62% (1020/1644), 12.91 MiB | 25.77 MiB/s   Receiving objects:  63% (1036/1644), 12.91 MiB | 25.77 MiB/s   Receiving objects:  64% (1053/1644), 12.91 MiB | 25.77 MiB/s   Receiving objects:  65% (1069/1644), 12.91 MiB | 25.77 MiB/s   Receiving objects:  66% (1086/1644), 12.91 MiB | 25.77 MiB/s   Receiving objects:  67% (1102/1644), 12.91 MiB | 25.77 MiB/s   Receiving objects:  68% (1118/1644), 12.91 MiB | 25.77 MiB/s   Receiving objects:  69% (1135/1644), 12.91 MiB | 25.77 MiB/s   Receiving objects:  70% (1151/1644), 12.91 MiB | 25.77 MiB/s   Receiving objects:  71% (1168/1644), 12.91 MiB | 25.77 MiB/s   Receiving objects:  72% (1184/1644), 12.91 MiB | 25.77 MiB/s   Receiving objects:  73% (1201/1644), 12.91 MiB | 25.77 MiB/s   Receiving objects:  74% (1217/1644), 12.91 MiB | 25.77 MiB/s   Receiving objects:  75% (1233/1644), 12.91 MiB | 25.77 MiB/s   Receiving objects:  76% (1250/1644), 12.91 MiB | 25.77 MiB/s   Receiving objects:  77% (1266/1644), 12.91 MiB | 25.77 MiB/s   Receiving objects:  78% (1283/1644), 12.91 MiB | 25.77 MiB/s   Receiving objects:  79% (1299/1644), 12.91 MiB | 25.77 MiB/s   Receiving objects:  80% (1316/1644), 12.91 MiB | 25.77 MiB/s   Receiving objects:  81% (1332/1644), 12.91 MiB | 25.77 MiB/s   Receiving objects:  82% (1349/1644), 12.91 MiB | 25.77 MiB/s   Receiving objects:  82% (1350/1644), 23.96 MiB | 23.91 MiB/s   remote: Total 1644 (delta 650), reused 1230 (delta 421), pack-reused 0[K
Receiving objects:  83% (1365/1644), 23.96 MiB | 23.91 MiB/s   Receiving objects:  84% (1381/1644), 23.96 MiB | 23.91 MiB/s   Receiving objects:  85% (1398/1644), 23.96 MiB | 23.91 MiB/s   Receiving objects:  86% (1414/1644), 23.96 MiB | 23.91 MiB/s   Receiving objects:  87% (1431/1644), 23.96 MiB | 23.91 MiB/s   Receiving objects:  88% (1447/1644), 23.96 MiB | 23.91 MiB/s   Receiving objects:  89% (1464/1644), 23.96 MiB | 23.91 MiB/s   Receiving objects:  90% (1480/1644), 23.96 MiB | 23.91 MiB/s   Receiving objects:  91% (1497/1644), 23.96 MiB | 23.91 MiB/s   Receiving objects:  92% (1513/1644), 23.96 MiB | 23.91 MiB/s   Receiving objects:  93% (1529/1644), 23.96 MiB | 23.91 MiB/s   Receiving objects:  94% (1546/1644), 23.96 MiB | 23.91 MiB/s   Receiving objects:  95% (1562/1644), 23.96 MiB | 23.91 MiB/s   Receiving objects:  96% (1579/1644), 23.96 MiB | 23.91 MiB/s   Receiving objects:  97% (1595/1644), 23.96 MiB | 23.91 MiB/s   Receiving objects:  98% (1612/1644), 23.96 MiB | 23.91 MiB/s   Receiving objects:  99% (1628/1644), 23.96 MiB | 23.91 MiB/s   Receiving objects: 100% (1644/1644), 23.96 MiB | 23.91 MiB/s   Receiving objects: 100% (1644/1644), 24.55 MiB | 23.91 MiB/s, done.
Resolving deltas:   0% (0/650)   Resolving deltas:   9% (59/650)   Resolving deltas:  17% (114/650)   Resolving deltas:  19% (124/650)   Resolving deltas:  20% (133/650)   Resolving deltas:  21% (140/650)   Resolving deltas:  25% (168/650)   Resolving deltas:  29% (189/650)   Resolving deltas:  30% (197/650)   Resolving deltas:  31% (205/650)   Resolving deltas:  34% (221/650)   Resolving deltas:  35% (230/650)   Resolving deltas:  36% (238/650)   Resolving deltas:  37% (246/650)   Resolving deltas:  38% (247/650)   Resolving deltas:  39% (254/650)   Resolving deltas:  40% (260/650)   Resolving deltas:  41% (267/650)   Resolving deltas:  42% (273/650)   Resolving deltas:  43% (280/650)   Resolving deltas:  44% (292/650)   Resolving deltas:  45% (293/650)   Resolving deltas:  47% (307/650)   Resolving deltas:  48% (317/650)   Resolving deltas:  49% (319/650)   Resolving deltas:  50% (325/650)   Resolving deltas:  51% (336/650)   Resolving deltas:  52% (339/650)   Resolving deltas:  54% (352/650)   Resolving deltas:  55% (362/650)   Resolving deltas:  56% (367/650)   Resolving deltas:  57% (371/650)   Resolving deltas:  58% (377/650)   Resolving deltas:  59% (384/650)   Resolving deltas:  60% (390/650)   Resolving deltas:  61% (398/650)   Resolving deltas:  62% (403/650)   Resolving deltas:  64% (416/650)   Resolving deltas:  65% (423/650)   Resolving deltas:  66% (430/650)   Resolving deltas:  67% (436/650)   Resolving deltas:  69% (451/650)   Resolving deltas:  70% (455/650)   Resolving deltas:  71% (466/650)   Resolving deltas:  72% (468/650)   Resolving deltas:  73% (475/650)   Resolving deltas:  74% (481/650)   Resolving deltas:  75% (488/650)   Resolving deltas:  76% (495/650)   Resolving deltas:  77% (501/650)   Resolving deltas:  78% (507/650)   Resolving deltas:  79% (515/650)   Resolving deltas:  80% (520/650)   Resolving deltas:  81% (527/650)   Resolving deltas:  82% (536/650)   Resolving deltas:  84% (551/650)   Resolving deltas:  85% (555/650)   Resolving deltas:  86% (559/650)   Resolving deltas:  87% (570/650)   Resolving deltas:  88% (576/650)   Resolving deltas:  91% (592/650)   Resolving deltas:  92% (603/650)   Resolving deltas:  93% (606/650)   Resolving deltas:  94% (612/650)   Resolving deltas:  95% (618/650)   Resolving deltas:  98% (637/650)   Resolving deltas:  99% (644/650)   Resolving deltas: 100% (650/650)   Resolving deltas: 100% (650/650), done.
Checking connectivity... done.
travis_time:end:06194b02:start=1447861181173443206,finish=1447861188160802371,duration=6987359165[0K$ cd openaid-IATI/OIPA
$ git checkout -qf f44a3e2dc130f463de4395c868dd09ff47fce8df
travis_fold:end:git.checkout[0Ktravis_fold:start:services[0Ktravis_time:start:0664dc0e[0K$ sudo service elasticsearch start
 * Starting Elasticsearch Server       [80G /etc/init.d/elasticsearch: 153: ulimit: error setting limit (Operation not permitted)
error: permission denied on key 'vm.max_map_count'
[74G[ OK ]
travis_time:end:0664dc0e:start=1447861188381560321,finish=1447861188415982938,duration=34422617[0Ktravis_fold:end:services[0Ktravis_fold:start:postgresql[0K[33;1mStarting PostgreSQL v9.4[0m
travis_time:start:12eb5374[0K$ sudo service postgresql stop
 * Stopping PostgreSQL 9.1 database server       [80G [74G[ OK ]
 * Stopping PostgreSQL 9.2 database server       [80G [74G[ OK ]
 * Stopping PostgreSQL 9.3 database server       [80G [74G[ OK ]
 * Stopping PostgreSQL 9.4 database server       [80G [74G[ OK ]
travis_time:end:12eb5374:start=1447861191422360237,finish=1447861191991793463,duration=569433226[0Ktravis_time:start:0d119252[0K$ sudo service postgresql start 9.4
 * Starting PostgreSQL 9.4 database server       [80G [74G[ OK ]
travis_time:end:0d119252:start=1447861192027676529,finish=1447861194532440475,duration=2504763946[0Ktravis_time:start:0157dd48[0K$ sudo -u postgres createuser -s -p 5432 travis &>/dev/null
travis_time:end:0157dd48:start=1447861194536489018,finish=1447861194591212255,duration=54723237[0Ktravis_time:start:035bb1c0[0K$ sudo -u postgres createdb -O travis -p 5432 travis &>/dev/null
travis_time:end:035bb1c0:start=1447861194594884908,finish=1447861194865258267,duration=270373359[0Ktravis_time:start:1ccf78b4[0K$ sudo -u postgres createuser -s -p 5433 travis &>/dev/null
travis_time:end:1ccf78b4:start=1447861194868847277,finish=1447861194912550383,duration=43703106[0Ktravis_time:start:1c444fce[0K$ sudo -u postgres createdb -O travis -p 5433 travis &>/dev/null
travis_time:end:1c444fce:start=1447861194916409902,finish=1447861194958187957,duration=41778055[0Ktravis_fold:end:postgresql[0K
[33;1mThis job is running on container-based infrastructure, which does not allow use of 'sudo', setuid and setguid executables.[0m
[33;1mIf you require sudo, add 'sudo: required' to your .travis.yml[0m
[33;1mSee http://docs.travis-ci.com/user/workers/container-based-infrastructure/ for details.[0m
travis_fold:start:cache.1[0KSetting up build cache
$ export CASHER_DIR=$HOME/.casher
travis_time:start:0c44056b[0K$ Installing caching utilities
travis_time:end:0c44056b:start=1447861201203635337,finish=1447861201232969569,duration=29334232[0Ktravis_time:start:033a0eee[0Ktravis_time:end:033a0eee:start=1447861201238557492,finish=1447861201241962961,duration=3405469[0Ktravis_time:start:020bc3d7[0Kattempting to download cache archive
fetching develop/cache--python-2.7.tgz
found cache
travis_time:end:020bc3d7:start=1447861201246010991,finish=1447861204606929194,duration=3360918203[0Ktravis_time:start:0325a3b2[0Ktravis_time:end:0325a3b2:start=1447861204611046335,finish=1447861204614423297,duration=3376962[0Ktravis_time:start:2a28edb0[0Kadding /home/travis/.cache/pip to cache
travis_time:end:2a28edb0:start=1447861204618932583,finish=1447861206319489818,duration=1700557235[0Ktravis_fold:end:cache.1[0Ktravis_time:start:045a2630[0K$ source ~/virtualenv/python2.7/bin/activate
travis_time:end:045a2630:start=1447861206323441919,finish=1447861206491345715,duration=167903796[0K$ python --version
Python 2.7.9
$ pip --version
pip 6.0.7 from /home/travis/virtualenv/python2.7.9/lib/python2.7/site-packages (python 2.7)
travis_fold:start:install.1[0Ktravis_time:start:0902088f[0K$ pip install -r OIPA/requirements.txt
[33mYou are using pip version 6.0.7, however version 7.1.2 is available.
You should consider upgrading via the 'pip install --upgrade pip' command.[0m
Collecting git+git://github.com/gkuhn1/django-admin-multiupload.git (from -r OIPA/requirements.txt (line 30))
  Cloning git://github.com/gkuhn1/django-admin-multiupload.git to /tmp/pip-mcs68o-build
Collecting lxml==3.4.4 (from -r OIPA/requirements.txt (line 1))
  Using cached lxml-3.4.4.tar.gz
    /opt/python/2.7.9/lib/python2.7/distutils/dist.py:267: UserWarning: Unknown distribution option: 'bugtrack_url'
      warnings.warn(msg)
    Building lxml version 3.4.4.
    Building without Cython.
    Using build configuration of libxslt 1.1.26
    Building against libxml2/libxslt in the following directory: /usr/lib/x86_64-linux-gnu
Collecting psycopg2==2.6.1 (from -r OIPA/requirements.txt (line 2))
  Using cached psycopg2-2.6.1.tar.gz
Collecting django-debug-toolbar==1.3.2 (from -r OIPA/requirements.txt (line 3))
  Using cached django_debug_toolbar-1.3.2-py2.py3-none-any.whl
Collecting Django==1.8.4 (from -r OIPA/requirements.txt (line 4))
  Using cached Django-1.8.4-py2.py3-none-any.whl
Collecting python-dateutil==2.2 (from -r OIPA/requirements.txt (line 5))
  Using cached python-dateutil-2.2.tar.gz
Collecting defusedxml==0.4.1 (from -r OIPA/requirements.txt (line 6))
  Using cached defusedxml-0.4.1.tar.gz
Collecting contexttimer==0.3.0 (from -r OIPA/requirements.txt (line 7))
  Using cached contexttimer-0.3.0.tar.gz
Collecting mechanize==0.2.5 (from -r OIPA/requirements.txt (line 8))
  Using cached mechanize-0.2.5.tar.gz
Collecting django-suit==0.2.14 (from -r OIPA/requirements.txt (line 9))
  Using cached django-suit-0.2.14.tar.gz
Collecting objgraph==1.8.1 (from -r OIPA/requirements.txt (line 10))
  Using cached objgraph-1.8.1.tar.gz
Collecting guppy==0.1.10 (from -r OIPA/requirements.txt (line 11))
  Using cached guppy-0.1.10.tar.gz
Collecting ujson==1.33 (from -r OIPA/requirements.txt (line 12))
  Using cached ujson-1.33.zip
Collecting redis==2.10.3 (from -r OIPA/requirements.txt (line 13))
  Using cached redis-2.10.3.tar.gz
Collecting rq==0.4.6 (from -r OIPA/requirements.txt (line 14))
  Using cached rq-0.4.6-py2.py3-none-any.whl
Collecting rq-scheduler==0.5.0 (from -r OIPA/requirements.txt (line 15))
  Using cached rq-scheduler-0.5.0.tar.gz
Collecting django-rq==0.7.0 (from -r OIPA/requirements.txt (line 16))
  Using cached django-rq-0.7.0.tar.gz
Collecting supervisor==3.1.3 (from -r OIPA/requirements.txt (line 17))
  Using cached supervisor-3.1.3.tar.gz
Collecting django-supervisor==0.3.2 (from -r OIPA/requirements.txt (line 18))
  Using cached django-supervisor-0.3.2.tar.gz
Collecting djangorestframework==3.2.3 (from -r OIPA/requirements.txt (line 19))
  Using cached djangorestframework-3.2.3-py2.py3-none-any.whl
Collecting django-cors-headers==0.11 (from -r OIPA/requirements.txt (line 20))
  Using cached django-cors-headers-0.11.tar.gz
Collecting django-filter==0.11.0 (from -r OIPA/requirements.txt (line 21))
  Using cached django_filter-0.11.0-py2.py3-none-any.whl
Collecting markdown==2.6.2 (from -r OIPA/requirements.txt (line 22))
  Using cached Markdown-2.6.2-py2.py3-none-any.whl
Collecting django-otp==0.3.1 (from -r OIPA/requirements.txt (line 23))
  Using cached django-otp-0.3.1.tar.gz
Collecting django-otp-yubikey==0.3.1 (from -r OIPA/requirements.txt (line 24))
  Using cached django-otp-yubikey-0.3.1.tar.gz
Collecting django-two-factor-auth==1.2.0 (from -r OIPA/requirements.txt (line 25))
  Using cached django_two_factor_auth-1.2.0-py2.py3-none-any.whl
Collecting django-formtools==1.0 (from -r OIPA/requirements.txt (line 26))
  Using cached django_formtools-1.0-py2.py3-none-any.whl
Collecting django-haystack==2.4.0 (from -r OIPA/requirements.txt (line 27))
  Using cached django-haystack-2.4.0.tar.gz
Collecting elasticsearch==1.7.0 (from -r OIPA/requirements.txt (line 28))
  Using cached elasticsearch-1.7.0-py2.py3-none-any.whl
Collecting django-nested-inline==0.3.5 (from -r OIPA/requirements.txt (line 29))
  Using cached django-nested-inline-0.3.5.tar.gz
Collecting django-grappelli==2.7.2 (from -r OIPA/requirements.txt (line 31))
  Using cached django-grappelli-2.7.2.tar.gz
Collecting sqlparse (from django-debug-toolbar==1.3.2->-r OIPA/requirements.txt (line 3))
  Using cached sqlparse-0.1.18.tar.gz
Collecting six (from python-dateutil==2.2->-r OIPA/requirements.txt (line 5))
  Using cached six-1.10.0-py2.py3-none-any.whl
Collecting meld3>=0.6.5 (from supervisor==3.1.3->-r OIPA/requirements.txt (line 17))
  Using cached meld3-1.0.2-py2.py3-none-any.whl
Collecting watchdog (from django-supervisor==0.3.2->-r OIPA/requirements.txt (line 18))
  Using cached watchdog-0.8.3.tar.gz
Collecting YubiOTP>=0.2.1 (from django-otp-yubikey==0.3.1->-r OIPA/requirements.txt (line 24))
  Using cached YubiOTP-0.2.1-py2.py3-none-any.whl
Collecting qrcode<4.99,>=4.0.0 (from django-two-factor-auth==1.2.0->-r OIPA/requirements.txt (line 25))
  Using cached qrcode-4.0.4.tar.gz
Collecting urllib3<2.0,>=1.8 (from elasticsearch==1.7.0->-r OIPA/requirements.txt (line 28))
  Using cached urllib3-1.12-py2.py3-none-any.whl
Collecting PyYAML>=3.10 (from watchdog->django-supervisor==0.3.2->-r OIPA/requirements.txt (line 18))
  Using cached PyYAML-3.11.tar.gz
Collecting argh>=0.24.1 (from watchdog->django-supervisor==0.3.2->-r OIPA/requirements.txt (line 18))
  Using cached argh-0.26.1.tar.gz
Collecting pathtools>=0.1.1 (from watchdog->django-supervisor==0.3.2->-r OIPA/requirements.txt (line 18))
  Using cached pathtools-0.1.2.tar.gz
Collecting pycrypto (from YubiOTP>=0.2.1->django-otp-yubikey==0.3.1->-r OIPA/requirements.txt (line 24))
  Using cached pycrypto-2.6.1.tar.gz
Installing collected packages: pycrypto, pathtools, argh, PyYAML, urllib3, qrcode, YubiOTP, watchdog, meld3, six, sqlparse, admin-multiupload, django-grappelli, django-nested-inline, elasticsearch, django-haystack, django-formtools, django-two-factor-auth, django-otp-yubikey, django-otp, markdown, django-filter, django-cors-headers, djangorestframework, django-supervisor, supervisor, django-rq, rq-scheduler, rq, redis, ujson, guppy, objgraph, django-suit, mechanize, contexttimer, defusedxml, python-dateutil, Django, django-debug-toolbar, psycopg2, lxml
  Running setup.py install for pycrypto
    checking for gcc... gcc
    checking whether the C compiler works... yes
    checking for C compiler default output file name... a.out
    checking for suffix of executables...
    checking whether we are cross compiling... no
    checking for suffix of object files... o
    checking whether we are using the GNU C compiler... yes
    checking whether gcc accepts -g... yes
    checking for gcc option to accept ISO C89... none needed
    checking for __gmpz_init in -lgmp... no
    checking for __gmpz_init in -lmpir... no
    checking whether mpz_powm is declared... no
    checking whether mpz_powm_sec is declared... no
    checking how to run the C preprocessor... gcc -E
    checking for grep that handles long lines and -e... /bin/grep
    checking for egrep... /bin/grep -E
    checking for ANSI C header files... yes
    checking for sys/types.h... yes
    checking for sys/stat.h... yes
    checking for stdlib.h... yes
    checking for string.h... yes
    checking for memory.h... yes
    checking for strings.h... yes
    checking for inttypes.h... yes
    checking for stdint.h... yes
    checking for unistd.h... yes
    checking for inttypes.h... (cached) yes
    checking limits.h usability... yes
    checking limits.h presence... yes
    checking for limits.h... yes
    checking stddef.h usability... yes
    checking stddef.h presence... yes
    checking for stddef.h... yes
    checking for stdint.h... (cached) yes
    checking for stdlib.h... (cached) yes
    checking for string.h... (cached) yes
    checking wchar.h usability... yes
    checking wchar.h presence... yes
    checking for wchar.h... yes
    checking for inline... inline
    checking for int16_t... yes
    checking for int32_t... yes
    checking for int64_t... yes
    checking for int8_t... yes
    checking for size_t... yes
    checking for uint16_t... yes
    checking for uint32_t... yes
    checking for uint64_t... yes
    checking for uint8_t... yes
    checking for stdlib.h... (cached) yes
    checking for GNU libc compatible malloc... yes
    checking for memmove... yes
    checking for memset... yes
    configure: creating ./config.status
    config.status: creating src/config.h
    warning: GMP or MPIR library not found; Not building Crypto.PublicKey._fastmath.
    building 'Crypto.Hash._MD2' extension
    gcc -pthread -fno-strict-aliasing -fstack-protector --param=ssp-buffer-size=4 -Wformat -Werror=format-security -fwrapv -Wall -Wstrict-prototypes -fPIC -std=c99 -O3 -fomit-frame-pointer -Isrc/ -I/opt/python/2.7.9/include/python2.7 -c src/MD2.c -o build/temp.linux-x86_64-2.7/src/MD2.o
    gcc -pthread -shared -L/opt/python/2.7.9/lib -Wl,-rpath=/opt/python/2.7.9/lib build/temp.linux-x86_64-2.7/src/MD2.o -L/opt/python/2.7.9/lib -lpython2.7 -o build/lib.linux-x86_64-2.7/Crypto/Hash/_MD2.so
    building 'Crypto.Hash._MD4' extension
    gcc -pthread -fno-strict-aliasing -fstack-protector --param=ssp-buffer-size=4 -Wformat -Werror=format-security -fwrapv -Wall -Wstrict-prototypes -fPIC -std=c99 -O3 -fomit-frame-pointer -Isrc/ -I/opt/python/2.7.9/include/python2.7 -c src/MD4.c -o build/temp.linux-x86_64-2.7/src/MD4.o
    gcc -pthread -shared -L/opt/python/2.7.9/lib -Wl,-rpath=/opt/python/2.7.9/lib build/temp.linux-x86_64-2.7/src/MD4.o -L/opt/python/2.7.9/lib -lpython2.7 -o build/lib.linux-x86_64-2.7/Crypto/Hash/_MD4.so
    building 'Crypto.Hash._SHA256' extension
    gcc -pthread -fno-strict-aliasing -fstack-protector --param=ssp-buffer-size=4 -Wformat -Werror=format-security -fwrapv -Wall -Wstrict-prototypes -fPIC -std=c99 -O3 -fomit-frame-pointer -Isrc/ -I/opt/python/2.7.9/include/python2.7 -c src/SHA256.c -o build/temp.linux-x86_64-2.7/src/SHA256.o
    gcc -pthread -shared -L/opt/python/2.7.9/lib -Wl,-rpath=/opt/python/2.7.9/lib build/temp.linux-x86_64-2.7/src/SHA256.o -L/opt/python/2.7.9/lib -lpython2.7 -o build/lib.linux-x86_64-2.7/Crypto/Hash/_SHA256.so
    building 'Crypto.Hash._SHA224' extension
    gcc -pthread -fno-strict-aliasing -fstack-protector --param=ssp-buffer-size=4 -Wformat -Werror=format-security -fwrapv -Wall -Wstrict-prototypes -fPIC -std=c99 -O3 -fomit-frame-pointer -Isrc/ -I/opt/python/2.7.9/include/python2.7 -c src/SHA224.c -o build/temp.linux-x86_64-2.7/src/SHA224.o
    gcc -pthread -shared -L/opt/python/2.7.9/lib -Wl,-rpath=/opt/python/2.7.9/lib build/temp.linux-x86_64-2.7/src/SHA224.o -L/opt/python/2.7.9/lib -lpython2.7 -o build/lib.linux-x86_64-2.7/Crypto/Hash/_SHA224.so
    building 'Crypto.Hash._SHA384' extension
    gcc -pthread -fno-strict-aliasing -fstack-protector --param=ssp-buffer-size=4 -Wformat -Werror=format-security -fwrapv -Wall -Wstrict-prototypes -fPIC -std=c99 -O3 -fomit-frame-pointer -Isrc/ -I/opt/python/2.7.9/include/python2.7 -c src/SHA384.c -o build/temp.linux-x86_64-2.7/src/SHA384.o
    gcc -pthread -shared -L/opt/python/2.7.9/lib -Wl,-rpath=/opt/python/2.7.9/lib build/temp.linux-x86_64-2.7/src/SHA384.o -L/opt/python/2.7.9/lib -lpython2.7 -o build/lib.linux-x86_64-2.7/Crypto/Hash/_SHA384.so
    building 'Crypto.Hash._SHA512' extension
    gcc -pthread -fno-strict-aliasing -fstack-protector --param=ssp-buffer-size=4 -Wformat -Werror=format-security -fwrapv -Wall -Wstrict-prototypes -fPIC -std=c99 -O3 -fomit-frame-pointer -Isrc/ -I/opt/python/2.7.9/include/python2.7 -c src/SHA512.c -o build/temp.linux-x86_64-2.7/src/SHA512.o
    gcc -pthread -shared -L/opt/python/2.7.9/lib -Wl,-rpath=/opt/python/2.7.9/lib build/temp.linux-x86_64-2.7/src/SHA512.o -L/opt/python/2.7.9/lib -lpython2.7 -o build/lib.linux-x86_64-2.7/Crypto/Hash/_SHA512.so
    building 'Crypto.Hash._RIPEMD160' extension
    gcc -pthread -fno-strict-aliasing -fstack-protector --param=ssp-buffer-size=4 -Wformat -Werror=format-security -fwrapv -Wall -Wstrict-prototypes -fPIC -std=c99 -O3 -fomit-frame-pointer -DPCT_LITTLE_ENDIAN=1 -Isrc/ -I/opt/python/2.7.9/include/python2.7 -c src/RIPEMD160.c -o build/temp.linux-x86_64-2.7/src/RIPEMD160.o
    gcc -pthread -shared -L/opt/python/2.7.9/lib -Wl,-rpath=/opt/python/2.7.9/lib build/temp.linux-x86_64-2.7/src/RIPEMD160.o -L/opt/python/2.7.9/lib -lpython2.7 -o build/lib.linux-x86_64-2.7/Crypto/Hash/_RIPEMD160.so
    building 'Crypto.Cipher._AES' extension
    gcc -pthread -fno-strict-aliasing -fstack-protector --param=ssp-buffer-size=4 -Wformat -Werror=format-security -fwrapv -Wall -Wstrict-prototypes -fPIC -std=c99 -O3 -fomit-frame-pointer -Isrc/ -I/opt/python/2.7.9/include/python2.7 -c src/AES.c -o build/temp.linux-x86_64-2.7/src/AES.o
    gcc -pthread -shared -L/opt/python/2.7.9/lib -Wl,-rpath=/opt/python/2.7.9/lib build/temp.linux-x86_64-2.7/src/AES.o -L/opt/python/2.7.9/lib -lpython2.7 -o build/lib.linux-x86_64-2.7/Crypto/Cipher/_AES.so
    building 'Crypto.Cipher._ARC2' extension
    gcc -pthread -fno-strict-aliasing -fstack-protector --param=ssp-buffer-size=4 -Wformat -Werror=format-security -fwrapv -Wall -Wstrict-prototypes -fPIC -std=c99 -O3 -fomit-frame-pointer -Isrc/ -I/opt/python/2.7.9/include/python2.7 -c src/ARC2.c -o build/temp.linux-x86_64-2.7/src/ARC2.o
    gcc -pthread -shared -L/opt/python/2.7.9/lib -Wl,-rpath=/opt/python/2.7.9/lib build/temp.linux-x86_64-2.7/src/ARC2.o -L/opt/python/2.7.9/lib -lpython2.7 -o build/lib.linux-x86_64-2.7/Crypto/Cipher/_ARC2.so
    building 'Crypto.Cipher._Blowfish' extension
    gcc -pthread -fno-strict-aliasing -fstack-protector --param=ssp-buffer-size=4 -Wformat -Werror=format-security -fwrapv -Wall -Wstrict-prototypes -fPIC -std=c99 -O3 -fomit-frame-pointer -Isrc/ -I/opt/python/2.7.9/include/python2.7 -c src/Blowfish.c -o build/temp.linux-x86_64-2.7/src/Blowfish.o
    gcc -pthread -shared -L/opt/python/2.7.9/lib -Wl,-rpath=/opt/python/2.7.9/lib build/temp.linux-x86_64-2.7/src/Blowfish.o -L/opt/python/2.7.9/lib -lpython2.7 -o build/lib.linux-x86_64-2.7/Crypto/Cipher/_Blowfish.so
    building 'Crypto.Cipher._CAST' extension
    gcc -pthread -fno-strict-aliasing -fstack-protector --param=ssp-buffer-size=4 -Wformat -Werror=format-security -fwrapv -Wall -Wstrict-prototypes -fPIC -std=c99 -O3 -fomit-frame-pointer -Isrc/ -I/opt/python/2.7.9/include/python2.7 -c src/CAST.c -o build/temp.linux-x86_64-2.7/src/CAST.o
    gcc -pthread -shared -L/opt/python/2.7.9/lib -Wl,-rpath=/opt/python/2.7.9/lib build/temp.linux-x86_64-2.7/src/CAST.o -L/opt/python/2.7.9/lib -lpython2.7 -o build/lib.linux-x86_64-2.7/Crypto/Cipher/_CAST.so
    building 'Crypto.Cipher._DES' extension
    gcc -pthread -fno-strict-aliasing -fstack-protector --param=ssp-buffer-size=4 -Wformat -Werror=format-security -fwrapv -Wall -Wstrict-prototypes -fPIC -std=c99 -O3 -fomit-frame-pointer -Isrc/ -Isrc/libtom/ -I/opt/python/2.7.9/include/python2.7 -c src/DES.c -o build/temp.linux-x86_64-2.7/src/DES.o
    gcc -pthread -shared -L/opt/python/2.7.9/lib -Wl,-rpath=/opt/python/2.7.9/lib build/temp.linux-x86_64-2.7/src/DES.o -L/opt/python/2.7.9/lib -lpython2.7 -o build/lib.linux-x86_64-2.7/Crypto/Cipher/_DES.so
    building 'Crypto.Cipher._DES3' extension
    gcc -pthread -fno-strict-aliasing -fstack-protector --param=ssp-buffer-size=4 -Wformat -Werror=format-security -fwrapv -Wall -Wstrict-prototypes -fPIC -std=c99 -O3 -fomit-frame-pointer -Isrc/ -Isrc/libtom/ -I/opt/python/2.7.9/include/python2.7 -c src/DES3.c -o build/temp.linux-x86_64-2.7/src/DES3.o
    gcc -pthread -shared -L/opt/python/2.7.9/lib -Wl,-rpath=/opt/python/2.7.9/lib build/temp.linux-x86_64-2.7/src/DES3.o -L/opt/python/2.7.9/lib -lpython2.7 -o build/lib.linux-x86_64-2.7/Crypto/Cipher/_DES3.so
    building 'Crypto.Cipher._ARC4' extension
    gcc -pthread -fno-strict-aliasing -fstack-protector --param=ssp-buffer-size=4 -Wformat -Werror=format-security -fwrapv -Wall -Wstrict-prototypes -fPIC -std=c99 -O3 -fomit-frame-pointer -Isrc/ -I/opt/python/2.7.9/include/python2.7 -c src/ARC4.c -o build/temp.linux-x86_64-2.7/src/ARC4.o
    gcc -pthread -shared -L/opt/python/2.7.9/lib -Wl,-rpath=/opt/python/2.7.9/lib build/temp.linux-x86_64-2.7/src/ARC4.o -L/opt/python/2.7.9/lib -lpython2.7 -o build/lib.linux-x86_64-2.7/Crypto/Cipher/_ARC4.so
    building 'Crypto.Cipher._XOR' extension
    gcc -pthread -fno-strict-aliasing -fstack-protector --param=ssp-buffer-size=4 -Wformat -Werror=format-security -fwrapv -Wall -Wstrict-prototypes -fPIC -std=c99 -O3 -fomit-frame-pointer -Isrc/ -I/opt/python/2.7.9/include/python2.7 -c src/XOR.c -o build/temp.linux-x86_64-2.7/src/XOR.o
    gcc -pthread -shared -L/opt/python/2.7.9/lib -Wl,-rpath=/opt/python/2.7.9/lib build/temp.linux-x86_64-2.7/src/XOR.o -L/opt/python/2.7.9/lib -lpython2.7 -o build/lib.linux-x86_64-2.7/Crypto/Cipher/_XOR.so
    building 'Crypto.Util.strxor' extension
    gcc -pthread -fno-strict-aliasing -fstack-protector --param=ssp-buffer-size=4 -Wformat -Werror=format-security -fwrapv -Wall -Wstrict-prototypes -fPIC -std=c99 -O3 -fomit-frame-pointer -Isrc/ -I/opt/python/2.7.9/include/python2.7 -c src/strxor.c -o build/temp.linux-x86_64-2.7/src/strxor.o
    gcc -pthread -shared -L/opt/python/2.7.9/lib -Wl,-rpath=/opt/python/2.7.9/lib build/temp.linux-x86_64-2.7/src/strxor.o -L/opt/python/2.7.9/lib -lpython2.7 -o build/lib.linux-x86_64-2.7/Crypto/Util/strxor.so
    building 'Crypto.Util._counter' extension
    gcc -pthread -fno-strict-aliasing -fstack-protector --param=ssp-buffer-size=4 -Wformat -Werror=format-security -fwrapv -Wall -Wstrict-prototypes -fPIC -std=c99 -O3 -fomit-frame-pointer -Isrc/ -I/opt/python/2.7.9/include/python2.7 -c src/_counter.c -o build/temp.linux-x86_64-2.7/src/_counter.o
    gcc -pthread -shared -L/opt/python/2.7.9/lib -Wl,-rpath=/opt/python/2.7.9/lib build/temp.linux-x86_64-2.7/src/_counter.o -L/opt/python/2.7.9/lib -lpython2.7 -o build/lib.linux-x86_64-2.7/Crypto/Util/_counter.so
  Running setup.py install for pathtools
  Running setup.py install for argh
  Running setup.py install for PyYAML
    checking if libyaml is compilable
    gcc -pthread -fno-strict-aliasing -g -fstack-protector --param=ssp-buffer-size=4 -Wformat -Werror=format-security -DNDEBUG -g -fwrapv -O3 -Wall -Wstrict-prototypes -fPIC -I/opt/python/2.7.9/include/python2.7 -c build/temp.linux-x86_64-2.7/check_libyaml.c -o build/temp.linux-x86_64-2.7/check_libyaml.o
    checking if libyaml is linkable
    gcc -pthread build/temp.linux-x86_64-2.7/check_libyaml.o -L/opt/python/2.7.9/lib -lyaml -o build/temp.linux-x86_64-2.7/check_libyaml
    building '_yaml' extension
    gcc -pthread -fno-strict-aliasing -g -fstack-protector --param=ssp-buffer-size=4 -Wformat -Werror=format-security -DNDEBUG -g -fwrapv -O3 -Wall -Wstrict-prototypes -fPIC -I/opt/python/2.7.9/include/python2.7 -c ext/_yaml.c -o build/temp.linux-x86_64-2.7/ext/_yaml.o
    In file included from ext/_yaml.c:343:0:
    ext/_yaml.h:6:0: warning: "PyUnicode_FromString" redefined [enabled by default]
    /opt/python/2.7.9/include/python2.7/unicodeobject.h:281:0: note: this is the location of the previous definition
    ext/_yaml.c: In function â€˜__pyx_pf_5_yaml_get_version_stringâ€™:
    ext/_yaml.c:1346:17: warning: assignment discards â€˜constâ€™ qualifier from pointer target type [enabled by default]
    ext/_yaml.c: In function â€˜__pyx_pf_5_yaml_7CParser___init__â€™:
    ext/_yaml.c:2471:5: warning: passing argument 2 of â€˜yaml_parser_set_inputâ€™ from incompatible pointer type [enabled by default]
    /usr/include/yaml.h:1367:1: note: expected â€˜int (*)(void *, unsigned char *, size_t,  size_t *)â€™ but argument is of type â€˜int (*)(void *, char *, int,  int *)â€™
    ext/_yaml.c:2664:5: warning: pointer targets in passing argument 2 of â€˜yaml_parser_set_input_stringâ€™ differ in signedness [-Wpointer-sign]
    /usr/include/yaml.h:1341:1: note: expected â€˜const unsigned char *â€™ but argument is of type â€˜char *â€™
    ext/_yaml.c: In function â€˜__pyx_f_5_yaml_7CParser__token_to_objectâ€™:
    ext/_yaml.c:4183:5: warning: pointer targets in passing argument 1 of â€˜strlenâ€™ differ in signedness [-Wpointer-sign]
    /usr/include/string.h:399:15: note: expected â€˜const char *â€™ but argument is of type â€˜yaml_char_t *â€™
    ext/_yaml.c:4183:5: warning: pointer targets in passing argument 1 of â€˜PyUnicodeUCS4_DecodeUTF8â€™ differ in signedness [-Wpointer-sign]
    /opt/python/2.7.9/include/python2.7/unicodeobject.h:750:23: note: expected â€˜const char *â€™ but argument is of type â€˜yaml_char_t *â€™
    ext/_yaml.c:4195:5: warning: pointer targets in passing argument 1 of â€˜strlenâ€™ differ in signedness [-Wpointer-sign]
    /usr/include/string.h:399:15: note: expected â€˜const char *â€™ but argument is of type â€˜yaml_char_t *â€™
    ext/_yaml.c:4195:5: warning: pointer targets in passing argument 1 of â€˜PyUnicodeUCS4_DecodeUTF8â€™ differ in signedness [-Wpointer-sign]
    /opt/python/2.7.9/include/python2.7/unicodeobject.h:750:23: note: expected â€˜const char *â€™ but argument is of type â€˜yaml_char_t *â€™
    ext/_yaml.c:4741:5: warning: pointer targets in passing argument 1 of â€˜strlenâ€™ differ in signedness [-Wpointer-sign]
    /usr/include/string.h:399:15: note: expected â€˜const char *â€™ but argument is of type â€˜yaml_char_t *â€™
    ext/_yaml.c:4741:5: warning: pointer targets in passing argument 1 of â€˜PyUnicodeUCS4_DecodeUTF8â€™ differ in signedness [-Wpointer-sign]
    /opt/python/2.7.9/include/python2.7/unicodeobject.h:750:23: note: expected â€˜const char *â€™ but argument is of type â€˜yaml_char_t *â€™
    ext/_yaml.c:4792:5: warning: pointer targets in passing argument 1 of â€˜strlenâ€™ differ in signedness [-Wpointer-sign]
    /usr/include/string.h:399:15: note: expected â€˜const char *â€™ but argument is of type â€˜yaml_char_t *â€™
    ext/_yaml.c:4792:5: warning: pointer targets in passing argument 1 of â€˜PyUnicodeUCS4_DecodeUTF8â€™ differ in signedness [-Wpointer-sign]
    /opt/python/2.7.9/include/python2.7/unicodeobject.h:750:23: note: expected â€˜const char *â€™ but argument is of type â€˜yaml_char_t *â€™
    ext/_yaml.c:4843:5: warning: pointer targets in passing argument 1 of â€˜strlenâ€™ differ in signedness [-Wpointer-sign]
    /usr/include/string.h:399:15: note: expected â€˜const char *â€™ but argument is of type â€˜yaml_char_t *â€™
    ext/_yaml.c:4843:5: warning: pointer targets in passing argument 1 of â€˜PyUnicodeUCS4_DecodeUTF8â€™ differ in signedness [-Wpointer-sign]
    /opt/python/2.7.9/include/python2.7/unicodeobject.h:750:23: note: expected â€˜const char *â€™ but argument is of type â€˜yaml_char_t *â€™
    ext/_yaml.c:4855:5: warning: pointer targets in passing argument 1 of â€˜strlenâ€™ differ in signedness [-Wpointer-sign]
    /usr/include/string.h:399:15: note: expected â€˜const char *â€™ but argument is of type â€˜yaml_char_t *â€™
    ext/_yaml.c:4855:5: warning: pointer targets in passing argument 1 of â€˜PyUnicodeUCS4_DecodeUTF8â€™ differ in signedness [-Wpointer-sign]
    /opt/python/2.7.9/include/python2.7/unicodeobject.h:750:23: note: expected â€˜const char *â€™ but argument is of type â€˜yaml_char_t *â€™
    ext/_yaml.c:4938:5: warning: pointer targets in passing argument 1 of â€˜PyUnicodeUCS4_DecodeUTF8â€™ differ in signedness [-Wpointer-sign]
    /opt/python/2.7.9/include/python2.7/unicodeobject.h:750:23: note: expected â€˜const char *â€™ but argument is of type â€˜yaml_char_t *â€™
    ext/_yaml.c: In function â€˜__pyx_f_5_yaml_7CParser__event_to_objectâ€™:
    ext/_yaml.c:6435:9: warning: pointer targets in passing argument 1 of â€˜strlenâ€™ differ in signedness [-Wpointer-sign]
    /usr/include/string.h:399:15: note: expected â€˜const char *â€™ but argument is of type â€˜yaml_char_t *â€™
    ext/_yaml.c:6435:9: warning: pointer targets in passing argument 1 of â€˜PyUnicodeUCS4_DecodeUTF8â€™ differ in signedness [-Wpointer-sign]
    /opt/python/2.7.9/include/python2.7/unicodeobject.h:750:23: note: expected â€˜const char *â€™ but argument is of type â€˜yaml_char_t *â€™
    ext/_yaml.c:6447:9: warning: pointer targets in passing argument 1 of â€˜strlenâ€™ differ in signedness [-Wpointer-sign]
    /usr/include/string.h:399:15: note: expected â€˜const char *â€™ but argument is of type â€˜yaml_char_t *â€™
    ext/_yaml.c:6447:9: warning: pointer targets in passing argument 1 of â€˜PyUnicodeUCS4_DecodeUTF8â€™ differ in signedness [-Wpointer-sign]
    /opt/python/2.7.9/include/python2.7/unicodeobject.h:750:23: note: expected â€˜const char *â€™ but argument is of type â€˜yaml_char_t *â€™
    ext/_yaml.c:6616:5: warning: pointer targets in passing argument 1 of â€˜strlenâ€™ differ in signedness [-Wpointer-sign]
    /usr/include/string.h:399:15: note: expected â€˜const char *â€™ but argument is of type â€˜yaml_char_t *â€™
    ext/_yaml.c:6616:5: warning: pointer targets in passing argument 1 of â€˜PyUnicodeUCS4_DecodeUTF8â€™ differ in signedness [-Wpointer-sign]
    /opt/python/2.7.9/include/python2.7/unicodeobject.h:750:23: note: expected â€˜const char *â€™ but argument is of type â€˜yaml_char_t *â€™
    ext/_yaml.c:6687:7: warning: pointer targets in passing argument 1 of â€˜strlenâ€™ differ in signedness [-Wpointer-sign]
    /usr/include/string.h:399:15: note: expected â€˜const char *â€™ but argument is of type â€˜yaml_char_t *â€™
    ext/_yaml.c:6687:7: warning: pointer targets in passing argument 1 of â€˜PyUnicodeUCS4_DecodeUTF8â€™ differ in signedness [-Wpointer-sign]
    /opt/python/2.7.9/include/python2.7/unicodeobject.h:750:23: note: expected â€˜const char *â€™ but argument is of type â€˜yaml_char_t *â€™
    ext/_yaml.c:6722:7: warning: pointer targets in passing argument 1 of â€˜strlenâ€™ differ in signedness [-Wpointer-sign]
    /usr/include/string.h:399:15: note: expected â€˜const char *â€™ but argument is of type â€˜yaml_char_t *â€™
    ext/_yaml.c:6722:7: warning: pointer targets in passing argument 1 of â€˜PyUnicodeUCS4_DecodeUTF8â€™ differ in signedness [-Wpointer-sign]
    /opt/python/2.7.9/include/python2.7/unicodeobject.h:750:23: note: expected â€˜const char *â€™ but argument is of type â€˜yaml_char_t *â€™
    ext/_yaml.c:6737:5: warning: pointer targets in passing argument 1 of â€˜PyUnicodeUCS4_DecodeUTF8â€™ differ in signedness [-Wpointer-sign]
    /opt/python/2.7.9/include/python2.7/unicodeobject.h:750:23: note: expected â€˜const char *â€™ but argument is of type â€˜yaml_char_t *â€™
    ext/_yaml.c:7031:7: warning: pointer targets in passing argument 1 of â€˜strlenâ€™ differ in signedness [-Wpointer-sign]
    /usr/include/string.h:399:15: note: expected â€˜const char *â€™ but argument is of type â€˜yaml_char_t *â€™
    ext/_yaml.c:7031:7: warning: pointer targets in passing argument 1 of â€˜PyUnicodeUCS4_DecodeUTF8â€™ differ in signedness [-Wpointer-sign]
    /opt/python/2.7.9/include/python2.7/unicodeobject.h:750:23: note: expected â€˜const char *â€™ but argument is of type â€˜yaml_char_t *â€™
    ext/_yaml.c:7066:7: warning: pointer targets in passing argument 1 of â€˜strlenâ€™ differ in signedness [-Wpointer-sign]
    /usr/include/string.h:399:15: note: expected â€˜const char *â€™ but argument is of type â€˜yaml_char_t *â€™
    ext/_yaml.c:7066:7: warning: pointer targets in passing argument 1 of â€˜PyUnicodeUCS4_DecodeUTF8â€™ differ in signedness [-Wpointer-sign]
    /opt/python/2.7.9/include/python2.7/unicodeobject.h:750:23: note: expected â€˜const char *â€™ but argument is of type â€˜yaml_char_t *â€™
    ext/_yaml.c:7253:7: warning: pointer targets in passing argument 1 of â€˜strlenâ€™ differ in signedness [-Wpointer-sign]
    /usr/include/string.h:399:15: note: expected â€˜const char *â€™ but argument is of type â€˜yaml_char_t *â€™
    ext/_yaml.c:7253:7: warning: pointer targets in passing argument 1 of â€˜PyUnicodeUCS4_DecodeUTF8â€™ differ in signedness [-Wpointer-sign]
    /opt/python/2.7.9/include/python2.7/unicodeobject.h:750:23: note: expected â€˜const char *â€™ but argument is of type â€˜yaml_char_t *â€™
    ext/_yaml.c:7288:7: warning: pointer targets in passing argument 1 of â€˜strlenâ€™ differ in signedness [-Wpointer-sign]
    /usr/include/string.h:399:15: note: expected â€˜const char *â€™ but argument is of type â€˜yaml_char_t *â€™
    ext/_yaml.c:7288:7: warning: pointer targets in passing argument 1 of â€˜PyUnicodeUCS4_DecodeUTF8â€™ differ in signedness [-Wpointer-sign]
    /opt/python/2.7.9/include/python2.7/unicodeobject.h:750:23: note: expected â€˜const char *â€™ but argument is of type â€˜yaml_char_t *â€™
    ext/_yaml.c: In function â€˜__pyx_f_5_yaml_7CParser__compose_nodeâ€™:
    ext/_yaml.c:8704:5: warning: pointer targets in passing argument 1 of â€˜strlenâ€™ differ in signedness [-Wpointer-sign]
    /usr/include/string.h:399:15: note: expected â€˜const char *â€™ but argument is of type â€˜yaml_char_t *â€™
    ext/_yaml.c:8704:5: warning: pointer targets in passing argument 1 of â€˜PyUnicodeUCS4_DecodeUTF8â€™ differ in signedness [-Wpointer-sign]
    /opt/python/2.7.9/include/python2.7/unicodeobject.h:750:23: note: expected â€˜const char *â€™ but argument is of type â€˜yaml_char_t *â€™
    ext/_yaml.c:8924:5: warning: pointer targets in passing argument 1 of â€˜strlenâ€™ differ in signedness [-Wpointer-sign]
    /usr/include/string.h:399:15: note: expected â€˜const char *â€™ but argument is of type â€˜yaml_char_t *â€™
    ext/_yaml.c:8924:5: warning: pointer targets in passing argument 1 of â€˜PyUnicodeUCS4_DecodeUTF8â€™ differ in signedness [-Wpointer-sign]
    /opt/python/2.7.9/include/python2.7/unicodeobject.h:750:23: note: expected â€˜const char *â€™ but argument is of type â€˜yaml_char_t *â€™
    ext/_yaml.c:8962:5: warning: pointer targets in passing argument 1 of â€˜strlenâ€™ differ in signedness [-Wpointer-sign]
    /usr/include/string.h:399:15: note: expected â€˜const char *â€™ but argument is of type â€˜yaml_char_t *â€™
    ext/_yaml.c:8962:5: warning: pointer targets in passing argument 1 of â€˜PyUnicodeUCS4_DecodeUTF8â€™ differ in signedness [-Wpointer-sign]
    /opt/python/2.7.9/include/python2.7/unicodeobject.h:750:23: note: expected â€˜const char *â€™ but argument is of type â€˜yaml_char_t *â€™
    ext/_yaml.c:9000:5: warning: pointer targets in passing argument 1 of â€˜strlenâ€™ differ in signedness [-Wpointer-sign]
    /usr/include/string.h:399:15: note: expected â€˜const char *â€™ but argument is of type â€˜yaml_char_t *â€™
    ext/_yaml.c:9000:5: warning: pointer targets in passing argument 1 of â€˜PyUnicodeUCS4_DecodeUTF8â€™ differ in signedness [-Wpointer-sign]
    /opt/python/2.7.9/include/python2.7/unicodeobject.h:750:23: note: expected â€˜const char *â€™ but argument is of type â€˜yaml_char_t *â€™
    ext/_yaml.c: In function â€˜__pyx_f_5_yaml_7CParser__compose_scalar_nodeâ€™:
    ext/_yaml.c:9532:3: warning: pointer targets in passing argument 1 of â€˜PyUnicodeUCS4_DecodeUTF8â€™ differ in signedness [-Wpointer-sign]
    /opt/python/2.7.9/include/python2.7/unicodeobject.h:750:23: note: expected â€˜const char *â€™ but argument is of type â€˜yaml_char_t *â€™
    ext/_yaml.c:9688:5: warning: pointer targets in passing argument 1 of â€˜strlenâ€™ differ in signedness [-Wpointer-sign]
    /usr/include/string.h:399:15: note: expected â€˜const char *â€™ but argument is of type â€˜yaml_char_t *â€™
    ext/_yaml.c:9688:5: warning: pointer targets in passing argument 1 of â€˜PyUnicodeUCS4_DecodeUTF8â€™ differ in signedness [-Wpointer-sign]
    /opt/python/2.7.9/include/python2.7/unicodeobject.h:750:23: note: expected â€˜const char *â€™ but argument is of type â€˜yaml_char_t *â€™
    ext/_yaml.c: In function â€˜__pyx_f_5_yaml_7CParser__compose_sequence_nodeâ€™:
    ext/_yaml.c:10128:5: warning: pointer targets in passing argument 1 of â€˜strlenâ€™ differ in signedness [-Wpointer-sign]
    /usr/include/string.h:399:15: note: expected â€˜const char *â€™ but argument is of type â€˜yaml_char_t *â€™
    ext/_yaml.c:10128:5: warning: pointer targets in passing argument 1 of â€˜PyUnicodeUCS4_DecodeUTF8â€™ differ in signedness [-Wpointer-sign]
    /opt/python/2.7.9/include/python2.7/unicodeobject.h:750:23: note: expected â€˜const char *â€™ but argument is of type â€˜yaml_char_t *â€™
    ext/_yaml.c: In function â€˜__pyx_f_5_yaml_7CParser__compose_mapping_nodeâ€™:
    ext/_yaml.c:10654:5: warning: pointer targets in passing argument 1 of â€˜strlenâ€™ differ in signedness [-Wpointer-sign]
    /usr/include/string.h:399:15: note: expected â€˜const char *â€™ but argument is of type â€˜yaml_char_t *â€™
    ext/_yaml.c:10654:5: warning: pointer targets in passing argument 1 of â€˜PyUnicodeUCS4_DecodeUTF8â€™ differ in signedness [-Wpointer-sign]
    /opt/python/2.7.9/include/python2.7/unicodeobject.h:750:23: note: expected â€˜const char *â€™ but argument is of type â€˜yaml_char_t *â€™
    ext/_yaml.c: In function â€˜__pyx_pf_5_yaml_8CEmitter___init__â€™:
    ext/_yaml.c:11721:3: warning: passing argument 2 of â€˜yaml_emitter_set_outputâ€™ from incompatible pointer type [enabled by default]
    /usr/include/yaml.h:1829:1: note: expected â€˜int (*)(void *, unsigned char *, size_t)â€™ but argument is of type â€˜int (*)(void *, char *, int)â€™
    ext/_yaml.c: In function â€˜__pyx_f_5_yaml_8CEmitter__object_to_eventâ€™:
    ext/_yaml.c:12898:44: warning: pointer targets in assignment differ in signedness [-Wpointer-sign]
    ext/_yaml.c:12991:44: warning: pointer targets in assignment differ in signedness [-Wpointer-sign]
    ext/_yaml.c:13248:5: warning: pointer targets in passing argument 2 of â€˜yaml_alias_event_initializeâ€™ differ in signedness [-Wpointer-sign]
    /usr/include/yaml.h:553:1: note: expected â€˜yaml_char_t *â€™ but argument is of type â€˜char *â€™
    ext/_yaml.c:13824:5: warning: pointer targets in passing argument 2 of â€˜yaml_scalar_event_initializeâ€™ differ in signedness [-Wpointer-sign]
    /usr/include/yaml.h:578:1: note: expected â€˜yaml_char_t *â€™ but argument is of type â€˜char *â€™
    ext/_yaml.c:13824:5: warning: pointer targets in passing argument 3 of â€˜yaml_scalar_event_initializeâ€™ differ in signedness [-Wpointer-sign]
    /usr/include/yaml.h:578:1: note: expected â€˜yaml_char_t *â€™ but argument is of type â€˜char *â€™
    ext/_yaml.c:13824:5: warning: pointer targets in passing argument 4 of â€˜yaml_scalar_event_initializeâ€™ differ in signedness [-Wpointer-sign]
    /usr/include/yaml.h:578:1: note: expected â€˜yaml_char_t *â€™ but argument is of type â€˜char *â€™
    ext/_yaml.c:14166:5: warning: pointer targets in passing argument 2 of â€˜yaml_sequence_start_event_initializeâ€™ differ in signedness [-Wpointer-sign]
    /usr/include/yaml.h:601:1: note: expected â€˜yaml_char_t *â€™ but argument is of type â€˜char *â€™
    ext/_yaml.c:14166:5: warning: pointer targets in passing argument 3 of â€˜yaml_sequence_start_event_initializeâ€™ differ in signedness [-Wpointer-sign]
    /usr/include/yaml.h:601:1: note: expected â€˜yaml_char_t *â€™ but argument is of type â€˜char *â€™
    ext/_yaml.c:14508:5: warning: pointer targets in passing argument 2 of â€˜yaml_mapping_start_event_initializeâ€™ differ in signedness [-Wpointer-sign]
    /usr/include/yaml.h:633:1: note: expected â€˜yaml_char_t *â€™ but argument is of type â€˜char *â€™
    ext/_yaml.c:14508:5: warning: pointer targets in passing argument 3 of â€˜yaml_mapping_start_event_initializeâ€™ differ in signedness [-Wpointer-sign]
    /usr/include/yaml.h:633:1: note: expected â€˜yaml_char_t *â€™ but argument is of type â€˜char *â€™
    ext/_yaml.c: In function â€˜__pyx_pf_5_yaml_8CEmitter_12serializeâ€™:
    ext/_yaml.c:15784:42: warning: pointer targets in assignment differ in signedness [-Wpointer-sign]
    ext/_yaml.c:15877:42: warning: pointer targets in assignment differ in signedness [-Wpointer-sign]
    ext/_yaml.c: In function â€˜__pyx_f_5_yaml_8CEmitter__serialize_nodeâ€™:
    ext/_yaml.c:16616:5: warning: pointer targets in passing argument 2 of â€˜yaml_alias_event_initializeâ€™ differ in signedness [-Wpointer-sign]
    /usr/include/yaml.h:553:1: note: expected â€˜yaml_char_t *â€™ but argument is of type â€˜char *â€™
    ext/_yaml.c:17195:7: warning: pointer targets in passing argument 2 of â€˜yaml_scalar_event_initializeâ€™ differ in signedness [-Wpointer-sign]
    /usr/include/yaml.h:578:1: note: expected â€˜yaml_char_t *â€™ but argument is of type â€˜char *â€™
    ext/_yaml.c:17195:7: warning: pointer targets in passing argument 3 of â€˜yaml_scalar_event_initializeâ€™ differ in signedness [-Wpointer-sign]
    /usr/include/yaml.h:578:1: note: expected â€˜yaml_char_t *â€™ but argument is of type â€˜char *â€™
    ext/_yaml.c:17195:7: warning: pointer targets in passing argument 4 of â€˜yaml_scalar_event_initializeâ€™ differ in signedness [-Wpointer-sign]
    /usr/include/yaml.h:578:1: note: expected â€˜yaml_char_t *â€™ but argument is of type â€˜char *â€™
    ext/_yaml.c:17473:7: warning: pointer targets in passing argument 2 of â€˜yaml_sequence_start_event_initializeâ€™ differ in signedness [-Wpointer-sign]
    /usr/include/yaml.h:601:1: note: expected â€˜yaml_char_t *â€™ but argument is of type â€˜char *â€™
    ext/_yaml.c:17473:7: warning: pointer targets in passing argument 3 of â€˜yaml_sequence_start_event_initializeâ€™ differ in signedness [-Wpointer-sign]
    /usr/include/yaml.h:601:1: note: expected â€˜yaml_char_t *â€™ but argument is of type â€˜char *â€™
    ext/_yaml.c:17874:7: warning: pointer targets in passing argument 2 of â€˜yaml_mapping_start_event_initializeâ€™ differ in signedness [-Wpointer-sign]
    /usr/include/yaml.h:633:1: note: expected â€˜yaml_char_t *â€™ but argument is of type â€˜char *â€™
    ext/_yaml.c:17874:7: warning: pointer targets in passing argument 3 of â€˜yaml_mapping_start_event_initializeâ€™ differ in signedness [-Wpointer-sign]
    /usr/include/yaml.h:633:1: note: expected â€˜yaml_char_t *â€™ but argument is of type â€˜char *â€™
    gcc -pthread -shared -L/opt/python/2.7.9/lib -Wl,-rpath=/opt/python/2.7.9/lib build/temp.linux-x86_64-2.7/ext/_yaml.o -L/opt/python/2.7.9/lib -lyaml -lpython2.7 -o build/lib.linux-x86_64-2.7/_yaml.so

  Running setup.py install for qrcode
    changing mode of build/scripts-2.7/qr from 664 to 775
    changing mode of /home/travis/virtualenv/python2.7.9/bin/qr to 775

  Running setup.py install for watchdog
    Installing watchmedo script to /home/travis/virtualenv/python2.7.9/bin


  Running setup.py install for sqlparse
    changing mode of build/scripts-2.7/sqlformat from 664 to 775
    changing mode of /home/travis/virtualenv/python2.7.9/bin/sqlformat to 775
  Running setup.py install for admin-multiupload
  Running setup.py install for django-grappelli
  Running setup.py install for django-nested-inline

  Running setup.py install for django-haystack


  Running setup.py install for django-otp-yubikey
  Running setup.py install for django-otp


  Running setup.py install for django-cors-headers

  Running setup.py install for django-supervisor
  Running setup.py install for supervisor
    Skipping installation of /home/travis/virtualenv/python2.7.9/lib/python2.7/site-packages/supervisor/__init__.py (namespace package)
    Installing /home/travis/virtualenv/python2.7.9/lib/python2.7/site-packages/supervisor-3.1.3-py2.7-nspkg.pth
    Installing echo_supervisord_conf script to /home/travis/virtualenv/python2.7.9/bin
    Installing pidproxy script to /home/travis/virtualenv/python2.7.9/bin
    Installing supervisorctl script to /home/travis/virtualenv/python2.7.9/bin
    Installing supervisord script to /home/travis/virtualenv/python2.7.9/bin
  Running setup.py install for django-rq
  Running setup.py install for rq-scheduler
    Installing rqscheduler script to /home/travis/virtualenv/python2.7.9/bin

  Running setup.py install for redis
  Running setup.py install for ujson
    building 'ujson' extension
    gcc -pthread -fno-strict-aliasing -g -fstack-protector --param=ssp-buffer-size=4 -Wformat -Werror=format-security -DNDEBUG -g -fwrapv -O3 -Wall -Wstrict-prototypes -fPIC -I./python -I./lib -I/opt/python/2.7.9/include/python2.7 -c ./python/ujson.c -o build/temp.linux-x86_64-2.7/./python/ujson.o -D_GNU_SOURCE
    gcc -pthread -fno-strict-aliasing -g -fstack-protector --param=ssp-buffer-size=4 -Wformat -Werror=format-security -DNDEBUG -g -fwrapv -O3 -Wall -Wstrict-prototypes -fPIC -I./python -I./lib -I/opt/python/2.7.9/include/python2.7 -c ./python/objToJSON.c -o build/temp.linux-x86_64-2.7/./python/objToJSON.o -D_GNU_SOURCE
    ./python/objToJSON.c:94:14: warning: â€˜PyIntToINT32â€™ defined but not used [-Wunused-function]
    gcc -pthread -fno-strict-aliasing -g -fstack-protector --param=ssp-buffer-size=4 -Wformat -Werror=format-security -DNDEBUG -g -fwrapv -O3 -Wall -Wstrict-prototypes -fPIC -I./python -I./lib -I/opt/python/2.7.9/include/python2.7 -c ./python/JSONtoObj.c -o build/temp.linux-x86_64-2.7/./python/JSONtoObj.o -D_GNU_SOURCE
    gcc -pthread -fno-strict-aliasing -g -fstack-protector --param=ssp-buffer-size=4 -Wformat -Werror=format-security -DNDEBUG -g -fwrapv -O3 -Wall -Wstrict-prototypes -fPIC -I./python -I./lib -I/opt/python/2.7.9/include/python2.7 -c ./lib/ultrajsonenc.c -o build/temp.linux-x86_64-2.7/./lib/ultrajsonenc.o -D_GNU_SOURCE
    gcc -pthread -fno-strict-aliasing -g -fstack-protector --param=ssp-buffer-size=4 -Wformat -Werror=format-security -DNDEBUG -g -fwrapv -O3 -Wall -Wstrict-prototypes -fPIC -I./python -I./lib -I/opt/python/2.7.9/include/python2.7 -c ./lib/ultrajsondec.c -o build/temp.linux-x86_64-2.7/./lib/ultrajsondec.o -D_GNU_SOURCE
    ./lib/ultrajsondec.c:78:13: warning: â€˜ClearErrorâ€™ defined but not used [-Wunused-function]
    gcc -pthread -shared -L/opt/python/2.7.9/lib -Wl,-rpath=/opt/python/2.7.9/lib build/temp.linux-x86_64-2.7/./python/ujson.o build/temp.linux-x86_64-2.7/./python/objToJSON.o build/temp.linux-x86_64-2.7/./python/JSONtoObj.o build/temp.linux-x86_64-2.7/./lib/ultrajsonenc.o build/temp.linux-x86_64-2.7/./lib/ultrajsondec.o -L/opt/python/2.7.9/lib -lpython2.7 -o build/lib.linux-x86_64-2.7/ujson.so
  Running setup.py install for guppy
    building 'guppy.sets.setsc' extension
    gcc -pthread -fno-strict-aliasing -g -fstack-protector --param=ssp-buffer-size=4 -Wformat -Werror=format-security -DNDEBUG -g -fwrapv -O3 -Wall -Wstrict-prototypes -fPIC -I/opt/python/2.7.9/include/python2.7 -c src/sets/sets.c -o build/temp.linux-x86_64-2.7/src/sets/sets.o
    gcc -pthread -fno-strict-aliasing -g -fstack-protector --param=ssp-buffer-size=4 -Wformat -Werror=format-security -DNDEBUG -g -fwrapv -O3 -Wall -Wstrict-prototypes -fPIC -I/opt/python/2.7.9/include/python2.7 -c src/sets/bitset.c -o build/temp.linux-x86_64-2.7/src/sets/bitset.o
    src/sets/bitset.c: In function â€˜mutbitset_findpos_insâ€™:
    src/sets/bitset.c:1241:14: warning: variable â€˜loâ€™ set but not used [-Wunused-but-set-variable]
    src/sets/bitset.c: In function â€˜mutbitset_iop_PyLongObjectâ€™:
    src/sets/bitset.c:2021:2: warning: passing argument 1 of â€˜_PyLong_Frexpâ€™ from incompatible pointer type [enabled by default]
    /opt/python/2.7.9/include/python2.7/longobject.h:43:20: note: expected â€˜struct PyLongObject *â€™ but argument is of type â€˜struct PyObject *â€™
    src/sets/bitset.c:2021:2: warning: passing argument 2 of â€˜_PyLong_Frexpâ€™ from incompatible pointer type [enabled by default]
    /opt/python/2.7.9/include/python2.7/longobject.h:43:20: note: expected â€˜Py_ssize_t *â€™ but argument is of type â€˜int *â€™
    src/sets/bitset.c:2034:2: warning: passing argument 1 of â€˜_PyLong_Frexpâ€™ from incompatible pointer type [enabled by default]
    /opt/python/2.7.9/include/python2.7/longobject.h:43:20: note: expected â€˜struct PyLongObject *â€™ but argument is of type â€˜struct PyObject *â€™
    src/sets/bitset.c:2034:2: warning: passing argument 2 of â€˜_PyLong_Frexpâ€™ from incompatible pointer type [enabled by default]
    /opt/python/2.7.9/include/python2.7/longobject.h:43:20: note: expected â€˜Py_ssize_t *â€™ but argument is of type â€˜int *â€™
    src/sets/bitset.c: In function â€˜NyImmBitSet_Rangeâ€™:
    src/sets/bitset.c:4546:26: warning: variable â€˜fhiâ€™ set but not used [-Wunused-but-set-variable]
    gcc -pthread -fno-strict-aliasing -g -fstack-protector --param=ssp-buffer-size=4 -Wformat -Werror=format-security -DNDEBUG -g -fwrapv -O3 -Wall -Wstrict-prototypes -fPIC -I/opt/python/2.7.9/include/python2.7 -c src/sets/nodeset.c -o build/temp.linux-x86_64-2.7/src/sets/nodeset.o
    gcc -pthread -shared -L/opt/python/2.7.9/lib -Wl,-rpath=/opt/python/2.7.9/lib build/temp.linux-x86_64-2.7/src/sets/sets.o build/temp.linux-x86_64-2.7/src/sets/bitset.o build/temp.linux-x86_64-2.7/src/sets/nodeset.o -L/opt/python/2.7.9/lib -lpython2.7 -o build/lib.linux-x86_64-2.7/guppy/sets/setsc.so
    building 'guppy.heapy.heapyc' extension
    gcc -pthread -fno-strict-aliasing -g -fstack-protector --param=ssp-buffer-size=4 -Wformat -Werror=format-security -DNDEBUG -g -fwrapv -O3 -Wall -Wstrict-prototypes -fPIC -I/opt/python/2.7.9/include/python2.7 -c src/heapy/heapyc.c -o build/temp.linux-x86_64-2.7/src/heapy/heapyc.o
    gcc -pthread -fno-strict-aliasing -g -fstack-protector --param=ssp-buffer-size=4 -Wformat -Werror=format-security -DNDEBUG -g -fwrapv -O3 -Wall -Wstrict-prototypes -fPIC -I/opt/python/2.7.9/include/python2.7 -c src/heapy/stdtypes.c -o build/temp.linux-x86_64-2.7/src/heapy/stdtypes.o
    gcc -pthread -shared -L/opt/python/2.7.9/lib -Wl,-rpath=/opt/python/2.7.9/lib build/temp.linux-x86_64-2.7/src/heapy/heapyc.o build/temp.linux-x86_64-2.7/src/heapy/stdtypes.o -L/opt/python/2.7.9/lib -lpython2.7 -o build/lib.linux-x86_64-2.7/guppy/heapy/heapyc.so
  Running setup.py install for objgraph
  Running setup.py install for django-suit
  Running setup.py install for mechanize
  Running setup.py install for contexttimer
  Running setup.py install for defusedxml
  Running setup.py install for python-dateutil


  Running setup.py install for psycopg2
    building 'psycopg2._psycopg' extension
    gcc -pthread -fno-strict-aliasing -g -fstack-protector --param=ssp-buffer-size=4 -Wformat -Werror=format-security -DNDEBUG -g -fwrapv -O3 -Wall -Wstrict-prototypes -fPIC -DPSYCOPG_DEFAULT_PYDATETIME=1 -DPSYCOPG_VERSION="2.6.1 (dt dec pq3 ext lo64)" -DPG_VERSION_HEX=0x090400 -DHAVE_LO64=1 -I/opt/python/2.7.9/include/python2.7 -I. -I/usr/include/postgresql -I/usr/include/postgresql/9.4/server -c psycopg/psycopgmodule.c -o build/temp.linux-x86_64-2.7/psycopg/psycopgmodule.o -Wdeclaration-after-statement
    gcc -pthread -fno-strict-aliasing -g -fstack-protector --param=ssp-buffer-size=4 -Wformat -Werror=format-security -DNDEBUG -g -fwrapv -O3 -Wall -Wstrict-prototypes -fPIC -DPSYCOPG_DEFAULT_PYDATETIME=1 -DPSYCOPG_VERSION="2.6.1 (dt dec pq3 ext lo64)" -DPG_VERSION_HEX=0x090400 -DHAVE_LO64=1 -I/opt/python/2.7.9/include/python2.7 -I. -I/usr/include/postgresql -I/usr/include/postgresql/9.4/server -c psycopg/green.c -o build/temp.linux-x86_64-2.7/psycopg/green.o -Wdeclaration-after-statement
    gcc -pthread -fno-strict-aliasing -g -fstack-protector --param=ssp-buffer-size=4 -Wformat -Werror=format-security -DNDEBUG -g -fwrapv -O3 -Wall -Wstrict-prototypes -fPIC -DPSYCOPG_DEFAULT_PYDATETIME=1 -DPSYCOPG_VERSION="2.6.1 (dt dec pq3 ext lo64)" -DPG_VERSION_HEX=0x090400 -DHAVE_LO64=1 -I/opt/python/2.7.9/include/python2.7 -I. -I/usr/include/postgresql -I/usr/include/postgresql/9.4/server -c psycopg/pqpath.c -o build/temp.linux-x86_64-2.7/psycopg/pqpath.o -Wdeclaration-after-statement
    gcc -pthread -fno-strict-aliasing -g -fstack-protector --param=ssp-buffer-size=4 -Wformat -Werror=format-security -DNDEBUG -g -fwrapv -O3 -Wall -Wstrict-prototypes -fPIC -DPSYCOPG_DEFAULT_PYDATETIME=1 -DPSYCOPG_VERSION="2.6.1 (dt dec pq3 ext lo64)" -DPG_VERSION_HEX=0x090400 -DHAVE_LO64=1 -I/opt/python/2.7.9/include/python2.7 -I. -I/usr/include/postgresql -I/usr/include/postgresql/9.4/server -c psycopg/utils.c -o build/temp.linux-x86_64-2.7/psycopg/utils.o -Wdeclaration-after-statement
    gcc -pthread -fno-strict-aliasing -g -fstack-protector --param=ssp-buffer-size=4 -Wformat -Werror=format-security -DNDEBUG -g -fwrapv -O3 -Wall -Wstrict-prototypes -fPIC -DPSYCOPG_DEFAULT_PYDATETIME=1 -DPSYCOPG_VERSION="2.6.1 (dt dec pq3 ext lo64)" -DPG_VERSION_HEX=0x090400 -DHAVE_LO64=1 -I/opt/python/2.7.9/include/python2.7 -I. -I/usr/include/postgresql -I/usr/include/postgresql/9.4/server -c psycopg/bytes_format.c -o build/temp.linux-x86_64-2.7/psycopg/bytes_format.o -Wdeclaration-after-statement
    gcc -pthread -fno-strict-aliasing -g -fstack-protector --param=ssp-buffer-size=4 -Wformat -Werror=format-security -DNDEBUG -g -fwrapv -O3 -Wall -Wstrict-prototypes -fPIC -DPSYCOPG_DEFAULT_PYDATETIME=1 -DPSYCOPG_VERSION="2.6.1 (dt dec pq3 ext lo64)" -DPG_VERSION_HEX=0x090400 -DHAVE_LO64=1 -I/opt/python/2.7.9/include/python2.7 -I. -I/usr/include/postgresql -I/usr/include/postgresql/9.4/server -c psycopg/connection_int.c -o build/temp.linux-x86_64-2.7/psycopg/connection_int.o -Wdeclaration-after-statement
    gcc -pthread -fno-strict-aliasing -g -fstack-protector --param=ssp-buffer-size=4 -Wformat -Werror=format-security -DNDEBUG -g -fwrapv -O3 -Wall -Wstrict-prototypes -fPIC -DPSYCOPG_DEFAULT_PYDATETIME=1 -DPSYCOPG_VERSION="2.6.1 (dt dec pq3 ext lo64)" -DPG_VERSION_HEX=0x090400 -DHAVE_LO64=1 -I/opt/python/2.7.9/include/python2.7 -I. -I/usr/include/postgresql -I/usr/include/postgresql/9.4/server -c psycopg/connection_type.c -o build/temp.linux-x86_64-2.7/psycopg/connection_type.o -Wdeclaration-after-statement
    gcc -pthread -fno-strict-aliasing -g -fstack-protector --param=ssp-buffer-size=4 -Wformat -Werror=format-security -DNDEBUG -g -fwrapv -O3 -Wall -Wstrict-prototypes -fPIC -DPSYCOPG_DEFAULT_PYDATETIME=1 -DPSYCOPG_VERSION="2.6.1 (dt dec pq3 ext lo64)" -DPG_VERSION_HEX=0x090400 -DHAVE_LO64=1 -I/opt/python/2.7.9/include/python2.7 -I. -I/usr/include/postgresql -I/usr/include/postgresql/9.4/server -c psycopg/cursor_int.c -o build/temp.linux-x86_64-2.7/psycopg/cursor_int.o -Wdeclaration-after-statement
    gcc -pthread -fno-strict-aliasing -g -fstack-protector --param=ssp-buffer-size=4 -Wformat -Werror=format-security -DNDEBUG -g -fwrapv -O3 -Wall -Wstrict-prototypes -fPIC -DPSYCOPG_DEFAULT_PYDATETIME=1 -DPSYCOPG_VERSION="2.6.1 (dt dec pq3 ext lo64)" -DPG_VERSION_HEX=0x090400 -DHAVE_LO64=1 -I/opt/python/2.7.9/include/python2.7 -I. -I/usr/include/postgresql -I/usr/include/postgresql/9.4/server -c psycopg/cursor_type.c -o build/temp.linux-x86_64-2.7/psycopg/cursor_type.o -Wdeclaration-after-statement
    gcc -pthread -fno-strict-aliasing -g -fstack-protector --param=ssp-buffer-size=4 -Wformat -Werror=format-security -DNDEBUG -g -fwrapv -O3 -Wall -Wstrict-prototypes -fPIC -DPSYCOPG_DEFAULT_PYDATETIME=1 -DPSYCOPG_VERSION="2.6.1 (dt dec pq3 ext lo64)" -DPG_VERSION_HEX=0x090400 -DHAVE_LO64=1 -I/opt/python/2.7.9/include/python2.7 -I. -I/usr/include/postgresql -I/usr/include/postgresql/9.4/server -c psycopg/diagnostics_type.c -o build/temp.linux-x86_64-2.7/psycopg/diagnostics_type.o -Wdeclaration-after-statement
    gcc -pthread -fno-strict-aliasing -g -fstack-protector --param=ssp-buffer-size=4 -Wformat -Werror=format-security -DNDEBUG -g -fwrapv -O3 -Wall -Wstrict-prototypes -fPIC -DPSYCOPG_DEFAULT_PYDATETIME=1 -DPSYCOPG_VERSION="2.6.1 (dt dec pq3 ext lo64)" -DPG_VERSION_HEX=0x090400 -DHAVE_LO64=1 -I/opt/python/2.7.9/include/python2.7 -I. -I/usr/include/postgresql -I/usr/include/postgresql/9.4/server -c psycopg/error_type.c -o build/temp.linux-x86_64-2.7/psycopg/error_type.o -Wdeclaration-after-statement
    gcc -pthread -fno-strict-aliasing -g -fstack-protector --param=ssp-buffer-size=4 -Wformat -Werror=format-security -DNDEBUG -g -fwrapv -O3 -Wall -Wstrict-prototypes -fPIC -DPSYCOPG_DEFAULT_PYDATETIME=1 -DPSYCOPG_VERSION="2.6.1 (dt dec pq3 ext lo64)" -DPG_VERSION_HEX=0x090400 -DHAVE_LO64=1 -I/opt/python/2.7.9/include/python2.7 -I. -I/usr/include/postgresql -I/usr/include/postgresql/9.4/server -c psycopg/lobject_int.c -o build/temp.linux-x86_64-2.7/psycopg/lobject_int.o -Wdeclaration-after-statement
    gcc -pthread -fno-strict-aliasing -g -fstack-protector --param=ssp-buffer-size=4 -Wformat -Werror=format-security -DNDEBUG -g -fwrapv -O3 -Wall -Wstrict-prototypes -fPIC -DPSYCOPG_DEFAULT_PYDATETIME=1 -DPSYCOPG_VERSION="2.6.1 (dt dec pq3 ext lo64)" -DPG_VERSION_HEX=0x090400 -DHAVE_LO64=1 -I/opt/python/2.7.9/include/python2.7 -I. -I/usr/include/postgresql -I/usr/include/postgresql/9.4/server -c psycopg/lobject_type.c -o build/temp.linux-x86_64-2.7/psycopg/lobject_type.o -Wdeclaration-after-statement
    gcc -pthread -fno-strict-aliasing -g -fstack-protector --param=ssp-buffer-size=4 -Wformat -Werror=format-security -DNDEBUG -g -fwrapv -O3 -Wall -Wstrict-prototypes -fPIC -DPSYCOPG_DEFAULT_PYDATETIME=1 -DPSYCOPG_VERSION="2.6.1 (dt dec pq3 ext lo64)" -DPG_VERSION_HEX=0x090400 -DHAVE_LO64=1 -I/opt/python/2.7.9/include/python2.7 -I. -I/usr/include/postgresql -I/usr/include/postgresql/9.4/server -c psycopg/notify_type.c -o build/temp.linux-x86_64-2.7/psycopg/notify_type.o -Wdeclaration-after-statement
    gcc -pthread -fno-strict-aliasing -g -fstack-protector --param=ssp-buffer-size=4 -Wformat -Werror=format-security -DNDEBUG -g -fwrapv -O3 -Wall -Wstrict-prototypes -fPIC -DPSYCOPG_DEFAULT_PYDATETIME=1 -DPSYCOPG_VERSION="2.6.1 (dt dec pq3 ext lo64)" -DPG_VERSION_HEX=0x090400 -DHAVE_LO64=1 -I/opt/python/2.7.9/include/python2.7 -I. -I/usr/include/postgresql -I/usr/include/postgresql/9.4/server -c psycopg/xid_type.c -o build/temp.linux-x86_64-2.7/psycopg/xid_type.o -Wdeclaration-after-statement
    gcc -pthread -fno-strict-aliasing -g -fstack-protector --param=ssp-buffer-size=4 -Wformat -Werror=format-security -DNDEBUG -g -fwrapv -O3 -Wall -Wstrict-prototypes -fPIC -DPSYCOPG_DEFAULT_PYDATETIME=1 -DPSYCOPG_VERSION="2.6.1 (dt dec pq3 ext lo64)" -DPG_VERSION_HEX=0x090400 -DHAVE_LO64=1 -I/opt/python/2.7.9/include/python2.7 -I. -I/usr/include/postgresql -I/usr/include/postgresql/9.4/server -c psycopg/adapter_asis.c -o build/temp.linux-x86_64-2.7/psycopg/adapter_asis.o -Wdeclaration-after-statement
    gcc -pthread -fno-strict-aliasing -g -fstack-protector --param=ssp-buffer-size=4 -Wformat -Werror=format-security -DNDEBUG -g -fwrapv -O3 -Wall -Wstrict-prototypes -fPIC -DPSYCOPG_DEFAULT_PYDATETIME=1 -DPSYCOPG_VERSION="2.6.1 (dt dec pq3 ext lo64)" -DPG_VERSION_HEX=0x090400 -DHAVE_LO64=1 -I/opt/python/2.7.9/include/python2.7 -I. -I/usr/include/postgresql -I/usr/include/postgresql/9.4/server -c psycopg/adapter_binary.c -o build/temp.linux-x86_64-2.7/psycopg/adapter_binary.o -Wdeclaration-after-statement
    gcc -pthread -fno-strict-aliasing -g -fstack-protector --param=ssp-buffer-size=4 -Wformat -Werror=format-security -DNDEBUG -g -fwrapv -O3 -Wall -Wstrict-prototypes -fPIC -DPSYCOPG_DEFAULT_PYDATETIME=1 -DPSYCOPG_VERSION="2.6.1 (dt dec pq3 ext lo64)" -DPG_VERSION_HEX=0x090400 -DHAVE_LO64=1 -I/opt/python/2.7.9/include/python2.7 -I. -I/usr/include/postgresql -I/usr/include/postgresql/9.4/server -c psycopg/adapter_datetime.c -o build/temp.linux-x86_64-2.7/psycopg/adapter_datetime.o -Wdeclaration-after-statement
    gcc -pthread -fno-strict-aliasing -g -fstack-protector --param=ssp-buffer-size=4 -Wformat -Werror=format-security -DNDEBUG -g -fwrapv -O3 -Wall -Wstrict-prototypes -fPIC -DPSYCOPG_DEFAULT_PYDATETIME=1 -DPSYCOPG_VERSION="2.6.1 (dt dec pq3 ext lo64)" -DPG_VERSION_HEX=0x090400 -DHAVE_LO64=1 -I/opt/python/2.7.9/include/python2.7 -I. -I/usr/include/postgresql -I/usr/include/postgresql/9.4/server -c psycopg/adapter_list.c -o build/temp.linux-x86_64-2.7/psycopg/adapter_list.o -Wdeclaration-after-statement
    gcc -pthread -fno-strict-aliasing -g -fstack-protector --param=ssp-buffer-size=4 -Wformat -Werror=format-security -DNDEBUG -g -fwrapv -O3 -Wall -Wstrict-prototypes -fPIC -DPSYCOPG_DEFAULT_PYDATETIME=1 -DPSYCOPG_VERSION="2.6.1 (dt dec pq3 ext lo64)" -DPG_VERSION_HEX=0x090400 -DHAVE_LO64=1 -I/opt/python/2.7.9/include/python2.7 -I. -I/usr/include/postgresql -I/usr/include/postgresql/9.4/server -c psycopg/adapter_pboolean.c -o build/temp.linux-x86_64-2.7/psycopg/adapter_pboolean.o -Wdeclaration-after-statement
    gcc -pthread -fno-strict-aliasing -g -fstack-protector --param=ssp-buffer-size=4 -Wformat -Werror=format-security -DNDEBUG -g -fwrapv -O3 -Wall -Wstrict-prototypes -fPIC -DPSYCOPG_DEFAULT_PYDATETIME=1 -DPSYCOPG_VERSION="2.6.1 (dt dec pq3 ext lo64)" -DPG_VERSION_HEX=0x090400 -DHAVE_LO64=1 -I/opt/python/2.7.9/include/python2.7 -I. -I/usr/include/postgresql -I/usr/include/postgresql/9.4/server -c psycopg/adapter_pdecimal.c -o build/temp.linux-x86_64-2.7/psycopg/adapter_pdecimal.o -Wdeclaration-after-statement
    gcc -pthread -fno-strict-aliasing -g -fstack-protector --param=ssp-buffer-size=4 -Wformat -Werror=format-security -DNDEBUG -g -fwrapv -O3 -Wall -Wstrict-prototypes -fPIC -DPSYCOPG_DEFAULT_PYDATETIME=1 -DPSYCOPG_VERSION="2.6.1 (dt dec pq3 ext lo64)" -DPG_VERSION_HEX=0x090400 -DHAVE_LO64=1 -I/opt/python/2.7.9/include/python2.7 -I. -I/usr/include/postgresql -I/usr/include/postgresql/9.4/server -c psycopg/adapter_pint.c -o build/temp.linux-x86_64-2.7/psycopg/adapter_pint.o -Wdeclaration-after-statement
    gcc -pthread -fno-strict-aliasing -g -fstack-protector --param=ssp-buffer-size=4 -Wformat -Werror=format-security -DNDEBUG -g -fwrapv -O3 -Wall -Wstrict-prototypes -fPIC -DPSYCOPG_DEFAULT_PYDATETIME=1 -DPSYCOPG_VERSION="2.6.1 (dt dec pq3 ext lo64)" -DPG_VERSION_HEX=0x090400 -DHAVE_LO64=1 -I/opt/python/2.7.9/include/python2.7 -I. -I/usr/include/postgresql -I/usr/include/postgresql/9.4/server -c psycopg/adapter_pfloat.c -o build/temp.linux-x86_64-2.7/psycopg/adapter_pfloat.o -Wdeclaration-after-statement
    gcc -pthread -fno-strict-aliasing -g -fstack-protector --param=ssp-buffer-size=4 -Wformat -Werror=format-security -DNDEBUG -g -fwrapv -O3 -Wall -Wstrict-prototypes -fPIC -DPSYCOPG_DEFAULT_PYDATETIME=1 -DPSYCOPG_VERSION="2.6.1 (dt dec pq3 ext lo64)" -DPG_VERSION_HEX=0x090400 -DHAVE_LO64=1 -I/opt/python/2.7.9/include/python2.7 -I. -I/usr/include/postgresql -I/usr/include/postgresql/9.4/server -c psycopg/adapter_qstring.c -o build/temp.linux-x86_64-2.7/psycopg/adapter_qstring.o -Wdeclaration-after-statement
    gcc -pthread -fno-strict-aliasing -g -fstack-protector --param=ssp-buffer-size=4 -Wformat -Werror=format-security -DNDEBUG -g -fwrapv -O3 -Wall -Wstrict-prototypes -fPIC -DPSYCOPG_DEFAULT_PYDATETIME=1 -DPSYCOPG_VERSION="2.6.1 (dt dec pq3 ext lo64)" -DPG_VERSION_HEX=0x090400 -DHAVE_LO64=1 -I/opt/python/2.7.9/include/python2.7 -I. -I/usr/include/postgresql -I/usr/include/postgresql/9.4/server -c psycopg/microprotocols.c -o build/temp.linux-x86_64-2.7/psycopg/microprotocols.o -Wdeclaration-after-statement
    gcc -pthread -fno-strict-aliasing -g -fstack-protector --param=ssp-buffer-size=4 -Wformat -Werror=format-security -DNDEBUG -g -fwrapv -O3 -Wall -Wstrict-prototypes -fPIC -DPSYCOPG_DEFAULT_PYDATETIME=1 -DPSYCOPG_VERSION="2.6.1 (dt dec pq3 ext lo64)" -DPG_VERSION_HEX=0x090400 -DHAVE_LO64=1 -I/opt/python/2.7.9/include/python2.7 -I. -I/usr/include/postgresql -I/usr/include/postgresql/9.4/server -c psycopg/microprotocols_proto.c -o build/temp.linux-x86_64-2.7/psycopg/microprotocols_proto.o -Wdeclaration-after-statement
    gcc -pthread -fno-strict-aliasing -g -fstack-protector --param=ssp-buffer-size=4 -Wformat -Werror=format-security -DNDEBUG -g -fwrapv -O3 -Wall -Wstrict-prototypes -fPIC -DPSYCOPG_DEFAULT_PYDATETIME=1 -DPSYCOPG_VERSION="2.6.1 (dt dec pq3 ext lo64)" -DPG_VERSION_HEX=0x090400 -DHAVE_LO64=1 -I/opt/python/2.7.9/include/python2.7 -I. -I/usr/include/postgresql -I/usr/include/postgresql/9.4/server -c psycopg/typecast.c -o build/temp.linux-x86_64-2.7/psycopg/typecast.o -Wdeclaration-after-statement
    gcc -pthread -shared -L/opt/python/2.7.9/lib -Wl,-rpath=/opt/python/2.7.9/lib build/temp.linux-x86_64-2.7/psycopg/psycopgmodule.o build/temp.linux-x86_64-2.7/psycopg/green.o build/temp.linux-x86_64-2.7/psycopg/pqpath.o build/temp.linux-x86_64-2.7/psycopg/utils.o build/temp.linux-x86_64-2.7/psycopg/bytes_format.o build/temp.linux-x86_64-2.7/psycopg/connection_int.o build/temp.linux-x86_64-2.7/psycopg/connection_type.o build/temp.linux-x86_64-2.7/psycopg/cursor_int.o build/temp.linux-x86_64-2.7/psycopg/cursor_type.o build/temp.linux-x86_64-2.7/psycopg/diagnostics_type.o build/temp.linux-x86_64-2.7/psycopg/error_type.o build/temp.linux-x86_64-2.7/psycopg/lobject_int.o build/temp.linux-x86_64-2.7/psycopg/lobject_type.o build/temp.linux-x86_64-2.7/psycopg/notify_type.o build/temp.linux-x86_64-2.7/psycopg/xid_type.o build/temp.linux-x86_64-2.7/psycopg/adapter_asis.o build/temp.linux-x86_64-2.7/psycopg/adapter_binary.o build/temp.linux-x86_64-2.7/psycopg/adapter_datetime.o build/temp.linux-x86_64-2.7/psycopg/adapter_list.o build/temp.linux-x86_64-2.7/psycopg/adapter_pboolean.o build/temp.linux-x86_64-2.7/psycopg/adapter_pdecimal.o build/temp.linux-x86_64-2.7/psycopg/adapter_pint.o build/temp.linux-x86_64-2.7/psycopg/adapter_pfloat.o build/temp.linux-x86_64-2.7/psycopg/adapter_qstring.o build/temp.linux-x86_64-2.7/psycopg/microprotocols.o build/temp.linux-x86_64-2.7/psycopg/microprotocols_proto.o build/temp.linux-x86_64-2.7/psycopg/typecast.o -L/opt/python/2.7.9/lib -L/usr/lib/x86_64-linux-gnu -lpython2.7 -lpq -o build/lib.linux-x86_64-2.7/psycopg2/_psycopg.so
  Running setup.py install for lxml
    /opt/python/2.7.9/lib/python2.7/distutils/dist.py:267: UserWarning: Unknown distribution option: 'bugtrack_url'
      warnings.warn(msg)
    Building lxml version 3.4.4.
    Building without Cython.
    Using build configuration of libxslt 1.1.26
    Building against libxml2/libxslt in the following directory: /usr/lib/x86_64-linux-gnu
    building 'lxml.etree' extension
    gcc -pthread -fno-strict-aliasing -g -fstack-protector --param=ssp-buffer-size=4 -Wformat -Werror=format-security -DNDEBUG -g -fwrapv -O3 -Wall -Wstrict-prototypes -fPIC -I/usr/include/libxml2 -I/tmp/pip-build-e_xNu5/lxml/src/lxml/includes -I/opt/python/2.7.9/include/python2.7 -c src/lxml/lxml.etree.c -o build/temp.linux-x86_64-2.7/src/lxml/lxml.etree.o -w
    gcc -pthread -shared -L/opt/python/2.7.9/lib -Wl,-rpath=/opt/python/2.7.9/lib build/temp.linux-x86_64-2.7/src/lxml/lxml.etree.o -L/usr/lib/x86_64-linux-gnu -L/opt/python/2.7.9/lib -lxslt -lexslt -lxml2 -lz -lm -lpython2.7 -o build/lib.linux-x86_64-2.7/lxml/etree.so
    building 'lxml.objectify' extension
    gcc -pthread -fno-strict-aliasing -g -fstack-protector --param=ssp-buffer-size=4 -Wformat -Werror=format-security -DNDEBUG -g -fwrapv -O3 -Wall -Wstrict-prototypes -fPIC -I/usr/include/libxml2 -I/tmp/pip-build-e_xNu5/lxml/src/lxml/includes -I/opt/python/2.7.9/include/python2.7 -c src/lxml/lxml.objectify.c -o build/temp.linux-x86_64-2.7/src/lxml/lxml.objectify.o -w
    gcc -pthread -shared -L/opt/python/2.7.9/lib -Wl,-rpath=/opt/python/2.7.9/lib build/temp.linux-x86_64-2.7/src/lxml/lxml.objectify.o -L/usr/lib/x86_64-linux-gnu -L/opt/python/2.7.9/lib -lxslt -lexslt -lxml2 -lz -lm -lpython2.7 -o build/lib.linux-x86_64-2.7/lxml/objectify.so
Successfully installed Django-1.8.4 PyYAML-3.11 YubiOTP-0.2.1 admin-multiupload-0.1 argh-0.26.1 contexttimer-0.3.0 defusedxml-0.4.1 django-cors-headers-0.11 django-debug-toolbar-1.3.2 django-filter-0.11.0 django-formtools-1.0 django-grappelli-2.7.2 django-haystack-2.4.0 django-nested-inline-0.3.5 django-otp-0.3.1 django-otp-yubikey-0.3.1 django-rq-0.7.0 django-suit-0.2.14 django-supervisor-0.3.2 django-two-factor-auth-1.2.0 djangorestframework-3.2.3 elasticsearch-1.7.0 guppy-0.1.10 lxml-3.4.4 markdown-2.6.2 mechanize-0.2.5 meld3-1.0.2 objgraph-1.8.1 pathtools-0.1.2 psycopg2-2.6.1 pycrypto-2.6.1 python-dateutil-2.2 qrcode-4.0.4 redis-2.10.3 rq-0.4.6 rq-scheduler-0.5.0 six-1.10.0 sqlparse-0.1.18 supervisor-3.1.3 ujson-1.33 urllib3-1.12 watchdog-0.8.3
travis_time:end:0902088f:start=1447861208492409890,finish=1447861329739995702,duration=121247585812[0Ktravis_fold:end:install.1[0Ktravis_fold:start:install.2[0Ktravis_time:start:16562838[0K$ pip install -r OIPA/test_requirements.txt
[33mYou are using pip version 6.0.7, however version 7.1.2 is available.
You should consider upgrading via the 'pip install --upgrade pip' command.[0m
Requirement already satisfied (use --upgrade to upgrade): pytest in /home/travis/virtualenv/python2.7.9/lib/python2.7/site-packages (from -r OIPA/test_requirements.txt (line 1))
Collecting pytest-django (from -r OIPA/test_requirements.txt (line 2))
  Using cached pytest_django-2.9.1-py2.py3-none-any.whl
Collecting factory-boy (from -r OIPA/test_requirements.txt (line 3))
  Using cached factory_boy-2.6.0-py2.py3-none-any.whl
Collecting python-coveralls (from -r OIPA/test_requirements.txt (line 4))
  Using cached python_coveralls-2.5.0-py2.py3-none-any.whl
Requirement already satisfied (use --upgrade to upgrade): mock in /home/travis/virtualenv/python2.7.9/lib/python2.7/site-packages (from -r OIPA/test_requirements.txt (line 5))
Collecting django-test-without-migrations==0.2 (from -r OIPA/test_requirements.txt (line 6))
  Using cached django_test_without_migrations-0.2-py2.py3-none-any.whl
Collecting django-extensions==1.5.6 (from -r OIPA/test_requirements.txt (line 7))
  Using cached django_extensions-1.5.6-py2.py3-none-any.whl
Collecting pysqlite==2.8.1 (from -r OIPA/test_requirements.txt (line 8))
  Using cached pysqlite-2.8.1.tar.gz
Requirement already satisfied (use --upgrade to upgrade): py>=1.4.25 in /home/travis/virtualenv/python2.7.9/lib/python2.7/site-packages (from pytest->-r OIPA/test_requirements.txt (line 1))
Collecting fake-factory>=0.5.0 (from factory-boy->-r OIPA/test_requirements.txt (line 3))
  Using cached fake-factory-0.5.3.tar.gz
Collecting sh (from python-coveralls->-r OIPA/test_requirements.txt (line 4))
  Using cached sh-1.11.tar.gz
Requirement already satisfied (use --upgrade to upgrade): six in /home/travis/virtualenv/python2.7.9/lib/python2.7/site-packages (from python-coveralls->-r OIPA/test_requirements.txt (line 4))
Collecting coverage==3.7.1 (from python-coveralls->-r OIPA/test_requirements.txt (line 4))
  Using cached coverage-3.7.1.tar.gz
Requirement already satisfied (use --upgrade to upgrade): PyYAML in /home/travis/virtualenv/python2.7.9/lib/python2.7/site-packages (from python-coveralls->-r OIPA/test_requirements.txt (line 4))
Collecting requests (from python-coveralls->-r OIPA/test_requirements.txt (line 4))
  Using cached requests-2.8.1-py2.py3-none-any.whl
Installing collected packages: requests, coverage, sh, fake-factory, pysqlite, django-extensions, django-test-without-migrations, python-coveralls, factory-boy, pytest-django

  Running setup.py install for coverage
    building 'coverage.tracer' extension
    gcc -pthread -fno-strict-aliasing -g -fstack-protector --param=ssp-buffer-size=4 -Wformat -Werror=format-security -DNDEBUG -g -fwrapv -O3 -Wall -Wstrict-prototypes -fPIC -I/opt/python/2.7.9/include/python2.7 -c coverage/tracer.c -o build/temp.linux-x86_64-2.7/coverage/tracer.o
    gcc -pthread -shared -L/opt/python/2.7.9/lib -Wl,-rpath=/opt/python/2.7.9/lib build/temp.linux-x86_64-2.7/coverage/tracer.o -L/opt/python/2.7.9/lib -lpython2.7 -o build/lib.linux-x86_64-2.7/coverage/tracer.so
    Installing coverage2 script to /home/travis/virtualenv/python2.7.9/bin
    Installing coverage-2.7 script to /home/travis/virtualenv/python2.7.9/bin
    Installing coverage script to /home/travis/virtualenv/python2.7.9/bin
  Running setup.py install for sh
  Running setup.py install for fake-factory
    Installing faker script to /home/travis/virtualenv/python2.7.9/bin
  Running setup.py install for pysqlite
    building 'pysqlite2._sqlite' extension
    gcc -pthread -fno-strict-aliasing -g -fstack-protector --param=ssp-buffer-size=4 -Wformat -Werror=format-security -DNDEBUG -g -fwrapv -O3 -Wall -Wstrict-prototypes -fPIC -DMODULE_NAME="pysqlite2.dbapi2" -I/opt/python/2.7.9/include/python2.7 -c src/module.c -o build/temp.linux-x86_64-2.7/src/module.o
    In file included from src/module.c:276:0:
    src/sqlite_constants.h:743:1: warning: initialization makes integer from pointer without a cast [enabled by default]
    src/sqlite_constants.h:743:1: warning: (near initialization for â€˜_int_constants[191].constant_valueâ€™) [enabled by default]
    src/sqlite_constants.h:746:1: warning: initialization makes integer from pointer without a cast [enabled by default]
    src/sqlite_constants.h:746:1: warning: (near initialization for â€˜_int_constants[192].constant_valueâ€™) [enabled by default]
    gcc -pthread -fno-strict-aliasing -g -fstack-protector --param=ssp-buffer-size=4 -Wformat -Werror=format-security -DNDEBUG -g -fwrapv -O3 -Wall -Wstrict-prototypes -fPIC -DMODULE_NAME="pysqlite2.dbapi2" -I/opt/python/2.7.9/include/python2.7 -c src/connection.c -o build/temp.linux-x86_64-2.7/src/connection.o
    gcc -pthread -fno-strict-aliasing -g -fstack-protector --param=ssp-buffer-size=4 -Wformat -Werror=format-security -DNDEBUG -g -fwrapv -O3 -Wall -Wstrict-prototypes -fPIC -DMODULE_NAME="pysqlite2.dbapi2" -I/opt/python/2.7.9/include/python2.7 -c src/cursor.c -o build/temp.linux-x86_64-2.7/src/cursor.o
    gcc -pthread -fno-strict-aliasing -g -fstack-protector --param=ssp-buffer-size=4 -Wformat -Werror=format-security -DNDEBUG -g -fwrapv -O3 -Wall -Wstrict-prototypes -fPIC -DMODULE_NAME="pysqlite2.dbapi2" -I/opt/python/2.7.9/include/python2.7 -c src/cache.c -o build/temp.linux-x86_64-2.7/src/cache.o
    gcc -pthread -fno-strict-aliasing -g -fstack-protector --param=ssp-buffer-size=4 -Wformat -Werror=format-security -DNDEBUG -g -fwrapv -O3 -Wall -Wstrict-prototypes -fPIC -DMODULE_NAME="pysqlite2.dbapi2" -I/opt/python/2.7.9/include/python2.7 -c src/microprotocols.c -o build/temp.linux-x86_64-2.7/src/microprotocols.o
    gcc -pthread -fno-strict-aliasing -g -fstack-protector --param=ssp-buffer-size=4 -Wformat -Werror=format-security -DNDEBUG -g -fwrapv -O3 -Wall -Wstrict-prototypes -fPIC -DMODULE_NAME="pysqlite2.dbapi2" -I/opt/python/2.7.9/include/python2.7 -c src/prepare_protocol.c -o build/temp.linux-x86_64-2.7/src/prepare_protocol.o
    gcc -pthread -fno-strict-aliasing -g -fstack-protector --param=ssp-buffer-size=4 -Wformat -Werror=format-security -DNDEBUG -g -fwrapv -O3 -Wall -Wstrict-prototypes -fPIC -DMODULE_NAME="pysqlite2.dbapi2" -I/opt/python/2.7.9/include/python2.7 -c src/statement.c -o build/temp.linux-x86_64-2.7/src/statement.o
    gcc -pthread -fno-strict-aliasing -g -fstack-protector --param=ssp-buffer-size=4 -Wformat -Werror=format-security -DNDEBUG -g -fwrapv -O3 -Wall -Wstrict-prototypes -fPIC -DMODULE_NAME="pysqlite2.dbapi2" -I/opt/python/2.7.9/include/python2.7 -c src/util.c -o build/temp.linux-x86_64-2.7/src/util.o
    gcc -pthread -fno-strict-aliasing -g -fstack-protector --param=ssp-buffer-size=4 -Wformat -Werror=format-security -DNDEBUG -g -fwrapv -O3 -Wall -Wstrict-prototypes -fPIC -DMODULE_NAME="pysqlite2.dbapi2" -I/opt/python/2.7.9/include/python2.7 -c src/row.c -o build/temp.linux-x86_64-2.7/src/row.o
    gcc -pthread -shared -L/opt/python/2.7.9/lib -Wl,-rpath=/opt/python/2.7.9/lib build/temp.linux-x86_64-2.7/src/module.o build/temp.linux-x86_64-2.7/src/connection.o build/temp.linux-x86_64-2.7/src/cursor.o build/temp.linux-x86_64-2.7/src/cache.o build/temp.linux-x86_64-2.7/src/microprotocols.o build/temp.linux-x86_64-2.7/src/prepare_protocol.o build/temp.linux-x86_64-2.7/src/statement.o build/temp.linux-x86_64-2.7/src/util.o build/temp.linux-x86_64-2.7/src/row.o -L/opt/python/2.7.9/lib -lpython2.7 -lsqlite3 -o build/lib.linux-x86_64-2.7/pysqlite2/_sqlite.so





Successfully installed coverage-3.7.1 django-extensions-1.5.6 django-test-without-migrations-0.2 factory-boy-2.6.0 fake-factory-0.5.3 pysqlite-2.8.1 pytest-django-2.9.1 python-coveralls-2.5.0 requests-2.8.1 sh-1.11
travis_time:end:16562838:start=1447861329744354434,finish=1447861336550422999,duration=6806068565[0Ktravis_fold:end:install.2[0Ktravis_fold:start:before_script[0Ktravis_time:start:01494f84[0K$ psql -U postgres -c "create extension postgis"
CREATE EXTENSION
travis_time:end:01494f84:start=1447861336555291352,finish=1447861337713474962,duration=1158183610[0Ktravis_fold:end:before_script[0Ktravis_time:start:00751d88[0K$ cd OIPA
travis_time:end:00751d88:start=1447861337717656629,finish=1447861337721141190,duration=3484561[0K
[32;1mThe command "cd OIPA" exited with 0.[0m
travis_time:start:09568c80[0K$ python manage.py migrate --database=psql --settings=OIPA.travis_test_settings
[36;1mOperations to perform:[0m
[1m  Synchronize unmigrated apps: [0mdjsupervisor, test_without_migrations, django_rq, gis, staticfiles, admindocs, grappelli, messages, rest_framework, nested_inline, django_otp, debug_toolbar, api, task_queue, django_extensions, corsheaders, haystack, translation_model, multiupload
[1m  Apply all migrations: [0mindicator, iati, iati_vocabulary, iati_codelists, sessions, admin, two_factor, otp_static, indicator_unesco, auth, sites, parse_logger, contenttypes, otp_yubikey, geodata, otp_totp, iati_synchroniser, iati_organisation
[36;1mSynchronizing apps without migrations:[0m
  Creating tables...
    Creating table translation_model_translationmodel
    Running deferred SQL...
  Installing custom SQL...
[36;1mRunning migrations:[0m
  Rendering model states...[32;1m DONE[0m
  Applying contenttypes.0001_initial...[32;1m OK[0m
  Applying auth.0001_initial...[32;1m OK[0m
  Applying admin.0001_initial...[32;1m OK[0m
  Applying contenttypes.0002_remove_content_type_name...[32;1m OK[0m
  Applying auth.0002_alter_permission_name_max_length...[32;1m OK[0m
  Applying auth.0003_alter_user_email_max_length...[32;1m OK[0m
  Applying auth.0004_alter_user_username_opts...[32;1m OK[0m
  Applying auth.0005_alter_user_last_login_null...[32;1m OK[0m
  Applying auth.0006_require_contenttypes_0002...[32;1m OK[0m
  Applying iati_vocabulary.0001_initial...[32;1m OK[0m
  Applying geodata.0001_initial...[32;1m OK[0m
  Applying iati_codelists.0001_initial...[32;1m OK[0m
  Applying iati.0001_initial...[32;1m OK[0m
  Applying iati.0002_auto_20151104_1515...[32;1m OK[0m
  Applying iati.0003_auto_20151116_1031...[32;1m OK[0m
  Applying iati.0004_auto_20151117_1023...[32;1m OK[0m
  Applying iati.0005_auto_20151118_1625...[32;1m OK[0m
  Applying iati_organisation.0001_initial...[32;1m OK[0m
  Applying iati_synchroniser.0001_initial...[32;1m OK[0m
  Applying indicator.0001_initial...[32;1m OK[0m
  Applying indicator_unesco.0001_initial...[32;1m OK[0m
  Applying otp_static.0001_initial...[32;1m OK[0m
  Applying otp_totp.0001_initial...[32;1m OK[0m
  Applying otp_yubikey.0001_initial...[32;1m OK[0m
  Applying parse_logger.0001_initial...[32;1m OK[0m
  Applying sessions.0001_initial...[32;1m OK[0m
  Applying sites.0001_initial...[32;1m OK[0m
  Applying two_factor.0001_initial...[32;1m OK[0m
  Applying two_factor.0002_auto_20150110_0810...[32;1m OK[0m
travis_time:end:09568c80:start=1447861337725847032,finish=1447861462053328932,duration=124327481900[0K
[32;1mThe command "python manage.py migrate --database=psql --settings=OIPA.travis_test_settings" exited with 0.[0m
travis_time:start:01df6735[0K$ coverage run --source=. --omit=*__init__*,*data_backup* manage.py test --settings OIPA.travis_test_settings --nomigrations
Creating test database for alias 'default'...
Creating test database for alias 'psql'...
..............E...E................s...E......E...Installed 3662 object(s) from 1 fixture(s)
Installed 23 object(s) from 1 fixture(s)
s....ssssInstalled 3 object(s) from 1 fixture(s)
Installed 3662 object(s) from 1 fixture(s)
Installed 23 object(s) from 1 fixture(s)
Installed 269 object(s) from 1 fixture(s)
..........................s.NL-KVK-51018586-0666
.NL-KVK-51018586-0666
.NL-KVK-51018586-0666
NL-KVK-51018586-0666
NL-KVK-51018586-0666
NL-KVK-51018586-0666
.NL-KVK-51018586-0666
NL-KVK-51018586-0666
.NL-KVK-51018586-0666
NL-KVK-51018586-0666
.s.NL-KVK-51018586-0666
NL-KVK-51018586-0666
........ss.........................................called
random text
.ss..ss...ss............s....s.s....s...Installed 3 object(s) from 1 fixture(s)
Installed 3662 object(s) from 1 fixture(s)
Installed 23 object(s) from 1 fixture(s)
Installed 269 object(s) from 1 fixture(s)
.................................Installed 3 object(s) from 1 fixture(s)
Installed 3662 object(s) from 1 fixture(s)
Installed 23 object(s) from 1 fixture(s)
Installed 269 object(s) from 1 fixture(s)
....F.ssF.................
======================================================================
ERROR: test_DescriptionSerializer (api.activity.tests.test_serializers.ActivitySerializerTestCase)
----------------------------------------------------------------------
Traceback (most recent call last):
  File "/home/travis/build/openaid-IATI/OIPA/OIPA/api/activity/tests/test_serializers.py", line 285, in test_DescriptionSerializer
    iati_factory.NarrativeFactory.create(related_object=description, content="description")
  File "/home/travis/virtualenv/python2.7.9/lib/python2.7/site-packages/factory/base.py", line 567, in create
    return cls._generate(True, attrs)
  File "/home/travis/virtualenv/python2.7.9/lib/python2.7/site-packages/factory/base.py", line 492, in _generate
    obj = cls._prepare(create, **attrs)
  File "/home/travis/virtualenv/python2.7.9/lib/python2.7/site-packages/factory/base.py", line 467, in _prepare
    return cls._create(model_class, *args, **kwargs)
  File "/home/travis/virtualenv/python2.7.9/lib/python2.7/site-packages/factory/django.py", line 174, in _create
    return manager.create(*args, **kwargs)
  File "/home/travis/virtualenv/python2.7.9/lib/python2.7/site-packages/django/db/models/manager.py", line 127, in manager_method
    return getattr(self.get_queryset(), name)(*args, **kwargs)
  File "/home/travis/virtualenv/python2.7.9/lib/python2.7/site-packages/django/db/models/query.py", line 346, in create
    obj = self.model(**kwargs)
  File "/home/travis/virtualenv/python2.7.9/lib/python2.7/site-packages/django/db/models/base.py", line 480, in __init__
    raise TypeError("'%s' is an invalid keyword argument for this function" % list(kwargs)[0])
TypeError: 'parent_object' is an invalid keyword argument for this function

======================================================================
ERROR: test_DocumentTitleSerializer (api.activity.tests.test_serializers.ActivitySerializerTestCase)
----------------------------------------------------------------------
Traceback (most recent call last):
  File "/home/travis/build/openaid-IATI/OIPA/OIPA/api/activity/tests/test_serializers.py", line 100, in test_DocumentTitleSerializer
    iati_factory.NarrativeFactory.create(related_object=title, content="title")
  File "/home/travis/virtualenv/python2.7.9/lib/python2.7/site-packages/factory/base.py", line 567, in create
    return cls._generate(True, attrs)
  File "/home/travis/virtualenv/python2.7.9/lib/python2.7/site-packages/factory/base.py", line 492, in _generate
    obj = cls._prepare(create, **attrs)
  File "/home/travis/virtualenv/python2.7.9/lib/python2.7/site-packages/factory/base.py", line 467, in _prepare
    return cls._create(model_class, *args, **kwargs)
  File "/home/travis/virtualenv/python2.7.9/lib/python2.7/site-packages/factory/django.py", line 174, in _create
    return manager.create(*args, **kwargs)
  File "/home/travis/virtualenv/python2.7.9/lib/python2.7/site-packages/django/db/models/manager.py", line 127, in manager_method
    return getattr(self.get_queryset(), name)(*args, **kwargs)
  File "/home/travis/virtualenv/python2.7.9/lib/python2.7/site-packages/django/db/models/query.py", line 346, in create
    obj = self.model(**kwargs)
  File "/home/travis/virtualenv/python2.7.9/lib/python2.7/site-packages/django/db/models/base.py", line 480, in __init__
    raise TypeError("'%s' is an invalid keyword argument for this function" % list(kwargs)[0])
TypeError: 'parent_object' is an invalid keyword argument for this function

======================================================================
ERROR: test_TitleSerializer (api.activity.tests.test_serializers.ActivitySerializerTestCase)
----------------------------------------------------------------------
Traceback (most recent call last):
  File "/home/travis/build/openaid-IATI/OIPA/OIPA/api/activity/tests/test_serializers.py", line 276, in test_TitleSerializer
    iati_factory.NarrativeFactory.create(related_object=title, content="title")
  File "/home/travis/virtualenv/python2.7.9/lib/python2.7/site-packages/factory/base.py", line 567, in create
    return cls._generate(True, attrs)
  File "/home/travis/virtualenv/python2.7.9/lib/python2.7/site-packages/factory/base.py", line 492, in _generate
    obj = cls._prepare(create, **attrs)
  File "/home/travis/virtualenv/python2.7.9/lib/python2.7/site-packages/factory/base.py", line 467, in _prepare
    return cls._create(model_class, *args, **kwargs)
  File "/home/travis/virtualenv/python2.7.9/lib/python2.7/site-packages/factory/django.py", line 174, in _create
    return manager.create(*args, **kwargs)
  File "/home/travis/virtualenv/python2.7.9/lib/python2.7/site-packages/django/db/models/manager.py", line 127, in manager_method
    return getattr(self.get_queryset(), name)(*args, **kwargs)
  File "/home/travis/virtualenv/python2.7.9/lib/python2.7/site-packages/django/db/models/query.py", line 346, in create
    obj = self.model(**kwargs)
  File "/home/travis/virtualenv/python2.7.9/lib/python2.7/site-packages/django/db/models/base.py", line 480, in __init__
    raise TypeError("'%s' is an invalid keyword argument for this function" % list(kwargs)[0])
TypeError: 'parent_object' is an invalid keyword argument for this function

======================================================================
ERROR: test_narrative_serializer (api.activity.tests.test_serializers.NarrativeSerializerTestCase)
----------------------------------------------------------------------
Traceback (most recent call last):
  File "/home/travis/build/openaid-IATI/OIPA/OIPA/api/activity/tests/test_serializers.py", line 28, in test_narrative_serializer
    narrative = iati_factory.NarrativeFactory.build()
  File "/home/travis/virtualenv/python2.7.9/lib/python2.7/site-packages/factory/base.py", line 549, in build
    return cls._generate(False, attrs)
  File "/home/travis/virtualenv/python2.7.9/lib/python2.7/site-packages/factory/base.py", line 492, in _generate
    obj = cls._prepare(create, **attrs)
  File "/home/travis/virtualenv/python2.7.9/lib/python2.7/site-packages/factory/base.py", line 469, in _prepare
    return cls._build(model_class, *args, **kwargs)
  File "/home/travis/virtualenv/python2.7.9/lib/python2.7/site-packages/factory/base.py", line 528, in _build
    return model_class(*args, **kwargs)
  File "/home/travis/virtualenv/python2.7.9/lib/python2.7/site-packages/django/db/models/base.py", line 480, in __init__
    raise TypeError("'%s' is an invalid keyword argument for this function" % list(kwargs)[0])
TypeError: 'parent_object' is an invalid keyword argument for this function

======================================================================
FAIL: test_add_missing_items (iati_synchroniser.tests.test_codelist_importer.CodelistImporterTestCase)
----------------------------------------------------------------------
Traceback (most recent call last):
  File "/home/travis/build/openaid-IATI/OIPA/OIPA/iati_synchroniser/tests/test_codelist_importer.py", line 93, in test_add_missing_items
    self.assertEqual(2, Country.objects.count())
AssertionError: 2 != 4

======================================================================
FAIL: test_synchronise_with_codelists (iati_synchroniser.tests.test_codelist_importer.CodelistImporterTestCase)
----------------------------------------------------------------------
Traceback (most recent call last):
  File "/home/travis/build/openaid-IATI/OIPA/OIPA/iati_synchroniser/tests/test_codelist_importer.py", line 145, in test_synchronise_with_codelists
    importer.loop_through_codelists.assert_called_with('1.04')
  File "/home/travis/virtualenv/python2.7.9/lib/python2.7/site-packages/mock.py", line 835, in assert_called_with
    raise AssertionError(msg)
AssertionError: Expected call: mock('1.04')
Actual call: mock('2.01')

----------------------------------------------------------------------
Ran 244 tests in 20.603s

FAILED (failures=2, errors=4, skipped=22)
Destroying test database for alias 'default'...
Destroying test database for alias 'psql'...
travis_time:end:01df6735:start=1447861462057474963,finish=1447861490465819882,duration=28408344919[0K
[31;1mThe command "coverage run --source=. --omit=*__init__*,*data_backup* manage.py test --settings OIPA.travis_test_settings --nomigrations" exited with 1.[0m
travis_fold:start:cache.2[0Kstore build cache
travis_time:start:29354bc5[0Ktravis_time:end:29354bc5:start=1447861490470462224,finish=1447861490473968665,duration=3506441[0Ktravis_time:start:2b6becb9[0Kchange detected:
/home/travis/.cache/pip/http/0/8/a/d/e/08ade5c82e2aba55606c35cf6fe41071681328c6bc3d779727073699
/home/travis/.cache/pip/http/0/8/a/d/e/08ade5c82e2aba55606c35cf6fe41071681328c6bc3d779727073699
/home/travis/.cache/pip/http/1/c/7/f/5/1c7f551754b95b7db0c3f52bd0dfc10cf61c45b60fb7e255ff153f36
/home/travis/.cache/pip/http/1/c/7/f/5/1c7f551754b95b7db0c3f52bd0dfc10cf61c45b60fb7e255ff153f36
/home/travis/.cache/pip/http/1/d/6/4/5/1d64584e92602feb17a86d9818a6020c216c9a04bcf58fb91c2f5a13
/home/travis/.cache/pip/http/1/d/6/4/5/1d64584e92602feb17a86d9818a6020c216c9a04bcf58fb91c2f5a13
/home/travis/.cache/pip/http/2/3/9/e/5/239e562dfc5e530ca21ab2687d5c32ccbdc799ad5adee23f034a56ee
/home/travis/.cache/pip/http/2/3/9/e/5/239e562dfc5e530ca21ab2687d5c32ccbdc799ad5adee23f034a56ee
/home/travis/.cache/pip/http/2/4/8/3/5/24835cbdd3b3d3b3c5bf939caa9b0beb1304868f0c4192fe2032d123
/home/travis/.cache/pip/http/2/4/8/3/5/24835cbdd3b3d3b3c5bf939caa9b0beb1304868f0c4192fe2032d123
/home/travis/.cache/pip/http/2/7/b/0/1/27
...
changes detected, packing new archive
uploading archive
travis_time:end:2b6becb9:start=1447861490478226812,finish=1447861493836742648,duration=3358515836[0Ktravis_fold:end:cache.2[0Ktravis_fold:start:after_failure[0Ktravis_time:start:2273b545[0K$ coveralls
INFO:sh.command:<Command '/bin/pwd' call_args {'bg': False, 'timeo...(476 more)>: starting process
INFO:sh.command:<Command '/usr/bin/git --no-pa...(53 more)' call_args {'bg': False, 'timeo...(476 more)>: starting process
INFO:sh.command:<Command '/usr/bin/git rev-par...(20 more)' call_args {'bg': False, 'timeo...(476 more)>: starting process
INFO:sh.command:<Command '/usr/bin/git remote ...(2 more)' call_args {'bg': False, 'timeo...(476 more)>: starting process
INFO:requests.packages.urllib3.connectionpool:Starting new HTTPS connection (1): coveralls.io
INFO:coveralls:200
INFO:coveralls:{"message":"Job #811.1","url":"https://coveralls.io/jobs/9806817"}
travis_time:end:2273b545:start=1447861493840764990,finish=1447861496377033766,duration=2536268776[0Ktravis_fold:end:after_failure[0K
Done. Your build exited with 1.
