Using worker: worker-linux-docker-fac75003.prod.travis-ci.org:travis-linux-1

travis_fold:start:system_info[0K[33;1mBuild system information[0m
Build language: python
Build group: stable
Build dist: precise
[34m[1mBuild image provisioning date and time[0m
Thu Feb  5 15:09:33 UTC 2015
[34m[1mOperating System Details[0m
Distributor ID:	Ubuntu
Description:	Ubuntu 12.04.5 LTS
Release:	12.04
Codename:	precise
[34m[1mLinux Version[0m
3.13.0-29-generic
[34m[1mCookbooks Version[0m
a68419e https://github.com/travis-ci/travis-cookbooks/tree/a68419e
[34m[1mGCC version[0m
gcc (Ubuntu/Linaro 4.6.3-1ubuntu5) 4.6.3
Copyright (C) 2011 Free Software Foundation, Inc.
This is free software; see the source for copying conditions.  There is NO
warranty; not even for MERCHANTABILITY or FITNESS FOR A PARTICULAR PURPOSE.

[34m[1mLLVM version[0m
clang version 3.4 (tags/RELEASE_34/final)
Target: x86_64-unknown-linux-gnu
Thread model: posix
[34m[1mPre-installed Ruby versions[0m
ruby-1.9.3-p551
[34m[1mPre-installed Node.js versions[0m
v0.10.36
[34m[1mPre-installed Go versions[0m
1.4.1
[34m[1mRedis version[0m
redis-server 2.8.19
[34m[1mriak version[0m
2.0.2
[34m[1mMongoDB version[0m
MongoDB 2.4.12
[34m[1mCouchDB version[0m
couchdb 1.6.1
[34m[1mNeo4j version[0m
1.9.4
[34m[1mRabbitMQ Version[0m
3.4.3
[34m[1mElasticSearch version[0m
1.4.0
[34m[1mInstalled Sphinx versions[0m
2.0.10
2.1.9
2.2.6
[34m[1mDefault Sphinx version[0m
2.2.6
[34m[1mInstalled Firefox version[0m
firefox 31.0esr
[34m[1mPhantomJS version[0m
1.9.8
[34m[1mant -version[0m
Apache Ant(TM) version 1.8.2 compiled on December 3 2011
[34m[1mmvn -version[0m
Apache Maven 3.2.5 (12a6b3acb947671f09b81f49094c53f426d8cea1; 2014-12-14T17:29:23+00:00)
Maven home: /usr/local/maven
Java version: 1.7.0_76, vendor: Oracle Corporation
Java home: /usr/lib/jvm/java-7-oracle/jre
Default locale: en_US, platform encoding: ANSI_X3.4-1968
OS name: "linux", version: "3.13.0-29-generic", arch: "amd64", family: "unix"
travis_fold:end:system_info[0K
travis_fold:start:git.checkout[0Ktravis_time:start:01f836ee[0K$ git clone --depth=50 --branch=develop https://github.com/openaid-IATI/OIPA.git openaid-IATI/OIPA
Cloning into 'openaid-IATI/OIPA'...
remote: Counting objects: 1613, done.[K
remote: Compressing objects:   0% (1/1110)   [Kremote: Compressing objects:   1% (12/1110)   [Kremote: Compressing objects:   2% (23/1110)   [Kremote: Compressing objects:   3% (34/1110)   [Kremote: Compressing objects:   4% (45/1110)   [Kremote: Compressing objects:   5% (56/1110)   [Kremote: Compressing objects:   6% (67/1110)   [Kremote: Compressing objects:   7% (78/1110)   [Kremote: Compressing objects:   8% (89/1110)   [Kremote: Compressing objects:   9% (100/1110)   [Kremote: Compressing objects:  10% (111/1110)   [Kremote: Compressing objects:  11% (123/1110)   [Kremote: Compressing objects:  12% (134/1110)   [Kremote: Compressing objects:  13% (145/1110)   [Kremote: Compressing objects:  14% (156/1110)   [Kremote: Compressing objects:  15% (167/1110)   [Kremote: Compressing objects:  16% (178/1110)   [Kremote: Compressing objects:  17% (189/1110)   [Kremote: Compressing objects:  18% (200/1110)   [Kremote: Compressing objects:  19% (211/1110)   [Kremote: Compressing objects:  20% (222/1110)   [Kremote: Compressing objects:  21% (234/1110)   [Kremote: Compressing objects:  22% (245/1110)   [Kremote: Compressing objects:  23% (256/1110)   [Kremote: Compressing objects:  24% (267/1110)   [Kremote: Compressing objects:  25% (278/1110)   [Kremote: Compressing objects:  26% (289/1110)   [Kremote: Compressing objects:  27% (300/1110)   [Kremote: Compressing objects:  28% (311/1110)   [Kremote: Compressing objects:  29% (322/1110)   [Kremote: Compressing objects:  30% (333/1110)   [Kremote: Compressing objects:  31% (345/1110)   [Kremote: Compressing objects:  32% (356/1110)   [Kremote: Compressing objects:  33% (367/1110)   [Kremote: Compressing objects:  34% (378/1110)   [Kremote: Compressing objects:  35% (389/1110)   [Kremote: Compressing objects:  36% (400/1110)   [Kremote: Compressing objects:  37% (411/1110)   [Kremote: Compressing objects:  38% (422/1110)   [Kremote: Compressing objects:  39% (433/1110)   [Kremote: Compressing objects:  40% (444/1110)   [Kremote: Compressing objects:  41% (456/1110)   [Kremote: Compressing objects:  42% (467/1110)   [Kremote: Compressing objects:  43% (478/1110)   [Kremote: Compressing objects:  44% (489/1110)   [Kremote: Compressing objects:  45% (500/1110)   [Kremote: Compressing objects:  46% (511/1110)   [Kremote: Compressing objects:  47% (522/1110)   [Kremote: Compressing objects:  48% (533/1110)   [Kremote: Compressing objects:  49% (544/1110)   [Kremote: Compressing objects:  50% (555/1110)   [Kremote: Compressing objects:  51% (567/1110)   [Kremote: Compressing objects:  52% (578/1110)   [Kremote: Compressing objects:  53% (589/1110)   [Kremote: Compressing objects:  54% (600/1110)   [Kremote: Compressing objects:  55% (611/1110)   [Kremote: Compressing objects:  56% (622/1110)   [Kremote: Compressing objects:  57% (633/1110)   [Kremote: Compressing objects:  58% (644/1110)   [Kremote: Compressing objects:  59% (655/1110)   [Kremote: Compressing objects:  60% (666/1110)   [Kremote: Compressing objects:  61% (678/1110)   [Kremote: Compressing objects:  62% (689/1110)   [Kremote: Compressing objects:  63% (700/1110)   [Kremote: Compressing objects:  64% (711/1110)   [Kremote: Compressing objects:  65% (722/1110)   [Kremote: Compressing objects:  66% (733/1110)   [Kremote: Compressing objects:  67% (744/1110)   [Kremote: Compressing objects:  68% (755/1110)   [Kremote: Compressing objects:  69% (766/1110)   [Kremote: Compressing objects:  70% (777/1110)   [Kremote: Compressing objects:  71% (789/1110)   [Kremote: Compressing objects:  72% (800/1110)   [Kremote: Compressing objects:  73% (811/1110)   [Kremote: Compressing objects:  74% (822/1110)   [Kremote: Compressing objects:  75% (833/1110)   [Kremote: Compressing objects:  76% (844/1110)   [Kremote: Compressing objects:  77% (855/1110)   [Kremote: Compressing objects:  78% (866/1110)   [Kremote: Compressing objects:  79% (877/1110)   [Kremote: Compressing objects:  80% (888/1110)   [Kremote: Compressing objects:  81% (900/1110)   [Kremote: Compressing objects:  82% (911/1110)   [Kremote: Compressing objects:  83% (922/1110)   [Kremote: Compressing objects:  84% (933/1110)   [Kremote: Compressing objects:  85% (944/1110)   [Kremote: Compressing objects:  86% (955/1110)   [Kremote: Compressing objects:  87% (966/1110)   [Kremote: Compressing objects:  88% (977/1110)   [Kremote: Compressing objects:  89% (988/1110)   [Kremote: Compressing objects:  90% (999/1110)   [Kremote: Compressing objects:  91% (1011/1110)   [Kremote: Compressing objects:  92% (1022/1110)   [Kremote: Compressing objects:  93% (1033/1110)   [Kremote: Compressing objects:  94% (1044/1110)   [Kremote: Compressing objects:  95% (1055/1110)   [Kremote: Compressing objects:  96% (1066/1110)   [Kremote: Compressing objects:  97% (1077/1110)   [Kremote: Compressing objects:  98% (1088/1110)   [Kremote: Compressing objects:  99% (1099/1110)   [Kremote: Compressing objects: 100% (1110/1110)   [Kremote: Compressing objects: 100% (1110/1110), done.[K
Receiving objects:   0% (1/1613)   Receiving objects:   1% (17/1613)   Receiving objects:   2% (33/1613)   Receiving objects:   3% (49/1613)   Receiving objects:   4% (65/1613)   Receiving objects:   5% (81/1613)   Receiving objects:   6% (97/1613)   Receiving objects:   7% (113/1613)   Receiving objects:   8% (130/1613)   Receiving objects:   9% (146/1613)   Receiving objects:  10% (162/1613)   Receiving objects:  11% (178/1613)   Receiving objects:  12% (194/1613)   Receiving objects:  13% (210/1613)   Receiving objects:  14% (226/1613), 12.88 MiB | 25.70 MiB/s   Receiving objects:  15% (242/1613), 12.88 MiB | 25.70 MiB/s   Receiving objects:  16% (259/1613), 12.88 MiB | 25.70 MiB/s   Receiving objects:  17% (275/1613), 12.88 MiB | 25.70 MiB/s   Receiving objects:  18% (291/1613), 12.88 MiB | 25.70 MiB/s   Receiving objects:  19% (307/1613), 12.88 MiB | 25.70 MiB/s   Receiving objects:  20% (323/1613), 12.88 MiB | 25.70 MiB/s   Receiving objects:  21% (339/1613), 12.88 MiB | 25.70 MiB/s   Receiving objects:  22% (355/1613), 12.88 MiB | 25.70 MiB/s   Receiving objects:  23% (371/1613), 12.88 MiB | 25.70 MiB/s   Receiving objects:  24% (388/1613), 12.88 MiB | 25.70 MiB/s   Receiving objects:  25% (404/1613), 12.88 MiB | 25.70 MiB/s   Receiving objects:  26% (420/1613), 12.88 MiB | 25.70 MiB/s   Receiving objects:  27% (436/1613), 12.88 MiB | 25.70 MiB/s   Receiving objects:  28% (452/1613), 12.88 MiB | 25.70 MiB/s   Receiving objects:  29% (468/1613), 12.88 MiB | 25.70 MiB/s   Receiving objects:  30% (484/1613), 12.88 MiB | 25.70 MiB/s   Receiving objects:  31% (501/1613), 12.88 MiB | 25.70 MiB/s   Receiving objects:  32% (517/1613), 12.88 MiB | 25.70 MiB/s   Receiving objects:  33% (533/1613), 12.88 MiB | 25.70 MiB/s   Receiving objects:  34% (549/1613), 12.88 MiB | 25.70 MiB/s   Receiving objects:  35% (565/1613), 12.88 MiB | 25.70 MiB/s   Receiving objects:  36% (581/1613), 12.88 MiB | 25.70 MiB/s   Receiving objects:  37% (597/1613), 12.88 MiB | 25.70 MiB/s   Receiving objects:  38% (613/1613), 12.88 MiB | 25.70 MiB/s   Receiving objects:  39% (630/1613), 12.88 MiB | 25.70 MiB/s   Receiving objects:  40% (646/1613), 12.88 MiB | 25.70 MiB/s   Receiving objects:  41% (662/1613), 12.88 MiB | 25.70 MiB/s   Receiving objects:  42% (678/1613), 12.88 MiB | 25.70 MiB/s   Receiving objects:  43% (694/1613), 12.88 MiB | 25.70 MiB/s   Receiving objects:  44% (710/1613), 12.88 MiB | 25.70 MiB/s   Receiving objects:  45% (726/1613), 12.88 MiB | 25.70 MiB/s   Receiving objects:  46% (742/1613), 12.88 MiB | 25.70 MiB/s   Receiving objects:  47% (759/1613), 12.88 MiB | 25.70 MiB/s   Receiving objects:  48% (775/1613), 12.88 MiB | 25.70 MiB/s   Receiving objects:  49% (791/1613), 12.88 MiB | 25.70 MiB/s   Receiving objects:  50% (807/1613), 12.88 MiB | 25.70 MiB/s   Receiving objects:  51% (823/1613), 12.88 MiB | 25.70 MiB/s   Receiving objects:  52% (839/1613), 12.88 MiB | 25.70 MiB/s   Receiving objects:  53% (855/1613), 12.88 MiB | 25.70 MiB/s   Receiving objects:  54% (872/1613), 12.88 MiB | 25.70 MiB/s   Receiving objects:  55% (888/1613), 12.88 MiB | 25.70 MiB/s   Receiving objects:  56% (904/1613), 12.88 MiB | 25.70 MiB/s   Receiving objects:  57% (920/1613), 12.88 MiB | 25.70 MiB/s   Receiving objects:  58% (936/1613), 12.88 MiB | 25.70 MiB/s   Receiving objects:  59% (952/1613), 12.88 MiB | 25.70 MiB/s   Receiving objects:  60% (968/1613), 12.88 MiB | 25.70 MiB/s   Receiving objects:  61% (984/1613), 12.88 MiB | 25.70 MiB/s   Receiving objects:  62% (1001/1613), 12.88 MiB | 25.70 MiB/s   Receiving objects:  63% (1017/1613), 12.88 MiB | 25.70 MiB/s   Receiving objects:  64% (1033/1613), 12.88 MiB | 25.70 MiB/s   Receiving objects:  65% (1049/1613), 12.88 MiB | 25.70 MiB/s   Receiving objects:  66% (1065/1613), 12.88 MiB | 25.70 MiB/s   Receiving objects:  67% (1081/1613), 12.88 MiB | 25.70 MiB/s   Receiving objects:  68% (1097/1613), 12.88 MiB | 25.70 MiB/s   Receiving objects:  69% (1113/1613), 12.88 MiB | 25.70 MiB/s   Receiving objects:  70% (1130/1613), 12.88 MiB | 25.70 MiB/s   Receiving objects:  71% (1146/1613), 12.88 MiB | 25.70 MiB/s   Receiving objects:  72% (1162/1613), 12.88 MiB | 25.70 MiB/s   Receiving objects:  73% (1178/1613), 12.88 MiB | 25.70 MiB/s   Receiving objects:  74% (1194/1613), 12.88 MiB | 25.70 MiB/s   Receiving objects:  75% (1210/1613), 12.88 MiB | 25.70 MiB/s   Receiving objects:  76% (1226/1613), 12.88 MiB | 25.70 MiB/s   Receiving objects:  77% (1243/1613), 12.88 MiB | 25.70 MiB/s   Receiving objects:  78% (1259/1613), 12.88 MiB | 25.70 MiB/s   Receiving objects:  79% (1275/1613), 12.88 MiB | 25.70 MiB/s   Receiving objects:  80% (1291/1613), 12.88 MiB | 25.70 MiB/s   Receiving objects:  81% (1307/1613), 12.88 MiB | 25.70 MiB/s   Receiving objects:  82% (1323/1613), 12.88 MiB | 25.70 MiB/s   Receiving objects:  83% (1339/1613), 12.88 MiB | 25.70 MiB/s   Receiving objects:  84% (1355/1613), 12.88 MiB | 25.70 MiB/s   Receiving objects:  85% (1372/1613), 12.88 MiB | 25.70 MiB/s   Receiving objects:  86% (1388/1613), 12.88 MiB | 25.70 MiB/s   Receiving objects:  87% (1404/1613), 12.88 MiB | 25.70 MiB/s   Receiving objects:  88% (1420/1613), 12.88 MiB | 25.70 MiB/s   Receiving objects:  89% (1436/1613), 12.88 MiB | 25.70 MiB/s   Receiving objects:  90% (1452/1613), 12.88 MiB | 25.70 MiB/s   Receiving objects:  90% (1465/1613), 24.04 MiB | 23.98 MiB/s   remote: Total 1613 (delta 631), reused 1238 (delta 436), pack-reused 0[K
Receiving objects:  91% (1468/1613), 24.04 MiB | 23.98 MiB/s   Receiving objects:  92% (1484/1613), 24.04 MiB | 23.98 MiB/s   Receiving objects:  93% (1501/1613), 24.04 MiB | 23.98 MiB/s   Receiving objects:  94% (1517/1613), 24.04 MiB | 23.98 MiB/s   Receiving objects:  95% (1533/1613), 24.04 MiB | 23.98 MiB/s   Receiving objects:  96% (1549/1613), 24.04 MiB | 23.98 MiB/s   Receiving objects:  97% (1565/1613), 24.04 MiB | 23.98 MiB/s   Receiving objects:  98% (1581/1613), 24.04 MiB | 23.98 MiB/s   Receiving objects:  99% (1597/1613), 24.04 MiB | 23.98 MiB/s   Receiving objects: 100% (1613/1613), 24.04 MiB | 23.98 MiB/s   Receiving objects: 100% (1613/1613), 24.54 MiB | 23.98 MiB/s, done.
Resolving deltas:   0% (0/631)   Resolving deltas:   1% (10/631)   Resolving deltas:   3% (23/631)   Resolving deltas:   5% (36/631)   Resolving deltas:   7% (45/631)   Resolving deltas:   8% (51/631)   Resolving deltas:  12% (79/631)   Resolving deltas:  15% (96/631)   Resolving deltas:  16% (101/631)   Resolving deltas:  19% (122/631)   Resolving deltas:  20% (131/631)   Resolving deltas:  22% (139/631)   Resolving deltas:  23% (146/631)   Resolving deltas:  24% (153/631)   Resolving deltas:  25% (158/631)   Resolving deltas:  26% (166/631)   Resolving deltas:  27% (171/631)   Resolving deltas:  28% (177/631)   Resolving deltas:  29% (185/631)   Resolving deltas:  30% (193/631)   Resolving deltas:  32% (202/631)   Resolving deltas:  34% (220/631)   Resolving deltas:  35% (222/631)   Resolving deltas:  36% (232/631)   Resolving deltas:  37% (236/631)   Resolving deltas:  38% (243/631)   Resolving deltas:  39% (251/631)   Resolving deltas:  40% (256/631)   Resolving deltas:  41% (265/631)   Resolving deltas:  42% (267/631)   Resolving deltas:  44% (280/631)   Resolving deltas:  45% (285/631)   Resolving deltas:  46% (291/631)   Resolving deltas:  47% (297/631)   Resolving deltas:  48% (306/631)   Resolving deltas:  49% (310/631)   Resolving deltas:  50% (316/631)   Resolving deltas:  51% (324/631)   Resolving deltas:  52% (329/631)   Resolving deltas:  53% (337/631)   Resolving deltas:  54% (343/631)   Resolving deltas:  55% (348/631)   Resolving deltas:  56% (357/631)   Resolving deltas:  58% (371/631)   Resolving deltas:  59% (375/631)   Resolving deltas:  61% (386/631)   Resolving deltas:  62% (394/631)   Resolving deltas:  63% (398/631)   Resolving deltas:  64% (407/631)   Resolving deltas:  65% (411/631)   Resolving deltas:  66% (417/631)   Resolving deltas:  67% (426/631)   Resolving deltas:  68% (430/631)   Resolving deltas:  69% (437/631)   Resolving deltas:  70% (442/631)   Resolving deltas:  71% (449/631)   Resolving deltas:  72% (457/631)   Resolving deltas:  74% (471/631)   Resolving deltas:  75% (476/631)   Resolving deltas:  76% (480/631)   Resolving deltas:  77% (490/631)   Resolving deltas:  78% (495/631)   Resolving deltas:  80% (509/631)   Resolving deltas:  81% (513/631)   Resolving deltas:  82% (520/631)   Resolving deltas:  83% (524/631)   Resolving deltas:  84% (531/631)   Resolving deltas:  90% (573/631)   Resolving deltas:  97% (613/631)   Resolving deltas:  98% (620/631)   Resolving deltas:  99% (625/631)   Resolving deltas: 100% (631/631)   Resolving deltas: 100% (631/631), done.
Checking connectivity... done.
travis_time:end:01f836ee:start=1448618266198641709,finish=1448618270435747184,duration=4237105475[0K$ cd openaid-IATI/OIPA
$ git checkout -qf 91e3d3fadf32444490b68d3a83f007520a68bba1
travis_fold:end:git.checkout[0Ktravis_fold:start:services[0Ktravis_time:start:22d8a5d7[0K$ sudo service elasticsearch start
 * Starting Elasticsearch Server       [80G /etc/init.d/elasticsearch: 153: ulimit: error setting limit (Operation not permitted)
error: permission denied on key 'vm.max_map_count'
[74G[ OK ]
travis_time:end:22d8a5d7:start=1448618270921965758,finish=1448618270961561748,duration=39595990[0Ktravis_fold:end:services[0Ktravis_fold:start:postgresql[0K[33;1mStarting PostgreSQL v9.4[0m
travis_time:start:19c93920[0K$ sudo service postgresql stop
 * Stopping PostgreSQL 9.1 database server       [80G [74G[ OK ]
 * Stopping PostgreSQL 9.2 database server       [80G [74G[ OK ]
 * Stopping PostgreSQL 9.3 database server       [80G [74G[ OK ]
 * Stopping PostgreSQL 9.4 database server       [80G [74G[ OK ]
travis_time:end:19c93920:start=1448618273967066272,finish=1448618275352552082,duration=1385485810[0Ktravis_time:start:00c442cd[0K$ sudo service postgresql start 9.4
 * Starting PostgreSQL 9.4 database server       [80G [74G[ OK ]
travis_time:end:00c442cd:start=1448618275362825377,finish=1448618277673632602,duration=2310807225[0Ktravis_time:start:042afb4c[0K$ sudo -u postgres createuser -s -p 5432 travis &>/dev/null
travis_time:end:042afb4c:start=1448618277677342512,finish=1448618277734309584,duration=56967072[0Ktravis_time:start:06e2df81[0K$ sudo -u postgres createdb -O travis -p 5432 travis &>/dev/null
travis_time:end:06e2df81:start=1448618277738223930,finish=1448618278002093333,duration=263869403[0Ktravis_time:start:0118bd56[0K$ sudo -u postgres createuser -s -p 5433 travis &>/dev/null
travis_time:end:0118bd56:start=1448618278005517373,finish=1448618278045156640,duration=39639267[0Ktravis_time:start:008f9f64[0K$ sudo -u postgres createdb -O travis -p 5433 travis &>/dev/null
travis_time:end:008f9f64:start=1448618278048956059,finish=1448618278088055990,duration=39099931[0Ktravis_fold:end:postgresql[0K
[33;1mThis job is running on container-based infrastructure, which does not allow use of 'sudo', setuid and setguid executables.[0m
[33;1mIf you require sudo, add 'sudo: required' to your .travis.yml[0m
[33;1mSee http://docs.travis-ci.com/user/workers/container-based-infrastructure/ for details.[0m
travis_fold:start:cache.1[0KSetting up build cache
$ export CASHER_DIR=$HOME/.casher
travis_time:start:2e5c2094[0K$ Installing caching utilities
travis_time:end:2e5c2094:start=1448618281320764768,finish=1448618281354689999,duration=33925231[0Ktravis_time:start:1288a90a[0Ktravis_time:end:1288a90a:start=1448618281359138345,finish=1448618281362663684,duration=3525339[0Ktravis_time:start:22f5e580[0Kattempting to download cache archive
fetching develop/cache--python-2.7.tgz
found cache
travis_time:end:22f5e580:start=1448618281366772710,finish=1448618282484471632,duration=1117698922[0Ktravis_time:start:08ccc9f7[0Ktravis_time:end:08ccc9f7:start=1448618282488171900,finish=1448618282491302755,duration=3130855[0Ktravis_time:start:15805920[0Kadding /home/travis/.cache/pip to cache
travis_time:end:15805920:start=1448618282494878204,finish=1448618283857480119,duration=1362601915[0Ktravis_fold:end:cache.1[0Ktravis_time:start:0aa54108[0K$ source ~/virtualenv/python2.7/bin/activate
travis_time:end:0aa54108:start=1448618283861465305,finish=1448618283865439496,duration=3974191[0K$ python --version
Python 2.7.9
$ pip --version
pip 6.0.7 from /home/travis/virtualenv/python2.7.9/lib/python2.7/site-packages (python 2.7)
travis_fold:start:install.1[0Ktravis_time:start:0a9fc387[0K$ pip install -r OIPA/requirements.txt
[33mYou are using pip version 6.0.7, however version 7.1.2 is available.
You should consider upgrading via the 'pip install --upgrade pip' command.[0m
Collecting git+git://github.com/gkuhn1/django-admin-multiupload.git (from -r OIPA/requirements.txt (line 33))
  Cloning git://github.com/gkuhn1/django-admin-multiupload.git to /tmp/pip-cT0fT9-build
Collecting invoke==0.11.1 (from -r OIPA/requirements.txt (line 1))
  Using cached invoke-0.11.1-py2.py3-none-any.whl
Collecting lxml==3.4.4 (from -r OIPA/requirements.txt (line 2))
  Using cached lxml-3.4.4.tar.gz
    /opt/python/2.7.9/lib/python2.7/distutils/dist.py:267: UserWarning: Unknown distribution option: 'bugtrack_url'
      warnings.warn(msg)
    Building lxml version 3.4.4.
    Building without Cython.
    Using build configuration of libxslt 1.1.26
    Building against libxml2/libxslt in the following directory: /usr/lib/x86_64-linux-gnu
Collecting psycopg2==2.6.1 (from -r OIPA/requirements.txt (line 3))
  Using cached psycopg2-2.6.1.tar.gz
Collecting django-debug-toolbar==1.3.2 (from -r OIPA/requirements.txt (line 4))
  Using cached django_debug_toolbar-1.3.2-py2.py3-none-any.whl
Collecting Django==1.8.4 (from -r OIPA/requirements.txt (line 5))
  Using cached Django-1.8.4-py2.py3-none-any.whl
Collecting django-extensions==1.5.6 (from -r OIPA/requirements.txt (line 6))
  Using cached django_extensions-1.5.6-py2.py3-none-any.whl
Collecting python-dateutil==2.2 (from -r OIPA/requirements.txt (line 7))
  Using cached python-dateutil-2.2.tar.gz
Collecting django-test-without-migrations==0.2 (from -r OIPA/requirements.txt (line 8))
  Using cached django_test_without_migrations-0.2-py2.py3-none-any.whl
Collecting defusedxml==0.4.1 (from -r OIPA/requirements.txt (line 9))
  Using cached defusedxml-0.4.1.tar.gz
Collecting contexttimer==0.3.0 (from -r OIPA/requirements.txt (line 10))
  Using cached contexttimer-0.3.0.tar.gz
Collecting mechanize==0.2.5 (from -r OIPA/requirements.txt (line 11))
  Using cached mechanize-0.2.5.tar.gz
Collecting django-suit==0.2.14 (from -r OIPA/requirements.txt (line 12))
  Using cached django-suit-0.2.14.tar.gz
Collecting objgraph==1.8.1 (from -r OIPA/requirements.txt (line 13))
  Using cached objgraph-1.8.1.tar.gz
Collecting guppy==0.1.10 (from -r OIPA/requirements.txt (line 14))
  Using cached guppy-0.1.10.tar.gz
Collecting ujson==1.33 (from -r OIPA/requirements.txt (line 15))
  Using cached ujson-1.33.zip
Collecting redis==2.10.3 (from -r OIPA/requirements.txt (line 16))
  Using cached redis-2.10.3.tar.gz
Collecting rq==0.4.6 (from -r OIPA/requirements.txt (line 17))
  Using cached rq-0.4.6-py2.py3-none-any.whl
Collecting rq-scheduler==0.5.0 (from -r OIPA/requirements.txt (line 18))
  Using cached rq-scheduler-0.5.0.tar.gz
Collecting django-rq==0.7.0 (from -r OIPA/requirements.txt (line 19))
  Using cached django-rq-0.7.0.tar.gz
Collecting supervisor==3.1.3 (from -r OIPA/requirements.txt (line 20))
  Using cached supervisor-3.1.3.tar.gz
Collecting django-supervisor==0.3.2 (from -r OIPA/requirements.txt (line 21))
  Using cached django-supervisor-0.3.2.tar.gz
Collecting djangorestframework==3.2.3 (from -r OIPA/requirements.txt (line 22))
  Using cached djangorestframework-3.2.3-py2.py3-none-any.whl
Collecting django-cors-headers==0.11 (from -r OIPA/requirements.txt (line 23))
  Using cached django-cors-headers-0.11.tar.gz
Collecting django-filter==0.11.0 (from -r OIPA/requirements.txt (line 24))
  Using cached django_filter-0.11.0-py2.py3-none-any.whl
Collecting markdown==2.6.2 (from -r OIPA/requirements.txt (line 25))
  Using cached Markdown-2.6.2-py2.py3-none-any.whl
Collecting django-otp==0.3.1 (from -r OIPA/requirements.txt (line 26))
  Using cached django-otp-0.3.1.tar.gz
Collecting django-otp-yubikey==0.3.1 (from -r OIPA/requirements.txt (line 27))
  Using cached django-otp-yubikey-0.3.1.tar.gz
Collecting django-two-factor-auth==1.2.0 (from -r OIPA/requirements.txt (line 28))
  Using cached django_two_factor_auth-1.2.0-py2.py3-none-any.whl
Collecting django-formtools==1.0 (from -r OIPA/requirements.txt (line 29))
  Using cached django_formtools-1.0-py2.py3-none-any.whl
Collecting django-haystack==2.4.0 (from -r OIPA/requirements.txt (line 30))
  Using cached django-haystack-2.4.0.tar.gz
Collecting elasticsearch==1.7.0 (from -r OIPA/requirements.txt (line 31))
  Using cached elasticsearch-1.7.0-py2.py3-none-any.whl
Collecting django-nested-inline==0.3.5 (from -r OIPA/requirements.txt (line 32))
  Using cached django-nested-inline-0.3.5.tar.gz
Collecting django-grappelli==2.7.2 (from -r OIPA/requirements.txt (line 34))
  Using cached django-grappelli-2.7.2.tar.gz
Collecting sqlparse (from django-debug-toolbar==1.3.2->-r OIPA/requirements.txt (line 4))
  Using cached sqlparse-0.1.18.tar.gz
Collecting six>=1.2 (from django-extensions==1.5.6->-r OIPA/requirements.txt (line 6))
  Using cached six-1.10.0-py2.py3-none-any.whl
Collecting meld3>=0.6.5 (from supervisor==3.1.3->-r OIPA/requirements.txt (line 20))
  Using cached meld3-1.0.2-py2.py3-none-any.whl
Collecting watchdog (from django-supervisor==0.3.2->-r OIPA/requirements.txt (line 21))
  Using cached watchdog-0.8.3.tar.gz
Collecting YubiOTP>=0.2.1 (from django-otp-yubikey==0.3.1->-r OIPA/requirements.txt (line 27))
  Using cached YubiOTP-0.2.1-py2.py3-none-any.whl
Collecting qrcode<4.99,>=4.0.0 (from django-two-factor-auth==1.2.0->-r OIPA/requirements.txt (line 28))
  Using cached qrcode-4.0.4.tar.gz
Collecting urllib3<2.0,>=1.8 (from elasticsearch==1.7.0->-r OIPA/requirements.txt (line 31))
  Using cached urllib3-1.12-py2.py3-none-any.whl
Collecting PyYAML>=3.10 (from watchdog->django-supervisor==0.3.2->-r OIPA/requirements.txt (line 21))
  Using cached PyYAML-3.11.tar.gz
Collecting argh>=0.24.1 (from watchdog->django-supervisor==0.3.2->-r OIPA/requirements.txt (line 21))
  Using cached argh-0.26.1.tar.gz
Collecting pathtools>=0.1.1 (from watchdog->django-supervisor==0.3.2->-r OIPA/requirements.txt (line 21))
  Using cached pathtools-0.1.2.tar.gz
Collecting pycrypto (from YubiOTP>=0.2.1->django-otp-yubikey==0.3.1->-r OIPA/requirements.txt (line 27))
  Using cached pycrypto-2.6.1.tar.gz
Installing collected packages: pycrypto, pathtools, argh, PyYAML, urllib3, qrcode, YubiOTP, watchdog, meld3, six, sqlparse, admin-multiupload, django-grappelli, django-nested-inline, elasticsearch, django-haystack, django-formtools, django-two-factor-auth, django-otp-yubikey, django-otp, markdown, django-filter, django-cors-headers, djangorestframework, django-supervisor, supervisor, django-rq, rq-scheduler, rq, redis, ujson, guppy, objgraph, django-suit, mechanize, contexttimer, defusedxml, django-test-without-migrations, python-dateutil, django-extensions, Django, django-debug-toolbar, psycopg2, lxml, invoke
  Running setup.py install for pycrypto
    checking for gcc... gcc
    checking whether the C compiler works... yes
    checking for C compiler default output file name... a.out
    checking for suffix of executables...
    checking whether we are cross compiling... no
    checking for suffix of object files... o
    checking whether we are using the GNU C compiler... yes
    checking whether gcc accepts -g... yes
    checking for gcc option to accept ISO C89... none needed
    checking for __gmpz_init in -lgmp... no
    checking for __gmpz_init in -lmpir... no
    checking whether mpz_powm is declared... no
    checking whether mpz_powm_sec is declared... no
    checking how to run the C preprocessor... gcc -E
    checking for grep that handles long lines and -e... /bin/grep
    checking for egrep... /bin/grep -E
    checking for ANSI C header files... yes
    checking for sys/types.h... yes
    checking for sys/stat.h... yes
    checking for stdlib.h... yes
    checking for string.h... yes
    checking for memory.h... yes
    checking for strings.h... yes
    checking for inttypes.h... yes
    checking for stdint.h... yes
    checking for unistd.h... yes
    checking for inttypes.h... (cached) yes
    checking limits.h usability... yes
    checking limits.h presence... yes
    checking for limits.h... yes
    checking stddef.h usability... yes
    checking stddef.h presence... yes
    checking for stddef.h... yes
    checking for stdint.h... (cached) yes
    checking for stdlib.h... (cached) yes
    checking for string.h... (cached) yes
    checking wchar.h usability... yes
    checking wchar.h presence... yes
    checking for wchar.h... yes
    checking for inline... inline
    checking for int16_t... yes
    checking for int32_t... yes
    checking for int64_t... yes
    checking for int8_t... yes
    checking for size_t... yes
    checking for uint16_t... yes
    checking for uint32_t... yes
    checking for uint64_t... yes
    checking for uint8_t... yes
    checking for stdlib.h... (cached) yes
    checking for GNU libc compatible malloc... yes
    checking for memmove... yes
    checking for memset... yes
    configure: creating ./config.status
    config.status: creating src/config.h
    warning: GMP or MPIR library not found; Not building Crypto.PublicKey._fastmath.
    building 'Crypto.Hash._MD2' extension
    gcc -pthread -fno-strict-aliasing -fstack-protector --param=ssp-buffer-size=4 -Wformat -Werror=format-security -fwrapv -Wall -Wstrict-prototypes -fPIC -std=c99 -O3 -fomit-frame-pointer -Isrc/ -I/opt/python/2.7.9/include/python2.7 -c src/MD2.c -o build/temp.linux-x86_64-2.7/src/MD2.o
    gcc -pthread -shared -L/opt/python/2.7.9/lib -Wl,-rpath=/opt/python/2.7.9/lib build/temp.linux-x86_64-2.7/src/MD2.o -L/opt/python/2.7.9/lib -lpython2.7 -o build/lib.linux-x86_64-2.7/Crypto/Hash/_MD2.so
    building 'Crypto.Hash._MD4' extension
    gcc -pthread -fno-strict-aliasing -fstack-protector --param=ssp-buffer-size=4 -Wformat -Werror=format-security -fwrapv -Wall -Wstrict-prototypes -fPIC -std=c99 -O3 -fomit-frame-pointer -Isrc/ -I/opt/python/2.7.9/include/python2.7 -c src/MD4.c -o build/temp.linux-x86_64-2.7/src/MD4.o
    gcc -pthread -shared -L/opt/python/2.7.9/lib -Wl,-rpath=/opt/python/2.7.9/lib build/temp.linux-x86_64-2.7/src/MD4.o -L/opt/python/2.7.9/lib -lpython2.7 -o build/lib.linux-x86_64-2.7/Crypto/Hash/_MD4.so
    building 'Crypto.Hash._SHA256' extension
    gcc -pthread -fno-strict-aliasing -fstack-protector --param=ssp-buffer-size=4 -Wformat -Werror=format-security -fwrapv -Wall -Wstrict-prototypes -fPIC -std=c99 -O3 -fomit-frame-pointer -Isrc/ -I/opt/python/2.7.9/include/python2.7 -c src/SHA256.c -o build/temp.linux-x86_64-2.7/src/SHA256.o
    gcc -pthread -shared -L/opt/python/2.7.9/lib -Wl,-rpath=/opt/python/2.7.9/lib build/temp.linux-x86_64-2.7/src/SHA256.o -L/opt/python/2.7.9/lib -lpython2.7 -o build/lib.linux-x86_64-2.7/Crypto/Hash/_SHA256.so
    building 'Crypto.Hash._SHA224' extension
    gcc -pthread -fno-strict-aliasing -fstack-protector --param=ssp-buffer-size=4 -Wformat -Werror=format-security -fwrapv -Wall -Wstrict-prototypes -fPIC -std=c99 -O3 -fomit-frame-pointer -Isrc/ -I/opt/python/2.7.9/include/python2.7 -c src/SHA224.c -o build/temp.linux-x86_64-2.7/src/SHA224.o
    gcc -pthread -shared -L/opt/python/2.7.9/lib -Wl,-rpath=/opt/python/2.7.9/lib build/temp.linux-x86_64-2.7/src/SHA224.o -L/opt/python/2.7.9/lib -lpython2.7 -o build/lib.linux-x86_64-2.7/Crypto/Hash/_SHA224.so
    building 'Crypto.Hash._SHA384' extension
    gcc -pthread -fno-strict-aliasing -fstack-protector --param=ssp-buffer-size=4 -Wformat -Werror=format-security -fwrapv -Wall -Wstrict-prototypes -fPIC -std=c99 -O3 -fomit-frame-pointer -Isrc/ -I/opt/python/2.7.9/include/python2.7 -c src/SHA384.c -o build/temp.linux-x86_64-2.7/src/SHA384.o
    gcc -pthread -shared -L/opt/python/2.7.9/lib -Wl,-rpath=/opt/python/2.7.9/lib build/temp.linux-x86_64-2.7/src/SHA384.o -L/opt/python/2.7.9/lib -lpython2.7 -o build/lib.linux-x86_64-2.7/Crypto/Hash/_SHA384.so
    building 'Crypto.Hash._SHA512' extension
    gcc -pthread -fno-strict-aliasing -fstack-protector --param=ssp-buffer-size=4 -Wformat -Werror=format-security -fwrapv -Wall -Wstrict-prototypes -fPIC -std=c99 -O3 -fomit-frame-pointer -Isrc/ -I/opt/python/2.7.9/include/python2.7 -c src/SHA512.c -o build/temp.linux-x86_64-2.7/src/SHA512.o
    gcc -pthread -shared -L/opt/python/2.7.9/lib -Wl,-rpath=/opt/python/2.7.9/lib build/temp.linux-x86_64-2.7/src/SHA512.o -L/opt/python/2.7.9/lib -lpython2.7 -o build/lib.linux-x86_64-2.7/Crypto/Hash/_SHA512.so
    building 'Crypto.Hash._RIPEMD160' extension
    gcc -pthread -fno-strict-aliasing -fstack-protector --param=ssp-buffer-size=4 -Wformat -Werror=format-security -fwrapv -Wall -Wstrict-prototypes -fPIC -std=c99 -O3 -fomit-frame-pointer -DPCT_LITTLE_ENDIAN=1 -Isrc/ -I/opt/python/2.7.9/include/python2.7 -c src/RIPEMD160.c -o build/temp.linux-x86_64-2.7/src/RIPEMD160.o
    gcc -pthread -shared -L/opt/python/2.7.9/lib -Wl,-rpath=/opt/python/2.7.9/lib build/temp.linux-x86_64-2.7/src/RIPEMD160.o -L/opt/python/2.7.9/lib -lpython2.7 -o build/lib.linux-x86_64-2.7/Crypto/Hash/_RIPEMD160.so
    building 'Crypto.Cipher._AES' extension
    gcc -pthread -fno-strict-aliasing -fstack-protector --param=ssp-buffer-size=4 -Wformat -Werror=format-security -fwrapv -Wall -Wstrict-prototypes -fPIC -std=c99 -O3 -fomit-frame-pointer -Isrc/ -I/opt/python/2.7.9/include/python2.7 -c src/AES.c -o build/temp.linux-x86_64-2.7/src/AES.o
    gcc -pthread -shared -L/opt/python/2.7.9/lib -Wl,-rpath=/opt/python/2.7.9/lib build/temp.linux-x86_64-2.7/src/AES.o -L/opt/python/2.7.9/lib -lpython2.7 -o build/lib.linux-x86_64-2.7/Crypto/Cipher/_AES.so
    building 'Crypto.Cipher._ARC2' extension
    gcc -pthread -fno-strict-aliasing -fstack-protector --param=ssp-buffer-size=4 -Wformat -Werror=format-security -fwrapv -Wall -Wstrict-prototypes -fPIC -std=c99 -O3 -fomit-frame-pointer -Isrc/ -I/opt/python/2.7.9/include/python2.7 -c src/ARC2.c -o build/temp.linux-x86_64-2.7/src/ARC2.o
    gcc -pthread -shared -L/opt/python/2.7.9/lib -Wl,-rpath=/opt/python/2.7.9/lib build/temp.linux-x86_64-2.7/src/ARC2.o -L/opt/python/2.7.9/lib -lpython2.7 -o build/lib.linux-x86_64-2.7/Crypto/Cipher/_ARC2.so
    building 'Crypto.Cipher._Blowfish' extension
    gcc -pthread -fno-strict-aliasing -fstack-protector --param=ssp-buffer-size=4 -Wformat -Werror=format-security -fwrapv -Wall -Wstrict-prototypes -fPIC -std=c99 -O3 -fomit-frame-pointer -Isrc/ -I/opt/python/2.7.9/include/python2.7 -c src/Blowfish.c -o build/temp.linux-x86_64-2.7/src/Blowfish.o
    gcc -pthread -shared -L/opt/python/2.7.9/lib -Wl,-rpath=/opt/python/2.7.9/lib build/temp.linux-x86_64-2.7/src/Blowfish.o -L/opt/python/2.7.9/lib -lpython2.7 -o build/lib.linux-x86_64-2.7/Crypto/Cipher/_Blowfish.so
    building 'Crypto.Cipher._CAST' extension
    gcc -pthread -fno-strict-aliasing -fstack-protector --param=ssp-buffer-size=4 -Wformat -Werror=format-security -fwrapv -Wall -Wstrict-prototypes -fPIC -std=c99 -O3 -fomit-frame-pointer -Isrc/ -I/opt/python/2.7.9/include/python2.7 -c src/CAST.c -o build/temp.linux-x86_64-2.7/src/CAST.o
    gcc -pthread -shared -L/opt/python/2.7.9/lib -Wl,-rpath=/opt/python/2.7.9/lib build/temp.linux-x86_64-2.7/src/CAST.o -L/opt/python/2.7.9/lib -lpython2.7 -o build/lib.linux-x86_64-2.7/Crypto/Cipher/_CAST.so
    building 'Crypto.Cipher._DES' extension
    gcc -pthread -fno-strict-aliasing -fstack-protector --param=ssp-buffer-size=4 -Wformat -Werror=format-security -fwrapv -Wall -Wstrict-prototypes -fPIC -std=c99 -O3 -fomit-frame-pointer -Isrc/ -Isrc/libtom/ -I/opt/python/2.7.9/include/python2.7 -c src/DES.c -o build/temp.linux-x86_64-2.7/src/DES.o
    gcc -pthread -shared -L/opt/python/2.7.9/lib -Wl,-rpath=/opt/python/2.7.9/lib build/temp.linux-x86_64-2.7/src/DES.o -L/opt/python/2.7.9/lib -lpython2.7 -o build/lib.linux-x86_64-2.7/Crypto/Cipher/_DES.so
    building 'Crypto.Cipher._DES3' extension
    gcc -pthread -fno-strict-aliasing -fstack-protector --param=ssp-buffer-size=4 -Wformat -Werror=format-security -fwrapv -Wall -Wstrict-prototypes -fPIC -std=c99 -O3 -fomit-frame-pointer -Isrc/ -Isrc/libtom/ -I/opt/python/2.7.9/include/python2.7 -c src/DES3.c -o build/temp.linux-x86_64-2.7/src/DES3.o
    gcc -pthread -shared -L/opt/python/2.7.9/lib -Wl,-rpath=/opt/python/2.7.9/lib build/temp.linux-x86_64-2.7/src/DES3.o -L/opt/python/2.7.9/lib -lpython2.7 -o build/lib.linux-x86_64-2.7/Crypto/Cipher/_DES3.so
    building 'Crypto.Cipher._ARC4' extension
    gcc -pthread -fno-strict-aliasing -fstack-protector --param=ssp-buffer-size=4 -Wformat -Werror=format-security -fwrapv -Wall -Wstrict-prototypes -fPIC -std=c99 -O3 -fomit-frame-pointer -Isrc/ -I/opt/python/2.7.9/include/python2.7 -c src/ARC4.c -o build/temp.linux-x86_64-2.7/src/ARC4.o
    gcc -pthread -shared -L/opt/python/2.7.9/lib -Wl,-rpath=/opt/python/2.7.9/lib build/temp.linux-x86_64-2.7/src/ARC4.o -L/opt/python/2.7.9/lib -lpython2.7 -o build/lib.linux-x86_64-2.7/Crypto/Cipher/_ARC4.so
    building 'Crypto.Cipher._XOR' extension
    gcc -pthread -fno-strict-aliasing -fstack-protector --param=ssp-buffer-size=4 -Wformat -Werror=format-security -fwrapv -Wall -Wstrict-prototypes -fPIC -std=c99 -O3 -fomit-frame-pointer -Isrc/ -I/opt/python/2.7.9/include/python2.7 -c src/XOR.c -o build/temp.linux-x86_64-2.7/src/XOR.o
    gcc -pthread -shared -L/opt/python/2.7.9/lib -Wl,-rpath=/opt/python/2.7.9/lib build/temp.linux-x86_64-2.7/src/XOR.o -L/opt/python/2.7.9/lib -lpython2.7 -o build/lib.linux-x86_64-2.7/Crypto/Cipher/_XOR.so
    building 'Crypto.Util.strxor' extension
    gcc -pthread -fno-strict-aliasing -fstack-protector --param=ssp-buffer-size=4 -Wformat -Werror=format-security -fwrapv -Wall -Wstrict-prototypes -fPIC -std=c99 -O3 -fomit-frame-pointer -Isrc/ -I/opt/python/2.7.9/include/python2.7 -c src/strxor.c -o build/temp.linux-x86_64-2.7/src/strxor.o
    gcc -pthread -shared -L/opt/python/2.7.9/lib -Wl,-rpath=/opt/python/2.7.9/lib build/temp.linux-x86_64-2.7/src/strxor.o -L/opt/python/2.7.9/lib -lpython2.7 -o build/lib.linux-x86_64-2.7/Crypto/Util/strxor.so
    building 'Crypto.Util._counter' extension
    gcc -pthread -fno-strict-aliasing -fstack-protector --param=ssp-buffer-size=4 -Wformat -Werror=format-security -fwrapv -Wall -Wstrict-prototypes -fPIC -std=c99 -O3 -fomit-frame-pointer -Isrc/ -I/opt/python/2.7.9/include/python2.7 -c src/_counter.c -o build/temp.linux-x86_64-2.7/src/_counter.o
    gcc -pthread -shared -L/opt/python/2.7.9/lib -Wl,-rpath=/opt/python/2.7.9/lib build/temp.linux-x86_64-2.7/src/_counter.o -L/opt/python/2.7.9/lib -lpython2.7 -o build/lib.linux-x86_64-2.7/Crypto/Util/_counter.so
  Running setup.py install for pathtools
  Running setup.py install for argh
  Running setup.py install for PyYAML
    checking if libyaml is compilable
    gcc -pthread -fno-strict-aliasing -g -fstack-protector --param=ssp-buffer-size=4 -Wformat -Werror=format-security -DNDEBUG -g -fwrapv -O3 -Wall -Wstrict-prototypes -fPIC -I/opt/python/2.7.9/include/python2.7 -c build/temp.linux-x86_64-2.7/check_libyaml.c -o build/temp.linux-x86_64-2.7/check_libyaml.o
    checking if libyaml is linkable
    gcc -pthread build/temp.linux-x86_64-2.7/check_libyaml.o -L/opt/python/2.7.9/lib -lyaml -o build/temp.linux-x86_64-2.7/check_libyaml
    building '_yaml' extension
    gcc -pthread -fno-strict-aliasing -g -fstack-protector --param=ssp-buffer-size=4 -Wformat -Werror=format-security -DNDEBUG -g -fwrapv -O3 -Wall -Wstrict-prototypes -fPIC -I/opt/python/2.7.9/include/python2.7 -c ext/_yaml.c -o build/temp.linux-x86_64-2.7/ext/_yaml.o
    In file included from ext/_yaml.c:343:0:
    ext/_yaml.h:6:0: warning: "PyUnicode_FromString" redefined [enabled by default]
    /opt/python/2.7.9/include/python2.7/unicodeobject.h:281:0: note: this is the location of the previous definition
    ext/_yaml.c: In function â€˜__pyx_pf_5_yaml_get_version_stringâ€™:
    ext/_yaml.c:1346:17: warning: assignment discards â€˜constâ€™ qualifier from pointer target type [enabled by default]
    ext/_yaml.c: In function â€˜__pyx_pf_5_yaml_7CParser___init__â€™:
    ext/_yaml.c:2471:5: warning: passing argument 2 of â€˜yaml_parser_set_inputâ€™ from incompatible pointer type [enabled by default]
    /usr/include/yaml.h:1367:1: note: expected â€˜int (*)(void *, unsigned char *, size_t,  size_t *)â€™ but argument is of type â€˜int (*)(void *, char *, int,  int *)â€™
    ext/_yaml.c:2664:5: warning: pointer targets in passing argument 2 of â€˜yaml_parser_set_input_stringâ€™ differ in signedness [-Wpointer-sign]
    /usr/include/yaml.h:1341:1: note: expected â€˜const unsigned char *â€™ but argument is of type â€˜char *â€™
    ext/_yaml.c: In function â€˜__pyx_f_5_yaml_7CParser__token_to_objectâ€™:
    ext/_yaml.c:4183:5: warning: pointer targets in passing argument 1 of â€˜strlenâ€™ differ in signedness [-Wpointer-sign]
    /usr/include/string.h:399:15: note: expected â€˜const char *â€™ but argument is of type â€˜yaml_char_t *â€™
    ext/_yaml.c:4183:5: warning: pointer targets in passing argument 1 of â€˜PyUnicodeUCS4_DecodeUTF8â€™ differ in signedness [-Wpointer-sign]
    /opt/python/2.7.9/include/python2.7/unicodeobject.h:750:23: note: expected â€˜const char *â€™ but argument is of type â€˜yaml_char_t *â€™
    ext/_yaml.c:4195:5: warning: pointer targets in passing argument 1 of â€˜strlenâ€™ differ in signedness [-Wpointer-sign]
    /usr/include/string.h:399:15: note: expected â€˜const char *â€™ but argument is of type â€˜yaml_char_t *â€™
    ext/_yaml.c:4195:5: warning: pointer targets in passing argument 1 of â€˜PyUnicodeUCS4_DecodeUTF8â€™ differ in signedness [-Wpointer-sign]
    /opt/python/2.7.9/include/python2.7/unicodeobject.h:750:23: note: expected â€˜const char *â€™ but argument is of type â€˜yaml_char_t *â€™
    ext/_yaml.c:4741:5: warning: pointer targets in passing argument 1 of â€˜strlenâ€™ differ in signedness [-Wpointer-sign]
    /usr/include/string.h:399:15: note: expected â€˜const char *â€™ but argument is of type â€˜yaml_char_t *â€™
    ext/_yaml.c:4741:5: warning: pointer targets in passing argument 1 of â€˜PyUnicodeUCS4_DecodeUTF8â€™ differ in signedness [-Wpointer-sign]
    /opt/python/2.7.9/include/python2.7/unicodeobject.h:750:23: note: expected â€˜const char *â€™ but argument is of type â€˜yaml_char_t *â€™
    ext/_yaml.c:4792:5: warning: pointer targets in passing argument 1 of â€˜strlenâ€™ differ in signedness [-Wpointer-sign]
    /usr/include/string.h:399:15: note: expected â€˜const char *â€™ but argument is of type â€˜yaml_char_t *â€™
    ext/_yaml.c:4792:5: warning: pointer targets in passing argument 1 of â€˜PyUnicodeUCS4_DecodeUTF8â€™ differ in signedness [-Wpointer-sign]
    /opt/python/2.7.9/include/python2.7/unicodeobject.h:750:23: note: expected â€˜const char *â€™ but argument is of type â€˜yaml_char_t *â€™
    ext/_yaml.c:4843:5: warning: pointer targets in passing argument 1 of â€˜strlenâ€™ differ in signedness [-Wpointer-sign]
    /usr/include/string.h:399:15: note: expected â€˜const char *â€™ but argument is of type â€˜yaml_char_t *â€™
    ext/_yaml.c:4843:5: warning: pointer targets in passing argument 1 of â€˜PyUnicodeUCS4_DecodeUTF8â€™ differ in signedness [-Wpointer-sign]
    /opt/python/2.7.9/include/python2.7/unicodeobject.h:750:23: note: expected â€˜const char *â€™ but argument is of type â€˜yaml_char_t *â€™
    ext/_yaml.c:4855:5: warning: pointer targets in passing argument 1 of â€˜strlenâ€™ differ in signedness [-Wpointer-sign]
    /usr/include/string.h:399:15: note: expected â€˜const char *â€™ but argument is of type â€˜yaml_char_t *â€™
    ext/_yaml.c:4855:5: warning: pointer targets in passing argument 1 of â€˜PyUnicodeUCS4_DecodeUTF8â€™ differ in signedness [-Wpointer-sign]
    /opt/python/2.7.9/include/python2.7/unicodeobject.h:750:23: note: expected â€˜const char *â€™ but argument is of type â€˜yaml_char_t *â€™
    ext/_yaml.c:4938:5: warning: pointer targets in passing argument 1 of â€˜PyUnicodeUCS4_DecodeUTF8â€™ differ in signedness [-Wpointer-sign]
    /opt/python/2.7.9/include/python2.7/unicodeobject.h:750:23: note: expected â€˜const char *â€™ but argument is of type â€˜yaml_char_t *â€™
    ext/_yaml.c: In function â€˜__pyx_f_5_yaml_7CParser__event_to_objectâ€™:
    ext/_yaml.c:6435:9: warning: pointer targets in passing argument 1 of â€˜strlenâ€™ differ in signedness [-Wpointer-sign]
    /usr/include/string.h:399:15: note: expected â€˜const char *â€™ but argument is of type â€˜yaml_char_t *â€™
    ext/_yaml.c:6435:9: warning: pointer targets in passing argument 1 of â€˜PyUnicodeUCS4_DecodeUTF8â€™ differ in signedness [-Wpointer-sign]
    /opt/python/2.7.9/include/python2.7/unicodeobject.h:750:23: note: expected â€˜const char *â€™ but argument is of type â€˜yaml_char_t *â€™
    ext/_yaml.c:6447:9: warning: pointer targets in passing argument 1 of â€˜strlenâ€™ differ in signedness [-Wpointer-sign]
    /usr/include/string.h:399:15: note: expected â€˜const char *â€™ but argument is of type â€˜yaml_char_t *â€™
    ext/_yaml.c:6447:9: warning: pointer targets in passing argument 1 of â€˜PyUnicodeUCS4_DecodeUTF8â€™ differ in signedness [-Wpointer-sign]
    /opt/python/2.7.9/include/python2.7/unicodeobject.h:750:23: note: expected â€˜const char *â€™ but argument is of type â€˜yaml_char_t *â€™
    ext/_yaml.c:6616:5: warning: pointer targets in passing argument 1 of â€˜strlenâ€™ differ in signedness [-Wpointer-sign]
    /usr/include/string.h:399:15: note: expected â€˜const char *â€™ but argument is of type â€˜yaml_char_t *â€™
    ext/_yaml.c:6616:5: warning: pointer targets in passing argument 1 of â€˜PyUnicodeUCS4_DecodeUTF8â€™ differ in signedness [-Wpointer-sign]
    /opt/python/2.7.9/include/python2.7/unicodeobject.h:750:23: note: expected â€˜const char *â€™ but argument is of type â€˜yaml_char_t *â€™
    ext/_yaml.c:6687:7: warning: pointer targets in passing argument 1 of â€˜strlenâ€™ differ in signedness [-Wpointer-sign]
    /usr/include/string.h:399:15: note: expected â€˜const char *â€™ but argument is of type â€˜yaml_char_t *â€™
    ext/_yaml.c:6687:7: warning: pointer targets in passing argument 1 of â€˜PyUnicodeUCS4_DecodeUTF8â€™ differ in signedness [-Wpointer-sign]
    /opt/python/2.7.9/include/python2.7/unicodeobject.h:750:23: note: expected â€˜const char *â€™ but argument is of type â€˜yaml_char_t *â€™
    ext/_yaml.c:6722:7: warning: pointer targets in passing argument 1 of â€˜strlenâ€™ differ in signedness [-Wpointer-sign]
    /usr/include/string.h:399:15: note: expected â€˜const char *â€™ but argument is of type â€˜yaml_char_t *â€™
    ext/_yaml.c:6722:7: warning: pointer targets in passing argument 1 of â€˜PyUnicodeUCS4_DecodeUTF8â€™ differ in signedness [-Wpointer-sign]
    /opt/python/2.7.9/include/python2.7/unicodeobject.h:750:23: note: expected â€˜const char *â€™ but argument is of type â€˜yaml_char_t *â€™
    ext/_yaml.c:6737:5: warning: pointer targets in passing argument 1 of â€˜PyUnicodeUCS4_DecodeUTF8â€™ differ in signedness [-Wpointer-sign]
    /opt/python/2.7.9/include/python2.7/unicodeobject.h:750:23: note: expected â€˜const char *â€™ but argument is of type â€˜yaml_char_t *â€™
    ext/_yaml.c:7031:7: warning: pointer targets in passing argument 1 of â€˜strlenâ€™ differ in signedness [-Wpointer-sign]
    /usr/include/string.h:399:15: note: expected â€˜const char *â€™ but argument is of type â€˜yaml_char_t *â€™
    ext/_yaml.c:7031:7: warning: pointer targets in passing argument 1 of â€˜PyUnicodeUCS4_DecodeUTF8â€™ differ in signedness [-Wpointer-sign]
    /opt/python/2.7.9/include/python2.7/unicodeobject.h:750:23: note: expected â€˜const char *â€™ but argument is of type â€˜yaml_char_t *â€™
    ext/_yaml.c:7066:7: warning: pointer targets in passing argument 1 of â€˜strlenâ€™ differ in signedness [-Wpointer-sign]
    /usr/include/string.h:399:15: note: expected â€˜const char *â€™ but argument is of type â€˜yaml_char_t *â€™
    ext/_yaml.c:7066:7: warning: pointer targets in passing argument 1 of â€˜PyUnicodeUCS4_DecodeUTF8â€™ differ in signedness [-Wpointer-sign]
    /opt/python/2.7.9/include/python2.7/unicodeobject.h:750:23: note: expected â€˜const char *â€™ but argument is of type â€˜yaml_char_t *â€™
    ext/_yaml.c:7253:7: warning: pointer targets in passing argument 1 of â€˜strlenâ€™ differ in signedness [-Wpointer-sign]
    /usr/include/string.h:399:15: note: expected â€˜const char *â€™ but argument is of type â€˜yaml_char_t *â€™
    ext/_yaml.c:7253:7: warning: pointer targets in passing argument 1 of â€˜PyUnicodeUCS4_DecodeUTF8â€™ differ in signedness [-Wpointer-sign]
    /opt/python/2.7.9/include/python2.7/unicodeobject.h:750:23: note: expected â€˜const char *â€™ but argument is of type â€˜yaml_char_t *â€™
    ext/_yaml.c:7288:7: warning: pointer targets in passing argument 1 of â€˜strlenâ€™ differ in signedness [-Wpointer-sign]
    /usr/include/string.h:399:15: note: expected â€˜const char *â€™ but argument is of type â€˜yaml_char_t *â€™
    ext/_yaml.c:7288:7: warning: pointer targets in passing argument 1 of â€˜PyUnicodeUCS4_DecodeUTF8â€™ differ in signedness [-Wpointer-sign]
    /opt/python/2.7.9/include/python2.7/unicodeobject.h:750:23: note: expected â€˜const char *â€™ but argument is of type â€˜yaml_char_t *â€™
    ext/_yaml.c: In function â€˜__pyx_f_5_yaml_7CParser__compose_nodeâ€™:
    ext/_yaml.c:8704:5: warning: pointer targets in passing argument 1 of â€˜strlenâ€™ differ in signedness [-Wpointer-sign]
    /usr/include/string.h:399:15: note: expected â€˜const char *â€™ but argument is of type â€˜yaml_char_t *â€™
    ext/_yaml.c:8704:5: warning: pointer targets in passing argument 1 of â€˜PyUnicodeUCS4_DecodeUTF8â€™ differ in signedness [-Wpointer-sign]
    /opt/python/2.7.9/include/python2.7/unicodeobject.h:750:23: note: expected â€˜const char *â€™ but argument is of type â€˜yaml_char_t *â€™
    ext/_yaml.c:8924:5: warning: pointer targets in passing argument 1 of â€˜strlenâ€™ differ in signedness [-Wpointer-sign]
    /usr/include/string.h:399:15: note: expected â€˜const char *â€™ but argument is of type â€˜yaml_char_t *â€™
    ext/_yaml.c:8924:5: warning: pointer targets in passing argument 1 of â€˜PyUnicodeUCS4_DecodeUTF8â€™ differ in signedness [-Wpointer-sign]
    /opt/python/2.7.9/include/python2.7/unicodeobject.h:750:23: note: expected â€˜const char *â€™ but argument is of type â€˜yaml_char_t *â€™
    ext/_yaml.c:8962:5: warning: pointer targets in passing argument 1 of â€˜strlenâ€™ differ in signedness [-Wpointer-sign]
    /usr/include/string.h:399:15: note: expected â€˜const char *â€™ but argument is of type â€˜yaml_char_t *â€™
    ext/_yaml.c:8962:5: warning: pointer targets in passing argument 1 of â€˜PyUnicodeUCS4_DecodeUTF8â€™ differ in signedness [-Wpointer-sign]
    /opt/python/2.7.9/include/python2.7/unicodeobject.h:750:23: note: expected â€˜const char *â€™ but argument is of type â€˜yaml_char_t *â€™
    ext/_yaml.c:9000:5: warning: pointer targets in passing argument 1 of â€˜strlenâ€™ differ in signedness [-Wpointer-sign]
    /usr/include/string.h:399:15: note: expected â€˜const char *â€™ but argument is of type â€˜yaml_char_t *â€™
    ext/_yaml.c:9000:5: warning: pointer targets in passing argument 1 of â€˜PyUnicodeUCS4_DecodeUTF8â€™ differ in signedness [-Wpointer-sign]
    /opt/python/2.7.9/include/python2.7/unicodeobject.h:750:23: note: expected â€˜const char *â€™ but argument is of type â€˜yaml_char_t *â€™
    ext/_yaml.c: In function â€˜__pyx_f_5_yaml_7CParser__compose_scalar_nodeâ€™:
    ext/_yaml.c:9532:3: warning: pointer targets in passing argument 1 of â€˜PyUnicodeUCS4_DecodeUTF8â€™ differ in signedness [-Wpointer-sign]
    /opt/python/2.7.9/include/python2.7/unicodeobject.h:750:23: note: expected â€˜const char *â€™ but argument is of type â€˜yaml_char_t *â€™
    ext/_yaml.c:9688:5: warning: pointer targets in passing argument 1 of â€˜strlenâ€™ differ in signedness [-Wpointer-sign]
    /usr/include/string.h:399:15: note: expected â€˜const char *â€™ but argument is of type â€˜yaml_char_t *â€™
    ext/_yaml.c:9688:5: warning: pointer targets in passing argument 1 of â€˜PyUnicodeUCS4_DecodeUTF8â€™ differ in signedness [-Wpointer-sign]
    /opt/python/2.7.9/include/python2.7/unicodeobject.h:750:23: note: expected â€˜const char *â€™ but argument is of type â€˜yaml_char_t *â€™
    ext/_yaml.c: In function â€˜__pyx_f_5_yaml_7CParser__compose_sequence_nodeâ€™:
    ext/_yaml.c:10128:5: warning: pointer targets in passing argument 1 of â€˜strlenâ€™ differ in signedness [-Wpointer-sign]
    /usr/include/string.h:399:15: note: expected â€˜const char *â€™ but argument is of type â€˜yaml_char_t *â€™
    ext/_yaml.c:10128:5: warning: pointer targets in passing argument 1 of â€˜PyUnicodeUCS4_DecodeUTF8â€™ differ in signedness [-Wpointer-sign]
    /opt/python/2.7.9/include/python2.7/unicodeobject.h:750:23: note: expected â€˜const char *â€™ but argument is of type â€˜yaml_char_t *â€™
    ext/_yaml.c: In function â€˜__pyx_f_5_yaml_7CParser__compose_mapping_nodeâ€™:
    ext/_yaml.c:10654:5: warning: pointer targets in passing argument 1 of â€˜strlenâ€™ differ in signedness [-Wpointer-sign]
    /usr/include/string.h:399:15: note: expected â€˜const char *â€™ but argument is of type â€˜yaml_char_t *â€™
    ext/_yaml.c:10654:5: warning: pointer targets in passing argument 1 of â€˜PyUnicodeUCS4_DecodeUTF8â€™ differ in signedness [-Wpointer-sign]
    /opt/python/2.7.9/include/python2.7/unicodeobject.h:750:23: note: expected â€˜const char *â€™ but argument is of type â€˜yaml_char_t *â€™
    ext/_yaml.c: In function â€˜__pyx_pf_5_yaml_8CEmitter___init__â€™:
    ext/_yaml.c:11721:3: warning: passing argument 2 of â€˜yaml_emitter_set_outputâ€™ from incompatible pointer type [enabled by default]
    /usr/include/yaml.h:1829:1: note: expected â€˜int (*)(void *, unsigned char *, size_t)â€™ but argument is of type â€˜int (*)(void *, char *, int)â€™
    ext/_yaml.c: In function â€˜__pyx_f_5_yaml_8CEmitter__object_to_eventâ€™:
    ext/_yaml.c:12898:44: warning: pointer targets in assignment differ in signedness [-Wpointer-sign]
    ext/_yaml.c:12991:44: warning: pointer targets in assignment differ in signedness [-Wpointer-sign]
    ext/_yaml.c:13248:5: warning: pointer targets in passing argument 2 of â€˜yaml_alias_event_initializeâ€™ differ in signedness [-Wpointer-sign]
    /usr/include/yaml.h:553:1: note: expected â€˜yaml_char_t *â€™ but argument is of type â€˜char *â€™
    ext/_yaml.c:13824:5: warning: pointer targets in passing argument 2 of â€˜yaml_scalar_event_initializeâ€™ differ in signedness [-Wpointer-sign]
    /usr/include/yaml.h:578:1: note: expected â€˜yaml_char_t *â€™ but argument is of type â€˜char *â€™
    ext/_yaml.c:13824:5: warning: pointer targets in passing argument 3 of â€˜yaml_scalar_event_initializeâ€™ differ in signedness [-Wpointer-sign]
    /usr/include/yaml.h:578:1: note: expected â€˜yaml_char_t *â€™ but argument is of type â€˜char *â€™
    ext/_yaml.c:13824:5: warning: pointer targets in passing argument 4 of â€˜yaml_scalar_event_initializeâ€™ differ in signedness [-Wpointer-sign]
    /usr/include/yaml.h:578:1: note: expected â€˜yaml_char_t *â€™ but argument is of type â€˜char *â€™
    ext/_yaml.c:14166:5: warning: pointer targets in passing argument 2 of â€˜yaml_sequence_start_event_initializeâ€™ differ in signedness [-Wpointer-sign]
    /usr/include/yaml.h:601:1: note: expected â€˜yaml_char_t *â€™ but argument is of type â€˜char *â€™
    ext/_yaml.c:14166:5: warning: pointer targets in passing argument 3 of â€˜yaml_sequence_start_event_initializeâ€™ differ in signedness [-Wpointer-sign]
    /usr/include/yaml.h:601:1: note: expected â€˜yaml_char_t *â€™ but argument is of type â€˜char *â€™
    ext/_yaml.c:14508:5: warning: pointer targets in passing argument 2 of â€˜yaml_mapping_start_event_initializeâ€™ differ in signedness [-Wpointer-sign]
    /usr/include/yaml.h:633:1: note: expected â€˜yaml_char_t *â€™ but argument is of type â€˜char *â€™
    ext/_yaml.c:14508:5: warning: pointer targets in passing argument 3 of â€˜yaml_mapping_start_event_initializeâ€™ differ in signedness [-Wpointer-sign]
    /usr/include/yaml.h:633:1: note: expected â€˜yaml_char_t *â€™ but argument is of type â€˜char *â€™
    ext/_yaml.c: In function â€˜__pyx_pf_5_yaml_8CEmitter_12serializeâ€™:
    ext/_yaml.c:15784:42: warning: pointer targets in assignment differ in signedness [-Wpointer-sign]
    ext/_yaml.c:15877:42: warning: pointer targets in assignment differ in signedness [-Wpointer-sign]
    ext/_yaml.c: In function â€˜__pyx_f_5_yaml_8CEmitter__serialize_nodeâ€™:
    ext/_yaml.c:16616:5: warning: pointer targets in passing argument 2 of â€˜yaml_alias_event_initializeâ€™ differ in signedness [-Wpointer-sign]
    /usr/include/yaml.h:553:1: note: expected â€˜yaml_char_t *â€™ but argument is of type â€˜char *â€™
    ext/_yaml.c:17195:7: warning: pointer targets in passing argument 2 of â€˜yaml_scalar_event_initializeâ€™ differ in signedness [-Wpointer-sign]
    /usr/include/yaml.h:578:1: note: expected â€˜yaml_char_t *â€™ but argument is of type â€˜char *â€™
    ext/_yaml.c:17195:7: warning: pointer targets in passing argument 3 of â€˜yaml_scalar_event_initializeâ€™ differ in signedness [-Wpointer-sign]
    /usr/include/yaml.h:578:1: note: expected â€˜yaml_char_t *â€™ but argument is of type â€˜char *â€™
    ext/_yaml.c:17195:7: warning: pointer targets in passing argument 4 of â€˜yaml_scalar_event_initializeâ€™ differ in signedness [-Wpointer-sign]
    /usr/include/yaml.h:578:1: note: expected â€˜yaml_char_t *â€™ but argument is of type â€˜char *â€™
    ext/_yaml.c:17473:7: warning: pointer targets in passing argument 2 of â€˜yaml_sequence_start_event_initializeâ€™ differ in signedness [-Wpointer-sign]
    /usr/include/yaml.h:601:1: note: expected â€˜yaml_char_t *â€™ but argument is of type â€˜char *â€™
    ext/_yaml.c:17473:7: warning: pointer targets in passing argument 3 of â€˜yaml_sequence_start_event_initializeâ€™ differ in signedness [-Wpointer-sign]
    /usr/include/yaml.h:601:1: note: expected â€˜yaml_char_t *â€™ but argument is of type â€˜char *â€™
    ext/_yaml.c:17874:7: warning: pointer targets in passing argument 2 of â€˜yaml_mapping_start_event_initializeâ€™ differ in signedness [-Wpointer-sign]
    /usr/include/yaml.h:633:1: note: expected â€˜yaml_char_t *â€™ but argument is of type â€˜char *â€™
    ext/_yaml.c:17874:7: warning: pointer targets in passing argument 3 of â€˜yaml_mapping_start_event_initializeâ€™ differ in signedness [-Wpointer-sign]
    /usr/include/yaml.h:633:1: note: expected â€˜yaml_char_t *â€™ but argument is of type â€˜char *â€™
    gcc -pthread -shared -L/opt/python/2.7.9/lib -Wl,-rpath=/opt/python/2.7.9/lib build/temp.linux-x86_64-2.7/ext/_yaml.o -L/opt/python/2.7.9/lib -lyaml -lpython2.7 -o build/lib.linux-x86_64-2.7/_yaml.so

  Running setup.py install for qrcode
    changing mode of build/scripts-2.7/qr from 664 to 775
    changing mode of /home/travis/virtualenv/python2.7.9/bin/qr to 775

  Running setup.py install for watchdog
    Installing watchmedo script to /home/travis/virtualenv/python2.7.9/bin


  Running setup.py install for sqlparse
    changing mode of build/scripts-2.7/sqlformat from 664 to 775
    changing mode of /home/travis/virtualenv/python2.7.9/bin/sqlformat to 775
  Running setup.py install for admin-multiupload
  Running setup.py install for django-grappelli
  Running setup.py install for django-nested-inline

  Running setup.py install for django-haystack


  Running setup.py install for django-otp-yubikey
  Running setup.py install for django-otp


  Running setup.py install for django-cors-headers

  Running setup.py install for django-supervisor
  Running setup.py install for supervisor
    Skipping installation of /home/travis/virtualenv/python2.7.9/lib/python2.7/site-packages/supervisor/__init__.py (namespace package)
    Installing /home/travis/virtualenv/python2.7.9/lib/python2.7/site-packages/supervisor-3.1.3-py2.7-nspkg.pth
    Installing echo_supervisord_conf script to /home/travis/virtualenv/python2.7.9/bin
    Installing pidproxy script to /home/travis/virtualenv/python2.7.9/bin
    Installing supervisorctl script to /home/travis/virtualenv/python2.7.9/bin
    Installing supervisord script to /home/travis/virtualenv/python2.7.9/bin
  Running setup.py install for django-rq
  Running setup.py install for rq-scheduler
    Installing rqscheduler script to /home/travis/virtualenv/python2.7.9/bin

  Running setup.py install for redis
  Running setup.py install for ujson
    building 'ujson' extension
    gcc -pthread -fno-strict-aliasing -g -fstack-protector --param=ssp-buffer-size=4 -Wformat -Werror=format-security -DNDEBUG -g -fwrapv -O3 -Wall -Wstrict-prototypes -fPIC -I./python -I./lib -I/opt/python/2.7.9/include/python2.7 -c ./python/ujson.c -o build/temp.linux-x86_64-2.7/./python/ujson.o -D_GNU_SOURCE
    gcc -pthread -fno-strict-aliasing -g -fstack-protector --param=ssp-buffer-size=4 -Wformat -Werror=format-security -DNDEBUG -g -fwrapv -O3 -Wall -Wstrict-prototypes -fPIC -I./python -I./lib -I/opt/python/2.7.9/include/python2.7 -c ./python/objToJSON.c -o build/temp.linux-x86_64-2.7/./python/objToJSON.o -D_GNU_SOURCE
    ./python/objToJSON.c:94:14: warning: â€˜PyIntToINT32â€™ defined but not used [-Wunused-function]
    gcc -pthread -fno-strict-aliasing -g -fstack-protector --param=ssp-buffer-size=4 -Wformat -Werror=format-security -DNDEBUG -g -fwrapv -O3 -Wall -Wstrict-prototypes -fPIC -I./python -I./lib -I/opt/python/2.7.9/include/python2.7 -c ./python/JSONtoObj.c -o build/temp.linux-x86_64-2.7/./python/JSONtoObj.o -D_GNU_SOURCE
    gcc -pthread -fno-strict-aliasing -g -fstack-protector --param=ssp-buffer-size=4 -Wformat -Werror=format-security -DNDEBUG -g -fwrapv -O3 -Wall -Wstrict-prototypes -fPIC -I./python -I./lib -I/opt/python/2.7.9/include/python2.7 -c ./lib/ultrajsonenc.c -o build/temp.linux-x86_64-2.7/./lib/ultrajsonenc.o -D_GNU_SOURCE
    gcc -pthread -fno-strict-aliasing -g -fstack-protector --param=ssp-buffer-size=4 -Wformat -Werror=format-security -DNDEBUG -g -fwrapv -O3 -Wall -Wstrict-prototypes -fPIC -I./python -I./lib -I/opt/python/2.7.9/include/python2.7 -c ./lib/ultrajsondec.c -o build/temp.linux-x86_64-2.7/./lib/ultrajsondec.o -D_GNU_SOURCE
    ./lib/ultrajsondec.c:78:13: warning: â€˜ClearErrorâ€™ defined but not used [-Wunused-function]
    gcc -pthread -shared -L/opt/python/2.7.9/lib -Wl,-rpath=/opt/python/2.7.9/lib build/temp.linux-x86_64-2.7/./python/ujson.o build/temp.linux-x86_64-2.7/./python/objToJSON.o build/temp.linux-x86_64-2.7/./python/JSONtoObj.o build/temp.linux-x86_64-2.7/./lib/ultrajsonenc.o build/temp.linux-x86_64-2.7/./lib/ultrajsondec.o -L/opt/python/2.7.9/lib -lpython2.7 -o build/lib.linux-x86_64-2.7/ujson.so
  Running setup.py install for guppy
    building 'guppy.sets.setsc' extension
    gcc -pthread -fno-strict-aliasing -g -fstack-protector --param=ssp-buffer-size=4 -Wformat -Werror=format-security -DNDEBUG -g -fwrapv -O3 -Wall -Wstrict-prototypes -fPIC -I/opt/python/2.7.9/include/python2.7 -c src/sets/sets.c -o build/temp.linux-x86_64-2.7/src/sets/sets.o
    gcc -pthread -fno-strict-aliasing -g -fstack-protector --param=ssp-buffer-size=4 -Wformat -Werror=format-security -DNDEBUG -g -fwrapv -O3 -Wall -Wstrict-prototypes -fPIC -I/opt/python/2.7.9/include/python2.7 -c src/sets/bitset.c -o build/temp.linux-x86_64-2.7/src/sets/bitset.o
    src/sets/bitset.c: In function â€˜mutbitset_findpos_insâ€™:
    src/sets/bitset.c:1241:14: warning: variable â€˜loâ€™ set but not used [-Wunused-but-set-variable]
    src/sets/bitset.c: In function â€˜mutbitset_iop_PyLongObjectâ€™:
    src/sets/bitset.c:2021:2: warning: passing argument 1 of â€˜_PyLong_Frexpâ€™ from incompatible pointer type [enabled by default]
    /opt/python/2.7.9/include/python2.7/longobject.h:43:20: note: expected â€˜struct PyLongObject *â€™ but argument is of type â€˜struct PyObject *â€™
    src/sets/bitset.c:2021:2: warning: passing argument 2 of â€˜_PyLong_Frexpâ€™ from incompatible pointer type [enabled by default]
    /opt/python/2.7.9/include/python2.7/longobject.h:43:20: note: expected â€˜Py_ssize_t *â€™ but argument is of type â€˜int *â€™
    src/sets/bitset.c:2034:2: warning: passing argument 1 of â€˜_PyLong_Frexpâ€™ from incompatible pointer type [enabled by default]
    /opt/python/2.7.9/include/python2.7/longobject.h:43:20: note: expected â€˜struct PyLongObject *â€™ but argument is of type â€˜struct PyObject *â€™
    src/sets/bitset.c:2034:2: warning: passing argument 2 of â€˜_PyLong_Frexpâ€™ from incompatible pointer type [enabled by default]
    /opt/python/2.7.9/include/python2.7/longobject.h:43:20: note: expected â€˜Py_ssize_t *â€™ but argument is of type â€˜int *â€™
    src/sets/bitset.c: In function â€˜NyImmBitSet_Rangeâ€™:
    src/sets/bitset.c:4546:26: warning: variable â€˜fhiâ€™ set but not used [-Wunused-but-set-variable]
    gcc -pthread -fno-strict-aliasing -g -fstack-protector --param=ssp-buffer-size=4 -Wformat -Werror=format-security -DNDEBUG -g -fwrapv -O3 -Wall -Wstrict-prototypes -fPIC -I/opt/python/2.7.9/include/python2.7 -c src/sets/nodeset.c -o build/temp.linux-x86_64-2.7/src/sets/nodeset.o
    gcc -pthread -shared -L/opt/python/2.7.9/lib -Wl,-rpath=/opt/python/2.7.9/lib build/temp.linux-x86_64-2.7/src/sets/sets.o build/temp.linux-x86_64-2.7/src/sets/bitset.o build/temp.linux-x86_64-2.7/src/sets/nodeset.o -L/opt/python/2.7.9/lib -lpython2.7 -o build/lib.linux-x86_64-2.7/guppy/sets/setsc.so
    building 'guppy.heapy.heapyc' extension
    gcc -pthread -fno-strict-aliasing -g -fstack-protector --param=ssp-buffer-size=4 -Wformat -Werror=format-security -DNDEBUG -g -fwrapv -O3 -Wall -Wstrict-prototypes -fPIC -I/opt/python/2.7.9/include/python2.7 -c src/heapy/heapyc.c -o build/temp.linux-x86_64-2.7/src/heapy/heapyc.o
    gcc -pthread -fno-strict-aliasing -g -fstack-protector --param=ssp-buffer-size=4 -Wformat -Werror=format-security -DNDEBUG -g -fwrapv -O3 -Wall -Wstrict-prototypes -fPIC -I/opt/python/2.7.9/include/python2.7 -c src/heapy/stdtypes.c -o build/temp.linux-x86_64-2.7/src/heapy/stdtypes.o
    gcc -pthread -shared -L/opt/python/2.7.9/lib -Wl,-rpath=/opt/python/2.7.9/lib build/temp.linux-x86_64-2.7/src/heapy/heapyc.o build/temp.linux-x86_64-2.7/src/heapy/stdtypes.o -L/opt/python/2.7.9/lib -lpython2.7 -o build/lib.linux-x86_64-2.7/guppy/heapy/heapyc.so
  Running setup.py install for objgraph
  Running setup.py install for django-suit
  Running setup.py install for mechanize
  Running setup.py install for contexttimer
  Running setup.py install for defusedxml

  Running setup.py install for python-dateutil



  Running setup.py install for psycopg2
    building 'psycopg2._psycopg' extension
    gcc -pthread -fno-strict-aliasing -g -fstack-protector --param=ssp-buffer-size=4 -Wformat -Werror=format-security -DNDEBUG -g -fwrapv -O3 -Wall -Wstrict-prototypes -fPIC -DPSYCOPG_DEFAULT_PYDATETIME=1 -DPSYCOPG_VERSION="2.6.1 (dt dec pq3 ext lo64)" -DPG_VERSION_HEX=0x090400 -DHAVE_LO64=1 -I/opt/python/2.7.9/include/python2.7 -I. -I/usr/include/postgresql -I/usr/include/postgresql/9.4/server -c psycopg/psycopgmodule.c -o build/temp.linux-x86_64-2.7/psycopg/psycopgmodule.o -Wdeclaration-after-statement
    gcc -pthread -fno-strict-aliasing -g -fstack-protector --param=ssp-buffer-size=4 -Wformat -Werror=format-security -DNDEBUG -g -fwrapv -O3 -Wall -Wstrict-prototypes -fPIC -DPSYCOPG_DEFAULT_PYDATETIME=1 -DPSYCOPG_VERSION="2.6.1 (dt dec pq3 ext lo64)" -DPG_VERSION_HEX=0x090400 -DHAVE_LO64=1 -I/opt/python/2.7.9/include/python2.7 -I. -I/usr/include/postgresql -I/usr/include/postgresql/9.4/server -c psycopg/green.c -o build/temp.linux-x86_64-2.7/psycopg/green.o -Wdeclaration-after-statement
    gcc -pthread -fno-strict-aliasing -g -fstack-protector --param=ssp-buffer-size=4 -Wformat -Werror=format-security -DNDEBUG -g -fwrapv -O3 -Wall -Wstrict-prototypes -fPIC -DPSYCOPG_DEFAULT_PYDATETIME=1 -DPSYCOPG_VERSION="2.6.1 (dt dec pq3 ext lo64)" -DPG_VERSION_HEX=0x090400 -DHAVE_LO64=1 -I/opt/python/2.7.9/include/python2.7 -I. -I/usr/include/postgresql -I/usr/include/postgresql/9.4/server -c psycopg/pqpath.c -o build/temp.linux-x86_64-2.7/psycopg/pqpath.o -Wdeclaration-after-statement
    gcc -pthread -fno-strict-aliasing -g -fstack-protector --param=ssp-buffer-size=4 -Wformat -Werror=format-security -DNDEBUG -g -fwrapv -O3 -Wall -Wstrict-prototypes -fPIC -DPSYCOPG_DEFAULT_PYDATETIME=1 -DPSYCOPG_VERSION="2.6.1 (dt dec pq3 ext lo64)" -DPG_VERSION_HEX=0x090400 -DHAVE_LO64=1 -I/opt/python/2.7.9/include/python2.7 -I. -I/usr/include/postgresql -I/usr/include/postgresql/9.4/server -c psycopg/utils.c -o build/temp.linux-x86_64-2.7/psycopg/utils.o -Wdeclaration-after-statement
    gcc -pthread -fno-strict-aliasing -g -fstack-protector --param=ssp-buffer-size=4 -Wformat -Werror=format-security -DNDEBUG -g -fwrapv -O3 -Wall -Wstrict-prototypes -fPIC -DPSYCOPG_DEFAULT_PYDATETIME=1 -DPSYCOPG_VERSION="2.6.1 (dt dec pq3 ext lo64)" -DPG_VERSION_HEX=0x090400 -DHAVE_LO64=1 -I/opt/python/2.7.9/include/python2.7 -I. -I/usr/include/postgresql -I/usr/include/postgresql/9.4/server -c psycopg/bytes_format.c -o build/temp.linux-x86_64-2.7/psycopg/bytes_format.o -Wdeclaration-after-statement
    gcc -pthread -fno-strict-aliasing -g -fstack-protector --param=ssp-buffer-size=4 -Wformat -Werror=format-security -DNDEBUG -g -fwrapv -O3 -Wall -Wstrict-prototypes -fPIC -DPSYCOPG_DEFAULT_PYDATETIME=1 -DPSYCOPG_VERSION="2.6.1 (dt dec pq3 ext lo64)" -DPG_VERSION_HEX=0x090400 -DHAVE_LO64=1 -I/opt/python/2.7.9/include/python2.7 -I. -I/usr/include/postgresql -I/usr/include/postgresql/9.4/server -c psycopg/connection_int.c -o build/temp.linux-x86_64-2.7/psycopg/connection_int.o -Wdeclaration-after-statement
    gcc -pthread -fno-strict-aliasing -g -fstack-protector --param=ssp-buffer-size=4 -Wformat -Werror=format-security -DNDEBUG -g -fwrapv -O3 -Wall -Wstrict-prototypes -fPIC -DPSYCOPG_DEFAULT_PYDATETIME=1 -DPSYCOPG_VERSION="2.6.1 (dt dec pq3 ext lo64)" -DPG_VERSION_HEX=0x090400 -DHAVE_LO64=1 -I/opt/python/2.7.9/include/python2.7 -I. -I/usr/include/postgresql -I/usr/include/postgresql/9.4/server -c psycopg/connection_type.c -o build/temp.linux-x86_64-2.7/psycopg/connection_type.o -Wdeclaration-after-statement
    gcc -pthread -fno-strict-aliasing -g -fstack-protector --param=ssp-buffer-size=4 -Wformat -Werror=format-security -DNDEBUG -g -fwrapv -O3 -Wall -Wstrict-prototypes -fPIC -DPSYCOPG_DEFAULT_PYDATETIME=1 -DPSYCOPG_VERSION="2.6.1 (dt dec pq3 ext lo64)" -DPG_VERSION_HEX=0x090400 -DHAVE_LO64=1 -I/opt/python/2.7.9/include/python2.7 -I. -I/usr/include/postgresql -I/usr/include/postgresql/9.4/server -c psycopg/cursor_int.c -o build/temp.linux-x86_64-2.7/psycopg/cursor_int.o -Wdeclaration-after-statement
    gcc -pthread -fno-strict-aliasing -g -fstack-protector --param=ssp-buffer-size=4 -Wformat -Werror=format-security -DNDEBUG -g -fwrapv -O3 -Wall -Wstrict-prototypes -fPIC -DPSYCOPG_DEFAULT_PYDATETIME=1 -DPSYCOPG_VERSION="2.6.1 (dt dec pq3 ext lo64)" -DPG_VERSION_HEX=0x090400 -DHAVE_LO64=1 -I/opt/python/2.7.9/include/python2.7 -I. -I/usr/include/postgresql -I/usr/include/postgresql/9.4/server -c psycopg/cursor_type.c -o build/temp.linux-x86_64-2.7/psycopg/cursor_type.o -Wdeclaration-after-statement
    gcc -pthread -fno-strict-aliasing -g -fstack-protector --param=ssp-buffer-size=4 -Wformat -Werror=format-security -DNDEBUG -g -fwrapv -O3 -Wall -Wstrict-prototypes -fPIC -DPSYCOPG_DEFAULT_PYDATETIME=1 -DPSYCOPG_VERSION="2.6.1 (dt dec pq3 ext lo64)" -DPG_VERSION_HEX=0x090400 -DHAVE_LO64=1 -I/opt/python/2.7.9/include/python2.7 -I. -I/usr/include/postgresql -I/usr/include/postgresql/9.4/server -c psycopg/diagnostics_type.c -o build/temp.linux-x86_64-2.7/psycopg/diagnostics_type.o -Wdeclaration-after-statement
    gcc -pthread -fno-strict-aliasing -g -fstack-protector --param=ssp-buffer-size=4 -Wformat -Werror=format-security -DNDEBUG -g -fwrapv -O3 -Wall -Wstrict-prototypes -fPIC -DPSYCOPG_DEFAULT_PYDATETIME=1 -DPSYCOPG_VERSION="2.6.1 (dt dec pq3 ext lo64)" -DPG_VERSION_HEX=0x090400 -DHAVE_LO64=1 -I/opt/python/2.7.9/include/python2.7 -I. -I/usr/include/postgresql -I/usr/include/postgresql/9.4/server -c psycopg/error_type.c -o build/temp.linux-x86_64-2.7/psycopg/error_type.o -Wdeclaration-after-statement
    gcc -pthread -fno-strict-aliasing -g -fstack-protector --param=ssp-buffer-size=4 -Wformat -Werror=format-security -DNDEBUG -g -fwrapv -O3 -Wall -Wstrict-prototypes -fPIC -DPSYCOPG_DEFAULT_PYDATETIME=1 -DPSYCOPG_VERSION="2.6.1 (dt dec pq3 ext lo64)" -DPG_VERSION_HEX=0x090400 -DHAVE_LO64=1 -I/opt/python/2.7.9/include/python2.7 -I. -I/usr/include/postgresql -I/usr/include/postgresql/9.4/server -c psycopg/lobject_int.c -o build/temp.linux-x86_64-2.7/psycopg/lobject_int.o -Wdeclaration-after-statement
    gcc -pthread -fno-strict-aliasing -g -fstack-protector --param=ssp-buffer-size=4 -Wformat -Werror=format-security -DNDEBUG -g -fwrapv -O3 -Wall -Wstrict-prototypes -fPIC -DPSYCOPG_DEFAULT_PYDATETIME=1 -DPSYCOPG_VERSION="2.6.1 (dt dec pq3 ext lo64)" -DPG_VERSION_HEX=0x090400 -DHAVE_LO64=1 -I/opt/python/2.7.9/include/python2.7 -I. -I/usr/include/postgresql -I/usr/include/postgresql/9.4/server -c psycopg/lobject_type.c -o build/temp.linux-x86_64-2.7/psycopg/lobject_type.o -Wdeclaration-after-statement
    gcc -pthread -fno-strict-aliasing -g -fstack-protector --param=ssp-buffer-size=4 -Wformat -Werror=format-security -DNDEBUG -g -fwrapv -O3 -Wall -Wstrict-prototypes -fPIC -DPSYCOPG_DEFAULT_PYDATETIME=1 -DPSYCOPG_VERSION="2.6.1 (dt dec pq3 ext lo64)" -DPG_VERSION_HEX=0x090400 -DHAVE_LO64=1 -I/opt/python/2.7.9/include/python2.7 -I. -I/usr/include/postgresql -I/usr/include/postgresql/9.4/server -c psycopg/notify_type.c -o build/temp.linux-x86_64-2.7/psycopg/notify_type.o -Wdeclaration-after-statement
    gcc -pthread -fno-strict-aliasing -g -fstack-protector --param=ssp-buffer-size=4 -Wformat -Werror=format-security -DNDEBUG -g -fwrapv -O3 -Wall -Wstrict-prototypes -fPIC -DPSYCOPG_DEFAULT_PYDATETIME=1 -DPSYCOPG_VERSION="2.6.1 (dt dec pq3 ext lo64)" -DPG_VERSION_HEX=0x090400 -DHAVE_LO64=1 -I/opt/python/2.7.9/include/python2.7 -I. -I/usr/include/postgresql -I/usr/include/postgresql/9.4/server -c psycopg/xid_type.c -o build/temp.linux-x86_64-2.7/psycopg/xid_type.o -Wdeclaration-after-statement
    gcc -pthread -fno-strict-aliasing -g -fstack-protector --param=ssp-buffer-size=4 -Wformat -Werror=format-security -DNDEBUG -g -fwrapv -O3 -Wall -Wstrict-prototypes -fPIC -DPSYCOPG_DEFAULT_PYDATETIME=1 -DPSYCOPG_VERSION="2.6.1 (dt dec pq3 ext lo64)" -DPG_VERSION_HEX=0x090400 -DHAVE_LO64=1 -I/opt/python/2.7.9/include/python2.7 -I. -I/usr/include/postgresql -I/usr/include/postgresql/9.4/server -c psycopg/adapter_asis.c -o build/temp.linux-x86_64-2.7/psycopg/adapter_asis.o -Wdeclaration-after-statement
    gcc -pthread -fno-strict-aliasing -g -fstack-protector --param=ssp-buffer-size=4 -Wformat -Werror=format-security -DNDEBUG -g -fwrapv -O3 -Wall -Wstrict-prototypes -fPIC -DPSYCOPG_DEFAULT_PYDATETIME=1 -DPSYCOPG_VERSION="2.6.1 (dt dec pq3 ext lo64)" -DPG_VERSION_HEX=0x090400 -DHAVE_LO64=1 -I/opt/python/2.7.9/include/python2.7 -I. -I/usr/include/postgresql -I/usr/include/postgresql/9.4/server -c psycopg/adapter_binary.c -o build/temp.linux-x86_64-2.7/psycopg/adapter_binary.o -Wdeclaration-after-statement
    gcc -pthread -fno-strict-aliasing -g -fstack-protector --param=ssp-buffer-size=4 -Wformat -Werror=format-security -DNDEBUG -g -fwrapv -O3 -Wall -Wstrict-prototypes -fPIC -DPSYCOPG_DEFAULT_PYDATETIME=1 -DPSYCOPG_VERSION="2.6.1 (dt dec pq3 ext lo64)" -DPG_VERSION_HEX=0x090400 -DHAVE_LO64=1 -I/opt/python/2.7.9/include/python2.7 -I. -I/usr/include/postgresql -I/usr/include/postgresql/9.4/server -c psycopg/adapter_datetime.c -o build/temp.linux-x86_64-2.7/psycopg/adapter_datetime.o -Wdeclaration-after-statement
    gcc -pthread -fno-strict-aliasing -g -fstack-protector --param=ssp-buffer-size=4 -Wformat -Werror=format-security -DNDEBUG -g -fwrapv -O3 -Wall -Wstrict-prototypes -fPIC -DPSYCOPG_DEFAULT_PYDATETIME=1 -DPSYCOPG_VERSION="2.6.1 (dt dec pq3 ext lo64)" -DPG_VERSION_HEX=0x090400 -DHAVE_LO64=1 -I/opt/python/2.7.9/include/python2.7 -I. -I/usr/include/postgresql -I/usr/include/postgresql/9.4/server -c psycopg/adapter_list.c -o build/temp.linux-x86_64-2.7/psycopg/adapter_list.o -Wdeclaration-after-statement
    gcc -pthread -fno-strict-aliasing -g -fstack-protector --param=ssp-buffer-size=4 -Wformat -Werror=format-security -DNDEBUG -g -fwrapv -O3 -Wall -Wstrict-prototypes -fPIC -DPSYCOPG_DEFAULT_PYDATETIME=1 -DPSYCOPG_VERSION="2.6.1 (dt dec pq3 ext lo64)" -DPG_VERSION_HEX=0x090400 -DHAVE_LO64=1 -I/opt/python/2.7.9/include/python2.7 -I. -I/usr/include/postgresql -I/usr/include/postgresql/9.4/server -c psycopg/adapter_pboolean.c -o build/temp.linux-x86_64-2.7/psycopg/adapter_pboolean.o -Wdeclaration-after-statement
    gcc -pthread -fno-strict-aliasing -g -fstack-protector --param=ssp-buffer-size=4 -Wformat -Werror=format-security -DNDEBUG -g -fwrapv -O3 -Wall -Wstrict-prototypes -fPIC -DPSYCOPG_DEFAULT_PYDATETIME=1 -DPSYCOPG_VERSION="2.6.1 (dt dec pq3 ext lo64)" -DPG_VERSION_HEX=0x090400 -DHAVE_LO64=1 -I/opt/python/2.7.9/include/python2.7 -I. -I/usr/include/postgresql -I/usr/include/postgresql/9.4/server -c psycopg/adapter_pdecimal.c -o build/temp.linux-x86_64-2.7/psycopg/adapter_pdecimal.o -Wdeclaration-after-statement
    gcc -pthread -fno-strict-aliasing -g -fstack-protector --param=ssp-buffer-size=4 -Wformat -Werror=format-security -DNDEBUG -g -fwrapv -O3 -Wall -Wstrict-prototypes -fPIC -DPSYCOPG_DEFAULT_PYDATETIME=1 -DPSYCOPG_VERSION="2.6.1 (dt dec pq3 ext lo64)" -DPG_VERSION_HEX=0x090400 -DHAVE_LO64=1 -I/opt/python/2.7.9/include/python2.7 -I. -I/usr/include/postgresql -I/usr/include/postgresql/9.4/server -c psycopg/adapter_pint.c -o build/temp.linux-x86_64-2.7/psycopg/adapter_pint.o -Wdeclaration-after-statement
    gcc -pthread -fno-strict-aliasing -g -fstack-protector --param=ssp-buffer-size=4 -Wformat -Werror=format-security -DNDEBUG -g -fwrapv -O3 -Wall -Wstrict-prototypes -fPIC -DPSYCOPG_DEFAULT_PYDATETIME=1 -DPSYCOPG_VERSION="2.6.1 (dt dec pq3 ext lo64)" -DPG_VERSION_HEX=0x090400 -DHAVE_LO64=1 -I/opt/python/2.7.9/include/python2.7 -I. -I/usr/include/postgresql -I/usr/include/postgresql/9.4/server -c psycopg/adapter_pfloat.c -o build/temp.linux-x86_64-2.7/psycopg/adapter_pfloat.o -Wdeclaration-after-statement
    gcc -pthread -fno-strict-aliasing -g -fstack-protector --param=ssp-buffer-size=4 -Wformat -Werror=format-security -DNDEBUG -g -fwrapv -O3 -Wall -Wstrict-prototypes -fPIC -DPSYCOPG_DEFAULT_PYDATETIME=1 -DPSYCOPG_VERSION="2.6.1 (dt dec pq3 ext lo64)" -DPG_VERSION_HEX=0x090400 -DHAVE_LO64=1 -I/opt/python/2.7.9/include/python2.7 -I. -I/usr/include/postgresql -I/usr/include/postgresql/9.4/server -c psycopg/adapter_qstring.c -o build/temp.linux-x86_64-2.7/psycopg/adapter_qstring.o -Wdeclaration-after-statement
    gcc -pthread -fno-strict-aliasing -g -fstack-protector --param=ssp-buffer-size=4 -Wformat -Werror=format-security -DNDEBUG -g -fwrapv -O3 -Wall -Wstrict-prototypes -fPIC -DPSYCOPG_DEFAULT_PYDATETIME=1 -DPSYCOPG_VERSION="2.6.1 (dt dec pq3 ext lo64)" -DPG_VERSION_HEX=0x090400 -DHAVE_LO64=1 -I/opt/python/2.7.9/include/python2.7 -I. -I/usr/include/postgresql -I/usr/include/postgresql/9.4/server -c psycopg/microprotocols.c -o build/temp.linux-x86_64-2.7/psycopg/microprotocols.o -Wdeclaration-after-statement
    gcc -pthread -fno-strict-aliasing -g -fstack-protector --param=ssp-buffer-size=4 -Wformat -Werror=format-security -DNDEBUG -g -fwrapv -O3 -Wall -Wstrict-prototypes -fPIC -DPSYCOPG_DEFAULT_PYDATETIME=1 -DPSYCOPG_VERSION="2.6.1 (dt dec pq3 ext lo64)" -DPG_VERSION_HEX=0x090400 -DHAVE_LO64=1 -I/opt/python/2.7.9/include/python2.7 -I. -I/usr/include/postgresql -I/usr/include/postgresql/9.4/server -c psycopg/microprotocols_proto.c -o build/temp.linux-x86_64-2.7/psycopg/microprotocols_proto.o -Wdeclaration-after-statement
    gcc -pthread -fno-strict-aliasing -g -fstack-protector --param=ssp-buffer-size=4 -Wformat -Werror=format-security -DNDEBUG -g -fwrapv -O3 -Wall -Wstrict-prototypes -fPIC -DPSYCOPG_DEFAULT_PYDATETIME=1 -DPSYCOPG_VERSION="2.6.1 (dt dec pq3 ext lo64)" -DPG_VERSION_HEX=0x090400 -DHAVE_LO64=1 -I/opt/python/2.7.9/include/python2.7 -I. -I/usr/include/postgresql -I/usr/include/postgresql/9.4/server -c psycopg/typecast.c -o build/temp.linux-x86_64-2.7/psycopg/typecast.o -Wdeclaration-after-statement
    gcc -pthread -shared -L/opt/python/2.7.9/lib -Wl,-rpath=/opt/python/2.7.9/lib build/temp.linux-x86_64-2.7/psycopg/psycopgmodule.o build/temp.linux-x86_64-2.7/psycopg/green.o build/temp.linux-x86_64-2.7/psycopg/pqpath.o build/temp.linux-x86_64-2.7/psycopg/utils.o build/temp.linux-x86_64-2.7/psycopg/bytes_format.o build/temp.linux-x86_64-2.7/psycopg/connection_int.o build/temp.linux-x86_64-2.7/psycopg/connection_type.o build/temp.linux-x86_64-2.7/psycopg/cursor_int.o build/temp.linux-x86_64-2.7/psycopg/cursor_type.o build/temp.linux-x86_64-2.7/psycopg/diagnostics_type.o build/temp.linux-x86_64-2.7/psycopg/error_type.o build/temp.linux-x86_64-2.7/psycopg/lobject_int.o build/temp.linux-x86_64-2.7/psycopg/lobject_type.o build/temp.linux-x86_64-2.7/psycopg/notify_type.o build/temp.linux-x86_64-2.7/psycopg/xid_type.o build/temp.linux-x86_64-2.7/psycopg/adapter_asis.o build/temp.linux-x86_64-2.7/psycopg/adapter_binary.o build/temp.linux-x86_64-2.7/psycopg/adapter_datetime.o build/temp.linux-x86_64-2.7/psycopg/adapter_list.o build/temp.linux-x86_64-2.7/psycopg/adapter_pboolean.o build/temp.linux-x86_64-2.7/psycopg/adapter_pdecimal.o build/temp.linux-x86_64-2.7/psycopg/adapter_pint.o build/temp.linux-x86_64-2.7/psycopg/adapter_pfloat.o build/temp.linux-x86_64-2.7/psycopg/adapter_qstring.o build/temp.linux-x86_64-2.7/psycopg/microprotocols.o build/temp.linux-x86_64-2.7/psycopg/microprotocols_proto.o build/temp.linux-x86_64-2.7/psycopg/typecast.o -L/opt/python/2.7.9/lib -L/usr/lib/x86_64-linux-gnu -lpython2.7 -lpq -o build/lib.linux-x86_64-2.7/psycopg2/_psycopg.so
  Running setup.py install for lxml
    /opt/python/2.7.9/lib/python2.7/distutils/dist.py:267: UserWarning: Unknown distribution option: 'bugtrack_url'
      warnings.warn(msg)
    Building lxml version 3.4.4.
    Building without Cython.
    Using build configuration of libxslt 1.1.26
    Building against libxml2/libxslt in the following directory: /usr/lib/x86_64-linux-gnu
    building 'lxml.etree' extension
    gcc -pthread -fno-strict-aliasing -g -fstack-protector --param=ssp-buffer-size=4 -Wformat -Werror=format-security -DNDEBUG -g -fwrapv -O3 -Wall -Wstrict-prototypes -fPIC -I/usr/include/libxml2 -I/tmp/pip-build-aI2gSf/lxml/src/lxml/includes -I/opt/python/2.7.9/include/python2.7 -c src/lxml/lxml.etree.c -o build/temp.linux-x86_64-2.7/src/lxml/lxml.etree.o -w
    gcc -pthread -shared -L/opt/python/2.7.9/lib -Wl,-rpath=/opt/python/2.7.9/lib build/temp.linux-x86_64-2.7/src/lxml/lxml.etree.o -L/usr/lib/x86_64-linux-gnu -L/opt/python/2.7.9/lib -lxslt -lexslt -lxml2 -lz -lm -lpython2.7 -o build/lib.linux-x86_64-2.7/lxml/etree.so
    building 'lxml.objectify' extension
    gcc -pthread -fno-strict-aliasing -g -fstack-protector --param=ssp-buffer-size=4 -Wformat -Werror=format-security -DNDEBUG -g -fwrapv -O3 -Wall -Wstrict-prototypes -fPIC -I/usr/include/libxml2 -I/tmp/pip-build-aI2gSf/lxml/src/lxml/includes -I/opt/python/2.7.9/include/python2.7 -c src/lxml/lxml.objectify.c -o build/temp.linux-x86_64-2.7/src/lxml/lxml.objectify.o -w
    gcc -pthread -shared -L/opt/python/2.7.9/lib -Wl,-rpath=/opt/python/2.7.9/lib build/temp.linux-x86_64-2.7/src/lxml/lxml.objectify.o -L/usr/lib/x86_64-linux-gnu -L/opt/python/2.7.9/lib -lxslt -lexslt -lxml2 -lz -lm -lpython2.7 -o build/lib.linux-x86_64-2.7/lxml/objectify.so
  Compiling /tmp/pip-build-aI2gSf/invoke/invoke/vendor/yaml3/__init__.py
  

Successfully installed Django-1.8.4 PyYAML-3.11 YubiOTP-0.2.1 admin-multiupload-0.1 argh-0.26.1 contexttimer-0.3.0 defusedxml-0.4.1 django-cors-headers-0.11 django-debug-toolbar-1.3.2 django-extensions-1.5.6 django-filter-0.11.0 django-formtools-1.0 django-grappelli-2.7.2 django-haystack-2.4.0 django-nested-inline-0.3.5 django-otp-0.3.1 django-otp-yubikey-0.3.1 django-rq-0.7.0 django-suit-0.2.14 django-supervisor-0.3.2 django-test-without-migrations-0.2 django-two-factor-auth-1.2.0 djangorestframework-3.2.3 elasticsearch-1.7.0 guppy-0.1.10 invoke-0.11.1 lxml-3.4.4 markdown-2.6.2 mechanize-0.2.5 meld3-1.0.2 objgraph-1.8.1 pathtools-0.1.2 psycopg2-2.6.1 pycrypto-2.6.1 python-dateutil-2.2 qrcode-4.0.4 redis-2.10.3 rq-0.4.6 rq-scheduler-0.5.0 six-1.10.0 sqlparse-0.1.18 supervisor-3.1.3 ujson-1.33 urllib3-1.12 watchdog-0.8.3
travis_time:end:0a9fc387:start=1448618284644095040,finish=1448618391898395962,duration=107254300922[0Ktravis_fold:end:install.1[0Ktravis_fold:start:install.2[0Ktravis_time:start:0150219b[0K$ pip install -r OIPA/test_requirements.txt
[33mYou are using pip version 6.0.7, however version 7.1.2 is available.
You should consider upgrading via the 'pip install --upgrade pip' command.[0m
Collecting pytest==2.7.2 (from -r OIPA/test_requirements.txt (line 1))
  Using cached pytest-2.7.2-py2.py3-none-any.whl
Collecting pytest-django==2.8.0 (from -r OIPA/test_requirements.txt (line 2))
  Using cached pytest_django-2.8.0-py2.py3-none-any.whl
Collecting factory-boy==2.5.2 (from -r OIPA/test_requirements.txt (line 3))
  Using cached factory_boy-2.5.2-py2.py3-none-any.whl
Collecting python-coveralls==2.5.0 (from -r OIPA/test_requirements.txt (line 4))
  Using cached python_coveralls-2.5.0-py2.py3-none-any.whl
Collecting mock==1.3.0 (from -r OIPA/test_requirements.txt (line 6))
  Using cached mock-1.3.0-py2.py3-none-any.whl
Collecting pbr==1.8.1 (from -r OIPA/test_requirements.txt (line 7))
  Using cached pbr-1.8.1-py2.py3-none-any.whl
Requirement already satisfied (use --upgrade to upgrade): django-test-without-migrations==0.2 in /home/travis/virtualenv/python2.7.9/lib/python2.7/site-packages (from -r OIPA/test_requirements.txt (line 9))
Requirement already satisfied (use --upgrade to upgrade): django-extensions==1.5.6 in /home/travis/virtualenv/python2.7.9/lib/python2.7/site-packages (from -r OIPA/test_requirements.txt (line 10))
Collecting pysqlite==2.8.1 (from -r OIPA/test_requirements.txt (line 11))
  Using cached pysqlite-2.8.1.tar.gz
Collecting py>=1.4.29 (from pytest==2.7.2->-r OIPA/test_requirements.txt (line 1))
  Using cached py-1.4.30-py2.py3-none-any.whl
Collecting sh (from python-coveralls==2.5.0->-r OIPA/test_requirements.txt (line 4))
  Using cached sh-1.11.tar.gz
Requirement already satisfied (use --upgrade to upgrade): six in /home/travis/virtualenv/python2.7.9/lib/python2.7/site-packages (from python-coveralls==2.5.0->-r OIPA/test_requirements.txt (line 4))
Collecting coverage==3.7.1 (from python-coveralls==2.5.0->-r OIPA/test_requirements.txt (line 4))
  Using cached coverage-3.7.1.tar.gz
Requirement already satisfied (use --upgrade to upgrade): PyYAML in /home/travis/virtualenv/python2.7.9/lib/python2.7/site-packages (from python-coveralls==2.5.0->-r OIPA/test_requirements.txt (line 4))
Collecting requests (from python-coveralls==2.5.0->-r OIPA/test_requirements.txt (line 4))
  Using cached requests-2.8.1-py2.py3-none-any.whl
Collecting funcsigs (from mock==1.3.0->-r OIPA/test_requirements.txt (line 6))
  Using cached funcsigs-0.4-py2.py3-none-any.whl
Installing collected packages: funcsigs, requests, coverage, sh, py, pysqlite, pbr, mock, python-coveralls, factory-boy, pytest-django, pytest


  Running setup.py install for coverage
    building 'coverage.tracer' extension
    gcc -pthread -fno-strict-aliasing -g -fstack-protector --param=ssp-buffer-size=4 -Wformat -Werror=format-security -DNDEBUG -g -fwrapv -O3 -Wall -Wstrict-prototypes -fPIC -I/opt/python/2.7.9/include/python2.7 -c coverage/tracer.c -o build/temp.linux-x86_64-2.7/coverage/tracer.o
    gcc -pthread -shared -L/opt/python/2.7.9/lib -Wl,-rpath=/opt/python/2.7.9/lib build/temp.linux-x86_64-2.7/coverage/tracer.o -L/opt/python/2.7.9/lib -lpython2.7 -o build/lib.linux-x86_64-2.7/coverage/tracer.so
    Installing coverage2 script to /home/travis/virtualenv/python2.7.9/bin
    Installing coverage-2.7 script to /home/travis/virtualenv/python2.7.9/bin
    Installing coverage script to /home/travis/virtualenv/python2.7.9/bin
  Running setup.py install for sh
  Found existing installation: py 1.4.26
    Uninstalling py-1.4.26:
      Successfully uninstalled py-1.4.26

  Running setup.py install for pysqlite
    building 'pysqlite2._sqlite' extension
    gcc -pthread -fno-strict-aliasing -g -fstack-protector --param=ssp-buffer-size=4 -Wformat -Werror=format-security -DNDEBUG -g -fwrapv -O3 -Wall -Wstrict-prototypes -fPIC -DMODULE_NAME="pysqlite2.dbapi2" -I/opt/python/2.7.9/include/python2.7 -c src/module.c -o build/temp.linux-x86_64-2.7/src/module.o
    In file included from src/module.c:276:0:
    src/sqlite_constants.h:743:1: warning: initialization makes integer from pointer without a cast [enabled by default]
    src/sqlite_constants.h:743:1: warning: (near initialization for â€˜_int_constants[191].constant_valueâ€™) [enabled by default]
    src/sqlite_constants.h:746:1: warning: initialization makes integer from pointer without a cast [enabled by default]
    src/sqlite_constants.h:746:1: warning: (near initialization for â€˜_int_constants[192].constant_valueâ€™) [enabled by default]
    gcc -pthread -fno-strict-aliasing -g -fstack-protector --param=ssp-buffer-size=4 -Wformat -Werror=format-security -DNDEBUG -g -fwrapv -O3 -Wall -Wstrict-prototypes -fPIC -DMODULE_NAME="pysqlite2.dbapi2" -I/opt/python/2.7.9/include/python2.7 -c src/connection.c -o build/temp.linux-x86_64-2.7/src/connection.o
    gcc -pthread -fno-strict-aliasing -g -fstack-protector --param=ssp-buffer-size=4 -Wformat -Werror=format-security -DNDEBUG -g -fwrapv -O3 -Wall -Wstrict-prototypes -fPIC -DMODULE_NAME="pysqlite2.dbapi2" -I/opt/python/2.7.9/include/python2.7 -c src/cursor.c -o build/temp.linux-x86_64-2.7/src/cursor.o
    gcc -pthread -fno-strict-aliasing -g -fstack-protector --param=ssp-buffer-size=4 -Wformat -Werror=format-security -DNDEBUG -g -fwrapv -O3 -Wall -Wstrict-prototypes -fPIC -DMODULE_NAME="pysqlite2.dbapi2" -I/opt/python/2.7.9/include/python2.7 -c src/cache.c -o build/temp.linux-x86_64-2.7/src/cache.o
    gcc -pthread -fno-strict-aliasing -g -fstack-protector --param=ssp-buffer-size=4 -Wformat -Werror=format-security -DNDEBUG -g -fwrapv -O3 -Wall -Wstrict-prototypes -fPIC -DMODULE_NAME="pysqlite2.dbapi2" -I/opt/python/2.7.9/include/python2.7 -c src/microprotocols.c -o build/temp.linux-x86_64-2.7/src/microprotocols.o
    gcc -pthread -fno-strict-aliasing -g -fstack-protector --param=ssp-buffer-size=4 -Wformat -Werror=format-security -DNDEBUG -g -fwrapv -O3 -Wall -Wstrict-prototypes -fPIC -DMODULE_NAME="pysqlite2.dbapi2" -I/opt/python/2.7.9/include/python2.7 -c src/prepare_protocol.c -o build/temp.linux-x86_64-2.7/src/prepare_protocol.o
    gcc -pthread -fno-strict-aliasing -g -fstack-protector --param=ssp-buffer-size=4 -Wformat -Werror=format-security -DNDEBUG -g -fwrapv -O3 -Wall -Wstrict-prototypes -fPIC -DMODULE_NAME="pysqlite2.dbapi2" -I/opt/python/2.7.9/include/python2.7 -c src/statement.c -o build/temp.linux-x86_64-2.7/src/statement.o
    gcc -pthread -fno-strict-aliasing -g -fstack-protector --param=ssp-buffer-size=4 -Wformat -Werror=format-security -DNDEBUG -g -fwrapv -O3 -Wall -Wstrict-prototypes -fPIC -DMODULE_NAME="pysqlite2.dbapi2" -I/opt/python/2.7.9/include/python2.7 -c src/util.c -o build/temp.linux-x86_64-2.7/src/util.o
    gcc -pthread -fno-strict-aliasing -g -fstack-protector --param=ssp-buffer-size=4 -Wformat -Werror=format-security -DNDEBUG -g -fwrapv -O3 -Wall -Wstrict-prototypes -fPIC -DMODULE_NAME="pysqlite2.dbapi2" -I/opt/python/2.7.9/include/python2.7 -c src/row.c -o build/temp.linux-x86_64-2.7/src/row.o
    gcc -pthread -shared -L/opt/python/2.7.9/lib -Wl,-rpath=/opt/python/2.7.9/lib build/temp.linux-x86_64-2.7/src/module.o build/temp.linux-x86_64-2.7/src/connection.o build/temp.linux-x86_64-2.7/src/cursor.o build/temp.linux-x86_64-2.7/src/cache.o build/temp.linux-x86_64-2.7/src/microprotocols.o build/temp.linux-x86_64-2.7/src/prepare_protocol.o build/temp.linux-x86_64-2.7/src/statement.o build/temp.linux-x86_64-2.7/src/util.o build/temp.linux-x86_64-2.7/src/row.o -L/opt/python/2.7.9/lib -lpython2.7 -lsqlite3 -o build/lib.linux-x86_64-2.7/pysqlite2/_sqlite.so

  Found existing installation: mock 1.0.1
    Uninstalling mock-1.0.1:
      Successfully uninstalled mock-1.0.1




  Found existing installation: pytest 2.6.4
    Uninstalling pytest-2.6.4:
      Successfully uninstalled pytest-2.6.4

Successfully installed coverage-3.7.1 factory-boy-2.5.2 funcsigs-0.4 mock-1.3.0 pbr-1.8.1 py-1.4.30 pysqlite-2.8.1 pytest-2.7.2 pytest-django-2.8.0 python-coveralls-2.5.0 requests-2.8.1 sh-1.11
travis_time:end:0150219b:start=1448618391902268612,finish=1448618397549911705,duration=5647643093[0Ktravis_fold:end:install.2[0Ktravis_fold:start:before_script[0Ktravis_time:start:0b90bd00[0K$ psql -U postgres -c "create extension postgis"
CREATE EXTENSION
travis_time:end:0b90bd00:start=1448618397554260302,finish=1448618398538600678,duration=984340376[0Ktravis_fold:end:before_script[0Ktravis_time:start:020f8962[0K$ cd OIPA
travis_time:end:020f8962:start=1448618398542576099,finish=1448618398545741445,duration=3165346[0K
[32;1mThe command "cd OIPA" exited with 0.[0m
travis_time:start:13e7b5f4[0K$ python manage.py migrate --database=psql --settings=OIPA.travis_test_settings
[36;1mOperations to perform:[0m
[1m  Synchronize unmigrated apps: [0mdjsupervisor, test_without_migrations, django_rq, gis, staticfiles, admindocs, grappelli, messages, rest_framework, nested_inline, django_otp, debug_toolbar, api, task_queue, django_extensions, corsheaders, haystack, translation_model, multiupload
[1m  Apply all migrations: [0mindicator, iati, iati_vocabulary, iati_codelists, sessions, admin, two_factor, otp_static, indicator_unesco, auth, sites, parse_logger, contenttypes, otp_yubikey, geodata, otp_totp, iati_synchroniser, iati_organisation
[36;1mSynchronizing apps without migrations:[0m
  Creating tables...
    Creating table translation_model_translationmodel
    Running deferred SQL...
  Installing custom SQL...
[36;1mRunning migrations:[0m
  Rendering model states...[32;1m DONE[0m
  Applying contenttypes.0001_initial...[32;1m OK[0m
  Applying auth.0001_initial...[32;1m OK[0m
  Applying admin.0001_initial...[32;1m OK[0m
  Applying contenttypes.0002_remove_content_type_name...[32;1m OK[0m
  Applying auth.0002_alter_permission_name_max_length...[32;1m OK[0m
  Applying auth.0003_alter_user_email_max_length...[32;1m OK[0m
  Applying auth.0004_alter_user_username_opts...[32;1m OK[0m
  Applying auth.0005_alter_user_last_login_null...[32;1m OK[0m
  Applying auth.0006_require_contenttypes_0002...[32;1m OK[0m
  Applying iati_vocabulary.0001_initial...[32;1m OK[0m
  Applying geodata.0001_initial...[32;1m OK[0m
  Applying iati_codelists.0001_initial...[32;1m OK[0m
  Applying iati_organisation.0001_initial...[32;1m OK[0m
  Applying iati.0001_initial...[32;1m OK[0m
  Applying iati.0002_auto_20151104_1515...[32;1m OK[0m
  Applying iati.0003_auto_20151116_1031...[32;1m OK[0m
  Applying iati.0004_auto_20151117_1023...[32;1m OK[0m
  Applying iati.0005_auto_20151118_1625...[32;1m OK[0m
  Applying iati.0006_auto_20151125_1700...[32;1m OK[0m
  Applying iati_synchroniser.0001_initial...[32;1m OK[0m
  Applying indicator.0001_initial...[32;1m OK[0m
  Applying indicator_unesco.0001_initial...[32;1m OK[0m
  Applying otp_static.0001_initial...[32;1m OK[0m
  Applying otp_totp.0001_initial...[32;1m OK[0m
  Applying otp_yubikey.0001_initial...[32;1m OK[0m
  Applying parse_logger.0001_initial...[32;1m OK[0m
  Applying sessions.0001_initial...[32;1m OK[0m
  Applying sites.0001_initial...[32;1m OK[0m
  Applying two_factor.0001_initial...[32;1m OK[0m
  Applying two_factor.0002_auto_20150110_0810...[32;1m OK[0m
travis_time:end:13e7b5f4:start=1448618398550422436,finish=1448618547149961919,duration=148599539483[0K
[32;1mThe command "python manage.py migrate --database=psql --settings=OIPA.travis_test_settings" exited with 0.[0m
travis_time:start:2452b8be[0K$ coverage run --source=. --omit=*__init__*,*data_backup* manage.py test --settings OIPA.travis_test_settings --nomigrations
Creating test database for alias 'default'...
Creating test database for alias 'psql'...
F...............EF.................s......F.......sInstalled 3662 object(s) from 1 fixture(s)
Installed 23 object(s) from 1 fixture(s)
s....ssssInstalled 3 object(s) from 1 fixture(s)
Installed 3662 object(s) from 1 fixture(s)
Installed 23 object(s) from 1 fixture(s)
Installed 269 object(s) from 1 fixture(s)
.....................EE..Es......s...s......ss.........................................called
random text
.ss..ss...ss............s....s.s....s...Installed 3 object(s) from 1 fixture(s)
Installed 3662 object(s) from 1 fixture(s)
Installed 23 object(s) from 1 fixture(s)
Installed 269 object(s) from 1 fixture(s)
.................................Installed 3 object(s) from 1 fixture(s)
Installed 3662 object(s) from 1 fixture(s)
Installed 23 object(s) from 1 fixture(s)
Installed 269 object(s) from 1 fixture(s)
......ss..................
======================================================================
ERROR: test_DocumentCategorySerializer (api.activity.tests.test_serializers.ActivitySerializerTestCase)
----------------------------------------------------------------------
Traceback (most recent call last):
  File "/home/travis/build/openaid-IATI/OIPA/OIPA/api/activity/tests/test_serializers.py", line 89, in test_DocumentCategorySerializer
    serializer = serializers.DocumentLinkSerializer\
AttributeError: type object 'DocumentLinkSerializer' has no attribute 'DocumentCategorySerializer'

======================================================================
ERROR: test_participating_organisation_already_parsed_105 (iati.tests.test_parser_fields.ActivityParticipatingOrganisationTestCase)
----------------------------------------------------------------------
Traceback (most recent call last):
  File "/home/travis/build/openaid-IATI/OIPA/OIPA/iati/tests/test_parser_fields.py", line 815, in test_participating_organisation_already_parsed_105
    test_organisation = iati_factory.OrganisationFactory.build()
  File "/home/travis/virtualenv/python2.7.9/lib/python2.7/site-packages/factory/base.py", line 541, in build
    return cls._generate(False, attrs)
  File "/home/travis/virtualenv/python2.7.9/lib/python2.7/site-packages/factory/base.py", line 484, in _generate
    obj = cls._prepare(create, **attrs)
  File "/home/travis/virtualenv/python2.7.9/lib/python2.7/site-packages/factory/base.py", line 461, in _prepare
    return cls._build(model_class, *args, **kwargs)
  File "/home/travis/virtualenv/python2.7.9/lib/python2.7/site-packages/factory/base.py", line 520, in _build
    return model_class(*args, **kwargs)
  File "/home/travis/virtualenv/python2.7.9/lib/python2.7/site-packages/django/db/models/base.py", line 480, in __init__
    raise TypeError("'%s' is an invalid keyword argument for this function" % list(kwargs)[0])
TypeError: 'name' is an invalid keyword argument for this function

======================================================================
ERROR: test_participating_organisation_already_parsed_201 (iati.tests.test_parser_fields.ActivityParticipatingOrganisationTestCase)
----------------------------------------------------------------------
Traceback (most recent call last):
  File "/home/travis/build/openaid-IATI/OIPA/OIPA/iati/tests/test_parser_fields.py", line 775, in test_participating_organisation_already_parsed_201
    test_organisation = iati_factory.OrganisationFactory.build()
  File "/home/travis/virtualenv/python2.7.9/lib/python2.7/site-packages/factory/base.py", line 541, in build
    return cls._generate(False, attrs)
  File "/home/travis/virtualenv/python2.7.9/lib/python2.7/site-packages/factory/base.py", line 484, in _generate
    obj = cls._prepare(create, **attrs)
  File "/home/travis/virtualenv/python2.7.9/lib/python2.7/site-packages/factory/base.py", line 461, in _prepare
    return cls._build(model_class, *args, **kwargs)
  File "/home/travis/virtualenv/python2.7.9/lib/python2.7/site-packages/factory/base.py", line 520, in _build
    return model_class(*args, **kwargs)
  File "/home/travis/virtualenv/python2.7.9/lib/python2.7/site-packages/django/db/models/base.py", line 480, in __init__
    raise TypeError("'%s' is an invalid keyword argument for this function" % list(kwargs)[0])
TypeError: 'name' is an invalid keyword argument for this function

======================================================================
ERROR: test_reporting_organisation_already_parsed (iati.tests.test_parser_fields.ActivityReportingOrganisationTestCase)
----------------------------------------------------------------------
Traceback (most recent call last):
  File "/home/travis/build/openaid-IATI/OIPA/OIPA/iati/tests/test_parser_fields.py", line 712, in test_reporting_organisation_already_parsed
    test_organisation = iati_factory.OrganisationFactory.build()
  File "/home/travis/virtualenv/python2.7.9/lib/python2.7/site-packages/factory/base.py", line 541, in build
    return cls._generate(False, attrs)
  File "/home/travis/virtualenv/python2.7.9/lib/python2.7/site-packages/factory/base.py", line 484, in _generate
    obj = cls._prepare(create, **attrs)
  File "/home/travis/virtualenv/python2.7.9/lib/python2.7/site-packages/factory/base.py", line 461, in _prepare
    return cls._build(model_class, *args, **kwargs)
  File "/home/travis/virtualenv/python2.7.9/lib/python2.7/site-packages/factory/base.py", line 520, in _build
    return model_class(*args, **kwargs)
  File "/home/travis/virtualenv/python2.7.9/lib/python2.7/site-packages/django/db/models/base.py", line 480, in __init__
    raise TypeError("'%s' is an invalid keyword argument for this function" % list(kwargs)[0])
TypeError: 'name' is an invalid keyword argument for this function

======================================================================
FAIL: test_ActivityDateSerializer (api.activity.tests.test_serializers.ActivitySerializerTestCase)
----------------------------------------------------------------------
Traceback (most recent call last):
  File "/home/travis/build/openaid-IATI/OIPA/OIPA/api/activity/tests/test_serializers.py", line 213, in test_ActivityDateSerializer
    self.assertTrue(type(serializer.fields['type']) is serializers.CodelistSerializer)
AssertionError: False is not true

======================================================================
FAIL: test_DocumentLinkSerializer (api.activity.tests.test_serializers.ActivitySerializerTestCase)
----------------------------------------------------------------------
Traceback (most recent call last):
  File "/home/travis/build/openaid-IATI/OIPA/OIPA/api/activity/tests/test_serializers.py", line 63, in test_DocumentLinkSerializer
    """
AssertionError: 
            the field 'format' should be a CodelistSerializer
            

======================================================================
FAIL: test_activitySerializer_required_fields (api.activity.tests.test_serializers.ActivitySerializerTestCase)
----------------------------------------------------------------------
Traceback (most recent call last):
  File "/home/travis/build/openaid-IATI/OIPA/OIPA/api/activity/tests/test_serializers.py", line 700, in test_activitySerializer_required_fields
    assert field in serializer.data, assertion_msg.format(field)
AssertionError: the field 'activity_aggregations' should be in the serialized activity

----------------------------------------------------------------------
Ran 246 tests in 18.502s

FAILED (failures=3, errors=4, skipped=24)
Destroying test database for alias 'default'...
Destroying test database for alias 'psql'...
travis_time:end:2452b8be:start=1448618547154246412,finish=1448618572416258832,duration=25262012420[0K
[31;1mThe command "coverage run --source=. --omit=*__init__*,*data_backup* manage.py test --settings OIPA.travis_test_settings --nomigrations" exited with 1.[0m
travis_fold:start:cache.2[0Kstore build cache
travis_time:start:1d216cbb[0Ktravis_time:end:1d216cbb:start=1448618572420627967,finish=1448618572423998701,duration=3370734[0Ktravis_time:start:34d44e00[0Kchange detected:
/home/travis/.cache/pip/http/0/8/a/d/e/08ade5c82e2aba55606c35cf6fe41071681328c6bc3d779727073699
/home/travis/.cache/pip/http/0/8/a/d/e/08ade5c82e2aba55606c35cf6fe41071681328c6bc3d779727073699
/home/travis/.cache/pip/http/0/a/8/f/a/0a8faabd212d81beff3ad0e11f3e4746188c0ad05c9190218de2e48a
/home/travis/.cache/pip/http/0/a/8/f/a/0a8faabd212d81beff3ad0e11f3e4746188c0ad05c9190218de2e48a
/home/travis/.cache/pip/http/1/c/7/f/5/1c7f551754b95b7db0c3f52bd0dfc10cf61c45b60fb7e255ff153f36
/home/travis/.cache/pip/http/1/c/7/f/5/1c7f551754b95b7db0c3f52bd0dfc10cf61c45b60fb7e255ff153f36
/home/travis/.cache/pip/http/1/d/6/4/5/1d64584e92602feb17a86d9818a6020c216c9a04bcf58fb91c2f5a13
/home/travis/.cache/pip/http/1/d/6/4/5/1d64584e92602feb17a86d9818a6020c216c9a04bcf58fb91c2f5a13
/home/travis/.cache/pip/http/2/3/9/e/5/239e562dfc5e530ca21ab2687d5c32ccbdc799ad5adee23f034a56ee
/home/travis/.cache/pip/http/2/3/9/e/5/239e562dfc5e530ca21ab2687d5c32ccbdc799ad5adee23f034a56ee
/home/travis/.cache/pip/http/2/4/8/3/5/24
...
changes detected, packing new archive
uploading archive
travis_time:end:34d44e00:start=1448618572427859669,finish=1448618575879216777,duration=3451357108[0Ktravis_fold:end:cache.2[0Ktravis_fold:start:after_failure[0Ktravis_time:start:2196fa11[0K$ coveralls
INFO:sh.command:<Command '/bin/pwd' call_args {'bg': False, 'timeo...(476 more)>: starting process
INFO:sh.command:<Command '/usr/bin/git --no-pa...(53 more)' call_args {'bg': False, 'timeo...(476 more)>: starting process
INFO:sh.command:<Command '/usr/bin/git rev-par...(20 more)' call_args {'bg': False, 'timeo...(476 more)>: starting process
INFO:sh.command:<Command '/usr/bin/git remote ...(2 more)' call_args {'bg': False, 'timeo...(476 more)>: starting process
INFO:requests.packages.urllib3.connectionpool:Starting new HTTPS connection (1): coveralls.io
INFO:coveralls:200
INFO:coveralls:{"message":"Job #831.1","url":"https://coveralls.io/jobs/10027264"}
travis_time:end:2196fa11:start=1448618575884230039,finish=1448618577901041780,duration=2016811741[0Ktravis_fold:end:after_failure[0K
Done. Your build exited with 1.
